/*---------------------------------------------------------------------------*\
| =========                 |                                                 |
| \\      /  F ield         | OpenFOAM: The Open Source CFD Toolbox           |
|  \\    /   O peration     | Version:  2.3.1                                 |
|   \\  /    A nd           | Web:      www.OpenFOAM.org                      |
|    \\/     M anipulation  |                                                 |
\*---------------------------------------------------------------------------*/
Build  : 2.3.1-262087cdf8db
Exec   : pimpleDyMFoam
Date   : Jun 06 2023
Time   : 00:04:09
Host   : "jcosson-VirtualBox"
PID    : 23418
Case   : /home/jcosson/workspace/henersj_shootingdata/calcs/moderate_deformed/primal/100_intervals_05-06-23/sweep11/interval70
nProcs : 1
sigFpe : Enabling floating point exception trapping (FOAM_SIGFPE).
fileModificationChecking : Monitoring run-time modified files using timeStampMaster
allowSystemOperations : Allowing user-supplied system call operations

// * * * * * * * * * * * * * * * * * * * * * * * * * * * * * * * * * * * * * //
Create time

Create mesh for time = 0.469

Selecting dynamicFvMesh dynamicMotionSolverFvMesh
Selecting motion solver: displacementLaplacian
Selecting motion diffusion: quadratic
Selecting motion diffusion: quadratic
Selecting motion diffusion: inverseDistance

PIMPLE: no residual control data found. Calculations will employ 3 corrector loops

Reading field p

Reading field U

Reading/calculating face flux field phi

Selecting incompressible transport model Newtonian
Selecting turbulence model type RASModel
Selecting RAS turbulence model kOmegaSST
kOmegaSSTCoeffs
{
    alphaK1         0.85034;
    alphaK2         1;
    alphaOmega1     0.5;
    alphaOmega2     0.85616;
    gamma1          0.5532;
    gamma2          0.4403;
    beta1           0.075;
    beta2           0.0828;
    betaStar        0.09;
    a1              0.31;
    c1              10;
    Cmu             0.09;
    b1              1;
    F3              false;
}

Reading/calculating face velocity Uf

No finite volume options present

Courant Number mean: 0.222334 max: 0.497585

Starting time loop

Courant Number mean: 0.222334 max: 0.497585
Time = 0.47

GAMG:  Solving for cellDisplacementx, Initial residual = 0, Final residual = 0, No Iterations 0
GAMG:  Solving for cellDisplacementy, Initial residual = 0, Final residual = 0, No Iterations 0
GAMG:  Solving for cellDisplacementz, Initial residual = 0, Final residual = 0, No Iterations 0
PIMPLE: iteration 1
DILUPBiCG:  Solving for Ux, Initial residual = 0.0469578, Final residual = 0.000193732, No Iterations 1
DILUPBiCG:  Solving for Uy, Initial residual = 0.00765253, Final residual = 1.81293e-05, No Iterations 1
DILUPBiCG:  Solving for Uz, Initial residual = 0.0152373, Final residual = 3.32271e-05, No Iterations 1
GAMG:  Solving for p, Initial residual = 0.132917, Final residual = 0.00105104, No Iterations 6
GAMG:  Solving for p, Initial residual = 0.0157929, Final residual = 0.000150706, No Iterations 18
GAMG:  Solving for p, Initial residual = 0.0067754, Final residual = 5.97004e-05, No Iterations 12
time step continuity errors : sum local = 8.22244e-07, global = 2.47196e-07, cumulative = 2.47196e-07
GAMG:  Solving for p, Initial residual = 0.0558833, Final residual = 0.000347943, No Iterations 6
GAMG:  Solving for p, Initial residual = 0.00793506, Final residual = 7.09123e-05, No Iterations 16
GAMG:  Solving for p, Initial residual = 0.00349714, Final residual = 2.92249e-05, No Iterations 12
time step continuity errors : sum local = 4.01719e-07, global = 1.20857e-07, cumulative = 3.68053e-07
PIMPLE: iteration 2
DILUPBiCG:  Solving for Ux, Initial residual = 0.0138106, Final residual = 8.01984e-05, No Iterations 1
DILUPBiCG:  Solving for Uy, Initial residual = 0.00238059, Final residual = 5.65749e-06, No Iterations 1
DILUPBiCG:  Solving for Uz, Initial residual = 0.00403735, Final residual = 1.48248e-05, No Iterations 1
GAMG:  Solving for p, Initial residual = 0.0564886, Final residual = 0.000470249, No Iterations 4
GAMG:  Solving for p, Initial residual = 0.00929447, Final residual = 8.37005e-05, No Iterations 16
GAMG:  Solving for p, Initial residual = 0.00418459, Final residual = 4.00426e-05, No Iterations 8
time step continuity errors : sum local = 4.67302e-07, global = -1.26857e-07, cumulative = 2.41195e-07
GAMG:  Solving for p, Initial residual = 0.0289622, Final residual = 0.000204144, No Iterations 4
GAMG:  Solving for p, Initial residual = 0.00456804, Final residual = 3.82339e-05, No Iterations 14
GAMG:  Solving for p, Initial residual = 0.00196655, Final residual = 1.91024e-05, No Iterations 8
time step continuity errors : sum local = 2.24138e-07, global = -5.72185e-08, cumulative = 1.83977e-07
PIMPLE: iteration 3
DILUPBiCG:  Solving for Ux, Initial residual = 0.00345067, Final residual = 1.62876e-06, No Iterations 2
DILUPBiCG:  Solving for Uy, Initial residual = 0.00060115, Final residual = 6.97798e-06, No Iterations 1
DILUPBiCG:  Solving for Uz, Initial residual = 0.00682167, Final residual = 2.97002e-06, No Iterations 2
GAMG:  Solving for p, Initial residual = 0.040075, Final residual = 0.000361931, No Iterations 5
GAMG:  Solving for p, Initial residual = 0.00925914, Final residual = 9.14637e-05, No Iterations 11
GAMG:  Solving for p, Initial residual = 0.00438037, Final residual = 3.64198e-05, No Iterations 12
time step continuity errors : sum local = 4.77124e-07, global = -1.38121e-07, cumulative = 4.58561e-08
GAMG:  Solving for p, Initial residual = 0.00254582, Final residual = 2.23728e-05, No Iterations 20
GAMG:  Solving for p, Initial residual = 0.00141625, Final residual = 1.18862e-05, No Iterations 4
GAMG:  Solving for p, Initial residual = 0.000557341, Final residual = 8.59893e-07, No Iterations 36
time step continuity errors : sum local = 1.12182e-08, global = 3.29981e-09, cumulative = 4.91559e-08
DILUPBiCG:  Solving for omega, Initial residual = 0.000751397, Final residual = 1.31424e-06, No Iterations 1
DILUPBiCG:  Solving for k, Initial residual = 0.00471069, Final residual = 1.6114e-06, No Iterations 2
ExecutionTime = 15.11 s  ClockTime = 15 s

End

