/*---------------------------------------------------------------------------*\
| =========                 |                                                 |
| \\      /  F ield         | OpenFOAM: The Open Source CFD Toolbox           |
|  \\    /   O peration     | Version:  2.3.1                                 |
|   \\  /    A nd           | Web:      www.OpenFOAM.org                      |
|    \\/     M anipulation  |                                                 |
\*---------------------------------------------------------------------------*/
Build  : 2.3.1-262087cdf8db
Exec   : pimpleDyMFoam
Date   : Jun 06 2023
Time   : 00:04:38
Host   : "jcosson-VirtualBox"
PID    : 23474
Case   : /home/jcosson/workspace/henersj_shootingdata/calcs/moderate_deformed/primal/100_intervals_05-06-23/sweep11/interval98
nProcs : 1
sigFpe : Enabling floating point exception trapping (FOAM_SIGFPE).
fileModificationChecking : Monitoring run-time modified files using timeStampMaster
allowSystemOperations : Allowing user-supplied system call operations

// * * * * * * * * * * * * * * * * * * * * * * * * * * * * * * * * * * * * * //
Create time

Create mesh for time = 0.497

Selecting dynamicFvMesh dynamicMotionSolverFvMesh
Selecting motion solver: displacementLaplacian
Selecting motion diffusion: quadratic
Selecting motion diffusion: quadratic
Selecting motion diffusion: inverseDistance

PIMPLE: no residual control data found. Calculations will employ 3 corrector loops

Reading field p

Reading field U

Reading/calculating face flux field phi

Selecting incompressible transport model Newtonian
Selecting turbulence model type RASModel
Selecting RAS turbulence model kOmegaSST
bounding k, min: 0 max: 0.000657579 average: 0.000154089
kOmegaSSTCoeffs
{
    alphaK1         0.85034;
    alphaK2         1;
    alphaOmega1     0.5;
    alphaOmega2     0.85616;
    gamma1          0.5532;
    gamma2          0.4403;
    beta1           0.075;
    beta2           0.0828;
    betaStar        0.09;
    a1              0.31;
    c1              10;
    Cmu             0.09;
    b1              1;
    F3              false;
}

Reading/calculating face velocity Uf

No finite volume options present

Courant Number mean: 0.0991077 max: 0.21622

Starting time loop

Courant Number mean: 0.0991077 max: 0.21622
Time = 0.498

GAMG:  Solving for cellDisplacementx, Initial residual = 0, Final residual = 0, No Iterations 0
GAMG:  Solving for cellDisplacementy, Initial residual = 0, Final residual = 0, No Iterations 0
GAMG:  Solving for cellDisplacementz, Initial residual = 0, Final residual = 0, No Iterations 0
PIMPLE: iteration 1
DILUPBiCG:  Solving for Ux, Initial residual = 0.020684, Final residual = 7.52092e-05, No Iterations 1
DILUPBiCG:  Solving for Uy, Initial residual = 0.00446919, Final residual = 9.14588e-06, No Iterations 1
DILUPBiCG:  Solving for Uz, Initial residual = 0.0158522, Final residual = 2.70423e-05, No Iterations 1
GAMG:  Solving for p, Initial residual = 0.103511, Final residual = 0.000909472, No Iterations 3
GAMG:  Solving for p, Initial residual = 0.0176091, Final residual = 0.000165792, No Iterations 4
GAMG:  Solving for p, Initial residual = 0.00807196, Final residual = 7.64571e-05, No Iterations 10
time step continuity errors : sum local = 2.68288e-07, global = -7.24019e-08, cumulative = -7.24019e-08
GAMG:  Solving for p, Initial residual = 0.0514339, Final residual = 0.000444141, No Iterations 3
GAMG:  Solving for p, Initial residual = 0.00889598, Final residual = 7.97906e-05, No Iterations 4
GAMG:  Solving for p, Initial residual = 0.00419004, Final residual = 3.94926e-05, No Iterations 10
time step continuity errors : sum local = 1.37598e-07, global = -3.73449e-08, cumulative = -1.09747e-07
PIMPLE: iteration 2
DILUPBiCG:  Solving for Ux, Initial residual = 0.00456162, Final residual = 2.6085e-05, No Iterations 1
DILUPBiCG:  Solving for Uy, Initial residual = 0.00100902, Final residual = 2.26262e-06, No Iterations 1
DILUPBiCG:  Solving for Uz, Initial residual = 0.00355601, Final residual = 1.02902e-05, No Iterations 1
GAMG:  Solving for p, Initial residual = 0.0497434, Final residual = 0.000456987, No Iterations 6
GAMG:  Solving for p, Initial residual = 0.0206408, Final residual = 0.000205979, No Iterations 10
GAMG:  Solving for p, Initial residual = 0.00626161, Final residual = 5.81874e-05, No Iterations 16
time step continuity errors : sum local = 1.73259e-07, global = -5.06189e-08, cumulative = -1.60366e-07
GAMG:  Solving for p, Initial residual = 0.0272577, Final residual = 0.00021918, No Iterations 6
GAMG:  Solving for p, Initial residual = 0.0107873, Final residual = 9.42873e-05, No Iterations 10
GAMG:  Solving for p, Initial residual = 0.00311845, Final residual = 2.64977e-05, No Iterations 16
time step continuity errors : sum local = 7.859e-08, global = -2.28987e-08, cumulative = -1.83265e-07
PIMPLE: iteration 3
DILUPBiCG:  Solving for Ux, Initial residual = 0.000552537, Final residual = 7.12218e-06, No Iterations 1
DILUPBiCG:  Solving for Uy, Initial residual = 0.000156568, Final residual = 2.65378e-06, No Iterations 1
DILUPBiCG:  Solving for Uz, Initial residual = 0.0019362, Final residual = 1.02817e-06, No Iterations 2
GAMG:  Solving for p, Initial residual = 0.0615906, Final residual = 0.000517655, No Iterations 5
GAMG:  Solving for p, Initial residual = 0.0144759, Final residual = 0.000138945, No Iterations 16
GAMG:  Solving for p, Initial residual = 0.00864773, Final residual = 8.59127e-05, No Iterations 8
time step continuity errors : sum local = 2.80455e-07, global = -6.23061e-08, cumulative = -2.45571e-07
GAMG:  Solving for p, Initial residual = 0.0035506, Final residual = 3.53803e-05, No Iterations 8
GAMG:  Solving for p, Initial residual = 0.00179796, Final residual = 1.63067e-05, No Iterations 6
GAMG:  Solving for p, Initial residual = 0.000664099, Final residual = 9.07002e-07, No Iterations 31
time step continuity errors : sum local = 2.90828e-09, global = 8.8458e-10, cumulative = -2.44686e-07
DILUPBiCG:  Solving for omega, Initial residual = 0.0014251, Final residual = 7.49611e-07, No Iterations 1
DILUPBiCG:  Solving for k, Initial residual = 0.00378279, Final residual = 6.32039e-07, No Iterations 2
bounding k, min: 0 max: 0.000641631 average: 0.000153217
ExecutionTime = 8.89 s  ClockTime = 9 s

End

