/*---------------------------------------------------------------------------*\
| =========                 |                                                 |
| \\      /  F ield         | OpenFOAM: The Open Source CFD Toolbox           |
|  \\    /   O peration     | Version:  2.3.1                                 |
|   \\  /    A nd           | Web:      www.OpenFOAM.org                      |
|    \\/     M anipulation  |                                                 |
\*---------------------------------------------------------------------------*/
Build  : 2.3.1-262087cdf8db
Exec   : pimpleDyMFoam
Date   : Jun 06 2023
Time   : 00:03:03
Host   : "jcosson-VirtualBox"
PID    : 23316
Case   : /home/jcosson/workspace/henersj_shootingdata/calcs/moderate_deformed/primal/100_intervals_05-06-23/sweep11/interval15
nProcs : 1
sigFpe : Enabling floating point exception trapping (FOAM_SIGFPE).
fileModificationChecking : Monitoring run-time modified files using timeStampMaster
allowSystemOperations : Allowing user-supplied system call operations

// * * * * * * * * * * * * * * * * * * * * * * * * * * * * * * * * * * * * * //
Create time

Create mesh for time = 0.414

Selecting dynamicFvMesh dynamicMotionSolverFvMesh
Selecting motion solver: displacementLaplacian
Selecting motion diffusion: quadratic
Selecting motion diffusion: quadratic
Selecting motion diffusion: inverseDistance

PIMPLE: no residual control data found. Calculations will employ 3 corrector loops

Reading field p

Reading field U

Reading/calculating face flux field phi

Selecting incompressible transport model Newtonian
Selecting turbulence model type RASModel
Selecting RAS turbulence model kOmegaSST
kOmegaSSTCoeffs
{
    alphaK1         0.85034;
    alphaK2         1;
    alphaOmega1     0.5;
    alphaOmega2     0.85616;
    gamma1          0.5532;
    gamma2          0.4403;
    beta1           0.075;
    beta2           0.0828;
    betaStar        0.09;
    a1              0.31;
    c1              10;
    Cmu             0.09;
    b1              1;
    F3              false;
}

Reading/calculating face velocity Uf

No finite volume options present

Courant Number mean: 0.129148 max: 0.280173

Starting time loop

Courant Number mean: 0.129148 max: 0.280173
Time = 0.415

GAMG:  Solving for cellDisplacementx, Initial residual = 0, Final residual = 0, No Iterations 0
GAMG:  Solving for cellDisplacementy, Initial residual = 0, Final residual = 0, No Iterations 0
GAMG:  Solving for cellDisplacementz, Initial residual = 0, Final residual = 0, No Iterations 0
PIMPLE: iteration 1
DILUPBiCG:  Solving for Ux, Initial residual = 0.0586176, Final residual = 0.000215802, No Iterations 1
DILUPBiCG:  Solving for Uy, Initial residual = 0.0110692, Final residual = 2.03614e-05, No Iterations 1
DILUPBiCG:  Solving for Uz, Initial residual = 0.0237084, Final residual = 3.55449e-05, No Iterations 1
GAMG:  Solving for p, Initial residual = 0.14552, Final residual = 0.00111736, No Iterations 6
GAMG:  Solving for p, Initial residual = 0.017446, Final residual = 0.000165655, No Iterations 18
GAMG:  Solving for p, Initial residual = 0.00761594, Final residual = 6.50842e-05, No Iterations 10
time step continuity errors : sum local = 7.60888e-07, global = -1.98927e-07, cumulative = -1.98927e-07
GAMG:  Solving for p, Initial residual = 0.0608246, Final residual = 0.000395814, No Iterations 6
GAMG:  Solving for p, Initial residual = 0.00876551, Final residual = 8.36658e-05, No Iterations 16
GAMG:  Solving for p, Initial residual = 0.0039942, Final residual = 3.515e-05, No Iterations 10
time step continuity errors : sum local = 4.12819e-07, global = -1.07665e-07, cumulative = -3.06591e-07
PIMPLE: iteration 2
DILUPBiCG:  Solving for Ux, Initial residual = 0.0164513, Final residual = 9.70811e-05, No Iterations 1
DILUPBiCG:  Solving for Uy, Initial residual = 0.00301371, Final residual = 6.65129e-06, No Iterations 1
DILUPBiCG:  Solving for Uz, Initial residual = 0.00412988, Final residual = 1.8069e-05, No Iterations 1
GAMG:  Solving for p, Initial residual = 0.0623357, Final residual = 0.000359048, No Iterations 4
GAMG:  Solving for p, Initial residual = 0.00999754, Final residual = 8.96854e-05, No Iterations 14
GAMG:  Solving for p, Initial residual = 0.00478545, Final residual = 4.14449e-05, No Iterations 7
time step continuity errors : sum local = 4.19892e-07, global = -1.43251e-07, cumulative = -4.49842e-07
GAMG:  Solving for p, Initial residual = 0.0316554, Final residual = 0.000160714, No Iterations 4
GAMG:  Solving for p, Initial residual = 0.00511275, Final residual = 4.68044e-05, No Iterations 12
GAMG:  Solving for p, Initial residual = 0.00238001, Final residual = 2.20377e-05, No Iterations 7
time step continuity errors : sum local = 2.24204e-07, global = -8.32808e-08, cumulative = -5.33123e-07
PIMPLE: iteration 3
DILUPBiCG:  Solving for Ux, Initial residual = 0.00419895, Final residual = 1.67722e-06, No Iterations 2
DILUPBiCG:  Solving for Uy, Initial residual = 0.000772112, Final residual = 6.32807e-06, No Iterations 1
DILUPBiCG:  Solving for Uz, Initial residual = 0.00831796, Final residual = 2.74189e-06, No Iterations 2
GAMG:  Solving for p, Initial residual = 0.0386855, Final residual = 0.000323047, No Iterations 5
GAMG:  Solving for p, Initial residual = 0.00811815, Final residual = 7.94829e-05, No Iterations 15
GAMG:  Solving for p, Initial residual = 0.00394245, Final residual = 3.64387e-05, No Iterations 10
time step continuity errors : sum local = 4.16677e-07, global = 1.07435e-07, cumulative = -4.25688e-07
GAMG:  Solving for p, Initial residual = 0.00207105, Final residual = 1.89016e-05, No Iterations 10
GAMG:  Solving for p, Initial residual = 0.00111428, Final residual = 1.07906e-05, No Iterations 5
GAMG:  Solving for p, Initial residual = 0.000465074, Final residual = 8.99613e-07, No Iterations 28
time step continuity errors : sum local = 1.02107e-08, global = -3.06892e-09, cumulative = -4.28757e-07
DILUPBiCG:  Solving for omega, Initial residual = 0.000965156, Final residual = 8.19397e-07, No Iterations 1
DILUPBiCG:  Solving for k, Initial residual = 0.00374242, Final residual = 1.14624e-06, No Iterations 2
ExecutionTime = 17.68 s  ClockTime = 18 s

End

