/*---------------------------------------------------------------------------*\
| =========                 |                                                 |
| \\      /  F ield         | OpenFOAM: The Open Source CFD Toolbox           |
|  \\    /   O peration     | Version:  2.3.1                                 |
|   \\  /    A nd           | Web:      www.OpenFOAM.org                      |
|    \\/     M anipulation  |                                                 |
\*---------------------------------------------------------------------------*/
Build  : 2.3.1-262087cdf8db
Exec   : pimpleDyMFoam
Date   : Jun 06 2023
Time   : 03:07:34
Host   : "jcosson-VirtualBox"
PID    : 19407
Case   : /home/jcosson/workspace/henersj_shootingdata/calcs/moderate_deformed/primal/100_intervals_05-06-23/sweep94/interval99
nProcs : 1
sigFpe : Enabling floating point exception trapping (FOAM_SIGFPE).
fileModificationChecking : Monitoring run-time modified files using timeStampMaster
allowSystemOperations : Allowing user-supplied system call operations

// * * * * * * * * * * * * * * * * * * * * * * * * * * * * * * * * * * * * * //
Create time

Create mesh for time = 0.498

Selecting dynamicFvMesh dynamicMotionSolverFvMesh
Selecting motion solver: displacementLaplacian
Selecting motion diffusion: quadratic
Selecting motion diffusion: quadratic
Selecting motion diffusion: inverseDistance

PIMPLE: no residual control data found. Calculations will employ 3 corrector loops

Reading field p

Reading field U

Reading/calculating face flux field phi

Selecting incompressible transport model Newtonian
Selecting turbulence model type RASModel
Selecting RAS turbulence model kOmegaSST
bounding k, min: 0 max: 0.000508761 average: 0.000142553
kOmegaSSTCoeffs
{
    alphaK1         0.85034;
    alphaK2         1;
    alphaOmega1     0.5;
    alphaOmega2     0.85616;
    gamma1          0.5532;
    gamma2          0.4403;
    beta1           0.075;
    beta2           0.0828;
    betaStar        0.09;
    a1              0.31;
    c1              10;
    Cmu             0.09;
    b1              1;
    F3              false;
}

Reading/calculating face velocity Uf

No finite volume options present

Courant Number mean: 0.0989636 max: 0.215025

Starting time loop

Courant Number mean: 0.0989636 max: 0.215025
Time = 0.499

GAMG:  Solving for cellDisplacementx, Initial residual = 0, Final residual = 0, No Iterations 0
GAMG:  Solving for cellDisplacementy, Initial residual = 0, Final residual = 0, No Iterations 0
GAMG:  Solving for cellDisplacementz, Initial residual = 0, Final residual = 0, No Iterations 0
PIMPLE: iteration 1
DILUPBiCG:  Solving for Ux, Initial residual = 0.0148022, Final residual = 5.96153e-05, No Iterations 1
DILUPBiCG:  Solving for Uy, Initial residual = 0.00328801, Final residual = 6.7007e-06, No Iterations 1
DILUPBiCG:  Solving for Uz, Initial residual = 0.00908718, Final residual = 1.78062e-05, No Iterations 1
GAMG:  Solving for p, Initial residual = 0.0916014, Final residual = 0.000569607, No Iterations 4
GAMG:  Solving for p, Initial residual = 0.0211975, Final residual = 0.000196453, No Iterations 8
GAMG:  Solving for p, Initial residual = 0.00692356, Final residual = 5.87103e-05, No Iterations 14
time step continuity errors : sum local = 1.73675e-07, global = -5.18941e-08, cumulative = -5.18941e-08
GAMG:  Solving for p, Initial residual = 0.0468105, Final residual = 0.000265992, No Iterations 4
GAMG:  Solving for p, Initial residual = 0.0105139, Final residual = 9.70897e-05, No Iterations 8
GAMG:  Solving for p, Initial residual = 0.00333271, Final residual = 2.94653e-05, No Iterations 14
time step continuity errors : sum local = 8.69954e-08, global = -2.58589e-08, cumulative = -7.77531e-08
PIMPLE: iteration 2
DILUPBiCG:  Solving for Ux, Initial residual = 0.00303857, Final residual = 2.30393e-05, No Iterations 1
DILUPBiCG:  Solving for Uy, Initial residual = 0.000693819, Final residual = 1.80056e-06, No Iterations 1
DILUPBiCG:  Solving for Uz, Initial residual = 0.00316104, Final residual = 0.000116041, No Iterations 1
GAMG:  Solving for p, Initial residual = 0.044222, Final residual = 0.000355664, No Iterations 8
GAMG:  Solving for p, Initial residual = 0.0279098, Final residual = 0.000228364, No Iterations 5
GAMG:  Solving for p, Initial residual = 0.00470556, Final residual = 4.07851e-05, No Iterations 21
time step continuity errors : sum local = 1.05123e-07, global = -3.00365e-08, cumulative = -1.0779e-07
GAMG:  Solving for p, Initial residual = 0.0237513, Final residual = 0.00020859, No Iterations 6
GAMG:  Solving for p, Initial residual = 0.013209, Final residual = 0.000120016, No Iterations 6
GAMG:  Solving for p, Initial residual = 0.00238431, Final residual = 2.29236e-05, No Iterations 20
time step continuity errors : sum local = 5.92069e-08, global = -1.67488e-08, cumulative = -1.24538e-07
PIMPLE: iteration 3
DILUPBiCG:  Solving for Ux, Initial residual = 0.000229889, Final residual = 2.14572e-06, No Iterations 1
DILUPBiCG:  Solving for Uy, Initial residual = 7.88567e-05, Final residual = 4.89164e-07, No Iterations 1
DILUPBiCG:  Solving for Uz, Initial residual = 0.00155663, Final residual = 7.80771e-07, No Iterations 2
GAMG:  Solving for p, Initial residual = 0.0844235, Final residual = 0.000764498, No Iterations 3
GAMG:  Solving for p, Initial residual = 0.0135981, Final residual = 0.000125089, No Iterations 20
GAMG:  Solving for p, Initial residual = 0.0134769, Final residual = 0.000128449, No Iterations 4
time step continuity errors : sum local = 3.50185e-07, global = -5.85267e-08, cumulative = -1.83065e-07
GAMG:  Solving for p, Initial residual = 0.00354917, Final residual = 3.16202e-05, No Iterations 8
GAMG:  Solving for p, Initial residual = 0.00192082, Final residual = 1.86785e-05, No Iterations 4
GAMG:  Solving for p, Initial residual = 0.000651684, Final residual = 9.78979e-07, No Iterations 27
time step continuity errors : sum local = 2.6232e-09, global = 9.13312e-10, cumulative = -1.82152e-07
DILUPBiCG:  Solving for omega, Initial residual = 0.00128114, Final residual = 6.57909e-07, No Iterations 1
DILUPBiCG:  Solving for k, Initial residual = 0.00297803, Final residual = 7.74534e-07, No Iterations 2
bounding k, min: 0 max: 0.000502776 average: 0.00014197
ExecutionTime = 8.34 s  ClockTime = 8 s

End

