/*---------------------------------------------------------------------------*\
| =========                 |                                                 |
| \\      /  F ield         | OpenFOAM: The Open Source CFD Toolbox           |
|  \\    /   O peration     | Version:  2.3.1                                 |
|   \\  /    A nd           | Web:      www.OpenFOAM.org                      |
|    \\/     M anipulation  |                                                 |
\*---------------------------------------------------------------------------*/
Build  : 2.3.1-262087cdf8db
Exec   : pimpleDyMFoam
Date   : Jun 06 2023
Time   : 01:32:47
Host   : "jcosson-VirtualBox"
PID    : 3653
Case   : /home/jcosson/workspace/henersj_shootingdata/calcs/moderate_deformed/primal/100_intervals_05-06-23/sweep38/interval93
nProcs : 1
sigFpe : Enabling floating point exception trapping (FOAM_SIGFPE).
fileModificationChecking : Monitoring run-time modified files using timeStampMaster
allowSystemOperations : Allowing user-supplied system call operations

// * * * * * * * * * * * * * * * * * * * * * * * * * * * * * * * * * * * * * //
Create time

Create mesh for time = 0.492

Selecting dynamicFvMesh dynamicMotionSolverFvMesh
Selecting motion solver: displacementLaplacian
Selecting motion diffusion: quadratic
Selecting motion diffusion: quadratic
Selecting motion diffusion: inverseDistance

PIMPLE: no residual control data found. Calculations will employ 3 corrector loops

Reading field p

Reading field U

Reading/calculating face flux field phi

Selecting incompressible transport model Newtonian
Selecting turbulence model type RASModel
Selecting RAS turbulence model kOmegaSST
bounding k, min: 0 max: 0.000587623 average: 0.000152341
kOmegaSSTCoeffs
{
    alphaK1         0.85034;
    alphaK2         1;
    alphaOmega1     0.5;
    alphaOmega2     0.85616;
    gamma1          0.5532;
    gamma2          0.4403;
    beta1           0.075;
    beta2           0.0828;
    betaStar        0.09;
    a1              0.31;
    c1              10;
    Cmu             0.09;
    b1              1;
    F3              false;
}

Reading/calculating face velocity Uf

No finite volume options present

Courant Number mean: 0.109916 max: 0.252412

Starting time loop

Courant Number mean: 0.109916 max: 0.252412
Time = 0.493

GAMG:  Solving for cellDisplacementx, Initial residual = 0, Final residual = 0, No Iterations 0
GAMG:  Solving for cellDisplacementy, Initial residual = 0, Final residual = 0, No Iterations 0
GAMG:  Solving for cellDisplacementz, Initial residual = 0, Final residual = 0, No Iterations 0
PIMPLE: iteration 1
DILUPBiCG:  Solving for Ux, Initial residual = 0.0443563, Final residual = 0.000162523, No Iterations 1
DILUPBiCG:  Solving for Uy, Initial residual = 0.00926098, Final residual = 1.82343e-05, No Iterations 1
DILUPBiCG:  Solving for Uz, Initial residual = 0.0124785, Final residual = 1.07996e-05, No Iterations 1
GAMG:  Solving for p, Initial residual = 0.109857, Final residual = 0.000561579, No Iterations 4
GAMG:  Solving for p, Initial residual = 0.0155951, Final residual = 0.000133554, No Iterations 16
GAMG:  Solving for p, Initial residual = 0.00768547, Final residual = 7.4776e-05, No Iterations 4
time step continuity errors : sum local = 6.40119e-07, global = 2.16196e-07, cumulative = 2.16196e-07
GAMG:  Solving for p, Initial residual = 0.0505705, Final residual = 0.000243294, No Iterations 4
GAMG:  Solving for p, Initial residual = 0.00764323, Final residual = 6.87411e-05, No Iterations 14
GAMG:  Solving for p, Initial residual = 0.00385923, Final residual = 3.68804e-05, No Iterations 4
time step continuity errors : sum local = 3.18098e-07, global = 1.11529e-07, cumulative = 3.27725e-07
PIMPLE: iteration 2
DILUPBiCG:  Solving for Ux, Initial residual = 0.0110813, Final residual = 6.27888e-05, No Iterations 1
DILUPBiCG:  Solving for Uy, Initial residual = 0.00237799, Final residual = 4.69432e-06, No Iterations 1
DILUPBiCG:  Solving for Uz, Initial residual = 0.0026506, Final residual = 6.94356e-05, No Iterations 1
GAMG:  Solving for p, Initial residual = 0.0489354, Final residual = 0.000333876, No Iterations 6
GAMG:  Solving for p, Initial residual = 0.0116582, Final residual = 0.000113425, No Iterations 12
GAMG:  Solving for p, Initial residual = 0.00452546, Final residual = 4.26135e-05, No Iterations 10
time step continuity errors : sum local = 3.21043e-07, global = -8.15012e-08, cumulative = 2.46224e-07
GAMG:  Solving for p, Initial residual = 0.0259767, Final residual = 0.000246638, No Iterations 4
GAMG:  Solving for p, Initial residual = 0.00600591, Final residual = 5.63597e-05, No Iterations 12
GAMG:  Solving for p, Initial residual = 0.00244809, Final residual = 2.12229e-05, No Iterations 10
time step continuity errors : sum local = 1.60193e-07, global = -4.06076e-08, cumulative = 2.05616e-07
PIMPLE: iteration 3
DILUPBiCG:  Solving for Ux, Initial residual = 0.00216494, Final residual = 3.01481e-06, No Iterations 2
DILUPBiCG:  Solving for Uy, Initial residual = 0.000512174, Final residual = 5.88086e-06, No Iterations 1
DILUPBiCG:  Solving for Uz, Initial residual = 0.00387941, Final residual = 2.18935e-06, No Iterations 2
GAMG:  Solving for p, Initial residual = 0.0495311, Final residual = 0.000355711, No Iterations 5
GAMG:  Solving for p, Initial residual = 0.0111245, Final residual = 0.00010698, No Iterations 14
GAMG:  Solving for p, Initial residual = 0.00600798, Final residual = 5.6363e-05, No Iterations 10
time step continuity errors : sum local = 4.72749e-07, global = -1.2735e-07, cumulative = 7.82664e-08
GAMG:  Solving for p, Initial residual = 0.00275599, Final residual = 2.70871e-05, No Iterations 7
GAMG:  Solving for p, Initial residual = 0.00143303, Final residual = 1.13934e-05, No Iterations 6
GAMG:  Solving for p, Initial residual = 0.00059631, Final residual = 9.01446e-07, No Iterations 30
time step continuity errors : sum local = 7.45428e-09, global = 2.2819e-09, cumulative = 8.05483e-08
DILUPBiCG:  Solving for omega, Initial residual = 0.00132482, Final residual = 7.21792e-07, No Iterations 1
DILUPBiCG:  Solving for k, Initial residual = 0.00349171, Final residual = 6.02024e-07, No Iterations 2
bounding k, min: 0 max: 0.000573004 average: 0.000151469
ExecutionTime = 15.13 s  ClockTime = 16 s

End

