/*---------------------------------------------------------------------------*\
| =========                 |                                                 |
| \\      /  F ield         | OpenFOAM: The Open Source CFD Toolbox           |
|  \\    /   O peration     | Version:  2.3.1                                 |
|   \\  /    A nd           | Web:      www.OpenFOAM.org                      |
|    \\/     M anipulation  |                                                 |
\*---------------------------------------------------------------------------*/
Build  : 2.3.1-262087cdf8db
Exec   : pimpleDyMFoam
Date   : Jun 06 2023
Time   : 01:00:31
Host   : "jcosson-VirtualBox"
PID    : 19356
Case   : /home/jcosson/workspace/henersj_shootingdata/calcs/moderate_deformed/primal/100_intervals_05-06-23/sweep27/interval97
nProcs : 1
sigFpe : Enabling floating point exception trapping (FOAM_SIGFPE).
fileModificationChecking : Monitoring run-time modified files using timeStampMaster
allowSystemOperations : Allowing user-supplied system call operations

// * * * * * * * * * * * * * * * * * * * * * * * * * * * * * * * * * * * * * //
Create time

Create mesh for time = 0.496

Selecting dynamicFvMesh dynamicMotionSolverFvMesh
Selecting motion solver: displacementLaplacian
Selecting motion diffusion: quadratic
Selecting motion diffusion: quadratic
Selecting motion diffusion: inverseDistance

PIMPLE: no residual control data found. Calculations will employ 3 corrector loops

Reading field p

Reading field U

Reading/calculating face flux field phi

Selecting incompressible transport model Newtonian
Selecting turbulence model type RASModel
Selecting RAS turbulence model kOmegaSST
bounding k, min: 0 max: 0.000637223 average: 0.000152221
kOmegaSSTCoeffs
{
    alphaK1         0.85034;
    alphaK2         1;
    alphaOmega1     0.5;
    alphaOmega2     0.85616;
    gamma1          0.5532;
    gamma2          0.4403;
    beta1           0.075;
    beta2           0.0828;
    betaStar        0.09;
    a1              0.31;
    c1              10;
    Cmu             0.09;
    b1              1;
    F3              false;
}

Reading/calculating face velocity Uf

No finite volume options present

Courant Number mean: 0.101092 max: 0.228727

Starting time loop

Courant Number mean: 0.101092 max: 0.228727
Time = 0.497

GAMG:  Solving for cellDisplacementx, Initial residual = 0, Final residual = 0, No Iterations 0
GAMG:  Solving for cellDisplacementy, Initial residual = 0, Final residual = 0, No Iterations 0
GAMG:  Solving for cellDisplacementz, Initial residual = 0, Final residual = 0, No Iterations 0
PIMPLE: iteration 1
DILUPBiCG:  Solving for Ux, Initial residual = 0.0257292, Final residual = 9.38033e-05, No Iterations 1
DILUPBiCG:  Solving for Uy, Initial residual = 0.00560457, Final residual = 1.11903e-05, No Iterations 1
DILUPBiCG:  Solving for Uz, Initial residual = 0.0114481, Final residual = 1.91284e-05, No Iterations 1
GAMG:  Solving for p, Initial residual = 0.102422, Final residual = 0.000715472, No Iterations 3
GAMG:  Solving for p, Initial residual = 0.014469, Final residual = 0.000124728, No Iterations 4
GAMG:  Solving for p, Initial residual = 0.00649841, Final residual = 6.20954e-05, No Iterations 5
time step continuity errors : sum local = 3.02123e-07, global = 7.00219e-08, cumulative = 7.00219e-08
GAMG:  Solving for p, Initial residual = 0.0500999, Final residual = 0.000316138, No Iterations 3
GAMG:  Solving for p, Initial residual = 0.00709926, Final residual = 5.81894e-05, No Iterations 5
GAMG:  Solving for p, Initial residual = 0.00330956, Final residual = 2.34651e-05, No Iterations 4
time step continuity errors : sum local = 1.14871e-07, global = 4.19927e-08, cumulative = 1.12015e-07
PIMPLE: iteration 2
DILUPBiCG:  Solving for Ux, Initial residual = 0.00595962, Final residual = 3.46446e-05, No Iterations 1
DILUPBiCG:  Solving for Uy, Initial residual = 0.00132244, Final residual = 2.72975e-06, No Iterations 1
DILUPBiCG:  Solving for Uz, Initial residual = 0.00312262, Final residual = 2.45972e-05, No Iterations 1
GAMG:  Solving for p, Initial residual = 0.0475155, Final residual = 0.000359396, No Iterations 6
GAMG:  Solving for p, Initial residual = 0.0180774, Final residual = 0.000179947, No Iterations 8
GAMG:  Solving for p, Initial residual = 0.00473687, Final residual = 4.28602e-05, No Iterations 18
time step continuity errors : sum local = 1.83157e-07, global = -5.19076e-08, cumulative = 6.0107e-08
GAMG:  Solving for p, Initial residual = 0.0253629, Final residual = 0.000246826, No Iterations 5
GAMG:  Solving for p, Initial residual = 0.00945644, Final residual = 8.26335e-05, No Iterations 9
GAMG:  Solving for p, Initial residual = 0.00235766, Final residual = 2.22428e-05, No Iterations 16
time step continuity errors : sum local = 9.48033e-08, global = -2.64929e-08, cumulative = 3.36141e-08
PIMPLE: iteration 3
DILUPBiCG:  Solving for Ux, Initial residual = 0.000916584, Final residual = 8.27721e-07, No Iterations 2
DILUPBiCG:  Solving for Uy, Initial residual = 0.000229732, Final residual = 7.18888e-06, No Iterations 1
DILUPBiCG:  Solving for Uz, Initial residual = 0.0021451, Final residual = 2.01064e-06, No Iterations 2
GAMG:  Solving for p, Initial residual = 0.060305, Final residual = 0.000427636, No Iterations 5
GAMG:  Solving for p, Initial residual = 0.013086, Final residual = 0.000112895, No Iterations 16
GAMG:  Solving for p, Initial residual = 0.00786798, Final residual = 7.22025e-05, No Iterations 8
time step continuity errors : sum local = 3.37095e-07, global = -7.73647e-08, cumulative = -4.37506e-08
GAMG:  Solving for p, Initial residual = 0.00306431, Final residual = 2.32632e-05, No Iterations 8
GAMG:  Solving for p, Initial residual = 0.00164055, Final residual = 1.51928e-05, No Iterations 4
GAMG:  Solving for p, Initial residual = 0.000587447, Final residual = 9.83118e-07, No Iterations 29
time step continuity errors : sum local = 4.52199e-09, global = 1.37854e-09, cumulative = -4.2372e-08
DILUPBiCG:  Solving for omega, Initial residual = 0.00144154, Final residual = 7.1303e-07, No Iterations 1
DILUPBiCG:  Solving for k, Initial residual = 0.00357065, Final residual = 6.20121e-07, No Iterations 2
bounding k, min: 0 max: 0.000625767 average: 0.000151344
ExecutionTime = 9.94 s  ClockTime = 10 s

End

