/*---------------------------------------------------------------------------*\
| =========                 |                                                 |
| \\      /  F ield         | OpenFOAM: The Open Source CFD Toolbox           |
|  \\    /   O peration     | Version:  2.3.1                                 |
|   \\  /    A nd           | Web:      www.OpenFOAM.org                      |
|    \\/     M anipulation  |                                                 |
\*---------------------------------------------------------------------------*/
Build  : 2.3.1-262087cdf8db
Exec   : pimpleDyMFoam
Date   : Jun 06 2023
Time   : 00:59:12
Host   : "jcosson-VirtualBox"
PID    : 19234
Case   : /home/jcosson/workspace/henersj_shootingdata/calcs/moderate_deformed/primal/100_intervals_05-06-23/sweep27/interval36
nProcs : 1
sigFpe : Enabling floating point exception trapping (FOAM_SIGFPE).
fileModificationChecking : Monitoring run-time modified files using timeStampMaster
allowSystemOperations : Allowing user-supplied system call operations

// * * * * * * * * * * * * * * * * * * * * * * * * * * * * * * * * * * * * * //
Create time

Create mesh for time = 0.435

Selecting dynamicFvMesh dynamicMotionSolverFvMesh
Selecting motion solver: displacementLaplacian
Selecting motion diffusion: quadratic
Selecting motion diffusion: quadratic
Selecting motion diffusion: inverseDistance

PIMPLE: no residual control data found. Calculations will employ 3 corrector loops

Reading field p

Reading field U

Reading/calculating face flux field phi

Selecting incompressible transport model Newtonian
Selecting turbulence model type RASModel
Selecting RAS turbulence model kOmegaSST
kOmegaSSTCoeffs
{
    alphaK1         0.85034;
    alphaK2         1;
    alphaOmega1     0.5;
    alphaOmega2     0.85616;
    gamma1          0.5532;
    gamma2          0.4403;
    beta1           0.075;
    beta2           0.0828;
    betaStar        0.09;
    a1              0.31;
    c1              10;
    Cmu             0.09;
    b1              1;
    F3              false;
}

Reading/calculating face velocity Uf

No finite volume options present

Courant Number mean: 0.241965 max: 0.528762

Starting time loop

Courant Number mean: 0.241965 max: 0.528762
Time = 0.436

GAMG:  Solving for cellDisplacementx, Initial residual = 0, Final residual = 0, No Iterations 0
GAMG:  Solving for cellDisplacementy, Initial residual = 0, Final residual = 0, No Iterations 0
GAMG:  Solving for cellDisplacementz, Initial residual = 0, Final residual = 0, No Iterations 0
PIMPLE: iteration 1
DILUPBiCG:  Solving for Ux, Initial residual = 0.0396413, Final residual = 0.000128537, No Iterations 1
DILUPBiCG:  Solving for Uy, Initial residual = 0.00627339, Final residual = 1.52534e-05, No Iterations 1
DILUPBiCG:  Solving for Uz, Initial residual = 0.0128897, Final residual = 2.04232e-05, No Iterations 1
GAMG:  Solving for p, Initial residual = 0.118501, Final residual = 0.001094, No Iterations 4
GAMG:  Solving for p, Initial residual = 0.0158587, Final residual = 0.000136976, No Iterations 18
GAMG:  Solving for p, Initial residual = 0.00701483, Final residual = 6.32465e-05, No Iterations 10
time step continuity errors : sum local = 8.10117e-07, global = -2.12616e-07, cumulative = -2.12616e-07
GAMG:  Solving for p, Initial residual = 0.0518735, Final residual = 0.000410953, No Iterations 4
GAMG:  Solving for p, Initial residual = 0.00777202, Final residual = 6.74456e-05, No Iterations 16
GAMG:  Solving for p, Initial residual = 0.00352137, Final residual = 3.31348e-05, No Iterations 10
time step continuity errors : sum local = 4.24629e-07, global = -1.12852e-07, cumulative = -3.25468e-07
PIMPLE: iteration 2
DILUPBiCG:  Solving for Ux, Initial residual = 0.0112075, Final residual = 4.3749e-05, No Iterations 1
DILUPBiCG:  Solving for Uy, Initial residual = 0.00180248, Final residual = 6.59505e-06, No Iterations 1
DILUPBiCG:  Solving for Uz, Initial residual = 0.00278303, Final residual = 8.10933e-06, No Iterations 1
GAMG:  Solving for p, Initial residual = 0.0519136, Final residual = 0.000503381, No Iterations 5
GAMG:  Solving for p, Initial residual = 0.0109699, Final residual = 9.68223e-05, No Iterations 13
GAMG:  Solving for p, Initial residual = 0.00433937, Final residual = 4.33699e-05, No Iterations 10
time step continuity errors : sum local = 4.71535e-07, global = 1.21357e-07, cumulative = -2.04111e-07
GAMG:  Solving for p, Initial residual = 0.027104, Final residual = 0.000238102, No Iterations 4
GAMG:  Solving for p, Initial residual = 0.00526615, Final residual = 5.04482e-05, No Iterations 12
GAMG:  Solving for p, Initial residual = 0.00205368, Final residual = 1.87142e-05, No Iterations 12
time step continuity errors : sum local = 2.04896e-07, global = 5.85792e-08, cumulative = -1.45531e-07
PIMPLE: iteration 3
DILUPBiCG:  Solving for Ux, Initial residual = 0.00258955, Final residual = 1.10746e-06, No Iterations 2
DILUPBiCG:  Solving for Uy, Initial residual = 0.000420837, Final residual = 9.16164e-06, No Iterations 1
DILUPBiCG:  Solving for Uz, Initial residual = 0.00675597, Final residual = 3.8437e-06, No Iterations 2
GAMG:  Solving for p, Initial residual = 0.0436052, Final residual = 0.000366052, No Iterations 5
GAMG:  Solving for p, Initial residual = 0.0113471, Final residual = 9.35245e-05, No Iterations 10
GAMG:  Solving for p, Initial residual = 0.00485848, Final residual = 4.31441e-05, No Iterations 10
time step continuity errors : sum local = 5.24663e-07, global = 1.36105e-07, cumulative = -9.4263e-09
GAMG:  Solving for p, Initial residual = 0.00287982, Final residual = 2.6125e-05, No Iterations 18
GAMG:  Solving for p, Initial residual = 0.00172553, Final residual = 1.28744e-05, No Iterations 4
GAMG:  Solving for p, Initial residual = 0.000604082, Final residual = 9.65173e-07, No Iterations 36
time step continuity errors : sum local = 1.17087e-08, global = -3.4367e-09, cumulative = -1.2863e-08
DILUPBiCG:  Solving for omega, Initial residual = 0.000950359, Final residual = 1.07789e-06, No Iterations 1
DILUPBiCG:  Solving for k, Initial residual = 0.00606667, Final residual = 1.30178e-06, No Iterations 2
ExecutionTime = 18.92 s  ClockTime = 19 s

End

