/*---------------------------------------------------------------------------*\
| =========                 |                                                 |
| \\      /  F ield         | OpenFOAM: The Open Source CFD Toolbox           |
|  \\    /   O peration     | Version:  2.3.1                                 |
|   \\  /    A nd           | Web:      www.OpenFOAM.org                      |
|    \\/     M anipulation  |                                                 |
\*---------------------------------------------------------------------------*/
Build  : 2.3.1-262087cdf8db
Exec   : pimpleDyMFoam
Date   : Jun 06 2023
Time   : 00:59:47
Host   : "jcosson-VirtualBox"
PID    : 19273
Case   : /home/jcosson/workspace/henersj_shootingdata/calcs/moderate_deformed/primal/100_intervals_05-06-23/sweep27/interval56
nProcs : 1
sigFpe : Enabling floating point exception trapping (FOAM_SIGFPE).
fileModificationChecking : Monitoring run-time modified files using timeStampMaster
allowSystemOperations : Allowing user-supplied system call operations

// * * * * * * * * * * * * * * * * * * * * * * * * * * * * * * * * * * * * * //
Create time

Create mesh for time = 0.455

Selecting dynamicFvMesh dynamicMotionSolverFvMesh
Selecting motion solver: displacementLaplacian
Selecting motion diffusion: quadratic
Selecting motion diffusion: quadratic
Selecting motion diffusion: inverseDistance

PIMPLE: no residual control data found. Calculations will employ 3 corrector loops

Reading field p

Reading field U

Reading/calculating face flux field phi

Selecting incompressible transport model Newtonian
Selecting turbulence model type RASModel
Selecting RAS turbulence model kOmegaSST
kOmegaSSTCoeffs
{
    alphaK1         0.85034;
    alphaK2         1;
    alphaOmega1     0.5;
    alphaOmega2     0.85616;
    gamma1          0.5532;
    gamma2          0.4403;
    beta1           0.075;
    beta2           0.0828;
    betaStar        0.09;
    a1              0.31;
    c1              10;
    Cmu             0.09;
    b1              1;
    F3              false;
}

Reading/calculating face velocity Uf

No finite volume options present

Courant Number mean: 0.2754 max: 0.608352

Starting time loop

Courant Number mean: 0.2754 max: 0.608352
Time = 0.456

GAMG:  Solving for cellDisplacementx, Initial residual = 0, Final residual = 0, No Iterations 0
GAMG:  Solving for cellDisplacementy, Initial residual = 0, Final residual = 0, No Iterations 0
GAMG:  Solving for cellDisplacementz, Initial residual = 0, Final residual = 0, No Iterations 0
PIMPLE: iteration 1
DILUPBiCG:  Solving for Ux, Initial residual = 0.0116317, Final residual = 4.2747e-05, No Iterations 1
DILUPBiCG:  Solving for Uy, Initial residual = 0.00189973, Final residual = 4.89291e-06, No Iterations 1
DILUPBiCG:  Solving for Uz, Initial residual = 0.0159582, Final residual = 4.10954e-05, No Iterations 1
GAMG:  Solving for p, Initial residual = 0.196842, Final residual = 0.00163038, No Iterations 6
GAMG:  Solving for p, Initial residual = 0.0273977, Final residual = 0.000246779, No Iterations 16
GAMG:  Solving for p, Initial residual = 0.0107419, Final residual = 9.47252e-05, No Iterations 12
time step continuity errors : sum local = 4.9034e-07, global = 1.4745e-07, cumulative = 1.4745e-07
GAMG:  Solving for p, Initial residual = 0.0779143, Final residual = 0.000506483, No Iterations 6
GAMG:  Solving for p, Initial residual = 0.0135301, Final residual = 0.000114964, No Iterations 14
GAMG:  Solving for p, Initial residual = 0.00554052, Final residual = 5.48494e-05, No Iterations 10
time step continuity errors : sum local = 2.82019e-07, global = 7.37596e-08, cumulative = 2.2121e-07
PIMPLE: iteration 2
DILUPBiCG:  Solving for Ux, Initial residual = 0.0040001, Final residual = 2.55361e-05, No Iterations 1
DILUPBiCG:  Solving for Uy, Initial residual = 0.000675425, Final residual = 3.1437e-06, No Iterations 1
DILUPBiCG:  Solving for Uz, Initial residual = 0.00442062, Final residual = 1.34351e-05, No Iterations 1
GAMG:  Solving for p, Initial residual = 0.0807756, Final residual = 0.000326006, No Iterations 4
GAMG:  Solving for p, Initial residual = 0.0141341, Final residual = 0.000128162, No Iterations 5
GAMG:  Solving for p, Initial residual = 0.00609754, Final residual = 5.44419e-05, No Iterations 6
time step continuity errors : sum local = 2.41633e-07, global = 6.16641e-08, cumulative = 2.82874e-07
GAMG:  Solving for p, Initial residual = 0.0398474, Final residual = 0.000337315, No Iterations 3
GAMG:  Solving for p, Initial residual = 0.00690255, Final residual = 6.48673e-05, No Iterations 4
GAMG:  Solving for p, Initial residual = 0.00313282, Final residual = 2.38397e-05, No Iterations 4
time step continuity errors : sum local = 1.05975e-07, global = 7.03771e-09, cumulative = 2.89911e-07
PIMPLE: iteration 3
DILUPBiCG:  Solving for Ux, Initial residual = 0.00125099, Final residual = 3.13881e-07, No Iterations 2
DILUPBiCG:  Solving for Uy, Initial residual = 0.000208539, Final residual = 4.38007e-06, No Iterations 1
DILUPBiCG:  Solving for Uz, Initial residual = 0.00294523, Final residual = 1.02356e-06, No Iterations 2
GAMG:  Solving for p, Initial residual = 0.0535305, Final residual = 0.000391976, No Iterations 4
GAMG:  Solving for p, Initial residual = 0.0125696, Final residual = 0.000105152, No Iterations 12
GAMG:  Solving for p, Initial residual = 0.00578691, Final residual = 5.14381e-05, No Iterations 4
time step continuity errors : sum local = 2.48183e-07, global = -9.30633e-08, cumulative = 1.96848e-07
GAMG:  Solving for p, Initial residual = 0.00408899, Final residual = 3.34519e-05, No Iterations 8
GAMG:  Solving for p, Initial residual = 0.00217137, Final residual = 1.94017e-05, No Iterations 5
GAMG:  Solving for p, Initial residual = 0.000808407, Final residual = 9.60023e-07, No Iterations 36
time step continuity errors : sum local = 4.61524e-09, global = 1.3644e-09, cumulative = 1.98213e-07
DILUPBiCG:  Solving for omega, Initial residual = 0.000849737, Final residual = 1.29645e-06, No Iterations 1
DILUPBiCG:  Solving for k, Initial residual = 0.00462287, Final residual = 1.85538e-06, No Iterations 2
ExecutionTime = 15.6 s  ClockTime = 16 s

End

