/*---------------------------------------------------------------------------*\
| =========                 |                                                 |
| \\      /  F ield         | OpenFOAM: The Open Source CFD Toolbox           |
|  \\    /   O peration     | Version:  2.3.1                                 |
|   \\  /    A nd           | Web:      www.OpenFOAM.org                      |
|    \\/     M anipulation  |                                                 |
\*---------------------------------------------------------------------------*/
Build  : 2.3.1-262087cdf8db
Exec   : pimpleDyMFoam
Date   : Jun 06 2023
Time   : 00:59:48
Host   : "jcosson-VirtualBox"
PID    : 19281
Case   : /home/jcosson/workspace/henersj_shootingdata/calcs/moderate_deformed/primal/100_intervals_05-06-23/sweep27/interval60
nProcs : 1
sigFpe : Enabling floating point exception trapping (FOAM_SIGFPE).
fileModificationChecking : Monitoring run-time modified files using timeStampMaster
allowSystemOperations : Allowing user-supplied system call operations

// * * * * * * * * * * * * * * * * * * * * * * * * * * * * * * * * * * * * * //
Create time

Create mesh for time = 0.459

Selecting dynamicFvMesh dynamicMotionSolverFvMesh
Selecting motion solver: displacementLaplacian
Selecting motion diffusion: quadratic
Selecting motion diffusion: quadratic
Selecting motion diffusion: inverseDistance

PIMPLE: no residual control data found. Calculations will employ 3 corrector loops

Reading field p

Reading field U

Reading/calculating face flux field phi

Selecting incompressible transport model Newtonian
Selecting turbulence model type RASModel
Selecting RAS turbulence model kOmegaSST
kOmegaSSTCoeffs
{
    alphaK1         0.85034;
    alphaK2         1;
    alphaOmega1     0.5;
    alphaOmega2     0.85616;
    gamma1          0.5532;
    gamma2          0.4403;
    beta1           0.075;
    beta2           0.0828;
    betaStar        0.09;
    a1              0.31;
    c1              10;
    Cmu             0.09;
    b1              1;
    F3              false;
}

Reading/calculating face velocity Uf

No finite volume options present

Courant Number mean: 0.265672 max: 0.586544

Starting time loop

Courant Number mean: 0.265672 max: 0.586544
Time = 0.46

GAMG:  Solving for cellDisplacementx, Initial residual = 0, Final residual = 0, No Iterations 0
GAMG:  Solving for cellDisplacementy, Initial residual = 0, Final residual = 0, No Iterations 0
GAMG:  Solving for cellDisplacementz, Initial residual = 0, Final residual = 0, No Iterations 0
PIMPLE: iteration 1
DILUPBiCG:  Solving for Ux, Initial residual = 0.0221421, Final residual = 8.81556e-05, No Iterations 1
DILUPBiCG:  Solving for Uy, Initial residual = 0.00352634, Final residual = 8.2822e-06, No Iterations 1
DILUPBiCG:  Solving for Uz, Initial residual = 0.0151405, Final residual = 3.99862e-05, No Iterations 1
GAMG:  Solving for p, Initial residual = 0.164549, Final residual = 0.0014216, No Iterations 6
GAMG:  Solving for p, Initial residual = 0.0206091, Final residual = 0.000188551, No Iterations 18
GAMG:  Solving for p, Initial residual = 0.00836377, Final residual = 7.31228e-05, No Iterations 12
time step continuity errors : sum local = 5.81672e-07, global = 1.75085e-07, cumulative = 1.75085e-07
GAMG:  Solving for p, Initial residual = 0.0662368, Final residual = 0.000449605, No Iterations 6
GAMG:  Solving for p, Initial residual = 0.0102279, Final residual = 8.87377e-05, No Iterations 16
GAMG:  Solving for p, Initial residual = 0.00435166, Final residual = 4.28268e-05, No Iterations 10
time step continuity errors : sum local = 3.38611e-07, global = 8.89203e-08, cumulative = 2.64005e-07
PIMPLE: iteration 2
DILUPBiCG:  Solving for Ux, Initial residual = 0.00707014, Final residual = 3.17158e-05, No Iterations 1
DILUPBiCG:  Solving for Uy, Initial residual = 0.00117945, Final residual = 3.57613e-06, No Iterations 1
DILUPBiCG:  Solving for Uz, Initial residual = 0.00408462, Final residual = 1.23914e-05, No Iterations 1
GAMG:  Solving for p, Initial residual = 0.0683436, Final residual = 0.000379138, No Iterations 4
GAMG:  Solving for p, Initial residual = 0.0113633, Final residual = 0.000111193, No Iterations 12
GAMG:  Solving for p, Initial residual = 0.00522296, Final residual = 4.8342e-05, No Iterations 8
time step continuity errors : sum local = 3.23806e-07, global = -1.02534e-07, cumulative = 1.61472e-07
GAMG:  Solving for p, Initial residual = 0.0343452, Final residual = 0.000161833, No Iterations 4
GAMG:  Solving for p, Initial residual = 0.00555501, Final residual = 5.1473e-05, No Iterations 10
GAMG:  Solving for p, Initial residual = 0.00249, Final residual = 2.19231e-05, No Iterations 8
time step continuity errors : sum local = 1.47463e-07, global = -4.6384e-08, cumulative = 1.15088e-07
PIMPLE: iteration 3
DILUPBiCG:  Solving for Ux, Initial residual = 0.00198498, Final residual = 4.28311e-07, No Iterations 2
DILUPBiCG:  Solving for Uy, Initial residual = 0.000328284, Final residual = 6.38983e-06, No Iterations 1
DILUPBiCG:  Solving for Uz, Initial residual = 0.00494448, Final residual = 1.1547e-06, No Iterations 2
GAMG:  Solving for p, Initial residual = 0.0441945, Final residual = 0.000344344, No Iterations 5
GAMG:  Solving for p, Initial residual = 0.0101758, Final residual = 9.83978e-05, No Iterations 13
GAMG:  Solving for p, Initial residual = 0.00466164, Final residual = 4.49217e-05, No Iterations 10
time step continuity errors : sum local = 3.34251e-07, global = -8.72654e-08, cumulative = 2.78221e-08
GAMG:  Solving for p, Initial residual = 0.00315435, Final residual = 2.90476e-05, No Iterations 12
GAMG:  Solving for p, Initial residual = 0.00177729, Final residual = 1.68252e-05, No Iterations 4
GAMG:  Solving for p, Initial residual = 0.000659336, Final residual = 9.5956e-07, No Iterations 38
time step continuity errors : sum local = 7.13169e-09, global = 2.11329e-09, cumulative = 2.99354e-08
DILUPBiCG:  Solving for omega, Initial residual = 0.000687462, Final residual = 1.22648e-06, No Iterations 1
DILUPBiCG:  Solving for k, Initial residual = 0.00480436, Final residual = 1.29881e-06, No Iterations 2
ExecutionTime = 16.31 s  ClockTime = 16 s

End

