/*---------------------------------------------------------------------------*\
| =========                 |                                                 |
| \\      /  F ield         | OpenFOAM: The Open Source CFD Toolbox           |
|  \\    /   O peration     | Version:  2.3.1                                 |
|   \\  /    A nd           | Web:      www.OpenFOAM.org                      |
|    \\/     M anipulation  |                                                 |
\*---------------------------------------------------------------------------*/
Build  : 2.3.1-262087cdf8db
Exec   : pimpleDyMFoam
Date   : Jun 06 2023
Time   : 01:00:21
Host   : "jcosson-VirtualBox"
PID    : 19338
Case   : /home/jcosson/workspace/henersj_shootingdata/calcs/moderate_deformed/primal/100_intervals_05-06-23/sweep27/interval88
nProcs : 1
sigFpe : Enabling floating point exception trapping (FOAM_SIGFPE).
fileModificationChecking : Monitoring run-time modified files using timeStampMaster
allowSystemOperations : Allowing user-supplied system call operations

// * * * * * * * * * * * * * * * * * * * * * * * * * * * * * * * * * * * * * //
Create time

Create mesh for time = 0.487

Selecting dynamicFvMesh dynamicMotionSolverFvMesh
Selecting motion solver: displacementLaplacian
Selecting motion diffusion: quadratic
Selecting motion diffusion: quadratic
Selecting motion diffusion: inverseDistance

PIMPLE: no residual control data found. Calculations will employ 3 corrector loops

Reading field p

Reading field U

Reading/calculating face flux field phi

Selecting incompressible transport model Newtonian
Selecting turbulence model type RASModel
Selecting RAS turbulence model kOmegaSST
bounding k, min: 0 max: 0.000681081 average: 0.000158729
kOmegaSSTCoeffs
{
    alphaK1         0.85034;
    alphaK2         1;
    alphaOmega1     0.5;
    alphaOmega2     0.85616;
    gamma1          0.5532;
    gamma2          0.4403;
    beta1           0.075;
    beta2           0.0828;
    betaStar        0.09;
    a1              0.31;
    c1              10;
    Cmu             0.09;
    b1              1;
    F3              false;
}

Reading/calculating face velocity Uf

No finite volume options present

Courant Number mean: 0.127067 max: 0.288634

Starting time loop

Courant Number mean: 0.127067 max: 0.288634
Time = 0.488

GAMG:  Solving for cellDisplacementx, Initial residual = 0, Final residual = 0, No Iterations 0
GAMG:  Solving for cellDisplacementy, Initial residual = 0, Final residual = 0, No Iterations 0
GAMG:  Solving for cellDisplacementz, Initial residual = 0, Final residual = 0, No Iterations 0
PIMPLE: iteration 1
DILUPBiCG:  Solving for Ux, Initial residual = 0.0593894, Final residual = 0.000221056, No Iterations 1
DILUPBiCG:  Solving for Uy, Initial residual = 0.0116389, Final residual = 2.37418e-05, No Iterations 1
DILUPBiCG:  Solving for Uz, Initial residual = 0.018025, Final residual = 1.66169e-05, No Iterations 1
GAMG:  Solving for p, Initial residual = 0.118829, Final residual = 0.000779266, No Iterations 4
GAMG:  Solving for p, Initial residual = 0.0162731, Final residual = 0.000159922, No Iterations 16
GAMG:  Solving for p, Initial residual = 0.00779354, Final residual = 6.61534e-05, No Iterations 4
time step continuity errors : sum local = 8.03533e-07, global = 2.73239e-07, cumulative = 2.73239e-07
GAMG:  Solving for p, Initial residual = 0.0532928, Final residual = 0.00032416, No Iterations 4
GAMG:  Solving for p, Initial residual = 0.00806527, Final residual = 6.87883e-05, No Iterations 16
GAMG:  Solving for p, Initial residual = 0.00391577, Final residual = 3.6214e-05, No Iterations 4
time step continuity errors : sum local = 4.42708e-07, global = 9.40237e-08, cumulative = 3.67263e-07
PIMPLE: iteration 2
DILUPBiCG:  Solving for Ux, Initial residual = 0.0155166, Final residual = 8.98376e-05, No Iterations 1
DILUPBiCG:  Solving for Uy, Initial residual = 0.00314832, Final residual = 6.44034e-06, No Iterations 1
DILUPBiCG:  Solving for Uz, Initial residual = 0.00261188, Final residual = 8.98029e-06, No Iterations 1
GAMG:  Solving for p, Initial residual = 0.0524069, Final residual = 0.000507056, No Iterations 4
GAMG:  Solving for p, Initial residual = 0.0105969, Final residual = 0.000105024, No Iterations 14
GAMG:  Solving for p, Initial residual = 0.00484942, Final residual = 4.00705e-05, No Iterations 4
time step continuity errors : sum local = 4.25071e-07, global = -1.46788e-07, cumulative = 2.20474e-07
GAMG:  Solving for p, Initial residual = 0.027661, Final residual = 0.000241119, No Iterations 4
GAMG:  Solving for p, Initial residual = 0.005719, Final residual = 5.33076e-05, No Iterations 12
GAMG:  Solving for p, Initial residual = 0.00234324, Final residual = 1.98329e-05, No Iterations 4
time step continuity errors : sum local = 2.10747e-07, global = -7.23998e-08, cumulative = 1.48074e-07
PIMPLE: iteration 3
DILUPBiCG:  Solving for Ux, Initial residual = 0.00333408, Final residual = 2.58952e-06, No Iterations 2
DILUPBiCG:  Solving for Uy, Initial residual = 0.000722982, Final residual = 4.65741e-06, No Iterations 1
DILUPBiCG:  Solving for Uz, Initial residual = 0.00493925, Final residual = 1.63668e-06, No Iterations 2
GAMG:  Solving for p, Initial residual = 0.0443796, Final residual = 0.000341667, No Iterations 5
GAMG:  Solving for p, Initial residual = 0.0103457, Final residual = 9.72967e-05, No Iterations 14
GAMG:  Solving for p, Initial residual = 0.00524201, Final residual = 5.13509e-05, No Iterations 10
time step continuity errors : sum local = 6.10897e-07, global = -1.61502e-07, cumulative = -1.34272e-08
GAMG:  Solving for p, Initial residual = 0.00253629, Final residual = 1.89977e-05, No Iterations 8
GAMG:  Solving for p, Initial residual = 0.00132608, Final residual = 9.53259e-06, No Iterations 5
GAMG:  Solving for p, Initial residual = 0.000531457, Final residual = 9.06773e-07, No Iterations 28
time step continuity errors : sum local = 1.06671e-08, global = 3.20729e-09, cumulative = -1.02199e-08
DILUPBiCG:  Solving for omega, Initial residual = 0.00125522, Final residual = 7.97708e-07, No Iterations 1
DILUPBiCG:  Solving for k, Initial residual = 0.00381927, Final residual = 6.31823e-07, No Iterations 2
bounding k, min: 0 max: 0.000663902 average: 0.000157683
ExecutionTime = 14.31 s  ClockTime = 15 s

End

