/*---------------------------------------------------------------------------*\
| =========                 |                                                 |
| \\      /  F ield         | OpenFOAM: The Open Source CFD Toolbox           |
|  \\    /   O peration     | Version:  2.3.1                                 |
|   \\  /    A nd           | Web:      www.OpenFOAM.org                      |
|    \\/     M anipulation  |                                                 |
\*---------------------------------------------------------------------------*/
Build  : 2.3.1-262087cdf8db
Exec   : pimpleDyMFoam
Date   : Jun 06 2023
Time   : 00:59:48
Host   : "jcosson-VirtualBox"
PID    : 19297
Case   : /home/jcosson/workspace/henersj_shootingdata/calcs/moderate_deformed/primal/100_intervals_05-06-23/sweep27/interval68
nProcs : 1
sigFpe : Enabling floating point exception trapping (FOAM_SIGFPE).
fileModificationChecking : Monitoring run-time modified files using timeStampMaster
allowSystemOperations : Allowing user-supplied system call operations

// * * * * * * * * * * * * * * * * * * * * * * * * * * * * * * * * * * * * * //
Create time

Create mesh for time = 0.467

Selecting dynamicFvMesh dynamicMotionSolverFvMesh
Selecting motion solver: displacementLaplacian
Selecting motion diffusion: quadratic
Selecting motion diffusion: quadratic
Selecting motion diffusion: inverseDistance

PIMPLE: no residual control data found. Calculations will employ 3 corrector loops

Reading field p

Reading field U

Reading/calculating face flux field phi

Selecting incompressible transport model Newtonian
Selecting turbulence model type RASModel
Selecting RAS turbulence model kOmegaSST
kOmegaSSTCoeffs
{
    alphaK1         0.85034;
    alphaK2         1;
    alphaOmega1     0.5;
    alphaOmega2     0.85616;
    gamma1          0.5532;
    gamma2          0.4403;
    beta1           0.075;
    beta2           0.0828;
    betaStar        0.09;
    a1              0.31;
    c1              10;
    Cmu             0.09;
    b1              1;
    F3              false;
}

Reading/calculating face velocity Uf

No finite volume options present

Courant Number mean: 0.232832 max: 0.513528

Starting time loop

Courant Number mean: 0.232832 max: 0.513528
Time = 0.468

GAMG:  Solving for cellDisplacementx, Initial residual = 0, Final residual = 0, No Iterations 0
GAMG:  Solving for cellDisplacementy, Initial residual = 0, Final residual = 0, No Iterations 0
GAMG:  Solving for cellDisplacementz, Initial residual = 0, Final residual = 0, No Iterations 0
PIMPLE: iteration 1
DILUPBiCG:  Solving for Ux, Initial residual = 0.0422862, Final residual = 0.000176556, No Iterations 1
DILUPBiCG:  Solving for Uy, Initial residual = 0.00682433, Final residual = 1.58297e-05, No Iterations 1
DILUPBiCG:  Solving for Uz, Initial residual = 0.0130916, Final residual = 3.43147e-05, No Iterations 1
GAMG:  Solving for p, Initial residual = 0.135616, Final residual = 0.001113, No Iterations 6
GAMG:  Solving for p, Initial residual = 0.0158354, Final residual = 0.000134407, No Iterations 20
GAMG:  Solving for p, Initial residual = 0.00679885, Final residual = 6.48912e-05, No Iterations 10
time step continuity errors : sum local = 8.39816e-07, global = 2.25231e-07, cumulative = 2.25231e-07
GAMG:  Solving for p, Initial residual = 0.056578, Final residual = 0.000367257, No Iterations 6
GAMG:  Solving for p, Initial residual = 0.00799193, Final residual = 7.52109e-05, No Iterations 16
GAMG:  Solving for p, Initial residual = 0.0035369, Final residual = 3.08674e-05, No Iterations 12
time step continuity errors : sum local = 3.98189e-07, global = 1.19389e-07, cumulative = 3.4462e-07
PIMPLE: iteration 2
DILUPBiCG:  Solving for Ux, Initial residual = 0.0126343, Final residual = 7.23545e-05, No Iterations 1
DILUPBiCG:  Solving for Uy, Initial residual = 0.00214992, Final residual = 5.08257e-06, No Iterations 1
DILUPBiCG:  Solving for Uz, Initial residual = 0.00362182, Final residual = 1.27341e-05, No Iterations 1
GAMG:  Solving for p, Initial residual = 0.0573896, Final residual = 0.000464933, No Iterations 4
GAMG:  Solving for p, Initial residual = 0.0093994, Final residual = 8.53121e-05, No Iterations 16
GAMG:  Solving for p, Initial residual = 0.00432069, Final residual = 3.99779e-05, No Iterations 8
time step continuity errors : sum local = 4.3716e-07, global = -1.3853e-07, cumulative = 2.0609e-07
GAMG:  Solving for p, Initial residual = 0.0293314, Final residual = 0.000199729, No Iterations 4
GAMG:  Solving for p, Initial residual = 0.00461938, Final residual = 3.87223e-05, No Iterations 14
GAMG:  Solving for p, Initial residual = 0.00202766, Final residual = 1.86336e-05, No Iterations 8
time step continuity errors : sum local = 2.04933e-07, global = -5.97616e-08, cumulative = 1.46329e-07
PIMPLE: iteration 3
DILUPBiCG:  Solving for Ux, Initial residual = 0.0032266, Final residual = 1.34393e-06, No Iterations 2
DILUPBiCG:  Solving for Uy, Initial residual = 0.000546821, Final residual = 7.22625e-06, No Iterations 1
DILUPBiCG:  Solving for Uz, Initial residual = 0.00702374, Final residual = 2.64075e-06, No Iterations 2
GAMG:  Solving for p, Initial residual = 0.0403115, Final residual = 0.000328948, No Iterations 5
GAMG:  Solving for p, Initial residual = 0.00914805, Final residual = 7.86908e-05, No Iterations 15
GAMG:  Solving for p, Initial residual = 0.00437711, Final residual = 3.59571e-05, No Iterations 10
time step continuity errors : sum local = 4.4057e-07, global = -1.14941e-07, cumulative = 3.13879e-08
GAMG:  Solving for p, Initial residual = 0.00256845, Final residual = 2.40347e-05, No Iterations 20
GAMG:  Solving for p, Initial residual = 0.00144615, Final residual = 1.26602e-05, No Iterations 4
GAMG:  Solving for p, Initial residual = 0.000565032, Final residual = 9.23997e-07, No Iterations 36
time step continuity errors : sum local = 1.12911e-08, global = 3.32351e-09, cumulative = 3.47114e-08
DILUPBiCG:  Solving for omega, Initial residual = 0.000483542, Final residual = 9.49225e-07, No Iterations 1
DILUPBiCG:  Solving for k, Initial residual = 0.00470201, Final residual = 1.51192e-06, No Iterations 2
ExecutionTime = 17.7 s  ClockTime = 18 s

End

