/*---------------------------------------------------------------------------*\
| =========                 |                                                 |
| \\      /  F ield         | OpenFOAM: The Open Source CFD Toolbox           |
|  \\    /   O peration     | Version:  2.3.1                                 |
|   \\  /    A nd           | Web:      www.OpenFOAM.org                      |
|    \\/     M anipulation  |                                                 |
\*---------------------------------------------------------------------------*/
Build  : 2.3.1-262087cdf8db
Exec   : pimpleDyMFoam
Date   : Jun 06 2023
Time   : 01:00:34
Host   : "jcosson-VirtualBox"
PID    : 19362
Case   : /home/jcosson/workspace/henersj_shootingdata/calcs/moderate_deformed/primal/100_intervals_05-06-23/sweep27/interval100
nProcs : 1
sigFpe : Enabling floating point exception trapping (FOAM_SIGFPE).
fileModificationChecking : Monitoring run-time modified files using timeStampMaster
allowSystemOperations : Allowing user-supplied system call operations

// * * * * * * * * * * * * * * * * * * * * * * * * * * * * * * * * * * * * * //
Create time

Create mesh for time = 0.499

Selecting dynamicFvMesh dynamicMotionSolverFvMesh
Selecting motion solver: displacementLaplacian
Selecting motion diffusion: quadratic
Selecting motion diffusion: quadratic
Selecting motion diffusion: inverseDistance

PIMPLE: no residual control data found. Calculations will employ 3 corrector loops

Reading field p

Reading field U

Reading/calculating face flux field phi

Selecting incompressible transport model Newtonian
Selecting turbulence model type RASModel
Selecting RAS turbulence model kOmegaSST
bounding k, min: 0 max: 0.000615341 average: 0.00015024
kOmegaSSTCoeffs
{
    alphaK1         0.85034;
    alphaK2         1;
    alphaOmega1     0.5;
    alphaOmega2     0.85616;
    gamma1          0.5532;
    gamma2          0.4403;
    beta1           0.075;
    beta2           0.0828;
    betaStar        0.09;
    a1              0.31;
    c1              10;
    Cmu             0.09;
    b1              1;
    F3              false;
}

Reading/calculating face velocity Uf

No finite volume options present

Courant Number mean: 0.0982756 max: 0.220843

Starting time loop

Courant Number mean: 0.0982756 max: 0.220843
Time = 0.5

GAMG:  Solving for cellDisplacementx, Initial residual = 0, Final residual = 0, No Iterations 0
GAMG:  Solving for cellDisplacementy, Initial residual = 0, Final residual = 0, No Iterations 0
GAMG:  Solving for cellDisplacementz, Initial residual = 0, Final residual = 0, No Iterations 0
PIMPLE: iteration 1
DILUPBiCG:  Solving for Ux, Initial residual = 0.00921186, Final residual = 3.39722e-05, No Iterations 1
DILUPBiCG:  Solving for Uy, Initial residual = 0.0021263, Final residual = 4.51275e-06, No Iterations 1
DILUPBiCG:  Solving for Uz, Initial residual = 0.0105828, Final residual = 2.27859e-05, No Iterations 1
GAMG:  Solving for p, Initial residual = 0.0866437, Final residual = 0.000769994, No Iterations 6
GAMG:  Solving for p, Initial residual = 0.0486203, Final residual = 0.000386937, No Iterations 5
GAMG:  Solving for p, Initial residual = 0.0087533, Final residual = 7.55353e-05, No Iterations 22
time step continuity errors : sum local = 1.31785e-07, global = -3.80906e-08, cumulative = -3.80906e-08
GAMG:  Solving for p, Initial residual = 0.0477472, Final residual = 0.00043594, No Iterations 5
GAMG:  Solving for p, Initial residual = 0.023219, Final residual = 0.000147423, No Iterations 5
GAMG:  Solving for p, Initial residual = 0.00445268, Final residual = 4.0112e-05, No Iterations 15
time step continuity errors : sum local = 6.90244e-08, global = -1.87447e-08, cumulative = -5.68353e-08
PIMPLE: iteration 2
DILUPBiCG:  Solving for Ux, Initial residual = 0.00152376, Final residual = 2.93068e-05, No Iterations 1
DILUPBiCG:  Solving for Uy, Initial residual = 0.000379855, Final residual = 4.91788e-06, No Iterations 1
DILUPBiCG:  Solving for Uz, Initial residual = 0.0032817, Final residual = 2.50045e-05, No Iterations 1
GAMG:  Solving for p, Initial residual = 0.0458273, Final residual = 0.000423149, No Iterations 11
GAMG:  Solving for p, Initial residual = 0.0364328, Final residual = 0.000322275, No Iterations 6
GAMG:  Solving for p, Initial residual = 0.00696974, Final residual = 6.56998e-05, No Iterations 20
time step continuity errors : sum local = 1.01197e-07, global = -2.87985e-08, cumulative = -8.56338e-08
GAMG:  Solving for p, Initial residual = 0.0256815, Final residual = 0.000226698, No Iterations 9
GAMG:  Solving for p, Initial residual = 0.0170451, Final residual = 0.000139482, No Iterations 8
GAMG:  Solving for p, Initial residual = 0.00361419, Final residual = 3.43522e-05, No Iterations 18
time step continuity errors : sum local = 5.26538e-08, global = -1.47357e-08, cumulative = -1.00369e-07
PIMPLE: iteration 3
DILUPBiCG:  Solving for Ux, Initial residual = 0.000191778, Final residual = 1.76234e-06, No Iterations 1
DILUPBiCG:  Solving for Uy, Initial residual = 7.08262e-05, Final residual = 6.17055e-07, No Iterations 1
DILUPBiCG:  Solving for Uz, Initial residual = 0.00123419, Final residual = 9.87119e-06, No Iterations 1
GAMG:  Solving for p, Initial residual = 0.113007, Final residual = 0.00101467, No Iterations 3
GAMG:  Solving for p, Initial residual = 0.0166786, Final residual = 0.000162219, No Iterations 20
GAMG:  Solving for p, Initial residual = 0.0183006, Final residual = 0.000181936, No Iterations 4
time step continuity errors : sum local = 2.8077e-07, global = -4.4863e-08, cumulative = -1.45232e-07
GAMG:  Solving for p, Initial residual = 0.00486526, Final residual = 4.10797e-05, No Iterations 8
GAMG:  Solving for p, Initial residual = 0.00243286, Final residual = 1.89699e-05, No Iterations 6
GAMG:  Solving for p, Initial residual = 0.000819603, Final residual = 7.87139e-07, No Iterations 24
time step continuity errors : sum local = 1.18599e-09, global = -2.74867e-10, cumulative = -1.45507e-07
DILUPBiCG:  Solving for omega, Initial residual = 0.00143363, Final residual = 7.00345e-07, No Iterations 1
DILUPBiCG:  Solving for k, Initial residual = 0.00350503, Final residual = 6.76583e-07, No Iterations 2
bounding k, min: 0 max: 0.000602757 average: 0.000149426
ExecutionTime = 6.88 s  ClockTime = 7 s

End

