/*---------------------------------------------------------------------------*\
| =========                 |                                                 |
| \\      /  F ield         | OpenFOAM: The Open Source CFD Toolbox           |
|  \\    /   O peration     | Version:  2.3.1                                 |
|   \\  /    A nd           | Web:      www.OpenFOAM.org                      |
|    \\/     M anipulation  |                                                 |
\*---------------------------------------------------------------------------*/
Build  : 2.3.1-262087cdf8db
Exec   : pimpleDyMFoam
Date   : Jun 05 2023
Time   : 18:31:19
Host   : "jcosson-VirtualBox"
PID    : 18604
Case   : /home/jcosson/workspace/henersj_shootingdata/calcs/moderate_deformed/primal/56_intervals_05-06-23/sweep15/interval15
nProcs : 1
sigFpe : Enabling floating point exception trapping (FOAM_SIGFPE).
fileModificationChecking : Monitoring run-time modified files using timeStampMaster
allowSystemOperations : Allowing user-supplied system call operations

// * * * * * * * * * * * * * * * * * * * * * * * * * * * * * * * * * * * * * //
Create time

Create mesh for time = 0.425

Selecting dynamicFvMesh dynamicMotionSolverFvMesh
Selecting motion solver: displacementLaplacian
Selecting motion diffusion: quadratic
Selecting motion diffusion: quadratic
Selecting motion diffusion: inverseDistance

PIMPLE: no residual control data found. Calculations will employ 3 corrector loops

Reading field p

Reading field U

Reading/calculating face flux field phi

Selecting incompressible transport model Newtonian
Selecting turbulence model type RASModel
Selecting RAS turbulence model kOmegaSST
kOmegaSSTCoeffs
{
    alphaK1         0.85034;
    alphaK2         1;
    alphaOmega1     0.5;
    alphaOmega2     0.85616;
    gamma1          0.5532;
    gamma2          0.4403;
    beta1           0.075;
    beta2           0.0828;
    betaStar        0.09;
    a1              0.31;
    c1              10;
    Cmu             0.09;
    b1              1;
    F3              false;
}

Reading/calculating face velocity Uf

No finite volume options present

Courant Number mean: 0.187859 max: 0.405125

Starting time loop

Courant Number mean: 0.187859 max: 0.405125
Time = 0.426

GAMG:  Solving for cellDisplacementx, Initial residual = 0, Final residual = 0, No Iterations 0
GAMG:  Solving for cellDisplacementy, Initial residual = 0, Final residual = 0, No Iterations 0
GAMG:  Solving for cellDisplacementz, Initial residual = 0, Final residual = 0, No Iterations 0
PIMPLE: iteration 1
DILUPBiCG:  Solving for Ux, Initial residual = 0.0591692, Final residual = 0.000198586, No Iterations 1
DILUPBiCG:  Solving for Uy, Initial residual = 0.00994557, Final residual = 2.04282e-05, No Iterations 1
DILUPBiCG:  Solving for Uz, Initial residual = 0.0198267, Final residual = 2.46794e-05, No Iterations 1
GAMG:  Solving for p, Initial residual = 0.126213, Final residual = 0.00086869, No Iterations 6
GAMG:  Solving for p, Initial residual = 0.0156275, Final residual = 0.000137112, No Iterations 18
GAMG:  Solving for p, Initial residual = 0.0068724, Final residual = 6.49213e-05, No Iterations 4
time step continuity errors : sum local = 1.00012e-06, global = -3.41336e-07, cumulative = -3.41336e-07
GAMG:  Solving for p, Initial residual = 0.054202, Final residual = 0.000512439, No Iterations 4
GAMG:  Solving for p, Initial residual = 0.00781207, Final residual = 7.07726e-05, No Iterations 18
GAMG:  Solving for p, Initial residual = 0.0036034, Final residual = 3.52923e-05, No Iterations 4
time step continuity errors : sum local = 5.44824e-07, global = -1.89758e-07, cumulative = -5.31094e-07
PIMPLE: iteration 2
DILUPBiCG:  Solving for Ux, Initial residual = 0.016612, Final residual = 7.69092e-05, No Iterations 1
DILUPBiCG:  Solving for Uy, Initial residual = 0.00276243, Final residual = 7.26018e-06, No Iterations 1
DILUPBiCG:  Solving for Uz, Initial residual = 0.00341165, Final residual = 1.78011e-05, No Iterations 1
GAMG:  Solving for p, Initial residual = 0.0547673, Final residual = 0.000469291, No Iterations 4
GAMG:  Solving for p, Initial residual = 0.00945199, Final residual = 8.07249e-05, No Iterations 16
GAMG:  Solving for p, Initial residual = 0.00434447, Final residual = 4.20761e-05, No Iterations 6
time step continuity errors : sum local = 5.54207e-07, global = 1.77459e-07, cumulative = -3.53635e-07
GAMG:  Solving for p, Initial residual = 0.028237, Final residual = 0.0002067, No Iterations 4
GAMG:  Solving for p, Initial residual = 0.00474067, Final residual = 3.94886e-05, No Iterations 14
GAMG:  Solving for p, Initial residual = 0.00205797, Final residual = 1.86512e-05, No Iterations 6
time step continuity errors : sum local = 2.46932e-07, global = 7.24693e-08, cumulative = -2.81166e-07
PIMPLE: iteration 3
DILUPBiCG:  Solving for Ux, Initial residual = 0.0040455, Final residual = 1.40662e-06, No Iterations 2
DILUPBiCG:  Solving for Uy, Initial residual = 0.000682425, Final residual = 8.25745e-06, No Iterations 1
DILUPBiCG:  Solving for Uz, Initial residual = 0.00835364, Final residual = 2.58356e-06, No Iterations 2
GAMG:  Solving for p, Initial residual = 0.0403631, Final residual = 0.00029732, No Iterations 5
GAMG:  Solving for p, Initial residual = 0.00959456, Final residual = 7.80237e-05, No Iterations 5
GAMG:  Solving for p, Initial residual = 0.00420097, Final residual = 3.53533e-05, No Iterations 10
time step continuity errors : sum local = 5.23982e-07, global = 1.33288e-07, cumulative = -1.47878e-07
GAMG:  Solving for p, Initial residual = 0.00238571, Final residual = 2.19646e-05, No Iterations 18
GAMG:  Solving for p, Initial residual = 0.00135298, Final residual = 1.14491e-05, No Iterations 4
GAMG:  Solving for p, Initial residual = 0.000516819, Final residual = 9.77077e-07, No Iterations 32
time step continuity errors : sum local = 1.43955e-08, global = -4.23862e-09, cumulative = -1.52117e-07
DILUPBiCG:  Solving for omega, Initial residual = 0.000640532, Final residual = 7.31665e-07, No Iterations 1
DILUPBiCG:  Solving for k, Initial residual = 0.00468341, Final residual = 1.19072e-06, No Iterations 2
ExecutionTime = 16.99 s  ClockTime = 17 s

Courant Number mean: 0.193648 max: 0.41827
Time = 0.427

GAMG:  Solving for cellDisplacementx, Initial residual = 0, Final residual = 0, No Iterations 0
GAMG:  Solving for cellDisplacementy, Initial residual = 0, Final residual = 0, No Iterations 0
GAMG:  Solving for cellDisplacementz, Initial residual = 0, Final residual = 0, No Iterations 0
PIMPLE: iteration 1
DILUPBiCG:  Solving for Ux, Initial residual = 0.0579262, Final residual = 0.000192485, No Iterations 1
DILUPBiCG:  Solving for Uy, Initial residual = 0.00958468, Final residual = 1.98758e-05, No Iterations 1
DILUPBiCG:  Solving for Uz, Initial residual = 0.017864, Final residual = 2.12972e-05, No Iterations 1
GAMG:  Solving for p, Initial residual = 0.116317, Final residual = 0.000805326, No Iterations 6
GAMG:  Solving for p, Initial residual = 0.0137311, Final residual = 0.000125152, No Iterations 18
GAMG:  Solving for p, Initial residual = 0.00611135, Final residual = 5.56948e-05, No Iterations 4
time step continuity errors : sum local = 8.56316e-07, global = -3.12736e-07, cumulative = -4.64853e-07
GAMG:  Solving for p, Initial residual = 0.0501857, Final residual = 0.000289443, No Iterations 6
GAMG:  Solving for p, Initial residual = 0.00684219, Final residual = 6.23331e-05, No Iterations 16
GAMG:  Solving for p, Initial residual = 0.00310324, Final residual = 2.68213e-05, No Iterations 10
time step continuity errors : sum local = 4.12483e-07, global = -1.06985e-07, cumulative = -5.71838e-07
PIMPLE: iteration 2
DILUPBiCG:  Solving for Ux, Initial residual = 0.0162519, Final residual = 7.34824e-05, No Iterations 1
DILUPBiCG:  Solving for Uy, Initial residual = 0.00269409, Final residual = 7.27066e-06, No Iterations 1
DILUPBiCG:  Solving for Uz, Initial residual = 0.00326065, Final residual = 1.39692e-05, No Iterations 1
GAMG:  Solving for p, Initial residual = 0.0504623, Final residual = 0.00048476, No Iterations 4
GAMG:  Solving for p, Initial residual = 0.0084183, Final residual = 8.26988e-05, No Iterations 16
GAMG:  Solving for p, Initial residual = 0.00382883, Final residual = 3.44628e-05, No Iterations 10
time step continuity errors : sum local = 4.51945e-07, global = 1.18153e-07, cumulative = -4.53685e-07
GAMG:  Solving for p, Initial residual = 0.0259157, Final residual = 0.000211332, No Iterations 4
GAMG:  Solving for p, Initial residual = 0.00416688, Final residual = 4.0223e-05, No Iterations 14
GAMG:  Solving for p, Initial residual = 0.00178376, Final residual = 1.68025e-05, No Iterations 10
time step continuity errors : sum local = 2.21497e-07, global = 5.59972e-08, cumulative = -3.97688e-07
PIMPLE: iteration 3
DILUPBiCG:  Solving for Ux, Initial residual = 0.00388858, Final residual = 1.38266e-06, No Iterations 2
DILUPBiCG:  Solving for Uy, Initial residual = 0.000661797, Final residual = 8.69262e-06, No Iterations 1
DILUPBiCG:  Solving for Uz, Initial residual = 0.0079609, Final residual = 3.13179e-06, No Iterations 2
GAMG:  Solving for p, Initial residual = 0.0401977, Final residual = 0.00031698, No Iterations 5
GAMG:  Solving for p, Initial residual = 0.00971232, Final residual = 8.11042e-05, No Iterations 5
GAMG:  Solving for p, Initial residual = 0.00431163, Final residual = 3.8469e-05, No Iterations 10
time step continuity errors : sum local = 5.67246e-07, global = 1.44387e-07, cumulative = -2.53301e-07
GAMG:  Solving for p, Initial residual = 0.00242186, Final residual = 2.23057e-05, No Iterations 18
GAMG:  Solving for p, Initial residual = 0.00137589, Final residual = 1.12672e-05, No Iterations 4
GAMG:  Solving for p, Initial residual = 0.000530853, Final residual = 8.92698e-07, No Iterations 34
time step continuity errors : sum local = 1.30755e-08, global = -3.82375e-09, cumulative = -2.57124e-07
DILUPBiCG:  Solving for omega, Initial residual = 0.000654488, Final residual = 7.39747e-07, No Iterations 1
DILUPBiCG:  Solving for k, Initial residual = 0.0047955, Final residual = 1.17557e-06, No Iterations 2
ExecutionTime = 32.08 s  ClockTime = 32 s

End

