/*---------------------------------------------------------------------------*\
| =========                 |                                                 |
| \\      /  F ield         | OpenFOAM: The Open Source CFD Toolbox           |
|  \\    /   O peration     | Version:  2.3.1                                 |
|   \\  /    A nd           | Web:      www.OpenFOAM.org                      |
|    \\/     M anipulation  |                                                 |
\*---------------------------------------------------------------------------*/
Build  : 2.3.1-262087cdf8db
Exec   : pimpleDyMFoam
Date   : Jun 05 2023
Time   : 18:41:49
Host   : "jcosson-VirtualBox"
PID    : 22261
Case   : /home/jcosson/workspace/henersj_shootingdata/calcs/moderate_deformed/primal/56_intervals_05-06-23/sweep19/interval32
nProcs : 1
sigFpe : Enabling floating point exception trapping (FOAM_SIGFPE).
fileModificationChecking : Monitoring run-time modified files using timeStampMaster
allowSystemOperations : Allowing user-supplied system call operations

// * * * * * * * * * * * * * * * * * * * * * * * * * * * * * * * * * * * * * //
Create time

Create mesh for time = 0.455

Selecting dynamicFvMesh dynamicMotionSolverFvMesh
Selecting motion solver: displacementLaplacian
Selecting motion diffusion: quadratic
Selecting motion diffusion: quadratic
Selecting motion diffusion: inverseDistance

PIMPLE: no residual control data found. Calculations will employ 3 corrector loops

Reading field p

Reading field U

Reading/calculating face flux field phi

Selecting incompressible transport model Newtonian
Selecting turbulence model type RASModel
Selecting RAS turbulence model kOmegaSST
kOmegaSSTCoeffs
{
    alphaK1         0.85034;
    alphaK2         1;
    alphaOmega1     0.5;
    alphaOmega2     0.85616;
    gamma1          0.5532;
    gamma2          0.4403;
    beta1           0.075;
    beta2           0.0828;
    betaStar        0.09;
    a1              0.31;
    c1              10;
    Cmu             0.09;
    b1              1;
    F3              false;
}

Reading/calculating face velocity Uf

No finite volume options present

Courant Number mean: 0.275471 max: 0.6101

Starting time loop

Courant Number mean: 0.275471 max: 0.6101
Time = 0.456

GAMG:  Solving for cellDisplacementx, Initial residual = 0, Final residual = 0, No Iterations 0
GAMG:  Solving for cellDisplacementy, Initial residual = 0, Final residual = 0, No Iterations 0
GAMG:  Solving for cellDisplacementz, Initial residual = 0, Final residual = 0, No Iterations 0
PIMPLE: iteration 1
DILUPBiCG:  Solving for Ux, Initial residual = 0.0116296, Final residual = 4.26331e-05, No Iterations 1
DILUPBiCG:  Solving for Uy, Initial residual = 0.00190499, Final residual = 4.91333e-06, No Iterations 1
DILUPBiCG:  Solving for Uz, Initial residual = 0.0154974, Final residual = 3.86945e-05, No Iterations 1
GAMG:  Solving for p, Initial residual = 0.196777, Final residual = 0.00161068, No Iterations 6
GAMG:  Solving for p, Initial residual = 0.0277251, Final residual = 0.000243551, No Iterations 16
GAMG:  Solving for p, Initial residual = 0.0109387, Final residual = 9.30417e-05, No Iterations 12
time step continuity errors : sum local = 4.87991e-07, global = 1.46482e-07, cumulative = 1.46482e-07
GAMG:  Solving for p, Initial residual = 0.0779357, Final residual = 0.00050033, No Iterations 6
GAMG:  Solving for p, Initial residual = 0.013703, Final residual = 0.00013452, No Iterations 12
GAMG:  Solving for p, Initial residual = 0.00562984, Final residual = 5.27025e-05, No Iterations 12
time step continuity errors : sum local = 2.74397e-07, global = 8.18151e-08, cumulative = 2.28297e-07
PIMPLE: iteration 2
DILUPBiCG:  Solving for Ux, Initial residual = 0.00399887, Final residual = 2.40545e-05, No Iterations 1
DILUPBiCG:  Solving for Uy, Initial residual = 0.000676414, Final residual = 3.12916e-06, No Iterations 1
DILUPBiCG:  Solving for Uz, Initial residual = 0.00432102, Final residual = 1.25782e-05, No Iterations 1
GAMG:  Solving for p, Initial residual = 0.0806283, Final residual = 0.000322807, No Iterations 4
GAMG:  Solving for p, Initial residual = 0.0142933, Final residual = 0.000122908, No Iterations 5
GAMG:  Solving for p, Initial residual = 0.00615351, Final residual = 4.99643e-05, No Iterations 6
time step continuity errors : sum local = 2.25248e-07, global = 5.72481e-08, cumulative = 2.85546e-07
GAMG:  Solving for p, Initial residual = 0.0397516, Final residual = 0.000340356, No Iterations 3
GAMG:  Solving for p, Initial residual = 0.00696101, Final residual = 5.78417e-05, No Iterations 4
GAMG:  Solving for p, Initial residual = 0.00315991, Final residual = 2.37769e-05, No Iterations 4
time step continuity errors : sum local = 1.07418e-07, global = -4.69033e-10, cumulative = 2.85077e-07
PIMPLE: iteration 3
DILUPBiCG:  Solving for Ux, Initial residual = 0.00125088, Final residual = 2.74951e-07, No Iterations 2
DILUPBiCG:  Solving for Uy, Initial residual = 0.00020913, Final residual = 4.28449e-06, No Iterations 1
DILUPBiCG:  Solving for Uz, Initial residual = 0.00281612, Final residual = 8.60089e-07, No Iterations 2
GAMG:  Solving for p, Initial residual = 0.0535129, Final residual = 0.000389719, No Iterations 4
GAMG:  Solving for p, Initial residual = 0.012688, Final residual = 0.000124868, No Iterations 10
GAMG:  Solving for p, Initial residual = 0.00579872, Final residual = 5.32464e-05, No Iterations 10
time step continuity errors : sum local = 2.60498e-07, global = -6.77939e-08, cumulative = 2.17283e-07
GAMG:  Solving for p, Initial residual = 0.00411553, Final residual = 3.89524e-05, No Iterations 11
GAMG:  Solving for p, Initial residual = 0.00221495, Final residual = 1.97335e-05, No Iterations 4
GAMG:  Solving for p, Initial residual = 0.000812645, Final residual = 9.02045e-07, No Iterations 40
time step continuity errors : sum local = 4.3917e-09, global = 1.30636e-09, cumulative = 2.18589e-07
DILUPBiCG:  Solving for omega, Initial residual = 0.000835714, Final residual = 1.27832e-06, No Iterations 1
DILUPBiCG:  Solving for k, Initial residual = 0.00464149, Final residual = 1.35637e-06, No Iterations 2
ExecutionTime = 15.75 s  ClockTime = 16 s

Courant Number mean: 0.273539 max: 0.606107
Time = 0.457

GAMG:  Solving for cellDisplacementx, Initial residual = 0, Final residual = 0, No Iterations 0
GAMG:  Solving for cellDisplacementy, Initial residual = 0, Final residual = 0, No Iterations 0
GAMG:  Solving for cellDisplacementz, Initial residual = 0, Final residual = 0, No Iterations 0
PIMPLE: iteration 1
DILUPBiCG:  Solving for Ux, Initial residual = 0.0142806, Final residual = 5.34786e-05, No Iterations 1
DILUPBiCG:  Solving for Uy, Initial residual = 0.00229702, Final residual = 5.59708e-06, No Iterations 1
DILUPBiCG:  Solving for Uz, Initial residual = 0.0142998, Final residual = 3.63804e-05, No Iterations 1
GAMG:  Solving for p, Initial residual = 0.147663, Final residual = 0.00137063, No Iterations 8
GAMG:  Solving for p, Initial residual = 0.0204343, Final residual = 0.000198237, No Iterations 16
GAMG:  Solving for p, Initial residual = 0.00787028, Final residual = 6.54837e-05, No Iterations 14
time step continuity errors : sum local = 3.8984e-07, global = 1.22114e-07, cumulative = 3.40703e-07
GAMG:  Solving for p, Initial residual = 0.0581311, Final residual = 0.000484342, No Iterations 6
GAMG:  Solving for p, Initial residual = 0.00992385, Final residual = 9.42105e-05, No Iterations 16
GAMG:  Solving for p, Initial residual = 0.00413446, Final residual = 3.49075e-05, No Iterations 12
time step continuity errors : sum local = 2.06412e-07, global = 6.0969e-08, cumulative = 4.01672e-07
PIMPLE: iteration 2
DILUPBiCG:  Solving for Ux, Initial residual = 0.00478246, Final residual = 2.29094e-05, No Iterations 1
DILUPBiCG:  Solving for Uy, Initial residual = 0.000803439, Final residual = 3.22105e-06, No Iterations 1
DILUPBiCG:  Solving for Uz, Initial residual = 0.00416039, Final residual = 1.20454e-05, No Iterations 1
GAMG:  Solving for p, Initial residual = 0.0595546, Final residual = 0.000285071, No Iterations 4
GAMG:  Solving for p, Initial residual = 0.0101835, Final residual = 0.000101072, No Iterations 12
GAMG:  Solving for p, Initial residual = 0.00483803, Final residual = 4.44491e-05, No Iterations 8
time step continuity errors : sum local = 2.25481e-07, global = -8.33524e-08, cumulative = 3.18319e-07
GAMG:  Solving for p, Initial residual = 0.0295691, Final residual = 0.000287994, No Iterations 3
GAMG:  Solving for p, Initial residual = 0.00488777, Final residual = 4.14208e-05, No Iterations 6
GAMG:  Solving for p, Initial residual = 0.00232209, Final residual = 1.49087e-05, No Iterations 5
time step continuity errors : sum local = 7.58711e-08, global = -1.96579e-08, cumulative = 2.98662e-07
PIMPLE: iteration 3
DILUPBiCG:  Solving for Ux, Initial residual = 0.0014378, Final residual = 3.05368e-07, No Iterations 2
DILUPBiCG:  Solving for Uy, Initial residual = 0.000238804, Final residual = 4.92118e-06, No Iterations 1
DILUPBiCG:  Solving for Uz, Initial residual = 0.00331269, Final residual = 7.66809e-07, No Iterations 2
GAMG:  Solving for p, Initial residual = 0.0463214, Final residual = 0.000433097, No Iterations 4
GAMG:  Solving for p, Initial residual = 0.0111073, Final residual = 0.000110543, No Iterations 12
GAMG:  Solving for p, Initial residual = 0.00513653, Final residual = 4.5131e-05, No Iterations 10
time step continuity errors : sum local = 2.50511e-07, global = -6.48868e-08, cumulative = 2.33775e-07
GAMG:  Solving for p, Initial residual = 0.00352759, Final residual = 2.38135e-05, No Iterations 8
GAMG:  Solving for p, Initial residual = 0.00201809, Final residual = 1.96381e-05, No Iterations 4
GAMG:  Solving for p, Initial residual = 0.000728728, Final residual = 8.74645e-07, No Iterations 35
time step continuity errors : sum local = 4.84122e-09, global = 1.43734e-09, cumulative = 2.35212e-07
DILUPBiCG:  Solving for omega, Initial residual = 0.00078997, Final residual = 1.24434e-06, No Iterations 1
DILUPBiCG:  Solving for k, Initial residual = 0.00469381, Final residual = 1.21686e-06, No Iterations 2
ExecutionTime = 29.03 s  ClockTime = 30 s

End

