/*---------------------------------------------------------------------------*\
| =========                 |                                                 |
| \\      /  F ield         | OpenFOAM: The Open Source CFD Toolbox           |
|  \\    /   O peration     | Version:  2.3.1                                 |
|   \\  /    A nd           | Web:      www.OpenFOAM.org                      |
|    \\/     M anipulation  |                                                 |
\*---------------------------------------------------------------------------*/
Build  : 2.3.1-262087cdf8db
Exec   : pimpleDyMFoam
Date   : Jun 05 2023
Time   : 18:41:49
Host   : "jcosson-VirtualBox"
PID    : 22244
Case   : /home/jcosson/workspace/henersj_shootingdata/calcs/moderate_deformed/primal/56_intervals_05-06-23/sweep19/interval22
nProcs : 1
sigFpe : Enabling floating point exception trapping (FOAM_SIGFPE).
fileModificationChecking : Monitoring run-time modified files using timeStampMaster
allowSystemOperations : Allowing user-supplied system call operations

// * * * * * * * * * * * * * * * * * * * * * * * * * * * * * * * * * * * * * //
Create time

Create mesh for time = 0.438

Selecting dynamicFvMesh dynamicMotionSolverFvMesh
Selecting motion solver: displacementLaplacian
Selecting motion diffusion: quadratic
Selecting motion diffusion: quadratic
Selecting motion diffusion: inverseDistance

PIMPLE: no residual control data found. Calculations will employ 3 corrector loops

Reading field p

Reading field U

Reading/calculating face flux field phi

Selecting incompressible transport model Newtonian
Selecting turbulence model type RASModel
Selecting RAS turbulence model kOmegaSST
kOmegaSSTCoeffs
{
    alphaK1         0.85034;
    alphaK2         1;
    alphaOmega1     0.5;
    alphaOmega2     0.85616;
    gamma1          0.5532;
    gamma2          0.4403;
    beta1           0.075;
    beta2           0.0828;
    betaStar        0.09;
    a1              0.31;
    c1              10;
    Cmu             0.09;
    b1              1;
    F3              false;
}

Reading/calculating face velocity Uf

No finite volume options present

Courant Number mean: 0.255018 max: 0.559948

Starting time loop

Courant Number mean: 0.255018 max: 0.559948
Time = 0.439

GAMG:  Solving for cellDisplacementx, Initial residual = 0, Final residual = 0, No Iterations 0
GAMG:  Solving for cellDisplacementy, Initial residual = 0, Final residual = 0, No Iterations 0
GAMG:  Solving for cellDisplacementz, Initial residual = 0, Final residual = 0, No Iterations 0
PIMPLE: iteration 1
DILUPBiCG:  Solving for Ux, Initial residual = 0.0324553, Final residual = 0.000106616, No Iterations 1
DILUPBiCG:  Solving for Uy, Initial residual = 0.0050661, Final residual = 1.3176e-05, No Iterations 1
DILUPBiCG:  Solving for Uz, Initial residual = 0.0113719, Final residual = 1.95753e-05, No Iterations 1
GAMG:  Solving for p, Initial residual = 0.116253, Final residual = 0.000942119, No Iterations 4
GAMG:  Solving for p, Initial residual = 0.0159712, Final residual = 0.000138536, No Iterations 16
GAMG:  Solving for p, Initial residual = 0.0069897, Final residual = 6.45044e-05, No Iterations 10
time step continuity errors : sum local = 7.16746e-07, global = -1.89667e-07, cumulative = -1.89667e-07
GAMG:  Solving for p, Initial residual = 0.0516248, Final residual = 0.000359314, No Iterations 4
GAMG:  Solving for p, Initial residual = 0.0078319, Final residual = 6.83406e-05, No Iterations 14
GAMG:  Solving for p, Initial residual = 0.00350147, Final residual = 3.3395e-05, No Iterations 10
time step continuity errors : sum local = 3.71385e-07, global = -1.00496e-07, cumulative = -2.90163e-07
PIMPLE: iteration 2
DILUPBiCG:  Solving for Ux, Initial residual = 0.00911813, Final residual = 3.50397e-05, No Iterations 1
DILUPBiCG:  Solving for Uy, Initial residual = 0.00146421, Final residual = 6.35722e-06, No Iterations 1
DILUPBiCG:  Solving for Uz, Initial residual = 0.00275913, Final residual = 8.46387e-06, No Iterations 1
GAMG:  Solving for p, Initial residual = 0.0515047, Final residual = 0.000511918, No Iterations 5
GAMG:  Solving for p, Initial residual = 0.0114844, Final residual = 0.000102132, No Iterations 13
GAMG:  Solving for p, Initial residual = 0.00439523, Final residual = 4.03607e-05, No Iterations 12
time step continuity errors : sum local = 3.81766e-07, global = 1.0901e-07, cumulative = -1.81153e-07
GAMG:  Solving for p, Initial residual = 0.0269188, Final residual = 0.000247946, No Iterations 4
GAMG:  Solving for p, Initial residual = 0.00544985, Final residual = 5.30056e-05, No Iterations 12
GAMG:  Solving for p, Initial residual = 0.00208362, Final residual = 2.06368e-05, No Iterations 12
time step continuity errors : sum local = 1.96601e-07, global = 5.61066e-08, cumulative = -1.25046e-07
PIMPLE: iteration 3
DILUPBiCG:  Solving for Ux, Initial residual = 0.00204265, Final residual = 8.56019e-07, No Iterations 2
DILUPBiCG:  Solving for Uy, Initial residual = 0.000336809, Final residual = 9.53034e-06, No Iterations 1
DILUPBiCG:  Solving for Uz, Initial residual = 0.00535681, Final residual = 3.33988e-06, No Iterations 2
GAMG:  Solving for p, Initial residual = 0.0458041, Final residual = 0.000376643, No Iterations 5
GAMG:  Solving for p, Initial residual = 0.0121721, Final residual = 0.000117892, No Iterations 10
GAMG:  Solving for p, Initial residual = 0.00532662, Final residual = 4.79527e-05, No Iterations 12
time step continuity errors : sum local = 5.05876e-07, global = 1.49651e-07, cumulative = 2.46043e-08
GAMG:  Solving for p, Initial residual = 0.00319326, Final residual = 3.01415e-05, No Iterations 16
GAMG:  Solving for p, Initial residual = 0.00187954, Final residual = 1.60084e-05, No Iterations 4
GAMG:  Solving for p, Initial residual = 0.000662363, Final residual = 9.26264e-07, No Iterations 40
time step continuity errors : sum local = 9.72937e-09, global = -2.87837e-09, cumulative = 2.17259e-08
DILUPBiCG:  Solving for omega, Initial residual = 0.0010622, Final residual = 1.25834e-06, No Iterations 1
DILUPBiCG:  Solving for k, Initial residual = 0.00635459, Final residual = 1.33078e-06, No Iterations 2
ExecutionTime = 17.67 s  ClockTime = 18 s

End

