/*---------------------------------------------------------------------------*\
| =========                 |                                                 |
| \\      /  F ield         | OpenFOAM: The Open Source CFD Toolbox           |
|  \\    /   O peration     | Version:  2.3.1                                 |
|   \\  /    A nd           | Web:      www.OpenFOAM.org                      |
|    \\/     M anipulation  |                                                 |
\*---------------------------------------------------------------------------*/
Build  : 2.3.1-262087cdf8db
Exec   : pimpleDyMFoam
Date   : Jun 06 2023
Time   : 02:17:30
Host   : "jcosson-VirtualBox"
PID    : 26555
Case   : /home/jcosson/workspace/henersj_shootingdata/calcs/moderate_deformed/primal/100_intervals_05-06-23/sweep57/interval77
nProcs : 1
sigFpe : Enabling floating point exception trapping (FOAM_SIGFPE).
fileModificationChecking : Monitoring run-time modified files using timeStampMaster
allowSystemOperations : Allowing user-supplied system call operations

// * * * * * * * * * * * * * * * * * * * * * * * * * * * * * * * * * * * * * //
Create time

Create mesh for time = 0.476

Selecting dynamicFvMesh dynamicMotionSolverFvMesh
Selecting motion solver: displacementLaplacian
Selecting motion diffusion: quadratic
Selecting motion diffusion: quadratic
Selecting motion diffusion: inverseDistance

PIMPLE: no residual control data found. Calculations will employ 3 corrector loops

Reading field p

Reading field U

Reading/calculating face flux field phi

Selecting incompressible transport model Newtonian
Selecting turbulence model type RASModel
Selecting RAS turbulence model kOmegaSST
kOmegaSSTCoeffs
{
    alphaK1         0.85034;
    alphaK2         1;
    alphaOmega1     0.5;
    alphaOmega2     0.85616;
    gamma1          0.5532;
    gamma2          0.4403;
    beta1           0.075;
    beta2           0.0828;
    betaStar        0.09;
    a1              0.31;
    c1              10;
    Cmu             0.09;
    b1              1;
    F3              false;
}

Reading/calculating face velocity Uf

No finite volume options present

Courant Number mean: 0.183348 max: 0.404604

Starting time loop

Courant Number mean: 0.183348 max: 0.404604
Time = 0.477

GAMG:  Solving for cellDisplacementx, Initial residual = 0, Final residual = 0, No Iterations 0
GAMG:  Solving for cellDisplacementy, Initial residual = 0, Final residual = 0, No Iterations 0
GAMG:  Solving for cellDisplacementz, Initial residual = 0, Final residual = 0, No Iterations 0
PIMPLE: iteration 1
DILUPBiCG:  Solving for Ux, Initial residual = 0.0602875, Final residual = 0.000246294, No Iterations 1
DILUPBiCG:  Solving for Uy, Initial residual = 0.0102776, Final residual = 2.30263e-05, No Iterations 1
DILUPBiCG:  Solving for Uz, Initial residual = 0.0116408, Final residual = 2.32968e-05, No Iterations 1
GAMG:  Solving for p, Initial residual = 0.122729, Final residual = 0.000878756, No Iterations 6
GAMG:  Solving for p, Initial residual = 0.0143569, Final residual = 0.000134848, No Iterations 18
GAMG:  Solving for p, Initial residual = 0.00637694, Final residual = 5.35429e-05, No Iterations 12
time step continuity errors : sum local = 8.25716e-07, global = 2.48154e-07, cumulative = 2.48154e-07
GAMG:  Solving for p, Initial residual = 0.052792, Final residual = 0.000494118, No Iterations 4
GAMG:  Solving for p, Initial residual = 0.00727099, Final residual = 6.77798e-05, No Iterations 18
GAMG:  Solving for p, Initial residual = 0.00341088, Final residual = 3.30507e-05, No Iterations 10
time step continuity errors : sum local = 5.1052e-07, global = 1.36553e-07, cumulative = 3.84707e-07
PIMPLE: iteration 2
DILUPBiCG:  Solving for Ux, Initial residual = 0.0169801, Final residual = 0.000103177, No Iterations 1
DILUPBiCG:  Solving for Uy, Initial residual = 0.0030504, Final residual = 6.73216e-06, No Iterations 1
DILUPBiCG:  Solving for Uz, Initial residual = 0.00331797, Final residual = 1.23338e-05, No Iterations 1
GAMG:  Solving for p, Initial residual = 0.0527153, Final residual = 0.000477746, No Iterations 4
GAMG:  Solving for p, Initial residual = 0.00874557, Final residual = 8.54917e-05, No Iterations 16
GAMG:  Solving for p, Initial residual = 0.00389663, Final residual = 3.59902e-05, No Iterations 10
time step continuity errors : sum local = 4.76795e-07, global = -1.2771e-07, cumulative = 2.56996e-07
GAMG:  Solving for p, Initial residual = 0.0272048, Final residual = 0.000211207, No Iterations 4
GAMG:  Solving for p, Initial residual = 0.00437795, Final residual = 4.0242e-05, No Iterations 14
GAMG:  Solving for p, Initial residual = 0.00184148, Final residual = 1.75362e-05, No Iterations 10
time step continuity errors : sum local = 2.3348e-07, global = -6.09424e-08, cumulative = 1.96054e-07
PIMPLE: iteration 3
DILUPBiCG:  Solving for Ux, Initial residual = 0.00404223, Final residual = 2.63994e-06, No Iterations 2
DILUPBiCG:  Solving for Uy, Initial residual = 0.000732756, Final residual = 6.06837e-06, No Iterations 1
DILUPBiCG:  Solving for Uz, Initial residual = 0.00707182, Final residual = 3.61235e-06, No Iterations 2
GAMG:  Solving for p, Initial residual = 0.0408298, Final residual = 0.000350135, No Iterations 5
GAMG:  Solving for p, Initial residual = 0.00940515, Final residual = 9.3954e-05, No Iterations 7
GAMG:  Solving for p, Initial residual = 0.0043511, Final residual = 4.18021e-05, No Iterations 10
time step continuity errors : sum local = 6.21944e-07, global = -1.59557e-07, cumulative = 3.64971e-08
GAMG:  Solving for p, Initial residual = 0.00239242, Final residual = 2.38461e-05, No Iterations 15
GAMG:  Solving for p, Initial residual = 0.00131845, Final residual = 1.12593e-05, No Iterations 5
GAMG:  Solving for p, Initial residual = 0.000536776, Final residual = 9.34548e-07, No Iterations 30
time step continuity errors : sum local = 1.38298e-08, global = 4.14571e-09, cumulative = 4.06428e-08
DILUPBiCG:  Solving for omega, Initial residual = 0.000678111, Final residual = 6.61088e-07, No Iterations 1
DILUPBiCG:  Solving for k, Initial residual = 0.00418493, Final residual = 1.42436e-06, No Iterations 2
bounding k, min: 0 max: 0.000733631 average: 0.000161413
ExecutionTime = 16.8 s  ClockTime = 17 s

End

