/*---------------------------------------------------------------------------*\
| =========                 |                                                 |
| \\      /  F ield         | OpenFOAM: The Open Source CFD Toolbox           |
|  \\    /   O peration     | Version:  2.3.1                                 |
|   \\  /    A nd           | Web:      www.OpenFOAM.org                      |
|    \\/     M anipulation  |                                                 |
\*---------------------------------------------------------------------------*/
Build  : 2.3.1-262087cdf8db
Exec   : pimpleDyMFoam
Date   : Jun 06 2023
Time   : 02:17:48
Host   : "jcosson-VirtualBox"
PID    : 26586
Case   : /home/jcosson/workspace/henersj_shootingdata/calcs/moderate_deformed/primal/100_intervals_05-06-23/sweep57/interval92
nProcs : 1
sigFpe : Enabling floating point exception trapping (FOAM_SIGFPE).
fileModificationChecking : Monitoring run-time modified files using timeStampMaster
allowSystemOperations : Allowing user-supplied system call operations

// * * * * * * * * * * * * * * * * * * * * * * * * * * * * * * * * * * * * * //
Create time

Create mesh for time = 0.491

Selecting dynamicFvMesh dynamicMotionSolverFvMesh
Selecting motion solver: displacementLaplacian
Selecting motion diffusion: quadratic
Selecting motion diffusion: quadratic
Selecting motion diffusion: inverseDistance

PIMPLE: no residual control data found. Calculations will employ 3 corrector loops

Reading field p

Reading field U

Reading/calculating face flux field phi

Selecting incompressible transport model Newtonian
Selecting turbulence model type RASModel
Selecting RAS turbulence model kOmegaSST
bounding k, min: 0 max: 0.000592175 average: 0.000149689
kOmegaSSTCoeffs
{
    alphaK1         0.85034;
    alphaK2         1;
    alphaOmega1     0.5;
    alphaOmega2     0.85616;
    gamma1          0.5532;
    gamma2          0.4403;
    beta1           0.075;
    beta2           0.0828;
    betaStar        0.09;
    a1              0.31;
    c1              10;
    Cmu             0.09;
    b1              1;
    F3              false;
}

Reading/calculating face velocity Uf

No finite volume options present

Courant Number mean: 0.112771 max: 0.250768

Starting time loop

Courant Number mean: 0.112771 max: 0.250768
Time = 0.492

GAMG:  Solving for cellDisplacementx, Initial residual = 0, Final residual = 0, No Iterations 0
GAMG:  Solving for cellDisplacementy, Initial residual = 0, Final residual = 0, No Iterations 0
GAMG:  Solving for cellDisplacementz, Initial residual = 0, Final residual = 0, No Iterations 0
PIMPLE: iteration 1
DILUPBiCG:  Solving for Ux, Initial residual = 0.0482851, Final residual = 0.000183058, No Iterations 1
DILUPBiCG:  Solving for Uy, Initial residual = 0.0099264, Final residual = 1.98433e-05, No Iterations 1
DILUPBiCG:  Solving for Uz, Initial residual = 0.0121904, Final residual = 1.15383e-05, No Iterations 1
GAMG:  Solving for p, Initial residual = 0.111361, Final residual = 0.000649352, No Iterations 4
GAMG:  Solving for p, Initial residual = 0.0154499, Final residual = 0.000139068, No Iterations 16
GAMG:  Solving for p, Initial residual = 0.00747257, Final residual = 7.23921e-05, No Iterations 4
time step continuity errors : sum local = 6.8204e-07, global = 2.40227e-07, cumulative = 2.40227e-07
GAMG:  Solving for p, Initial residual = 0.0509236, Final residual = 0.000279711, No Iterations 4
GAMG:  Solving for p, Initial residual = 0.00760861, Final residual = 7.14783e-05, No Iterations 14
GAMG:  Solving for p, Initial residual = 0.00374281, Final residual = 3.40621e-05, No Iterations 4
time step continuity errors : sum local = 3.23163e-07, global = 1.02455e-07, cumulative = 3.42682e-07
PIMPLE: iteration 2
DILUPBiCG:  Solving for Ux, Initial residual = 0.0121943, Final residual = 7.20569e-05, No Iterations 1
DILUPBiCG:  Solving for Uy, Initial residual = 0.00258253, Final residual = 5.10841e-06, No Iterations 1
DILUPBiCG:  Solving for Uz, Initial residual = 0.00263501, Final residual = 9.46835e-06, No Iterations 1
GAMG:  Solving for p, Initial residual = 0.049484, Final residual = 0.000324964, No Iterations 6
GAMG:  Solving for p, Initial residual = 0.0112718, Final residual = 0.000110863, No Iterations 12
GAMG:  Solving for p, Initial residual = 0.00422582, Final residual = 4.18248e-05, No Iterations 10
time step continuity errors : sum local = 3.46568e-07, global = -8.77072e-08, cumulative = 2.54974e-07
GAMG:  Solving for p, Initial residual = 0.0261028, Final residual = 0.000238693, No Iterations 4
GAMG:  Solving for p, Initial residual = 0.0057167, Final residual = 5.4676e-05, No Iterations 12
GAMG:  Solving for p, Initial residual = 0.00228745, Final residual = 2.0309e-05, No Iterations 10
time step continuity errors : sum local = 1.6866e-07, global = -4.26635e-08, cumulative = 2.12311e-07
PIMPLE: iteration 3
DILUPBiCG:  Solving for Ux, Initial residual = 0.00244863, Final residual = 2.87669e-06, No Iterations 2
DILUPBiCG:  Solving for Uy, Initial residual = 0.000560693, Final residual = 5.25619e-06, No Iterations 1
DILUPBiCG:  Solving for Uz, Initial residual = 0.00414834, Final residual = 2.02074e-06, No Iterations 2
GAMG:  Solving for p, Initial residual = 0.0482765, Final residual = 0.0003455, No Iterations 5
GAMG:  Solving for p, Initial residual = 0.0108899, Final residual = 0.000102654, No Iterations 14
GAMG:  Solving for p, Initial residual = 0.00574417, Final residual = 5.36276e-05, No Iterations 10
time step continuity errors : sum local = 4.95565e-07, global = -1.32046e-07, cumulative = 8.02643e-08
GAMG:  Solving for p, Initial residual = 0.00267867, Final residual = 2.50851e-05, No Iterations 7
GAMG:  Solving for p, Initial residual = 0.00141279, Final residual = 1.39324e-05, No Iterations 5
GAMG:  Solving for p, Initial residual = 0.000581111, Final residual = 8.77735e-07, No Iterations 29
time step continuity errors : sum local = 8.00326e-09, global = 2.36757e-09, cumulative = 8.26319e-08
DILUPBiCG:  Solving for omega, Initial residual = 0.00123243, Final residual = 7.03857e-07, No Iterations 1
DILUPBiCG:  Solving for k, Initial residual = 0.00335008, Final residual = 6.09995e-07, No Iterations 2
bounding k, min: 0 max: 0.000576315 average: 0.000148893
ExecutionTime = 16.39 s  ClockTime = 16 s

End

