/*---------------------------------------------------------------------------*\
| =========                 |                                                 |
| \\      /  F ield         | OpenFOAM: The Open Source CFD Toolbox           |
|  \\    /   O peration     | Version:  2.3.1                                 |
|   \\  /    A nd           | Web:      www.OpenFOAM.org                      |
|    \\/     M anipulation  |                                                 |
\*---------------------------------------------------------------------------*/
Build  : 2.3.1-262087cdf8db
Exec   : pimpleDyMFoam
Date   : Jun 06 2023
Time   : 02:17:43
Host   : "jcosson-VirtualBox"
PID    : 26571
Case   : /home/jcosson/workspace/henersj_shootingdata/calcs/moderate_deformed/primal/100_intervals_05-06-23/sweep57/interval85
nProcs : 1
sigFpe : Enabling floating point exception trapping (FOAM_SIGFPE).
fileModificationChecking : Monitoring run-time modified files using timeStampMaster
allowSystemOperations : Allowing user-supplied system call operations

// * * * * * * * * * * * * * * * * * * * * * * * * * * * * * * * * * * * * * //
Create time

Create mesh for time = 0.484

Selecting dynamicFvMesh dynamicMotionSolverFvMesh
Selecting motion solver: displacementLaplacian
Selecting motion diffusion: quadratic
Selecting motion diffusion: quadratic
Selecting motion diffusion: inverseDistance

PIMPLE: no residual control data found. Calculations will employ 3 corrector loops

Reading field p

Reading field U

Reading/calculating face flux field phi

Selecting incompressible transport model Newtonian
Selecting turbulence model type RASModel
Selecting RAS turbulence model kOmegaSST
bounding k, min: 0 max: 0.000678323 average: 0.00015505
kOmegaSSTCoeffs
{
    alphaK1         0.85034;
    alphaK2         1;
    alphaOmega1     0.5;
    alphaOmega2     0.85616;
    gamma1          0.5532;
    gamma2          0.4403;
    beta1           0.075;
    beta2           0.0828;
    betaStar        0.09;
    a1              0.31;
    c1              10;
    Cmu             0.09;
    b1              1;
    F3              false;
}

Reading/calculating face velocity Uf

No finite volume options present

Courant Number mean: 0.140551 max: 0.305734

Starting time loop

Courant Number mean: 0.140551 max: 0.305734
Time = 0.485

GAMG:  Solving for cellDisplacementx, Initial residual = 0, Final residual = 0, No Iterations 0
GAMG:  Solving for cellDisplacementy, Initial residual = 0, Final residual = 0, No Iterations 0
GAMG:  Solving for cellDisplacementz, Initial residual = 0, Final residual = 0, No Iterations 0
PIMPLE: iteration 1
DILUPBiCG:  Solving for Ux, Initial residual = 0.0636683, Final residual = 0.000248757, No Iterations 1
DILUPBiCG:  Solving for Uy, Initial residual = 0.0118558, Final residual = 2.47724e-05, No Iterations 1
DILUPBiCG:  Solving for Uz, Initial residual = 0.0116282, Final residual = 1.51161e-05, No Iterations 1
GAMG:  Solving for p, Initial residual = 0.118492, Final residual = 0.000979698, No Iterations 4
GAMG:  Solving for p, Initial residual = 0.0149812, Final residual = 0.000141241, No Iterations 18
GAMG:  Solving for p, Initial residual = 0.00709397, Final residual = 6.03234e-05, No Iterations 10
time step continuity errors : sum local = 8.32729e-07, global = 2.18239e-07, cumulative = 2.18239e-07
GAMG:  Solving for p, Initial residual = 0.052379, Final residual = 0.000392019, No Iterations 4
GAMG:  Solving for p, Initial residual = 0.0074773, Final residual = 6.94091e-05, No Iterations 16
GAMG:  Solving for p, Initial residual = 0.00357836, Final residual = 3.20417e-05, No Iterations 10
time step continuity errors : sum local = 4.44266e-07, global = 1.16963e-07, cumulative = 3.35201e-07
PIMPLE: iteration 2
DILUPBiCG:  Solving for Ux, Initial residual = 0.0170015, Final residual = 0.000103004, No Iterations 1
DILUPBiCG:  Solving for Uy, Initial residual = 0.00331839, Final residual = 6.85596e-06, No Iterations 1
DILUPBiCG:  Solving for Uz, Initial residual = 0.00280007, Final residual = 9.85215e-06, No Iterations 1
GAMG:  Solving for p, Initial residual = 0.0517556, Final residual = 0.000484289, No Iterations 4
GAMG:  Solving for p, Initial residual = 0.00948746, Final residual = 8.59566e-05, No Iterations 16
GAMG:  Solving for p, Initial residual = 0.00408828, Final residual = 3.52621e-05, No Iterations 10
time step continuity errors : sum local = 4.23887e-07, global = -1.07437e-07, cumulative = 2.27765e-07
GAMG:  Solving for p, Initial residual = 0.0268975, Final residual = 0.000221044, No Iterations 4
GAMG:  Solving for p, Initial residual = 0.00482082, Final residual = 4.23307e-05, No Iterations 14
GAMG:  Solving for p, Initial residual = 0.00194968, Final residual = 1.75099e-05, No Iterations 10
time step continuity errors : sum local = 2.11325e-07, global = -5.29714e-08, cumulative = 1.74794e-07
PIMPLE: iteration 3
DILUPBiCG:  Solving for Ux, Initial residual = 0.00377885, Final residual = 3.10632e-06, No Iterations 2
DILUPBiCG:  Solving for Uy, Initial residual = 0.000764756, Final residual = 5.00843e-06, No Iterations 1
DILUPBiCG:  Solving for Uz, Initial residual = 0.00553264, Final residual = 2.87285e-06, No Iterations 2
GAMG:  Solving for p, Initial residual = 0.0430926, Final residual = 0.000334673, No Iterations 5
GAMG:  Solving for p, Initial residual = 0.00976206, Final residual = 8.41253e-05, No Iterations 14
GAMG:  Solving for p, Initial residual = 0.00480252, Final residual = 4.22603e-05, No Iterations 10
time step continuity errors : sum local = 5.70112e-07, global = -1.48384e-07, cumulative = 2.64096e-08
GAMG:  Solving for p, Initial residual = 0.002417, Final residual = 2.40553e-05, No Iterations 6
GAMG:  Solving for p, Initial residual = 0.0012845, Final residual = 1.24491e-05, No Iterations 11
GAMG:  Solving for p, Initial residual = 0.000551737, Final residual = 9.0135e-07, No Iterations 23
time step continuity errors : sum local = 1.20463e-08, global = 3.5542e-09, cumulative = 2.99638e-08
DILUPBiCG:  Solving for omega, Initial residual = 0.00100522, Final residual = 7.37038e-07, No Iterations 1
DILUPBiCG:  Solving for k, Initial residual = 0.00371557, Final residual = 6.70121e-07, No Iterations 2
bounding k, min: 0 max: 0.000665163 average: 0.00015408
ExecutionTime = 11.72 s  ClockTime = 11 s

End

