/*---------------------------------------------------------------------------*\
| =========                 |                                                 |
| \\      /  F ield         | OpenFOAM: The Open Source CFD Toolbox           |
|  \\    /   O peration     | Version:  2.3.1                                 |
|   \\  /    A nd           | Web:      www.OpenFOAM.org                      |
|    \\/     M anipulation  |                                                 |
\*---------------------------------------------------------------------------*/
Build  : 2.3.1-262087cdf8db
Exec   : pimpleDyMFoam
Date   : Jun 06 2023
Time   : 00:06:50
Host   : "jcosson-VirtualBox"
PID    : 25193
Case   : /home/jcosson/workspace/henersj_shootingdata/calcs/moderate_deformed/primal/100_intervals_05-06-23/sweep12/interval12
nProcs : 1
sigFpe : Enabling floating point exception trapping (FOAM_SIGFPE).
fileModificationChecking : Monitoring run-time modified files using timeStampMaster
allowSystemOperations : Allowing user-supplied system call operations

// * * * * * * * * * * * * * * * * * * * * * * * * * * * * * * * * * * * * * //
Create time

Create mesh for time = 0.411

Selecting dynamicFvMesh dynamicMotionSolverFvMesh
Selecting motion solver: displacementLaplacian
Selecting motion diffusion: quadratic
Selecting motion diffusion: quadratic
Selecting motion diffusion: inverseDistance

PIMPLE: no residual control data found. Calculations will employ 3 corrector loops

Reading field p

Reading field U

Reading/calculating face flux field phi

Selecting incompressible transport model Newtonian
Selecting turbulence model type RASModel
Selecting RAS turbulence model kOmegaSST
kOmegaSSTCoeffs
{
    alphaK1         0.85034;
    alphaK2         1;
    alphaOmega1     0.5;
    alphaOmega2     0.85616;
    gamma1          0.5532;
    gamma2          0.4403;
    beta1           0.075;
    beta2           0.0828;
    betaStar        0.09;
    a1              0.31;
    c1              10;
    Cmu             0.09;
    b1              1;
    F3              false;
}

Reading/calculating face velocity Uf

No finite volume options present

Courant Number mean: 0.116933 max: 0.254819

Starting time loop

Courant Number mean: 0.116933 max: 0.254819
Time = 0.412

GAMG:  Solving for cellDisplacementx, Initial residual = 0, Final residual = 0, No Iterations 0
GAMG:  Solving for cellDisplacementy, Initial residual = 0, Final residual = 0, No Iterations 0
GAMG:  Solving for cellDisplacementz, Initial residual = 0, Final residual = 0, No Iterations 0
PIMPLE: iteration 1
DILUPBiCG:  Solving for Ux, Initial residual = 0.051338, Final residual = 0.000191701, No Iterations 1
DILUPBiCG:  Solving for Uy, Initial residual = 0.00999081, Final residual = 1.80649e-05, No Iterations 1
DILUPBiCG:  Solving for Uz, Initial residual = 0.0182762, Final residual = 3.13124e-05, No Iterations 1
GAMG:  Solving for p, Initial residual = 0.153255, Final residual = 0.00118821, No Iterations 6
GAMG:  Solving for p, Initial residual = 0.0177933, Final residual = 0.000167546, No Iterations 18
GAMG:  Solving for p, Initial residual = 0.00764205, Final residual = 6.40895e-05, No Iterations 12
time step continuity errors : sum local = 6.18296e-07, global = -1.82445e-07, cumulative = -1.82445e-07
GAMG:  Solving for p, Initial residual = 0.0635269, Final residual = 0.000413725, No Iterations 6
GAMG:  Solving for p, Initial residual = 0.00902759, Final residual = 8.32773e-05, No Iterations 16
GAMG:  Solving for p, Initial residual = 0.00405198, Final residual = 4.0501e-05, No Iterations 10
time step continuity errors : sum local = 3.92465e-07, global = -1.01701e-07, cumulative = -2.84146e-07
PIMPLE: iteration 2
DILUPBiCG:  Solving for Ux, Initial residual = 0.0144806, Final residual = 8.93285e-05, No Iterations 1
DILUPBiCG:  Solving for Uy, Initial residual = 0.00275077, Final residual = 6.00164e-06, No Iterations 1
DILUPBiCG:  Solving for Uz, Initial residual = 0.00389078, Final residual = 1.84931e-05, No Iterations 1
GAMG:  Solving for p, Initial residual = 0.0655282, Final residual = 0.00030675, No Iterations 4
GAMG:  Solving for p, Initial residual = 0.0103277, Final residual = 0.000100796, No Iterations 12
GAMG:  Solving for p, Initial residual = 0.00491006, Final residual = 4.87134e-05, No Iterations 7
time step continuity errors : sum local = 4.0869e-07, global = -1.53986e-07, cumulative = -4.38131e-07
GAMG:  Solving for p, Initial residual = 0.0331112, Final residual = 0.000139227, No Iterations 4
GAMG:  Solving for p, Initial residual = 0.00532096, Final residual = 5.23177e-05, No Iterations 11
GAMG:  Solving for p, Initial residual = 0.00247826, Final residual = 1.90938e-05, No Iterations 5
time step continuity errors : sum local = 1.60696e-07, global = 4.58569e-08, cumulative = -3.92275e-07
PIMPLE: iteration 3
DILUPBiCG:  Solving for Ux, Initial residual = 0.003768, Final residual = 1.61721e-06, No Iterations 2
DILUPBiCG:  Solving for Uy, Initial residual = 0.00070923, Final residual = 5.66794e-06, No Iterations 1
DILUPBiCG:  Solving for Uz, Initial residual = 0.0067728, Final residual = 2.52333e-06, No Iterations 2
GAMG:  Solving for p, Initial residual = 0.0386355, Final residual = 0.000376777, No Iterations 4
GAMG:  Solving for p, Initial residual = 0.00782899, Final residual = 6.98509e-05, No Iterations 18
GAMG:  Solving for p, Initial residual = 0.0038883, Final residual = 3.33217e-05, No Iterations 8
time step continuity errors : sum local = 3.15318e-07, global = 6.69811e-08, cumulative = -3.25293e-07
GAMG:  Solving for p, Initial residual = 0.00203883, Final residual = 1.43863e-05, No Iterations 8
GAMG:  Solving for p, Initial residual = 0.00108245, Final residual = 1.02664e-05, No Iterations 4
GAMG:  Solving for p, Initial residual = 0.000462114, Final residual = 9.58836e-07, No Iterations 23
time step continuity errors : sum local = 9.00146e-09, global = -2.71823e-09, cumulative = -3.28012e-07
DILUPBiCG:  Solving for omega, Initial residual = 0.00110549, Final residual = 7.91238e-07, No Iterations 1
DILUPBiCG:  Solving for k, Initial residual = 0.00354653, Final residual = 1.04106e-06, No Iterations 2
ExecutionTime = 16.89 s  ClockTime = 17 s

End

