/*---------------------------------------------------------------------------*\
| =========                 |                                                 |
| \\      /  F ield         | OpenFOAM: The Open Source CFD Toolbox           |
|  \\    /   O peration     | Version:  2.3.1                                 |
|   \\  /    A nd           | Web:      www.OpenFOAM.org                      |
|    \\/     M anipulation  |                                                 |
\*---------------------------------------------------------------------------*/
Build  : 2.3.1-262087cdf8db
Exec   : pimpleDyMFoam
Date   : Jun 06 2023
Time   : 02:48:25
Host   : "jcosson-VirtualBox"
PID    : 9848
Case   : /home/jcosson/workspace/henersj_shootingdata/calcs/moderate_deformed/primal/100_intervals_05-06-23/sweep75/interval92
nProcs : 1
sigFpe : Enabling floating point exception trapping (FOAM_SIGFPE).
fileModificationChecking : Monitoring run-time modified files using timeStampMaster
allowSystemOperations : Allowing user-supplied system call operations

// * * * * * * * * * * * * * * * * * * * * * * * * * * * * * * * * * * * * * //
Create time

Create mesh for time = 0.491

Selecting dynamicFvMesh dynamicMotionSolverFvMesh
Selecting motion solver: displacementLaplacian
Selecting motion diffusion: quadratic
Selecting motion diffusion: quadratic
Selecting motion diffusion: inverseDistance

PIMPLE: no residual control data found. Calculations will employ 3 corrector loops

Reading field p

Reading field U

Reading/calculating face flux field phi

Selecting incompressible transport model Newtonian
Selecting turbulence model type RASModel
Selecting RAS turbulence model kOmegaSST
bounding k, min: 0 max: 0.00057026 average: 0.000147859
kOmegaSSTCoeffs
{
    alphaK1         0.85034;
    alphaK2         1;
    alphaOmega1     0.5;
    alphaOmega2     0.85616;
    gamma1          0.5532;
    gamma2          0.4403;
    beta1           0.075;
    beta2           0.0828;
    betaStar        0.09;
    a1              0.31;
    c1              10;
    Cmu             0.09;
    b1              1;
    F3              false;
}

Reading/calculating face velocity Uf

No finite volume options present

Courant Number mean: 0.112463 max: 0.242754

Starting time loop

Courant Number mean: 0.112463 max: 0.242754
Time = 0.492

GAMG:  Solving for cellDisplacementx, Initial residual = 0, Final residual = 0, No Iterations 0
GAMG:  Solving for cellDisplacementy, Initial residual = 0, Final residual = 0, No Iterations 0
GAMG:  Solving for cellDisplacementz, Initial residual = 0, Final residual = 0, No Iterations 0
PIMPLE: iteration 1
DILUPBiCG:  Solving for Ux, Initial residual = 0.0484079, Final residual = 0.00018955, No Iterations 1
DILUPBiCG:  Solving for Uy, Initial residual = 0.00996099, Final residual = 2.04879e-05, No Iterations 1
DILUPBiCG:  Solving for Uz, Initial residual = 0.0120071, Final residual = 1.15244e-05, No Iterations 1
GAMG:  Solving for p, Initial residual = 0.111707, Final residual = 0.000589138, No Iterations 4
GAMG:  Solving for p, Initial residual = 0.0152372, Final residual = 0.00013184, No Iterations 16
GAMG:  Solving for p, Initial residual = 0.00727239, Final residual = 5.81514e-05, No Iterations 4
time step continuity errors : sum local = 5.51833e-07, global = 1.82876e-07, cumulative = 1.82876e-07
GAMG:  Solving for p, Initial residual = 0.0510877, Final residual = 0.000258237, No Iterations 4
GAMG:  Solving for p, Initial residual = 0.0074461, Final residual = 6.86574e-05, No Iterations 14
GAMG:  Solving for p, Initial residual = 0.0036588, Final residual = 3.13906e-05, No Iterations 4
time step continuity errors : sum local = 2.99772e-07, global = 9.94557e-08, cumulative = 2.82332e-07
PIMPLE: iteration 2
DILUPBiCG:  Solving for Ux, Initial residual = 0.0122594, Final residual = 7.60503e-05, No Iterations 1
DILUPBiCG:  Solving for Uy, Initial residual = 0.00258508, Final residual = 5.28052e-06, No Iterations 1
DILUPBiCG:  Solving for Uz, Initial residual = 0.0027232, Final residual = 1.14745e-05, No Iterations 1
GAMG:  Solving for p, Initial residual = 0.0497069, Final residual = 0.000493504, No Iterations 5
GAMG:  Solving for p, Initial residual = 0.0116205, Final residual = 0.000110281, No Iterations 8
GAMG:  Solving for p, Initial residual = 0.00464144, Final residual = 2.43962e-05, No Iterations 5
time step continuity errors : sum local = 2.0304e-07, global = -4.58281e-08, cumulative = 2.36504e-07
GAMG:  Solving for p, Initial residual = 0.0263585, Final residual = 0.000239274, No Iterations 4
GAMG:  Solving for p, Initial residual = 0.0061886, Final residual = 5.42996e-05, No Iterations 12
GAMG:  Solving for p, Initial residual = 0.00233761, Final residual = 2.1862e-05, No Iterations 10
time step continuity errors : sum local = 1.82252e-07, global = -4.65233e-08, cumulative = 1.89981e-07
PIMPLE: iteration 3
DILUPBiCG:  Solving for Ux, Initial residual = 0.0024832, Final residual = 3.00264e-06, No Iterations 2
DILUPBiCG:  Solving for Uy, Initial residual = 0.000558492, Final residual = 5.37714e-06, No Iterations 1
DILUPBiCG:  Solving for Uz, Initial residual = 0.00412902, Final residual = 2.65941e-06, No Iterations 2
GAMG:  Solving for p, Initial residual = 0.0477111, Final residual = 0.000354281, No Iterations 5
GAMG:  Solving for p, Initial residual = 0.0107955, Final residual = 0.00010279, No Iterations 14
GAMG:  Solving for p, Initial residual = 0.00576203, Final residual = 5.37445e-05, No Iterations 10
time step continuity errors : sum local = 4.99579e-07, global = -1.34364e-07, cumulative = 5.56161e-08
GAMG:  Solving for p, Initial residual = 0.00263045, Final residual = 2.61544e-05, No Iterations 7
GAMG:  Solving for p, Initial residual = 0.00133656, Final residual = 1.04898e-05, No Iterations 6
GAMG:  Solving for p, Initial residual = 0.000528341, Final residual = 9.25432e-07, No Iterations 28
time step continuity errors : sum local = 8.49056e-09, global = 2.58688e-09, cumulative = 5.8203e-08
DILUPBiCG:  Solving for omega, Initial residual = 0.00121334, Final residual = 6.96644e-07, No Iterations 1
DILUPBiCG:  Solving for k, Initial residual = 0.00327806, Final residual = 6.52032e-07, No Iterations 2
bounding k, min: 0 max: 0.000554829 average: 0.000147097
ExecutionTime = 12.91 s  ClockTime = 13 s

End

