/*---------------------------------------------------------------------------*\
| =========                 |                                                 |
| \\      /  F ield         | OpenFOAM: The Open Source CFD Toolbox           |
|  \\    /   O peration     | Version:  2.3.1                                 |
|   \\  /    A nd           | Web:      www.OpenFOAM.org                      |
|    \\/     M anipulation  |                                                 |
\*---------------------------------------------------------------------------*/
Build  : 2.3.1-262087cdf8db
Exec   : pimpleDyMFoam
Date   : Jun 06 2023
Time   : 02:48:26
Host   : "jcosson-VirtualBox"
PID    : 9852
Case   : /home/jcosson/workspace/henersj_shootingdata/calcs/moderate_deformed/primal/100_intervals_05-06-23/sweep75/interval94
nProcs : 1
sigFpe : Enabling floating point exception trapping (FOAM_SIGFPE).
fileModificationChecking : Monitoring run-time modified files using timeStampMaster
allowSystemOperations : Allowing user-supplied system call operations

// * * * * * * * * * * * * * * * * * * * * * * * * * * * * * * * * * * * * * //
Create time

Create mesh for time = 0.493

Selecting dynamicFvMesh dynamicMotionSolverFvMesh
Selecting motion solver: displacementLaplacian
Selecting motion diffusion: quadratic
Selecting motion diffusion: quadratic
Selecting motion diffusion: inverseDistance

PIMPLE: no residual control data found. Calculations will employ 3 corrector loops

Reading field p

Reading field U

Reading/calculating face flux field phi

Selecting incompressible transport model Newtonian
Selecting turbulence model type RASModel
Selecting RAS turbulence model kOmegaSST
bounding k, min: 0 max: 0.000541273 average: 0.000146494
kOmegaSSTCoeffs
{
    alphaK1         0.85034;
    alphaK2         1;
    alphaOmega1     0.5;
    alphaOmega2     0.85616;
    gamma1          0.5532;
    gamma2          0.4403;
    beta1           0.075;
    beta2           0.0828;
    betaStar        0.09;
    a1              0.31;
    c1              10;
    Cmu             0.09;
    b1              1;
    F3              false;
}

Reading/calculating face velocity Uf

No finite volume options present

Courant Number mean: 0.107017 max: 0.230595

Starting time loop

Courant Number mean: 0.107017 max: 0.230595
Time = 0.494

GAMG:  Solving for cellDisplacementx, Initial residual = 0, Final residual = 0, No Iterations 0
GAMG:  Solving for cellDisplacementy, Initial residual = 0, Final residual = 0, No Iterations 0
GAMG:  Solving for cellDisplacementz, Initial residual = 0, Final residual = 0, No Iterations 0
PIMPLE: iteration 1
DILUPBiCG:  Solving for Ux, Initial residual = 0.0403587, Final residual = 0.00015821, No Iterations 1
DILUPBiCG:  Solving for Uy, Initial residual = 0.00849851, Final residual = 1.73221e-05, No Iterations 1
DILUPBiCG:  Solving for Uz, Initial residual = 0.01061, Final residual = 1.14491e-05, No Iterations 1
GAMG:  Solving for p, Initial residual = 0.10792, Final residual = 0.000442087, No Iterations 4
GAMG:  Solving for p, Initial residual = 0.0146964, Final residual = 0.00013712, No Iterations 14
GAMG:  Solving for p, Initial residual = 0.00715766, Final residual = 6.37708e-05, No Iterations 4
time step continuity errors : sum local = 4.9773e-07, global = 1.82986e-07, cumulative = 1.82986e-07
GAMG:  Solving for p, Initial residual = 0.0502397, Final residual = 0.000203529, No Iterations 4
GAMG:  Solving for p, Initial residual = 0.00713539, Final residual = 6.38563e-05, No Iterations 14
GAMG:  Solving for p, Initial residual = 0.0036283, Final residual = 2.94676e-05, No Iterations 4
time step continuity errors : sum local = 2.31781e-07, global = 8.0855e-08, cumulative = 2.63841e-07
PIMPLE: iteration 2
DILUPBiCG:  Solving for Ux, Initial residual = 0.00999424, Final residual = 6.23045e-05, No Iterations 1
DILUPBiCG:  Solving for Uy, Initial residual = 0.00215024, Final residual = 4.36656e-06, No Iterations 1
DILUPBiCG:  Solving for Uz, Initial residual = 0.00275305, Final residual = 8.65186e-07, No Iterations 2
GAMG:  Solving for p, Initial residual = 0.0484483, Final residual = 0.000321536, No Iterations 6
GAMG:  Solving for p, Initial residual = 0.0128083, Final residual = 0.000112394, No Iterations 12
GAMG:  Solving for p, Initial residual = 0.00459676, Final residual = 4.07414e-05, No Iterations 12
time step continuity errors : sum local = 2.79613e-07, global = -8.23688e-08, cumulative = 1.81472e-07
GAMG:  Solving for p, Initial residual = 0.0258056, Final residual = 0.00025787, No Iterations 4
GAMG:  Solving for p, Initial residual = 0.00683577, Final residual = 6.77681e-05, No Iterations 10
GAMG:  Solving for p, Initial residual = 0.00234142, Final residual = 2.07534e-05, No Iterations 14
time step continuity errors : sum local = 1.42636e-07, global = -4.30651e-08, cumulative = 1.38407e-07
PIMPLE: iteration 3
DILUPBiCG:  Solving for Ux, Initial residual = 0.00190553, Final residual = 5.36781e-06, No Iterations 2
DILUPBiCG:  Solving for Uy, Initial residual = 0.000440699, Final residual = 6.78703e-06, No Iterations 1
DILUPBiCG:  Solving for Uz, Initial residual = 0.00332589, Final residual = 3.57949e-07, No Iterations 3
GAMG:  Solving for p, Initial residual = 0.0507558, Final residual = 0.00037115, No Iterations 5
GAMG:  Solving for p, Initial residual = 0.0113098, Final residual = 0.000109494, No Iterations 14
GAMG:  Solving for p, Initial residual = 0.00624438, Final residual = 5.76203e-05, No Iterations 10
time step continuity errors : sum local = 4.39588e-07, global = -1.19764e-07, cumulative = 1.86429e-08
GAMG:  Solving for p, Initial residual = 0.0027363, Final residual = 2.22673e-05, No Iterations 8
GAMG:  Solving for p, Initial residual = 0.00138305, Final residual = 1.32681e-05, No Iterations 4
GAMG:  Solving for p, Initial residual = 0.00053521, Final residual = 8.53776e-07, No Iterations 23
time step continuity errors : sum local = 6.42362e-09, global = 2.07699e-09, cumulative = 2.07199e-08
DILUPBiCG:  Solving for omega, Initial residual = 0.00125267, Final residual = 6.84368e-07, No Iterations 1
DILUPBiCG:  Solving for k, Initial residual = 0.00319437, Final residual = 6.43179e-07, No Iterations 2
bounding k, min: 0 max: 0.000532267 average: 0.000145781
ExecutionTime = 12.95 s  ClockTime = 13 s

End

