/*---------------------------------------------------------------------------*\
| =========                 |                                                 |
| \\      /  F ield         | OpenFOAM: The Open Source CFD Toolbox           |
|  \\    /   O peration     | Version:  2.3.1                                 |
|   \\  /    A nd           | Web:      www.OpenFOAM.org                      |
|    \\/     M anipulation  |                                                 |
\*---------------------------------------------------------------------------*/
Build  : 2.3.1-262087cdf8db
Exec   : pimpleDyMFoam
Date   : Jun 06 2023
Time   : 11:05:12
Host   : "jcosson-VirtualBox"
PID    : 10869
Case   : /home/jcosson/workspace/henersj_shootingdata/calcs/moderate_deformed/primal/28_intervals_05-06-23/sweep15/interval25
nProcs : 1
sigFpe : Enabling floating point exception trapping (FOAM_SIGFPE).
fileModificationChecking : Monitoring run-time modified files using timeStampMaster
allowSystemOperations : Allowing user-supplied system call operations

// * * * * * * * * * * * * * * * * * * * * * * * * * * * * * * * * * * * * * //
Create time

Create mesh for time = 0.486

Selecting dynamicFvMesh dynamicMotionSolverFvMesh
Selecting motion solver: displacementLaplacian
Selecting motion diffusion: quadratic
Selecting motion diffusion: quadratic
Selecting motion diffusion: inverseDistance

PIMPLE: no residual control data found. Calculations will employ 3 corrector loops

Reading field p

Reading field U

Reading/calculating face flux field phi

Selecting incompressible transport model Newtonian
Selecting turbulence model type RASModel
Selecting RAS turbulence model kOmegaSST
bounding k, min: 0 max: 0.000663523 average: 0.000154218
kOmegaSSTCoeffs
{
    alphaK1         0.85034;
    alphaK2         1;
    alphaOmega1     0.5;
    alphaOmega2     0.85616;
    gamma1          0.5532;
    gamma2          0.4403;
    beta1           0.075;
    beta2           0.0828;
    betaStar        0.09;
    a1              0.31;
    c1              10;
    Cmu             0.09;
    b1              1;
    F3              false;
}

Reading/calculating face velocity Uf

No finite volume options present

Courant Number mean: 0.131479 max: 0.291209

Starting time loop

Courant Number mean: 0.131479 max: 0.291209
Time = 0.487

GAMG:  Solving for cellDisplacementx, Initial residual = 0, Final residual = 0, No Iterations 0
GAMG:  Solving for cellDisplacementy, Initial residual = 0, Final residual = 0, No Iterations 0
GAMG:  Solving for cellDisplacementz, Initial residual = 0, Final residual = 0, No Iterations 0
PIMPLE: iteration 1
DILUPBiCG:  Solving for Ux, Initial residual = 0.0611817, Final residual = 0.000233454, No Iterations 1
DILUPBiCG:  Solving for Uy, Initial residual = 0.0117633, Final residual = 2.40055e-05, No Iterations 1
DILUPBiCG:  Solving for Uz, Initial residual = 0.0113928, Final residual = 1.25033e-05, No Iterations 1
GAMG:  Solving for p, Initial residual = 0.11752, Final residual = 0.00087027, No Iterations 4
GAMG:  Solving for p, Initial residual = 0.0152645, Final residual = 0.000132201, No Iterations 18
GAMG:  Solving for p, Initial residual = 0.00723394, Final residual = 6.05097e-05, No Iterations 4
time step continuity errors : sum local = 7.75776e-07, global = 2.72381e-07, cumulative = 2.72381e-07
GAMG:  Solving for p, Initial residual = 0.0523613, Final residual = 0.000366535, No Iterations 4
GAMG:  Solving for p, Initial residual = 0.0076267, Final residual = 6.60543e-05, No Iterations 16
GAMG:  Solving for p, Initial residual = 0.00364223, Final residual = 3.5131e-05, No Iterations 4
time step continuity errors : sum local = 4.5269e-07, global = 1.55823e-07, cumulative = 4.28204e-07
PIMPLE: iteration 2
DILUPBiCG:  Solving for Ux, Initial residual = 0.0160948, Final residual = 9.46143e-05, No Iterations 1
DILUPBiCG:  Solving for Uy, Initial residual = 0.00321814, Final residual = 6.48356e-06, No Iterations 1
DILUPBiCG:  Solving for Uz, Initial residual = 0.00264021, Final residual = 8.96008e-06, No Iterations 1
GAMG:  Solving for p, Initial residual = 0.0515512, Final residual = 0.000485183, No Iterations 4
GAMG:  Solving for p, Initial residual = 0.00983062, Final residual = 8.63978e-05, No Iterations 16
GAMG:  Solving for p, Initial residual = 0.00429403, Final residual = 4.10556e-05, No Iterations 6
time step continuity errors : sum local = 4.59279e-07, global = -1.21003e-07, cumulative = 3.07201e-07
GAMG:  Solving for p, Initial residual = 0.0269336, Final residual = 0.000226872, No Iterations 4
GAMG:  Solving for p, Initial residual = 0.00510705, Final residual = 4.34939e-05, No Iterations 14
GAMG:  Solving for p, Initial residual = 0.002036, Final residual = 1.99575e-05, No Iterations 8
time step continuity errors : sum local = 2.24004e-07, global = -4.7219e-08, cumulative = 2.59982e-07
PIMPLE: iteration 3
DILUPBiCG:  Solving for Ux, Initial residual = 0.00351804, Final residual = 2.85924e-06, No Iterations 2
DILUPBiCG:  Solving for Uy, Initial residual = 0.000733089, Final residual = 4.84383e-06, No Iterations 1
DILUPBiCG:  Solving for Uz, Initial residual = 0.00505794, Final residual = 2.46127e-06, No Iterations 2
GAMG:  Solving for p, Initial residual = 0.0439811, Final residual = 0.000330311, No Iterations 5
GAMG:  Solving for p, Initial residual = 0.00994536, Final residual = 9.20104e-05, No Iterations 14
GAMG:  Solving for p, Initial residual = 0.00501195, Final residual = 4.8442e-05, No Iterations 10
time step continuity errors : sum local = 6.07982e-07, global = -1.60328e-07, cumulative = 9.96538e-08
GAMG:  Solving for p, Initial residual = 0.00245896, Final residual = 1.92372e-05, No Iterations 8
GAMG:  Solving for p, Initial residual = 0.00129412, Final residual = 9.84627e-06, No Iterations 5
GAMG:  Solving for p, Initial residual = 0.000531296, Final residual = 9.41758e-07, No Iterations 28
time step continuity errors : sum local = 1.16956e-08, global = 3.51265e-09, cumulative = 1.03166e-07
DILUPBiCG:  Solving for omega, Initial residual = 0.00109106, Final residual = 7.39467e-07, No Iterations 1
DILUPBiCG:  Solving for k, Initial residual = 0.0036257, Final residual = 6.8215e-07, No Iterations 2
bounding k, min: 0 max: 0.000649333 average: 0.000153283
ExecutionTime = 15.55 s  ClockTime = 16 s

Courant Number mean: 0.127217 max: 0.282164
Time = 0.488

GAMG:  Solving for cellDisplacementx, Initial residual = 0, Final residual = 0, No Iterations 0
GAMG:  Solving for cellDisplacementy, Initial residual = 0, Final residual = 0, No Iterations 0
GAMG:  Solving for cellDisplacementz, Initial residual = 0, Final residual = 0, No Iterations 0
PIMPLE: iteration 1
DILUPBiCG:  Solving for Ux, Initial residual = 0.0594899, Final residual = 0.000225987, No Iterations 1
DILUPBiCG:  Solving for Uy, Initial residual = 0.011544, Final residual = 2.33796e-05, No Iterations 1
DILUPBiCG:  Solving for Uz, Initial residual = 0.0107413, Final residual = 1.19219e-05, No Iterations 1
GAMG:  Solving for p, Initial residual = 0.107475, Final residual = 0.000882513, No Iterations 4
GAMG:  Solving for p, Initial residual = 0.0131201, Final residual = 0.000112974, No Iterations 20
GAMG:  Solving for p, Initial residual = 0.00648062, Final residual = 5.29349e-05, No Iterations 4
time step continuity errors : sum local = 6.48656e-07, global = 2.33176e-07, cumulative = 3.36343e-07
GAMG:  Solving for p, Initial residual = 0.0480316, Final residual = 0.00036585, No Iterations 4
GAMG:  Solving for p, Initial residual = 0.00657454, Final residual = 5.69645e-05, No Iterations 18
GAMG:  Solving for p, Initial residual = 0.00324483, Final residual = 2.76753e-05, No Iterations 4
time step continuity errors : sum local = 3.40612e-07, global = 1.24548e-07, cumulative = 4.60891e-07
PIMPLE: iteration 2
DILUPBiCG:  Solving for Ux, Initial residual = 0.0155196, Final residual = 9.10278e-05, No Iterations 1
DILUPBiCG:  Solving for Uy, Initial residual = 0.0031429, Final residual = 6.29998e-06, No Iterations 1
DILUPBiCG:  Solving for Uz, Initial residual = 0.00260471, Final residual = 8.62743e-06, No Iterations 1
GAMG:  Solving for p, Initial residual = 0.0464135, Final residual = 0.000308084, No Iterations 6
GAMG:  Solving for p, Initial residual = 0.00885048, Final residual = 8.7842e-05, No Iterations 14
GAMG:  Solving for p, Initial residual = 0.00342334, Final residual = 2.98523e-05, No Iterations 12
time step continuity errors : sum local = 3.1919e-07, global = -9.28637e-08, cumulative = 3.68027e-07
GAMG:  Solving for p, Initial residual = 0.0242072, Final residual = 0.000221726, No Iterations 4
GAMG:  Solving for p, Initial residual = 0.00446595, Final residual = 4.17612e-05, No Iterations 14
GAMG:  Solving for p, Initial residual = 0.0017928, Final residual = 1.67457e-05, No Iterations 10
time step continuity errors : sum local = 1.79685e-07, global = -4.54481e-08, cumulative = 3.22579e-07
PIMPLE: iteration 3
DILUPBiCG:  Solving for Ux, Initial residual = 0.00333543, Final residual = 2.80683e-06, No Iterations 2
DILUPBiCG:  Solving for Uy, Initial residual = 0.000713681, Final residual = 4.76761e-06, No Iterations 1
DILUPBiCG:  Solving for Uz, Initial residual = 0.00499637, Final residual = 2.44072e-06, No Iterations 2
GAMG:  Solving for p, Initial residual = 0.0440621, Final residual = 0.000327227, No Iterations 5
GAMG:  Solving for p, Initial residual = 0.00992114, Final residual = 9.35579e-05, No Iterations 14
GAMG:  Solving for p, Initial residual = 0.00506694, Final residual = 4.83146e-05, No Iterations 10
time step continuity errors : sum local = 5.79229e-07, global = -1.52485e-07, cumulative = 1.70095e-07
GAMG:  Solving for p, Initial residual = 0.00245632, Final residual = 2.44247e-05, No Iterations 7
GAMG:  Solving for p, Initial residual = 0.00131867, Final residual = 1.07853e-05, No Iterations 6
GAMG:  Solving for p, Initial residual = 0.000541031, Final residual = 9.24952e-07, No Iterations 30
time step continuity errors : sum local = 1.09625e-08, global = 3.31351e-09, cumulative = 1.73408e-07
DILUPBiCG:  Solving for omega, Initial residual = 0.0011246, Final residual = 7.34122e-07, No Iterations 1
DILUPBiCG:  Solving for k, Initial residual = 0.00356756, Final residual = 6.66241e-07, No Iterations 2
bounding k, min: 0 max: 0.000636668 average: 0.000152375
ExecutionTime = 30.12 s  ClockTime = 30 s

Courant Number mean: 0.123205 max: 0.27363
Time = 0.489

GAMG:  Solving for cellDisplacementx, Initial residual = 0, Final residual = 0, No Iterations 0
GAMG:  Solving for cellDisplacementy, Initial residual = 0, Final residual = 0, No Iterations 0
GAMG:  Solving for cellDisplacementz, Initial residual = 0, Final residual = 0, No Iterations 0
PIMPLE: iteration 1
DILUPBiCG:  Solving for Ux, Initial residual = 0.0572061, Final residual = 0.000217118, No Iterations 1
DILUPBiCG:  Solving for Uy, Initial residual = 0.0113028, Final residual = 2.27973e-05, No Iterations 1
DILUPBiCG:  Solving for Uz, Initial residual = 0.0107579, Final residual = 1.05348e-05, No Iterations 1
GAMG:  Solving for p, Initial residual = 0.107042, Final residual = 0.000768092, No Iterations 4
GAMG:  Solving for p, Initial residual = 0.0131155, Final residual = 0.000125859, No Iterations 18
GAMG:  Solving for p, Initial residual = 0.00663964, Final residual = 5.457e-05, No Iterations 4
time step continuity errors : sum local = 6.3433e-07, global = 2.09355e-07, cumulative = 3.82763e-07
GAMG:  Solving for p, Initial residual = 0.0480653, Final residual = 0.000323341, No Iterations 4
GAMG:  Solving for p, Initial residual = 0.006563, Final residual = 6.36056e-05, No Iterations 16
GAMG:  Solving for p, Initial residual = 0.00330747, Final residual = 2.93158e-05, No Iterations 4
time step continuity errors : sum local = 3.42614e-07, global = 1.15668e-07, cumulative = 4.98432e-07
PIMPLE: iteration 2
DILUPBiCG:  Solving for Ux, Initial residual = 0.0148413, Final residual = 8.69543e-05, No Iterations 1
DILUPBiCG:  Solving for Uy, Initial residual = 0.00303794, Final residual = 6.05987e-06, No Iterations 1
DILUPBiCG:  Solving for Uz, Initial residual = 0.0025615, Final residual = 7.99703e-06, No Iterations 1
GAMG:  Solving for p, Initial residual = 0.0463438, Final residual = 0.000296484, No Iterations 6
GAMG:  Solving for p, Initial residual = 0.0091049, Final residual = 7.86069e-05, No Iterations 16
GAMG:  Solving for p, Initial residual = 0.00368645, Final residual = 3.54386e-05, No Iterations 6
time step continuity errors : sum local = 3.59752e-07, global = -9.11296e-08, cumulative = 4.07302e-07
GAMG:  Solving for p, Initial residual = 0.0243946, Final residual = 0.000233488, No Iterations 4
GAMG:  Solving for p, Initial residual = 0.00479667, Final residual = 4.52544e-05, No Iterations 14
GAMG:  Solving for p, Initial residual = 0.00185384, Final residual = 1.62463e-05, No Iterations 10
time step continuity errors : sum local = 1.65542e-07, global = -4.21453e-08, cumulative = 3.65157e-07
PIMPLE: iteration 3
DILUPBiCG:  Solving for Ux, Initial residual = 0.00315903, Final residual = 2.71694e-06, No Iterations 2
DILUPBiCG:  Solving for Uy, Initial residual = 0.000679005, Final residual = 4.86283e-06, No Iterations 1
DILUPBiCG:  Solving for Uz, Initial residual = 0.00461807, Final residual = 2.13402e-06, No Iterations 2
GAMG:  Solving for p, Initial residual = 0.0445534, Final residual = 0.000336176, No Iterations 5
GAMG:  Solving for p, Initial residual = 0.0100846, Final residual = 9.6366e-05, No Iterations 14
GAMG:  Solving for p, Initial residual = 0.00519601, Final residual = 5.0977e-05, No Iterations 10
time step continuity errors : sum local = 5.80556e-07, global = -1.54202e-07, cumulative = 2.10954e-07
GAMG:  Solving for p, Initial residual = 0.00247698, Final residual = 1.93553e-05, No Iterations 8
GAMG:  Solving for p, Initial residual = 0.00129696, Final residual = 1.00645e-05, No Iterations 5
GAMG:  Solving for p, Initial residual = 0.000527048, Final residual = 9.19162e-07, No Iterations 28
time step continuity errors : sum local = 1.03479e-08, global = 3.11203e-09, cumulative = 2.14066e-07
DILUPBiCG:  Solving for omega, Initial residual = 0.00115577, Final residual = 7.27666e-07, No Iterations 1
DILUPBiCG:  Solving for k, Initial residual = 0.00351033, Final residual = 6.46241e-07, No Iterations 2
bounding k, min: 0 max: 0.00062318 average: 0.000151496
ExecutionTime = 43.86 s  ClockTime = 44 s

End

