/*---------------------------------------------------------------------------*\
| =========                 |                                                 |
| \\      /  F ield         | OpenFOAM: The Open Source CFD Toolbox           |
|  \\    /   O peration     | Version:  2.3.1                                 |
|   \\  /    A nd           | Web:      www.OpenFOAM.org                      |
|    \\/     M anipulation  |                                                 |
\*---------------------------------------------------------------------------*/
Build  : 2.3.1-262087cdf8db
Exec   : pimpleDyMFoam
Date   : Jun 05 2023
Time   : 19:07:12
Host   : "jcosson-VirtualBox"
PID    : 30718
Case   : /home/jcosson/workspace/henersj_shootingdata/calcs/moderate_deformed/primal/56_intervals_05-06-23/sweep30/interval51
nProcs : 1
sigFpe : Enabling floating point exception trapping (FOAM_SIGFPE).
fileModificationChecking : Monitoring run-time modified files using timeStampMaster
allowSystemOperations : Allowing user-supplied system call operations

// * * * * * * * * * * * * * * * * * * * * * * * * * * * * * * * * * * * * * //
Create time

Create mesh for time = 0.489

Selecting dynamicFvMesh dynamicMotionSolverFvMesh
Selecting motion solver: displacementLaplacian
Selecting motion diffusion: quadratic
Selecting motion diffusion: quadratic
Selecting motion diffusion: inverseDistance

PIMPLE: no residual control data found. Calculations will employ 3 corrector loops

Reading field p

Reading field U

Reading/calculating face flux field phi

Selecting incompressible transport model Newtonian
Selecting turbulence model type RASModel
Selecting RAS turbulence model kOmegaSST
bounding k, min: 0 max: 0.000625482 average: 0.000151775
kOmegaSSTCoeffs
{
    alphaK1         0.85034;
    alphaK2         1;
    alphaOmega1     0.5;
    alphaOmega2     0.85616;
    gamma1          0.5532;
    gamma2          0.4403;
    beta1           0.075;
    beta2           0.0828;
    betaStar        0.09;
    a1              0.31;
    c1              10;
    Cmu             0.09;
    b1              1;
    F3              false;
}

Reading/calculating face velocity Uf

No finite volume options present

Courant Number mean: 0.119479 max: 0.266925

Starting time loop

Courant Number mean: 0.119479 max: 0.266925
Time = 0.49

GAMG:  Solving for cellDisplacementx, Initial residual = 0, Final residual = 0, No Iterations 0
GAMG:  Solving for cellDisplacementy, Initial residual = 0, Final residual = 0, No Iterations 0
GAMG:  Solving for cellDisplacementz, Initial residual = 0, Final residual = 0, No Iterations 0
PIMPLE: iteration 1
DILUPBiCG:  Solving for Ux, Initial residual = 0.0546659, Final residual = 0.000205949, No Iterations 1
DILUPBiCG:  Solving for Uy, Initial residual = 0.0109456, Final residual = 2.19446e-05, No Iterations 1
DILUPBiCG:  Solving for Uz, Initial residual = 0.0121192, Final residual = 1.17164e-05, No Iterations 1
GAMG:  Solving for p, Initial residual = 0.113643, Final residual = 0.000779168, No Iterations 4
GAMG:  Solving for p, Initial residual = 0.0154215, Final residual = 0.000149174, No Iterations 16
GAMG:  Solving for p, Initial residual = 0.00727924, Final residual = 6.84154e-05, No Iterations 4
time step continuity errors : sum local = 7.46565e-07, global = 2.77211e-07, cumulative = 2.77211e-07
GAMG:  Solving for p, Initial residual = 0.0513943, Final residual = 0.000339723, No Iterations 4
GAMG:  Solving for p, Initial residual = 0.00765647, Final residual = 6.58429e-05, No Iterations 16
GAMG:  Solving for p, Initial residual = 0.00365956, Final residual = 3.10313e-05, No Iterations 4
time step continuity errors : sum local = 3.41067e-07, global = 1.21178e-07, cumulative = 3.98389e-07
PIMPLE: iteration 2
DILUPBiCG:  Solving for Ux, Initial residual = 0.0140549, Final residual = 8.18276e-05, No Iterations 1
DILUPBiCG:  Solving for Uy, Initial residual = 0.00291554, Final residual = 5.77812e-06, No Iterations 1
DILUPBiCG:  Solving for Uz, Initial residual = 0.00261499, Final residual = 7.44859e-06, No Iterations 1
GAMG:  Solving for p, Initial residual = 0.0501867, Final residual = 0.000488823, No Iterations 4
GAMG:  Solving for p, Initial residual = 0.0104134, Final residual = 0.000101041, No Iterations 14
GAMG:  Solving for p, Initial residual = 0.00443534, Final residual = 4.06091e-05, No Iterations 10
time step continuity errors : sum local = 3.89171e-07, global = -9.8022e-08, cumulative = 3.00367e-07
GAMG:  Solving for p, Initial residual = 0.0262967, Final residual = 0.00022791, No Iterations 4
GAMG:  Solving for p, Initial residual = 0.00533001, Final residual = 5.21035e-05, No Iterations 12
GAMG:  Solving for p, Initial residual = 0.00213595, Final residual = 2.0171e-05, No Iterations 10
time step continuity errors : sum local = 1.938e-07, global = -4.85981e-08, cumulative = 2.51769e-07
PIMPLE: iteration 3
DILUPBiCG:  Solving for Ux, Initial residual = 0.00294046, Final residual = 2.6566e-06, No Iterations 2
DILUPBiCG:  Solving for Uy, Initial residual = 0.000651396, Final residual = 4.79528e-06, No Iterations 1
DILUPBiCG:  Solving for Uz, Initial residual = 0.00464612, Final residual = 2.04959e-06, No Iterations 2
GAMG:  Solving for p, Initial residual = 0.0461847, Final residual = 0.000331413, No Iterations 5
GAMG:  Solving for p, Initial residual = 0.0104069, Final residual = 9.76489e-05, No Iterations 14
GAMG:  Solving for p, Initial residual = 0.0053745, Final residual = 5.0301e-05, No Iterations 10
time step continuity errors : sum local = 5.38981e-07, global = -1.4187e-07, cumulative = 1.09898e-07
GAMG:  Solving for p, Initial residual = 0.00256229, Final residual = 2.39025e-05, No Iterations 7
GAMG:  Solving for p, Initial residual = 0.0013668, Final residual = 1.04078e-05, No Iterations 6
GAMG:  Solving for p, Initial residual = 0.000559103, Final residual = 8.59244e-07, No Iterations 30
time step continuity errors : sum local = 9.09368e-09, global = 2.75965e-09, cumulative = 1.12658e-07
DILUPBiCG:  Solving for omega, Initial residual = 0.00118929, Final residual = 7.21807e-07, No Iterations 1
DILUPBiCG:  Solving for k, Initial residual = 0.0034657, Final residual = 6.22538e-07, No Iterations 2
bounding k, min: 0 max: 0.000610921 average: 0.000150917
ExecutionTime = 14.84 s  ClockTime = 15 s

Courant Number mean: 0.116003 max: 0.259502
Time = 0.491

GAMG:  Solving for cellDisplacementx, Initial residual = 0, Final residual = 0, No Iterations 0
GAMG:  Solving for cellDisplacementy, Initial residual = 0, Final residual = 0, No Iterations 0
GAMG:  Solving for cellDisplacementz, Initial residual = 0, Final residual = 0, No Iterations 0
PIMPLE: iteration 1
DILUPBiCG:  Solving for Ux, Initial residual = 0.0515741, Final residual = 0.000194547, No Iterations 1
DILUPBiCG:  Solving for Uy, Initial residual = 0.010466, Final residual = 2.08475e-05, No Iterations 1
DILUPBiCG:  Solving for Uz, Initial residual = 0.0115591, Final residual = 1.01179e-05, No Iterations 1
GAMG:  Solving for p, Initial residual = 0.105163, Final residual = 0.000640983, No Iterations 4
GAMG:  Solving for p, Initial residual = 0.0131734, Final residual = 0.00011937, No Iterations 18
GAMG:  Solving for p, Initial residual = 0.00675396, Final residual = 6.52564e-05, No Iterations 4
time step continuity errors : sum local = 6.66679e-07, global = 1.34316e-07, cumulative = 2.46974e-07
GAMG:  Solving for p, Initial residual = 0.0477494, Final residual = 0.000268858, No Iterations 4
GAMG:  Solving for p, Initial residual = 0.00651838, Final residual = 6.14119e-05, No Iterations 16
GAMG:  Solving for p, Initial residual = 0.00335589, Final residual = 2.905e-05, No Iterations 4
time step continuity errors : sum local = 2.98432e-07, global = 1.00626e-07, cumulative = 3.476e-07
PIMPLE: iteration 2
DILUPBiCG:  Solving for Ux, Initial residual = 0.0131702, Final residual = 7.67657e-05, No Iterations 1
DILUPBiCG:  Solving for Uy, Initial residual = 0.0027595, Final residual = 5.44811e-06, No Iterations 1
DILUPBiCG:  Solving for Uz, Initial residual = 0.00250628, Final residual = 7.10903e-06, No Iterations 1
GAMG:  Solving for p, Initial residual = 0.0458055, Final residual = 0.000302881, No Iterations 6
GAMG:  Solving for p, Initial residual = 0.00984916, Final residual = 9.58388e-05, No Iterations 14
GAMG:  Solving for p, Initial residual = 0.00394086, Final residual = 3.20144e-05, No Iterations 10
time step continuity errors : sum local = 2.86099e-07, global = -7.27808e-08, cumulative = 2.74819e-07
GAMG:  Solving for p, Initial residual = 0.0242986, Final residual = 0.00024283, No Iterations 4
GAMG:  Solving for p, Initial residual = 0.00529069, Final residual = 4.72839e-05, No Iterations 14
GAMG:  Solving for p, Initial residual = 0.00200373, Final residual = 1.68099e-05, No Iterations 10
time step continuity errors : sum local = 1.50566e-07, global = -3.84271e-08, cumulative = 2.36392e-07
PIMPLE: iteration 3
DILUPBiCG:  Solving for Ux, Initial residual = 0.00270717, Final residual = 2.65192e-06, No Iterations 2
DILUPBiCG:  Solving for Uy, Initial residual = 0.000601422, Final residual = 5.07276e-06, No Iterations 1
DILUPBiCG:  Solving for Uz, Initial residual = 0.00395887, Final residual = 2.02259e-06, No Iterations 2
GAMG:  Solving for p, Initial residual = 0.0461747, Final residual = 0.00034844, No Iterations 5
GAMG:  Solving for p, Initial residual = 0.0104685, Final residual = 0.000101345, No Iterations 14
GAMG:  Solving for p, Initial residual = 0.00551616, Final residual = 5.33891e-05, No Iterations 10
time step continuity errors : sum local = 5.33907e-07, global = -1.42947e-07, cumulative = 9.34458e-08
GAMG:  Solving for p, Initial residual = 0.00255924, Final residual = 2.55873e-05, No Iterations 7
GAMG:  Solving for p, Initial residual = 0.00131844, Final residual = 1.03768e-05, No Iterations 6
GAMG:  Solving for p, Initial residual = 0.000529337, Final residual = 9.33581e-07, No Iterations 28
time step continuity errors : sum local = 9.21759e-09, global = 2.80357e-09, cumulative = 9.62494e-08
DILUPBiCG:  Solving for omega, Initial residual = 0.00121522, Final residual = 7.13738e-07, No Iterations 1
DILUPBiCG:  Solving for k, Initial residual = 0.0034139, Final residual = 6.10166e-07, No Iterations 2
bounding k, min: 0 max: 0.000595571 average: 0.000150087
ExecutionTime = 22.2 s  ClockTime = 22 s

End

