/*---------------------------------------------------------------------------*\
| =========                 |                                                 |
| \\      /  F ield         | OpenFOAM: The Open Source CFD Toolbox           |
|  \\    /   O peration     | Version:  2.3.1                                 |
|   \\  /    A nd           | Web:      www.OpenFOAM.org                      |
|    \\/     M anipulation  |                                                 |
\*---------------------------------------------------------------------------*/
Build  : 2.3.1-262087cdf8db
Exec   : pimpleDyMFoam
Date   : Jun 05 2023
Time   : 19:06:39
Host   : "jcosson-VirtualBox"
PID    : 30689
Case   : /home/jcosson/workspace/henersj_shootingdata/calcs/moderate_deformed/primal/56_intervals_05-06-23/sweep30/interval37
nProcs : 1
sigFpe : Enabling floating point exception trapping (FOAM_SIGFPE).
fileModificationChecking : Monitoring run-time modified files using timeStampMaster
allowSystemOperations : Allowing user-supplied system call operations

// * * * * * * * * * * * * * * * * * * * * * * * * * * * * * * * * * * * * * //
Create time

Create mesh for time = 0.464

Selecting dynamicFvMesh dynamicMotionSolverFvMesh
Selecting motion solver: displacementLaplacian
Selecting motion diffusion: quadratic
Selecting motion diffusion: quadratic
Selecting motion diffusion: inverseDistance

PIMPLE: no residual control data found. Calculations will employ 3 corrector loops

Reading field p

Reading field U

Reading/calculating face flux field phi

Selecting incompressible transport model Newtonian
Selecting turbulence model type RASModel
Selecting RAS turbulence model kOmegaSST
kOmegaSSTCoeffs
{
    alphaK1         0.85034;
    alphaK2         1;
    alphaOmega1     0.5;
    alphaOmega2     0.85616;
    gamma1          0.5532;
    gamma2          0.4403;
    beta1           0.075;
    beta2           0.0828;
    betaStar        0.09;
    a1              0.31;
    c1              10;
    Cmu             0.09;
    b1              1;
    F3              false;
}

Reading/calculating face velocity Uf

No finite volume options present

Courant Number mean: 0.246941 max: 0.549142

Starting time loop

Courant Number mean: 0.246941 max: 0.549142
Time = 0.465

GAMG:  Solving for cellDisplacementx, Initial residual = 0, Final residual = 0, No Iterations 0
GAMG:  Solving for cellDisplacementy, Initial residual = 0, Final residual = 0, No Iterations 0
GAMG:  Solving for cellDisplacementz, Initial residual = 0, Final residual = 0, No Iterations 0
PIMPLE: iteration 1
DILUPBiCG:  Solving for Ux, Initial residual = 0.0350245, Final residual = 0.000144472, No Iterations 1
DILUPBiCG:  Solving for Uy, Initial residual = 0.00560806, Final residual = 1.3302e-05, No Iterations 1
DILUPBiCG:  Solving for Uz, Initial residual = 0.0137524, Final residual = 3.28558e-05, No Iterations 1
GAMG:  Solving for p, Initial residual = 0.141607, Final residual = 0.00119343, No Iterations 6
GAMG:  Solving for p, Initial residual = 0.0169086, Final residual = 0.00016606, No Iterations 18
GAMG:  Solving for p, Initial residual = 0.00706958, Final residual = 6.52911e-05, No Iterations 12
time step continuity errors : sum local = 7.41427e-07, global = 2.2315e-07, cumulative = 2.2315e-07
GAMG:  Solving for p, Initial residual = 0.0584535, Final residual = 0.000388806, No Iterations 6
GAMG:  Solving for p, Initial residual = 0.0084833, Final residual = 7.88231e-05, No Iterations 16
GAMG:  Solving for p, Initial residual = 0.0036776, Final residual = 3.19459e-05, No Iterations 12
time step continuity errors : sum local = 3.61506e-07, global = 1.07955e-07, cumulative = 3.31105e-07
PIMPLE: iteration 2
DILUPBiCG:  Solving for Ux, Initial residual = 0.0106861, Final residual = 5.65907e-05, No Iterations 1
DILUPBiCG:  Solving for Uy, Initial residual = 0.00180046, Final residual = 4.49685e-06, No Iterations 1
DILUPBiCG:  Solving for Uz, Initial residual = 0.00384598, Final residual = 1.16368e-05, No Iterations 1
GAMG:  Solving for p, Initial residual = 0.0596136, Final residual = 0.000447736, No Iterations 4
GAMG:  Solving for p, Initial residual = 0.00978115, Final residual = 9.71489e-05, No Iterations 14
GAMG:  Solving for p, Initial residual = 0.0044821, Final residual = 4.00473e-05, No Iterations 10
time step continuity errors : sum local = 3.83713e-07, global = -1.03911e-07, cumulative = 2.27194e-07
GAMG:  Solving for p, Initial residual = 0.0303472, Final residual = 0.000189207, No Iterations 4
GAMG:  Solving for p, Initial residual = 0.00476585, Final residual = 4.47579e-05, No Iterations 12
GAMG:  Solving for p, Initial residual = 0.00210689, Final residual = 2.06466e-05, No Iterations 8
time step continuity errors : sum local = 1.98858e-07, global = -5.67153e-08, cumulative = 1.70479e-07
PIMPLE: iteration 3
DILUPBiCG:  Solving for Ux, Initial residual = 0.00280814, Final residual = 9.09998e-07, No Iterations 2
DILUPBiCG:  Solving for Uy, Initial residual = 0.000471029, Final residual = 7.04719e-06, No Iterations 1
DILUPBiCG:  Solving for Uz, Initial residual = 0.0061433, Final residual = 1.71368e-06, No Iterations 2
GAMG:  Solving for p, Initial residual = 0.0412734, Final residual = 0.000332616, No Iterations 5
GAMG:  Solving for p, Initial residual = 0.0093962, Final residual = 8.47582e-05, No Iterations 15
GAMG:  Solving for p, Initial residual = 0.00448126, Final residual = 3.75875e-05, No Iterations 10
time step continuity errors : sum local = 4.0242e-07, global = -1.04819e-07, cumulative = 6.56604e-08
GAMG:  Solving for p, Initial residual = 0.00271096, Final residual = 2.4208e-05, No Iterations 20
GAMG:  Solving for p, Initial residual = 0.00153562, Final residual = 1.34505e-05, No Iterations 4
GAMG:  Solving for p, Initial residual = 0.000589684, Final residual = 8.7662e-07, No Iterations 38
time step continuity errors : sum local = 9.36675e-09, global = 2.77465e-09, cumulative = 6.84351e-08
DILUPBiCG:  Solving for omega, Initial residual = 0.000502657, Final residual = 1.28911e-06, No Iterations 1
DILUPBiCG:  Solving for k, Initial residual = 0.00495252, Final residual = 1.52906e-06, No Iterations 2
ExecutionTime = 17.83 s  ClockTime = 18 s

Courant Number mean: 0.24242 max: 0.539004
Time = 0.466

GAMG:  Solving for cellDisplacementx, Initial residual = 0, Final residual = 0, No Iterations 0
GAMG:  Solving for cellDisplacementy, Initial residual = 0, Final residual = 0, No Iterations 0
GAMG:  Solving for cellDisplacementz, Initial residual = 0, Final residual = 0, No Iterations 0
PIMPLE: iteration 1
DILUPBiCG:  Solving for Ux, Initial residual = 0.0375151, Final residual = 0.000155201, No Iterations 1
DILUPBiCG:  Solving for Uy, Initial residual = 0.00601152, Final residual = 1.42141e-05, No Iterations 1
DILUPBiCG:  Solving for Uz, Initial residual = 0.0126231, Final residual = 3.09824e-05, No Iterations 1
GAMG:  Solving for p, Initial residual = 0.126879, Final residual = 0.00117332, No Iterations 6
GAMG:  Solving for p, Initial residual = 0.0143127, Final residual = 0.000138446, No Iterations 20
GAMG:  Solving for p, Initial residual = 0.0061521, Final residual = 5.45023e-05, No Iterations 12
time step continuity errors : sum local = 6.51268e-07, global = 1.95592e-07, cumulative = 2.64027e-07
GAMG:  Solving for p, Initial residual = 0.0524981, Final residual = 0.000381084, No Iterations 6
GAMG:  Solving for p, Initial residual = 0.00721476, Final residual = 6.62106e-05, No Iterations 18
GAMG:  Solving for p, Initial residual = 0.00320335, Final residual = 3.14881e-05, No Iterations 10
time step continuity errors : sum local = 3.7488e-07, global = 9.80895e-08, cumulative = 3.62116e-07
PIMPLE: iteration 2
DILUPBiCG:  Solving for Ux, Initial residual = 0.0113621, Final residual = 6.13968e-05, No Iterations 1
DILUPBiCG:  Solving for Uy, Initial residual = 0.0019194, Final residual = 4.70607e-06, No Iterations 1
DILUPBiCG:  Solving for Uz, Initial residual = 0.00378078, Final residual = 1.17371e-05, No Iterations 1
GAMG:  Solving for p, Initial residual = 0.05309, Final residual = 0.000455917, No Iterations 4
GAMG:  Solving for p, Initial residual = 0.00833012, Final residual = 8.31139e-05, No Iterations 16
GAMG:  Solving for p, Initial residual = 0.00391446, Final residual = 3.87903e-05, No Iterations 8
time step continuity errors : sum local = 3.90602e-07, global = -1.28054e-07, cumulative = 2.34062e-07
GAMG:  Solving for p, Initial residual = 0.027059, Final residual = 0.000193809, No Iterations 4
GAMG:  Solving for p, Initial residual = 0.00402001, Final residual = 3.75837e-05, No Iterations 14
GAMG:  Solving for p, Initial residual = 0.00179227, Final residual = 1.78157e-05, No Iterations 8
time step continuity errors : sum local = 1.80433e-07, global = -5.40349e-08, cumulative = 1.80027e-07
PIMPLE: iteration 3
DILUPBiCG:  Solving for Ux, Initial residual = 0.00295369, Final residual = 9.78242e-07, No Iterations 2
DILUPBiCG:  Solving for Uy, Initial residual = 0.000496075, Final residual = 7.10477e-06, No Iterations 1
DILUPBiCG:  Solving for Uz, Initial residual = 0.00642739, Final residual = 1.89581e-06, No Iterations 2
GAMG:  Solving for p, Initial residual = 0.0396977, Final residual = 0.00033065, No Iterations 5
GAMG:  Solving for p, Initial residual = 0.00904658, Final residual = 8.41668e-05, No Iterations 15
GAMG:  Solving for p, Initial residual = 0.00434135, Final residual = 3.78983e-05, No Iterations 10
time step continuity errors : sum local = 4.27175e-07, global = -1.11394e-07, cumulative = 6.86329e-08
GAMG:  Solving for p, Initial residual = 0.00257723, Final residual = 2.37187e-05, No Iterations 20
GAMG:  Solving for p, Initial residual = 0.00147305, Final residual = 1.31662e-05, No Iterations 4
GAMG:  Solving for p, Initial residual = 0.000568269, Final residual = 8.5606e-07, No Iterations 38
time step continuity errors : sum local = 9.62698e-09, global = 2.8504e-09, cumulative = 7.14833e-08
DILUPBiCG:  Solving for omega, Initial residual = 0.000484636, Final residual = 1.14693e-06, No Iterations 1
DILUPBiCG:  Solving for k, Initial residual = 0.00493303, Final residual = 1.59113e-06, No Iterations 2
ExecutionTime = 33.65 s  ClockTime = 34 s

End

