/*---------------------------------------------------------------------------*\
| =========                 |                                                 |
| \\      /  F ield         | OpenFOAM: The Open Source CFD Toolbox           |
|  \\    /   O peration     | Version:  2.3.1                                 |
|   \\  /    A nd           | Web:      www.OpenFOAM.org                      |
|    \\/     M anipulation  |                                                 |
\*---------------------------------------------------------------------------*/
Build  : 2.3.1-262087cdf8db
Exec   : pimpleDyMFoam
Date   : Jun 05 2023
Time   : 19:07:10
Host   : "jcosson-VirtualBox"
PID    : 30712
Case   : /home/jcosson/workspace/henersj_shootingdata/calcs/moderate_deformed/primal/56_intervals_05-06-23/sweep30/interval48
nProcs : 1
sigFpe : Enabling floating point exception trapping (FOAM_SIGFPE).
fileModificationChecking : Monitoring run-time modified files using timeStampMaster
allowSystemOperations : Allowing user-supplied system call operations

// * * * * * * * * * * * * * * * * * * * * * * * * * * * * * * * * * * * * * //
Create time

Create mesh for time = 0.484

Selecting dynamicFvMesh dynamicMotionSolverFvMesh
Selecting motion solver: displacementLaplacian
Selecting motion diffusion: quadratic
Selecting motion diffusion: quadratic
Selecting motion diffusion: inverseDistance

PIMPLE: no residual control data found. Calculations will employ 3 corrector loops

Reading field p

Reading field U

Reading/calculating face flux field phi

Selecting incompressible transport model Newtonian
Selecting turbulence model type RASModel
Selecting RAS turbulence model kOmegaSST
bounding k, min: 0 max: 0.000685356 average: 0.000155585
kOmegaSSTCoeffs
{
    alphaK1         0.85034;
    alphaK2         1;
    alphaOmega1     0.5;
    alphaOmega2     0.85616;
    gamma1          0.5532;
    gamma2          0.4403;
    beta1           0.075;
    beta2           0.0828;
    betaStar        0.09;
    a1              0.31;
    c1              10;
    Cmu             0.09;
    b1              1;
    F3              false;
}

Reading/calculating face velocity Uf

No finite volume options present

Courant Number mean: 0.140613 max: 0.307986

Starting time loop

Courant Number mean: 0.140613 max: 0.307986
Time = 0.485

GAMG:  Solving for cellDisplacementx, Initial residual = 0, Final residual = 0, No Iterations 0
GAMG:  Solving for cellDisplacementy, Initial residual = 0, Final residual = 0, No Iterations 0
GAMG:  Solving for cellDisplacementz, Initial residual = 0, Final residual = 0, No Iterations 0
PIMPLE: iteration 1
DILUPBiCG:  Solving for Ux, Initial residual = 0.0636023, Final residual = 0.000246767, No Iterations 1
DILUPBiCG:  Solving for Uy, Initial residual = 0.0118685, Final residual = 2.46578e-05, No Iterations 1
DILUPBiCG:  Solving for Uz, Initial residual = 0.0116301, Final residual = 1.46484e-05, No Iterations 1
GAMG:  Solving for p, Initial residual = 0.118597, Final residual = 0.00096555, No Iterations 4
GAMG:  Solving for p, Initial residual = 0.0150448, Final residual = 0.000138972, No Iterations 18
GAMG:  Solving for p, Initial residual = 0.00707259, Final residual = 6.20496e-05, No Iterations 10
time step continuity errors : sum local = 8.56334e-07, global = 2.25378e-07, cumulative = 2.25378e-07
GAMG:  Solving for p, Initial residual = 0.0523855, Final residual = 0.000386945, No Iterations 4
GAMG:  Solving for p, Initial residual = 0.00750797, Final residual = 6.80712e-05, No Iterations 16
GAMG:  Solving for p, Initial residual = 0.00355836, Final residual = 3.25063e-05, No Iterations 10
time step continuity errors : sum local = 4.50591e-07, global = 1.18893e-07, cumulative = 3.44271e-07
PIMPLE: iteration 2
DILUPBiCG:  Solving for Ux, Initial residual = 0.0169857, Final residual = 0.000101736, No Iterations 1
DILUPBiCG:  Solving for Uy, Initial residual = 0.0033141, Final residual = 6.79644e-06, No Iterations 1
DILUPBiCG:  Solving for Uz, Initial residual = 0.00273027, Final residual = 9.78068e-06, No Iterations 1
GAMG:  Solving for p, Initial residual = 0.0517848, Final residual = 0.000487837, No Iterations 4
GAMG:  Solving for p, Initial residual = 0.00953296, Final residual = 8.66953e-05, No Iterations 16
GAMG:  Solving for p, Initial residual = 0.0040908, Final residual = 3.53172e-05, No Iterations 10
time step continuity errors : sum local = 4.24286e-07, global = -1.07525e-07, cumulative = 2.36747e-07
GAMG:  Solving for p, Initial residual = 0.0269459, Final residual = 0.000222704, No Iterations 4
GAMG:  Solving for p, Initial residual = 0.00485235, Final residual = 4.27844e-05, No Iterations 14
GAMG:  Solving for p, Initial residual = 0.00194112, Final residual = 1.77691e-05, No Iterations 10
time step continuity errors : sum local = 2.14302e-07, global = -5.39481e-08, cumulative = 1.82798e-07
PIMPLE: iteration 3
DILUPBiCG:  Solving for Ux, Initial residual = 0.00377776, Final residual = 3.06409e-06, No Iterations 2
DILUPBiCG:  Solving for Uy, Initial residual = 0.000758036, Final residual = 4.99708e-06, No Iterations 1
DILUPBiCG:  Solving for Uz, Initial residual = 0.00546491, Final residual = 2.88749e-06, No Iterations 2
GAMG:  Solving for p, Initial residual = 0.0430559, Final residual = 0.000334499, No Iterations 5
GAMG:  Solving for p, Initial residual = 0.00972531, Final residual = 8.6492e-05, No Iterations 14
GAMG:  Solving for p, Initial residual = 0.00482549, Final residual = 4.4883e-05, No Iterations 10
time step continuity errors : sum local = 6.05271e-07, global = -1.58985e-07, cumulative = 2.3813e-08
GAMG:  Solving for p, Initial residual = 0.00241681, Final residual = 2.11974e-05, No Iterations 6
GAMG:  Solving for p, Initial residual = 0.00128606, Final residual = 1.14082e-05, No Iterations 4
GAMG:  Solving for p, Initial residual = 0.000535253, Final residual = 9.75178e-07, No Iterations 30
time step continuity errors : sum local = 1.30187e-08, global = 3.86088e-09, cumulative = 2.76739e-08
DILUPBiCG:  Solving for omega, Initial residual = 0.00101098, Final residual = 7.40716e-07, No Iterations 1
DILUPBiCG:  Solving for k, Initial residual = 0.00373037, Final residual = 6.73252e-07, No Iterations 2
bounding k, min: 0 max: 0.000672007 average: 0.000154607
ExecutionTime = 12.75 s  ClockTime = 13 s

Courant Number mean: 0.135909 max: 0.298043
Time = 0.486

GAMG:  Solving for cellDisplacementx, Initial residual = 0, Final residual = 0, No Iterations 0
GAMG:  Solving for cellDisplacementy, Initial residual = 0, Final residual = 0, No Iterations 0
GAMG:  Solving for cellDisplacementz, Initial residual = 0, Final residual = 0, No Iterations 0
PIMPLE: iteration 1
DILUPBiCG:  Solving for Ux, Initial residual = 0.0626868, Final residual = 0.000241856, No Iterations 1
DILUPBiCG:  Solving for Uy, Initial residual = 0.0118039, Final residual = 2.43051e-05, No Iterations 1
DILUPBiCG:  Solving for Uz, Initial residual = 0.0105815, Final residual = 1.26096e-05, No Iterations 1
GAMG:  Solving for p, Initial residual = 0.108752, Final residual = 0.000971128, No Iterations 4
GAMG:  Solving for p, Initial residual = 0.0128057, Final residual = 0.000116807, No Iterations 20
GAMG:  Solving for p, Initial residual = 0.00626834, Final residual = 5.22166e-05, No Iterations 10
time step continuity errors : sum local = 6.97527e-07, global = 1.81606e-07, cumulative = 2.0928e-07
GAMG:  Solving for p, Initial residual = 0.0481441, Final residual = 0.000388075, No Iterations 4
GAMG:  Solving for p, Initial residual = 0.00644684, Final residual = 5.78282e-05, No Iterations 18
GAMG:  Solving for p, Initial residual = 0.00315155, Final residual = 2.75076e-05, No Iterations 10
time step continuity errors : sum local = 3.68853e-07, global = 9.68674e-08, cumulative = 3.06147e-07
PIMPLE: iteration 2
DILUPBiCG:  Solving for Ux, Initial residual = 0.0166063, Final residual = 9.91207e-05, No Iterations 1
DILUPBiCG:  Solving for Uy, Initial residual = 0.00328047, Final residual = 6.68709e-06, No Iterations 1
DILUPBiCG:  Solving for Uz, Initial residual = 0.00271658, Final residual = 9.31773e-06, No Iterations 1
GAMG:  Solving for p, Initial residual = 0.0467801, Final residual = 0.000306433, No Iterations 6
GAMG:  Solving for p, Initial residual = 0.00847065, Final residual = 7.31593e-05, No Iterations 16
GAMG:  Solving for p, Initial residual = 0.0033407, Final residual = 3.10034e-05, No Iterations 10
time step continuity errors : sum local = 3.60124e-07, global = -9.38927e-08, cumulative = 2.12255e-07
GAMG:  Solving for p, Initial residual = 0.0243407, Final residual = 0.000218669, No Iterations 4
GAMG:  Solving for p, Initial residual = 0.00426981, Final residual = 4.03918e-05, No Iterations 14
GAMG:  Solving for p, Initial residual = 0.00170672, Final residual = 1.45998e-05, No Iterations 12
time step continuity errors : sum local = 1.70392e-07, global = -4.88504e-08, cumulative = 1.63404e-07
PIMPLE: iteration 3
DILUPBiCG:  Solving for Ux, Initial residual = 0.00364151, Final residual = 3.01743e-06, No Iterations 2
DILUPBiCG:  Solving for Uy, Initial residual = 0.000747763, Final residual = 4.936e-06, No Iterations 1
DILUPBiCG:  Solving for Uz, Initial residual = 0.0056027, Final residual = 3.06028e-06, No Iterations 2
GAMG:  Solving for p, Initial residual = 0.0428422, Final residual = 0.00032798, No Iterations 5
GAMG:  Solving for p, Initial residual = 0.00962055, Final residual = 8.8302e-05, No Iterations 14
GAMG:  Solving for p, Initial residual = 0.00483723, Final residual = 4.4704e-05, No Iterations 10
time step continuity errors : sum local = 5.83424e-07, global = -1.52549e-07, cumulative = 1.08556e-08
GAMG:  Solving for p, Initial residual = 0.00238863, Final residual = 2.1786e-05, No Iterations 6
GAMG:  Solving for p, Initial residual = 0.00127568, Final residual = 1.19368e-05, No Iterations 4
GAMG:  Solving for p, Initial residual = 0.000531022, Final residual = 9.21224e-07, No Iterations 34
time step continuity errors : sum local = 1.18936e-08, global = 3.48789e-09, cumulative = 1.43434e-08
DILUPBiCG:  Solving for omega, Initial residual = 0.00104824, Final residual = 7.39315e-07, No Iterations 1
DILUPBiCG:  Solving for k, Initial residual = 0.00366915, Final residual = 6.76378e-07, No Iterations 2
bounding k, min: 0 max: 0.000658167 average: 0.000153654
ExecutionTime = 22.41 s  ClockTime = 22 s

End

