/*---------------------------------------------------------------------------*\
| =========                 |                                                 |
| \\      /  F ield         | OpenFOAM: The Open Source CFD Toolbox           |
|  \\    /   O peration     | Version:  2.3.1                                 |
|   \\  /    A nd           | Web:      www.OpenFOAM.org                      |
|    \\/     M anipulation  |                                                 |
\*---------------------------------------------------------------------------*/
Build  : 2.3.1-262087cdf8db
Exec   : pimpleDyMFoam
Date   : Jun 05 2023
Time   : 23:51:36
Host   : "jcosson-VirtualBox"
PID    : 17546
Case   : /home/jcosson/workspace/henersj_shootingdata/calcs/moderate_deformed/primal/100_intervals_05-06-23/sweep8/interval32
nProcs : 1
sigFpe : Enabling floating point exception trapping (FOAM_SIGFPE).
fileModificationChecking : Monitoring run-time modified files using timeStampMaster
allowSystemOperations : Allowing user-supplied system call operations

// * * * * * * * * * * * * * * * * * * * * * * * * * * * * * * * * * * * * * //
Create time

Create mesh for time = 0.431

Selecting dynamicFvMesh dynamicMotionSolverFvMesh
Selecting motion solver: displacementLaplacian
Selecting motion diffusion: quadratic
Selecting motion diffusion: quadratic
Selecting motion diffusion: inverseDistance

PIMPLE: no residual control data found. Calculations will employ 3 corrector loops

Reading field p

Reading field U

Reading/calculating face flux field phi

Selecting incompressible transport model Newtonian
Selecting turbulence model type RASModel
Selecting RAS turbulence model kOmegaSST
kOmegaSSTCoeffs
{
    alphaK1         0.85034;
    alphaK2         1;
    alphaOmega1     0.5;
    alphaOmega2     0.85616;
    gamma1          0.5532;
    gamma2          0.4403;
    beta1           0.075;
    beta2           0.0828;
    betaStar        0.09;
    a1              0.31;
    c1              10;
    Cmu             0.09;
    b1              1;
    F3              false;
}

Reading/calculating face velocity Uf

No finite volume options present

Courant Number mean: 0.221357 max: 0.486161

Starting time loop

Courant Number mean: 0.221357 max: 0.486161
Time = 0.432

GAMG:  Solving for cellDisplacementx, Initial residual = 0, Final residual = 0, No Iterations 0
GAMG:  Solving for cellDisplacementy, Initial residual = 0, Final residual = 0, No Iterations 0
GAMG:  Solving for cellDisplacementz, Initial residual = 0, Final residual = 0, No Iterations 0
PIMPLE: iteration 1
DILUPBiCG:  Solving for Ux, Initial residual = 0.0486244, Final residual = 0.000160912, No Iterations 1
DILUPBiCG:  Solving for Uy, Initial residual = 0.00779575, Final residual = 1.73787e-05, No Iterations 1
DILUPBiCG:  Solving for Uz, Initial residual = 0.0227616, Final residual = 3.334e-05, No Iterations 1
GAMG:  Solving for p, Initial residual = 0.127791, Final residual = 0.00124409, No Iterations 4
GAMG:  Solving for p, Initial residual = 0.0157332, Final residual = 0.000139806, No Iterations 18
GAMG:  Solving for p, Initial residual = 0.00688361, Final residual = 6.06368e-05, No Iterations 10
time step continuity errors : sum local = 8.23138e-07, global = -2.15686e-07, cumulative = -2.15686e-07
GAMG:  Solving for p, Initial residual = 0.0551691, Final residual = 0.000464213, No Iterations 4
GAMG:  Solving for p, Initial residual = 0.00777381, Final residual = 6.66281e-05, No Iterations 16
GAMG:  Solving for p, Initial residual = 0.00347634, Final residual = 3.11246e-05, No Iterations 10
time step continuity errors : sum local = 4.21942e-07, global = -1.13146e-07, cumulative = -3.28832e-07
PIMPLE: iteration 2
DILUPBiCG:  Solving for Ux, Initial residual = 0.0136715, Final residual = 5.80373e-05, No Iterations 1
DILUPBiCG:  Solving for Uy, Initial residual = 0.00223818, Final residual = 6.96096e-06, No Iterations 1
DILUPBiCG:  Solving for Uz, Initial residual = 0.00436857, Final residual = 1.77092e-05, No Iterations 1
GAMG:  Solving for p, Initial residual = 0.0561776, Final residual = 0.000561149, No Iterations 4
GAMG:  Solving for p, Initial residual = 0.0101108, Final residual = 9.14092e-05, No Iterations 16
GAMG:  Solving for p, Initial residual = 0.00438923, Final residual = 3.98292e-05, No Iterations 10
time step continuity errors : sum local = 4.54303e-07, global = 1.14023e-07, cumulative = -2.1481e-07
GAMG:  Solving for p, Initial residual = 0.0291237, Final residual = 0.000244481, No Iterations 4
GAMG:  Solving for p, Initial residual = 0.00499511, Final residual = 4.39474e-05, No Iterations 14
GAMG:  Solving for p, Initial residual = 0.00206177, Final residual = 2.01937e-05, No Iterations 10
time step continuity errors : sum local = 2.31727e-07, global = 5.83258e-08, cumulative = -1.56484e-07
PIMPLE: iteration 3
DILUPBiCG:  Solving for Ux, Initial residual = 0.00319159, Final residual = 1.11904e-06, No Iterations 2
DILUPBiCG:  Solving for Uy, Initial residual = 0.000532491, Final residual = 9.35968e-06, No Iterations 1
DILUPBiCG:  Solving for Uz, Initial residual = 0.00737045, Final residual = 2.67948e-06, No Iterations 2
GAMG:  Solving for p, Initial residual = 0.040156, Final residual = 0.000360813, No Iterations 5
GAMG:  Solving for p, Initial residual = 0.00982409, Final residual = 9.64468e-05, No Iterations 7
GAMG:  Solving for p, Initial residual = 0.00426431, Final residual = 3.79114e-05, No Iterations 10
time step continuity errors : sum local = 4.88028e-07, global = 1.23475e-07, cumulative = -3.30093e-08
GAMG:  Solving for p, Initial residual = 0.00256049, Final residual = 2.24182e-05, No Iterations 20
GAMG:  Solving for p, Initial residual = 0.00150455, Final residual = 1.1973e-05, No Iterations 4
GAMG:  Solving for p, Initial residual = 0.000552291, Final residual = 8.59148e-07, No Iterations 36
time step continuity errors : sum local = 1.10419e-08, global = -3.24168e-09, cumulative = -3.6251e-08
DILUPBiCG:  Solving for omega, Initial residual = 0.0010923, Final residual = 1.21058e-06, No Iterations 1
DILUPBiCG:  Solving for k, Initial residual = 0.00571986, Final residual = 1.25893e-06, No Iterations 2
ExecutionTime = 17.82 s  ClockTime = 18 s

End

