/*---------------------------------------------------------------------------*\
| =========                 |                                                 |
| \\      /  F ield         | OpenFOAM: The Open Source CFD Toolbox           |
|  \\    /   O peration     | Version:  2.3.1                                 |
|   \\  /    A nd           | Web:      www.OpenFOAM.org                      |
|    \\/     M anipulation  |                                                 |
\*---------------------------------------------------------------------------*/
Build  : 2.3.1-262087cdf8db
Exec   : pimpleDyMFoam
Date   : Jun 05 2023
Time   : 23:52:48
Host   : "jcosson-VirtualBox"
PID    : 17666
Case   : /home/jcosson/workspace/henersj_shootingdata/calcs/moderate_deformed/primal/100_intervals_05-06-23/sweep8/interval90
nProcs : 1
sigFpe : Enabling floating point exception trapping (FOAM_SIGFPE).
fileModificationChecking : Monitoring run-time modified files using timeStampMaster
allowSystemOperations : Allowing user-supplied system call operations

// * * * * * * * * * * * * * * * * * * * * * * * * * * * * * * * * * * * * * //
Create time

Create mesh for time = 0.489

Selecting dynamicFvMesh dynamicMotionSolverFvMesh
Selecting motion solver: displacementLaplacian
Selecting motion diffusion: quadratic
Selecting motion diffusion: quadratic
Selecting motion diffusion: inverseDistance

PIMPLE: no residual control data found. Calculations will employ 3 corrector loops

Reading field p

Reading field U

Reading/calculating face flux field phi

Selecting incompressible transport model Newtonian
Selecting turbulence model type RASModel
Selecting RAS turbulence model kOmegaSST
bounding k, min: 0 max: 0.00076421 average: 0.000161074
kOmegaSSTCoeffs
{
    alphaK1         0.85034;
    alphaK2         1;
    alphaOmega1     0.5;
    alphaOmega2     0.85616;
    gamma1          0.5532;
    gamma2          0.4403;
    beta1           0.075;
    beta2           0.0828;
    betaStar        0.09;
    a1              0.31;
    c1              10;
    Cmu             0.09;
    b1              1;
    F3              false;
}

Reading/calculating face velocity Uf

No finite volume options present

Courant Number mean: 0.118424 max: 0.260498

Starting time loop

Courant Number mean: 0.118424 max: 0.260498
Time = 0.49

GAMG:  Solving for cellDisplacementx, Initial residual = 0, Final residual = 0, No Iterations 0
GAMG:  Solving for cellDisplacementy, Initial residual = 0, Final residual = 0, No Iterations 0
GAMG:  Solving for cellDisplacementz, Initial residual = 0, Final residual = 0, No Iterations 0
PIMPLE: iteration 1
DILUPBiCG:  Solving for Ux, Initial residual = 0.0543302, Final residual = 0.00020115, No Iterations 1
DILUPBiCG:  Solving for Uy, Initial residual = 0.0111004, Final residual = 2.35352e-05, No Iterations 1
DILUPBiCG:  Solving for Uz, Initial residual = 0.0263882, Final residual = 3.63825e-05, No Iterations 1
GAMG:  Solving for p, Initial residual = 0.126722, Final residual = 0.000799011, No Iterations 4
GAMG:  Solving for p, Initial residual = 0.0182855, Final residual = 0.000158591, No Iterations 20
GAMG:  Solving for p, Initial residual = 0.00905649, Final residual = 8.90877e-05, No Iterations 4
time step continuity errors : sum local = 8.98661e-07, global = 2.71854e-07, cumulative = 2.71854e-07
GAMG:  Solving for p, Initial residual = 0.0564274, Final residual = 0.000338782, No Iterations 4
GAMG:  Solving for p, Initial residual = 0.00896729, Final residual = 8.44089e-05, No Iterations 18
GAMG:  Solving for p, Initial residual = 0.00458554, Final residual = 4.29588e-05, No Iterations 8
time step continuity errors : sum local = 4.37726e-07, global = 9.91292e-08, cumulative = 3.70983e-07
PIMPLE: iteration 2
DILUPBiCG:  Solving for Ux, Initial residual = 0.0141815, Final residual = 8.16502e-05, No Iterations 1
DILUPBiCG:  Solving for Uy, Initial residual = 0.00292833, Final residual = 6.08859e-06, No Iterations 1
DILUPBiCG:  Solving for Uz, Initial residual = 0.00386015, Final residual = 1.10949e-05, No Iterations 1
GAMG:  Solving for p, Initial residual = 0.0558213, Final residual = 0.000557254, No Iterations 4
GAMG:  Solving for p, Initial residual = 0.0116452, Final residual = 0.000104963, No Iterations 16
GAMG:  Solving for p, Initial residual = 0.0054825, Final residual = 5.46317e-05, No Iterations 7
time step continuity errors : sum local = 4.81845e-07, global = 1.83185e-07, cumulative = 5.54169e-07
GAMG:  Solving for p, Initial residual = 0.0292422, Final residual = 0.000256375, No Iterations 4
GAMG:  Solving for p, Initial residual = 0.00600564, Final residual = 5.38683e-05, No Iterations 14
GAMG:  Solving for p, Initial residual = 0.00266362, Final residual = 2.63565e-05, No Iterations 6
time step continuity errors : sum local = 2.33645e-07, global = -8.153e-08, cumulative = 4.72639e-07
PIMPLE: iteration 3
DILUPBiCG:  Solving for Ux, Initial residual = 0.00307395, Final residual = 2.14967e-06, No Iterations 2
DILUPBiCG:  Solving for Uy, Initial residual = 0.000659821, Final residual = 4.97461e-06, No Iterations 1
DILUPBiCG:  Solving for Uz, Initial residual = 0.00855406, Final residual = 3.0381e-06, No Iterations 2
GAMG:  Solving for p, Initial residual = 0.0428447, Final residual = 0.000356202, No Iterations 5
GAMG:  Solving for p, Initial residual = 0.00989564, Final residual = 8.14983e-05, No Iterations 12
GAMG:  Solving for p, Initial residual = 0.00455299, Final residual = 4.2526e-05, No Iterations 4
time step continuity errors : sum local = 4.23458e-07, global = -1.53717e-07, cumulative = 3.18922e-07
GAMG:  Solving for p, Initial residual = 0.00231467, Final residual = 1.5764e-05, No Iterations 6
GAMG:  Solving for p, Initial residual = 0.00123908, Final residual = 1.13889e-05, No Iterations 4
GAMG:  Solving for p, Initial residual = 0.000523345, Final residual = 9.35531e-07, No Iterations 13
time step continuity errors : sum local = 9.24846e-09, global = 2.72284e-09, cumulative = 3.21645e-07
DILUPBiCG:  Solving for omega, Initial residual = 0.00136707, Final residual = 9.41555e-07, No Iterations 1
DILUPBiCG:  Solving for k, Initial residual = 0.0041157, Final residual = 8.89839e-07, No Iterations 2
bounding k, min: 0 max: 0.000749131 average: 0.000160085
ExecutionTime = 16.4 s  ClockTime = 17 s

End

