/*---------------------------------------------------------------------------*\
| =========                 |                                                 |
| \\      /  F ield         | OpenFOAM: The Open Source CFD Toolbox           |
|  \\    /   O peration     | Version:  2.3.1                                 |
|   \\  /    A nd           | Web:      www.OpenFOAM.org                      |
|    \\/     M anipulation  |                                                 |
\*---------------------------------------------------------------------------*/
Build  : 2.3.1-262087cdf8db
Exec   : pimpleDyMFoam
Date   : Jun 05 2023
Time   : 23:51:37
Host   : "jcosson-VirtualBox"
PID    : 17552
Case   : /home/jcosson/workspace/henersj_shootingdata/calcs/moderate_deformed/primal/100_intervals_05-06-23/sweep8/interval35
nProcs : 1
sigFpe : Enabling floating point exception trapping (FOAM_SIGFPE).
fileModificationChecking : Monitoring run-time modified files using timeStampMaster
allowSystemOperations : Allowing user-supplied system call operations

// * * * * * * * * * * * * * * * * * * * * * * * * * * * * * * * * * * * * * //
Create time

Create mesh for time = 0.434

Selecting dynamicFvMesh dynamicMotionSolverFvMesh
Selecting motion solver: displacementLaplacian
Selecting motion diffusion: quadratic
Selecting motion diffusion: quadratic
Selecting motion diffusion: inverseDistance

PIMPLE: no residual control data found. Calculations will employ 3 corrector loops

Reading field p

Reading field U

Reading/calculating face flux field phi

Selecting incompressible transport model Newtonian
Selecting turbulence model type RASModel
Selecting RAS turbulence model kOmegaSST
kOmegaSSTCoeffs
{
    alphaK1         0.85034;
    alphaK2         1;
    alphaOmega1     0.5;
    alphaOmega2     0.85616;
    gamma1          0.5532;
    gamma2          0.4403;
    beta1           0.075;
    beta2           0.0828;
    betaStar        0.09;
    a1              0.31;
    c1              10;
    Cmu             0.09;
    b1              1;
    F3              false;
}

Reading/calculating face velocity Uf

No finite volume options present

Courant Number mean: 0.236755 max: 0.522728

Starting time loop

Courant Number mean: 0.236755 max: 0.522728
Time = 0.435

GAMG:  Solving for cellDisplacementx, Initial residual = 0, Final residual = 0, No Iterations 0
GAMG:  Solving for cellDisplacementy, Initial residual = 0, Final residual = 0, No Iterations 0
GAMG:  Solving for cellDisplacementz, Initial residual = 0, Final residual = 0, No Iterations 0
PIMPLE: iteration 1
DILUPBiCG:  Solving for Ux, Initial residual = 0.0419814, Final residual = 0.00013862, No Iterations 1
DILUPBiCG:  Solving for Uy, Initial residual = 0.00664581, Final residual = 1.56635e-05, No Iterations 1
DILUPBiCG:  Solving for Uz, Initial residual = 0.0213842, Final residual = 3.35069e-05, No Iterations 1
GAMG:  Solving for p, Initial residual = 0.126894, Final residual = 0.00116355, No Iterations 4
GAMG:  Solving for p, Initial residual = 0.0159632, Final residual = 0.000155351, No Iterations 16
GAMG:  Solving for p, Initial residual = 0.00691113, Final residual = 5.86452e-05, No Iterations 12
time step continuity errors : sum local = 7.22235e-07, global = -2.15907e-07, cumulative = -2.15907e-07
GAMG:  Solving for p, Initial residual = 0.0551697, Final residual = 0.00043528, No Iterations 4
GAMG:  Solving for p, Initial residual = 0.00787801, Final residual = 7.39412e-05, No Iterations 14
GAMG:  Solving for p, Initial residual = 0.003486, Final residual = 2.92041e-05, No Iterations 12
time step continuity errors : sum local = 3.59285e-07, global = -1.0822e-07, cumulative = -3.24127e-07
PIMPLE: iteration 2
DILUPBiCG:  Solving for Ux, Initial residual = 0.011814, Final residual = 4.82093e-05, No Iterations 1
DILUPBiCG:  Solving for Uy, Initial residual = 0.00192167, Final residual = 6.69167e-06, No Iterations 1
DILUPBiCG:  Solving for Uz, Initial residual = 0.00416148, Final residual = 1.75956e-05, No Iterations 1
GAMG:  Solving for p, Initial residual = 0.0560865, Final residual = 0.000540668, No Iterations 5
GAMG:  Solving for p, Initial residual = 0.0106792, Final residual = 0.000106457, No Iterations 13
GAMG:  Solving for p, Initial residual = 0.00431152, Final residual = 4.14596e-05, No Iterations 12
time step continuity errors : sum local = 4.28538e-07, global = 1.212e-07, cumulative = -2.02928e-07
GAMG:  Solving for p, Initial residual = 0.0291989, Final residual = 0.000258826, No Iterations 4
GAMG:  Solving for p, Initial residual = 0.00517914, Final residual = 4.60391e-05, No Iterations 14
GAMG:  Solving for p, Initial residual = 0.00210406, Final residual = 1.8158e-05, No Iterations 12
time step continuity errors : sum local = 1.88819e-07, global = 5.39359e-08, cumulative = -1.48992e-07
PIMPLE: iteration 3
DILUPBiCG:  Solving for Ux, Initial residual = 0.00270994, Final residual = 9.84801e-07, No Iterations 2
DILUPBiCG:  Solving for Uy, Initial residual = 0.00044914, Final residual = 9.71421e-06, No Iterations 1
DILUPBiCG:  Solving for Uz, Initial residual = 0.00684666, Final residual = 2.54839e-06, No Iterations 2
GAMG:  Solving for p, Initial residual = 0.0411454, Final residual = 0.000326896, No Iterations 5
GAMG:  Solving for p, Initial residual = 0.0105278, Final residual = 8.68008e-05, No Iterations 5
GAMG:  Solving for p, Initial residual = 0.0043726, Final residual = 3.64315e-05, No Iterations 8
time step continuity errors : sum local = 4.25229e-07, global = 8.38733e-08, cumulative = -6.51184e-08
GAMG:  Solving for p, Initial residual = 0.00277684, Final residual = 2.57274e-05, No Iterations 20
GAMG:  Solving for p, Initial residual = 0.0016385, Final residual = 1.36818e-05, No Iterations 4
GAMG:  Solving for p, Initial residual = 0.000586007, Final residual = 8.94157e-07, No Iterations 38
time step continuity errors : sum local = 1.04106e-08, global = -3.07395e-09, cumulative = -6.81923e-08
DILUPBiCG:  Solving for omega, Initial residual = 0.00119069, Final residual = 1.37011e-06, No Iterations 1
DILUPBiCG:  Solving for k, Initial residual = 0.00614463, Final residual = 1.3695e-06, No Iterations 2
ExecutionTime = 17.81 s  ClockTime = 18 s

End

