/*---------------------------------------------------------------------------*\
| =========                 |                                                 |
| \\      /  F ield         | OpenFOAM: The Open Source CFD Toolbox           |
|  \\    /   O peration     | Version:  2.3.1                                 |
|   \\  /    A nd           | Web:      www.OpenFOAM.org                      |
|    \\/     M anipulation  |                                                 |
\*---------------------------------------------------------------------------*/
Build  : 2.3.1-262087cdf8db
Exec   : pimpleDyMFoam
Date   : Jun 05 2023
Time   : 18:44:52
Host   : "jcosson-VirtualBox"
PID    : 23163
Case   : /home/jcosson/workspace/henersj_shootingdata/calcs/moderate_deformed/primal/56_intervals_05-06-23/sweep20/interval47
nProcs : 1
sigFpe : Enabling floating point exception trapping (FOAM_SIGFPE).
fileModificationChecking : Monitoring run-time modified files using timeStampMaster
allowSystemOperations : Allowing user-supplied system call operations

// * * * * * * * * * * * * * * * * * * * * * * * * * * * * * * * * * * * * * //
Create time

Create mesh for time = 0.482

Selecting dynamicFvMesh dynamicMotionSolverFvMesh
Selecting motion solver: displacementLaplacian
Selecting motion diffusion: quadratic
Selecting motion diffusion: quadratic
Selecting motion diffusion: inverseDistance

PIMPLE: no residual control data found. Calculations will employ 3 corrector loops

Reading field p

Reading field U

Reading/calculating face flux field phi

Selecting incompressible transport model Newtonian
Selecting turbulence model type RASModel
Selecting RAS turbulence model kOmegaSST
bounding k, min: 0 max: 0.00072245 average: 0.000160578
kOmegaSSTCoeffs
{
    alphaK1         0.85034;
    alphaK2         1;
    alphaOmega1     0.5;
    alphaOmega2     0.85616;
    gamma1          0.5532;
    gamma2          0.4403;
    beta1           0.075;
    beta2           0.0828;
    betaStar        0.09;
    a1              0.31;
    c1              10;
    Cmu             0.09;
    b1              1;
    F3              false;
}

Reading/calculating face velocity Uf

No finite volume options present

Courant Number mean: 0.150677 max: 0.337873

Starting time loop

Courant Number mean: 0.150677 max: 0.337873
Time = 0.483

GAMG:  Solving for cellDisplacementx, Initial residual = 0, Final residual = 0, No Iterations 0
GAMG:  Solving for cellDisplacementy, Initial residual = 0, Final residual = 0, No Iterations 0
GAMG:  Solving for cellDisplacementz, Initial residual = 0, Final residual = 0, No Iterations 0
PIMPLE: iteration 1
DILUPBiCG:  Solving for Ux, Initial residual = 0.064348, Final residual = 0.000245628, No Iterations 1
DILUPBiCG:  Solving for Uy, Initial residual = 0.0117837, Final residual = 2.45761e-05, No Iterations 1
DILUPBiCG:  Solving for Uz, Initial residual = 0.0122665, Final residual = 1.64518e-05, No Iterations 1
GAMG:  Solving for p, Initial residual = 0.120246, Final residual = 0.00106588, No Iterations 4
GAMG:  Solving for p, Initial residual = 0.0152837, Final residual = 0.000147254, No Iterations 18
GAMG:  Solving for p, Initial residual = 0.0070658, Final residual = 6.30098e-05, No Iterations 10
time step continuity errors : sum local = 9.16025e-07, global = 2.40344e-07, cumulative = 2.40344e-07
GAMG:  Solving for p, Initial residual = 0.0526616, Final residual = 0.00042032, No Iterations 4
GAMG:  Solving for p, Initial residual = 0.00760272, Final residual = 7.14196e-05, No Iterations 16
GAMG:  Solving for p, Initial residual = 0.00356731, Final residual = 3.30904e-05, No Iterations 10
time step continuity errors : sum local = 4.82963e-07, global = 1.27161e-07, cumulative = 3.67505e-07
PIMPLE: iteration 2
DILUPBiCG:  Solving for Ux, Initial residual = 0.0173983, Final residual = 0.000100556, No Iterations 1
DILUPBiCG:  Solving for Uy, Initial residual = 0.00332732, Final residual = 6.85649e-06, No Iterations 1
DILUPBiCG:  Solving for Uz, Initial residual = 0.0027491, Final residual = 9.997e-06, No Iterations 1
GAMG:  Solving for p, Initial residual = 0.052149, Final residual = 0.000473551, No Iterations 4
GAMG:  Solving for p, Initial residual = 0.00948277, Final residual = 8.43526e-05, No Iterations 16
GAMG:  Solving for p, Initial residual = 0.0043389, Final residual = 4.10524e-05, No Iterations 6
time step continuity errors : sum local = 5.17733e-07, global = -1.4414e-07, cumulative = 2.23364e-07
GAMG:  Solving for p, Initial residual = 0.0271648, Final residual = 0.000217291, No Iterations 4
GAMG:  Solving for p, Initial residual = 0.00491036, Final residual = 4.12956e-05, No Iterations 14
GAMG:  Solving for p, Initial residual = 0.00205003, Final residual = 2.02258e-05, No Iterations 6
time step continuity errors : sum local = 2.56092e-07, global = -6.42862e-08, cumulative = 1.59078e-07
PIMPLE: iteration 3
DILUPBiCG:  Solving for Ux, Initial residual = 0.00394015, Final residual = 2.81157e-06, No Iterations 2
DILUPBiCG:  Solving for Uy, Initial residual = 0.000779054, Final residual = 5.12707e-06, No Iterations 1
DILUPBiCG:  Solving for Uz, Initial residual = 0.0060497, Final residual = 2.49334e-06, No Iterations 2
GAMG:  Solving for p, Initial residual = 0.0420714, Final residual = 0.00034315, No Iterations 5
GAMG:  Solving for p, Initial residual = 0.00962792, Final residual = 8.21725e-05, No Iterations 14
GAMG:  Solving for p, Initial residual = 0.00468968, Final residual = 3.97347e-05, No Iterations 10
time step continuity errors : sum local = 5.63027e-07, global = -1.4604e-07, cumulative = 1.30385e-08
GAMG:  Solving for p, Initial residual = 0.00241696, Final residual = 2.32987e-05, No Iterations 13
GAMG:  Solving for p, Initial residual = 0.0012927, Final residual = 9.38607e-06, No Iterations 5
GAMG:  Solving for p, Initial residual = 0.000525141, Final residual = 9.4274e-07, No Iterations 28
time step continuity errors : sum local = 1.32487e-08, global = 3.966e-09, cumulative = 1.70045e-08
DILUPBiCG:  Solving for omega, Initial residual = 0.000987151, Final residual = 7.72942e-07, No Iterations 1
DILUPBiCG:  Solving for k, Initial residual = 0.00393691, Final residual = 7.12287e-07, No Iterations 2
bounding k, min: 0 max: 0.000710041 average: 0.000159492
ExecutionTime = 16.95 s  ClockTime = 17 s

Courant Number mean: 0.145613 max: 0.327219
Time = 0.484

GAMG:  Solving for cellDisplacementx, Initial residual = 0, Final residual = 0, No Iterations 0
GAMG:  Solving for cellDisplacementy, Initial residual = 0, Final residual = 0, No Iterations 0
GAMG:  Solving for cellDisplacementz, Initial residual = 0, Final residual = 0, No Iterations 0
PIMPLE: iteration 1
DILUPBiCG:  Solving for Ux, Initial residual = 0.0641251, Final residual = 0.000242897, No Iterations 1
DILUPBiCG:  Solving for Uy, Initial residual = 0.0118277, Final residual = 2.43896e-05, No Iterations 1
DILUPBiCG:  Solving for Uz, Initial residual = 0.0110948, Final residual = 1.40517e-05, No Iterations 1
GAMG:  Solving for p, Initial residual = 0.110737, Final residual = 0.00103993, No Iterations 4
GAMG:  Solving for p, Initial residual = 0.0131575, Final residual = 0.000123342, No Iterations 20
GAMG:  Solving for p, Initial residual = 0.00642435, Final residual = 5.36264e-05, No Iterations 4
time step continuity errors : sum local = 7.60661e-07, global = 2.59333e-07, cumulative = 2.76337e-07
GAMG:  Solving for p, Initial residual = 0.0487781, Final residual = 0.000418043, No Iterations 4
GAMG:  Solving for p, Initial residual = 0.00658988, Final residual = 6.12585e-05, No Iterations 18
GAMG:  Solving for p, Initial residual = 0.00322716, Final residual = 2.86692e-05, No Iterations 4
time step continuity errors : sum local = 4.08027e-07, global = 1.47943e-07, cumulative = 4.2428e-07
PIMPLE: iteration 2
DILUPBiCG:  Solving for Ux, Initial residual = 0.0171862, Final residual = 9.88902e-05, No Iterations 1
DILUPBiCG:  Solving for Uy, Initial residual = 0.00332829, Final residual = 6.80332e-06, No Iterations 1
DILUPBiCG:  Solving for Uz, Initial residual = 0.00271073, Final residual = 1.01951e-05, No Iterations 1
GAMG:  Solving for p, Initial residual = 0.0475425, Final residual = 0.000299563, No Iterations 6
GAMG:  Solving for p, Initial residual = 0.00824275, Final residual = 7.67861e-05, No Iterations 16
GAMG:  Solving for p, Initial residual = 0.00340603, Final residual = 3.13705e-05, No Iterations 10
time step continuity errors : sum local = 3.86252e-07, global = -1.01605e-07, cumulative = 3.22675e-07
GAMG:  Solving for p, Initial residual = 0.0246479, Final residual = 0.000218413, No Iterations 4
GAMG:  Solving for p, Initial residual = 0.00411041, Final residual = 3.62348e-05, No Iterations 16
GAMG:  Solving for p, Initial residual = 0.00172744, Final residual = 1.47204e-05, No Iterations 10
time step continuity errors : sum local = 1.82049e-07, global = -4.67951e-08, cumulative = 2.7588e-07
PIMPLE: iteration 3
DILUPBiCG:  Solving for Ux, Initial residual = 0.00385449, Final residual = 2.77395e-06, No Iterations 2
DILUPBiCG:  Solving for Uy, Initial residual = 0.000783087, Final residual = 5.00279e-06, No Iterations 1
DILUPBiCG:  Solving for Uz, Initial residual = 0.00573087, Final residual = 2.40712e-06, No Iterations 2
GAMG:  Solving for p, Initial residual = 0.0421377, Final residual = 0.000336126, No Iterations 5
GAMG:  Solving for p, Initial residual = 0.00959266, Final residual = 8.07408e-05, No Iterations 14
GAMG:  Solving for p, Initial residual = 0.00476264, Final residual = 4.75669e-05, No Iterations 8
time step continuity errors : sum local = 6.57497e-07, global = -1.45823e-07, cumulative = 1.30057e-07
GAMG:  Solving for p, Initial residual = 0.00240773, Final residual = 2.30894e-05, No Iterations 10
GAMG:  Solving for p, Initial residual = 0.00130277, Final residual = 1.20702e-05, No Iterations 6
GAMG:  Solving for p, Initial residual = 0.000538141, Final residual = 9.37525e-07, No Iterations 32
time step continuity errors : sum local = 1.28383e-08, global = 3.81328e-09, cumulative = 1.3387e-07
DILUPBiCG:  Solving for omega, Initial residual = 0.00102648, Final residual = 7.73034e-07, No Iterations 1
DILUPBiCG:  Solving for k, Initial residual = 0.00388045, Final residual = 6.97934e-07, No Iterations 2
bounding k, min: 0 max: 0.000699285 average: 0.000158428
ExecutionTime = 30.58 s  ClockTime = 31 s

End

