/*---------------------------------------------------------------------------*\
| =========                 |                                                 |
| \\      /  F ield         | OpenFOAM: The Open Source CFD Toolbox           |
|  \\    /   O peration     | Version:  2.3.1                                 |
|   \\  /    A nd           | Web:      www.OpenFOAM.org                      |
|    \\/     M anipulation  |                                                 |
\*---------------------------------------------------------------------------*/
Build  : 2.3.1-262087cdf8db
Exec   : pimpleDyMFoam
Date   : Jun 05 2023
Time   : 18:44:36
Host   : "jcosson-VirtualBox"
PID    : 23139
Case   : /home/jcosson/workspace/henersj_shootingdata/calcs/moderate_deformed/primal/56_intervals_05-06-23/sweep20/interval35
nProcs : 1
sigFpe : Enabling floating point exception trapping (FOAM_SIGFPE).
fileModificationChecking : Monitoring run-time modified files using timeStampMaster
allowSystemOperations : Allowing user-supplied system call operations

// * * * * * * * * * * * * * * * * * * * * * * * * * * * * * * * * * * * * * //
Create time

Create mesh for time = 0.461

Selecting dynamicFvMesh dynamicMotionSolverFvMesh
Selecting motion solver: displacementLaplacian
Selecting motion diffusion: quadratic
Selecting motion diffusion: quadratic
Selecting motion diffusion: inverseDistance

PIMPLE: no residual control data found. Calculations will employ 3 corrector loops

Reading field p

Reading field U

Reading/calculating face flux field phi

Selecting incompressible transport model Newtonian
Selecting turbulence model type RASModel
Selecting RAS turbulence model kOmegaSST
kOmegaSSTCoeffs
{
    alphaK1         0.85034;
    alphaK2         1;
    alphaOmega1     0.5;
    alphaOmega2     0.85616;
    gamma1          0.5532;
    gamma2          0.4403;
    beta1           0.075;
    beta2           0.0828;
    betaStar        0.09;
    a1              0.31;
    c1              10;
    Cmu             0.09;
    b1              1;
    F3              false;
}

Reading/calculating face velocity Uf

No finite volume options present

Courant Number mean: 0.25901 max: 0.573923

Starting time loop

Courant Number mean: 0.25901 max: 0.573923
Time = 0.462

GAMG:  Solving for cellDisplacementx, Initial residual = 0, Final residual = 0, No Iterations 0
GAMG:  Solving for cellDisplacementy, Initial residual = 0, Final residual = 0, No Iterations 0
GAMG:  Solving for cellDisplacementz, Initial residual = 0, Final residual = 0, No Iterations 0
PIMPLE: iteration 1
DILUPBiCG:  Solving for Ux, Initial residual = 0.0273485, Final residual = 0.000111611, No Iterations 1
DILUPBiCG:  Solving for Uy, Initial residual = 0.00435545, Final residual = 1.02493e-05, No Iterations 1
DILUPBiCG:  Solving for Uz, Initial residual = 0.0145014, Final residual = 3.6794e-05, No Iterations 1
GAMG:  Solving for p, Initial residual = 0.153196, Final residual = 0.00131945, No Iterations 6
GAMG:  Solving for p, Initial residual = 0.0187037, Final residual = 0.000178783, No Iterations 18
GAMG:  Solving for p, Initial residual = 0.0077012, Final residual = 6.97717e-05, No Iterations 12
time step continuity errors : sum local = 6.54701e-07, global = 1.96886e-07, cumulative = 1.96886e-07
GAMG:  Solving for p, Initial residual = 0.0623478, Final residual = 0.000422569, No Iterations 6
GAMG:  Solving for p, Initial residual = 0.00932883, Final residual = 8.45481e-05, No Iterations 16
GAMG:  Solving for p, Initial residual = 0.00401685, Final residual = 3.374e-05, No Iterations 12
time step continuity errors : sum local = 3.15032e-07, global = 9.39273e-08, cumulative = 2.90813e-07
PIMPLE: iteration 2
DILUPBiCG:  Solving for Ux, Initial residual = 0.00855507, Final residual = 4.19843e-05, No Iterations 1
DILUPBiCG:  Solving for Uy, Initial residual = 0.00143082, Final residual = 3.89875e-06, No Iterations 1
DILUPBiCG:  Solving for Uz, Initial residual = 0.00398178, Final residual = 1.19316e-05, No Iterations 1
GAMG:  Solving for p, Initial residual = 0.0639987, Final residual = 0.000417143, No Iterations 4
GAMG:  Solving for p, Initial residual = 0.0105989, Final residual = 9.44976e-05, No Iterations 14
GAMG:  Solving for p, Initial residual = 0.00486919, Final residual = 4.32008e-05, No Iterations 8
time step continuity errors : sum local = 3.41143e-07, global = -1.08251e-07, cumulative = 1.82562e-07
GAMG:  Solving for p, Initial residual = 0.0323586, Final residual = 0.000176182, No Iterations 4
GAMG:  Solving for p, Initial residual = 0.00516425, Final residual = 4.347e-05, No Iterations 12
GAMG:  Solving for p, Initial residual = 0.00230362, Final residual = 2.2723e-05, No Iterations 6
time step continuity errors : sum local = 1.8034e-07, global = -6.48205e-08, cumulative = 1.17742e-07
PIMPLE: iteration 3
DILUPBiCG:  Solving for Ux, Initial residual = 0.00232855, Final residual = 7.03087e-06, No Iterations 2
DILUPBiCG:  Solving for Uy, Initial residual = 0.000386914, Final residual = 6.7927e-06, No Iterations 1
DILUPBiCG:  Solving for Uz, Initial residual = 0.00552102, Final residual = 1.32476e-06, No Iterations 2
GAMG:  Solving for p, Initial residual = 0.0425221, Final residual = 0.000338827, No Iterations 5
GAMG:  Solving for p, Initial residual = 0.00972684, Final residual = 8.49518e-05, No Iterations 15
GAMG:  Solving for p, Initial residual = 0.00453572, Final residual = 4.47792e-05, No Iterations 8
time step continuity errors : sum local = 3.93989e-07, global = -8.85666e-08, cumulative = 2.91752e-08
GAMG:  Solving for p, Initial residual = 0.00291502, Final residual = 2.69847e-05, No Iterations 18
GAMG:  Solving for p, Initial residual = 0.00165433, Final residual = 1.45119e-05, No Iterations 4
GAMG:  Solving for p, Initial residual = 0.000626708, Final residual = 9.4938e-07, No Iterations 38
time step continuity errors : sum local = 8.3454e-09, global = 2.47519e-09, cumulative = 3.16504e-08
DILUPBiCG:  Solving for omega, Initial residual = 0.000599584, Final residual = 1.25556e-06, No Iterations 1
DILUPBiCG:  Solving for k, Initial residual = 0.00489885, Final residual = 1.37246e-06, No Iterations 2
ExecutionTime = 16.46 s  ClockTime = 17 s

Courant Number mean: 0.255233 max: 0.565632
Time = 0.463

GAMG:  Solving for cellDisplacementx, Initial residual = 0, Final residual = 0, No Iterations 0
GAMG:  Solving for cellDisplacementy, Initial residual = 0, Final residual = 0, No Iterations 0
GAMG:  Solving for cellDisplacementz, Initial residual = 0, Final residual = 0, No Iterations 0
PIMPLE: iteration 1
DILUPBiCG:  Solving for Ux, Initial residual = 0.02992, Final residual = 0.000123099, No Iterations 1
DILUPBiCG:  Solving for Uy, Initial residual = 0.0047582, Final residual = 1.11671e-05, No Iterations 1
DILUPBiCG:  Solving for Uz, Initial residual = 0.013167, Final residual = 3.46525e-05, No Iterations 1
GAMG:  Solving for p, Initial residual = 0.132238, Final residual = 0.00129351, No Iterations 6
GAMG:  Solving for p, Initial residual = 0.0152679, Final residual = 0.000148005, No Iterations 20
GAMG:  Solving for p, Initial residual = 0.00642894, Final residual = 5.76819e-05, No Iterations 12
time step continuity errors : sum local = 5.80253e-07, global = 1.74309e-07, cumulative = 2.05959e-07
GAMG:  Solving for p, Initial residual = 0.0538971, Final residual = 0.000411644, No Iterations 6
GAMG:  Solving for p, Initial residual = 0.00764477, Final residual = 7.03995e-05, No Iterations 18
GAMG:  Solving for p, Initial residual = 0.0033374, Final residual = 3.31136e-05, No Iterations 10
time step continuity errors : sum local = 3.31371e-07, global = 8.69301e-08, cumulative = 2.92889e-07
PIMPLE: iteration 2
DILUPBiCG:  Solving for Ux, Initial residual = 0.00927567, Final residual = 4.72657e-05, No Iterations 1
DILUPBiCG:  Solving for Uy, Initial residual = 0.00155353, Final residual = 4.08063e-06, No Iterations 1
DILUPBiCG:  Solving for Uz, Initial residual = 0.00391285, Final residual = 1.19791e-05, No Iterations 1
GAMG:  Solving for p, Initial residual = 0.0549049, Final residual = 0.000432167, No Iterations 4
GAMG:  Solving for p, Initial residual = 0.00871488, Final residual = 8.13993e-05, No Iterations 16
GAMG:  Solving for p, Initial residual = 0.00412009, Final residual = 3.85598e-05, No Iterations 8
time step continuity errors : sum local = 3.25744e-07, global = -1.1274e-07, cumulative = 1.80149e-07
GAMG:  Solving for p, Initial residual = 0.0278246, Final residual = 0.000181526, No Iterations 4
GAMG:  Solving for p, Initial residual = 0.00417023, Final residual = 3.66462e-05, No Iterations 14
GAMG:  Solving for p, Initial residual = 0.00189481, Final residual = 1.71347e-05, No Iterations 8
time step continuity errors : sum local = 1.45571e-07, global = -4.58818e-08, cumulative = 1.34267e-07
PIMPLE: iteration 3
DILUPBiCG:  Solving for Ux, Initial residual = 0.0024896, Final residual = 1.41134e-06, No Iterations 2
DILUPBiCG:  Solving for Uy, Initial residual = 0.000413777, Final residual = 6.99174e-06, No Iterations 1
DILUPBiCG:  Solving for Uz, Initial residual = 0.00583999, Final residual = 1.47309e-06, No Iterations 2
GAMG:  Solving for p, Initial residual = 0.0402715, Final residual = 0.000339235, No Iterations 5
GAMG:  Solving for p, Initial residual = 0.00923417, Final residual = 8.55602e-05, No Iterations 15
GAMG:  Solving for p, Initial residual = 0.00435726, Final residual = 3.71126e-05, No Iterations 10
time step continuity errors : sum local = 3.50135e-07, global = -9.11653e-08, cumulative = 4.31021e-08
GAMG:  Solving for p, Initial residual = 0.00272603, Final residual = 2.49859e-05, No Iterations 20
GAMG:  Solving for p, Initial residual = 0.00157925, Final residual = 1.36885e-05, No Iterations 4
GAMG:  Solving for p, Initial residual = 0.000595868, Final residual = 8.74006e-07, No Iterations 38
time step continuity errors : sum local = 8.23657e-09, global = 2.44082e-09, cumulative = 4.55429e-08
DILUPBiCG:  Solving for omega, Initial residual = 0.000565603, Final residual = 1.32734e-06, No Iterations 1
DILUPBiCG:  Solving for k, Initial residual = 0.0049068, Final residual = 1.48051e-06, No Iterations 2
ExecutionTime = 31.67 s  ClockTime = 32 s

End

