/*---------------------------------------------------------------------------*\
| =========                 |                                                 |
| \\      /  F ield         | OpenFOAM: The Open Source CFD Toolbox           |
|  \\    /   O peration     | Version:  2.3.1                                 |
|   \\  /    A nd           | Web:      www.OpenFOAM.org                      |
|    \\/     M anipulation  |                                                 |
\*---------------------------------------------------------------------------*/
Build  : 2.3.1-262087cdf8db
Exec   : pimpleDyMFoam
Date   : Jun 05 2023
Time   : 18:44:19
Host   : "jcosson-VirtualBox"
PID    : 23116
Case   : /home/jcosson/workspace/henersj_shootingdata/calcs/moderate_deformed/primal/56_intervals_05-06-23/sweep20/interval29
nProcs : 1
sigFpe : Enabling floating point exception trapping (FOAM_SIGFPE).
fileModificationChecking : Monitoring run-time modified files using timeStampMaster
allowSystemOperations : Allowing user-supplied system call operations

// * * * * * * * * * * * * * * * * * * * * * * * * * * * * * * * * * * * * * //
Create time

Create mesh for time = 0.45

Selecting dynamicFvMesh dynamicMotionSolverFvMesh
Selecting motion solver: displacementLaplacian
Selecting motion diffusion: quadratic
Selecting motion diffusion: quadratic
Selecting motion diffusion: inverseDistance

PIMPLE: no residual control data found. Calculations will employ 3 corrector loops

Reading field p

Reading field U

Reading/calculating face flux field phi

Selecting incompressible transport model Newtonian
Selecting turbulence model type RASModel
Selecting RAS turbulence model kOmegaSST
kOmegaSSTCoeffs
{
    alphaK1         0.85034;
    alphaK2         1;
    alphaOmega1     0.5;
    alphaOmega2     0.85616;
    gamma1          0.5532;
    gamma2          0.4403;
    beta1           0.075;
    beta2           0.0828;
    betaStar        0.09;
    a1              0.31;
    c1              10;
    Cmu             0.09;
    b1              1;
    F3              false;
}

Reading/calculating face velocity Uf

No finite volume options present

Courant Number mean: 0.279957 max: 0.619685

Starting time loop

Courant Number mean: 0.279957 max: 0.619685
Time = 0.451

GAMG:  Solving for cellDisplacementx, Initial residual = 0, Final residual = 0, No Iterations 0
GAMG:  Solving for cellDisplacementy, Initial residual = 0, Final residual = 0, No Iterations 0
GAMG:  Solving for cellDisplacementz, Initial residual = 0, Final residual = 0, No Iterations 0
PIMPLE: iteration 1
DILUPBiCG:  Solving for Ux, Initial residual = 0.00173247, Final residual = 2.83435e-05, No Iterations 1
DILUPBiCG:  Solving for Uy, Initial residual = 0.000394725, Final residual = 6.63837e-06, No Iterations 1
DILUPBiCG:  Solving for Uz, Initial residual = 0.0123051, Final residual = 2.9436e-05, No Iterations 1
GAMG:  Solving for p, Initial residual = 0.206098, Final residual = 0.0013867, No Iterations 4
GAMG:  Solving for p, Initial residual = 0.0439819, Final residual = 0.000390475, No Iterations 20
GAMG:  Solving for p, Initial residual = 0.0313089, Final residual = 0.000302204, No Iterations 4
time step continuity errors : sum local = 6.18308e-07, global = 1.3845e-07, cumulative = 1.3845e-07
GAMG:  Solving for p, Initial residual = 0.122501, Final residual = 0.000746684, No Iterations 4
GAMG:  Solving for p, Initial residual = 0.02174, Final residual = 0.000202651, No Iterations 18
GAMG:  Solving for p, Initial residual = 0.0147984, Final residual = 0.000140253, No Iterations 4
time step continuity errors : sum local = 2.84482e-07, global = 7.03565e-08, cumulative = 2.08807e-07
PIMPLE: iteration 2
DILUPBiCG:  Solving for Ux, Initial residual = 0.000182097, Final residual = 1.9833e-06, No Iterations 1
DILUPBiCG:  Solving for Uy, Initial residual = 6.89492e-05, Final residual = 1.95591e-07, No Iterations 1
DILUPBiCG:  Solving for Uz, Initial residual = 0.00372404, Final residual = 1.08518e-05, No Iterations 1
GAMG:  Solving for p, Initial residual = 0.124984, Final residual = 0.000718721, No Iterations 4
GAMG:  Solving for p, Initial residual = 0.0222901, Final residual = 0.000197709, No Iterations 18
GAMG:  Solving for p, Initial residual = 0.0145671, Final residual = 0.000136519, No Iterations 4
time step continuity errors : sum local = 2.70691e-07, global = 6.60492e-08, cumulative = 2.74856e-07
GAMG:  Solving for p, Initial residual = 0.0612362, Final residual = 0.000333601, No Iterations 4
GAMG:  Solving for p, Initial residual = 0.0116517, Final residual = 0.000104116, No Iterations 14
GAMG:  Solving for p, Initial residual = 0.00658237, Final residual = 5.58047e-05, No Iterations 4
time step continuity errors : sum local = 1.10187e-07, global = 3.83757e-08, cumulative = 3.13232e-07
PIMPLE: iteration 3
DILUPBiCG:  Solving for Ux, Initial residual = 0.000284545, Final residual = 2.21923e-06, No Iterations 1
DILUPBiCG:  Solving for Uy, Initial residual = 6.09137e-05, Final residual = 6.68005e-07, No Iterations 1
DILUPBiCG:  Solving for Uz, Initial residual = 0.00152772, Final residual = 9.08736e-06, No Iterations 1
GAMG:  Solving for p, Initial residual = 0.125131, Final residual = 0.00042427, No Iterations 4
GAMG:  Solving for p, Initial residual = 0.0267597, Final residual = 0.000234644, No Iterations 4
GAMG:  Solving for p, Initial residual = 0.0110477, Final residual = 8.97051e-05, No Iterations 10
time step continuity errors : sum local = 1.64973e-07, global = 4.3815e-08, cumulative = 3.57047e-07
GAMG:  Solving for p, Initial residual = 0.00959242, Final residual = 3.44416e-05, No Iterations 5
GAMG:  Solving for p, Initial residual = 0.00469304, Final residual = 2.50198e-05, No Iterations 4
GAMG:  Solving for p, Initial residual = 0.00156551, Final residual = 7.97585e-07, No Iterations 11
time step continuity errors : sum local = 1.47861e-09, global = -3.88778e-10, cumulative = 3.56658e-07
DILUPBiCG:  Solving for omega, Initial residual = 0.00104966, Final residual = 1.47309e-06, No Iterations 1
DILUPBiCG:  Solving for k, Initial residual = 0.00521025, Final residual = 9.66896e-07, No Iterations 2
ExecutionTime = 15.26 s  ClockTime = 16 s

Courant Number mean: 0.279788 max: 0.619685
Time = 0.452

GAMG:  Solving for cellDisplacementx, Initial residual = 0, Final residual = 0, No Iterations 0
GAMG:  Solving for cellDisplacementy, Initial residual = 0, Final residual = 0, No Iterations 0
GAMG:  Solving for cellDisplacementz, Initial residual = 0, Final residual = 0, No Iterations 0
PIMPLE: iteration 1
DILUPBiCG:  Solving for Ux, Initial residual = 0.00127581, Final residual = 8.73992e-06, No Iterations 1
DILUPBiCG:  Solving for Uy, Initial residual = 0.000340201, Final residual = 4.12102e-06, No Iterations 1
DILUPBiCG:  Solving for Uz, Initial residual = 0.0113505, Final residual = 2.84166e-05, No Iterations 1
GAMG:  Solving for p, Initial residual = 0.172673, Final residual = 0.00144153, No Iterations 10
GAMG:  Solving for p, Initial residual = 0.0385131, Final residual = 0.00036171, No Iterations 10
GAMG:  Solving for p, Initial residual = 0.0158514, Final residual = 0.000136992, No Iterations 12
time step continuity errors : sum local = 3.50474e-07, global = 1.04497e-07, cumulative = 4.61155e-07
GAMG:  Solving for p, Initial residual = 0.0656869, Final residual = 0.000655502, No Iterations 6
GAMG:  Solving for p, Initial residual = 0.0186622, Final residual = 0.000174461, No Iterations 12
GAMG:  Solving for p, Initial residual = 0.00650414, Final residual = 5.46825e-05, No Iterations 14
time step continuity errors : sum local = 1.39402e-07, global = 4.37831e-08, cumulative = 5.04938e-07
PIMPLE: iteration 2
DILUPBiCG:  Solving for Ux, Initial residual = 0.000863724, Final residual = 3.66174e-06, No Iterations 1
DILUPBiCG:  Solving for Uy, Initial residual = 0.000176681, Final residual = 1.50853e-06, No Iterations 1
DILUPBiCG:  Solving for Uz, Initial residual = 0.00398292, Final residual = 1.18257e-05, No Iterations 1
GAMG:  Solving for p, Initial residual = 0.0654566, Final residual = 0.000486447, No Iterations 4
GAMG:  Solving for p, Initial residual = 0.0171423, Final residual = 0.000155673, No Iterations 10
GAMG:  Solving for p, Initial residual = 0.00644403, Final residual = 5.94228e-05, No Iterations 10
time step continuity errors : sum local = 1.40911e-07, global = 3.61491e-08, cumulative = 5.41087e-07
GAMG:  Solving for p, Initial residual = 0.0307641, Final residual = 0.000201082, No Iterations 4
GAMG:  Solving for p, Initial residual = 0.00851172, Final residual = 8.38993e-05, No Iterations 8
GAMG:  Solving for p, Initial residual = 0.00303565, Final residual = 2.74784e-05, No Iterations 12
time step continuity errors : sum local = 6.52214e-08, global = 1.91758e-08, cumulative = 5.60263e-07
PIMPLE: iteration 3
DILUPBiCG:  Solving for Ux, Initial residual = 0.000468472, Final residual = 8.54682e-06, No Iterations 1
DILUPBiCG:  Solving for Uy, Initial residual = 8.82978e-05, Final residual = 1.17883e-06, No Iterations 1
DILUPBiCG:  Solving for Uz, Initial residual = 0.00141222, Final residual = 7.70483e-06, No Iterations 1
GAMG:  Solving for p, Initial residual = 0.090819, Final residual = 0.000714366, No Iterations 3
GAMG:  Solving for p, Initial residual = 0.0208343, Final residual = 0.000151549, No Iterations 4
GAMG:  Solving for p, Initial residual = 0.00932454, Final residual = 6.56825e-05, No Iterations 4
time step continuity errors : sum local = 1.54785e-07, global = -3.71073e-08, cumulative = 5.23156e-07
GAMG:  Solving for p, Initial residual = 0.00665741, Final residual = 6.13922e-05, No Iterations 4
GAMG:  Solving for p, Initial residual = 0.00359732, Final residual = 2.08388e-05, No Iterations 4
GAMG:  Solving for p, Initial residual = 0.0012248, Final residual = 7.67177e-07, No Iterations 11
time step continuity errors : sum local = 1.79846e-09, global = 3.27036e-10, cumulative = 5.23483e-07
DILUPBiCG:  Solving for omega, Initial residual = 0.00100881, Final residual = 1.43403e-06, No Iterations 1
DILUPBiCG:  Solving for k, Initial residual = 0.0050061, Final residual = 1.06662e-06, No Iterations 2
ExecutionTime = 27.1 s  ClockTime = 27 s

End

