/*---------------------------------------------------------------------------*\
| =========                 |                                                 |
| \\      /  F ield         | OpenFOAM: The Open Source CFD Toolbox           |
|  \\    /   O peration     | Version:  2.3.1                                 |
|   \\  /    A nd           | Web:      www.OpenFOAM.org                      |
|    \\/     M anipulation  |                                                 |
\*---------------------------------------------------------------------------*/
Build  : 2.3.1-262087cdf8db
Exec   : pimpleDyMFoam
Date   : Jun 05 2023
Time   : 18:44:45
Host   : "jcosson-VirtualBox"
PID    : 23143
Case   : /home/jcosson/workspace/henersj_shootingdata/calcs/moderate_deformed/primal/56_intervals_05-06-23/sweep20/interval37
nProcs : 1
sigFpe : Enabling floating point exception trapping (FOAM_SIGFPE).
fileModificationChecking : Monitoring run-time modified files using timeStampMaster
allowSystemOperations : Allowing user-supplied system call operations

// * * * * * * * * * * * * * * * * * * * * * * * * * * * * * * * * * * * * * //
Create time

Create mesh for time = 0.464

Selecting dynamicFvMesh dynamicMotionSolverFvMesh
Selecting motion solver: displacementLaplacian
Selecting motion diffusion: quadratic
Selecting motion diffusion: quadratic
Selecting motion diffusion: inverseDistance

PIMPLE: no residual control data found. Calculations will employ 3 corrector loops

Reading field p

Reading field U

Reading/calculating face flux field phi

Selecting incompressible transport model Newtonian
Selecting turbulence model type RASModel
Selecting RAS turbulence model kOmegaSST
kOmegaSSTCoeffs
{
    alphaK1         0.85034;
    alphaK2         1;
    alphaOmega1     0.5;
    alphaOmega2     0.85616;
    gamma1          0.5532;
    gamma2          0.4403;
    beta1           0.075;
    beta2           0.0828;
    betaStar        0.09;
    a1              0.31;
    c1              10;
    Cmu             0.09;
    b1              1;
    F3              false;
}

Reading/calculating face velocity Uf

No finite volume options present

Courant Number mean: 0.24692 max: 0.546505

Starting time loop

Courant Number mean: 0.24692 max: 0.546505
Time = 0.465

GAMG:  Solving for cellDisplacementx, Initial residual = 0, Final residual = 0, No Iterations 0
GAMG:  Solving for cellDisplacementy, Initial residual = 0, Final residual = 0, No Iterations 0
GAMG:  Solving for cellDisplacementz, Initial residual = 0, Final residual = 0, No Iterations 0
PIMPLE: iteration 1
DILUPBiCG:  Solving for Ux, Initial residual = 0.0349899, Final residual = 0.000145435, No Iterations 1
DILUPBiCG:  Solving for Uy, Initial residual = 0.00559538, Final residual = 1.31334e-05, No Iterations 1
DILUPBiCG:  Solving for Uz, Initial residual = 0.0139977, Final residual = 3.55492e-05, No Iterations 1
GAMG:  Solving for p, Initial residual = 0.142814, Final residual = 0.00120852, No Iterations 6
GAMG:  Solving for p, Initial residual = 0.0169037, Final residual = 0.000167557, No Iterations 18
GAMG:  Solving for p, Initial residual = 0.00710303, Final residual = 6.57672e-05, No Iterations 12
time step continuity errors : sum local = 7.41999e-07, global = 2.23613e-07, cumulative = 2.23613e-07
GAMG:  Solving for p, Initial residual = 0.0588747, Final residual = 0.000392489, No Iterations 6
GAMG:  Solving for p, Initial residual = 0.00849763, Final residual = 7.93254e-05, No Iterations 16
GAMG:  Solving for p, Initial residual = 0.00370377, Final residual = 3.22142e-05, No Iterations 12
time step continuity errors : sum local = 3.6219e-07, global = 1.0833e-07, cumulative = 3.31943e-07
PIMPLE: iteration 2
DILUPBiCG:  Solving for Ux, Initial residual = 0.0106778, Final residual = 5.76811e-05, No Iterations 1
DILUPBiCG:  Solving for Uy, Initial residual = 0.00179745, Final residual = 4.47346e-06, No Iterations 1
DILUPBiCG:  Solving for Uz, Initial residual = 0.00389191, Final residual = 1.24169e-05, No Iterations 1
GAMG:  Solving for p, Initial residual = 0.0600684, Final residual = 0.000450609, No Iterations 4
GAMG:  Solving for p, Initial residual = 0.00982762, Final residual = 8.35649e-05, No Iterations 16
GAMG:  Solving for p, Initial residual = 0.00452768, Final residual = 3.91608e-05, No Iterations 8
time step continuity errors : sum local = 3.72054e-07, global = -1.2394e-07, cumulative = 2.08003e-07
GAMG:  Solving for p, Initial residual = 0.0305796, Final residual = 0.000191135, No Iterations 4
GAMG:  Solving for p, Initial residual = 0.00479494, Final residual = 4.52602e-05, No Iterations 12
GAMG:  Solving for p, Initial residual = 0.00211774, Final residual = 2.08817e-05, No Iterations 8
time step continuity errors : sum local = 1.99598e-07, global = -5.70746e-08, cumulative = 1.50929e-07
PIMPLE: iteration 3
DILUPBiCG:  Solving for Ux, Initial residual = 0.00280626, Final residual = 9.42323e-07, No Iterations 2
DILUPBiCG:  Solving for Uy, Initial residual = 0.000469971, Final residual = 7.1574e-06, No Iterations 1
DILUPBiCG:  Solving for Uz, Initial residual = 0.00642861, Final residual = 1.84978e-06, No Iterations 2
GAMG:  Solving for p, Initial residual = 0.0411535, Final residual = 0.000334632, No Iterations 5
GAMG:  Solving for p, Initial residual = 0.00932014, Final residual = 8.51058e-05, No Iterations 15
GAMG:  Solving for p, Initial residual = 0.00443687, Final residual = 3.84487e-05, No Iterations 10
time step continuity errors : sum local = 4.08704e-07, global = -1.06679e-07, cumulative = 4.42494e-08
GAMG:  Solving for p, Initial residual = 0.00270037, Final residual = 2.42531e-05, No Iterations 20
GAMG:  Solving for p, Initial residual = 0.00153285, Final residual = 1.32127e-05, No Iterations 4
GAMG:  Solving for p, Initial residual = 0.000589164, Final residual = 9.90942e-07, No Iterations 36
time step continuity errors : sum local = 1.05154e-08, global = 3.1007e-09, cumulative = 4.73501e-08
DILUPBiCG:  Solving for omega, Initial residual = 0.000508753, Final residual = 1.5494e-06, No Iterations 1
DILUPBiCG:  Solving for k, Initial residual = 0.0048821, Final residual = 1.66446e-06, No Iterations 2
ExecutionTime = 16.86 s  ClockTime = 17 s

Courant Number mean: 0.242421 max: 0.536508
Time = 0.466

GAMG:  Solving for cellDisplacementx, Initial residual = 0, Final residual = 0, No Iterations 0
GAMG:  Solving for cellDisplacementy, Initial residual = 0, Final residual = 0, No Iterations 0
GAMG:  Solving for cellDisplacementz, Initial residual = 0, Final residual = 0, No Iterations 0
PIMPLE: iteration 1
DILUPBiCG:  Solving for Ux, Initial residual = 0.0374798, Final residual = 0.000156237, No Iterations 1
DILUPBiCG:  Solving for Uy, Initial residual = 0.00599829, Final residual = 1.40255e-05, No Iterations 1
DILUPBiCG:  Solving for Uz, Initial residual = 0.0126312, Final residual = 3.31732e-05, No Iterations 1
GAMG:  Solving for p, Initial residual = 0.127356, Final residual = 0.00118385, No Iterations 6
GAMG:  Solving for p, Initial residual = 0.0142837, Final residual = 0.000139376, No Iterations 20
GAMG:  Solving for p, Initial residual = 0.00614041, Final residual = 5.50574e-05, No Iterations 12
time step continuity errors : sum local = 6.54163e-07, global = 1.96816e-07, cumulative = 2.44166e-07
GAMG:  Solving for p, Initial residual = 0.052635, Final residual = 0.000383207, No Iterations 6
GAMG:  Solving for p, Initial residual = 0.00719728, Final residual = 6.64293e-05, No Iterations 18
GAMG:  Solving for p, Initial residual = 0.00319506, Final residual = 2.61187e-05, No Iterations 12
time step continuity errors : sum local = 3.09178e-07, global = 9.16837e-08, cumulative = 3.3585e-07
PIMPLE: iteration 2
DILUPBiCG:  Solving for Ux, Initial residual = 0.0113558, Final residual = 6.26441e-05, No Iterations 1
DILUPBiCG:  Solving for Uy, Initial residual = 0.00191724, Final residual = 4.67753e-06, No Iterations 1
DILUPBiCG:  Solving for Uz, Initial residual = 0.00380498, Final residual = 1.24761e-05, No Iterations 1
GAMG:  Solving for p, Initial residual = 0.0532563, Final residual = 0.000458953, No Iterations 4
GAMG:  Solving for p, Initial residual = 0.00834136, Final residual = 7.25587e-05, No Iterations 18
GAMG:  Solving for p, Initial residual = 0.00394619, Final residual = 3.80116e-05, No Iterations 7
time step continuity errors : sum local = 3.79897e-07, global = 1.3723e-07, cumulative = 4.7308e-07
GAMG:  Solving for p, Initial residual = 0.0271528, Final residual = 0.000192434, No Iterations 4
GAMG:  Solving for p, Initial residual = 0.00400608, Final residual = 3.78861e-05, No Iterations 14
GAMG:  Solving for p, Initial residual = 0.00179967, Final residual = 1.61532e-05, No Iterations 10
time step continuity errors : sum local = 1.62511e-07, global = -4.44275e-08, cumulative = 4.28652e-07
PIMPLE: iteration 3
DILUPBiCG:  Solving for Ux, Initial residual = 0.00295022, Final residual = 1.03129e-06, No Iterations 2
DILUPBiCG:  Solving for Uy, Initial residual = 0.000494607, Final residual = 7.22832e-06, No Iterations 1
DILUPBiCG:  Solving for Uz, Initial residual = 0.00665364, Final residual = 2.08136e-06, No Iterations 2
GAMG:  Solving for p, Initial residual = 0.0395878, Final residual = 0.000332181, No Iterations 5
GAMG:  Solving for p, Initial residual = 0.00899386, Final residual = 8.41644e-05, No Iterations 15
GAMG:  Solving for p, Initial residual = 0.00430941, Final residual = 3.82919e-05, No Iterations 10
time step continuity errors : sum local = 4.28896e-07, global = -1.11992e-07, cumulative = 3.16661e-07
GAMG:  Solving for p, Initial residual = 0.00256899, Final residual = 2.38743e-05, No Iterations 20
GAMG:  Solving for p, Initial residual = 0.00147228, Final residual = 1.29549e-05, No Iterations 4
GAMG:  Solving for p, Initial residual = 0.000567749, Final residual = 9.692e-07, No Iterations 36
time step continuity errors : sum local = 1.08327e-08, global = 3.19277e-09, cumulative = 3.19853e-07
DILUPBiCG:  Solving for omega, Initial residual = 0.000488344, Final residual = 1.41783e-06, No Iterations 1
DILUPBiCG:  Solving for k, Initial residual = 0.00486142, Final residual = 1.71897e-06, No Iterations 2
ExecutionTime = 32.04 s  ClockTime = 32 s

End

