/*---------------------------------------------------------------------------*\
| =========                 |                                                 |
| \\      /  F ield         | OpenFOAM: The Open Source CFD Toolbox           |
|  \\    /   O peration     | Version:  2.3.1                                 |
|   \\  /    A nd           | Web:      www.OpenFOAM.org                      |
|    \\/     M anipulation  |                                                 |
\*---------------------------------------------------------------------------*/
Build  : 2.3.1-262087cdf8db
Exec   : pimpleDyMFoam
Date   : Jun 06 2023
Time   : 02:08:56
Host   : "jcosson-VirtualBox"
PID    : 22296
Case   : /home/jcosson/workspace/henersj_shootingdata/calcs/moderate_deformed/primal/100_intervals_05-06-23/sweep53/interval77
nProcs : 1
sigFpe : Enabling floating point exception trapping (FOAM_SIGFPE).
fileModificationChecking : Monitoring run-time modified files using timeStampMaster
allowSystemOperations : Allowing user-supplied system call operations

// * * * * * * * * * * * * * * * * * * * * * * * * * * * * * * * * * * * * * //
Create time

Create mesh for time = 0.476

Selecting dynamicFvMesh dynamicMotionSolverFvMesh
Selecting motion solver: displacementLaplacian
Selecting motion diffusion: quadratic
Selecting motion diffusion: quadratic
Selecting motion diffusion: inverseDistance

PIMPLE: no residual control data found. Calculations will employ 3 corrector loops

Reading field p

Reading field U

Reading/calculating face flux field phi

Selecting incompressible transport model Newtonian
Selecting turbulence model type RASModel
Selecting RAS turbulence model kOmegaSST
kOmegaSSTCoeffs
{
    alphaK1         0.85034;
    alphaK2         1;
    alphaOmega1     0.5;
    alphaOmega2     0.85616;
    gamma1          0.5532;
    gamma2          0.4403;
    beta1           0.075;
    beta2           0.0828;
    betaStar        0.09;
    a1              0.31;
    c1              10;
    Cmu             0.09;
    b1              1;
    F3              false;
}

Reading/calculating face velocity Uf

No finite volume options present

Courant Number mean: 0.183382 max: 0.404311

Starting time loop

Courant Number mean: 0.183382 max: 0.404311
Time = 0.477

GAMG:  Solving for cellDisplacementx, Initial residual = 0, Final residual = 0, No Iterations 0
GAMG:  Solving for cellDisplacementy, Initial residual = 0, Final residual = 0, No Iterations 0
GAMG:  Solving for cellDisplacementz, Initial residual = 0, Final residual = 0, No Iterations 0
PIMPLE: iteration 1
DILUPBiCG:  Solving for Ux, Initial residual = 0.0602714, Final residual = 0.000246016, No Iterations 1
DILUPBiCG:  Solving for Uy, Initial residual = 0.0102732, Final residual = 2.29149e-05, No Iterations 1
DILUPBiCG:  Solving for Uz, Initial residual = 0.0112595, Final residual = 2.33003e-05, No Iterations 1
GAMG:  Solving for p, Initial residual = 0.122788, Final residual = 0.000876966, No Iterations 6
GAMG:  Solving for p, Initial residual = 0.0143763, Final residual = 0.000134287, No Iterations 18
GAMG:  Solving for p, Initial residual = 0.00638301, Final residual = 5.34538e-05, No Iterations 12
time step continuity errors : sum local = 8.23772e-07, global = 2.47801e-07, cumulative = 2.47801e-07
GAMG:  Solving for p, Initial residual = 0.0528173, Final residual = 0.000494116, No Iterations 4
GAMG:  Solving for p, Initial residual = 0.00727481, Final residual = 6.7477e-05, No Iterations 18
GAMG:  Solving for p, Initial residual = 0.00340365, Final residual = 3.30004e-05, No Iterations 10
time step continuity errors : sum local = 5.09353e-07, global = 1.36437e-07, cumulative = 3.84238e-07
PIMPLE: iteration 2
DILUPBiCG:  Solving for Ux, Initial residual = 0.0169732, Final residual = 0.00010333, No Iterations 1
DILUPBiCG:  Solving for Uy, Initial residual = 0.0030492, Final residual = 6.69943e-06, No Iterations 1
DILUPBiCG:  Solving for Uz, Initial residual = 0.00326156, Final residual = 1.2369e-05, No Iterations 1
GAMG:  Solving for p, Initial residual = 0.0527565, Final residual = 0.000477316, No Iterations 4
GAMG:  Solving for p, Initial residual = 0.00878878, Final residual = 8.5327e-05, No Iterations 16
GAMG:  Solving for p, Initial residual = 0.00392884, Final residual = 3.5931e-05, No Iterations 10
time step continuity errors : sum local = 4.75584e-07, global = -1.27045e-07, cumulative = 2.57193e-07
GAMG:  Solving for p, Initial residual = 0.0272169, Final residual = 0.000211076, No Iterations 4
GAMG:  Solving for p, Initial residual = 0.0044083, Final residual = 4.00867e-05, No Iterations 14
GAMG:  Solving for p, Initial residual = 0.00185081, Final residual = 1.74786e-05, No Iterations 10
time step continuity errors : sum local = 2.32503e-07, global = -6.06175e-08, cumulative = 1.96576e-07
PIMPLE: iteration 3
DILUPBiCG:  Solving for Ux, Initial residual = 0.00403971, Final residual = 2.70032e-06, No Iterations 2
DILUPBiCG:  Solving for Uy, Initial residual = 0.000731441, Final residual = 6.06374e-06, No Iterations 1
DILUPBiCG:  Solving for Uz, Initial residual = 0.00701053, Final residual = 3.85875e-06, No Iterations 2
GAMG:  Solving for p, Initial residual = 0.0407901, Final residual = 0.000349292, No Iterations 5
GAMG:  Solving for p, Initial residual = 0.0094035, Final residual = 9.33467e-05, No Iterations 7
GAMG:  Solving for p, Initial residual = 0.00434192, Final residual = 4.11545e-05, No Iterations 10
time step continuity errors : sum local = 6.11728e-07, global = -1.56446e-07, cumulative = 4.01291e-08
GAMG:  Solving for p, Initial residual = 0.00238946, Final residual = 2.09482e-05, No Iterations 16
GAMG:  Solving for p, Initial residual = 0.00131539, Final residual = 1.11357e-05, No Iterations 4
GAMG:  Solving for p, Initial residual = 0.00053369, Final residual = 9.99928e-07, No Iterations 28
time step continuity errors : sum local = 1.47774e-08, global = 4.39854e-09, cumulative = 4.45276e-08
DILUPBiCG:  Solving for omega, Initial residual = 0.000681278, Final residual = 6.65729e-07, No Iterations 1
DILUPBiCG:  Solving for k, Initial residual = 0.00418637, Final residual = 1.41449e-06, No Iterations 2
bounding k, min: 0 max: 0.000743562 average: 0.000161848
ExecutionTime = 17.82 s  ClockTime = 18 s

End

