/*---------------------------------------------------------------------------*\
| =========                 |                                                 |
| \\      /  F ield         | OpenFOAM: The Open Source CFD Toolbox           |
|  \\    /   O peration     | Version:  2.3.1                                 |
|   \\  /    A nd           | Web:      www.OpenFOAM.org                      |
|    \\/     M anipulation  |                                                 |
\*---------------------------------------------------------------------------*/
Build  : 2.3.1-262087cdf8db
Exec   : pimpleDyMFoam
Date   : Jun 06 2023
Time   : 02:08:56
Host   : "jcosson-VirtualBox"
PID    : 22292
Case   : /home/jcosson/workspace/henersj_shootingdata/calcs/moderate_deformed/primal/100_intervals_05-06-23/sweep53/interval75
nProcs : 1
sigFpe : Enabling floating point exception trapping (FOAM_SIGFPE).
fileModificationChecking : Monitoring run-time modified files using timeStampMaster
allowSystemOperations : Allowing user-supplied system call operations

// * * * * * * * * * * * * * * * * * * * * * * * * * * * * * * * * * * * * * //
Create time

Create mesh for time = 0.474

Selecting dynamicFvMesh dynamicMotionSolverFvMesh
Selecting motion solver: displacementLaplacian
Selecting motion diffusion: quadratic
Selecting motion diffusion: quadratic
Selecting motion diffusion: inverseDistance

PIMPLE: no residual control data found. Calculations will employ 3 corrector loops

Reading field p

Reading field U

Reading/calculating face flux field phi

Selecting incompressible transport model Newtonian
Selecting turbulence model type RASModel
Selecting RAS turbulence model kOmegaSST
kOmegaSSTCoeffs
{
    alphaK1         0.85034;
    alphaK2         1;
    alphaOmega1     0.5;
    alphaOmega2     0.85616;
    gamma1          0.5532;
    gamma2          0.4403;
    beta1           0.075;
    beta2           0.0828;
    betaStar        0.09;
    a1              0.31;
    c1              10;
    Cmu             0.09;
    b1              1;
    F3              false;
}

Reading/calculating face velocity Uf

No finite volume options present

Courant Number mean: 0.19476 max: 0.430417

Starting time loop

Courant Number mean: 0.19476 max: 0.430417
Time = 0.475

GAMG:  Solving for cellDisplacementx, Initial residual = 0, Final residual = 0, No Iterations 0
GAMG:  Solving for cellDisplacementy, Initial residual = 0, Final residual = 0, No Iterations 0
GAMG:  Solving for cellDisplacementz, Initial residual = 0, Final residual = 0, No Iterations 0
PIMPLE: iteration 1
DILUPBiCG:  Solving for Ux, Initial residual = 0.0571455, Final residual = 0.000235081, No Iterations 1
DILUPBiCG:  Solving for Uy, Initial residual = 0.00958624, Final residual = 2.17407e-05, No Iterations 1
DILUPBiCG:  Solving for Uz, Initial residual = 0.011679, Final residual = 2.54756e-05, No Iterations 1
GAMG:  Solving for p, Initial residual = 0.124921, Final residual = 0.000924938, No Iterations 6
GAMG:  Solving for p, Initial residual = 0.0144905, Final residual = 0.000139511, No Iterations 18
GAMG:  Solving for p, Initial residual = 0.00640196, Final residual = 5.55984e-05, No Iterations 12
time step continuity errors : sum local = 8.46785e-07, global = 2.54983e-07, cumulative = 2.54983e-07
GAMG:  Solving for p, Initial residual = 0.0534089, Final residual = 0.000517015, No Iterations 4
GAMG:  Solving for p, Initial residual = 0.00735212, Final residual = 6.97205e-05, No Iterations 18
GAMG:  Solving for p, Initial residual = 0.00342504, Final residual = 3.41349e-05, No Iterations 10
time step continuity errors : sum local = 5.20341e-07, global = 1.3968e-07, cumulative = 3.94663e-07
PIMPLE: iteration 2
DILUPBiCG:  Solving for Ux, Initial residual = 0.0163016, Final residual = 9.80201e-05, No Iterations 1
DILUPBiCG:  Solving for Uy, Initial residual = 0.00288274, Final residual = 6.43875e-06, No Iterations 1
DILUPBiCG:  Solving for Uz, Initial residual = 0.0033848, Final residual = 1.24815e-05, No Iterations 1
GAMG:  Solving for p, Initial residual = 0.0535091, Final residual = 0.000476723, No Iterations 4
GAMG:  Solving for p, Initial residual = 0.00880638, Final residual = 8.51838e-05, No Iterations 16
GAMG:  Solving for p, Initial residual = 0.00397651, Final residual = 3.56828e-05, No Iterations 10
time step continuity errors : sum local = 4.65152e-07, global = -1.25396e-07, cumulative = 2.69266e-07
GAMG:  Solving for p, Initial residual = 0.0275611, Final residual = 0.00020905, No Iterations 4
GAMG:  Solving for p, Initial residual = 0.00439375, Final residual = 3.965e-05, No Iterations 14
GAMG:  Solving for p, Initial residual = 0.00187118, Final residual = 1.72469e-05, No Iterations 10
time step continuity errors : sum local = 2.25999e-07, global = -5.92646e-08, cumulative = 2.10002e-07
PIMPLE: iteration 3
DILUPBiCG:  Solving for Ux, Initial residual = 0.0039387, Final residual = 2.40957e-06, No Iterations 2
DILUPBiCG:  Solving for Uy, Initial residual = 0.000699563, Final residual = 6.35079e-06, No Iterations 1
DILUPBiCG:  Solving for Uz, Initial residual = 0.00716976, Final residual = 3.64003e-06, No Iterations 2
GAMG:  Solving for p, Initial residual = 0.0404708, Final residual = 0.000364256, No Iterations 5
GAMG:  Solving for p, Initial residual = 0.0092214, Final residual = 9.10608e-05, No Iterations 9
GAMG:  Solving for p, Initial residual = 0.00433894, Final residual = 3.54268e-05, No Iterations 12
time step continuity errors : sum local = 5.18821e-07, global = -1.4982e-07, cumulative = 6.01816e-08
GAMG:  Solving for p, Initial residual = 0.00240835, Final residual = 2.15166e-05, No Iterations 18
GAMG:  Solving for p, Initial residual = 0.00132481, Final residual = 1.15156e-05, No Iterations 4
GAMG:  Solving for p, Initial residual = 0.000533736, Final residual = 9.34857e-07, No Iterations 32
time step continuity errors : sum local = 1.36151e-08, global = 4.01501e-09, cumulative = 6.41966e-08
DILUPBiCG:  Solving for omega, Initial residual = 0.000607158, Final residual = 6.34704e-07, No Iterations 1
DILUPBiCG:  Solving for k, Initial residual = 0.00431479, Final residual = 1.56917e-06, No Iterations 2
ExecutionTime = 17.95 s  ClockTime = 18 s

End

