/*---------------------------------------------------------------------------*\
| =========                 |                                                 |
| \\      /  F ield         | OpenFOAM: The Open Source CFD Toolbox           |
|  \\    /   O peration     | Version:  2.3.1                                 |
|   \\  /    A nd           | Web:      www.OpenFOAM.org                      |
|    \\/     M anipulation  |                                                 |
\*---------------------------------------------------------------------------*/
Build  : 2.3.1-262087cdf8db
Exec   : pimpleDyMFoam
Date   : Jun 05 2023
Time   : 19:04:43
Host   : "jcosson-VirtualBox"
PID    : 30025
Case   : /home/jcosson/workspace/henersj_shootingdata/calcs/moderate_deformed/primal/56_intervals_05-06-23/sweep29/interval33
nProcs : 1
sigFpe : Enabling floating point exception trapping (FOAM_SIGFPE).
fileModificationChecking : Monitoring run-time modified files using timeStampMaster
allowSystemOperations : Allowing user-supplied system call operations

// * * * * * * * * * * * * * * * * * * * * * * * * * * * * * * * * * * * * * //
Create time

Create mesh for time = 0.457

Selecting dynamicFvMesh dynamicMotionSolverFvMesh
Selecting motion solver: displacementLaplacian
Selecting motion diffusion: quadratic
Selecting motion diffusion: quadratic
Selecting motion diffusion: inverseDistance

PIMPLE: no residual control data found. Calculations will employ 3 corrector loops

Reading field p

Reading field U

Reading/calculating face flux field phi

Selecting incompressible transport model Newtonian
Selecting turbulence model type RASModel
Selecting RAS turbulence model kOmegaSST
kOmegaSSTCoeffs
{
    alphaK1         0.85034;
    alphaK2         1;
    alphaOmega1     0.5;
    alphaOmega2     0.85616;
    gamma1          0.5532;
    gamma2          0.4403;
    beta1           0.075;
    beta2           0.0828;
    betaStar        0.09;
    a1              0.31;
    c1              10;
    Cmu             0.09;
    b1              1;
    F3              false;
}

Reading/calculating face velocity Uf

No finite volume options present

Courant Number mean: 0.271376 max: 0.603549

Starting time loop

Courant Number mean: 0.271376 max: 0.603549
Time = 0.458

GAMG:  Solving for cellDisplacementx, Initial residual = 0, Final residual = 0, No Iterations 0
GAMG:  Solving for cellDisplacementy, Initial residual = 0, Final residual = 0, No Iterations 0
GAMG:  Solving for cellDisplacementz, Initial residual = 0, Final residual = 0, No Iterations 0
PIMPLE: iteration 1
DILUPBiCG:  Solving for Ux, Initial residual = 0.0169186, Final residual = 6.43194e-05, No Iterations 1
DILUPBiCG:  Solving for Uy, Initial residual = 0.00272732, Final residual = 6.54921e-06, No Iterations 1
DILUPBiCG:  Solving for Uz, Initial residual = 0.014446, Final residual = 3.4331e-05, No Iterations 1
GAMG:  Solving for p, Initial residual = 0.174612, Final residual = 0.0014697, No Iterations 6
GAMG:  Solving for p, Initial residual = 0.0235188, Final residual = 0.000226577, No Iterations 16
GAMG:  Solving for p, Initial residual = 0.00942014, Final residual = 8.74648e-05, No Iterations 12
time step continuity errors : sum local = 5.87031e-07, global = 1.76403e-07, cumulative = 1.76403e-07
GAMG:  Solving for p, Initial residual = 0.0699386, Final residual = 0.000464001, No Iterations 6
GAMG:  Solving for p, Initial residual = 0.011627, Final residual = 0.000106408, No Iterations 14
GAMG:  Solving for p, Initial residual = 0.00486972, Final residual = 4.21096e-05, No Iterations 12
time step continuity errors : sum local = 2.81128e-07, global = 8.37544e-08, cumulative = 2.60157e-07
PIMPLE: iteration 2
DILUPBiCG:  Solving for Ux, Initial residual = 0.00555583, Final residual = 2.38382e-05, No Iterations 1
DILUPBiCG:  Solving for Uy, Initial residual = 0.000932487, Final residual = 3.30527e-06, No Iterations 1
DILUPBiCG:  Solving for Uz, Initial residual = 0.00395966, Final residual = 1.07181e-05, No Iterations 1
GAMG:  Solving for p, Initial residual = 0.0721742, Final residual = 0.000295901, No Iterations 4
GAMG:  Solving for p, Initial residual = 0.0124788, Final residual = 0.000122536, No Iterations 10
GAMG:  Solving for p, Initial residual = 0.00568674, Final residual = 5.06171e-05, No Iterations 8
time step continuity errors : sum local = 2.89509e-07, global = -9.78696e-08, cumulative = 1.62287e-07
GAMG:  Solving for p, Initial residual = 0.0359922, Final residual = 0.000329033, No Iterations 3
GAMG:  Solving for p, Initial residual = 0.00614084, Final residual = 5.80511e-05, No Iterations 6
GAMG:  Solving for p, Initial residual = 0.0027498, Final residual = 2.16401e-05, No Iterations 6
time step continuity errors : sum local = 1.24199e-07, global = 3.47019e-08, cumulative = 1.96989e-07
PIMPLE: iteration 3
DILUPBiCG:  Solving for Ux, Initial residual = 0.00162508, Final residual = 3.04584e-07, No Iterations 2
DILUPBiCG:  Solving for Uy, Initial residual = 0.000270799, Final residual = 5.31106e-06, No Iterations 1
DILUPBiCG:  Solving for Uz, Initial residual = 0.00353675, Final residual = 7.49887e-07, No Iterations 2
GAMG:  Solving for p, Initial residual = 0.047948, Final residual = 0.000451476, No Iterations 4
GAMG:  Solving for p, Initial residual = 0.0113076, Final residual = 9.60179e-05, No Iterations 14
GAMG:  Solving for p, Initial residual = 0.00526547, Final residual = 4.82882e-05, No Iterations 4
time step continuity errors : sum local = 3.02981e-07, global = -1.05964e-07, cumulative = 9.10251e-08
GAMG:  Solving for p, Initial residual = 0.00353498, Final residual = 1.86191e-05, No Iterations 6
GAMG:  Solving for p, Initial residual = 0.00194557, Final residual = 1.59117e-05, No Iterations 5
GAMG:  Solving for p, Initial residual = 0.000726749, Final residual = 8.98203e-07, No Iterations 34
time step continuity errors : sum local = 5.62144e-09, global = 1.65192e-09, cumulative = 9.2677e-08
DILUPBiCG:  Solving for omega, Initial residual = 0.000732468, Final residual = 1.18171e-06, No Iterations 1
DILUPBiCG:  Solving for k, Initial residual = 0.00478731, Final residual = 9.51865e-07, No Iterations 2
ExecutionTime = 17.18 s  ClockTime = 18 s

Courant Number mean: 0.268771 max: 0.597887
Time = 0.459

GAMG:  Solving for cellDisplacementx, Initial residual = 0, Final residual = 0, No Iterations 0
GAMG:  Solving for cellDisplacementy, Initial residual = 0, Final residual = 0, No Iterations 0
GAMG:  Solving for cellDisplacementz, Initial residual = 0, Final residual = 0, No Iterations 0
PIMPLE: iteration 1
DILUPBiCG:  Solving for Ux, Initial residual = 0.0195313, Final residual = 7.58058e-05, No Iterations 1
DILUPBiCG:  Solving for Uy, Initial residual = 0.00311978, Final residual = 7.39362e-06, No Iterations 1
DILUPBiCG:  Solving for Uz, Initial residual = 0.0131742, Final residual = 3.18403e-05, No Iterations 1
GAMG:  Solving for p, Initial residual = 0.140118, Final residual = 0.00125761, No Iterations 8
GAMG:  Solving for p, Initial residual = 0.0180154, Final residual = 0.000159249, No Iterations 18
GAMG:  Solving for p, Initial residual = 0.00709968, Final residual = 6.26798e-05, No Iterations 12
time step continuity errors : sum local = 4.65929e-07, global = 1.39211e-07, cumulative = 2.31888e-07
GAMG:  Solving for p, Initial residual = 0.0560242, Final residual = 0.000451693, No Iterations 6
GAMG:  Solving for p, Initial residual = 0.00885613, Final residual = 7.58654e-05, No Iterations 18
GAMG:  Solving for p, Initial residual = 0.00377375, Final residual = 3.22148e-05, No Iterations 10
time step continuity errors : sum local = 2.37868e-07, global = 6.20189e-08, cumulative = 2.93907e-07
PIMPLE: iteration 2
DILUPBiCG:  Solving for Ux, Initial residual = 0.00631929, Final residual = 2.70488e-05, No Iterations 1
DILUPBiCG:  Solving for Uy, Initial residual = 0.00105797, Final residual = 3.42786e-06, No Iterations 1
DILUPBiCG:  Solving for Uz, Initial residual = 0.00387285, Final residual = 1.05316e-05, No Iterations 1
GAMG:  Solving for p, Initial residual = 0.0572924, Final residual = 0.000343124, No Iterations 4
GAMG:  Solving for p, Initial residual = 0.00949478, Final residual = 8.68044e-05, No Iterations 14
GAMG:  Solving for p, Initial residual = 0.00453664, Final residual = 4.03554e-05, No Iterations 8
time step continuity errors : sum local = 2.53564e-07, global = -8.99615e-08, cumulative = 2.03945e-07
GAMG:  Solving for p, Initial residual = 0.0287037, Final residual = 0.000145036, No Iterations 4
GAMG:  Solving for p, Initial residual = 0.00455455, Final residual = 3.99748e-05, No Iterations 12
GAMG:  Solving for p, Initial residual = 0.00211307, Final residual = 1.75541e-05, No Iterations 8
time step continuity errors : sum local = 1.10796e-07, global = -3.78725e-08, cumulative = 1.66073e-07
PIMPLE: iteration 3
DILUPBiCG:  Solving for Ux, Initial residual = 0.00180719, Final residual = 3.38204e-07, No Iterations 2
DILUPBiCG:  Solving for Uy, Initial residual = 0.000299869, Final residual = 5.80005e-06, No Iterations 1
DILUPBiCG:  Solving for Uz, Initial residual = 0.00391915, Final residual = 8.4815e-07, No Iterations 2
GAMG:  Solving for p, Initial residual = 0.0433927, Final residual = 0.000340994, No Iterations 5
GAMG:  Solving for p, Initial residual = 0.0103621, Final residual = 9.51373e-05, No Iterations 13
GAMG:  Solving for p, Initial residual = 0.00478768, Final residual = 3.91099e-05, No Iterations 10
time step continuity errors : sum local = 2.71277e-07, global = -7.02655e-08, cumulative = 9.58071e-08
GAMG:  Solving for p, Initial residual = 0.00317338, Final residual = 3.09039e-05, No Iterations 14
GAMG:  Solving for p, Initial residual = 0.00182508, Final residual = 1.55223e-05, No Iterations 4
GAMG:  Solving for p, Initial residual = 0.000668188, Final residual = 9.5808e-07, No Iterations 38
time step continuity errors : sum local = 6.63147e-09, global = 1.96538e-09, cumulative = 9.77725e-08
DILUPBiCG:  Solving for omega, Initial residual = 0.000692581, Final residual = 1.16244e-06, No Iterations 1
DILUPBiCG:  Solving for k, Initial residual = 0.00483599, Final residual = 9.76304e-07, No Iterations 2
ExecutionTime = 32.18 s  ClockTime = 33 s

End

