/*---------------------------------------------------------------------------*\
| =========                 |                                                 |
| \\      /  F ield         | OpenFOAM: The Open Source CFD Toolbox           |
|  \\    /   O peration     | Version:  2.3.1                                 |
|   \\  /    A nd           | Web:      www.OpenFOAM.org                      |
|    \\/     M anipulation  |                                                 |
\*---------------------------------------------------------------------------*/
Build  : 2.3.1-262087cdf8db
Exec   : pimpleDyMFoam
Date   : Jun 05 2023
Time   : 18:56:48
Host   : "jcosson-VirtualBox"
PID    : 27180
Case   : /home/jcosson/workspace/henersj_shootingdata/calcs/moderate_deformed/primal/56_intervals_05-06-23/sweep25/interval48
nProcs : 1
sigFpe : Enabling floating point exception trapping (FOAM_SIGFPE).
fileModificationChecking : Monitoring run-time modified files using timeStampMaster
allowSystemOperations : Allowing user-supplied system call operations

// * * * * * * * * * * * * * * * * * * * * * * * * * * * * * * * * * * * * * //
Create time

Create mesh for time = 0.484

Selecting dynamicFvMesh dynamicMotionSolverFvMesh
Selecting motion solver: displacementLaplacian
Selecting motion diffusion: quadratic
Selecting motion diffusion: quadratic
Selecting motion diffusion: inverseDistance

PIMPLE: no residual control data found. Calculations will employ 3 corrector loops

Reading field p

Reading field U

Reading/calculating face flux field phi

Selecting incompressible transport model Newtonian
Selecting turbulence model type RASModel
Selecting RAS turbulence model kOmegaSST
bounding k, min: 0 max: 0.000694603 average: 0.000156979
kOmegaSSTCoeffs
{
    alphaK1         0.85034;
    alphaK2         1;
    alphaOmega1     0.5;
    alphaOmega2     0.85616;
    gamma1          0.5532;
    gamma2          0.4403;
    beta1           0.075;
    beta2           0.0828;
    betaStar        0.09;
    a1              0.31;
    c1              10;
    Cmu             0.09;
    b1              1;
    F3              false;
}

Reading/calculating face velocity Uf

No finite volume options present

Courant Number mean: 0.140718 max: 0.313863

Starting time loop

Courant Number mean: 0.140718 max: 0.313863
Time = 0.485

GAMG:  Solving for cellDisplacementx, Initial residual = 0, Final residual = 0, No Iterations 0
GAMG:  Solving for cellDisplacementy, Initial residual = 0, Final residual = 0, No Iterations 0
GAMG:  Solving for cellDisplacementz, Initial residual = 0, Final residual = 0, No Iterations 0
PIMPLE: iteration 1
DILUPBiCG:  Solving for Ux, Initial residual = 0.063472, Final residual = 0.000242021, No Iterations 1
DILUPBiCG:  Solving for Uy, Initial residual = 0.0118893, Final residual = 2.44398e-05, No Iterations 1
DILUPBiCG:  Solving for Uz, Initial residual = 0.0113608, Final residual = 1.4304e-05, No Iterations 1
GAMG:  Solving for p, Initial residual = 0.119004, Final residual = 0.000970017, No Iterations 4
GAMG:  Solving for p, Initial residual = 0.0152106, Final residual = 0.000140564, No Iterations 18
GAMG:  Solving for p, Initial residual = 0.00714742, Final residual = 5.77545e-05, No Iterations 10
time step continuity errors : sum local = 7.96716e-07, global = 2.10431e-07, cumulative = 2.10431e-07
GAMG:  Solving for p, Initial residual = 0.052534, Final residual = 0.00038778, No Iterations 4
GAMG:  Solving for p, Initial residual = 0.00756642, Final residual = 6.88597e-05, No Iterations 16
GAMG:  Solving for p, Initial residual = 0.00360377, Final residual = 3.094e-05, No Iterations 10
time step continuity errors : sum local = 4.28772e-07, global = 1.13444e-07, cumulative = 3.23875e-07
PIMPLE: iteration 2
DILUPBiCG:  Solving for Ux, Initial residual = 0.0169452, Final residual = 9.85606e-05, No Iterations 1
DILUPBiCG:  Solving for Uy, Initial residual = 0.00331325, Final residual = 6.72231e-06, No Iterations 1
DILUPBiCG:  Solving for Uz, Initial residual = 0.00265018, Final residual = 9.72752e-06, No Iterations 1
GAMG:  Solving for p, Initial residual = 0.051922, Final residual = 0.000482028, No Iterations 4
GAMG:  Solving for p, Initial residual = 0.0096698, Final residual = 8.62046e-05, No Iterations 16
GAMG:  Solving for p, Initial residual = 0.00427956, Final residual = 4.12801e-05, No Iterations 6
time step continuity errors : sum local = 4.95557e-07, global = -1.41697e-07, cumulative = 1.82178e-07
GAMG:  Solving for p, Initial residual = 0.0270951, Final residual = 0.000223552, No Iterations 4
GAMG:  Solving for p, Initial residual = 0.0050218, Final residual = 4.28882e-05, No Iterations 14
GAMG:  Solving for p, Initial residual = 0.00202514, Final residual = 2.00443e-05, No Iterations 8
time step continuity errors : sum local = 2.41535e-07, global = -5.28049e-08, cumulative = 1.29373e-07
PIMPLE: iteration 3
DILUPBiCG:  Solving for Ux, Initial residual = 0.00376453, Final residual = 2.87734e-06, No Iterations 2
DILUPBiCG:  Solving for Uy, Initial residual = 0.000761429, Final residual = 4.96485e-06, No Iterations 1
DILUPBiCG:  Solving for Uz, Initial residual = 0.00551213, Final residual = 2.50314e-06, No Iterations 2
GAMG:  Solving for p, Initial residual = 0.0429304, Final residual = 0.000334575, No Iterations 5
GAMG:  Solving for p, Initial residual = 0.00977756, Final residual = 8.73669e-05, No Iterations 14
GAMG:  Solving for p, Initial residual = 0.00483592, Final residual = 4.52546e-05, No Iterations 10
time step continuity errors : sum local = 6.10119e-07, global = -1.59744e-07, cumulative = -3.03711e-08
GAMG:  Solving for p, Initial residual = 0.0024298, Final residual = 2.09776e-05, No Iterations 6
GAMG:  Solving for p, Initial residual = 0.00127542, Final residual = 1.14123e-05, No Iterations 4
GAMG:  Solving for p, Initial residual = 0.000527219, Final residual = 9.37599e-07, No Iterations 32
time step continuity errors : sum local = 1.25132e-08, global = 3.68515e-09, cumulative = -2.66859e-08
DILUPBiCG:  Solving for omega, Initial residual = 0.00103248, Final residual = 7.52947e-07, No Iterations 1
DILUPBiCG:  Solving for k, Initial residual = 0.00376922, Final residual = 6.97564e-07, No Iterations 2
bounding k, min: 0 max: 0.000681262 average: 0.000155974
ExecutionTime = 17.23 s  ClockTime = 18 s

Courant Number mean: 0.136017 max: 0.303898
Time = 0.486

GAMG:  Solving for cellDisplacementx, Initial residual = 0, Final residual = 0, No Iterations 0
GAMG:  Solving for cellDisplacementy, Initial residual = 0, Final residual = 0, No Iterations 0
GAMG:  Solving for cellDisplacementz, Initial residual = 0, Final residual = 0, No Iterations 0
PIMPLE: iteration 1
DILUPBiCG:  Solving for Ux, Initial residual = 0.0625968, Final residual = 0.00023696, No Iterations 1
DILUPBiCG:  Solving for Uy, Initial residual = 0.0118362, Final residual = 2.41224e-05, No Iterations 1
DILUPBiCG:  Solving for Uz, Initial residual = 0.0103242, Final residual = 1.26212e-05, No Iterations 1
GAMG:  Solving for p, Initial residual = 0.108806, Final residual = 0.000968973, No Iterations 4
GAMG:  Solving for p, Initial residual = 0.0130036, Final residual = 0.000117171, No Iterations 20
GAMG:  Solving for p, Initial residual = 0.0063644, Final residual = 5.42792e-05, No Iterations 4
time step continuity errors : sum local = 7.23788e-07, global = 2.63933e-07, cumulative = 2.37247e-07
GAMG:  Solving for p, Initial residual = 0.0482851, Final residual = 0.000396698, No Iterations 4
GAMG:  Solving for p, Initial residual = 0.00654338, Final residual = 5.86078e-05, No Iterations 18
GAMG:  Solving for p, Initial residual = 0.00320148, Final residual = 2.94297e-05, No Iterations 4
time step continuity errors : sum local = 3.93892e-07, global = 1.48803e-07, cumulative = 3.8605e-07
PIMPLE: iteration 2
DILUPBiCG:  Solving for Ux, Initial residual = 0.0165471, Final residual = 9.59651e-05, No Iterations 1
DILUPBiCG:  Solving for Uy, Initial residual = 0.00327528, Final residual = 6.59936e-06, No Iterations 1
DILUPBiCG:  Solving for Uz, Initial residual = 0.00262978, Final residual = 9.78791e-06, No Iterations 1
GAMG:  Solving for p, Initial residual = 0.0468771, Final residual = 0.000305644, No Iterations 6
GAMG:  Solving for p, Initial residual = 0.00841165, Final residual = 7.41639e-05, No Iterations 16
GAMG:  Solving for p, Initial residual = 0.00337309, Final residual = 3.06104e-05, No Iterations 10
time step continuity errors : sum local = 3.55083e-07, global = -9.36432e-08, cumulative = 2.92407e-07
GAMG:  Solving for p, Initial residual = 0.0243676, Final residual = 0.000219454, No Iterations 4
GAMG:  Solving for p, Initial residual = 0.00421787, Final residual = 4.12716e-05, No Iterations 14
GAMG:  Solving for p, Initial residual = 0.00172169, Final residual = 1.70781e-05, No Iterations 10
time step continuity errors : sum local = 1.99015e-07, global = -5.07147e-08, cumulative = 2.41693e-07
PIMPLE: iteration 3
DILUPBiCG:  Solving for Ux, Initial residual = 0.00363789, Final residual = 2.83875e-06, No Iterations 2
DILUPBiCG:  Solving for Uy, Initial residual = 0.000758426, Final residual = 4.83167e-06, No Iterations 1
DILUPBiCG:  Solving for Uz, Initial residual = 0.00534751, Final residual = 2.83353e-06, No Iterations 2
GAMG:  Solving for p, Initial residual = 0.0429594, Final residual = 0.0003246, No Iterations 5
GAMG:  Solving for p, Initial residual = 0.00968624, Final residual = 8.85992e-05, No Iterations 14
GAMG:  Solving for p, Initial residual = 0.00490549, Final residual = 4.45779e-05, No Iterations 10
time step continuity errors : sum local = 5.80585e-07, global = -1.52333e-07, cumulative = 8.93592e-08
GAMG:  Solving for p, Initial residual = 0.00242566, Final residual = 2.18859e-05, No Iterations 6
GAMG:  Solving for p, Initial residual = 0.00128913, Final residual = 1.26128e-05, No Iterations 4
GAMG:  Solving for p, Initial residual = 0.000539102, Final residual = 9.02749e-07, No Iterations 36
time step continuity errors : sum local = 1.16269e-08, global = 3.41448e-09, cumulative = 9.27737e-08
DILUPBiCG:  Solving for omega, Initial residual = 0.0010695, Final residual = 7.50204e-07, No Iterations 1
DILUPBiCG:  Solving for k, Initial residual = 0.00370993, Final residual = 6.88884e-07, No Iterations 2
bounding k, min: 0 max: 0.000667413 average: 0.000154995
ExecutionTime = 30.06 s  ClockTime = 31 s

End

