/*---------------------------------------------------------------------------*\
| =========                 |                                                 |
| \\      /  F ield         | OpenFOAM: The Open Source CFD Toolbox           |
|  \\    /   O peration     | Version:  2.3.1                                 |
|   \\  /    A nd           | Web:      www.OpenFOAM.org                      |
|    \\/     M anipulation  |                                                 |
\*---------------------------------------------------------------------------*/
Build  : 2.3.1-262087cdf8db
Exec   : pimpleDyMFoam
Date   : Jun 05 2023
Time   : 18:57:02
Host   : "jcosson-VirtualBox"
PID    : 27192
Case   : /home/jcosson/workspace/henersj_shootingdata/calcs/moderate_deformed/primal/56_intervals_05-06-23/sweep25/interval54
nProcs : 1
sigFpe : Enabling floating point exception trapping (FOAM_SIGFPE).
fileModificationChecking : Monitoring run-time modified files using timeStampMaster
allowSystemOperations : Allowing user-supplied system call operations

// * * * * * * * * * * * * * * * * * * * * * * * * * * * * * * * * * * * * * //
Create time

Create mesh for time = 0.495

Selecting dynamicFvMesh dynamicMotionSolverFvMesh
Selecting motion solver: displacementLaplacian
Selecting motion diffusion: quadratic
Selecting motion diffusion: quadratic
Selecting motion diffusion: inverseDistance

PIMPLE: no residual control data found. Calculations will employ 3 corrector loops

Reading field p

Reading field U

Reading/calculating face flux field phi

Selecting incompressible transport model Newtonian
Selecting turbulence model type RASModel
Selecting RAS turbulence model kOmegaSST
bounding k, min: 0 max: 0.000535421 average: 0.000149206
kOmegaSSTCoeffs
{
    alphaK1         0.85034;
    alphaK2         1;
    alphaOmega1     0.5;
    alphaOmega2     0.85616;
    gamma1          0.5532;
    gamma2          0.4403;
    beta1           0.075;
    beta2           0.0828;
    betaStar        0.09;
    a1              0.31;
    c1              10;
    Cmu             0.09;
    b1              1;
    F3              false;
}

Reading/calculating face velocity Uf

No finite volume options present

Courant Number mean: 0.103222 max: 0.237934

Starting time loop

Courant Number mean: 0.103222 max: 0.237934
Time = 0.496

GAMG:  Solving for cellDisplacementx, Initial residual = 0, Final residual = 0, No Iterations 0
GAMG:  Solving for cellDisplacementy, Initial residual = 0, Final residual = 0, No Iterations 0
GAMG:  Solving for cellDisplacementz, Initial residual = 0, Final residual = 0, No Iterations 0
PIMPLE: iteration 1
DILUPBiCG:  Solving for Ux, Initial residual = 0.0307247, Final residual = 0.000113399, No Iterations 1
DILUPBiCG:  Solving for Uy, Initial residual = 0.00660839, Final residual = 1.28182e-05, No Iterations 1
DILUPBiCG:  Solving for Uz, Initial residual = 0.00888823, Final residual = 1.01148e-05, No Iterations 1
GAMG:  Solving for p, Initial residual = 0.103288, Final residual = 0.000429779, No Iterations 4
GAMG:  Solving for p, Initial residual = 0.014431, Final residual = 0.000128637, No Iterations 4
GAMG:  Solving for p, Initial residual = 0.00697715, Final residual = 6.46414e-05, No Iterations 10
time step continuity errors : sum local = 3.79241e-07, global = 1.02629e-07, cumulative = 1.02629e-07
GAMG:  Solving for p, Initial residual = 0.0493005, Final residual = 0.000206215, No Iterations 4
GAMG:  Solving for p, Initial residual = 0.00703355, Final residual = 6.12191e-05, No Iterations 4
GAMG:  Solving for p, Initial residual = 0.00348899, Final residual = 3.25113e-05, No Iterations 10
time step continuity errors : sum local = 1.92748e-07, global = 5.31397e-08, cumulative = 1.55769e-07
PIMPLE: iteration 2
DILUPBiCG:  Solving for Ux, Initial residual = 0.00732802, Final residual = 4.22577e-05, No Iterations 1
DILUPBiCG:  Solving for Uy, Initial residual = 0.00161459, Final residual = 3.17421e-06, No Iterations 1
DILUPBiCG:  Solving for Uz, Initial residual = 0.00279029, Final residual = 4.91734e-05, No Iterations 1
GAMG:  Solving for p, Initial residual = 0.0468953, Final residual = 0.000348419, No Iterations 6
GAMG:  Solving for p, Initial residual = 0.014813, Final residual = 0.000138051, No Iterations 10
GAMG:  Solving for p, Initial residual = 0.0045457, Final residual = 3.85868e-05, No Iterations 16
time step continuity errors : sum local = 2.00285e-07, global = -5.95899e-08, cumulative = 9.61788e-08
GAMG:  Solving for p, Initial residual = 0.025109, Final residual = 0.000159374, No Iterations 6
GAMG:  Solving for p, Initial residual = 0.00780829, Final residual = 7.39472e-05, No Iterations 8
GAMG:  Solving for p, Initial residual = 0.00212481, Final residual = 2.00747e-05, No Iterations 16
time step continuity errors : sum local = 1.04238e-07, global = -3.03607e-08, cumulative = 6.58181e-08
PIMPLE: iteration 3
DILUPBiCG:  Solving for Ux, Initial residual = 0.00124405, Final residual = 1.6515e-06, No Iterations 2
DILUPBiCG:  Solving for Uy, Initial residual = 0.00030777, Final residual = 8.56455e-08, No Iterations 2
DILUPBiCG:  Solving for Uz, Initial residual = 0.00253533, Final residual = 1.80404e-06, No Iterations 2
GAMG:  Solving for p, Initial residual = 0.0570444, Final residual = 0.000394878, No Iterations 5
GAMG:  Solving for p, Initial residual = 0.0121549, Final residual = 0.000121159, No Iterations 14
GAMG:  Solving for p, Initial residual = 0.00700624, Final residual = 6.39902e-05, No Iterations 10
time step continuity errors : sum local = 3.65935e-07, global = -1.01668e-07, cumulative = -3.58497e-08
GAMG:  Solving for p, Initial residual = 0.00294414, Final residual = 2.85733e-05, No Iterations 7
GAMG:  Solving for p, Initial residual = 0.00152877, Final residual = 1.17118e-05, No Iterations 6
GAMG:  Solving for p, Initial residual = 0.000613028, Final residual = 9.76556e-07, No Iterations 28
time step continuity errors : sum local = 5.49875e-09, global = 1.68768e-09, cumulative = -3.4162e-08
DILUPBiCG:  Solving for omega, Initial residual = 0.00133995, Final residual = 6.89932e-07, No Iterations 1
DILUPBiCG:  Solving for k, Initial residual = 0.00332258, Final residual = 6.74126e-07, No Iterations 2
bounding k, min: 0 max: 0.000526593 average: 0.000148434
ExecutionTime = 15.01 s  ClockTime = 15 s

End

