/*---------------------------------------------------------------------------*\
| =========                 |                                                 |
| \\      /  F ield         | OpenFOAM: The Open Source CFD Toolbox           |
|  \\    /   O peration     | Version:  2.3.1                                 |
|   \\  /    A nd           | Web:      www.OpenFOAM.org                      |
|    \\/     M anipulation  |                                                 |
\*---------------------------------------------------------------------------*/
Build  : 2.3.1-262087cdf8db
Exec   : pimpleDyMFoam
Date   : Jun 05 2023
Time   : 18:56:49
Host   : "jcosson-VirtualBox"
PID    : 27186
Case   : /home/jcosson/workspace/henersj_shootingdata/calcs/moderate_deformed/primal/56_intervals_05-06-23/sweep25/interval51
nProcs : 1
sigFpe : Enabling floating point exception trapping (FOAM_SIGFPE).
fileModificationChecking : Monitoring run-time modified files using timeStampMaster
allowSystemOperations : Allowing user-supplied system call operations

// * * * * * * * * * * * * * * * * * * * * * * * * * * * * * * * * * * * * * //
Create time

Create mesh for time = 0.489

Selecting dynamicFvMesh dynamicMotionSolverFvMesh
Selecting motion solver: displacementLaplacian
Selecting motion diffusion: quadratic
Selecting motion diffusion: quadratic
Selecting motion diffusion: inverseDistance

PIMPLE: no residual control data found. Calculations will employ 3 corrector loops

Reading field p

Reading field U

Reading/calculating face flux field phi

Selecting incompressible transport model Newtonian
Selecting turbulence model type RASModel
Selecting RAS turbulence model kOmegaSST
bounding k, min: 0 max: 0.000633358 average: 0.000153099
kOmegaSSTCoeffs
{
    alphaK1         0.85034;
    alphaK2         1;
    alphaOmega1     0.5;
    alphaOmega2     0.85616;
    gamma1          0.5532;
    gamma2          0.4403;
    beta1           0.075;
    beta2           0.0828;
    betaStar        0.09;
    a1              0.31;
    c1              10;
    Cmu             0.09;
    b1              1;
    F3              false;
}

Reading/calculating face velocity Uf

No finite volume options present

Courant Number mean: 0.119536 max: 0.271297

Starting time loop

Courant Number mean: 0.119536 max: 0.271297
Time = 0.49

GAMG:  Solving for cellDisplacementx, Initial residual = 0, Final residual = 0, No Iterations 0
GAMG:  Solving for cellDisplacementy, Initial residual = 0, Final residual = 0, No Iterations 0
GAMG:  Solving for cellDisplacementz, Initial residual = 0, Final residual = 0, No Iterations 0
PIMPLE: iteration 1
DILUPBiCG:  Solving for Ux, Initial residual = 0.0546315, Final residual = 0.000202153, No Iterations 1
DILUPBiCG:  Solving for Uy, Initial residual = 0.0109588, Final residual = 2.18232e-05, No Iterations 1
DILUPBiCG:  Solving for Uz, Initial residual = 0.0125251, Final residual = 1.12466e-05, No Iterations 1
GAMG:  Solving for p, Initial residual = 0.11409, Final residual = 0.000768889, No Iterations 4
GAMG:  Solving for p, Initial residual = 0.0157112, Final residual = 0.00015026, No Iterations 16
GAMG:  Solving for p, Initial residual = 0.00745567, Final residual = 7.17024e-05, No Iterations 4
time step continuity errors : sum local = 7.80385e-07, global = 2.57034e-07, cumulative = 2.57034e-07
GAMG:  Solving for p, Initial residual = 0.051627, Final residual = 0.000323062, No Iterations 4
GAMG:  Solving for p, Initial residual = 0.00774969, Final residual = 7.66524e-05, No Iterations 14
GAMG:  Solving for p, Initial residual = 0.0037482, Final residual = 3.5555e-05, No Iterations 4
time step continuity errors : sum local = 3.89439e-07, global = 1.16461e-07, cumulative = 3.73494e-07
PIMPLE: iteration 2
DILUPBiCG:  Solving for Ux, Initial residual = 0.0140224, Final residual = 7.95567e-05, No Iterations 1
DILUPBiCG:  Solving for Uy, Initial residual = 0.00291296, Final residual = 5.73994e-06, No Iterations 1
DILUPBiCG:  Solving for Uz, Initial residual = 0.00259505, Final residual = 7.67244e-06, No Iterations 1
GAMG:  Solving for p, Initial residual = 0.0504529, Final residual = 0.000497816, No Iterations 4
GAMG:  Solving for p, Initial residual = 0.0104822, Final residual = 0.000103848, No Iterations 14
GAMG:  Solving for p, Initial residual = 0.00451601, Final residual = 3.77397e-05, No Iterations 10
time step continuity errors : sum local = 3.60786e-07, global = -9.22107e-08, cumulative = 2.81283e-07
GAMG:  Solving for p, Initial residual = 0.0264537, Final residual = 0.000232393, No Iterations 4
GAMG:  Solving for p, Initial residual = 0.00536879, Final residual = 4.49441e-05, No Iterations 14
GAMG:  Solving for p, Initial residual = 0.00220792, Final residual = 1.8255e-05, No Iterations 4
time step continuity errors : sum local = 1.74851e-07, global = -6.37377e-08, cumulative = 2.17546e-07
PIMPLE: iteration 3
DILUPBiCG:  Solving for Ux, Initial residual = 0.00293577, Final residual = 2.47884e-06, No Iterations 2
DILUPBiCG:  Solving for Uy, Initial residual = 0.000658729, Final residual = 4.73585e-06, No Iterations 1
DILUPBiCG:  Solving for Uz, Initial residual = 0.00462196, Final residual = 1.76837e-06, No Iterations 2
GAMG:  Solving for p, Initial residual = 0.0462153, Final residual = 0.000333144, No Iterations 5
GAMG:  Solving for p, Initial residual = 0.0105003, Final residual = 9.81894e-05, No Iterations 14
GAMG:  Solving for p, Initial residual = 0.00544743, Final residual = 5.05513e-05, No Iterations 10
time step continuity errors : sum local = 5.39994e-07, global = -1.43124e-07, cumulative = 7.4422e-08
GAMG:  Solving for p, Initial residual = 0.00260426, Final residual = 2.35702e-05, No Iterations 7
GAMG:  Solving for p, Initial residual = 0.00138842, Final residual = 1.32534e-05, No Iterations 4
GAMG:  Solving for p, Initial residual = 0.00056946, Final residual = 8.78292e-07, No Iterations 30
time step continuity errors : sum local = 9.26376e-09, global = 2.81348e-09, cumulative = 7.72354e-08
DILUPBiCG:  Solving for omega, Initial residual = 0.00121546, Final residual = 7.3223e-07, No Iterations 1
DILUPBiCG:  Solving for k, Initial residual = 0.00352092, Final residual = 6.01446e-07, No Iterations 2
bounding k, min: 0 max: 0.000618145 average: 0.000152207
ExecutionTime = 16.49 s  ClockTime = 17 s

Courant Number mean: 0.116063 max: 0.263875
Time = 0.491

GAMG:  Solving for cellDisplacementx, Initial residual = 0, Final residual = 0, No Iterations 0
GAMG:  Solving for cellDisplacementy, Initial residual = 0, Final residual = 0, No Iterations 0
GAMG:  Solving for cellDisplacementz, Initial residual = 0, Final residual = 0, No Iterations 0
PIMPLE: iteration 1
DILUPBiCG:  Solving for Ux, Initial residual = 0.0514574, Final residual = 0.000191, No Iterations 1
DILUPBiCG:  Solving for Uy, Initial residual = 0.0104877, Final residual = 2.07303e-05, No Iterations 1
DILUPBiCG:  Solving for Uz, Initial residual = 0.0118092, Final residual = 1.07087e-05, No Iterations 1
GAMG:  Solving for p, Initial residual = 0.105853, Final residual = 0.000644796, No Iterations 4
GAMG:  Solving for p, Initial residual = 0.0134093, Final residual = 0.000125186, No Iterations 18
GAMG:  Solving for p, Initial residual = 0.00684992, Final residual = 4.07359e-05, No Iterations 5
time step continuity errors : sum local = 4.15497e-07, global = 1.60704e-07, cumulative = 2.37939e-07
GAMG:  Solving for p, Initial residual = 0.0480817, Final residual = 0.000267538, No Iterations 4
GAMG:  Solving for p, Initial residual = 0.00660384, Final residual = 6.45078e-05, No Iterations 16
GAMG:  Solving for p, Initial residual = 0.00341413, Final residual = 3.3032e-05, No Iterations 5
time step continuity errors : sum local = 3.38913e-07, global = -1.2872e-07, cumulative = 1.09219e-07
PIMPLE: iteration 2
DILUPBiCG:  Solving for Ux, Initial residual = 0.0131483, Final residual = 7.4535e-05, No Iterations 1
DILUPBiCG:  Solving for Uy, Initial residual = 0.00275799, Final residual = 5.41747e-06, No Iterations 1
DILUPBiCG:  Solving for Uz, Initial residual = 0.00247438, Final residual = 6.76306e-06, No Iterations 1
GAMG:  Solving for p, Initial residual = 0.0461479, Final residual = 0.000303056, No Iterations 6
GAMG:  Solving for p, Initial residual = 0.0100956, Final residual = 9.43017e-05, No Iterations 14
GAMG:  Solving for p, Initial residual = 0.0041876, Final residual = 3.58412e-05, No Iterations 4
time step continuity errors : sum local = 3.1962e-07, global = -1.12154e-07, cumulative = -2.93473e-09
GAMG:  Solving for p, Initial residual = 0.0246357, Final residual = 0.000245789, No Iterations 4
GAMG:  Solving for p, Initial residual = 0.00561506, Final residual = 4.65421e-05, No Iterations 14
GAMG:  Solving for p, Initial residual = 0.00213698, Final residual = 1.76605e-05, No Iterations 4
time step continuity errors : sum local = 1.57827e-07, global = -4.98469e-08, cumulative = -5.27816e-08
PIMPLE: iteration 3
DILUPBiCG:  Solving for Ux, Initial residual = 0.00270621, Final residual = 2.45975e-06, No Iterations 2
DILUPBiCG:  Solving for Uy, Initial residual = 0.00060221, Final residual = 4.99092e-06, No Iterations 1
DILUPBiCG:  Solving for Uz, Initial residual = 0.00398294, Final residual = 1.46626e-06, No Iterations 2
GAMG:  Solving for p, Initial residual = 0.0459074, Final residual = 0.000353809, No Iterations 5
GAMG:  Solving for p, Initial residual = 0.0106051, Final residual = 0.00010158, No Iterations 14
GAMG:  Solving for p, Initial residual = 0.00551634, Final residual = 5.29501e-05, No Iterations 10
time step continuity errors : sum local = 5.28774e-07, global = -1.40459e-07, cumulative = -1.93241e-07
GAMG:  Solving for p, Initial residual = 0.00257458, Final residual = 2.30823e-05, No Iterations 7
GAMG:  Solving for p, Initial residual = 0.00131496, Final residual = 1.2786e-05, No Iterations 5
GAMG:  Solving for p, Initial residual = 0.000518786, Final residual = 9.17091e-07, No Iterations 27
time step continuity errors : sum local = 9.0445e-09, global = 2.70533e-09, cumulative = -1.90536e-07
DILUPBiCG:  Solving for omega, Initial residual = 0.0012403, Final residual = 7.23091e-07, No Iterations 1
DILUPBiCG:  Solving for k, Initial residual = 0.00346991, Final residual = 6.01511e-07, No Iterations 2
bounding k, min: 0 max: 0.000602237 average: 0.000151343
ExecutionTime = 29.2 s  ClockTime = 30 s

End

