/*---------------------------------------------------------------------------*\
| =========                 |                                                 |
| \\      /  F ield         | OpenFOAM: The Open Source CFD Toolbox           |
|  \\    /   O peration     | Version:  2.3.1                                 |
|   \\  /    A nd           | Web:      www.OpenFOAM.org                      |
|    \\/     M anipulation  |                                                 |
\*---------------------------------------------------------------------------*/
Build  : 2.3.1-262087cdf8db
Exec   : pimpleDyMFoam
Date   : Jun 05 2023
Time   : 18:56:49
Host   : "jcosson-VirtualBox"
PID    : 27188
Case   : /home/jcosson/workspace/henersj_shootingdata/calcs/moderate_deformed/primal/56_intervals_05-06-23/sweep25/interval52
nProcs : 1
sigFpe : Enabling floating point exception trapping (FOAM_SIGFPE).
fileModificationChecking : Monitoring run-time modified files using timeStampMaster
allowSystemOperations : Allowing user-supplied system call operations

// * * * * * * * * * * * * * * * * * * * * * * * * * * * * * * * * * * * * * //
Create time

Create mesh for time = 0.491

Selecting dynamicFvMesh dynamicMotionSolverFvMesh
Selecting motion solver: displacementLaplacian
Selecting motion diffusion: quadratic
Selecting motion diffusion: quadratic
Selecting motion diffusion: inverseDistance

PIMPLE: no residual control data found. Calculations will employ 3 corrector loops

Reading field p

Reading field U

Reading/calculating face flux field phi

Selecting incompressible transport model Newtonian
Selecting turbulence model type RASModel
Selecting RAS turbulence model kOmegaSST
bounding k, min: 0 max: 0.000603348 average: 0.00015172
kOmegaSSTCoeffs
{
    alphaK1         0.85034;
    alphaK2         1;
    alphaOmega1     0.5;
    alphaOmega2     0.85616;
    gamma1          0.5532;
    gamma2          0.4403;
    beta1           0.075;
    beta2           0.0828;
    betaStar        0.09;
    a1              0.31;
    c1              10;
    Cmu             0.09;
    b1              1;
    F3              false;
}

Reading/calculating face velocity Uf

No finite volume options present

Courant Number mean: 0.112875 max: 0.257796

Starting time loop

Courant Number mean: 0.112875 max: 0.257796
Time = 0.492

GAMG:  Solving for cellDisplacementx, Initial residual = 0, Final residual = 0, No Iterations 0
GAMG:  Solving for cellDisplacementy, Initial residual = 0, Final residual = 0, No Iterations 0
GAMG:  Solving for cellDisplacementz, Initial residual = 0, Final residual = 0, No Iterations 0
PIMPLE: iteration 1
DILUPBiCG:  Solving for Ux, Initial residual = 0.048186, Final residual = 0.000177517, No Iterations 1
DILUPBiCG:  Solving for Uy, Initial residual = 0.00990807, Final residual = 1.95378e-05, No Iterations 1
DILUPBiCG:  Solving for Uz, Initial residual = 0.0112511, Final residual = 1.01057e-05, No Iterations 1
GAMG:  Solving for p, Initial residual = 0.111404, Final residual = 0.000630178, No Iterations 4
GAMG:  Solving for p, Initial residual = 0.015564, Final residual = 0.000135849, No Iterations 16
GAMG:  Solving for p, Initial residual = 0.00748401, Final residual = 4.68729e-05, No Iterations 5
time step continuity errors : sum local = 4.40214e-07, global = -1.28814e-07, cumulative = -1.28814e-07
GAMG:  Solving for p, Initial residual = 0.0509782, Final residual = 0.000263619, No Iterations 4
GAMG:  Solving for p, Initial residual = 0.00761826, Final residual = 7.0231e-05, No Iterations 14
GAMG:  Solving for p, Initial residual = 0.0037652, Final residual = 3.33599e-05, No Iterations 4
time step continuity errors : sum local = 3.15375e-07, global = 1.02469e-07, cumulative = -2.63451e-08
PIMPLE: iteration 2
DILUPBiCG:  Solving for Ux, Initial residual = 0.0121558, Final residual = 6.89185e-05, No Iterations 1
DILUPBiCG:  Solving for Uy, Initial residual = 0.00258142, Final residual = 5.05266e-06, No Iterations 1
DILUPBiCG:  Solving for Uz, Initial residual = 0.00255942, Final residual = 1.02307e-05, No Iterations 1
GAMG:  Solving for p, Initial residual = 0.0495367, Final residual = 0.000315595, No Iterations 6
GAMG:  Solving for p, Initial residual = 0.0112506, Final residual = 9.38546e-05, No Iterations 14
GAMG:  Solving for p, Initial residual = 0.00422051, Final residual = 4.16421e-05, No Iterations 4
time step continuity errors : sum local = 3.43488e-07, global = -1.32264e-07, cumulative = -1.58609e-07
GAMG:  Solving for p, Initial residual = 0.0262074, Final residual = 0.00025082, No Iterations 4
GAMG:  Solving for p, Initial residual = 0.00579267, Final residual = 5.64748e-05, No Iterations 12
GAMG:  Solving for p, Initial residual = 0.00221441, Final residual = 1.83884e-05, No Iterations 12
time step continuity errors : sum local = 1.52125e-07, global = -4.44996e-08, cumulative = -2.03109e-07
PIMPLE: iteration 3
DILUPBiCG:  Solving for Ux, Initial residual = 0.00242356, Final residual = 2.67635e-06, No Iterations 2
DILUPBiCG:  Solving for Uy, Initial residual = 0.000558407, Final residual = 5.30837e-06, No Iterations 1
DILUPBiCG:  Solving for Uz, Initial residual = 0.00384283, Final residual = 2.20087e-06, No Iterations 2
GAMG:  Solving for p, Initial residual = 0.048155, Final residual = 0.000346035, No Iterations 5
GAMG:  Solving for p, Initial residual = 0.0109002, Final residual = 0.000103668, No Iterations 14
GAMG:  Solving for p, Initial residual = 0.00577533, Final residual = 5.47035e-05, No Iterations 10
time step continuity errors : sum local = 5.03494e-07, global = -1.34634e-07, cumulative = -3.37743e-07
GAMG:  Solving for p, Initial residual = 0.00269949, Final residual = 2.50566e-05, No Iterations 7
GAMG:  Solving for p, Initial residual = 0.00141889, Final residual = 1.35411e-05, No Iterations 5
GAMG:  Solving for p, Initial residual = 0.000584828, Final residual = 8.7238e-07, No Iterations 29
time step continuity errors : sum local = 7.92013e-09, global = 2.34841e-09, cumulative = -3.35395e-07
DILUPBiCG:  Solving for omega, Initial residual = 0.00127083, Final residual = 7.1704e-07, No Iterations 1
DILUPBiCG:  Solving for k, Initial residual = 0.0034427, Final residual = 6.13652e-07, No Iterations 2
bounding k, min: 0 max: 0.000586722 average: 0.000150871
ExecutionTime = 16.41 s  ClockTime = 17 s

Courant Number mean: 0.109992 max: 0.251607
Time = 0.493

GAMG:  Solving for cellDisplacementx, Initial residual = 0, Final residual = 0, No Iterations 0
GAMG:  Solving for cellDisplacementy, Initial residual = 0, Final residual = 0, No Iterations 0
GAMG:  Solving for cellDisplacementz, Initial residual = 0, Final residual = 0, No Iterations 0
PIMPLE: iteration 1
DILUPBiCG:  Solving for Ux, Initial residual = 0.0442156, Final residual = 0.000163682, No Iterations 1
DILUPBiCG:  Solving for Uy, Initial residual = 0.00924463, Final residual = 1.81083e-05, No Iterations 1
DILUPBiCG:  Solving for Uz, Initial residual = 0.00995164, Final residual = 1.07736e-05, No Iterations 1
GAMG:  Solving for p, Initial residual = 0.102747, Final residual = 0.000523085, No Iterations 4
GAMG:  Solving for p, Initial residual = 0.0130007, Final residual = 0.000129628, No Iterations 16
GAMG:  Solving for p, Initial residual = 0.00665705, Final residual = 5.82141e-05, No Iterations 4
time step continuity errors : sum local = 5.00872e-07, global = 1.66898e-07, cumulative = -1.68497e-07
GAMG:  Solving for p, Initial residual = 0.0473535, Final residual = 0.000227708, No Iterations 4
GAMG:  Solving for p, Initial residual = 0.00632379, Final residual = 5.91806e-05, No Iterations 16
GAMG:  Solving for p, Initial residual = 0.00335506, Final residual = 2.96148e-05, No Iterations 4
time step continuity errors : sum local = 2.56716e-07, global = 9.36803e-08, cumulative = -7.48166e-08
PIMPLE: iteration 2
DILUPBiCG:  Solving for Ux, Initial residual = 0.0110825, Final residual = 6.29669e-05, No Iterations 1
DILUPBiCG:  Solving for Uy, Initial residual = 0.0023745, Final residual = 4.63936e-06, No Iterations 1
DILUPBiCG:  Solving for Uz, Initial residual = 0.00255531, Final residual = 2.62275e-05, No Iterations 1
GAMG:  Solving for p, Initial residual = 0.0450453, Final residual = 0.000318076, No Iterations 6
GAMG:  Solving for p, Initial residual = 0.0110243, Final residual = 9.7233e-05, No Iterations 14
GAMG:  Solving for p, Initial residual = 0.00420963, Final residual = 3.95092e-05, No Iterations 4
time step continuity errors : sum local = 2.97982e-07, global = -1.12839e-07, cumulative = -1.87655e-07
GAMG:  Solving for p, Initial residual = 0.0241699, Final residual = 0.000228103, No Iterations 5
GAMG:  Solving for p, Initial residual = 0.00624391, Final residual = 5.9679e-05, No Iterations 6
GAMG:  Solving for p, Initial residual = 0.00201075, Final residual = 1.38231e-05, No Iterations 5
time step continuity errors : sum local = 1.04426e-07, global = -2.53798e-08, cumulative = -2.13035e-07
PIMPLE: iteration 3
DILUPBiCG:  Solving for Ux, Initial residual = 0.00216362, Final residual = 3.07806e-06, No Iterations 2
DILUPBiCG:  Solving for Uy, Initial residual = 0.000491155, Final residual = 5.91795e-06, No Iterations 1
DILUPBiCG:  Solving for Uz, Initial residual = 0.00353203, Final residual = 2.04191e-06, No Iterations 2
GAMG:  Solving for p, Initial residual = 0.0484445, Final residual = 0.000363008, No Iterations 5
GAMG:  Solving for p, Initial residual = 0.0110437, Final residual = 0.000106882, No Iterations 14
GAMG:  Solving for p, Initial residual = 0.0059297, Final residual = 5.57932e-05, No Iterations 10
time step continuity errors : sum local = 4.69659e-07, global = -1.26006e-07, cumulative = -3.39041e-07
GAMG:  Solving for p, Initial residual = 0.0026732, Final residual = 2.51841e-05, No Iterations 7
GAMG:  Solving for p, Initial residual = 0.00135912, Final residual = 1.07796e-05, No Iterations 6
GAMG:  Solving for p, Initial residual = 0.000532482, Final residual = 9.36567e-07, No Iterations 28
time step continuity errors : sum local = 7.77624e-09, global = 2.37299e-09, cumulative = -3.36668e-07
DILUPBiCG:  Solving for omega, Initial residual = 0.00128915, Final residual = 7.07801e-07, No Iterations 1
DILUPBiCG:  Solving for k, Initial residual = 0.00339702, Final residual = 6.28515e-07, No Iterations 2
bounding k, min: 0 max: 0.000569839 average: 0.000150048
ExecutionTime = 28.67 s  ClockTime = 29 s

End

