/*---------------------------------------------------------------------------*\
| =========                 |                                                 |
| \\      /  F ield         | OpenFOAM: The Open Source CFD Toolbox           |
|  \\    /   O peration     | Version:  2.3.1                                 |
|   \\  /    A nd           | Web:      www.OpenFOAM.org                      |
|    \\/     M anipulation  |                                                 |
\*---------------------------------------------------------------------------*/
Build  : 2.3.1-262087cdf8db
Exec   : pimpleDyMFoam
Date   : Jun 05 2023
Time   : 18:56:16
Host   : "jcosson-VirtualBox"
PID    : 27153
Case   : /home/jcosson/workspace/henersj_shootingdata/calcs/moderate_deformed/primal/56_intervals_05-06-23/sweep25/interval32
nProcs : 1
sigFpe : Enabling floating point exception trapping (FOAM_SIGFPE).
fileModificationChecking : Monitoring run-time modified files using timeStampMaster
allowSystemOperations : Allowing user-supplied system call operations

// * * * * * * * * * * * * * * * * * * * * * * * * * * * * * * * * * * * * * //
Create time

Create mesh for time = 0.455

Selecting dynamicFvMesh dynamicMotionSolverFvMesh
Selecting motion solver: displacementLaplacian
Selecting motion diffusion: quadratic
Selecting motion diffusion: quadratic
Selecting motion diffusion: inverseDistance

PIMPLE: no residual control data found. Calculations will employ 3 corrector loops

Reading field p

Reading field U

Reading/calculating face flux field phi

Selecting incompressible transport model Newtonian
Selecting turbulence model type RASModel
Selecting RAS turbulence model kOmegaSST
kOmegaSSTCoeffs
{
    alphaK1         0.85034;
    alphaK2         1;
    alphaOmega1     0.5;
    alphaOmega2     0.85616;
    gamma1          0.5532;
    gamma2          0.4403;
    beta1           0.075;
    beta2           0.0828;
    betaStar        0.09;
    a1              0.31;
    c1              10;
    Cmu             0.09;
    b1              1;
    F3              false;
}

Reading/calculating face velocity Uf

No finite volume options present

Courant Number mean: 0.27556 max: 0.612

Starting time loop

Courant Number mean: 0.27556 max: 0.612
Time = 0.456

GAMG:  Solving for cellDisplacementx, Initial residual = 0, Final residual = 0, No Iterations 0
GAMG:  Solving for cellDisplacementy, Initial residual = 0, Final residual = 0, No Iterations 0
GAMG:  Solving for cellDisplacementz, Initial residual = 0, Final residual = 0, No Iterations 0
PIMPLE: iteration 1
DILUPBiCG:  Solving for Ux, Initial residual = 0.0116353, Final residual = 4.24556e-05, No Iterations 1
DILUPBiCG:  Solving for Uy, Initial residual = 0.00191306, Final residual = 4.9487e-06, No Iterations 1
DILUPBiCG:  Solving for Uz, Initial residual = 0.0150288, Final residual = 3.68623e-05, No Iterations 1
GAMG:  Solving for p, Initial residual = 0.195194, Final residual = 0.00158755, No Iterations 6
GAMG:  Solving for p, Initial residual = 0.0280246, Final residual = 0.00024159, No Iterations 16
GAMG:  Solving for p, Initial residual = 0.0111002, Final residual = 9.16943e-05, No Iterations 12
time step continuity errors : sum local = 4.85614e-07, global = 1.45703e-07, cumulative = 1.45703e-07
GAMG:  Solving for p, Initial residual = 0.0773803, Final residual = 0.000494385, No Iterations 6
GAMG:  Solving for p, Initial residual = 0.0138268, Final residual = 0.000134129, No Iterations 12
GAMG:  Solving for p, Initial residual = 0.0056776, Final residual = 5.21355e-05, No Iterations 12
time step continuity errors : sum local = 2.74213e-07, global = 8.16809e-08, cumulative = 2.27383e-07
PIMPLE: iteration 2
DILUPBiCG:  Solving for Ux, Initial residual = 0.00399898, Final residual = 2.33103e-05, No Iterations 1
DILUPBiCG:  Solving for Uy, Initial residual = 0.000678085, Final residual = 3.11085e-06, No Iterations 1
DILUPBiCG:  Solving for Uz, Initial residual = 0.00419356, Final residual = 1.17373e-05, No Iterations 1
GAMG:  Solving for p, Initial residual = 0.0799016, Final residual = 0.000320103, No Iterations 4
GAMG:  Solving for p, Initial residual = 0.0143645, Final residual = 0.000124101, No Iterations 5
GAMG:  Solving for p, Initial residual = 0.00617324, Final residual = 4.95975e-05, No Iterations 6
time step continuity errors : sum local = 2.26261e-07, global = 5.83545e-08, cumulative = 2.85738e-07
GAMG:  Solving for p, Initial residual = 0.0394219, Final residual = 0.000330843, No Iterations 3
GAMG:  Solving for p, Initial residual = 0.00697832, Final residual = 5.81951e-05, No Iterations 4
GAMG:  Solving for p, Initial residual = 0.00316621, Final residual = 2.52031e-05, No Iterations 4
time step continuity errors : sum local = 1.15228e-07, global = -8.88453e-09, cumulative = 2.76853e-07
PIMPLE: iteration 3
DILUPBiCG:  Solving for Ux, Initial residual = 0.00125031, Final residual = 2.56945e-07, No Iterations 2
DILUPBiCG:  Solving for Uy, Initial residual = 0.000209815, Final residual = 4.17146e-06, No Iterations 1
DILUPBiCG:  Solving for Uz, Initial residual = 0.00267624, Final residual = 6.34848e-07, No Iterations 2
GAMG:  Solving for p, Initial residual = 0.0540182, Final residual = 0.000383957, No Iterations 4
GAMG:  Solving for p, Initial residual = 0.0128576, Final residual = 0.000125049, No Iterations 10
GAMG:  Solving for p, Initial residual = 0.00591677, Final residual = 5.32224e-05, No Iterations 10
time step continuity errors : sum local = 2.62799e-07, global = -6.82717e-08, cumulative = 2.08582e-07
GAMG:  Solving for p, Initial residual = 0.00414964, Final residual = 4.07574e-05, No Iterations 10
GAMG:  Solving for p, Initial residual = 0.00223602, Final residual = 1.90724e-05, No Iterations 7
GAMG:  Solving for p, Initial residual = 0.000824291, Final residual = 9.82193e-07, No Iterations 36
time step continuity errors : sum local = 4.82759e-09, global = 1.42527e-09, cumulative = 2.10007e-07
DILUPBiCG:  Solving for omega, Initial residual = 0.000823777, Final residual = 1.2567e-06, No Iterations 1
DILUPBiCG:  Solving for k, Initial residual = 0.00466372, Final residual = 1.04986e-06, No Iterations 2
ExecutionTime = 16.72 s  ClockTime = 16 s

Courant Number mean: 0.273623 max: 0.607911
Time = 0.457

GAMG:  Solving for cellDisplacementx, Initial residual = 0, Final residual = 0, No Iterations 0
GAMG:  Solving for cellDisplacementy, Initial residual = 0, Final residual = 0, No Iterations 0
GAMG:  Solving for cellDisplacementz, Initial residual = 0, Final residual = 0, No Iterations 0
PIMPLE: iteration 1
DILUPBiCG:  Solving for Ux, Initial residual = 0.0142808, Final residual = 5.32709e-05, No Iterations 1
DILUPBiCG:  Solving for Uy, Initial residual = 0.00230422, Final residual = 5.63268e-06, No Iterations 1
DILUPBiCG:  Solving for Uz, Initial residual = 0.0138156, Final residual = 3.40127e-05, No Iterations 1
GAMG:  Solving for p, Initial residual = 0.147556, Final residual = 0.0013541, No Iterations 8
GAMG:  Solving for p, Initial residual = 0.0206892, Final residual = 0.000196532, No Iterations 16
GAMG:  Solving for p, Initial residual = 0.00798708, Final residual = 7.8217e-05, No Iterations 12
time step continuity errors : sum local = 4.69867e-07, global = 1.40895e-07, cumulative = 3.50902e-07
GAMG:  Solving for p, Initial residual = 0.0582091, Final residual = 0.000479857, No Iterations 6
GAMG:  Solving for p, Initial residual = 0.0100726, Final residual = 9.3504e-05, No Iterations 16
GAMG:  Solving for p, Initial residual = 0.0041955, Final residual = 3.45276e-05, No Iterations 12
time step continuity errors : sum local = 2.06089e-07, global = 6.0833e-08, cumulative = 4.11735e-07
PIMPLE: iteration 2
DILUPBiCG:  Solving for Ux, Initial residual = 0.00478357, Final residual = 2.24478e-05, No Iterations 1
DILUPBiCG:  Solving for Uy, Initial residual = 0.000805475, Final residual = 3.20676e-06, No Iterations 1
DILUPBiCG:  Solving for Uz, Initial residual = 0.00405016, Final residual = 1.12134e-05, No Iterations 1
GAMG:  Solving for p, Initial residual = 0.0594677, Final residual = 0.000281946, No Iterations 4
GAMG:  Solving for p, Initial residual = 0.0102728, Final residual = 9.96815e-05, No Iterations 12
GAMG:  Solving for p, Initial residual = 0.00486632, Final residual = 4.38663e-05, No Iterations 8
time step continuity errors : sum local = 2.24952e-07, global = -8.31234e-08, cumulative = 3.28612e-07
GAMG:  Solving for p, Initial residual = 0.0295474, Final residual = 0.000285431, No Iterations 3
GAMG:  Solving for p, Initial residual = 0.00493635, Final residual = 3.97379e-05, No Iterations 6
GAMG:  Solving for p, Initial residual = 0.0023444, Final residual = 2.14887e-05, No Iterations 4
time step continuity errors : sum local = 1.10556e-07, global = 3.78776e-08, cumulative = 3.66489e-07
PIMPLE: iteration 3
DILUPBiCG:  Solving for Ux, Initial residual = 0.00143833, Final residual = 2.87895e-07, No Iterations 2
DILUPBiCG:  Solving for Uy, Initial residual = 0.000239666, Final residual = 4.8207e-06, No Iterations 1
DILUPBiCG:  Solving for Uz, Initial residual = 0.00312914, Final residual = 6.68833e-07, No Iterations 2
GAMG:  Solving for p, Initial residual = 0.0467497, Final residual = 0.000422712, No Iterations 4
GAMG:  Solving for p, Initial residual = 0.0112837, Final residual = 0.000110673, No Iterations 12
GAMG:  Solving for p, Initial residual = 0.00523847, Final residual = 4.46158e-05, No Iterations 10
time step continuity errors : sum local = 2.49853e-07, global = -6.4598e-08, cumulative = 3.01891e-07
GAMG:  Solving for p, Initial residual = 0.00356338, Final residual = 2.56595e-05, No Iterations 8
GAMG:  Solving for p, Initial residual = 0.00203294, Final residual = 1.50255e-05, No Iterations 5
GAMG:  Solving for p, Initial residual = 0.000733121, Final residual = 9.54147e-07, No Iterations 34
time step continuity errors : sum local = 5.32577e-09, global = 1.56883e-09, cumulative = 3.0346e-07
DILUPBiCG:  Solving for omega, Initial residual = 0.00077866, Final residual = 1.22142e-06, No Iterations 1
DILUPBiCG:  Solving for k, Initial residual = 0.00471547, Final residual = 9.90109e-07, No Iterations 2
ExecutionTime = 31.32 s  ClockTime = 31 s

End

