/*---------------------------------------------------------------------------*\
| =========                 |                                                 |
| \\      /  F ield         | OpenFOAM: The Open Source CFD Toolbox           |
|  \\    /   O peration     | Version:  2.3.1                                 |
|   \\  /    A nd           | Web:      www.OpenFOAM.org                      |
|    \\/     M anipulation  |                                                 |
\*---------------------------------------------------------------------------*/
Build  : 2.3.1-262087cdf8db
Exec   : pimpleDyMFoam
Date   : Jun 06 2023
Time   : 02:40:43
Host   : "jcosson-VirtualBox"
PID    : 6168
Case   : /home/jcosson/workspace/henersj_shootingdata/calcs/moderate_deformed/primal/100_intervals_05-06-23/sweep70/interval79
nProcs : 1
sigFpe : Enabling floating point exception trapping (FOAM_SIGFPE).
fileModificationChecking : Monitoring run-time modified files using timeStampMaster
allowSystemOperations : Allowing user-supplied system call operations

// * * * * * * * * * * * * * * * * * * * * * * * * * * * * * * * * * * * * * //
Create time

Create mesh for time = 0.478

Selecting dynamicFvMesh dynamicMotionSolverFvMesh
Selecting motion solver: displacementLaplacian
Selecting motion diffusion: quadratic
Selecting motion diffusion: quadratic
Selecting motion diffusion: inverseDistance

PIMPLE: no residual control data found. Calculations will employ 3 corrector loops

Reading field p

Reading field U

Reading/calculating face flux field phi

Selecting incompressible transport model Newtonian
Selecting turbulence model type RASModel
Selecting RAS turbulence model kOmegaSST
bounding k, min: 0 max: 0.000700171 average: 0.00015955
kOmegaSSTCoeffs
{
    alphaK1         0.85034;
    alphaK2         1;
    alphaOmega1     0.5;
    alphaOmega2     0.85616;
    gamma1          0.5532;
    gamma2          0.4403;
    beta1           0.075;
    beta2           0.0828;
    betaStar        0.09;
    a1              0.31;
    c1              10;
    Cmu             0.09;
    b1              1;
    F3              false;
}

Reading/calculating face velocity Uf

No finite volume options present

Courant Number mean: 0.171978 max: 0.379129

Starting time loop

Courant Number mean: 0.171978 max: 0.379129
Time = 0.479

GAMG:  Solving for cellDisplacementx, Initial residual = 0, Final residual = 0, No Iterations 0
GAMG:  Solving for cellDisplacementy, Initial residual = 0, Final residual = 0, No Iterations 0
GAMG:  Solving for cellDisplacementz, Initial residual = 0, Final residual = 0, No Iterations 0
PIMPLE: iteration 1
DILUPBiCG:  Solving for Ux, Initial residual = 0.0627688, Final residual = 0.000254127, No Iterations 1
DILUPBiCG:  Solving for Uy, Initial residual = 0.0108868, Final residual = 2.42368e-05, No Iterations 1
DILUPBiCG:  Solving for Uz, Initial residual = 0.0107719, Final residual = 2.07668e-05, No Iterations 1
GAMG:  Solving for p, Initial residual = 0.120767, Final residual = 0.000822336, No Iterations 6
GAMG:  Solving for p, Initial residual = 0.0141848, Final residual = 0.000128731, No Iterations 18
GAMG:  Solving for p, Initial residual = 0.00633398, Final residual = 6.30638e-05, No Iterations 10
time step continuity errors : sum local = 9.71792e-07, global = 2.6437e-07, cumulative = 2.6437e-07
GAMG:  Solving for p, Initial residual = 0.0523192, Final residual = 0.000470797, No Iterations 4
GAMG:  Solving for p, Initial residual = 0.00720381, Final residual = 6.47986e-05, No Iterations 18
GAMG:  Solving for p, Initial residual = 0.00337653, Final residual = 3.2114e-05, No Iterations 10
time step continuity errors : sum local = 4.95903e-07, global = 1.33918e-07, cumulative = 3.98287e-07
PIMPLE: iteration 2
DILUPBiCG:  Solving for Ux, Initial residual = 0.0174447, Final residual = 0.000106221, No Iterations 1
DILUPBiCG:  Solving for Uy, Initial residual = 0.00318905, Final residual = 7.00297e-06, No Iterations 1
DILUPBiCG:  Solving for Uz, Initial residual = 0.0032318, Final residual = 1.18419e-05, No Iterations 1
GAMG:  Solving for p, Initial residual = 0.0521062, Final residual = 0.000475383, No Iterations 4
GAMG:  Solving for p, Initial residual = 0.00877338, Final residual = 8.34691e-05, No Iterations 16
GAMG:  Solving for p, Initial residual = 0.00388804, Final residual = 3.5389e-05, No Iterations 10
time step continuity errors : sum local = 4.69953e-07, global = -1.2379e-07, cumulative = 2.74498e-07
GAMG:  Solving for p, Initial residual = 0.026941, Final residual = 0.000212025, No Iterations 4
GAMG:  Solving for p, Initial residual = 0.00442324, Final residual = 3.93782e-05, No Iterations 14
GAMG:  Solving for p, Initial residual = 0.0018349, Final residual = 1.72776e-05, No Iterations 10
time step continuity errors : sum local = 2.30529e-07, global = -5.99759e-08, cumulative = 2.14522e-07
PIMPLE: iteration 3
DILUPBiCG:  Solving for Ux, Initial residual = 0.00408421, Final residual = 2.74015e-06, No Iterations 2
DILUPBiCG:  Solving for Uy, Initial residual = 0.000752924, Final residual = 5.79915e-06, No Iterations 1
DILUPBiCG:  Solving for Uz, Initial residual = 0.00679533, Final residual = 3.99622e-06, No Iterations 2
GAMG:  Solving for p, Initial residual = 0.0411069, Final residual = 0.000345284, No Iterations 5
GAMG:  Solving for p, Initial residual = 0.00946445, Final residual = 9.05241e-05, No Iterations 5
GAMG:  Solving for p, Initial residual = 0.00433967, Final residual = 4.0973e-05, No Iterations 10
time step continuity errors : sum local = 6.1135e-07, global = -1.5678e-07, cumulative = 5.77421e-08
GAMG:  Solving for p, Initial residual = 0.00237616, Final residual = 2.32164e-05, No Iterations 14
GAMG:  Solving for p, Initial residual = 0.00129393, Final residual = 1.17621e-05, No Iterations 4
GAMG:  Solving for p, Initial residual = 0.000529146, Final residual = 8.59313e-07, No Iterations 32
time step continuity errors : sum local = 1.27312e-08, global = 3.75422e-09, cumulative = 6.14963e-08
DILUPBiCG:  Solving for omega, Initial residual = 0.000748622, Final residual = 6.75957e-07, No Iterations 1
DILUPBiCG:  Solving for k, Initial residual = 0.00403834, Final residual = 1.23349e-06, No Iterations 2
bounding k, min: 0 max: 0.000692395 average: 0.000158502
ExecutionTime = 18.11 s  ClockTime = 18 s

End

