/*---------------------------------------------------------------------------*\
| =========                 |                                                 |
| \\      /  F ield         | OpenFOAM: The Open Source CFD Toolbox           |
|  \\    /   O peration     | Version:  2.3.1                                 |
|   \\  /    A nd           | Web:      www.OpenFOAM.org                      |
|    \\/     M anipulation  |                                                 |
\*---------------------------------------------------------------------------*/
Build  : 2.3.1-262087cdf8db
Exec   : pimpleDyMFoam
Date   : Jun 06 2023
Time   : 02:41:17
Host   : "jcosson-VirtualBox"
PID    : 6210
Case   : /home/jcosson/workspace/henersj_shootingdata/calcs/moderate_deformed/primal/100_intervals_05-06-23/sweep70/interval100
nProcs : 1
sigFpe : Enabling floating point exception trapping (FOAM_SIGFPE).
fileModificationChecking : Monitoring run-time modified files using timeStampMaster
allowSystemOperations : Allowing user-supplied system call operations

// * * * * * * * * * * * * * * * * * * * * * * * * * * * * * * * * * * * * * //
Create time

Create mesh for time = 0.499

Selecting dynamicFvMesh dynamicMotionSolverFvMesh
Selecting motion solver: displacementLaplacian
Selecting motion diffusion: quadratic
Selecting motion diffusion: quadratic
Selecting motion diffusion: inverseDistance

PIMPLE: no residual control data found. Calculations will employ 3 corrector loops

Reading field p

Reading field U

Reading/calculating face flux field phi

Selecting incompressible transport model Newtonian
Selecting turbulence model type RASModel
Selecting RAS turbulence model kOmegaSST
bounding k, min: 0 max: 0.000498794 average: 0.0001435
kOmegaSSTCoeffs
{
    alphaK1         0.85034;
    alphaK2         1;
    alphaOmega1     0.5;
    alphaOmega2     0.85616;
    gamma1          0.5532;
    gamma2          0.4403;
    beta1           0.075;
    beta2           0.0828;
    betaStar        0.09;
    a1              0.31;
    c1              10;
    Cmu             0.09;
    b1              1;
    F3              false;
}

Reading/calculating face velocity Uf

No finite volume options present

Courant Number mean: 0.098778 max: 0.217658

Starting time loop

Courant Number mean: 0.098778 max: 0.217658
Time = 0.5

GAMG:  Solving for cellDisplacementx, Initial residual = 0, Final residual = 0, No Iterations 0
GAMG:  Solving for cellDisplacementy, Initial residual = 0, Final residual = 0, No Iterations 0
GAMG:  Solving for cellDisplacementz, Initial residual = 0, Final residual = 0, No Iterations 0
PIMPLE: iteration 1
DILUPBiCG:  Solving for Ux, Initial residual = 0.00912577, Final residual = 3.63918e-05, No Iterations 1
DILUPBiCG:  Solving for Uy, Initial residual = 0.0021212, Final residual = 4.24765e-06, No Iterations 1
DILUPBiCG:  Solving for Uz, Initial residual = 0.00905422, Final residual = 1.89278e-05, No Iterations 1
GAMG:  Solving for p, Initial residual = 0.0887986, Final residual = 0.000878546, No Iterations 5
GAMG:  Solving for p, Initial residual = 0.0465426, Final residual = 0.00042683, No Iterations 5
GAMG:  Solving for p, Initial residual = 0.00817368, Final residual = 7.63638e-05, No Iterations 21
time step continuity errors : sum local = 1.39208e-07, global = -4.02297e-08, cumulative = -4.02297e-08
GAMG:  Solving for p, Initial residual = 0.0485813, Final residual = 0.000398548, No Iterations 5
GAMG:  Solving for p, Initial residual = 0.0229868, Final residual = 0.000159073, No Iterations 4
GAMG:  Solving for p, Initial residual = 0.00419746, Final residual = 3.45615e-05, No Iterations 12
time step continuity errors : sum local = 6.27562e-08, global = -1.83234e-08, cumulative = -5.8553e-08
PIMPLE: iteration 2
DILUPBiCG:  Solving for Ux, Initial residual = 0.00150966, Final residual = 2.54369e-05, No Iterations 1
DILUPBiCG:  Solving for Uy, Initial residual = 0.000377016, Final residual = 4.38536e-06, No Iterations 1
DILUPBiCG:  Solving for Uz, Initial residual = 0.0029263, Final residual = 0.000130898, No Iterations 1
GAMG:  Solving for p, Initial residual = 0.0464135, Final residual = 0.000451979, No Iterations 9
GAMG:  Solving for p, Initial residual = 0.0343359, Final residual = 0.000330153, No Iterations 7
GAMG:  Solving for p, Initial residual = 0.00672847, Final residual = 6.06767e-05, No Iterations 21
time step continuity errors : sum local = 9.91842e-08, global = -2.84673e-08, cumulative = -8.70204e-08
GAMG:  Solving for p, Initial residual = 0.0256581, Final residual = 0.000208675, No Iterations 9
GAMG:  Solving for p, Initial residual = 0.0164691, Final residual = 0.000157158, No Iterations 6
GAMG:  Solving for p, Initial residual = 0.00319911, Final residual = 3.03024e-05, No Iterations 20
time step continuity errors : sum local = 4.93603e-08, global = -1.39819e-08, cumulative = -1.01002e-07
PIMPLE: iteration 3
DILUPBiCG:  Solving for Ux, Initial residual = 0.000190836, Final residual = 1.93696e-06, No Iterations 1
DILUPBiCG:  Solving for Uy, Initial residual = 7.05699e-05, Final residual = 9.01334e-07, No Iterations 1
DILUPBiCG:  Solving for Uz, Initial residual = 0.00116501, Final residual = 7.33046e-06, No Iterations 1
GAMG:  Solving for p, Initial residual = 0.115667, Final residual = 0.00101645, No Iterations 3
GAMG:  Solving for p, Initial residual = 0.0162795, Final residual = 0.000154996, No Iterations 20
GAMG:  Solving for p, Initial residual = 0.0176621, Final residual = 0.000171984, No Iterations 4
time step continuity errors : sum local = 2.79353e-07, global = -4.38569e-08, cumulative = -1.44859e-07
GAMG:  Solving for p, Initial residual = 0.00468009, Final residual = 3.70783e-05, No Iterations 8
GAMG:  Solving for p, Initial residual = 0.00235065, Final residual = 1.81936e-05, No Iterations 6
GAMG:  Solving for p, Initial residual = 0.000783954, Final residual = 9.89519e-07, No Iterations 23
time step continuity errors : sum local = 1.57103e-09, global = 5.63223e-10, cumulative = -1.44296e-07
DILUPBiCG:  Solving for omega, Initial residual = 0.00128768, Final residual = 6.62443e-07, No Iterations 1
DILUPBiCG:  Solving for k, Initial residual = 0.00301643, Final residual = 8.0932e-07, No Iterations 2
bounding k, min: 0 max: 0.000492055 average: 0.000142916
ExecutionTime = 5.13 s  ClockTime = 5 s

End

