/*---------------------------------------------------------------------------*\
| =========                 |                                                 |
| \\      /  F ield         | OpenFOAM: The Open Source CFD Toolbox           |
|  \\    /   O peration     | Version:  2.3.1                                 |
|   \\  /    A nd           | Web:      www.OpenFOAM.org                      |
|    \\/     M anipulation  |                                                 |
\*---------------------------------------------------------------------------*/
Build  : 2.3.1-262087cdf8db
Exec   : pimpleDyMFoam
Date   : Jun 06 2023
Time   : 02:40:43
Host   : "jcosson-VirtualBox"
PID    : 6169
Case   : /home/jcosson/workspace/henersj_shootingdata/calcs/moderate_deformed/primal/100_intervals_05-06-23/sweep70/interval76
nProcs : 1
sigFpe : Enabling floating point exception trapping (FOAM_SIGFPE).
fileModificationChecking : Monitoring run-time modified files using timeStampMaster
allowSystemOperations : Allowing user-supplied system call operations

// * * * * * * * * * * * * * * * * * * * * * * * * * * * * * * * * * * * * * //
Create time

Create mesh for time = 0.475

Selecting dynamicFvMesh dynamicMotionSolverFvMesh
Selecting motion solver: displacementLaplacian
Selecting motion diffusion: quadratic
Selecting motion diffusion: quadratic
Selecting motion diffusion: inverseDistance

PIMPLE: no residual control data found. Calculations will employ 3 corrector loops

Reading field p

Reading field U

Reading/calculating face flux field phi

Selecting incompressible transport model Newtonian
Selecting turbulence model type RASModel
Selecting RAS turbulence model kOmegaSST
kOmegaSSTCoeffs
{
    alphaK1         0.85034;
    alphaK2         1;
    alphaOmega1     0.5;
    alphaOmega2     0.85616;
    gamma1          0.5532;
    gamma2          0.4403;
    beta1           0.075;
    beta2           0.0828;
    betaStar        0.09;
    a1              0.31;
    c1              10;
    Cmu             0.09;
    b1              1;
    F3              false;
}

Reading/calculating face velocity Uf

No finite volume options present

Courant Number mean: 0.188991 max: 0.418073

Starting time loop

Courant Number mean: 0.188991 max: 0.418073
Time = 0.476

GAMG:  Solving for cellDisplacementx, Initial residual = 0, Final residual = 0, No Iterations 0
GAMG:  Solving for cellDisplacementy, Initial residual = 0, Final residual = 0, No Iterations 0
GAMG:  Solving for cellDisplacementz, Initial residual = 0, Final residual = 0, No Iterations 0
PIMPLE: iteration 1
DILUPBiCG:  Solving for Ux, Initial residual = 0.0588513, Final residual = 0.000240144, No Iterations 1
DILUPBiCG:  Solving for Uy, Initial residual = 0.00994517, Final residual = 2.26359e-05, No Iterations 1
DILUPBiCG:  Solving for Uz, Initial residual = 0.0115207, Final residual = 2.37139e-05, No Iterations 1
GAMG:  Solving for p, Initial residual = 0.123251, Final residual = 0.000893385, No Iterations 6
GAMG:  Solving for p, Initial residual = 0.0143096, Final residual = 0.000135816, No Iterations 18
GAMG:  Solving for p, Initial residual = 0.00631329, Final residual = 5.43357e-05, No Iterations 12
time step continuity errors : sum local = 8.36487e-07, global = 2.52011e-07, cumulative = 2.52011e-07
GAMG:  Solving for p, Initial residual = 0.0528777, Final residual = 0.000504133, No Iterations 4
GAMG:  Solving for p, Initial residual = 0.00726152, Final residual = 6.80133e-05, No Iterations 18
GAMG:  Solving for p, Initial residual = 0.00337516, Final residual = 3.34165e-05, No Iterations 10
time step continuity errors : sum local = 5.14997e-07, global = 1.38773e-07, cumulative = 3.90784e-07
PIMPLE: iteration 2
DILUPBiCG:  Solving for Ux, Initial residual = 0.0166748, Final residual = 9.9279e-05, No Iterations 1
DILUPBiCG:  Solving for Uy, Initial residual = 0.00297115, Final residual = 6.6563e-06, No Iterations 1
DILUPBiCG:  Solving for Uz, Initial residual = 0.00339196, Final residual = 1.19387e-05, No Iterations 1
GAMG:  Solving for p, Initial residual = 0.0528964, Final residual = 0.000474455, No Iterations 4
GAMG:  Solving for p, Initial residual = 0.00872561, Final residual = 8.41812e-05, No Iterations 16
GAMG:  Solving for p, Initial residual = 0.00390862, Final residual = 3.54456e-05, No Iterations 10
time step continuity errors : sum local = 4.67893e-07, global = -1.24793e-07, cumulative = 2.65991e-07
GAMG:  Solving for p, Initial residual = 0.0272784, Final residual = 0.00020894, No Iterations 4
GAMG:  Solving for p, Initial residual = 0.00435445, Final residual = 3.92917e-05, No Iterations 14
GAMG:  Solving for p, Initial residual = 0.00183917, Final residual = 1.71726e-05, No Iterations 10
time step continuity errors : sum local = 2.27829e-07, global = -5.94442e-08, cumulative = 2.06547e-07
PIMPLE: iteration 3
DILUPBiCG:  Solving for Ux, Initial residual = 0.00399621, Final residual = 2.34916e-06, No Iterations 2
DILUPBiCG:  Solving for Uy, Initial residual = 0.000715207, Final residual = 6.21751e-06, No Iterations 1
DILUPBiCG:  Solving for Uz, Initial residual = 0.007108, Final residual = 3.58508e-06, No Iterations 2
GAMG:  Solving for p, Initial residual = 0.0406295, Final residual = 0.000361555, No Iterations 5
GAMG:  Solving for p, Initial residual = 0.00930565, Final residual = 7.89054e-05, No Iterations 9
GAMG:  Solving for p, Initial residual = 0.00433871, Final residual = 3.5009e-05, No Iterations 10
time step continuity errors : sum local = 5.18766e-07, global = -1.33117e-07, cumulative = 7.34304e-08
GAMG:  Solving for p, Initial residual = 0.00239304, Final residual = 2.22744e-05, No Iterations 18
GAMG:  Solving for p, Initial residual = 0.0013162, Final residual = 1.20192e-05, No Iterations 4
GAMG:  Solving for p, Initial residual = 0.000532529, Final residual = 9.07047e-07, No Iterations 34
time step continuity errors : sum local = 1.33702e-08, global = 3.9237e-09, cumulative = 7.73541e-08
DILUPBiCG:  Solving for omega, Initial residual = 0.00063373, Final residual = 6.31727e-07, No Iterations 1
DILUPBiCG:  Solving for k, Initial residual = 0.00423755, Final residual = 1.44217e-06, No Iterations 2
ExecutionTime = 18.21 s  ClockTime = 18 s

End

