/*---------------------------------------------------------------------------*\
| =========                 |                                                 |
| \\      /  F ield         | OpenFOAM: The Open Source CFD Toolbox           |
|  \\    /   O peration     | Version:  2.3.1                                 |
|   \\  /    A nd           | Web:      www.OpenFOAM.org                      |
|    \\/     M anipulation  |                                                 |
\*---------------------------------------------------------------------------*/
Build  : 2.3.1-262087cdf8db
Exec   : pimpleDyMFoam
Date   : Jun 05 2023
Time   : 18:52:09
Host   : "jcosson-VirtualBox"
PID    : 25629
Case   : /home/jcosson/workspace/henersj_shootingdata/calcs/moderate_deformed/primal/56_intervals_05-06-23/sweep23/interval46
nProcs : 1
sigFpe : Enabling floating point exception trapping (FOAM_SIGFPE).
fileModificationChecking : Monitoring run-time modified files using timeStampMaster
allowSystemOperations : Allowing user-supplied system call operations

// * * * * * * * * * * * * * * * * * * * * * * * * * * * * * * * * * * * * * //
Create time

Create mesh for time = 0.48

Selecting dynamicFvMesh dynamicMotionSolverFvMesh
Selecting motion solver: displacementLaplacian
Selecting motion diffusion: quadratic
Selecting motion diffusion: quadratic
Selecting motion diffusion: inverseDistance

PIMPLE: no residual control data found. Calculations will employ 3 corrector loops

Reading field p

Reading field U

Reading/calculating face flux field phi

Selecting incompressible transport model Newtonian
Selecting turbulence model type RASModel
Selecting RAS turbulence model kOmegaSST
bounding k, min: 0 max: 0.000741473 average: 0.00016122
kOmegaSSTCoeffs
{
    alphaK1         0.85034;
    alphaK2         1;
    alphaOmega1     0.5;
    alphaOmega2     0.85616;
    gamma1          0.5532;
    gamma2          0.4403;
    beta1           0.075;
    beta2           0.0828;
    betaStar        0.09;
    a1              0.31;
    c1              10;
    Cmu             0.09;
    b1              1;
    F3              false;
}

Reading/calculating face velocity Uf

No finite volume options present

Courant Number mean: 0.161237 max: 0.357294

Starting time loop

Courant Number mean: 0.161237 max: 0.357294
Time = 0.481

GAMG:  Solving for cellDisplacementx, Initial residual = 0, Final residual = 0, No Iterations 0
GAMG:  Solving for cellDisplacementy, Initial residual = 0, Final residual = 0, No Iterations 0
GAMG:  Solving for cellDisplacementz, Initial residual = 0, Final residual = 0, No Iterations 0
PIMPLE: iteration 1
DILUPBiCG:  Solving for Ux, Initial residual = 0.0640267, Final residual = 0.00025039, No Iterations 1
DILUPBiCG:  Solving for Uy, Initial residual = 0.0113815, Final residual = 2.41279e-05, No Iterations 1
DILUPBiCG:  Solving for Uz, Initial residual = 0.0106176, Final residual = 1.78564e-05, No Iterations 1
GAMG:  Solving for p, Initial residual = 0.120137, Final residual = 0.0011417, No Iterations 4
GAMG:  Solving for p, Initial residual = 0.0146788, Final residual = 0.000129046, No Iterations 20
GAMG:  Solving for p, Initial residual = 0.00679971, Final residual = 5.92432e-05, No Iterations 10
time step continuity errors : sum local = 8.92992e-07, global = 2.38047e-07, cumulative = 2.38047e-07
GAMG:  Solving for p, Initial residual = 0.0523164, Final residual = 0.000443677, No Iterations 4
GAMG:  Solving for p, Initial residual = 0.00734972, Final residual = 7.29627e-05, No Iterations 16
GAMG:  Solving for p, Initial residual = 0.00344615, Final residual = 2.93641e-05, No Iterations 12
time step continuity errors : sum local = 4.43511e-07, global = 1.3261e-07, cumulative = 3.70657e-07
PIMPLE: iteration 2
DILUPBiCG:  Solving for Ux, Initial residual = 0.017546, Final residual = 0.00010422, No Iterations 1
DILUPBiCG:  Solving for Uy, Initial residual = 0.00328093, Final residual = 6.86368e-06, No Iterations 1
DILUPBiCG:  Solving for Uz, Initial residual = 0.00281921, Final residual = 1.072e-05, No Iterations 1
GAMG:  Solving for p, Initial residual = 0.0519564, Final residual = 0.000475436, No Iterations 4
GAMG:  Solving for p, Initial residual = 0.00905419, Final residual = 8.44285e-05, No Iterations 16
GAMG:  Solving for p, Initial residual = 0.00399305, Final residual = 3.52476e-05, No Iterations 10
time step continuity errors : sum local = 4.59188e-07, global = -1.19254e-07, cumulative = 2.51403e-07
GAMG:  Solving for p, Initial residual = 0.0269211, Final residual = 0.000213942, No Iterations 4
GAMG:  Solving for p, Initial residual = 0.00458365, Final residual = 4.04417e-05, No Iterations 14
GAMG:  Solving for p, Initial residual = 0.00188417, Final residual = 1.73719e-05, No Iterations 10
time step continuity errors : sum local = 2.2733e-07, global = -5.78805e-08, cumulative = 1.93523e-07
PIMPLE: iteration 3
DILUPBiCG:  Solving for Ux, Initial residual = 0.00403947, Final residual = 3.02826e-06, No Iterations 2
DILUPBiCG:  Solving for Uy, Initial residual = 0.000770397, Final residual = 5.44711e-06, No Iterations 1
DILUPBiCG:  Solving for Uz, Initial residual = 0.00618718, Final residual = 3.59198e-06, No Iterations 2
GAMG:  Solving for p, Initial residual = 0.0415824, Final residual = 0.000357442, No Iterations 5
GAMG:  Solving for p, Initial residual = 0.00951864, Final residual = 8.23463e-05, No Iterations 12
GAMG:  Solving for p, Initial residual = 0.0045363, Final residual = 3.88813e-05, No Iterations 10
time step continuity errors : sum local = 5.6889e-07, global = -1.47274e-07, cumulative = 4.62486e-08
GAMG:  Solving for p, Initial residual = 0.00239549, Final residual = 2.3073e-05, No Iterations 14
GAMG:  Solving for p, Initial residual = 0.0012943, Final residual = 1.18178e-05, No Iterations 4
GAMG:  Solving for p, Initial residual = 0.000529971, Final residual = 9.7677e-07, No Iterations 30
time step continuity errors : sum local = 1.41804e-08, global = 4.22348e-09, cumulative = 5.04721e-08
DILUPBiCG:  Solving for omega, Initial residual = 0.000872977, Final residual = 7.404e-07, No Iterations 1
DILUPBiCG:  Solving for k, Initial residual = 0.00399781, Final residual = 7.32205e-07, No Iterations 2
bounding k, min: 0 max: 0.000730863 average: 0.000160132
ExecutionTime = 17.64 s  ClockTime = 18 s

Courant Number mean: 0.155887 max: 0.345986
Time = 0.482

GAMG:  Solving for cellDisplacementx, Initial residual = 0, Final residual = 0, No Iterations 0
GAMG:  Solving for cellDisplacementy, Initial residual = 0, Final residual = 0, No Iterations 0
GAMG:  Solving for cellDisplacementz, Initial residual = 0, Final residual = 0, No Iterations 0
PIMPLE: iteration 1
DILUPBiCG:  Solving for Ux, Initial residual = 0.0643896, Final residual = 0.000249899, No Iterations 1
DILUPBiCG:  Solving for Uy, Initial residual = 0.0115686, Final residual = 2.4281e-05, No Iterations 1
DILUPBiCG:  Solving for Uz, Initial residual = 0.00935297, Final residual = 1.58191e-05, No Iterations 1
GAMG:  Solving for p, Initial residual = 0.111423, Final residual = 0.000749306, No Iterations 6
GAMG:  Solving for p, Initial residual = 0.0126822, Final residual = 0.000121816, No Iterations 18
GAMG:  Solving for p, Initial residual = 0.00587138, Final residual = 4.83453e-05, No Iterations 12
time step continuity errors : sum local = 7.17372e-07, global = 2.14204e-07, cumulative = 2.64676e-07
GAMG:  Solving for p, Initial residual = 0.048677, Final residual = 0.000439404, No Iterations 4
GAMG:  Solving for p, Initial residual = 0.00642444, Final residual = 6.20759e-05, No Iterations 18
GAMG:  Solving for p, Initial residual = 0.0031131, Final residual = 3.04615e-05, No Iterations 10
time step continuity errors : sum local = 4.53297e-07, global = 1.1985e-07, cumulative = 3.84526e-07
PIMPLE: iteration 2
DILUPBiCG:  Solving for Ux, Initial residual = 0.0175186, Final residual = 0.000103562, No Iterations 1
DILUPBiCG:  Solving for Uy, Initial residual = 0.00330995, Final residual = 6.85678e-06, No Iterations 1
DILUPBiCG:  Solving for Uz, Initial residual = 0.00278799, Final residual = 1.04543e-05, No Iterations 1
GAMG:  Solving for p, Initial residual = 0.0476773, Final residual = 0.00030331, No Iterations 6
GAMG:  Solving for p, Initial residual = 0.00800604, Final residual = 7.49657e-05, No Iterations 16
GAMG:  Solving for p, Initial residual = 0.00329471, Final residual = 3.14571e-05, No Iterations 10
time step continuity errors : sum local = 4.03825e-07, global = -1.09151e-07, cumulative = 2.75375e-07
GAMG:  Solving for p, Initial residual = 0.0246848, Final residual = 0.000215745, No Iterations 4
GAMG:  Solving for p, Initial residual = 0.00398777, Final residual = 3.45624e-05, No Iterations 16
GAMG:  Solving for p, Initial residual = 0.00166839, Final residual = 1.4947e-05, No Iterations 10
time step continuity errors : sum local = 1.9282e-07, global = -5.05682e-08, cumulative = 2.24807e-07
PIMPLE: iteration 3
DILUPBiCG:  Solving for Ux, Initial residual = 0.00399382, Final residual = 3.01674e-06, No Iterations 2
DILUPBiCG:  Solving for Uy, Initial residual = 0.000775478, Final residual = 5.30533e-06, No Iterations 1
DILUPBiCG:  Solving for Uz, Initial residual = 0.00612421, Final residual = 3.73802e-06, No Iterations 2
GAMG:  Solving for p, Initial residual = 0.0413223, Final residual = 0.000353223, No Iterations 5
GAMG:  Solving for p, Initial residual = 0.00941406, Final residual = 8.34315e-05, No Iterations 12
GAMG:  Solving for p, Initial residual = 0.0045487, Final residual = 3.91779e-05, No Iterations 10
time step continuity errors : sum local = 5.65224e-07, global = -1.46777e-07, cumulative = 7.80295e-08
GAMG:  Solving for p, Initial residual = 0.00236175, Final residual = 2.15848e-05, No Iterations 14
GAMG:  Solving for p, Initial residual = 0.00128443, Final residual = 1.11331e-05, No Iterations 4
GAMG:  Solving for p, Initial residual = 0.000529625, Final residual = 9.76353e-07, No Iterations 28
time step continuity errors : sum local = 1.39696e-08, global = 4.17174e-09, cumulative = 8.22012e-08
DILUPBiCG:  Solving for omega, Initial residual = 0.00091416, Final residual = 7.47068e-07, No Iterations 1
DILUPBiCG:  Solving for k, Initial residual = 0.00394583, Final residual = 7.08241e-07, No Iterations 2
bounding k, min: 0 max: 0.000719471 average: 0.000159061
ExecutionTime = 32.02 s  ClockTime = 32 s

End

