/*---------------------------------------------------------------------------*\
| =========                 |                                                 |
| \\      /  F ield         | OpenFOAM: The Open Source CFD Toolbox           |
|  \\    /   O peration     | Version:  2.3.1                                 |
|   \\  /    A nd           | Web:      www.OpenFOAM.org                      |
|    \\/     M anipulation  |                                                 |
\*---------------------------------------------------------------------------*/
Build  : 2.3.1-262087cdf8db
Exec   : pimpleDyMFoam
Date   : Jun 05 2023
Time   : 18:52:06
Host   : "jcosson-VirtualBox"
PID    : 25623
Case   : /home/jcosson/workspace/henersj_shootingdata/calcs/moderate_deformed/primal/56_intervals_05-06-23/sweep23/interval43
nProcs : 1
sigFpe : Enabling floating point exception trapping (FOAM_SIGFPE).
fileModificationChecking : Monitoring run-time modified files using timeStampMaster
allowSystemOperations : Allowing user-supplied system call operations

// * * * * * * * * * * * * * * * * * * * * * * * * * * * * * * * * * * * * * //
Create time

Create mesh for time = 0.475

Selecting dynamicFvMesh dynamicMotionSolverFvMesh
Selecting motion solver: displacementLaplacian
Selecting motion diffusion: quadratic
Selecting motion diffusion: quadratic
Selecting motion diffusion: inverseDistance

PIMPLE: no residual control data found. Calculations will employ 3 corrector loops

Reading field p

Reading field U

Reading/calculating face flux field phi

Selecting incompressible transport model Newtonian
Selecting turbulence model type RASModel
Selecting RAS turbulence model kOmegaSST
kOmegaSSTCoeffs
{
    alphaK1         0.85034;
    alphaK2         1;
    alphaOmega1     0.5;
    alphaOmega2     0.85616;
    gamma1          0.5532;
    gamma2          0.4403;
    beta1           0.075;
    beta2           0.0828;
    betaStar        0.09;
    a1              0.31;
    c1              10;
    Cmu             0.09;
    b1              1;
    F3              false;
}

Reading/calculating face velocity Uf

No finite volume options present

Courant Number mean: 0.189186 max: 0.415319

Starting time loop

Courant Number mean: 0.189186 max: 0.415319
Time = 0.476

GAMG:  Solving for cellDisplacementx, Initial residual = 0, Final residual = 0, No Iterations 0
GAMG:  Solving for cellDisplacementy, Initial residual = 0, Final residual = 0, No Iterations 0
GAMG:  Solving for cellDisplacementz, Initial residual = 0, Final residual = 0, No Iterations 0
PIMPLE: iteration 1
DILUPBiCG:  Solving for Ux, Initial residual = 0.0587008, Final residual = 0.000239057, No Iterations 1
DILUPBiCG:  Solving for Uy, Initial residual = 0.00993124, Final residual = 2.20277e-05, No Iterations 1
DILUPBiCG:  Solving for Uz, Initial residual = 0.0111348, Final residual = 2.44623e-05, No Iterations 1
GAMG:  Solving for p, Initial residual = 0.123749, Final residual = 0.00089925, No Iterations 6
GAMG:  Solving for p, Initial residual = 0.0144496, Final residual = 0.000137509, No Iterations 18
GAMG:  Solving for p, Initial residual = 0.00640169, Final residual = 5.46588e-05, No Iterations 12
time step continuity errors : sum local = 8.37659e-07, global = 2.52832e-07, cumulative = 2.52832e-07
GAMG:  Solving for p, Initial residual = 0.0530589, Final residual = 0.000509064, No Iterations 4
GAMG:  Solving for p, Initial residual = 0.00732405, Final residual = 6.89379e-05, No Iterations 18
GAMG:  Solving for p, Initial residual = 0.00341895, Final residual = 3.37137e-05, No Iterations 10
time step continuity errors : sum local = 5.17318e-07, global = 1.39448e-07, cumulative = 3.9228e-07
PIMPLE: iteration 2
DILUPBiCG:  Solving for Ux, Initial residual = 0.0166341, Final residual = 0.000100742, No Iterations 1
DILUPBiCG:  Solving for Uy, Initial residual = 0.00296641, Final residual = 6.48675e-06, No Iterations 1
DILUPBiCG:  Solving for Uz, Initial residual = 0.00316618, Final residual = 1.23508e-05, No Iterations 1
GAMG:  Solving for p, Initial residual = 0.05307, Final residual = 0.000476805, No Iterations 4
GAMG:  Solving for p, Initial residual = 0.00876798, Final residual = 8.55066e-05, No Iterations 16
GAMG:  Solving for p, Initial residual = 0.00395503, Final residual = 3.603e-05, No Iterations 10
time step continuity errors : sum local = 4.73443e-07, global = -1.26828e-07, cumulative = 2.65453e-07
GAMG:  Solving for p, Initial residual = 0.0273621, Final residual = 0.00020984, No Iterations 4
GAMG:  Solving for p, Initial residual = 0.00437817, Final residual = 3.99475e-05, No Iterations 14
GAMG:  Solving for p, Initial residual = 0.00186345, Final residual = 1.74536e-05, No Iterations 10
time step continuity errors : sum local = 2.3052e-07, global = -6.02427e-08, cumulative = 2.0521e-07
PIMPLE: iteration 3
DILUPBiCG:  Solving for Ux, Initial residual = 0.00398894, Final residual = 2.74391e-06, No Iterations 2
DILUPBiCG:  Solving for Uy, Initial residual = 0.000716574, Final residual = 6.23383e-06, No Iterations 1
DILUPBiCG:  Solving for Uz, Initial residual = 0.00706913, Final residual = 4.1376e-06, No Iterations 2
GAMG:  Solving for p, Initial residual = 0.040579, Final residual = 0.000361348, No Iterations 5
GAMG:  Solving for p, Initial residual = 0.00934703, Final residual = 7.86512e-05, No Iterations 9
GAMG:  Solving for p, Initial residual = 0.0043583, Final residual = 3.48013e-05, No Iterations 10
time step continuity errors : sum local = 5.1333e-07, global = -1.31876e-07, cumulative = 7.3334e-08
GAMG:  Solving for p, Initial residual = 0.00241062, Final residual = 2.23075e-05, No Iterations 18
GAMG:  Solving for p, Initial residual = 0.00132915, Final residual = 1.18064e-05, No Iterations 4
GAMG:  Solving for p, Initial residual = 0.000536899, Final residual = 9.27767e-07, No Iterations 32
time step continuity errors : sum local = 1.36146e-08, global = 4.01298e-09, cumulative = 7.7347e-08
DILUPBiCG:  Solving for omega, Initial residual = 0.000659987, Final residual = 6.69444e-07, No Iterations 1
DILUPBiCG:  Solving for k, Initial residual = 0.0042425, Final residual = 1.32347e-06, No Iterations 2
bounding k, min: 0 max: 0.000772498 average: 0.000164717
ExecutionTime = 16.54 s  ClockTime = 17 s

Courant Number mean: 0.183499 max: 0.402439
Time = 0.477

GAMG:  Solving for cellDisplacementx, Initial residual = 0, Final residual = 0, No Iterations 0
GAMG:  Solving for cellDisplacementy, Initial residual = 0, Final residual = 0, No Iterations 0
GAMG:  Solving for cellDisplacementz, Initial residual = 0, Final residual = 0, No Iterations 0
PIMPLE: iteration 1
DILUPBiCG:  Solving for Ux, Initial residual = 0.0602177, Final residual = 0.000243653, No Iterations 1
DILUPBiCG:  Solving for Uy, Initial residual = 0.010262, Final residual = 2.25453e-05, No Iterations 1
DILUPBiCG:  Solving for Uz, Initial residual = 0.00955084, Final residual = 2.13503e-05, No Iterations 1
GAMG:  Solving for p, Initial residual = 0.115166, Final residual = 0.000879569, No Iterations 6
GAMG:  Solving for p, Initial residual = 0.0126744, Final residual = 0.000113996, No Iterations 20
GAMG:  Solving for p, Initial residual = 0.00573095, Final residual = 5.58841e-05, No Iterations 10
time step continuity errors : sum local = 8.61086e-07, global = 2.30043e-07, cumulative = 3.0739e-07
GAMG:  Solving for p, Initial residual = 0.049479, Final residual = 0.000491151, No Iterations 4
GAMG:  Solving for p, Initial residual = 0.0064441, Final residual = 5.68476e-05, No Iterations 20
GAMG:  Solving for p, Initial residual = 0.00307897, Final residual = 2.76877e-05, No Iterations 10
time step continuity errors : sum local = 4.26957e-07, global = 1.13223e-07, cumulative = 4.20613e-07
PIMPLE: iteration 2
DILUPBiCG:  Solving for Ux, Initial residual = 0.0169472, Final residual = 0.000102755, No Iterations 1
DILUPBiCG:  Solving for Uy, Initial residual = 0.00304753, Final residual = 6.60716e-06, No Iterations 1
DILUPBiCG:  Solving for Uz, Initial residual = 0.00306595, Final residual = 1.21167e-05, No Iterations 1
GAMG:  Solving for p, Initial residual = 0.0489558, Final residual = 0.000477791, No Iterations 4
GAMG:  Solving for p, Initial residual = 0.00779162, Final residual = 7.27057e-05, No Iterations 18
GAMG:  Solving for p, Initial residual = 0.00355402, Final residual = 3.37236e-05, No Iterations 8
time step continuity errors : sum local = 4.45211e-07, global = -1.36488e-07, cumulative = 2.84125e-07
GAMG:  Solving for p, Initial residual = 0.0252643, Final residual = 0.000211731, No Iterations 4
GAMG:  Solving for p, Initial residual = 0.00389347, Final residual = 3.37269e-05, No Iterations 16
GAMG:  Solving for p, Initial residual = 0.00163754, Final residual = 1.44492e-05, No Iterations 10
time step continuity errors : sum local = 1.91789e-07, global = -5.16347e-08, cumulative = 2.3249e-07
PIMPLE: iteration 3
DILUPBiCG:  Solving for Ux, Initial residual = 0.00402127, Final residual = 2.85877e-06, No Iterations 2
DILUPBiCG:  Solving for Uy, Initial residual = 0.000728096, Final residual = 6.10181e-06, No Iterations 1
DILUPBiCG:  Solving for Uz, Initial residual = 0.00676759, Final residual = 4.48297e-06, No Iterations 2
GAMG:  Solving for p, Initial residual = 0.0400997, Final residual = 0.000341502, No Iterations 5
GAMG:  Solving for p, Initial residual = 0.00934695, Final residual = 9.02701e-05, No Iterations 7
GAMG:  Solving for p, Initial residual = 0.00428068, Final residual = 3.90734e-05, No Iterations 10
time step continuity errors : sum local = 5.79601e-07, global = -1.485e-07, cumulative = 8.39898e-08
GAMG:  Solving for p, Initial residual = 0.00236784, Final residual = 2.25278e-05, No Iterations 16
GAMG:  Solving for p, Initial residual = 0.00130415, Final residual = 1.15981e-05, No Iterations 4
GAMG:  Solving for p, Initial residual = 0.000529424, Final residual = 9.70799e-07, No Iterations 30
time step continuity errors : sum local = 1.43177e-08, global = 4.24691e-09, cumulative = 8.82367e-08
DILUPBiCG:  Solving for omega, Initial residual = 0.000697786, Final residual = 6.83257e-07, No Iterations 1
DILUPBiCG:  Solving for k, Initial residual = 0.0041882, Final residual = 1.21173e-06, No Iterations 2
bounding k, min: 0 max: 0.000765292 average: 0.000163623
ExecutionTime = 31.7 s  ClockTime = 32 s

End

