/*---------------------------------------------------------------------------*\
| =========                 |                                                 |
| \\      /  F ield         | OpenFOAM: The Open Source CFD Toolbox           |
|  \\    /   O peration     | Version:  2.3.1                                 |
|   \\  /    A nd           | Web:      www.OpenFOAM.org                      |
|    \\/     M anipulation  |                                                 |
\*---------------------------------------------------------------------------*/
Build  : 2.3.1-262087cdf8db
Exec   : pimpleDyMFoam
Date   : Jun 06 2023
Time   : 09:49:44
Host   : "jcosson-VirtualBox"
PID    : 5033
Case   : /home/jcosson/workspace/henersj_shootingdata/calcs/moderate_deformed/primal/14_intervals_05-06-23/sweep6/interval8
nProcs : 1
sigFpe : Enabling floating point exception trapping (FOAM_SIGFPE).
fileModificationChecking : Monitoring run-time modified files using timeStampMaster
allowSystemOperations : Allowing user-supplied system call operations

// * * * * * * * * * * * * * * * * * * * * * * * * * * * * * * * * * * * * * //
Create time

Create mesh for time = 0.45

Selecting dynamicFvMesh dynamicMotionSolverFvMesh
Selecting motion solver: displacementLaplacian
Selecting motion diffusion: quadratic
Selecting motion diffusion: quadratic
Selecting motion diffusion: inverseDistance

PIMPLE: no residual control data found. Calculations will employ 3 corrector loops

Reading field p

Reading field U

Reading/calculating face flux field phi

Selecting incompressible transport model Newtonian
Selecting turbulence model type RASModel
Selecting RAS turbulence model kOmegaSST
kOmegaSSTCoeffs
{
    alphaK1         0.85034;
    alphaK2         1;
    alphaOmega1     0.5;
    alphaOmega2     0.85616;
    gamma1          0.5532;
    gamma2          0.4403;
    beta1           0.075;
    beta2           0.0828;
    betaStar        0.09;
    a1              0.31;
    c1              10;
    Cmu             0.09;
    b1              1;
    F3              false;
}

Reading/calculating face velocity Uf

No finite volume options present

Courant Number mean: 0.279978 max: 0.620065

Starting time loop

Courant Number mean: 0.279978 max: 0.620065
Time = 0.451

GAMG:  Solving for cellDisplacementx, Initial residual = 0, Final residual = 0, No Iterations 0
GAMG:  Solving for cellDisplacementy, Initial residual = 0, Final residual = 0, No Iterations 0
GAMG:  Solving for cellDisplacementz, Initial residual = 0, Final residual = 0, No Iterations 0
PIMPLE: iteration 1
DILUPBiCG:  Solving for Ux, Initial residual = 0.00173442, Final residual = 2.90617e-05, No Iterations 1
DILUPBiCG:  Solving for Uy, Initial residual = 0.000396402, Final residual = 7.03381e-06, No Iterations 1
DILUPBiCG:  Solving for Uz, Initial residual = 0.0122128, Final residual = 2.93179e-05, No Iterations 1
GAMG:  Solving for p, Initial residual = 0.206238, Final residual = 0.00138392, No Iterations 4
GAMG:  Solving for p, Initial residual = 0.0436765, Final residual = 0.000390022, No Iterations 20
GAMG:  Solving for p, Initial residual = 0.0311801, Final residual = 0.000301661, No Iterations 4
time step continuity errors : sum local = 6.19333e-07, global = 1.3886e-07, cumulative = 1.3886e-07
GAMG:  Solving for p, Initial residual = 0.122355, Final residual = 0.000744378, No Iterations 4
GAMG:  Solving for p, Initial residual = 0.0215452, Final residual = 0.000201668, No Iterations 18
GAMG:  Solving for p, Initial residual = 0.0147001, Final residual = 0.000140058, No Iterations 4
time step continuity errors : sum local = 2.85055e-07, global = 7.01595e-08, cumulative = 2.09019e-07
PIMPLE: iteration 2
DILUPBiCG:  Solving for Ux, Initial residual = 0.000181418, Final residual = 2.01303e-06, No Iterations 1
DILUPBiCG:  Solving for Uy, Initial residual = 6.88507e-05, Final residual = 1.93259e-07, No Iterations 1
DILUPBiCG:  Solving for Uz, Initial residual = 0.00370034, Final residual = 1.04147e-05, No Iterations 1
GAMG:  Solving for p, Initial residual = 0.124698, Final residual = 0.000715813, No Iterations 4
GAMG:  Solving for p, Initial residual = 0.0220546, Final residual = 0.000196974, No Iterations 18
GAMG:  Solving for p, Initial residual = 0.0144485, Final residual = 0.000138555, No Iterations 4
time step continuity errors : sum local = 2.75695e-07, global = 6.59464e-08, cumulative = 2.74966e-07
GAMG:  Solving for p, Initial residual = 0.0609586, Final residual = 0.000332947, No Iterations 4
GAMG:  Solving for p, Initial residual = 0.0115042, Final residual = 0.000103436, No Iterations 14
GAMG:  Solving for p, Initial residual = 0.00651093, Final residual = 5.59672e-05, No Iterations 4
time step continuity errors : sum local = 1.10892e-07, global = 3.83016e-08, cumulative = 3.13267e-07
PIMPLE: iteration 3
DILUPBiCG:  Solving for Ux, Initial residual = 0.00028465, Final residual = 2.22417e-06, No Iterations 1
DILUPBiCG:  Solving for Uy, Initial residual = 6.09863e-05, Final residual = 6.64708e-07, No Iterations 1
DILUPBiCG:  Solving for Uz, Initial residual = 0.00151334, Final residual = 8.72008e-06, No Iterations 1
GAMG:  Solving for p, Initial residual = 0.125172, Final residual = 0.000423454, No Iterations 4
GAMG:  Solving for p, Initial residual = 0.026855, Final residual = 0.000233935, No Iterations 4
GAMG:  Solving for p, Initial residual = 0.0110786, Final residual = 9.10193e-05, No Iterations 10
time step continuity errors : sum local = 1.67838e-07, global = 4.47081e-08, cumulative = 3.57975e-07
GAMG:  Solving for p, Initial residual = 0.00957945, Final residual = 3.39603e-05, No Iterations 5
GAMG:  Solving for p, Initial residual = 0.00469987, Final residual = 2.48247e-05, No Iterations 4
GAMG:  Solving for p, Initial residual = 0.00156722, Final residual = 8.64959e-07, No Iterations 12
time step continuity errors : sum local = 1.60776e-09, global = 5.23332e-10, cumulative = 3.58499e-07
DILUPBiCG:  Solving for omega, Initial residual = 0.00104749, Final residual = 1.47065e-06, No Iterations 1
DILUPBiCG:  Solving for k, Initial residual = 0.0052112, Final residual = 9.55101e-07, No Iterations 2
ExecutionTime = 9.5 s  ClockTime = 9 s

Courant Number mean: 0.279808 max: 0.620046
Time = 0.452

GAMG:  Solving for cellDisplacementx, Initial residual = 0, Final residual = 0, No Iterations 0
GAMG:  Solving for cellDisplacementy, Initial residual = 0, Final residual = 0, No Iterations 0
GAMG:  Solving for cellDisplacementz, Initial residual = 0, Final residual = 0, No Iterations 0
PIMPLE: iteration 1
DILUPBiCG:  Solving for Ux, Initial residual = 0.00127681, Final residual = 9.06756e-06, No Iterations 1
DILUPBiCG:  Solving for Uy, Initial residual = 0.000340759, Final residual = 4.35974e-06, No Iterations 1
DILUPBiCG:  Solving for Uz, Initial residual = 0.011251, Final residual = 2.80899e-05, No Iterations 1
GAMG:  Solving for p, Initial residual = 0.17276, Final residual = 0.00143755, No Iterations 10
GAMG:  Solving for p, Initial residual = 0.0384839, Final residual = 0.00036111, No Iterations 10
GAMG:  Solving for p, Initial residual = 0.0158541, Final residual = 0.000136823, No Iterations 12
time step continuity errors : sum local = 3.50813e-07, global = 1.0462e-07, cumulative = 4.63119e-07
GAMG:  Solving for p, Initial residual = 0.0657352, Final residual = 0.000654199, No Iterations 6
GAMG:  Solving for p, Initial residual = 0.0186333, Final residual = 0.000174233, No Iterations 12
GAMG:  Solving for p, Initial residual = 0.00650584, Final residual = 5.46376e-05, No Iterations 14
time step continuity errors : sum local = 1.39602e-07, global = 4.38335e-08, cumulative = 5.06952e-07
PIMPLE: iteration 2
DILUPBiCG:  Solving for Ux, Initial residual = 0.000863829, Final residual = 3.6356e-06, No Iterations 1
DILUPBiCG:  Solving for Uy, Initial residual = 0.000176983, Final residual = 1.49769e-06, No Iterations 1
DILUPBiCG:  Solving for Uz, Initial residual = 0.00395041, Final residual = 1.18327e-05, No Iterations 1
GAMG:  Solving for p, Initial residual = 0.0654954, Final residual = 0.000485145, No Iterations 4
GAMG:  Solving for p, Initial residual = 0.0170866, Final residual = 0.000155334, No Iterations 10
GAMG:  Solving for p, Initial residual = 0.00643475, Final residual = 5.93309e-05, No Iterations 10
time step continuity errors : sum local = 1.41029e-07, global = 3.61738e-08, cumulative = 5.43126e-07
GAMG:  Solving for p, Initial residual = 0.0307802, Final residual = 0.000200598, No Iterations 4
GAMG:  Solving for p, Initial residual = 0.00848693, Final residual = 8.36866e-05, No Iterations 8
GAMG:  Solving for p, Initial residual = 0.00303132, Final residual = 2.74224e-05, No Iterations 12
time step continuity errors : sum local = 6.52446e-08, global = 1.91793e-08, cumulative = 5.62305e-07
PIMPLE: iteration 3
DILUPBiCG:  Solving for Ux, Initial residual = 0.000468415, Final residual = 8.50261e-06, No Iterations 1
DILUPBiCG:  Solving for Uy, Initial residual = 8.84141e-05, Final residual = 1.17478e-06, No Iterations 1
DILUPBiCG:  Solving for Uz, Initial residual = 0.00140113, Final residual = 7.36834e-06, No Iterations 1
GAMG:  Solving for p, Initial residual = 0.0910719, Final residual = 0.000714983, No Iterations 3
GAMG:  Solving for p, Initial residual = 0.0208594, Final residual = 0.000151232, No Iterations 4
GAMG:  Solving for p, Initial residual = 0.00933495, Final residual = 6.56816e-05, No Iterations 4
time step continuity errors : sum local = 1.55072e-07, global = -3.70501e-08, cumulative = 5.25255e-07
GAMG:  Solving for p, Initial residual = 0.00665513, Final residual = 6.14329e-05, No Iterations 4
GAMG:  Solving for p, Initial residual = 0.00359948, Final residual = 2.08563e-05, No Iterations 4
GAMG:  Solving for p, Initial residual = 0.0012251, Final residual = 7.6447e-07, No Iterations 11
time step continuity errors : sum local = 1.79545e-09, global = 3.31734e-10, cumulative = 5.25587e-07
DILUPBiCG:  Solving for omega, Initial residual = 0.00100666, Final residual = 1.43123e-06, No Iterations 1
DILUPBiCG:  Solving for k, Initial residual = 0.00500771, Final residual = 1.04715e-06, No Iterations 2
ExecutionTime = 16.3 s  ClockTime = 16 s

Courant Number mean: 0.279277 max: 0.61929
Time = 0.453

GAMG:  Solving for cellDisplacementx, Initial residual = 0, Final residual = 0, No Iterations 0
GAMG:  Solving for cellDisplacementy, Initial residual = 0, Final residual = 0, No Iterations 0
GAMG:  Solving for cellDisplacementz, Initial residual = 0, Final residual = 0, No Iterations 0
PIMPLE: iteration 1
DILUPBiCG:  Solving for Ux, Initial residual = 0.00377692, Final residual = 1.52449e-05, No Iterations 1
DILUPBiCG:  Solving for Uy, Initial residual = 0.000707058, Final residual = 4.98456e-06, No Iterations 1
DILUPBiCG:  Solving for Uz, Initial residual = 0.0127928, Final residual = 3.21756e-05, No Iterations 1
GAMG:  Solving for p, Initial residual = 0.170889, Final residual = 0.00169463, No Iterations 8
GAMG:  Solving for p, Initial residual = 0.0328462, Final residual = 0.000277763, No Iterations 14
GAMG:  Solving for p, Initial residual = 0.0120516, Final residual = 0.000107254, No Iterations 12
time step continuity errors : sum local = 3.42998e-07, global = 1.02267e-07, cumulative = 6.27854e-07
GAMG:  Solving for p, Initial residual = 0.0649364, Final residual = 0.0005787, No Iterations 6
GAMG:  Solving for p, Initial residual = 0.0159318, Final residual = 0.000153947, No Iterations 12
GAMG:  Solving for p, Initial residual = 0.00578754, Final residual = 4.85319e-05, No Iterations 14
time step continuity errors : sum local = 1.54179e-07, global = 4.84933e-08, cumulative = 6.76347e-07
PIMPLE: iteration 2
DILUPBiCG:  Solving for Ux, Initial residual = 0.0016405, Final residual = 1.37028e-05, No Iterations 1
DILUPBiCG:  Solving for Uy, Initial residual = 0.000299856, Final residual = 2.2339e-06, No Iterations 1
DILUPBiCG:  Solving for Uz, Initial residual = 0.00432801, Final residual = 1.32371e-05, No Iterations 1
GAMG:  Solving for p, Initial residual = 0.0649979, Final residual = 0.000642613, No Iterations 3
GAMG:  Solving for p, Initial residual = 0.0151751, Final residual = 0.000129932, No Iterations 9
GAMG:  Solving for p, Initial residual = 0.00611567, Final residual = 5.69935e-05, No Iterations 4
time step continuity errors : sum local = 1.62927e-07, global = 6.0907e-08, cumulative = 7.37255e-07
GAMG:  Solving for p, Initial residual = 0.0313598, Final residual = 0.000285379, No Iterations 3
GAMG:  Solving for p, Initial residual = 0.00725101, Final residual = 6.35288e-05, No Iterations 9
GAMG:  Solving for p, Initial residual = 0.00295641, Final residual = 2.78605e-05, No Iterations 4
time step continuity errors : sum local = 8.00841e-08, global = 2.9882e-08, cumulative = 7.67136e-07
PIMPLE: iteration 3
DILUPBiCG:  Solving for Ux, Initial residual = 0.000663711, Final residual = 1.2447e-07, No Iterations 2
DILUPBiCG:  Solving for Uy, Initial residual = 0.000118537, Final residual = 1.95004e-06, No Iterations 1
DILUPBiCG:  Solving for Uz, Initial residual = 0.00141132, Final residual = 8.50086e-06, No Iterations 1
GAMG:  Solving for p, Initial residual = 0.0725719, Final residual = 0.00034399, No Iterations 4
GAMG:  Solving for p, Initial residual = 0.016315, Final residual = 0.000141359, No Iterations 4
GAMG:  Solving for p, Initial residual = 0.00767678, Final residual = 7.46646e-05, No Iterations 4
time step continuity errors : sum local = 2.20013e-07, global = -3.57805e-08, cumulative = 7.31356e-07
GAMG:  Solving for p, Initial residual = 0.00529419, Final residual = 3.38189e-05, No Iterations 5
GAMG:  Solving for p, Initial residual = 0.00291643, Final residual = 2.67317e-05, No Iterations 4
GAMG:  Solving for p, Initial residual = 0.00101753, Final residual = 9.42431e-07, No Iterations 32
time step continuity errors : sum local = 2.75916e-09, global = 8.22187e-10, cumulative = 7.32178e-07
DILUPBiCG:  Solving for omega, Initial residual = 0.00096297, Final residual = 1.3877e-06, No Iterations 1
DILUPBiCG:  Solving for k, Initial residual = 0.00483287, Final residual = 1.16222e-06, No Iterations 2
ExecutionTime = 24.2 s  ClockTime = 24 s

Courant Number mean: 0.278389 max: 0.61764
Time = 0.454

GAMG:  Solving for cellDisplacementx, Initial residual = 0, Final residual = 0, No Iterations 0
GAMG:  Solving for cellDisplacementy, Initial residual = 0, Final residual = 0, No Iterations 0
GAMG:  Solving for cellDisplacementz, Initial residual = 0, Final residual = 0, No Iterations 0
PIMPLE: iteration 1
DILUPBiCG:  Solving for Ux, Initial residual = 0.00636955, Final residual = 2.38068e-05, No Iterations 1
DILUPBiCG:  Solving for Uy, Initial residual = 0.00109701, Final residual = 4.12123e-06, No Iterations 1
DILUPBiCG:  Solving for Uz, Initial residual = 0.0140352, Final residual = 3.53268e-05, No Iterations 1
GAMG:  Solving for p, Initial residual = 0.167261, Final residual = 0.00158813, No Iterations 8
GAMG:  Solving for p, Initial residual = 0.0294551, Final residual = 0.00025959, No Iterations 14
GAMG:  Solving for p, Initial residual = 0.0108824, Final residual = 0.000100265, No Iterations 12
time step continuity errors : sum local = 3.89598e-07, global = 1.16538e-07, cumulative = 8.48716e-07
GAMG:  Solving for p, Initial residual = 0.0640338, Final residual = 0.000543101, No Iterations 6
GAMG:  Solving for p, Initial residual = 0.0142432, Final residual = 0.000121372, No Iterations 14
GAMG:  Solving for p, Initial residual = 0.00555397, Final residual = 5.37043e-05, No Iterations 10
time step continuity errors : sum local = 2.07606e-07, global = 5.36874e-08, cumulative = 9.02404e-07
PIMPLE: iteration 2
DILUPBiCG:  Solving for Ux, Initial residual = 0.00242599, Final residual = 1.98446e-05, No Iterations 1
DILUPBiCG:  Solving for Uy, Initial residual = 0.000425139, Final residual = 2.67876e-06, No Iterations 1
DILUPBiCG:  Solving for Uz, Initial residual = 0.00441937, Final residual = 1.3235e-05, No Iterations 1
GAMG:  Solving for p, Initial residual = 0.0644556, Final residual = 0.000551853, No Iterations 3
GAMG:  Solving for p, Initial residual = 0.0138547, Final residual = 0.000113577, No Iterations 5
GAMG:  Solving for p, Initial residual = 0.00559708, Final residual = 5.3272e-05, No Iterations 4
time step continuity errors : sum local = 1.8137e-07, global = 4.94598e-08, cumulative = 9.51864e-07
GAMG:  Solving for p, Initial residual = 0.0315629, Final residual = 0.000286257, No Iterations 3
GAMG:  Solving for p, Initial residual = 0.0065515, Final residual = 4.77533e-05, No Iterations 5
GAMG:  Solving for p, Initial residual = 0.00274372, Final residual = 2.05729e-05, No Iterations 4
time step continuity errors : sum local = 7.05329e-08, global = 2.11982e-08, cumulative = 9.73062e-07
PIMPLE: iteration 3
DILUPBiCG:  Solving for Ux, Initial residual = 0.000863677, Final residual = 1.66309e-07, No Iterations 2
DILUPBiCG:  Solving for Uy, Initial residual = 0.000149317, Final residual = 2.72168e-06, No Iterations 1
DILUPBiCG:  Solving for Uz, Initial residual = 0.00177061, Final residual = 9.44152e-07, No Iterations 2
GAMG:  Solving for p, Initial residual = 0.0609411, Final residual = 0.000409805, No Iterations 4
GAMG:  Solving for p, Initial residual = 0.0143368, Final residual = 0.000120116, No Iterations 8
GAMG:  Solving for p, Initial residual = 0.00664861, Final residual = 6.09382e-05, No Iterations 8
time step continuity errors : sum local = 2.19411e-07, global = -4.88726e-08, cumulative = 9.24189e-07
GAMG:  Solving for p, Initial residual = 0.00462544, Final residual = 4.2213e-05, No Iterations 7
GAMG:  Solving for p, Initial residual = 0.00253112, Final residual = 2.12629e-05, No Iterations 6
GAMG:  Solving for p, Initial residual = 0.000885014, Final residual = 9.96581e-07, No Iterations 36
time step continuity errors : sum local = 3.56445e-09, global = 1.05796e-09, cumulative = 9.25247e-07
DILUPBiCG:  Solving for omega, Initial residual = 0.000917518, Final residual = 1.34264e-06, No Iterations 1
DILUPBiCG:  Solving for k, Initial residual = 0.00469838, Final residual = 1.21692e-06, No Iterations 2
ExecutionTime = 31.64 s  ClockTime = 31 s

Courant Number mean: 0.277146 max: 0.615146
Time = 0.455

GAMG:  Solving for cellDisplacementx, Initial residual = 0, Final residual = 0, No Iterations 0
GAMG:  Solving for cellDisplacementy, Initial residual = 0, Final residual = 0, No Iterations 0
GAMG:  Solving for cellDisplacementz, Initial residual = 0, Final residual = 0, No Iterations 0
PIMPLE: iteration 1
DILUPBiCG:  Solving for Ux, Initial residual = 0.00899949, Final residual = 3.24748e-05, No Iterations 1
DILUPBiCG:  Solving for Uy, Initial residual = 0.0014953, Final residual = 4.31248e-06, No Iterations 1
DILUPBiCG:  Solving for Uz, Initial residual = 0.0142632, Final residual = 3.60104e-05, No Iterations 1
GAMG:  Solving for p, Initial residual = 0.16024, Final residual = 0.00148979, No Iterations 8
GAMG:  Solving for p, Initial residual = 0.0256844, Final residual = 0.000247488, No Iterations 14
GAMG:  Solving for p, Initial residual = 0.0097281, Final residual = 9.65788e-05, No Iterations 12
time step continuity errors : sum local = 4.43384e-07, global = 1.32823e-07, cumulative = 1.05807e-06
GAMG:  Solving for p, Initial residual = 0.0620621, Final residual = 0.000516101, No Iterations 6
GAMG:  Solving for p, Initial residual = 0.0124684, Final residual = 0.00011628, No Iterations 14
GAMG:  Solving for p, Initial residual = 0.00504533, Final residual = 4.29877e-05, No Iterations 12
time step continuity errors : sum local = 1.96292e-07, global = 5.82592e-08, cumulative = 1.11633e-06
PIMPLE: iteration 2
DILUPBiCG:  Solving for Ux, Initial residual = 0.0032161, Final residual = 2.27663e-05, No Iterations 1
DILUPBiCG:  Solving for Uy, Initial residual = 0.000551963, Final residual = 2.94537e-06, No Iterations 1
DILUPBiCG:  Solving for Uz, Initial residual = 0.00432867, Final residual = 1.24995e-05, No Iterations 1
GAMG:  Solving for p, Initial residual = 0.0628919, Final residual = 0.000221075, No Iterations 4
GAMG:  Solving for p, Initial residual = 0.0122516, Final residual = 0.000111817, No Iterations 4
GAMG:  Solving for p, Initial residual = 0.00520468, Final residual = 3.60174e-05, No Iterations 7
time step continuity errors : sum local = 1.43265e-07, global = 2.21561e-08, cumulative = 1.13849e-06
GAMG:  Solving for p, Initial residual = 0.0309809, Final residual = 0.000298573, No Iterations 3
GAMG:  Solving for p, Initial residual = 0.00585617, Final residual = 5.05298e-05, No Iterations 4
GAMG:  Solving for p, Initial residual = 0.00255006, Final residual = 2.2572e-05, No Iterations 5
time step continuity errors : sum local = 9.02539e-08, global = 1.4975e-08, cumulative = 1.15346e-06
PIMPLE: iteration 3
DILUPBiCG:  Solving for Ux, Initial residual = 0.00105936, Final residual = 2.13596e-07, No Iterations 2
DILUPBiCG:  Solving for Uy, Initial residual = 0.000180285, Final residual = 3.4959e-06, No Iterations 1
DILUPBiCG:  Solving for Uz, Initial residual = 0.00222391, Final residual = 9.85465e-07, No Iterations 2
GAMG:  Solving for p, Initial residual = 0.0538041, Final residual = 0.000360844, No Iterations 4
GAMG:  Solving for p, Initial residual = 0.0129816, Final residual = 0.000110488, No Iterations 10
GAMG:  Solving for p, Initial residual = 0.00603765, Final residual = 5.70626e-05, No Iterations 4
time step continuity errors : sum local = 2.4348e-07, global = -8.91646e-08, cumulative = 1.0643e-06
GAMG:  Solving for p, Initial residual = 0.00414275, Final residual = 3.54195e-05, No Iterations 8
GAMG:  Solving for p, Initial residual = 0.00227492, Final residual = 1.88947e-05, No Iterations 5
GAMG:  Solving for p, Initial residual = 0.000817344, Final residual = 9.63605e-07, No Iterations 34
time step continuity errors : sum local = 4.08942e-09, global = 1.21236e-09, cumulative = 1.06551e-06
DILUPBiCG:  Solving for omega, Initial residual = 0.000871182, Final residual = 1.29911e-06, No Iterations 1
DILUPBiCG:  Solving for k, Initial residual = 0.00465009, Final residual = 1.16269e-06, No Iterations 2
ExecutionTime = 39.91 s  ClockTime = 40 s

Courant Number mean: 0.275553 max: 0.611867
Time = 0.456

GAMG:  Solving for cellDisplacementx, Initial residual = 0, Final residual = 0, No Iterations 0
GAMG:  Solving for cellDisplacementy, Initial residual = 0, Final residual = 0, No Iterations 0
GAMG:  Solving for cellDisplacementz, Initial residual = 0, Final residual = 0, No Iterations 0
PIMPLE: iteration 1
DILUPBiCG:  Solving for Ux, Initial residual = 0.0116289, Final residual = 4.24456e-05, No Iterations 1
DILUPBiCG:  Solving for Uy, Initial residual = 0.00189609, Final residual = 4.88379e-06, No Iterations 1
DILUPBiCG:  Solving for Uz, Initial residual = 0.0140546, Final residual = 3.49754e-05, No Iterations 1
GAMG:  Solving for p, Initial residual = 0.153027, Final residual = 0.00141636, No Iterations 8
GAMG:  Solving for p, Initial residual = 0.0227055, Final residual = 0.000202238, No Iterations 16
GAMG:  Solving for p, Initial residual = 0.00870434, Final residual = 7.87719e-05, No Iterations 12
time step continuity errors : sum local = 4.17653e-07, global = 1.24965e-07, cumulative = 1.19047e-06
GAMG:  Solving for p, Initial residual = 0.0598246, Final residual = 0.000496348, No Iterations 6
GAMG:  Solving for p, Initial residual = 0.0110261, Final residual = 9.62377e-05, No Iterations 16
GAMG:  Solving for p, Initial residual = 0.00456567, Final residual = 4.09866e-05, No Iterations 10
time step continuity errors : sum local = 2.15884e-07, global = 5.60223e-08, cumulative = 1.2465e-06
PIMPLE: iteration 2
DILUPBiCG:  Solving for Ux, Initial residual = 0.00400035, Final residual = 2.33119e-05, No Iterations 1
DILUPBiCG:  Solving for Uy, Initial residual = 0.000678139, Final residual = 3.10973e-06, No Iterations 1
DILUPBiCG:  Solving for Uz, Initial residual = 0.00417582, Final residual = 1.17445e-05, No Iterations 1
GAMG:  Solving for p, Initial residual = 0.0609697, Final residual = 0.000323816, No Iterations 4
GAMG:  Solving for p, Initial residual = 0.0110048, Final residual = 0.000108639, No Iterations 7
GAMG:  Solving for p, Initial residual = 0.00490968, Final residual = 3.99659e-05, No Iterations 6
time step continuity errors : sum local = 1.8213e-07, global = 5.81057e-08, cumulative = 1.3046e-06
GAMG:  Solving for p, Initial residual = 0.030151, Final residual = 0.000131243, No Iterations 4
GAMG:  Solving for p, Initial residual = 0.00526799, Final residual = 4.82961e-05, No Iterations 7
GAMG:  Solving for p, Initial residual = 0.00239474, Final residual = 2.37738e-05, No Iterations 5
time step continuity errors : sum local = 1.08691e-07, global = -3.5576e-08, cumulative = 1.26903e-06
PIMPLE: iteration 3
DILUPBiCG:  Solving for Ux, Initial residual = 0.00125308, Final residual = 2.58036e-07, No Iterations 2
DILUPBiCG:  Solving for Uy, Initial residual = 0.000210534, Final residual = 4.19441e-06, No Iterations 1
DILUPBiCG:  Solving for Uz, Initial residual = 0.00266934, Final residual = 6.40571e-07, No Iterations 2
GAMG:  Solving for p, Initial residual = 0.0495695, Final residual = 0.000395312, No Iterations 4
GAMG:  Solving for p, Initial residual = 0.0120551, Final residual = 9.98903e-05, No Iterations 12
GAMG:  Solving for p, Initial residual = 0.00559189, Final residual = 4.81138e-05, No Iterations 4
time step continuity errors : sum local = 2.37149e-07, global = -8.79897e-08, cumulative = 1.18104e-06
GAMG:  Solving for p, Initial residual = 0.00380206, Final residual = 2.89935e-05, No Iterations 8
GAMG:  Solving for p, Initial residual = 0.00210925, Final residual = 1.69404e-05, No Iterations 5
GAMG:  Solving for p, Initial residual = 0.000767279, Final residual = 8.76587e-07, No Iterations 36
time step continuity errors : sum local = 4.30348e-09, global = 1.27063e-09, cumulative = 1.18231e-06
DILUPBiCG:  Solving for omega, Initial residual = 0.000824611, Final residual = 1.25861e-06, No Iterations 1
DILUPBiCG:  Solving for k, Initial residual = 0.00466166, Final residual = 1.06494e-06, No Iterations 2
ExecutionTime = 47.24 s  ClockTime = 47 s

Courant Number mean: 0.273616 max: 0.607786
Time = 0.457

GAMG:  Solving for cellDisplacementx, Initial residual = 0, Final residual = 0, No Iterations 0
GAMG:  Solving for cellDisplacementy, Initial residual = 0, Final residual = 0, No Iterations 0
GAMG:  Solving for cellDisplacementz, Initial residual = 0, Final residual = 0, No Iterations 0
PIMPLE: iteration 1
DILUPBiCG:  Solving for Ux, Initial residual = 0.0142703, Final residual = 5.32747e-05, No Iterations 1
DILUPBiCG:  Solving for Uy, Initial residual = 0.00230195, Final residual = 5.6264e-06, No Iterations 1
DILUPBiCG:  Solving for Uz, Initial residual = 0.0138021, Final residual = 3.40616e-05, No Iterations 1
GAMG:  Solving for p, Initial residual = 0.147608, Final residual = 0.00135719, No Iterations 8
GAMG:  Solving for p, Initial residual = 0.0206749, Final residual = 0.0001967, No Iterations 16
GAMG:  Solving for p, Initial residual = 0.00797718, Final residual = 7.83492e-05, No Iterations 12
time step continuity errors : sum local = 4.70399e-07, global = 1.41069e-07, cumulative = 1.32337e-06
GAMG:  Solving for p, Initial residual = 0.0582051, Final residual = 0.000480604, No Iterations 6
GAMG:  Solving for p, Initial residual = 0.0100643, Final residual = 9.35586e-05, No Iterations 16
GAMG:  Solving for p, Initial residual = 0.00419007, Final residual = 3.45633e-05, No Iterations 12
time step continuity errors : sum local = 2.06176e-07, global = 6.08654e-08, cumulative = 1.38424e-06
PIMPLE: iteration 2
DILUPBiCG:  Solving for Ux, Initial residual = 0.00478241, Final residual = 2.24726e-05, No Iterations 1
DILUPBiCG:  Solving for Uy, Initial residual = 0.000805165, Final residual = 3.20796e-06, No Iterations 1
DILUPBiCG:  Solving for Uz, Initial residual = 0.004061, Final residual = 1.12761e-05, No Iterations 1
GAMG:  Solving for p, Initial residual = 0.059469, Final residual = 0.00028276, No Iterations 4
GAMG:  Solving for p, Initial residual = 0.0102551, Final residual = 9.94988e-05, No Iterations 12
GAMG:  Solving for p, Initial residual = 0.00485786, Final residual = 4.38241e-05, No Iterations 8
time step continuity errors : sum local = 2.24586e-07, global = -8.30683e-08, cumulative = 1.30117e-06
GAMG:  Solving for p, Initial residual = 0.0295424, Final residual = 0.000285194, No Iterations 3
GAMG:  Solving for p, Initial residual = 0.00492663, Final residual = 3.93882e-05, No Iterations 6
GAMG:  Solving for p, Initial residual = 0.00234289, Final residual = 2.09027e-05, No Iterations 4
time step continuity errors : sum local = 1.07466e-07, global = 3.62743e-08, cumulative = 1.33745e-06
PIMPLE: iteration 3
DILUPBiCG:  Solving for Ux, Initial residual = 0.00143898, Final residual = 2.88979e-07, No Iterations 2
DILUPBiCG:  Solving for Uy, Initial residual = 0.000239747, Final residual = 4.82771e-06, No Iterations 1
DILUPBiCG:  Solving for Uz, Initial residual = 0.00313349, Final residual = 6.73103e-07, No Iterations 2
GAMG:  Solving for p, Initial residual = 0.0467291, Final residual = 0.000423075, No Iterations 4
GAMG:  Solving for p, Initial residual = 0.0112741, Final residual = 0.000110537, No Iterations 12
GAMG:  Solving for p, Initial residual = 0.00523296, Final residual = 4.4553e-05, No Iterations 10
time step continuity errors : sum local = 2.4935e-07, global = -6.44731e-08, cumulative = 1.27297e-06
GAMG:  Solving for p, Initial residual = 0.00356093, Final residual = 2.54755e-05, No Iterations 8
GAMG:  Solving for p, Initial residual = 0.0020323, Final residual = 1.48338e-05, No Iterations 5
GAMG:  Solving for p, Initial residual = 0.00073292, Final residual = 9.37349e-07, No Iterations 34
time step continuity errors : sum local = 5.22891e-09, global = 1.54025e-09, cumulative = 1.27451e-06
DILUPBiCG:  Solving for omega, Initial residual = 0.000779433, Final residual = 1.22347e-06, No Iterations 1
DILUPBiCG:  Solving for k, Initial residual = 0.00471347, Final residual = 1.00101e-06, No Iterations 2
ExecutionTime = 55.09 s  ClockTime = 55 s

End

