/*---------------------------------------------------------------------------*\
| =========                 |                                                 |
| \\      /  F ield         | OpenFOAM: The Open Source CFD Toolbox           |
|  \\    /   O peration     | Version:  2.3.1                                 |
|   \\  /    A nd           | Web:      www.OpenFOAM.org                      |
|    \\/     M anipulation  |                                                 |
\*---------------------------------------------------------------------------*/
Build  : 2.3.1-262087cdf8db
Exec   : pimpleDyMFoam
Date   : Jun 06 2023
Time   : 00:33:10
Host   : "jcosson-VirtualBox"
PID    : 5905
Case   : /home/jcosson/workspace/henersj_shootingdata/calcs/moderate_deformed/primal/100_intervals_05-06-23/sweep19/interval66
nProcs : 1
sigFpe : Enabling floating point exception trapping (FOAM_SIGFPE).
fileModificationChecking : Monitoring run-time modified files using timeStampMaster
allowSystemOperations : Allowing user-supplied system call operations

// * * * * * * * * * * * * * * * * * * * * * * * * * * * * * * * * * * * * * //
Create time

Create mesh for time = 0.465

Selecting dynamicFvMesh dynamicMotionSolverFvMesh
Selecting motion solver: displacementLaplacian
Selecting motion diffusion: quadratic
Selecting motion diffusion: quadratic
Selecting motion diffusion: inverseDistance

PIMPLE: no residual control data found. Calculations will employ 3 corrector loops

Reading field p

Reading field U

Reading/calculating face flux field phi

Selecting incompressible transport model Newtonian
Selecting turbulence model type RASModel
Selecting RAS turbulence model kOmegaSST
kOmegaSSTCoeffs
{
    alphaK1         0.85034;
    alphaK2         1;
    alphaOmega1     0.5;
    alphaOmega2     0.85616;
    gamma1          0.5532;
    gamma2          0.4403;
    beta1           0.075;
    beta2           0.0828;
    betaStar        0.09;
    a1              0.31;
    c1              10;
    Cmu             0.09;
    b1              1;
    F3              false;
}

Reading/calculating face velocity Uf

No finite volume options present

Courant Number mean: 0.242399 max: 0.539083

Starting time loop

Courant Number mean: 0.242399 max: 0.539083
Time = 0.466

GAMG:  Solving for cellDisplacementx, Initial residual = 0, Final residual = 0, No Iterations 0
GAMG:  Solving for cellDisplacementy, Initial residual = 0, Final residual = 0, No Iterations 0
GAMG:  Solving for cellDisplacementz, Initial residual = 0, Final residual = 0, No Iterations 0
PIMPLE: iteration 1
DILUPBiCG:  Solving for Ux, Initial residual = 0.0374015, Final residual = 0.000155757, No Iterations 1
DILUPBiCG:  Solving for Uy, Initial residual = 0.00599835, Final residual = 1.40484e-05, No Iterations 1
DILUPBiCG:  Solving for Uz, Initial residual = 0.0137007, Final residual = 3.72607e-05, No Iterations 1
GAMG:  Solving for p, Initial residual = 0.139055, Final residual = 0.00116837, No Iterations 6
GAMG:  Solving for p, Initial residual = 0.0163761, Final residual = 0.000139165, No Iterations 20
GAMG:  Solving for p, Initial residual = 0.00694547, Final residual = 6.70196e-05, No Iterations 10
time step continuity errors : sum local = 7.9932e-07, global = 2.14546e-07, cumulative = 2.14546e-07
GAMG:  Solving for p, Initial residual = 0.0575924, Final residual = 0.000381822, No Iterations 6
GAMG:  Solving for p, Initial residual = 0.00823698, Final residual = 7.76553e-05, No Iterations 16
GAMG:  Solving for p, Initial residual = 0.00361311, Final residual = 3.17765e-05, No Iterations 12
time step continuity errors : sum local = 3.7742e-07, global = 1.13111e-07, cumulative = 3.27657e-07
PIMPLE: iteration 2
DILUPBiCG:  Solving for Ux, Initial residual = 0.0113353, Final residual = 6.29653e-05, No Iterations 1
DILUPBiCG:  Solving for Uy, Initial residual = 0.00191577, Final residual = 4.69139e-06, No Iterations 1
DILUPBiCG:  Solving for Uz, Initial residual = 0.00374376, Final residual = 1.30407e-05, No Iterations 1
GAMG:  Solving for p, Initial residual = 0.0586156, Final residual = 0.000453261, No Iterations 4
GAMG:  Solving for p, Initial residual = 0.0095637, Final residual = 8.45928e-05, No Iterations 16
GAMG:  Solving for p, Initial residual = 0.00441747, Final residual = 3.97782e-05, No Iterations 8
time step continuity errors : sum local = 4.00003e-07, global = -1.31498e-07, cumulative = 1.96159e-07
GAMG:  Solving for p, Initial residual = 0.0298892, Final residual = 0.000193024, No Iterations 4
GAMG:  Solving for p, Initial residual = 0.00468842, Final residual = 4.57815e-05, No Iterations 12
GAMG:  Solving for p, Initial residual = 0.00205793, Final residual = 1.92299e-05, No Iterations 10
time step continuity errors : sum local = 1.94555e-07, global = -5.11788e-08, cumulative = 1.4498e-07
PIMPLE: iteration 3
DILUPBiCG:  Solving for Ux, Initial residual = 0.00294793, Final residual = 1.02132e-06, No Iterations 2
DILUPBiCG:  Solving for Uy, Initial residual = 0.000495241, Final residual = 7.29535e-06, No Iterations 1
DILUPBiCG:  Solving for Uz, Initial residual = 0.00681784, Final residual = 2.30326e-06, No Iterations 2
GAMG:  Solving for p, Initial residual = 0.040732, Final residual = 0.000333033, No Iterations 5
GAMG:  Solving for p, Initial residual = 0.00937716, Final residual = 9.02836e-05, No Iterations 13
GAMG:  Solving for p, Initial residual = 0.00444675, Final residual = 3.70654e-05, No Iterations 12
time step continuity errors : sum local = 4.17275e-07, global = -1.22245e-07, cumulative = 2.27348e-08
GAMG:  Solving for p, Initial residual = 0.00269325, Final residual = 2.36302e-05, No Iterations 20
GAMG:  Solving for p, Initial residual = 0.00151184, Final residual = 1.25133e-05, No Iterations 4
GAMG:  Solving for p, Initial residual = 0.000587315, Final residual = 9.14736e-07, No Iterations 36
time step continuity errors : sum local = 1.02685e-08, global = 3.02385e-09, cumulative = 2.57587e-08
DILUPBiCG:  Solving for omega, Initial residual = 0.000546978, Final residual = 1.45293e-06, No Iterations 1
DILUPBiCG:  Solving for k, Initial residual = 0.00477228, Final residual = 1.15041e-06, No Iterations 2
ExecutionTime = 17.81 s  ClockTime = 18 s

End

