/*---------------------------------------------------------------------------*\
| =========                 |                                                 |
| \\      /  F ield         | OpenFOAM: The Open Source CFD Toolbox           |
|  \\    /   O peration     | Version:  2.3.1                                 |
|   \\  /    A nd           | Web:      www.OpenFOAM.org                      |
|    \\/     M anipulation  |                                                 |
\*---------------------------------------------------------------------------*/
Build  : 2.3.1-262087cdf8db
Exec   : pimpleDyMFoam
Date   : Jun 06 2023
Time   : 00:32:19
Host   : "jcosson-VirtualBox"
PID    : 5822
Case   : /home/jcosson/workspace/henersj_shootingdata/calcs/moderate_deformed/primal/100_intervals_05-06-23/sweep19/interval24
nProcs : 1
sigFpe : Enabling floating point exception trapping (FOAM_SIGFPE).
fileModificationChecking : Monitoring run-time modified files using timeStampMaster
allowSystemOperations : Allowing user-supplied system call operations

// * * * * * * * * * * * * * * * * * * * * * * * * * * * * * * * * * * * * * //
Create time

Create mesh for time = 0.423

Selecting dynamicFvMesh dynamicMotionSolverFvMesh
Selecting motion solver: displacementLaplacian
Selecting motion diffusion: quadratic
Selecting motion diffusion: quadratic
Selecting motion diffusion: inverseDistance

PIMPLE: no residual control data found. Calculations will employ 3 corrector loops

Reading field p

Reading field U

Reading/calculating face flux field phi

Selecting incompressible transport model Newtonian
Selecting turbulence model type RASModel
Selecting RAS turbulence model kOmegaSST
kOmegaSSTCoeffs
{
    alphaK1         0.85034;
    alphaK2         1;
    alphaOmega1     0.5;
    alphaOmega2     0.85616;
    gamma1          0.5532;
    gamma2          0.4403;
    beta1           0.075;
    beta2           0.0828;
    betaStar        0.09;
    a1              0.31;
    c1              10;
    Cmu             0.09;
    b1              1;
    F3              false;
}

Reading/calculating face velocity Uf

No finite volume options present

Courant Number mean: 0.176284 max: 0.378567

Starting time loop

Courant Number mean: 0.176284 max: 0.378567
Time = 0.424

GAMG:  Solving for cellDisplacementx, Initial residual = 0, Final residual = 0, No Iterations 0
GAMG:  Solving for cellDisplacementy, Initial residual = 0, Final residual = 0, No Iterations 0
GAMG:  Solving for cellDisplacementz, Initial residual = 0, Final residual = 0, No Iterations 0
PIMPLE: iteration 1
DILUPBiCG:  Solving for Ux, Initial residual = 0.0614032, Final residual = 0.000209291, No Iterations 1
DILUPBiCG:  Solving for Uy, Initial residual = 0.0105208, Final residual = 2.10468e-05, No Iterations 1
DILUPBiCG:  Solving for Uz, Initial residual = 0.0235037, Final residual = 2.92365e-05, No Iterations 1
GAMG:  Solving for p, Initial residual = 0.129817, Final residual = 0.000913748, No Iterations 6
GAMG:  Solving for p, Initial residual = 0.0161958, Final residual = 0.000145955, No Iterations 18
GAMG:  Solving for p, Initial residual = 0.00714899, Final residual = 7.01791e-05, No Iterations 4
time step continuity errors : sum local = 1.06808e-06, global = -3.59704e-07, cumulative = -3.59704e-07
GAMG:  Solving for p, Initial residual = 0.055455, Final residual = 0.000539579, No Iterations 4
GAMG:  Solving for p, Initial residual = 0.00805249, Final residual = 7.55297e-05, No Iterations 18
GAMG:  Solving for p, Initial residual = 0.00372996, Final residual = 3.68063e-05, No Iterations 8
time step continuity errors : sum local = 5.61768e-07, global = -1.24508e-07, cumulative = -4.84212e-07
PIMPLE: iteration 2
DILUPBiCG:  Solving for Ux, Initial residual = 0.0172576, Final residual = 8.34712e-05, No Iterations 1
DILUPBiCG:  Solving for Uy, Initial residual = 0.00290505, Final residual = 7.28257e-06, No Iterations 1
DILUPBiCG:  Solving for Uz, Initial residual = 0.00369965, Final residual = 2.71328e-05, No Iterations 1
GAMG:  Solving for p, Initial residual = 0.0560832, Final residual = 0.000461, No Iterations 4
GAMG:  Solving for p, Initial residual = 0.00961406, Final residual = 9.51643e-05, No Iterations 14
GAMG:  Solving for p, Initial residual = 0.00449314, Final residual = 4.08337e-05, No Iterations 8
time step continuity errors : sum local = 5.32702e-07, global = 1.55421e-07, cumulative = -3.28791e-07
GAMG:  Solving for p, Initial residual = 0.0288191, Final residual = 0.000203357, No Iterations 4
GAMG:  Solving for p, Initial residual = 0.00483346, Final residual = 4.76495e-05, No Iterations 12
GAMG:  Solving for p, Initial residual = 0.0021471, Final residual = 2.00618e-05, No Iterations 8
time step continuity errors : sum local = 2.62914e-07, global = 6.69196e-08, cumulative = -2.61871e-07
PIMPLE: iteration 3
DILUPBiCG:  Solving for Ux, Initial residual = 0.00422089, Final residual = 1.45258e-06, No Iterations 2
DILUPBiCG:  Solving for Uy, Initial residual = 0.000720923, Final residual = 7.93556e-06, No Iterations 1
DILUPBiCG:  Solving for Uz, Initial residual = 0.00908833, Final residual = 2.66928e-06, No Iterations 2
GAMG:  Solving for p, Initial residual = 0.039977, Final residual = 0.000326736, No Iterations 5
GAMG:  Solving for p, Initial residual = 0.00922253, Final residual = 8.45886e-05, No Iterations 7
GAMG:  Solving for p, Initial residual = 0.00418199, Final residual = 3.39696e-05, No Iterations 10
time step continuity errors : sum local = 4.98127e-07, global = 1.27131e-07, cumulative = -1.3474e-07
GAMG:  Solving for p, Initial residual = 0.00229891, Final residual = 2.08417e-05, No Iterations 18
GAMG:  Solving for p, Initial residual = 0.00130344, Final residual = 1.06542e-05, No Iterations 4
GAMG:  Solving for p, Initial residual = 0.000503483, Final residual = 9.57457e-07, No Iterations 28
time step continuity errors : sum local = 1.39763e-08, global = -4.15378e-09, cumulative = -1.38894e-07
DILUPBiCG:  Solving for omega, Initial residual = 0.000660216, Final residual = 7.2183e-07, No Iterations 1
DILUPBiCG:  Solving for k, Initial residual = 0.00450259, Final residual = 1.20883e-06, No Iterations 2
ExecutionTime = 16.6 s  ClockTime = 17 s

End

