/*---------------------------------------------------------------------------*\
| =========                 |                                                 |
| \\      /  F ield         | OpenFOAM: The Open Source CFD Toolbox           |
|  \\    /   O peration     | Version:  2.3.1                                 |
|   \\  /    A nd           | Web:      www.OpenFOAM.org                      |
|    \\/     M anipulation  |                                                 |
\*---------------------------------------------------------------------------*/
Build  : 2.3.1-262087cdf8db
Exec   : pimpleDyMFoam
Date   : Jun 06 2023
Time   : 00:32:37
Host   : "jcosson-VirtualBox"
PID    : 5858
Case   : /home/jcosson/workspace/henersj_shootingdata/calcs/moderate_deformed/primal/100_intervals_05-06-23/sweep19/interval43
nProcs : 1
sigFpe : Enabling floating point exception trapping (FOAM_SIGFPE).
fileModificationChecking : Monitoring run-time modified files using timeStampMaster
allowSystemOperations : Allowing user-supplied system call operations

// * * * * * * * * * * * * * * * * * * * * * * * * * * * * * * * * * * * * * //
Create time

Create mesh for time = 0.442

Selecting dynamicFvMesh dynamicMotionSolverFvMesh
Selecting motion solver: displacementLaplacian
Selecting motion diffusion: quadratic
Selecting motion diffusion: quadratic
Selecting motion diffusion: inverseDistance

PIMPLE: no residual control data found. Calculations will employ 3 corrector loops

Reading field p

Reading field U

Reading/calculating face flux field phi

Selecting incompressible transport model Newtonian
Selecting turbulence model type RASModel
Selecting RAS turbulence model kOmegaSST
kOmegaSSTCoeffs
{
    alphaK1         0.85034;
    alphaK2         1;
    alphaOmega1     0.5;
    alphaOmega2     0.85616;
    gamma1          0.5532;
    gamma2          0.4403;
    beta1           0.075;
    beta2           0.0828;
    betaStar        0.09;
    a1              0.31;
    c1              10;
    Cmu             0.09;
    b1              1;
    F3              false;
}

Reading/calculating face velocity Uf

No finite volume options present

Courant Number mean: 0.26832 max: 0.590888

Starting time loop

Courant Number mean: 0.26832 max: 0.590888
Time = 0.443

GAMG:  Solving for cellDisplacementx, Initial residual = 0, Final residual = 0, No Iterations 0
GAMG:  Solving for cellDisplacementy, Initial residual = 0, Final residual = 0, No Iterations 0
GAMG:  Solving for cellDisplacementz, Initial residual = 0, Final residual = 0, No Iterations 0
PIMPLE: iteration 1
DILUPBiCG:  Solving for Ux, Initial residual = 0.0222565, Final residual = 7.73634e-05, No Iterations 1
DILUPBiCG:  Solving for Uy, Initial residual = 0.0034627, Final residual = 1.01953e-05, No Iterations 1
DILUPBiCG:  Solving for Uz, Initial residual = 0.0115899, Final residual = 2.32369e-05, No Iterations 1
GAMG:  Solving for p, Initial residual = 0.120122, Final residual = 0.000720766, No Iterations 4
GAMG:  Solving for p, Initial residual = 0.0171638, Final residual = 0.000147181, No Iterations 14
GAMG:  Solving for p, Initial residual = 0.00751614, Final residual = 7.0279e-05, No Iterations 10
time step continuity errors : sum local = 5.66438e-07, global = -1.48847e-07, cumulative = -1.48847e-07
GAMG:  Solving for p, Initial residual = 0.0543987, Final residual = 0.000285352, No Iterations 4
GAMG:  Solving for p, Initial residual = 0.00839121, Final residual = 7.54955e-05, No Iterations 12
GAMG:  Solving for p, Initial residual = 0.00375681, Final residual = 3.64689e-05, No Iterations 10
time step continuity errors : sum local = 2.94786e-07, global = -7.86563e-08, cumulative = -2.27503e-07
PIMPLE: iteration 2
DILUPBiCG:  Solving for Ux, Initial residual = 0.00614683, Final residual = 2.49072e-05, No Iterations 1
DILUPBiCG:  Solving for Uy, Initial residual = 0.000986151, Final residual = 6.143e-06, No Iterations 1
DILUPBiCG:  Solving for Uz, Initial residual = 0.00337007, Final residual = 1.01645e-05, No Iterations 1
GAMG:  Solving for p, Initial residual = 0.054409, Final residual = 0.000536567, No Iterations 5
GAMG:  Solving for p, Initial residual = 0.0137369, Final residual = 0.000131056, No Iterations 11
GAMG:  Solving for p, Initial residual = 0.00481262, Final residual = 4.45934e-05, No Iterations 14
time step continuity errors : sum local = 3.0735e-07, global = 9.40088e-08, cumulative = -1.33494e-07
GAMG:  Solving for p, Initial residual = 0.0286499, Final residual = 0.000267978, No Iterations 4
GAMG:  Solving for p, Initial residual = 0.00644182, Final residual = 5.64681e-05, No Iterations 12
GAMG:  Solving for p, Initial residual = 0.00234105, Final residual = 2.2272e-05, No Iterations 12
time step continuity errors : sum local = 1.54544e-07, global = 4.49619e-08, cumulative = -8.85326e-08
PIMPLE: iteration 3
DILUPBiCG:  Solving for Ux, Initial residual = 0.00129015, Final residual = 8.73093e-06, No Iterations 1
DILUPBiCG:  Solving for Uy, Initial residual = 0.00021411, Final residual = 7.79971e-06, No Iterations 1
DILUPBiCG:  Solving for Uz, Initial residual = 0.00489308, Final residual = 7.3448e-06, No Iterations 2
GAMG:  Solving for p, Initial residual = 0.0497668, Final residual = 0.000389621, No Iterations 5
GAMG:  Solving for p, Initial residual = 0.0133607, Final residual = 0.000133202, No Iterations 10
GAMG:  Solving for p, Initial residual = 0.00577709, Final residual = 5.28832e-05, No Iterations 12
time step continuity errors : sum local = 4.04966e-07, global = 1.19891e-07, cumulative = 3.13588e-08
GAMG:  Solving for p, Initial residual = 0.00367245, Final residual = 3.46445e-05, No Iterations 14
GAMG:  Solving for p, Initial residual = 0.00214856, Final residual = 1.70268e-05, No Iterations 4
GAMG:  Solving for p, Initial residual = 0.000727002, Final residual = 9.22487e-07, No Iterations 40
time step continuity errors : sum local = 7.03695e-09, global = -2.08394e-09, cumulative = 2.92749e-08
DILUPBiCG:  Solving for omega, Initial residual = 0.00120621, Final residual = 1.51802e-06, No Iterations 1
DILUPBiCG:  Solving for k, Initial residual = 0.00636262, Final residual = 1.12821e-06, No Iterations 2
ExecutionTime = 17.7 s  ClockTime = 18 s

End

