/*---------------------------------------------------------------------------*\
| =========                 |                                                 |
| \\      /  F ield         | OpenFOAM: The Open Source CFD Toolbox           |
|  \\    /   O peration     | Version:  2.3.1                                 |
|   \\  /    A nd           | Web:      www.OpenFOAM.org                      |
|    \\/     M anipulation  |                                                 |
\*---------------------------------------------------------------------------*/
Build  : 2.3.1-262087cdf8db
Exec   : pimpleDyMFoam
Date   : Jun 06 2023
Time   : 00:32:37
Host   : "jcosson-VirtualBox"
PID    : 5854
Case   : /home/jcosson/workspace/henersj_shootingdata/calcs/moderate_deformed/primal/100_intervals_05-06-23/sweep19/interval41
nProcs : 1
sigFpe : Enabling floating point exception trapping (FOAM_SIGFPE).
fileModificationChecking : Monitoring run-time modified files using timeStampMaster
allowSystemOperations : Allowing user-supplied system call operations

// * * * * * * * * * * * * * * * * * * * * * * * * * * * * * * * * * * * * * //
Create time

Create mesh for time = 0.44

Selecting dynamicFvMesh dynamicMotionSolverFvMesh
Selecting motion solver: displacementLaplacian
Selecting motion diffusion: quadratic
Selecting motion diffusion: quadratic
Selecting motion diffusion: inverseDistance

PIMPLE: no residual control data found. Calculations will employ 3 corrector loops

Reading field p

Reading field U

Reading/calculating face flux field phi

Selecting incompressible transport model Newtonian
Selecting turbulence model type RASModel
Selecting RAS turbulence model kOmegaSST
kOmegaSSTCoeffs
{
    alphaK1         0.85034;
    alphaK2         1;
    alphaOmega1     0.5;
    alphaOmega2     0.85616;
    gamma1          0.5532;
    gamma2          0.4403;
    beta1           0.075;
    beta2           0.0828;
    betaStar        0.09;
    a1              0.31;
    c1              10;
    Cmu             0.09;
    b1              1;
    F3              false;
}

Reading/calculating face velocity Uf

No finite volume options present

Courant Number mean: 0.26214 max: 0.576087

Starting time loop

Courant Number mean: 0.26214 max: 0.576087
Time = 0.441

GAMG:  Solving for cellDisplacementx, Initial residual = 0, Final residual = 0, No Iterations 0
GAMG:  Solving for cellDisplacementy, Initial residual = 0, Final residual = 0, No Iterations 0
GAMG:  Solving for cellDisplacementz, Initial residual = 0, Final residual = 0, No Iterations 0
PIMPLE: iteration 1
DILUPBiCG:  Solving for Ux, Initial residual = 0.0273524, Final residual = 9.22042e-05, No Iterations 1
DILUPBiCG:  Solving for Uy, Initial residual = 0.00426441, Final residual = 1.16782e-05, No Iterations 1
DILUPBiCG:  Solving for Uz, Initial residual = 0.0122606, Final residual = 2.24778e-05, No Iterations 1
GAMG:  Solving for p, Initial residual = 0.118591, Final residual = 0.000876984, No Iterations 4
GAMG:  Solving for p, Initial residual = 0.0166436, Final residual = 0.000163691, No Iterations 14
GAMG:  Solving for p, Initial residual = 0.00725957, Final residual = 6.52154e-05, No Iterations 12
time step continuity errors : sum local = 6.21753e-07, global = -1.84955e-07, cumulative = -1.84955e-07
GAMG:  Solving for p, Initial residual = 0.0530121, Final residual = 0.000337688, No Iterations 4
GAMG:  Solving for p, Initial residual = 0.00814846, Final residual = 6.96321e-05, No Iterations 14
GAMG:  Solving for p, Initial residual = 0.00364586, Final residual = 3.45591e-05, No Iterations 10
time step continuity errors : sum local = 3.30471e-07, global = -8.81732e-08, cumulative = -2.73128e-07
PIMPLE: iteration 2
DILUPBiCG:  Solving for Ux, Initial residual = 0.00764615, Final residual = 2.99961e-05, No Iterations 1
DILUPBiCG:  Solving for Uy, Initial residual = 0.0012267, Final residual = 6.18308e-06, No Iterations 1
DILUPBiCG:  Solving for Uz, Initial residual = 0.0032135, Final residual = 9.14503e-06, No Iterations 1
GAMG:  Solving for p, Initial residual = 0.0529607, Final residual = 0.000340014, No Iterations 6
GAMG:  Solving for p, Initial residual = 0.0124658, Final residual = 0.000117065, No Iterations 12
GAMG:  Solving for p, Initial residual = 0.00445483, Final residual = 3.791e-05, No Iterations 14
time step continuity errors : sum local = 3.07934e-07, global = 9.48541e-08, cumulative = -1.78274e-07
GAMG:  Solving for p, Initial residual = 0.027764, Final residual = 0.00025803, No Iterations 4
GAMG:  Solving for p, Initial residual = 0.00589681, Final residual = 5.4175e-05, No Iterations 12
GAMG:  Solving for p, Initial residual = 0.00220856, Final residual = 2.09968e-05, No Iterations 12
time step continuity errors : sum local = 1.71798e-07, global = 4.97015e-08, cumulative = -1.28573e-07
PIMPLE: iteration 3
DILUPBiCG:  Solving for Ux, Initial residual = 0.00167317, Final residual = 5.38994e-07, No Iterations 2
DILUPBiCG:  Solving for Uy, Initial residual = 0.000275753, Final residual = 8.87482e-06, No Iterations 1
DILUPBiCG:  Solving for Uz, Initial residual = 0.0056542, Final residual = 3.00127e-06, No Iterations 2
GAMG:  Solving for p, Initial residual = 0.0471951, Final residual = 0.000381469, No Iterations 5
GAMG:  Solving for p, Initial residual = 0.0125717, Final residual = 0.000116987, No Iterations 10
GAMG:  Solving for p, Initial residual = 0.00540884, Final residual = 4.57906e-05, No Iterations 12
time step continuity errors : sum local = 4.14577e-07, global = 1.22003e-07, cumulative = -6.56939e-09
GAMG:  Solving for p, Initial residual = 0.00335303, Final residual = 3.22472e-05, No Iterations 16
GAMG:  Solving for p, Initial residual = 0.00199476, Final residual = 1.67382e-05, No Iterations 4
GAMG:  Solving for p, Initial residual = 0.000684301, Final residual = 9.55445e-07, No Iterations 40
time step continuity errors : sum local = 8.62466e-09, global = -2.5556e-09, cumulative = -9.12499e-09
DILUPBiCG:  Solving for omega, Initial residual = 0.00116443, Final residual = 1.42424e-06, No Iterations 1
DILUPBiCG:  Solving for k, Initial residual = 0.00640419, Final residual = 1.28877e-06, No Iterations 2
ExecutionTime = 17.26 s  ClockTime = 18 s

End

