/*---------------------------------------------------------------------------*\
| =========                 |                                                 |
| \\      /  F ield         | OpenFOAM: The Open Source CFD Toolbox           |
|  \\    /   O peration     | Version:  2.3.1                                 |
|   \\  /    A nd           | Web:      www.OpenFOAM.org                      |
|    \\/     M anipulation  |                                                 |
\*---------------------------------------------------------------------------*/
Build  : 2.3.1-262087cdf8db
Exec   : pimpleDyMFoam
Date   : Jun 06 2023
Time   : 00:33:16
Host   : "jcosson-VirtualBox"
PID    : 5923
Case   : /home/jcosson/workspace/henersj_shootingdata/calcs/moderate_deformed/primal/100_intervals_05-06-23/sweep19/interval75
nProcs : 1
sigFpe : Enabling floating point exception trapping (FOAM_SIGFPE).
fileModificationChecking : Monitoring run-time modified files using timeStampMaster
allowSystemOperations : Allowing user-supplied system call operations

// * * * * * * * * * * * * * * * * * * * * * * * * * * * * * * * * * * * * * //
Create time

Create mesh for time = 0.474

Selecting dynamicFvMesh dynamicMotionSolverFvMesh
Selecting motion solver: displacementLaplacian
Selecting motion diffusion: quadratic
Selecting motion diffusion: quadratic
Selecting motion diffusion: inverseDistance

PIMPLE: no residual control data found. Calculations will employ 3 corrector loops

Reading field p

Reading field U

Reading/calculating face flux field phi

Selecting incompressible transport model Newtonian
Selecting turbulence model type RASModel
Selecting RAS turbulence model kOmegaSST
kOmegaSSTCoeffs
{
    alphaK1         0.85034;
    alphaK2         1;
    alphaOmega1     0.5;
    alphaOmega2     0.85616;
    gamma1          0.5532;
    gamma2          0.4403;
    beta1           0.075;
    beta2           0.0828;
    betaStar        0.09;
    a1              0.31;
    c1              10;
    Cmu             0.09;
    b1              1;
    F3              false;
}

Reading/calculating face velocity Uf

No finite volume options present

Courant Number mean: 0.194767 max: 0.436251

Starting time loop

Courant Number mean: 0.194767 max: 0.436251
Time = 0.475

GAMG:  Solving for cellDisplacementx, Initial residual = 0, Final residual = 0, No Iterations 0
GAMG:  Solving for cellDisplacementy, Initial residual = 0, Final residual = 0, No Iterations 0
GAMG:  Solving for cellDisplacementz, Initial residual = 0, Final residual = 0, No Iterations 0
PIMPLE: iteration 1
DILUPBiCG:  Solving for Ux, Initial residual = 0.0569998, Final residual = 0.000231297, No Iterations 1
DILUPBiCG:  Solving for Uy, Initial residual = 0.00959719, Final residual = 2.16862e-05, No Iterations 1
DILUPBiCG:  Solving for Uz, Initial residual = 0.0135934, Final residual = 2.75031e-05, No Iterations 1
GAMG:  Solving for p, Initial residual = 0.125839, Final residual = 0.000927812, No Iterations 6
GAMG:  Solving for p, Initial residual = 0.0150059, Final residual = 0.000139359, No Iterations 18
GAMG:  Solving for p, Initial residual = 0.00659476, Final residual = 5.44016e-05, No Iterations 12
time step continuity errors : sum local = 8.27332e-07, global = 2.48543e-07, cumulative = 2.48543e-07
GAMG:  Solving for p, Initial residual = 0.053776, Final residual = 0.000507189, No Iterations 4
GAMG:  Solving for p, Initial residual = 0.00755296, Final residual = 6.86202e-05, No Iterations 18
GAMG:  Solving for p, Initial residual = 0.00350784, Final residual = 3.28115e-05, No Iterations 10
time step continuity errors : sum local = 4.9922e-07, global = 1.3255e-07, cumulative = 3.81093e-07
PIMPLE: iteration 2
DILUPBiCG:  Solving for Ux, Initial residual = 0.0162411, Final residual = 9.75868e-05, No Iterations 1
DILUPBiCG:  Solving for Uy, Initial residual = 0.00288327, Final residual = 6.49064e-06, No Iterations 1
DILUPBiCG:  Solving for Uz, Initial residual = 0.00334409, Final residual = 1.23188e-05, No Iterations 1
GAMG:  Solving for p, Initial residual = 0.0538438, Final residual = 0.000473466, No Iterations 4
GAMG:  Solving for p, Initial residual = 0.00900876, Final residual = 8.47528e-05, No Iterations 16
GAMG:  Solving for p, Initial residual = 0.00403613, Final residual = 4.00069e-05, No Iterations 8
time step continuity errors : sum local = 5.20435e-07, global = -1.36737e-07, cumulative = 2.44356e-07
GAMG:  Solving for p, Initial residual = 0.0277554, Final residual = 0.00020956, No Iterations 4
GAMG:  Solving for p, Initial residual = 0.00449666, Final residual = 3.96378e-05, No Iterations 14
GAMG:  Solving for p, Initial residual = 0.00189504, Final residual = 1.68759e-05, No Iterations 10
time step continuity errors : sum local = 2.20632e-07, global = -5.63509e-08, cumulative = 1.88005e-07
PIMPLE: iteration 3
DILUPBiCG:  Solving for Ux, Initial residual = 0.00390959, Final residual = 2.33247e-06, No Iterations 2
DILUPBiCG:  Solving for Uy, Initial residual = 0.000704781, Final residual = 6.36684e-06, No Iterations 1
DILUPBiCG:  Solving for Uz, Initial residual = 0.00687538, Final residual = 3.42959e-06, No Iterations 2
GAMG:  Solving for p, Initial residual = 0.0404212, Final residual = 0.000345786, No Iterations 5
GAMG:  Solving for p, Initial residual = 0.0095395, Final residual = 8.93518e-05, No Iterations 7
GAMG:  Solving for p, Initial residual = 0.00434406, Final residual = 3.89558e-05, No Iterations 10
time step continuity errors : sum local = 5.68676e-07, global = -1.45648e-07, cumulative = 4.23563e-08
GAMG:  Solving for p, Initial residual = 0.00245168, Final residual = 2.14466e-05, No Iterations 18
GAMG:  Solving for p, Initial residual = 0.00134856, Final residual = 1.15284e-05, No Iterations 4
GAMG:  Solving for p, Initial residual = 0.000540632, Final residual = 9.53338e-07, No Iterations 32
time step continuity errors : sum local = 1.38464e-08, global = 4.08077e-09, cumulative = 4.64371e-08
DILUPBiCG:  Solving for omega, Initial residual = 0.000756588, Final residual = 8.05178e-07, No Iterations 1
DILUPBiCG:  Solving for k, Initial residual = 0.00435709, Final residual = 1.1913e-06, No Iterations 2
ExecutionTime = 14.52 s  ClockTime = 14 s

End

