/*---------------------------------------------------------------------------*\
| =========                 |                                                 |
| \\      /  F ield         | OpenFOAM: The Open Source CFD Toolbox           |
|  \\    /   O peration     | Version:  2.3.1                                 |
|   \\  /    A nd           | Web:      www.OpenFOAM.org                      |
|    \\/     M anipulation  |                                                 |
\*---------------------------------------------------------------------------*/
Build  : 2.3.1-262087cdf8db
Exec   : pimpleDyMFoam
Date   : Jun 06 2023
Time   : 00:33:10
Host   : "jcosson-VirtualBox"
PID    : 5903
Case   : /home/jcosson/workspace/henersj_shootingdata/calcs/moderate_deformed/primal/100_intervals_05-06-23/sweep19/interval64
nProcs : 1
sigFpe : Enabling floating point exception trapping (FOAM_SIGFPE).
fileModificationChecking : Monitoring run-time modified files using timeStampMaster
allowSystemOperations : Allowing user-supplied system call operations

// * * * * * * * * * * * * * * * * * * * * * * * * * * * * * * * * * * * * * //
Create time

Create mesh for time = 0.463

Selecting dynamicFvMesh dynamicMotionSolverFvMesh
Selecting motion solver: displacementLaplacian
Selecting motion diffusion: quadratic
Selecting motion diffusion: quadratic
Selecting motion diffusion: inverseDistance

PIMPLE: no residual control data found. Calculations will employ 3 corrector loops

Reading field p

Reading field U

Reading/calculating face flux field phi

Selecting incompressible transport model Newtonian
Selecting turbulence model type RASModel
Selecting RAS turbulence model kOmegaSST
kOmegaSSTCoeffs
{
    alphaK1         0.85034;
    alphaK2         1;
    alphaOmega1     0.5;
    alphaOmega2     0.85616;
    gamma1          0.5532;
    gamma2          0.4403;
    beta1           0.075;
    beta2           0.0828;
    betaStar        0.09;
    a1              0.31;
    c1              10;
    Cmu             0.09;
    b1              1;
    F3              false;
}

Reading/calculating face velocity Uf

No finite volume options present

Courant Number mean: 0.25116 max: 0.558414

Starting time loop

Courant Number mean: 0.25116 max: 0.558414
Time = 0.464

GAMG:  Solving for cellDisplacementx, Initial residual = 0, Final residual = 0, No Iterations 0
GAMG:  Solving for cellDisplacementy, Initial residual = 0, Final residual = 0, No Iterations 0
GAMG:  Solving for cellDisplacementz, Initial residual = 0, Final residual = 0, No Iterations 0
PIMPLE: iteration 1
DILUPBiCG:  Solving for Ux, Initial residual = 0.0324034, Final residual = 0.000134204, No Iterations 1
DILUPBiCG:  Solving for Uy, Initial residual = 0.00517086, Final residual = 1.21453e-05, No Iterations 1
DILUPBiCG:  Solving for Uz, Initial residual = 0.0141786, Final residual = 3.90049e-05, No Iterations 1
GAMG:  Solving for p, Initial residual = 0.144696, Final residual = 0.00124032, No Iterations 6
GAMG:  Solving for p, Initial residual = 0.0172297, Final residual = 0.000171087, No Iterations 18
GAMG:  Solving for p, Initial residual = 0.00721673, Final residual = 6.70452e-05, No Iterations 12
time step continuity errors : sum local = 7.16989e-07, global = 2.16427e-07, cumulative = 2.16427e-07
GAMG:  Solving for p, Initial residual = 0.0594382, Final residual = 0.000400576, No Iterations 6
GAMG:  Solving for p, Initial residual = 0.00865578, Final residual = 8.07359e-05, No Iterations 16
GAMG:  Solving for p, Initial residual = 0.00376349, Final residual = 3.28479e-05, No Iterations 12
time step continuity errors : sum local = 3.49961e-07, global = 1.04836e-07, cumulative = 3.21263e-07
PIMPLE: iteration 2
DILUPBiCG:  Solving for Ux, Initial residual = 0.00996986, Final residual = 5.2629e-05, No Iterations 1
DILUPBiCG:  Solving for Uy, Initial residual = 0.00167476, Final residual = 4.28277e-06, No Iterations 1
DILUPBiCG:  Solving for Uz, Initial residual = 0.00386118, Final residual = 1.30135e-05, No Iterations 1
GAMG:  Solving for p, Initial residual = 0.0607324, Final residual = 0.000438829, No Iterations 4
GAMG:  Solving for p, Initial residual = 0.00996093, Final residual = 9.80882e-05, No Iterations 14
GAMG:  Solving for p, Initial residual = 0.00458137, Final residual = 4.54355e-05, No Iterations 8
time step continuity errors : sum local = 4.09582e-07, global = -1.24363e-07, cumulative = 1.969e-07
GAMG:  Solving for p, Initial residual = 0.0308463, Final residual = 0.000186782, No Iterations 4
GAMG:  Solving for p, Initial residual = 0.0048647, Final residual = 4.51681e-05, No Iterations 12
GAMG:  Solving for p, Initial residual = 0.00215599, Final residual = 2.08562e-05, No Iterations 8
time step continuity errors : sum local = 1.88984e-07, global = -5.51793e-08, cumulative = 1.41721e-07
PIMPLE: iteration 3
DILUPBiCG:  Solving for Ux, Initial residual = 0.00264705, Final residual = 1.16777e-06, No Iterations 2
DILUPBiCG:  Solving for Uy, Initial residual = 0.000441428, Final residual = 7.23449e-06, No Iterations 1
DILUPBiCG:  Solving for Uz, Initial residual = 0.00637113, Final residual = 1.93279e-06, No Iterations 2
GAMG:  Solving for p, Initial residual = 0.0413471, Final residual = 0.000332274, No Iterations 5
GAMG:  Solving for p, Initial residual = 0.00950668, Final residual = 9.47708e-05, No Iterations 13
GAMG:  Solving for p, Initial residual = 0.00446754, Final residual = 3.89192e-05, No Iterations 12
time step continuity errors : sum local = 3.9197e-07, global = -1.15312e-07, cumulative = 2.64089e-08
GAMG:  Solving for p, Initial residual = 0.00280384, Final residual = 2.65627e-05, No Iterations 18
GAMG:  Solving for p, Initial residual = 0.00157474, Final residual = 1.40776e-05, No Iterations 4
GAMG:  Solving for p, Initial residual = 0.000604824, Final residual = 9.26197e-07, No Iterations 38
time step continuity errors : sum local = 9.30519e-09, global = 2.75641e-09, cumulative = 2.91654e-08
DILUPBiCG:  Solving for omega, Initial residual = 0.000593311, Final residual = 1.42182e-06, No Iterations 1
DILUPBiCG:  Solving for k, Initial residual = 0.00481359, Final residual = 1.1107e-06, No Iterations 2
ExecutionTime = 17.13 s  ClockTime = 17 s

End

