/*---------------------------------------------------------------------------*\
| =========                 |                                                 |
| \\      /  F ield         | OpenFOAM: The Open Source CFD Toolbox           |
|  \\    /   O peration     | Version:  2.3.1                                 |
|   \\  /    A nd           | Web:      www.OpenFOAM.org                      |
|    \\/     M anipulation  |                                                 |
\*---------------------------------------------------------------------------*/
Build  : 2.3.1-262087cdf8db
Exec   : pimpleDyMFoam
Date   : Jun 06 2023
Time   : 00:32:54
Host   : "jcosson-VirtualBox"
PID    : 5869
Case   : /home/jcosson/workspace/henersj_shootingdata/calcs/moderate_deformed/primal/100_intervals_05-06-23/sweep19/interval48
nProcs : 1
sigFpe : Enabling floating point exception trapping (FOAM_SIGFPE).
fileModificationChecking : Monitoring run-time modified files using timeStampMaster
allowSystemOperations : Allowing user-supplied system call operations

// * * * * * * * * * * * * * * * * * * * * * * * * * * * * * * * * * * * * * //
Create time

Create mesh for time = 0.447

Selecting dynamicFvMesh dynamicMotionSolverFvMesh
Selecting motion solver: displacementLaplacian
Selecting motion diffusion: quadratic
Selecting motion diffusion: quadratic
Selecting motion diffusion: inverseDistance

PIMPLE: no residual control data found. Calculations will employ 3 corrector loops

Reading field p

Reading field U

Reading/calculating face flux field phi

Selecting incompressible transport model Newtonian
Selecting turbulence model type RASModel
Selecting RAS turbulence model kOmegaSST
kOmegaSSTCoeffs
{
    alphaK1         0.85034;
    alphaK2         1;
    alphaOmega1     0.5;
    alphaOmega2     0.85616;
    gamma1          0.5532;
    gamma2          0.4403;
    beta1           0.075;
    beta2           0.0828;
    betaStar        0.09;
    a1              0.31;
    c1              10;
    Cmu             0.09;
    b1              1;
    F3              false;
}

Reading/calculating face velocity Uf

No finite volume options present

Courant Number mean: 0.278065 max: 0.614757

Starting time loop

Courant Number mean: 0.278065 max: 0.614757
Time = 0.448

GAMG:  Solving for cellDisplacementx, Initial residual = 0, Final residual = 0, No Iterations 0
GAMG:  Solving for cellDisplacementy, Initial residual = 0, Final residual = 0, No Iterations 0
GAMG:  Solving for cellDisplacementz, Initial residual = 0, Final residual = 0, No Iterations 0
PIMPLE: iteration 1
DILUPBiCG:  Solving for Ux, Initial residual = 0.00931122, Final residual = 4.22617e-05, No Iterations 1
DILUPBiCG:  Solving for Uy, Initial residual = 0.00148089, Final residual = 7.09149e-06, No Iterations 1
DILUPBiCG:  Solving for Uz, Initial residual = 0.0119103, Final residual = 2.96112e-05, No Iterations 1
GAMG:  Solving for p, Initial residual = 0.136989, Final residual = 0.000848316, No Iterations 3
GAMG:  Solving for p, Initial residual = 0.0222129, Final residual = 0.000126261, No Iterations 4
GAMG:  Solving for p, Initial residual = 0.00897035, Final residual = 4.06925e-05, No Iterations 4
time step continuity errors : sum local = 1.61406e-07, global = 5.03188e-08, cumulative = 5.03188e-08
GAMG:  Solving for p, Initial residual = 0.0672979, Final residual = 0.00035823, No Iterations 3
GAMG:  Solving for p, Initial residual = 0.0107849, Final residual = 5.79163e-05, No Iterations 4
GAMG:  Solving for p, Initial residual = 0.00449482, Final residual = 2.57164e-05, No Iterations 4
time step continuity errors : sum local = 1.02362e-07, global = 2.57157e-08, cumulative = 7.60346e-08
PIMPLE: iteration 2
DILUPBiCG:  Solving for Ux, Initial residual = 0.00229033, Final residual = 1.64644e-05, No Iterations 1
DILUPBiCG:  Solving for Uy, Initial residual = 0.000374517, Final residual = 8.691e-06, No Iterations 1
DILUPBiCG:  Solving for Uz, Initial residual = 0.00397118, Final residual = 1.80587e-05, No Iterations 1
GAMG:  Solving for p, Initial residual = 0.0682661, Final residual = 0.00052883, No Iterations 5
GAMG:  Solving for p, Initial residual = 0.0226966, Final residual = 0.000226434, No Iterations 7
GAMG:  Solving for p, Initial residual = 0.00636711, Final residual = 6.16099e-05, No Iterations 16
time step continuity errors : sum local = 2.13458e-07, global = 6.18358e-08, cumulative = 1.3787e-07
GAMG:  Solving for p, Initial residual = 0.0365921, Final residual = 0.000320895, No Iterations 4
GAMG:  Solving for p, Initial residual = 0.010526, Final residual = 0.000103213, No Iterations 8
GAMG:  Solving for p, Initial residual = 0.00312354, Final residual = 3.11429e-05, No Iterations 14
time step continuity errors : sum local = 1.0845e-07, global = 3.16373e-08, cumulative = 1.69508e-07
PIMPLE: iteration 3
DILUPBiCG:  Solving for Ux, Initial residual = 0.000317952, Final residual = 3.85448e-06, No Iterations 1
DILUPBiCG:  Solving for Uy, Initial residual = 6.16729e-05, Final residual = 9.68747e-07, No Iterations 1
DILUPBiCG:  Solving for Uz, Initial residual = 0.00268702, Final residual = 3.8145e-06, No Iterations 2
GAMG:  Solving for p, Initial residual = 0.0678788, Final residual = 0.000436761, No Iterations 5
GAMG:  Solving for p, Initial residual = 0.0175539, Final residual = 0.000168337, No Iterations 12
GAMG:  Solving for p, Initial residual = 0.00858642, Final residual = 7.89828e-05, No Iterations 10
time step continuity errors : sum local = 2.9708e-07, global = 7.83932e-08, cumulative = 2.47901e-07
GAMG:  Solving for p, Initial residual = 0.00560613, Final residual = 5.53952e-05, No Iterations 7
GAMG:  Solving for p, Initial residual = 0.00310142, Final residual = 2.80232e-05, No Iterations 8
GAMG:  Solving for p, Initial residual = 0.0010088, Final residual = 9.50109e-07, No Iterations 40
time step continuity errors : sum local = 3.54861e-09, global = -1.05287e-09, cumulative = 2.46848e-07
DILUPBiCG:  Solving for omega, Initial residual = 0.00118821, Final residual = 1.59683e-06, No Iterations 1
DILUPBiCG:  Solving for k, Initial residual = 0.00578006, Final residual = 9.69337e-07, No Iterations 2
ExecutionTime = 15.37 s  ClockTime = 16 s

End

