/*---------------------------------------------------------------------------*\
| =========                 |                                                 |
| \\      /  F ield         | OpenFOAM: The Open Source CFD Toolbox           |
|  \\    /   O peration     | Version:  2.3.1                                 |
|   \\  /    A nd           | Web:      www.OpenFOAM.org                      |
|    \\/     M anipulation  |                                                 |
\*---------------------------------------------------------------------------*/
Build  : 2.3.1-262087cdf8db
Exec   : pimpleDyMFoam
Date   : Jun 05 2023
Time   : 23:22:09
Host   : "jcosson-VirtualBox"
PID    : 2887
Case   : /home/jcosson/workspace/henersj_shootingdata/calcs/moderate_deformed/primal/100_intervals_05-06-23/sweep1/interval1
nProcs : 1
sigFpe : Enabling floating point exception trapping (FOAM_SIGFPE).
fileModificationChecking : Monitoring run-time modified files using timeStampMaster
allowSystemOperations : Allowing user-supplied system call operations

// * * * * * * * * * * * * * * * * * * * * * * * * * * * * * * * * * * * * * //
Create time

Create mesh for time = 0.4

Selecting dynamicFvMesh dynamicMotionSolverFvMesh
Selecting motion solver: displacementLaplacian
Selecting motion diffusion: quadratic
Selecting motion diffusion: quadratic
Selecting motion diffusion: inverseDistance

PIMPLE: no residual control data found. Calculations will employ 3 corrector loops

Reading field p

Reading field U

Reading/calculating face flux field phi

Selecting incompressible transport model Newtonian
Selecting turbulence model type RASModel
Selecting RAS turbulence model kOmegaSST
kOmegaSSTCoeffs
{
    alphaK1         0.85034;
    alphaK2         1;
    alphaOmega1     0.5;
    alphaOmega2     0.85616;
    gamma1          0.5532;
    gamma2          0.4403;
    beta1           0.075;
    beta2           0.0828;
    betaStar        0.09;
    a1              0.31;
    c1              10;
    Cmu             0.09;
    b1              1;
    F3              false;
}

Reading/calculating face velocity Uf

No finite volume options present

Courant Number mean: 0.0968566 max: 0.218445

Starting time loop

Courant Number mean: 0.0968566 max: 0.218445
Time = 0.401

GAMG:  Solving for cellDisplacementx, Initial residual = 0, Final residual = 0, No Iterations 0
GAMG:  Solving for cellDisplacementy, Initial residual = 0, Final residual = 0, No Iterations 0
GAMG:  Solving for cellDisplacementz, Initial residual = 0, Final residual = 0, No Iterations 0
PIMPLE: iteration 1
DILUPBiCG:  Solving for Ux, Initial residual = 0.00395177, Final residual = 1.53794e-06, No Iterations 2
DILUPBiCG:  Solving for Uy, Initial residual = 0.00116178, Final residual = 1.79804e-06, No Iterations 1
DILUPBiCG:  Solving for Uz, Initial residual = 0.019078, Final residual = 4.40646e-05, No Iterations 1
GAMG:  Solving for p, Initial residual = 0.798281, Final residual = 0.00700504, No Iterations 11
GAMG:  Solving for p, Initial residual = 0.100939, Final residual = 0.000993133, No Iterations 6
GAMG:  Solving for p, Initial residual = 0.0377117, Final residual = 0.000349429, No Iterations 8
time step continuity errors : sum local = 1.24194e-06, global = 3.19432e-07, cumulative = 3.19432e-07
GAMG:  Solving for p, Initial residual = 0.249376, Final residual = 0.00219042, No Iterations 11
GAMG:  Solving for p, Initial residual = 0.047463, Final residual = 0.000471844, No Iterations 6
GAMG:  Solving for p, Initial residual = 0.0177713, Final residual = 0.000152203, No Iterations 10
time step continuity errors : sum local = 5.26311e-07, global = 1.69916e-07, cumulative = 4.89348e-07
PIMPLE: iteration 2
DILUPBiCG:  Solving for Ux, Initial residual = 0.00265362, Final residual = 3.36825e-06, No Iterations 1
DILUPBiCG:  Solving for Uy, Initial residual = 0.00390657, Final residual = 2.3946e-05, No Iterations 1
DILUPBiCG:  Solving for Uz, Initial residual = 0.0213944, Final residual = 4.04799e-05, No Iterations 1
GAMG:  Solving for p, Initial residual = 0.227134, Final residual = 0.00188293, No Iterations 11
GAMG:  Solving for p, Initial residual = 0.0439495, Final residual = 0.000376071, No Iterations 8
GAMG:  Solving for p, Initial residual = 0.0166219, Final residual = 0.000148937, No Iterations 8
time step continuity errors : sum local = 4.76931e-07, global = 1.3894e-07, cumulative = 6.28288e-07
GAMG:  Solving for p, Initial residual = 0.0953666, Final residual = 0.000951326, No Iterations 10
GAMG:  Solving for p, Initial residual = 0.020748, Final residual = 0.000191929, No Iterations 6
GAMG:  Solving for p, Initial residual = 0.00797444, Final residual = 7.76432e-05, No Iterations 10
time step continuity errors : sum local = 2.48411e-07, global = -6.58485e-08, cumulative = 5.62439e-07
PIMPLE: iteration 3
DILUPBiCG:  Solving for Ux, Initial residual = 0.00147185, Final residual = 5.16063e-06, No Iterations 1
DILUPBiCG:  Solving for Uy, Initial residual = 0.00290772, Final residual = 1.75554e-06, No Iterations 2
DILUPBiCG:  Solving for Uz, Initial residual = 0.0124286, Final residual = 2.05763e-06, No Iterations 2
GAMG:  Solving for p, Initial residual = 0.0473333, Final residual = 0.000440027, No Iterations 9
GAMG:  Solving for p, Initial residual = 0.0114236, Final residual = 0.00010494, No Iterations 10
GAMG:  Solving for p, Initial residual = 0.00438604, Final residual = 3.8786e-05, No Iterations 6
time step continuity errors : sum local = 1.3148e-07, global = 4.7886e-08, cumulative = 6.10325e-07
GAMG:  Solving for p, Initial residual = 0.00465973, Final residual = 3.21067e-05, No Iterations 5
GAMG:  Solving for p, Initial residual = 0.00214891, Final residual = 1.47976e-05, No Iterations 4
GAMG:  Solving for p, Initial residual = 0.000844267, Final residual = 9.5024e-07, No Iterations 15
time step continuity errors : sum local = 3.20484e-09, global = 1.05417e-09, cumulative = 6.11379e-07
DILUPBiCG:  Solving for omega, Initial residual = 0.00170076, Final residual = 1.01826e-06, No Iterations 1
DILUPBiCG:  Solving for k, Initial residual = 0.00382262, Final residual = 7.28402e-07, No Iterations 2
ExecutionTime = 17.75 s  ClockTime = 18 s

End

