/*---------------------------------------------------------------------------*\
| =========                 |                                                 |
| \\      /  F ield         | OpenFOAM: The Open Source CFD Toolbox           |
|  \\    /   O peration     | Version:  2.3.1                                 |
|   \\  /    A nd           | Web:      www.OpenFOAM.org                      |
|    \\/     M anipulation  |                                                 |
\*---------------------------------------------------------------------------*/
Build  : 2.3.1-262087cdf8db
Exec   : pimpleDyMFoam
Date   : Jun 06 2023
Time   : 02:49:46
Host   : "jcosson-VirtualBox"
PID    : 10522
Case   : /home/jcosson/workspace/henersj_shootingdata/calcs/moderate_deformed/primal/100_intervals_05-06-23/sweep76/interval92
nProcs : 1
sigFpe : Enabling floating point exception trapping (FOAM_SIGFPE).
fileModificationChecking : Monitoring run-time modified files using timeStampMaster
allowSystemOperations : Allowing user-supplied system call operations

// * * * * * * * * * * * * * * * * * * * * * * * * * * * * * * * * * * * * * //
Create time

Create mesh for time = 0.491

Selecting dynamicFvMesh dynamicMotionSolverFvMesh
Selecting motion solver: displacementLaplacian
Selecting motion diffusion: quadratic
Selecting motion diffusion: quadratic
Selecting motion diffusion: inverseDistance

PIMPLE: no residual control data found. Calculations will employ 3 corrector loops

Reading field p

Reading field U

Reading/calculating face flux field phi

Selecting incompressible transport model Newtonian
Selecting turbulence model type RASModel
Selecting RAS turbulence model kOmegaSST
bounding k, min: 0 max: 0.000569117 average: 0.000147796
kOmegaSSTCoeffs
{
    alphaK1         0.85034;
    alphaK2         1;
    alphaOmega1     0.5;
    alphaOmega2     0.85616;
    gamma1          0.5532;
    gamma2          0.4403;
    beta1           0.075;
    beta2           0.0828;
    betaStar        0.09;
    a1              0.31;
    c1              10;
    Cmu             0.09;
    b1              1;
    F3              false;
}

Reading/calculating face velocity Uf

No finite volume options present

Courant Number mean: 0.112449 max: 0.242768

Starting time loop

Courant Number mean: 0.112449 max: 0.242768
Time = 0.492

GAMG:  Solving for cellDisplacementx, Initial residual = 0, Final residual = 0, No Iterations 0
GAMG:  Solving for cellDisplacementy, Initial residual = 0, Final residual = 0, No Iterations 0
GAMG:  Solving for cellDisplacementz, Initial residual = 0, Final residual = 0, No Iterations 0
PIMPLE: iteration 1
DILUPBiCG:  Solving for Ux, Initial residual = 0.0483849, Final residual = 0.000189778, No Iterations 1
DILUPBiCG:  Solving for Uy, Initial residual = 0.00995906, Final residual = 2.04997e-05, No Iterations 1
DILUPBiCG:  Solving for Uz, Initial residual = 0.0120184, Final residual = 1.19864e-05, No Iterations 1
GAMG:  Solving for p, Initial residual = 0.112162, Final residual = 0.000591482, No Iterations 4
GAMG:  Solving for p, Initial residual = 0.0153885, Final residual = 0.000132166, No Iterations 16
GAMG:  Solving for p, Initial residual = 0.00736004, Final residual = 5.80002e-05, No Iterations 4
time step continuity errors : sum local = 5.50539e-07, global = 1.80122e-07, cumulative = 1.80122e-07
GAMG:  Solving for p, Initial residual = 0.0512671, Final residual = 0.000258881, No Iterations 4
GAMG:  Solving for p, Initial residual = 0.00751681, Final residual = 6.89094e-05, No Iterations 14
GAMG:  Solving for p, Initial residual = 0.00370342, Final residual = 3.12534e-05, No Iterations 4
time step continuity errors : sum local = 2.98627e-07, global = 9.82285e-08, cumulative = 2.78351e-07
PIMPLE: iteration 2
DILUPBiCG:  Solving for Ux, Initial residual = 0.0122613, Final residual = 7.61715e-05, No Iterations 1
DILUPBiCG:  Solving for Uy, Initial residual = 0.00258483, Final residual = 5.28664e-06, No Iterations 1
DILUPBiCG:  Solving for Uz, Initial residual = 0.00273802, Final residual = 1.09655e-05, No Iterations 1
GAMG:  Solving for p, Initial residual = 0.0498571, Final residual = 0.000493503, No Iterations 5
GAMG:  Solving for p, Initial residual = 0.011701, Final residual = 0.000105463, No Iterations 8
GAMG:  Solving for p, Initial residual = 0.00466548, Final residual = 2.30348e-05, No Iterations 5
time step continuity errors : sum local = 1.91767e-07, global = -4.13324e-08, cumulative = 2.37018e-07
GAMG:  Solving for p, Initial residual = 0.0264537, Final residual = 0.000237557, No Iterations 4
GAMG:  Solving for p, Initial residual = 0.00623413, Final residual = 5.46766e-05, No Iterations 12
GAMG:  Solving for p, Initial residual = 0.00233969, Final residual = 2.10655e-05, No Iterations 10
time step continuity errors : sum local = 1.75734e-07, global = -4.45602e-08, cumulative = 1.92458e-07
PIMPLE: iteration 3
DILUPBiCG:  Solving for Ux, Initial residual = 0.00248737, Final residual = 2.98727e-06, No Iterations 2
DILUPBiCG:  Solving for Uy, Initial residual = 0.000557248, Final residual = 5.36692e-06, No Iterations 1
DILUPBiCG:  Solving for Uz, Initial residual = 0.00414592, Final residual = 2.49734e-06, No Iterations 2
GAMG:  Solving for p, Initial residual = 0.0476303, Final residual = 0.000354606, No Iterations 5
GAMG:  Solving for p, Initial residual = 0.0107681, Final residual = 0.000102533, No Iterations 14
GAMG:  Solving for p, Initial residual = 0.00569923, Final residual = 5.37515e-05, No Iterations 10
time step continuity errors : sum local = 5.00008e-07, global = -1.33906e-07, cumulative = 5.85524e-08
GAMG:  Solving for p, Initial residual = 0.00260693, Final residual = 2.04632e-05, No Iterations 8
GAMG:  Solving for p, Initial residual = 0.00133111, Final residual = 1.29182e-05, No Iterations 4
GAMG:  Solving for p, Initial residual = 0.000524582, Final residual = 9.64978e-07, No Iterations 21
time step continuity errors : sum local = 8.86463e-09, global = 2.62005e-09, cumulative = 6.11724e-08
DILUPBiCG:  Solving for omega, Initial residual = 0.00121277, Final residual = 6.9609e-07, No Iterations 1
DILUPBiCG:  Solving for k, Initial residual = 0.00327505, Final residual = 6.54102e-07, No Iterations 2
bounding k, min: 0 max: 0.000553717 average: 0.000147035
ExecutionTime = 11.61 s  ClockTime = 11 s

End

