/*---------------------------------------------------------------------------*\
| =========                 |                                                 |
| \\      /  F ield         | OpenFOAM: The Open Source CFD Toolbox           |
|  \\    /   O peration     | Version:  2.3.1                                 |
|   \\  /    A nd           | Web:      www.OpenFOAM.org                      |
|    \\/     M anipulation  |                                                 |
\*---------------------------------------------------------------------------*/
Build  : 2.3.1-262087cdf8db
Exec   : pimpleDyMFoam
Date   : Jun 06 2023
Time   : 03:05:25
Host   : "jcosson-VirtualBox"
PID    : 18353
Case   : /home/jcosson/workspace/henersj_shootingdata/calcs/moderate_deformed/primal/100_intervals_05-06-23/sweep91/interval95
nProcs : 1
sigFpe : Enabling floating point exception trapping (FOAM_SIGFPE).
fileModificationChecking : Monitoring run-time modified files using timeStampMaster
allowSystemOperations : Allowing user-supplied system call operations

// * * * * * * * * * * * * * * * * * * * * * * * * * * * * * * * * * * * * * //
Create time

Create mesh for time = 0.494

Selecting dynamicFvMesh dynamicMotionSolverFvMesh
Selecting motion solver: displacementLaplacian
Selecting motion diffusion: quadratic
Selecting motion diffusion: quadratic
Selecting motion diffusion: inverseDistance

PIMPLE: no residual control data found. Calculations will employ 3 corrector loops

Reading field p

Reading field U

Reading/calculating face flux field phi

Selecting incompressible transport model Newtonian
Selecting turbulence model type RASModel
Selecting RAS turbulence model kOmegaSST
bounding k, min: 0 max: 0.000531549 average: 0.000145087
kOmegaSSTCoeffs
{
    alphaK1         0.85034;
    alphaK2         1;
    alphaOmega1     0.5;
    alphaOmega2     0.85616;
    gamma1          0.5532;
    gamma2          0.4403;
    beta1           0.075;
    beta2           0.0828;
    betaStar        0.09;
    a1              0.31;
    c1              10;
    Cmu             0.09;
    b1              1;
    F3              false;
}

Reading/calculating face velocity Uf

No finite volume options present

Courant Number mean: 0.104622 max: 0.226867

Starting time loop

Courant Number mean: 0.104622 max: 0.226867
Time = 0.495

GAMG:  Solving for cellDisplacementx, Initial residual = 0, Final residual = 0, No Iterations 0
GAMG:  Solving for cellDisplacementy, Initial residual = 0, Final residual = 0, No Iterations 0
GAMG:  Solving for cellDisplacementz, Initial residual = 0, Final residual = 0, No Iterations 0
PIMPLE: iteration 1
DILUPBiCG:  Solving for Ux, Initial residual = 0.0359011, Final residual = 0.000142016, No Iterations 1
DILUPBiCG:  Solving for Uy, Initial residual = 0.00757632, Final residual = 1.55297e-05, No Iterations 1
DILUPBiCG:  Solving for Uz, Initial residual = 0.00984672, Final residual = 1.12149e-05, No Iterations 1
GAMG:  Solving for p, Initial residual = 0.10468, Final residual = 0.000398384, No Iterations 4
GAMG:  Solving for p, Initial residual = 0.0141678, Final residual = 0.000122374, No Iterations 14
GAMG:  Solving for p, Initial residual = 0.00730376, Final residual = 5.5386e-05, No Iterations 4
time step continuity errors : sum local = 3.83517e-07, global = 1.42806e-07, cumulative = 1.42806e-07
GAMG:  Solving for p, Initial residual = 0.0491482, Final residual = 0.000472363, No Iterations 3
GAMG:  Solving for p, Initial residual = 0.00697155, Final residual = 6.41802e-05, No Iterations 13
GAMG:  Solving for p, Initial residual = 0.00366358, Final residual = 3.39829e-05, No Iterations 4
time step continuity errors : sum local = 2.37142e-07, global = 9.10897e-08, cumulative = 2.33896e-07
PIMPLE: iteration 2
DILUPBiCG:  Solving for Ux, Initial residual = 0.00874305, Final residual = 5.5673e-05, No Iterations 1
DILUPBiCG:  Solving for Uy, Initial residual = 0.00189143, Final residual = 3.87869e-06, No Iterations 1
DILUPBiCG:  Solving for Uz, Initial residual = 0.00294345, Final residual = 9.60048e-05, No Iterations 1
GAMG:  Solving for p, Initial residual = 0.0470325, Final residual = 0.000326888, No Iterations 6
GAMG:  Solving for p, Initial residual = 0.0131969, Final residual = 0.000131666, No Iterations 10
GAMG:  Solving for p, Initial residual = 0.00411444, Final residual = 3.60157e-05, No Iterations 16
time step continuity errors : sum local = 2.20035e-07, global = -6.5985e-08, cumulative = 1.67911e-07
GAMG:  Solving for p, Initial residual = 0.0249983, Final residual = 0.000238579, No Iterations 5
GAMG:  Solving for p, Initial residual = 0.00688557, Final residual = 6.71962e-05, No Iterations 7
GAMG:  Solving for p, Initial residual = 0.00203982, Final residual = 1.78557e-05, No Iterations 16
time step continuity errors : sum local = 1.09156e-07, global = -3.23419e-08, cumulative = 1.35569e-07
PIMPLE: iteration 3
DILUPBiCG:  Solving for Ux, Initial residual = 0.00159519, Final residual = 9.3248e-08, No Iterations 3
DILUPBiCG:  Solving for Uy, Initial residual = 0.00037857, Final residual = 9.57651e-06, No Iterations 1
DILUPBiCG:  Solving for Uz, Initial residual = 0.00304665, Final residual = 8.05537e-06, No Iterations 2
GAMG:  Solving for p, Initial residual = 0.0536904, Final residual = 0.000371859, No Iterations 5
GAMG:  Solving for p, Initial residual = 0.0115697, Final residual = 0.000112461, No Iterations 14
GAMG:  Solving for p, Initial residual = 0.00644391, Final residual = 6.01051e-05, No Iterations 10
time step continuity errors : sum local = 4.06074e-07, global = -1.11699e-07, cumulative = 2.38701e-08
GAMG:  Solving for p, Initial residual = 0.00279352, Final residual = 2.33431e-05, No Iterations 8
GAMG:  Solving for p, Initial residual = 0.00147198, Final residual = 1.4013e-05, No Iterations 4
GAMG:  Solving for p, Initial residual = 0.000586664, Final residual = 8.94879e-07, No Iterations 25
time step continuity errors : sum local = 5.95953e-09, global = 1.91269e-09, cumulative = 2.57827e-08
DILUPBiCG:  Solving for omega, Initial residual = 0.00126141, Final residual = 6.71772e-07, No Iterations 1
DILUPBiCG:  Solving for k, Initial residual = 0.00311569, Final residual = 6.66274e-07, No Iterations 2
bounding k, min: 0 max: 0.000525481 average: 0.000144412
ExecutionTime = 10.98 s  ClockTime = 11 s

End

