/*---------------------------------------------------------------------------*\
| =========                 |                                                 |
| \\      /  F ield         | OpenFOAM: The Open Source CFD Toolbox           |
|  \\    /   O peration     | Version:  2.3.1                                 |
|   \\  /    A nd           | Web:      www.OpenFOAM.org                      |
|    \\/     M anipulation  |                                                 |
\*---------------------------------------------------------------------------*/
Build  : 2.3.1-262087cdf8db
Exec   : pimpleDyMFoam
Date   : Jun 05 2023
Time   : 18:00:55
Host   : "jcosson-VirtualBox"
PID    : 8222
Case   : /home/jcosson/workspace/henersj_shootingdata/calcs/moderate_deformed/primal/56_intervals_05-06-23/sweep5/interval27
nProcs : 1
sigFpe : Enabling floating point exception trapping (FOAM_SIGFPE).
fileModificationChecking : Monitoring run-time modified files using timeStampMaster
allowSystemOperations : Allowing user-supplied system call operations

// * * * * * * * * * * * * * * * * * * * * * * * * * * * * * * * * * * * * * //
Create time

Create mesh for time = 0.446

Selecting dynamicFvMesh dynamicMotionSolverFvMesh
Selecting motion solver: displacementLaplacian
Selecting motion diffusion: quadratic
Selecting motion diffusion: quadratic
Selecting motion diffusion: inverseDistance

PIMPLE: no residual control data found. Calculations will employ 3 corrector loops

Reading field p

Reading field U

Reading/calculating face flux field phi

Selecting incompressible transport model Newtonian
Selecting turbulence model type RASModel
Selecting RAS turbulence model kOmegaSST
kOmegaSSTCoeffs
{
    alphaK1         0.85034;
    alphaK2         1;
    alphaOmega1     0.5;
    alphaOmega2     0.85616;
    gamma1          0.5532;
    gamma2          0.4403;
    beta1           0.075;
    beta2           0.0828;
    betaStar        0.09;
    a1              0.31;
    c1              10;
    Cmu             0.09;
    b1              1;
    F3              false;
}

Reading/calculating face velocity Uf

No finite volume options present

Courant Number mean: 0.276565 max: 0.619026

Starting time loop

Courant Number mean: 0.276565 max: 0.619026
Time = 0.447

GAMG:  Solving for cellDisplacementx, Initial residual = 0, Final residual = 0, No Iterations 0
GAMG:  Solving for cellDisplacementy, Initial residual = 0, Final residual = 0, No Iterations 0
GAMG:  Solving for cellDisplacementz, Initial residual = 0, Final residual = 0, No Iterations 0
PIMPLE: iteration 1
DILUPBiCG:  Solving for Ux, Initial residual = 0.0118918, Final residual = 4.91293e-05, No Iterations 1
DILUPBiCG:  Solving for Uy, Initial residual = 0.00188447, Final residual = 7.49646e-06, No Iterations 1
DILUPBiCG:  Solving for Uz, Initial residual = 0.014748, Final residual = 3.44858e-05, No Iterations 1
GAMG:  Solving for p, Initial residual = 0.144388, Final residual = 0.00111409, No Iterations 3
GAMG:  Solving for p, Initial residual = 0.0228199, Final residual = 0.000179912, No Iterations 4
GAMG:  Solving for p, Initial residual = 0.0094299, Final residual = 8.60628e-05, No Iterations 4
time step continuity errors : sum local = 3.61657e-07, global = 1.31496e-07, cumulative = 1.31496e-07
GAMG:  Solving for p, Initial residual = 0.0695841, Final residual = 0.000501332, No Iterations 3
GAMG:  Solving for p, Initial residual = 0.0112238, Final residual = 8.26734e-05, No Iterations 4
GAMG:  Solving for p, Initial residual = 0.00481406, Final residual = 2.89218e-05, No Iterations 4
time step continuity errors : sum local = 1.22336e-07, global = 8.96366e-09, cumulative = 1.4046e-07
PIMPLE: iteration 2
DILUPBiCG:  Solving for Ux, Initial residual = 0.00306253, Final residual = 1.76501e-05, No Iterations 1
DILUPBiCG:  Solving for Uy, Initial residual = 0.000500249, Final residual = 7.63361e-06, No Iterations 1
DILUPBiCG:  Solving for Uz, Initial residual = 0.0040717, Final residual = 1.19301e-05, No Iterations 1
GAMG:  Solving for p, Initial residual = 0.0709762, Final residual = 0.000609355, No Iterations 5
GAMG:  Solving for p, Initial residual = 0.0195985, Final residual = 0.000166822, No Iterations 11
GAMG:  Solving for p, Initial residual = 0.00672465, Final residual = 5.87012e-05, No Iterations 14
time step continuity errors : sum local = 2.11698e-07, global = 6.48345e-08, cumulative = 2.05294e-07
GAMG:  Solving for p, Initial residual = 0.0381982, Final residual = 0.000352811, No Iterations 4
GAMG:  Solving for p, Initial residual = 0.00926075, Final residual = 7.71364e-05, No Iterations 12
GAMG:  Solving for p, Initial residual = 0.00332181, Final residual = 3.0767e-05, No Iterations 12
time step continuity errors : sum local = 1.11786e-07, global = 3.29813e-08, cumulative = 2.38275e-07
PIMPLE: iteration 3
DILUPBiCG:  Solving for Ux, Initial residual = 0.000504378, Final residual = 5.38666e-06, No Iterations 1
DILUPBiCG:  Solving for Uy, Initial residual = 9.07241e-05, Final residual = 2.94704e-06, No Iterations 1
DILUPBiCG:  Solving for Uz, Initial residual = 0.00320359, Final residual = 3.69776e-07, No Iterations 2
GAMG:  Solving for p, Initial residual = 0.0583895, Final residual = 0.000472139, No Iterations 5
GAMG:  Solving for p, Initial residual = 0.0160014, Final residual = 0.000150699, No Iterations 12
GAMG:  Solving for p, Initial residual = 0.0069994, Final residual = 5.72073e-05, No Iterations 10
time step continuity errors : sum local = 2.29155e-07, global = 5.8847e-08, cumulative = 2.97122e-07
GAMG:  Solving for p, Initial residual = 0.005146, Final residual = 3.22118e-05, No Iterations 6
GAMG:  Solving for p, Initial residual = 0.00291105, Final residual = 2.52152e-05, No Iterations 4
GAMG:  Solving for p, Initial residual = 0.000955499, Final residual = 9.74169e-07, No Iterations 33
time step continuity errors : sum local = 3.89633e-09, global = -1.1408e-09, cumulative = 2.95982e-07
DILUPBiCG:  Solving for omega, Initial residual = 0.00145334, Final residual = 1.98209e-06, No Iterations 1
DILUPBiCG:  Solving for k, Initial residual = 0.00606073, Final residual = 9.04508e-07, No Iterations 2
ExecutionTime = 16.36 s  ClockTime = 17 s

Courant Number mean: 0.277853 max: 0.621603
Time = 0.448

GAMG:  Solving for cellDisplacementx, Initial residual = 0, Final residual = 0, No Iterations 0
GAMG:  Solving for cellDisplacementy, Initial residual = 0, Final residual = 0, No Iterations 0
GAMG:  Solving for cellDisplacementz, Initial residual = 0, Final residual = 0, No Iterations 0
PIMPLE: iteration 1
DILUPBiCG:  Solving for Ux, Initial residual = 0.0092619, Final residual = 4.37343e-05, No Iterations 1
DILUPBiCG:  Solving for Uy, Initial residual = 0.00146281, Final residual = 6.94158e-06, No Iterations 1
DILUPBiCG:  Solving for Uz, Initial residual = 0.0110706, Final residual = 2.7429e-05, No Iterations 1
GAMG:  Solving for p, Initial residual = 0.0973392, Final residual = 0.000965379, No Iterations 3
GAMG:  Solving for p, Initial residual = 0.016102, Final residual = 0.00014161, No Iterations 4
GAMG:  Solving for p, Initial residual = 0.00710194, Final residual = 2.9001e-05, No Iterations 5
time step continuity errors : sum local = 1.01433e-07, global = 9.84385e-09, cumulative = 3.05825e-07
GAMG:  Solving for p, Initial residual = 0.0469767, Final residual = 0.000373334, No Iterations 3
GAMG:  Solving for p, Initial residual = 0.00783752, Final residual = 5.52528e-05, No Iterations 4
GAMG:  Solving for p, Initial residual = 0.00345996, Final residual = 2.35919e-05, No Iterations 4
time step continuity errors : sum local = 8.28051e-08, global = 2.65333e-08, cumulative = 3.32359e-07
PIMPLE: iteration 2
DILUPBiCG:  Solving for Ux, Initial residual = 0.00228432, Final residual = 1.72956e-05, No Iterations 1
DILUPBiCG:  Solving for Uy, Initial residual = 0.000374621, Final residual = 9.67597e-06, No Iterations 1
DILUPBiCG:  Solving for Uz, Initial residual = 0.0041398, Final residual = 1.31026e-05, No Iterations 1
GAMG:  Solving for p, Initial residual = 0.0459128, Final residual = 0.000451298, No Iterations 6
GAMG:  Solving for p, Initial residual = 0.0184575, Final residual = 0.000168016, No Iterations 12
GAMG:  Solving for p, Initial residual = 0.00565424, Final residual = 4.94408e-05, No Iterations 16
time step continuity errors : sum local = 1.49063e-07, global = 4.54858e-08, cumulative = 3.77844e-07
GAMG:  Solving for p, Initial residual = 0.0248328, Final residual = 0.000192789, No Iterations 6
GAMG:  Solving for p, Initial residual = 0.00862832, Final residual = 8.35638e-05, No Iterations 10
GAMG:  Solving for p, Initial residual = 0.00254918, Final residual = 2.32845e-05, No Iterations 16
time step continuity errors : sum local = 7.0854e-08, global = 2.12993e-08, cumulative = 3.99144e-07
PIMPLE: iteration 3
DILUPBiCG:  Solving for Ux, Initial residual = 0.00031909, Final residual = 4.14661e-06, No Iterations 1
DILUPBiCG:  Solving for Uy, Initial residual = 6.0521e-05, Final residual = 1.09041e-06, No Iterations 1
DILUPBiCG:  Solving for Uz, Initial residual = 0.00306065, Final residual = 3.46118e-07, No Iterations 2
GAMG:  Solving for p, Initial residual = 0.0588121, Final residual = 0.000488102, No Iterations 5
GAMG:  Solving for p, Initial residual = 0.0167987, Final residual = 0.000167789, No Iterations 12
GAMG:  Solving for p, Initial residual = 0.00762371, Final residual = 6.55823e-05, No Iterations 10
time step continuity errors : sum local = 2.18319e-07, global = 5.61366e-08, cumulative = 4.5528e-07
GAMG:  Solving for p, Initial residual = 0.00544219, Final residual = 5.04384e-05, No Iterations 9
GAMG:  Solving for p, Initial residual = 0.00308552, Final residual = 3.0768e-05, No Iterations 4
GAMG:  Solving for p, Initial residual = 0.00100481, Final residual = 9.27407e-07, No Iterations 44
time step continuity errors : sum local = 3.07211e-09, global = -9.11432e-10, cumulative = 4.54369e-07
DILUPBiCG:  Solving for omega, Initial residual = 0.00138773, Final residual = 1.90821e-06, No Iterations 1
DILUPBiCG:  Solving for k, Initial residual = 0.00587257, Final residual = 8.9679e-07, No Iterations 2
ExecutionTime = 30.61 s  ClockTime = 31 s

End

