/*---------------------------------------------------------------------------*\
| =========                 |                                                 |
| \\      /  F ield         | OpenFOAM: The Open Source CFD Toolbox           |
|  \\    /   O peration     | Version:  2.3.1                                 |
|   \\  /    A nd           | Web:      www.OpenFOAM.org                      |
|    \\/     M anipulation  |                                                 |
\*---------------------------------------------------------------------------*/
Build  : 2.3.1-262087cdf8db
Exec   : pimpleDyMFoam
Date   : Jun 05 2023
Time   : 18:00:23
Host   : "jcosson-VirtualBox"
PID    : 8194
Case   : /home/jcosson/workspace/henersj_shootingdata/calcs/moderate_deformed/primal/56_intervals_05-06-23/sweep5/interval14
nProcs : 1
sigFpe : Enabling floating point exception trapping (FOAM_SIGFPE).
fileModificationChecking : Monitoring run-time modified files using timeStampMaster
allowSystemOperations : Allowing user-supplied system call operations

// * * * * * * * * * * * * * * * * * * * * * * * * * * * * * * * * * * * * * //
Create time

Create mesh for time = 0.423

Selecting dynamicFvMesh dynamicMotionSolverFvMesh
Selecting motion solver: displacementLaplacian
Selecting motion diffusion: quadratic
Selecting motion diffusion: quadratic
Selecting motion diffusion: inverseDistance

PIMPLE: no residual control data found. Calculations will employ 3 corrector loops

Reading field p

Reading field U

Reading/calculating face flux field phi

Selecting incompressible transport model Newtonian
Selecting turbulence model type RASModel
Selecting RAS turbulence model kOmegaSST
kOmegaSSTCoeffs
{
    alphaK1         0.85034;
    alphaK2         1;
    alphaOmega1     0.5;
    alphaOmega2     0.85616;
    gamma1          0.5532;
    gamma2          0.4403;
    beta1           0.075;
    beta2           0.0828;
    betaStar        0.09;
    a1              0.31;
    c1              10;
    Cmu             0.09;
    b1              1;
    F3              false;
}

Reading/calculating face velocity Uf

No finite volume options present

Courant Number mean: 0.176079 max: 0.379718

Starting time loop

Courant Number mean: 0.176079 max: 0.379718
Time = 0.424

GAMG:  Solving for cellDisplacementx, Initial residual = 0, Final residual = 0, No Iterations 0
GAMG:  Solving for cellDisplacementy, Initial residual = 0, Final residual = 0, No Iterations 0
GAMG:  Solving for cellDisplacementz, Initial residual = 0, Final residual = 0, No Iterations 0
PIMPLE: iteration 1
DILUPBiCG:  Solving for Ux, Initial residual = 0.061563, Final residual = 0.000211864, No Iterations 1
DILUPBiCG:  Solving for Uy, Initial residual = 0.0104191, Final residual = 2.05218e-05, No Iterations 1
DILUPBiCG:  Solving for Uz, Initial residual = 0.025429, Final residual = 3.08688e-05, No Iterations 1
GAMG:  Solving for p, Initial residual = 0.132994, Final residual = 0.000899867, No Iterations 6
GAMG:  Solving for p, Initial residual = 0.0158499, Final residual = 0.000149227, No Iterations 16
GAMG:  Solving for p, Initial residual = 0.00687462, Final residual = 6.51128e-05, No Iterations 10
time step continuity errors : sum local = 9.5281e-07, global = -2.50967e-07, cumulative = -2.50967e-07
GAMG:  Solving for p, Initial residual = 0.0566627, Final residual = 0.000526839, No Iterations 4
GAMG:  Solving for p, Initial residual = 0.00792675, Final residual = 7.48971e-05, No Iterations 16
GAMG:  Solving for p, Initial residual = 0.00359791, Final residual = 3.40716e-05, No Iterations 10
time step continuity errors : sum local = 4.98879e-07, global = -1.32547e-07, cumulative = -3.83514e-07
PIMPLE: iteration 2
DILUPBiCG:  Solving for Ux, Initial residual = 0.0171703, Final residual = 8.45314e-05, No Iterations 1
DILUPBiCG:  Solving for Uy, Initial residual = 0.00291167, Final residual = 7.33254e-06, No Iterations 1
DILUPBiCG:  Solving for Uz, Initial residual = 0.00476001, Final residual = 1.96293e-05, No Iterations 1
GAMG:  Solving for p, Initial residual = 0.0579419, Final residual = 0.000469939, No Iterations 4
GAMG:  Solving for p, Initial residual = 0.00947035, Final residual = 8.21407e-05, No Iterations 16
GAMG:  Solving for p, Initial residual = 0.00431921, Final residual = 4.22018e-05, No Iterations 6
time step continuity errors : sum local = 5.25103e-07, global = 1.54443e-07, cumulative = -2.29071e-07
GAMG:  Solving for p, Initial residual = 0.0297375, Final residual = 0.000211051, No Iterations 4
GAMG:  Solving for p, Initial residual = 0.00477598, Final residual = 4.00258e-05, No Iterations 14
GAMG:  Solving for p, Initial residual = 0.00207819, Final residual = 2.06672e-05, No Iterations 6
time step continuity errors : sum local = 2.58369e-07, global = 7.12014e-08, cumulative = -1.5787e-07
PIMPLE: iteration 3
DILUPBiCG:  Solving for Ux, Initial residual = 0.00413744, Final residual = 1.41593e-06, No Iterations 2
DILUPBiCG:  Solving for Uy, Initial residual = 0.000717168, Final residual = 8.12262e-06, No Iterations 1
DILUPBiCG:  Solving for Uz, Initial residual = 0.0077527, Final residual = 2.76149e-06, No Iterations 2
GAMG:  Solving for p, Initial residual = 0.0387036, Final residual = 0.000313367, No Iterations 5
GAMG:  Solving for p, Initial residual = 0.00850952, Final residual = 7.98919e-05, No Iterations 15
GAMG:  Solving for p, Initial residual = 0.00408454, Final residual = 4.0303e-05, No Iterations 8
time step continuity errors : sum local = 5.66982e-07, global = 1.25511e-07, cumulative = -3.23582e-08
GAMG:  Solving for p, Initial residual = 0.00222993, Final residual = 1.96524e-05, No Iterations 18
GAMG:  Solving for p, Initial residual = 0.00125147, Final residual = 1.04105e-05, No Iterations 4
GAMG:  Solving for p, Initial residual = 0.00049186, Final residual = 9.66299e-07, No Iterations 30
time step continuity errors : sum local = 1.35228e-08, global = -4.00368e-09, cumulative = -3.63619e-08
DILUPBiCG:  Solving for omega, Initial residual = 0.000924619, Final residual = 9.4533e-07, No Iterations 1
DILUPBiCG:  Solving for k, Initial residual = 0.00457957, Final residual = 1.21048e-06, No Iterations 2
ExecutionTime = 17.47 s  ClockTime = 18 s

Courant Number mean: 0.181832 max: 0.392397
Time = 0.425

GAMG:  Solving for cellDisplacementx, Initial residual = 0, Final residual = 0, No Iterations 0
GAMG:  Solving for cellDisplacementy, Initial residual = 0, Final residual = 0, No Iterations 0
GAMG:  Solving for cellDisplacementz, Initial residual = 0, Final residual = 0, No Iterations 0
PIMPLE: iteration 1
DILUPBiCG:  Solving for Ux, Initial residual = 0.060167, Final residual = 0.000205103, No Iterations 1
DILUPBiCG:  Solving for Uy, Initial residual = 0.0102187, Final residual = 2.07036e-05, No Iterations 1
DILUPBiCG:  Solving for Uz, Initial residual = 0.0244455, Final residual = 4.09537e-05, No Iterations 1
GAMG:  Solving for p, Initial residual = 0.122626, Final residual = 0.000930441, No Iterations 6
GAMG:  Solving for p, Initial residual = 0.01388, Final residual = 0.000125548, No Iterations 20
GAMG:  Solving for p, Initial residual = 0.00623956, Final residual = 6.1696e-05, No Iterations 8
time step continuity errors : sum local = 9.16829e-07, global = -1.98893e-07, cumulative = -2.35255e-07
GAMG:  Solving for p, Initial residual = 0.0521236, Final residual = 0.00033285, No Iterations 6
GAMG:  Solving for p, Initial residual = 0.00692229, Final residual = 6.39509e-05, No Iterations 18
GAMG:  Solving for p, Initial residual = 0.00322831, Final residual = 2.69232e-05, No Iterations 10
time step continuity errors : sum local = 4.00631e-07, global = -1.02329e-07, cumulative = -3.37583e-07
PIMPLE: iteration 2
DILUPBiCG:  Solving for Ux, Initial residual = 0.0169206, Final residual = 8.14703e-05, No Iterations 1
DILUPBiCG:  Solving for Uy, Initial residual = 0.00284167, Final residual = 7.25062e-06, No Iterations 1
DILUPBiCG:  Solving for Uz, Initial residual = 0.00435439, Final residual = 1.49884e-05, No Iterations 1
GAMG:  Solving for p, Initial residual = 0.0530498, Final residual = 0.000491825, No Iterations 4
GAMG:  Solving for p, Initial residual = 0.00858373, Final residual = 8.34006e-05, No Iterations 16
GAMG:  Solving for p, Initial residual = 0.00401978, Final residual = 3.83196e-05, No Iterations 8
time step continuity errors : sum local = 4.84654e-07, global = 1.63592e-07, cumulative = -1.73992e-07
GAMG:  Solving for p, Initial residual = 0.0272212, Final residual = 0.000214909, No Iterations 4
GAMG:  Solving for p, Initial residual = 0.0042927, Final residual = 4.03012e-05, No Iterations 14
GAMG:  Solving for p, Initial residual = 0.00190433, Final residual = 1.81268e-05, No Iterations 8
time step continuity errors : sum local = 2.30564e-07, global = 6.68666e-08, cumulative = -1.07125e-07
PIMPLE: iteration 3
DILUPBiCG:  Solving for Ux, Initial residual = 0.0041265, Final residual = 1.39789e-06, No Iterations 2
DILUPBiCG:  Solving for Uy, Initial residual = 0.000689818, Final residual = 7.91694e-06, No Iterations 1
DILUPBiCG:  Solving for Uz, Initial residual = 0.0105606, Final residual = 3.21241e-06, No Iterations 2
GAMG:  Solving for p, Initial residual = 0.0382632, Final residual = 0.000300175, No Iterations 5
GAMG:  Solving for p, Initial residual = 0.0084472, Final residual = 7.24623e-05, No Iterations 15
GAMG:  Solving for p, Initial residual = 0.00399192, Final residual = 3.97534e-05, No Iterations 4
time step continuity errors : sum local = 5.67855e-07, global = 1.88373e-07, cumulative = 8.12479e-08
GAMG:  Solving for p, Initial residual = 0.00215869, Final residual = 1.952e-05, No Iterations 18
GAMG:  Solving for p, Initial residual = 0.00121071, Final residual = 9.79521e-06, No Iterations 4
GAMG:  Solving for p, Initial residual = 0.000483073, Final residual = 9.17305e-07, No Iterations 26
time step continuity errors : sum local = 1.30478e-08, global = -3.82953e-09, cumulative = 7.74184e-08
DILUPBiCG:  Solving for omega, Initial residual = 0.00088953, Final residual = 9.23709e-07, No Iterations 1
DILUPBiCG:  Solving for k, Initial residual = 0.00468364, Final residual = 1.20106e-06, No Iterations 2
ExecutionTime = 32.05 s  ClockTime = 33 s

End

