/*---------------------------------------------------------------------------*\
| =========                 |                                                 |
| \\      /  F ield         | OpenFOAM: The Open Source CFD Toolbox           |
|  \\    /   O peration     | Version:  2.3.1                                 |
|   \\  /    A nd           | Web:      www.OpenFOAM.org                      |
|    \\/     M anipulation  |                                                 |
\*---------------------------------------------------------------------------*/
Build  : 2.3.1-262087cdf8db
Exec   : pimpleDyMFoam
Date   : Jun 05 2023
Time   : 18:01:06
Host   : "jcosson-VirtualBox"
PID    : 8234
Case   : /home/jcosson/workspace/henersj_shootingdata/calcs/moderate_deformed/primal/56_intervals_05-06-23/sweep5/interval33
nProcs : 1
sigFpe : Enabling floating point exception trapping (FOAM_SIGFPE).
fileModificationChecking : Monitoring run-time modified files using timeStampMaster
allowSystemOperations : Allowing user-supplied system call operations

// * * * * * * * * * * * * * * * * * * * * * * * * * * * * * * * * * * * * * //
Create time

Create mesh for time = 0.457

Selecting dynamicFvMesh dynamicMotionSolverFvMesh
Selecting motion solver: displacementLaplacian
Selecting motion diffusion: quadratic
Selecting motion diffusion: quadratic
Selecting motion diffusion: inverseDistance

PIMPLE: no residual control data found. Calculations will employ 3 corrector loops

Reading field p

Reading field U

Reading/calculating face flux field phi

Selecting incompressible transport model Newtonian
Selecting turbulence model type RASModel
Selecting RAS turbulence model kOmegaSST
kOmegaSSTCoeffs
{
    alphaK1         0.85034;
    alphaK2         1;
    alphaOmega1     0.5;
    alphaOmega2     0.85616;
    gamma1          0.5532;
    gamma2          0.4403;
    beta1           0.075;
    beta2           0.0828;
    betaStar        0.09;
    a1              0.31;
    c1              10;
    Cmu             0.09;
    b1              1;
    F3              false;
}

Reading/calculating face velocity Uf

No finite volume options present

Courant Number mean: 0.270997 max: 0.608203

Starting time loop

Courant Number mean: 0.270997 max: 0.608203
Time = 0.458

GAMG:  Solving for cellDisplacementx, Initial residual = 0, Final residual = 0, No Iterations 0
GAMG:  Solving for cellDisplacementy, Initial residual = 0, Final residual = 0, No Iterations 0
GAMG:  Solving for cellDisplacementz, Initial residual = 0, Final residual = 0, No Iterations 0
PIMPLE: iteration 1
DILUPBiCG:  Solving for Ux, Initial residual = 0.0169337, Final residual = 6.44502e-05, No Iterations 1
DILUPBiCG:  Solving for Uy, Initial residual = 0.0027019, Final residual = 6.92701e-06, No Iterations 1
DILUPBiCG:  Solving for Uz, Initial residual = 0.0157251, Final residual = 4.67758e-05, No Iterations 1
GAMG:  Solving for p, Initial residual = 0.176512, Final residual = 0.00151908, No Iterations 6
GAMG:  Solving for p, Initial residual = 0.0231127, Final residual = 0.000198571, No Iterations 18
GAMG:  Solving for p, Initial residual = 0.00927139, Final residual = 7.6995e-05, No Iterations 12
time step continuity errors : sum local = 5.09766e-07, global = 1.54018e-07, cumulative = 1.54018e-07
GAMG:  Solving for p, Initial residual = 0.0703981, Final residual = 0.000474572, No Iterations 6
GAMG:  Solving for p, Initial residual = 0.0114592, Final residual = 0.000107758, No Iterations 14
GAMG:  Solving for p, Initial residual = 0.00480466, Final residual = 4.37263e-05, No Iterations 12
time step continuity errors : sum local = 2.87336e-07, global = 8.64659e-08, cumulative = 2.40484e-07
PIMPLE: iteration 2
DILUPBiCG:  Solving for Ux, Initial residual = 0.00557188, Final residual = 4.68644e-05, No Iterations 1
DILUPBiCG:  Solving for Uy, Initial residual = 0.000925361, Final residual = 3.38569e-06, No Iterations 1
DILUPBiCG:  Solving for Uz, Initial residual = 0.00418965, Final residual = 1.55448e-05, No Iterations 1
GAMG:  Solving for p, Initial residual = 0.0727412, Final residual = 0.000299992, No Iterations 4
GAMG:  Solving for p, Initial residual = 0.0122831, Final residual = 0.000110843, No Iterations 12
GAMG:  Solving for p, Initial residual = 0.00565596, Final residual = 4.86759e-05, No Iterations 8
time step continuity errors : sum local = 2.73126e-07, global = -9.52434e-08, cumulative = 1.4524e-07
GAMG:  Solving for p, Initial residual = 0.036265, Final residual = 0.000329998, No Iterations 3
GAMG:  Solving for p, Initial residual = 0.00602311, Final residual = 5.92183e-05, No Iterations 8
GAMG:  Solving for p, Initial residual = 0.00271515, Final residual = 2.52614e-05, No Iterations 6
time step continuity errors : sum local = 1.42262e-07, global = 4.29237e-08, cumulative = 1.88164e-07
PIMPLE: iteration 3
DILUPBiCG:  Solving for Ux, Initial residual = 0.00163694, Final residual = 1.58128e-06, No Iterations 2
DILUPBiCG:  Solving for Uy, Initial residual = 0.000270034, Final residual = 5.77569e-06, No Iterations 1
DILUPBiCG:  Solving for Uz, Initial residual = 0.00435901, Final residual = 1.25543e-06, No Iterations 2
GAMG:  Solving for p, Initial residual = 0.0469081, Final residual = 0.000366024, No Iterations 5
GAMG:  Solving for p, Initial residual = 0.0113813, Final residual = 9.12071e-05, No Iterations 7
GAMG:  Solving for p, Initial residual = 0.00494774, Final residual = 4.61118e-05, No Iterations 8
time step continuity errors : sum local = 2.84309e-07, global = -6.2282e-08, cumulative = 1.25882e-07
GAMG:  Solving for p, Initial residual = 0.00356916, Final residual = 2.05685e-05, No Iterations 6
GAMG:  Solving for p, Initial residual = 0.00197515, Final residual = 1.48825e-05, No Iterations 5
GAMG:  Solving for p, Initial residual = 0.000731414, Final residual = 9.88263e-07, No Iterations 32
time step continuity errors : sum local = 6.09735e-09, global = 1.79389e-09, cumulative = 1.27676e-07
DILUPBiCG:  Solving for omega, Initial residual = 0.00117698, Final residual = 1.84353e-06, No Iterations 1
DILUPBiCG:  Solving for k, Initial residual = 0.00494308, Final residual = 2.90988e-06, No Iterations 2
ExecutionTime = 14.52 s  ClockTime = 14 s

Courant Number mean: 0.268428 max: 0.602065
Time = 0.459

GAMG:  Solving for cellDisplacementx, Initial residual = 0, Final residual = 0, No Iterations 0
GAMG:  Solving for cellDisplacementy, Initial residual = 0, Final residual = 0, No Iterations 0
GAMG:  Solving for cellDisplacementz, Initial residual = 0, Final residual = 0, No Iterations 0
PIMPLE: iteration 1
DILUPBiCG:  Solving for Ux, Initial residual = 0.0195362, Final residual = 7.53226e-05, No Iterations 1
DILUPBiCG:  Solving for Uy, Initial residual = 0.00309997, Final residual = 7.69989e-06, No Iterations 1
DILUPBiCG:  Solving for Uz, Initial residual = 0.0141361, Final residual = 4.23109e-05, No Iterations 1
GAMG:  Solving for p, Initial residual = 0.140174, Final residual = 0.00128604, No Iterations 8
GAMG:  Solving for p, Initial residual = 0.0175018, Final residual = 0.000161498, No Iterations 18
GAMG:  Solving for p, Initial residual = 0.00694287, Final residual = 6.61075e-05, No Iterations 12
time step continuity errors : sum local = 4.85947e-07, global = 1.46957e-07, cumulative = 2.74633e-07
GAMG:  Solving for p, Initial residual = 0.0558326, Final residual = 0.000459008, No Iterations 6
GAMG:  Solving for p, Initial residual = 0.00863617, Final residual = 7.64386e-05, No Iterations 18
GAMG:  Solving for p, Initial residual = 0.00369612, Final residual = 3.66649e-05, No Iterations 10
time step continuity errors : sum local = 2.67706e-07, global = 7.08596e-08, cumulative = 3.45492e-07
PIMPLE: iteration 2
DILUPBiCG:  Solving for Ux, Initial residual = 0.00632854, Final residual = 3.66585e-05, No Iterations 1
DILUPBiCG:  Solving for Uy, Initial residual = 0.00105246, Final residual = 3.48853e-06, No Iterations 1
DILUPBiCG:  Solving for Uz, Initial residual = 0.00409115, Final residual = 1.47282e-05, No Iterations 1
GAMG:  Solving for p, Initial residual = 0.0571873, Final residual = 0.00034508, No Iterations 4
GAMG:  Solving for p, Initial residual = 0.00921634, Final residual = 9.17469e-05, No Iterations 14
GAMG:  Solving for p, Initial residual = 0.00440912, Final residual = 4.33431e-05, No Iterations 8
time step continuity errors : sum local = 2.68703e-07, global = -9.49228e-08, cumulative = 2.50569e-07
GAMG:  Solving for p, Initial residual = 0.0286221, Final residual = 0.000147119, No Iterations 4
GAMG:  Solving for p, Initial residual = 0.00439707, Final residual = 4.27353e-05, No Iterations 12
GAMG:  Solving for p, Initial residual = 0.00203996, Final residual = 1.93538e-05, No Iterations 8
time step continuity errors : sum local = 1.20515e-07, global = -4.10442e-08, cumulative = 2.09525e-07
PIMPLE: iteration 3
DILUPBiCG:  Solving for Ux, Initial residual = 0.00181285, Final residual = 1.20088e-06, No Iterations 2
DILUPBiCG:  Solving for Uy, Initial residual = 0.000298314, Final residual = 6.26208e-06, No Iterations 1
DILUPBiCG:  Solving for Uz, Initial residual = 0.00476007, Final residual = 1.33677e-06, No Iterations 2
GAMG:  Solving for p, Initial residual = 0.0422364, Final residual = 0.000386931, No Iterations 5
GAMG:  Solving for p, Initial residual = 0.0102834, Final residual = 7.9976e-05, No Iterations 9
GAMG:  Solving for p, Initial residual = 0.00454724, Final residual = 4.25313e-05, No Iterations 8
time step continuity errors : sum local = 2.91121e-07, global = -6.4189e-08, cumulative = 1.45336e-07
GAMG:  Solving for p, Initial residual = 0.0031752, Final residual = 3.04991e-05, No Iterations 14
GAMG:  Solving for p, Initial residual = 0.00181111, Final residual = 1.6008e-05, No Iterations 4
GAMG:  Solving for p, Initial residual = 0.000671286, Final residual = 9.65341e-07, No Iterations 38
time step continuity errors : sum local = 6.60897e-09, global = 1.95812e-09, cumulative = 1.47294e-07
DILUPBiCG:  Solving for omega, Initial residual = 0.00107543, Final residual = 1.71316e-06, No Iterations 1
DILUPBiCG:  Solving for k, Initial residual = 0.00492708, Final residual = 2.05023e-06, No Iterations 2
ExecutionTime = 28.21 s  ClockTime = 28 s

End

