/*---------------------------------------------------------------------------*\
| =========                 |                                                 |
| \\      /  F ield         | OpenFOAM: The Open Source CFD Toolbox           |
|  \\    /   O peration     | Version:  2.3.1                                 |
|   \\  /    A nd           | Web:      www.OpenFOAM.org                      |
|    \\/     M anipulation  |                                                 |
\*---------------------------------------------------------------------------*/
Build  : 2.3.1-262087cdf8db
Exec   : pimpleDyMFoam
Date   : Jun 05 2023
Time   : 18:00:41
Host   : "jcosson-VirtualBox"
PID    : 8208
Case   : /home/jcosson/workspace/henersj_shootingdata/calcs/moderate_deformed/primal/56_intervals_05-06-23/sweep5/interval20
nProcs : 1
sigFpe : Enabling floating point exception trapping (FOAM_SIGFPE).
fileModificationChecking : Monitoring run-time modified files using timeStampMaster
allowSystemOperations : Allowing user-supplied system call operations

// * * * * * * * * * * * * * * * * * * * * * * * * * * * * * * * * * * * * * //
Create time

Create mesh for time = 0.434

Selecting dynamicFvMesh dynamicMotionSolverFvMesh
Selecting motion solver: displacementLaplacian
Selecting motion diffusion: quadratic
Selecting motion diffusion: quadratic
Selecting motion diffusion: inverseDistance

PIMPLE: no residual control data found. Calculations will employ 3 corrector loops

Reading field p

Reading field U

Reading/calculating face flux field phi

Selecting incompressible transport model Newtonian
Selecting turbulence model type RASModel
Selecting RAS turbulence model kOmegaSST
kOmegaSSTCoeffs
{
    alphaK1         0.85034;
    alphaK2         1;
    alphaOmega1     0.5;
    alphaOmega2     0.85616;
    gamma1          0.5532;
    gamma2          0.4403;
    beta1           0.075;
    beta2           0.0828;
    betaStar        0.09;
    a1              0.31;
    c1              10;
    Cmu             0.09;
    b1              1;
    F3              false;
}

Reading/calculating face velocity Uf

No finite volume options present

Courant Number mean: 0.236755 max: 0.522728

Starting time loop

Courant Number mean: 0.236755 max: 0.522728
Time = 0.435

GAMG:  Solving for cellDisplacementx, Initial residual = 0, Final residual = 0, No Iterations 0
GAMG:  Solving for cellDisplacementy, Initial residual = 0, Final residual = 0, No Iterations 0
GAMG:  Solving for cellDisplacementz, Initial residual = 0, Final residual = 0, No Iterations 0
PIMPLE: iteration 1
DILUPBiCG:  Solving for Ux, Initial residual = 0.0419819, Final residual = 0.000138622, No Iterations 1
DILUPBiCG:  Solving for Uy, Initial residual = 0.00664583, Final residual = 1.56651e-05, No Iterations 1
DILUPBiCG:  Solving for Uz, Initial residual = 0.0213846, Final residual = 3.35343e-05, No Iterations 1
GAMG:  Solving for p, Initial residual = 0.126566, Final residual = 0.0011637, No Iterations 4
GAMG:  Solving for p, Initial residual = 0.0158873, Final residual = 0.000155511, No Iterations 16
GAMG:  Solving for p, Initial residual = 0.00689725, Final residual = 5.86991e-05, No Iterations 12
time step continuity errors : sum local = 7.22966e-07, global = -2.16115e-07, cumulative = -2.16115e-07
GAMG:  Solving for p, Initial residual = 0.0550366, Final residual = 0.000435522, No Iterations 4
GAMG:  Solving for p, Initial residual = 0.00784076, Final residual = 7.40315e-05, No Iterations 14
GAMG:  Solving for p, Initial residual = 0.00346842, Final residual = 2.92351e-05, No Iterations 12
time step continuity errors : sum local = 3.59694e-07, global = -1.08347e-07, cumulative = -3.24462e-07
PIMPLE: iteration 2
DILUPBiCG:  Solving for Ux, Initial residual = 0.0118141, Final residual = 4.821e-05, No Iterations 1
DILUPBiCG:  Solving for Uy, Initial residual = 0.00192167, Final residual = 6.6913e-06, No Iterations 1
DILUPBiCG:  Solving for Uz, Initial residual = 0.00416, Final residual = 1.73237e-05, No Iterations 1
GAMG:  Solving for p, Initial residual = 0.055941, Final residual = 0.000538887, No Iterations 5
GAMG:  Solving for p, Initial residual = 0.0106629, Final residual = 0.00010609, No Iterations 13
GAMG:  Solving for p, Initial residual = 0.00430546, Final residual = 4.13047e-05, No Iterations 12
time step continuity errors : sum local = 4.26946e-07, global = 1.2083e-07, cumulative = -2.03633e-07
GAMG:  Solving for p, Initial residual = 0.0291282, Final residual = 0.000258604, No Iterations 4
GAMG:  Solving for p, Initial residual = 0.00517649, Final residual = 4.59709e-05, No Iterations 14
GAMG:  Solving for p, Initial residual = 0.00210209, Final residual = 1.8119e-05, No Iterations 12
time step continuity errors : sum local = 1.88416e-07, global = 5.38427e-08, cumulative = -1.4979e-07
PIMPLE: iteration 3
DILUPBiCG:  Solving for Ux, Initial residual = 0.00271002, Final residual = 9.84921e-07, No Iterations 2
DILUPBiCG:  Solving for Uy, Initial residual = 0.000449155, Final residual = 9.72328e-06, No Iterations 1
DILUPBiCG:  Solving for Uz, Initial residual = 0.00684861, Final residual = 2.55114e-06, No Iterations 2
GAMG:  Solving for p, Initial residual = 0.0411804, Final residual = 0.000326893, No Iterations 5
GAMG:  Solving for p, Initial residual = 0.010541, Final residual = 8.61157e-05, No Iterations 5
GAMG:  Solving for p, Initial residual = 0.00437718, Final residual = 3.59057e-05, No Iterations 8
time step continuity errors : sum local = 4.19109e-07, global = 8.17711e-08, cumulative = -6.80187e-08
GAMG:  Solving for p, Initial residual = 0.00277872, Final residual = 2.58551e-05, No Iterations 20
GAMG:  Solving for p, Initial residual = 0.0016407, Final residual = 1.37447e-05, No Iterations 4
GAMG:  Solving for p, Initial residual = 0.000586781, Final residual = 8.99777e-07, No Iterations 38
time step continuity errors : sum local = 1.04763e-08, global = -3.09353e-09, cumulative = -7.11122e-08
DILUPBiCG:  Solving for omega, Initial residual = 0.00119069, Final residual = 1.37011e-06, No Iterations 1
DILUPBiCG:  Solving for k, Initial residual = 0.00614464, Final residual = 1.36954e-06, No Iterations 2
ExecutionTime = 15.95 s  ClockTime = 16 s

Courant Number mean: 0.241548 max: 0.533493
Time = 0.436

GAMG:  Solving for cellDisplacementx, Initial residual = 0, Final residual = 0, No Iterations 0
GAMG:  Solving for cellDisplacementy, Initial residual = 0, Final residual = 0, No Iterations 0
GAMG:  Solving for cellDisplacementz, Initial residual = 0, Final residual = 0, No Iterations 0
PIMPLE: iteration 1
DILUPBiCG:  Solving for Ux, Initial residual = 0.0394159, Final residual = 0.000130103, No Iterations 1
DILUPBiCG:  Solving for Uy, Initial residual = 0.00627341, Final residual = 1.51664e-05, No Iterations 1
DILUPBiCG:  Solving for Uz, Initial residual = 0.0176392, Final residual = 3.30832e-05, No Iterations 1
GAMG:  Solving for p, Initial residual = 0.114216, Final residual = 0.000754078, No Iterations 6
GAMG:  Solving for p, Initial residual = 0.0137358, Final residual = 0.000127303, No Iterations 18
GAMG:  Solving for p, Initial residual = 0.00610815, Final residual = 5.55292e-05, No Iterations 10
time step continuity errors : sum local = 6.66117e-07, global = -1.71984e-07, cumulative = -2.43096e-07
GAMG:  Solving for p, Initial residual = 0.0496056, Final residual = 0.000440702, No Iterations 4
GAMG:  Solving for p, Initial residual = 0.00678933, Final residual = 6.54055e-05, No Iterations 18
GAMG:  Solving for p, Initial residual = 0.00320808, Final residual = 2.94732e-05, No Iterations 10
time step continuity errors : sum local = 3.5369e-07, global = -9.15205e-08, cumulative = -3.34617e-07
PIMPLE: iteration 2
DILUPBiCG:  Solving for Ux, Initial residual = 0.0111716, Final residual = 4.50274e-05, No Iterations 1
DILUPBiCG:  Solving for Uy, Initial residual = 0.00180667, Final residual = 6.55524e-06, No Iterations 1
DILUPBiCG:  Solving for Uz, Initial residual = 0.00405211, Final residual = 4.21775e-05, No Iterations 1
GAMG:  Solving for p, Initial residual = 0.0498826, Final residual = 0.000339897, No Iterations 6
GAMG:  Solving for p, Initial residual = 0.00974047, Final residual = 8.50609e-05, No Iterations 16
GAMG:  Solving for p, Initial residual = 0.00394816, Final residual = 3.52483e-05, No Iterations 10
time step continuity errors : sum local = 3.5519e-07, global = 1.00824e-07, cumulative = -2.33793e-07
GAMG:  Solving for p, Initial residual = 0.0259497, Final residual = 0.000256317, No Iterations 4
GAMG:  Solving for p, Initial residual = 0.0046584, Final residual = 4.52528e-05, No Iterations 14
GAMG:  Solving for p, Initial residual = 0.00188229, Final residual = 1.64406e-05, No Iterations 12
time step continuity errors : sum local = 1.67067e-07, global = 4.80394e-08, cumulative = -1.85754e-07
PIMPLE: iteration 3
DILUPBiCG:  Solving for Ux, Initial residual = 0.00259116, Final residual = 9.32303e-07, No Iterations 2
DILUPBiCG:  Solving for Uy, Initial residual = 0.000416689, Final residual = 9.06387e-06, No Iterations 1
DILUPBiCG:  Solving for Uz, Initial residual = 0.00891086, Final residual = 2.28978e-06, No Iterations 2
GAMG:  Solving for p, Initial residual = 0.04071, Final residual = 0.000307074, No Iterations 5
GAMG:  Solving for p, Initial residual = 0.0104494, Final residual = 8.12238e-05, No Iterations 5
GAMG:  Solving for p, Initial residual = 0.00435799, Final residual = 4.21659e-05, No Iterations 6
time step continuity errors : sum local = 4.79856e-07, global = 9.15029e-08, cumulative = -9.42511e-08
GAMG:  Solving for p, Initial residual = 0.00269139, Final residual = 2.54172e-05, No Iterations 20
GAMG:  Solving for p, Initial residual = 0.00163545, Final residual = 1.34479e-05, No Iterations 4
GAMG:  Solving for p, Initial residual = 0.000576622, Final residual = 9.60357e-07, No Iterations 36
time step continuity errors : sum local = 1.09132e-08, global = -3.20972e-09, cumulative = -9.74608e-08
DILUPBiCG:  Solving for omega, Initial residual = 0.00118504, Final residual = 1.37733e-06, No Iterations 1
DILUPBiCG:  Solving for k, Initial residual = 0.0062259, Final residual = 1.40614e-06, No Iterations 2
ExecutionTime = 30.95 s  ClockTime = 32 s

End

