/*---------------------------------------------------------------------------*\
| =========                 |                                                 |
| \\      /  F ield         | OpenFOAM: The Open Source CFD Toolbox           |
|  \\    /   O peration     | Version:  2.3.1                                 |
|   \\  /    A nd           | Web:      www.OpenFOAM.org                      |
|    \\/     M anipulation  |                                                 |
\*---------------------------------------------------------------------------*/
Build  : 2.3.1-262087cdf8db
Exec   : pimpleDyMFoam
Date   : Jun 06 2023
Time   : 02:25:24
Host   : "jcosson-VirtualBox"
PID    : 30511
Case   : /home/jcosson/workspace/henersj_shootingdata/calcs/moderate_deformed/primal/100_intervals_05-06-23/sweep61/interval79
nProcs : 1
sigFpe : Enabling floating point exception trapping (FOAM_SIGFPE).
fileModificationChecking : Monitoring run-time modified files using timeStampMaster
allowSystemOperations : Allowing user-supplied system call operations

// * * * * * * * * * * * * * * * * * * * * * * * * * * * * * * * * * * * * * //
Create time

Create mesh for time = 0.478

Selecting dynamicFvMesh dynamicMotionSolverFvMesh
Selecting motion solver: displacementLaplacian
Selecting motion diffusion: quadratic
Selecting motion diffusion: quadratic
Selecting motion diffusion: inverseDistance

PIMPLE: no residual control data found. Calculations will employ 3 corrector loops

Reading field p

Reading field U

Reading/calculating face flux field phi

Selecting incompressible transport model Newtonian
Selecting turbulence model type RASModel
Selecting RAS turbulence model kOmegaSST
bounding k, min: 0 max: 0.000720359 average: 0.000160168
kOmegaSSTCoeffs
{
    alphaK1         0.85034;
    alphaK2         1;
    alphaOmega1     0.5;
    alphaOmega2     0.85616;
    gamma1          0.5532;
    gamma2          0.4403;
    beta1           0.075;
    beta2           0.0828;
    betaStar        0.09;
    a1              0.31;
    c1              10;
    Cmu             0.09;
    b1              1;
    F3              false;
}

Reading/calculating face velocity Uf

No finite volume options present

Courant Number mean: 0.172025 max: 0.378883

Starting time loop

Courant Number mean: 0.172025 max: 0.378883
Time = 0.479

GAMG:  Solving for cellDisplacementx, Initial residual = 0, Final residual = 0, No Iterations 0
GAMG:  Solving for cellDisplacementy, Initial residual = 0, Final residual = 0, No Iterations 0
GAMG:  Solving for cellDisplacementz, Initial residual = 0, Final residual = 0, No Iterations 0
PIMPLE: iteration 1
DILUPBiCG:  Solving for Ux, Initial residual = 0.0627106, Final residual = 0.000254261, No Iterations 1
DILUPBiCG:  Solving for Uy, Initial residual = 0.0108929, Final residual = 2.41099e-05, No Iterations 1
DILUPBiCG:  Solving for Uz, Initial residual = 0.0118012, Final residual = 2.12572e-05, No Iterations 1
GAMG:  Solving for p, Initial residual = 0.121426, Final residual = 0.000832592, No Iterations 6
GAMG:  Solving for p, Initial residual = 0.0144742, Final residual = 0.000130271, No Iterations 18
GAMG:  Solving for p, Initial residual = 0.00648398, Final residual = 6.24792e-05, No Iterations 10
time step continuity errors : sum local = 9.61173e-07, global = 2.56159e-07, cumulative = 2.56159e-07
GAMG:  Solving for p, Initial residual = 0.0525866, Final residual = 0.000471457, No Iterations 4
GAMG:  Solving for p, Initial residual = 0.00730568, Final residual = 6.58464e-05, No Iterations 18
GAMG:  Solving for p, Initial residual = 0.00344062, Final residual = 3.18927e-05, No Iterations 10
time step continuity errors : sum local = 4.91768e-07, global = 1.3084e-07, cumulative = 3.86999e-07
PIMPLE: iteration 2
DILUPBiCG:  Solving for Ux, Initial residual = 0.0174375, Final residual = 0.00010682, No Iterations 1
DILUPBiCG:  Solving for Uy, Initial residual = 0.00318947, Final residual = 6.9578e-06, No Iterations 1
DILUPBiCG:  Solving for Uz, Initial residual = 0.00325698, Final residual = 1.20365e-05, No Iterations 1
GAMG:  Solving for p, Initial residual = 0.0523565, Final residual = 0.000479416, No Iterations 4
GAMG:  Solving for p, Initial residual = 0.00887168, Final residual = 8.55869e-05, No Iterations 16
GAMG:  Solving for p, Initial residual = 0.00392955, Final residual = 3.61395e-05, No Iterations 10
time step continuity errors : sum local = 4.79295e-07, global = -1.27335e-07, cumulative = 2.59664e-07
GAMG:  Solving for p, Initial residual = 0.0270432, Final residual = 0.000213715, No Iterations 4
GAMG:  Solving for p, Initial residual = 0.00444789, Final residual = 4.07046e-05, No Iterations 14
GAMG:  Solving for p, Initial residual = 0.00186443, Final residual = 1.77008e-05, No Iterations 10
time step continuity errors : sum local = 2.35871e-07, global = -6.11161e-08, cumulative = 1.98547e-07
PIMPLE: iteration 3
DILUPBiCG:  Solving for Ux, Initial residual = 0.00408675, Final residual = 2.84562e-06, No Iterations 2
DILUPBiCG:  Solving for Uy, Initial residual = 0.000759063, Final residual = 5.78155e-06, No Iterations 1
DILUPBiCG:  Solving for Uz, Initial residual = 0.00685022, Final residual = 3.50479e-06, No Iterations 2
GAMG:  Solving for p, Initial residual = 0.0412311, Final residual = 0.000332262, No Iterations 5
GAMG:  Solving for p, Initial residual = 0.00954803, Final residual = 8.71185e-05, No Iterations 7
GAMG:  Solving for p, Initial residual = 0.0043637, Final residual = 3.87495e-05, No Iterations 10
time step continuity errors : sum local = 5.76971e-07, global = -1.47869e-07, cumulative = 5.06782e-08
GAMG:  Solving for p, Initial residual = 0.00238059, Final residual = 2.05026e-05, No Iterations 16
GAMG:  Solving for p, Initial residual = 0.00130851, Final residual = 1.10812e-05, No Iterations 4
GAMG:  Solving for p, Initial residual = 0.000534853, Final residual = 9.52906e-07, No Iterations 28
time step continuity errors : sum local = 1.40991e-08, global = 4.20278e-09, cumulative = 5.4881e-08
DILUPBiCG:  Solving for omega, Initial residual = 0.000754743, Final residual = 6.8609e-07, No Iterations 1
DILUPBiCG:  Solving for k, Initial residual = 0.00405691, Final residual = 1.24735e-06, No Iterations 2
bounding k, min: 0 max: 0.000711901 average: 0.00015911
ExecutionTime = 16.97 s  ClockTime = 18 s

End

