/*---------------------------------------------------------------------------*\
| =========                 |                                                 |
| \\      /  F ield         | OpenFOAM: The Open Source CFD Toolbox           |
|  \\    /   O peration     | Version:  2.3.1                                 |
|   \\  /    A nd           | Web:      www.OpenFOAM.org                      |
|    \\/     M anipulation  |                                                 |
\*---------------------------------------------------------------------------*/
Build  : 2.3.1-262087cdf8db
Exec   : pimpleDyMFoam
Date   : Jun 06 2023
Time   : 02:25:06
Host   : "jcosson-VirtualBox"
PID    : 30478
Case   : /home/jcosson/workspace/henersj_shootingdata/calcs/moderate_deformed/primal/100_intervals_05-06-23/sweep61/interval62
nProcs : 1
sigFpe : Enabling floating point exception trapping (FOAM_SIGFPE).
fileModificationChecking : Monitoring run-time modified files using timeStampMaster
allowSystemOperations : Allowing user-supplied system call operations

// * * * * * * * * * * * * * * * * * * * * * * * * * * * * * * * * * * * * * //
Create time

Create mesh for time = 0.461

Selecting dynamicFvMesh dynamicMotionSolverFvMesh
Selecting motion solver: displacementLaplacian
Selecting motion diffusion: quadratic
Selecting motion diffusion: quadratic
Selecting motion diffusion: inverseDistance

PIMPLE: no residual control data found. Calculations will employ 3 corrector loops

Reading field p

Reading field U

Reading/calculating face flux field phi

Selecting incompressible transport model Newtonian
Selecting turbulence model type RASModel
Selecting RAS turbulence model kOmegaSST
kOmegaSSTCoeffs
{
    alphaK1         0.85034;
    alphaK2         1;
    alphaOmega1     0.5;
    alphaOmega2     0.85616;
    gamma1          0.5532;
    gamma2          0.4403;
    beta1           0.075;
    beta2           0.0828;
    betaStar        0.09;
    a1              0.31;
    c1              10;
    Cmu             0.09;
    b1              1;
    F3              false;
}

Reading/calculating face velocity Uf

No finite volume options present

Courant Number mean: 0.259109 max: 0.576753

Starting time loop

Courant Number mean: 0.259109 max: 0.576753
Time = 0.462

GAMG:  Solving for cellDisplacementx, Initial residual = 0, Final residual = 0, No Iterations 0
GAMG:  Solving for cellDisplacementy, Initial residual = 0, Final residual = 0, No Iterations 0
GAMG:  Solving for cellDisplacementz, Initial residual = 0, Final residual = 0, No Iterations 0
PIMPLE: iteration 1
DILUPBiCG:  Solving for Ux, Initial residual = 0.0273679, Final residual = 0.000110144, No Iterations 1
DILUPBiCG:  Solving for Uy, Initial residual = 0.00436868, Final residual = 1.03719e-05, No Iterations 1
DILUPBiCG:  Solving for Uz, Initial residual = 0.0139105, Final residual = 3.27038e-05, No Iterations 1
GAMG:  Solving for p, Initial residual = 0.152038, Final residual = 0.00129759, No Iterations 6
GAMG:  Solving for p, Initial residual = 0.0188243, Final residual = 0.000176419, No Iterations 18
GAMG:  Solving for p, Initial residual = 0.00773651, Final residual = 6.88042e-05, No Iterations 12
time step continuity errors : sum local = 6.52415e-07, global = 1.9599e-07, cumulative = 1.9599e-07
GAMG:  Solving for p, Initial residual = 0.0619863, Final residual = 0.000417247, No Iterations 6
GAMG:  Solving for p, Initial residual = 0.00938666, Final residual = 8.36812e-05, No Iterations 16
GAMG:  Solving for p, Initial residual = 0.00402719, Final residual = 3.32394e-05, No Iterations 12
time step continuity errors : sum local = 3.13687e-07, global = 9.33315e-08, cumulative = 2.89322e-07
PIMPLE: iteration 2
DILUPBiCG:  Solving for Ux, Initial residual = 0.00855801, Final residual = 4.08472e-05, No Iterations 1
DILUPBiCG:  Solving for Uy, Initial residual = 0.00143399, Final residual = 3.90286e-06, No Iterations 1
DILUPBiCG:  Solving for Uz, Initial residual = 0.00383441, Final residual = 1.06419e-05, No Iterations 1
GAMG:  Solving for p, Initial residual = 0.0635926, Final residual = 0.000412594, No Iterations 4
GAMG:  Solving for p, Initial residual = 0.010641, Final residual = 9.30811e-05, No Iterations 14
GAMG:  Solving for p, Initial residual = 0.00488502, Final residual = 4.26156e-05, No Iterations 8
time step continuity errors : sum local = 3.40799e-07, global = -1.08502e-07, cumulative = 1.8082e-07
GAMG:  Solving for p, Initial residual = 0.0321522, Final residual = 0.000174153, No Iterations 4
GAMG:  Solving for p, Initial residual = 0.00517808, Final residual = 5.11438e-05, No Iterations 11
GAMG:  Solving for p, Initial residual = 0.00230833, Final residual = 1.94367e-05, No Iterations 6
time step continuity errors : sum local = 1.56189e-07, global = 4.8172e-08, cumulative = 2.28991e-07
PIMPLE: iteration 3
DILUPBiCG:  Solving for Ux, Initial residual = 0.00232497, Final residual = 1.42473e-08, No Iterations 3
DILUPBiCG:  Solving for Uy, Initial residual = 0.000387179, Final residual = 6.67919e-06, No Iterations 1
DILUPBiCG:  Solving for Uz, Initial residual = 0.00511003, Final residual = 1.19926e-06, No Iterations 2
GAMG:  Solving for p, Initial residual = 0.0427594, Final residual = 0.000343224, No Iterations 5
GAMG:  Solving for p, Initial residual = 0.009874, Final residual = 8.59589e-05, No Iterations 15
GAMG:  Solving for p, Initial residual = 0.00463625, Final residual = 4.62418e-05, No Iterations 4
time step continuity errors : sum local = 4.11434e-07, global = -1.45739e-07, cumulative = 8.32524e-08
GAMG:  Solving for p, Initial residual = 0.00293084, Final residual = 2.80462e-05, No Iterations 14
GAMG:  Solving for p, Initial residual = 0.00161342, Final residual = 1.38344e-05, No Iterations 4
GAMG:  Solving for p, Initial residual = 0.000629256, Final residual = 8.97825e-07, No Iterations 38
time step continuity errors : sum local = 7.97257e-09, global = 2.36344e-09, cumulative = 8.56158e-08
DILUPBiCG:  Solving for omega, Initial residual = 0.000587806, Final residual = 1.15193e-06, No Iterations 1
DILUPBiCG:  Solving for k, Initial residual = 0.00497417, Final residual = 1.15402e-06, No Iterations 2
ExecutionTime = 18.35 s  ClockTime = 18 s

End

