/*---------------------------------------------------------------------------*\
| =========                 |                                                 |
| \\      /  F ield         | OpenFOAM: The Open Source CFD Toolbox           |
|  \\    /   O peration     | Version:  2.3.1                                 |
|   \\  /    A nd           | Web:      www.OpenFOAM.org                      |
|    \\/     M anipulation  |                                                 |
\*---------------------------------------------------------------------------*/
Build  : 2.3.1-262087cdf8db
Exec   : pimpleDyMFoam
Date   : Jun 06 2023
Time   : 02:25:24
Host   : "jcosson-VirtualBox"
PID    : 30507
Case   : /home/jcosson/workspace/henersj_shootingdata/calcs/moderate_deformed/primal/100_intervals_05-06-23/sweep61/interval77
nProcs : 1
sigFpe : Enabling floating point exception trapping (FOAM_SIGFPE).
fileModificationChecking : Monitoring run-time modified files using timeStampMaster
allowSystemOperations : Allowing user-supplied system call operations

// * * * * * * * * * * * * * * * * * * * * * * * * * * * * * * * * * * * * * //
Create time

Create mesh for time = 0.476

Selecting dynamicFvMesh dynamicMotionSolverFvMesh
Selecting motion solver: displacementLaplacian
Selecting motion diffusion: quadratic
Selecting motion diffusion: quadratic
Selecting motion diffusion: inverseDistance

PIMPLE: no residual control data found. Calculations will employ 3 corrector loops

Reading field p

Reading field U

Reading/calculating face flux field phi

Selecting incompressible transport model Newtonian
Selecting turbulence model type RASModel
Selecting RAS turbulence model kOmegaSST
kOmegaSSTCoeffs
{
    alphaK1         0.85034;
    alphaK2         1;
    alphaOmega1     0.5;
    alphaOmega2     0.85616;
    gamma1          0.5532;
    gamma2          0.4403;
    beta1           0.075;
    beta2           0.0828;
    betaStar        0.09;
    a1              0.31;
    c1              10;
    Cmu             0.09;
    b1              1;
    F3              false;
}

Reading/calculating face velocity Uf

No finite volume options present

Courant Number mean: 0.183321 max: 0.404804

Starting time loop

Courant Number mean: 0.183321 max: 0.404804
Time = 0.477

GAMG:  Solving for cellDisplacementx, Initial residual = 0, Final residual = 0, No Iterations 0
GAMG:  Solving for cellDisplacementy, Initial residual = 0, Final residual = 0, No Iterations 0
GAMG:  Solving for cellDisplacementz, Initial residual = 0, Final residual = 0, No Iterations 0
PIMPLE: iteration 1
DILUPBiCG:  Solving for Ux, Initial residual = 0.0603041, Final residual = 0.000246268, No Iterations 1
DILUPBiCG:  Solving for Uy, Initial residual = 0.0102841, Final residual = 2.31367e-05, No Iterations 1
DILUPBiCG:  Solving for Uz, Initial residual = 0.0118014, Final residual = 2.32379e-05, No Iterations 1
GAMG:  Solving for p, Initial residual = 0.123043, Final residual = 0.000875621, No Iterations 6
GAMG:  Solving for p, Initial residual = 0.0144808, Final residual = 0.000134404, No Iterations 18
GAMG:  Solving for p, Initial residual = 0.00644082, Final residual = 5.34367e-05, No Iterations 12
time step continuity errors : sum local = 8.2471e-07, global = 2.4744e-07, cumulative = 2.4744e-07
GAMG:  Solving for p, Initial residual = 0.0529357, Final residual = 0.000493771, No Iterations 4
GAMG:  Solving for p, Initial residual = 0.00732025, Final residual = 6.76404e-05, No Iterations 18
GAMG:  Solving for p, Initial residual = 0.00343336, Final residual = 3.29924e-05, No Iterations 10
time step continuity errors : sum local = 5.09996e-07, global = 1.35912e-07, cumulative = 3.83352e-07
PIMPLE: iteration 2
DILUPBiCG:  Solving for Ux, Initial residual = 0.0169848, Final residual = 0.000102868, No Iterations 1
DILUPBiCG:  Solving for Uy, Initial residual = 0.00305104, Final residual = 6.75751e-06, No Iterations 1
DILUPBiCG:  Solving for Uz, Initial residual = 0.00335898, Final residual = 1.22299e-05, No Iterations 1
GAMG:  Solving for p, Initial residual = 0.0528754, Final residual = 0.000477893, No Iterations 4
GAMG:  Solving for p, Initial residual = 0.00882565, Final residual = 8.54935e-05, No Iterations 16
GAMG:  Solving for p, Initial residual = 0.00393946, Final residual = 3.5978e-05, No Iterations 10
time step continuity errors : sum local = 4.77034e-07, global = -1.27746e-07, cumulative = 2.55606e-07
GAMG:  Solving for p, Initial residual = 0.0272734, Final residual = 0.000211259, No Iterations 4
GAMG:  Solving for p, Initial residual = 0.00441789, Final residual = 4.0244e-05, No Iterations 14
GAMG:  Solving for p, Initial residual = 0.00186448, Final residual = 1.75132e-05, No Iterations 10
time step continuity errors : sum local = 2.33368e-07, global = -6.08607e-08, cumulative = 1.94746e-07
PIMPLE: iteration 3
DILUPBiCG:  Solving for Ux, Initial residual = 0.00404302, Final residual = 2.58182e-06, No Iterations 2
DILUPBiCG:  Solving for Uy, Initial residual = 0.00073332, Final residual = 6.07355e-06, No Iterations 1
DILUPBiCG:  Solving for Uz, Initial residual = 0.00709032, Final residual = 3.51303e-06, No Iterations 2
GAMG:  Solving for p, Initial residual = 0.0407691, Final residual = 0.000352243, No Iterations 5
GAMG:  Solving for p, Initial residual = 0.00936243, Final residual = 7.37318e-05, No Iterations 9
GAMG:  Solving for p, Initial residual = 0.00434073, Final residual = 4.3238e-05, No Iterations 4
time step continuity errors : sum local = 6.43346e-07, global = -2.0761e-07, cumulative = -1.2864e-08
GAMG:  Solving for p, Initial residual = 0.00237133, Final residual = 2.12507e-05, No Iterations 16
GAMG:  Solving for p, Initial residual = 0.00128548, Final residual = 1.0987e-05, No Iterations 4
GAMG:  Solving for p, Initial residual = 0.00053075, Final residual = 9.73297e-07, No Iterations 26
time step continuity errors : sum local = 1.44049e-08, global = 4.24507e-09, cumulative = -8.61895e-09
DILUPBiCG:  Solving for omega, Initial residual = 0.000675349, Final residual = 6.56571e-07, No Iterations 1
DILUPBiCG:  Solving for k, Initial residual = 0.0041815, Final residual = 1.41639e-06, No Iterations 2
bounding k, min: 0 max: 0.000723519 average: 0.000161065
ExecutionTime = 16.73 s  ClockTime = 17 s

End

