/*---------------------------------------------------------------------------*\
| =========                 |                                                 |
| \\      /  F ield         | OpenFOAM: The Open Source CFD Toolbox           |
|  \\    /   O peration     | Version:  2.3.1                                 |
|   \\  /    A nd           | Web:      www.OpenFOAM.org                      |
|    \\/     M anipulation  |                                                 |
\*---------------------------------------------------------------------------*/
Build  : 2.3.1-262087cdf8db
Exec   : pimpleDyMFoam
Date   : Jun 06 2023
Time   : 02:25:25
Host   : "jcosson-VirtualBox"
PID    : 30525
Case   : /home/jcosson/workspace/henersj_shootingdata/calcs/moderate_deformed/primal/100_intervals_05-06-23/sweep61/interval86
nProcs : 1
sigFpe : Enabling floating point exception trapping (FOAM_SIGFPE).
fileModificationChecking : Monitoring run-time modified files using timeStampMaster
allowSystemOperations : Allowing user-supplied system call operations

// * * * * * * * * * * * * * * * * * * * * * * * * * * * * * * * * * * * * * //
Create time

Create mesh for time = 0.485

Selecting dynamicFvMesh dynamicMotionSolverFvMesh
Selecting motion solver: displacementLaplacian
Selecting motion diffusion: quadratic
Selecting motion diffusion: quadratic
Selecting motion diffusion: inverseDistance

PIMPLE: no residual control data found. Calculations will employ 3 corrector loops

Reading field p

Reading field U

Reading/calculating face flux field phi

Selecting incompressible transport model Newtonian
Selecting turbulence model type RASModel
Selecting RAS turbulence model kOmegaSST
bounding k, min: 0 max: 0.000659559 average: 0.000153727
kOmegaSSTCoeffs
{
    alphaK1         0.85034;
    alphaK2         1;
    alphaOmega1     0.5;
    alphaOmega2     0.85616;
    gamma1          0.5532;
    gamma2          0.4403;
    beta1           0.075;
    beta2           0.0828;
    betaStar        0.09;
    a1              0.31;
    c1              10;
    Cmu             0.09;
    b1              1;
    F3              false;
}

Reading/calculating face velocity Uf

No finite volume options present

Courant Number mean: 0.135802 max: 0.295078

Starting time loop

Courant Number mean: 0.135802 max: 0.295078
Time = 0.486

GAMG:  Solving for cellDisplacementx, Initial residual = 0, Final residual = 0, No Iterations 0
GAMG:  Solving for cellDisplacementy, Initial residual = 0, Final residual = 0, No Iterations 0
GAMG:  Solving for cellDisplacementz, Initial residual = 0, Final residual = 0, No Iterations 0
PIMPLE: iteration 1
DILUPBiCG:  Solving for Ux, Initial residual = 0.0627191, Final residual = 0.000245167, No Iterations 1
DILUPBiCG:  Solving for Uy, Initial residual = 0.0119054, Final residual = 2.48992e-05, No Iterations 1
DILUPBiCG:  Solving for Uz, Initial residual = 0.013148, Final residual = 1.42355e-05, No Iterations 1
GAMG:  Solving for p, Initial residual = 0.11914, Final residual = 0.000929671, No Iterations 4
GAMG:  Solving for p, Initial residual = 0.0154791, Final residual = 0.000137581, No Iterations 18
GAMG:  Solving for p, Initial residual = 0.00721973, Final residual = 6.51142e-05, No Iterations 4
time step continuity errors : sum local = 8.70326e-07, global = 3.18854e-07, cumulative = 3.18854e-07
GAMG:  Solving for p, Initial residual = 0.0528204, Final residual = 0.000389403, No Iterations 4
GAMG:  Solving for p, Initial residual = 0.00769898, Final residual = 6.80719e-05, No Iterations 16
GAMG:  Solving for p, Initial residual = 0.00362842, Final residual = 3.60432e-05, No Iterations 4
time step continuity errors : sum local = 4.84012e-07, global = 1.74733e-07, cumulative = 4.93586e-07
PIMPLE: iteration 2
DILUPBiCG:  Solving for Ux, Initial residual = 0.0166223, Final residual = 0.000101265, No Iterations 1
DILUPBiCG:  Solving for Uy, Initial residual = 0.00327806, Final residual = 6.76802e-06, No Iterations 1
DILUPBiCG:  Solving for Uz, Initial residual = 0.002845, Final residual = 9.60975e-06, No Iterations 1
GAMG:  Solving for p, Initial residual = 0.0521111, Final residual = 0.000472151, No Iterations 4
GAMG:  Solving for p, Initial residual = 0.00991786, Final residual = 9.8342e-05, No Iterations 14
GAMG:  Solving for p, Initial residual = 0.00452475, Final residual = 4.41492e-05, No Iterations 8
time step continuity errors : sum local = 5.14264e-07, global = -1.08405e-07, cumulative = 3.85182e-07
GAMG:  Solving for p, Initial residual = 0.0272353, Final residual = 0.000217468, No Iterations 4
GAMG:  Solving for p, Initial residual = 0.00520721, Final residual = 4.96741e-05, No Iterations 12
GAMG:  Solving for p, Initial residual = 0.00215146, Final residual = 1.81179e-05, No Iterations 10
time step continuity errors : sum local = 2.11596e-07, global = -5.35276e-08, cumulative = 3.31654e-07
PIMPLE: iteration 3
DILUPBiCG:  Solving for Ux, Initial residual = 0.00367308, Final residual = 3.0787e-06, No Iterations 2
DILUPBiCG:  Solving for Uy, Initial residual = 0.000755272, Final residual = 4.96294e-06, No Iterations 1
DILUPBiCG:  Solving for Uz, Initial residual = 0.00572968, Final residual = 2.59848e-06, No Iterations 2
GAMG:  Solving for p, Initial residual = 0.0433847, Final residual = 0.000330076, No Iterations 5
GAMG:  Solving for p, Initial residual = 0.00979263, Final residual = 9.04005e-05, No Iterations 14
GAMG:  Solving for p, Initial residual = 0.00493006, Final residual = 4.65181e-05, No Iterations 10
time step continuity errors : sum local = 6.07974e-07, global = -1.59474e-07, cumulative = 1.72179e-07
GAMG:  Solving for p, Initial residual = 0.00244316, Final residual = 2.16351e-05, No Iterations 8
GAMG:  Solving for p, Initial residual = 0.0012832, Final residual = 8.47876e-06, No Iterations 5
GAMG:  Solving for p, Initial residual = 0.000519148, Final residual = 8.74417e-07, No Iterations 28
time step continuity errors : sum local = 1.13147e-08, global = 3.40748e-09, cumulative = 1.75587e-07
DILUPBiCG:  Solving for omega, Initial residual = 0.00103882, Final residual = 7.33715e-07, No Iterations 1
DILUPBiCG:  Solving for k, Initial residual = 0.00364213, Final residual = 6.68535e-07, No Iterations 2
bounding k, min: 0 max: 0.000646949 average: 0.00015279
ExecutionTime = 16.87 s  ClockTime = 17 s

End

