/*---------------------------------------------------------------------------*\
| =========                 |                                                 |
| \\      /  F ield         | OpenFOAM: The Open Source CFD Toolbox           |
|  \\    /   O peration     | Version:  2.3.1                                 |
|   \\  /    A nd           | Web:      www.OpenFOAM.org                      |
|    \\/     M anipulation  |                                                 |
\*---------------------------------------------------------------------------*/
Build  : 2.3.1-262087cdf8db
Exec   : pimpleDyMFoam
Date   : Jun 06 2023
Time   : 02:25:06
Host   : "jcosson-VirtualBox"
PID    : 30488
Case   : /home/jcosson/workspace/henersj_shootingdata/calcs/moderate_deformed/primal/100_intervals_05-06-23/sweep61/interval64
nProcs : 1
sigFpe : Enabling floating point exception trapping (FOAM_SIGFPE).
fileModificationChecking : Monitoring run-time modified files using timeStampMaster
allowSystemOperations : Allowing user-supplied system call operations

// * * * * * * * * * * * * * * * * * * * * * * * * * * * * * * * * * * * * * //
Create time

Create mesh for time = 0.463

Selecting dynamicFvMesh dynamicMotionSolverFvMesh
Selecting motion solver: displacementLaplacian
Selecting motion diffusion: quadratic
Selecting motion diffusion: quadratic
Selecting motion diffusion: inverseDistance

PIMPLE: no residual control data found. Calculations will employ 3 corrector loops

Reading field p

Reading field U

Reading/calculating face flux field phi

Selecting incompressible transport model Newtonian
Selecting turbulence model type RASModel
Selecting RAS turbulence model kOmegaSST
kOmegaSSTCoeffs
{
    alphaK1         0.85034;
    alphaK2         1;
    alphaOmega1     0.5;
    alphaOmega2     0.85616;
    gamma1          0.5532;
    gamma2          0.4403;
    beta1           0.075;
    beta2           0.0828;
    betaStar        0.09;
    a1              0.31;
    c1              10;
    Cmu             0.09;
    b1              1;
    F3              false;
}

Reading/calculating face velocity Uf

No finite volume options present

Courant Number mean: 0.251256 max: 0.559204

Starting time loop

Courant Number mean: 0.251256 max: 0.559204
Time = 0.464

GAMG:  Solving for cellDisplacementx, Initial residual = 0, Final residual = 0, No Iterations 0
GAMG:  Solving for cellDisplacementy, Initial residual = 0, Final residual = 0, No Iterations 0
GAMG:  Solving for cellDisplacementz, Initial residual = 0, Final residual = 0, No Iterations 0
PIMPLE: iteration 1
DILUPBiCG:  Solving for Ux, Initial residual = 0.0324981, Final residual = 0.00013266, No Iterations 1
DILUPBiCG:  Solving for Uy, Initial residual = 0.0051953, Final residual = 1.23496e-05, No Iterations 1
DILUPBiCG:  Solving for Uz, Initial residual = 0.0137644, Final residual = 3.22148e-05, No Iterations 1
GAMG:  Solving for p, Initial residual = 0.144726, Final residual = 0.00122313, No Iterations 6
GAMG:  Solving for p, Initial residual = 0.0173841, Final residual = 0.000168934, No Iterations 18
GAMG:  Solving for p, Initial residual = 0.00726277, Final residual = 6.63301e-05, No Iterations 12
time step continuity errors : sum local = 7.14406e-07, global = 2.14856e-07, cumulative = 2.14856e-07
GAMG:  Solving for p, Initial residual = 0.0595061, Final residual = 0.000397067, No Iterations 6
GAMG:  Solving for p, Initial residual = 0.00873605, Final residual = 8.02719e-05, No Iterations 16
GAMG:  Solving for p, Initial residual = 0.00378388, Final residual = 3.23569e-05, No Iterations 12
time step continuity errors : sum local = 3.4713e-07, global = 1.03519e-07, cumulative = 3.18374e-07
PIMPLE: iteration 2
DILUPBiCG:  Solving for Ux, Initial residual = 0.00999065, Final residual = 5.09777e-05, No Iterations 1
DILUPBiCG:  Solving for Uy, Initial residual = 0.00167992, Final residual = 4.29153e-06, No Iterations 1
DILUPBiCG:  Solving for Uz, Initial residual = 0.00382288, Final residual = 1.10438e-05, No Iterations 1
GAMG:  Solving for p, Initial residual = 0.0607793, Final residual = 0.000437082, No Iterations 4
GAMG:  Solving for p, Initial residual = 0.0100158, Final residual = 9.58753e-05, No Iterations 14
GAMG:  Solving for p, Initial residual = 0.00458092, Final residual = 4.40176e-05, No Iterations 8
time step continuity errors : sum local = 3.99901e-07, global = -1.20617e-07, cumulative = 1.97757e-07
GAMG:  Solving for p, Initial residual = 0.0308742, Final residual = 0.00018593, No Iterations 4
GAMG:  Solving for p, Initial residual = 0.00486961, Final residual = 4.42039e-05, No Iterations 12
GAMG:  Solving for p, Initial residual = 0.00215915, Final residual = 2.01739e-05, No Iterations 8
time step continuity errors : sum local = 1.84223e-07, global = -5.31809e-08, cumulative = 1.44577e-07
PIMPLE: iteration 3
DILUPBiCG:  Solving for Ux, Initial residual = 0.0026512, Final residual = 9.37968e-07, No Iterations 2
DILUPBiCG:  Solving for Uy, Initial residual = 0.000443238, Final residual = 6.97182e-06, No Iterations 1
DILUPBiCG:  Solving for Uz, Initial residual = 0.00578144, Final residual = 1.49337e-06, No Iterations 2
GAMG:  Solving for p, Initial residual = 0.0415661, Final residual = 0.000334995, No Iterations 5
GAMG:  Solving for p, Initial residual = 0.00954797, Final residual = 8.52174e-05, No Iterations 15
GAMG:  Solving for p, Initial residual = 0.00452233, Final residual = 3.69788e-05, No Iterations 10
time step continuity errors : sum local = 3.74923e-07, global = -9.75147e-08, cumulative = 4.70619e-08
GAMG:  Solving for p, Initial residual = 0.00277985, Final residual = 2.45729e-05, No Iterations 20
GAMG:  Solving for p, Initial residual = 0.00157881, Final residual = 1.37069e-05, No Iterations 4
GAMG:  Solving for p, Initial residual = 0.000602187, Final residual = 8.93908e-07, No Iterations 38
time step continuity errors : sum local = 9.04716e-09, global = 2.68079e-09, cumulative = 4.97427e-08
DILUPBiCG:  Solving for omega, Initial residual = 0.000527672, Final residual = 1.21097e-06, No Iterations 1
DILUPBiCG:  Solving for k, Initial residual = 0.00498102, Final residual = 1.37406e-06, No Iterations 2
ExecutionTime = 18.71 s  ClockTime = 19 s

End

