/*---------------------------------------------------------------------------*\
| =========                 |                                                 |
| \\      /  F ield         | OpenFOAM: The Open Source CFD Toolbox           |
|  \\    /   O peration     | Version:  2.3.1                                 |
|   \\  /    A nd           | Web:      www.OpenFOAM.org                      |
|    \\/     M anipulation  |                                                 |
\*---------------------------------------------------------------------------*/
Build  : 2.3.1-262087cdf8db
Exec   : pimpleDyMFoam
Date   : Jun 06 2023
Time   : 02:42:35
Host   : "jcosson-VirtualBox"
PID    : 6959
Case   : /home/jcosson/workspace/henersj_shootingdata/calcs/moderate_deformed/primal/100_intervals_05-06-23/sweep71/interval90
nProcs : 1
sigFpe : Enabling floating point exception trapping (FOAM_SIGFPE).
fileModificationChecking : Monitoring run-time modified files using timeStampMaster
allowSystemOperations : Allowing user-supplied system call operations

// * * * * * * * * * * * * * * * * * * * * * * * * * * * * * * * * * * * * * //
Create time

Create mesh for time = 0.489

Selecting dynamicFvMesh dynamicMotionSolverFvMesh
Selecting motion solver: displacementLaplacian
Selecting motion diffusion: quadratic
Selecting motion diffusion: quadratic
Selecting motion diffusion: inverseDistance

PIMPLE: no residual control data found. Calculations will employ 3 corrector loops

Reading field p

Reading field U

Reading/calculating face flux field phi

Selecting incompressible transport model Newtonian
Selecting turbulence model type RASModel
Selecting RAS turbulence model kOmegaSST
bounding k, min: 0 max: 0.000601742 average: 0.000149605
kOmegaSSTCoeffs
{
    alphaK1         0.85034;
    alphaK2         1;
    alphaOmega1     0.5;
    alphaOmega2     0.85616;
    gamma1          0.5532;
    gamma2          0.4403;
    beta1           0.075;
    beta2           0.0828;
    betaStar        0.09;
    a1              0.31;
    c1              10;
    Cmu             0.09;
    b1              1;
    F3              false;
}

Reading/calculating face velocity Uf

No finite volume options present

Courant Number mean: 0.119169 max: 0.257433

Starting time loop

Courant Number mean: 0.119169 max: 0.257433
Time = 0.49

GAMG:  Solving for cellDisplacementx, Initial residual = 0, Final residual = 0, No Iterations 0
GAMG:  Solving for cellDisplacementy, Initial residual = 0, Final residual = 0, No Iterations 0
GAMG:  Solving for cellDisplacementz, Initial residual = 0, Final residual = 0, No Iterations 0
PIMPLE: iteration 1
DILUPBiCG:  Solving for Ux, Initial residual = 0.0548348, Final residual = 0.000214191, No Iterations 1
DILUPBiCG:  Solving for Uy, Initial residual = 0.010995, Final residual = 2.27329e-05, No Iterations 1
DILUPBiCG:  Solving for Uz, Initial residual = 0.0131192, Final residual = 1.18485e-05, No Iterations 1
GAMG:  Solving for p, Initial residual = 0.114649, Final residual = 0.000717121, No Iterations 4
GAMG:  Solving for p, Initial residual = 0.0155075, Final residual = 0.000143166, No Iterations 16
GAMG:  Solving for p, Initial residual = 0.00730871, Final residual = 6.21109e-05, No Iterations 4
time step continuity errors : sum local = 6.81862e-07, global = 2.30191e-07, cumulative = 2.30191e-07
GAMG:  Solving for p, Initial residual = 0.0517808, Final residual = 0.000310064, No Iterations 4
GAMG:  Solving for p, Initial residual = 0.00765758, Final residual = 7.30009e-05, No Iterations 14
GAMG:  Solving for p, Initial residual = 0.00367785, Final residual = 3.30943e-05, No Iterations 4
time step continuity errors : sum local = 3.65551e-07, global = 1.23032e-07, cumulative = 3.53223e-07
PIMPLE: iteration 2
DILUPBiCG:  Solving for Ux, Initial residual = 0.0141301, Final residual = 8.69525e-05, No Iterations 1
DILUPBiCG:  Solving for Uy, Initial residual = 0.00291714, Final residual = 5.97797e-06, No Iterations 1
DILUPBiCG:  Solving for Uz, Initial residual = 0.00272901, Final residual = 8.37524e-06, No Iterations 1
GAMG:  Solving for p, Initial residual = 0.0506555, Final residual = 0.000493479, No Iterations 4
GAMG:  Solving for p, Initial residual = 0.0107413, Final residual = 0.000102129, No Iterations 14
GAMG:  Solving for p, Initial residual = 0.00488433, Final residual = 4.45866e-05, No Iterations 4
time step continuity errors : sum local = 4.28784e-07, global = -1.64971e-07, cumulative = 1.88252e-07
GAMG:  Solving for p, Initial residual = 0.0267574, Final residual = 0.000238424, No Iterations 4
GAMG:  Solving for p, Initial residual = 0.00591032, Final residual = 5.30528e-05, No Iterations 12
GAMG:  Solving for p, Initial residual = 0.00231632, Final residual = 2.28953e-05, No Iterations 4
time step continuity errors : sum local = 2.2052e-07, global = -8.53372e-08, cumulative = 1.02915e-07
PIMPLE: iteration 3
DILUPBiCG:  Solving for Ux, Initial residual = 0.00297881, Final residual = 2.87131e-06, No Iterations 2
DILUPBiCG:  Solving for Uy, Initial residual = 0.0006511, Final residual = 4.9552e-06, No Iterations 1
DILUPBiCG:  Solving for Uz, Initial residual = 0.00476461, Final residual = 2.29691e-06, No Iterations 2
GAMG:  Solving for p, Initial residual = 0.0457139, Final residual = 0.000345735, No Iterations 5
GAMG:  Solving for p, Initial residual = 0.0103813, Final residual = 9.83306e-05, No Iterations 14
GAMG:  Solving for p, Initial residual = 0.00540523, Final residual = 5.14521e-05, No Iterations 10
time step continuity errors : sum local = 5.53917e-07, global = -1.47739e-07, cumulative = -4.48244e-08
GAMG:  Solving for p, Initial residual = 0.00255338, Final residual = 2.00015e-05, No Iterations 8
GAMG:  Solving for p, Initial residual = 0.00130959, Final residual = 9.98577e-06, No Iterations 5
GAMG:  Solving for p, Initial residual = 0.00052308, Final residual = 8.98116e-07, No Iterations 28
time step continuity errors : sum local = 9.55569e-09, global = 2.87741e-09, cumulative = -4.1947e-08
DILUPBiCG:  Solving for omega, Initial residual = 0.00116369, Final residual = 7.11212e-07, No Iterations 1
DILUPBiCG:  Solving for k, Initial residual = 0.00338714, Final residual = 6.66796e-07, No Iterations 2
bounding k, min: 0 max: 0.000587554 average: 0.000148788
ExecutionTime = 15.82 s  ClockTime = 16 s

End

