/*---------------------------------------------------------------------------*\
| =========                 |                                                 |
| \\      /  F ield         | OpenFOAM: The Open Source CFD Toolbox           |
|  \\    /   O peration     | Version:  2.3.1                                 |
|   \\  /    A nd           | Web:      www.OpenFOAM.org                      |
|    \\/     M anipulation  |                                                 |
\*---------------------------------------------------------------------------*/
Build  : 2.3.1-262087cdf8db
Exec   : pimpleDyMFoam
Date   : Jun 06 2023
Time   : 02:42:17
Host   : "jcosson-VirtualBox"
PID    : 6947
Case   : /home/jcosson/workspace/henersj_shootingdata/calcs/moderate_deformed/primal/100_intervals_05-06-23/sweep71/interval81
nProcs : 1
sigFpe : Enabling floating point exception trapping (FOAM_SIGFPE).
fileModificationChecking : Monitoring run-time modified files using timeStampMaster
allowSystemOperations : Allowing user-supplied system call operations

// * * * * * * * * * * * * * * * * * * * * * * * * * * * * * * * * * * * * * //
Create time

Create mesh for time = 0.48

Selecting dynamicFvMesh dynamicMotionSolverFvMesh
Selecting motion solver: displacementLaplacian
Selecting motion diffusion: quadratic
Selecting motion diffusion: quadratic
Selecting motion diffusion: inverseDistance

PIMPLE: no residual control data found. Calculations will employ 3 corrector loops

Reading field p

Reading field U

Reading/calculating face flux field phi

Selecting incompressible transport model Newtonian
Selecting turbulence model type RASModel
Selecting RAS turbulence model kOmegaSST
bounding k, min: 0 max: 0.000685654 average: 0.000157518
kOmegaSSTCoeffs
{
    alphaK1         0.85034;
    alphaK2         1;
    alphaOmega1     0.5;
    alphaOmega2     0.85616;
    gamma1          0.5532;
    gamma2          0.4403;
    beta1           0.075;
    beta2           0.0828;
    betaStar        0.09;
    a1              0.31;
    c1              10;
    Cmu             0.09;
    b1              1;
    F3              false;
}

Reading/calculating face velocity Uf

No finite volume options present

Courant Number mean: 0.160937 max: 0.353785

Starting time loop

Courant Number mean: 0.160937 max: 0.353785
Time = 0.481

GAMG:  Solving for cellDisplacementx, Initial residual = 0, Final residual = 0, No Iterations 0
GAMG:  Solving for cellDisplacementy, Initial residual = 0, Final residual = 0, No Iterations 0
GAMG:  Solving for cellDisplacementz, Initial residual = 0, Final residual = 0, No Iterations 0
PIMPLE: iteration 1
DILUPBiCG:  Solving for Ux, Initial residual = 0.0642792, Final residual = 0.000258532, No Iterations 1
DILUPBiCG:  Solving for Uy, Initial residual = 0.0113764, Final residual = 2.49506e-05, No Iterations 1
DILUPBiCG:  Solving for Uz, Initial residual = 0.0105761, Final residual = 1.87095e-05, No Iterations 1
GAMG:  Solving for p, Initial residual = 0.119276, Final residual = 0.00114424, No Iterations 4
GAMG:  Solving for p, Initial residual = 0.0143393, Final residual = 0.000128191, No Iterations 20
GAMG:  Solving for p, Initial residual = 0.00664201, Final residual = 6.08626e-05, No Iterations 10
time step continuity errors : sum local = 9.21088e-07, global = 2.4922e-07, cumulative = 2.4922e-07
GAMG:  Solving for p, Initial residual = 0.052015, Final residual = 0.000445286, No Iterations 4
GAMG:  Solving for p, Initial residual = 0.00720734, Final residual = 6.20497e-05, No Iterations 18
GAMG:  Solving for p, Initial residual = 0.00337518, Final residual = 3.06879e-05, No Iterations 10
time step continuity errors : sum local = 4.65614e-07, global = 1.25461e-07, cumulative = 3.74681e-07
PIMPLE: iteration 2
DILUPBiCG:  Solving for Ux, Initial residual = 0.0176323, Final residual = 0.000108397, No Iterations 1
DILUPBiCG:  Solving for Uy, Initial residual = 0.0032873, Final residual = 7.13336e-06, No Iterations 1
DILUPBiCG:  Solving for Uz, Initial residual = 0.00312281, Final residual = 1.15704e-05, No Iterations 1
GAMG:  Solving for p, Initial residual = 0.0516627, Final residual = 0.000476609, No Iterations 4
GAMG:  Solving for p, Initial residual = 0.00883467, Final residual = 8.35309e-05, No Iterations 16
GAMG:  Solving for p, Initial residual = 0.00388051, Final residual = 3.55551e-05, No Iterations 10
time step continuity errors : sum local = 4.65111e-07, global = -1.21421e-07, cumulative = 2.5326e-07
GAMG:  Solving for p, Initial residual = 0.0267703, Final residual = 0.000214371, No Iterations 4
GAMG:  Solving for p, Initial residual = 0.00447128, Final residual = 3.98125e-05, No Iterations 14
GAMG:  Solving for p, Initial residual = 0.00183574, Final residual = 1.7506e-05, No Iterations 10
time step continuity errors : sum local = 2.30028e-07, global = -5.95097e-08, cumulative = 1.9375e-07
PIMPLE: iteration 3
DILUPBiCG:  Solving for Ux, Initial residual = 0.00406144, Final residual = 2.96452e-06, No Iterations 2
DILUPBiCG:  Solving for Uy, Initial residual = 0.000767082, Final residual = 5.5385e-06, No Iterations 1
DILUPBiCG:  Solving for Uz, Initial residual = 0.00647658, Final residual = 3.98964e-06, No Iterations 2
GAMG:  Solving for p, Initial residual = 0.041699, Final residual = 0.000360249, No Iterations 5
GAMG:  Solving for p, Initial residual = 0.00950192, Final residual = 8.41829e-05, No Iterations 10
GAMG:  Solving for p, Initial residual = 0.0044965, Final residual = 3.89589e-05, No Iterations 10
time step continuity errors : sum local = 5.72328e-07, global = -1.47839e-07, cumulative = 4.59111e-08
GAMG:  Solving for p, Initial residual = 0.00238332, Final residual = 2.26646e-05, No Iterations 14
GAMG:  Solving for p, Initial residual = 0.00129786, Final residual = 1.15726e-05, No Iterations 4
GAMG:  Solving for p, Initial residual = 0.000531806, Final residual = 9.06933e-07, No Iterations 30
time step continuity errors : sum local = 1.32244e-08, global = 3.93495e-09, cumulative = 4.98461e-08
DILUPBiCG:  Solving for omega, Initial residual = 0.000829913, Final residual = 6.98588e-07, No Iterations 1
DILUPBiCG:  Solving for k, Initial residual = 0.0039193, Final residual = 1.04843e-06, No Iterations 2
bounding k, min: 0 max: 0.00067622 average: 0.000156491
ExecutionTime = 18.51 s  ClockTime = 19 s

End

