/*---------------------------------------------------------------------------*\
| =========                 |                                                 |
| \\      /  F ield         | OpenFOAM: The Open Source CFD Toolbox           |
|  \\    /   O peration     | Version:  2.3.1                                 |
|   \\  /    A nd           | Web:      www.OpenFOAM.org                      |
|    \\/     M anipulation  |                                                 |
\*---------------------------------------------------------------------------*/
Build  : 2.3.1-262087cdf8db
Exec   : pimpleDyMFoam
Date   : Jun 06 2023
Time   : 02:42:17
Host   : "jcosson-VirtualBox"
PID    : 6938
Case   : /home/jcosson/workspace/henersj_shootingdata/calcs/moderate_deformed/primal/100_intervals_05-06-23/sweep71/interval77
nProcs : 1
sigFpe : Enabling floating point exception trapping (FOAM_SIGFPE).
fileModificationChecking : Monitoring run-time modified files using timeStampMaster
allowSystemOperations : Allowing user-supplied system call operations

// * * * * * * * * * * * * * * * * * * * * * * * * * * * * * * * * * * * * * //
Create time

Create mesh for time = 0.476

Selecting dynamicFvMesh dynamicMotionSolverFvMesh
Selecting motion solver: displacementLaplacian
Selecting motion diffusion: quadratic
Selecting motion diffusion: quadratic
Selecting motion diffusion: inverseDistance

PIMPLE: no residual control data found. Calculations will employ 3 corrector loops

Reading field p

Reading field U

Reading/calculating face flux field phi

Selecting incompressible transport model Newtonian
Selecting turbulence model type RASModel
Selecting RAS turbulence model kOmegaSST
kOmegaSSTCoeffs
{
    alphaK1         0.85034;
    alphaK2         1;
    alphaOmega1     0.5;
    alphaOmega2     0.85616;
    gamma1          0.5532;
    gamma2          0.4403;
    beta1           0.075;
    beta2           0.0828;
    betaStar        0.09;
    a1              0.31;
    c1              10;
    Cmu             0.09;
    b1              1;
    F3              false;
}

Reading/calculating face velocity Uf

No finite volume options present

Courant Number mean: 0.183286 max: 0.405048

Starting time loop

Courant Number mean: 0.183286 max: 0.405048
Time = 0.477

GAMG:  Solving for cellDisplacementx, Initial residual = 0, Final residual = 0, No Iterations 0
GAMG:  Solving for cellDisplacementy, Initial residual = 0, Final residual = 0, No Iterations 0
GAMG:  Solving for cellDisplacementz, Initial residual = 0, Final residual = 0, No Iterations 0
PIMPLE: iteration 1
DILUPBiCG:  Solving for Ux, Initial residual = 0.0603461, Final residual = 0.000245547, No Iterations 1
DILUPBiCG:  Solving for Uy, Initial residual = 0.0102825, Final residual = 2.32442e-05, No Iterations 1
DILUPBiCG:  Solving for Uz, Initial residual = 0.0113194, Final residual = 2.28954e-05, No Iterations 1
GAMG:  Solving for p, Initial residual = 0.122257, Final residual = 0.000869506, No Iterations 6
GAMG:  Solving for p, Initial residual = 0.0142397, Final residual = 0.000133784, No Iterations 18
GAMG:  Solving for p, Initial residual = 0.00632554, Final residual = 5.37408e-05, No Iterations 12
time step continuity errors : sum local = 8.30755e-07, global = 2.49899e-07, cumulative = 2.49899e-07
GAMG:  Solving for p, Initial residual = 0.0526256, Final residual = 0.000493006, No Iterations 4
GAMG:  Solving for p, Initial residual = 0.00722475, Final residual = 6.72147e-05, No Iterations 18
GAMG:  Solving for p, Initial residual = 0.00337581, Final residual = 3.31331e-05, No Iterations 10
time step continuity errors : sum local = 5.12956e-07, global = 1.38033e-07, cumulative = 3.87932e-07
PIMPLE: iteration 2
DILUPBiCG:  Solving for Ux, Initial residual = 0.0169889, Final residual = 0.000101868, No Iterations 1
DILUPBiCG:  Solving for Uy, Initial residual = 0.00305142, Final residual = 6.79239e-06, No Iterations 1
DILUPBiCG:  Solving for Uz, Initial residual = 0.00335156, Final residual = 1.19143e-05, No Iterations 1
GAMG:  Solving for p, Initial residual = 0.0525599, Final residual = 0.000475329, No Iterations 4
GAMG:  Solving for p, Initial residual = 0.00872838, Final residual = 8.41307e-05, No Iterations 16
GAMG:  Solving for p, Initial residual = 0.00389051, Final residual = 3.55144e-05, No Iterations 10
time step continuity errors : sum local = 4.71619e-07, global = -1.25911e-07, cumulative = 2.6202e-07
GAMG:  Solving for p, Initial residual = 0.027132, Final residual = 0.000210181, No Iterations 4
GAMG:  Solving for p, Initial residual = 0.00437075, Final residual = 3.94151e-05, No Iterations 14
GAMG:  Solving for p, Initial residual = 0.00183107, Final residual = 1.72443e-05, No Iterations 10
time step continuity errors : sum local = 2.30139e-07, global = -6.02616e-08, cumulative = 2.01759e-07
PIMPLE: iteration 3
DILUPBiCG:  Solving for Ux, Initial residual = 0.00404106, Final residual = 2.4712e-06, No Iterations 2
DILUPBiCG:  Solving for Uy, Initial residual = 0.000730219, Final residual = 6.0842e-06, No Iterations 1
DILUPBiCG:  Solving for Uz, Initial residual = 0.00707396, Final residual = 3.66426e-06, No Iterations 2
GAMG:  Solving for p, Initial residual = 0.0407556, Final residual = 0.000346378, No Iterations 5
GAMG:  Solving for p, Initial residual = 0.00938465, Final residual = 9.21773e-05, No Iterations 7
GAMG:  Solving for p, Initial residual = 0.00432141, Final residual = 4.02683e-05, No Iterations 10
time step continuity errors : sum local = 6.00489e-07, global = -1.53516e-07, cumulative = 4.82429e-08
GAMG:  Solving for p, Initial residual = 0.00238462, Final residual = 2.1782e-05, No Iterations 16
GAMG:  Solving for p, Initial residual = 0.00130963, Final residual = 1.13551e-05, No Iterations 4
GAMG:  Solving for p, Initial residual = 0.000531767, Final residual = 9.87571e-07, No Iterations 30
time step continuity errors : sum local = 1.46423e-08, global = 4.34832e-09, cumulative = 5.25912e-08
DILUPBiCG:  Solving for omega, Initial residual = 0.000669974, Final residual = 6.45997e-07, No Iterations 1
DILUPBiCG:  Solving for k, Initial residual = 0.00416538, Final residual = 1.37759e-06, No Iterations 2
bounding k, min: 0 max: 0.000701694 average: 0.00016044
ExecutionTime = 17.94 s  ClockTime = 18 s

End

