/*---------------------------------------------------------------------------*\
| =========                 |                                                 |
| \\      /  F ield         | OpenFOAM: The Open Source CFD Toolbox           |
|  \\    /   O peration     | Version:  2.3.1                                 |
|   \\  /    A nd           | Web:      www.OpenFOAM.org                      |
|    \\/     M anipulation  |                                                 |
\*---------------------------------------------------------------------------*/
Build  : 2.3.1-262087cdf8db
Exec   : pimpleDyMFoam
Date   : Jun 06 2023
Time   : 02:42:17
Host   : "jcosson-VirtualBox"
PID    : 6923
Case   : /home/jcosson/workspace/henersj_shootingdata/calcs/moderate_deformed/primal/100_intervals_05-06-23/sweep71/interval72
nProcs : 1
sigFpe : Enabling floating point exception trapping (FOAM_SIGFPE).
fileModificationChecking : Monitoring run-time modified files using timeStampMaster
allowSystemOperations : Allowing user-supplied system call operations

// * * * * * * * * * * * * * * * * * * * * * * * * * * * * * * * * * * * * * //
Create time

Create mesh for time = 0.471

Selecting dynamicFvMesh dynamicMotionSolverFvMesh
Selecting motion solver: displacementLaplacian
Selecting motion diffusion: quadratic
Selecting motion diffusion: quadratic
Selecting motion diffusion: inverseDistance

PIMPLE: no residual control data found. Calculations will employ 3 corrector loops

Reading field p

Reading field U

Reading/calculating face flux field phi

Selecting incompressible transport model Newtonian
Selecting turbulence model type RASModel
Selecting RAS turbulence model kOmegaSST
kOmegaSSTCoeffs
{
    alphaK1         0.85034;
    alphaK2         1;
    alphaOmega1     0.5;
    alphaOmega2     0.85616;
    gamma1          0.5532;
    gamma2          0.4403;
    beta1           0.075;
    beta2           0.0828;
    betaStar        0.09;
    a1              0.31;
    c1              10;
    Cmu             0.09;
    b1              1;
    F3              false;
}

Reading/calculating face velocity Uf

No finite volume options present

Courant Number mean: 0.211588 max: 0.469596

Starting time loop

Courant Number mean: 0.211588 max: 0.469596
Time = 0.472

GAMG:  Solving for cellDisplacementx, Initial residual = 0, Final residual = 0, No Iterations 0
GAMG:  Solving for cellDisplacementy, Initial residual = 0, Final residual = 0, No Iterations 0
GAMG:  Solving for cellDisplacementz, Initial residual = 0, Final residual = 0, No Iterations 0
PIMPLE: iteration 1
DILUPBiCG:  Solving for Ux, Initial residual = 0.0514117, Final residual = 0.0002113, No Iterations 1
DILUPBiCG:  Solving for Uy, Initial residual = 0.0084601, Final residual = 1.97222e-05, No Iterations 1
DILUPBiCG:  Solving for Uz, Initial residual = 0.0125725, Final residual = 2.74223e-05, No Iterations 1
GAMG:  Solving for p, Initial residual = 0.128374, Final residual = 0.000992934, No Iterations 6
GAMG:  Solving for p, Initial residual = 0.0148803, Final residual = 0.000146454, No Iterations 18
GAMG:  Solving for p, Initial residual = 0.00648052, Final residual = 5.82345e-05, No Iterations 12
time step continuity errors : sum local = 8.50043e-07, global = 2.56048e-07, cumulative = 2.56048e-07
GAMG:  Solving for p, Initial residual = 0.0543476, Final residual = 0.000335805, No Iterations 6
GAMG:  Solving for p, Initial residual = 0.00751526, Final residual = 7.02461e-05, No Iterations 16
GAMG:  Solving for p, Initial residual = 0.003365, Final residual = 2.90518e-05, No Iterations 12
time step continuity errors : sum local = 4.23863e-07, global = 1.2692e-07, cumulative = 3.82968e-07
PIMPLE: iteration 2
DILUPBiCG:  Solving for Ux, Initial residual = 0.0149513, Final residual = 8.57249e-05, No Iterations 1
DILUPBiCG:  Solving for Uy, Initial residual = 0.00259523, Final residual = 5.98089e-06, No Iterations 1
DILUPBiCG:  Solving for Uz, Initial residual = 0.00360369, Final residual = 1.19353e-05, No Iterations 1
GAMG:  Solving for p, Initial residual = 0.0547421, Final residual = 0.000472764, No Iterations 4
GAMG:  Solving for p, Initial residual = 0.00894264, Final residual = 8.42395e-05, No Iterations 16
GAMG:  Solving for p, Initial residual = 0.00406864, Final residual = 3.94394e-05, No Iterations 8
time step continuity errors : sum local = 4.90274e-07, global = -1.46679e-07, cumulative = 2.36289e-07
GAMG:  Solving for p, Initial residual = 0.028136, Final residual = 0.000206193, No Iterations 4
GAMG:  Solving for p, Initial residual = 0.00443937, Final residual = 3.88118e-05, No Iterations 14
GAMG:  Solving for p, Initial residual = 0.00190861, Final residual = 1.88704e-05, No Iterations 8
time step continuity errors : sum local = 2.35863e-07, global = -6.59718e-08, cumulative = 1.70317e-07
PIMPLE: iteration 3
DILUPBiCG:  Solving for Ux, Initial residual = 0.00369522, Final residual = 1.77524e-06, No Iterations 2
DILUPBiCG:  Solving for Uy, Initial residual = 0.000641258, Final residual = 6.73216e-06, No Iterations 1
DILUPBiCG:  Solving for Uz, Initial residual = 0.00717214, Final residual = 2.88295e-06, No Iterations 2
GAMG:  Solving for p, Initial residual = 0.0402575, Final residual = 0.0003403, No Iterations 5
GAMG:  Solving for p, Initial residual = 0.00906492, Final residual = 7.95382e-05, No Iterations 13
GAMG:  Solving for p, Initial residual = 0.00435449, Final residual = 3.71236e-05, No Iterations 10
time step continuity errors : sum local = 5.18032e-07, global = -1.34608e-07, cumulative = 3.57092e-08
GAMG:  Solving for p, Initial residual = 0.00244408, Final residual = 2.41961e-05, No Iterations 18
GAMG:  Solving for p, Initial residual = 0.00135238, Final residual = 1.32009e-05, No Iterations 4
GAMG:  Solving for p, Initial residual = 0.000541902, Final residual = 9.90797e-07, No Iterations 36
time step continuity errors : sum local = 1.37628e-08, global = 4.05022e-09, cumulative = 3.97594e-08
DILUPBiCG:  Solving for omega, Initial residual = 0.000516023, Final residual = 5.94833e-07, No Iterations 1
DILUPBiCG:  Solving for k, Initial residual = 0.0045728, Final residual = 1.58263e-06, No Iterations 2
ExecutionTime = 18.55 s  ClockTime = 19 s

End

