/*---------------------------------------------------------------------------*\
| =========                 |                                                 |
| \\      /  F ield         | OpenFOAM: The Open Source CFD Toolbox           |
|  \\    /   O peration     | Version:  2.3.1                                 |
|   \\  /    A nd           | Web:      www.OpenFOAM.org                      |
|    \\/     M anipulation  |                                                 |
\*---------------------------------------------------------------------------*/
Build  : 2.3.1-262087cdf8db
Exec   : pimpleDyMFoam
Date   : Jun 06 2023
Time   : 02:42:36
Host   : "jcosson-VirtualBox"
PID    : 6965
Case   : /home/jcosson/workspace/henersj_shootingdata/calcs/moderate_deformed/primal/100_intervals_05-06-23/sweep71/interval93
nProcs : 1
sigFpe : Enabling floating point exception trapping (FOAM_SIGFPE).
fileModificationChecking : Monitoring run-time modified files using timeStampMaster
allowSystemOperations : Allowing user-supplied system call operations

// * * * * * * * * * * * * * * * * * * * * * * * * * * * * * * * * * * * * * //
Create time

Create mesh for time = 0.492

Selecting dynamicFvMesh dynamicMotionSolverFvMesh
Selecting motion solver: displacementLaplacian
Selecting motion diffusion: quadratic
Selecting motion diffusion: quadratic
Selecting motion diffusion: inverseDistance

PIMPLE: no residual control data found. Calculations will employ 3 corrector loops

Reading field p

Reading field U

Reading/calculating face flux field phi

Selecting incompressible transport model Newtonian
Selecting turbulence model type RASModel
Selecting RAS turbulence model kOmegaSST
bounding k, min: 0 max: 0.000560659 average: 0.00014747
kOmegaSSTCoeffs
{
    alphaK1         0.85034;
    alphaK2         1;
    alphaOmega1     0.5;
    alphaOmega2     0.85616;
    gamma1          0.5532;
    gamma2          0.4403;
    beta1           0.075;
    beta2           0.0828;
    betaStar        0.09;
    a1              0.31;
    c1              10;
    Cmu             0.09;
    b1              1;
    F3              false;
}

Reading/calculating face velocity Uf

No finite volume options present

Courant Number mean: 0.109645 max: 0.237011

Starting time loop

Courant Number mean: 0.109645 max: 0.237011
Time = 0.493

GAMG:  Solving for cellDisplacementx, Initial residual = 0, Final residual = 0, No Iterations 0
GAMG:  Solving for cellDisplacementy, Initial residual = 0, Final residual = 0, No Iterations 0
GAMG:  Solving for cellDisplacementz, Initial residual = 0, Final residual = 0, No Iterations 0
PIMPLE: iteration 1
DILUPBiCG:  Solving for Ux, Initial residual = 0.0445652, Final residual = 0.000173594, No Iterations 1
DILUPBiCG:  Solving for Uy, Initial residual = 0.00925374, Final residual = 1.88411e-05, No Iterations 1
DILUPBiCG:  Solving for Uz, Initial residual = 0.0112644, Final residual = 1.12914e-05, No Iterations 1
GAMG:  Solving for p, Initial residual = 0.109249, Final residual = 0.000554796, No Iterations 4
GAMG:  Solving for p, Initial residual = 0.0151962, Final residual = 0.000150596, No Iterations 14
GAMG:  Solving for p, Initial residual = 0.00745223, Final residual = 6.45845e-05, No Iterations 4
time step continuity errors : sum local = 5.57734e-07, global = 1.96098e-07, cumulative = 1.96098e-07
GAMG:  Solving for p, Initial residual = 0.0504689, Final residual = 0.000248675, No Iterations 4
GAMG:  Solving for p, Initial residual = 0.0074311, Final residual = 6.87194e-05, No Iterations 14
GAMG:  Solving for p, Initial residual = 0.00374933, Final residual = 3.03996e-05, No Iterations 4
time step continuity errors : sum local = 2.64776e-07, global = 9.22399e-08, cumulative = 2.88338e-07
PIMPLE: iteration 2
DILUPBiCG:  Solving for Ux, Initial residual = 0.0111619, Final residual = 6.8849e-05, No Iterations 1
DILUPBiCG:  Solving for Uy, Initial residual = 0.00238031, Final residual = 4.81515e-06, No Iterations 1
DILUPBiCG:  Solving for Uz, Initial residual = 0.00272589, Final residual = 2.04394e-05, No Iterations 1
GAMG:  Solving for p, Initial residual = 0.048794, Final residual = 0.00031648, No Iterations 6
GAMG:  Solving for p, Initial residual = 0.0116902, Final residual = 0.000114605, No Iterations 12
GAMG:  Solving for p, Initial residual = 0.00415932, Final residual = 3.92021e-05, No Iterations 12
time step continuity errors : sum local = 2.9851e-07, global = -8.70052e-08, cumulative = 2.01332e-07
GAMG:  Solving for p, Initial residual = 0.0258266, Final residual = 0.000246509, No Iterations 4
GAMG:  Solving for p, Initial residual = 0.00598225, Final residual = 5.71339e-05, No Iterations 12
GAMG:  Solving for p, Initial residual = 0.00218608, Final residual = 2.00151e-05, No Iterations 12
time step continuity errors : sum local = 1.5272e-07, global = -4.4424e-08, cumulative = 1.56908e-07
PIMPLE: iteration 3
DILUPBiCG:  Solving for Ux, Initial residual = 0.00219843, Final residual = 3.36073e-06, No Iterations 2
DILUPBiCG:  Solving for Uy, Initial residual = 0.000505361, Final residual = 5.80423e-06, No Iterations 1
DILUPBiCG:  Solving for Uz, Initial residual = 0.00372756, Final residual = 2.79634e-06, No Iterations 2
GAMG:  Solving for p, Initial residual = 0.0494654, Final residual = 0.000355531, No Iterations 5
GAMG:  Solving for p, Initial residual = 0.0110883, Final residual = 0.000105113, No Iterations 14
GAMG:  Solving for p, Initial residual = 0.00585055, Final residual = 5.56815e-05, No Iterations 10
time step continuity errors : sum local = 4.71864e-07, global = -1.26444e-07, cumulative = 3.0464e-08
GAMG:  Solving for p, Initial residual = 0.00270454, Final residual = 2.12528e-05, No Iterations 8
GAMG:  Solving for p, Initial residual = 0.00142084, Final residual = 1.32072e-05, No Iterations 4
GAMG:  Solving for p, Initial residual = 0.000581166, Final residual = 9.09261e-07, No Iterations 23
time step continuity errors : sum local = 7.60336e-09, global = 2.37847e-09, cumulative = 3.28425e-08
DILUPBiCG:  Solving for omega, Initial residual = 0.00123753, Final residual = 6.9202e-07, No Iterations 1
DILUPBiCG:  Solving for k, Initial residual = 0.00324818, Final residual = 6.35879e-07, No Iterations 2
bounding k, min: 0 max: 0.000544734 average: 0.000146727
ExecutionTime = 15.81 s  ClockTime = 16 s

End

