/*---------------------------------------------------------------------------*\
| =========                 |                                                 |
| \\      /  F ield         | OpenFOAM: The Open Source CFD Toolbox           |
|  \\    /   O peration     | Version:  2.3.1                                 |
|   \\  /    A nd           | Web:      www.OpenFOAM.org                      |
|    \\/     M anipulation  |                                                 |
\*---------------------------------------------------------------------------*/
Build  : 2.3.1-262087cdf8db
Exec   : pimpleDyMFoam
Date   : Jun 06 2023
Time   : 02:42:17
Host   : "jcosson-VirtualBox"
PID    : 6945
Case   : /home/jcosson/workspace/henersj_shootingdata/calcs/moderate_deformed/primal/100_intervals_05-06-23/sweep71/interval84
nProcs : 1
sigFpe : Enabling floating point exception trapping (FOAM_SIGFPE).
fileModificationChecking : Monitoring run-time modified files using timeStampMaster
allowSystemOperations : Allowing user-supplied system call operations

// * * * * * * * * * * * * * * * * * * * * * * * * * * * * * * * * * * * * * //
Create time

Create mesh for time = 0.483

Selecting dynamicFvMesh dynamicMotionSolverFvMesh
Selecting motion solver: displacementLaplacian
Selecting motion diffusion: quadratic
Selecting motion diffusion: quadratic
Selecting motion diffusion: inverseDistance

PIMPLE: no residual control data found. Calculations will employ 3 corrector loops

Reading field p

Reading field U

Reading/calculating face flux field phi

Selecting incompressible transport model Newtonian
Selecting turbulence model type RASModel
Selecting RAS turbulence model kOmegaSST
bounding k, min: 0 max: 0.000660579 average: 0.000154657
kOmegaSSTCoeffs
{
    alphaK1         0.85034;
    alphaK2         1;
    alphaOmega1     0.5;
    alphaOmega2     0.85616;
    gamma1          0.5532;
    gamma2          0.4403;
    beta1           0.075;
    beta2           0.0828;
    betaStar        0.09;
    a1              0.31;
    c1              10;
    Cmu             0.09;
    b1              1;
    F3              false;
}

Reading/calculating face velocity Uf

No finite volume options present

Courant Number mean: 0.145276 max: 0.317645

Starting time loop

Courant Number mean: 0.145276 max: 0.317645
Time = 0.484

GAMG:  Solving for cellDisplacementx, Initial residual = 0, Final residual = 0, No Iterations 0
GAMG:  Solving for cellDisplacementy, Initial residual = 0, Final residual = 0, No Iterations 0
GAMG:  Solving for cellDisplacementz, Initial residual = 0, Final residual = 0, No Iterations 0
PIMPLE: iteration 1
DILUPBiCG:  Solving for Ux, Initial residual = 0.0643909, Final residual = 0.000256309, No Iterations 1
DILUPBiCG:  Solving for Uy, Initial residual = 0.0118549, Final residual = 2.54529e-05, No Iterations 1
DILUPBiCG:  Solving for Uz, Initial residual = 0.0119653, Final residual = 1.62444e-05, No Iterations 1
GAMG:  Solving for p, Initial residual = 0.118566, Final residual = 0.00103204, No Iterations 4
GAMG:  Solving for p, Initial residual = 0.0149147, Final residual = 0.000141874, No Iterations 18
GAMG:  Solving for p, Initial residual = 0.00692248, Final residual = 6.65824e-05, No Iterations 10
time step continuity errors : sum local = 9.49576e-07, global = 2.55346e-07, cumulative = 2.55346e-07
GAMG:  Solving for p, Initial residual = 0.0521492, Final residual = 0.000411186, No Iterations 4
GAMG:  Solving for p, Initial residual = 0.00745816, Final residual = 6.89953e-05, No Iterations 16
GAMG:  Solving for p, Initial residual = 0.00349324, Final residual = 3.4003e-05, No Iterations 10
time step continuity errors : sum local = 4.86927e-07, global = 1.31519e-07, cumulative = 3.86865e-07
PIMPLE: iteration 2
DILUPBiCG:  Solving for Ux, Initial residual = 0.0173257, Final residual = 0.000107308, No Iterations 1
DILUPBiCG:  Solving for Uy, Initial residual = 0.00333538, Final residual = 7.08775e-06, No Iterations 1
DILUPBiCG:  Solving for Uz, Initial residual = 0.00300525, Final residual = 1.07409e-05, No Iterations 1
GAMG:  Solving for p, Initial residual = 0.0516097, Final residual = 0.000474109, No Iterations 4
GAMG:  Solving for p, Initial residual = 0.00937514, Final residual = 8.33903e-05, No Iterations 16
GAMG:  Solving for p, Initial residual = 0.00409995, Final residual = 4.04362e-05, No Iterations 8
time step continuity errors : sum local = 5.01307e-07, global = -1.23878e-07, cumulative = 2.62988e-07
GAMG:  Solving for p, Initial residual = 0.0268238, Final residual = 0.000216629, No Iterations 4
GAMG:  Solving for p, Initial residual = 0.00478947, Final residual = 4.04778e-05, No Iterations 14
GAMG:  Solving for p, Initial residual = 0.00193904, Final residual = 1.72587e-05, No Iterations 10
time step continuity errors : sum local = 2.14827e-07, global = -5.4136e-08, cumulative = 2.08852e-07
PIMPLE: iteration 3
DILUPBiCG:  Solving for Ux, Initial residual = 0.00389049, Final residual = 3.14709e-06, No Iterations 2
DILUPBiCG:  Solving for Uy, Initial residual = 0.00077015, Final residual = 5.20906e-06, No Iterations 1
DILUPBiCG:  Solving for Uz, Initial residual = 0.00622983, Final residual = 3.46667e-06, No Iterations 2
GAMG:  Solving for p, Initial residual = 0.0426851, Final residual = 0.000338291, No Iterations 5
GAMG:  Solving for p, Initial residual = 0.00958651, Final residual = 8.2801e-05, No Iterations 14
GAMG:  Solving for p, Initial residual = 0.00472672, Final residual = 4.06037e-05, No Iterations 10
time step continuity errors : sum local = 5.65399e-07, global = -1.4699e-07, cumulative = 6.18611e-08
GAMG:  Solving for p, Initial residual = 0.00240069, Final residual = 2.17765e-05, No Iterations 12
GAMG:  Solving for p, Initial residual = 0.0012943, Final residual = 1.25688e-05, No Iterations 4
GAMG:  Solving for p, Initial residual = 0.000527932, Final residual = 9.68238e-07, No Iterations 30
time step continuity errors : sum local = 1.33597e-08, global = 3.99844e-09, cumulative = 6.58596e-08
DILUPBiCG:  Solving for omega, Initial residual = 0.000952694, Final residual = 7.20916e-07, No Iterations 1
DILUPBiCG:  Solving for k, Initial residual = 0.00373524, Final residual = 7.59562e-07, No Iterations 2
bounding k, min: 0 max: 0.00065163 average: 0.000153685
ExecutionTime = 18.25 s  ClockTime = 19 s

End

