/*---------------------------------------------------------------------------*\
| =========                 |                                                 |
| \\      /  F ield         | OpenFOAM: The Open Source CFD Toolbox           |
|  \\    /   O peration     | Version:  2.3.1                                 |
|   \\  /    A nd           | Web:      www.OpenFOAM.org                      |
|    \\/     M anipulation  |                                                 |
\*---------------------------------------------------------------------------*/
Build  : 2.3.1-262087cdf8db
Exec   : pimpleDyMFoam
Date   : Jun 06 2023
Time   : 02:42:17
Host   : "jcosson-VirtualBox"
PID    : 6930
Case   : /home/jcosson/workspace/henersj_shootingdata/calcs/moderate_deformed/primal/100_intervals_05-06-23/sweep71/interval76
nProcs : 1
sigFpe : Enabling floating point exception trapping (FOAM_SIGFPE).
fileModificationChecking : Monitoring run-time modified files using timeStampMaster
allowSystemOperations : Allowing user-supplied system call operations

// * * * * * * * * * * * * * * * * * * * * * * * * * * * * * * * * * * * * * //
Create time

Create mesh for time = 0.475

Selecting dynamicFvMesh dynamicMotionSolverFvMesh
Selecting motion solver: displacementLaplacian
Selecting motion diffusion: quadratic
Selecting motion diffusion: quadratic
Selecting motion diffusion: inverseDistance

PIMPLE: no residual control data found. Calculations will employ 3 corrector loops

Reading field p

Reading field U

Reading/calculating face flux field phi

Selecting incompressible transport model Newtonian
Selecting turbulence model type RASModel
Selecting RAS turbulence model kOmegaSST
kOmegaSSTCoeffs
{
    alphaK1         0.85034;
    alphaK2         1;
    alphaOmega1     0.5;
    alphaOmega2     0.85616;
    gamma1          0.5532;
    gamma2          0.4403;
    beta1           0.075;
    beta2           0.0828;
    betaStar        0.09;
    a1              0.31;
    c1              10;
    Cmu             0.09;
    b1              1;
    F3              false;
}

Reading/calculating face velocity Uf

No finite volume options present

Courant Number mean: 0.18899 max: 0.418084

Starting time loop

Courant Number mean: 0.18899 max: 0.418084
Time = 0.476

GAMG:  Solving for cellDisplacementx, Initial residual = 0, Final residual = 0, No Iterations 0
GAMG:  Solving for cellDisplacementy, Initial residual = 0, Final residual = 0, No Iterations 0
GAMG:  Solving for cellDisplacementz, Initial residual = 0, Final residual = 0, No Iterations 0
PIMPLE: iteration 1
DILUPBiCG:  Solving for Ux, Initial residual = 0.058853, Final residual = 0.000240046, No Iterations 1
DILUPBiCG:  Solving for Uy, Initial residual = 0.00994586, Final residual = 2.26418e-05, No Iterations 1
DILUPBiCG:  Solving for Uz, Initial residual = 0.011531, Final residual = 2.36741e-05, No Iterations 1
GAMG:  Solving for p, Initial residual = 0.123598, Final residual = 0.000893328, No Iterations 6
GAMG:  Solving for p, Initial residual = 0.0143069, Final residual = 0.000135917, No Iterations 18
GAMG:  Solving for p, Initial residual = 0.00633949, Final residual = 5.43915e-05, No Iterations 12
time step continuity errors : sum local = 8.3741e-07, global = 2.52304e-07, cumulative = 2.52304e-07
GAMG:  Solving for p, Initial residual = 0.0530184, Final residual = 0.000504042, No Iterations 4
GAMG:  Solving for p, Initial residual = 0.0072525, Final residual = 6.80279e-05, No Iterations 18
GAMG:  Solving for p, Initial residual = 0.00338862, Final residual = 3.34256e-05, No Iterations 10
time step continuity errors : sum local = 5.15185e-07, global = 1.38713e-07, cumulative = 3.91017e-07
PIMPLE: iteration 2
DILUPBiCG:  Solving for Ux, Initial residual = 0.0166748, Final residual = 9.91802e-05, No Iterations 1
DILUPBiCG:  Solving for Uy, Initial residual = 0.00297126, Final residual = 6.65775e-06, No Iterations 1
DILUPBiCG:  Solving for Uz, Initial residual = 0.00339463, Final residual = 1.19181e-05, No Iterations 1
GAMG:  Solving for p, Initial residual = 0.0530334, Final residual = 0.000474588, No Iterations 4
GAMG:  Solving for p, Initial residual = 0.00874146, Final residual = 8.41512e-05, No Iterations 16
GAMG:  Solving for p, Initial residual = 0.003927, Final residual = 3.54306e-05, No Iterations 10
time step continuity errors : sum local = 4.67743e-07, global = -1.24762e-07, cumulative = 2.66255e-07
GAMG:  Solving for p, Initial residual = 0.0273385, Final residual = 0.000209031, No Iterations 4
GAMG:  Solving for p, Initial residual = 0.00436802, Final residual = 3.92854e-05, No Iterations 14
GAMG:  Solving for p, Initial residual = 0.00184593, Final residual = 1.71708e-05, No Iterations 10
time step continuity errors : sum local = 2.27833e-07, global = -5.94812e-08, cumulative = 2.06774e-07
PIMPLE: iteration 3
DILUPBiCG:  Solving for Ux, Initial residual = 0.00399606, Final residual = 2.34183e-06, No Iterations 2
DILUPBiCG:  Solving for Uy, Initial residual = 0.000715204, Final residual = 6.21832e-06, No Iterations 1
DILUPBiCG:  Solving for Uz, Initial residual = 0.00710184, Final residual = 3.57825e-06, No Iterations 2
GAMG:  Solving for p, Initial residual = 0.0405609, Final residual = 0.0003613, No Iterations 5
GAMG:  Solving for p, Initial residual = 0.00930368, Final residual = 7.85675e-05, No Iterations 9
GAMG:  Solving for p, Initial residual = 0.00433011, Final residual = 3.48314e-05, No Iterations 10
time step continuity errors : sum local = 5.1618e-07, global = -1.32452e-07, cumulative = 7.43219e-08
GAMG:  Solving for p, Initial residual = 0.00239241, Final residual = 2.23501e-05, No Iterations 18
GAMG:  Solving for p, Initial residual = 0.0013149, Final residual = 1.20597e-05, No Iterations 4
GAMG:  Solving for p, Initial residual = 0.000532191, Final residual = 9.13856e-07, No Iterations 34
time step continuity errors : sum local = 1.3472e-08, global = 3.95359e-09, cumulative = 7.82755e-08
DILUPBiCG:  Solving for omega, Initial residual = 0.000633421, Final residual = 6.30829e-07, No Iterations 1
DILUPBiCG:  Solving for k, Initial residual = 0.00423623, Final residual = 1.43841e-06, No Iterations 2
ExecutionTime = 18.01 s  ClockTime = 18 s

End

