/*---------------------------------------------------------------------------*\
| =========                 |                                                 |
| \\      /  F ield         | OpenFOAM: The Open Source CFD Toolbox           |
|  \\    /   O peration     | Version:  2.3.1                                 |
|   \\  /    A nd           | Web:      www.OpenFOAM.org                      |
|    \\/     M anipulation  |                                                 |
\*---------------------------------------------------------------------------*/
Build  : 2.3.1-262087cdf8db
Exec   : pimpleDyMFoam
Date   : Jun 06 2023
Time   : 00:25:27
Host   : "jcosson-VirtualBox"
PID    : 2184
Case   : /home/jcosson/workspace/henersj_shootingdata/calcs/moderate_deformed/primal/100_intervals_05-06-23/sweep17/interval40
nProcs : 1
sigFpe : Enabling floating point exception trapping (FOAM_SIGFPE).
fileModificationChecking : Monitoring run-time modified files using timeStampMaster
allowSystemOperations : Allowing user-supplied system call operations

// * * * * * * * * * * * * * * * * * * * * * * * * * * * * * * * * * * * * * //
Create time

Create mesh for time = 0.439

Selecting dynamicFvMesh dynamicMotionSolverFvMesh
Selecting motion solver: displacementLaplacian
Selecting motion diffusion: quadratic
Selecting motion diffusion: quadratic
Selecting motion diffusion: inverseDistance

PIMPLE: no residual control data found. Calculations will employ 3 corrector loops

Reading field p

Reading field U

Reading/calculating face flux field phi

Selecting incompressible transport model Newtonian
Selecting turbulence model type RASModel
Selecting RAS turbulence model kOmegaSST
kOmegaSSTCoeffs
{
    alphaK1         0.85034;
    alphaK2         1;
    alphaOmega1     0.5;
    alphaOmega2     0.85616;
    gamma1          0.5532;
    gamma2          0.4403;
    beta1           0.075;
    beta2           0.0828;
    betaStar        0.09;
    a1              0.31;
    c1              10;
    Cmu             0.09;
    b1              1;
    F3              false;
}

Reading/calculating face velocity Uf

No finite volume options present

Courant Number mean: 0.258555 max: 0.568739

Starting time loop

Courant Number mean: 0.258555 max: 0.568739
Time = 0.44

GAMG:  Solving for cellDisplacementx, Initial residual = 0, Final residual = 0, No Iterations 0
GAMG:  Solving for cellDisplacementy, Initial residual = 0, Final residual = 0, No Iterations 0
GAMG:  Solving for cellDisplacementz, Initial residual = 0, Final residual = 0, No Iterations 0
PIMPLE: iteration 1
DILUPBiCG:  Solving for Ux, Initial residual = 0.0298405, Final residual = 9.96403e-05, No Iterations 1
DILUPBiCG:  Solving for Uy, Initial residual = 0.00466612, Final residual = 1.24034e-05, No Iterations 1
DILUPBiCG:  Solving for Uz, Initial residual = 0.0129323, Final residual = 2.2928e-05, No Iterations 1
GAMG:  Solving for p, Initial residual = 0.119077, Final residual = 0.000945404, No Iterations 4
GAMG:  Solving for p, Initial residual = 0.0163619, Final residual = 0.000148535, No Iterations 16
GAMG:  Solving for p, Initial residual = 0.00718942, Final residual = 7.12133e-05, No Iterations 10
time step continuity errors : sum local = 7.23641e-07, global = -1.89629e-07, cumulative = -1.89629e-07
GAMG:  Solving for p, Initial residual = 0.0529148, Final residual = 0.000360959, No Iterations 4
GAMG:  Solving for p, Initial residual = 0.00802505, Final residual = 7.36761e-05, No Iterations 14
GAMG:  Solving for p, Initial residual = 0.00360521, Final residual = 3.02988e-05, No Iterations 12
time step continuity errors : sum local = 3.08322e-07, global = -9.18317e-08, cumulative = -2.8146e-07
PIMPLE: iteration 2
DILUPBiCG:  Solving for Ux, Initial residual = 0.0083803, Final residual = 3.27243e-05, No Iterations 1
DILUPBiCG:  Solving for Uy, Initial residual = 0.00134567, Final residual = 6.23807e-06, No Iterations 1
DILUPBiCG:  Solving for Uz, Initial residual = 0.00324996, Final residual = 8.93368e-06, No Iterations 1
GAMG:  Solving for p, Initial residual = 0.0529271, Final residual = 0.000338494, No Iterations 6
GAMG:  Solving for p, Initial residual = 0.0120048, Final residual = 0.000116852, No Iterations 12
GAMG:  Solving for p, Initial residual = 0.00436656, Final residual = 3.72884e-05, No Iterations 14
time step continuity errors : sum local = 3.21763e-07, global = 9.88885e-08, cumulative = -1.82572e-07
GAMG:  Solving for p, Initial residual = 0.0277121, Final residual = 0.000256706, No Iterations 4
GAMG:  Solving for p, Initial residual = 0.00567826, Final residual = 5.36924e-05, No Iterations 12
GAMG:  Solving for p, Initial residual = 0.00214925, Final residual = 2.06255e-05, No Iterations 12
time step continuity errors : sum local = 1.79274e-07, global = 5.16854e-08, cumulative = -1.30887e-07
PIMPLE: iteration 3
DILUPBiCG:  Solving for Ux, Initial residual = 0.00186277, Final residual = 6.56232e-07, No Iterations 2
DILUPBiCG:  Solving for Uy, Initial residual = 0.000305066, Final residual = 9.05185e-06, No Iterations 1
DILUPBiCG:  Solving for Uz, Initial residual = 0.00622486, Final residual = 2.17217e-06, No Iterations 2
GAMG:  Solving for p, Initial residual = 0.0460683, Final residual = 0.00037822, No Iterations 5
GAMG:  Solving for p, Initial residual = 0.0121763, Final residual = 0.000105202, No Iterations 10
GAMG:  Solving for p, Initial residual = 0.00520122, Final residual = 4.82623e-05, No Iterations 10
time step continuity errors : sum local = 4.6492e-07, global = 1.20652e-07, cumulative = -1.02349e-08
GAMG:  Solving for p, Initial residual = 0.0032078, Final residual = 3.20513e-05, No Iterations 16
GAMG:  Solving for p, Initial residual = 0.00191352, Final residual = 1.70278e-05, No Iterations 4
GAMG:  Solving for p, Initial residual = 0.00066094, Final residual = 9.78181e-07, No Iterations 40
time step continuity errors : sum local = 9.40278e-09, global = -2.78717e-09, cumulative = -1.30221e-08
DILUPBiCG:  Solving for omega, Initial residual = 0.00115456, Final residual = 1.39393e-06, No Iterations 1
DILUPBiCG:  Solving for k, Initial residual = 0.0064001, Final residual = 1.36688e-06, No Iterations 2
ExecutionTime = 17.79 s  ClockTime = 18 s

End

