/*---------------------------------------------------------------------------*\
| =========                 |                                                 |
| \\      /  F ield         | OpenFOAM: The Open Source CFD Toolbox           |
|  \\    /   O peration     | Version:  2.3.1                                 |
|   \\  /    A nd           | Web:      www.OpenFOAM.org                      |
|    \\/     M anipulation  |                                                 |
\*---------------------------------------------------------------------------*/
Build  : 2.3.1-262087cdf8db
Exec   : pimpleDyMFoam
Date   : Jun 06 2023
Time   : 00:25:09
Host   : "jcosson-VirtualBox"
PID    : 2143
Case   : /home/jcosson/workspace/henersj_shootingdata/calcs/moderate_deformed/primal/100_intervals_05-06-23/sweep17/interval30
nProcs : 1
sigFpe : Enabling floating point exception trapping (FOAM_SIGFPE).
fileModificationChecking : Monitoring run-time modified files using timeStampMaster
allowSystemOperations : Allowing user-supplied system call operations

// * * * * * * * * * * * * * * * * * * * * * * * * * * * * * * * * * * * * * //
Create time

Create mesh for time = 0.429

Selecting dynamicFvMesh dynamicMotionSolverFvMesh
Selecting motion solver: displacementLaplacian
Selecting motion diffusion: quadratic
Selecting motion diffusion: quadratic
Selecting motion diffusion: inverseDistance

PIMPLE: no residual control data found. Calculations will employ 3 corrector loops

Reading field p

Reading field U

Reading/calculating face flux field phi

Selecting incompressible transport model Newtonian
Selecting turbulence model type RASModel
Selecting RAS turbulence model kOmegaSST
kOmegaSSTCoeffs
{
    alphaK1         0.85034;
    alphaK2         1;
    alphaOmega1     0.5;
    alphaOmega2     0.85616;
    gamma1          0.5532;
    gamma2          0.4403;
    beta1           0.075;
    beta2           0.0828;
    betaStar        0.09;
    a1              0.31;
    c1              10;
    Cmu             0.09;
    b1              1;
    F3              false;
}

Reading/calculating face velocity Uf

No finite volume options present

Courant Number mean: 0.21063 max: 0.456309

Starting time loop

Courant Number mean: 0.21063 max: 0.456309
Time = 0.43

GAMG:  Solving for cellDisplacementx, Initial residual = 0, Final residual = 0, No Iterations 0
GAMG:  Solving for cellDisplacementy, Initial residual = 0, Final residual = 0, No Iterations 0
GAMG:  Solving for cellDisplacementz, Initial residual = 0, Final residual = 0, No Iterations 0
PIMPLE: iteration 1
DILUPBiCG:  Solving for Ux, Initial residual = 0.0525514, Final residual = 0.00017243, No Iterations 1
DILUPBiCG:  Solving for Uy, Initial residual = 0.00855985, Final residual = 1.86296e-05, No Iterations 1
DILUPBiCG:  Solving for Uz, Initial residual = 0.0184126, Final residual = 2.70316e-05, No Iterations 1
GAMG:  Solving for p, Initial residual = 0.122447, Final residual = 0.000800632, No Iterations 6
GAMG:  Solving for p, Initial residual = 0.0152488, Final residual = 0.000131266, No Iterations 18
GAMG:  Solving for p, Initial residual = 0.00671039, Final residual = 5.86396e-05, No Iterations 10
time step continuity errors : sum local = 8.71209e-07, global = -2.22764e-07, cumulative = -2.22764e-07
GAMG:  Solving for p, Initial residual = 0.0529193, Final residual = 0.000480611, No Iterations 4
GAMG:  Solving for p, Initial residual = 0.0076022, Final residual = 6.7745e-05, No Iterations 18
GAMG:  Solving for p, Initial residual = 0.00351932, Final residual = 3.1524e-05, No Iterations 10
time step continuity errors : sum local = 4.68813e-07, global = -1.20128e-07, cumulative = -3.42891e-07
PIMPLE: iteration 2
DILUPBiCG:  Solving for Ux, Initial residual = 0.0148287, Final residual = 6.35451e-05, No Iterations 1
DILUPBiCG:  Solving for Uy, Initial residual = 0.00242444, Final residual = 7.06222e-06, No Iterations 1
DILUPBiCG:  Solving for Uz, Initial residual = 0.00338813, Final residual = 1.09969e-05, No Iterations 1
GAMG:  Solving for p, Initial residual = 0.0533508, Final residual = 0.000518224, No Iterations 4
GAMG:  Solving for p, Initial residual = 0.00968224, Final residual = 8.39958e-05, No Iterations 16
GAMG:  Solving for p, Initial residual = 0.00424324, Final residual = 3.97302e-05, No Iterations 8
time step continuity errors : sum local = 5.01888e-07, global = 1.41836e-07, cumulative = -2.01056e-07
GAMG:  Solving for p, Initial residual = 0.0275816, Final residual = 0.000224556, No Iterations 4
GAMG:  Solving for p, Initial residual = 0.00477772, Final residual = 4.02273e-05, No Iterations 14
GAMG:  Solving for p, Initial residual = 0.00199265, Final residual = 1.96483e-05, No Iterations 8
time step continuity errors : sum local = 2.49731e-07, global = 6.22571e-08, cumulative = -1.38798e-07
PIMPLE: iteration 3
DILUPBiCG:  Solving for Ux, Initial residual = 0.00353874, Final residual = 1.2872e-06, No Iterations 2
DILUPBiCG:  Solving for Uy, Initial residual = 0.00058196, Final residual = 8.65657e-06, No Iterations 1
DILUPBiCG:  Solving for Uz, Initial residual = 0.00873668, Final residual = 2.75045e-06, No Iterations 2
GAMG:  Solving for p, Initial residual = 0.0412252, Final residual = 0.000297672, No Iterations 5
GAMG:  Solving for p, Initial residual = 0.0101262, Final residual = 7.33537e-05, No Iterations 5
GAMG:  Solving for p, Initial residual = 0.00437948, Final residual = 3.70966e-05, No Iterations 8
time step continuity errors : sum local = 5.27151e-07, global = 1.17076e-07, cumulative = -2.17223e-08
GAMG:  Solving for p, Initial residual = 0.00251602, Final residual = 2.49026e-05, No Iterations 18
GAMG:  Solving for p, Initial residual = 0.0014686, Final residual = 1.28779e-05, No Iterations 4
GAMG:  Solving for p, Initial residual = 0.00054876, Final residual = 9.47516e-07, No Iterations 36
time step continuity errors : sum local = 1.33997e-08, global = -3.93422e-09, cumulative = -2.56565e-08
DILUPBiCG:  Solving for omega, Initial residual = 0.000787007, Final residual = 8.67552e-07, No Iterations 1
DILUPBiCG:  Solving for k, Initial residual = 0.00523806, Final residual = 1.16196e-06, No Iterations 2
ExecutionTime = 18.04 s  ClockTime = 18 s

End

