/*---------------------------------------------------------------------------*\
| =========                 |                                                 |
| \\      /  F ield         | OpenFOAM: The Open Source CFD Toolbox           |
|  \\    /   O peration     | Version:  2.3.1                                 |
|   \\  /    A nd           | Web:      www.OpenFOAM.org                      |
|    \\/     M anipulation  |                                                 |
\*---------------------------------------------------------------------------*/
Build  : 2.3.1-262087cdf8db
Exec   : pimpleDyMFoam
Date   : Jun 06 2023
Time   : 00:26:18
Host   : "jcosson-VirtualBox"
PID    : 2289
Case   : /home/jcosson/workspace/henersj_shootingdata/calcs/moderate_deformed/primal/100_intervals_05-06-23/sweep17/interval77
nProcs : 1
sigFpe : Enabling floating point exception trapping (FOAM_SIGFPE).
fileModificationChecking : Monitoring run-time modified files using timeStampMaster
allowSystemOperations : Allowing user-supplied system call operations

// * * * * * * * * * * * * * * * * * * * * * * * * * * * * * * * * * * * * * //
Create time

Create mesh for time = 0.476

Selecting dynamicFvMesh dynamicMotionSolverFvMesh
Selecting motion solver: displacementLaplacian
Selecting motion diffusion: quadratic
Selecting motion diffusion: quadratic
Selecting motion diffusion: inverseDistance

PIMPLE: no residual control data found. Calculations will employ 3 corrector loops

Reading field p

Reading field U

Reading/calculating face flux field phi

Selecting incompressible transport model Newtonian
Selecting turbulence model type RASModel
Selecting RAS turbulence model kOmegaSST
kOmegaSSTCoeffs
{
    alphaK1         0.85034;
    alphaK2         1;
    alphaOmega1     0.5;
    alphaOmega2     0.85616;
    gamma1          0.5532;
    gamma2          0.4403;
    beta1           0.075;
    beta2           0.0828;
    betaStar        0.09;
    a1              0.31;
    c1              10;
    Cmu             0.09;
    b1              1;
    F3              false;
}

Reading/calculating face velocity Uf

No finite volume options present

Courant Number mean: 0.183305 max: 0.410998

Starting time loop

Courant Number mean: 0.183305 max: 0.410998
Time = 0.477

GAMG:  Solving for cellDisplacementx, Initial residual = 0, Final residual = 0, No Iterations 0
GAMG:  Solving for cellDisplacementy, Initial residual = 0, Final residual = 0, No Iterations 0
GAMG:  Solving for cellDisplacementz, Initial residual = 0, Final residual = 0, No Iterations 0
PIMPLE: iteration 1
DILUPBiCG:  Solving for Ux, Initial residual = 0.0601778, Final residual = 0.000240625, No Iterations 1
DILUPBiCG:  Solving for Uy, Initial residual = 0.0103024, Final residual = 2.31029e-05, No Iterations 1
DILUPBiCG:  Solving for Uz, Initial residual = 0.0151856, Final residual = 2.59275e-05, No Iterations 1
GAMG:  Solving for p, Initial residual = 0.124618, Final residual = 0.000883466, No Iterations 6
GAMG:  Solving for p, Initial residual = 0.015145, Final residual = 0.000133107, No Iterations 18
GAMG:  Solving for p, Initial residual = 0.00665895, Final residual = 5.95159e-05, No Iterations 10
time step continuity errors : sum local = 9.13189e-07, global = 2.39772e-07, cumulative = 2.39772e-07
GAMG:  Solving for p, Initial residual = 0.0535983, Final residual = 0.000480115, No Iterations 4
GAMG:  Solving for p, Initial residual = 0.00758995, Final residual = 6.54692e-05, No Iterations 18
GAMG:  Solving for p, Initial residual = 0.00352954, Final residual = 2.9661e-05, No Iterations 10
time step continuity errors : sum local = 4.55506e-07, global = 1.19811e-07, cumulative = 3.59583e-07
PIMPLE: iteration 2
DILUPBiCG:  Solving for Ux, Initial residual = 0.0169119, Final residual = 0.000101692, No Iterations 1
DILUPBiCG:  Solving for Uy, Initial residual = 0.00305344, Final residual = 6.82549e-06, No Iterations 1
DILUPBiCG:  Solving for Uz, Initial residual = 0.00336773, Final residual = 1.25223e-05, No Iterations 1
GAMG:  Solving for p, Initial residual = 0.0535155, Final residual = 0.000478335, No Iterations 4
GAMG:  Solving for p, Initial residual = 0.00909463, Final residual = 8.52306e-05, No Iterations 16
GAMG:  Solving for p, Initial residual = 0.0040463, Final residual = 4.04055e-05, No Iterations 8
time step continuity errors : sum local = 5.31613e-07, global = -1.29753e-07, cumulative = 2.2983e-07
GAMG:  Solving for p, Initial residual = 0.0276405, Final residual = 0.000213738, No Iterations 4
GAMG:  Solving for p, Initial residual = 0.00456443, Final residual = 4.04266e-05, No Iterations 14
GAMG:  Solving for p, Initial residual = 0.00191118, Final residual = 1.68964e-05, No Iterations 10
time step continuity errors : sum local = 2.23341e-07, global = -5.63975e-08, cumulative = 1.73432e-07
PIMPLE: iteration 3
DILUPBiCG:  Solving for Ux, Initial residual = 0.0039998, Final residual = 2.53231e-06, No Iterations 2
DILUPBiCG:  Solving for Uy, Initial residual = 0.000739789, Final residual = 6.02921e-06, No Iterations 1
DILUPBiCG:  Solving for Uz, Initial residual = 0.00657025, Final residual = 3.33574e-06, No Iterations 2
GAMG:  Solving for p, Initial residual = 0.0407066, Final residual = 0.000368136, No Iterations 5
GAMG:  Solving for p, Initial residual = 0.00953465, Final residual = 8.08997e-05, No Iterations 4
GAMG:  Solving for p, Initial residual = 0.0043965, Final residual = 3.56464e-05, No Iterations 10
time step continuity errors : sum local = 5.28034e-07, global = -1.34704e-07, cumulative = 3.87284e-08
GAMG:  Solving for p, Initial residual = 0.00246018, Final residual = 2.15845e-05, No Iterations 18
GAMG:  Solving for p, Initial residual = 0.00133426, Final residual = 1.16616e-05, No Iterations 4
GAMG:  Solving for p, Initial residual = 0.000534763, Final residual = 9.69264e-07, No Iterations 32
time step continuity errors : sum local = 1.42349e-08, global = 4.19718e-09, cumulative = 4.29256e-08
DILUPBiCG:  Solving for omega, Initial residual = 0.000867451, Final residual = 8.5939e-07, No Iterations 1
DILUPBiCG:  Solving for k, Initial residual = 0.00431715, Final residual = 1.15615e-06, No Iterations 2
bounding k, min: 0 max: 0.000797647 average: 0.000169892
ExecutionTime = 17.55 s  ClockTime = 18 s

End

