/*---------------------------------------------------------------------------*\
| =========                 |                                                 |
| \\      /  F ield         | OpenFOAM: The Open Source CFD Toolbox           |
|  \\    /   O peration     | Version:  2.3.1                                 |
|   \\  /    A nd           | Web:      www.OpenFOAM.org                      |
|    \\/     M anipulation  |                                                 |
\*---------------------------------------------------------------------------*/
Build  : 2.3.1-262087cdf8db
Exec   : pimpleDyMFoam
Date   : Jun 06 2023
Time   : 00:26:18
Host   : "jcosson-VirtualBox"
PID    : 2282
Case   : /home/jcosson/workspace/henersj_shootingdata/calcs/moderate_deformed/primal/100_intervals_05-06-23/sweep17/interval75
nProcs : 1
sigFpe : Enabling floating point exception trapping (FOAM_SIGFPE).
fileModificationChecking : Monitoring run-time modified files using timeStampMaster
allowSystemOperations : Allowing user-supplied system call operations

// * * * * * * * * * * * * * * * * * * * * * * * * * * * * * * * * * * * * * //
Create time

Create mesh for time = 0.474

Selecting dynamicFvMesh dynamicMotionSolverFvMesh
Selecting motion solver: displacementLaplacian
Selecting motion diffusion: quadratic
Selecting motion diffusion: quadratic
Selecting motion diffusion: inverseDistance

PIMPLE: no residual control data found. Calculations will employ 3 corrector loops

Reading field p

Reading field U

Reading/calculating face flux field phi

Selecting incompressible transport model Newtonian
Selecting turbulence model type RASModel
Selecting RAS turbulence model kOmegaSST
kOmegaSSTCoeffs
{
    alphaK1         0.85034;
    alphaK2         1;
    alphaOmega1     0.5;
    alphaOmega2     0.85616;
    gamma1          0.5532;
    gamma2          0.4403;
    beta1           0.075;
    beta2           0.0828;
    betaStar        0.09;
    a1              0.31;
    c1              10;
    Cmu             0.09;
    b1              1;
    F3              false;
}

Reading/calculating face velocity Uf

No finite volume options present

Courant Number mean: 0.194722 max: 0.435944

Starting time loop

Courant Number mean: 0.194722 max: 0.435944
Time = 0.475

GAMG:  Solving for cellDisplacementx, Initial residual = 0, Final residual = 0, No Iterations 0
GAMG:  Solving for cellDisplacementy, Initial residual = 0, Final residual = 0, No Iterations 0
GAMG:  Solving for cellDisplacementz, Initial residual = 0, Final residual = 0, No Iterations 0
PIMPLE: iteration 1
DILUPBiCG:  Solving for Ux, Initial residual = 0.0570207, Final residual = 0.000230942, No Iterations 1
DILUPBiCG:  Solving for Uy, Initial residual = 0.00959822, Final residual = 2.17937e-05, No Iterations 1
DILUPBiCG:  Solving for Uz, Initial residual = 0.0142846, Final residual = 2.77631e-05, No Iterations 1
GAMG:  Solving for p, Initial residual = 0.12613, Final residual = 0.000928103, No Iterations 6
GAMG:  Solving for p, Initial residual = 0.0151296, Final residual = 0.000138342, No Iterations 18
GAMG:  Solving for p, Initial residual = 0.00663225, Final residual = 6.51903e-05, No Iterations 10
time step continuity errors : sum local = 9.9014e-07, global = 2.63111e-07, cumulative = 2.63111e-07
GAMG:  Solving for p, Initial residual = 0.0538987, Final residual = 0.000506971, No Iterations 4
GAMG:  Solving for p, Initial residual = 0.0076064, Final residual = 6.804e-05, No Iterations 18
GAMG:  Solving for p, Initial residual = 0.00352636, Final residual = 3.23313e-05, No Iterations 10
time step continuity errors : sum local = 4.91221e-07, global = 1.30322e-07, cumulative = 3.93433e-07
PIMPLE: iteration 2
DILUPBiCG:  Solving for Ux, Initial residual = 0.0162425, Final residual = 9.72912e-05, No Iterations 1
DILUPBiCG:  Solving for Uy, Initial residual = 0.00288538, Final residual = 6.52704e-06, No Iterations 1
DILUPBiCG:  Solving for Uz, Initial residual = 0.00343659, Final residual = 1.26778e-05, No Iterations 1
GAMG:  Solving for p, Initial residual = 0.0539638, Final residual = 0.000475035, No Iterations 4
GAMG:  Solving for p, Initial residual = 0.00906844, Final residual = 8.48626e-05, No Iterations 16
GAMG:  Solving for p, Initial residual = 0.00404034, Final residual = 4.02053e-05, No Iterations 8
time step continuity errors : sum local = 5.22144e-07, global = -1.3385e-07, cumulative = 2.59583e-07
GAMG:  Solving for p, Initial residual = 0.0278138, Final residual = 0.000210379, No Iterations 4
GAMG:  Solving for p, Initial residual = 0.00451423, Final residual = 3.97462e-05, No Iterations 14
GAMG:  Solving for p, Initial residual = 0.00189826, Final residual = 1.69008e-05, No Iterations 10
time step continuity errors : sum local = 2.20581e-07, global = -5.60412e-08, cumulative = 2.03542e-07
PIMPLE: iteration 3
DILUPBiCG:  Solving for Ux, Initial residual = 0.00390556, Final residual = 2.28243e-06, No Iterations 2
DILUPBiCG:  Solving for Uy, Initial residual = 0.000705959, Final residual = 6.35033e-06, No Iterations 1
DILUPBiCG:  Solving for Uz, Initial residual = 0.00679167, Final residual = 3.3552e-06, No Iterations 2
GAMG:  Solving for p, Initial residual = 0.0403646, Final residual = 0.000346676, No Iterations 5
GAMG:  Solving for p, Initial residual = 0.00952573, Final residual = 8.94333e-05, No Iterations 7
GAMG:  Solving for p, Initial residual = 0.00433184, Final residual = 3.89764e-05, No Iterations 10
time step continuity errors : sum local = 5.68097e-07, global = -1.45423e-07, cumulative = 5.81191e-08
GAMG:  Solving for p, Initial residual = 0.00244981, Final residual = 2.15576e-05, No Iterations 18
GAMG:  Solving for p, Initial residual = 0.00134819, Final residual = 1.16298e-05, No Iterations 4
GAMG:  Solving for p, Initial residual = 0.000539367, Final residual = 9.95647e-07, No Iterations 32
time step continuity errors : sum local = 1.44384e-08, global = 4.25662e-09, cumulative = 6.23757e-08
DILUPBiCG:  Solving for omega, Initial residual = 0.000783079, Final residual = 8.43079e-07, No Iterations 1
DILUPBiCG:  Solving for k, Initial residual = 0.00437388, Final residual = 1.24559e-06, No Iterations 2
ExecutionTime = 18.14 s  ClockTime = 18 s

End

