/*---------------------------------------------------------------------------*\
| =========                 |                                                 |
| \\      /  F ield         | OpenFOAM: The Open Source CFD Toolbox           |
|  \\    /   O peration     | Version:  2.3.1                                 |
|   \\  /    A nd           | Web:      www.OpenFOAM.org                      |
|    \\/     M anipulation  |                                                 |
\*---------------------------------------------------------------------------*/
Build  : 2.3.1-262087cdf8db
Exec   : pimpleDyMFoam
Date   : Jun 06 2023
Time   : 00:25:44
Host   : "jcosson-VirtualBox"
PID    : 2202
Case   : /home/jcosson/workspace/henersj_shootingdata/calcs/moderate_deformed/primal/100_intervals_05-06-23/sweep17/interval46
nProcs : 1
sigFpe : Enabling floating point exception trapping (FOAM_SIGFPE).
fileModificationChecking : Monitoring run-time modified files using timeStampMaster
allowSystemOperations : Allowing user-supplied system call operations

// * * * * * * * * * * * * * * * * * * * * * * * * * * * * * * * * * * * * * //
Create time

Create mesh for time = 0.445

Selecting dynamicFvMesh dynamicMotionSolverFvMesh
Selecting motion solver: displacementLaplacian
Selecting motion diffusion: quadratic
Selecting motion diffusion: quadratic
Selecting motion diffusion: inverseDistance

PIMPLE: no residual control data found. Calculations will employ 3 corrector loops

Reading field p

Reading field U

Reading/calculating face flux field phi

Selecting incompressible transport model Newtonian
Selecting turbulence model type RASModel
Selecting RAS turbulence model kOmegaSST
kOmegaSSTCoeffs
{
    alphaK1         0.85034;
    alphaK2         1;
    alphaOmega1     0.5;
    alphaOmega2     0.85616;
    gamma1          0.5532;
    gamma2          0.4403;
    beta1           0.075;
    beta2           0.0828;
    betaStar        0.09;
    a1              0.31;
    c1              10;
    Cmu             0.09;
    b1              1;
    F3              false;
}

Reading/calculating face velocity Uf

No finite volume options present

Courant Number mean: 0.275145 max: 0.608851

Starting time loop

Courant Number mean: 0.275145 max: 0.608851
Time = 0.446

GAMG:  Solving for cellDisplacementx, Initial residual = 0, Final residual = 0, No Iterations 0
GAMG:  Solving for cellDisplacementy, Initial residual = 0, Final residual = 0, No Iterations 0
GAMG:  Solving for cellDisplacementz, Initial residual = 0, Final residual = 0, No Iterations 0
PIMPLE: iteration 1
DILUPBiCG:  Solving for Ux, Initial residual = 0.0144967, Final residual = 5.56087e-05, No Iterations 1
DILUPBiCG:  Solving for Uy, Initial residual = 0.0022668, Final residual = 8.06989e-06, No Iterations 1
DILUPBiCG:  Solving for Uz, Initial residual = 0.0114121, Final residual = 2.68681e-05, No Iterations 1
GAMG:  Solving for p, Initial residual = 0.127107, Final residual = 0.00101959, No Iterations 3
GAMG:  Solving for p, Initial residual = 0.0189276, Final residual = 0.000188738, No Iterations 9
GAMG:  Solving for p, Initial residual = 0.00842418, Final residual = 7.12567e-05, No Iterations 12
time step continuity errors : sum local = 3.95793e-07, global = -1.17535e-07, cumulative = -1.17535e-07
GAMG:  Solving for p, Initial residual = 0.0596376, Final residual = 0.000465561, No Iterations 3
GAMG:  Solving for p, Initial residual = 0.00924261, Final residual = 8.15156e-05, No Iterations 9
GAMG:  Solving for p, Initial residual = 0.00423745, Final residual = 3.81976e-05, No Iterations 10
time step continuity errors : sum local = 2.13816e-07, global = -5.63203e-08, cumulative = -1.73856e-07
PIMPLE: iteration 2
DILUPBiCG:  Solving for Ux, Initial residual = 0.0038431, Final residual = 1.88452e-05, No Iterations 1
DILUPBiCG:  Solving for Uy, Initial residual = 0.000619004, Final residual = 6.69977e-06, No Iterations 1
DILUPBiCG:  Solving for Uz, Initial residual = 0.00375951, Final residual = 1.43025e-05, No Iterations 1
GAMG:  Solving for p, Initial residual = 0.0600159, Final residual = 0.000543972, No Iterations 5
GAMG:  Solving for p, Initial residual = 0.0173346, Final residual = 0.000169998, No Iterations 9
GAMG:  Solving for p, Initial residual = 0.00558588, Final residual = 4.8366e-05, No Iterations 16
time step continuity errors : sum local = 2.32968e-07, global = 6.99262e-08, cumulative = -1.03929e-07
GAMG:  Solving for p, Initial residual = 0.0318829, Final residual = 0.000292069, No Iterations 4
GAMG:  Solving for p, Initial residual = 0.00805401, Final residual = 7.54796e-05, No Iterations 10
GAMG:  Solving for p, Initial residual = 0.00271593, Final residual = 2.43116e-05, No Iterations 14
time step continuity errors : sum local = 1.17841e-07, global = 3.5508e-08, cumulative = -6.84214e-08
PIMPLE: iteration 3
DILUPBiCG:  Solving for Ux, Initial residual = 0.000707768, Final residual = 6.2422e-06, No Iterations 1
DILUPBiCG:  Solving for Uy, Initial residual = 0.000121745, Final residual = 4.13724e-06, No Iterations 1
DILUPBiCG:  Solving for Uz, Initial residual = 0.00369651, Final residual = 7.34161e-06, No Iterations 2
GAMG:  Solving for p, Initial residual = 0.0569174, Final residual = 0.000414503, No Iterations 5
GAMG:  Solving for p, Initial residual = 0.0152697, Final residual = 0.000135018, No Iterations 12
GAMG:  Solving for p, Initial residual = 0.00678931, Final residual = 6.37073e-05, No Iterations 10
time step continuity errors : sum local = 3.38001e-07, global = 8.87675e-08, cumulative = 2.03461e-08
GAMG:  Solving for p, Initial residual = 0.00445229, Final residual = 2.59862e-05, No Iterations 6
GAMG:  Solving for p, Initial residual = 0.00262918, Final residual = 1.95397e-05, No Iterations 4
GAMG:  Solving for p, Initial residual = 0.00084261, Final residual = 9.4252e-07, No Iterations 31
time step continuity errors : sum local = 4.98496e-09, global = -1.46424e-09, cumulative = 1.88819e-08
DILUPBiCG:  Solving for omega, Initial residual = 0.00123598, Final residual = 1.62216e-06, No Iterations 1
DILUPBiCG:  Solving for k, Initial residual = 0.00608587, Final residual = 9.80938e-07, No Iterations 2
ExecutionTime = 15.07 s  ClockTime = 15 s

End

