/*---------------------------------------------------------------------------*\
| =========                 |                                                 |
| \\      /  F ield         | OpenFOAM: The Open Source CFD Toolbox           |
|  \\    /   O peration     | Version:  2.3.1                                 |
|   \\  /    A nd           | Web:      www.OpenFOAM.org                      |
|    \\/     M anipulation  |                                                 |
\*---------------------------------------------------------------------------*/
Build  : 2.3.1-262087cdf8db
Exec   : pimpleDyMFoam
Date   : Jun 06 2023
Time   : 00:26:36
Host   : "jcosson-VirtualBox"
PID    : 2355
Case   : /home/jcosson/workspace/henersj_shootingdata/calcs/moderate_deformed/primal/100_intervals_05-06-23/sweep17/interval97
nProcs : 1
sigFpe : Enabling floating point exception trapping (FOAM_SIGFPE).
fileModificationChecking : Monitoring run-time modified files using timeStampMaster
allowSystemOperations : Allowing user-supplied system call operations

// * * * * * * * * * * * * * * * * * * * * * * * * * * * * * * * * * * * * * //
Create time

Create mesh for time = 0.496

Selecting dynamicFvMesh dynamicMotionSolverFvMesh
Selecting motion solver: displacementLaplacian
Selecting motion diffusion: quadratic
Selecting motion diffusion: quadratic
Selecting motion diffusion: inverseDistance

PIMPLE: no residual control data found. Calculations will employ 3 corrector loops

Reading field p

Reading field U

Reading/calculating face flux field phi

Selecting incompressible transport model Newtonian
Selecting turbulence model type RASModel
Selecting RAS turbulence model kOmegaSST
bounding k, min: 0 max: 0.000663439 average: 0.000154088
kOmegaSSTCoeffs
{
    alphaK1         0.85034;
    alphaK2         1;
    alphaOmega1     0.5;
    alphaOmega2     0.85616;
    gamma1          0.5532;
    gamma2          0.4403;
    beta1           0.075;
    beta2           0.0828;
    betaStar        0.09;
    a1              0.31;
    c1              10;
    Cmu             0.09;
    b1              1;
    F3              false;
}

Reading/calculating face velocity Uf

No finite volume options present

Courant Number mean: 0.10062 max: 0.222739

Starting time loop

Courant Number mean: 0.10062 max: 0.222739
Time = 0.497

GAMG:  Solving for cellDisplacementx, Initial residual = 0, Final residual = 0, No Iterations 0
GAMG:  Solving for cellDisplacementy, Initial residual = 0, Final residual = 0, No Iterations 0
GAMG:  Solving for cellDisplacementz, Initial residual = 0, Final residual = 0, No Iterations 0
PIMPLE: iteration 1
DILUPBiCG:  Solving for Ux, Initial residual = 0.0259475, Final residual = 9.37747e-05, No Iterations 1
DILUPBiCG:  Solving for Uy, Initial residual = 0.0056245, Final residual = 1.14018e-05, No Iterations 1
DILUPBiCG:  Solving for Uz, Initial residual = 0.0147656, Final residual = 2.28494e-05, No Iterations 1
GAMG:  Solving for p, Initial residual = 0.104583, Final residual = 0.000719738, No Iterations 3
GAMG:  Solving for p, Initial residual = 0.0155984, Final residual = 0.000119463, No Iterations 4
GAMG:  Solving for p, Initial residual = 0.00718493, Final residual = 4.58883e-05, No Iterations 5
time step continuity errors : sum local = 2.153e-07, global = 5.38752e-08, cumulative = 5.38752e-08
GAMG:  Solving for p, Initial residual = 0.0510868, Final residual = 0.000325727, No Iterations 3
GAMG:  Solving for p, Initial residual = 0.00774949, Final residual = 7.02545e-05, No Iterations 4
GAMG:  Solving for p, Initial residual = 0.00366226, Final residual = 2.63706e-05, No Iterations 5
time step continuity errors : sum local = 1.24161e-07, global = 2.75174e-08, cumulative = 8.13926e-08
PIMPLE: iteration 2
DILUPBiCG:  Solving for Ux, Initial residual = 0.00599712, Final residual = 3.39119e-05, No Iterations 1
DILUPBiCG:  Solving for Uy, Initial residual = 0.00132406, Final residual = 2.77502e-06, No Iterations 1
DILUPBiCG:  Solving for Uz, Initial residual = 0.00334091, Final residual = 1.14004e-05, No Iterations 1
GAMG:  Solving for p, Initial residual = 0.0488509, Final residual = 0.000382254, No Iterations 6
GAMG:  Solving for p, Initial residual = 0.0177865, Final residual = 0.000165627, No Iterations 10
GAMG:  Solving for p, Initial residual = 0.00537343, Final residual = 4.6783e-05, No Iterations 16
time step continuity errors : sum local = 1.91368e-07, global = -5.54861e-08, cumulative = 2.59064e-08
GAMG:  Solving for p, Initial residual = 0.0263579, Final residual = 0.000258781, No Iterations 5
GAMG:  Solving for p, Initial residual = 0.00949589, Final residual = 8.41319e-05, No Iterations 9
GAMG:  Solving for p, Initial residual = 0.00265829, Final residual = 2.30116e-05, No Iterations 16
time step continuity errors : sum local = 9.39197e-08, global = -2.67898e-08, cumulative = -8.83405e-10
PIMPLE: iteration 3
DILUPBiCG:  Solving for Ux, Initial residual = 0.000906328, Final residual = 8.20842e-07, No Iterations 2
DILUPBiCG:  Solving for Uy, Initial residual = 0.000235286, Final residual = 3.70957e-07, No Iterations 2
DILUPBiCG:  Solving for Uz, Initial residual = 0.00230207, Final residual = 2.26221e-06, No Iterations 2
GAMG:  Solving for p, Initial residual = 0.0582201, Final residual = 0.000439761, No Iterations 5
GAMG:  Solving for p, Initial residual = 0.0133657, Final residual = 0.000116045, No Iterations 16
GAMG:  Solving for p, Initial residual = 0.00775871, Final residual = 7.44741e-05, No Iterations 8
time step continuity errors : sum local = 3.34679e-07, global = -7.4829e-08, cumulative = -7.57124e-08
GAMG:  Solving for p, Initial residual = 0.00316949, Final residual = 3.01356e-05, No Iterations 8
GAMG:  Solving for p, Initial residual = 0.00164662, Final residual = 1.38435e-05, No Iterations 6
GAMG:  Solving for p, Initial residual = 0.000608824, Final residual = 8.95164e-07, No Iterations 29
time step continuity errors : sum local = 3.96003e-09, global = 1.20778e-09, cumulative = -7.45046e-08
DILUPBiCG:  Solving for omega, Initial residual = 0.00146861, Final residual = 7.26445e-07, No Iterations 1
DILUPBiCG:  Solving for k, Initial residual = 0.00370081, Final residual = 5.96904e-07, No Iterations 2
bounding k, min: 0 max: 0.000651266 average: 0.000153175
ExecutionTime = 13.43 s  ClockTime = 14 s

End

