/*---------------------------------------------------------------------------*\
| =========                 |                                                 |
| \\      /  F ield         | OpenFOAM: The Open Source CFD Toolbox           |
|  \\    /   O peration     | Version:  2.3.1                                 |
|   \\  /    A nd           | Web:      www.OpenFOAM.org                      |
|    \\/     M anipulation  |                                                 |
\*---------------------------------------------------------------------------*/
Build  : 2.3.1-262087cdf8db
Exec   : pimpleDyMFoam
Date   : Jun 06 2023
Time   : 00:57:02
Host   : "jcosson-VirtualBox"
PID    : 17721
Case   : /home/jcosson/workspace/henersj_shootingdata/calcs/moderate_deformed/primal/100_intervals_05-06-23/sweep26/interval83
nProcs : 1
sigFpe : Enabling floating point exception trapping (FOAM_SIGFPE).
fileModificationChecking : Monitoring run-time modified files using timeStampMaster
allowSystemOperations : Allowing user-supplied system call operations

// * * * * * * * * * * * * * * * * * * * * * * * * * * * * * * * * * * * * * //
Create time

Create mesh for time = 0.482

Selecting dynamicFvMesh dynamicMotionSolverFvMesh
Selecting motion solver: displacementLaplacian
Selecting motion diffusion: quadratic
Selecting motion diffusion: quadratic
Selecting motion diffusion: inverseDistance

PIMPLE: no residual control data found. Calculations will employ 3 corrector loops

Reading field p

Reading field U

Reading/calculating face flux field phi

Selecting incompressible transport model Newtonian
Selecting turbulence model type RASModel
Selecting RAS turbulence model kOmegaSST
bounding k, min: 0 max: 0.000738707 average: 0.000163108
kOmegaSSTCoeffs
{
    alphaK1         0.85034;
    alphaK2         1;
    alphaOmega1     0.5;
    alphaOmega2     0.85616;
    gamma1          0.5532;
    gamma2          0.4403;
    beta1           0.075;
    beta2           0.0828;
    betaStar        0.09;
    a1              0.31;
    c1              10;
    Cmu             0.09;
    b1              1;
    F3              false;
}

Reading/calculating face velocity Uf

No finite volume options present

Courant Number mean: 0.150545 max: 0.340146

Starting time loop

Courant Number mean: 0.150545 max: 0.340146
Time = 0.483

GAMG:  Solving for cellDisplacementx, Initial residual = 0, Final residual = 0, No Iterations 0
GAMG:  Solving for cellDisplacementy, Initial residual = 0, Final residual = 0, No Iterations 0
GAMG:  Solving for cellDisplacementz, Initial residual = 0, Final residual = 0, No Iterations 0
PIMPLE: iteration 1
DILUPBiCG:  Solving for Ux, Initial residual = 0.0643324, Final residual = 0.000246728, No Iterations 1
DILUPBiCG:  Solving for Uy, Initial residual = 0.0117807, Final residual = 2.48416e-05, No Iterations 1
DILUPBiCG:  Solving for Uz, Initial residual = 0.0165081, Final residual = 2.01233e-05, No Iterations 1
GAMG:  Solving for p, Initial residual = 0.121322, Final residual = 0.00110923, No Iterations 4
GAMG:  Solving for p, Initial residual = 0.0158239, Final residual = 0.000156152, No Iterations 18
GAMG:  Solving for p, Initial residual = 0.00741066, Final residual = 7.16897e-05, No Iterations 4
time step continuity errors : sum local = 1.039e-06, global = 3.94174e-07, cumulative = 3.94174e-07
GAMG:  Solving for p, Initial residual = 0.0532935, Final residual = 0.000453546, No Iterations 4
GAMG:  Solving for p, Initial residual = 0.00788976, Final residual = 7.76979e-05, No Iterations 16
GAMG:  Solving for p, Initial residual = 0.00373905, Final residual = 3.33665e-05, No Iterations 10
time step continuity errors : sum local = 4.85712e-07, global = 1.24218e-07, cumulative = 5.18392e-07
PIMPLE: iteration 2
DILUPBiCG:  Solving for Ux, Initial residual = 0.017423, Final residual = 0.000102916, No Iterations 1
DILUPBiCG:  Solving for Uy, Initial residual = 0.00333977, Final residual = 7.03061e-06, No Iterations 1
DILUPBiCG:  Solving for Uz, Initial residual = 0.00298886, Final residual = 1.05142e-05, No Iterations 1
GAMG:  Solving for p, Initial residual = 0.052626, Final residual = 0.000480478, No Iterations 4
GAMG:  Solving for p, Initial residual = 0.00953792, Final residual = 8.63005e-05, No Iterations 16
GAMG:  Solving for p, Initial residual = 0.00433791, Final residual = 4.18016e-05, No Iterations 8
time step continuity errors : sum local = 5.2663e-07, global = -1.28159e-07, cumulative = 3.90234e-07
GAMG:  Solving for p, Initial residual = 0.0272504, Final residual = 0.000218399, No Iterations 4
GAMG:  Solving for p, Initial residual = 0.00483208, Final residual = 4.22915e-05, No Iterations 14
GAMG:  Solving for p, Initial residual = 0.00208444, Final residual = 2.04028e-05, No Iterations 8
time step continuity errors : sum local = 2.58151e-07, global = -5.72634e-08, cumulative = 3.3297e-07
PIMPLE: iteration 3
DILUPBiCG:  Solving for Ux, Initial residual = 0.00394546, Final residual = 2.89385e-06, No Iterations 2
DILUPBiCG:  Solving for Uy, Initial residual = 0.000796163, Final residual = 5.15636e-06, No Iterations 1
DILUPBiCG:  Solving for Uz, Initial residual = 0.00682956, Final residual = 2.67109e-06, No Iterations 2
GAMG:  Solving for p, Initial residual = 0.042228, Final residual = 0.000352196, No Iterations 5
GAMG:  Solving for p, Initial residual = 0.0097103, Final residual = 9.67932e-05, No Iterations 10
GAMG:  Solving for p, Initial residual = 0.00465583, Final residual = 4.59238e-05, No Iterations 10
time step continuity errors : sum local = 6.49696e-07, global = -1.69431e-07, cumulative = 1.63539e-07
GAMG:  Solving for p, Initial residual = 0.00242242, Final residual = 2.10365e-05, No Iterations 6
GAMG:  Solving for p, Initial residual = 0.00129838, Final residual = 1.15295e-05, No Iterations 4
GAMG:  Solving for p, Initial residual = 0.000545442, Final residual = 9.52172e-07, No Iterations 30
time step continuity errors : sum local = 1.33467e-08, global = 3.93877e-09, cumulative = 1.67478e-07
DILUPBiCG:  Solving for omega, Initial residual = 0.00105221, Final residual = 8.16379e-07, No Iterations 1
DILUPBiCG:  Solving for k, Initial residual = 0.00403708, Final residual = 7.26234e-07, No Iterations 2
bounding k, min: 0 max: 0.000727654 average: 0.00016197
ExecutionTime = 15.31 s  ClockTime = 15 s

End

