/*---------------------------------------------------------------------------*\
| =========                 |                                                 |
| \\      /  F ield         | OpenFOAM: The Open Source CFD Toolbox           |
|  \\    /   O peration     | Version:  2.3.1                                 |
|   \\  /    A nd           | Web:      www.OpenFOAM.org                      |
|    \\/     M anipulation  |                                                 |
\*---------------------------------------------------------------------------*/
Build  : 2.3.1-262087cdf8db
Exec   : pimpleDyMFoam
Date   : Jun 06 2023
Time   : 00:57:07
Host   : "jcosson-VirtualBox"
PID    : 17737
Case   : /home/jcosson/workspace/henersj_shootingdata/calcs/moderate_deformed/primal/100_intervals_05-06-23/sweep26/interval91
nProcs : 1
sigFpe : Enabling floating point exception trapping (FOAM_SIGFPE).
fileModificationChecking : Monitoring run-time modified files using timeStampMaster
allowSystemOperations : Allowing user-supplied system call operations

// * * * * * * * * * * * * * * * * * * * * * * * * * * * * * * * * * * * * * //
Create time

Create mesh for time = 0.49

Selecting dynamicFvMesh dynamicMotionSolverFvMesh
Selecting motion solver: displacementLaplacian
Selecting motion diffusion: quadratic
Selecting motion diffusion: quadratic
Selecting motion diffusion: inverseDistance

PIMPLE: no residual control data found. Calculations will employ 3 corrector loops

Reading field p

Reading field U

Reading/calculating face flux field phi

Selecting incompressible transport model Newtonian
Selecting turbulence model type RASModel
Selecting RAS turbulence model kOmegaSST
bounding k, min: 0 max: 0.000670527 average: 0.00015671
kOmegaSSTCoeffs
{
    alphaK1         0.85034;
    alphaK2         1;
    alphaOmega1     0.5;
    alphaOmega2     0.85616;
    gamma1          0.5532;
    gamma2          0.4403;
    beta1           0.075;
    beta2           0.0828;
    betaStar        0.09;
    a1              0.31;
    c1              10;
    Cmu             0.09;
    b1              1;
    F3              false;
}

Reading/calculating face velocity Uf

No finite volume options present

Courant Number mean: 0.115695 max: 0.262919

Starting time loop

Courant Number mean: 0.115695 max: 0.262919
Time = 0.491

GAMG:  Solving for cellDisplacementx, Initial residual = 0, Final residual = 0, No Iterations 0
GAMG:  Solving for cellDisplacementy, Initial residual = 0, Final residual = 0, No Iterations 0
GAMG:  Solving for cellDisplacementz, Initial residual = 0, Final residual = 0, No Iterations 0
PIMPLE: iteration 1
DILUPBiCG:  Solving for Ux, Initial residual = 0.0516235, Final residual = 0.000189475, No Iterations 1
DILUPBiCG:  Solving for Uy, Initial residual = 0.0105529, Final residual = 2.13177e-05, No Iterations 1
DILUPBiCG:  Solving for Uz, Initial residual = 0.0170805, Final residual = 1.50319e-05, No Iterations 1
GAMG:  Solving for p, Initial residual = 0.115054, Final residual = 0.000711683, No Iterations 4
GAMG:  Solving for p, Initial residual = 0.0164645, Final residual = 0.000159206, No Iterations 16
GAMG:  Solving for p, Initial residual = 0.00801859, Final residual = 7.80322e-05, No Iterations 4
time step continuity errors : sum local = 7.87616e-07, global = 2.68298e-07, cumulative = 2.68298e-07
GAMG:  Solving for p, Initial residual = 0.0522461, Final residual = 0.00030592, No Iterations 4
GAMG:  Solving for p, Initial residual = 0.00809008, Final residual = 7.07833e-05, No Iterations 16
GAMG:  Solving for p, Initial residual = 0.00403856, Final residual = 3.75945e-05, No Iterations 4
time step continuity errors : sum local = 3.82717e-07, global = 1.34834e-07, cumulative = 4.03132e-07
PIMPLE: iteration 2
DILUPBiCG:  Solving for Ux, Initial residual = 0.0131762, Final residual = 7.5688e-05, No Iterations 1
DILUPBiCG:  Solving for Uy, Initial residual = 0.00276915, Final residual = 5.62842e-06, No Iterations 1
DILUPBiCG:  Solving for Uz, Initial residual = 0.00286721, Final residual = 8.24644e-06, No Iterations 1
GAMG:  Solving for p, Initial residual = 0.0508908, Final residual = 0.00050343, No Iterations 4
GAMG:  Solving for p, Initial residual = 0.0109569, Final residual = 0.000106319, No Iterations 14
GAMG:  Solving for p, Initial residual = 0.00507666, Final residual = 4.51179e-05, No Iterations 4
time step continuity errors : sum local = 4.00728e-07, global = -1.48903e-07, cumulative = 2.54229e-07
GAMG:  Solving for p, Initial residual = 0.0268205, Final residual = 0.000242714, No Iterations 4
GAMG:  Solving for p, Initial residual = 0.00573758, Final residual = 5.5765e-05, No Iterations 12
GAMG:  Solving for p, Initial residual = 0.00252401, Final residual = 2.18215e-05, No Iterations 4
time step continuity errors : sum local = 1.94216e-07, global = -7.06855e-08, cumulative = 1.83544e-07
PIMPLE: iteration 3
DILUPBiCG:  Solving for Ux, Initial residual = 0.00272243, Final residual = 2.47217e-06, No Iterations 2
DILUPBiCG:  Solving for Uy, Initial residual = 0.000625872, Final residual = 5.03758e-06, No Iterations 1
DILUPBiCG:  Solving for Uz, Initial residual = 0.00535082, Final residual = 1.90799e-06, No Iterations 2
GAMG:  Solving for p, Initial residual = 0.0467223, Final residual = 0.000337752, No Iterations 5
GAMG:  Solving for p, Initial residual = 0.0106071, Final residual = 9.89289e-05, No Iterations 14
GAMG:  Solving for p, Initial residual = 0.0055234, Final residual = 4.92659e-05, No Iterations 10
time step continuity errors : sum local = 4.89025e-07, global = -1.28852e-07, cumulative = 5.46918e-08
GAMG:  Solving for p, Initial residual = 0.00262755, Final residual = 2.4993e-05, No Iterations 6
GAMG:  Solving for p, Initial residual = 0.00138932, Final residual = 1.3331e-05, No Iterations 4
GAMG:  Solving for p, Initial residual = 0.000575774, Final residual = 9.20721e-07, No Iterations 21
time step continuity errors : sum local = 9.02882e-09, global = 2.71015e-09, cumulative = 5.7402e-08
DILUPBiCG:  Solving for omega, Initial residual = 0.0013577, Final residual = 7.71281e-07, No Iterations 1
DILUPBiCG:  Solving for k, Initial residual = 0.00373355, Final residual = 6.04013e-07, No Iterations 2
bounding k, min: 0 max: 0.000661868 average: 0.000155716
ExecutionTime = 15.23 s  ClockTime = 15 s

End

