/*---------------------------------------------------------------------------*\
| =========                 |                                                 |
| \\      /  F ield         | OpenFOAM: The Open Source CFD Toolbox           |
|  \\    /   O peration     | Version:  2.3.1                                 |
|   \\  /    A nd           | Web:      www.OpenFOAM.org                      |
|    \\/     M anipulation  |                                                 |
\*---------------------------------------------------------------------------*/
Build  : 2.3.1-262087cdf8db
Exec   : pimpleDyMFoam
Date   : Jun 06 2023
Time   : 01:20:57
Host   : "jcosson-VirtualBox"
PID    : 29991
Case   : /home/jcosson/workspace/henersj_shootingdata/calcs/moderate_deformed/primal/100_intervals_05-06-23/sweep34/interval56
nProcs : 1
sigFpe : Enabling floating point exception trapping (FOAM_SIGFPE).
fileModificationChecking : Monitoring run-time modified files using timeStampMaster
allowSystemOperations : Allowing user-supplied system call operations

// * * * * * * * * * * * * * * * * * * * * * * * * * * * * * * * * * * * * * //
Create time

Create mesh for time = 0.455

Selecting dynamicFvMesh dynamicMotionSolverFvMesh
Selecting motion solver: displacementLaplacian
Selecting motion diffusion: quadratic
Selecting motion diffusion: quadratic
Selecting motion diffusion: inverseDistance

PIMPLE: no residual control data found. Calculations will employ 3 corrector loops

Reading field p

Reading field U

Reading/calculating face flux field phi

Selecting incompressible transport model Newtonian
Selecting turbulence model type RASModel
Selecting RAS turbulence model kOmegaSST
kOmegaSSTCoeffs
{
    alphaK1         0.85034;
    alphaK2         1;
    alphaOmega1     0.5;
    alphaOmega2     0.85616;
    gamma1          0.5532;
    gamma2          0.4403;
    beta1           0.075;
    beta2           0.0828;
    betaStar        0.09;
    a1              0.31;
    c1              10;
    Cmu             0.09;
    b1              1;
    F3              false;
}

Reading/calculating face velocity Uf

No finite volume options present

Courant Number mean: 0.275482 max: 0.610359

Starting time loop

Courant Number mean: 0.275482 max: 0.610359
Time = 0.456

GAMG:  Solving for cellDisplacementx, Initial residual = 0, Final residual = 0, No Iterations 0
GAMG:  Solving for cellDisplacementy, Initial residual = 0, Final residual = 0, No Iterations 0
GAMG:  Solving for cellDisplacementz, Initial residual = 0, Final residual = 0, No Iterations 0
PIMPLE: iteration 1
DILUPBiCG:  Solving for Ux, Initial residual = 0.0116376, Final residual = 4.2636e-05, No Iterations 1
DILUPBiCG:  Solving for Uy, Initial residual = 0.00190782, Final residual = 4.92129e-06, No Iterations 1
DILUPBiCG:  Solving for Uz, Initial residual = 0.0155195, Final residual = 3.88051e-05, No Iterations 1
GAMG:  Solving for p, Initial residual = 0.1955, Final residual = 0.00160059, No Iterations 6
GAMG:  Solving for p, Initial residual = 0.0277912, Final residual = 0.000243158, No Iterations 16
GAMG:  Solving for p, Initial residual = 0.0109962, Final residual = 9.2557e-05, No Iterations 12
time step continuity errors : sum local = 4.86246e-07, global = 1.45978e-07, cumulative = 1.45978e-07
GAMG:  Solving for p, Initial residual = 0.0774766, Final residual = 0.00049756, No Iterations 6
GAMG:  Solving for p, Initial residual = 0.0137036, Final residual = 0.000134677, No Iterations 12
GAMG:  Solving for p, Initial residual = 0.00562621, Final residual = 5.25435e-05, No Iterations 12
time step continuity errors : sum local = 2.74044e-07, global = 8.16874e-08, cumulative = 2.27665e-07
PIMPLE: iteration 2
DILUPBiCG:  Solving for Ux, Initial residual = 0.00399983, Final residual = 2.39089e-05, No Iterations 1
DILUPBiCG:  Solving for Uy, Initial residual = 0.000676813, Final residual = 3.12707e-06, No Iterations 1
DILUPBiCG:  Solving for Uz, Initial residual = 0.00430479, Final residual = 1.2456e-05, No Iterations 1
GAMG:  Solving for p, Initial residual = 0.0801293, Final residual = 0.000322363, No Iterations 4
GAMG:  Solving for p, Initial residual = 0.0142963, Final residual = 0.000124855, No Iterations 5
GAMG:  Solving for p, Initial residual = 0.00616328, Final residual = 5.01577e-05, No Iterations 6
time step continuity errors : sum local = 2.26587e-07, global = 5.83426e-08, cumulative = 2.86008e-07
GAMG:  Solving for p, Initial residual = 0.0395476, Final residual = 0.000334739, No Iterations 3
GAMG:  Solving for p, Initial residual = 0.00695202, Final residual = 5.84566e-05, No Iterations 4
GAMG:  Solving for p, Initial residual = 0.00315715, Final residual = 2.50113e-05, No Iterations 4
time step continuity errors : sum local = 1.13226e-07, global = -6.16286e-09, cumulative = 2.79845e-07
PIMPLE: iteration 3
DILUPBiCG:  Solving for Ux, Initial residual = 0.00125038, Final residual = 2.71889e-07, No Iterations 2
DILUPBiCG:  Solving for Uy, Initial residual = 0.000209183, Final residual = 4.25514e-06, No Iterations 1
DILUPBiCG:  Solving for Uz, Initial residual = 0.00281255, Final residual = 8.28617e-07, No Iterations 2
GAMG:  Solving for p, Initial residual = 0.0535418, Final residual = 0.000387843, No Iterations 4
GAMG:  Solving for p, Initial residual = 0.0126953, Final residual = 0.000126082, No Iterations 10
GAMG:  Solving for p, Initial residual = 0.0058153, Final residual = 5.37674e-05, No Iterations 10
time step continuity errors : sum local = 2.63492e-07, global = -6.83871e-08, cumulative = 2.11458e-07
GAMG:  Solving for p, Initial residual = 0.00411971, Final residual = 3.90388e-05, No Iterations 11
GAMG:  Solving for p, Initial residual = 0.00221329, Final residual = 1.97237e-05, No Iterations 4
GAMG:  Solving for p, Initial residual = 0.000812165, Final residual = 9.04214e-07, No Iterations 40
time step continuity errors : sum local = 4.40934e-09, global = 1.3116e-09, cumulative = 2.12769e-07
DILUPBiCG:  Solving for omega, Initial residual = 0.000834086, Final residual = 1.27589e-06, No Iterations 1
DILUPBiCG:  Solving for k, Initial residual = 0.00464421, Final residual = 1.30391e-06, No Iterations 2
ExecutionTime = 15.78 s  ClockTime = 15 s

End

