/*---------------------------------------------------------------------------*\
| =========                 |                                                 |
| \\      /  F ield         | OpenFOAM: The Open Source CFD Toolbox           |
|  \\    /   O peration     | Version:  2.3.1                                 |
|   \\  /    A nd           | Web:      www.OpenFOAM.org                      |
|    \\/     M anipulation  |                                                 |
\*---------------------------------------------------------------------------*/
Build  : 2.3.1-262087cdf8db
Exec   : pimpleDyMFoam
Date   : Jun 06 2023
Time   : 01:21:12
Host   : "jcosson-VirtualBox"
PID    : 30020
Case   : /home/jcosson/workspace/henersj_shootingdata/calcs/moderate_deformed/primal/100_intervals_05-06-23/sweep34/interval71
nProcs : 1
sigFpe : Enabling floating point exception trapping (FOAM_SIGFPE).
fileModificationChecking : Monitoring run-time modified files using timeStampMaster
allowSystemOperations : Allowing user-supplied system call operations

// * * * * * * * * * * * * * * * * * * * * * * * * * * * * * * * * * * * * * //
Create time

Create mesh for time = 0.47

Selecting dynamicFvMesh dynamicMotionSolverFvMesh
Selecting motion solver: displacementLaplacian
Selecting motion diffusion: quadratic
Selecting motion diffusion: quadratic
Selecting motion diffusion: inverseDistance

PIMPLE: no residual control data found. Calculations will employ 3 corrector loops

Reading field p

Reading field U

Reading/calculating face flux field phi

Selecting incompressible transport model Newtonian
Selecting turbulence model type RASModel
Selecting RAS turbulence model kOmegaSST
kOmegaSSTCoeffs
{
    alphaK1         0.85034;
    alphaK2         1;
    alphaOmega1     0.5;
    alphaOmega2     0.85616;
    gamma1          0.5532;
    gamma2          0.4403;
    beta1           0.075;
    beta2           0.0828;
    betaStar        0.09;
    a1              0.31;
    c1              10;
    Cmu             0.09;
    b1              1;
    F3              false;
}

Reading/calculating face velocity Uf

No finite volume options present

Courant Number mean: 0.217187 max: 0.478115

Starting time loop

Courant Number mean: 0.217187 max: 0.478115
Time = 0.471

GAMG:  Solving for cellDisplacementx, Initial residual = 0, Final residual = 0, No Iterations 0
GAMG:  Solving for cellDisplacementy, Initial residual = 0, Final residual = 0, No Iterations 0
GAMG:  Solving for cellDisplacementz, Initial residual = 0, Final residual = 0, No Iterations 0
PIMPLE: iteration 1
DILUPBiCG:  Solving for Ux, Initial residual = 0.0491677, Final residual = 0.000204633, No Iterations 1
DILUPBiCG:  Solving for Uy, Initial residual = 0.00804343, Final residual = 1.84415e-05, No Iterations 1
DILUPBiCG:  Solving for Uz, Initial residual = 0.0121284, Final residual = 3.03522e-05, No Iterations 1
GAMG:  Solving for p, Initial residual = 0.130026, Final residual = 0.00102658, No Iterations 6
GAMG:  Solving for p, Initial residual = 0.0150283, Final residual = 0.000149978, No Iterations 18
GAMG:  Solving for p, Initial residual = 0.00651829, Final residual = 5.94248e-05, No Iterations 12
time step continuity errors : sum local = 8.43249e-07, global = 2.54104e-07, cumulative = 2.54104e-07
GAMG:  Solving for p, Initial residual = 0.0548449, Final residual = 0.000343808, No Iterations 6
GAMG:  Solving for p, Initial residual = 0.00758122, Final residual = 7.14541e-05, No Iterations 16
GAMG:  Solving for p, Initial residual = 0.00338327, Final residual = 2.95014e-05, No Iterations 12
time step continuity errors : sum local = 4.18243e-07, global = 1.25298e-07, cumulative = 3.79402e-07
PIMPLE: iteration 2
DILUPBiCG:  Solving for Ux, Initial residual = 0.014398, Final residual = 8.50486e-05, No Iterations 1
DILUPBiCG:  Solving for Uy, Initial residual = 0.00248466, Final residual = 5.67957e-06, No Iterations 1
DILUPBiCG:  Solving for Uz, Initial residual = 0.00347073, Final residual = 1.28425e-05, No Iterations 1
GAMG:  Solving for p, Initial residual = 0.0553375, Final residual = 0.000472666, No Iterations 4
GAMG:  Solving for p, Initial residual = 0.00899116, Final residual = 8.55004e-05, No Iterations 16
GAMG:  Solving for p, Initial residual = 0.00410418, Final residual = 4.0034e-05, No Iterations 8
time step continuity errors : sum local = 4.82745e-07, global = -1.44947e-07, cumulative = 2.34455e-07
GAMG:  Solving for p, Initial residual = 0.028405, Final residual = 0.000205548, No Iterations 4
GAMG:  Solving for p, Initial residual = 0.00444679, Final residual = 3.9188e-05, No Iterations 14
GAMG:  Solving for p, Initial residual = 0.00192465, Final residual = 1.90219e-05, No Iterations 8
time step continuity errors : sum local = 2.30642e-07, global = -6.45029e-08, cumulative = 1.69952e-07
PIMPLE: iteration 3
DILUPBiCG:  Solving for Ux, Initial residual = 0.00358717, Final residual = 1.94504e-06, No Iterations 2
DILUPBiCG:  Solving for Uy, Initial residual = 0.000618355, Final residual = 6.9422e-06, No Iterations 1
DILUPBiCG:  Solving for Uz, Initial residual = 0.00716332, Final residual = 3.46004e-06, No Iterations 2
GAMG:  Solving for p, Initial residual = 0.0402006, Final residual = 0.000339283, No Iterations 5
GAMG:  Solving for p, Initial residual = 0.0091016, Final residual = 8.26091e-05, No Iterations 13
GAMG:  Solving for p, Initial residual = 0.0043628, Final residual = 3.98126e-05, No Iterations 10
time step continuity errors : sum local = 5.38817e-07, global = -1.40406e-07, cumulative = 2.95456e-08
GAMG:  Solving for p, Initial residual = 0.00248325, Final residual = 2.37041e-05, No Iterations 18
GAMG:  Solving for p, Initial residual = 0.00137813, Final residual = 1.23014e-05, No Iterations 4
GAMG:  Solving for p, Initial residual = 0.0005517, Final residual = 8.6461e-07, No Iterations 36
time step continuity errors : sum local = 1.16515e-08, global = 3.42566e-09, cumulative = 3.29712e-08
DILUPBiCG:  Solving for omega, Initial residual = 0.000510565, Final residual = 6.49005e-07, No Iterations 1
DILUPBiCG:  Solving for k, Initial residual = 0.00454282, Final residual = 1.6579e-06, No Iterations 2
ExecutionTime = 17.33 s  ClockTime = 18 s

End

