/*---------------------------------------------------------------------------*\
| =========                 |                                                 |
| \\      /  F ield         | OpenFOAM: The Open Source CFD Toolbox           |
|  \\    /   O peration     | Version:  2.3.1                                 |
|   \\  /    A nd           | Web:      www.OpenFOAM.org                      |
|    \\/     M anipulation  |                                                 |
\*---------------------------------------------------------------------------*/
Build  : 2.3.1-262087cdf8db
Exec   : pimpleDyMFoam
Date   : Jun 06 2023
Time   : 01:20:38
Host   : "jcosson-VirtualBox"
PID    : 29970
Case   : /home/jcosson/workspace/henersj_shootingdata/calcs/moderate_deformed/primal/100_intervals_05-06-23/sweep34/interval47
nProcs : 1
sigFpe : Enabling floating point exception trapping (FOAM_SIGFPE).
fileModificationChecking : Monitoring run-time modified files using timeStampMaster
allowSystemOperations : Allowing user-supplied system call operations

// * * * * * * * * * * * * * * * * * * * * * * * * * * * * * * * * * * * * * //
Create time

Create mesh for time = 0.446

Selecting dynamicFvMesh dynamicMotionSolverFvMesh
Selecting motion solver: displacementLaplacian
Selecting motion diffusion: quadratic
Selecting motion diffusion: quadratic
Selecting motion diffusion: inverseDistance

PIMPLE: no residual control data found. Calculations will employ 3 corrector loops

Reading field p

Reading field U

Reading/calculating face flux field phi

Selecting incompressible transport model Newtonian
Selecting turbulence model type RASModel
Selecting RAS turbulence model kOmegaSST
kOmegaSSTCoeffs
{
    alphaK1         0.85034;
    alphaK2         1;
    alphaOmega1     0.5;
    alphaOmega2     0.85616;
    gamma1          0.5532;
    gamma2          0.4403;
    beta1           0.075;
    beta2           0.0828;
    betaStar        0.09;
    a1              0.31;
    c1              10;
    Cmu             0.09;
    b1              1;
    F3              false;
}

Reading/calculating face velocity Uf

No finite volume options present

Courant Number mean: 0.277053 max: 0.61205

Starting time loop

Courant Number mean: 0.277053 max: 0.61205
Time = 0.447

GAMG:  Solving for cellDisplacementx, Initial residual = 0, Final residual = 0, No Iterations 0
GAMG:  Solving for cellDisplacementy, Initial residual = 0, Final residual = 0, No Iterations 0
GAMG:  Solving for cellDisplacementz, Initial residual = 0, Final residual = 0, No Iterations 0
PIMPLE: iteration 1
DILUPBiCG:  Solving for Ux, Initial residual = 0.0119523, Final residual = 4.78522e-05, No Iterations 1
DILUPBiCG:  Solving for Uy, Initial residual = 0.00188651, Final residual = 7.56267e-06, No Iterations 1
DILUPBiCG:  Solving for Uz, Initial residual = 0.011292, Final residual = 2.56232e-05, No Iterations 1
GAMG:  Solving for p, Initial residual = 0.1264, Final residual = 0.00103134, No Iterations 3
GAMG:  Solving for p, Initial residual = 0.019024, Final residual = 0.000160587, No Iterations 4
GAMG:  Solving for p, Initial residual = 0.00762725, Final residual = 7.43947e-05, No Iterations 5
time step continuity errors : sum local = 3.72924e-07, global = -9.17395e-08, cumulative = -9.17395e-08
GAMG:  Solving for p, Initial residual = 0.0605905, Final residual = 0.000520046, No Iterations 3
GAMG:  Solving for p, Initial residual = 0.00923833, Final residual = 6.65581e-05, No Iterations 4
GAMG:  Solving for p, Initial residual = 0.00382553, Final residual = 3.22065e-05, No Iterations 5
time step continuity errors : sum local = 1.6257e-07, global = -3.69469e-08, cumulative = -1.28686e-07
PIMPLE: iteration 2
DILUPBiCG:  Solving for Ux, Initial residual = 0.00307778, Final residual = 1.7175e-05, No Iterations 1
DILUPBiCG:  Solving for Uy, Initial residual = 0.000500746, Final residual = 6.86018e-06, No Iterations 1
DILUPBiCG:  Solving for Uz, Initial residual = 0.00357312, Final residual = 1.52278e-05, No Iterations 1
GAMG:  Solving for p, Initial residual = 0.0608756, Final residual = 0.000508341, No Iterations 5
GAMG:  Solving for p, Initial residual = 0.0200427, Final residual = 0.000172426, No Iterations 9
GAMG:  Solving for p, Initial residual = 0.00575534, Final residual = 5.59945e-05, No Iterations 14
time step continuity errors : sum local = 2.4503e-07, global = 7.25217e-08, cumulative = -5.61647e-08
GAMG:  Solving for p, Initial residual = 0.0323235, Final residual = 0.000292292, No Iterations 4
GAMG:  Solving for p, Initial residual = 0.00924644, Final residual = 9.21493e-05, No Iterations 8
GAMG:  Solving for p, Initial residual = 0.00274972, Final residual = 2.38547e-05, No Iterations 16
time step continuity errors : sum local = 1.04977e-07, global = 3.01111e-08, cumulative = -2.60536e-08
PIMPLE: iteration 3
DILUPBiCG:  Solving for Ux, Initial residual = 0.000511266, Final residual = 5.38205e-06, No Iterations 1
DILUPBiCG:  Solving for Uy, Initial residual = 9.1877e-05, Final residual = 2.11456e-06, No Iterations 1
DILUPBiCG:  Solving for Uz, Initial residual = 0.00258252, Final residual = 3.47559e-06, No Iterations 2
GAMG:  Solving for p, Initial residual = 0.0630973, Final residual = 0.00041263, No Iterations 5
GAMG:  Solving for p, Initial residual = 0.0164578, Final residual = 0.000149815, No Iterations 12
GAMG:  Solving for p, Initial residual = 0.00781237, Final residual = 7.39195e-05, No Iterations 10
time step continuity errors : sum local = 3.52291e-07, global = 9.49478e-08, cumulative = 6.88942e-08
GAMG:  Solving for p, Initial residual = 0.00486224, Final residual = 4.64171e-05, No Iterations 8
GAMG:  Solving for p, Initial residual = 0.00284014, Final residual = 2.64153e-05, No Iterations 5
GAMG:  Solving for p, Initial residual = 0.000894299, Final residual = 9.46113e-07, No Iterations 40
time step continuity errors : sum local = 4.48176e-09, global = -1.32784e-09, cumulative = 6.75664e-08
DILUPBiCG:  Solving for omega, Initial residual = 0.00116097, Final residual = 1.55117e-06, No Iterations 1
DILUPBiCG:  Solving for k, Initial residual = 0.00594523, Final residual = 9.28139e-07, No Iterations 2
ExecutionTime = 16.13 s  ClockTime = 16 s

End

