/*---------------------------------------------------------------------------*\
| =========                 |                                                 |
| \\      /  F ield         | OpenFOAM: The Open Source CFD Toolbox           |
|  \\    /   O peration     | Version:  2.3.1                                 |
|   \\  /    A nd           | Web:      www.OpenFOAM.org                      |
|    \\/     M anipulation  |                                                 |
\*---------------------------------------------------------------------------*/
Build  : 2.3.1-262087cdf8db
Exec   : pimpleDyMFoam
Date   : Jun 05 2023
Time   : 18:14:04
Host   : "jcosson-VirtualBox"
PID    : 12610
Case   : /home/jcosson/workspace/henersj_shootingdata/calcs/moderate_deformed/primal/56_intervals_05-06-23/sweep9/interval26
nProcs : 1
sigFpe : Enabling floating point exception trapping (FOAM_SIGFPE).
fileModificationChecking : Monitoring run-time modified files using timeStampMaster
allowSystemOperations : Allowing user-supplied system call operations

// * * * * * * * * * * * * * * * * * * * * * * * * * * * * * * * * * * * * * //
Create time

Create mesh for time = 0.445

Selecting dynamicFvMesh dynamicMotionSolverFvMesh
Selecting motion solver: displacementLaplacian
Selecting motion diffusion: quadratic
Selecting motion diffusion: quadratic
Selecting motion diffusion: inverseDistance

PIMPLE: no residual control data found. Calculations will employ 3 corrector loops

Reading field p

Reading field U

Reading/calculating face flux field phi

Selecting incompressible transport model Newtonian
Selecting turbulence model type RASModel
Selecting RAS turbulence model kOmegaSST
kOmegaSSTCoeffs
{
    alphaK1         0.85034;
    alphaK2         1;
    alphaOmega1     0.5;
    alphaOmega2     0.85616;
    gamma1          0.5532;
    gamma2          0.4403;
    beta1           0.075;
    beta2           0.0828;
    betaStar        0.09;
    a1              0.31;
    c1              10;
    Cmu             0.09;
    b1              1;
    F3              false;
}

Reading/calculating face velocity Uf

No finite volume options present

Courant Number mean: 0.275124 max: 0.609502

Starting time loop

Courant Number mean: 0.275124 max: 0.609502
Time = 0.446

GAMG:  Solving for cellDisplacementx, Initial residual = 0, Final residual = 0, No Iterations 0
GAMG:  Solving for cellDisplacementy, Initial residual = 0, Final residual = 0, No Iterations 0
GAMG:  Solving for cellDisplacementz, Initial residual = 0, Final residual = 0, No Iterations 0
PIMPLE: iteration 1
DILUPBiCG:  Solving for Ux, Initial residual = 0.0145225, Final residual = 5.57061e-05, No Iterations 1
DILUPBiCG:  Solving for Uy, Initial residual = 0.00226612, Final residual = 8.04748e-06, No Iterations 1
DILUPBiCG:  Solving for Uz, Initial residual = 0.0126422, Final residual = 2.90167e-05, No Iterations 1
GAMG:  Solving for p, Initial residual = 0.128398, Final residual = 0.000931641, No Iterations 3
GAMG:  Solving for p, Initial residual = 0.0189497, Final residual = 0.000173537, No Iterations 9
GAMG:  Solving for p, Initial residual = 0.00823607, Final residual = 7.64649e-05, No Iterations 10
time step continuity errors : sum local = 4.21573e-07, global = -1.10543e-07, cumulative = -1.10543e-07
GAMG:  Solving for p, Initial residual = 0.0602949, Final residual = 0.000411384, No Iterations 3
GAMG:  Solving for p, Initial residual = 0.00927429, Final residual = 9.08218e-05, No Iterations 7
GAMG:  Solving for p, Initial residual = 0.00413464, Final residual = 4.03152e-05, No Iterations 10
time step continuity errors : sum local = 2.23578e-07, global = -5.92349e-08, cumulative = -1.69778e-07
PIMPLE: iteration 2
DILUPBiCG:  Solving for Ux, Initial residual = 0.00384121, Final residual = 1.88796e-05, No Iterations 1
DILUPBiCG:  Solving for Uy, Initial residual = 0.000618812, Final residual = 6.71835e-06, No Iterations 1
DILUPBiCG:  Solving for Uz, Initial residual = 0.00372503, Final residual = 1.41148e-05, No Iterations 1
GAMG:  Solving for p, Initial residual = 0.0606958, Final residual = 0.000543451, No Iterations 5
GAMG:  Solving for p, Initial residual = 0.0173848, Final residual = 0.000146722, No Iterations 11
GAMG:  Solving for p, Initial residual = 0.00563877, Final residual = 5.06405e-05, No Iterations 14
time step continuity errors : sum local = 2.41075e-07, global = 7.30371e-08, cumulative = -9.67413e-08
GAMG:  Solving for p, Initial residual = 0.0322973, Final residual = 0.000299292, No Iterations 4
GAMG:  Solving for p, Initial residual = 0.00814288, Final residual = 7.8611e-05, No Iterations 10
GAMG:  Solving for p, Initial residual = 0.00270367, Final residual = 2.52444e-05, No Iterations 14
time step continuity errors : sum local = 1.21048e-07, global = 3.61667e-08, cumulative = -6.05745e-08
PIMPLE: iteration 3
DILUPBiCG:  Solving for Ux, Initial residual = 0.000702573, Final residual = 6.2222e-06, No Iterations 1
DILUPBiCG:  Solving for Uy, Initial residual = 0.000121191, Final residual = 4.6718e-06, No Iterations 1
DILUPBiCG:  Solving for Uz, Initial residual = 0.00339714, Final residual = 1.04103e-06, No Iterations 2
GAMG:  Solving for p, Initial residual = 0.056575, Final residual = 0.000420011, No Iterations 5
GAMG:  Solving for p, Initial residual = 0.0152973, Final residual = 0.000138807, No Iterations 12
GAMG:  Solving for p, Initial residual = 0.00682437, Final residual = 6.56015e-05, No Iterations 10
time step continuity errors : sum local = 3.44643e-07, global = 9.01421e-08, cumulative = 2.95676e-08
GAMG:  Solving for p, Initial residual = 0.00448112, Final residual = 2.81624e-05, No Iterations 6
GAMG:  Solving for p, Initial residual = 0.00264444, Final residual = 2.1509e-05, No Iterations 4
GAMG:  Solving for p, Initial residual = 0.00085667, Final residual = 9.00375e-07, No Iterations 33
time step continuity errors : sum local = 4.71437e-09, global = -1.38183e-09, cumulative = 2.81857e-08
DILUPBiCG:  Solving for omega, Initial residual = 0.00124763, Final residual = 1.63956e-06, No Iterations 1
DILUPBiCG:  Solving for k, Initial residual = 0.00608973, Final residual = 9.81362e-07, No Iterations 2
ExecutionTime = 12.46 s  ClockTime = 13 s

End

