/*---------------------------------------------------------------------------*\
| =========                 |                                                 |
| \\      /  F ield         | OpenFOAM: The Open Source CFD Toolbox           |
|  \\    /   O peration     | Version:  2.3.1                                 |
|   \\  /    A nd           | Web:      www.OpenFOAM.org                      |
|    \\/     M anipulation  |                                                 |
\*---------------------------------------------------------------------------*/
Build  : 2.3.1-262087cdf8db
Exec   : pimpleDyMFoam
Date   : Jun 05 2023
Time   : 18:13:37
Host   : "jcosson-VirtualBox"
PID    : 12596
Case   : /home/jcosson/workspace/henersj_shootingdata/calcs/moderate_deformed/primal/56_intervals_05-06-23/sweep9/interval15
nProcs : 1
sigFpe : Enabling floating point exception trapping (FOAM_SIGFPE).
fileModificationChecking : Monitoring run-time modified files using timeStampMaster
allowSystemOperations : Allowing user-supplied system call operations

// * * * * * * * * * * * * * * * * * * * * * * * * * * * * * * * * * * * * * //
Create time

Create mesh for time = 0.425

Selecting dynamicFvMesh dynamicMotionSolverFvMesh
Selecting motion solver: displacementLaplacian
Selecting motion diffusion: quadratic
Selecting motion diffusion: quadratic
Selecting motion diffusion: inverseDistance

PIMPLE: no residual control data found. Calculations will employ 3 corrector loops

Reading field p

Reading field U

Reading/calculating face flux field phi

Selecting incompressible transport model Newtonian
Selecting turbulence model type RASModel
Selecting RAS turbulence model kOmegaSST
kOmegaSSTCoeffs
{
    alphaK1         0.85034;
    alphaK2         1;
    alphaOmega1     0.5;
    alphaOmega2     0.85616;
    gamma1          0.5532;
    gamma2          0.4403;
    beta1           0.075;
    beta2           0.0828;
    betaStar        0.09;
    a1              0.31;
    c1              10;
    Cmu             0.09;
    b1              1;
    F3              false;
}

Reading/calculating face velocity Uf

No finite volume options present

Courant Number mean: 0.187742 max: 0.403759

Starting time loop

Courant Number mean: 0.187742 max: 0.403759
Time = 0.426

GAMG:  Solving for cellDisplacementx, Initial residual = 0, Final residual = 0, No Iterations 0
GAMG:  Solving for cellDisplacementy, Initial residual = 0, Final residual = 0, No Iterations 0
GAMG:  Solving for cellDisplacementz, Initial residual = 0, Final residual = 0, No Iterations 0
PIMPLE: iteration 1
DILUPBiCG:  Solving for Ux, Initial residual = 0.0590783, Final residual = 0.000198623, No Iterations 1
DILUPBiCG:  Solving for Uy, Initial residual = 0.00992138, Final residual = 2.0348e-05, No Iterations 1
DILUPBiCG:  Solving for Uz, Initial residual = 0.0215773, Final residual = 3.04353e-05, No Iterations 1
GAMG:  Solving for p, Initial residual = 0.126934, Final residual = 0.000873464, No Iterations 6
GAMG:  Solving for p, Initial residual = 0.0155207, Final residual = 0.000140083, No Iterations 18
GAMG:  Solving for p, Initial residual = 0.00685522, Final residual = 5.94252e-05, No Iterations 10
time step continuity errors : sum local = 9.061e-07, global = -2.31915e-07, cumulative = -2.31915e-07
GAMG:  Solving for p, Initial residual = 0.0543754, Final residual = 0.000514095, No Iterations 4
GAMG:  Solving for p, Initial residual = 0.00775443, Final residual = 7.25353e-05, No Iterations 18
GAMG:  Solving for p, Initial residual = 0.0036002, Final residual = 3.2567e-05, No Iterations 10
time step continuity errors : sum local = 4.97545e-07, global = -1.27597e-07, cumulative = -3.59512e-07
PIMPLE: iteration 2
DILUPBiCG:  Solving for Ux, Initial residual = 0.0166105, Final residual = 7.72127e-05, No Iterations 1
DILUPBiCG:  Solving for Uy, Initial residual = 0.00276468, Final residual = 7.23368e-06, No Iterations 1
DILUPBiCG:  Solving for Uz, Initial residual = 0.00372751, Final residual = 0.000339787, No Iterations 1
GAMG:  Solving for p, Initial residual = 0.0550493, Final residual = 0.000483628, No Iterations 4
GAMG:  Solving for p, Initial residual = 0.00948191, Final residual = 8.1747e-05, No Iterations 16
GAMG:  Solving for p, Initial residual = 0.00430782, Final residual = 3.7465e-05, No Iterations 8
time step continuity errors : sum local = 4.87701e-07, global = 1.54395e-07, cumulative = -2.05118e-07
GAMG:  Solving for p, Initial residual = 0.0283245, Final residual = 0.000211255, No Iterations 4
GAMG:  Solving for p, Initial residual = 0.00473282, Final residual = 3.95805e-05, No Iterations 14
GAMG:  Solving for p, Initial residual = 0.00204765, Final residual = 2.01788e-05, No Iterations 6
time step continuity errors : sum local = 2.64141e-07, global = 8.04279e-08, cumulative = -1.2469e-07
PIMPLE: iteration 3
DILUPBiCG:  Solving for Ux, Initial residual = 0.00403329, Final residual = 1.37994e-06, No Iterations 2
DILUPBiCG:  Solving for Uy, Initial residual = 0.000675316, Final residual = 8.13461e-06, No Iterations 1
DILUPBiCG:  Solving for Uz, Initial residual = 0.00943274, Final residual = 2.83404e-06, No Iterations 2
GAMG:  Solving for p, Initial residual = 0.0401761, Final residual = 0.000338426, No Iterations 5
GAMG:  Solving for p, Initial residual = 0.00932225, Final residual = 9.15264e-05, No Iterations 7
GAMG:  Solving for p, Initial residual = 0.00422836, Final residual = 3.84227e-05, No Iterations 10
time step continuity errors : sum local = 5.62912e-07, global = 1.43985e-07, cumulative = 1.92946e-08
GAMG:  Solving for p, Initial residual = 0.00232717, Final residual = 2.12267e-05, No Iterations 18
GAMG:  Solving for p, Initial residual = 0.00133944, Final residual = 1.1058e-05, No Iterations 4
GAMG:  Solving for p, Initial residual = 0.000514238, Final residual = 9.61291e-07, No Iterations 32
time step continuity errors : sum local = 1.40225e-08, global = -4.13203e-09, cumulative = 1.51626e-08
DILUPBiCG:  Solving for omega, Initial residual = 0.000725491, Final residual = 7.94964e-07, No Iterations 1
DILUPBiCG:  Solving for k, Initial residual = 0.00474193, Final residual = 1.16994e-06, No Iterations 2
ExecutionTime = 17.88 s  ClockTime = 18 s

Courant Number mean: 0.19354 max: 0.416871
Time = 0.427

GAMG:  Solving for cellDisplacementx, Initial residual = 0, Final residual = 0, No Iterations 0
GAMG:  Solving for cellDisplacementy, Initial residual = 0, Final residual = 0, No Iterations 0
GAMG:  Solving for cellDisplacementz, Initial residual = 0, Final residual = 0, No Iterations 0
PIMPLE: iteration 1
DILUPBiCG:  Solving for Ux, Initial residual = 0.0578852, Final residual = 0.000192878, No Iterations 1
DILUPBiCG:  Solving for Uy, Initial residual = 0.00955352, Final residual = 1.97094e-05, No Iterations 1
DILUPBiCG:  Solving for Uz, Initial residual = 0.0185944, Final residual = 2.22712e-05, No Iterations 1
GAMG:  Solving for p, Initial residual = 0.117303, Final residual = 0.000816978, No Iterations 6
GAMG:  Solving for p, Initial residual = 0.013673, Final residual = 0.000120058, No Iterations 18
GAMG:  Solving for p, Initial residual = 0.00604987, Final residual = 5.06989e-05, No Iterations 4
time step continuity errors : sum local = 7.72842e-07, global = -2.88808e-07, cumulative = -2.73646e-07
GAMG:  Solving for p, Initial residual = 0.0504742, Final residual = 0.000493995, No Iterations 4
GAMG:  Solving for p, Initial residual = 0.00682584, Final residual = 6.141e-05, No Iterations 18
GAMG:  Solving for p, Initial residual = 0.00316982, Final residual = 2.89179e-05, No Iterations 4
time step continuity errors : sum local = 4.40803e-07, global = -1.64919e-07, cumulative = -4.38564e-07
PIMPLE: iteration 2
DILUPBiCG:  Solving for Ux, Initial residual = 0.0162062, Final residual = 7.36427e-05, No Iterations 1
DILUPBiCG:  Solving for Uy, Initial residual = 0.00268799, Final residual = 7.23896e-06, No Iterations 1
DILUPBiCG:  Solving for Uz, Initial residual = 0.00358904, Final residual = 2.75271e-05, No Iterations 1
GAMG:  Solving for p, Initial residual = 0.0508693, Final residual = 0.000480668, No Iterations 4
GAMG:  Solving for p, Initial residual = 0.00833415, Final residual = 8.2476e-05, No Iterations 16
GAMG:  Solving for p, Initial residual = 0.00376408, Final residual = 3.31657e-05, No Iterations 10
time step continuity errors : sum local = 4.30219e-07, global = 1.10407e-07, cumulative = -3.28158e-07
GAMG:  Solving for p, Initial residual = 0.0261272, Final residual = 0.000210077, No Iterations 4
GAMG:  Solving for p, Initial residual = 0.00414127, Final residual = 3.99674e-05, No Iterations 14
GAMG:  Solving for p, Initial residual = 0.00174943, Final residual = 1.62984e-05, No Iterations 10
time step continuity errors : sum local = 2.12484e-07, global = 5.34272e-08, cumulative = -2.7473e-07
PIMPLE: iteration 3
DILUPBiCG:  Solving for Ux, Initial residual = 0.00388756, Final residual = 1.34827e-06, No Iterations 2
DILUPBiCG:  Solving for Uy, Initial residual = 0.000656183, Final residual = 8.67658e-06, No Iterations 1
DILUPBiCG:  Solving for Uz, Initial residual = 0.00753978, Final residual = 3.10754e-06, No Iterations 2
GAMG:  Solving for p, Initial residual = 0.0399152, Final residual = 0.000314387, No Iterations 5
GAMG:  Solving for p, Initial residual = 0.00961801, Final residual = 8.63174e-05, No Iterations 5
GAMG:  Solving for p, Initial residual = 0.00423492, Final residual = 3.96317e-05, No Iterations 10
time step continuity errors : sum local = 5.78498e-07, global = 1.46529e-07, cumulative = -1.28202e-07
GAMG:  Solving for p, Initial residual = 0.00239734, Final residual = 2.18386e-05, No Iterations 18
GAMG:  Solving for p, Initial residual = 0.00136289, Final residual = 1.16924e-05, No Iterations 4
GAMG:  Solving for p, Initial residual = 0.000524795, Final residual = 9.60677e-07, No Iterations 34
time step continuity errors : sum local = 1.39336e-08, global = -4.07833e-09, cumulative = -1.3228e-07
DILUPBiCG:  Solving for omega, Initial residual = 0.00072551, Final residual = 8.02347e-07, No Iterations 1
DILUPBiCG:  Solving for k, Initial residual = 0.00484949, Final residual = 1.15669e-06, No Iterations 2
ExecutionTime = 33.1 s  ClockTime = 34 s

End

