/*---------------------------------------------------------------------------*\
| =========                 |                                                 |
| \\      /  F ield         | OpenFOAM: The Open Source CFD Toolbox           |
|  \\    /   O peration     | Version:  2.3.1                                 |
|   \\  /    A nd           | Web:      www.OpenFOAM.org                      |
|    \\/     M anipulation  |                                                 |
\*---------------------------------------------------------------------------*/
Build  : 2.3.1-262087cdf8db
Exec   : pimpleDyMFoam
Date   : Jun 05 2023
Time   : 18:13:37
Host   : "jcosson-VirtualBox"
PID    : 12592
Case   : /home/jcosson/workspace/henersj_shootingdata/calcs/moderate_deformed/primal/56_intervals_05-06-23/sweep9/interval12
nProcs : 1
sigFpe : Enabling floating point exception trapping (FOAM_SIGFPE).
fileModificationChecking : Monitoring run-time modified files using timeStampMaster
allowSystemOperations : Allowing user-supplied system call operations

// * * * * * * * * * * * * * * * * * * * * * * * * * * * * * * * * * * * * * //
Create time

Create mesh for time = 0.42

Selecting dynamicFvMesh dynamicMotionSolverFvMesh
Selecting motion solver: displacementLaplacian
Selecting motion diffusion: quadratic
Selecting motion diffusion: quadratic
Selecting motion diffusion: inverseDistance

PIMPLE: no residual control data found. Calculations will employ 3 corrector loops

Reading field p

Reading field U

Reading/calculating face flux field phi

Selecting incompressible transport model Newtonian
Selecting turbulence model type RASModel
Selecting RAS turbulence model kOmegaSST
kOmegaSSTCoeffs
{
    alphaK1         0.85034;
    alphaK2         1;
    alphaOmega1     0.5;
    alphaOmega2     0.85616;
    gamma1          0.5532;
    gamma2          0.4403;
    beta1           0.075;
    beta2           0.0828;
    betaStar        0.09;
    a1              0.31;
    c1              10;
    Cmu             0.09;
    b1              1;
    F3              false;
}

Reading/calculating face velocity Uf

No finite volume options present

Courant Number mean: 0.159369 max: 0.342004

Starting time loop

Courant Number mean: 0.159369 max: 0.342004
Time = 0.421

GAMG:  Solving for cellDisplacementx, Initial residual = 0, Final residual = 0, No Iterations 0
GAMG:  Solving for cellDisplacementy, Initial residual = 0, Final residual = 0, No Iterations 0
GAMG:  Solving for cellDisplacementz, Initial residual = 0, Final residual = 0, No Iterations 0
PIMPLE: iteration 1
DILUPBiCG:  Solving for Ux, Initial residual = 0.0635137, Final residual = 0.000220898, No Iterations 1
DILUPBiCG:  Solving for Uy, Initial residual = 0.0111032, Final residual = 2.13233e-05, No Iterations 1
DILUPBiCG:  Solving for Uz, Initial residual = 0.0240345, Final residual = 2.66152e-05, No Iterations 1
GAMG:  Solving for p, Initial residual = 0.132749, Final residual = 0.000905773, No Iterations 6
GAMG:  Solving for p, Initial residual = 0.0161907, Final residual = 0.000159463, No Iterations 16
GAMG:  Solving for p, Initial residual = 0.0071237, Final residual = 6.07602e-05, No Iterations 10
time step continuity errors : sum local = 8.80719e-07, global = -2.26483e-07, cumulative = -2.26483e-07
GAMG:  Solving for p, Initial residual = 0.0565777, Final residual = 0.000535442, No Iterations 4
GAMG:  Solving for p, Initial residual = 0.00810442, Final residual = 7.99381e-05, No Iterations 16
GAMG:  Solving for p, Initial residual = 0.00372593, Final residual = 3.37499e-05, No Iterations 10
time step continuity errors : sum local = 4.90201e-07, global = -1.26224e-07, cumulative = -3.52707e-07
PIMPLE: iteration 2
DILUPBiCG:  Solving for Ux, Initial residual = 0.0176764, Final residual = 9.14314e-05, No Iterations 1
DILUPBiCG:  Solving for Uy, Initial residual = 0.00305066, Final residual = 7.24721e-06, No Iterations 1
DILUPBiCG:  Solving for Uz, Initial residual = 0.00409256, Final residual = 1.79271e-05, No Iterations 1
GAMG:  Solving for p, Initial residual = 0.0575339, Final residual = 0.000427193, No Iterations 4
GAMG:  Solving for p, Initial residual = 0.00937558, Final residual = 9.19713e-05, No Iterations 14
GAMG:  Solving for p, Initial residual = 0.00435125, Final residual = 4.3103e-05, No Iterations 8
time step continuity errors : sum local = 5.37112e-07, global = 1.27433e-07, cumulative = -2.25274e-07
GAMG:  Solving for p, Initial residual = 0.0293966, Final residual = 0.000191559, No Iterations 4
GAMG:  Solving for p, Initial residual = 0.00473994, Final residual = 4.64428e-05, No Iterations 12
GAMG:  Solving for p, Initial residual = 0.00210652, Final residual = 1.78878e-05, No Iterations 10
time step continuity errors : sum local = 2.23741e-07, global = 5.6456e-08, cumulative = -1.68818e-07
PIMPLE: iteration 3
DILUPBiCG:  Solving for Ux, Initial residual = 0.00430734, Final residual = 1.5324e-06, No Iterations 2
DILUPBiCG:  Solving for Uy, Initial residual = 0.000767581, Final residual = 7.64449e-06, No Iterations 1
DILUPBiCG:  Solving for Uz, Initial residual = 0.00806398, Final residual = 2.85757e-06, No Iterations 2
GAMG:  Solving for p, Initial residual = 0.0396428, Final residual = 0.00031799, No Iterations 5
GAMG:  Solving for p, Initial residual = 0.00879666, Final residual = 7.85782e-05, No Iterations 13
GAMG:  Solving for p, Initial residual = 0.00426489, Final residual = 4.11619e-05, No Iterations 8
time step continuity errors : sum local = 5.77114e-07, global = 1.28539e-07, cumulative = -4.02794e-08
GAMG:  Solving for p, Initial residual = 0.00226249, Final residual = 2.20925e-05, No Iterations 14
GAMG:  Solving for p, Initial residual = 0.00123376, Final residual = 1.03796e-05, No Iterations 4
GAMG:  Solving for p, Initial residual = 0.000499126, Final residual = 9.43858e-07, No Iterations 28
time step continuity errors : sum local = 1.31382e-08, global = -3.88712e-09, cumulative = -4.41665e-08
DILUPBiCG:  Solving for omega, Initial residual = 0.000720043, Final residual = 7.11184e-07, No Iterations 1
DILUPBiCG:  Solving for k, Initial residual = 0.00418881, Final residual = 1.23795e-06, No Iterations 2
ExecutionTime = 17.44 s  ClockTime = 18 s

End

