/*---------------------------------------------------------------------------*\
| =========                 |                                                 |
| \\      /  F ield         | OpenFOAM: The Open Source CFD Toolbox           |
|  \\    /   O peration     | Version:  2.3.1                                 |
|   \\  /    A nd           | Web:      www.OpenFOAM.org                      |
|    \\/     M anipulation  |                                                 |
\*---------------------------------------------------------------------------*/
Build  : 2.3.1-262087cdf8db
Exec   : pimpleDyMFoam
Date   : Jun 05 2023
Time   : 18:14:36
Host   : "jcosson-VirtualBox"
PID    : 12646
Case   : /home/jcosson/workspace/henersj_shootingdata/calcs/moderate_deformed/primal/56_intervals_05-06-23/sweep9/interval43
nProcs : 1
sigFpe : Enabling floating point exception trapping (FOAM_SIGFPE).
fileModificationChecking : Monitoring run-time modified files using timeStampMaster
allowSystemOperations : Allowing user-supplied system call operations

// * * * * * * * * * * * * * * * * * * * * * * * * * * * * * * * * * * * * * //
Create time

Create mesh for time = 0.475

Selecting dynamicFvMesh dynamicMotionSolverFvMesh
Selecting motion solver: displacementLaplacian
Selecting motion diffusion: quadratic
Selecting motion diffusion: quadratic
Selecting motion diffusion: inverseDistance

PIMPLE: no residual control data found. Calculations will employ 3 corrector loops

Reading field p

Reading field U

Reading/calculating face flux field phi

Selecting incompressible transport model Newtonian
Selecting turbulence model type RASModel
Selecting RAS turbulence model kOmegaSST
kOmegaSSTCoeffs
{
    alphaK1         0.85034;
    alphaK2         1;
    alphaOmega1     0.5;
    alphaOmega2     0.85616;
    gamma1          0.5532;
    gamma2          0.4403;
    beta1           0.075;
    beta2           0.0828;
    betaStar        0.09;
    a1              0.31;
    c1              10;
    Cmu             0.09;
    b1              1;
    F3              false;
}

Reading/calculating face velocity Uf

No finite volume options present

Courant Number mean: 0.188959 max: 0.422828

Starting time loop

Courant Number mean: 0.188959 max: 0.422828
Time = 0.476

GAMG:  Solving for cellDisplacementx, Initial residual = 0, Final residual = 0, No Iterations 0
GAMG:  Solving for cellDisplacementy, Initial residual = 0, Final residual = 0, No Iterations 0
GAMG:  Solving for cellDisplacementz, Initial residual = 0, Final residual = 0, No Iterations 0
PIMPLE: iteration 1
DILUPBiCG:  Solving for Ux, Initial residual = 0.0587089, Final residual = 0.0002357, No Iterations 1
DILUPBiCG:  Solving for Uy, Initial residual = 0.00995676, Final residual = 2.25857e-05, No Iterations 1
DILUPBiCG:  Solving for Uz, Initial residual = 0.0154895, Final residual = 2.74931e-05, No Iterations 1
GAMG:  Solving for p, Initial residual = 0.125602, Final residual = 0.000905024, No Iterations 6
GAMG:  Solving for p, Initial residual = 0.0151956, Final residual = 0.000135449, No Iterations 18
GAMG:  Solving for p, Initial residual = 0.00664635, Final residual = 6.26745e-05, No Iterations 10
time step continuity errors : sum local = 9.56241e-07, global = 2.52112e-07, cumulative = 2.52112e-07
GAMG:  Solving for p, Initial residual = 0.0538506, Final residual = 0.000493161, No Iterations 4
GAMG:  Solving for p, Initial residual = 0.00763089, Final residual = 6.63753e-05, No Iterations 18
GAMG:  Solving for p, Initial residual = 0.00352389, Final residual = 3.09727e-05, No Iterations 10
time step continuity errors : sum local = 4.72759e-07, global = 1.24762e-07, cumulative = 3.76874e-07
PIMPLE: iteration 2
DILUPBiCG:  Solving for Ux, Initial residual = 0.0166016, Final residual = 9.92827e-05, No Iterations 1
DILUPBiCG:  Solving for Uy, Initial residual = 0.00297409, Final residual = 6.71971e-06, No Iterations 1
DILUPBiCG:  Solving for Uz, Initial residual = 0.00352235, Final residual = 1.30863e-05, No Iterations 1
GAMG:  Solving for p, Initial residual = 0.0538701, Final residual = 0.000478516, No Iterations 4
GAMG:  Solving for p, Initial residual = 0.00911133, Final residual = 8.49763e-05, No Iterations 16
GAMG:  Solving for p, Initial residual = 0.00404284, Final residual = 3.51234e-05, No Iterations 10
time step continuity errors : sum local = 4.58608e-07, global = -1.1817e-07, cumulative = 2.58704e-07
GAMG:  Solving for p, Initial residual = 0.0278044, Final residual = 0.000211774, No Iterations 4
GAMG:  Solving for p, Initial residual = 0.00455536, Final residual = 3.99533e-05, No Iterations 14
GAMG:  Solving for p, Initial residual = 0.00190775, Final residual = 1.70544e-05, No Iterations 10
time step continuity errors : sum local = 2.23747e-07, global = -5.67377e-08, cumulative = 2.01966e-07
PIMPLE: iteration 3
DILUPBiCG:  Solving for Ux, Initial residual = 0.0039574, Final residual = 2.39419e-06, No Iterations 2
DILUPBiCG:  Solving for Uy, Initial residual = 0.000725608, Final residual = 6.16802e-06, No Iterations 1
DILUPBiCG:  Solving for Uz, Initial residual = 0.00663599, Final residual = 3.40834e-06, No Iterations 2
GAMG:  Solving for p, Initial residual = 0.0404852, Final residual = 0.000348125, No Iterations 5
GAMG:  Solving for p, Initial residual = 0.00952553, Final residual = 8.57479e-05, No Iterations 7
GAMG:  Solving for p, Initial residual = 0.00435006, Final residual = 3.76677e-05, No Iterations 10
time step continuity errors : sum local = 5.52276e-07, global = -1.41533e-07, cumulative = 6.04331e-08
GAMG:  Solving for p, Initial residual = 0.00243907, Final residual = 2.13451e-05, No Iterations 18
GAMG:  Solving for p, Initial residual = 0.0013391, Final residual = 1.15681e-05, No Iterations 4
GAMG:  Solving for p, Initial residual = 0.000534639, Final residual = 9.81238e-07, No Iterations 32
time step continuity errors : sum local = 1.43087e-08, global = 4.21936e-09, cumulative = 6.46525e-08
DILUPBiCG:  Solving for omega, Initial residual = 0.000853982, Final residual = 8.97839e-07, No Iterations 1
DILUPBiCG:  Solving for k, Initial residual = 0.00436594, Final residual = 1.27564e-06, No Iterations 2
ExecutionTime = 16.27 s  ClockTime = 16 s

Courant Number mean: 0.183272 max: 0.410662
Time = 0.477

GAMG:  Solving for cellDisplacementx, Initial residual = 0, Final residual = 0, No Iterations 0
GAMG:  Solving for cellDisplacementy, Initial residual = 0, Final residual = 0, No Iterations 0
GAMG:  Solving for cellDisplacementz, Initial residual = 0, Final residual = 0, No Iterations 0
PIMPLE: iteration 1
DILUPBiCG:  Solving for Ux, Initial residual = 0.0599646, Final residual = 0.000239839, No Iterations 1
DILUPBiCG:  Solving for Uy, Initial residual = 0.0103102, Final residual = 2.31784e-05, No Iterations 1
DILUPBiCG:  Solving for Uz, Initial residual = 0.015764, Final residual = 2.96626e-05, No Iterations 1
GAMG:  Solving for p, Initial residual = 0.117088, Final residual = 0.000895792, No Iterations 6
GAMG:  Solving for p, Initial residual = 0.0134696, Final residual = 0.000120111, No Iterations 20
GAMG:  Solving for p, Initial residual = 0.00618358, Final residual = 5.50373e-05, No Iterations 10
time step continuity errors : sum local = 8.44718e-07, global = 2.19928e-07, cumulative = 2.8458e-07
GAMG:  Solving for p, Initial residual = 0.0502181, Final residual = 0.000313157, No Iterations 6
GAMG:  Solving for p, Initial residual = 0.00677428, Final residual = 5.92462e-05, No Iterations 18
GAMG:  Solving for p, Initial residual = 0.00318182, Final residual = 2.79431e-05, No Iterations 10
time step continuity errors : sum local = 4.2949e-07, global = 1.11837e-07, cumulative = 3.96417e-07
PIMPLE: iteration 2
DILUPBiCG:  Solving for Ux, Initial residual = 0.0169143, Final residual = 0.000101355, No Iterations 1
DILUPBiCG:  Solving for Uy, Initial residual = 0.00305336, Final residual = 6.84054e-06, No Iterations 1
DILUPBiCG:  Solving for Uz, Initial residual = 0.00340079, Final residual = 1.25588e-05, No Iterations 1
GAMG:  Solving for p, Initial residual = 0.0496672, Final residual = 0.000481443, No Iterations 4
GAMG:  Solving for p, Initial residual = 0.00811788, Final residual = 7.5657e-05, No Iterations 18
GAMG:  Solving for p, Initial residual = 0.00379403, Final residual = 3.53001e-05, No Iterations 8
time step continuity errors : sum local = 4.64784e-07, global = -1.57904e-07, cumulative = 2.38513e-07
GAMG:  Solving for p, Initial residual = 0.0255878, Final residual = 0.000212507, No Iterations 4
GAMG:  Solving for p, Initial residual = 0.00403459, Final residual = 3.52796e-05, No Iterations 16
GAMG:  Solving for p, Initial residual = 0.00177509, Final residual = 1.68903e-05, No Iterations 8
time step continuity errors : sum local = 2.2366e-07, global = -6.7272e-08, cumulative = 1.71241e-07
PIMPLE: iteration 3
DILUPBiCG:  Solving for Ux, Initial residual = 0.00403905, Final residual = 2.52382e-06, No Iterations 2
DILUPBiCG:  Solving for Uy, Initial residual = 0.000741876, Final residual = 6.06176e-06, No Iterations 1
DILUPBiCG:  Solving for Uz, Initial residual = 0.00812529, Final residual = 3.24874e-06, No Iterations 2
GAMG:  Solving for p, Initial residual = 0.0399467, Final residual = 0.000352816, No Iterations 5
GAMG:  Solving for p, Initial residual = 0.00924455, Final residual = 7.36365e-05, No Iterations 9
GAMG:  Solving for p, Initial residual = 0.00431777, Final residual = 4.2834e-05, No Iterations 4
time step continuity errors : sum local = 6.33728e-07, global = -2.02704e-07, cumulative = -3.14632e-08
GAMG:  Solving for p, Initial residual = 0.00234755, Final residual = 2.15241e-05, No Iterations 16
GAMG:  Solving for p, Initial residual = 0.00127325, Final residual = 1.0917e-05, No Iterations 4
GAMG:  Solving for p, Initial residual = 0.000526852, Final residual = 9.44554e-07, No Iterations 26
time step continuity errors : sum local = 1.39029e-08, global = 4.09612e-09, cumulative = -2.73671e-08
DILUPBiCG:  Solving for omega, Initial residual = 0.000881317, Final residual = 8.77772e-07, No Iterations 1
DILUPBiCG:  Solving for k, Initial residual = 0.00432932, Final residual = 1.18737e-06, No Iterations 2
bounding k, min: 0 max: 0.000802502 average: 0.000170191
ExecutionTime = 30.25 s  ClockTime = 30 s

End

