/*---------------------------------------------------------------------------*\
| =========                 |                                                 |
| \\      /  F ield         | OpenFOAM: The Open Source CFD Toolbox           |
|  \\    /   O peration     | Version:  2.3.1                                 |
|   \\  /    A nd           | Web:      www.OpenFOAM.org                      |
|    \\/     M anipulation  |                                                 |
\*---------------------------------------------------------------------------*/
Build  : 2.3.1-262087cdf8db
Exec   : pimpleDyMFoam
Date   : Jun 06 2023
Time   : 02:15:25
Host   : "jcosson-VirtualBox"
PID    : 25509
Case   : /home/jcosson/workspace/henersj_shootingdata/calcs/moderate_deformed/primal/100_intervals_05-06-23/sweep56/interval73
nProcs : 1
sigFpe : Enabling floating point exception trapping (FOAM_SIGFPE).
fileModificationChecking : Monitoring run-time modified files using timeStampMaster
allowSystemOperations : Allowing user-supplied system call operations

// * * * * * * * * * * * * * * * * * * * * * * * * * * * * * * * * * * * * * //
Create time

Create mesh for time = 0.472

Selecting dynamicFvMesh dynamicMotionSolverFvMesh
Selecting motion solver: displacementLaplacian
Selecting motion diffusion: quadratic
Selecting motion diffusion: quadratic
Selecting motion diffusion: inverseDistance

PIMPLE: no residual control data found. Calculations will employ 3 corrector loops

Reading field p

Reading field U

Reading/calculating face flux field phi

Selecting incompressible transport model Newtonian
Selecting turbulence model type RASModel
Selecting RAS turbulence model kOmegaSST
kOmegaSSTCoeffs
{
    alphaK1         0.85034;
    alphaK2         1;
    alphaOmega1     0.5;
    alphaOmega2     0.85616;
    gamma1          0.5532;
    gamma2          0.4403;
    beta1           0.075;
    beta2           0.0828;
    betaStar        0.09;
    a1              0.31;
    c1              10;
    Cmu             0.09;
    b1              1;
    F3              false;
}

Reading/calculating face velocity Uf

No finite volume options present

Courant Number mean: 0.206042 max: 0.456461

Starting time loop

Courant Number mean: 0.206042 max: 0.456461
Time = 0.473

GAMG:  Solving for cellDisplacementx, Initial residual = 0, Final residual = 0, No Iterations 0
GAMG:  Solving for cellDisplacementy, Initial residual = 0, Final residual = 0, No Iterations 0
GAMG:  Solving for cellDisplacementz, Initial residual = 0, Final residual = 0, No Iterations 0
PIMPLE: iteration 1
DILUPBiCG:  Solving for Ux, Initial residual = 0.0534378, Final residual = 0.00022093, No Iterations 1
DILUPBiCG:  Solving for Uy, Initial residual = 0.00884367, Final residual = 2.03986e-05, No Iterations 1
DILUPBiCG:  Solving for Uz, Initial residual = 0.0123124, Final residual = 2.74592e-05, No Iterations 1
GAMG:  Solving for p, Initial residual = 0.126867, Final residual = 0.000970391, No Iterations 6
GAMG:  Solving for p, Initial residual = 0.0146814, Final residual = 0.000144133, No Iterations 18
GAMG:  Solving for p, Initial residual = 0.00642824, Final residual = 5.73165e-05, No Iterations 12
time step continuity errors : sum local = 8.50728e-07, global = 2.56075e-07, cumulative = 2.56075e-07
GAMG:  Solving for p, Initial residual = 0.0539005, Final residual = 0.000329464, No Iterations 6
GAMG:  Solving for p, Initial residual = 0.00742648, Final residual = 6.91539e-05, No Iterations 16
GAMG:  Solving for p, Initial residual = 0.00333476, Final residual = 2.85443e-05, No Iterations 12
time step continuity errors : sum local = 4.23628e-07, global = 1.26743e-07, cumulative = 3.82817e-07
PIMPLE: iteration 2
DILUPBiCG:  Solving for Ux, Initial residual = 0.0154442, Final residual = 9.10446e-05, No Iterations 1
DILUPBiCG:  Solving for Uy, Initial residual = 0.00269575, Final residual = 6.14012e-06, No Iterations 1
DILUPBiCG:  Solving for Uz, Initial residual = 0.00353585, Final residual = 1.25114e-05, No Iterations 1
GAMG:  Solving for p, Initial residual = 0.0541745, Final residual = 0.000476201, No Iterations 4
GAMG:  Solving for p, Initial residual = 0.00884765, Final residual = 8.52148e-05, No Iterations 16
GAMG:  Solving for p, Initial residual = 0.00403451, Final residual = 3.99686e-05, No Iterations 8
time step continuity errors : sum local = 5.0596e-07, global = -1.49305e-07, cumulative = 2.33512e-07
GAMG:  Solving for p, Initial residual = 0.0278737, Final residual = 0.00020865, No Iterations 4
GAMG:  Solving for p, Initial residual = 0.00441056, Final residual = 3.94639e-05, No Iterations 14
GAMG:  Solving for p, Initial residual = 0.00189439, Final residual = 1.70693e-05, No Iterations 10
time step continuity errors : sum local = 2.17238e-07, global = -5.72168e-08, cumulative = 1.76295e-07
PIMPLE: iteration 3
DILUPBiCG:  Solving for Ux, Initial residual = 0.00378465, Final residual = 2.06615e-06, No Iterations 2
DILUPBiCG:  Solving for Uy, Initial residual = 0.000660924, Final residual = 6.63252e-06, No Iterations 1
DILUPBiCG:  Solving for Uz, Initial residual = 0.0072539, Final residual = 3.22673e-06, No Iterations 2
GAMG:  Solving for p, Initial residual = 0.0403789, Final residual = 0.000338082, No Iterations 5
GAMG:  Solving for p, Initial residual = 0.00908282, Final residual = 7.989e-05, No Iterations 13
GAMG:  Solving for p, Initial residual = 0.00437261, Final residual = 3.81888e-05, No Iterations 10
time step continuity errors : sum local = 5.42897e-07, global = -1.41116e-07, cumulative = 3.51791e-08
GAMG:  Solving for p, Initial residual = 0.00242848, Final residual = 2.29021e-05, No Iterations 18
GAMG:  Solving for p, Initial residual = 0.00134048, Final residual = 1.21494e-05, No Iterations 4
GAMG:  Solving for p, Initial residual = 0.0005387, Final residual = 9.81468e-07, No Iterations 34
time step continuity errors : sum local = 1.38844e-08, global = 4.0772e-09, cumulative = 3.92563e-08
DILUPBiCG:  Solving for omega, Initial residual = 0.000544292, Final residual = 6.08693e-07, No Iterations 1
DILUPBiCG:  Solving for k, Initial residual = 0.00446274, Final residual = 1.65187e-06, No Iterations 2
ExecutionTime = 17.9 s  ClockTime = 18 s

End

