/*---------------------------------------------------------------------------*\
| =========                 |                                                 |
| \\      /  F ield         | OpenFOAM: The Open Source CFD Toolbox           |
|  \\    /   O peration     | Version:  2.3.1                                 |
|   \\  /    A nd           | Web:      www.OpenFOAM.org                      |
|    \\/     M anipulation  |                                                 |
\*---------------------------------------------------------------------------*/
Build  : 2.3.1-262087cdf8db
Exec   : pimpleDyMFoam
Date   : Jun 06 2023
Time   : 02:15:43
Host   : "jcosson-VirtualBox"
PID    : 25537
Case   : /home/jcosson/workspace/henersj_shootingdata/calcs/moderate_deformed/primal/100_intervals_05-06-23/sweep56/interval87
nProcs : 1
sigFpe : Enabling floating point exception trapping (FOAM_SIGFPE).
fileModificationChecking : Monitoring run-time modified files using timeStampMaster
allowSystemOperations : Allowing user-supplied system call operations

// * * * * * * * * * * * * * * * * * * * * * * * * * * * * * * * * * * * * * //
Create time

Create mesh for time = 0.486

Selecting dynamicFvMesh dynamicMotionSolverFvMesh
Selecting motion solver: displacementLaplacian
Selecting motion diffusion: quadratic
Selecting motion diffusion: quadratic
Selecting motion diffusion: inverseDistance

PIMPLE: no residual control data found. Calculations will employ 3 corrector loops

Reading field p

Reading field U

Reading/calculating face flux field phi

Selecting incompressible transport model Newtonian
Selecting turbulence model type RASModel
Selecting RAS turbulence model kOmegaSST
bounding k, min: 0 max: 0.000656572 average: 0.00015352
kOmegaSSTCoeffs
{
    alphaK1         0.85034;
    alphaK2         1;
    alphaOmega1     0.5;
    alphaOmega2     0.85616;
    gamma1          0.5532;
    gamma2          0.4403;
    beta1           0.075;
    beta2           0.0828;
    betaStar        0.09;
    a1              0.31;
    c1              10;
    Cmu             0.09;
    b1              1;
    F3              false;
}

Reading/calculating face velocity Uf

No finite volume options present

Courant Number mean: 0.131404 max: 0.287881

Starting time loop

Courant Number mean: 0.131404 max: 0.287881
Time = 0.487

GAMG:  Solving for cellDisplacementx, Initial residual = 0, Final residual = 0, No Iterations 0
GAMG:  Solving for cellDisplacementy, Initial residual = 0, Final residual = 0, No Iterations 0
GAMG:  Solving for cellDisplacementz, Initial residual = 0, Final residual = 0, No Iterations 0
PIMPLE: iteration 1
DILUPBiCG:  Solving for Ux, Initial residual = 0.061324, Final residual = 0.000236132, No Iterations 1
DILUPBiCG:  Solving for Uy, Initial residual = 0.0117606, Final residual = 2.4179e-05, No Iterations 1
DILUPBiCG:  Solving for Uz, Initial residual = 0.013109, Final residual = 1.32642e-05, No Iterations 1
GAMG:  Solving for p, Initial residual = 0.117605, Final residual = 0.00088472, No Iterations 4
GAMG:  Solving for p, Initial residual = 0.0154366, Final residual = 0.000135264, No Iterations 18
GAMG:  Solving for p, Initial residual = 0.00730414, Final residual = 5.70915e-05, No Iterations 4
time step continuity errors : sum local = 7.31309e-07, global = 2.57311e-07, cumulative = 2.57311e-07
GAMG:  Solving for p, Initial residual = 0.0524995, Final residual = 0.000368545, No Iterations 4
GAMG:  Solving for p, Initial residual = 0.00766484, Final residual = 6.75965e-05, No Iterations 16
GAMG:  Solving for p, Initial residual = 0.0036697, Final residual = 3.14738e-05, No Iterations 4
time step continuity errors : sum local = 4.05087e-07, global = 1.48588e-07, cumulative = 4.05899e-07
PIMPLE: iteration 2
DILUPBiCG:  Solving for Ux, Initial residual = 0.0161158, Final residual = 9.63553e-05, No Iterations 1
DILUPBiCG:  Solving for Uy, Initial residual = 0.00322315, Final residual = 6.54737e-06, No Iterations 1
DILUPBiCG:  Solving for Uz, Initial residual = 0.00273588, Final residual = 9.02037e-06, No Iterations 1
GAMG:  Solving for p, Initial residual = 0.0516585, Final residual = 0.000491866, No Iterations 4
GAMG:  Solving for p, Initial residual = 0.00979307, Final residual = 8.78433e-05, No Iterations 16
GAMG:  Solving for p, Initial residual = 0.00424659, Final residual = 4.19439e-05, No Iterations 8
time step continuity errors : sum local = 4.69181e-07, global = -1.02476e-07, cumulative = 3.03424e-07
GAMG:  Solving for p, Initial residual = 0.0268845, Final residual = 0.000227293, No Iterations 4
GAMG:  Solving for p, Initial residual = 0.00499901, Final residual = 4.43826e-05, No Iterations 14
GAMG:  Solving for p, Initial residual = 0.0020193, Final residual = 1.74822e-05, No Iterations 10
time step continuity errors : sum local = 1.96215e-07, global = -4.98907e-08, cumulative = 2.53533e-07
PIMPLE: iteration 3
DILUPBiCG:  Solving for Ux, Initial residual = 0.0035105, Final residual = 2.9583e-06, No Iterations 2
DILUPBiCG:  Solving for Uy, Initial residual = 0.000741412, Final residual = 4.85125e-06, No Iterations 1
DILUPBiCG:  Solving for Uz, Initial residual = 0.00510618, Final residual = 2.29763e-06, No Iterations 2
GAMG:  Solving for p, Initial residual = 0.0442568, Final residual = 0.000325711, No Iterations 5
GAMG:  Solving for p, Initial residual = 0.0100274, Final residual = 9.06127e-05, No Iterations 14
GAMG:  Solving for p, Initial residual = 0.00505452, Final residual = 4.69114e-05, No Iterations 10
time step continuity errors : sum local = 5.88142e-07, global = -1.5509e-07, cumulative = 9.84432e-08
GAMG:  Solving for p, Initial residual = 0.00248795, Final residual = 2.45319e-05, No Iterations 7
GAMG:  Solving for p, Initial residual = 0.00133334, Final residual = 1.02311e-05, No Iterations 6
GAMG:  Solving for p, Initial residual = 0.000551304, Final residual = 8.54915e-07, No Iterations 30
time step continuity errors : sum local = 1.06018e-08, global = 3.19814e-09, cumulative = 1.01641e-07
DILUPBiCG:  Solving for omega, Initial residual = 0.00108206, Final residual = 7.35163e-07, No Iterations 1
DILUPBiCG:  Solving for k, Initial residual = 0.00360487, Final residual = 6.76168e-07, No Iterations 2
bounding k, min: 0 max: 0.00064311 average: 0.000152598
ExecutionTime = 16.16 s  ClockTime = 16 s

End

