/*---------------------------------------------------------------------------*\
| =========                 |                                                 |
| \\      /  F ield         | OpenFOAM: The Open Source CFD Toolbox           |
|  \\    /   O peration     | Version:  2.3.1                                 |
|   \\  /    A nd           | Web:      www.OpenFOAM.org                      |
|    \\/     M anipulation  |                                                 |
\*---------------------------------------------------------------------------*/
Build  : 2.3.1-262087cdf8db
Exec   : pimpleDyMFoam
Date   : Jun 06 2023
Time   : 02:15:07
Host   : "jcosson-VirtualBox"
PID    : 25497
Case   : /home/jcosson/workspace/henersj_shootingdata/calcs/moderate_deformed/primal/100_intervals_05-06-23/sweep56/interval68
nProcs : 1
sigFpe : Enabling floating point exception trapping (FOAM_SIGFPE).
fileModificationChecking : Monitoring run-time modified files using timeStampMaster
allowSystemOperations : Allowing user-supplied system call operations

// * * * * * * * * * * * * * * * * * * * * * * * * * * * * * * * * * * * * * //
Create time

Create mesh for time = 0.467

Selecting dynamicFvMesh dynamicMotionSolverFvMesh
Selecting motion solver: displacementLaplacian
Selecting motion diffusion: quadratic
Selecting motion diffusion: quadratic
Selecting motion diffusion: inverseDistance

PIMPLE: no residual control data found. Calculations will employ 3 corrector loops

Reading field p

Reading field U

Reading/calculating face flux field phi

Selecting incompressible transport model Newtonian
Selecting turbulence model type RASModel
Selecting RAS turbulence model kOmegaSST
kOmegaSSTCoeffs
{
    alphaK1         0.85034;
    alphaK2         1;
    alphaOmega1     0.5;
    alphaOmega2     0.85616;
    gamma1          0.5532;
    gamma2          0.4403;
    beta1           0.075;
    beta2           0.0828;
    betaStar        0.09;
    a1              0.31;
    c1              10;
    Cmu             0.09;
    b1              1;
    F3              false;
}

Reading/calculating face velocity Uf

No finite volume options present

Courant Number mean: 0.232776 max: 0.517329

Starting time loop

Courant Number mean: 0.232776 max: 0.517329
Time = 0.468

GAMG:  Solving for cellDisplacementx, Initial residual = 0, Final residual = 0, No Iterations 0
GAMG:  Solving for cellDisplacementy, Initial residual = 0, Final residual = 0, No Iterations 0
GAMG:  Solving for cellDisplacementz, Initial residual = 0, Final residual = 0, No Iterations 0
PIMPLE: iteration 1
DILUPBiCG:  Solving for Ux, Initial residual = 0.0423884, Final residual = 0.000175691, No Iterations 1
DILUPBiCG:  Solving for Uy, Initial residual = 0.00684598, Final residual = 1.6168e-05, No Iterations 1
DILUPBiCG:  Solving for Uz, Initial residual = 0.0133744, Final residual = 3.12987e-05, No Iterations 1
GAMG:  Solving for p, Initial residual = 0.135338, Final residual = 0.00110533, No Iterations 6
GAMG:  Solving for p, Initial residual = 0.0157977, Final residual = 0.000157544, No Iterations 18
GAMG:  Solving for p, Initial residual = 0.00676785, Final residual = 6.22808e-05, No Iterations 12
time step continuity errors : sum local = 8.08628e-07, global = 2.43488e-07, cumulative = 2.43488e-07
GAMG:  Solving for p, Initial residual = 0.0564988, Final residual = 0.000365778, No Iterations 6
GAMG:  Solving for p, Initial residual = 0.00796174, Final residual = 7.51521e-05, No Iterations 16
GAMG:  Solving for p, Initial residual = 0.00352166, Final residual = 3.08068e-05, No Iterations 12
time step continuity errors : sum local = 3.99142e-07, global = 1.19377e-07, cumulative = 3.62865e-07
PIMPLE: iteration 2
DILUPBiCG:  Solving for Ux, Initial residual = 0.0126604, Final residual = 7.0453e-05, No Iterations 1
DILUPBiCG:  Solving for Uy, Initial residual = 0.00215466, Final residual = 5.13989e-06, No Iterations 1
DILUPBiCG:  Solving for Uz, Initial residual = 0.00377008, Final residual = 1.20402e-05, No Iterations 1
GAMG:  Solving for p, Initial residual = 0.0573117, Final residual = 0.000464586, No Iterations 4
GAMG:  Solving for p, Initial residual = 0.00935442, Final residual = 8.37956e-05, No Iterations 16
GAMG:  Solving for p, Initial residual = 0.00428515, Final residual = 3.90857e-05, No Iterations 8
time step continuity errors : sum local = 4.29339e-07, global = -1.36169e-07, cumulative = 2.26696e-07
GAMG:  Solving for p, Initial residual = 0.0293061, Final residual = 0.000199222, No Iterations 4
GAMG:  Solving for p, Initial residual = 0.00459587, Final residual = 4.56079e-05, No Iterations 12
GAMG:  Solving for p, Initial residual = 0.00199702, Final residual = 1.91926e-05, No Iterations 10
time step continuity errors : sum local = 2.12105e-07, global = -5.51243e-08, cumulative = 1.71572e-07
PIMPLE: iteration 3
DILUPBiCG:  Solving for Ux, Initial residual = 0.00323191, Final residual = 1.23949e-06, No Iterations 2
DILUPBiCG:  Solving for Uy, Initial residual = 0.000548016, Final residual = 7.05575e-06, No Iterations 1
DILUPBiCG:  Solving for Uz, Initial residual = 0.00680353, Final residual = 2.27146e-06, No Iterations 2
GAMG:  Solving for p, Initial residual = 0.0404664, Final residual = 0.00032554, No Iterations 5
GAMG:  Solving for p, Initial residual = 0.00913864, Final residual = 8.03308e-05, No Iterations 15
GAMG:  Solving for p, Initial residual = 0.00439162, Final residual = 3.59175e-05, No Iterations 10
time step continuity errors : sum local = 4.42126e-07, global = -1.15064e-07, cumulative = 5.65085e-08
GAMG:  Solving for p, Initial residual = 0.00255956, Final residual = 2.34544e-05, No Iterations 20
GAMG:  Solving for p, Initial residual = 0.00143848, Final residual = 1.28664e-05, No Iterations 4
GAMG:  Solving for p, Initial residual = 0.00056269, Final residual = 9.71012e-07, No Iterations 36
time step continuity errors : sum local = 1.19188e-08, global = 3.51164e-09, cumulative = 6.00202e-08
DILUPBiCG:  Solving for omega, Initial residual = 0.000472149, Final residual = 7.63888e-07, No Iterations 1
DILUPBiCG:  Solving for k, Initial residual = 0.00484547, Final residual = 1.65104e-06, No Iterations 2
ExecutionTime = 18.36 s  ClockTime = 19 s

End

