/*---------------------------------------------------------------------------*\
| =========                 |                                                 |
| \\      /  F ield         | OpenFOAM: The Open Source CFD Toolbox           |
|  \\    /   O peration     | Version:  2.3.1                                 |
|   \\  /    A nd           | Web:      www.OpenFOAM.org                      |
|    \\/     M anipulation  |                                                 |
\*---------------------------------------------------------------------------*/
Build  : 2.3.1-262087cdf8db
Exec   : pimpleDyMFoam
Date   : Jun 06 2023
Time   : 01:57:35
Host   : "jcosson-VirtualBox"
PID    : 16522
Case   : /home/jcosson/workspace/henersj_shootingdata/calcs/moderate_deformed/primal/100_intervals_05-06-23/sweep48/interval65
nProcs : 1
sigFpe : Enabling floating point exception trapping (FOAM_SIGFPE).
fileModificationChecking : Monitoring run-time modified files using timeStampMaster
allowSystemOperations : Allowing user-supplied system call operations

// * * * * * * * * * * * * * * * * * * * * * * * * * * * * * * * * * * * * * //
Create time

Create mesh for time = 0.464

Selecting dynamicFvMesh dynamicMotionSolverFvMesh
Selecting motion solver: displacementLaplacian
Selecting motion diffusion: quadratic
Selecting motion diffusion: quadratic
Selecting motion diffusion: inverseDistance

PIMPLE: no residual control data found. Calculations will employ 3 corrector loops

Reading field p

Reading field U

Reading/calculating face flux field phi

Selecting incompressible transport model Newtonian
Selecting turbulence model type RASModel
Selecting RAS turbulence model kOmegaSST
kOmegaSSTCoeffs
{
    alphaK1         0.85034;
    alphaK2         1;
    alphaOmega1     0.5;
    alphaOmega2     0.85616;
    gamma1          0.5532;
    gamma2          0.4403;
    beta1           0.075;
    beta2           0.0828;
    betaStar        0.09;
    a1              0.31;
    c1              10;
    Cmu             0.09;
    b1              1;
    F3              false;
}

Reading/calculating face velocity Uf

No finite volume options present

Courant Number mean: 0.246933 max: 0.548799

Starting time loop

Courant Number mean: 0.246933 max: 0.548799
Time = 0.465

GAMG:  Solving for cellDisplacementx, Initial residual = 0, Final residual = 0, No Iterations 0
GAMG:  Solving for cellDisplacementy, Initial residual = 0, Final residual = 0, No Iterations 0
GAMG:  Solving for cellDisplacementz, Initial residual = 0, Final residual = 0, No Iterations 0
PIMPLE: iteration 1
DILUPBiCG:  Solving for Ux, Initial residual = 0.0350191, Final residual = 0.000144803, No Iterations 1
DILUPBiCG:  Solving for Uy, Initial residual = 0.00560485, Final residual = 1.32701e-05, No Iterations 1
DILUPBiCG:  Solving for Uz, Initial residual = 0.0138328, Final residual = 3.35021e-05, No Iterations 1
GAMG:  Solving for p, Initial residual = 0.142969, Final residual = 0.00119861, No Iterations 6
GAMG:  Solving for p, Initial residual = 0.0169758, Final residual = 0.000166521, No Iterations 18
GAMG:  Solving for p, Initial residual = 0.00714692, Final residual = 6.53915e-05, No Iterations 12
time step continuity errors : sum local = 7.41591e-07, global = 2.23054e-07, cumulative = 2.23054e-07
GAMG:  Solving for p, Initial residual = 0.0589641, Final residual = 0.000389871, No Iterations 6
GAMG:  Solving for p, Initial residual = 0.00852349, Final residual = 7.89914e-05, No Iterations 16
GAMG:  Solving for p, Initial residual = 0.00372243, Final residual = 3.19333e-05, No Iterations 12
time step continuity errors : sum local = 3.60909e-07, global = 1.07696e-07, cumulative = 3.3075e-07
PIMPLE: iteration 2
DILUPBiCG:  Solving for Ux, Initial residual = 0.0106856, Final residual = 5.68965e-05, No Iterations 1
DILUPBiCG:  Solving for Uy, Initial residual = 0.00179981, Final residual = 4.49298e-06, No Iterations 1
DILUPBiCG:  Solving for Uz, Initial residual = 0.00385935, Final residual = 1.18375e-05, No Iterations 1
GAMG:  Solving for p, Initial residual = 0.0601487, Final residual = 0.000448353, No Iterations 4
GAMG:  Solving for p, Initial residual = 0.00986629, Final residual = 9.73099e-05, No Iterations 14
GAMG:  Solving for p, Initial residual = 0.00452219, Final residual = 4.48438e-05, No Iterations 8
time step continuity errors : sum local = 4.29065e-07, global = -1.27066e-07, cumulative = 2.03685e-07
GAMG:  Solving for p, Initial residual = 0.0305978, Final residual = 0.000191386, No Iterations 4
GAMG:  Solving for p, Initial residual = 0.00481733, Final residual = 4.49217e-05, No Iterations 12
GAMG:  Solving for p, Initial residual = 0.00212687, Final residual = 2.06702e-05, No Iterations 8
time step continuity errors : sum local = 1.98804e-07, global = -5.65934e-08, cumulative = 1.47091e-07
PIMPLE: iteration 3
DILUPBiCG:  Solving for Ux, Initial residual = 0.00280598, Final residual = 9.20455e-07, No Iterations 2
DILUPBiCG:  Solving for Uy, Initial residual = 0.000470079, Final residual = 7.07133e-06, No Iterations 1
DILUPBiCG:  Solving for Uz, Initial residual = 0.00622726, Final residual = 1.73833e-06, No Iterations 2
GAMG:  Solving for p, Initial residual = 0.041042, Final residual = 0.00033502, No Iterations 5
GAMG:  Solving for p, Initial residual = 0.00935671, Final residual = 8.54497e-05, No Iterations 15
GAMG:  Solving for p, Initial residual = 0.00444563, Final residual = 3.83927e-05, No Iterations 10
time step continuity errors : sum local = 4.1051e-07, global = -1.07061e-07, cumulative = 4.00304e-08
GAMG:  Solving for p, Initial residual = 0.00269934, Final residual = 2.39587e-05, No Iterations 20
GAMG:  Solving for p, Initial residual = 0.00153296, Final residual = 1.33565e-05, No Iterations 4
GAMG:  Solving for p, Initial residual = 0.000589152, Final residual = 8.67192e-07, No Iterations 38
time step continuity errors : sum local = 9.25452e-09, global = 2.74112e-09, cumulative = 4.27715e-08
DILUPBiCG:  Solving for omega, Initial residual = 0.000503346, Final residual = 1.33671e-06, No Iterations 1
DILUPBiCG:  Solving for k, Initial residual = 0.00494082, Final residual = 1.56817e-06, No Iterations 2
ExecutionTime = 17.89 s  ClockTime = 18 s

End

