/*---------------------------------------------------------------------------*\
| =========                 |                                                 |
| \\      /  F ield         | OpenFOAM: The Open Source CFD Toolbox           |
|  \\    /   O peration     | Version:  2.3.1                                 |
|   \\  /    A nd           | Web:      www.OpenFOAM.org                      |
|    \\/     M anipulation  |                                                 |
\*---------------------------------------------------------------------------*/
Build  : 2.3.1-262087cdf8db
Exec   : pimpleDyMFoam
Date   : Jun 06 2023
Time   : 01:58:11
Host   : "jcosson-VirtualBox"
PID    : 16577
Case   : /home/jcosson/workspace/henersj_shootingdata/calcs/moderate_deformed/primal/100_intervals_05-06-23/sweep48/interval92
nProcs : 1
sigFpe : Enabling floating point exception trapping (FOAM_SIGFPE).
fileModificationChecking : Monitoring run-time modified files using timeStampMaster
allowSystemOperations : Allowing user-supplied system call operations

// * * * * * * * * * * * * * * * * * * * * * * * * * * * * * * * * * * * * * //
Create time

Create mesh for time = 0.491

Selecting dynamicFvMesh dynamicMotionSolverFvMesh
Selecting motion solver: displacementLaplacian
Selecting motion diffusion: quadratic
Selecting motion diffusion: quadratic
Selecting motion diffusion: inverseDistance

PIMPLE: no residual control data found. Calculations will employ 3 corrector loops

Reading field p

Reading field U

Reading/calculating face flux field phi

Selecting incompressible transport model Newtonian
Selecting turbulence model type RASModel
Selecting RAS turbulence model kOmegaSST
bounding k, min: 0 max: 0.000600919 average: 0.000150994
kOmegaSSTCoeffs
{
    alphaK1         0.85034;
    alphaK2         1;
    alphaOmega1     0.5;
    alphaOmega2     0.85616;
    gamma1          0.5532;
    gamma2          0.4403;
    beta1           0.075;
    beta2           0.0828;
    betaStar        0.09;
    a1              0.31;
    c1              10;
    Cmu             0.09;
    b1              1;
    F3              false;
}

Reading/calculating face velocity Uf

No finite volume options present

Courant Number mean: 0.112872 max: 0.256135

Starting time loop

Courant Number mean: 0.112872 max: 0.256135
Time = 0.492

GAMG:  Solving for cellDisplacementx, Initial residual = 0, Final residual = 0, No Iterations 0
GAMG:  Solving for cellDisplacementy, Initial residual = 0, Final residual = 0, No Iterations 0
GAMG:  Solving for cellDisplacementz, Initial residual = 0, Final residual = 0, No Iterations 0
PIMPLE: iteration 1
DILUPBiCG:  Solving for Ux, Initial residual = 0.0482497, Final residual = 0.000179008, No Iterations 1
DILUPBiCG:  Solving for Uy, Initial residual = 0.00991089, Final residual = 1.95728e-05, No Iterations 1
DILUPBiCG:  Solving for Uz, Initial residual = 0.0114445, Final residual = 1.13056e-05, No Iterations 1
GAMG:  Solving for p, Initial residual = 0.110739, Final residual = 0.000638096, No Iterations 4
GAMG:  Solving for p, Initial residual = 0.0153282, Final residual = 0.000133875, No Iterations 16
GAMG:  Solving for p, Initial residual = 0.00734582, Final residual = 4.87575e-05, No Iterations 5
time step continuity errors : sum local = 4.58389e-07, global = -1.40807e-07, cumulative = -1.40807e-07
GAMG:  Solving for p, Initial residual = 0.0506796, Final residual = 0.000269078, No Iterations 4
GAMG:  Solving for p, Initial residual = 0.00753234, Final residual = 6.79294e-05, No Iterations 14
GAMG:  Solving for p, Initial residual = 0.0036973, Final residual = 3.4378e-05, No Iterations 4
time step continuity errors : sum local = 3.25259e-07, global = 1.12178e-07, cumulative = -2.86295e-08
PIMPLE: iteration 2
DILUPBiCG:  Solving for Ux, Initial residual = 0.0121641, Final residual = 6.97119e-05, No Iterations 1
DILUPBiCG:  Solving for Uy, Initial residual = 0.00258158, Final residual = 5.0542e-06, No Iterations 1
DILUPBiCG:  Solving for Uz, Initial residual = 0.00253647, Final residual = 9.97608e-06, No Iterations 1
GAMG:  Solving for p, Initial residual = 0.049251, Final residual = 0.000324236, No Iterations 6
GAMG:  Solving for p, Initial residual = 0.0111122, Final residual = 9.26919e-05, No Iterations 14
GAMG:  Solving for p, Initial residual = 0.00418567, Final residual = 3.51851e-05, No Iterations 10
time step continuity errors : sum local = 2.90466e-07, global = -7.41968e-08, cumulative = -1.02826e-07
GAMG:  Solving for p, Initial residual = 0.0259948, Final residual = 0.000242167, No Iterations 4
GAMG:  Solving for p, Initial residual = 0.00562823, Final residual = 5.50353e-05, No Iterations 12
GAMG:  Solving for p, Initial residual = 0.00221502, Final residual = 2.19197e-05, No Iterations 10
time step continuity errors : sum local = 1.8149e-07, global = -4.57331e-08, cumulative = -1.48559e-07
PIMPLE: iteration 3
DILUPBiCG:  Solving for Ux, Initial residual = 0.00243053, Final residual = 2.76268e-06, No Iterations 2
DILUPBiCG:  Solving for Uy, Initial residual = 0.000561922, Final residual = 5.19958e-06, No Iterations 1
DILUPBiCG:  Solving for Uz, Initial residual = 0.00381608, Final residual = 2.6465e-06, No Iterations 2
GAMG:  Solving for p, Initial residual = 0.0482065, Final residual = 0.000346133, No Iterations 5
GAMG:  Solving for p, Initial residual = 0.0108791, Final residual = 0.000104408, No Iterations 14
GAMG:  Solving for p, Initial residual = 0.00580028, Final residual = 5.50617e-05, No Iterations 10
time step continuity errors : sum local = 5.0713e-07, global = -1.35719e-07, cumulative = -2.84278e-07
GAMG:  Solving for p, Initial residual = 0.00269368, Final residual = 2.57062e-05, No Iterations 7
GAMG:  Solving for p, Initial residual = 0.00141951, Final residual = 1.41469e-05, No Iterations 5
GAMG:  Solving for p, Initial residual = 0.000585933, Final residual = 9.13087e-07, No Iterations 29
time step continuity errors : sum local = 8.29396e-09, global = 2.4591e-09, cumulative = -2.81819e-07
DILUPBiCG:  Solving for omega, Initial residual = 0.00125507, Final residual = 7.11039e-07, No Iterations 1
DILUPBiCG:  Solving for k, Initial residual = 0.00340376, Final residual = 6.08907e-07, No Iterations 2
bounding k, min: 0 max: 0.000584719 average: 0.000150167
ExecutionTime = 12.65 s  ClockTime = 12 s

End

