/*---------------------------------------------------------------------------*\
| =========                 |                                                 |
| \\      /  F ield         | OpenFOAM: The Open Source CFD Toolbox           |
|  \\    /   O peration     | Version:  2.3.1                                 |
|   \\  /    A nd           | Web:      www.OpenFOAM.org                      |
|    \\/     M anipulation  |                                                 |
\*---------------------------------------------------------------------------*/
Build  : 2.3.1-262087cdf8db
Exec   : pimpleDyMFoam
Date   : Jun 06 2023
Time   : 01:57:35
Host   : "jcosson-VirtualBox"
PID    : 16520
Case   : /home/jcosson/workspace/henersj_shootingdata/calcs/moderate_deformed/primal/100_intervals_05-06-23/sweep48/interval64
nProcs : 1
sigFpe : Enabling floating point exception trapping (FOAM_SIGFPE).
fileModificationChecking : Monitoring run-time modified files using timeStampMaster
allowSystemOperations : Allowing user-supplied system call operations

// * * * * * * * * * * * * * * * * * * * * * * * * * * * * * * * * * * * * * //
Create time

Create mesh for time = 0.463

Selecting dynamicFvMesh dynamicMotionSolverFvMesh
Selecting motion solver: displacementLaplacian
Selecting motion diffusion: quadratic
Selecting motion diffusion: quadratic
Selecting motion diffusion: inverseDistance

PIMPLE: no residual control data found. Calculations will employ 3 corrector loops

Reading field p

Reading field U

Reading/calculating face flux field phi

Selecting incompressible transport model Newtonian
Selecting turbulence model type RASModel
Selecting RAS turbulence model kOmegaSST
kOmegaSSTCoeffs
{
    alphaK1         0.85034;
    alphaK2         1;
    alphaOmega1     0.5;
    alphaOmega2     0.85616;
    gamma1          0.5532;
    gamma2          0.4403;
    beta1           0.075;
    beta2           0.0828;
    betaStar        0.09;
    a1              0.31;
    c1              10;
    Cmu             0.09;
    b1              1;
    F3              false;
}

Reading/calculating face velocity Uf

No finite volume options present

Courant Number mean: 0.251228 max: 0.558488

Starting time loop

Courant Number mean: 0.251228 max: 0.558488
Time = 0.464

GAMG:  Solving for cellDisplacementx, Initial residual = 0, Final residual = 0, No Iterations 0
GAMG:  Solving for cellDisplacementy, Initial residual = 0, Final residual = 0, No Iterations 0
GAMG:  Solving for cellDisplacementz, Initial residual = 0, Final residual = 0, No Iterations 0
PIMPLE: iteration 1
DILUPBiCG:  Solving for Ux, Initial residual = 0.0324918, Final residual = 0.000133756, No Iterations 1
DILUPBiCG:  Solving for Uy, Initial residual = 0.00519071, Final residual = 1.23e-05, No Iterations 1
DILUPBiCG:  Solving for Uz, Initial residual = 0.0139019, Final residual = 3.35761e-05, No Iterations 1
GAMG:  Solving for p, Initial residual = 0.145207, Final residual = 0.00122928, No Iterations 6
GAMG:  Solving for p, Initial residual = 0.0174312, Final residual = 0.000169634, No Iterations 18
GAMG:  Solving for p, Initial residual = 0.00727236, Final residual = 6.66238e-05, No Iterations 12
time step continuity errors : sum local = 7.15478e-07, global = 2.15185e-07, cumulative = 2.15185e-07
GAMG:  Solving for p, Initial residual = 0.0596559, Final residual = 0.00039833, No Iterations 6
GAMG:  Solving for p, Initial residual = 0.00873706, Final residual = 8.04293e-05, No Iterations 16
GAMG:  Solving for p, Initial residual = 0.00377594, Final residual = 3.2479e-05, No Iterations 12
time step continuity errors : sum local = 3.47406e-07, global = 1.03663e-07, cumulative = 3.18848e-07
PIMPLE: iteration 2
DILUPBiCG:  Solving for Ux, Initial residual = 0.0099909, Final residual = 5.18526e-05, No Iterations 1
DILUPBiCG:  Solving for Uy, Initial residual = 0.00167873, Final residual = 4.28809e-06, No Iterations 1
DILUPBiCG:  Solving for Uz, Initial residual = 0.00387629, Final residual = 1.1593e-05, No Iterations 1
GAMG:  Solving for p, Initial residual = 0.0609538, Final residual = 0.000438193, No Iterations 4
GAMG:  Solving for p, Initial residual = 0.0100418, Final residual = 9.61434e-05, No Iterations 14
GAMG:  Solving for p, Initial residual = 0.00459883, Final residual = 4.41682e-05, No Iterations 8
time step continuity errors : sum local = 3.99847e-07, global = -1.19992e-07, cumulative = 1.98856e-07
GAMG:  Solving for p, Initial residual = 0.0309543, Final residual = 0.000186352, No Iterations 4
GAMG:  Solving for p, Initial residual = 0.00488403, Final residual = 4.4269e-05, No Iterations 12
GAMG:  Solving for p, Initial residual = 0.00216834, Final residual = 2.02093e-05, No Iterations 8
time step continuity errors : sum local = 1.83893e-07, global = -5.27746e-08, cumulative = 1.46082e-07
PIMPLE: iteration 3
DILUPBiCG:  Solving for Ux, Initial residual = 0.00265139, Final residual = 9.61181e-07, No Iterations 2
DILUPBiCG:  Solving for Uy, Initial residual = 0.000442948, Final residual = 7.00131e-06, No Iterations 1
DILUPBiCG:  Solving for Uz, Initial residual = 0.00591415, Final residual = 1.55986e-06, No Iterations 2
GAMG:  Solving for p, Initial residual = 0.0415136, Final residual = 0.000337297, No Iterations 5
GAMG:  Solving for p, Initial residual = 0.00948059, Final residual = 8.57596e-05, No Iterations 15
GAMG:  Solving for p, Initial residual = 0.00448221, Final residual = 3.75173e-05, No Iterations 10
time step continuity errors : sum local = 3.79178e-07, global = -9.87965e-08, cumulative = 4.72851e-08
GAMG:  Solving for p, Initial residual = 0.00276413, Final residual = 2.44816e-05, No Iterations 20
GAMG:  Solving for p, Initial residual = 0.00157169, Final residual = 1.34118e-05, No Iterations 4
GAMG:  Solving for p, Initial residual = 0.000598963, Final residual = 8.68426e-07, No Iterations 38
time step continuity errors : sum local = 8.76252e-09, global = 2.59612e-09, cumulative = 4.98813e-08
DILUPBiCG:  Solving for omega, Initial residual = 0.000528399, Final residual = 1.31494e-06, No Iterations 1
DILUPBiCG:  Solving for k, Initial residual = 0.00494673, Final residual = 1.47125e-06, No Iterations 2
ExecutionTime = 18.33 s  ClockTime = 19 s

End

