/*---------------------------------------------------------------------------*\
| =========                 |                                                 |
| \\      /  F ield         | OpenFOAM: The Open Source CFD Toolbox           |
|  \\    /   O peration     | Version:  2.3.1                                 |
|   \\  /    A nd           | Web:      www.OpenFOAM.org                      |
|    \\/     M anipulation  |                                                 |
\*---------------------------------------------------------------------------*/
Build  : 2.3.1-262087cdf8db
Exec   : pimpleDyMFoam
Date   : Jun 06 2023
Time   : 01:58:11
Host   : "jcosson-VirtualBox"
PID    : 16579
Case   : /home/jcosson/workspace/henersj_shootingdata/calcs/moderate_deformed/primal/100_intervals_05-06-23/sweep48/interval93
nProcs : 1
sigFpe : Enabling floating point exception trapping (FOAM_SIGFPE).
fileModificationChecking : Monitoring run-time modified files using timeStampMaster
allowSystemOperations : Allowing user-supplied system call operations

// * * * * * * * * * * * * * * * * * * * * * * * * * * * * * * * * * * * * * //
Create time

Create mesh for time = 0.492

Selecting dynamicFvMesh dynamicMotionSolverFvMesh
Selecting motion solver: displacementLaplacian
Selecting motion diffusion: quadratic
Selecting motion diffusion: quadratic
Selecting motion diffusion: inverseDistance

PIMPLE: no residual control data found. Calculations will employ 3 corrector loops

Reading field p

Reading field U

Reading/calculating face flux field phi

Selecting incompressible transport model Newtonian
Selecting turbulence model type RASModel
Selecting RAS turbulence model kOmegaSST
bounding k, min: 0 max: 0.000585322 average: 0.000150334
kOmegaSSTCoeffs
{
    alphaK1         0.85034;
    alphaK2         1;
    alphaOmega1     0.5;
    alphaOmega2     0.85616;
    gamma1          0.5532;
    gamma2          0.4403;
    beta1           0.075;
    beta2           0.0828;
    betaStar        0.09;
    a1              0.31;
    c1              10;
    Cmu             0.09;
    b1              1;
    F3              false;
}

Reading/calculating face velocity Uf

No finite volume options present

Courant Number mean: 0.109991 max: 0.250415

Starting time loop

Courant Number mean: 0.109991 max: 0.250415
Time = 0.493

GAMG:  Solving for cellDisplacementx, Initial residual = 0, Final residual = 0, No Iterations 0
GAMG:  Solving for cellDisplacementy, Initial residual = 0, Final residual = 0, No Iterations 0
GAMG:  Solving for cellDisplacementz, Initial residual = 0, Final residual = 0, No Iterations 0
PIMPLE: iteration 1
DILUPBiCG:  Solving for Ux, Initial residual = 0.0442278, Final residual = 0.000164662, No Iterations 1
DILUPBiCG:  Solving for Uy, Initial residual = 0.00925359, Final residual = 1.81845e-05, No Iterations 1
DILUPBiCG:  Solving for Uz, Initial residual = 0.0109508, Final residual = 9.93738e-06, No Iterations 1
GAMG:  Solving for p, Initial residual = 0.11021, Final residual = 0.00051799, No Iterations 4
GAMG:  Solving for p, Initial residual = 0.0151704, Final residual = 0.000134679, No Iterations 16
GAMG:  Solving for p, Initial residual = 0.00748619, Final residual = 5.94428e-05, No Iterations 4
time step continuity errors : sum local = 5.11479e-07, global = 1.75098e-07, cumulative = 1.75098e-07
GAMG:  Solving for p, Initial residual = 0.0508452, Final residual = 0.000225216, No Iterations 4
GAMG:  Solving for p, Initial residual = 0.00736002, Final residual = 7.21716e-05, No Iterations 14
GAMG:  Solving for p, Initial residual = 0.00375448, Final residual = 3.14231e-05, No Iterations 4
time step continuity errors : sum local = 2.7226e-07, global = 8.56048e-08, cumulative = 2.60703e-07
PIMPLE: iteration 2
DILUPBiCG:  Solving for Ux, Initial residual = 0.0110756, Final residual = 6.35305e-05, No Iterations 1
DILUPBiCG:  Solving for Uy, Initial residual = 0.00237338, Final residual = 4.6355e-06, No Iterations 1
DILUPBiCG:  Solving for Uz, Initial residual = 0.00258354, Final residual = 5.61103e-05, No Iterations 1
GAMG:  Solving for p, Initial residual = 0.0492853, Final residual = 0.000486554, No Iterations 5
GAMG:  Solving for p, Initial residual = 0.0120717, Final residual = 0.000113238, No Iterations 9
GAMG:  Solving for p, Initial residual = 0.00470717, Final residual = 4.40762e-05, No Iterations 10
time step continuity errors : sum local = 3.33171e-07, global = -8.45894e-08, cumulative = 1.76113e-07
GAMG:  Solving for p, Initial residual = 0.0263292, Final residual = 0.000251344, No Iterations 4
GAMG:  Solving for p, Initial residual = 0.00655601, Final residual = 5.90769e-05, No Iterations 12
GAMG:  Solving for p, Initial residual = 0.00235094, Final residual = 2.03023e-05, No Iterations 12
time step continuity errors : sum local = 1.53576e-07, global = -4.51589e-08, cumulative = 1.30954e-07
PIMPLE: iteration 3
DILUPBiCG:  Solving for Ux, Initial residual = 0.00218366, Final residual = 3.01138e-06, No Iterations 2
DILUPBiCG:  Solving for Uy, Initial residual = 0.000500238, Final residual = 5.86693e-06, No Iterations 1
DILUPBiCG:  Solving for Uz, Initial residual = 0.0034104, Final residual = 2.48805e-06, No Iterations 2
GAMG:  Solving for p, Initial residual = 0.0489823, Final residual = 0.000364674, No Iterations 5
GAMG:  Solving for p, Initial residual = 0.0112118, Final residual = 0.000106668, No Iterations 14
GAMG:  Solving for p, Initial residual = 0.0059582, Final residual = 5.58329e-05, No Iterations 10
time step continuity errors : sum local = 4.70099e-07, global = -1.26491e-07, cumulative = 4.46366e-09
GAMG:  Solving for p, Initial residual = 0.00270571, Final residual = 2.51511e-05, No Iterations 7
GAMG:  Solving for p, Initial residual = 0.00136408, Final residual = 1.34187e-05, No Iterations 5
GAMG:  Solving for p, Initial residual = 0.000541039, Final residual = 8.75862e-07, No Iterations 29
time step continuity errors : sum local = 7.27435e-09, global = 2.15243e-09, cumulative = 6.61609e-09
DILUPBiCG:  Solving for omega, Initial residual = 0.00127749, Final residual = 7.03539e-07, No Iterations 1
DILUPBiCG:  Solving for k, Initial residual = 0.00336639, Final residual = 6.2825e-07, No Iterations 2
bounding k, min: 0 max: 0.000568726 average: 0.000149528
ExecutionTime = 10.72 s  ClockTime = 11 s

End

