/*---------------------------------------------------------------------------*\
| =========                 |                                                 |
| \\      /  F ield         | OpenFOAM: The Open Source CFD Toolbox           |
|  \\    /   O peration     | Version:  2.3.1                                 |
|   \\  /    A nd           | Web:      www.OpenFOAM.org                      |
|    \\/     M anipulation  |                                                 |
\*---------------------------------------------------------------------------*/
Build  : 2.3.1-262087cdf8db
Exec   : pimpleDyMFoam
Date   : Jun 06 2023
Time   : 01:57:36
Host   : "jcosson-VirtualBox"
PID    : 16538
Case   : /home/jcosson/workspace/henersj_shootingdata/calcs/moderate_deformed/primal/100_intervals_05-06-23/sweep48/interval73
nProcs : 1
sigFpe : Enabling floating point exception trapping (FOAM_SIGFPE).
fileModificationChecking : Monitoring run-time modified files using timeStampMaster
allowSystemOperations : Allowing user-supplied system call operations

// * * * * * * * * * * * * * * * * * * * * * * * * * * * * * * * * * * * * * //
Create time

Create mesh for time = 0.472

Selecting dynamicFvMesh dynamicMotionSolverFvMesh
Selecting motion solver: displacementLaplacian
Selecting motion diffusion: quadratic
Selecting motion diffusion: quadratic
Selecting motion diffusion: inverseDistance

PIMPLE: no residual control data found. Calculations will employ 3 corrector loops

Reading field p

Reading field U

Reading/calculating face flux field phi

Selecting incompressible transport model Newtonian
Selecting turbulence model type RASModel
Selecting RAS turbulence model kOmegaSST
kOmegaSSTCoeffs
{
    alphaK1         0.85034;
    alphaK2         1;
    alphaOmega1     0.5;
    alphaOmega2     0.85616;
    gamma1          0.5532;
    gamma2          0.4403;
    beta1           0.075;
    beta2           0.0828;
    betaStar        0.09;
    a1              0.31;
    c1              10;
    Cmu             0.09;
    b1              1;
    F3              false;
}

Reading/calculating face velocity Uf

No finite volume options present

Courant Number mean: 0.206087 max: 0.455764

Starting time loop

Courant Number mean: 0.206087 max: 0.455764
Time = 0.473

GAMG:  Solving for cellDisplacementx, Initial residual = 0, Final residual = 0, No Iterations 0
GAMG:  Solving for cellDisplacementy, Initial residual = 0, Final residual = 0, No Iterations 0
GAMG:  Solving for cellDisplacementz, Initial residual = 0, Final residual = 0, No Iterations 0
PIMPLE: iteration 1
DILUPBiCG:  Solving for Ux, Initial residual = 0.0534069, Final residual = 0.00022116, No Iterations 1
DILUPBiCG:  Solving for Uy, Initial residual = 0.00883739, Final residual = 2.02339e-05, No Iterations 1
DILUPBiCG:  Solving for Uz, Initial residual = 0.012076, Final residual = 2.775e-05, No Iterations 1
GAMG:  Solving for p, Initial residual = 0.126859, Final residual = 0.000974205, No Iterations 6
GAMG:  Solving for p, Initial residual = 0.0146613, Final residual = 0.000144428, No Iterations 18
GAMG:  Solving for p, Initial residual = 0.00640656, Final residual = 5.73504e-05, No Iterations 12
time step continuity errors : sum local = 8.49877e-07, global = 2.56058e-07, cumulative = 2.56058e-07
GAMG:  Solving for p, Initial residual = 0.0538823, Final residual = 0.000330491, No Iterations 6
GAMG:  Solving for p, Initial residual = 0.00741916, Final residual = 6.92138e-05, No Iterations 16
GAMG:  Solving for p, Initial residual = 0.00332181, Final residual = 2.85877e-05, No Iterations 12
time step continuity errors : sum local = 4.23585e-07, global = 1.26807e-07, cumulative = 3.82865e-07
PIMPLE: iteration 2
DILUPBiCG:  Solving for Ux, Initial residual = 0.0154362, Final residual = 9.17729e-05, No Iterations 1
DILUPBiCG:  Solving for Uy, Initial residual = 0.0026942, Final residual = 6.09849e-06, No Iterations 1
DILUPBiCG:  Solving for Uz, Initial residual = 0.00347266, Final residual = 1.27504e-05, No Iterations 1
GAMG:  Solving for p, Initial residual = 0.0541562, Final residual = 0.000476488, No Iterations 4
GAMG:  Solving for p, Initial residual = 0.00885937, Final residual = 8.54012e-05, No Iterations 16
GAMG:  Solving for p, Initial residual = 0.00401632, Final residual = 4.00658e-05, No Iterations 8
time step continuity errors : sum local = 5.06277e-07, global = -1.49451e-07, cumulative = 2.33415e-07
GAMG:  Solving for p, Initial residual = 0.0278621, Final residual = 0.000208736, No Iterations 4
GAMG:  Solving for p, Initial residual = 0.00440584, Final residual = 3.95226e-05, No Iterations 14
GAMG:  Solving for p, Initial residual = 0.00188362, Final residual = 1.70922e-05, No Iterations 10
time step continuity errors : sum local = 2.1714e-07, global = -5.72218e-08, cumulative = 1.76193e-07
PIMPLE: iteration 3
DILUPBiCG:  Solving for Ux, Initial residual = 0.00378311, Final residual = 2.16673e-06, No Iterations 2
DILUPBiCG:  Solving for Uy, Initial residual = 0.000660394, Final residual = 6.64312e-06, No Iterations 1
DILUPBiCG:  Solving for Uz, Initial residual = 0.0072451, Final residual = 3.47046e-06, No Iterations 2
GAMG:  Solving for p, Initial residual = 0.0403671, Final residual = 0.000344722, No Iterations 5
GAMG:  Solving for p, Initial residual = 0.00910343, Final residual = 7.66143e-05, No Iterations 13
GAMG:  Solving for p, Initial residual = 0.00436984, Final residual = 3.51129e-05, No Iterations 10
time step continuity errors : sum local = 4.98175e-07, global = -1.29135e-07, cumulative = 4.70579e-08
GAMG:  Solving for p, Initial residual = 0.0024324, Final residual = 2.12134e-05, No Iterations 20
GAMG:  Solving for p, Initial residual = 0.0013513, Final residual = 1.14592e-05, No Iterations 4
GAMG:  Solving for p, Initial residual = 0.000540191, Final residual = 9.41101e-07, No Iterations 32
time step continuity errors : sum local = 1.3292e-08, global = 3.92154e-09, cumulative = 5.09794e-08
DILUPBiCG:  Solving for omega, Initial residual = 0.000547963, Final residual = 6.18005e-07, No Iterations 1
DILUPBiCG:  Solving for k, Initial residual = 0.00444639, Final residual = 1.68349e-06, No Iterations 2
ExecutionTime = 17.98 s  ClockTime = 18 s

End

