/*---------------------------------------------------------------------------*\
| =========                 |                                                 |
| \\      /  F ield         | OpenFOAM: The Open Source CFD Toolbox           |
|  \\    /   O peration     | Version:  2.3.1                                 |
|   \\  /    A nd           | Web:      www.OpenFOAM.org                      |
|    \\/     M anipulation  |                                                 |
\*---------------------------------------------------------------------------*/
Build  : 2.3.1-262087cdf8db
Exec   : pimpleDyMFoam
Date   : Jun 06 2023
Time   : 01:57:54
Host   : "jcosson-VirtualBox"
PID    : 16567
Case   : /home/jcosson/workspace/henersj_shootingdata/calcs/moderate_deformed/primal/100_intervals_05-06-23/sweep48/interval87
nProcs : 1
sigFpe : Enabling floating point exception trapping (FOAM_SIGFPE).
fileModificationChecking : Monitoring run-time modified files using timeStampMaster
allowSystemOperations : Allowing user-supplied system call operations

// * * * * * * * * * * * * * * * * * * * * * * * * * * * * * * * * * * * * * //
Create time

Create mesh for time = 0.486

Selecting dynamicFvMesh dynamicMotionSolverFvMesh
Selecting motion solver: displacementLaplacian
Selecting motion diffusion: quadratic
Selecting motion diffusion: quadratic
Selecting motion diffusion: inverseDistance

PIMPLE: no residual control data found. Calculations will employ 3 corrector loops

Reading field p

Reading field U

Reading/calculating face flux field phi

Selecting incompressible transport model Newtonian
Selecting turbulence model type RASModel
Selecting RAS turbulence model kOmegaSST
bounding k, min: 0 max: 0.000666225 average: 0.00015467
kOmegaSSTCoeffs
{
    alphaK1         0.85034;
    alphaK2         1;
    alphaOmega1     0.5;
    alphaOmega2     0.85616;
    gamma1          0.5532;
    gamma2          0.4403;
    beta1           0.075;
    beta2           0.0828;
    betaStar        0.09;
    a1              0.31;
    c1              10;
    Cmu             0.09;
    b1              1;
    F3              false;
}

Reading/calculating face velocity Uf

No finite volume options present

Courant Number mean: 0.131516 max: 0.293154

Starting time loop

Courant Number mean: 0.131516 max: 0.293154
Time = 0.487

GAMG:  Solving for cellDisplacementx, Initial residual = 0, Final residual = 0, No Iterations 0
GAMG:  Solving for cellDisplacementy, Initial residual = 0, Final residual = 0, No Iterations 0
GAMG:  Solving for cellDisplacementz, Initial residual = 0, Final residual = 0, No Iterations 0
PIMPLE: iteration 1
DILUPBiCG:  Solving for Ux, Initial residual = 0.0611197, Final residual = 0.000231892, No Iterations 1
DILUPBiCG:  Solving for Uy, Initial residual = 0.0117898, Final residual = 2.39799e-05, No Iterations 1
DILUPBiCG:  Solving for Uz, Initial residual = 0.0125322, Final residual = 1.27188e-05, No Iterations 1
GAMG:  Solving for p, Initial residual = 0.118285, Final residual = 0.000865581, No Iterations 4
GAMG:  Solving for p, Initial residual = 0.015507, Final residual = 0.0001357, No Iterations 18
GAMG:  Solving for p, Initial residual = 0.00729896, Final residual = 5.80124e-05, No Iterations 4
time step continuity errors : sum local = 7.43478e-07, global = 2.49375e-07, cumulative = 2.49375e-07
GAMG:  Solving for p, Initial residual = 0.0526578, Final residual = 0.000362026, No Iterations 4
GAMG:  Solving for p, Initial residual = 0.007709, Final residual = 6.76252e-05, No Iterations 16
GAMG:  Solving for p, Initial residual = 0.00366051, Final residual = 3.11508e-05, No Iterations 4
time step continuity errors : sum local = 4.01292e-07, global = 1.36393e-07, cumulative = 3.85769e-07
PIMPLE: iteration 2
DILUPBiCG:  Solving for Ux, Initial residual = 0.0160842, Final residual = 9.3567e-05, No Iterations 1
DILUPBiCG:  Solving for Uy, Initial residual = 0.0032191, Final residual = 6.46205e-06, No Iterations 1
DILUPBiCG:  Solving for Uz, Initial residual = 0.0025941, Final residual = 9.1246e-06, No Iterations 1
GAMG:  Solving for p, Initial residual = 0.0518604, Final residual = 0.00048401, No Iterations 4
GAMG:  Solving for p, Initial residual = 0.0100589, Final residual = 8.67729e-05, No Iterations 16
GAMG:  Solving for p, Initial residual = 0.0045812, Final residual = 3.99743e-05, No Iterations 4
time step continuity errors : sum local = 4.46626e-07, global = -1.74531e-07, cumulative = 2.11237e-07
GAMG:  Solving for p, Initial residual = 0.0272263, Final residual = 0.000228073, No Iterations 4
GAMG:  Solving for p, Initial residual = 0.00537355, Final residual = 5.26906e-05, No Iterations 12
GAMG:  Solving for p, Initial residual = 0.00214481, Final residual = 1.82315e-05, No Iterations 10
time step continuity errors : sum local = 2.04379e-07, global = -5.17348e-08, cumulative = 1.59502e-07
PIMPLE: iteration 3
DILUPBiCG:  Solving for Ux, Initial residual = 0.00350936, Final residual = 2.79378e-06, No Iterations 2
DILUPBiCG:  Solving for Uy, Initial residual = 0.000735274, Final residual = 4.82534e-06, No Iterations 1
DILUPBiCG:  Solving for Uz, Initial residual = 0.00503052, Final residual = 2.05562e-06, No Iterations 2
GAMG:  Solving for p, Initial residual = 0.0439049, Final residual = 0.000334512, No Iterations 5
GAMG:  Solving for p, Initial residual = 0.0100016, Final residual = 9.32142e-05, No Iterations 14
GAMG:  Solving for p, Initial residual = 0.00503713, Final residual = 4.89035e-05, No Iterations 10
time step continuity errors : sum local = 6.13363e-07, global = -1.61587e-07, cumulative = -2.08421e-09
GAMG:  Solving for p, Initial residual = 0.00247199, Final residual = 1.91111e-05, No Iterations 8
GAMG:  Solving for p, Initial residual = 0.00129088, Final residual = 9.49375e-06, No Iterations 5
GAMG:  Solving for p, Initial residual = 0.000520809, Final residual = 9.21367e-07, No Iterations 28
time step continuity errors : sum local = 1.14355e-08, global = 3.43499e-09, cumulative = 1.35078e-09
DILUPBiCG:  Solving for omega, Initial residual = 0.00109839, Final residual = 7.43015e-07, No Iterations 1
DILUPBiCG:  Solving for k, Initial residual = 0.00363944, Final residual = 6.79414e-07, No Iterations 2
bounding k, min: 0 max: 0.000652893 average: 0.000153725
ExecutionTime = 16.97 s  ClockTime = 18 s

End

