/*---------------------------------------------------------------------------*\
| =========                 |                                                 |
| \\      /  F ield         | OpenFOAM: The Open Source CFD Toolbox           |
|  \\    /   O peration     | Version:  2.3.1                                 |
|   \\  /    A nd           | Web:      www.OpenFOAM.org                      |
|    \\/     M anipulation  |                                                 |
\*---------------------------------------------------------------------------*/
Build  : 2.3.1-262087cdf8db
Exec   : pimpleDyMFoam
Date   : Jun 06 2023
Time   : 01:57:54
Host   : "jcosson-VirtualBox"
PID    : 16555
Case   : /home/jcosson/workspace/henersj_shootingdata/calcs/moderate_deformed/primal/100_intervals_05-06-23/sweep48/interval81
nProcs : 1
sigFpe : Enabling floating point exception trapping (FOAM_SIGFPE).
fileModificationChecking : Monitoring run-time modified files using timeStampMaster
allowSystemOperations : Allowing user-supplied system call operations

// * * * * * * * * * * * * * * * * * * * * * * * * * * * * * * * * * * * * * //
Create time

Create mesh for time = 0.48

Selecting dynamicFvMesh dynamicMotionSolverFvMesh
Selecting motion solver: displacementLaplacian
Selecting motion diffusion: quadratic
Selecting motion diffusion: quadratic
Selecting motion diffusion: inverseDistance

PIMPLE: no residual control data found. Calculations will employ 3 corrector loops

Reading field p

Reading field U

Reading/calculating face flux field phi

Selecting incompressible transport model Newtonian
Selecting turbulence model type RASModel
Selecting RAS turbulence model kOmegaSST
bounding k, min: 0 max: 0.000734244 average: 0.000159876
kOmegaSSTCoeffs
{
    alphaK1         0.85034;
    alphaK2         1;
    alphaOmega1     0.5;
    alphaOmega2     0.85616;
    gamma1          0.5532;
    gamma2          0.4403;
    beta1           0.075;
    beta2           0.0828;
    betaStar        0.09;
    a1              0.31;
    c1              10;
    Cmu             0.09;
    b1              1;
    F3              false;
}

Reading/calculating face velocity Uf

No finite volume options present

Courant Number mean: 0.161164 max: 0.35226

Starting time loop

Courant Number mean: 0.161164 max: 0.35226
Time = 0.481

GAMG:  Solving for cellDisplacementx, Initial residual = 0, Final residual = 0, No Iterations 0
GAMG:  Solving for cellDisplacementy, Initial residual = 0, Final residual = 0, No Iterations 0
GAMG:  Solving for cellDisplacementz, Initial residual = 0, Final residual = 0, No Iterations 0
PIMPLE: iteration 1
DILUPBiCG:  Solving for Ux, Initial residual = 0.0641061, Final residual = 0.000254071, No Iterations 1
DILUPBiCG:  Solving for Uy, Initial residual = 0.011388, Final residual = 2.43397e-05, No Iterations 1
DILUPBiCG:  Solving for Uz, Initial residual = 0.0109122, Final residual = 1.82703e-05, No Iterations 1
GAMG:  Solving for p, Initial residual = 0.120238, Final residual = 0.00113659, No Iterations 4
GAMG:  Solving for p, Initial residual = 0.0146137, Final residual = 0.000127995, No Iterations 20
GAMG:  Solving for p, Initial residual = 0.00677401, Final residual = 5.87938e-05, No Iterations 10
time step continuity errors : sum local = 8.86455e-07, global = 2.35954e-07, cumulative = 2.35954e-07
GAMG:  Solving for p, Initial residual = 0.0523662, Final residual = 0.000441584, No Iterations 4
GAMG:  Solving for p, Initial residual = 0.0073135, Final residual = 7.2149e-05, No Iterations 16
GAMG:  Solving for p, Initial residual = 0.00341863, Final residual = 2.90886e-05, No Iterations 12
time step continuity errors : sum local = 4.39392e-07, global = 1.31404e-07, cumulative = 3.67358e-07
PIMPLE: iteration 2
DILUPBiCG:  Solving for Ux, Initial residual = 0.017575, Final residual = 0.00010656, No Iterations 1
DILUPBiCG:  Solving for Uy, Initial residual = 0.0032811, Final residual = 6.91592e-06, No Iterations 1
DILUPBiCG:  Solving for Uz, Initial residual = 0.00290553, Final residual = 1.12017e-05, No Iterations 1
GAMG:  Solving for p, Initial residual = 0.0520162, Final residual = 0.000478613, No Iterations 4
GAMG:  Solving for p, Initial residual = 0.00902316, Final residual = 8.48666e-05, No Iterations 16
GAMG:  Solving for p, Initial residual = 0.00395598, Final residual = 3.55115e-05, No Iterations 10
time step continuity errors : sum local = 4.62636e-07, global = -1.19549e-07, cumulative = 2.47809e-07
GAMG:  Solving for p, Initial residual = 0.0269375, Final residual = 0.000215424, No Iterations 4
GAMG:  Solving for p, Initial residual = 0.00455409, Final residual = 4.06875e-05, No Iterations 14
GAMG:  Solving for p, Initial residual = 0.00186733, Final residual = 1.75608e-05, No Iterations 10
time step continuity errors : sum local = 2.29787e-07, global = -5.85434e-08, cumulative = 1.89266e-07
PIMPLE: iteration 3
DILUPBiCG:  Solving for Ux, Initial residual = 0.00404702, Final residual = 3.12271e-06, No Iterations 2
DILUPBiCG:  Solving for Uy, Initial residual = 0.000768548, Final residual = 5.47496e-06, No Iterations 1
DILUPBiCG:  Solving for Uz, Initial residual = 0.00613187, Final residual = 3.89612e-06, No Iterations 2
GAMG:  Solving for p, Initial residual = 0.0416857, Final residual = 0.000357613, No Iterations 5
GAMG:  Solving for p, Initial residual = 0.00952164, Final residual = 8.36496e-05, No Iterations 12
GAMG:  Solving for p, Initial residual = 0.00454659, Final residual = 4.004e-05, No Iterations 10
time step continuity errors : sum local = 5.85842e-07, global = -1.51744e-07, cumulative = 3.75215e-08
GAMG:  Solving for p, Initial residual = 0.00239484, Final residual = 2.17706e-05, No Iterations 14
GAMG:  Solving for p, Initial residual = 0.00129943, Final residual = 1.14543e-05, No Iterations 4
GAMG:  Solving for p, Initial residual = 0.000530978, Final residual = 9.96384e-07, No Iterations 28
time step continuity errors : sum local = 1.44647e-08, global = 4.32112e-09, cumulative = 4.18426e-08
DILUPBiCG:  Solving for omega, Initial residual = 0.000852959, Final residual = 7.25126e-07, No Iterations 1
DILUPBiCG:  Solving for k, Initial residual = 0.00397214, Final residual = 8.3607e-07, No Iterations 2
bounding k, min: 0 max: 0.00072344 average: 0.000158811
ExecutionTime = 17.47 s  ClockTime = 18 s

End

