/*---------------------------------------------------------------------------*\
| =========                 |                                                 |
| \\      /  F ield         | OpenFOAM: The Open Source CFD Toolbox           |
|  \\    /   O peration     | Version:  2.3.1                                 |
|   \\  /    A nd           | Web:      www.OpenFOAM.org                      |
|    \\/     M anipulation  |                                                 |
\*---------------------------------------------------------------------------*/
Build  : 2.3.1-262087cdf8db
Exec   : pimpleDyMFoam
Date   : Jun 06 2023
Time   : 01:57:53
Host   : "jcosson-VirtualBox"
PID    : 16549
Case   : /home/jcosson/workspace/henersj_shootingdata/calcs/moderate_deformed/primal/100_intervals_05-06-23/sweep48/interval78
nProcs : 1
sigFpe : Enabling floating point exception trapping (FOAM_SIGFPE).
fileModificationChecking : Monitoring run-time modified files using timeStampMaster
allowSystemOperations : Allowing user-supplied system call operations

// * * * * * * * * * * * * * * * * * * * * * * * * * * * * * * * * * * * * * //
Create time

Create mesh for time = 0.477

Selecting dynamicFvMesh dynamicMotionSolverFvMesh
Selecting motion solver: displacementLaplacian
Selecting motion diffusion: quadratic
Selecting motion diffusion: quadratic
Selecting motion diffusion: inverseDistance

PIMPLE: no residual control data found. Calculations will employ 3 corrector loops

Reading field p

Reading field U

Reading/calculating face flux field phi

Selecting incompressible transport model Newtonian
Selecting turbulence model type RASModel
Selecting RAS turbulence model kOmegaSST
bounding k, min: 0 max: 0.000756293 average: 0.000162661
kOmegaSSTCoeffs
{
    alphaK1         0.85034;
    alphaK2         1;
    alphaOmega1     0.5;
    alphaOmega2     0.85616;
    gamma1          0.5532;
    gamma2          0.4403;
    beta1           0.075;
    beta2           0.0828;
    betaStar        0.09;
    a1              0.31;
    c1              10;
    Cmu             0.09;
    b1              1;
    F3              false;
}

Reading/calculating face velocity Uf

No finite volume options present

Courant Number mean: 0.177772 max: 0.390691

Starting time loop

Courant Number mean: 0.177772 max: 0.390691
Time = 0.478

GAMG:  Solving for cellDisplacementx, Initial residual = 0, Final residual = 0, No Iterations 0
GAMG:  Solving for cellDisplacementy, Initial residual = 0, Final residual = 0, No Iterations 0
GAMG:  Solving for cellDisplacementz, Initial residual = 0, Final residual = 0, No Iterations 0
PIMPLE: iteration 1
DILUPBiCG:  Solving for Ux, Initial residual = 0.0615526, Final residual = 0.000249072, No Iterations 1
DILUPBiCG:  Solving for Uy, Initial residual = 0.0105823, Final residual = 2.3248e-05, No Iterations 1
DILUPBiCG:  Solving for Uz, Initial residual = 0.0109073, Final residual = 2.20308e-05, No Iterations 1
GAMG:  Solving for p, Initial residual = 0.122042, Final residual = 0.000846226, No Iterations 6
GAMG:  Solving for p, Initial residual = 0.014315, Final residual = 0.000132399, No Iterations 18
GAMG:  Solving for p, Initial residual = 0.00637142, Final residual = 5.31943e-05, No Iterations 12
time step continuity errors : sum local = 8.19523e-07, global = 2.46753e-07, cumulative = 2.46753e-07
GAMG:  Solving for p, Initial residual = 0.0526729, Final residual = 0.00048599, No Iterations 4
GAMG:  Solving for p, Initial residual = 0.00724597, Final residual = 6.64682e-05, No Iterations 18
GAMG:  Solving for p, Initial residual = 0.00338962, Final residual = 3.27813e-05, No Iterations 10
time step continuity errors : sum local = 5.05968e-07, global = 1.36708e-07, cumulative = 3.83461e-07
PIMPLE: iteration 2
DILUPBiCG:  Solving for Ux, Initial residual = 0.017213, Final residual = 0.000104974, No Iterations 1
DILUPBiCG:  Solving for Uy, Initial residual = 0.00312032, Final residual = 6.75317e-06, No Iterations 1
DILUPBiCG:  Solving for Uz, Initial residual = 0.00313042, Final residual = 1.2169e-05, No Iterations 1
GAMG:  Solving for p, Initial residual = 0.0525422, Final residual = 0.000475121, No Iterations 4
GAMG:  Solving for p, Initial residual = 0.00881612, Final residual = 8.41153e-05, No Iterations 16
GAMG:  Solving for p, Initial residual = 0.003936, Final residual = 3.57329e-05, No Iterations 10
time step continuity errors : sum local = 4.73526e-07, global = -1.25524e-07, cumulative = 2.57937e-07
GAMG:  Solving for p, Initial residual = 0.0271357, Final residual = 0.000210977, No Iterations 4
GAMG:  Solving for p, Initial residual = 0.0044176, Final residual = 3.95073e-05, No Iterations 14
GAMG:  Solving for p, Initial residual = 0.00185412, Final residual = 1.7367e-05, No Iterations 10
time step continuity errors : sum local = 2.31275e-07, global = -6.03435e-08, cumulative = 1.97594e-07
PIMPLE: iteration 3
DILUPBiCG:  Solving for Ux, Initial residual = 0.00406279, Final residual = 2.90179e-06, No Iterations 2
DILUPBiCG:  Solving for Uy, Initial residual = 0.000743518, Final residual = 5.91906e-06, No Iterations 1
DILUPBiCG:  Solving for Uz, Initial residual = 0.00689762, Final residual = 4.29703e-06, No Iterations 2
GAMG:  Solving for p, Initial residual = 0.0409422, Final residual = 0.000339423, No Iterations 5
GAMG:  Solving for p, Initial residual = 0.00949737, Final residual = 9.10503e-05, No Iterations 7
GAMG:  Solving for p, Initial residual = 0.00434279, Final residual = 3.94236e-05, No Iterations 10
time step continuity errors : sum local = 5.86652e-07, global = -1.50251e-07, cumulative = 4.73425e-08
GAMG:  Solving for p, Initial residual = 0.00239168, Final residual = 2.1133e-05, No Iterations 16
GAMG:  Solving for p, Initial residual = 0.00131078, Final residual = 1.10841e-05, No Iterations 4
GAMG:  Solving for p, Initial residual = 0.000534127, Final residual = 9.53636e-07, No Iterations 28
time step continuity errors : sum local = 1.41061e-08, global = 4.19455e-09, cumulative = 5.1537e-08
DILUPBiCG:  Solving for omega, Initial residual = 0.000726546, Final residual = 6.87139e-07, No Iterations 1
DILUPBiCG:  Solving for k, Initial residual = 0.00412909, Final residual = 1.24279e-06, No Iterations 2
bounding k, min: 0 max: 0.00074807 average: 0.000161579
ExecutionTime = 17.08 s  ClockTime = 17 s

End

