/*---------------------------------------------------------------------------*\
| =========                 |                                                 |
| \\      /  F ield         | OpenFOAM: The Open Source CFD Toolbox           |
|  \\    /   O peration     | Version:  2.3.1                                 |
|   \\  /    A nd           | Web:      www.OpenFOAM.org                      |
|    \\/     M anipulation  |                                                 |
\*---------------------------------------------------------------------------*/
Build  : 2.3.1-262087cdf8db
Exec   : pimpleDyMFoam
Date   : Jun 05 2023
Time   : 23:32:25
Host   : "jcosson-VirtualBox"
PID    : 7604
Case   : /home/jcosson/workspace/henersj_shootingdata/calcs/moderate_deformed/primal/100_intervals_05-06-23/sweep3/interval77
nProcs : 1
sigFpe : Enabling floating point exception trapping (FOAM_SIGFPE).
fileModificationChecking : Monitoring run-time modified files using timeStampMaster
allowSystemOperations : Allowing user-supplied system call operations

// * * * * * * * * * * * * * * * * * * * * * * * * * * * * * * * * * * * * * //
Create time

Create mesh for time = 0.476

Selecting dynamicFvMesh dynamicMotionSolverFvMesh
Selecting motion solver: displacementLaplacian
Selecting motion diffusion: quadratic
Selecting motion diffusion: quadratic
Selecting motion diffusion: inverseDistance

PIMPLE: no residual control data found. Calculations will employ 3 corrector loops

Reading field p

Reading field U

Reading/calculating face flux field phi

Selecting incompressible transport model Newtonian
Selecting turbulence model type RASModel
Selecting RAS turbulence model kOmegaSST
kOmegaSSTCoeffs
{
    alphaK1         0.85034;
    alphaK2         1;
    alphaOmega1     0.5;
    alphaOmega2     0.85616;
    gamma1          0.5532;
    gamma2          0.4403;
    beta1           0.075;
    beta2           0.0828;
    betaStar        0.09;
    a1              0.31;
    c1              10;
    Cmu             0.09;
    b1              1;
    F3              false;
}

Reading/calculating face velocity Uf

No finite volume options present

Courant Number mean: 0.182834 max: 0.404557

Starting time loop

Courant Number mean: 0.182834 max: 0.404557
Time = 0.477

GAMG:  Solving for cellDisplacementx, Initial residual = 0, Final residual = 0, No Iterations 0
GAMG:  Solving for cellDisplacementy, Initial residual = 0, Final residual = 0, No Iterations 0
GAMG:  Solving for cellDisplacementz, Initial residual = 0, Final residual = 0, No Iterations 0
PIMPLE: iteration 1
DILUPBiCG:  Solving for Ux, Initial residual = 0.0636789, Final residual = 0.000254503, No Iterations 1
DILUPBiCG:  Solving for Uy, Initial residual = 0.0107095, Final residual = 2.75058e-05, No Iterations 1
DILUPBiCG:  Solving for Uz, Initial residual = 0.157524, Final residual = 0.00029694, No Iterations 1
GAMG:  Solving for p, Initial residual = 0.178365, Final residual = 0.00168277, No Iterations 4
GAMG:  Solving for p, Initial residual = 0.0346911, Final residual = 0.000336856, No Iterations 18
GAMG:  Solving for p, Initial residual = 0.016099, Final residual = 0.000145967, No Iterations 7
time step continuity errors : sum local = 2.00825e-06, global = -4.85816e-07, cumulative = -4.85816e-07
GAMG:  Solving for p, Initial residual = 0.0768172, Final residual = 0.00058687, No Iterations 4
GAMG:  Solving for p, Initial residual = 0.017109, Final residual = 0.000146364, No Iterations 16
GAMG:  Solving for p, Initial residual = 0.00833893, Final residual = 6.66902e-05, No Iterations 5
time step continuity errors : sum local = 9.11593e-07, global = -3.25672e-07, cumulative = -8.11487e-07
PIMPLE: iteration 2
DILUPBiCG:  Solving for Ux, Initial residual = 0.0170656, Final residual = 0.000104901, No Iterations 1
DILUPBiCG:  Solving for Uy, Initial residual = 0.0030525, Final residual = 7.65917e-06, No Iterations 1
DILUPBiCG:  Solving for Uz, Initial residual = 0.0107033, Final residual = 4.45582e-05, No Iterations 1
GAMG:  Solving for p, Initial residual = 0.0830167, Final residual = 0.000553639, No Iterations 6
GAMG:  Solving for p, Initial residual = 0.0205857, Final residual = 0.000187163, No Iterations 12
GAMG:  Solving for p, Initial residual = 0.0110061, Final residual = 8.65428e-05, No Iterations 10
time step continuity errors : sum local = 1.00629e-06, global = -2.58039e-07, cumulative = -1.06953e-06
GAMG:  Solving for p, Initial residual = 0.0437016, Final residual = 0.000423503, No Iterations 4
GAMG:  Solving for p, Initial residual = 0.0105075, Final residual = 9.26185e-05, No Iterations 14
GAMG:  Solving for p, Initial residual = 0.00599046, Final residual = 5.31228e-05, No Iterations 8
time step continuity errors : sum local = 6.13835e-07, global = -1.3207e-07, cumulative = -1.2016e-06
PIMPLE: iteration 3
DILUPBiCG:  Solving for Ux, Initial residual = 0.00361667, Final residual = 2.67545e-06, No Iterations 2
DILUPBiCG:  Solving for Uy, Initial residual = 0.000871995, Final residual = 6.28466e-06, No Iterations 1
DILUPBiCG:  Solving for Uz, Initial residual = 0.0145925, Final residual = 2.40027e-06, No Iterations 2
GAMG:  Solving for p, Initial residual = 0.0424795, Final residual = 0.000278775, No Iterations 6
GAMG:  Solving for p, Initial residual = 0.0107115, Final residual = 9.19097e-05, No Iterations 9
GAMG:  Solving for p, Initial residual = 0.00548343, Final residual = 5.42159e-05, No Iterations 8
time step continuity errors : sum local = 7.08915e-07, global = -1.50838e-07, cumulative = -1.35243e-06
GAMG:  Solving for p, Initial residual = 0.00331996, Final residual = 1.8045e-05, No Iterations 6
GAMG:  Solving for p, Initial residual = 0.00173872, Final residual = 1.38834e-05, No Iterations 5
GAMG:  Solving for p, Initial residual = 0.000673328, Final residual = 8.66715e-07, No Iterations 32
time step continuity errors : sum local = 1.12677e-08, global = 3.30345e-09, cumulative = -1.34913e-06
DILUPBiCG:  Solving for omega, Initial residual = 0.00158946, Final residual = 2.05196e-06, No Iterations 1
DILUPBiCG:  Solving for k, Initial residual = 0.00499004, Final residual = 1.39066e-06, No Iterations 2
ExecutionTime = 12.84 s  ClockTime = 13 s

End

