/*---------------------------------------------------------------------------*\
| =========                 |                                                 |
| \\      /  F ield         | OpenFOAM: The Open Source CFD Toolbox           |
|  \\    /   O peration     | Version:  2.3.1                                 |
|   \\  /    A nd           | Web:      www.OpenFOAM.org                      |
|    \\/     M anipulation  |                                                 |
\*---------------------------------------------------------------------------*/
Build  : 2.3.1-262087cdf8db
Exec   : pimpleDyMFoam
Date   : Jun 05 2023
Time   : 23:32:11
Host   : "jcosson-VirtualBox"
PID    : 7582
Case   : /home/jcosson/workspace/henersj_shootingdata/calcs/moderate_deformed/primal/100_intervals_05-06-23/sweep3/interval66
nProcs : 1
sigFpe : Enabling floating point exception trapping (FOAM_SIGFPE).
fileModificationChecking : Monitoring run-time modified files using timeStampMaster
allowSystemOperations : Allowing user-supplied system call operations

// * * * * * * * * * * * * * * * * * * * * * * * * * * * * * * * * * * * * * //
Create time

Create mesh for time = 0.465

Selecting dynamicFvMesh dynamicMotionSolverFvMesh
Selecting motion solver: displacementLaplacian
Selecting motion diffusion: quadratic
Selecting motion diffusion: quadratic
Selecting motion diffusion: inverseDistance

PIMPLE: no residual control data found. Calculations will employ 3 corrector loops

Reading field p

Reading field U

Reading/calculating face flux field phi

Selecting incompressible transport model Newtonian
Selecting turbulence model type RASModel
Selecting RAS turbulence model kOmegaSST
kOmegaSSTCoeffs
{
    alphaK1         0.85034;
    alphaK2         1;
    alphaOmega1     0.5;
    alphaOmega2     0.85616;
    gamma1          0.5532;
    gamma2          0.4403;
    beta1           0.075;
    beta2           0.0828;
    betaStar        0.09;
    a1              0.31;
    c1              10;
    Cmu             0.09;
    b1              1;
    F3              false;
}

Reading/calculating face velocity Uf

No finite volume options present

Courant Number mean: 0.242145 max: 0.543273

Starting time loop

Courant Number mean: 0.242145 max: 0.543273
Time = 0.466

GAMG:  Solving for cellDisplacementx, Initial residual = 0, Final residual = 0, No Iterations 0
GAMG:  Solving for cellDisplacementy, Initial residual = 0, Final residual = 0, No Iterations 0
GAMG:  Solving for cellDisplacementz, Initial residual = 0, Final residual = 0, No Iterations 0
PIMPLE: iteration 1
DILUPBiCG:  Solving for Ux, Initial residual = 0.0400451, Final residual = 0.000163445, No Iterations 1
DILUPBiCG:  Solving for Uy, Initial residual = 0.00625058, Final residual = 1.73981e-05, No Iterations 1
DILUPBiCG:  Solving for Uz, Initial residual = 0.157642, Final residual = 0.000348325, No Iterations 1
GAMG:  Solving for p, Initial residual = 0.19392, Final residual = 0.00171262, No Iterations 8
GAMG:  Solving for p, Initial residual = 0.0357529, Final residual = 0.000327356, No Iterations 14
GAMG:  Solving for p, Initial residual = 0.016923, Final residual = 0.000146884, No Iterations 7
time step continuity errors : sum local = 1.66967e-06, global = -3.85264e-07, cumulative = -3.85264e-07
GAMG:  Solving for p, Initial residual = 0.0805003, Final residual = 0.000602449, No Iterations 4
GAMG:  Solving for p, Initial residual = 0.0189504, Final residual = 0.000159142, No Iterations 16
GAMG:  Solving for p, Initial residual = 0.0092897, Final residual = 7.23442e-05, No Iterations 5
time step continuity errors : sum local = 8.11142e-07, global = -2.99823e-07, cumulative = -6.85087e-07
PIMPLE: iteration 2
DILUPBiCG:  Solving for Ux, Initial residual = 0.0114328, Final residual = 6.36189e-05, No Iterations 1
DILUPBiCG:  Solving for Uy, Initial residual = 0.0019194, Final residual = 5.23927e-06, No Iterations 1
DILUPBiCG:  Solving for Uz, Initial residual = 0.0121521, Final residual = 4.36219e-05, No Iterations 1
GAMG:  Solving for p, Initial residual = 0.0893435, Final residual = 0.000661229, No Iterations 5
GAMG:  Solving for p, Initial residual = 0.0234689, Final residual = 0.000181393, No Iterations 5
GAMG:  Solving for p, Initial residual = 0.0127749, Final residual = 0.000116698, No Iterations 6
time step continuity errors : sum local = 1.10941e-06, global = -2.16692e-07, cumulative = -9.0178e-07
GAMG:  Solving for p, Initial residual = 0.0466236, Final residual = 0.000435018, No Iterations 4
GAMG:  Solving for p, Initial residual = 0.0118985, Final residual = 0.000104852, No Iterations 12
GAMG:  Solving for p, Initial residual = 0.00673305, Final residual = 5.7545e-05, No Iterations 8
time step continuity errors : sum local = 5.40533e-07, global = -1.16573e-07, cumulative = -1.01835e-06
PIMPLE: iteration 3
DILUPBiCG:  Solving for Ux, Initial residual = 0.00262854, Final residual = 1.17983e-06, No Iterations 2
DILUPBiCG:  Solving for Uy, Initial residual = 0.000592535, Final residual = 8.31886e-06, No Iterations 1
DILUPBiCG:  Solving for Uz, Initial residual = 0.0140997, Final residual = 1.07111e-06, No Iterations 2
GAMG:  Solving for p, Initial residual = 0.0475606, Final residual = 0.000374662, No Iterations 5
GAMG:  Solving for p, Initial residual = 0.0121522, Final residual = 0.000106592, No Iterations 6
GAMG:  Solving for p, Initial residual = 0.00642566, Final residual = 5.94064e-05, No Iterations 6
time step continuity errors : sum local = 6.28587e-07, global = -1.42001e-07, cumulative = -1.16035e-06
GAMG:  Solving for p, Initial residual = 0.00415452, Final residual = 3.38242e-05, No Iterations 6
GAMG:  Solving for p, Initial residual = 0.00224412, Final residual = 2.1602e-05, No Iterations 4
GAMG:  Solving for p, Initial residual = 0.000835795, Final residual = 8.93442e-07, No Iterations 44
time step continuity errors : sum local = 9.37822e-09, global = 2.77419e-09, cumulative = -1.15758e-06
DILUPBiCG:  Solving for omega, Initial residual = 0.00177166, Final residual = 2.59504e-06, No Iterations 1
DILUPBiCG:  Solving for k, Initial residual = 0.00566008, Final residual = 1.81615e-06, No Iterations 2
ExecutionTime = 15.54 s  ClockTime = 16 s

End

