/*---------------------------------------------------------------------------*\
| =========                 |                                                 |
| \\      /  F ield         | OpenFOAM: The Open Source CFD Toolbox           |
|  \\    /   O peration     | Version:  2.3.1                                 |
|   \\  /    A nd           | Web:      www.OpenFOAM.org                      |
|    \\/     M anipulation  |                                                 |
\*---------------------------------------------------------------------------*/
Build  : 2.3.1-262087cdf8db
Exec   : pimpleDyMFoam
Date   : Jun 05 2023
Time   : 23:31:05
Host   : "jcosson-VirtualBox"
PID    : 7470
Case   : /home/jcosson/workspace/henersj_shootingdata/calcs/moderate_deformed/primal/100_intervals_05-06-23/sweep3/interval6
nProcs : 1
sigFpe : Enabling floating point exception trapping (FOAM_SIGFPE).
fileModificationChecking : Monitoring run-time modified files using timeStampMaster
allowSystemOperations : Allowing user-supplied system call operations

// * * * * * * * * * * * * * * * * * * * * * * * * * * * * * * * * * * * * * //
Create time

Create mesh for time = 0.405

Selecting dynamicFvMesh dynamicMotionSolverFvMesh
Selecting motion solver: displacementLaplacian
Selecting motion diffusion: quadratic
Selecting motion diffusion: quadratic
Selecting motion diffusion: inverseDistance

PIMPLE: no residual control data found. Calculations will employ 3 corrector loops

Reading field p

Reading field U

Reading/calculating face flux field phi

Selecting incompressible transport model Newtonian
Selecting turbulence model type RASModel
Selecting RAS turbulence model kOmegaSST
kOmegaSSTCoeffs
{
    alphaK1         0.85034;
    alphaK2         1;
    alphaOmega1     0.5;
    alphaOmega2     0.85616;
    gamma1          0.5532;
    gamma2          0.4403;
    beta1           0.075;
    beta2           0.0828;
    betaStar        0.09;
    a1              0.31;
    c1              10;
    Cmu             0.09;
    b1              1;
    F3              false;
}

Reading/calculating face velocity Uf

No finite volume options present

Courant Number mean: 0.100457 max: 0.222352

Starting time loop

Courant Number mean: 0.100457 max: 0.222352
Time = 0.406

GAMG:  Solving for cellDisplacementx, Initial residual = 0, Final residual = 0, No Iterations 0
GAMG:  Solving for cellDisplacementy, Initial residual = 0, Final residual = 0, No Iterations 0
GAMG:  Solving for cellDisplacementz, Initial residual = 0, Final residual = 0, No Iterations 0
PIMPLE: iteration 1
DILUPBiCG:  Solving for Ux, Initial residual = 0.0241215, Final residual = 9.31076e-05, No Iterations 1
DILUPBiCG:  Solving for Uy, Initial residual = 0.00567664, Final residual = 1.05138e-05, No Iterations 1
DILUPBiCG:  Solving for Uz, Initial residual = 0.0808731, Final residual = 0.00016394, No Iterations 1
GAMG:  Solving for p, Initial residual = 0.291651, Final residual = 0.0024683, No Iterations 4
GAMG:  Solving for p, Initial residual = 0.0441226, Final residual = 0.000425699, No Iterations 18
GAMG:  Solving for p, Initial residual = 0.0162036, Final residual = 0.000158295, No Iterations 4
time step continuity errors : sum local = 7.58339e-07, global = -2.60568e-07, cumulative = -2.60568e-07
GAMG:  Solving for p, Initial residual = 0.107346, Final residual = 0.00100474, No Iterations 4
GAMG:  Solving for p, Initial residual = 0.0225915, Final residual = 0.000225526, No Iterations 14
GAMG:  Solving for p, Initial residual = 0.00917986, Final residual = 7.40891e-05, No Iterations 10
time step continuity errors : sum local = 3.58947e-07, global = -9.32174e-08, cumulative = -3.53785e-07
PIMPLE: iteration 2
DILUPBiCG:  Solving for Ux, Initial residual = 0.00755129, Final residual = 5.25309e-05, No Iterations 1
DILUPBiCG:  Solving for Uy, Initial residual = 0.00165431, Final residual = 3.96747e-06, No Iterations 1
DILUPBiCG:  Solving for Uz, Initial residual = 0.0106693, Final residual = 2.19425e-05, No Iterations 1
GAMG:  Solving for p, Initial residual = 0.118114, Final residual = 0.00062888, No Iterations 4
GAMG:  Solving for p, Initial residual = 0.0274638, Final residual = 0.000262664, No Iterations 4
GAMG:  Solving for p, Initial residual = 0.0121311, Final residual = 0.000111802, No Iterations 7
time step continuity errors : sum local = 4.7039e-07, global = -7.73182e-08, cumulative = -4.31103e-07
GAMG:  Solving for p, Initial residual = 0.056651, Final residual = 0.000285524, No Iterations 4
GAMG:  Solving for p, Initial residual = 0.0141109, Final residual = 9.3879e-05, No Iterations 5
GAMG:  Solving for p, Initial residual = 0.0065179, Final residual = 5.96664e-05, No Iterations 5
time step continuity errors : sum local = 2.54239e-07, global = -4.64046e-08, cumulative = -4.77508e-07
PIMPLE: iteration 3
DILUPBiCG:  Solving for Ux, Initial residual = 0.00236652, Final residual = 1.18806e-06, No Iterations 2
DILUPBiCG:  Solving for Uy, Initial residual = 0.000498159, Final residual = 4.33879e-06, No Iterations 1
DILUPBiCG:  Solving for Uz, Initial residual = 0.0071731, Final residual = 2.5637e-06, No Iterations 2
GAMG:  Solving for p, Initial residual = 0.0546282, Final residual = 0.0002887, No Iterations 4
GAMG:  Solving for p, Initial residual = 0.0113204, Final residual = 9.7458e-05, No Iterations 12
GAMG:  Solving for p, Initial residual = 0.00527348, Final residual = 5.06371e-05, No Iterations 4
time step continuity errors : sum local = 2.42877e-07, global = 9.76164e-08, cumulative = -3.79892e-07
GAMG:  Solving for p, Initial residual = 0.00311834, Final residual = 2.87764e-05, No Iterations 6
GAMG:  Solving for p, Initial residual = 0.00150954, Final residual = 1.25652e-05, No Iterations 4
GAMG:  Solving for p, Initial residual = 0.000642927, Final residual = 9.69767e-07, No Iterations 20
time step continuity errors : sum local = 4.63094e-09, global = 1.22629e-09, cumulative = -3.78665e-07
DILUPBiCG:  Solving for omega, Initial residual = 0.0014267, Final residual = 9.45207e-07, No Iterations 1
DILUPBiCG:  Solving for k, Initial residual = 0.00362097, Final residual = 8.31778e-07, No Iterations 2
ExecutionTime = 15.83 s  ClockTime = 16 s

End

