/*---------------------------------------------------------------------------*\
| =========                 |                                                 |
| \\      /  F ield         | OpenFOAM: The Open Source CFD Toolbox           |
|  \\    /   O peration     | Version:  2.3.1                                 |
|   \\  /    A nd           | Web:      www.OpenFOAM.org                      |
|    \\/     M anipulation  |                                                 |
\*---------------------------------------------------------------------------*/
Build  : 2.3.1-262087cdf8db
Exec   : pimpleDyMFoam
Date   : Jun 05 2023
Time   : 23:32:37
Host   : "jcosson-VirtualBox"
PID    : 7630
Case   : /home/jcosson/workspace/henersj_shootingdata/calcs/moderate_deformed/primal/100_intervals_05-06-23/sweep3/interval90
nProcs : 1
sigFpe : Enabling floating point exception trapping (FOAM_SIGFPE).
fileModificationChecking : Monitoring run-time modified files using timeStampMaster
allowSystemOperations : Allowing user-supplied system call operations

// * * * * * * * * * * * * * * * * * * * * * * * * * * * * * * * * * * * * * //
Create time

Create mesh for time = 0.489

Selecting dynamicFvMesh dynamicMotionSolverFvMesh
Selecting motion solver: displacementLaplacian
Selecting motion diffusion: quadratic
Selecting motion diffusion: quadratic
Selecting motion diffusion: inverseDistance

PIMPLE: no residual control data found. Calculations will employ 3 corrector loops

Reading field p

Reading field U

Reading/calculating face flux field phi

Selecting incompressible transport model Newtonian
Selecting turbulence model type RASModel
Selecting RAS turbulence model kOmegaSST
kOmegaSSTCoeffs
{
    alphaK1         0.85034;
    alphaK2         1;
    alphaOmega1     0.5;
    alphaOmega2     0.85616;
    gamma1          0.5532;
    gamma2          0.4403;
    beta1           0.075;
    beta2           0.0828;
    betaStar        0.09;
    a1              0.31;
    c1              10;
    Cmu             0.09;
    b1              1;
    F3              false;
}

Reading/calculating face velocity Uf

No finite volume options present

Courant Number mean: 0.118296 max: 0.25882

Starting time loop

Courant Number mean: 0.118296 max: 0.25882
Time = 0.49

GAMG:  Solving for cellDisplacementx, Initial residual = 0, Final residual = 0, No Iterations 0
GAMG:  Solving for cellDisplacementy, Initial residual = 0, Final residual = 0, No Iterations 0
GAMG:  Solving for cellDisplacementz, Initial residual = 0, Final residual = 0, No Iterations 0
PIMPLE: iteration 1
DILUPBiCG:  Solving for Ux, Initial residual = 0.0582842, Final residual = 0.000217138, No Iterations 1
DILUPBiCG:  Solving for Uy, Initial residual = 0.0115095, Final residual = 2.6597e-05, No Iterations 1
DILUPBiCG:  Solving for Uz, Initial residual = 0.120304, Final residual = 0.000198509, No Iterations 1
GAMG:  Solving for p, Initial residual = 0.174894, Final residual = 0.00159038, No Iterations 4
GAMG:  Solving for p, Initial residual = 0.0355277, Final residual = 0.000325772, No Iterations 14
GAMG:  Solving for p, Initial residual = 0.016705, Final residual = 0.00015289, No Iterations 7
time step continuity errors : sum local = 1.39084e-06, global = -3.03923e-07, cumulative = -3.03923e-07
GAMG:  Solving for p, Initial residual = 0.0792183, Final residual = 0.000665095, No Iterations 4
GAMG:  Solving for p, Initial residual = 0.0186147, Final residual = 0.00017421, No Iterations 12
GAMG:  Solving for p, Initial residual = 0.00919669, Final residual = 8.08615e-05, No Iterations 7
time step continuity errors : sum local = 7.32354e-07, global = -1.70094e-07, cumulative = -4.74017e-07
PIMPLE: iteration 2
DILUPBiCG:  Solving for Ux, Initial residual = 0.0142948, Final residual = 8.40835e-05, No Iterations 1
DILUPBiCG:  Solving for Uy, Initial residual = 0.00290944, Final residual = 6.71336e-06, No Iterations 1
DILUPBiCG:  Solving for Uz, Initial residual = 0.00808127, Final residual = 2.61034e-05, No Iterations 1
GAMG:  Solving for p, Initial residual = 0.0860939, Final residual = 0.00057305, No Iterations 6
GAMG:  Solving for p, Initial residual = 0.0225579, Final residual = 0.00019022, No Iterations 12
GAMG:  Solving for p, Initial residual = 0.0121408, Final residual = 0.000113997, No Iterations 8
time step continuity errors : sum local = 8.87102e-07, global = -1.91506e-07, cumulative = -6.65523e-07
GAMG:  Solving for p, Initial residual = 0.0464295, Final residual = 0.000288042, No Iterations 6
GAMG:  Solving for p, Initial residual = 0.0120744, Final residual = 0.000119996, No Iterations 10
GAMG:  Solving for p, Initial residual = 0.00680246, Final residual = 6.55199e-05, No Iterations 8
time step continuity errors : sum local = 5.05484e-07, global = -1.08283e-07, cumulative = -7.73806e-07
PIMPLE: iteration 3
DILUPBiCG:  Solving for Ux, Initial residual = 0.0026105, Final residual = 2.1381e-06, No Iterations 2
DILUPBiCG:  Solving for Uy, Initial residual = 0.000772038, Final residual = 4.97746e-06, No Iterations 1
DILUPBiCG:  Solving for Uz, Initial residual = 0.0104493, Final residual = 1.86308e-06, No Iterations 2
GAMG:  Solving for p, Initial residual = 0.0457868, Final residual = 0.000300839, No Iterations 5
GAMG:  Solving for p, Initial residual = 0.0114269, Final residual = 0.00011394, No Iterations 6
GAMG:  Solving for p, Initial residual = 0.0063831, Final residual = 5.81219e-05, No Iterations 8
time step continuity errors : sum local = 5.11432e-07, global = -1.01803e-07, cumulative = -8.75609e-07
GAMG:  Solving for p, Initial residual = 0.0034555, Final residual = 2.87523e-05, No Iterations 8
GAMG:  Solving for p, Initial residual = 0.00165542, Final residual = 1.55923e-05, No Iterations 5
GAMG:  Solving for p, Initial residual = 0.00066621, Final residual = 8.59497e-07, No Iterations 30
time step continuity errors : sum local = 7.44518e-09, global = 2.28378e-09, cumulative = -8.73325e-07
DILUPBiCG:  Solving for omega, Initial residual = 0.00154017, Final residual = 1.25419e-06, No Iterations 1
DILUPBiCG:  Solving for k, Initial residual = 0.00431677, Final residual = 7.93356e-07, No Iterations 2
bounding k, min: 0 max: 0.000744151 average: 0.000160531
ExecutionTime = 13.43 s  ClockTime = 14 s

End

