/*---------------------------------------------------------------------------*\
| =========                 |                                                 |
| \\      /  F ield         | OpenFOAM: The Open Source CFD Toolbox           |
|  \\    /   O peration     | Version:  2.3.1                                 |
|   \\  /    A nd           | Web:      www.OpenFOAM.org                      |
|    \\/     M anipulation  |                                                 |
\*---------------------------------------------------------------------------*/
Build  : 2.3.1-262087cdf8db
Exec   : pimpleDyMFoam
Date   : Jun 05 2023
Time   : 23:31:05
Host   : "jcosson-VirtualBox"
PID    : 7480
Case   : /home/jcosson/workspace/henersj_shootingdata/calcs/moderate_deformed/primal/100_intervals_05-06-23/sweep3/interval16
nProcs : 1
sigFpe : Enabling floating point exception trapping (FOAM_SIGFPE).
fileModificationChecking : Monitoring run-time modified files using timeStampMaster
allowSystemOperations : Allowing user-supplied system call operations

// * * * * * * * * * * * * * * * * * * * * * * * * * * * * * * * * * * * * * //
Create time

Create mesh for time = 0.415

Selecting dynamicFvMesh dynamicMotionSolverFvMesh
Selecting motion solver: displacementLaplacian
Selecting motion diffusion: quadratic
Selecting motion diffusion: quadratic
Selecting motion diffusion: inverseDistance

PIMPLE: no residual control data found. Calculations will employ 3 corrector loops

Reading field p

Reading field U

Reading/calculating face flux field phi

Selecting incompressible transport model Newtonian
Selecting turbulence model type RASModel
Selecting RAS turbulence model kOmegaSST
kOmegaSSTCoeffs
{
    alphaK1         0.85034;
    alphaK2         1;
    alphaOmega1     0.5;
    alphaOmega2     0.85616;
    gamma1          0.5532;
    gamma2          0.4403;
    beta1           0.075;
    beta2           0.0828;
    betaStar        0.09;
    a1              0.31;
    c1              10;
    Cmu             0.09;
    b1              1;
    F3              false;
}

Reading/calculating face velocity Uf

No finite volume options present

Courant Number mean: 0.133612 max: 0.292021

Starting time loop

Courant Number mean: 0.133612 max: 0.292021
Time = 0.416

GAMG:  Solving for cellDisplacementx, Initial residual = 0, Final residual = 0, No Iterations 0
GAMG:  Solving for cellDisplacementy, Initial residual = 0, Final residual = 0, No Iterations 0
GAMG:  Solving for cellDisplacementz, Initial residual = 0, Final residual = 0, No Iterations 0
PIMPLE: iteration 1
DILUPBiCG:  Solving for Ux, Initial residual = 0.0583092, Final residual = 0.000214579, No Iterations 1
DILUPBiCG:  Solving for Uy, Initial residual = 0.0115009, Final residual = 2.1865e-05, No Iterations 1
DILUPBiCG:  Solving for Uz, Initial residual = 0.112755, Final residual = 0.00024354, No Iterations 1
GAMG:  Solving for p, Initial residual = 0.20611, Final residual = 0.00173813, No Iterations 4
GAMG:  Solving for p, Initial residual = 0.0330442, Final residual = 0.000307195, No Iterations 20
GAMG:  Solving for p, Initial residual = 0.0136098, Final residual = 0.000114762, No Iterations 10
time step continuity errors : sum local = 1.29089e-06, global = -3.26654e-07, cumulative = -3.26654e-07
GAMG:  Solving for p, Initial residual = 0.080725, Final residual = 0.000640018, No Iterations 4
GAMG:  Solving for p, Initial residual = 0.0160267, Final residual = 0.000152795, No Iterations 18
GAMG:  Solving for p, Initial residual = 0.00722843, Final residual = 5.95328e-05, No Iterations 10
time step continuity errors : sum local = 6.7821e-07, global = -1.70783e-07, cumulative = -4.97437e-07
PIMPLE: iteration 2
DILUPBiCG:  Solving for Ux, Initial residual = 0.0167134, Final residual = 0.000100828, No Iterations 1
DILUPBiCG:  Solving for Uy, Initial residual = 0.00309904, Final residual = 6.75903e-06, No Iterations 1
DILUPBiCG:  Solving for Uz, Initial residual = 0.00957544, Final residual = 2.19039e-05, No Iterations 1
GAMG:  Solving for p, Initial residual = 0.0866851, Final residual = 0.000736883, No Iterations 4
GAMG:  Solving for p, Initial residual = 0.0199118, Final residual = 0.000191971, No Iterations 10
GAMG:  Solving for p, Initial residual = 0.00981044, Final residual = 8.66809e-05, No Iterations 7
time step continuity errors : sum local = 8.51431e-07, global = -2.53491e-07, cumulative = -7.50928e-07
GAMG:  Solving for p, Initial residual = 0.04365, Final residual = 0.000322836, No Iterations 4
GAMG:  Solving for p, Initial residual = 0.0103693, Final residual = 9.98959e-05, No Iterations 9
GAMG:  Solving for p, Initial residual = 0.00499151, Final residual = 4.28775e-05, No Iterations 5
time step continuity errors : sum local = 4.23483e-07, global = 1.61153e-07, cumulative = -5.89774e-07
PIMPLE: iteration 3
DILUPBiCG:  Solving for Ux, Initial residual = 0.00446084, Final residual = 1.81476e-06, No Iterations 2
DILUPBiCG:  Solving for Uy, Initial residual = 0.00080043, Final residual = 6.66477e-06, No Iterations 1
DILUPBiCG:  Solving for Uz, Initial residual = 0.0178251, Final residual = 5.65722e-06, No Iterations 2
GAMG:  Solving for p, Initial residual = 0.0378468, Final residual = 0.000335516, No Iterations 5
GAMG:  Solving for p, Initial residual = 0.00739648, Final residual = 7.24955e-05, No Iterations 15
GAMG:  Solving for p, Initial residual = 0.00344494, Final residual = 3.05544e-05, No Iterations 10
time step continuity errors : sum local = 3.40921e-07, global = 8.97172e-08, cumulative = -5.00057e-07
GAMG:  Solving for p, Initial residual = 0.00210592, Final residual = 1.8182e-05, No Iterations 10
GAMG:  Solving for p, Initial residual = 0.00118698, Final residual = 9.02812e-06, No Iterations 5
GAMG:  Solving for p, Initial residual = 0.0004699, Final residual = 9.96128e-07, No Iterations 24
time step continuity errors : sum local = 1.11041e-08, global = -3.21241e-09, cumulative = -5.0327e-07
DILUPBiCG:  Solving for omega, Initial residual = 0.00126735, Final residual = 1.10855e-06, No Iterations 1
DILUPBiCG:  Solving for k, Initial residual = 0.00389111, Final residual = 1.14501e-06, No Iterations 2
ExecutionTime = 16.5 s  ClockTime = 16 s

End

