/*---------------------------------------------------------------------------*\
| =========                 |                                                 |
| \\      /  F ield         | OpenFOAM: The Open Source CFD Toolbox           |
|  \\    /   O peration     | Version:  2.3.1                                 |
|   \\  /    A nd           | Web:      www.OpenFOAM.org                      |
|    \\/     M anipulation  |                                                 |
\*---------------------------------------------------------------------------*/
Build  : 2.3.1-262087cdf8db
Exec   : pimpleDyMFoam
Date   : Jun 05 2023
Time   : 23:32:28
Host   : "jcosson-VirtualBox"
PID    : 7620
Case   : /home/jcosson/workspace/henersj_shootingdata/calcs/moderate_deformed/primal/100_intervals_05-06-23/sweep3/interval85
nProcs : 1
sigFpe : Enabling floating point exception trapping (FOAM_SIGFPE).
fileModificationChecking : Monitoring run-time modified files using timeStampMaster
allowSystemOperations : Allowing user-supplied system call operations

// * * * * * * * * * * * * * * * * * * * * * * * * * * * * * * * * * * * * * //
Create time

Create mesh for time = 0.484

Selecting dynamicFvMesh dynamicMotionSolverFvMesh
Selecting motion solver: displacementLaplacian
Selecting motion diffusion: quadratic
Selecting motion diffusion: quadratic
Selecting motion diffusion: inverseDistance

PIMPLE: no residual control data found. Calculations will employ 3 corrector loops

Reading field p

Reading field U

Reading/calculating face flux field phi

Selecting incompressible transport model Newtonian
Selecting turbulence model type RASModel
Selecting RAS turbulence model kOmegaSST
kOmegaSSTCoeffs
{
    alphaK1         0.85034;
    alphaK2         1;
    alphaOmega1     0.5;
    alphaOmega2     0.85616;
    gamma1          0.5532;
    gamma2          0.4403;
    beta1           0.075;
    beta2           0.0828;
    betaStar        0.09;
    a1              0.31;
    c1              10;
    Cmu             0.09;
    b1              1;
    F3              false;
}

Reading/calculating face velocity Uf

No finite volume options present

Courant Number mean: 0.139691 max: 0.306717

Starting time loop

Courant Number mean: 0.139691 max: 0.306717
Time = 0.485

GAMG:  Solving for cellDisplacementx, Initial residual = 0, Final residual = 0, No Iterations 0
GAMG:  Solving for cellDisplacementy, Initial residual = 0, Final residual = 0, No Iterations 0
GAMG:  Solving for cellDisplacementz, Initial residual = 0, Final residual = 0, No Iterations 0
PIMPLE: iteration 1
DILUPBiCG:  Solving for Ux, Initial residual = 0.0674428, Final residual = 0.000257076, No Iterations 1
DILUPBiCG:  Solving for Uy, Initial residual = 0.0124283, Final residual = 2.96642e-05, No Iterations 1
DILUPBiCG:  Solving for Uz, Initial residual = 0.140286, Final residual = 0.000240555, No Iterations 1
GAMG:  Solving for p, Initial residual = 0.17589, Final residual = 0.00161396, No Iterations 6
GAMG:  Solving for p, Initial residual = 0.0338355, Final residual = 0.000306407, No Iterations 14
GAMG:  Solving for p, Initial residual = 0.0159833, Final residual = 0.0001461, No Iterations 7
time step continuity errors : sum local = 1.73228e-06, global = -3.72059e-07, cumulative = -3.72059e-07
GAMG:  Solving for p, Initial residual = 0.0780767, Final residual = 0.000692824, No Iterations 4
GAMG:  Solving for p, Initial residual = 0.0176268, Final residual = 0.000173458, No Iterations 14
GAMG:  Solving for p, Initial residual = 0.00866267, Final residual = 7.45089e-05, No Iterations 7
time step continuity errors : sum local = 8.76865e-07, global = -2.14815e-07, cumulative = -5.86874e-07
PIMPLE: iteration 2
DILUPBiCG:  Solving for Ux, Initial residual = 0.0171499, Final residual = 0.000103465, No Iterations 1
DILUPBiCG:  Solving for Uy, Initial residual = 0.00330902, Final residual = 7.80846e-06, No Iterations 1
DILUPBiCG:  Solving for Uz, Initial residual = 0.00906353, Final residual = 3.44947e-05, No Iterations 1
GAMG:  Solving for p, Initial residual = 0.0840996, Final residual = 0.000566858, No Iterations 6
GAMG:  Solving for p, Initial residual = 0.0210876, Final residual = 0.000188423, No Iterations 12
GAMG:  Solving for p, Initial residual = 0.0112518, Final residual = 0.000111182, No Iterations 8
time step continuity errors : sum local = 1.1219e-06, global = -2.41288e-07, cumulative = -8.28162e-07
GAMG:  Solving for p, Initial residual = 0.0447646, Final residual = 0.000282812, No Iterations 6
GAMG:  Solving for p, Initial residual = 0.0110723, Final residual = 9.49142e-05, No Iterations 12
GAMG:  Solving for p, Initial residual = 0.00618605, Final residual = 5.48596e-05, No Iterations 8
time step continuity errors : sum local = 5.49072e-07, global = -1.17825e-07, cumulative = -9.45988e-07
PIMPLE: iteration 3
DILUPBiCG:  Solving for Ux, Initial residual = 0.00336729, Final residual = 2.59905e-06, No Iterations 2
DILUPBiCG:  Solving for Uy, Initial residual = 0.000907127, Final residual = 5.2396e-06, No Iterations 1
DILUPBiCG:  Solving for Uz, Initial residual = 0.012765, Final residual = 2.2996e-06, No Iterations 2
GAMG:  Solving for p, Initial residual = 0.0433407, Final residual = 0.00025747, No Iterations 6
GAMG:  Solving for p, Initial residual = 0.0108359, Final residual = 8.97073e-05, No Iterations 13
GAMG:  Solving for p, Initial residual = 0.00574323, Final residual = 5.22957e-05, No Iterations 8
time step continuity errors : sum local = 5.95276e-07, global = -1.32927e-07, cumulative = -1.07891e-06
GAMG:  Solving for p, Initial residual = 0.00323097, Final residual = 2.53848e-05, No Iterations 8
GAMG:  Solving for p, Initial residual = 0.00161365, Final residual = 1.33589e-05, No Iterations 5
GAMG:  Solving for p, Initial residual = 0.000639564, Final residual = 9.20235e-07, No Iterations 30
time step continuity errors : sum local = 1.03669e-08, global = 3.13563e-09, cumulative = -1.07578e-06
DILUPBiCG:  Solving for omega, Initial residual = 0.00154993, Final residual = 1.54358e-06, No Iterations 1
DILUPBiCG:  Solving for k, Initial residual = 0.00447172, Final residual = 9.49033e-07, No Iterations 2
ExecutionTime = 15.77 s  ClockTime = 15 s

End

