/*---------------------------------------------------------------------------*\
| =========                 |                                                 |
| \\      /  F ield         | OpenFOAM: The Open Source CFD Toolbox           |
|  \\    /   O peration     | Version:  2.3.1                                 |
|   \\  /    A nd           | Web:      www.OpenFOAM.org                      |
|    \\/     M anipulation  |                                                 |
\*---------------------------------------------------------------------------*/
Build  : 2.3.1-262087cdf8db
Exec   : pimpleDyMFoam
Date   : Jun 05 2023
Time   : 23:31:57
Host   : "jcosson-VirtualBox"
PID    : 7560
Case   : /home/jcosson/workspace/henersj_shootingdata/calcs/moderate_deformed/primal/100_intervals_05-06-23/sweep3/interval55
nProcs : 1
sigFpe : Enabling floating point exception trapping (FOAM_SIGFPE).
fileModificationChecking : Monitoring run-time modified files using timeStampMaster
allowSystemOperations : Allowing user-supplied system call operations

// * * * * * * * * * * * * * * * * * * * * * * * * * * * * * * * * * * * * * //
Create time

Create mesh for time = 0.454

Selecting dynamicFvMesh dynamicMotionSolverFvMesh
Selecting motion solver: displacementLaplacian
Selecting motion diffusion: quadratic
Selecting motion diffusion: quadratic
Selecting motion diffusion: inverseDistance

PIMPLE: no residual control data found. Calculations will employ 3 corrector loops

Reading field p

Reading field U

Reading/calculating face flux field phi

Selecting incompressible transport model Newtonian
Selecting turbulence model type RASModel
Selecting RAS turbulence model kOmegaSST
kOmegaSSTCoeffs
{
    alphaK1         0.85034;
    alphaK2         1;
    alphaOmega1     0.5;
    alphaOmega2     0.85616;
    gamma1          0.5532;
    gamma2          0.4403;
    beta1           0.075;
    beta2           0.0828;
    betaStar        0.09;
    a1              0.31;
    c1              10;
    Cmu             0.09;
    b1              1;
    F3              false;
}

Reading/calculating face velocity Uf

No finite volume options present

Courant Number mean: 0.276736 max: 0.622509

Starting time loop

Courant Number mean: 0.276736 max: 0.622509
Time = 0.455

GAMG:  Solving for cellDisplacementx, Initial residual = 0, Final residual = 0, No Iterations 0
GAMG:  Solving for cellDisplacementy, Initial residual = 0, Final residual = 0, No Iterations 0
GAMG:  Solving for cellDisplacementz, Initial residual = 0, Final residual = 0, No Iterations 0
PIMPLE: iteration 1
DILUPBiCG:  Solving for Ux, Initial residual = 0.0106245, Final residual = 3.72055e-05, No Iterations 1
DILUPBiCG:  Solving for Uy, Initial residual = 0.00172408, Final residual = 5.5788e-06, No Iterations 1
DILUPBiCG:  Solving for Uz, Initial residual = 0.13657, Final residual = 0.000353008, No Iterations 1
GAMG:  Solving for p, Initial residual = 0.282287, Final residual = 0.00224693, No Iterations 8
GAMG:  Solving for p, Initial residual = 0.0572049, Final residual = 0.000524406, No Iterations 12
GAMG:  Solving for p, Initial residual = 0.027255, Final residual = 0.000236091, No Iterations 8
time step continuity errors : sum local = 1.09919e-06, global = 3.47018e-07, cumulative = 3.47018e-07
GAMG:  Solving for p, Initial residual = 0.116324, Final residual = 0.000911839, No Iterations 8
GAMG:  Solving for p, Initial residual = 0.0336717, Final residual = 0.000335567, No Iterations 7
GAMG:  Solving for p, Initial residual = 0.0161685, Final residual = 0.000155409, No Iterations 5
time step continuity errors : sum local = 7.19393e-07, global = 2.21488e-07, cumulative = 5.68507e-07
PIMPLE: iteration 2
DILUPBiCG:  Solving for Ux, Initial residual = 0.00338811, Final residual = 1.95666e-05, No Iterations 1
DILUPBiCG:  Solving for Uy, Initial residual = 0.00054582, Final residual = 4.34702e-06, No Iterations 1
DILUPBiCG:  Solving for Uz, Initial residual = 0.013081, Final residual = 3.06124e-05, No Iterations 1
GAMG:  Solving for p, Initial residual = 0.136466, Final residual = 0.00096111, No Iterations 4
GAMG:  Solving for p, Initial residual = 0.04053, Final residual = 0.000199239, No Iterations 5
GAMG:  Solving for p, Initial residual = 0.0231866, Final residual = 0.000175402, No Iterations 5
time step continuity errors : sum local = 7.05366e-07, global = 2.99259e-07, cumulative = 8.67766e-07
GAMG:  Solving for p, Initial residual = 0.071422, Final residual = 0.000419227, No Iterations 4
GAMG:  Solving for p, Initial residual = 0.0217072, Final residual = 8.62861e-05, No Iterations 5
GAMG:  Solving for p, Initial residual = 0.0120846, Final residual = 9.36922e-05, No Iterations 4
time step continuity errors : sum local = 3.70331e-07, global = -1.34066e-08, cumulative = 8.54359e-07
PIMPLE: iteration 3
DILUPBiCG:  Solving for Ux, Initial residual = 0.000941117, Final residual = 1.75121e-07, No Iterations 2
DILUPBiCG:  Solving for Uy, Initial residual = 0.000234615, Final residual = 7.64378e-08, No Iterations 2
DILUPBiCG:  Solving for Uz, Initial residual = 0.0108303, Final residual = 1.30094e-06, No Iterations 2
GAMG:  Solving for p, Initial residual = 0.0800445, Final residual = 0.000657741, No Iterations 4
GAMG:  Solving for p, Initial residual = 0.0217707, Final residual = 9.14985e-05, No Iterations 6
GAMG:  Solving for p, Initial residual = 0.0118166, Final residual = 9.90908e-05, No Iterations 4
time step continuity errors : sum local = 4.23538e-07, global = -4.02931e-08, cumulative = 8.14066e-07
GAMG:  Solving for p, Initial residual = 0.00890761, Final residual = 5.32144e-05, No Iterations 5
GAMG:  Solving for p, Initial residual = 0.00509679, Final residual = 2.00521e-05, No Iterations 5
GAMG:  Solving for p, Initial residual = 0.00193574, Final residual = 8.8585e-07, No Iterations 37
time step continuity errors : sum local = 3.77446e-09, global = 1.1105e-09, cumulative = 8.15176e-07
DILUPBiCG:  Solving for omega, Initial residual = 0.00194298, Final residual = 2.8516e-06, No Iterations 1
DILUPBiCG:  Solving for k, Initial residual = 0.00530595, Final residual = 9.45385e-07, No Iterations 2
ExecutionTime = 14.92 s  ClockTime = 15 s

End

