/*---------------------------------------------------------------------------*\
| =========                 |                                                 |
| \\      /  F ield         | OpenFOAM: The Open Source CFD Toolbox           |
|  \\    /   O peration     | Version:  2.3.1                                 |
|   \\  /    A nd           | Web:      www.OpenFOAM.org                      |
|    \\/     M anipulation  |                                                 |
\*---------------------------------------------------------------------------*/
Build  : 2.3.1-262087cdf8db
Exec   : pimpleDyMFoam
Date   : Jun 06 2023
Time   : 03:01:04
Host   : "jcosson-VirtualBox"
PID    : 16202
Case   : /home/jcosson/workspace/henersj_shootingdata/calcs/moderate_deformed/primal/100_intervals_05-06-23/sweep86/interval87
nProcs : 1
sigFpe : Enabling floating point exception trapping (FOAM_SIGFPE).
fileModificationChecking : Monitoring run-time modified files using timeStampMaster
allowSystemOperations : Allowing user-supplied system call operations

// * * * * * * * * * * * * * * * * * * * * * * * * * * * * * * * * * * * * * //
Create time

Create mesh for time = 0.486

Selecting dynamicFvMesh dynamicMotionSolverFvMesh
Selecting motion solver: displacementLaplacian
Selecting motion diffusion: quadratic
Selecting motion diffusion: quadratic
Selecting motion diffusion: inverseDistance

PIMPLE: no residual control data found. Calculations will employ 3 corrector loops

Reading field p

Reading field U

Reading/calculating face flux field phi

Selecting incompressible transport model Newtonian
Selecting turbulence model type RASModel
Selecting RAS turbulence model kOmegaSST
bounding k, min: 0 max: 0.000619056 average: 0.0001513
kOmegaSSTCoeffs
{
    alphaK1         0.85034;
    alphaK2         1;
    alphaOmega1     0.5;
    alphaOmega2     0.85616;
    gamma1          0.5532;
    gamma2          0.4403;
    beta1           0.075;
    beta2           0.0828;
    betaStar        0.09;
    a1              0.31;
    c1              10;
    Cmu             0.09;
    b1              1;
    F3              false;
}

Reading/calculating face velocity Uf

No finite volume options present

Courant Number mean: 0.131107 max: 0.285021

Starting time loop

Courant Number mean: 0.131107 max: 0.285021
Time = 0.487

GAMG:  Solving for cellDisplacementx, Initial residual = 0, Final residual = 0, No Iterations 0
GAMG:  Solving for cellDisplacementy, Initial residual = 0, Final residual = 0, No Iterations 0
GAMG:  Solving for cellDisplacementz, Initial residual = 0, Final residual = 0, No Iterations 0
PIMPLE: iteration 1
DILUPBiCG:  Solving for Ux, Initial residual = 0.0615353, Final residual = 0.000242927, No Iterations 1
DILUPBiCG:  Solving for Uy, Initial residual = 0.0117048, Final residual = 2.47355e-05, No Iterations 1
DILUPBiCG:  Solving for Uz, Initial residual = 0.0110075, Final residual = 1.3324e-05, No Iterations 1
GAMG:  Solving for p, Initial residual = 0.116074, Final residual = 0.000891265, No Iterations 4
GAMG:  Solving for p, Initial residual = 0.0148209, Final residual = 0.000131804, No Iterations 18
GAMG:  Solving for p, Initial residual = 0.00693688, Final residual = 6.17008e-05, No Iterations 10
time step continuity errors : sum local = 7.95749e-07, global = 2.07911e-07, cumulative = 2.07911e-07
GAMG:  Solving for p, Initial residual = 0.0517177, Final residual = 0.000363458, No Iterations 4
GAMG:  Solving for p, Initial residual = 0.00740924, Final residual = 6.47224e-05, No Iterations 16
GAMG:  Solving for p, Initial residual = 0.00348703, Final residual = 3.192e-05, No Iterations 10
time step continuity errors : sum local = 4.13541e-07, global = 1.08909e-07, cumulative = 3.1682e-07
PIMPLE: iteration 2
DILUPBiCG:  Solving for Ux, Initial residual = 0.0162082, Final residual = 0.00010081, No Iterations 1
DILUPBiCG:  Solving for Uy, Initial residual = 0.00323218, Final residual = 6.79744e-06, No Iterations 1
DILUPBiCG:  Solving for Uz, Initial residual = 0.00285972, Final residual = 9.77478e-06, No Iterations 1
GAMG:  Solving for p, Initial residual = 0.0509448, Final residual = 0.000482068, No Iterations 4
GAMG:  Solving for p, Initial residual = 0.00967432, Final residual = 8.24817e-05, No Iterations 16
GAMG:  Solving for p, Initial residual = 0.00410219, Final residual = 3.49903e-05, No Iterations 10
time step continuity errors : sum local = 3.93762e-07, global = -1.00566e-07, cumulative = 2.16254e-07
GAMG:  Solving for p, Initial residual = 0.0265425, Final residual = 0.000222176, No Iterations 4
GAMG:  Solving for p, Initial residual = 0.00493855, Final residual = 4.83963e-05, No Iterations 12
GAMG:  Solving for p, Initial residual = 0.00192334, Final residual = 1.74719e-05, No Iterations 12
time step continuity errors : sum local = 1.97406e-07, global = -5.63843e-08, cumulative = 1.5987e-07
PIMPLE: iteration 3
DILUPBiCG:  Solving for Ux, Initial residual = 0.00352285, Final residual = 3.0882e-06, No Iterations 2
DILUPBiCG:  Solving for Uy, Initial residual = 0.000729161, Final residual = 5.01212e-06, No Iterations 1
DILUPBiCG:  Solving for Uz, Initial residual = 0.00529614, Final residual = 3.67646e-06, No Iterations 2
GAMG:  Solving for p, Initial residual = 0.044124, Final residual = 0.000326266, No Iterations 5
GAMG:  Solving for p, Initial residual = 0.00984875, Final residual = 9.05313e-05, No Iterations 14
GAMG:  Solving for p, Initial residual = 0.00495713, Final residual = 4.71195e-05, No Iterations 10
time step continuity errors : sum local = 5.95009e-07, global = -1.56266e-07, cumulative = 3.60359e-09
GAMG:  Solving for p, Initial residual = 0.00243583, Final residual = 1.98719e-05, No Iterations 8
GAMG:  Solving for p, Initial residual = 0.00131247, Final residual = 9.64115e-06, No Iterations 5
GAMG:  Solving for p, Initial residual = 0.000538468, Final residual = 9.43044e-07, No Iterations 28
time step continuity errors : sum local = 1.17839e-08, global = 3.54696e-09, cumulative = 7.15055e-09
DILUPBiCG:  Solving for omega, Initial residual = 0.00105923, Final residual = 7.12258e-07, No Iterations 1
DILUPBiCG:  Solving for k, Initial residual = 0.00352, Final residual = 6.78443e-07, No Iterations 2
bounding k, min: 0 max: 0.000608106 average: 0.00015042
ExecutionTime = 17.17 s  ClockTime = 17 s

End

