/*---------------------------------------------------------------------------*\
| =========                 |                                                 |
| \\      /  F ield         | OpenFOAM: The Open Source CFD Toolbox           |
|  \\    /   O peration     | Version:  2.3.1                                 |
|   \\  /    A nd           | Web:      www.OpenFOAM.org                      |
|    \\/     M anipulation  |                                                 |
\*---------------------------------------------------------------------------*/
Build  : 2.3.1-262087cdf8db
Exec   : pimpleDyMFoam
Date   : Jun 05 2023
Time   : 18:25:41
Host   : "jcosson-VirtualBox"
PID    : 16678
Case   : /home/jcosson/workspace/henersj_shootingdata/calcs/moderate_deformed/primal/56_intervals_05-06-23/sweep13/interval14
nProcs : 1
sigFpe : Enabling floating point exception trapping (FOAM_SIGFPE).
fileModificationChecking : Monitoring run-time modified files using timeStampMaster
allowSystemOperations : Allowing user-supplied system call operations

// * * * * * * * * * * * * * * * * * * * * * * * * * * * * * * * * * * * * * //
Create time

Create mesh for time = 0.423

Selecting dynamicFvMesh dynamicMotionSolverFvMesh
Selecting motion solver: displacementLaplacian
Selecting motion diffusion: quadratic
Selecting motion diffusion: quadratic
Selecting motion diffusion: inverseDistance

PIMPLE: no residual control data found. Calculations will employ 3 corrector loops

Reading field p

Reading field U

Reading/calculating face flux field phi

Selecting incompressible transport model Newtonian
Selecting turbulence model type RASModel
Selecting RAS turbulence model kOmegaSST
kOmegaSSTCoeffs
{
    alphaK1         0.85034;
    alphaK2         1;
    alphaOmega1     0.5;
    alphaOmega2     0.85616;
    gamma1          0.5532;
    gamma2          0.4403;
    beta1           0.075;
    beta2           0.0828;
    betaStar        0.09;
    a1              0.31;
    c1              10;
    Cmu             0.09;
    b1              1;
    F3              false;
}

Reading/calculating face velocity Uf

No finite volume options present

Courant Number mean: 0.17631 max: 0.378891

Starting time loop

Courant Number mean: 0.17631 max: 0.378891
Time = 0.424

GAMG:  Solving for cellDisplacementx, Initial residual = 0, Final residual = 0, No Iterations 0
GAMG:  Solving for cellDisplacementy, Initial residual = 0, Final residual = 0, No Iterations 0
GAMG:  Solving for cellDisplacementz, Initial residual = 0, Final residual = 0, No Iterations 0
PIMPLE: iteration 1
DILUPBiCG:  Solving for Ux, Initial residual = 0.0616272, Final residual = 0.00020932, No Iterations 1
DILUPBiCG:  Solving for Uy, Initial residual = 0.0104786, Final residual = 2.09105e-05, No Iterations 1
DILUPBiCG:  Solving for Uz, Initial residual = 0.0219096, Final residual = 2.52793e-05, No Iterations 1
GAMG:  Solving for p, Initial residual = 0.127765, Final residual = 0.000851464, No Iterations 6
GAMG:  Solving for p, Initial residual = 0.015765, Final residual = 0.000155357, No Iterations 16
GAMG:  Solving for p, Initial residual = 0.00694484, Final residual = 6.36633e-05, No Iterations 10
time step continuity errors : sum local = 9.6817e-07, global = -2.49714e-07, cumulative = -2.49714e-07
GAMG:  Solving for p, Initial residual = 0.0547565, Final residual = 0.00051445, No Iterations 4
GAMG:  Solving for p, Initial residual = 0.00787482, Final residual = 7.84657e-05, No Iterations 16
GAMG:  Solving for p, Initial residual = 0.00363254, Final residual = 3.42496e-05, No Iterations 10
time step continuity errors : sum local = 5.21722e-07, global = -1.34774e-07, cumulative = -3.84489e-07
PIMPLE: iteration 2
DILUPBiCG:  Solving for Ux, Initial residual = 0.017223, Final residual = 8.33641e-05, No Iterations 1
DILUPBiCG:  Solving for Uy, Initial residual = 0.0029029, Final residual = 7.29868e-06, No Iterations 1
DILUPBiCG:  Solving for Uz, Initial residual = 0.00363301, Final residual = 0.000178216, No Iterations 1
GAMG:  Solving for p, Initial residual = 0.0555067, Final residual = 0.000450064, No Iterations 4
GAMG:  Solving for p, Initial residual = 0.00930949, Final residual = 7.90056e-05, No Iterations 16
GAMG:  Solving for p, Initial residual = 0.00427877, Final residual = 4.16333e-05, No Iterations 6
time step continuity errors : sum local = 5.42479e-07, global = 1.50788e-07, cumulative = -2.33701e-07
GAMG:  Solving for p, Initial residual = 0.0284679, Final residual = 0.000200468, No Iterations 4
GAMG:  Solving for p, Initial residual = 0.0046757, Final residual = 4.66757e-05, No Iterations 12
GAMG:  Solving for p, Initial residual = 0.00203821, Final residual = 1.76414e-05, No Iterations 10
time step continuity errors : sum local = 2.31037e-07, global = 5.81123e-08, cumulative = -1.75589e-07
PIMPLE: iteration 3
DILUPBiCG:  Solving for Ux, Initial residual = 0.00416726, Final residual = 1.44945e-06, No Iterations 2
DILUPBiCG:  Solving for Uy, Initial residual = 0.000722319, Final residual = 8.19024e-06, No Iterations 1
DILUPBiCG:  Solving for Uz, Initial residual = 0.00822073, Final residual = 2.97888e-06, No Iterations 2
GAMG:  Solving for p, Initial residual = 0.0402209, Final residual = 0.000314664, No Iterations 5
GAMG:  Solving for p, Initial residual = 0.00944817, Final residual = 8.58296e-05, No Iterations 7
GAMG:  Solving for p, Initial residual = 0.00427244, Final residual = 4.20133e-05, No Iterations 8
time step continuity errors : sum local = 6.14927e-07, global = 1.33916e-07, cumulative = -4.16727e-08
GAMG:  Solving for p, Initial residual = 0.00234962, Final residual = 2.3083e-05, No Iterations 16
GAMG:  Solving for p, Initial residual = 0.00130633, Final residual = 1.17908e-05, No Iterations 4
GAMG:  Solving for p, Initial residual = 0.000518991, Final residual = 9.59586e-07, No Iterations 34
time step continuity errors : sum local = 1.39706e-08, global = -4.08896e-09, cumulative = -4.57616e-08
DILUPBiCG:  Solving for omega, Initial residual = 0.00064182, Final residual = 7.1045e-07, No Iterations 1
DILUPBiCG:  Solving for k, Initial residual = 0.00448515, Final residual = 1.21749e-06, No Iterations 2
ExecutionTime = 17.59 s  ClockTime = 18 s

Courant Number mean: 0.182068 max: 0.391921
Time = 0.425

GAMG:  Solving for cellDisplacementx, Initial residual = 0, Final residual = 0, No Iterations 0
GAMG:  Solving for cellDisplacementy, Initial residual = 0, Final residual = 0, No Iterations 0
GAMG:  Solving for cellDisplacementz, Initial residual = 0, Final residual = 0, No Iterations 0
PIMPLE: iteration 1
DILUPBiCG:  Solving for Ux, Initial residual = 0.0604253, Final residual = 0.000204337, No Iterations 1
DILUPBiCG:  Solving for Uy, Initial residual = 0.0102314, Final residual = 2.06787e-05, No Iterations 1
DILUPBiCG:  Solving for Uz, Initial residual = 0.0201981, Final residual = 2.53955e-05, No Iterations 1
GAMG:  Solving for p, Initial residual = 0.119673, Final residual = 0.000891857, No Iterations 6
GAMG:  Solving for p, Initial residual = 0.0141593, Final residual = 0.000138159, No Iterations 18
GAMG:  Solving for p, Initial residual = 0.00637015, Final residual = 6.32128e-05, No Iterations 8
time step continuity errors : sum local = 9.7012e-07, global = -2.16713e-07, cumulative = -2.62475e-07
GAMG:  Solving for p, Initial residual = 0.0512039, Final residual = 0.000510367, No Iterations 4
GAMG:  Solving for p, Initial residual = 0.00704178, Final residual = 6.04836e-05, No Iterations 20
GAMG:  Solving for p, Initial residual = 0.00335747, Final residual = 2.93139e-05, No Iterations 4
time step continuity errors : sum local = 4.51031e-07, global = -1.47195e-07, cumulative = -4.0967e-07
PIMPLE: iteration 2
DILUPBiCG:  Solving for Ux, Initial residual = 0.0169389, Final residual = 8.02112e-05, No Iterations 1
DILUPBiCG:  Solving for Uy, Initial residual = 0.00283401, Final residual = 7.27624e-06, No Iterations 1
DILUPBiCG:  Solving for Uz, Initial residual = 0.00348844, Final residual = 2.80613e-05, No Iterations 1
GAMG:  Solving for p, Initial residual = 0.0516695, Final residual = 0.000468474, No Iterations 4
GAMG:  Solving for p, Initial residual = 0.00851256, Final residual = 8.18709e-05, No Iterations 16
GAMG:  Solving for p, Initial residual = 0.00398138, Final residual = 3.7679e-05, No Iterations 8
time step continuity errors : sum local = 4.94896e-07, global = 1.5739e-07, cumulative = -2.5228e-07
GAMG:  Solving for p, Initial residual = 0.0265145, Final residual = 0.000205794, No Iterations 4
GAMG:  Solving for p, Initial residual = 0.0042462, Final residual = 4.02259e-05, No Iterations 14
GAMG:  Solving for p, Initial residual = 0.00187576, Final residual = 1.84507e-05, No Iterations 8
time step continuity errors : sum local = 2.43572e-07, global = 6.55786e-08, cumulative = -1.86702e-07
PIMPLE: iteration 3
DILUPBiCG:  Solving for Ux, Initial residual = 0.00412695, Final residual = 1.42871e-06, No Iterations 2
DILUPBiCG:  Solving for Uy, Initial residual = 0.000704428, Final residual = 8.13666e-06, No Iterations 1
DILUPBiCG:  Solving for Uz, Initial residual = 0.00852225, Final residual = 2.61107e-06, No Iterations 2
GAMG:  Solving for p, Initial residual = 0.0396147, Final residual = 0.000301464, No Iterations 5
GAMG:  Solving for p, Initial residual = 0.00931159, Final residual = 9.17793e-05, No Iterations 5
GAMG:  Solving for p, Initial residual = 0.00416095, Final residual = 3.81547e-05, No Iterations 10
time step continuity errors : sum local = 5.63977e-07, global = 1.43753e-07, cumulative = -4.29483e-08
GAMG:  Solving for p, Initial residual = 0.00230786, Final residual = 2.07174e-05, No Iterations 18
GAMG:  Solving for p, Initial residual = 0.00131325, Final residual = 1.07268e-05, No Iterations 4
GAMG:  Solving for p, Initial residual = 0.000507946, Final residual = 8.63026e-07, No Iterations 30
time step continuity errors : sum local = 1.26783e-08, global = -3.75532e-09, cumulative = -4.67036e-08
DILUPBiCG:  Solving for omega, Initial residual = 0.000639345, Final residual = 7.23303e-07, No Iterations 1
DILUPBiCG:  Solving for k, Initial residual = 0.00458954, Final residual = 1.20133e-06, No Iterations 2
ExecutionTime = 32.14 s  ClockTime = 32 s

End

