/*---------------------------------------------------------------------------*\
| =========                 |                                                 |
| \\      /  F ield         | OpenFOAM: The Open Source CFD Toolbox           |
|  \\    /   O peration     | Version:  2.3.1                                 |
|   \\  /    A nd           | Web:      www.OpenFOAM.org                      |
|    \\/     M anipulation  |                                                 |
\*---------------------------------------------------------------------------*/
Build  : 2.3.1-262087cdf8db
Exec   : pimpleDyMFoam
Date   : Jun 05 2023
Time   : 18:26:46
Host   : "jcosson-VirtualBox"
PID    : 16751
Case   : /home/jcosson/workspace/henersj_shootingdata/calcs/moderate_deformed/primal/56_intervals_05-06-23/sweep13/interval52
nProcs : 1
sigFpe : Enabling floating point exception trapping (FOAM_SIGFPE).
fileModificationChecking : Monitoring run-time modified files using timeStampMaster
allowSystemOperations : Allowing user-supplied system call operations

// * * * * * * * * * * * * * * * * * * * * * * * * * * * * * * * * * * * * * //
Create time

Create mesh for time = 0.491

Selecting dynamicFvMesh dynamicMotionSolverFvMesh
Selecting motion solver: displacementLaplacian
Selecting motion diffusion: quadratic
Selecting motion diffusion: quadratic
Selecting motion diffusion: inverseDistance

PIMPLE: no residual control data found. Calculations will employ 3 corrector loops

Reading field p

Reading field U

Reading/calculating face flux field phi

Selecting incompressible transport model Newtonian
Selecting turbulence model type RASModel
Selecting RAS turbulence model kOmegaSST
bounding k, min: 0 max: 0.000690429 average: 0.000156971
kOmegaSSTCoeffs
{
    alphaK1         0.85034;
    alphaK2         1;
    alphaOmega1     0.5;
    alphaOmega2     0.85616;
    gamma1          0.5532;
    gamma2          0.4403;
    beta1           0.075;
    beta2           0.0828;
    betaStar        0.09;
    a1              0.31;
    c1              10;
    Cmu             0.09;
    b1              1;
    F3              false;
}

Reading/calculating face velocity Uf

No finite volume options present

Courant Number mean: 0.112301 max: 0.253739

Starting time loop

Courant Number mean: 0.112301 max: 0.253739
Time = 0.492

GAMG:  Solving for cellDisplacementx, Initial residual = 0, Final residual = 0, No Iterations 0
GAMG:  Solving for cellDisplacementy, Initial residual = 0, Final residual = 0, No Iterations 0
GAMG:  Solving for cellDisplacementz, Initial residual = 0, Final residual = 0, No Iterations 0
PIMPLE: iteration 1
DILUPBiCG:  Solving for Ux, Initial residual = 0.0482359, Final residual = 0.000175937, No Iterations 1
DILUPBiCG:  Solving for Uy, Initial residual = 0.0100075, Final residual = 2.03173e-05, No Iterations 1
DILUPBiCG:  Solving for Uz, Initial residual = 0.0169739, Final residual = 1.58378e-05, No Iterations 1
GAMG:  Solving for p, Initial residual = 0.114391, Final residual = 0.000637979, No Iterations 4
GAMG:  Solving for p, Initial residual = 0.0165436, Final residual = 0.000157998, No Iterations 16
GAMG:  Solving for p, Initial residual = 0.00820467, Final residual = 7.64932e-05, No Iterations 4
time step continuity errors : sum local = 7.09175e-07, global = 2.42573e-07, cumulative = 2.42573e-07
GAMG:  Solving for p, Initial residual = 0.052255, Final residual = 0.000278428, No Iterations 4
GAMG:  Solving for p, Initial residual = 0.00809603, Final residual = 7.18014e-05, No Iterations 16
GAMG:  Solving for p, Initial residual = 0.00412842, Final residual = 3.63198e-05, No Iterations 4
time step continuity errors : sum local = 3.39847e-07, global = 1.16202e-07, cumulative = 3.58775e-07
PIMPLE: iteration 2
DILUPBiCG:  Solving for Ux, Initial residual = 0.0122092, Final residual = 6.95534e-05, No Iterations 1
DILUPBiCG:  Solving for Uy, Initial residual = 0.00259203, Final residual = 5.28411e-06, No Iterations 1
DILUPBiCG:  Solving for Uz, Initial residual = 0.00301385, Final residual = 9.51478e-06, No Iterations 1
GAMG:  Solving for p, Initial residual = 0.0507715, Final residual = 0.000334289, No Iterations 6
GAMG:  Solving for p, Initial residual = 0.0115283, Final residual = 0.00011341, No Iterations 12
GAMG:  Solving for p, Initial residual = 0.00474735, Final residual = 3.8513e-05, No Iterations 10
time step continuity errors : sum local = 3.1425e-07, global = -8.04648e-08, cumulative = 2.7831e-07
GAMG:  Solving for p, Initial residual = 0.0268239, Final residual = 0.000241544, No Iterations 4
GAMG:  Solving for p, Initial residual = 0.00586469, Final residual = 5.6205e-05, No Iterations 12
GAMG:  Solving for p, Initial residual = 0.00256441, Final residual = 2.20046e-05, No Iterations 4
time step continuity errors : sum local = 1.8004e-07, global = -6.67375e-08, cumulative = 2.11572e-07
PIMPLE: iteration 3
DILUPBiCG:  Solving for Ux, Initial residual = 0.00249168, Final residual = 2.35071e-06, No Iterations 2
DILUPBiCG:  Solving for Uy, Initial residual = 0.000581232, Final residual = 5.28775e-06, No Iterations 1
DILUPBiCG:  Solving for Uz, Initial residual = 0.00531222, Final residual = 1.91413e-06, No Iterations 2
GAMG:  Solving for p, Initial residual = 0.047445, Final residual = 0.000347199, No Iterations 5
GAMG:  Solving for p, Initial residual = 0.0107669, Final residual = 9.97705e-05, No Iterations 14
GAMG:  Solving for p, Initial residual = 0.00558323, Final residual = 5.01053e-05, No Iterations 10
time step continuity errors : sum local = 4.56864e-07, global = -1.20638e-07, cumulative = 9.0934e-08
GAMG:  Solving for p, Initial residual = 0.00264508, Final residual = 2.60185e-05, No Iterations 7
GAMG:  Solving for p, Initial residual = 0.00138961, Final residual = 1.05588e-05, No Iterations 6
GAMG:  Solving for p, Initial residual = 0.000573524, Final residual = 9.97211e-07, No Iterations 28
time step continuity errors : sum local = 8.98057e-09, global = 2.73664e-09, cumulative = 9.36707e-08
DILUPBiCG:  Solving for omega, Initial residual = 0.00140569, Final residual = 7.69463e-07, No Iterations 1
DILUPBiCG:  Solving for k, Initial residual = 0.00376007, Final residual = 6.00768e-07, No Iterations 2
bounding k, min: 0 max: 0.000680543 average: 0.000155977
ExecutionTime = 14.67 s  ClockTime = 15 s

Courant Number mean: 0.109421 max: 0.247375
Time = 0.493

GAMG:  Solving for cellDisplacementx, Initial residual = 0, Final residual = 0, No Iterations 0
GAMG:  Solving for cellDisplacementy, Initial residual = 0, Final residual = 0, No Iterations 0
GAMG:  Solving for cellDisplacementz, Initial residual = 0, Final residual = 0, No Iterations 0
PIMPLE: iteration 1
DILUPBiCG:  Solving for Ux, Initial residual = 0.0445791, Final residual = 0.000162362, No Iterations 1
DILUPBiCG:  Solving for Uy, Initial residual = 0.00929287, Final residual = 1.8711e-05, No Iterations 1
DILUPBiCG:  Solving for Uz, Initial residual = 0.0168159, Final residual = 1.84905e-05, No Iterations 1
GAMG:  Solving for p, Initial residual = 0.104908, Final residual = 0.00050095, No Iterations 4
GAMG:  Solving for p, Initial residual = 0.0139051, Final residual = 0.000137857, No Iterations 16
GAMG:  Solving for p, Initial residual = 0.00732253, Final residual = 6.04798e-05, No Iterations 5
time step continuity errors : sum local = 5.12731e-07, global = 9.44726e-08, cumulative = 1.88143e-07
GAMG:  Solving for p, Initial residual = 0.0485687, Final residual = 0.000215153, No Iterations 4
GAMG:  Solving for p, Initial residual = 0.00676288, Final residual = 6.29771e-05, No Iterations 16
GAMG:  Solving for p, Initial residual = 0.00369808, Final residual = 3.12653e-05, No Iterations 5
time step continuity errors : sum local = 2.66724e-07, global = 4.79146e-08, cumulative = 2.36058e-07
PIMPLE: iteration 2
DILUPBiCG:  Solving for Ux, Initial residual = 0.0111379, Final residual = 6.34935e-05, No Iterations 1
DILUPBiCG:  Solving for Uy, Initial residual = 0.00238234, Final residual = 4.83497e-06, No Iterations 1
DILUPBiCG:  Solving for Uz, Initial residual = 0.00273606, Final residual = 7.20184e-06, No Iterations 1
GAMG:  Solving for p, Initial residual = 0.0463997, Final residual = 0.00031432, No Iterations 6
GAMG:  Solving for p, Initial residual = 0.0114751, Final residual = 0.000103006, No Iterations 14
GAMG:  Solving for p, Initial residual = 0.00459234, Final residual = 4.33975e-05, No Iterations 4
time step continuity errors : sum local = 3.21455e-07, global = -1.21953e-07, cumulative = 1.14105e-07
GAMG:  Solving for p, Initial residual = 0.0249648, Final residual = 0.00022126, No Iterations 5
GAMG:  Solving for p, Initial residual = 0.00659072, Final residual = 6.18395e-05, No Iterations 6
GAMG:  Solving for p, Initial residual = 0.00223924, Final residual = 1.5341e-05, No Iterations 5
time step continuity errors : sum local = 1.13684e-07, global = -2.92445e-08, cumulative = 8.48602e-08
PIMPLE: iteration 3
DILUPBiCG:  Solving for Ux, Initial residual = 0.0021514, Final residual = 2.72591e-06, No Iterations 2
DILUPBiCG:  Solving for Uy, Initial residual = 0.000505649, Final residual = 5.76792e-06, No Iterations 1
DILUPBiCG:  Solving for Uz, Initial residual = 0.00370941, Final residual = 1.35731e-06, No Iterations 2
GAMG:  Solving for p, Initial residual = 0.0480714, Final residual = 0.000365293, No Iterations 5
GAMG:  Solving for p, Initial residual = 0.0112903, Final residual = 0.00010905, No Iterations 14
GAMG:  Solving for p, Initial residual = 0.00601659, Final residual = 5.76777e-05, No Iterations 10
time step continuity errors : sum local = 4.7712e-07, global = -1.27713e-07, cumulative = -4.28526e-08
GAMG:  Solving for p, Initial residual = 0.00272857, Final residual = 2.3737e-05, No Iterations 8
GAMG:  Solving for p, Initial residual = 0.00139306, Final residual = 1.35234e-05, No Iterations 4
GAMG:  Solving for p, Initial residual = 0.00053891, Final residual = 9.6706e-07, No Iterations 21
time step continuity errors : sum local = 7.8902e-09, global = 2.45563e-09, cumulative = -4.03969e-08
DILUPBiCG:  Solving for omega, Initial residual = 0.00142092, Final residual = 7.55665e-07, No Iterations 1
DILUPBiCG:  Solving for k, Initial residual = 0.003721, Final residual = 5.8955e-07, No Iterations 2
bounding k, min: 0 max: 0.000670211 average: 0.000155003
ExecutionTime = 20.85 s  ClockTime = 21 s

End

