/*---------------------------------------------------------------------------*\
| =========                 |                                                 |
| \\      /  F ield         | OpenFOAM: The Open Source CFD Toolbox           |
|  \\    /   O peration     | Version:  2.3.1                                 |
|   \\  /    A nd           | Web:      www.OpenFOAM.org                      |
|    \\/     M anipulation  |                                                 |
\*---------------------------------------------------------------------------*/
Build  : 2.3.1-262087cdf8db
Exec   : pimpleDyMFoam
Date   : Jun 05 2023
Time   : 18:26:27
Host   : "jcosson-VirtualBox"
PID    : 16731
Case   : /home/jcosson/workspace/henersj_shootingdata/calcs/moderate_deformed/primal/56_intervals_05-06-23/sweep13/interval42
nProcs : 1
sigFpe : Enabling floating point exception trapping (FOAM_SIGFPE).
fileModificationChecking : Monitoring run-time modified files using timeStampMaster
allowSystemOperations : Allowing user-supplied system call operations

// * * * * * * * * * * * * * * * * * * * * * * * * * * * * * * * * * * * * * //
Create time

Create mesh for time = 0.473

Selecting dynamicFvMesh dynamicMotionSolverFvMesh
Selecting motion solver: displacementLaplacian
Selecting motion diffusion: quadratic
Selecting motion diffusion: quadratic
Selecting motion diffusion: inverseDistance

PIMPLE: no residual control data found. Calculations will employ 3 corrector loops

Reading field p

Reading field U

Reading/calculating face flux field phi

Selecting incompressible transport model Newtonian
Selecting turbulence model type RASModel
Selecting RAS turbulence model kOmegaSST
kOmegaSSTCoeffs
{
    alphaK1         0.85034;
    alphaK2         1;
    alphaOmega1     0.5;
    alphaOmega2     0.85616;
    gamma1          0.5532;
    gamma2          0.4403;
    beta1           0.075;
    beta2           0.0828;
    betaStar        0.09;
    a1              0.31;
    c1              10;
    Cmu             0.09;
    b1              1;
    F3              false;
}

Reading/calculating face velocity Uf

No finite volume options present

Courant Number mean: 0.200495 max: 0.448299

Starting time loop

Courant Number mean: 0.200495 max: 0.448299
Time = 0.474

GAMG:  Solving for cellDisplacementx, Initial residual = 0, Final residual = 0, No Iterations 0
GAMG:  Solving for cellDisplacementy, Initial residual = 0, Final residual = 0, No Iterations 0
GAMG:  Solving for cellDisplacementz, Initial residual = 0, Final residual = 0, No Iterations 0
PIMPLE: iteration 1
DILUPBiCG:  Solving for Ux, Initial residual = 0.0551384, Final residual = 0.000225385, No Iterations 1
DILUPBiCG:  Solving for Uy, Initial residual = 0.00921877, Final residual = 2.08299e-05, No Iterations 1
DILUPBiCG:  Solving for Uz, Initial residual = 0.0128551, Final residual = 2.91027e-05, No Iterations 1
GAMG:  Solving for p, Initial residual = 0.126036, Final residual = 0.00095217, No Iterations 6
GAMG:  Solving for p, Initial residual = 0.014912, Final residual = 0.000143065, No Iterations 18
GAMG:  Solving for p, Initial residual = 0.00657436, Final residual = 5.65295e-05, No Iterations 12
time step continuity errors : sum local = 8.5078e-07, global = 2.55456e-07, cumulative = 2.55456e-07
GAMG:  Solving for p, Initial residual = 0.0537002, Final residual = 0.00053049, No Iterations 4
GAMG:  Solving for p, Initial residual = 0.00753555, Final residual = 7.17477e-05, No Iterations 18
GAMG:  Solving for p, Initial residual = 0.00350617, Final residual = 3.48757e-05, No Iterations 10
time step continuity errors : sum local = 5.25221e-07, global = 1.39941e-07, cumulative = 3.95397e-07
PIMPLE: iteration 2
DILUPBiCG:  Solving for Ux, Initial residual = 0.0158375, Final residual = 9.48613e-05, No Iterations 1
DILUPBiCG:  Solving for Uy, Initial residual = 0.00278874, Final residual = 6.2719e-06, No Iterations 1
DILUPBiCG:  Solving for Uz, Initial residual = 0.00328365, Final residual = 1.20671e-05, No Iterations 1
GAMG:  Solving for p, Initial residual = 0.0538323, Final residual = 0.000475276, No Iterations 4
GAMG:  Solving for p, Initial residual = 0.00888595, Final residual = 8.67521e-05, No Iterations 16
GAMG:  Solving for p, Initial residual = 0.00404099, Final residual = 3.63258e-05, No Iterations 10
time step continuity errors : sum local = 4.67482e-07, global = -1.27342e-07, cumulative = 2.68055e-07
GAMG:  Solving for p, Initial residual = 0.0276933, Final residual = 0.000207419, No Iterations 4
GAMG:  Solving for p, Initial residual = 0.00441349, Final residual = 4.04049e-05, No Iterations 14
GAMG:  Solving for p, Initial residual = 0.00190601, Final residual = 1.75123e-05, No Iterations 10
time step continuity errors : sum local = 2.2657e-07, global = -5.95221e-08, cumulative = 2.08533e-07
PIMPLE: iteration 3
DILUPBiCG:  Solving for Ux, Initial residual = 0.00385879, Final residual = 2.2777e-06, No Iterations 2
DILUPBiCG:  Solving for Uy, Initial residual = 0.0006866, Final residual = 6.53919e-06, No Iterations 1
DILUPBiCG:  Solving for Uz, Initial residual = 0.00734296, Final residual = 3.40978e-06, No Iterations 2
GAMG:  Solving for p, Initial residual = 0.0404049, Final residual = 0.000367337, No Iterations 5
GAMG:  Solving for p, Initial residual = 0.0093571, Final residual = 8.43261e-05, No Iterations 9
GAMG:  Solving for p, Initial residual = 0.00438951, Final residual = 3.91002e-05, No Iterations 10
time step continuity errors : sum local = 5.64616e-07, global = -1.45527e-07, cumulative = 6.30062e-08
GAMG:  Solving for p, Initial residual = 0.00244896, Final residual = 2.19908e-05, No Iterations 18
GAMG:  Solving for p, Initial residual = 0.00135299, Final residual = 1.15794e-05, No Iterations 4
GAMG:  Solving for p, Initial residual = 0.000545818, Final residual = 9.40796e-07, No Iterations 32
time step continuity errors : sum local = 1.35193e-08, global = 3.9851e-09, cumulative = 6.69913e-08
DILUPBiCG:  Solving for omega, Initial residual = 0.000680034, Final residual = 7.48664e-07, No Iterations 1
DILUPBiCG:  Solving for k, Initial residual = 0.00437156, Final residual = 1.16867e-06, No Iterations 2
ExecutionTime = 16.55 s  ClockTime = 17 s

Courant Number mean: 0.194838 max: 0.435968
Time = 0.475

GAMG:  Solving for cellDisplacementx, Initial residual = 0, Final residual = 0, No Iterations 0
GAMG:  Solving for cellDisplacementy, Initial residual = 0, Final residual = 0, No Iterations 0
GAMG:  Solving for cellDisplacementz, Initial residual = 0, Final residual = 0, No Iterations 0
PIMPLE: iteration 1
DILUPBiCG:  Solving for Ux, Initial residual = 0.0569822, Final residual = 0.00023144, No Iterations 1
DILUPBiCG:  Solving for Uy, Initial residual = 0.00958324, Final residual = 2.14425e-05, No Iterations 1
DILUPBiCG:  Solving for Uz, Initial residual = 0.0114517, Final residual = 2.48947e-05, No Iterations 1
GAMG:  Solving for p, Initial residual = 0.117457, Final residual = 0.000926496, No Iterations 6
GAMG:  Solving for p, Initial residual = 0.0131841, Final residual = 0.000118998, No Iterations 20
GAMG:  Solving for p, Initial residual = 0.00590825, Final residual = 5.67029e-05, No Iterations 10
time step continuity errors : sum local = 8.64343e-07, global = 2.29451e-07, cumulative = 2.96442e-07
GAMG:  Solving for p, Initial residual = 0.050128, Final residual = 0.000315574, No Iterations 6
GAMG:  Solving for p, Initial residual = 0.00666985, Final residual = 5.72446e-05, No Iterations 18
GAMG:  Solving for p, Initial residual = 0.00304444, Final residual = 2.78288e-05, No Iterations 10
time step continuity errors : sum local = 4.24167e-07, global = 1.12034e-07, cumulative = 4.08476e-07
PIMPLE: iteration 2
DILUPBiCG:  Solving for Ux, Initial residual = 0.0162456, Final residual = 9.75481e-05, No Iterations 1
DILUPBiCG:  Solving for Uy, Initial residual = 0.00288295, Final residual = 6.43322e-06, No Iterations 1
DILUPBiCG:  Solving for Uz, Initial residual = 0.00318881, Final residual = 1.21083e-05, No Iterations 1
GAMG:  Solving for p, Initial residual = 0.0497467, Final residual = 0.000472837, No Iterations 4
GAMG:  Solving for p, Initial residual = 0.00797029, Final residual = 7.27818e-05, No Iterations 18
GAMG:  Solving for p, Initial residual = 0.00365038, Final residual = 3.3668e-05, No Iterations 8
time step continuity errors : sum local = 4.38276e-07, global = -1.36429e-07, cumulative = 2.72047e-07
GAMG:  Solving for p, Initial residual = 0.0256326, Final residual = 0.000207791, No Iterations 4
GAMG:  Solving for p, Initial residual = 0.00394342, Final residual = 3.9267e-05, No Iterations 14
GAMG:  Solving for p, Initial residual = 0.00166844, Final residual = 1.42987e-05, No Iterations 12
time step continuity errors : sum local = 1.87243e-07, global = -5.27975e-08, cumulative = 2.1925e-07
PIMPLE: iteration 3
DILUPBiCG:  Solving for Ux, Initial residual = 0.00391425, Final residual = 2.4544e-06, No Iterations 2
DILUPBiCG:  Solving for Uy, Initial residual = 0.000701492, Final residual = 6.40171e-06, No Iterations 1
DILUPBiCG:  Solving for Uz, Initial residual = 0.00703382, Final residual = 3.67993e-06, No Iterations 2
GAMG:  Solving for p, Initial residual = 0.0397479, Final residual = 0.000347847, No Iterations 5
GAMG:  Solving for p, Initial residual = 0.00936144, Final residual = 9.0809e-05, No Iterations 7
GAMG:  Solving for p, Initial residual = 0.00427884, Final residual = 3.9078e-05, No Iterations 10
time step continuity errors : sum local = 5.71336e-07, global = -1.463e-07, cumulative = 7.29499e-08
GAMG:  Solving for p, Initial residual = 0.00240128, Final residual = 2.12283e-05, No Iterations 18
GAMG:  Solving for p, Initial residual = 0.0013303, Final residual = 1.13463e-05, No Iterations 4
GAMG:  Solving for p, Initial residual = 0.00053383, Final residual = 8.84985e-07, No Iterations 32
time step continuity errors : sum local = 1.28744e-08, global = 3.79233e-09, cumulative = 7.67422e-08
DILUPBiCG:  Solving for omega, Initial residual = 0.000711725, Final residual = 7.51493e-07, No Iterations 1
DILUPBiCG:  Solving for k, Initial residual = 0.00432885, Final residual = 1.11523e-06, No Iterations 2
ExecutionTime = 30.08 s  ClockTime = 30 s

End

