/*---------------------------------------------------------------------------*\
| =========                 |                                                 |
| \\      /  F ield         | OpenFOAM: The Open Source CFD Toolbox           |
|  \\    /   O peration     | Version:  2.3.1                                 |
|   \\  /    A nd           | Web:      www.OpenFOAM.org                      |
|    \\/     M anipulation  |                                                 |
\*---------------------------------------------------------------------------*/
Build  : 2.3.1-262087cdf8db
Exec   : pimpleDyMFoam
Date   : Jun 05 2023
Time   : 18:26:48
Host   : "jcosson-VirtualBox"
PID    : 16755
Case   : /home/jcosson/workspace/henersj_shootingdata/calcs/moderate_deformed/primal/56_intervals_05-06-23/sweep13/interval54
nProcs : 1
sigFpe : Enabling floating point exception trapping (FOAM_SIGFPE).
fileModificationChecking : Monitoring run-time modified files using timeStampMaster
allowSystemOperations : Allowing user-supplied system call operations

// * * * * * * * * * * * * * * * * * * * * * * * * * * * * * * * * * * * * * //
Create time

Create mesh for time = 0.495

Selecting dynamicFvMesh dynamicMotionSolverFvMesh
Selecting motion solver: displacementLaplacian
Selecting motion diffusion: quadratic
Selecting motion diffusion: quadratic
Selecting motion diffusion: inverseDistance

PIMPLE: no residual control data found. Calculations will employ 3 corrector loops

Reading field p

Reading field U

Reading/calculating face flux field phi

Selecting incompressible transport model Newtonian
Selecting turbulence model type RASModel
Selecting RAS turbulence model kOmegaSST
bounding k, min: 0 max: 0.000662997 average: 0.000153767
kOmegaSSTCoeffs
{
    alphaK1         0.85034;
    alphaK2         1;
    alphaOmega1     0.5;
    alphaOmega2     0.85616;
    gamma1          0.5532;
    gamma2          0.4403;
    beta1           0.075;
    beta2           0.0828;
    betaStar        0.09;
    a1              0.31;
    c1              10;
    Cmu             0.09;
    b1              1;
    F3              false;
}

Reading/calculating face velocity Uf

No finite volume options present

Courant Number mean: 0.102536 max: 0.230723

Starting time loop

Courant Number mean: 0.102536 max: 0.230723
Time = 0.496

GAMG:  Solving for cellDisplacementx, Initial residual = 0, Final residual = 0, No Iterations 0
GAMG:  Solving for cellDisplacementy, Initial residual = 0, Final residual = 0, No Iterations 0
GAMG:  Solving for cellDisplacementz, Initial residual = 0, Final residual = 0, No Iterations 0
PIMPLE: iteration 1
DILUPBiCG:  Solving for Ux, Initial residual = 0.0309648, Final residual = 0.000112363, No Iterations 1
DILUPBiCG:  Solving for Uy, Initial residual = 0.00667841, Final residual = 1.34132e-05, No Iterations 1
DILUPBiCG:  Solving for Uz, Initial residual = 0.0139494, Final residual = 2.02613e-05, No Iterations 1
GAMG:  Solving for p, Initial residual = 0.106526, Final residual = 0.000462788, No Iterations 4
GAMG:  Solving for p, Initial residual = 0.0152087, Final residual = 0.000131634, No Iterations 4
GAMG:  Solving for p, Initial residual = 0.00698365, Final residual = 6.23828e-05, No Iterations 4
time step continuity errors : sum local = 3.597e-07, global = 1.22722e-07, cumulative = 1.22722e-07
GAMG:  Solving for p, Initial residual = 0.0512826, Final residual = 0.000232089, No Iterations 4
GAMG:  Solving for p, Initial residual = 0.00738739, Final residual = 6.08863e-05, No Iterations 4
GAMG:  Solving for p, Initial residual = 0.00359312, Final residual = 3.49563e-05, No Iterations 10
time step continuity errors : sum local = 2.02977e-07, global = 5.61276e-08, cumulative = 1.7885e-07
PIMPLE: iteration 2
DILUPBiCG:  Solving for Ux, Initial residual = 0.00738258, Final residual = 4.2104e-05, No Iterations 1
DILUPBiCG:  Solving for Uy, Initial residual = 0.00162072, Final residual = 3.30993e-06, No Iterations 1
DILUPBiCG:  Solving for Uz, Initial residual = 0.00304278, Final residual = 1.46604e-05, No Iterations 1
GAMG:  Solving for p, Initial residual = 0.0490417, Final residual = 0.000345114, No Iterations 6
GAMG:  Solving for p, Initial residual = 0.0158261, Final residual = 0.000154963, No Iterations 10
GAMG:  Solving for p, Initial residual = 0.00501589, Final residual = 4.33321e-05, No Iterations 16
time step continuity errors : sum local = 2.1987e-07, global = -6.49374e-08, cumulative = 1.13912e-07
GAMG:  Solving for p, Initial residual = 0.0263997, Final residual = 0.000240193, No Iterations 5
GAMG:  Solving for p, Initial residual = 0.0086278, Final residual = 7.38507e-05, No Iterations 9
GAMG:  Solving for p, Initial residual = 0.00248162, Final residual = 2.38896e-05, No Iterations 14
time step continuity errors : sum local = 1.21014e-07, global = -3.58788e-08, cumulative = 7.80335e-08
PIMPLE: iteration 3
DILUPBiCG:  Solving for Ux, Initial residual = 0.00124899, Final residual = 2.14308e-06, No Iterations 2
DILUPBiCG:  Solving for Uy, Initial residual = 0.000308786, Final residual = 2.22679e-07, No Iterations 2
DILUPBiCG:  Solving for Uz, Initial residual = 0.00260264, Final residual = 3.28606e-06, No Iterations 2
GAMG:  Solving for p, Initial residual = 0.0550816, Final residual = 0.000405453, No Iterations 5
GAMG:  Solving for p, Initial residual = 0.012613, Final residual = 0.000123278, No Iterations 14
GAMG:  Solving for p, Initial residual = 0.00703863, Final residual = 6.49061e-05, No Iterations 10
time step continuity errors : sum local = 3.63447e-07, global = -9.9252e-08, cumulative = -2.12185e-08
GAMG:  Solving for p, Initial residual = 0.0030134, Final residual = 2.56549e-05, No Iterations 8
GAMG:  Solving for p, Initial residual = 0.00153758, Final residual = 1.52396e-05, No Iterations 4
GAMG:  Solving for p, Initial residual = 0.000571195, Final residual = 9.64091e-07, No Iterations 27
time step continuity errors : sum local = 5.31553e-09, global = 1.65412e-09, cumulative = -1.95643e-08
DILUPBiCG:  Solving for omega, Initial residual = 0.00145739, Final residual = 7.2545e-07, No Iterations 1
DILUPBiCG:  Solving for k, Initial residual = 0.00365234, Final residual = 5.97994e-07, No Iterations 2
bounding k, min: 0 max: 0.000651615 average: 0.000152848
ExecutionTime = 14.17 s  ClockTime = 14 s

End

