/*---------------------------------------------------------------------------*\
| =========                 |                                                 |
| \\      /  F ield         | OpenFOAM: The Open Source CFD Toolbox           |
|  \\    /   O peration     | Version:  2.3.1                                 |
|   \\  /    A nd           | Web:      www.OpenFOAM.org                      |
|    \\/     M anipulation  |                                                 |
\*---------------------------------------------------------------------------*/
Build  : 2.3.1-262087cdf8db
Exec   : pimpleDyMFoam
Date   : Jun 06 2023
Time   : 01:48:27
Host   : "jcosson-VirtualBox"
PID    : 11645
Case   : /home/jcosson/workspace/henersj_shootingdata/calcs/moderate_deformed/primal/100_intervals_05-06-23/sweep44/interval97
nProcs : 1
sigFpe : Enabling floating point exception trapping (FOAM_SIGFPE).
fileModificationChecking : Monitoring run-time modified files using timeStampMaster
allowSystemOperations : Allowing user-supplied system call operations

// * * * * * * * * * * * * * * * * * * * * * * * * * * * * * * * * * * * * * //
Create time

Create mesh for time = 0.496

Selecting dynamicFvMesh dynamicMotionSolverFvMesh
Selecting motion solver: displacementLaplacian
Selecting motion diffusion: quadratic
Selecting motion diffusion: quadratic
Selecting motion diffusion: inverseDistance

PIMPLE: no residual control data found. Calculations will employ 3 corrector loops

Reading field p

Reading field U

Reading/calculating face flux field phi

Selecting incompressible transport model Newtonian
Selecting turbulence model type RASModel
Selecting RAS turbulence model kOmegaSST
bounding k, min: 0 max: 0.000533522 average: 0.000148622
kOmegaSSTCoeffs
{
    alphaK1         0.85034;
    alphaK2         1;
    alphaOmega1     0.5;
    alphaOmega2     0.85616;
    gamma1          0.5532;
    gamma2          0.4403;
    beta1           0.075;
    beta2           0.0828;
    betaStar        0.09;
    a1              0.31;
    c1              10;
    Cmu             0.09;
    b1              1;
    F3              false;
}

Reading/calculating face velocity Uf

No finite volume options present

Courant Number mean: 0.101628 max: 0.234573

Starting time loop

Courant Number mean: 0.101628 max: 0.234573
Time = 0.497

GAMG:  Solving for cellDisplacementx, Initial residual = 0, Final residual = 0, No Iterations 0
GAMG:  Solving for cellDisplacementy, Initial residual = 0, Final residual = 0, No Iterations 0
GAMG:  Solving for cellDisplacementz, Initial residual = 0, Final residual = 0, No Iterations 0
PIMPLE: iteration 1
DILUPBiCG:  Solving for Ux, Initial residual = 0.0255705, Final residual = 9.46282e-05, No Iterations 1
DILUPBiCG:  Solving for Uy, Initial residual = 0.00555849, Final residual = 1.07524e-05, No Iterations 1
DILUPBiCG:  Solving for Uz, Initial residual = 0.00812406, Final residual = 1.0988e-05, No Iterations 1
GAMG:  Solving for p, Initial residual = 0.0996849, Final residual = 0.000681495, No Iterations 3
GAMG:  Solving for p, Initial residual = 0.0141198, Final residual = 0.000120327, No Iterations 4
GAMG:  Solving for p, Initial residual = 0.00665015, Final residual = 5.93725e-05, No Iterations 7
time step continuity errors : sum local = 2.92273e-07, global = 7.16421e-08, cumulative = 7.16421e-08
GAMG:  Solving for p, Initial residual = 0.0484361, Final residual = 0.000327982, No Iterations 3
GAMG:  Solving for p, Initial residual = 0.00694459, Final residual = 5.08997e-05, No Iterations 5
GAMG:  Solving for p, Initial residual = 0.00332017, Final residual = 2.50213e-05, No Iterations 4
time step continuity errors : sum local = 1.23968e-07, global = 4.93188e-08, cumulative = 1.20961e-07
PIMPLE: iteration 2
DILUPBiCG:  Solving for Ux, Initial residual = 0.00592513, Final residual = 3.47291e-05, No Iterations 1
DILUPBiCG:  Solving for Uy, Initial residual = 0.00131804, Final residual = 2.63277e-06, No Iterations 1
DILUPBiCG:  Solving for Uz, Initial residual = 0.00288085, Final residual = 9.46984e-05, No Iterations 1
GAMG:  Solving for p, Initial residual = 0.0458073, Final residual = 0.000363668, No Iterations 6
GAMG:  Solving for p, Initial residual = 0.017284, Final residual = 0.000170405, No Iterations 8
GAMG:  Solving for p, Initial residual = 0.0045519, Final residual = 4.06286e-05, No Iterations 18
time step continuity errors : sum local = 1.76087e-07, global = -5.01596e-08, cumulative = 7.08014e-08
GAMG:  Solving for p, Initial residual = 0.0244236, Final residual = 0.000167659, No Iterations 6
GAMG:  Solving for p, Initial residual = 0.00892313, Final residual = 7.50879e-05, No Iterations 8
GAMG:  Solving for p, Initial residual = 0.00217568, Final residual = 2.08267e-05, No Iterations 16
time step continuity errors : sum local = 9.01339e-08, global = -2.588e-08, cumulative = 4.49214e-08
PIMPLE: iteration 3
DILUPBiCG:  Solving for Ux, Initial residual = 0.000915007, Final residual = 7.48673e-07, No Iterations 2
DILUPBiCG:  Solving for Uy, Initial residual = 0.000232609, Final residual = 6.53799e-06, No Iterations 1
DILUPBiCG:  Solving for Uz, Initial residual = 0.00217211, Final residual = 1.12575e-06, No Iterations 2
GAMG:  Solving for p, Initial residual = 0.0621518, Final residual = 0.000414222, No Iterations 5
GAMG:  Solving for p, Initial residual = 0.0125635, Final residual = 0.000112298, No Iterations 16
GAMG:  Solving for p, Initial residual = 0.00785218, Final residual = 7.12353e-05, No Iterations 8
time step continuity errors : sum local = 3.37044e-07, global = -7.82345e-08, cumulative = -3.33131e-08
GAMG:  Solving for p, Initial residual = 0.0029769, Final residual = 2.88003e-05, No Iterations 7
GAMG:  Solving for p, Initial residual = 0.00158571, Final residual = 1.4335e-05, No Iterations 5
GAMG:  Solving for p, Initial residual = 0.000614274, Final residual = 9.78237e-07, No Iterations 29
time step continuity errors : sum local = 4.56233e-09, global = 1.38405e-09, cumulative = -3.1929e-08
DILUPBiCG:  Solving for omega, Initial residual = 0.00134817, Final residual = 6.85234e-07, No Iterations 1
DILUPBiCG:  Solving for k, Initial residual = 0.00329775, Final residual = 6.86898e-07, No Iterations 2
bounding k, min: 0 max: 0.00052497 average: 0.00014787
ExecutionTime = 15.27 s  ClockTime = 15 s

End

