/*---------------------------------------------------------------------------*\
| =========                 |                                                 |
| \\      /  F ield         | OpenFOAM: The Open Source CFD Toolbox           |
|  \\    /   O peration     | Version:  2.3.1                                 |
|   \\  /    A nd           | Web:      www.OpenFOAM.org                      |
|    \\/     M anipulation  |                                                 |
\*---------------------------------------------------------------------------*/
Build  : 2.3.1-262087cdf8db
Exec   : pimpleDyMFoam
Date   : Jun 06 2023
Time   : 01:47:35
Host   : "jcosson-VirtualBox"
PID    : 11556
Case   : /home/jcosson/workspace/henersj_shootingdata/calcs/moderate_deformed/primal/100_intervals_05-06-23/sweep44/interval50
nProcs : 1
sigFpe : Enabling floating point exception trapping (FOAM_SIGFPE).
fileModificationChecking : Monitoring run-time modified files using timeStampMaster
allowSystemOperations : Allowing user-supplied system call operations

// * * * * * * * * * * * * * * * * * * * * * * * * * * * * * * * * * * * * * //
Create time

Create mesh for time = 0.449

Selecting dynamicFvMesh dynamicMotionSolverFvMesh
Selecting motion solver: displacementLaplacian
Selecting motion diffusion: quadratic
Selecting motion diffusion: quadratic
Selecting motion diffusion: inverseDistance

PIMPLE: no residual control data found. Calculations will employ 3 corrector loops

Reading field p

Reading field U

Reading/calculating face flux field phi

Selecting incompressible transport model Newtonian
Selecting turbulence model type RASModel
Selecting RAS turbulence model kOmegaSST
kOmegaSSTCoeffs
{
    alphaK1         0.85034;
    alphaK2         1;
    alphaOmega1     0.5;
    alphaOmega2     0.85616;
    gamma1          0.5532;
    gamma2          0.4403;
    beta1           0.075;
    beta2           0.0828;
    betaStar        0.09;
    a1              0.31;
    c1              10;
    Cmu             0.09;
    b1              1;
    F3              false;
}

Reading/calculating face velocity Uf

No finite volume options present

Courant Number mean: 0.279847 max: 0.620314

Starting time loop

Courant Number mean: 0.279847 max: 0.620314
Time = 0.45

GAMG:  Solving for cellDisplacementx, Initial residual = 0, Final residual = 0, No Iterations 0
GAMG:  Solving for cellDisplacementy, Initial residual = 0, Final residual = 0, No Iterations 0
GAMG:  Solving for cellDisplacementz, Initial residual = 0, Final residual = 0, No Iterations 0
PIMPLE: iteration 1
DILUPBiCG:  Solving for Ux, Initial residual = 0.00421783, Final residual = 3.17955e-05, No Iterations 1
DILUPBiCG:  Solving for Uy, Initial residual = 0.000744174, Final residual = 8.61313e-06, No Iterations 1
DILUPBiCG:  Solving for Uz, Initial residual = 0.0117539, Final residual = 2.78571e-05, No Iterations 1
GAMG:  Solving for p, Initial residual = 0.157836, Final residual = 0.000834405, No Iterations 5
GAMG:  Solving for p, Initial residual = 0.044749, Final residual = 0.000427479, No Iterations 6
GAMG:  Solving for p, Initial residual = 0.0127348, Final residual = 0.000119009, No Iterations 16
time step continuity errors : sum local = 2.84734e-07, global = 8.61937e-08, cumulative = 8.61937e-08
GAMG:  Solving for p, Initial residual = 0.0856436, Final residual = 0.000786503, No Iterations 4
GAMG:  Solving for p, Initial residual = 0.0214818, Final residual = 0.000150387, No Iterations 5
GAMG:  Solving for p, Initial residual = 0.00665981, Final residual = 6.43658e-05, No Iterations 10
time step continuity errors : sum local = 1.53727e-07, global = 4.03586e-08, cumulative = 1.26552e-07
PIMPLE: iteration 2
DILUPBiCG:  Solving for Ux, Initial residual = 0.000755881, Final residual = 9.88898e-06, No Iterations 1
DILUPBiCG:  Solving for Uy, Initial residual = 0.000143672, Final residual = 5.38325e-06, No Iterations 1
DILUPBiCG:  Solving for Uz, Initial residual = 0.00365939, Final residual = 0.000120869, No Iterations 1
GAMG:  Solving for p, Initial residual = 0.0871232, Final residual = 0.000706618, No Iterations 5
GAMG:  Solving for p, Initial residual = 0.028077, Final residual = 0.000249505, No Iterations 12
GAMG:  Solving for p, Initial residual = 0.00933793, Final residual = 8.63255e-05, No Iterations 14
time step continuity errors : sum local = 1.91044e-07, global = 5.82376e-08, cumulative = 1.8479e-07
GAMG:  Solving for p, Initial residual = 0.0469757, Final residual = 0.000395008, No Iterations 4
GAMG:  Solving for p, Initial residual = 0.0137202, Final residual = 0.000120323, No Iterations 9
GAMG:  Solving for p, Initial residual = 0.00449482, Final residual = 4.18194e-05, No Iterations 14
time step continuity errors : sum local = 9.28395e-08, global = 2.81245e-08, cumulative = 2.12914e-07
PIMPLE: iteration 3
DILUPBiCG:  Solving for Ux, Initial residual = 0.00010678, Final residual = 1.35243e-06, No Iterations 1
DILUPBiCG:  Solving for Uy, Initial residual = 3.52246e-05, Final residual = 1.7664e-07, No Iterations 1
DILUPBiCG:  Solving for Uz, Initial residual = 0.00166432, Final residual = 8.33593e-06, No Iterations 1
GAMG:  Solving for p, Initial residual = 0.0997373, Final residual = 0.00059517, No Iterations 4
GAMG:  Solving for p, Initial residual = 0.0221528, Final residual = 0.000195655, No Iterations 11
GAMG:  Solving for p, Initial residual = 0.0131901, Final residual = 0.000110442, No Iterations 8
time step continuity errors : sum local = 2.5046e-07, global = 5.96272e-08, cumulative = 2.72542e-07
GAMG:  Solving for p, Initial residual = 0.00809816, Final residual = 4.8943e-05, No Iterations 5
GAMG:  Solving for p, Initial residual = 0.00426001, Final residual = 3.41395e-05, No Iterations 4
GAMG:  Solving for p, Initial residual = 0.00148462, Final residual = 9.54271e-07, No Iterations 26
time step continuity errors : sum local = 2.13515e-09, global = -6.32921e-10, cumulative = 2.71909e-07
DILUPBiCG:  Solving for omega, Initial residual = 0.00107813, Final residual = 1.49659e-06, No Iterations 1
DILUPBiCG:  Solving for k, Initial residual = 0.00541838, Final residual = 8.96774e-07, No Iterations 2
ExecutionTime = 16.31 s  ClockTime = 16 s

End

