/*---------------------------------------------------------------------------*\
| =========                 |                                                 |
| \\      /  F ield         | OpenFOAM: The Open Source CFD Toolbox           |
|  \\    /   O peration     | Version:  2.3.1                                 |
|   \\  /    A nd           | Web:      www.OpenFOAM.org                      |
|    \\/     M anipulation  |                                                 |
\*---------------------------------------------------------------------------*/
Build  : 2.3.1-262087cdf8db
Exec   : pimpleDyMFoam
Date   : Jun 06 2023
Time   : 01:48:26
Host   : "jcosson-VirtualBox"
PID    : 11629
Case   : /home/jcosson/workspace/henersj_shootingdata/calcs/moderate_deformed/primal/100_intervals_05-06-23/sweep44/interval89
nProcs : 1
sigFpe : Enabling floating point exception trapping (FOAM_SIGFPE).
fileModificationChecking : Monitoring run-time modified files using timeStampMaster
allowSystemOperations : Allowing user-supplied system call operations

// * * * * * * * * * * * * * * * * * * * * * * * * * * * * * * * * * * * * * //
Create time

Create mesh for time = 0.488

Selecting dynamicFvMesh dynamicMotionSolverFvMesh
Selecting motion solver: displacementLaplacian
Selecting motion diffusion: quadratic
Selecting motion diffusion: quadratic
Selecting motion diffusion: inverseDistance

PIMPLE: no residual control data found. Calculations will employ 3 corrector loops

Reading field p

Reading field U

Reading/calculating face flux field phi

Selecting incompressible transport model Newtonian
Selecting turbulence model type RASModel
Selecting RAS turbulence model kOmegaSST
bounding k, min: 0 max: 0.000646599 average: 0.000153824
kOmegaSSTCoeffs
{
    alphaK1         0.85034;
    alphaK2         1;
    alphaOmega1     0.5;
    alphaOmega2     0.85616;
    gamma1          0.5532;
    gamma2          0.4403;
    beta1           0.075;
    beta2           0.0828;
    betaStar        0.09;
    a1              0.31;
    c1              10;
    Cmu             0.09;
    b1              1;
    F3              false;
}

Reading/calculating face velocity Uf

No finite volume options present

Courant Number mean: 0.123285 max: 0.278864

Starting time loop

Courant Number mean: 0.123285 max: 0.278864
Time = 0.489

GAMG:  Solving for cellDisplacementx, Initial residual = 0, Final residual = 0, No Iterations 0
GAMG:  Solving for cellDisplacementy, Initial residual = 0, Final residual = 0, No Iterations 0
GAMG:  Solving for cellDisplacementz, Initial residual = 0, Final residual = 0, No Iterations 0
PIMPLE: iteration 1
DILUPBiCG:  Solving for Ux, Initial residual = 0.0570761, Final residual = 0.000212663, No Iterations 1
DILUPBiCG:  Solving for Uy, Initial residual = 0.0113382, Final residual = 2.26886e-05, No Iterations 1
DILUPBiCG:  Solving for Uz, Initial residual = 0.0125383, Final residual = 1.1206e-05, No Iterations 1
GAMG:  Solving for p, Initial residual = 0.115788, Final residual = 0.000763143, No Iterations 4
GAMG:  Solving for p, Initial residual = 0.0155875, Final residual = 0.00015217, No Iterations 16
GAMG:  Solving for p, Initial residual = 0.00739031, Final residual = 6.40428e-05, No Iterations 4
time step continuity errors : sum local = 7.42255e-07, global = 2.44225e-07, cumulative = 2.44225e-07
GAMG:  Solving for p, Initial residual = 0.0520852, Final residual = 0.000327269, No Iterations 4
GAMG:  Solving for p, Initial residual = 0.007731, Final residual = 6.64611e-05, No Iterations 16
GAMG:  Solving for p, Initial residual = 0.00371685, Final residual = 2.99584e-05, No Iterations 4
time step continuity errors : sum local = 3.49672e-07, global = 1.14819e-07, cumulative = 3.59044e-07
PIMPLE: iteration 2
DILUPBiCG:  Solving for Ux, Initial residual = 0.0148193, Final residual = 8.41714e-05, No Iterations 1
DILUPBiCG:  Solving for Uy, Initial residual = 0.00304165, Final residual = 6.02364e-06, No Iterations 1
DILUPBiCG:  Solving for Uz, Initial residual = 0.00251518, Final residual = 8.58298e-06, No Iterations 1
GAMG:  Solving for p, Initial residual = 0.0510553, Final residual = 0.000497286, No Iterations 4
GAMG:  Solving for p, Initial residual = 0.0105153, Final residual = 0.000104728, No Iterations 14
GAMG:  Solving for p, Initial residual = 0.00475952, Final residual = 4.49515e-05, No Iterations 4
time step continuity errors : sum local = 4.5609e-07, global = -1.75416e-07, cumulative = 1.83629e-07
GAMG:  Solving for p, Initial residual = 0.0269699, Final residual = 0.000238633, No Iterations 4
GAMG:  Solving for p, Initial residual = 0.00574711, Final residual = 5.43903e-05, No Iterations 12
GAMG:  Solving for p, Initial residual = 0.00225793, Final residual = 2.24288e-05, No Iterations 8
time step continuity errors : sum local = 2.28012e-07, global = -4.7303e-08, cumulative = 1.36326e-07
PIMPLE: iteration 3
DILUPBiCG:  Solving for Ux, Initial residual = 0.00314743, Final residual = 2.52458e-06, No Iterations 2
DILUPBiCG:  Solving for Uy, Initial residual = 0.00068141, Final residual = 4.79941e-06, No Iterations 1
DILUPBiCG:  Solving for Uz, Initial residual = 0.0046332, Final residual = 1.70362e-06, No Iterations 2
GAMG:  Solving for p, Initial residual = 0.0450743, Final residual = 0.000340877, No Iterations 5
GAMG:  Solving for p, Initial residual = 0.0103179, Final residual = 9.69868e-05, No Iterations 14
GAMG:  Solving for p, Initial residual = 0.00527532, Final residual = 5.07449e-05, No Iterations 10
time step continuity errors : sum local = 5.76933e-07, global = -1.53019e-07, cumulative = -1.66931e-08
GAMG:  Solving for p, Initial residual = 0.00253393, Final residual = 2.42296e-05, No Iterations 7
GAMG:  Solving for p, Initial residual = 0.00130472, Final residual = 9.88864e-06, No Iterations 6
GAMG:  Solving for p, Initial residual = 0.000523229, Final residual = 9.36146e-07, No Iterations 28
time step continuity errors : sum local = 1.05195e-08, global = 3.18814e-09, cumulative = -1.3505e-08
DILUPBiCG:  Solving for omega, Initial residual = 0.00118308, Final residual = 7.38996e-07, No Iterations 1
DILUPBiCG:  Solving for k, Initial residual = 0.0035647, Final residual = 6.12176e-07, No Iterations 2
bounding k, min: 0 max: 0.000632475 average: 0.000152911
ExecutionTime = 14.07 s  ClockTime = 14 s

End

