/*---------------------------------------------------------------------------*\
| =========                 |                                                 |
| \\      /  F ield         | OpenFOAM: The Open Source CFD Toolbox           |
|  \\    /   O peration     | Version:  2.3.1                                 |
|   \\  /    A nd           | Web:      www.OpenFOAM.org                      |
|    \\/     M anipulation  |                                                 |
\*---------------------------------------------------------------------------*/
Build  : 2.3.1-262087cdf8db
Exec   : pimpleDyMFoam
Date   : Jun 06 2023
Time   : 02:13:01
Host   : "jcosson-VirtualBox"
PID    : 24440
Case   : /home/jcosson/workspace/henersj_shootingdata/calcs/moderate_deformed/primal/100_intervals_05-06-23/sweep55/interval68
nProcs : 1
sigFpe : Enabling floating point exception trapping (FOAM_SIGFPE).
fileModificationChecking : Monitoring run-time modified files using timeStampMaster
allowSystemOperations : Allowing user-supplied system call operations

// * * * * * * * * * * * * * * * * * * * * * * * * * * * * * * * * * * * * * //
Create time

Create mesh for time = 0.467

Selecting dynamicFvMesh dynamicMotionSolverFvMesh
Selecting motion solver: displacementLaplacian
Selecting motion diffusion: quadratic
Selecting motion diffusion: quadratic
Selecting motion diffusion: inverseDistance

PIMPLE: no residual control data found. Calculations will employ 3 corrector loops

Reading field p

Reading field U

Reading/calculating face flux field phi

Selecting incompressible transport model Newtonian
Selecting turbulence model type RASModel
Selecting RAS turbulence model kOmegaSST
kOmegaSSTCoeffs
{
    alphaK1         0.85034;
    alphaK2         1;
    alphaOmega1     0.5;
    alphaOmega2     0.85616;
    gamma1          0.5532;
    gamma2          0.4403;
    beta1           0.075;
    beta2           0.0828;
    betaStar        0.09;
    a1              0.31;
    c1              10;
    Cmu             0.09;
    b1              1;
    F3              false;
}

Reading/calculating face velocity Uf

No finite volume options present

Courant Number mean: 0.232776 max: 0.517273

Starting time loop

Courant Number mean: 0.232776 max: 0.517273
Time = 0.468

GAMG:  Solving for cellDisplacementx, Initial residual = 0, Final residual = 0, No Iterations 0
GAMG:  Solving for cellDisplacementy, Initial residual = 0, Final residual = 0, No Iterations 0
GAMG:  Solving for cellDisplacementz, Initial residual = 0, Final residual = 0, No Iterations 0
PIMPLE: iteration 1
DILUPBiCG:  Solving for Ux, Initial residual = 0.0423875, Final residual = 0.0001758, No Iterations 1
DILUPBiCG:  Solving for Uy, Initial residual = 0.00684538, Final residual = 1.61596e-05, No Iterations 1
DILUPBiCG:  Solving for Uz, Initial residual = 0.0133728, Final residual = 3.13693e-05, No Iterations 1
GAMG:  Solving for p, Initial residual = 0.135258, Final residual = 0.00110484, No Iterations 6
GAMG:  Solving for p, Initial residual = 0.0157891, Final residual = 0.000157517, No Iterations 18
GAMG:  Solving for p, Initial residual = 0.00676117, Final residual = 6.22673e-05, No Iterations 12
time step continuity errors : sum local = 8.08286e-07, global = 2.4335e-07, cumulative = 2.4335e-07
GAMG:  Solving for p, Initial residual = 0.0564647, Final residual = 0.000365493, No Iterations 6
GAMG:  Solving for p, Initial residual = 0.00795802, Final residual = 7.51231e-05, No Iterations 16
GAMG:  Solving for p, Initial residual = 0.00351742, Final residual = 3.07837e-05, No Iterations 12
time step continuity errors : sum local = 3.98756e-07, global = 1.19253e-07, cumulative = 3.62602e-07
PIMPLE: iteration 2
DILUPBiCG:  Solving for Ux, Initial residual = 0.0126603, Final residual = 7.05546e-05, No Iterations 1
DILUPBiCG:  Solving for Uy, Initial residual = 0.00215454, Final residual = 5.1383e-06, No Iterations 1
DILUPBiCG:  Solving for Uz, Initial residual = 0.00377146, Final residual = 1.20841e-05, No Iterations 1
GAMG:  Solving for p, Initial residual = 0.0572769, Final residual = 0.000464438, No Iterations 4
GAMG:  Solving for p, Initial residual = 0.00933074, Final residual = 8.38161e-05, No Iterations 16
GAMG:  Solving for p, Initial residual = 0.00427539, Final residual = 3.91227e-05, No Iterations 8
time step continuity errors : sum local = 4.29638e-07, global = -1.36192e-07, cumulative = 2.2641e-07
GAMG:  Solving for p, Initial residual = 0.0292866, Final residual = 0.000199189, No Iterations 4
GAMG:  Solving for p, Initial residual = 0.00458681, Final residual = 4.5602e-05, No Iterations 12
GAMG:  Solving for p, Initial residual = 0.00199473, Final residual = 1.92025e-05, No Iterations 10
time step continuity errors : sum local = 2.12162e-07, global = -5.51318e-08, cumulative = 1.71278e-07
PIMPLE: iteration 3
DILUPBiCG:  Solving for Ux, Initial residual = 0.00323186, Final residual = 1.24567e-06, No Iterations 2
DILUPBiCG:  Solving for Uy, Initial residual = 0.000547991, Final residual = 7.05797e-06, No Iterations 1
DILUPBiCG:  Solving for Uz, Initial residual = 0.00681048, Final residual = 2.28305e-06, No Iterations 2
GAMG:  Solving for p, Initial residual = 0.0404601, Final residual = 0.000324528, No Iterations 5
GAMG:  Solving for p, Initial residual = 0.00913319, Final residual = 8.08077e-05, No Iterations 15
GAMG:  Solving for p, Initial residual = 0.00439355, Final residual = 3.63694e-05, No Iterations 10
time step continuity errors : sum local = 4.47592e-07, global = -1.16565e-07, cumulative = 5.47137e-08
GAMG:  Solving for p, Initial residual = 0.00255877, Final residual = 2.33261e-05, No Iterations 20
GAMG:  Solving for p, Initial residual = 0.00143855, Final residual = 1.27963e-05, No Iterations 4
GAMG:  Solving for p, Initial residual = 0.000562708, Final residual = 9.6491e-07, No Iterations 36
time step continuity errors : sum local = 1.18411e-08, global = 3.48853e-09, cumulative = 5.82023e-08
DILUPBiCG:  Solving for omega, Initial residual = 0.000472292, Final residual = 7.66587e-07, No Iterations 1
DILUPBiCG:  Solving for k, Initial residual = 0.0048427, Final residual = 1.65955e-06, No Iterations 2
ExecutionTime = 18.2 s  ClockTime = 18 s

End

