/*---------------------------------------------------------------------------*\
| =========                 |                                                 |
| \\      /  F ield         | OpenFOAM: The Open Source CFD Toolbox           |
|  \\    /   O peration     | Version:  2.3.1                                 |
|   \\  /    A nd           | Web:      www.OpenFOAM.org                      |
|    \\/     M anipulation  |                                                 |
\*---------------------------------------------------------------------------*/
Build  : 2.3.1-262087cdf8db
Exec   : pimpleDyMFoam
Date   : Jun 06 2023
Time   : 02:00:16
Host   : "jcosson-VirtualBox"
PID    : 17755
Case   : /home/jcosson/workspace/henersj_shootingdata/calcs/moderate_deformed/primal/100_intervals_05-06-23/sweep49/interval87
nProcs : 1
sigFpe : Enabling floating point exception trapping (FOAM_SIGFPE).
fileModificationChecking : Monitoring run-time modified files using timeStampMaster
allowSystemOperations : Allowing user-supplied system call operations

// * * * * * * * * * * * * * * * * * * * * * * * * * * * * * * * * * * * * * //
Create time

Create mesh for time = 0.486

Selecting dynamicFvMesh dynamicMotionSolverFvMesh
Selecting motion solver: displacementLaplacian
Selecting motion diffusion: quadratic
Selecting motion diffusion: quadratic
Selecting motion diffusion: inverseDistance

PIMPLE: no residual control data found. Calculations will employ 3 corrector loops

Reading field p

Reading field U

Reading/calculating face flux field phi

Selecting incompressible transport model Newtonian
Selecting turbulence model type RASModel
Selecting RAS turbulence model kOmegaSST
bounding k, min: 0 max: 0.000665466 average: 0.000154515
kOmegaSSTCoeffs
{
    alphaK1         0.85034;
    alphaK2         1;
    alphaOmega1     0.5;
    alphaOmega2     0.85616;
    gamma1          0.5532;
    gamma2          0.4403;
    beta1           0.075;
    beta2           0.0828;
    betaStar        0.09;
    a1              0.31;
    c1              10;
    Cmu             0.09;
    b1              1;
    F3              false;
}

Reading/calculating face velocity Uf

No finite volume options present

Courant Number mean: 0.131504 max: 0.292517

Starting time loop

Courant Number mean: 0.131504 max: 0.292517
Time = 0.487

GAMG:  Solving for cellDisplacementx, Initial residual = 0, Final residual = 0, No Iterations 0
GAMG:  Solving for cellDisplacementy, Initial residual = 0, Final residual = 0, No Iterations 0
GAMG:  Solving for cellDisplacementz, Initial residual = 0, Final residual = 0, No Iterations 0
PIMPLE: iteration 1
DILUPBiCG:  Solving for Ux, Initial residual = 0.0611617, Final residual = 0.000232396, No Iterations 1
DILUPBiCG:  Solving for Uy, Initial residual = 0.0117711, Final residual = 2.39601e-05, No Iterations 1
DILUPBiCG:  Solving for Uz, Initial residual = 0.0119084, Final residual = 1.24912e-05, No Iterations 1
GAMG:  Solving for p, Initial residual = 0.118014, Final residual = 0.000863076, No Iterations 4
GAMG:  Solving for p, Initial residual = 0.0153892, Final residual = 0.000153233, No Iterations 16
GAMG:  Solving for p, Initial residual = 0.00722056, Final residual = 6.35965e-05, No Iterations 10
time step continuity errors : sum local = 8.14097e-07, global = 2.13086e-07, cumulative = 2.13086e-07
GAMG:  Solving for p, Initial residual = 0.0524874, Final residual = 0.000351115, No Iterations 4
GAMG:  Solving for p, Initial residual = 0.00764123, Final residual = 7.60428e-05, No Iterations 14
GAMG:  Solving for p, Initial residual = 0.00361799, Final residual = 3.37351e-05, No Iterations 10
time step continuity errors : sum local = 4.34202e-07, global = 1.12454e-07, cumulative = 3.2554e-07
PIMPLE: iteration 2
DILUPBiCG:  Solving for Ux, Initial residual = 0.0161022, Final residual = 9.392e-05, No Iterations 1
DILUPBiCG:  Solving for Uy, Initial residual = 0.00322083, Final residual = 6.4721e-06, No Iterations 1
DILUPBiCG:  Solving for Uz, Initial residual = 0.00257967, Final residual = 9.16239e-06, No Iterations 1
GAMG:  Solving for p, Initial residual = 0.0517167, Final residual = 0.000494269, No Iterations 4
GAMG:  Solving for p, Initial residual = 0.00999163, Final residual = 8.73603e-05, No Iterations 16
GAMG:  Solving for p, Initial residual = 0.004436, Final residual = 4.34512e-05, No Iterations 4
time step continuity errors : sum local = 4.85545e-07, global = -1.91534e-07, cumulative = 1.34006e-07
GAMG:  Solving for p, Initial residual = 0.0270867, Final residual = 0.000234123, No Iterations 4
GAMG:  Solving for p, Initial residual = 0.00526092, Final residual = 4.40906e-05, No Iterations 14
GAMG:  Solving for p, Initial residual = 0.00210324, Final residual = 1.99894e-05, No Iterations 4
time step continuity errors : sum local = 2.24073e-07, global = -8.86097e-08, cumulative = 4.53967e-08
PIMPLE: iteration 3
DILUPBiCG:  Solving for Ux, Initial residual = 0.0035103, Final residual = 2.81996e-06, No Iterations 2
DILUPBiCG:  Solving for Uy, Initial residual = 0.000734132, Final residual = 4.82507e-06, No Iterations 1
DILUPBiCG:  Solving for Uz, Initial residual = 0.00496016, Final residual = 2.29582e-06, No Iterations 2
GAMG:  Solving for p, Initial residual = 0.0438484, Final residual = 0.000336073, No Iterations 5
GAMG:  Solving for p, Initial residual = 0.00997197, Final residual = 9.28357e-05, No Iterations 14
GAMG:  Solving for p, Initial residual = 0.0050352, Final residual = 4.87738e-05, No Iterations 10
time step continuity errors : sum local = 6.11722e-07, global = -1.61608e-07, cumulative = -1.16212e-07
GAMG:  Solving for p, Initial residual = 0.00246733, Final residual = 1.93923e-05, No Iterations 8
GAMG:  Solving for p, Initial residual = 0.00129317, Final residual = 9.79491e-06, No Iterations 5
GAMG:  Solving for p, Initial residual = 0.000527478, Final residual = 9.33213e-07, No Iterations 28
time step continuity errors : sum local = 1.15819e-08, global = 3.47671e-09, cumulative = -1.12735e-07
DILUPBiCG:  Solving for omega, Initial residual = 0.00109575, Final residual = 7.41696e-07, No Iterations 1
DILUPBiCG:  Solving for k, Initial residual = 0.00363474, Final residual = 6.80742e-07, No Iterations 2
bounding k, min: 0 max: 0.000651697 average: 0.000153574
ExecutionTime = 16.45 s  ClockTime = 16 s

End

