/*---------------------------------------------------------------------------*\
| =========                 |                                                 |
| \\      /  F ield         | OpenFOAM: The Open Source CFD Toolbox           |
|  \\    /   O peration     | Version:  2.3.1                                 |
|   \\  /    A nd           | Web:      www.OpenFOAM.org                      |
|    \\/     M anipulation  |                                                 |
\*---------------------------------------------------------------------------*/
Build  : 2.3.1-262087cdf8db
Exec   : pimpleDyMFoam
Date   : Jun 06 2023
Time   : 01:59:58
Host   : "jcosson-VirtualBox"
PID    : 17731
Case   : /home/jcosson/workspace/henersj_shootingdata/calcs/moderate_deformed/primal/100_intervals_05-06-23/sweep49/interval75
nProcs : 1
sigFpe : Enabling floating point exception trapping (FOAM_SIGFPE).
fileModificationChecking : Monitoring run-time modified files using timeStampMaster
allowSystemOperations : Allowing user-supplied system call operations

// * * * * * * * * * * * * * * * * * * * * * * * * * * * * * * * * * * * * * //
Create time

Create mesh for time = 0.474

Selecting dynamicFvMesh dynamicMotionSolverFvMesh
Selecting motion solver: displacementLaplacian
Selecting motion diffusion: quadratic
Selecting motion diffusion: quadratic
Selecting motion diffusion: inverseDistance

PIMPLE: no residual control data found. Calculations will employ 3 corrector loops

Reading field p

Reading field U

Reading/calculating face flux field phi

Selecting incompressible transport model Newtonian
Selecting turbulence model type RASModel
Selecting RAS turbulence model kOmegaSST
kOmegaSSTCoeffs
{
    alphaK1         0.85034;
    alphaK2         1;
    alphaOmega1     0.5;
    alphaOmega2     0.85616;
    gamma1          0.5532;
    gamma2          0.4403;
    beta1           0.075;
    beta2           0.0828;
    betaStar        0.09;
    a1              0.31;
    c1              10;
    Cmu             0.09;
    b1              1;
    F3              false;
}

Reading/calculating face velocity Uf

No finite volume options present

Courant Number mean: 0.194792 max: 0.430006

Starting time loop

Courant Number mean: 0.194792 max: 0.430006
Time = 0.475

GAMG:  Solving for cellDisplacementx, Initial residual = 0, Final residual = 0, No Iterations 0
GAMG:  Solving for cellDisplacementy, Initial residual = 0, Final residual = 0, No Iterations 0
GAMG:  Solving for cellDisplacementz, Initial residual = 0, Final residual = 0, No Iterations 0
PIMPLE: iteration 1
DILUPBiCG:  Solving for Ux, Initial residual = 0.0571277, Final residual = 0.000234918, No Iterations 1
DILUPBiCG:  Solving for Uy, Initial residual = 0.00958363, Final residual = 2.16391e-05, No Iterations 1
DILUPBiCG:  Solving for Uz, Initial residual = 0.0114866, Final residual = 2.55046e-05, No Iterations 1
GAMG:  Solving for p, Initial residual = 0.124739, Final residual = 0.000925334, No Iterations 6
GAMG:  Solving for p, Initial residual = 0.0144724, Final residual = 0.00013936, No Iterations 18
GAMG:  Solving for p, Initial residual = 0.00638347, Final residual = 5.55117e-05, No Iterations 12
time step continuity errors : sum local = 8.44858e-07, global = 2.54354e-07, cumulative = 2.54354e-07
GAMG:  Solving for p, Initial residual = 0.0533102, Final residual = 0.000517155, No Iterations 4
GAMG:  Solving for p, Initial residual = 0.00733521, Final residual = 6.96588e-05, No Iterations 18
GAMG:  Solving for p, Initial residual = 0.00341241, Final residual = 3.40872e-05, No Iterations 10
time step continuity errors : sum local = 5.19216e-07, global = 1.39262e-07, cumulative = 3.93616e-07
PIMPLE: iteration 2
DILUPBiCG:  Solving for Ux, Initial residual = 0.0162955, Final residual = 9.82562e-05, No Iterations 1
DILUPBiCG:  Solving for Uy, Initial residual = 0.00288171, Final residual = 6.41048e-06, No Iterations 1
DILUPBiCG:  Solving for Uz, Initial residual = 0.003345, Final residual = 1.25722e-05, No Iterations 1
GAMG:  Solving for p, Initial residual = 0.0534226, Final residual = 0.000476946, No Iterations 4
GAMG:  Solving for p, Initial residual = 0.00879703, Final residual = 8.53734e-05, No Iterations 16
GAMG:  Solving for p, Initial residual = 0.0039611, Final residual = 3.57874e-05, No Iterations 10
time step continuity errors : sum local = 4.6613e-07, global = -1.25671e-07, cumulative = 2.67945e-07
GAMG:  Solving for p, Initial residual = 0.0275094, Final residual = 0.000209178, No Iterations 4
GAMG:  Solving for p, Initial residual = 0.00438076, Final residual = 3.97481e-05, No Iterations 14
GAMG:  Solving for p, Initial residual = 0.00186345, Final residual = 1.72959e-05, No Iterations 10
time step continuity errors : sum local = 2.26451e-07, global = -5.93946e-08, cumulative = 2.0855e-07
PIMPLE: iteration 3
DILUPBiCG:  Solving for Ux, Initial residual = 0.0039369, Final residual = 2.47092e-06, No Iterations 2
DILUPBiCG:  Solving for Uy, Initial residual = 0.000699213, Final residual = 6.35515e-06, No Iterations 1
DILUPBiCG:  Solving for Uz, Initial residual = 0.00713499, Final residual = 3.79738e-06, No Iterations 2
GAMG:  Solving for p, Initial residual = 0.0404474, Final residual = 0.000365786, No Iterations 5
GAMG:  Solving for p, Initial residual = 0.00923171, Final residual = 8.73634e-05, No Iterations 9
GAMG:  Solving for p, Initial residual = 0.00433172, Final residual = 4.1083e-05, No Iterations 10
time step continuity errors : sum local = 6.00993e-07, global = -1.54701e-07, cumulative = 5.38488e-08
GAMG:  Solving for p, Initial residual = 0.00240621, Final residual = 2.29086e-05, No Iterations 16
GAMG:  Solving for p, Initial residual = 0.00132054, Final residual = 1.17013e-05, No Iterations 4
GAMG:  Solving for p, Initial residual = 0.000534478, Final residual = 9.47107e-07, No Iterations 32
time step continuity errors : sum local = 1.37805e-08, global = 4.0618e-09, cumulative = 5.79106e-08
DILUPBiCG:  Solving for omega, Initial residual = 0.000610088, Final residual = 6.39526e-07, No Iterations 1
DILUPBiCG:  Solving for k, Initial residual = 0.00431012, Final residual = 1.56519e-06, No Iterations 2
ExecutionTime = 17.69 s  ClockTime = 18 s

End

