/*---------------------------------------------------------------------------*\
| =========                 |                                                 |
| \\      /  F ield         | OpenFOAM: The Open Source CFD Toolbox           |
|  \\    /   O peration     | Version:  2.3.1                                 |
|   \\  /    A nd           | Web:      www.OpenFOAM.org                      |
|    \\/     M anipulation  |                                                 |
\*---------------------------------------------------------------------------*/
Build  : 2.3.1-262087cdf8db
Exec   : pimpleDyMFoam
Date   : Jun 06 2023
Time   : 01:53:05
Host   : "jcosson-VirtualBox"
PID    : 14111
Case   : /home/jcosson/workspace/henersj_shootingdata/calcs/moderate_deformed/primal/100_intervals_05-06-23/sweep46/interval75
nProcs : 1
sigFpe : Enabling floating point exception trapping (FOAM_SIGFPE).
fileModificationChecking : Monitoring run-time modified files using timeStampMaster
allowSystemOperations : Allowing user-supplied system call operations

// * * * * * * * * * * * * * * * * * * * * * * * * * * * * * * * * * * * * * //
Create time

Create mesh for time = 0.474

Selecting dynamicFvMesh dynamicMotionSolverFvMesh
Selecting motion solver: displacementLaplacian
Selecting motion diffusion: quadratic
Selecting motion diffusion: quadratic
Selecting motion diffusion: inverseDistance

PIMPLE: no residual control data found. Calculations will employ 3 corrector loops

Reading field p

Reading field U

Reading/calculating face flux field phi

Selecting incompressible transport model Newtonian
Selecting turbulence model type RASModel
Selecting RAS turbulence model kOmegaSST
kOmegaSSTCoeffs
{
    alphaK1         0.85034;
    alphaK2         1;
    alphaOmega1     0.5;
    alphaOmega2     0.85616;
    gamma1          0.5532;
    gamma2          0.4403;
    beta1           0.075;
    beta2           0.0828;
    betaStar        0.09;
    a1              0.31;
    c1              10;
    Cmu             0.09;
    b1              1;
    F3              false;
}

Reading/calculating face velocity Uf

No finite volume options present

Courant Number mean: 0.194818 max: 0.429594

Starting time loop

Courant Number mean: 0.194818 max: 0.429594
Time = 0.475

GAMG:  Solving for cellDisplacementx, Initial residual = 0, Final residual = 0, No Iterations 0
GAMG:  Solving for cellDisplacementy, Initial residual = 0, Final residual = 0, No Iterations 0
GAMG:  Solving for cellDisplacementz, Initial residual = 0, Final residual = 0, No Iterations 0
PIMPLE: iteration 1
DILUPBiCG:  Solving for Ux, Initial residual = 0.057117, Final residual = 0.000234638, No Iterations 1
DILUPBiCG:  Solving for Uy, Initial residual = 0.00958356, Final residual = 2.15699e-05, No Iterations 1
DILUPBiCG:  Solving for Uz, Initial residual = 0.0112664, Final residual = 2.55544e-05, No Iterations 1
GAMG:  Solving for p, Initial residual = 0.124629, Final residual = 0.000924532, No Iterations 6
GAMG:  Solving for p, Initial residual = 0.0144822, Final residual = 0.000139544, No Iterations 18
GAMG:  Solving for p, Initial residual = 0.0063628, Final residual = 5.56708e-05, No Iterations 12
time step continuity errors : sum local = 8.4686e-07, global = 2.55011e-07, cumulative = 2.55011e-07
GAMG:  Solving for p, Initial residual = 0.0532747, Final residual = 0.000516574, No Iterations 4
GAMG:  Solving for p, Initial residual = 0.00734382, Final residual = 6.9507e-05, No Iterations 18
GAMG:  Solving for p, Initial residual = 0.0034092, Final residual = 3.40624e-05, No Iterations 10
time step continuity errors : sum local = 5.18563e-07, global = 1.39367e-07, cumulative = 3.94378e-07
PIMPLE: iteration 2
DILUPBiCG:  Solving for Ux, Initial residual = 0.0162893, Final residual = 9.83439e-05, No Iterations 1
DILUPBiCG:  Solving for Uy, Initial residual = 0.00288083, Final residual = 6.38894e-06, No Iterations 1
DILUPBiCG:  Solving for Uz, Initial residual = 0.00330922, Final residual = 1.25758e-05, No Iterations 1
GAMG:  Solving for p, Initial residual = 0.0533815, Final residual = 0.000476485, No Iterations 4
GAMG:  Solving for p, Initial residual = 0.00878299, Final residual = 8.5078e-05, No Iterations 16
GAMG:  Solving for p, Initial residual = 0.00396794, Final residual = 3.56525e-05, No Iterations 10
time step continuity errors : sum local = 4.64081e-07, global = -1.24683e-07, cumulative = 2.69695e-07
GAMG:  Solving for p, Initial residual = 0.0275069, Final residual = 0.000209037, No Iterations 4
GAMG:  Solving for p, Initial residual = 0.00437894, Final residual = 3.9563e-05, No Iterations 14
GAMG:  Solving for p, Initial residual = 0.00186226, Final residual = 1.72202e-05, No Iterations 10
time step continuity errors : sum local = 2.25313e-07, global = -5.89942e-08, cumulative = 2.10701e-07
PIMPLE: iteration 3
DILUPBiCG:  Solving for Ux, Initial residual = 0.00393398, Final residual = 2.51715e-06, No Iterations 2
DILUPBiCG:  Solving for Uy, Initial residual = 0.00069845, Final residual = 6.36134e-06, No Iterations 1
DILUPBiCG:  Solving for Uz, Initial residual = 0.00706083, Final residual = 3.99731e-06, No Iterations 2
GAMG:  Solving for p, Initial residual = 0.0405136, Final residual = 0.000366448, No Iterations 5
GAMG:  Solving for p, Initial residual = 0.00926302, Final residual = 8.6137e-05, No Iterations 9
GAMG:  Solving for p, Initial residual = 0.00434429, Final residual = 4.00872e-05, No Iterations 10
time step continuity errors : sum local = 5.86001e-07, global = -1.50781e-07, cumulative = 5.99194e-08
GAMG:  Solving for p, Initial residual = 0.00241388, Final residual = 2.37508e-05, No Iterations 16
GAMG:  Solving for p, Initial residual = 0.00132564, Final residual = 1.20323e-05, No Iterations 4
GAMG:  Solving for p, Initial residual = 0.000536239, Final residual = 8.72198e-07, No Iterations 34
time step continuity errors : sum local = 1.26815e-08, global = 3.72079e-09, cumulative = 6.36402e-08
DILUPBiCG:  Solving for omega, Initial residual = 0.000612912, Final residual = 6.43529e-07, No Iterations 1
DILUPBiCG:  Solving for k, Initial residual = 0.00430556, Final residual = 1.54442e-06, No Iterations 2
ExecutionTime = 16.74 s  ClockTime = 17 s

End

