/*---------------------------------------------------------------------------*\
| =========                 |                                                 |
| \\      /  F ield         | OpenFOAM: The Open Source CFD Toolbox           |
|  \\    /   O peration     | Version:  2.3.1                                 |
|   \\  /    A nd           | Web:      www.OpenFOAM.org                      |
|    \\/     M anipulation  |                                                 |
\*---------------------------------------------------------------------------*/
Build  : 2.3.1-262087cdf8db
Exec   : pimpleDyMFoam
Date   : Jun 06 2023
Time   : 01:53:24
Host   : "jcosson-VirtualBox"
PID    : 14143
Case   : /home/jcosson/workspace/henersj_shootingdata/calcs/moderate_deformed/primal/100_intervals_05-06-23/sweep46/interval91
nProcs : 1
sigFpe : Enabling floating point exception trapping (FOAM_SIGFPE).
fileModificationChecking : Monitoring run-time modified files using timeStampMaster
allowSystemOperations : Allowing user-supplied system call operations

// * * * * * * * * * * * * * * * * * * * * * * * * * * * * * * * * * * * * * //
Create time

Create mesh for time = 0.49

Selecting dynamicFvMesh dynamicMotionSolverFvMesh
Selecting motion solver: displacementLaplacian
Selecting motion diffusion: quadratic
Selecting motion diffusion: quadratic
Selecting motion diffusion: inverseDistance

PIMPLE: no residual control data found. Calculations will employ 3 corrector loops

Reading field p

Reading field U

Reading/calculating face flux field phi

Selecting incompressible transport model Newtonian
Selecting turbulence model type RASModel
Selecting RAS turbulence model kOmegaSST
bounding k, min: 0 max: 0.0006174 average: 0.000152025
kOmegaSSTCoeffs
{
    alphaK1         0.85034;
    alphaK2         1;
    alphaOmega1     0.5;
    alphaOmega2     0.85616;
    gamma1          0.5532;
    gamma2          0.4403;
    beta1           0.075;
    beta2           0.0828;
    betaStar        0.09;
    a1              0.31;
    c1              10;
    Cmu             0.09;
    b1              1;
    F3              false;
}

Reading/calculating face velocity Uf

No finite volume options present

Courant Number mean: 0.116061 max: 0.263443

Starting time loop

Courant Number mean: 0.116061 max: 0.263443
Time = 0.491

GAMG:  Solving for cellDisplacementx, Initial residual = 0, Final residual = 0, No Iterations 0
GAMG:  Solving for cellDisplacementy, Initial residual = 0, Final residual = 0, No Iterations 0
GAMG:  Solving for cellDisplacementz, Initial residual = 0, Final residual = 0, No Iterations 0
PIMPLE: iteration 1
DILUPBiCG:  Solving for Ux, Initial residual = 0.0514632, Final residual = 0.000191295, No Iterations 1
DILUPBiCG:  Solving for Uy, Initial residual = 0.0105008, Final residual = 2.08074e-05, No Iterations 1
DILUPBiCG:  Solving for Uz, Initial residual = 0.0120367, Final residual = 1.02342e-05, No Iterations 1
GAMG:  Solving for p, Initial residual = 0.113728, Final residual = 0.000647185, No Iterations 4
GAMG:  Solving for p, Initial residual = 0.0154648, Final residual = 0.000145233, No Iterations 16
GAMG:  Solving for p, Initial residual = 0.00745296, Final residual = 6.19336e-05, No Iterations 4
time step continuity errors : sum local = 6.3094e-07, global = 2.087e-07, cumulative = 2.087e-07
GAMG:  Solving for p, Initial residual = 0.0517017, Final residual = 0.000279049, No Iterations 4
GAMG:  Solving for p, Initial residual = 0.00757509, Final residual = 6.47039e-05, No Iterations 16
GAMG:  Solving for p, Initial residual = 0.00374662, Final residual = 3.11202e-05, No Iterations 4
time step continuity errors : sum local = 3.19395e-07, global = 1.10776e-07, cumulative = 3.19476e-07
PIMPLE: iteration 2
DILUPBiCG:  Solving for Ux, Initial residual = 0.0131526, Final residual = 7.48003e-05, No Iterations 1
DILUPBiCG:  Solving for Uy, Initial residual = 0.00276105, Final residual = 5.42405e-06, No Iterations 1
DILUPBiCG:  Solving for Uz, Initial residual = 0.00251392, Final residual = 6.72581e-06, No Iterations 1
GAMG:  Solving for p, Initial residual = 0.0504254, Final residual = 0.000478758, No Iterations 5
GAMG:  Solving for p, Initial residual = 0.011228, Final residual = 0.000101203, No Iterations 8
GAMG:  Solving for p, Initial residual = 0.00468859, Final residual = 2.50822e-05, No Iterations 5
time step continuity errors : sum local = 2.23878e-07, global = -4.5388e-08, cumulative = 2.74088e-07
GAMG:  Solving for p, Initial residual = 0.0267925, Final residual = 0.000236924, No Iterations 4
GAMG:  Solving for p, Initial residual = 0.00601573, Final residual = 5.65459e-05, No Iterations 12
GAMG:  Solving for p, Initial residual = 0.00232032, Final residual = 2.01535e-05, No Iterations 10
time step continuity errors : sum local = 1.80343e-07, global = -4.57539e-08, cumulative = 2.28334e-07
PIMPLE: iteration 3
DILUPBiCG:  Solving for Ux, Initial residual = 0.00271411, Final residual = 2.49298e-06, No Iterations 2
DILUPBiCG:  Solving for Uy, Initial residual = 0.000606836, Final residual = 4.99557e-06, No Iterations 1
DILUPBiCG:  Solving for Uz, Initial residual = 0.0040547, Final residual = 1.64324e-06, No Iterations 2
GAMG:  Solving for p, Initial residual = 0.0465364, Final residual = 0.000351246, No Iterations 5
GAMG:  Solving for p, Initial residual = 0.0107369, Final residual = 0.000101124, No Iterations 14
GAMG:  Solving for p, Initial residual = 0.00555334, Final residual = 5.27677e-05, No Iterations 10
time step continuity errors : sum local = 5.27169e-07, global = -1.40426e-07, cumulative = 8.79078e-08
GAMG:  Solving for p, Initial residual = 0.00260974, Final residual = 2.37408e-05, No Iterations 7
GAMG:  Solving for p, Initial residual = 0.00132601, Final residual = 1.27986e-05, No Iterations 5
GAMG:  Solving for p, Initial residual = 0.000530017, Final residual = 9.34447e-07, No Iterations 27
time step continuity errors : sum local = 9.21909e-09, global = 2.7598e-09, cumulative = 9.06676e-08
DILUPBiCG:  Solving for omega, Initial residual = 0.0012363, Final residual = 7.21478e-07, No Iterations 1
DILUPBiCG:  Solving for k, Initial residual = 0.00346057, Final residual = 6.01392e-07, No Iterations 2
bounding k, min: 0 max: 0.00060161 average: 0.000151166
ExecutionTime = 13.76 s  ClockTime = 14 s

End

