/*---------------------------------------------------------------------------*\
| =========                 |                                                 |
| \\      /  F ield         | OpenFOAM: The Open Source CFD Toolbox           |
|  \\    /   O peration     | Version:  2.3.1                                 |
|   \\  /    A nd           | Web:      www.OpenFOAM.org                      |
|    \\/     M anipulation  |                                                 |
\*---------------------------------------------------------------------------*/
Build  : 2.3.1-262087cdf8db
Exec   : pimpleDyMFoam
Date   : Jun 06 2023
Time   : 01:53:23
Host   : "jcosson-VirtualBox"
PID    : 14139
Case   : /home/jcosson/workspace/henersj_shootingdata/calcs/moderate_deformed/primal/100_intervals_05-06-23/sweep46/interval89
nProcs : 1
sigFpe : Enabling floating point exception trapping (FOAM_SIGFPE).
fileModificationChecking : Monitoring run-time modified files using timeStampMaster
allowSystemOperations : Allowing user-supplied system call operations

// * * * * * * * * * * * * * * * * * * * * * * * * * * * * * * * * * * * * * //
Create time

Create mesh for time = 0.488

Selecting dynamicFvMesh dynamicMotionSolverFvMesh
Selecting motion solver: displacementLaplacian
Selecting motion diffusion: quadratic
Selecting motion diffusion: quadratic
Selecting motion diffusion: inverseDistance

PIMPLE: no residual control data found. Calculations will employ 3 corrector loops

Reading field p

Reading field U

Reading/calculating face flux field phi

Selecting incompressible transport model Newtonian
Selecting turbulence model type RASModel
Selecting RAS turbulence model kOmegaSST
bounding k, min: 0 max: 0.000644522 average: 0.00015346
kOmegaSSTCoeffs
{
    alphaK1         0.85034;
    alphaK2         1;
    alphaOmega1     0.5;
    alphaOmega2     0.85616;
    gamma1          0.5532;
    gamma2          0.4403;
    beta1           0.075;
    beta2           0.0828;
    betaStar        0.09;
    a1              0.31;
    c1              10;
    Cmu             0.09;
    b1              1;
    F3              false;
}

Reading/calculating face velocity Uf

No finite volume options present

Courant Number mean: 0.123278 max: 0.277885

Starting time loop

Courant Number mean: 0.123278 max: 0.277885
Time = 0.489

GAMG:  Solving for cellDisplacementx, Initial residual = 0, Final residual = 0, No Iterations 0
GAMG:  Solving for cellDisplacementy, Initial residual = 0, Final residual = 0, No Iterations 0
GAMG:  Solving for cellDisplacementz, Initial residual = 0, Final residual = 0, No Iterations 0
PIMPLE: iteration 1
DILUPBiCG:  Solving for Ux, Initial residual = 0.0570842, Final residual = 0.000213636, No Iterations 1
DILUPBiCG:  Solving for Uy, Initial residual = 0.0113299, Final residual = 2.26918e-05, No Iterations 1
DILUPBiCG:  Solving for Uz, Initial residual = 0.0125875, Final residual = 1.13203e-05, No Iterations 1
GAMG:  Solving for p, Initial residual = 0.115801, Final residual = 0.000760179, No Iterations 4
GAMG:  Solving for p, Initial residual = 0.015471, Final residual = 0.000151697, No Iterations 16
GAMG:  Solving for p, Initial residual = 0.00739571, Final residual = 6.3058e-05, No Iterations 4
time step continuity errors : sum local = 7.30985e-07, global = 2.38752e-07, cumulative = 2.38752e-07
GAMG:  Solving for p, Initial residual = 0.0520367, Final residual = 0.000325126, No Iterations 4
GAMG:  Solving for p, Initial residual = 0.0076621, Final residual = 6.61749e-05, No Iterations 16
GAMG:  Solving for p, Initial residual = 0.00371096, Final residual = 2.97648e-05, No Iterations 4
time step continuity errors : sum local = 3.47525e-07, global = 1.16148e-07, cumulative = 3.549e-07
PIMPLE: iteration 2
DILUPBiCG:  Solving for Ux, Initial residual = 0.0148255, Final residual = 8.47334e-05, No Iterations 1
DILUPBiCG:  Solving for Uy, Initial residual = 0.00304112, Final residual = 6.02617e-06, No Iterations 1
DILUPBiCG:  Solving for Uz, Initial residual = 0.00251509, Final residual = 8.41897e-06, No Iterations 1
GAMG:  Solving for p, Initial residual = 0.0509866, Final residual = 0.000498203, No Iterations 4
GAMG:  Solving for p, Initial residual = 0.0104537, Final residual = 8.87698e-05, No Iterations 16
GAMG:  Solving for p, Initial residual = 0.00474995, Final residual = 3.70666e-05, No Iterations 4
time step continuity errors : sum local = 3.75904e-07, global = -1.40766e-07, cumulative = 2.14134e-07
GAMG:  Solving for p, Initial residual = 0.0269205, Final residual = 0.000235787, No Iterations 4
GAMG:  Solving for p, Initial residual = 0.00563766, Final residual = 5.44417e-05, No Iterations 12
GAMG:  Solving for p, Initial residual = 0.00222196, Final residual = 2.21009e-05, No Iterations 4
time step continuity errors : sum local = 2.24797e-07, global = -8.54784e-08, cumulative = 1.28656e-07
PIMPLE: iteration 3
DILUPBiCG:  Solving for Ux, Initial residual = 0.00317154, Final residual = 2.55385e-06, No Iterations 2
DILUPBiCG:  Solving for Uy, Initial residual = 0.000686019, Final residual = 4.73523e-06, No Iterations 1
DILUPBiCG:  Solving for Uz, Initial residual = 0.0045392, Final residual = 1.68977e-06, No Iterations 2
GAMG:  Solving for p, Initial residual = 0.0449262, Final residual = 0.000343771, No Iterations 5
GAMG:  Solving for p, Initial residual = 0.0103097, Final residual = 9.69396e-05, No Iterations 14
GAMG:  Solving for p, Initial residual = 0.00524656, Final residual = 5.0892e-05, No Iterations 10
time step continuity errors : sum local = 5.78776e-07, global = -1.53128e-07, cumulative = -2.4472e-08
GAMG:  Solving for p, Initial residual = 0.00251783, Final residual = 2.42459e-05, No Iterations 7
GAMG:  Solving for p, Initial residual = 0.00130303, Final residual = 1.00329e-05, No Iterations 6
GAMG:  Solving for p, Initial residual = 0.000521465, Final residual = 9.57469e-07, No Iterations 28
time step continuity errors : sum local = 1.07643e-08, global = 3.26247e-09, cumulative = -2.12095e-08
DILUPBiCG:  Solving for omega, Initial residual = 0.00117532, Final residual = 7.35608e-07, No Iterations 1
DILUPBiCG:  Solving for k, Initial residual = 0.00354904, Final residual = 6.20163e-07, No Iterations 2
bounding k, min: 0 max: 0.00063066 average: 0.000152556
ExecutionTime = 14.86 s  ClockTime = 15 s

End

