/*---------------------------------------------------------------------------*\
| =========                 |                                                 |
| \\      /  F ield         | OpenFOAM: The Open Source CFD Toolbox           |
|  \\    /   O peration     | Version:  2.3.1                                 |
|   \\  /    A nd           | Web:      www.OpenFOAM.org                      |
|    \\/     M anipulation  |                                                 |
\*---------------------------------------------------------------------------*/
Build  : 2.3.1-262087cdf8db
Exec   : pimpleDyMFoam
Date   : Jun 06 2023
Time   : 01:53:24
Host   : "jcosson-VirtualBox"
PID    : 14153
Case   : /home/jcosson/workspace/henersj_shootingdata/calcs/moderate_deformed/primal/100_intervals_05-06-23/sweep46/interval96
nProcs : 1
sigFpe : Enabling floating point exception trapping (FOAM_SIGFPE).
fileModificationChecking : Monitoring run-time modified files using timeStampMaster
allowSystemOperations : Allowing user-supplied system call operations

// * * * * * * * * * * * * * * * * * * * * * * * * * * * * * * * * * * * * * //
Create time

Create mesh for time = 0.495

Selecting dynamicFvMesh dynamicMotionSolverFvMesh
Selecting motion solver: displacementLaplacian
Selecting motion diffusion: quadratic
Selecting motion diffusion: quadratic
Selecting motion diffusion: inverseDistance

PIMPLE: no residual control data found. Calculations will employ 3 corrector loops

Reading field p

Reading field U

Reading/calculating face flux field phi

Selecting incompressible transport model Newtonian
Selecting turbulence model type RASModel
Selecting RAS turbulence model kOmegaSST
bounding k, min: 0 max: 0.000535817 average: 0.000148832
kOmegaSSTCoeffs
{
    alphaK1         0.85034;
    alphaK2         1;
    alphaOmega1     0.5;
    alphaOmega2     0.85616;
    gamma1          0.5532;
    gamma2          0.4403;
    beta1           0.075;
    beta2           0.0828;
    betaStar        0.09;
    a1              0.31;
    c1              10;
    Cmu             0.09;
    b1              1;
    F3              false;
}

Reading/calculating face velocity Uf

No finite volume options present

Courant Number mean: 0.103241 max: 0.237581

Starting time loop

Courant Number mean: 0.103241 max: 0.237581
Time = 0.496

GAMG:  Solving for cellDisplacementx, Initial residual = 0, Final residual = 0, No Iterations 0
GAMG:  Solving for cellDisplacementy, Initial residual = 0, Final residual = 0, No Iterations 0
GAMG:  Solving for cellDisplacementz, Initial residual = 0, Final residual = 0, No Iterations 0
PIMPLE: iteration 1
DILUPBiCG:  Solving for Ux, Initial residual = 0.030711, Final residual = 0.000113596, No Iterations 1
DILUPBiCG:  Solving for Uy, Initial residual = 0.00661138, Final residual = 1.28331e-05, No Iterations 1
DILUPBiCG:  Solving for Uz, Initial residual = 0.00871799, Final residual = 1.01313e-05, No Iterations 1
GAMG:  Solving for p, Initial residual = 0.102869, Final residual = 0.000433708, No Iterations 4
GAMG:  Solving for p, Initial residual = 0.0143341, Final residual = 0.000126154, No Iterations 4
GAMG:  Solving for p, Initial residual = 0.00692314, Final residual = 6.12759e-05, No Iterations 10
time step continuity errors : sum local = 3.5985e-07, global = 9.69682e-08, cumulative = 9.69682e-08
GAMG:  Solving for p, Initial residual = 0.0491649, Final residual = 0.000207126, No Iterations 4
GAMG:  Solving for p, Initial residual = 0.00695124, Final residual = 5.97043e-05, No Iterations 4
GAMG:  Solving for p, Initial residual = 0.0034352, Final residual = 3.10081e-05, No Iterations 10
time step continuity errors : sum local = 1.83997e-07, global = 5.05682e-08, cumulative = 1.47536e-07
PIMPLE: iteration 2
DILUPBiCG:  Solving for Ux, Initial residual = 0.00732801, Final residual = 4.23738e-05, No Iterations 1
DILUPBiCG:  Solving for Uy, Initial residual = 0.00161409, Final residual = 3.16141e-06, No Iterations 1
DILUPBiCG:  Solving for Uz, Initial residual = 0.00278423, Final residual = 4.42176e-05, No Iterations 1
GAMG:  Solving for p, Initial residual = 0.0467225, Final residual = 0.000345104, No Iterations 6
GAMG:  Solving for p, Initial residual = 0.0148557, Final residual = 0.000139738, No Iterations 10
GAMG:  Solving for p, Initial residual = 0.00444455, Final residual = 3.93032e-05, No Iterations 16
time step continuity errors : sum local = 2.0416e-07, global = -6.06765e-08, cumulative = 8.68599e-08
GAMG:  Solving for p, Initial residual = 0.0250221, Final residual = 0.000249939, No Iterations 5
GAMG:  Solving for p, Initial residual = 0.00785487, Final residual = 6.94238e-05, No Iterations 7
GAMG:  Solving for p, Initial residual = 0.00218986, Final residual = 1.8995e-05, No Iterations 16
time step continuity errors : sum local = 9.86766e-08, global = -2.90027e-08, cumulative = 5.78572e-08
PIMPLE: iteration 3
DILUPBiCG:  Solving for Ux, Initial residual = 0.00124436, Final residual = 1.66348e-06, No Iterations 2
DILUPBiCG:  Solving for Uy, Initial residual = 0.000307058, Final residual = 7.04871e-08, No Iterations 2
DILUPBiCG:  Solving for Uz, Initial residual = 0.0024925, Final residual = 1.84422e-06, No Iterations 2
GAMG:  Solving for p, Initial residual = 0.056943, Final residual = 0.000394619, No Iterations 5
GAMG:  Solving for p, Initial residual = 0.0121674, Final residual = 0.000121007, No Iterations 14
GAMG:  Solving for p, Initial residual = 0.00698553, Final residual = 6.39667e-05, No Iterations 10
time step continuity errors : sum local = 3.66006e-07, global = -1.0144e-07, cumulative = -4.35825e-08
GAMG:  Solving for p, Initial residual = 0.00294248, Final residual = 2.86442e-05, No Iterations 7
GAMG:  Solving for p, Initial residual = 0.00153224, Final residual = 1.17407e-05, No Iterations 6
GAMG:  Solving for p, Initial residual = 0.000614551, Final residual = 9.82804e-07, No Iterations 28
time step continuity errors : sum local = 5.53733e-09, global = 1.69958e-09, cumulative = -4.18829e-08
DILUPBiCG:  Solving for omega, Initial residual = 0.00133132, Final residual = 6.86873e-07, No Iterations 1
DILUPBiCG:  Solving for k, Initial residual = 0.00329636, Final residual = 6.85797e-07, No Iterations 2
bounding k, min: 0 max: 0.000521474 average: 0.000148074
ExecutionTime = 13.39 s  ClockTime = 14 s

End

