/*---------------------------------------------------------------------------*\
| =========                 |                                                 |
| \\      /  F ield         | OpenFOAM: The Open Source CFD Toolbox           |
|  \\    /   O peration     | Version:  2.3.1                                 |
|   \\  /    A nd           | Web:      www.OpenFOAM.org                      |
|    \\/     M anipulation  |                                                 |
\*---------------------------------------------------------------------------*/
Build  : 2.3.1-262087cdf8db
Exec   : pimpleDyMFoam
Date   : Jun 06 2023
Time   : 01:53:07
Host   : "jcosson-VirtualBox"
PID    : 14123
Case   : /home/jcosson/workspace/henersj_shootingdata/calcs/moderate_deformed/primal/100_intervals_05-06-23/sweep46/interval81
nProcs : 1
sigFpe : Enabling floating point exception trapping (FOAM_SIGFPE).
fileModificationChecking : Monitoring run-time modified files using timeStampMaster
allowSystemOperations : Allowing user-supplied system call operations

// * * * * * * * * * * * * * * * * * * * * * * * * * * * * * * * * * * * * * //
Create time

Create mesh for time = 0.48

Selecting dynamicFvMesh dynamicMotionSolverFvMesh
Selecting motion solver: displacementLaplacian
Selecting motion diffusion: quadratic
Selecting motion diffusion: quadratic
Selecting motion diffusion: inverseDistance

PIMPLE: no residual control data found. Calculations will employ 3 corrector loops

Reading field p

Reading field U

Reading/calculating face flux field phi

Selecting incompressible transport model Newtonian
Selecting turbulence model type RASModel
Selecting RAS turbulence model kOmegaSST
bounding k, min: 0 max: 0.000737024 average: 0.000160189
kOmegaSSTCoeffs
{
    alphaK1         0.85034;
    alphaK2         1;
    alphaOmega1     0.5;
    alphaOmega2     0.85616;
    gamma1          0.5532;
    gamma2          0.4403;
    beta1           0.075;
    beta2           0.0828;
    betaStar        0.09;
    a1              0.31;
    c1              10;
    Cmu             0.09;
    b1              1;
    F3              false;
}

Reading/calculating face velocity Uf

No finite volume options present

Courant Number mean: 0.161188 max: 0.353453

Starting time loop

Courant Number mean: 0.161188 max: 0.353453
Time = 0.481

GAMG:  Solving for cellDisplacementx, Initial residual = 0, Final residual = 0, No Iterations 0
GAMG:  Solving for cellDisplacementy, Initial residual = 0, Final residual = 0, No Iterations 0
GAMG:  Solving for cellDisplacementz, Initial residual = 0, Final residual = 0, No Iterations 0
PIMPLE: iteration 1
DILUPBiCG:  Solving for Ux, Initial residual = 0.064103, Final residual = 0.000253185, No Iterations 1
DILUPBiCG:  Solving for Uy, Initial residual = 0.0113967, Final residual = 2.4312e-05, No Iterations 1
DILUPBiCG:  Solving for Uz, Initial residual = 0.0108794, Final residual = 1.84778e-05, No Iterations 1
GAMG:  Solving for p, Initial residual = 0.120013, Final residual = 0.00113695, No Iterations 4
GAMG:  Solving for p, Initial residual = 0.014651, Final residual = 0.000128366, No Iterations 20
GAMG:  Solving for p, Initial residual = 0.00674054, Final residual = 5.94808e-05, No Iterations 10
time step continuity errors : sum local = 8.96835e-07, global = 2.38884e-07, cumulative = 2.38884e-07
GAMG:  Solving for p, Initial residual = 0.0522642, Final residual = 0.000441911, No Iterations 4
GAMG:  Solving for p, Initial residual = 0.0073358, Final residual = 7.23659e-05, No Iterations 16
GAMG:  Solving for p, Initial residual = 0.00341136, Final residual = 2.92983e-05, No Iterations 12
time step continuity errors : sum local = 4.42584e-07, global = 1.3231e-07, cumulative = 3.71194e-07
PIMPLE: iteration 2
DILUPBiCG:  Solving for Ux, Initial residual = 0.0175699, Final residual = 0.000106052, No Iterations 1
DILUPBiCG:  Solving for Uy, Initial residual = 0.00328133, Final residual = 6.89827e-06, No Iterations 1
DILUPBiCG:  Solving for Uz, Initial residual = 0.00287863, Final residual = 1.11039e-05, No Iterations 1
GAMG:  Solving for p, Initial residual = 0.0519132, Final residual = 0.000477339, No Iterations 4
GAMG:  Solving for p, Initial residual = 0.00903337, Final residual = 8.41569e-05, No Iterations 16
GAMG:  Solving for p, Initial residual = 0.00397349, Final residual = 3.49563e-05, No Iterations 10
time step continuity errors : sum local = 4.55362e-07, global = -1.17684e-07, cumulative = 2.5351e-07
GAMG:  Solving for p, Initial residual = 0.0268984, Final residual = 0.000214825, No Iterations 4
GAMG:  Solving for p, Initial residual = 0.0045691, Final residual = 4.02694e-05, No Iterations 14
GAMG:  Solving for p, Initial residual = 0.00186942, Final residual = 1.72141e-05, No Iterations 10
time step continuity errors : sum local = 2.25233e-07, global = -5.71975e-08, cumulative = 1.96312e-07
PIMPLE: iteration 3
DILUPBiCG:  Solving for Ux, Initial residual = 0.00404427, Final residual = 3.11863e-06, No Iterations 2
DILUPBiCG:  Solving for Uy, Initial residual = 0.000769547, Final residual = 5.47367e-06, No Iterations 1
DILUPBiCG:  Solving for Uz, Initial residual = 0.00620477, Final residual = 3.82341e-06, No Iterations 2
GAMG:  Solving for p, Initial residual = 0.0416818, Final residual = 0.000358154, No Iterations 5
GAMG:  Solving for p, Initial residual = 0.00951087, Final residual = 8.25923e-05, No Iterations 12
GAMG:  Solving for p, Initial residual = 0.00454453, Final residual = 3.87965e-05, No Iterations 10
time step continuity errors : sum local = 5.67647e-07, global = -1.46888e-07, cumulative = 4.94238e-08
GAMG:  Solving for p, Initial residual = 0.00239702, Final residual = 2.27394e-05, No Iterations 14
GAMG:  Solving for p, Initial residual = 0.00129816, Final residual = 1.16776e-05, No Iterations 4
GAMG:  Solving for p, Initial residual = 0.000529842, Final residual = 9.20342e-07, No Iterations 30
time step continuity errors : sum local = 1.33612e-08, global = 3.97657e-09, cumulative = 5.34004e-08
DILUPBiCG:  Solving for omega, Initial residual = 0.000856734, Final residual = 7.28152e-07, No Iterations 1
DILUPBiCG:  Solving for k, Initial residual = 0.00397749, Final residual = 7.98538e-07, No Iterations 2
bounding k, min: 0 max: 0.000726244 average: 0.000159119
ExecutionTime = 17.52 s  ClockTime = 18 s

End

