/*---------------------------------------------------------------------------*\
| =========                 |                                                 |
| \\      /  F ield         | OpenFOAM: The Open Source CFD Toolbox           |
|  \\    /   O peration     | Version:  2.3.1                                 |
|   \\  /    A nd           | Web:      www.OpenFOAM.org                      |
|    \\/     M anipulation  |                                                 |
\*---------------------------------------------------------------------------*/
Build  : 2.3.1-262087cdf8db
Exec   : pimpleDyMFoam
Date   : Jun 06 2023
Time   : 01:52:48
Host   : "jcosson-VirtualBox"
PID    : 14093
Case   : /home/jcosson/workspace/henersj_shootingdata/calcs/moderate_deformed/primal/100_intervals_05-06-23/sweep46/interval66
nProcs : 1
sigFpe : Enabling floating point exception trapping (FOAM_SIGFPE).
fileModificationChecking : Monitoring run-time modified files using timeStampMaster
allowSystemOperations : Allowing user-supplied system call operations

// * * * * * * * * * * * * * * * * * * * * * * * * * * * * * * * * * * * * * //
Create time

Create mesh for time = 0.465

Selecting dynamicFvMesh dynamicMotionSolverFvMesh
Selecting motion solver: displacementLaplacian
Selecting motion diffusion: quadratic
Selecting motion diffusion: quadratic
Selecting motion diffusion: inverseDistance

PIMPLE: no residual control data found. Calculations will employ 3 corrector loops

Reading field p

Reading field U

Reading/calculating face flux field phi

Selecting incompressible transport model Newtonian
Selecting turbulence model type RASModel
Selecting RAS turbulence model kOmegaSST
kOmegaSSTCoeffs
{
    alphaK1         0.85034;
    alphaK2         1;
    alphaOmega1     0.5;
    alphaOmega2     0.85616;
    gamma1          0.5532;
    gamma2          0.4403;
    beta1           0.075;
    beta2           0.0828;
    betaStar        0.09;
    a1              0.31;
    c1              10;
    Cmu             0.09;
    b1              1;
    F3              false;
}

Reading/calculating face velocity Uf

No finite volume options present

Courant Number mean: 0.242414 max: 0.538357

Starting time loop

Courant Number mean: 0.242414 max: 0.538357
Time = 0.466

GAMG:  Solving for cellDisplacementx, Initial residual = 0, Final residual = 0, No Iterations 0
GAMG:  Solving for cellDisplacementy, Initial residual = 0, Final residual = 0, No Iterations 0
GAMG:  Solving for cellDisplacementz, Initial residual = 0, Final residual = 0, No Iterations 0
PIMPLE: iteration 1
DILUPBiCG:  Solving for Ux, Initial residual = 0.03751, Final residual = 0.00015577, No Iterations 1
DILUPBiCG:  Solving for Uy, Initial residual = 0.00601765, Final residual = 1.4207e-05, No Iterations 1
DILUPBiCG:  Solving for Uz, Initial residual = 0.0137075, Final residual = 3.33919e-05, No Iterations 1
GAMG:  Solving for p, Initial residual = 0.14016, Final residual = 0.00116679, No Iterations 6
GAMG:  Solving for p, Initial residual = 0.0165231, Final residual = 0.00016347, No Iterations 18
GAMG:  Solving for p, Initial residual = 0.00699907, Final residual = 6.43881e-05, No Iterations 12
time step continuity errors : sum local = 7.66715e-07, global = 2.30875e-07, cumulative = 2.30875e-07
GAMG:  Solving for p, Initial residual = 0.0580358, Final residual = 0.000381326, No Iterations 6
GAMG:  Solving for p, Initial residual = 0.0083085, Final residual = 7.75587e-05, No Iterations 16
GAMG:  Solving for p, Initial residual = 0.00364541, Final residual = 3.15703e-05, No Iterations 12
time step continuity errors : sum local = 3.74799e-07, global = 1.12023e-07, cumulative = 3.42899e-07
PIMPLE: iteration 2
DILUPBiCG:  Solving for Ux, Initial residual = 0.0113616, Final residual = 6.19695e-05, No Iterations 1
DILUPBiCG:  Solving for Uy, Initial residual = 0.00191915, Final residual = 4.69846e-06, No Iterations 1
DILUPBiCG:  Solving for Uz, Initial residual = 0.00384871, Final residual = 1.21644e-05, No Iterations 1
GAMG:  Solving for p, Initial residual = 0.0590817, Final residual = 0.000455269, No Iterations 4
GAMG:  Solving for p, Initial residual = 0.00964727, Final residual = 8.33236e-05, No Iterations 16
GAMG:  Solving for p, Initial residual = 0.00445909, Final residual = 3.89077e-05, No Iterations 8
time step continuity errors : sum local = 3.9078e-07, global = -1.27299e-07, cumulative = 2.156e-07
GAMG:  Solving for p, Initial residual = 0.0301126, Final residual = 0.000193852, No Iterations 4
GAMG:  Solving for p, Initial residual = 0.00471623, Final residual = 4.51904e-05, No Iterations 12
GAMG:  Solving for p, Initial residual = 0.00208307, Final residual = 1.8833e-05, No Iterations 10
time step continuity errors : sum local = 1.9031e-07, global = -4.96311e-08, cumulative = 1.65969e-07
PIMPLE: iteration 3
DILUPBiCG:  Solving for Ux, Initial residual = 0.00295302, Final residual = 1.00814e-06, No Iterations 2
DILUPBiCG:  Solving for Uy, Initial residual = 0.00049632, Final residual = 7.12052e-06, No Iterations 1
DILUPBiCG:  Solving for Uz, Initial residual = 0.00650451, Final residual = 1.96321e-06, No Iterations 2
GAMG:  Solving for p, Initial residual = 0.0408101, Final residual = 0.00033231, No Iterations 5
GAMG:  Solving for p, Initial residual = 0.00926291, Final residual = 8.4553e-05, No Iterations 15
GAMG:  Solving for p, Initial residual = 0.00441184, Final residual = 3.81875e-05, No Iterations 10
time step continuity errors : sum local = 4.29395e-07, global = -1.12002e-07, cumulative = 5.39671e-08
GAMG:  Solving for p, Initial residual = 0.00264486, Final residual = 2.36652e-05, No Iterations 20
GAMG:  Solving for p, Initial residual = 0.00149543, Final residual = 1.31277e-05, No Iterations 4
GAMG:  Solving for p, Initial residual = 0.000578362, Final residual = 9.95916e-07, No Iterations 36
time step continuity errors : sum local = 1.11734e-08, global = 3.29453e-09, cumulative = 5.72616e-08
DILUPBiCG:  Solving for omega, Initial residual = 0.000485857, Final residual = 1.22787e-06, No Iterations 1
DILUPBiCG:  Solving for k, Initial residual = 0.00491119, Final residual = 1.66054e-06, No Iterations 2
ExecutionTime = 17.9 s  ClockTime = 18 s

End

