/*---------------------------------------------------------------------------*\
| =========                 |                                                 |
| \\      /  F ield         | OpenFOAM: The Open Source CFD Toolbox           |
|  \\    /   O peration     | Version:  2.3.1                                 |
|   \\  /    A nd           | Web:      www.OpenFOAM.org                      |
|    \\/     M anipulation  |                                                 |
\*---------------------------------------------------------------------------*/
Build  : 2.3.1-262087cdf8db
Exec   : pimpleDyMFoam
Date   : Jun 06 2023
Time   : 01:53:07
Host   : "jcosson-VirtualBox"
PID    : 14129
Case   : /home/jcosson/workspace/henersj_shootingdata/calcs/moderate_deformed/primal/100_intervals_05-06-23/sweep46/interval84
nProcs : 1
sigFpe : Enabling floating point exception trapping (FOAM_SIGFPE).
fileModificationChecking : Monitoring run-time modified files using timeStampMaster
allowSystemOperations : Allowing user-supplied system call operations

// * * * * * * * * * * * * * * * * * * * * * * * * * * * * * * * * * * * * * //
Create time

Create mesh for time = 0.483

Selecting dynamicFvMesh dynamicMotionSolverFvMesh
Selecting motion solver: displacementLaplacian
Selecting motion diffusion: quadratic
Selecting motion diffusion: quadratic
Selecting motion diffusion: inverseDistance

PIMPLE: no residual control data found. Calculations will employ 3 corrector loops

Reading field p

Reading field U

Reading/calculating face flux field phi

Selecting incompressible transport model Newtonian
Selecting turbulence model type RASModel
Selecting RAS turbulence model kOmegaSST
bounding k, min: 0 max: 0.00070553 average: 0.000157498
kOmegaSSTCoeffs
{
    alphaK1         0.85034;
    alphaK2         1;
    alphaOmega1     0.5;
    alphaOmega2     0.85616;
    gamma1          0.5532;
    gamma2          0.4403;
    beta1           0.075;
    beta2           0.0828;
    betaStar        0.09;
    a1              0.31;
    c1              10;
    Cmu             0.09;
    b1              1;
    F3              false;
}

Reading/calculating face velocity Uf

No finite volume options present

Courant Number mean: 0.145581 max: 0.322377

Starting time loop

Courant Number mean: 0.145581 max: 0.322377
Time = 0.484

GAMG:  Solving for cellDisplacementx, Initial residual = 0, Final residual = 0, No Iterations 0
GAMG:  Solving for cellDisplacementy, Initial residual = 0, Final residual = 0, No Iterations 0
GAMG:  Solving for cellDisplacementz, Initial residual = 0, Final residual = 0, No Iterations 0
PIMPLE: iteration 1
DILUPBiCG:  Solving for Ux, Initial residual = 0.0641892, Final residual = 0.000247335, No Iterations 1
DILUPBiCG:  Solving for Uy, Initial residual = 0.0118247, Final residual = 2.45471e-05, No Iterations 1
DILUPBiCG:  Solving for Uz, Initial residual = 0.0113428, Final residual = 1.57105e-05, No Iterations 1
GAMG:  Solving for p, Initial residual = 0.11887, Final residual = 0.00105295, No Iterations 4
GAMG:  Solving for p, Initial residual = 0.0150649, Final residual = 0.000144555, No Iterations 18
GAMG:  Solving for p, Initial residual = 0.00700863, Final residual = 6.69684e-05, No Iterations 10
time step continuity errors : sum local = 9.50341e-07, global = 2.49504e-07, cumulative = 2.49504e-07
GAMG:  Solving for p, Initial residual = 0.0523528, Final residual = 0.000419365, No Iterations 4
GAMG:  Solving for p, Initial residual = 0.00752287, Final residual = 7.09629e-05, No Iterations 16
GAMG:  Solving for p, Initial residual = 0.00354651, Final residual = 3.47615e-05, No Iterations 10
time step continuity errors : sum local = 4.95303e-07, global = 1.31235e-07, cumulative = 3.80739e-07
PIMPLE: iteration 2
DILUPBiCG:  Solving for Ux, Initial residual = 0.017235, Final residual = 0.000101787, No Iterations 1
DILUPBiCG:  Solving for Uy, Initial residual = 0.00333086, Final residual = 6.82227e-06, No Iterations 1
DILUPBiCG:  Solving for Uz, Initial residual = 0.00277742, Final residual = 9.99937e-06, No Iterations 1
GAMG:  Solving for p, Initial residual = 0.0517854, Final residual = 0.000479211, No Iterations 4
GAMG:  Solving for p, Initial residual = 0.00939241, Final residual = 8.40243e-05, No Iterations 16
GAMG:  Solving for p, Initial residual = 0.00412354, Final residual = 3.58235e-05, No Iterations 10
time step continuity errors : sum local = 4.42049e-07, global = -1.13663e-07, cumulative = 2.67076e-07
GAMG:  Solving for p, Initial residual = 0.0268673, Final residual = 0.000217752, No Iterations 4
GAMG:  Solving for p, Initial residual = 0.00476535, Final residual = 4.08542e-05, No Iterations 14
GAMG:  Solving for p, Initial residual = 0.00196669, Final residual = 1.75783e-05, No Iterations 10
time step continuity errors : sum local = 2.17817e-07, global = -5.50791e-08, cumulative = 2.11997e-07
PIMPLE: iteration 3
DILUPBiCG:  Solving for Ux, Initial residual = 0.00386339, Final residual = 3.02318e-06, No Iterations 2
DILUPBiCG:  Solving for Uy, Initial residual = 0.000774843, Final residual = 5.04014e-06, No Iterations 1
DILUPBiCG:  Solving for Uz, Initial residual = 0.00588491, Final residual = 3.13483e-06, No Iterations 2
GAMG:  Solving for p, Initial residual = 0.0427166, Final residual = 0.000338828, No Iterations 5
GAMG:  Solving for p, Initial residual = 0.0096915, Final residual = 9.67115e-05, No Iterations 12
GAMG:  Solving for p, Initial residual = 0.00472979, Final residual = 4.01343e-05, No Iterations 12
time step continuity errors : sum local = 5.56312e-07, global = -1.63772e-07, cumulative = 4.82254e-08
GAMG:  Solving for p, Initial residual = 0.00241944, Final residual = 2.3639e-05, No Iterations 10
GAMG:  Solving for p, Initial residual = 0.00130053, Final residual = 1.25343e-05, No Iterations 6
GAMG:  Solving for p, Initial residual = 0.000536606, Final residual = 9.76924e-07, No Iterations 32
time step continuity errors : sum local = 1.34096e-08, global = 3.98207e-09, cumulative = 5.22075e-08
DILUPBiCG:  Solving for omega, Initial residual = 0.000985379, Final residual = 7.47746e-07, No Iterations 1
DILUPBiCG:  Solving for k, Initial residual = 0.003816, Final residual = 6.89687e-07, No Iterations 2
bounding k, min: 0 max: 0.000692726 average: 0.000156479
ExecutionTime = 17.41 s  ClockTime = 18 s

End

