/*---------------------------------------------------------------------------*\
| =========                 |                                                 |
| \\      /  F ield         | OpenFOAM: The Open Source CFD Toolbox           |
|  \\    /   O peration     | Version:  2.3.1                                 |
|   \\  /    A nd           | Web:      www.OpenFOAM.org                      |
|    \\/     M anipulation  |                                                 |
\*---------------------------------------------------------------------------*/
Build  : 2.3.1-262087cdf8db
Exec   : pimpleDyMFoam
Date   : Jun 06 2023
Time   : 10:46:46
Host   : "jcosson-VirtualBox"
PID    : 7174
Case   : /home/jcosson/workspace/henersj_shootingdata/calcs/moderate_deformed/primal/28_intervals_05-06-23/sweep7/interval19
nProcs : 1
sigFpe : Enabling floating point exception trapping (FOAM_SIGFPE).
fileModificationChecking : Monitoring run-time modified files using timeStampMaster
allowSystemOperations : Allowing user-supplied system call operations

// * * * * * * * * * * * * * * * * * * * * * * * * * * * * * * * * * * * * * //
Create time

Create mesh for time = 0.464

Selecting dynamicFvMesh dynamicMotionSolverFvMesh
Selecting motion solver: displacementLaplacian
Selecting motion diffusion: quadratic
Selecting motion diffusion: quadratic
Selecting motion diffusion: inverseDistance

PIMPLE: no residual control data found. Calculations will employ 3 corrector loops

Reading field p

Reading field U

Reading/calculating face flux field phi

Selecting incompressible transport model Newtonian
Selecting turbulence model type RASModel
Selecting RAS turbulence model kOmegaSST
kOmegaSSTCoeffs
{
    alphaK1         0.85034;
    alphaK2         1;
    alphaOmega1     0.5;
    alphaOmega2     0.85616;
    gamma1          0.5532;
    gamma2          0.4403;
    beta1           0.075;
    beta2           0.0828;
    betaStar        0.09;
    a1              0.31;
    c1              10;
    Cmu             0.09;
    b1              1;
    F3              false;
}

Reading/calculating face velocity Uf

No finite volume options present

Courant Number mean: 0.24691 max: 0.546682

Starting time loop

Courant Number mean: 0.24691 max: 0.546682
Time = 0.465

GAMG:  Solving for cellDisplacementx, Initial residual = 0, Final residual = 0, No Iterations 0
GAMG:  Solving for cellDisplacementy, Initial residual = 0, Final residual = 0, No Iterations 0
GAMG:  Solving for cellDisplacementz, Initial residual = 0, Final residual = 0, No Iterations 0
PIMPLE: iteration 1
DILUPBiCG:  Solving for Ux, Initial residual = 0.0349353, Final residual = 0.000145284, No Iterations 1
DILUPBiCG:  Solving for Uy, Initial residual = 0.00558499, Final residual = 1.30569e-05, No Iterations 1
DILUPBiCG:  Solving for Uz, Initial residual = 0.0138572, Final residual = 3.74473e-05, No Iterations 1
GAMG:  Solving for p, Initial residual = 0.142634, Final residual = 0.0012077, No Iterations 6
GAMG:  Solving for p, Initial residual = 0.0169061, Final residual = 0.000167883, No Iterations 18
GAMG:  Solving for p, Initial residual = 0.00712352, Final residual = 6.59158e-05, No Iterations 12
time step continuity errors : sum local = 7.44299e-07, global = 2.24503e-07, cumulative = 2.24503e-07
GAMG:  Solving for p, Initial residual = 0.0588137, Final residual = 0.000391593, No Iterations 6
GAMG:  Solving for p, Initial residual = 0.00850371, Final residual = 7.934e-05, No Iterations 16
GAMG:  Solving for p, Initial residual = 0.00370853, Final residual = 3.23876e-05, No Iterations 12
time step continuity errors : sum local = 3.64508e-07, global = 1.09198e-07, cumulative = 3.337e-07
PIMPLE: iteration 2
DILUPBiCG:  Solving for Ux, Initial residual = 0.0106638, Final residual = 5.79418e-05, No Iterations 1
DILUPBiCG:  Solving for Uy, Initial residual = 0.00179586, Final residual = 4.47391e-06, No Iterations 1
DILUPBiCG:  Solving for Uz, Initial residual = 0.003808, Final residual = 1.28033e-05, No Iterations 1
GAMG:  Solving for p, Initial residual = 0.0599937, Final residual = 0.000448332, No Iterations 4
GAMG:  Solving for p, Initial residual = 0.00979436, Final residual = 8.40186e-05, No Iterations 16
GAMG:  Solving for p, Initial residual = 0.00453497, Final residual = 3.95833e-05, No Iterations 8
time step continuity errors : sum local = 3.76707e-07, global = -1.25762e-07, cumulative = 2.07938e-07
GAMG:  Solving for p, Initial residual = 0.0305457, Final residual = 0.000190255, No Iterations 4
GAMG:  Solving for p, Initial residual = 0.00478369, Final residual = 4.53902e-05, No Iterations 12
GAMG:  Solving for p, Initial residual = 0.00211548, Final residual = 2.11328e-05, No Iterations 8
time step continuity errors : sum local = 2.02352e-07, global = -5.82989e-08, cumulative = 1.49639e-07
PIMPLE: iteration 3
DILUPBiCG:  Solving for Ux, Initial residual = 0.00280295, Final residual = 9.49252e-07, No Iterations 2
DILUPBiCG:  Solving for Uy, Initial residual = 0.000469367, Final residual = 7.26557e-06, No Iterations 1
DILUPBiCG:  Solving for Uz, Initial residual = 0.00655318, Final residual = 2.04825e-06, No Iterations 2
GAMG:  Solving for p, Initial residual = 0.0409548, Final residual = 0.000330102, No Iterations 5
GAMG:  Solving for p, Initial residual = 0.00936705, Final residual = 8.15648e-05, No Iterations 15
GAMG:  Solving for p, Initial residual = 0.00444413, Final residual = 3.75279e-05, No Iterations 10
time step continuity errors : sum local = 3.99413e-07, global = -1.04503e-07, cumulative = 4.51355e-08
GAMG:  Solving for p, Initial residual = 0.00272538, Final residual = 2.4888e-05, No Iterations 20
GAMG:  Solving for p, Initial residual = 0.00154257, Final residual = 1.32434e-05, No Iterations 4
GAMG:  Solving for p, Initial residual = 0.00059435, Final residual = 9.9177e-07, No Iterations 36
time step continuity errors : sum local = 1.05374e-08, global = 3.1057e-09, cumulative = 4.82412e-08
DILUPBiCG:  Solving for omega, Initial residual = 0.000537731, Final residual = 1.61643e-06, No Iterations 1
DILUPBiCG:  Solving for k, Initial residual = 0.00480539, Final residual = 1.29149e-06, No Iterations 2
ExecutionTime = 18.42 s  ClockTime = 18 s

Courant Number mean: 0.242421 max: 0.536005
Time = 0.466

GAMG:  Solving for cellDisplacementx, Initial residual = 0, Final residual = 0, No Iterations 0
GAMG:  Solving for cellDisplacementy, Initial residual = 0, Final residual = 0, No Iterations 0
GAMG:  Solving for cellDisplacementz, Initial residual = 0, Final residual = 0, No Iterations 0
PIMPLE: iteration 1
DILUPBiCG:  Solving for Ux, Initial residual = 0.0374197, Final residual = 0.000155997, No Iterations 1
DILUPBiCG:  Solving for Uy, Initial residual = 0.00598776, Final residual = 1.39299e-05, No Iterations 1
DILUPBiCG:  Solving for Uz, Initial residual = 0.0124299, Final residual = 3.45984e-05, No Iterations 1
GAMG:  Solving for p, Initial residual = 0.126871, Final residual = 0.0011836, No Iterations 6
GAMG:  Solving for p, Initial residual = 0.014267, Final residual = 0.000139563, No Iterations 20
GAMG:  Solving for p, Initial residual = 0.00614821, Final residual = 5.52426e-05, No Iterations 12
time step continuity errors : sum local = 6.57094e-07, global = 1.98166e-07, cumulative = 2.46407e-07
GAMG:  Solving for p, Initial residual = 0.052462, Final residual = 0.000382978, No Iterations 6
GAMG:  Solving for p, Initial residual = 0.00719485, Final residual = 6.64004e-05, No Iterations 18
GAMG:  Solving for p, Initial residual = 0.00320143, Final residual = 2.63857e-05, No Iterations 12
time step continuity errors : sum local = 3.12733e-07, global = 9.29705e-08, cumulative = 3.39378e-07
PIMPLE: iteration 2
DILUPBiCG:  Solving for Ux, Initial residual = 0.0113405, Final residual = 6.2967e-05, No Iterations 1
DILUPBiCG:  Solving for Uy, Initial residual = 0.0019157, Final residual = 4.67557e-06, No Iterations 1
DILUPBiCG:  Solving for Uz, Initial residual = 0.00369764, Final residual = 1.26987e-05, No Iterations 1
GAMG:  Solving for p, Initial residual = 0.0530456, Final residual = 0.00045713, No Iterations 4
GAMG:  Solving for p, Initial residual = 0.00832133, Final residual = 7.30725e-05, No Iterations 18
GAMG:  Solving for p, Initial residual = 0.00394967, Final residual = 3.83227e-05, No Iterations 7
time step continuity errors : sum local = 3.8375e-07, global = 1.3825e-07, cumulative = 4.77628e-07
GAMG:  Solving for p, Initial residual = 0.0270552, Final residual = 0.000191639, No Iterations 4
GAMG:  Solving for p, Initial residual = 0.00400506, Final residual = 3.81354e-05, No Iterations 14
GAMG:  Solving for p, Initial residual = 0.00180117, Final residual = 1.63124e-05, No Iterations 10
time step continuity errors : sum local = 1.64438e-07, global = -4.51161e-08, cumulative = 4.32512e-07
PIMPLE: iteration 3
DILUPBiCG:  Solving for Ux, Initial residual = 0.00294686, Final residual = 1.01355e-06, No Iterations 2
DILUPBiCG:  Solving for Uy, Initial residual = 0.000494074, Final residual = 7.33096e-06, No Iterations 1
DILUPBiCG:  Solving for Uz, Initial residual = 0.00676362, Final residual = 2.23482e-06, No Iterations 2
GAMG:  Solving for p, Initial residual = 0.0394916, Final residual = 0.000330515, No Iterations 5
GAMG:  Solving for p, Initial residual = 0.0090458, Final residual = 7.98983e-05, No Iterations 15
GAMG:  Solving for p, Initial residual = 0.00432572, Final residual = 3.65853e-05, No Iterations 10
time step continuity errors : sum local = 4.10374e-07, global = -1.07242e-07, cumulative = 3.2527e-07
GAMG:  Solving for p, Initial residual = 0.00258972, Final residual = 2.47577e-05, No Iterations 20
GAMG:  Solving for p, Initial residual = 0.00148093, Final residual = 1.31393e-05, No Iterations 4
GAMG:  Solving for p, Initial residual = 0.000571938, Final residual = 9.84077e-07, No Iterations 36
time step continuity errors : sum local = 1.10155e-08, global = 3.24558e-09, cumulative = 3.28515e-07
DILUPBiCG:  Solving for omega, Initial residual = 0.00051037, Final residual = 1.62735e-06, No Iterations 1
DILUPBiCG:  Solving for k, Initial residual = 0.00478172, Final residual = 1.34854e-06, No Iterations 2
ExecutionTime = 35.45 s  ClockTime = 35 s

Courant Number mean: 0.237721 max: 0.525679
Time = 0.467

GAMG:  Solving for cellDisplacementx, Initial residual = 0, Final residual = 0, No Iterations 0
GAMG:  Solving for cellDisplacementy, Initial residual = 0, Final residual = 0, No Iterations 0
GAMG:  Solving for cellDisplacementz, Initial residual = 0, Final residual = 0, No Iterations 0
PIMPLE: iteration 1
DILUPBiCG:  Solving for Ux, Initial residual = 0.0398723, Final residual = 0.000166376, No Iterations 1
DILUPBiCG:  Solving for Uy, Initial residual = 0.00640122, Final residual = 1.48563e-05, No Iterations 1
DILUPBiCG:  Solving for Uz, Initial residual = 0.0120716, Final residual = 3.35483e-05, No Iterations 1
GAMG:  Solving for p, Initial residual = 0.125369, Final residual = 0.00114968, No Iterations 6
GAMG:  Solving for p, Initial residual = 0.0140038, Final residual = 0.000136807, No Iterations 20
GAMG:  Solving for p, Initial residual = 0.00606729, Final residual = 5.42918e-05, No Iterations 12
time step continuity errors : sum local = 6.75615e-07, global = 2.0361e-07, cumulative = 5.32126e-07
GAMG:  Solving for p, Initial residual = 0.0520677, Final residual = 0.000374172, No Iterations 6
GAMG:  Solving for p, Initial residual = 0.00707921, Final residual = 6.51798e-05, No Iterations 18
GAMG:  Solving for p, Initial residual = 0.00315627, Final residual = 2.5994e-05, No Iterations 12
time step continuity errors : sum local = 3.22456e-07, global = 9.58605e-08, cumulative = 6.27986e-07
PIMPLE: iteration 2
DILUPBiCG:  Solving for Ux, Initial residual = 0.0119972, Final residual = 6.7752e-05, No Iterations 1
DILUPBiCG:  Solving for Uy, Initial residual = 0.0020339, Final residual = 4.8806e-06, No Iterations 1
DILUPBiCG:  Solving for Uz, Initial residual = 0.00363981, Final residual = 1.26973e-05, No Iterations 1
GAMG:  Solving for p, Initial residual = 0.0525333, Final residual = 0.000462143, No Iterations 4
GAMG:  Solving for p, Initial residual = 0.00822412, Final residual = 7.33036e-05, No Iterations 18
GAMG:  Solving for p, Initial residual = 0.00388883, Final residual = 3.87561e-05, No Iterations 7
time step continuity errors : sum local = 4.06536e-07, global = 1.4915e-07, cumulative = 7.77136e-07
GAMG:  Solving for p, Initial residual = 0.0268388, Final residual = 0.000194698, No Iterations 4
GAMG:  Solving for p, Initial residual = 0.00397465, Final residual = 3.83345e-05, No Iterations 14
GAMG:  Solving for p, Initial residual = 0.00177324, Final residual = 1.64669e-05, No Iterations 10
time step continuity errors : sum local = 1.73883e-07, global = -4.7355e-08, cumulative = 7.29781e-07
PIMPLE: iteration 3
DILUPBiCG:  Solving for Ux, Initial residual = 0.00308821, Final residual = 1.14908e-06, No Iterations 2
DILUPBiCG:  Solving for Uy, Initial residual = 0.000520023, Final residual = 7.30772e-06, No Iterations 1
DILUPBiCG:  Solving for Uz, Initial residual = 0.00690207, Final residual = 2.45115e-06, No Iterations 2
GAMG:  Solving for p, Initial residual = 0.0394061, Final residual = 0.000330983, No Iterations 5
GAMG:  Solving for p, Initial residual = 0.00901632, Final residual = 7.82175e-05, No Iterations 15
GAMG:  Solving for p, Initial residual = 0.00432188, Final residual = 3.54941e-05, No Iterations 10
time step continuity errors : sum local = 4.17285e-07, global = -1.08808e-07, cumulative = 6.20972e-07
GAMG:  Solving for p, Initial residual = 0.00254991, Final residual = 2.4673e-05, No Iterations 20
GAMG:  Solving for p, Initial residual = 0.0014539, Final residual = 1.3025e-05, No Iterations 4
GAMG:  Solving for p, Initial residual = 0.000565528, Final residual = 9.71236e-07, No Iterations 36
time step continuity errors : sum local = 1.13913e-08, global = 3.35491e-09, cumulative = 6.24327e-07
DILUPBiCG:  Solving for omega, Initial residual = 0.000494544, Final residual = 1.32203e-06, No Iterations 1
DILUPBiCG:  Solving for k, Initial residual = 0.00474372, Final residual = 1.38967e-06, No Iterations 2
ExecutionTime = 51.82 s  ClockTime = 52 s

Courant Number mean: 0.232828 max: 0.514927
Time = 0.468

GAMG:  Solving for cellDisplacementx, Initial residual = 0, Final residual = 0, No Iterations 0
GAMG:  Solving for cellDisplacementy, Initial residual = 0, Final residual = 0, No Iterations 0
GAMG:  Solving for cellDisplacementz, Initial residual = 0, Final residual = 0, No Iterations 0
PIMPLE: iteration 1
DILUPBiCG:  Solving for Ux, Initial residual = 0.0422763, Final residual = 0.000176402, No Iterations 1
DILUPBiCG:  Solving for Uy, Initial residual = 0.00681301, Final residual = 1.57636e-05, No Iterations 1
DILUPBiCG:  Solving for Uz, Initial residual = 0.0118664, Final residual = 3.25968e-05, No Iterations 1
GAMG:  Solving for p, Initial residual = 0.123992, Final residual = 0.00111836, No Iterations 6
GAMG:  Solving for p, Initial residual = 0.0137719, Final residual = 0.000134412, No Iterations 20
GAMG:  Solving for p, Initial residual = 0.00600726, Final residual = 5.34253e-05, No Iterations 12
time step continuity errors : sum local = 6.92077e-07, global = 2.08696e-07, cumulative = 8.33023e-07
GAMG:  Solving for p, Initial residual = 0.0517067, Final residual = 0.000366226, No Iterations 6
GAMG:  Solving for p, Initial residual = 0.00697615, Final residual = 6.41806e-05, No Iterations 18
GAMG:  Solving for p, Initial residual = 0.00313014, Final residual = 2.57215e-05, No Iterations 12
time step continuity errors : sum local = 3.32301e-07, global = 9.88762e-08, cumulative = 9.31899e-07
PIMPLE: iteration 2
DILUPBiCG:  Solving for Ux, Initial residual = 0.0126331, Final residual = 7.23347e-05, No Iterations 1
DILUPBiCG:  Solving for Uy, Initial residual = 0.0021502, Final residual = 5.08605e-06, No Iterations 1
DILUPBiCG:  Solving for Uz, Initial residual = 0.00356667, Final residual = 1.26565e-05, No Iterations 1
GAMG:  Solving for p, Initial residual = 0.0520575, Final residual = 0.000466312, No Iterations 4
GAMG:  Solving for p, Initial residual = 0.00815465, Final residual = 7.3612e-05, No Iterations 18
GAMG:  Solving for p, Initial residual = 0.00383714, Final residual = 3.50535e-05, No Iterations 8
time step continuity errors : sum local = 3.83346e-07, global = -1.37431e-07, cumulative = 7.94469e-07
GAMG:  Solving for p, Initial residual = 0.0266253, Final residual = 0.000198777, No Iterations 4
GAMG:  Solving for p, Initial residual = 0.00395892, Final residual = 3.8585e-05, No Iterations 14
GAMG:  Solving for p, Initial residual = 0.00174596, Final residual = 1.6571e-05, No Iterations 10
time step continuity errors : sum local = 1.8242e-07, global = -4.92952e-08, cumulative = 7.45174e-07
PIMPLE: iteration 3
DILUPBiCG:  Solving for Ux, Initial residual = 0.00322348, Final residual = 1.32685e-06, No Iterations 2
DILUPBiCG:  Solving for Uy, Initial residual = 0.000545728, Final residual = 7.24809e-06, No Iterations 1
DILUPBiCG:  Solving for Uz, Initial residual = 0.00703928, Final residual = 2.65313e-06, No Iterations 2
GAMG:  Solving for p, Initial residual = 0.039363, Final residual = 0.000331939, No Iterations 5
GAMG:  Solving for p, Initial residual = 0.00898772, Final residual = 8.98229e-05, No Iterations 13
GAMG:  Solving for p, Initial residual = 0.00430251, Final residual = 3.69587e-05, No Iterations 12
time step continuity errors : sum local = 4.53592e-07, global = -1.32706e-07, cumulative = 6.12468e-07
GAMG:  Solving for p, Initial residual = 0.00251635, Final residual = 2.26979e-05, No Iterations 20
GAMG:  Solving for p, Initial residual = 0.00142412, Final residual = 1.20263e-05, No Iterations 4
GAMG:  Solving for p, Initial residual = 0.000556808, Final residual = 9.88801e-07, No Iterations 34
time step continuity errors : sum local = 1.20936e-08, global = 3.55374e-09, cumulative = 6.16022e-07
DILUPBiCG:  Solving for omega, Initial residual = 0.000490299, Final residual = 9.75862e-07, No Iterations 1
DILUPBiCG:  Solving for k, Initial residual = 0.00469217, Final residual = 1.41384e-06, No Iterations 2
ExecutionTime = 66.65 s  ClockTime = 67 s

End

