/*---------------------------------------------------------------------------*\
| =========                 |                                                 |
| \\      /  F ield         | OpenFOAM: The Open Source CFD Toolbox           |
|  \\    /   O peration     | Version:  2.3.1                                 |
|   \\  /    A nd           | Web:      www.OpenFOAM.org                      |
|    \\/     M anipulation  |                                                 |
\*---------------------------------------------------------------------------*/
Build  : 2.3.1-262087cdf8db
Exec   : pimpleDyMFoam
Date   : Jun 06 2023
Time   : 10:47:37
Host   : "jcosson-VirtualBox"
PID    : 7184
Case   : /home/jcosson/workspace/henersj_shootingdata/calcs/moderate_deformed/primal/28_intervals_05-06-23/sweep7/interval24
nProcs : 1
sigFpe : Enabling floating point exception trapping (FOAM_SIGFPE).
fileModificationChecking : Monitoring run-time modified files using timeStampMaster
allowSystemOperations : Allowing user-supplied system call operations

// * * * * * * * * * * * * * * * * * * * * * * * * * * * * * * * * * * * * * //
Create time

Create mesh for time = 0.482

Selecting dynamicFvMesh dynamicMotionSolverFvMesh
Selecting motion solver: displacementLaplacian
Selecting motion diffusion: quadratic
Selecting motion diffusion: quadratic
Selecting motion diffusion: inverseDistance

PIMPLE: no residual control data found. Calculations will employ 3 corrector loops

Reading field p

Reading field U

Reading/calculating face flux field phi

Selecting incompressible transport model Newtonian
Selecting turbulence model type RASModel
Selecting RAS turbulence model kOmegaSST
bounding k, min: 0 max: 0.000750653 average: 0.000164301
kOmegaSSTCoeffs
{
    alphaK1         0.85034;
    alphaK2         1;
    alphaOmega1     0.5;
    alphaOmega2     0.85616;
    gamma1          0.5532;
    gamma2          0.4403;
    beta1           0.075;
    beta2           0.0828;
    betaStar        0.09;
    a1              0.31;
    c1              10;
    Cmu             0.09;
    b1              1;
    F3              false;
}

Reading/calculating face velocity Uf

No finite volume options present

Courant Number mean: 0.150439 max: 0.339758

Starting time loop

Courant Number mean: 0.150439 max: 0.339758
Time = 0.483

GAMG:  Solving for cellDisplacementx, Initial residual = 0, Final residual = 0, No Iterations 0
GAMG:  Solving for cellDisplacementy, Initial residual = 0, Final residual = 0, No Iterations 0
GAMG:  Solving for cellDisplacementz, Initial residual = 0, Final residual = 0, No Iterations 0
PIMPLE: iteration 1
DILUPBiCG:  Solving for Ux, Initial residual = 0.0642916, Final residual = 0.000247174, No Iterations 1
DILUPBiCG:  Solving for Uy, Initial residual = 0.0117973, Final residual = 2.51066e-05, No Iterations 1
DILUPBiCG:  Solving for Uz, Initial residual = 0.0177558, Final residual = 2.2433e-05, No Iterations 1
GAMG:  Solving for p, Initial residual = 0.121466, Final residual = 0.00111504, No Iterations 4
GAMG:  Solving for p, Initial residual = 0.0158361, Final residual = 0.000158098, No Iterations 18
GAMG:  Solving for p, Initial residual = 0.00743214, Final residual = 6.27265e-05, No Iterations 10
time step continuity errors : sum local = 9.07782e-07, global = 2.32016e-07, cumulative = 2.32016e-07
GAMG:  Solving for p, Initial residual = 0.0532198, Final residual = 0.000437081, No Iterations 4
GAMG:  Solving for p, Initial residual = 0.00784684, Final residual = 7.80934e-05, No Iterations 16
GAMG:  Solving for p, Initial residual = 0.00374958, Final residual = 3.5176e-05, No Iterations 10
time step continuity errors : sum local = 5.11318e-07, global = 1.31469e-07, cumulative = 3.63486e-07
PIMPLE: iteration 2
DILUPBiCG:  Solving for Ux, Initial residual = 0.0174062, Final residual = 0.000103937, No Iterations 1
DILUPBiCG:  Solving for Uy, Initial residual = 0.00333446, Final residual = 7.09714e-06, No Iterations 1
DILUPBiCG:  Solving for Uz, Initial residual = 0.00315321, Final residual = 1.08553e-05, No Iterations 1
GAMG:  Solving for p, Initial residual = 0.052661, Final residual = 0.000480013, No Iterations 4
GAMG:  Solving for p, Initial residual = 0.00957413, Final residual = 8.67545e-05, No Iterations 16
GAMG:  Solving for p, Initial residual = 0.00437833, Final residual = 4.17198e-05, No Iterations 8
time step continuity errors : sum local = 5.24839e-07, global = -1.32406e-07, cumulative = 2.3108e-07
GAMG:  Solving for p, Initial residual = 0.0272673, Final residual = 0.000218091, No Iterations 4
GAMG:  Solving for p, Initial residual = 0.00485334, Final residual = 4.24842e-05, No Iterations 14
GAMG:  Solving for p, Initial residual = 0.00210084, Final residual = 2.03882e-05, No Iterations 8
time step continuity errors : sum local = 2.5761e-07, global = -5.8715e-08, cumulative = 1.72365e-07
PIMPLE: iteration 3
DILUPBiCG:  Solving for Ux, Initial residual = 0.00395241, Final residual = 2.95254e-06, No Iterations 2
DILUPBiCG:  Solving for Uy, Initial residual = 0.000795187, Final residual = 5.18883e-06, No Iterations 1
DILUPBiCG:  Solving for Uz, Initial residual = 0.00724053, Final residual = 2.87974e-06, No Iterations 2
GAMG:  Solving for p, Initial residual = 0.0422169, Final residual = 0.000352841, No Iterations 5
GAMG:  Solving for p, Initial residual = 0.00970344, Final residual = 9.33869e-05, No Iterations 10
GAMG:  Solving for p, Initial residual = 0.00464004, Final residual = 4.33976e-05, No Iterations 10
time step continuity errors : sum local = 6.13194e-07, global = -1.59477e-07, cumulative = 1.28881e-08
GAMG:  Solving for p, Initial residual = 0.00241478, Final residual = 2.34315e-05, No Iterations 6
GAMG:  Solving for p, Initial residual = 0.00129081, Final residual = 1.27883e-05, No Iterations 10
GAMG:  Solving for p, Initial residual = 0.000554328, Final residual = 8.76003e-07, No Iterations 32
time step continuity errors : sum local = 1.22737e-08, global = 3.6456e-09, cumulative = 1.65337e-08
DILUPBiCG:  Solving for omega, Initial residual = 0.00108519, Final residual = 8.3909e-07, No Iterations 1
DILUPBiCG:  Solving for k, Initial residual = 0.00408377, Final residual = 7.21331e-07, No Iterations 2
bounding k, min: 0 max: 0.000738781 average: 0.000163146
ExecutionTime = 15.67 s  ClockTime = 15 s

Courant Number mean: 0.145386 max: 0.328742
Time = 0.484

GAMG:  Solving for cellDisplacementx, Initial residual = 0, Final residual = 0, No Iterations 0
GAMG:  Solving for cellDisplacementy, Initial residual = 0, Final residual = 0, No Iterations 0
GAMG:  Solving for cellDisplacementz, Initial residual = 0, Final residual = 0, No Iterations 0
PIMPLE: iteration 1
DILUPBiCG:  Solving for Ux, Initial residual = 0.064157, Final residual = 0.000244862, No Iterations 1
DILUPBiCG:  Solving for Uy, Initial residual = 0.0118809, Final residual = 2.49711e-05, No Iterations 1
DILUPBiCG:  Solving for Uz, Initial residual = 0.0164254, Final residual = 1.81843e-05, No Iterations 1
GAMG:  Solving for p, Initial residual = 0.112898, Final residual = 0.000973717, No Iterations 4
GAMG:  Solving for p, Initial residual = 0.013833, Final residual = 0.000122413, No Iterations 20
GAMG:  Solving for p, Initial residual = 0.00676975, Final residual = 6.30302e-05, No Iterations 5
time step continuity errors : sum local = 8.91565e-07, global = -3.23823e-07, cumulative = -3.07289e-07
GAMG:  Solving for p, Initial residual = 0.0496107, Final residual = 0.000377078, No Iterations 4
GAMG:  Solving for p, Initial residual = 0.00686843, Final residual = 5.96512e-05, No Iterations 18
GAMG:  Solving for p, Initial residual = 0.00338822, Final residual = 3.12008e-05, No Iterations 4
time step continuity errors : sum local = 4.42659e-07, global = 1.12122e-07, cumulative = -1.95168e-07
PIMPLE: iteration 2
DILUPBiCG:  Solving for Ux, Initial residual = 0.017206, Final residual = 0.000102331, No Iterations 1
DILUPBiCG:  Solving for Uy, Initial residual = 0.00333023, Final residual = 7.0262e-06, No Iterations 1
DILUPBiCG:  Solving for Uz, Initial residual = 0.00283058, Final residual = 1.01712e-05, No Iterations 1
GAMG:  Solving for p, Initial residual = 0.0484903, Final residual = 0.000468539, No Iterations 5
GAMG:  Solving for p, Initial residual = 0.00874304, Final residual = 7.02017e-05, No Iterations 11
GAMG:  Solving for p, Initial residual = 0.00383501, Final residual = 3.64027e-05, No Iterations 4
time step continuity errors : sum local = 4.45935e-07, global = -1.75521e-07, cumulative = -3.70689e-07
GAMG:  Solving for p, Initial residual = 0.0253252, Final residual = 0.00022754, No Iterations 4
GAMG:  Solving for p, Initial residual = 0.00451337, Final residual = 4.39771e-05, No Iterations 14
GAMG:  Solving for p, Initial residual = 0.00187173, Final residual = 1.73832e-05, No Iterations 4
time step continuity errors : sum local = 2.13734e-07, global = -7.8529e-08, cumulative = -4.49218e-07
PIMPLE: iteration 3
DILUPBiCG:  Solving for Ux, Initial residual = 0.00385493, Final residual = 2.89571e-06, No Iterations 2
DILUPBiCG:  Solving for Uy, Initial residual = 0.000784214, Final residual = 4.98483e-06, No Iterations 1
DILUPBiCG:  Solving for Uz, Initial residual = 0.00563899, Final residual = 2.26412e-06, No Iterations 2
GAMG:  Solving for p, Initial residual = 0.0418033, Final residual = 0.000338928, No Iterations 5
GAMG:  Solving for p, Initial residual = 0.00965036, Final residual = 8.9798e-05, No Iterations 14
GAMG:  Solving for p, Initial residual = 0.00480494, Final residual = 4.66067e-05, No Iterations 10
time step continuity errors : sum local = 6.41853e-07, global = -1.6785e-07, cumulative = -6.17068e-07
GAMG:  Solving for p, Initial residual = 0.00240818, Final residual = 1.86074e-05, No Iterations 6
GAMG:  Solving for p, Initial residual = 0.00127411, Final residual = 1.03089e-05, No Iterations 4
GAMG:  Solving for p, Initial residual = 0.000524521, Final residual = 8.76376e-07, No Iterations 22
time step continuity errors : sum local = 1.19533e-08, global = 3.35379e-09, cumulative = -6.13714e-07
DILUPBiCG:  Solving for omega, Initial residual = 0.00112114, Final residual = 8.34293e-07, No Iterations 1
DILUPBiCG:  Solving for k, Initial residual = 0.00403053, Final residual = 6.97252e-07, No Iterations 2
bounding k, min: 0 max: 0.000725879 average: 0.00016201
ExecutionTime = 22.76 s  ClockTime = 22 s

Courant Number mean: 0.140493 max: 0.318079
Time = 0.485

GAMG:  Solving for cellDisplacementx, Initial residual = 0, Final residual = 0, No Iterations 0
GAMG:  Solving for cellDisplacementy, Initial residual = 0, Final residual = 0, No Iterations 0
GAMG:  Solving for cellDisplacementz, Initial residual = 0, Final residual = 0, No Iterations 0
PIMPLE: iteration 1
DILUPBiCG:  Solving for Ux, Initial residual = 0.0634257, Final residual = 0.000240276, No Iterations 1
DILUPBiCG:  Solving for Uy, Initial residual = 0.0119214, Final residual = 2.48656e-05, No Iterations 1
DILUPBiCG:  Solving for Uz, Initial residual = 0.0168877, Final residual = 1.86256e-05, No Iterations 1
GAMG:  Solving for p, Initial residual = 0.112041, Final residual = 0.0010372, No Iterations 4
GAMG:  Solving for p, Initial residual = 0.0139831, Final residual = 0.000131791, No Iterations 20
GAMG:  Solving for p, Initial residual = 0.00688501, Final residual = 6.39854e-05, No Iterations 4
time step continuity errors : sum local = 8.79018e-07, global = 3.06332e-07, cumulative = -3.07382e-07
GAMG:  Solving for p, Initial residual = 0.0494567, Final residual = 0.000417661, No Iterations 4
GAMG:  Solving for p, Initial residual = 0.00696485, Final residual = 6.63463e-05, No Iterations 18
GAMG:  Solving for p, Initial residual = 0.00345506, Final residual = 3.23507e-05, No Iterations 4
time step continuity errors : sum local = 4.46376e-07, global = 1.52311e-07, cumulative = -1.55071e-07
PIMPLE: iteration 2
DILUPBiCG:  Solving for Ux, Initial residual = 0.0169239, Final residual = 9.98941e-05, No Iterations 1
DILUPBiCG:  Solving for Uy, Initial residual = 0.00331732, Final residual = 6.94025e-06, No Iterations 1
DILUPBiCG:  Solving for Uz, Initial residual = 0.00301847, Final residual = 1.01611e-05, No Iterations 1
GAMG:  Solving for p, Initial residual = 0.0481143, Final residual = 0.000478054, No Iterations 4
GAMG:  Solving for p, Initial residual = 0.00862149, Final residual = 7.46446e-05, No Iterations 18
GAMG:  Solving for p, Initial residual = 0.00401262, Final residual = 3.9716e-05, No Iterations 6
time step continuity errors : sum local = 4.74685e-07, global = -1.30971e-07, cumulative = -2.86042e-07
GAMG:  Solving for p, Initial residual = 0.0249765, Final residual = 0.000218956, No Iterations 4
GAMG:  Solving for p, Initial residual = 0.00437889, Final residual = 4.29903e-05, No Iterations 14
GAMG:  Solving for p, Initial residual = 0.00189774, Final residual = 1.61284e-05, No Iterations 10
time step continuity errors : sum local = 1.93701e-07, global = -4.96629e-08, cumulative = -3.35704e-07
PIMPLE: iteration 3
DILUPBiCG:  Solving for Ux, Initial residual = 0.00377206, Final residual = 2.85239e-06, No Iterations 2
DILUPBiCG:  Solving for Uy, Initial residual = 0.000783405, Final residual = 4.98383e-06, No Iterations 1
DILUPBiCG:  Solving for Uz, Initial residual = 0.00685291, Final residual = 2.54117e-06, No Iterations 2
GAMG:  Solving for p, Initial residual = 0.0423663, Final residual = 0.000333827, No Iterations 5
GAMG:  Solving for p, Initial residual = 0.00963871, Final residual = 8.01309e-05, No Iterations 14
GAMG:  Solving for p, Initial residual = 0.00477302, Final residual = 4.42737e-05, No Iterations 4
time step continuity errors : sum local = 5.94311e-07, global = -2.05795e-07, cumulative = -5.415e-07
GAMG:  Solving for p, Initial residual = 0.00238732, Final residual = 2.19954e-05, No Iterations 10
GAMG:  Solving for p, Initial residual = 0.00128327, Final residual = 1.25718e-05, No Iterations 4
GAMG:  Solving for p, Initial residual = 0.000537715, Final residual = 8.72513e-07, No Iterations 28
time step continuity errors : sum local = 1.16003e-08, global = 3.51933e-09, cumulative = -5.3798e-07
DILUPBiCG:  Solving for omega, Initial residual = 0.00115706, Final residual = 8.27536e-07, No Iterations 1
DILUPBiCG:  Solving for k, Initial residual = 0.00397776, Final residual = 6.78112e-07, No Iterations 2
bounding k, min: 0 max: 0.000712018 average: 0.000160893
ExecutionTime = 30.18 s  ClockTime = 30 s

Courant Number mean: 0.135805 max: 0.307808
Time = 0.486

GAMG:  Solving for cellDisplacementx, Initial residual = 0, Final residual = 0, No Iterations 0
GAMG:  Solving for cellDisplacementy, Initial residual = 0, Final residual = 0, No Iterations 0
GAMG:  Solving for cellDisplacementz, Initial residual = 0, Final residual = 0, No Iterations 0
PIMPLE: iteration 1
DILUPBiCG:  Solving for Ux, Initial residual = 0.0625134, Final residual = 0.000235374, No Iterations 1
DILUPBiCG:  Solving for Uy, Initial residual = 0.0118948, Final residual = 2.45822e-05, No Iterations 1
DILUPBiCG:  Solving for Uz, Initial residual = 0.0170269, Final residual = 1.68611e-05, No Iterations 1
GAMG:  Solving for p, Initial residual = 0.111651, Final residual = 0.000883798, No Iterations 4
GAMG:  Solving for p, Initial residual = 0.0139738, Final residual = 0.000119766, No Iterations 20
GAMG:  Solving for p, Initial residual = 0.00694977, Final residual = 3.72227e-05, No Iterations 5
time step continuity errors : sum local = 4.94121e-07, global = 1.89656e-07, cumulative = -3.48324e-07
GAMG:  Solving for p, Initial residual = 0.0495061, Final residual = 0.000355925, No Iterations 4
GAMG:  Solving for p, Initial residual = 0.00696244, Final residual = 6.88507e-05, No Iterations 16
GAMG:  Solving for p, Initial residual = 0.00344921, Final residual = 3.13607e-05, No Iterations 4
time step continuity errors : sum local = 4.17558e-07, global = 1.41495e-07, cumulative = -2.06829e-07
PIMPLE: iteration 2
DILUPBiCG:  Solving for Ux, Initial residual = 0.0165519, Final residual = 9.71166e-05, No Iterations 1
DILUPBiCG:  Solving for Uy, Initial residual = 0.00327905, Final residual = 6.80371e-06, No Iterations 1
DILUPBiCG:  Solving for Uz, Initial residual = 0.00269365, Final residual = 9.63991e-06, No Iterations 1
GAMG:  Solving for p, Initial residual = 0.0481834, Final residual = 0.000464386, No Iterations 5
GAMG:  Solving for p, Initial residual = 0.00903299, Final residual = 8.18102e-05, No Iterations 8
GAMG:  Solving for p, Initial residual = 0.00402227, Final residual = 3.77825e-05, No Iterations 4
time step continuity errors : sum local = 4.35224e-07, global = -1.81663e-07, cumulative = -3.88492e-07
GAMG:  Solving for p, Initial residual = 0.0252938, Final residual = 0.000229348, No Iterations 4
GAMG:  Solving for p, Initial residual = 0.00474524, Final residual = 4.40613e-05, No Iterations 14
GAMG:  Solving for p, Initial residual = 0.00196677, Final residual = 1.67126e-05, No Iterations 4
time step continuity errors : sum local = 1.93206e-07, global = -6.40326e-08, cumulative = -4.52525e-07
PIMPLE: iteration 3
DILUPBiCG:  Solving for Ux, Initial residual = 0.00364188, Final residual = 2.76137e-06, No Iterations 2
DILUPBiCG:  Solving for Uy, Initial residual = 0.000765357, Final residual = 4.76775e-06, No Iterations 1
DILUPBiCG:  Solving for Uz, Initial residual = 0.00529063, Final residual = 1.90344e-06, No Iterations 2
GAMG:  Solving for p, Initial residual = 0.0426542, Final residual = 0.000335692, No Iterations 5
GAMG:  Solving for p, Initial residual = 0.00987711, Final residual = 9.37492e-05, No Iterations 14
GAMG:  Solving for p, Initial residual = 0.0049879, Final residual = 4.93849e-05, No Iterations 10
time step continuity errors : sum local = 6.39484e-07, global = -1.68097e-07, cumulative = -6.20621e-07
GAMG:  Solving for p, Initial residual = 0.00244632, Final residual = 1.87102e-05, No Iterations 8
GAMG:  Solving for p, Initial residual = 0.00129329, Final residual = 9.39219e-06, No Iterations 5
GAMG:  Solving for p, Initial residual = 0.000520221, Final residual = 9.2366e-07, No Iterations 28
time step continuity errors : sum local = 1.18368e-08, global = 3.55562e-09, cumulative = -6.17066e-07
DILUPBiCG:  Solving for omega, Initial residual = 0.0011912, Final residual = 8.19355e-07, No Iterations 1
DILUPBiCG:  Solving for k, Initial residual = 0.0039234, Final residual = 6.63222e-07, No Iterations 2
bounding k, min: 0 max: 0.000697233 average: 0.000159799
ExecutionTime = 34.94 s  ClockTime = 35 s

End

