/*---------------------------------------------------------------------------*\
| =========                 |                                                 |
| \\      /  F ield         | OpenFOAM: The Open Source CFD Toolbox           |
|  \\    /   O peration     | Version:  2.3.1                                 |
|   \\  /    A nd           | Web:      www.OpenFOAM.org                      |
|    \\/     M anipulation  |                                                 |
\*---------------------------------------------------------------------------*/
Build  : 2.3.1-262087cdf8db
Exec   : pimpleDyMFoam
Date   : Jun 06 2023
Time   : 10:47:36
Host   : "jcosson-VirtualBox"
PID    : 7182
Case   : /home/jcosson/workspace/henersj_shootingdata/calcs/moderate_deformed/primal/28_intervals_05-06-23/sweep7/interval23
nProcs : 1
sigFpe : Enabling floating point exception trapping (FOAM_SIGFPE).
fileModificationChecking : Monitoring run-time modified files using timeStampMaster
allowSystemOperations : Allowing user-supplied system call operations

// * * * * * * * * * * * * * * * * * * * * * * * * * * * * * * * * * * * * * //
Create time

Create mesh for time = 0.479

Selecting dynamicFvMesh dynamicMotionSolverFvMesh
Selecting motion solver: displacementLaplacian
Selecting motion diffusion: quadratic
Selecting motion diffusion: quadratic
Selecting motion diffusion: inverseDistance

PIMPLE: no residual control data found. Calculations will employ 3 corrector loops

Reading field p

Reading field U

Reading/calculating face flux field phi

Selecting incompressible transport model Newtonian
Selecting turbulence model type RASModel
Selecting RAS turbulence model kOmegaSST
bounding k, min: 0 max: 0.000764916 average: 0.000166606
kOmegaSSTCoeffs
{
    alphaK1         0.85034;
    alphaK2         1;
    alphaOmega1     0.5;
    alphaOmega2     0.85616;
    gamma1          0.5532;
    gamma2          0.4403;
    beta1           0.075;
    beta2           0.0828;
    betaStar        0.09;
    a1              0.31;
    c1              10;
    Cmu             0.09;
    b1              1;
    F3              false;
}

Reading/calculating face velocity Uf

No finite volume options present

Courant Number mean: 0.166563 max: 0.375092

Starting time loop

Courant Number mean: 0.166563 max: 0.375092
Time = 0.48

GAMG:  Solving for cellDisplacementx, Initial residual = 0, Final residual = 0, No Iterations 0
GAMG:  Solving for cellDisplacementy, Initial residual = 0, Final residual = 0, No Iterations 0
GAMG:  Solving for cellDisplacementz, Initial residual = 0, Final residual = 0, No Iterations 0
PIMPLE: iteration 1
DILUPBiCG:  Solving for Ux, Initial residual = 0.0633916, Final residual = 0.000248955, No Iterations 1
DILUPBiCG:  Solving for Uy, Initial residual = 0.0112065, Final residual = 2.42737e-05, No Iterations 1
DILUPBiCG:  Solving for Uz, Initial residual = 0.0150717, Final residual = 2.16961e-05, No Iterations 1
GAMG:  Solving for p, Initial residual = 0.122867, Final residual = 0.00114856, No Iterations 4
GAMG:  Solving for p, Initial residual = 0.0154023, Final residual = 0.000131354, No Iterations 20
GAMG:  Solving for p, Initial residual = 0.00712844, Final residual = 5.40502e-05, No Iterations 4
time step continuity errors : sum local = 8.22457e-07, global = 2.89734e-07, cumulative = 2.89734e-07
GAMG:  Solving for p, Initial residual = 0.0533566, Final residual = 0.000453995, No Iterations 4
GAMG:  Solving for p, Initial residual = 0.00768284, Final residual = 7.39557e-05, No Iterations 16
GAMG:  Solving for p, Initial residual = 0.00359721, Final residual = 3.21207e-05, No Iterations 10
time step continuity errors : sum local = 4.89514e-07, global = 1.28196e-07, cumulative = 4.1793e-07
PIMPLE: iteration 2
DILUPBiCG:  Solving for Ux, Initial residual = 0.0174922, Final residual = 0.000105116, No Iterations 1
DILUPBiCG:  Solving for Uy, Initial residual = 0.00324419, Final residual = 7.01826e-06, No Iterations 1
DILUPBiCG:  Solving for Uz, Initial residual = 0.00302606, Final residual = 1.12011e-05, No Iterations 1
GAMG:  Solving for p, Initial residual = 0.0529773, Final residual = 0.000479758, No Iterations 4
GAMG:  Solving for p, Initial residual = 0.00931755, Final residual = 8.62423e-05, No Iterations 16
GAMG:  Solving for p, Initial residual = 0.00413429, Final residual = 4.12082e-05, No Iterations 6
time step continuity errors : sum local = 5.4059e-07, global = -1.50087e-07, cumulative = 2.67844e-07
GAMG:  Solving for p, Initial residual = 0.0274715, Final residual = 0.000218559, No Iterations 4
GAMG:  Solving for p, Initial residual = 0.00472405, Final residual = 4.19311e-05, No Iterations 14
GAMG:  Solving for p, Initial residual = 0.00195552, Final residual = 1.92552e-05, No Iterations 8
time step continuity errors : sum local = 2.53666e-07, global = -5.46756e-08, cumulative = 2.13168e-07
PIMPLE: iteration 3
DILUPBiCG:  Solving for Ux, Initial residual = 0.00404816, Final residual = 2.88797e-06, No Iterations 2
DILUPBiCG:  Solving for Uy, Initial residual = 0.000774855, Final residual = 5.56019e-06, No Iterations 1
DILUPBiCG:  Solving for Uz, Initial residual = 0.00627239, Final residual = 2.87358e-06, No Iterations 2
GAMG:  Solving for p, Initial residual = 0.0412381, Final residual = 0.000359025, No Iterations 5
GAMG:  Solving for p, Initial residual = 0.00954254, Final residual = 8.92295e-05, No Iterations 12
GAMG:  Solving for p, Initial residual = 0.00456254, Final residual = 4.39015e-05, No Iterations 10
time step continuity errors : sum local = 6.47167e-07, global = -1.67761e-07, cumulative = 4.54071e-08
GAMG:  Solving for p, Initial residual = 0.00242148, Final residual = 2.3161e-05, No Iterations 12
GAMG:  Solving for p, Initial residual = 0.00130953, Final residual = 1.18793e-05, No Iterations 6
GAMG:  Solving for p, Initial residual = 0.000528943, Final residual = 9.28848e-07, No Iterations 32
time step continuity errors : sum local = 1.35869e-08, global = 4.02214e-09, cumulative = 4.94293e-08
DILUPBiCG:  Solving for omega, Initial residual = 0.000937927, Final residual = 8.15792e-07, No Iterations 1
DILUPBiCG:  Solving for k, Initial residual = 0.00417807, Final residual = 8.55598e-07, No Iterations 2
bounding k, min: 0 max: 0.000757433 average: 0.000165431
ExecutionTime = 16.75 s  ClockTime = 17 s

Courant Number mean: 0.161102 max: 0.363204
Time = 0.481

GAMG:  Solving for cellDisplacementx, Initial residual = 0, Final residual = 0, No Iterations 0
GAMG:  Solving for cellDisplacementy, Initial residual = 0, Final residual = 0, No Iterations 0
GAMG:  Solving for cellDisplacementz, Initial residual = 0, Final residual = 0, No Iterations 0
PIMPLE: iteration 1
DILUPBiCG:  Solving for Ux, Initial residual = 0.063914, Final residual = 0.000249124, No Iterations 1
DILUPBiCG:  Solving for Uy, Initial residual = 0.011418, Final residual = 2.44724e-05, No Iterations 1
DILUPBiCG:  Solving for Uz, Initial residual = 0.0147517, Final residual = 2.11202e-05, No Iterations 1
GAMG:  Solving for p, Initial residual = 0.114062, Final residual = 0.000790376, No Iterations 6
GAMG:  Solving for p, Initial residual = 0.0135447, Final residual = 0.000133672, No Iterations 18
GAMG:  Solving for p, Initial residual = 0.00630573, Final residual = 5.51465e-05, No Iterations 10
time step continuity errors : sum local = 8.29075e-07, global = 2.12481e-07, cumulative = 2.6191e-07
GAMG:  Solving for p, Initial residual = 0.0496365, Final residual = 0.000458787, No Iterations 4
GAMG:  Solving for p, Initial residual = 0.00679753, Final residual = 6.74762e-05, No Iterations 18
GAMG:  Solving for p, Initial residual = 0.00332029, Final residual = 2.93745e-05, No Iterations 10
time step continuity errors : sum local = 4.43043e-07, global = 1.13881e-07, cumulative = 3.75791e-07
PIMPLE: iteration 2
DILUPBiCG:  Solving for Ux, Initial residual = 0.0175302, Final residual = 0.000104938, No Iterations 1
DILUPBiCG:  Solving for Uy, Initial residual = 0.00328551, Final residual = 7.03018e-06, No Iterations 1
DILUPBiCG:  Solving for Uz, Initial residual = 0.00307358, Final residual = 1.09877e-05, No Iterations 1
GAMG:  Solving for p, Initial residual = 0.0486577, Final residual = 0.000479931, No Iterations 4
GAMG:  Solving for p, Initial residual = 0.00820931, Final residual = 7.43466e-05, No Iterations 18
GAMG:  Solving for p, Initial residual = 0.00381211, Final residual = 3.50129e-05, No Iterations 8
time step continuity errors : sum local = 4.55215e-07, global = -1.31242e-07, cumulative = 2.44549e-07
GAMG:  Solving for p, Initial residual = 0.0251418, Final residual = 0.0002155, No Iterations 4
GAMG:  Solving for p, Initial residual = 0.00411528, Final residual = 3.54469e-05, No Iterations 16
GAMG:  Solving for p, Initial residual = 0.00179089, Final residual = 1.72652e-05, No Iterations 8
time step continuity errors : sum local = 2.25608e-07, global = -5.64086e-08, cumulative = 1.8814e-07
PIMPLE: iteration 3
DILUPBiCG:  Solving for Ux, Initial residual = 0.00404081, Final residual = 2.92348e-06, No Iterations 2
DILUPBiCG:  Solving for Uy, Initial residual = 0.000788413, Final residual = 5.44218e-06, No Iterations 1
DILUPBiCG:  Solving for Uz, Initial residual = 0.00714267, Final residual = 2.99654e-06, No Iterations 2
GAMG:  Solving for p, Initial residual = 0.0410314, Final residual = 0.000357081, No Iterations 5
GAMG:  Solving for p, Initial residual = 0.00950809, Final residual = 8.15711e-05, No Iterations 4
GAMG:  Solving for p, Initial residual = 0.00445471, Final residual = 3.89446e-05, No Iterations 12
time step continuity errors : sum local = 5.71029e-07, global = -1.65833e-07, cumulative = 2.23075e-08
GAMG:  Solving for p, Initial residual = 0.00239554, Final residual = 2.29432e-05, No Iterations 13
GAMG:  Solving for p, Initial residual = 0.00129686, Final residual = 1.00436e-05, No Iterations 5
GAMG:  Solving for p, Initial residual = 0.000536247, Final residual = 9.85863e-07, No Iterations 28
time step continuity errors : sum local = 1.43014e-08, global = 4.29172e-09, cumulative = 2.65992e-08
DILUPBiCG:  Solving for omega, Initial residual = 0.000975942, Final residual = 8.16963e-07, No Iterations 1
DILUPBiCG:  Solving for k, Initial residual = 0.00413594, Final residual = 7.98746e-07, No Iterations 2
bounding k, min: 0 max: 0.000748665 average: 0.000164263
ExecutionTime = 24.63 s  ClockTime = 25 s

Courant Number mean: 0.155763 max: 0.351543
Time = 0.482

GAMG:  Solving for cellDisplacementx, Initial residual = 0, Final residual = 0, No Iterations 0
GAMG:  Solving for cellDisplacementy, Initial residual = 0, Final residual = 0, No Iterations 0
GAMG:  Solving for cellDisplacementz, Initial residual = 0, Final residual = 0, No Iterations 0
PIMPLE: iteration 1
DILUPBiCG:  Solving for Ux, Initial residual = 0.0643291, Final residual = 0.000248837, No Iterations 1
DILUPBiCG:  Solving for Uy, Initial residual = 0.0116319, Final residual = 2.46877e-05, No Iterations 1
DILUPBiCG:  Solving for Uz, Initial residual = 0.0145236, Final residual = 1.83004e-05, No Iterations 1
GAMG:  Solving for p, Initial residual = 0.113838, Final residual = 0.00106845, No Iterations 4
GAMG:  Solving for p, Initial residual = 0.0136167, Final residual = 0.00012699, No Iterations 20
GAMG:  Solving for p, Initial residual = 0.00659284, Final residual = 5.29008e-05, No Iterations 4
time step continuity errors : sum local = 7.83661e-07, global = 2.78075e-07, cumulative = 3.04674e-07
GAMG:  Solving for p, Initial residual = 0.0496905, Final residual = 0.000421825, No Iterations 4
GAMG:  Solving for p, Initial residual = 0.00680868, Final residual = 6.14913e-05, No Iterations 18
GAMG:  Solving for p, Initial residual = 0.00330747, Final residual = 2.7115e-05, No Iterations 4
time step continuity errors : sum local = 4.02785e-07, global = 1.37282e-07, cumulative = 4.41956e-07
PIMPLE: iteration 2
DILUPBiCG:  Solving for Ux, Initial residual = 0.0174973, Final residual = 0.000104259, No Iterations 1
DILUPBiCG:  Solving for Uy, Initial residual = 0.00331228, Final residual = 7.03218e-06, No Iterations 1
DILUPBiCG:  Solving for Uz, Initial residual = 0.00285631, Final residual = 1.04507e-05, No Iterations 1
GAMG:  Solving for p, Initial residual = 0.04868, Final residual = 0.000479875, No Iterations 4
GAMG:  Solving for p, Initial residual = 0.00839135, Final residual = 7.45331e-05, No Iterations 18
GAMG:  Solving for p, Initial residual = 0.00384239, Final residual = 3.46071e-05, No Iterations 6
time step continuity errors : sum local = 4.42946e-07, global = -1.2641e-07, cumulative = 3.15546e-07
GAMG:  Solving for p, Initial residual = 0.0253203, Final residual = 0.000218501, No Iterations 4
GAMG:  Solving for p, Initial residual = 0.00429088, Final residual = 4.27266e-05, No Iterations 14
GAMG:  Solving for p, Initial residual = 0.00177685, Final residual = 1.43773e-05, No Iterations 10
time step continuity errors : sum local = 1.84873e-07, global = -4.70505e-08, cumulative = 2.68495e-07
PIMPLE: iteration 3
DILUPBiCG:  Solving for Ux, Initial residual = 0.0039899, Final residual = 2.89852e-06, No Iterations 2
DILUPBiCG:  Solving for Uy, Initial residual = 0.000783722, Final residual = 5.25695e-06, No Iterations 1
DILUPBiCG:  Solving for Uz, Initial residual = 0.00598511, Final residual = 2.4837e-06, No Iterations 2
GAMG:  Solving for p, Initial residual = 0.0412248, Final residual = 0.000342129, No Iterations 5
GAMG:  Solving for p, Initial residual = 0.00947024, Final residual = 8.49344e-05, No Iterations 14
GAMG:  Solving for p, Initial residual = 0.00465663, Final residual = 4.2565e-05, No Iterations 10
time step continuity errors : sum local = 6.12654e-07, global = -1.59198e-07, cumulative = 1.09298e-07
GAMG:  Solving for p, Initial residual = 0.00238628, Final residual = 2.22698e-05, No Iterations 12
GAMG:  Solving for p, Initial residual = 0.00128614, Final residual = 1.12379e-05, No Iterations 6
GAMG:  Solving for p, Initial residual = 0.000519537, Final residual = 8.58689e-07, No Iterations 32
time step continuity errors : sum local = 1.22534e-08, global = 3.62929e-09, cumulative = 1.12927e-07
DILUPBiCG:  Solving for omega, Initial residual = 0.00101372, Final residual = 8.17627e-07, No Iterations 1
DILUPBiCG:  Solving for k, Initial residual = 0.00408724, Final residual = 7.58397e-07, No Iterations 2
bounding k, min: 0 max: 0.000738734 average: 0.000163108
ExecutionTime = 32.86 s  ClockTime = 33 s

End

