/*---------------------------------------------------------------------------*\
| =========                 |                                                 |
| \\      /  F ield         | OpenFOAM: The Open Source CFD Toolbox           |
|  \\    /   O peration     | Version:  2.3.1                                 |
|   \\  /    A nd           | Web:      www.OpenFOAM.org                      |
|    \\/     M anipulation  |                                                 |
\*---------------------------------------------------------------------------*/
Build  : 2.3.1-262087cdf8db
Exec   : pimpleDyMFoam
Date   : Jun 06 2023
Time   : 10:46:46
Host   : "jcosson-VirtualBox"
PID    : 7172
Case   : /home/jcosson/workspace/henersj_shootingdata/calcs/moderate_deformed/primal/28_intervals_05-06-23/sweep7/interval17
nProcs : 1
sigFpe : Enabling floating point exception trapping (FOAM_SIGFPE).
fileModificationChecking : Monitoring run-time modified files using timeStampMaster
allowSystemOperations : Allowing user-supplied system call operations

// * * * * * * * * * * * * * * * * * * * * * * * * * * * * * * * * * * * * * //
Create time

Create mesh for time = 0.457

Selecting dynamicFvMesh dynamicMotionSolverFvMesh
Selecting motion solver: displacementLaplacian
Selecting motion diffusion: quadratic
Selecting motion diffusion: quadratic
Selecting motion diffusion: inverseDistance

PIMPLE: no residual control data found. Calculations will employ 3 corrector loops

Reading field p

Reading field U

Reading/calculating face flux field phi

Selecting incompressible transport model Newtonian
Selecting turbulence model type RASModel
Selecting RAS turbulence model kOmegaSST
kOmegaSSTCoeffs
{
    alphaK1         0.85034;
    alphaK2         1;
    alphaOmega1     0.5;
    alphaOmega2     0.85616;
    gamma1          0.5532;
    gamma2          0.4403;
    beta1           0.075;
    beta2           0.0828;
    betaStar        0.09;
    a1              0.31;
    c1              10;
    Cmu             0.09;
    b1              1;
    F3              false;
}

Reading/calculating face velocity Uf

No finite volume options present

Courant Number mean: 0.271124 max: 0.598929

Starting time loop

Courant Number mean: 0.271124 max: 0.598929
Time = 0.458

GAMG:  Solving for cellDisplacementx, Initial residual = 0, Final residual = 0, No Iterations 0
GAMG:  Solving for cellDisplacementy, Initial residual = 0, Final residual = 0, No Iterations 0
GAMG:  Solving for cellDisplacementz, Initial residual = 0, Final residual = 0, No Iterations 0
PIMPLE: iteration 1
DILUPBiCG:  Solving for Ux, Initial residual = 0.0169067, Final residual = 6.46555e-05, No Iterations 1
DILUPBiCG:  Solving for Uy, Initial residual = 0.00270627, Final residual = 6.47657e-06, No Iterations 1
DILUPBiCG:  Solving for Uz, Initial residual = 0.0156816, Final residual = 4.24123e-05, No Iterations 1
GAMG:  Solving for p, Initial residual = 0.179771, Final residual = 0.00154143, No Iterations 6
GAMG:  Solving for p, Initial residual = 0.0234823, Final residual = 0.000201057, No Iterations 18
GAMG:  Solving for p, Initial residual = 0.00936718, Final residual = 7.73721e-05, No Iterations 12
time step continuity errors : sum local = 5.02287e-07, global = 1.51311e-07, cumulative = 1.51311e-07
GAMG:  Solving for p, Initial residual = 0.0716492, Final residual = 0.000482156, No Iterations 6
GAMG:  Solving for p, Initial residual = 0.0115751, Final residual = 0.000109632, No Iterations 14
GAMG:  Solving for p, Initial residual = 0.00483297, Final residual = 4.41233e-05, No Iterations 12
time step continuity errors : sum local = 2.84075e-07, global = 8.51061e-08, cumulative = 2.36417e-07
PIMPLE: iteration 2
DILUPBiCG:  Solving for Ux, Initial residual = 0.0055516, Final residual = 2.58017e-05, No Iterations 1
DILUPBiCG:  Solving for Uy, Initial residual = 0.000927017, Final residual = 3.3351e-06, No Iterations 1
DILUPBiCG:  Solving for Uz, Initial residual = 0.00424783, Final residual = 1.33057e-05, No Iterations 1
GAMG:  Solving for p, Initial residual = 0.0742006, Final residual = 0.000307018, No Iterations 4
GAMG:  Solving for p, Initial residual = 0.0125313, Final residual = 0.000108405, No Iterations 12
GAMG:  Solving for p, Initial residual = 0.00578276, Final residual = 5.70736e-05, No Iterations 7
time step continuity errors : sum local = 3.12858e-07, global = 1.19298e-07, cumulative = 3.55715e-07
GAMG:  Solving for p, Initial residual = 0.0370508, Final residual = 0.000337688, No Iterations 3
GAMG:  Solving for p, Initial residual = 0.00615431, Final residual = 5.85334e-05, No Iterations 8
GAMG:  Solving for p, Initial residual = 0.00278959, Final residual = 2.16652e-05, No Iterations 6
time step continuity errors : sum local = 1.19207e-07, global = 3.46873e-08, cumulative = 3.90403e-07
PIMPLE: iteration 3
DILUPBiCG:  Solving for Ux, Initial residual = 0.00162526, Final residual = 5.13632e-07, No Iterations 2
DILUPBiCG:  Solving for Uy, Initial residual = 0.000268959, Final residual = 5.65836e-06, No Iterations 1
DILUPBiCG:  Solving for Uz, Initial residual = 0.00413854, Final residual = 1.04669e-06, No Iterations 2
GAMG:  Solving for p, Initial residual = 0.0472484, Final residual = 0.000351179, No Iterations 5
GAMG:  Solving for p, Initial residual = 0.0108962, Final residual = 9.42737e-05, No Iterations 13
GAMG:  Solving for p, Initial residual = 0.00495906, Final residual = 4.09376e-05, No Iterations 10
time step continuity errors : sum local = 2.47823e-07, global = -6.46869e-08, cumulative = 3.25716e-07
GAMG:  Solving for p, Initial residual = 0.00351472, Final residual = 2.57398e-05, No Iterations 6
GAMG:  Solving for p, Initial residual = 0.00198406, Final residual = 1.66842e-05, No Iterations 4
GAMG:  Solving for p, Initial residual = 0.000720135, Final residual = 9.46198e-07, No Iterations 29
time step continuity errors : sum local = 5.72788e-09, global = 1.70286e-09, cumulative = 3.27419e-07
DILUPBiCG:  Solving for omega, Initial residual = 0.000786949, Final residual = 1.26708e-06, No Iterations 1
DILUPBiCG:  Solving for k, Initial residual = 0.00471325, Final residual = 1.84517e-06, No Iterations 2
ExecutionTime = 16.76 s  ClockTime = 17 s

Courant Number mean: 0.268541 max: 0.59265
Time = 0.459

GAMG:  Solving for cellDisplacementx, Initial residual = 0, Final residual = 0, No Iterations 0
GAMG:  Solving for cellDisplacementy, Initial residual = 0, Final residual = 0, No Iterations 0
GAMG:  Solving for cellDisplacementz, Initial residual = 0, Final residual = 0, No Iterations 0
PIMPLE: iteration 1
DILUPBiCG:  Solving for Ux, Initial residual = 0.0195283, Final residual = 7.62713e-05, No Iterations 1
DILUPBiCG:  Solving for Uy, Initial residual = 0.00310164, Final residual = 7.28909e-06, No Iterations 1
DILUPBiCG:  Solving for Uz, Initial residual = 0.0141933, Final residual = 3.94264e-05, No Iterations 1
GAMG:  Solving for p, Initial residual = 0.142747, Final residual = 0.00130928, No Iterations 8
GAMG:  Solving for p, Initial residual = 0.0176435, Final residual = 0.000163777, No Iterations 18
GAMG:  Solving for p, Initial residual = 0.00692458, Final residual = 6.59773e-05, No Iterations 12
time step continuity errors : sum local = 4.76494e-07, global = 1.43175e-07, cumulative = 4.70594e-07
GAMG:  Solving for p, Initial residual = 0.0566979, Final residual = 0.000466247, No Iterations 6
GAMG:  Solving for p, Initial residual = 0.00865566, Final residual = 7.77711e-05, No Iterations 18
GAMG:  Solving for p, Initial residual = 0.00368417, Final residual = 3.52518e-05, No Iterations 10
time step continuity errors : sum local = 2.52738e-07, global = 6.61754e-08, cumulative = 5.36769e-07
PIMPLE: iteration 2
DILUPBiCG:  Solving for Ux, Initial residual = 0.00631635, Final residual = 2.76532e-05, No Iterations 1
DILUPBiCG:  Solving for Uy, Initial residual = 0.00105349, Final residual = 3.44711e-06, No Iterations 1
DILUPBiCG:  Solving for Uz, Initial residual = 0.00412859, Final residual = 1.28814e-05, No Iterations 1
GAMG:  Solving for p, Initial residual = 0.0583557, Final residual = 0.000354596, No Iterations 4
GAMG:  Solving for p, Initial residual = 0.00941211, Final residual = 9.13034e-05, No Iterations 14
GAMG:  Solving for p, Initial residual = 0.00451851, Final residual = 4.25145e-05, No Iterations 8
time step continuity errors : sum local = 2.58087e-07, global = -9.10831e-08, cumulative = 4.45686e-07
GAMG:  Solving for p, Initial residual = 0.0292046, Final residual = 0.000150315, No Iterations 4
GAMG:  Solving for p, Initial residual = 0.00451353, Final residual = 4.21824e-05, No Iterations 12
GAMG:  Solving for p, Initial residual = 0.00209604, Final residual = 1.86406e-05, No Iterations 8
time step continuity errors : sum local = 1.1366e-07, global = -3.85653e-08, cumulative = 4.07121e-07
PIMPLE: iteration 3
DILUPBiCG:  Solving for Ux, Initial residual = 0.00180527, Final residual = 4.18989e-07, No Iterations 2
DILUPBiCG:  Solving for Uy, Initial residual = 0.000297852, Final residual = 6.1191e-06, No Iterations 1
DILUPBiCG:  Solving for Uz, Initial residual = 0.00456358, Final residual = 1.12078e-06, No Iterations 2
GAMG:  Solving for p, Initial residual = 0.0423988, Final residual = 0.000343759, No Iterations 5
GAMG:  Solving for p, Initial residual = 0.00981063, Final residual = 9.63729e-05, No Iterations 13
GAMG:  Solving for p, Initial residual = 0.00450237, Final residual = 4.32483e-05, No Iterations 10
time step continuity errors : sum local = 2.91289e-07, global = -7.61859e-08, cumulative = 3.30935e-07
GAMG:  Solving for p, Initial residual = 0.00309699, Final residual = 2.60223e-05, No Iterations 6
GAMG:  Solving for p, Initial residual = 0.0017771, Final residual = 1.20659e-05, No Iterations 5
GAMG:  Solving for p, Initial residual = 0.000661497, Final residual = 8.70156e-07, No Iterations 14
time step continuity errors : sum local = 5.86298e-09, global = 1.76142e-09, cumulative = 3.32696e-07
DILUPBiCG:  Solving for omega, Initial residual = 0.000741685, Final residual = 1.24511e-06, No Iterations 1
DILUPBiCG:  Solving for k, Initial residual = 0.00475309, Final residual = 1.48925e-06, No Iterations 2
ExecutionTime = 31.31 s  ClockTime = 31 s

Courant Number mean: 0.265644 max: 0.585755
Time = 0.46

GAMG:  Solving for cellDisplacementx, Initial residual = 0, Final residual = 0, No Iterations 0
GAMG:  Solving for cellDisplacementy, Initial residual = 0, Final residual = 0, No Iterations 0
GAMG:  Solving for cellDisplacementz, Initial residual = 0, Final residual = 0, No Iterations 0
PIMPLE: iteration 1
DILUPBiCG:  Solving for Ux, Initial residual = 0.0221379, Final residual = 8.80544e-05, No Iterations 1
DILUPBiCG:  Solving for Uy, Initial residual = 0.00351163, Final residual = 8.21207e-06, No Iterations 1
DILUPBiCG:  Solving for Uz, Initial residual = 0.0139603, Final residual = 3.86399e-05, No Iterations 1
GAMG:  Solving for p, Initial residual = 0.139787, Final residual = 0.00125896, No Iterations 8
GAMG:  Solving for p, Initial residual = 0.0168274, Final residual = 0.000159341, No Iterations 18
GAMG:  Solving for p, Initial residual = 0.00667831, Final residual = 6.44896e-05, No Iterations 12
time step continuity errors : sum local = 5.11931e-07, global = 1.53946e-07, cumulative = 4.86642e-07
GAMG:  Solving for p, Initial residual = 0.0558937, Final residual = 0.000451349, No Iterations 6
GAMG:  Solving for p, Initial residual = 0.00831423, Final residual = 7.57726e-05, No Iterations 18
GAMG:  Solving for p, Initial residual = 0.00356986, Final residual = 3.48345e-05, No Iterations 10
time step continuity errors : sum local = 2.74675e-07, global = 7.19814e-08, cumulative = 5.58623e-07
PIMPLE: iteration 2
DILUPBiCG:  Solving for Ux, Initial residual = 0.00707009, Final residual = 3.1634e-05, No Iterations 1
DILUPBiCG:  Solving for Uy, Initial residual = 0.00117909, Final residual = 3.57874e-06, No Iterations 1
DILUPBiCG:  Solving for Uz, Initial residual = 0.00405998, Final residual = 1.26159e-05, No Iterations 1
GAMG:  Solving for p, Initial residual = 0.0573995, Final residual = 0.000384244, No Iterations 4
GAMG:  Solving for p, Initial residual = 0.0091957, Final residual = 7.85214e-05, No Iterations 16
GAMG:  Solving for p, Initial residual = 0.00441575, Final residual = 4.20742e-05, No Iterations 7
time step continuity errors : sum local = 2.80244e-07, global = 9.92534e-08, cumulative = 6.57877e-07
GAMG:  Solving for p, Initial residual = 0.0288363, Final residual = 0.000157985, No Iterations 4
GAMG:  Solving for p, Initial residual = 0.00439026, Final residual = 4.32831e-05, No Iterations 12
GAMG:  Solving for p, Initial residual = 0.0020299, Final residual = 1.92302e-05, No Iterations 8
time step continuity errors : sum local = 1.28802e-07, global = -4.13016e-08, cumulative = 6.16575e-07
PIMPLE: iteration 3
DILUPBiCG:  Solving for Ux, Initial residual = 0.00198408, Final residual = 4.03761e-07, No Iterations 2
DILUPBiCG:  Solving for Uy, Initial residual = 0.000327502, Final residual = 6.46033e-06, No Iterations 1
DILUPBiCG:  Solving for Uz, Initial residual = 0.0049805, Final residual = 1.21226e-06, No Iterations 2
GAMG:  Solving for p, Initial residual = 0.0415517, Final residual = 0.00034194, No Iterations 5
GAMG:  Solving for p, Initial residual = 0.00958934, Final residual = 8.3563e-05, No Iterations 15
GAMG:  Solving for p, Initial residual = 0.0044309, Final residual = 4.39213e-05, No Iterations 8
time step continuity errors : sum local = 3.25346e-07, global = -7.26919e-08, cumulative = 5.43883e-07
GAMG:  Solving for p, Initial residual = 0.00297432, Final residual = 2.85752e-05, No Iterations 16
GAMG:  Solving for p, Initial residual = 0.00171779, Final residual = 1.49163e-05, No Iterations 4
GAMG:  Solving for p, Initial residual = 0.000632603, Final residual = 9.3227e-07, No Iterations 38
time step continuity errors : sum local = 6.90495e-09, global = 2.04736e-09, cumulative = 5.4593e-07
DILUPBiCG:  Solving for omega, Initial residual = 0.00069899, Final residual = 1.23731e-06, No Iterations 1
DILUPBiCG:  Solving for k, Initial residual = 0.00479153, Final residual = 1.32723e-06, No Iterations 2
ExecutionTime = 47.32 s  ClockTime = 47 s

Courant Number mean: 0.262446 max: 0.578601
Time = 0.461

GAMG:  Solving for cellDisplacementx, Initial residual = 0, Final residual = 0, No Iterations 0
GAMG:  Solving for cellDisplacementy, Initial residual = 0, Final residual = 0, No Iterations 0
GAMG:  Solving for cellDisplacementz, Initial residual = 0, Final residual = 0, No Iterations 0
PIMPLE: iteration 1
DILUPBiCG:  Solving for Ux, Initial residual = 0.0247392, Final residual = 9.98843e-05, No Iterations 1
DILUPBiCG:  Solving for Uy, Initial residual = 0.00392289, Final residual = 9.15825e-06, No Iterations 1
DILUPBiCG:  Solving for Uz, Initial residual = 0.013687, Final residual = 3.78193e-05, No Iterations 1
GAMG:  Solving for p, Initial residual = 0.13722, Final residual = 0.00121255, No Iterations 8
GAMG:  Solving for p, Initial residual = 0.0162065, Final residual = 0.000155219, No Iterations 18
GAMG:  Solving for p, Initial residual = 0.00647061, Final residual = 6.29591e-05, No Iterations 12
time step continuity errors : sum local = 5.44383e-07, global = 1.63679e-07, cumulative = 7.0961e-07
GAMG:  Solving for p, Initial residual = 0.0552167, Final residual = 0.000437559, No Iterations 6
GAMG:  Solving for p, Initial residual = 0.00805505, Final residual = 7.39537e-05, No Iterations 18
GAMG:  Solving for p, Initial residual = 0.00347056, Final residual = 3.45814e-05, No Iterations 10
time step continuity errors : sum local = 2.97189e-07, global = 7.81901e-08, cumulative = 7.878e-07
PIMPLE: iteration 2
DILUPBiCG:  Solving for Ux, Initial residual = 0.00781398, Final residual = 3.66098e-05, No Iterations 1
DILUPBiCG:  Solving for Uy, Initial residual = 0.00130407, Final residual = 3.72958e-06, No Iterations 1
DILUPBiCG:  Solving for Uz, Initial residual = 0.00400969, Final residual = 1.2459e-05, No Iterations 1
GAMG:  Solving for p, Initial residual = 0.0565716, Final residual = 0.000405343, No Iterations 4
GAMG:  Solving for p, Initial residual = 0.00901784, Final residual = 7.99347e-05, No Iterations 16
GAMG:  Solving for p, Initial residual = 0.00429614, Final residual = 3.90934e-05, No Iterations 8
time step continuity errors : sum local = 2.83523e-07, global = -1.03136e-07, cumulative = 6.84664e-07
GAMG:  Solving for p, Initial residual = 0.028508, Final residual = 0.000169057, No Iterations 4
GAMG:  Solving for p, Initial residual = 0.0043151, Final residual = 3.60341e-05, No Iterations 14
GAMG:  Solving for p, Initial residual = 0.00198031, Final residual = 1.68972e-05, No Iterations 8
time step continuity errors : sum local = 1.23215e-07, global = -4.13888e-08, cumulative = 6.43275e-07
PIMPLE: iteration 3
DILUPBiCG:  Solving for Ux, Initial residual = 0.00215488, Final residual = 9.76022e-07, No Iterations 2
DILUPBiCG:  Solving for Uy, Initial residual = 0.000356172, Final residual = 6.75359e-06, No Iterations 1
DILUPBiCG:  Solving for Uz, Initial residual = 0.00535615, Final residual = 1.31786e-06, No Iterations 2
GAMG:  Solving for p, Initial residual = 0.0409112, Final residual = 0.000341038, No Iterations 5
GAMG:  Solving for p, Initial residual = 0.00940622, Final residual = 8.44029e-05, No Iterations 15
GAMG:  Solving for p, Initial residual = 0.0043846, Final residual = 3.61532e-05, No Iterations 10
time step continuity errors : sum local = 2.92147e-07, global = -7.60297e-08, cumulative = 5.67245e-07
GAMG:  Solving for p, Initial residual = 0.0028756, Final residual = 2.52129e-05, No Iterations 20
GAMG:  Solving for p, Initial residual = 0.00167442, Final residual = 1.43218e-05, No Iterations 4
GAMG:  Solving for p, Initial residual = 0.000620009, Final residual = 8.54626e-07, No Iterations 38
time step continuity errors : sum local = 6.90452e-09, global = 2.04568e-09, cumulative = 5.69291e-07
DILUPBiCG:  Solving for omega, Initial residual = 0.000658087, Final residual = 1.24817e-06, No Iterations 1
DILUPBiCG:  Solving for k, Initial residual = 0.00482904, Final residual = 1.30419e-06, No Iterations 2
ExecutionTime = 62.98 s  ClockTime = 63 s

End

