/*---------------------------------------------------------------------------*\
| =========                 |                                                 |
| \\      /  F ield         | OpenFOAM: The Open Source CFD Toolbox           |
|  \\    /   O peration     | Version:  2.3.1                                 |
|   \\  /    A nd           | Web:      www.OpenFOAM.org                      |
|    \\/     M anipulation  |                                                 |
\*---------------------------------------------------------------------------*/
Build  : 2.3.1-262087cdf8db
Exec   : pimpleDyMFoam
Date   : Jun 05 2023
Time   : 14:34:35
Host   : "jcosson-VirtualBox"
PID    : 7729
Case   : /home/jcosson/workspace/henersj_shootingdata/calcs/moderate_deformed/primal/10_intervals_05-06-23/sweep1/interval1
nProcs : 1
sigFpe : Enabling floating point exception trapping (FOAM_SIGFPE).
fileModificationChecking : Monitoring run-time modified files using timeStampMaster
allowSystemOperations : Allowing user-supplied system call operations

// * * * * * * * * * * * * * * * * * * * * * * * * * * * * * * * * * * * * * //
Create time

Create mesh for time = 0.4

Selecting dynamicFvMesh dynamicMotionSolverFvMesh
Selecting motion solver: displacementLaplacian
Selecting motion diffusion: quadratic
Selecting motion diffusion: quadratic
Selecting motion diffusion: inverseDistance

PIMPLE: no residual control data found. Calculations will employ 3 corrector loops

Reading field p

Reading field U

Reading/calculating face flux field phi

Selecting incompressible transport model Newtonian
Selecting turbulence model type RASModel
Selecting RAS turbulence model kOmegaSST
kOmegaSSTCoeffs
{
    alphaK1         0.85034;
    alphaK2         1;
    alphaOmega1     0.5;
    alphaOmega2     0.85616;
    gamma1          0.5532;
    gamma2          0.4403;
    beta1           0.075;
    beta2           0.0828;
    betaStar        0.09;
    a1              0.31;
    c1              10;
    Cmu             0.09;
    b1              1;
    F3              false;
}

Reading/calculating face velocity Uf

No finite volume options present

Courant Number mean: 0.0968566 max: 0.218445

Starting time loop

Courant Number mean: 0.0968566 max: 0.218445
Time = 0.401

GAMG:  Solving for cellDisplacementx, Initial residual = 0, Final residual = 0, No Iterations 0
GAMG:  Solving for cellDisplacementy, Initial residual = 0, Final residual = 0, No Iterations 0
GAMG:  Solving for cellDisplacementz, Initial residual = 0, Final residual = 0, No Iterations 0
PIMPLE: iteration 1
DILUPBiCG:  Solving for Ux, Initial residual = 0.00395177, Final residual = 1.53794e-06, No Iterations 2
DILUPBiCG:  Solving for Uy, Initial residual = 0.00116178, Final residual = 1.79804e-06, No Iterations 1
DILUPBiCG:  Solving for Uz, Initial residual = 0.019078, Final residual = 4.40646e-05, No Iterations 1
GAMG:  Solving for p, Initial residual = 0.798281, Final residual = 0.00700504, No Iterations 11
GAMG:  Solving for p, Initial residual = 0.100939, Final residual = 0.000993133, No Iterations 6
GAMG:  Solving for p, Initial residual = 0.0377117, Final residual = 0.000349429, No Iterations 8
time step continuity errors : sum local = 1.24194e-06, global = 3.19432e-07, cumulative = 3.19432e-07
GAMG:  Solving for p, Initial residual = 0.249376, Final residual = 0.00219042, No Iterations 11
GAMG:  Solving for p, Initial residual = 0.047463, Final residual = 0.000471844, No Iterations 6
GAMG:  Solving for p, Initial residual = 0.0177713, Final residual = 0.000152203, No Iterations 10
time step continuity errors : sum local = 5.26311e-07, global = 1.69916e-07, cumulative = 4.89348e-07
PIMPLE: iteration 2
DILUPBiCG:  Solving for Ux, Initial residual = 0.00265362, Final residual = 3.36825e-06, No Iterations 1
DILUPBiCG:  Solving for Uy, Initial residual = 0.00390657, Final residual = 2.3946e-05, No Iterations 1
DILUPBiCG:  Solving for Uz, Initial residual = 0.0213944, Final residual = 4.04799e-05, No Iterations 1
GAMG:  Solving for p, Initial residual = 0.227134, Final residual = 0.00188293, No Iterations 11
GAMG:  Solving for p, Initial residual = 0.0439495, Final residual = 0.000376071, No Iterations 8
GAMG:  Solving for p, Initial residual = 0.0166219, Final residual = 0.000148937, No Iterations 8
time step continuity errors : sum local = 4.76931e-07, global = 1.3894e-07, cumulative = 6.28288e-07
GAMG:  Solving for p, Initial residual = 0.0953666, Final residual = 0.000951326, No Iterations 10
GAMG:  Solving for p, Initial residual = 0.020748, Final residual = 0.000191929, No Iterations 6
GAMG:  Solving for p, Initial residual = 0.00797444, Final residual = 7.76432e-05, No Iterations 10
time step continuity errors : sum local = 2.48411e-07, global = -6.58485e-08, cumulative = 5.62439e-07
PIMPLE: iteration 3
DILUPBiCG:  Solving for Ux, Initial residual = 0.00147185, Final residual = 5.16063e-06, No Iterations 1
DILUPBiCG:  Solving for Uy, Initial residual = 0.00290772, Final residual = 1.75554e-06, No Iterations 2
DILUPBiCG:  Solving for Uz, Initial residual = 0.0124286, Final residual = 2.05763e-06, No Iterations 2
GAMG:  Solving for p, Initial residual = 0.0473333, Final residual = 0.000440027, No Iterations 9
GAMG:  Solving for p, Initial residual = 0.0114236, Final residual = 0.00010494, No Iterations 10
GAMG:  Solving for p, Initial residual = 0.00438604, Final residual = 3.8786e-05, No Iterations 6
time step continuity errors : sum local = 1.3148e-07, global = 4.7886e-08, cumulative = 6.10325e-07
GAMG:  Solving for p, Initial residual = 0.00465973, Final residual = 3.21067e-05, No Iterations 5
GAMG:  Solving for p, Initial residual = 0.00214891, Final residual = 1.47976e-05, No Iterations 4
GAMG:  Solving for p, Initial residual = 0.000844267, Final residual = 9.5024e-07, No Iterations 15
time step continuity errors : sum local = 3.20484e-09, global = 1.05417e-09, cumulative = 6.11379e-07
DILUPBiCG:  Solving for omega, Initial residual = 0.00170076, Final residual = 1.01826e-06, No Iterations 1
DILUPBiCG:  Solving for k, Initial residual = 0.00382262, Final residual = 7.28402e-07, No Iterations 2
ExecutionTime = 11.97 s  ClockTime = 12 s

Courant Number mean: 0.0962231 max: 0.213809
Time = 0.402

GAMG:  Solving for cellDisplacementx, Initial residual = 0, Final residual = 0, No Iterations 0
GAMG:  Solving for cellDisplacementy, Initial residual = 0, Final residual = 0, No Iterations 0
GAMG:  Solving for cellDisplacementz, Initial residual = 0, Final residual = 0, No Iterations 0
PIMPLE: iteration 1
DILUPBiCG:  Solving for Ux, Initial residual = 0.0131344, Final residual = 1.41084e-05, No Iterations 1
DILUPBiCG:  Solving for Uy, Initial residual = 0.0225822, Final residual = 8.12296e-05, No Iterations 1
DILUPBiCG:  Solving for Uz, Initial residual = 0.113073, Final residual = 0.00015129, No Iterations 1
GAMG:  Solving for p, Initial residual = 0.463787, Final residual = 0.00371289, No Iterations 10
GAMG:  Solving for p, Initial residual = 0.138896, Final residual = 0.000973919, No Iterations 6
GAMG:  Solving for p, Initial residual = 0.0464178, Final residual = 0.000401839, No Iterations 6
time step continuity errors : sum local = 8.81686e-07, global = -1.62164e-07, cumulative = 4.49215e-07
GAMG:  Solving for p, Initial residual = 0.345075, Final residual = 0.00245127, No Iterations 10
GAMG:  Solving for p, Initial residual = 0.0807883, Final residual = 0.000730723, No Iterations 4
GAMG:  Solving for p, Initial residual = 0.0317132, Final residual = 0.000298026, No Iterations 5
time step continuity errors : sum local = 6.51138e-07, global = 2.72567e-07, cumulative = 7.21783e-07
PIMPLE: iteration 2
DILUPBiCG:  Solving for Ux, Initial residual = 0.00131841, Final residual = 1.15828e-05, No Iterations 1
DILUPBiCG:  Solving for Uy, Initial residual = 0.00259798, Final residual = 9.48251e-06, No Iterations 1
DILUPBiCG:  Solving for Uz, Initial residual = 0.00962821, Final residual = 2.83567e-05, No Iterations 1
GAMG:  Solving for p, Initial residual = 0.412483, Final residual = 0.00312602, No Iterations 10
GAMG:  Solving for p, Initial residual = 0.0977604, Final residual = 0.00097161, No Iterations 4
GAMG:  Solving for p, Initial residual = 0.0393778, Final residual = 0.000265908, No Iterations 5
time step continuity errors : sum local = 5.5075e-07, global = 2.14052e-07, cumulative = 9.35835e-07
GAMG:  Solving for p, Initial residual = 0.193421, Final residual = 0.00133293, No Iterations 10
GAMG:  Solving for p, Initial residual = 0.057827, Final residual = 0.000257553, No Iterations 5
GAMG:  Solving for p, Initial residual = 0.0248721, Final residual = 0.00016361, No Iterations 4
time step continuity errors : sum local = 3.37344e-07, global = -3.47041e-08, cumulative = 9.01131e-07
PIMPLE: iteration 3
DILUPBiCG:  Solving for Ux, Initial residual = 0.00156122, Final residual = 9.87898e-07, No Iterations 2
DILUPBiCG:  Solving for Uy, Initial residual = 0.00117086, Final residual = 7.47494e-07, No Iterations 2
DILUPBiCG:  Solving for Uz, Initial residual = 0.0133075, Final residual = 2.63536e-06, No Iterations 2
GAMG:  Solving for p, Initial residual = 0.162357, Final residual = 0.00145, No Iterations 8
GAMG:  Solving for p, Initial residual = 0.0483679, Final residual = 0.000390064, No Iterations 5
GAMG:  Solving for p, Initial residual = 0.0211965, Final residual = 0.000153747, No Iterations 4
time step continuity errors : sum local = 3.27221e-07, global = -1.53665e-08, cumulative = 8.85764e-07
GAMG:  Solving for p, Initial residual = 0.0161316, Final residual = 0.000100027, No Iterations 5
GAMG:  Solving for p, Initial residual = 0.0100685, Final residual = 7.01474e-05, No Iterations 4
GAMG:  Solving for p, Initial residual = 0.00368846, Final residual = 9.56147e-07, No Iterations 31
time step continuity errors : sum local = 2.0157e-09, global = -6.34146e-10, cumulative = 8.8513e-07
DILUPBiCG:  Solving for omega, Initial residual = 0.00157213, Final residual = 9.62541e-07, No Iterations 1
DILUPBiCG:  Solving for k, Initial residual = 0.00376294, Final residual = 6.99005e-07, No Iterations 2
ExecutionTime = 20.44 s  ClockTime = 21 s

Courant Number mean: 0.0967292 max: 0.214645
Time = 0.403

GAMG:  Solving for cellDisplacementx, Initial residual = 0, Final residual = 0, No Iterations 0
GAMG:  Solving for cellDisplacementy, Initial residual = 0, Final residual = 0, No Iterations 0
GAMG:  Solving for cellDisplacementz, Initial residual = 0, Final residual = 0, No Iterations 0
PIMPLE: iteration 1
DILUPBiCG:  Solving for Ux, Initial residual = 0.00778042, Final residual = 3.18647e-05, No Iterations 1
DILUPBiCG:  Solving for Uy, Initial residual = 0.00244947, Final residual = 5.34186e-06, No Iterations 1
DILUPBiCG:  Solving for Uz, Initial residual = 0.0612751, Final residual = 0.000114582, No Iterations 1
GAMG:  Solving for p, Initial residual = 0.329677, Final residual = 0.00284044, No Iterations 8
GAMG:  Solving for p, Initial residual = 0.043671, Final residual = 0.000388776, No Iterations 18
GAMG:  Solving for p, Initial residual = 0.0175635, Final residual = 0.000162954, No Iterations 4
time step continuity errors : sum local = 4.03285e-07, global = -1.64989e-07, cumulative = 7.20141e-07
GAMG:  Solving for p, Initial residual = 0.122527, Final residual = 0.00119565, No Iterations 4
GAMG:  Solving for p, Initial residual = 0.0311637, Final residual = 0.000297511, No Iterations 16
GAMG:  Solving for p, Initial residual = 0.0129117, Final residual = 0.000110552, No Iterations 4
time step continuity errors : sum local = 2.71716e-07, global = -1.07946e-07, cumulative = 6.12195e-07
PIMPLE: iteration 2
DILUPBiCG:  Solving for Ux, Initial residual = 0.00306144, Final residual = 3.04003e-05, No Iterations 1
DILUPBiCG:  Solving for Uy, Initial residual = 0.000788389, Final residual = 2.77199e-06, No Iterations 1
DILUPBiCG:  Solving for Uz, Initial residual = 0.0105937, Final residual = 2.67998e-05, No Iterations 1
GAMG:  Solving for p, Initial residual = 0.147175, Final residual = 0.000925304, No Iterations 4
GAMG:  Solving for p, Initial residual = 0.0390097, Final residual = 0.000386731, No Iterations 10
GAMG:  Solving for p, Initial residual = 0.0149237, Final residual = 0.000145988, No Iterations 4
time step continuity errors : sum local = 3.16537e-07, global = -1.18673e-07, cumulative = 4.93521e-07
GAMG:  Solving for p, Initial residual = 0.0674923, Final residual = 0.000496287, No Iterations 4
GAMG:  Solving for p, Initial residual = 0.0225944, Final residual = 0.000200236, No Iterations 10
GAMG:  Solving for p, Initial residual = 0.00864899, Final residual = 7.77824e-05, No Iterations 4
time step continuity errors : sum local = 1.70531e-07, global = -6.06237e-08, cumulative = 4.32898e-07
PIMPLE: iteration 3
DILUPBiCG:  Solving for Ux, Initial residual = 0.00125849, Final residual = 2.55872e-06, No Iterations 2
DILUPBiCG:  Solving for Uy, Initial residual = 0.00030957, Final residual = 3.30957e-06, No Iterations 1
DILUPBiCG:  Solving for Uz, Initial residual = 0.00262946, Final residual = 8.7574e-07, No Iterations 2
GAMG:  Solving for p, Initial residual = 0.0863993, Final residual = 0.000300246, No Iterations 4
GAMG:  Solving for p, Initial residual = 0.0208018, Final residual = 0.00012679, No Iterations 4
GAMG:  Solving for p, Initial residual = 0.00917473, Final residual = 4.50189e-05, No Iterations 4
time step continuity errors : sum local = 1.06549e-07, global = -7.47302e-09, cumulative = 4.25425e-07
GAMG:  Solving for p, Initial residual = 0.00576151, Final residual = 4.46405e-05, No Iterations 4
GAMG:  Solving for p, Initial residual = 0.00291212, Final residual = 1.38859e-05, No Iterations 4
GAMG:  Solving for p, Initial residual = 0.00120792, Final residual = 8.89708e-07, No Iterations 6
time step continuity errors : sum local = 2.0959e-09, global = 6.51935e-10, cumulative = 4.26076e-07
DILUPBiCG:  Solving for omega, Initial residual = 0.00147312, Final residual = 9.18681e-07, No Iterations 1
DILUPBiCG:  Solving for k, Initial residual = 0.00370783, Final residual = 7.2796e-07, No Iterations 2
ExecutionTime = 28.63 s  ClockTime = 29 s

Courant Number mean: 0.097606 max: 0.21621
Time = 0.404

GAMG:  Solving for cellDisplacementx, Initial residual = 0, Final residual = 0, No Iterations 0
GAMG:  Solving for cellDisplacementy, Initial residual = 0, Final residual = 0, No Iterations 0
GAMG:  Solving for cellDisplacementz, Initial residual = 0, Final residual = 0, No Iterations 0
PIMPLE: iteration 1
DILUPBiCG:  Solving for Ux, Initial residual = 0.014018, Final residual = 5.52296e-05, No Iterations 1
DILUPBiCG:  Solving for Uy, Initial residual = 0.00337278, Final residual = 6.56724e-06, No Iterations 1
DILUPBiCG:  Solving for Uz, Initial residual = 0.0302672, Final residual = 5.12198e-05, No Iterations 1
GAMG:  Solving for p, Initial residual = 0.223375, Final residual = 0.00205095, No Iterations 8
GAMG:  Solving for p, Initial residual = 0.0274014, Final residual = 0.000234808, No Iterations 18
GAMG:  Solving for p, Initial residual = 0.0109552, Final residual = 8.61806e-05, No Iterations 8
time step continuity errors : sum local = 2.74924e-07, global = -6.02319e-08, cumulative = 3.65845e-07
GAMG:  Solving for p, Initial residual = 0.0780976, Final residual = 0.000723224, No Iterations 6
GAMG:  Solving for p, Initial residual = 0.0141061, Final residual = 0.000136936, No Iterations 16
GAMG:  Solving for p, Initial residual = 0.00595901, Final residual = 4.83922e-05, No Iterations 10
time step continuity errors : sum local = 1.55427e-07, global = -4.03065e-08, cumulative = 3.25538e-07
PIMPLE: iteration 2
DILUPBiCG:  Solving for Ux, Initial residual = 0.00470994, Final residual = 3.59568e-05, No Iterations 1
DILUPBiCG:  Solving for Uy, Initial residual = 0.0010691, Final residual = 3.01904e-06, No Iterations 1
DILUPBiCG:  Solving for Uz, Initial residual = 0.00603355, Final residual = 1.76281e-05, No Iterations 1
GAMG:  Solving for p, Initial residual = 0.0865022, Final residual = 0.00038408, No Iterations 4
GAMG:  Solving for p, Initial residual = 0.017782, Final residual = 0.000154865, No Iterations 5
GAMG:  Solving for p, Initial residual = 0.00781166, Final residual = 6.99598e-05, No Iterations 9
time step continuity errors : sum local = 1.96246e-07, global = -4.89514e-08, cumulative = 2.76587e-07
GAMG:  Solving for p, Initial residual = 0.04095, Final residual = 0.000205906, No Iterations 4
GAMG:  Solving for p, Initial residual = 0.0090588, Final residual = 7.81526e-05, No Iterations 6
GAMG:  Solving for p, Initial residual = 0.0040862, Final residual = 3.99952e-05, No Iterations 4
time step continuity errors : sum local = 1.13602e-07, global = -3.26526e-08, cumulative = 2.43934e-07
PIMPLE: iteration 3
DILUPBiCG:  Solving for Ux, Initial residual = 0.00161821, Final residual = 9.54249e-07, No Iterations 2
DILUPBiCG:  Solving for Uy, Initial residual = 0.000350774, Final residual = 3.72232e-06, No Iterations 1
DILUPBiCG:  Solving for Uz, Initial residual = 0.00255668, Final residual = 8.1717e-07, No Iterations 2
GAMG:  Solving for p, Initial residual = 0.0496596, Final residual = 0.000280434, No Iterations 4
GAMG:  Solving for p, Initial residual = 0.00894335, Final residual = 7.30942e-05, No Iterations 4
GAMG:  Solving for p, Initial residual = 0.00430464, Final residual = 3.66857e-05, No Iterations 10
time step continuity errors : sum local = 1.15682e-07, global = 3.16209e-08, cumulative = 2.75555e-07
GAMG:  Solving for p, Initial residual = 0.00238966, Final residual = 2.11332e-05, No Iterations 8
GAMG:  Solving for p, Initial residual = 0.00112647, Final residual = 1.08375e-05, No Iterations 4
GAMG:  Solving for p, Initial residual = 0.000480043, Final residual = 9.7989e-07, No Iterations 16
time step continuity errors : sum local = 3.05871e-09, global = 1.01079e-09, cumulative = 2.76566e-07
DILUPBiCG:  Solving for omega, Initial residual = 0.00139625, Final residual = 8.85469e-07, No Iterations 1
DILUPBiCG:  Solving for k, Initial residual = 0.00365527, Final residual = 7.56057e-07, No Iterations 2
ExecutionTime = 37.24 s  ClockTime = 37 s

Courant Number mean: 0.0988391 max: 0.218539
Time = 0.405

GAMG:  Solving for cellDisplacementx, Initial residual = 0, Final residual = 0, No Iterations 0
GAMG:  Solving for cellDisplacementy, Initial residual = 0, Final residual = 0, No Iterations 0
GAMG:  Solving for cellDisplacementz, Initial residual = 0, Final residual = 0, No Iterations 0
PIMPLE: iteration 1
DILUPBiCG:  Solving for Ux, Initial residual = 0.0200248, Final residual = 7.74081e-05, No Iterations 1
DILUPBiCG:  Solving for Uy, Initial residual = 0.00441583, Final residual = 8.03322e-06, No Iterations 1
DILUPBiCG:  Solving for Uz, Initial residual = 0.0209812, Final residual = 3.60749e-05, No Iterations 1
GAMG:  Solving for p, Initial residual = 0.188788, Final residual = 0.00171978, No Iterations 8
GAMG:  Solving for p, Initial residual = 0.0223017, Final residual = 0.000206522, No Iterations 18
GAMG:  Solving for p, Initial residual = 0.0094865, Final residual = 8.75646e-05, No Iterations 10
time step continuity errors : sum local = 3.48045e-07, global = -8.90007e-08, cumulative = 1.87565e-07
GAMG:  Solving for p, Initial residual = 0.0704934, Final residual = 0.000628133, No Iterations 6
GAMG:  Solving for p, Initial residual = 0.0115687, Final residual = 0.000102282, No Iterations 18
GAMG:  Solving for p, Initial residual = 0.00515083, Final residual = 4.1623e-05, No Iterations 10
time step continuity errors : sum local = 1.66432e-07, global = -4.27003e-08, cumulative = 1.44865e-07
PIMPLE: iteration 2
DILUPBiCG:  Solving for Ux, Initial residual = 0.0062545, Final residual = 4.39175e-05, No Iterations 1
DILUPBiCG:  Solving for Uy, Initial residual = 0.00133861, Final residual = 3.37116e-06, No Iterations 1
DILUPBiCG:  Solving for Uz, Initial residual = 0.00466641, Final residual = 1.62693e-05, No Iterations 1
GAMG:  Solving for p, Initial residual = 0.0756694, Final residual = 0.000635532, No Iterations 3
GAMG:  Solving for p, Initial residual = 0.0142889, Final residual = 0.000142588, No Iterations 5
GAMG:  Solving for p, Initial residual = 0.0066983, Final residual = 6.13476e-05, No Iterations 8
time step continuity errors : sum local = 2.12662e-07, global = -4.55772e-08, cumulative = 9.92875e-08
GAMG:  Solving for p, Initial residual = 0.0370177, Final residual = 0.000330901, No Iterations 3
GAMG:  Solving for p, Initial residual = 0.00733712, Final residual = 5.9952e-05, No Iterations 7
GAMG:  Solving for p, Initial residual = 0.00346786, Final residual = 3.3231e-05, No Iterations 4
time step continuity errors : sum local = 1.16582e-07, global = -3.47799e-08, cumulative = 6.45076e-08
PIMPLE: iteration 3
DILUPBiCG:  Solving for Ux, Initial residual = 0.00194144, Final residual = 9.88765e-07, No Iterations 2
DILUPBiCG:  Solving for Uy, Initial residual = 0.000407505, Final residual = 3.98632e-06, No Iterations 1
DILUPBiCG:  Solving for Uz, Initial residual = 0.00282696, Final residual = 1.00122e-06, No Iterations 2
GAMG:  Solving for p, Initial residual = 0.0416426, Final residual = 0.000299525, No Iterations 4
GAMG:  Solving for p, Initial residual = 0.00752012, Final residual = 7.30175e-05, No Iterations 14
GAMG:  Solving for p, Initial residual = 0.00371802, Final residual = 3.57701e-05, No Iterations 8
time step continuity errors : sum local = 1.40179e-07, global = 3.07802e-08, cumulative = 9.52878e-08
GAMG:  Solving for p, Initial residual = 0.00199363, Final residual = 1.67618e-05, No Iterations 10
GAMG:  Solving for p, Initial residual = 0.000983951, Final residual = 7.90534e-06, No Iterations 5
GAMG:  Solving for p, Initial residual = 0.000428049, Final residual = 8.90879e-07, No Iterations 11
time step continuity errors : sum local = 3.4606e-09, global = 1.07108e-09, cumulative = 9.63589e-08
DILUPBiCG:  Solving for omega, Initial residual = 0.00133934, Final residual = 8.60148e-07, No Iterations 1
DILUPBiCG:  Solving for k, Initial residual = 0.00360851, Final residual = 7.93871e-07, No Iterations 2
ExecutionTime = 46.61 s  ClockTime = 47 s

Courant Number mean: 0.100424 max: 0.221629
Time = 0.406

GAMG:  Solving for cellDisplacementx, Initial residual = 0, Final residual = 0, No Iterations 0
GAMG:  Solving for cellDisplacementy, Initial residual = 0, Final residual = 0, No Iterations 0
GAMG:  Solving for cellDisplacementz, Initial residual = 0, Final residual = 0, No Iterations 0
PIMPLE: iteration 1
DILUPBiCG:  Solving for Ux, Initial residual = 0.0255352, Final residual = 9.84894e-05, No Iterations 1
DILUPBiCG:  Solving for Uy, Initial residual = 0.00542835, Final residual = 9.75329e-06, No Iterations 1
DILUPBiCG:  Solving for Uz, Initial residual = 0.0191827, Final residual = 3.49397e-05, No Iterations 1
GAMG:  Solving for p, Initial residual = 0.16774, Final residual = 0.00154347, No Iterations 8
GAMG:  Solving for p, Initial residual = 0.0181143, Final residual = 0.000161248, No Iterations 20
GAMG:  Solving for p, Initial residual = 0.00779435, Final residual = 7.26538e-05, No Iterations 8
time step continuity errors : sum local = 3.48438e-07, global = -7.90148e-08, cumulative = 1.73441e-08
GAMG:  Solving for p, Initial residual = 0.0642392, Final residual = 0.000577226, No Iterations 6
GAMG:  Solving for p, Initial residual = 0.00934868, Final residual = 7.96284e-05, No Iterations 20
GAMG:  Solving for p, Initial residual = 0.00422076, Final residual = 4.18336e-05, No Iterations 4
time step continuity errors : sum local = 2.01535e-07, global = -6.32097e-08, cumulative = -4.58656e-08
PIMPLE: iteration 2
DILUPBiCG:  Solving for Ux, Initial residual = 0.00769937, Final residual = 5.24421e-05, No Iterations 1
DILUPBiCG:  Solving for Uy, Initial residual = 0.00160031, Final residual = 3.79798e-06, No Iterations 1
DILUPBiCG:  Solving for Uz, Initial residual = 0.00401512, Final residual = 1.55146e-05, No Iterations 1
GAMG:  Solving for p, Initial residual = 0.0682273, Final residual = 0.000350588, No Iterations 4
GAMG:  Solving for p, Initial residual = 0.0113602, Final residual = 0.000110689, No Iterations 4
GAMG:  Solving for p, Initial residual = 0.00549645, Final residual = 4.78033e-05, No Iterations 7
time step continuity errors : sum local = 1.99487e-07, global = -3.29366e-08, cumulative = -7.88021e-08
GAMG:  Solving for p, Initial residual = 0.0336343, Final residual = 0.000290534, No Iterations 3
GAMG:  Solving for p, Initial residual = 0.00581434, Final residual = 4.81596e-05, No Iterations 5
GAMG:  Solving for p, Initial residual = 0.00282074, Final residual = 2.42137e-05, No Iterations 5
time step continuity errors : sum local = 1.01838e-07, global = -7.99742e-09, cumulative = -8.67995e-08
PIMPLE: iteration 3
DILUPBiCG:  Solving for Ux, Initial residual = 0.00229205, Final residual = 1.13099e-06, No Iterations 2
DILUPBiCG:  Solving for Uy, Initial residual = 0.000467271, Final residual = 4.26026e-06, No Iterations 1
DILUPBiCG:  Solving for Uz, Initial residual = 0.00360901, Final residual = 1.35128e-06, No Iterations 2
GAMG:  Solving for p, Initial residual = 0.038144, Final residual = 0.000310304, No Iterations 4
GAMG:  Solving for p, Initial residual = 0.00715518, Final residual = 6.2101e-05, No Iterations 18
GAMG:  Solving for p, Initial residual = 0.00357279, Final residual = 3.08884e-05, No Iterations 8
time step continuity errors : sum local = 1.45744e-07, global = 2.89405e-08, cumulative = -5.78591e-08
GAMG:  Solving for p, Initial residual = 0.00187795, Final residual = 1.84177e-05, No Iterations 8
GAMG:  Solving for p, Initial residual = 0.000952189, Final residual = 8.25342e-06, No Iterations 6
GAMG:  Solving for p, Initial residual = 0.000415055, Final residual = 9.60602e-07, No Iterations 16
time step continuity errors : sum local = 4.49531e-09, global = -1.31404e-09, cumulative = -5.91731e-08
DILUPBiCG:  Solving for omega, Initial residual = 0.00129566, Final residual = 8.41209e-07, No Iterations 1
DILUPBiCG:  Solving for k, Initial residual = 0.00357241, Final residual = 8.46685e-07, No Iterations 2
ExecutionTime = 55.78 s  ClockTime = 56 s

Courant Number mean: 0.102357 max: 0.225451
Time = 0.407

GAMG:  Solving for cellDisplacementx, Initial residual = 0, Final residual = 0, No Iterations 0
GAMG:  Solving for cellDisplacementy, Initial residual = 0, Final residual = 0, No Iterations 0
GAMG:  Solving for cellDisplacementz, Initial residual = 0, Final residual = 0, No Iterations 0
PIMPLE: iteration 1
DILUPBiCG:  Solving for Ux, Initial residual = 0.0308046, Final residual = 0.000120695, No Iterations 1
DILUPBiCG:  Solving for Uy, Initial residual = 0.00640614, Final residual = 1.14827e-05, No Iterations 1
DILUPBiCG:  Solving for Uz, Initial residual = 0.0168137, Final residual = 3.12147e-05, No Iterations 1
GAMG:  Solving for p, Initial residual = 0.156602, Final residual = 0.00140202, No Iterations 8
GAMG:  Solving for p, Initial residual = 0.0160845, Final residual = 0.000150947, No Iterations 20
GAMG:  Solving for p, Initial residual = 0.00694686, Final residual = 6.39833e-05, No Iterations 10
time step continuity errors : sum local = 3.59992e-07, global = -9.27081e-08, cumulative = -1.51881e-07
GAMG:  Solving for p, Initial residual = 0.0610789, Final residual = 0.000528685, No Iterations 6
GAMG:  Solving for p, Initial residual = 0.00830193, Final residual = 7.40342e-05, No Iterations 20
GAMG:  Solving for p, Initial residual = 0.00376815, Final residual = 3.70051e-05, No Iterations 8
time step continuity errors : sum local = 2.09009e-07, global = -4.65559e-08, cumulative = -1.98437e-07
PIMPLE: iteration 2
DILUPBiCG:  Solving for Ux, Initial residual = 0.00909119, Final residual = 6.1951e-05, No Iterations 1
DILUPBiCG:  Solving for Uy, Initial residual = 0.0018506, Final residual = 4.24637e-06, No Iterations 1
DILUPBiCG:  Solving for Uz, Initial residual = 0.00384903, Final residual = 1.73043e-05, No Iterations 1
GAMG:  Solving for p, Initial residual = 0.0642653, Final residual = 0.000306749, No Iterations 4
GAMG:  Solving for p, Initial residual = 0.0098703, Final residual = 9.61362e-05, No Iterations 5
GAMG:  Solving for p, Initial residual = 0.00473333, Final residual = 3.95645e-05, No Iterations 6
time step continuity errors : sum local = 1.9402e-07, global = -4.19097e-08, cumulative = -2.40347e-07
GAMG:  Solving for p, Initial residual = 0.0318424, Final residual = 0.000132579, No Iterations 4
GAMG:  Solving for p, Initial residual = 0.00504362, Final residual = 4.59823e-05, No Iterations 5
GAMG:  Solving for p, Initial residual = 0.0024325, Final residual = 1.93523e-05, No Iterations 6
time step continuity errors : sum local = 9.53581e-08, global = -1.82513e-08, cumulative = -2.58598e-07
PIMPLE: iteration 3
DILUPBiCG:  Solving for Ux, Initial residual = 0.0025891, Final residual = 1.29685e-06, No Iterations 2
DILUPBiCG:  Solving for Uy, Initial residual = 0.000519326, Final residual = 4.52761e-06, No Iterations 1
DILUPBiCG:  Solving for Uz, Initial residual = 0.00408627, Final residual = 1.58703e-06, No Iterations 2
GAMG:  Solving for p, Initial residual = 0.0366432, Final residual = 0.000329462, No Iterations 4
GAMG:  Solving for p, Initial residual = 0.00699983, Final residual = 6.67179e-05, No Iterations 18
GAMG:  Solving for p, Initial residual = 0.00351225, Final residual = 3.2485e-05, No Iterations 8
time step continuity errors : sum local = 1.79662e-07, global = 3.62326e-08, cumulative = -2.22365e-07
GAMG:  Solving for p, Initial residual = 0.00185087, Final residual = 1.61497e-05, No Iterations 10
GAMG:  Solving for p, Initial residual = 0.000955627, Final residual = 9.14658e-06, No Iterations 5
GAMG:  Solving for p, Initial residual = 0.000415495, Final residual = 8.76091e-07, No Iterations 24
time step continuity errors : sum local = 4.8034e-09, global = -1.40041e-09, cumulative = -2.23766e-07
DILUPBiCG:  Solving for omega, Initial residual = 0.00126034, Final residual = 8.27843e-07, No Iterations 1
DILUPBiCG:  Solving for k, Initial residual = 0.00354438, Final residual = 9.06e-07, No Iterations 2
ExecutionTime = 66.28 s  ClockTime = 67 s

Courant Number mean: 0.104631 max: 0.229983
Time = 0.408

GAMG:  Solving for cellDisplacementx, Initial residual = 0, Final residual = 0, No Iterations 0
GAMG:  Solving for cellDisplacementy, Initial residual = 0, Final residual = 0, No Iterations 0
GAMG:  Solving for cellDisplacementz, Initial residual = 0, Final residual = 0, No Iterations 0
PIMPLE: iteration 1
DILUPBiCG:  Solving for Ux, Initial residual = 0.0356517, Final residual = 0.000139032, No Iterations 1
DILUPBiCG:  Solving for Uy, Initial residual = 0.00729712, Final residual = 1.3093e-05, No Iterations 1
DILUPBiCG:  Solving for Uz, Initial residual = 0.0170354, Final residual = 3.19465e-05, No Iterations 1
GAMG:  Solving for p, Initial residual = 0.149788, Final residual = 0.00130582, No Iterations 8
GAMG:  Solving for p, Initial residual = 0.0150561, Final residual = 0.000142847, No Iterations 20
GAMG:  Solving for p, Initial residual = 0.00655029, Final residual = 5.73165e-05, No Iterations 10
time step continuity errors : sum local = 3.70666e-07, global = -9.64296e-08, cumulative = -3.20195e-07
GAMG:  Solving for p, Initial residual = 0.0592373, Final residual = 0.000500587, No Iterations 6
GAMG:  Solving for p, Initial residual = 0.00775823, Final residual = 7.02548e-05, No Iterations 20
GAMG:  Solving for p, Initial residual = 0.00354618, Final residual = 3.39667e-05, No Iterations 8
time step continuity errors : sum local = 2.20531e-07, global = -4.96025e-08, cumulative = -3.69798e-07
PIMPLE: iteration 2
DILUPBiCG:  Solving for Ux, Initial residual = 0.0103782, Final residual = 6.95555e-05, No Iterations 1
DILUPBiCG:  Solving for Uy, Initial residual = 0.00207858, Final residual = 4.68035e-06, No Iterations 1
DILUPBiCG:  Solving for Uz, Initial residual = 0.00370914, Final residual = 1.72523e-05, No Iterations 1
GAMG:  Solving for p, Initial residual = 0.0620058, Final residual = 0.000341496, No Iterations 4
GAMG:  Solving for p, Initial residual = 0.00912681, Final residual = 8.49698e-05, No Iterations 12
GAMG:  Solving for p, Initial residual = 0.00454627, Final residual = 3.91402e-05, No Iterations 7
time step continuity errors : sum local = 2.20525e-07, global = -5.42243e-08, cumulative = -4.24022e-07
GAMG:  Solving for p, Initial residual = 0.030877, Final residual = 0.000153001, No Iterations 4
GAMG:  Solving for p, Initial residual = 0.00468952, Final residual = 4.47089e-05, No Iterations 10
GAMG:  Solving for p, Initial residual = 0.00231661, Final residual = 2.181e-05, No Iterations 7
time step continuity errors : sum local = 1.23464e-07, global = -3.62723e-08, cumulative = -4.60295e-07
PIMPLE: iteration 3
DILUPBiCG:  Solving for Ux, Initial residual = 0.00288594, Final residual = 1.45469e-06, No Iterations 2
DILUPBiCG:  Solving for Uy, Initial residual = 0.000570046, Final residual = 4.75751e-06, No Iterations 1
DILUPBiCG:  Solving for Uz, Initial residual = 0.00484406, Final residual = 1.86516e-06, No Iterations 2
GAMG:  Solving for p, Initial residual = 0.0361384, Final residual = 0.000342177, No Iterations 4
GAMG:  Solving for p, Initial residual = 0.00700917, Final residual = 6.8735e-05, No Iterations 18
GAMG:  Solving for p, Initial residual = 0.00351875, Final residual = 3.32227e-05, No Iterations 8
time step continuity errors : sum local = 2.11131e-07, global = 4.38034e-08, cumulative = -4.16491e-07
GAMG:  Solving for p, Initial residual = 0.00185789, Final residual = 1.63734e-05, No Iterations 10
GAMG:  Solving for p, Initial residual = 0.000971379, Final residual = 9.34047e-06, No Iterations 5
GAMG:  Solving for p, Initial residual = 0.000421595, Final residual = 9.26176e-07, No Iterations 24
time step continuity errors : sum local = 5.83581e-09, global = -1.69736e-09, cumulative = -4.18189e-07
DILUPBiCG:  Solving for omega, Initial residual = 0.00123044, Final residual = 8.16621e-07, No Iterations 1
DILUPBiCG:  Solving for k, Initial residual = 0.00352239, Final residual = 9.39204e-07, No Iterations 2
ExecutionTime = 77.54 s  ClockTime = 78 s

Courant Number mean: 0.107238 max: 0.235204
Time = 0.409

GAMG:  Solving for cellDisplacementx, Initial residual = 0, Final residual = 0, No Iterations 0
GAMG:  Solving for cellDisplacementy, Initial residual = 0, Final residual = 0, No Iterations 0
GAMG:  Solving for cellDisplacementz, Initial residual = 0, Final residual = 0, No Iterations 0
PIMPLE: iteration 1
DILUPBiCG:  Solving for Ux, Initial residual = 0.0402208, Final residual = 0.00015341, No Iterations 1
DILUPBiCG:  Solving for Uy, Initial residual = 0.00811241, Final residual = 1.44764e-05, No Iterations 1
DILUPBiCG:  Solving for Uz, Initial residual = 0.0158505, Final residual = 2.96935e-05, No Iterations 1
GAMG:  Solving for p, Initial residual = 0.144452, Final residual = 0.00139058, No Iterations 6
GAMG:  Solving for p, Initial residual = 0.0146294, Final residual = 0.0001333, No Iterations 22
GAMG:  Solving for p, Initial residual = 0.00639784, Final residual = 5.57735e-05, No Iterations 10
time step continuity errors : sum local = 4.0696e-07, global = -1.0496e-07, cumulative = -5.23149e-07
GAMG:  Solving for p, Initial residual = 0.0578828, Final residual = 0.000465099, No Iterations 6
GAMG:  Solving for p, Initial residual = 0.00743833, Final residual = 6.62131e-05, No Iterations 20
GAMG:  Solving for p, Initial residual = 0.00340185, Final residual = 2.73992e-05, No Iterations 10
time step continuity errors : sum local = 2.00593e-07, global = -5.16684e-08, cumulative = -5.74817e-07
PIMPLE: iteration 2
DILUPBiCG:  Solving for Ux, Initial residual = 0.0115563, Final residual = 7.44756e-05, No Iterations 1
DILUPBiCG:  Solving for Uy, Initial residual = 0.00228351, Final residual = 5.05937e-06, No Iterations 1
DILUPBiCG:  Solving for Uz, Initial residual = 0.00377609, Final residual = 1.81339e-05, No Iterations 1
GAMG:  Solving for p, Initial residual = 0.0603597, Final residual = 0.000277523, No Iterations 4
GAMG:  Solving for p, Initial residual = 0.00852058, Final residual = 7.83557e-05, No Iterations 14
GAMG:  Solving for p, Initial residual = 0.00428204, Final residual = 4.25134e-05, No Iterations 5
time step continuity errors : sum local = 2.69681e-07, global = -9.25634e-08, cumulative = -6.67381e-07
GAMG:  Solving for p, Initial residual = 0.0301936, Final residual = 0.000123004, No Iterations 4
GAMG:  Solving for p, Initial residual = 0.00434876, Final residual = 4.30028e-05, No Iterations 13
GAMG:  Solving for p, Initial residual = 0.00217179, Final residual = 1.98007e-05, No Iterations 5
time step continuity errors : sum local = 1.26098e-07, global = 5.2111e-08, cumulative = -6.1527e-07
PIMPLE: iteration 3
DILUPBiCG:  Solving for Ux, Initial residual = 0.00313043, Final residual = 1.5042e-06, No Iterations 2
DILUPBiCG:  Solving for Uy, Initial residual = 0.000609867, Final residual = 5.01453e-06, No Iterations 1
DILUPBiCG:  Solving for Uz, Initial residual = 0.00519188, Final residual = 2.00229e-06, No Iterations 2
GAMG:  Solving for p, Initial residual = 0.0360758, Final residual = 0.000350286, No Iterations 4
GAMG:  Solving for p, Initial residual = 0.00706706, Final residual = 6.96475e-05, No Iterations 18
GAMG:  Solving for p, Initial residual = 0.00355074, Final residual = 3.32697e-05, No Iterations 8
time step continuity errors : sum local = 2.38249e-07, global = 4.93606e-08, cumulative = -5.65909e-07
GAMG:  Solving for p, Initial residual = 0.00186805, Final residual = 1.73625e-05, No Iterations 8
GAMG:  Solving for p, Initial residual = 0.000981201, Final residual = 8.33493e-06, No Iterations 5
GAMG:  Solving for p, Initial residual = 0.000426696, Final residual = 8.60409e-07, No Iterations 26
time step continuity errors : sum local = 6.10915e-09, global = -1.83093e-09, cumulative = -5.6774e-07
DILUPBiCG:  Solving for omega, Initial residual = 0.00120188, Final residual = 8.06736e-07, No Iterations 1
DILUPBiCG:  Solving for k, Initial residual = 0.00350779, Final residual = 9.55988e-07, No Iterations 2
ExecutionTime = 88.38 s  ClockTime = 89 s

Courant Number mean: 0.110164 max: 0.241102
Time = 0.41

GAMG:  Solving for cellDisplacementx, Initial residual = 0, Final residual = 0, No Iterations 0
GAMG:  Solving for cellDisplacementy, Initial residual = 0, Final residual = 0, No Iterations 0
GAMG:  Solving for cellDisplacementz, Initial residual = 0, Final residual = 0, No Iterations 0
PIMPLE: iteration 1
DILUPBiCG:  Solving for Ux, Initial residual = 0.044312, Final residual = 0.000167121, No Iterations 1
DILUPBiCG:  Solving for Uy, Initial residual = 0.00882407, Final residual = 1.58298e-05, No Iterations 1
DILUPBiCG:  Solving for Uz, Initial residual = 0.0165255, Final residual = 3.10849e-05, No Iterations 1
GAMG:  Solving for p, Initial residual = 0.140692, Final residual = 0.00132513, No Iterations 6
GAMG:  Solving for p, Initial residual = 0.0142184, Final residual = 0.000128256, No Iterations 22
GAMG:  Solving for p, Initial residual = 0.00626805, Final residual = 5.04005e-05, No Iterations 10
time step continuity errors : sum local = 4.08972e-07, global = -1.06409e-07, cumulative = -6.74149e-07
GAMG:  Solving for p, Initial residual = 0.0568621, Final residual = 0.0004484, No Iterations 6
GAMG:  Solving for p, Initial residual = 0.00723446, Final residual = 6.40006e-05, No Iterations 20
GAMG:  Solving for p, Initial residual = 0.00332806, Final residual = 3.17503e-05, No Iterations 8
time step continuity errors : sum local = 2.58536e-07, global = -5.81406e-08, cumulative = -7.32289e-07
PIMPLE: iteration 2
DILUPBiCG:  Solving for Ux, Initial residual = 0.0126365, Final residual = 7.99416e-05, No Iterations 1
DILUPBiCG:  Solving for Uy, Initial residual = 0.00246355, Final residual = 5.39751e-06, No Iterations 1
DILUPBiCG:  Solving for Uz, Initial residual = 0.0037265, Final residual = 1.75645e-05, No Iterations 1
GAMG:  Solving for p, Initial residual = 0.0591284, Final residual = 0.000275548, No Iterations 4
GAMG:  Solving for p, Initial residual = 0.00830988, Final residual = 8.20938e-05, No Iterations 14
GAMG:  Solving for p, Initial residual = 0.00421389, Final residual = 3.69387e-05, No Iterations 7
time step continuity errors : sum local = 2.60395e-07, global = -7.80833e-08, cumulative = -8.10373e-07
GAMG:  Solving for p, Initial residual = 0.0296712, Final residual = 0.000120768, No Iterations 4
GAMG:  Solving for p, Initial residual = 0.00427349, Final residual = 3.75289e-05, No Iterations 14
GAMG:  Solving for p, Initial residual = 0.00212583, Final residual = 2.04707e-05, No Iterations 5
time step continuity errors : sum local = 1.44883e-07, global = -5.0861e-08, cumulative = -8.61234e-07
PIMPLE: iteration 3
DILUPBiCG:  Solving for Ux, Initial residual = 0.00337247, Final residual = 1.53497e-06, No Iterations 2
DILUPBiCG:  Solving for Uy, Initial residual = 0.00065001, Final residual = 5.21673e-06, No Iterations 1
DILUPBiCG:  Solving for Uz, Initial residual = 0.00589344, Final residual = 2.22883e-06, No Iterations 2
GAMG:  Solving for p, Initial residual = 0.0361762, Final residual = 0.000360098, No Iterations 4
GAMG:  Solving for p, Initial residual = 0.00714159, Final residual = 7.02641e-05, No Iterations 18
GAMG:  Solving for p, Initial residual = 0.00358896, Final residual = 3.37687e-05, No Iterations 8
time step continuity errors : sum local = 2.68775e-07, global = 5.69652e-08, cumulative = -8.04269e-07
GAMG:  Solving for p, Initial residual = 0.00188453, Final residual = 1.84483e-05, No Iterations 8
GAMG:  Solving for p, Initial residual = 0.000998527, Final residual = 8.91542e-06, No Iterations 5
GAMG:  Solving for p, Initial residual = 0.000432216, Final residual = 9.62931e-07, No Iterations 26
time step continuity errors : sum local = 7.60104e-09, global = -2.28907e-09, cumulative = -8.06558e-07
DILUPBiCG:  Solving for omega, Initial residual = 0.00117224, Final residual = 8.0015e-07, No Iterations 1
DILUPBiCG:  Solving for k, Initial residual = 0.00350378, Final residual = 9.7528e-07, No Iterations 2
ExecutionTime = 98.86 s  ClockTime = 99 s

End

