/*---------------------------------------------------------------------------*\
| =========                 |                                                 |
| \\      /  F ield         | OpenFOAM: The Open Source CFD Toolbox           |
|  \\    /   O peration     | Version:  2.3.1                                 |
|   \\  /    A nd           | Web:      www.OpenFOAM.org                      |
|    \\/     M anipulation  |                                                 |
\*---------------------------------------------------------------------------*/
Build  : 2.3.1-262087cdf8db
Exec   : pimpleDyMFoam
Date   : Jun 05 2023
Time   : 17:47:23
Host   : "jcosson-VirtualBox"
PID    : 3577
Case   : /home/jcosson/workspace/henersj_shootingdata/calcs/moderate_deformed/primal/56_intervals_05-06-23/sweep1/interval51
nProcs : 1
sigFpe : Enabling floating point exception trapping (FOAM_SIGFPE).
fileModificationChecking : Monitoring run-time modified files using timeStampMaster
allowSystemOperations : Allowing user-supplied system call operations

// * * * * * * * * * * * * * * * * * * * * * * * * * * * * * * * * * * * * * //
Create time

Create mesh for time = 0.489

Selecting dynamicFvMesh dynamicMotionSolverFvMesh
Selecting motion solver: displacementLaplacian
Selecting motion diffusion: quadratic
Selecting motion diffusion: quadratic
Selecting motion diffusion: inverseDistance

PIMPLE: no residual control data found. Calculations will employ 3 corrector loops

Reading field p

Reading field U

Reading/calculating face flux field phi

Selecting incompressible transport model Newtonian
Selecting turbulence model type RASModel
Selecting RAS turbulence model kOmegaSST
kOmegaSSTCoeffs
{
    alphaK1         0.85034;
    alphaK2         1;
    alphaOmega1     0.5;
    alphaOmega2     0.85616;
    gamma1          0.5532;
    gamma2          0.4403;
    beta1           0.075;
    beta2           0.0828;
    betaStar        0.09;
    a1              0.31;
    c1              10;
    Cmu             0.09;
    b1              1;
    F3              false;
}

Reading/calculating face velocity Uf

No finite volume options present

Courant Number mean: 0.119337 max: 0.267802

Starting time loop

Courant Number mean: 0.119337 max: 0.267802
Time = 0.49

GAMG:  Solving for cellDisplacementx, Initial residual = 0, Final residual = 0, No Iterations 0
GAMG:  Solving for cellDisplacementy, Initial residual = 0, Final residual = 0, No Iterations 0
GAMG:  Solving for cellDisplacementz, Initial residual = 0, Final residual = 0, No Iterations 0
PIMPLE: iteration 1
DILUPBiCG:  Solving for Ux, Initial residual = 0.0550593, Final residual = 0.000220563, No Iterations 1
DILUPBiCG:  Solving for Uy, Initial residual = 0.011115, Final residual = 2.7266e-05, No Iterations 1
DILUPBiCG:  Solving for Uz, Initial residual = 0.158479, Final residual = 0.000482686, No Iterations 1
GAMG:  Solving for p, Initial residual = 0.317199, Final residual = 0.00274771, No Iterations 8
GAMG:  Solving for p, Initial residual = 0.0523269, Final residual = 0.000369095, No Iterations 8
GAMG:  Solving for p, Initial residual = 0.0184873, Final residual = 0.000166758, No Iterations 8
time step continuity errors : sum local = 1.75692e-06, global = 3.31097e-07, cumulative = 3.31097e-07
GAMG:  Solving for p, Initial residual = 0.119973, Final residual = 0.000944591, No Iterations 8
GAMG:  Solving for p, Initial residual = 0.0228732, Final residual = 0.000164747, No Iterations 8
GAMG:  Solving for p, Initial residual = 0.00870004, Final residual = 7.99635e-05, No Iterations 8
time step continuity errors : sum local = 8.4344e-07, global = 1.62898e-07, cumulative = 4.93995e-07
PIMPLE: iteration 2
DILUPBiCG:  Solving for Ux, Initial residual = 0.0158468, Final residual = 8.55527e-05, No Iterations 1
DILUPBiCG:  Solving for Uy, Initial residual = 0.00345763, Final residual = 2.32357e-05, No Iterations 1
DILUPBiCG:  Solving for Uz, Initial residual = 0.0432745, Final residual = 0.000127405, No Iterations 1
GAMG:  Solving for p, Initial residual = 0.113968, Final residual = 0.00106568, No Iterations 5
GAMG:  Solving for p, Initial residual = 0.0244599, Final residual = 0.000232509, No Iterations 16
GAMG:  Solving for p, Initial residual = 0.0107079, Final residual = 9.48264e-05, No Iterations 10
time step continuity errors : sum local = 8.73069e-07, global = -2.65687e-07, cumulative = 2.28309e-07
GAMG:  Solving for p, Initial residual = 0.0540497, Final residual = 0.0004308, No Iterations 5
GAMG:  Solving for p, Initial residual = 0.0117029, Final residual = 0.000113579, No Iterations 15
GAMG:  Solving for p, Initial residual = 0.00496551, Final residual = 4.72859e-05, No Iterations 6
time step continuity errors : sum local = 4.35302e-07, global = 1.35953e-07, cumulative = 3.64262e-07
PIMPLE: iteration 3
DILUPBiCG:  Solving for Ux, Initial residual = 0.00437395, Final residual = 2.13253e-06, No Iterations 2
DILUPBiCG:  Solving for Uy, Initial residual = 0.00246221, Final residual = 1.84682e-06, No Iterations 2
DILUPBiCG:  Solving for Uz, Initial residual = 0.0124666, Final residual = 3.59434e-06, No Iterations 2
GAMG:  Solving for p, Initial residual = 0.0385725, Final residual = 0.000354116, No Iterations 6
GAMG:  Solving for p, Initial residual = 0.00846293, Final residual = 7.01067e-05, No Iterations 11
GAMG:  Solving for p, Initial residual = 0.00320856, Final residual = 2.8525e-05, No Iterations 12
time step continuity errors : sum local = 2.96533e-07, global = -9.17385e-08, cumulative = 2.72523e-07
GAMG:  Solving for p, Initial residual = 0.00260985, Final residual = 2.35488e-05, No Iterations 13
GAMG:  Solving for p, Initial residual = 0.00136848, Final residual = 1.35355e-05, No Iterations 8
GAMG:  Solving for p, Initial residual = 0.000509666, Final residual = 9.09905e-07, No Iterations 30
time step continuity errors : sum local = 9.44997e-09, global = 2.85564e-09, cumulative = 2.75379e-07
DILUPBiCG:  Solving for omega, Initial residual = 0.00184708, Final residual = 1.43993e-06, No Iterations 1
DILUPBiCG:  Solving for k, Initial residual = 0.00444292, Final residual = 8.03387e-07, No Iterations 2
ExecutionTime = 13.53 s  ClockTime = 13 s

Courant Number mean: 0.11479 max: 0.251225
Time = 0.491

GAMG:  Solving for cellDisplacementx, Initial residual = 0, Final residual = 0, No Iterations 0
GAMG:  Solving for cellDisplacementy, Initial residual = 0, Final residual = 0, No Iterations 0
GAMG:  Solving for cellDisplacementz, Initial residual = 0, Final residual = 0, No Iterations 0
PIMPLE: iteration 1
DILUPBiCG:  Solving for Ux, Initial residual = 0.0636283, Final residual = 0.00019784, No Iterations 1
DILUPBiCG:  Solving for Uy, Initial residual = 0.0162994, Final residual = 7.24665e-05, No Iterations 1
DILUPBiCG:  Solving for Uz, Initial residual = 0.162985, Final residual = 0.000286053, No Iterations 1
GAMG:  Solving for p, Initial residual = 0.254412, Final residual = 0.00248298, No Iterations 7
GAMG:  Solving for p, Initial residual = 0.061175, Final residual = 0.000582878, No Iterations 13
GAMG:  Solving for p, Initial residual = 0.024441, Final residual = 0.000208364, No Iterations 8
time step continuity errors : sum local = 1.82526e-06, global = 3.70002e-07, cumulative = 6.45381e-07
GAMG:  Solving for p, Initial residual = 0.117903, Final residual = 0.000948989, No Iterations 5
GAMG:  Solving for p, Initial residual = 0.0339358, Final residual = 0.000328454, No Iterations 7
GAMG:  Solving for p, Initial residual = 0.0148307, Final residual = 0.000131257, No Iterations 4
time step continuity errors : sum local = 1.18165e-06, global = 3.71469e-07, cumulative = 1.01685e-06
PIMPLE: iteration 2
DILUPBiCG:  Solving for Ux, Initial residual = 0.0147212, Final residual = 7.80354e-05, No Iterations 1
DILUPBiCG:  Solving for Uy, Initial residual = 0.00275338, Final residual = 9.67267e-06, No Iterations 1
DILUPBiCG:  Solving for Uz, Initial residual = 0.0108121, Final residual = 2.78705e-05, No Iterations 1
GAMG:  Solving for p, Initial residual = 0.132172, Final residual = 0.000894739, No Iterations 5
GAMG:  Solving for p, Initial residual = 0.0425668, Final residual = 0.000409614, No Iterations 4
GAMG:  Solving for p, Initial residual = 0.0182061, Final residual = 0.000154677, No Iterations 6
time step continuity errors : sum local = 1.20413e-06, global = -2.67186e-07, cumulative = 7.49663e-07
GAMG:  Solving for p, Initial residual = 0.0736329, Final residual = 0.000444736, No Iterations 5
GAMG:  Solving for p, Initial residual = 0.0276874, Final residual = 0.000113061, No Iterations 5
GAMG:  Solving for p, Initial residual = 0.0109517, Final residual = 6.77987e-05, No Iterations 4
time step continuity errors : sum local = 5.25759e-07, global = -4.58945e-08, cumulative = 7.03769e-07
PIMPLE: iteration 3
DILUPBiCG:  Solving for Ux, Initial residual = 0.00249359, Final residual = 2.97279e-06, No Iterations 2
DILUPBiCG:  Solving for Uy, Initial residual = 0.00195234, Final residual = 9.1629e-07, No Iterations 2
DILUPBiCG:  Solving for Uz, Initial residual = 0.0250496, Final residual = 6.83851e-06, No Iterations 2
GAMG:  Solving for p, Initial residual = 0.0591544, Final residual = 0.000398217, No Iterations 6
GAMG:  Solving for p, Initial residual = 0.0198995, Final residual = 0.000196426, No Iterations 4
GAMG:  Solving for p, Initial residual = 0.00779088, Final residual = 6.9976e-05, No Iterations 12
time step continuity errors : sum local = 6.29745e-07, global = -1.81927e-07, cumulative = 5.21842e-07
GAMG:  Solving for p, Initial residual = 0.00563354, Final residual = 4.8544e-05, No Iterations 7
GAMG:  Solving for p, Initial residual = 0.00401901, Final residual = 2.01727e-05, No Iterations 4
GAMG:  Solving for p, Initial residual = 0.0014464, Final residual = 9.59285e-07, No Iterations 10
time step continuity errors : sum local = 8.56631e-09, global = 1.76368e-09, cumulative = 5.23605e-07
DILUPBiCG:  Solving for omega, Initial residual = 0.00166917, Final residual = 1.27599e-06, No Iterations 1
DILUPBiCG:  Solving for k, Initial residual = 0.00432815, Final residual = 7.38889e-07, No Iterations 2
ExecutionTime = 19.71 s  ClockTime = 20 s

End

