/*---------------------------------------------------------------------------*\
| =========                 |                                                 |
| \\      /  F ield         | OpenFOAM: The Open Source CFD Toolbox           |
|  \\    /   O peration     | Version:  2.3.1                                 |
|   \\  /    A nd           | Web:      www.OpenFOAM.org                      |
|    \\/     M anipulation  |                                                 |
\*---------------------------------------------------------------------------*/
Build  : 2.3.1-262087cdf8db
Exec   : pimpleDyMFoam
Date   : Jun 05 2023
Time   : 17:45:51
Host   : "jcosson-VirtualBox"
PID    : 3108
Case   : /home/jcosson/workspace/henersj_shootingdata/calcs/moderate_deformed/primal/56_intervals_05-06-23/sweep1/interval4
nProcs : 1
sigFpe : Enabling floating point exception trapping (FOAM_SIGFPE).
fileModificationChecking : Monitoring run-time modified files using timeStampMaster
allowSystemOperations : Allowing user-supplied system call operations

// * * * * * * * * * * * * * * * * * * * * * * * * * * * * * * * * * * * * * //
Create time

Create mesh for time = 0.405

Selecting dynamicFvMesh dynamicMotionSolverFvMesh
Selecting motion solver: displacementLaplacian
Selecting motion diffusion: quadratic
Selecting motion diffusion: quadratic
Selecting motion diffusion: inverseDistance

PIMPLE: no residual control data found. Calculations will employ 3 corrector loops

Reading field p

Reading field U

Reading/calculating face flux field phi

Selecting incompressible transport model Newtonian
Selecting turbulence model type RASModel
Selecting RAS turbulence model kOmegaSST
kOmegaSSTCoeffs
{
    alphaK1         0.85034;
    alphaK2         1;
    alphaOmega1     0.5;
    alphaOmega2     0.85616;
    gamma1          0.5532;
    gamma2          0.4403;
    beta1           0.075;
    beta2           0.0828;
    betaStar        0.09;
    a1              0.31;
    c1              10;
    Cmu             0.09;
    b1              1;
    F3              false;
}

Reading/calculating face velocity Uf

No finite volume options present

Courant Number mean: 0.101326 max: 0.227444

Starting time loop

Courant Number mean: 0.101326 max: 0.227444
Time = 0.406

GAMG:  Solving for cellDisplacementx, Initial residual = 0, Final residual = 0, No Iterations 0
GAMG:  Solving for cellDisplacementy, Initial residual = 0, Final residual = 0, No Iterations 0
GAMG:  Solving for cellDisplacementz, Initial residual = 0, Final residual = 0, No Iterations 0
PIMPLE: iteration 1
DILUPBiCG:  Solving for Ux, Initial residual = 0.0257887, Final residual = 0.000100874, No Iterations 1
DILUPBiCG:  Solving for Uy, Initial residual = 0.00539379, Final residual = 1.15831e-05, No Iterations 1
DILUPBiCG:  Solving for Uz, Initial residual = 0.0886396, Final residual = 0.000249705, No Iterations 1
GAMG:  Solving for p, Initial residual = 0.471881, Final residual = 0.00415395, No Iterations 11
GAMG:  Solving for p, Initial residual = 0.0820445, Final residual = 0.000709019, No Iterations 11
GAMG:  Solving for p, Initial residual = 0.0271099, Final residual = 0.00026304, No Iterations 11
time step continuity errors : sum local = 1.35359e-06, global = 6.03963e-07, cumulative = 6.03963e-07
GAMG:  Solving for p, Initial residual = 0.187431, Final residual = 0.00152243, No Iterations 11
GAMG:  Solving for p, Initial residual = 0.0391298, Final residual = 0.000373496, No Iterations 10
GAMG:  Solving for p, Initial residual = 0.0141827, Final residual = 0.000141354, No Iterations 9
time step continuity errors : sum local = 7.32369e-07, global = -2.7255e-07, cumulative = 3.31413e-07
PIMPLE: iteration 2
DILUPBiCG:  Solving for Ux, Initial residual = 0.00616335, Final residual = 4.33796e-05, No Iterations 1
DILUPBiCG:  Solving for Uy, Initial residual = 0.00519601, Final residual = 2.57183e-05, No Iterations 1
DILUPBiCG:  Solving for Uz, Initial residual = 0.0209055, Final residual = 3.97304e-05, No Iterations 1
GAMG:  Solving for p, Initial residual = 0.174117, Final residual = 0.00164901, No Iterations 7
GAMG:  Solving for p, Initial residual = 0.0384241, Final residual = 0.000275844, No Iterations 10
GAMG:  Solving for p, Initial residual = 0.0154379, Final residual = 0.000146919, No Iterations 6
time step continuity errors : sum local = 6.63749e-07, global = 1.24968e-07, cumulative = 4.56381e-07
GAMG:  Solving for p, Initial residual = 0.0829416, Final residual = 0.000663185, No Iterations 5
GAMG:  Solving for p, Initial residual = 0.0173835, Final residual = 0.000152891, No Iterations 10
GAMG:  Solving for p, Initial residual = 0.0076566, Final residual = 6.72958e-05, No Iterations 8
time step continuity errors : sum local = 3.04066e-07, global = 5.58912e-08, cumulative = 5.12273e-07
PIMPLE: iteration 3
DILUPBiCG:  Solving for Ux, Initial residual = 0.00150337, Final residual = 7.33247e-07, No Iterations 2
DILUPBiCG:  Solving for Uy, Initial residual = 0.00321336, Final residual = 1.81114e-06, No Iterations 2
DILUPBiCG:  Solving for Uz, Initial residual = 0.014144, Final residual = 3.24958e-06, No Iterations 2
GAMG:  Solving for p, Initial residual = 0.0530728, Final residual = 0.000428474, No Iterations 6
GAMG:  Solving for p, Initial residual = 0.01091, Final residual = 0.000101803, No Iterations 12
GAMG:  Solving for p, Initial residual = 0.00413845, Final residual = 3.5389e-05, No Iterations 14
time step continuity errors : sum local = 1.80593e-07, global = 5.27882e-08, cumulative = 5.65061e-07
GAMG:  Solving for p, Initial residual = 0.00352502, Final residual = 2.25743e-05, No Iterations 9
GAMG:  Solving for p, Initial residual = 0.00196151, Final residual = 1.32511e-05, No Iterations 4
GAMG:  Solving for p, Initial residual = 0.000678681, Final residual = 8.91425e-07, No Iterations 16
time step continuity errors : sum local = 4.52835e-09, global = -1.23663e-09, cumulative = 5.63824e-07
DILUPBiCG:  Solving for omega, Initial residual = 0.00160349, Final residual = 1.0428e-06, No Iterations 1
DILUPBiCG:  Solving for k, Initial residual = 0.00364963, Final residual = 8.4703e-07, No Iterations 2
ExecutionTime = 19.81 s  ClockTime = 20 s

Courant Number mean: 0.102427 max: 0.226719
Time = 0.407

GAMG:  Solving for cellDisplacementx, Initial residual = 0, Final residual = 0, No Iterations 0
GAMG:  Solving for cellDisplacementy, Initial residual = 0, Final residual = 0, No Iterations 0
GAMG:  Solving for cellDisplacementz, Initial residual = 0, Final residual = 0, No Iterations 0
PIMPLE: iteration 1
DILUPBiCG:  Solving for Ux, Initial residual = 0.018969, Final residual = 9.49953e-05, No Iterations 1
DILUPBiCG:  Solving for Uy, Initial residual = 0.0271654, Final residual = 8.89339e-05, No Iterations 1
DILUPBiCG:  Solving for Uz, Initial residual = 0.103761, Final residual = 0.000146478, No Iterations 1
GAMG:  Solving for p, Initial residual = 0.413728, Final residual = 0.00313519, No Iterations 10
GAMG:  Solving for p, Initial residual = 0.0619725, Final residual = 0.000554197, No Iterations 8
GAMG:  Solving for p, Initial residual = 0.0244622, Final residual = 0.000225679, No Iterations 10
time step continuity errors : sum local = 1.20925e-06, global = -2.98695e-07, cumulative = 2.65129e-07
GAMG:  Solving for p, Initial residual = 0.162184, Final residual = 0.00161497, No Iterations 8
GAMG:  Solving for p, Initial residual = 0.0351151, Final residual = 0.000328139, No Iterations 10
GAMG:  Solving for p, Initial residual = 0.0163866, Final residual = 0.0001381, No Iterations 4
time step continuity errors : sum local = 7.45884e-07, global = -2.29459e-07, cumulative = 3.56702e-08
PIMPLE: iteration 2
DILUPBiCG:  Solving for Ux, Initial residual = 0.00752007, Final residual = 5.83848e-05, No Iterations 1
DILUPBiCG:  Solving for Uy, Initial residual = 0.00377163, Final residual = 1.06609e-05, No Iterations 1
DILUPBiCG:  Solving for Uz, Initial residual = 0.0169797, Final residual = 7.11818e-05, No Iterations 1
GAMG:  Solving for p, Initial residual = 0.189964, Final residual = 0.00134931, No Iterations 10
GAMG:  Solving for p, Initial residual = 0.0433542, Final residual = 0.000401186, No Iterations 6
GAMG:  Solving for p, Initial residual = 0.0200448, Final residual = 0.000165611, No Iterations 4
time step continuity errors : sum local = 7.93008e-07, global = -2.28072e-07, cumulative = -1.92401e-07
GAMG:  Solving for p, Initial residual = 0.0907963, Final residual = 0.000841068, No Iterations 8
GAMG:  Solving for p, Initial residual = 0.0284607, Final residual = 0.000252781, No Iterations 6
GAMG:  Solving for p, Initial residual = 0.0126744, Final residual = 0.000101394, No Iterations 4
time step continuity errors : sum local = 4.82008e-07, global = -1.47374e-07, cumulative = -3.39775e-07
PIMPLE: iteration 3
DILUPBiCG:  Solving for Ux, Initial residual = 0.00316002, Final residual = 1.25779e-06, No Iterations 2
DILUPBiCG:  Solving for Uy, Initial residual = 0.00100255, Final residual = 5.13988e-07, No Iterations 2
DILUPBiCG:  Solving for Uz, Initial residual = 0.0131963, Final residual = 1.80947e-06, No Iterations 2
GAMG:  Solving for p, Initial residual = 0.0776992, Final residual = 0.000773752, No Iterations 7
GAMG:  Solving for p, Initial residual = 0.0227997, Final residual = 0.00020669, No Iterations 8
GAMG:  Solving for p, Initial residual = 0.0111545, Final residual = 0.000107902, No Iterations 8
time step continuity errors : sum local = 5.72048e-07, global = 1.24645e-07, cumulative = -2.1513e-07
GAMG:  Solving for p, Initial residual = 0.00779757, Final residual = 6.51741e-05, No Iterations 8
GAMG:  Solving for p, Initial residual = 0.00485349, Final residual = 2.93147e-05, No Iterations 4
GAMG:  Solving for p, Initial residual = 0.00191172, Final residual = 8.28522e-07, No Iterations 20
time step continuity errors : sum local = 4.33027e-09, global = 1.17318e-09, cumulative = -2.13957e-07
DILUPBiCG:  Solving for omega, Initial residual = 0.00148935, Final residual = 1.00685e-06, No Iterations 1
DILUPBiCG:  Solving for k, Initial residual = 0.00361327, Final residual = 8.5299e-07, No Iterations 2
ExecutionTime = 33.65 s  ClockTime = 34 s

End

