/*---------------------------------------------------------------------------*\
| =========                 |                                                 |
| \\      /  F ield         | OpenFOAM: The Open Source CFD Toolbox           |
|  \\    /   O peration     | Version:  2.3.1                                 |
|   \\  /    A nd           | Web:      www.OpenFOAM.org                      |
|    \\/     M anipulation  |                                                 |
\*---------------------------------------------------------------------------*/
Build  : 2.3.1-262087cdf8db
Exec   : pimpleDyMFoam
Date   : Jun 05 2023
Time   : 17:45:51
Host   : "jcosson-VirtualBox"
PID    : 3111
Case   : /home/jcosson/workspace/henersj_shootingdata/calcs/moderate_deformed/primal/56_intervals_05-06-23/sweep1/interval5
nProcs : 1
sigFpe : Enabling floating point exception trapping (FOAM_SIGFPE).
fileModificationChecking : Monitoring run-time modified files using timeStampMaster
allowSystemOperations : Allowing user-supplied system call operations

// * * * * * * * * * * * * * * * * * * * * * * * * * * * * * * * * * * * * * //
Create time

Create mesh for time = 0.407

Selecting dynamicFvMesh dynamicMotionSolverFvMesh
Selecting motion solver: displacementLaplacian
Selecting motion diffusion: quadratic
Selecting motion diffusion: quadratic
Selecting motion diffusion: inverseDistance

PIMPLE: no residual control data found. Calculations will employ 3 corrector loops

Reading field p

Reading field U

Reading/calculating face flux field phi

Selecting incompressible transport model Newtonian
Selecting turbulence model type RASModel
Selecting RAS turbulence model kOmegaSST
kOmegaSSTCoeffs
{
    alphaK1         0.85034;
    alphaK2         1;
    alphaOmega1     0.5;
    alphaOmega2     0.85616;
    gamma1          0.5532;
    gamma2          0.4403;
    beta1           0.075;
    beta2           0.0828;
    betaStar        0.09;
    a1              0.31;
    c1              10;
    Cmu             0.09;
    b1              1;
    F3              false;
}

Reading/calculating face velocity Uf

No finite volume options present

Courant Number mean: 0.105556 max: 0.236531

Starting time loop

Courant Number mean: 0.105556 max: 0.236531
Time = 0.408

GAMG:  Solving for cellDisplacementx, Initial residual = 0, Final residual = 0, No Iterations 0
GAMG:  Solving for cellDisplacementy, Initial residual = 0, Final residual = 0, No Iterations 0
GAMG:  Solving for cellDisplacementz, Initial residual = 0, Final residual = 0, No Iterations 0
PIMPLE: iteration 1
DILUPBiCG:  Solving for Ux, Initial residual = 0.0356874, Final residual = 0.000145438, No Iterations 1
DILUPBiCG:  Solving for Uy, Initial residual = 0.00727997, Final residual = 1.5561e-05, No Iterations 1
DILUPBiCG:  Solving for Uz, Initial residual = 0.121897, Final residual = 0.000356261, No Iterations 1
GAMG:  Solving for p, Initial residual = 0.402131, Final residual = 0.00341806, No Iterations 11
GAMG:  Solving for p, Initial residual = 0.0735149, Final residual = 0.000636845, No Iterations 11
GAMG:  Solving for p, Initial residual = 0.023763, Final residual = 0.00022493, No Iterations 12
time step continuity errors : sum local = 1.4172e-06, global = -4.40669e-07, cumulative = -4.40669e-07
GAMG:  Solving for p, Initial residual = 0.162234, Final residual = 0.00161061, No Iterations 9
GAMG:  Solving for p, Initial residual = 0.0349977, Final residual = 0.000314786, No Iterations 13
GAMG:  Solving for p, Initial residual = 0.013008, Final residual = 0.000127685, No Iterations 10
time step continuity errors : sum local = 8.10007e-07, global = -2.13153e-07, cumulative = -6.53822e-07
PIMPLE: iteration 2
DILUPBiCG:  Solving for Ux, Initial residual = 0.00866823, Final residual = 6.54699e-05, No Iterations 1
DILUPBiCG:  Solving for Uy, Initial residual = 0.00563346, Final residual = 2.71501e-05, No Iterations 1
DILUPBiCG:  Solving for Uz, Initial residual = 0.0250308, Final residual = 5.28373e-05, No Iterations 1
GAMG:  Solving for p, Initial residual = 0.151485, Final residual = 0.00113456, No Iterations 5
GAMG:  Solving for p, Initial residual = 0.0346893, Final residual = 0.000335184, No Iterations 6
GAMG:  Solving for p, Initial residual = 0.0142311, Final residual = 0.000129301, No Iterations 8
time step continuity errors : sum local = 7.10442e-07, global = 1.42651e-07, cumulative = -5.11171e-07
GAMG:  Solving for p, Initial residual = 0.0737338, Final residual = 0.000481724, No Iterations 5
GAMG:  Solving for p, Initial residual = 0.0172668, Final residual = 0.000156936, No Iterations 6
GAMG:  Solving for p, Initial residual = 0.00648872, Final residual = 6.47461e-05, No Iterations 8
time step continuity errors : sum local = 3.54042e-07, global = 6.8886e-08, cumulative = -4.42285e-07
PIMPLE: iteration 3
DILUPBiCG:  Solving for Ux, Initial residual = 0.00166637, Final residual = 9.61449e-07, No Iterations 2
DILUPBiCG:  Solving for Uy, Initial residual = 0.0033175, Final residual = 1.86358e-06, No Iterations 2
DILUPBiCG:  Solving for Uz, Initial residual = 0.0151881, Final residual = 3.85678e-06, No Iterations 2
GAMG:  Solving for p, Initial residual = 0.0497095, Final residual = 0.000490134, No Iterations 6
GAMG:  Solving for p, Initial residual = 0.0108112, Final residual = 9.56065e-05, No Iterations 14
GAMG:  Solving for p, Initial residual = 0.00405306, Final residual = 3.49178e-05, No Iterations 14
time step continuity errors : sum local = 2.17633e-07, global = 6.55314e-08, cumulative = -3.76753e-07
GAMG:  Solving for p, Initial residual = 0.00326691, Final residual = 2.55671e-05, No Iterations 9
GAMG:  Solving for p, Initial residual = 0.00196406, Final residual = 1.56164e-05, No Iterations 4
GAMG:  Solving for p, Initial residual = 0.000695769, Final residual = 8.68221e-07, No Iterations 30
time step continuity errors : sum local = 5.3958e-09, global = -1.59834e-09, cumulative = -3.78352e-07
DILUPBiCG:  Solving for omega, Initial residual = 0.00156548, Final residual = 1.07876e-06, No Iterations 1
DILUPBiCG:  Solving for k, Initial residual = 0.00361873, Final residual = 9.29615e-07, No Iterations 2
ExecutionTime = 18.68 s  ClockTime = 19 s

Courant Number mean: 0.1073 max: 0.236964
Time = 0.409

GAMG:  Solving for cellDisplacementx, Initial residual = 0, Final residual = 0, No Iterations 0
GAMG:  Solving for cellDisplacementy, Initial residual = 0, Final residual = 0, No Iterations 0
GAMG:  Solving for cellDisplacementz, Initial residual = 0, Final residual = 0, No Iterations 0
PIMPLE: iteration 1
DILUPBiCG:  Solving for Ux, Initial residual = 0.0278088, Final residual = 0.000134251, No Iterations 1
DILUPBiCG:  Solving for Uy, Initial residual = 0.0285689, Final residual = 8.93576e-05, No Iterations 1
DILUPBiCG:  Solving for Uz, Initial residual = 0.107508, Final residual = 0.000157095, No Iterations 1
GAMG:  Solving for p, Initial residual = 0.360536, Final residual = 0.00274136, No Iterations 10
GAMG:  Solving for p, Initial residual = 0.0524325, Final residual = 0.000515919, No Iterations 8
GAMG:  Solving for p, Initial residual = 0.0211568, Final residual = 0.00019089, No Iterations 10
time step continuity errors : sum local = 1.27124e-06, global = -3.20579e-07, cumulative = -6.98931e-07
GAMG:  Solving for p, Initial residual = 0.141724, Final residual = 0.0013867, No Iterations 8
GAMG:  Solving for p, Initial residual = 0.0304066, Final residual = 0.000245259, No Iterations 12
GAMG:  Solving for p, Initial residual = 0.0145991, Final residual = 9.75743e-05, No Iterations 4
time step continuity errors : sum local = 6.54997e-07, global = -1.85572e-07, cumulative = -8.84502e-07
PIMPLE: iteration 2
DILUPBiCG:  Solving for Ux, Initial residual = 0.00992363, Final residual = 7.12849e-05, No Iterations 1
DILUPBiCG:  Solving for Uy, Initial residual = 0.00413983, Final residual = 1.09179e-05, No Iterations 1
DILUPBiCG:  Solving for Uz, Initial residual = 0.0196718, Final residual = 8.11799e-05, No Iterations 1
GAMG:  Solving for p, Initial residual = 0.164096, Final residual = 0.00158849, No Iterations 8
GAMG:  Solving for p, Initial residual = 0.0382883, Final residual = 0.000307757, No Iterations 10
GAMG:  Solving for p, Initial residual = 0.0182876, Final residual = 0.000133528, No Iterations 4
time step continuity errors : sum local = 7.88722e-07, global = -2.14863e-07, cumulative = -1.09937e-06
GAMG:  Solving for p, Initial residual = 0.0789323, Final residual = 0.000698955, No Iterations 8
GAMG:  Solving for p, Initial residual = 0.025168, Final residual = 0.000226087, No Iterations 6
GAMG:  Solving for p, Initial residual = 0.011435, Final residual = 9.43367e-05, No Iterations 4
time step continuity errors : sum local = 5.53291e-07, global = -1.86193e-07, cumulative = -1.28556e-06
PIMPLE: iteration 3
DILUPBiCG:  Solving for Ux, Initial residual = 0.00370153, Final residual = 1.47767e-06, No Iterations 2
DILUPBiCG:  Solving for Uy, Initial residual = 0.00102827, Final residual = 4.91073e-07, No Iterations 2
DILUPBiCG:  Solving for Uz, Initial residual = 0.0134161, Final residual = 1.60584e-06, No Iterations 2
GAMG:  Solving for p, Initial residual = 0.0674975, Final residual = 0.000581168, No Iterations 7
GAMG:  Solving for p, Initial residual = 0.0194592, Final residual = 0.000169347, No Iterations 12
GAMG:  Solving for p, Initial residual = 0.0096798, Final residual = 9.42769e-05, No Iterations 4
time step continuity errors : sum local = 6.19681e-07, global = 2.55153e-07, cumulative = -1.03041e-06
GAMG:  Solving for p, Initial residual = 0.00659581, Final residual = 5.80245e-05, No Iterations 8
GAMG:  Solving for p, Initial residual = 0.0041051, Final residual = 2.55771e-05, No Iterations 4
GAMG:  Solving for p, Initial residual = 0.0016148, Final residual = 8.29789e-07, No Iterations 24
time step continuity errors : sum local = 5.39098e-09, global = 1.42752e-09, cumulative = -1.02898e-06
DILUPBiCG:  Solving for omega, Initial residual = 0.00145467, Final residual = 1.03896e-06, No Iterations 1
DILUPBiCG:  Solving for k, Initial residual = 0.00359449, Final residual = 8.95656e-07, No Iterations 2
ExecutionTime = 31.56 s  ClockTime = 32 s

End

