/*---------------------------------------------------------------------------*\
| =========                 |                                                 |
| \\      /  F ield         | OpenFOAM: The Open Source CFD Toolbox           |
|  \\    /   O peration     | Version:  2.3.1                                 |
|   \\  /    A nd           | Web:      www.OpenFOAM.org                      |
|    \\/     M anipulation  |                                                 |
\*---------------------------------------------------------------------------*/
Build  : 2.3.1-262087cdf8db
Exec   : pimpleDyMFoam
Date   : Jun 05 2023
Time   : 15:19:09
Host   : "jcosson-VirtualBox"
PID    : 2940
Case   : /home/jcosson/workspace/henersj_shootingdata/calcs/moderate_deformed/primal/7_intervals_05-06-23/sweep1/interval7
nProcs : 1
sigFpe : Enabling floating point exception trapping (FOAM_SIGFPE).
fileModificationChecking : Monitoring run-time modified files using timeStampMaster
allowSystemOperations : Allowing user-supplied system call operations

// * * * * * * * * * * * * * * * * * * * * * * * * * * * * * * * * * * * * * //
Create time

Create mesh for time = 0.486

Selecting dynamicFvMesh dynamicMotionSolverFvMesh
Selecting motion solver: displacementLaplacian
Selecting motion diffusion: quadratic
Selecting motion diffusion: quadratic
Selecting motion diffusion: inverseDistance

PIMPLE: no residual control data found. Calculations will employ 3 corrector loops

Reading field p

Reading field U

Reading/calculating face flux field phi

Selecting incompressible transport model Newtonian
Selecting turbulence model type RASModel
Selecting RAS turbulence model kOmegaSST
kOmegaSSTCoeffs
{
    alphaK1         0.85034;
    alphaK2         1;
    alphaOmega1     0.5;
    alphaOmega2     0.85616;
    gamma1          0.5532;
    gamma2          0.4403;
    beta1           0.075;
    beta2           0.0828;
    betaStar        0.09;
    a1              0.31;
    c1              10;
    Cmu             0.09;
    b1              1;
    F3              false;
}

Reading/calculating face velocity Uf

No finite volume options present

Courant Number mean: 0.131523 max: 0.29593

Starting time loop

Courant Number mean: 0.131523 max: 0.29593
Time = 0.487

GAMG:  Solving for cellDisplacementx, Initial residual = 0, Final residual = 0, No Iterations 0
GAMG:  Solving for cellDisplacementy, Initial residual = 0, Final residual = 0, No Iterations 0
GAMG:  Solving for cellDisplacementz, Initial residual = 0, Final residual = 0, No Iterations 0
PIMPLE: iteration 1
DILUPBiCG:  Solving for Ux, Initial residual = 0.0615465, Final residual = 0.000252462, No Iterations 1
DILUPBiCG:  Solving for Uy, Initial residual = 0.0119374, Final residual = 3.02144e-05, No Iterations 1
DILUPBiCG:  Solving for Uz, Initial residual = 0.184958, Final residual = 0.000582898, No Iterations 1
GAMG:  Solving for p, Initial residual = 0.299223, Final residual = 0.00262538, No Iterations 8
GAMG:  Solving for p, Initial residual = 0.0504046, Final residual = 0.000366346, No Iterations 8
GAMG:  Solving for p, Initial residual = 0.0177793, Final residual = 0.00013949, No Iterations 10
time step continuity errors : sum local = 1.68486e-06, global = 3.82612e-07, cumulative = 3.82612e-07
GAMG:  Solving for p, Initial residual = 0.113387, Final residual = 0.00089878, No Iterations 8
GAMG:  Solving for p, Initial residual = 0.0219949, Final residual = 0.000170577, No Iterations 8
GAMG:  Solving for p, Initial residual = 0.00842551, Final residual = 6.77671e-05, No Iterations 10
time step continuity errors : sum local = 8.20298e-07, global = 1.89821e-07, cumulative = 5.72433e-07
PIMPLE: iteration 2
DILUPBiCG:  Solving for Ux, Initial residual = 0.0179153, Final residual = 0.000101066, No Iterations 1
DILUPBiCG:  Solving for Uy, Initial residual = 0.00366694, Final residual = 2.44728e-05, No Iterations 1
DILUPBiCG:  Solving for Uz, Initial residual = 0.0481111, Final residual = 0.000152175, No Iterations 1
GAMG:  Solving for p, Initial residual = 0.109046, Final residual = 0.00092307, No Iterations 5
GAMG:  Solving for p, Initial residual = 0.0239827, Final residual = 0.000235356, No Iterations 15
GAMG:  Solving for p, Initial residual = 0.0104641, Final residual = 0.000101424, No Iterations 6
time step continuity errors : sum local = 1.06423e-06, global = 3.11696e-07, cumulative = 8.8413e-07
GAMG:  Solving for p, Initial residual = 0.0520924, Final residual = 0.000377628, No Iterations 5
GAMG:  Solving for p, Initial residual = 0.0114977, Final residual = 0.000109089, No Iterations 13
GAMG:  Solving for p, Initial residual = 0.00483645, Final residual = 4.49056e-05, No Iterations 6
time step continuity errors : sum local = 4.7252e-07, global = 1.44916e-07, cumulative = 1.02905e-06
PIMPLE: iteration 3
DILUPBiCG:  Solving for Ux, Initial residual = 0.00494744, Final residual = 2.59944e-06, No Iterations 2
DILUPBiCG:  Solving for Uy, Initial residual = 0.0024012, Final residual = 1.97289e-06, No Iterations 2
DILUPBiCG:  Solving for Uz, Initial residual = 0.0129234, Final residual = 4.2483e-06, No Iterations 2
GAMG:  Solving for p, Initial residual = 0.0384724, Final residual = 0.000224746, No Iterations 6
GAMG:  Solving for p, Initial residual = 0.00860869, Final residual = 7.02995e-05, No Iterations 5
GAMG:  Solving for p, Initial residual = 0.00307068, Final residual = 3.06449e-05, No Iterations 8
time step continuity errors : sum local = 3.6404e-07, global = -8.09849e-08, cumulative = 9.48061e-07
GAMG:  Solving for p, Initial residual = 0.00250924, Final residual = 2.18569e-05, No Iterations 13
GAMG:  Solving for p, Initial residual = 0.00138943, Final residual = 1.28769e-05, No Iterations 8
GAMG:  Solving for p, Initial residual = 0.000509868, Final residual = 8.9129e-07, No Iterations 30
time step continuity errors : sum local = 1.06053e-08, global = 3.20093e-09, cumulative = 9.51262e-07
DILUPBiCG:  Solving for omega, Initial residual = 0.00189608, Final residual = 1.6541e-06, No Iterations 1
DILUPBiCG:  Solving for k, Initial residual = 0.00460497, Final residual = 8.98329e-07, No Iterations 2
ExecutionTime = 8.42 s  ClockTime = 8 s

Courant Number mean: 0.126127 max: 0.27634
Time = 0.488

GAMG:  Solving for cellDisplacementx, Initial residual = 0, Final residual = 0, No Iterations 0
GAMG:  Solving for cellDisplacementy, Initial residual = 0, Final residual = 0, No Iterations 0
GAMG:  Solving for cellDisplacementz, Initial residual = 0, Final residual = 0, No Iterations 0
PIMPLE: iteration 1
DILUPBiCG:  Solving for Ux, Initial residual = 0.0712943, Final residual = 0.000227334, No Iterations 1
DILUPBiCG:  Solving for Uy, Initial residual = 0.0163735, Final residual = 7.43929e-05, No Iterations 1
DILUPBiCG:  Solving for Uz, Initial residual = 0.173505, Final residual = 0.000320489, No Iterations 1
GAMG:  Solving for p, Initial residual = 0.245881, Final residual = 0.00233757, No Iterations 7
GAMG:  Solving for p, Initial residual = 0.0580153, Final residual = 0.000510617, No Iterations 15
GAMG:  Solving for p, Initial residual = 0.0232389, Final residual = 0.000202482, No Iterations 8
time step continuity errors : sum local = 2.15605e-06, global = 4.51052e-07, cumulative = 1.40231e-06
GAMG:  Solving for p, Initial residual = 0.110626, Final residual = 0.000913824, No Iterations 5
GAMG:  Solving for p, Initial residual = 0.0318765, Final residual = 0.000307103, No Iterations 7
GAMG:  Solving for p, Initial residual = 0.0138256, Final residual = 0.0001286, No Iterations 4
time step continuity errors : sum local = 1.40103e-06, global = 4.60463e-07, cumulative = 1.86278e-06
PIMPLE: iteration 2
DILUPBiCG:  Solving for Ux, Initial residual = 0.0170887, Final residual = 9.20674e-05, No Iterations 1
DILUPBiCG:  Solving for Uy, Initial residual = 0.00304952, Final residual = 1.04274e-05, No Iterations 1
DILUPBiCG:  Solving for Uz, Initial residual = 0.0115822, Final residual = 3.07852e-05, No Iterations 1
GAMG:  Solving for p, Initial residual = 0.123143, Final residual = 0.000658555, No Iterations 6
GAMG:  Solving for p, Initial residual = 0.0411488, Final residual = 0.000292115, No Iterations 4
GAMG:  Solving for p, Initial residual = 0.0168681, Final residual = 9.42179e-05, No Iterations 4
time step continuity errors : sum local = 8.67265e-07, global = -8.01655e-08, cumulative = 1.78261e-06
GAMG:  Solving for p, Initial residual = 0.0686589, Final residual = 0.000657961, No Iterations 5
GAMG:  Solving for p, Initial residual = 0.0252504, Final residual = 0.000168314, No Iterations 4
GAMG:  Solving for p, Initial residual = 0.0100775, Final residual = 7.59268e-05, No Iterations 4
time step continuity errors : sum local = 7.13027e-07, global = -9.38363e-08, cumulative = 1.68877e-06
PIMPLE: iteration 3
DILUPBiCG:  Solving for Ux, Initial residual = 0.00320808, Final residual = 3.0523e-06, No Iterations 2
DILUPBiCG:  Solving for Uy, Initial residual = 0.00208527, Final residual = 9.73012e-07, No Iterations 2
DILUPBiCG:  Solving for Uz, Initial residual = 0.0286254, Final residual = 8.1529e-06, No Iterations 2
GAMG:  Solving for p, Initial residual = 0.054238, Final residual = 0.000424355, No Iterations 6
GAMG:  Solving for p, Initial residual = 0.0179054, Final residual = 0.000148089, No Iterations 8
GAMG:  Solving for p, Initial residual = 0.00723514, Final residual = 6.09314e-05, No Iterations 10
time step continuity errors : sum local = 6.59603e-07, global = -1.67792e-07, cumulative = 1.52098e-06
GAMG:  Solving for p, Initial residual = 0.00505956, Final residual = 4.53443e-05, No Iterations 7
GAMG:  Solving for p, Initial residual = 0.00375276, Final residual = 3.04879e-05, No Iterations 4
GAMG:  Solving for p, Initial residual = 0.00136084, Final residual = 8.62038e-07, No Iterations 25
time step continuity errors : sum local = 9.30728e-09, global = 2.71227e-09, cumulative = 1.5237e-06
DILUPBiCG:  Solving for omega, Initial residual = 0.0016976, Final residual = 1.45069e-06, No Iterations 1
DILUPBiCG:  Solving for k, Initial residual = 0.00443202, Final residual = 1.00585e-06, No Iterations 2
ExecutionTime = 14.62 s  ClockTime = 14 s

Courant Number mean: 0.122082 max: 0.267344
Time = 0.489

GAMG:  Solving for cellDisplacementx, Initial residual = 0, Final residual = 0, No Iterations 0
GAMG:  Solving for cellDisplacementy, Initial residual = 0, Final residual = 0, No Iterations 0
GAMG:  Solving for cellDisplacementz, Initial residual = 0, Final residual = 0, No Iterations 0
PIMPLE: iteration 1
DILUPBiCG:  Solving for Ux, Initial residual = 0.0609856, Final residual = 0.000228, No Iterations 1
DILUPBiCG:  Solving for Uy, Initial residual = 0.0118656, Final residual = 2.75342e-05, No Iterations 1
DILUPBiCG:  Solving for Uz, Initial residual = 0.124857, Final residual = 0.000207184, No Iterations 1
GAMG:  Solving for p, Initial residual = 0.167905, Final residual = 0.00166606, No Iterations 4
GAMG:  Solving for p, Initial residual = 0.0340813, Final residual = 0.000290437, No Iterations 16
GAMG:  Solving for p, Initial residual = 0.0161673, Final residual = 0.000143171, No Iterations 5
time step continuity errors : sum local = 1.39446e-06, global = -4.71667e-07, cumulative = 1.05203e-06
GAMG:  Solving for p, Initial residual = 0.0756406, Final residual = 0.000687748, No Iterations 4
GAMG:  Solving for p, Initial residual = 0.0176681, Final residual = 0.000155877, No Iterations 14
GAMG:  Solving for p, Initial residual = 0.00880135, Final residual = 7.42976e-05, No Iterations 5
time step continuity errors : sum local = 7.19981e-07, global = -2.46788e-07, cumulative = 8.05241e-07
PIMPLE: iteration 2
DILUPBiCG:  Solving for Ux, Initial residual = 0.0150829, Final residual = 8.90611e-05, No Iterations 1
DILUPBiCG:  Solving for Uy, Initial residual = 0.00303774, Final residual = 7.02795e-06, No Iterations 1
DILUPBiCG:  Solving for Uz, Initial residual = 0.00824954, Final residual = 2.79007e-05, No Iterations 1
GAMG:  Solving for p, Initial residual = 0.0823381, Final residual = 0.000580783, No Iterations 6
GAMG:  Solving for p, Initial residual = 0.0214522, Final residual = 0.000191856, No Iterations 12
GAMG:  Solving for p, Initial residual = 0.0116521, Final residual = 0.000113924, No Iterations 8
time step continuity errors : sum local = 9.47334e-07, global = -2.04053e-07, cumulative = 6.01188e-07
GAMG:  Solving for p, Initial residual = 0.0442679, Final residual = 0.000291229, No Iterations 6
GAMG:  Solving for p, Initial residual = 0.0114357, Final residual = 9.74335e-05, No Iterations 12
GAMG:  Solving for p, Initial residual = 0.00653491, Final residual = 5.65796e-05, No Iterations 8
time step continuity errors : sum local = 4.66156e-07, global = -1.00273e-07, cumulative = 5.00915e-07
PIMPLE: iteration 3
DILUPBiCG:  Solving for Ux, Initial residual = 0.00279234, Final residual = 2.24869e-06, No Iterations 2
DILUPBiCG:  Solving for Uy, Initial residual = 0.000810037, Final residual = 4.99336e-06, No Iterations 1
DILUPBiCG:  Solving for Uz, Initial residual = 0.0109702, Final residual = 1.95675e-06, No Iterations 2
GAMG:  Solving for p, Initial residual = 0.0437717, Final residual = 0.00036843, No Iterations 5
GAMG:  Solving for p, Initial residual = 0.010955, Final residual = 8.29276e-05, No Iterations 10
GAMG:  Solving for p, Initial residual = 0.00617897, Final residual = 5.29118e-05, No Iterations 6
time step continuity errors : sum local = 4.95714e-07, global = -1.23618e-07, cumulative = 3.77297e-07
GAMG:  Solving for p, Initial residual = 0.00328496, Final residual = 3.19137e-05, No Iterations 8
GAMG:  Solving for p, Initial residual = 0.00161648, Final residual = 1.27014e-05, No Iterations 6
GAMG:  Solving for p, Initial residual = 0.000648525, Final residual = 9.41862e-07, No Iterations 25
time step continuity errors : sum local = 8.72699e-09, global = 2.71658e-09, cumulative = 3.80013e-07
DILUPBiCG:  Solving for omega, Initial residual = 0.00154206, Final residual = 1.30698e-06, No Iterations 1
DILUPBiCG:  Solving for k, Initial residual = 0.00434855, Final residual = 8.80487e-07, No Iterations 2
bounding k, min: 0 max: 0.000756268 average: 0.000161421
ExecutionTime = 20.6 s  ClockTime = 20 s

Courant Number mean: 0.1183 max: 0.258989
Time = 0.49

GAMG:  Solving for cellDisplacementx, Initial residual = 0, Final residual = 0, No Iterations 0
GAMG:  Solving for cellDisplacementy, Initial residual = 0, Final residual = 0, No Iterations 0
GAMG:  Solving for cellDisplacementz, Initial residual = 0, Final residual = 0, No Iterations 0
PIMPLE: iteration 1
DILUPBiCG:  Solving for Ux, Initial residual = 0.0532135, Final residual = 0.000201307, No Iterations 1
DILUPBiCG:  Solving for Uy, Initial residual = 0.0112297, Final residual = 2.48257e-05, No Iterations 1
DILUPBiCG:  Solving for Uz, Initial residual = 0.0640636, Final residual = 0.000108129, No Iterations 1
GAMG:  Solving for p, Initial residual = 0.147813, Final residual = 0.00145738, No Iterations 4
GAMG:  Solving for p, Initial residual = 0.0264384, Final residual = 0.000237822, No Iterations 20
GAMG:  Solving for p, Initial residual = 0.0126408, Final residual = 0.000124862, No Iterations 8
time step continuity errors : sum local = 1.1774e-06, global = 2.58701e-07, cumulative = 6.38715e-07
GAMG:  Solving for p, Initial residual = 0.063706, Final residual = 0.000627744, No Iterations 4
GAMG:  Solving for p, Initial residual = 0.0126898, Final residual = 0.000125263, No Iterations 18
GAMG:  Solving for p, Initial residual = 0.00637188, Final residual = 5.17571e-05, No Iterations 10
time step continuity errors : sum local = 4.9708e-07, global = 1.28365e-07, cumulative = 7.67079e-07
PIMPLE: iteration 2
DILUPBiCG:  Solving for Ux, Initial residual = 0.0141655, Final residual = 8.45668e-05, No Iterations 1
DILUPBiCG:  Solving for Uy, Initial residual = 0.00289861, Final residual = 6.14556e-06, No Iterations 1
DILUPBiCG:  Solving for Uz, Initial residual = 0.00406534, Final residual = 1.33595e-05, No Iterations 1
GAMG:  Solving for p, Initial residual = 0.0652638, Final residual = 0.000612911, No Iterations 4
GAMG:  Solving for p, Initial residual = 0.0158424, Final residual = 0.000140139, No Iterations 16
GAMG:  Solving for p, Initial residual = 0.00831532, Final residual = 7.17686e-05, No Iterations 5
time step continuity errors : sum local = 5.95691e-07, global = 2.14624e-07, cumulative = 9.81704e-07
GAMG:  Solving for p, Initial residual = 0.0342197, Final residual = 0.000300587, No Iterations 4
GAMG:  Solving for p, Initial residual = 0.00815714, Final residual = 6.96211e-05, No Iterations 16
GAMG:  Solving for p, Initial residual = 0.00427097, Final residual = 3.66343e-05, No Iterations 5
time step continuity errors : sum local = 3.06257e-07, global = 1.1479e-07, cumulative = 1.09649e-06
PIMPLE: iteration 3
DILUPBiCG:  Solving for Ux, Initial residual = 0.00322592, Final residual = 2.24165e-06, No Iterations 2
DILUPBiCG:  Solving for Uy, Initial residual = 0.000687323, Final residual = 4.72671e-06, No Iterations 1
DILUPBiCG:  Solving for Uz, Initial residual = 0.0130324, Final residual = 4.44915e-06, No Iterations 2
GAMG:  Solving for p, Initial residual = 0.0402, Final residual = 0.00030411, No Iterations 5
GAMG:  Solving for p, Initial residual = 0.00900392, Final residual = 8.71627e-05, No Iterations 13
GAMG:  Solving for p, Initial residual = 0.00404861, Final residual = 3.6242e-05, No Iterations 12
time step continuity errors : sum local = 3.43017e-07, global = -1.02798e-07, cumulative = 9.93696e-07
GAMG:  Solving for p, Initial residual = 0.00211624, Final residual = 1.96121e-05, No Iterations 15
GAMG:  Solving for p, Initial residual = 0.0012655, Final residual = 1.03686e-05, No Iterations 6
GAMG:  Solving for p, Initial residual = 0.000501698, Final residual = 8.67587e-07, No Iterations 28
time step continuity errors : sum local = 8.18159e-09, global = 2.47417e-09, cumulative = 9.9617e-07
DILUPBiCG:  Solving for omega, Initial residual = 0.00143564, Final residual = 1.18731e-06, No Iterations 1
DILUPBiCG:  Solving for k, Initial residual = 0.00427638, Final residual = 8.52614e-07, No Iterations 2
bounding k, min: 0 max: 0.000748428 average: 0.000160447
ExecutionTime = 27.37 s  ClockTime = 27 s

Courant Number mean: 0.114818 max: 0.251275
Time = 0.491

GAMG:  Solving for cellDisplacementx, Initial residual = 0, Final residual = 0, No Iterations 0
GAMG:  Solving for cellDisplacementy, Initial residual = 0, Final residual = 0, No Iterations 0
GAMG:  Solving for cellDisplacementz, Initial residual = 0, Final residual = 0, No Iterations 0
PIMPLE: iteration 1
DILUPBiCG:  Solving for Ux, Initial residual = 0.053353, Final residual = 0.000198189, No Iterations 1
DILUPBiCG:  Solving for Uy, Initial residual = 0.0105301, Final residual = 2.215e-05, No Iterations 1
DILUPBiCG:  Solving for Uz, Initial residual = 0.0431436, Final residual = 6.80033e-05, No Iterations 1
GAMG:  Solving for p, Initial residual = 0.127375, Final residual = 0.000725536, No Iterations 4
GAMG:  Solving for p, Initial residual = 0.020576, Final residual = 0.000175506, No Iterations 12
GAMG:  Solving for p, Initial residual = 0.00969181, Final residual = 8.29844e-05, No Iterations 5
time step continuity errors : sum local = 7.36605e-07, global = -2.95942e-07, cumulative = 7.00228e-07
GAMG:  Solving for p, Initial residual = 0.058217, Final residual = 0.000295922, No Iterations 4
GAMG:  Solving for p, Initial residual = 0.0100651, Final residual = 8.3388e-05, No Iterations 6
GAMG:  Solving for p, Initial residual = 0.00485008, Final residual = 3.60379e-05, No Iterations 5
time step continuity errors : sum local = 3.19984e-07, global = -1.33108e-07, cumulative = 5.6712e-07
PIMPLE: iteration 2
DILUPBiCG:  Solving for Ux, Initial residual = 0.0133252, Final residual = 7.76002e-05, No Iterations 1
DILUPBiCG:  Solving for Uy, Initial residual = 0.00276269, Final residual = 5.9351e-06, No Iterations 1
DILUPBiCG:  Solving for Uz, Initial residual = 0.0036349, Final residual = 1.49877e-05, No Iterations 1
GAMG:  Solving for p, Initial residual = 0.0588074, Final residual = 0.000372654, No Iterations 6
GAMG:  Solving for p, Initial residual = 0.0125601, Final residual = 0.000121476, No Iterations 14
GAMG:  Solving for p, Initial residual = 0.00594881, Final residual = 5.86745e-05, No Iterations 4
time step continuity errors : sum local = 4.48113e-07, global = -1.43619e-07, cumulative = 4.23501e-07
GAMG:  Solving for p, Initial residual = 0.0311402, Final residual = 0.000285767, No Iterations 5
GAMG:  Solving for p, Initial residual = 0.00665527, Final residual = 5.73491e-05, No Iterations 6
GAMG:  Solving for p, Initial residual = 0.0031316, Final residual = 2.029e-05, No Iterations 6
time step continuity errors : sum local = 1.54605e-07, global = -3.9423e-08, cumulative = 3.84078e-07
PIMPLE: iteration 3
DILUPBiCG:  Solving for Ux, Initial residual = 0.00255652, Final residual = 2.0727e-06, No Iterations 2
DILUPBiCG:  Solving for Uy, Initial residual = 0.000638802, Final residual = 5.19176e-06, No Iterations 1
DILUPBiCG:  Solving for Uz, Initial residual = 0.00442213, Final residual = 1.26788e-06, No Iterations 2
GAMG:  Solving for p, Initial residual = 0.041478, Final residual = 0.000318373, No Iterations 5
GAMG:  Solving for p, Initial residual = 0.00970328, Final residual = 8.9156e-05, No Iterations 16
GAMG:  Solving for p, Initial residual = 0.00532327, Final residual = 4.75946e-05, No Iterations 8
time step continuity errors : sum local = 4.10554e-07, global = -8.08056e-08, cumulative = 3.03273e-07
GAMG:  Solving for p, Initial residual = 0.00265513, Final residual = 2.62062e-05, No Iterations 6
GAMG:  Solving for p, Initial residual = 0.00131315, Final residual = 8.78305e-06, No Iterations 5
GAMG:  Solving for p, Initial residual = 0.000535968, Final residual = 9.98026e-07, No Iterations 11
time step continuity errors : sum local = 8.50892e-09, global = -3.45245e-09, cumulative = 2.9982e-07
DILUPBiCG:  Solving for omega, Initial residual = 0.00138944, Final residual = 1.08319e-06, No Iterations 1
DILUPBiCG:  Solving for k, Initial residual = 0.00420177, Final residual = 7.56499e-07, No Iterations 2
bounding k, min: 0 max: 0.000738037 average: 0.000159486
ExecutionTime = 33 s  ClockTime = 33 s

Courant Number mean: 0.111615 max: 0.244173
Time = 0.492

GAMG:  Solving for cellDisplacementx, Initial residual = 0, Final residual = 0, No Iterations 0
GAMG:  Solving for cellDisplacementy, Initial residual = 0, Final residual = 0, No Iterations 0
GAMG:  Solving for cellDisplacementz, Initial residual = 0, Final residual = 0, No Iterations 0
PIMPLE: iteration 1
DILUPBiCG:  Solving for Ux, Initial residual = 0.047788, Final residual = 0.00017739, No Iterations 1
DILUPBiCG:  Solving for Uy, Initial residual = 0.0100544, Final residual = 2.12485e-05, No Iterations 1
DILUPBiCG:  Solving for Uz, Initial residual = 0.0302244, Final residual = 4.65463e-05, No Iterations 1
GAMG:  Solving for p, Initial residual = 0.122226, Final residual = 0.000926864, No Iterations 4
GAMG:  Solving for p, Initial residual = 0.0185844, Final residual = 0.000175501, No Iterations 20
GAMG:  Solving for p, Initial residual = 0.00958907, Final residual = 8.96081e-05, No Iterations 8
time step continuity errors : sum local = 7.46222e-07, global = 1.62878e-07, cumulative = 4.62698e-07
GAMG:  Solving for p, Initial residual = 0.0546304, Final residual = 0.000422116, No Iterations 4
GAMG:  Solving for p, Initial residual = 0.00907313, Final residual = 8.07231e-05, No Iterations 20
GAMG:  Solving for p, Initial residual = 0.00483097, Final residual = 4.34897e-05, No Iterations 8
time step continuity errors : sum local = 3.67155e-07, global = 8.05025e-08, cumulative = 5.43201e-07
PIMPLE: iteration 2
DILUPBiCG:  Solving for Ux, Initial residual = 0.0123203, Final residual = 7.17279e-05, No Iterations 1
DILUPBiCG:  Solving for Uy, Initial residual = 0.00257845, Final residual = 5.34559e-06, No Iterations 1
DILUPBiCG:  Solving for Uz, Initial residual = 0.0037896, Final residual = 1.21511e-05, No Iterations 1
GAMG:  Solving for p, Initial residual = 0.0539799, Final residual = 0.000400463, No Iterations 6
GAMG:  Solving for p, Initial residual = 0.0123214, Final residual = 0.000123048, No Iterations 14
GAMG:  Solving for p, Initial residual = 0.00569885, Final residual = 5.55239e-05, No Iterations 8
time step continuity errors : sum local = 4.04658e-07, global = -1.52681e-07, cumulative = 3.90519e-07
GAMG:  Solving for p, Initial residual = 0.0284974, Final residual = 0.000280797, No Iterations 4
GAMG:  Solving for p, Initial residual = 0.00631499, Final residual = 5.69813e-05, No Iterations 14
GAMG:  Solving for p, Initial residual = 0.00294098, Final residual = 2.88578e-05, No Iterations 6
time step continuity errors : sum local = 2.11582e-07, global = -7.35689e-08, cumulative = 3.1695e-07
PIMPLE: iteration 3
DILUPBiCG:  Solving for Ux, Initial residual = 0.00261516, Final residual = 1.96654e-06, No Iterations 2
DILUPBiCG:  Solving for Uy, Initial residual = 0.000570157, Final residual = 5.40428e-06, No Iterations 1
DILUPBiCG:  Solving for Uz, Initial residual = 0.00870424, Final residual = 3.04171e-06, No Iterations 2
GAMG:  Solving for p, Initial residual = 0.0420337, Final residual = 0.000362794, No Iterations 5
GAMG:  Solving for p, Initial residual = 0.00995878, Final residual = 9.60658e-05, No Iterations 10
GAMG:  Solving for p, Initial residual = 0.004434, Final residual = 4.32404e-05, No Iterations 10
time step continuity errors : sum local = 3.57243e-07, global = -9.11537e-08, cumulative = 2.25797e-07
GAMG:  Solving for p, Initial residual = 0.00227168, Final residual = 2.00565e-05, No Iterations 13
GAMG:  Solving for p, Initial residual = 0.00128088, Final residual = 9.99536e-06, No Iterations 6
GAMG:  Solving for p, Initial residual = 0.000523377, Final residual = 9.58015e-07, No Iterations 28
time step continuity errors : sum local = 7.86181e-09, global = 2.38913e-09, cumulative = 2.28186e-07
DILUPBiCG:  Solving for omega, Initial residual = 0.00138811, Final residual = 9.87729e-07, No Iterations 1
DILUPBiCG:  Solving for k, Initial residual = 0.0041309, Final residual = 7.04023e-07, No Iterations 2
bounding k, min: 0 max: 0.00072549 average: 0.000158537
ExecutionTime = 39.42 s  ClockTime = 39 s

Courant Number mean: 0.108728 max: 0.237752
Time = 0.493

GAMG:  Solving for cellDisplacementx, Initial residual = 0, Final residual = 0, No Iterations 0
GAMG:  Solving for cellDisplacementy, Initial residual = 0, Final residual = 0, No Iterations 0
GAMG:  Solving for cellDisplacementz, Initial residual = 0, Final residual = 0, No Iterations 0
PIMPLE: iteration 1
DILUPBiCG:  Solving for Ux, Initial residual = 0.0455753, Final residual = 0.000167379, No Iterations 1
DILUPBiCG:  Solving for Uy, Initial residual = 0.00925408, Final residual = 1.90505e-05, No Iterations 1
DILUPBiCG:  Solving for Uz, Initial residual = 0.0289289, Final residual = 4.09231e-05, No Iterations 1
GAMG:  Solving for p, Initial residual = 0.11547, Final residual = 0.000573856, No Iterations 4
GAMG:  Solving for p, Initial residual = 0.0170108, Final residual = 0.000161068, No Iterations 12
GAMG:  Solving for p, Initial residual = 0.00817879, Final residual = 6.50379e-05, No Iterations 6
time step continuity errors : sum local = 4.95556e-07, global = 1.62141e-07, cumulative = 3.90326e-07
GAMG:  Solving for p, Initial residual = 0.0533657, Final residual = 0.00024316, No Iterations 4
GAMG:  Solving for p, Initial residual = 0.00836398, Final residual = 7.11082e-05, No Iterations 6
GAMG:  Solving for p, Initial residual = 0.00408527, Final residual = 3.27098e-05, No Iterations 6
time step continuity errors : sum local = 2.49892e-07, global = 6.71067e-08, cumulative = 4.57433e-07
PIMPLE: iteration 2
DILUPBiCG:  Solving for Ux, Initial residual = 0.0112283, Final residual = 6.43753e-05, No Iterations 1
DILUPBiCG:  Solving for Uy, Initial residual = 0.00238479, Final residual = 5.03158e-06, No Iterations 1
DILUPBiCG:  Solving for Uz, Initial residual = 0.00332342, Final residual = 1.11859e-05, No Iterations 1
GAMG:  Solving for p, Initial residual = 0.0524599, Final residual = 0.000366605, No Iterations 6
GAMG:  Solving for p, Initial residual = 0.0115187, Final residual = 0.000115185, No Iterations 14
GAMG:  Solving for p, Initial residual = 0.0050684, Final residual = 4.45232e-05, No Iterations 10
time step continuity errors : sum local = 2.93171e-07, global = -7.72847e-08, cumulative = 3.80148e-07
GAMG:  Solving for p, Initial residual = 0.0279059, Final residual = 0.000270096, No Iterations 5
GAMG:  Solving for p, Initial residual = 0.00617924, Final residual = 5.92593e-05, No Iterations 6
GAMG:  Solving for p, Initial residual = 0.00260961, Final residual = 2.07186e-05, No Iterations 5
time step continuity errors : sum local = 1.36283e-07, global = -3.22622e-08, cumulative = 3.47886e-07
PIMPLE: iteration 3
DILUPBiCG:  Solving for Ux, Initial residual = 0.00209459, Final residual = 2.05172e-06, No Iterations 2
DILUPBiCG:  Solving for Uy, Initial residual = 0.000523087, Final residual = 5.6682e-06, No Iterations 1
DILUPBiCG:  Solving for Uz, Initial residual = 0.00357191, Final residual = 1.16985e-06, No Iterations 2
GAMG:  Solving for p, Initial residual = 0.0439547, Final residual = 0.000370487, No Iterations 5
GAMG:  Solving for p, Initial residual = 0.0103765, Final residual = 0.000102545, No Iterations 16
GAMG:  Solving for p, Initial residual = 0.00575184, Final residual = 5.2055e-05, No Iterations 8
time step continuity errors : sum local = 3.85661e-07, global = -8.36394e-08, cumulative = 2.64247e-07
GAMG:  Solving for p, Initial residual = 0.00272574, Final residual = 2.28942e-05, No Iterations 10
GAMG:  Solving for p, Initial residual = 0.00136702, Final residual = 1.34143e-05, No Iterations 5
GAMG:  Solving for p, Initial residual = 0.000539009, Final residual = 9.01735e-07, No Iterations 30
time step continuity errors : sum local = 6.58923e-09, global = 2.01989e-09, cumulative = 2.66267e-07
DILUPBiCG:  Solving for omega, Initial residual = 0.00139906, Final residual = 9.11984e-07, No Iterations 1
DILUPBiCG:  Solving for k, Initial residual = 0.00405757, Final residual = 6.54525e-07, No Iterations 2
bounding k, min: 0 max: 0.000711172 average: 0.000157602
ExecutionTime = 45.4 s  ClockTime = 45 s

Courant Number mean: 0.106143 max: 0.232058
Time = 0.494

GAMG:  Solving for cellDisplacementx, Initial residual = 0, Final residual = 0, No Iterations 0
GAMG:  Solving for cellDisplacementy, Initial residual = 0, Final residual = 0, No Iterations 0
GAMG:  Solving for cellDisplacementz, Initial residual = 0, Final residual = 0, No Iterations 0
PIMPLE: iteration 1
DILUPBiCG:  Solving for Ux, Initial residual = 0.0400324, Final residual = 0.000147173, No Iterations 1
DILUPBiCG:  Solving for Uy, Initial residual = 0.00857911, Final residual = 1.78614e-05, No Iterations 1
DILUPBiCG:  Solving for Uz, Initial residual = 0.0202855, Final residual = 2.90115e-05, No Iterations 1
GAMG:  Solving for p, Initial residual = 0.112808, Final residual = 0.000818747, No Iterations 4
GAMG:  Solving for p, Initial residual = 0.016679, Final residual = 0.000158629, No Iterations 18
GAMG:  Solving for p, Initial residual = 0.00892936, Final residual = 8.11578e-05, No Iterations 8
time step continuity errors : sum local = 5.61777e-07, global = 1.22748e-07, cumulative = 3.89015e-07
GAMG:  Solving for p, Initial residual = 0.0516791, Final residual = 0.000376359, No Iterations 4
GAMG:  Solving for p, Initial residual = 0.00821753, Final residual = 7.45329e-05, No Iterations 18
GAMG:  Solving for p, Initial residual = 0.00448208, Final residual = 3.93439e-05, No Iterations 8
time step continuity errors : sum local = 2.75914e-07, global = 6.03943e-08, cumulative = 4.49409e-07
PIMPLE: iteration 2
DILUPBiCG:  Solving for Ux, Initial residual = 0.0100409, Final residual = 5.75676e-05, No Iterations 1
DILUPBiCG:  Solving for Uy, Initial residual = 0.00214808, Final residual = 4.42556e-06, No Iterations 1
DILUPBiCG:  Solving for Uz, Initial residual = 0.00365434, Final residual = 1.22448e-05, No Iterations 1
GAMG:  Solving for p, Initial residual = 0.0500615, Final residual = 0.000384143, No Iterations 6
GAMG:  Solving for p, Initial residual = 0.0124869, Final residual = 0.000119076, No Iterations 14
GAMG:  Solving for p, Initial residual = 0.005249, Final residual = 4.93434e-05, No Iterations 8
time step continuity errors : sum local = 2.99229e-07, global = -8.64154e-08, cumulative = 3.62994e-07
GAMG:  Solving for p, Initial residual = 0.0267275, Final residual = 0.000172648, No Iterations 6
GAMG:  Solving for p, Initial residual = 0.00655065, Final residual = 6.2637e-05, No Iterations 12
GAMG:  Solving for p, Initial residual = 0.00256906, Final residual = 2.25906e-05, No Iterations 10
time step continuity errors : sum local = 1.37654e-07, global = -3.49107e-08, cumulative = 3.28083e-07
PIMPLE: iteration 3
DILUPBiCG:  Solving for Ux, Initial residual = 0.00198827, Final residual = 2.05813e-06, No Iterations 2
DILUPBiCG:  Solving for Uy, Initial residual = 0.000447278, Final residual = 6.92059e-06, No Iterations 1
DILUPBiCG:  Solving for Uz, Initial residual = 0.00656369, Final residual = 2.30541e-06, No Iterations 2
GAMG:  Solving for p, Initial residual = 0.0452716, Final residual = 0.000372105, No Iterations 5
GAMG:  Solving for p, Initial residual = 0.0106691, Final residual = 9.24028e-05, No Iterations 14
GAMG:  Solving for p, Initial residual = 0.00502854, Final residual = 4.96263e-05, No Iterations 4
time step continuity errors : sum local = 3.39409e-07, global = -1.27061e-07, cumulative = 2.01022e-07
GAMG:  Solving for p, Initial residual = 0.00244838, Final residual = 2.14054e-05, No Iterations 6
GAMG:  Solving for p, Initial residual = 0.00132774, Final residual = 1.15532e-05, No Iterations 4
GAMG:  Solving for p, Initial residual = 0.000553951, Final residual = 9.30506e-07, No Iterations 19
time step continuity errors : sum local = 6.30948e-09, global = 2.13762e-09, cumulative = 2.03159e-07
DILUPBiCG:  Solving for omega, Initial residual = 0.00140878, Final residual = 8.53235e-07, No Iterations 1
DILUPBiCG:  Solving for k, Initial residual = 0.00398972, Final residual = 6.24321e-07, No Iterations 2
bounding k, min: 0 max: 0.000697758 average: 0.000156679
ExecutionTime = 51.78 s  ClockTime = 51 s

Courant Number mean: 0.103893 max: 0.22711
Time = 0.495

GAMG:  Solving for cellDisplacementx, Initial residual = 0, Final residual = 0, No Iterations 0
GAMG:  Solving for cellDisplacementy, Initial residual = 0, Final residual = 0, No Iterations 0
GAMG:  Solving for cellDisplacementz, Initial residual = 0, Final residual = 0, No Iterations 0
PIMPLE: iteration 1
DILUPBiCG:  Solving for Ux, Initial residual = 0.0364639, Final residual = 0.000132916, No Iterations 1
DILUPBiCG:  Solving for Uy, Initial residual = 0.00759638, Final residual = 1.54942e-05, No Iterations 1
DILUPBiCG:  Solving for Uz, Initial residual = 0.0222557, Final residual = 3.25474e-05, No Iterations 1
GAMG:  Solving for p, Initial residual = 0.107683, Final residual = 0.000443355, No Iterations 4
GAMG:  Solving for p, Initial residual = 0.0155536, Final residual = 0.000135343, No Iterations 10
GAMG:  Solving for p, Initial residual = 0.00769569, Final residual = 7.40886e-05, No Iterations 5
time step continuity errors : sum local = 4.53754e-07, global = -1.88748e-07, cumulative = 1.44118e-08
GAMG:  Solving for p, Initial residual = 0.0507005, Final residual = 0.000499676, No Iterations 3
GAMG:  Solving for p, Initial residual = 0.00768407, Final residual = 7.13068e-05, No Iterations 9
GAMG:  Solving for p, Initial residual = 0.00388321, Final residual = 3.69653e-05, No Iterations 4
time step continuity errors : sum local = 2.26836e-07, global = 8.24074e-08, cumulative = 9.68192e-08
PIMPLE: iteration 2
DILUPBiCG:  Solving for Ux, Initial residual = 0.00876517, Final residual = 4.97171e-05, No Iterations 1
DILUPBiCG:  Solving for Uy, Initial residual = 0.00189457, Final residual = 3.96263e-06, No Iterations 1
DILUPBiCG:  Solving for Uz, Initial residual = 0.0032856, Final residual = 9.09393e-06, No Iterations 1
GAMG:  Solving for p, Initial residual = 0.0489446, Final residual = 0.000375966, No Iterations 6
GAMG:  Solving for p, Initial residual = 0.0126829, Final residual = 0.000116901, No Iterations 14
GAMG:  Solving for p, Initial residual = 0.00509315, Final residual = 4.24279e-05, No Iterations 12
time step continuity errors : sum local = 2.24799e-07, global = -6.55521e-08, cumulative = 3.12671e-08
GAMG:  Solving for p, Initial residual = 0.0262274, Final residual = 0.000173943, No Iterations 6
GAMG:  Solving for p, Initial residual = 0.0068258, Final residual = 6.42915e-05, No Iterations 12
GAMG:  Solving for p, Initial residual = 0.00251909, Final residual = 2.3244e-05, No Iterations 12
time step continuity errors : sum local = 1.2307e-07, global = -3.5669e-08, cumulative = -4.40187e-09
PIMPLE: iteration 3
DILUPBiCG:  Solving for Ux, Initial residual = 0.00152934, Final residual = 6.45256e-06, No Iterations 2
DILUPBiCG:  Solving for Uy, Initial residual = 0.000390089, Final residual = 8.00588e-06, No Iterations 1
DILUPBiCG:  Solving for Uz, Initial residual = 0.00294339, Final residual = 1.01395e-06, No Iterations 2
GAMG:  Solving for p, Initial residual = 0.0478978, Final residual = 0.000406106, No Iterations 5
GAMG:  Solving for p, Initial residual = 0.0114501, Final residual = 0.000110131, No Iterations 16
GAMG:  Solving for p, Initial residual = 0.00644193, Final residual = 6.33099e-05, No Iterations 4
time step continuity errors : sum local = 3.75176e-07, global = -1.28903e-07, cumulative = -1.33305e-07
GAMG:  Solving for p, Initial residual = 0.00278583, Final residual = 1.97112e-05, No Iterations 6
GAMG:  Solving for p, Initial residual = 0.00151781, Final residual = 1.26176e-05, No Iterations 4
GAMG:  Solving for p, Initial residual = 0.000569671, Final residual = 9.10622e-07, No Iterations 16
time step continuity errors : sum local = 5.31764e-09, global = -1.23144e-09, cumulative = -1.34537e-07
DILUPBiCG:  Solving for omega, Initial residual = 0.00141545, Final residual = 8.10451e-07, No Iterations 1
DILUPBiCG:  Solving for k, Initial residual = 0.00392293, Final residual = 6.10299e-07, No Iterations 2
bounding k, min: 0 max: 0.000684954 average: 0.000155769
ExecutionTime = 58.27 s  ClockTime = 58 s

Courant Number mean: 0.101964 max: 0.222874
Time = 0.496

GAMG:  Solving for cellDisplacementx, Initial residual = 0, Final residual = 0, No Iterations 0
GAMG:  Solving for cellDisplacementy, Initial residual = 0, Final residual = 0, No Iterations 0
GAMG:  Solving for cellDisplacementz, Initial residual = 0, Final residual = 0, No Iterations 0
PIMPLE: iteration 1
DILUPBiCG:  Solving for Ux, Initial residual = 0.0307259, Final residual = 0.000112308, No Iterations 1
DILUPBiCG:  Solving for Uy, Initial residual = 0.00669878, Final residual = 1.3794e-05, No Iterations 1
DILUPBiCG:  Solving for Uz, Initial residual = 0.0145904, Final residual = 2.01213e-05, No Iterations 1
GAMG:  Solving for p, Initial residual = 0.104422, Final residual = 0.000534312, No Iterations 4
GAMG:  Solving for p, Initial residual = 0.0159632, Final residual = 0.000149632, No Iterations 10
GAMG:  Solving for p, Initial residual = 0.00831692, Final residual = 7.85495e-05, No Iterations 8
time step continuity errors : sum local = 4.16038e-07, global = 9.20195e-08, cumulative = -4.25172e-08
GAMG:  Solving for p, Initial residual = 0.04946, Final residual = 0.00025715, No Iterations 4
GAMG:  Solving for p, Initial residual = 0.00786439, Final residual = 7.3771e-05, No Iterations 10
GAMG:  Solving for p, Initial residual = 0.00417134, Final residual = 3.82194e-05, No Iterations 8
time step continuity errors : sum local = 2.04919e-07, global = 4.52238e-08, cumulative = 2.70663e-09
PIMPLE: iteration 2
DILUPBiCG:  Solving for Ux, Initial residual = 0.00741942, Final residual = 4.22075e-05, No Iterations 1
DILUPBiCG:  Solving for Uy, Initial residual = 0.00161465, Final residual = 3.34903e-06, No Iterations 1
DILUPBiCG:  Solving for Uz, Initial residual = 0.00351606, Final residual = 1.28124e-05, No Iterations 1
GAMG:  Solving for p, Initial residual = 0.0470604, Final residual = 0.000393351, No Iterations 6
GAMG:  Solving for p, Initial residual = 0.0145388, Final residual = 0.000122334, No Iterations 14
GAMG:  Solving for p, Initial residual = 0.00547848, Final residual = 5.35864e-05, No Iterations 8
time step continuity errors : sum local = 2.48361e-07, global = -5.29713e-08, cumulative = -5.02647e-08
GAMG:  Solving for p, Initial residual = 0.0255546, Final residual = 0.000178791, No Iterations 6
GAMG:  Solving for p, Initial residual = 0.00769153, Final residual = 6.4661e-05, No Iterations 12
GAMG:  Solving for p, Initial residual = 0.00265413, Final residual = 2.33937e-05, No Iterations 10
time step continuity errors : sum local = 1.08816e-07, global = -2.76965e-08, cumulative = -7.79612e-08
PIMPLE: iteration 3
DILUPBiCG:  Solving for Ux, Initial residual = 0.00131553, Final residual = 4.73475e-06, No Iterations 2
DILUPBiCG:  Solving for Uy, Initial residual = 0.0003088, Final residual = 3.21776e-07, No Iterations 2
DILUPBiCG:  Solving for Uz, Initial residual = 0.00477443, Final residual = 1.70669e-06, No Iterations 2
GAMG:  Solving for p, Initial residual = 0.050397, Final residual = 0.000404402, No Iterations 5
GAMG:  Solving for p, Initial residual = 0.011872, Final residual = 0.000111663, No Iterations 14
GAMG:  Solving for p, Initial residual = 0.00579557, Final residual = 5.39722e-05, No Iterations 10
time step continuity errors : sum local = 2.80317e-07, global = -7.26024e-08, cumulative = -1.50564e-07
GAMG:  Solving for p, Initial residual = 0.00273326, Final residual = 2.52958e-05, No Iterations 10
GAMG:  Solving for p, Initial residual = 0.00149544, Final residual = 1.34757e-05, No Iterations 5
GAMG:  Solving for p, Initial residual = 0.000594996, Final residual = 9.03307e-07, No Iterations 30
time step continuity errors : sum local = 4.64048e-09, global = 1.41571e-09, cumulative = -1.49148e-07
DILUPBiCG:  Solving for omega, Initial residual = 0.00142168, Final residual = 7.78961e-07, No Iterations 1
DILUPBiCG:  Solving for k, Initial residual = 0.00386261, Final residual = 6.07984e-07, No Iterations 2
bounding k, min: 0 max: 0.000670814 average: 0.000154869
ExecutionTime = 65.12 s  ClockTime = 65 s

Courant Number mean: 0.100382 max: 0.219327
Time = 0.497

GAMG:  Solving for cellDisplacementx, Initial residual = 0, Final residual = 0, No Iterations 0
GAMG:  Solving for cellDisplacementy, Initial residual = 0, Final residual = 0, No Iterations 0
GAMG:  Solving for cellDisplacementz, Initial residual = 0, Final residual = 0, No Iterations 0
PIMPLE: iteration 1
DILUPBiCG:  Solving for Ux, Initial residual = 0.0261632, Final residual = 9.50202e-05, No Iterations 1
DILUPBiCG:  Solving for Uy, Initial residual = 0.00557796, Final residual = 1.13448e-05, No Iterations 1
DILUPBiCG:  Solving for Uz, Initial residual = 0.017329, Final residual = 2.75095e-05, No Iterations 1
GAMG:  Solving for p, Initial residual = 0.0991826, Final residual = 0.000677835, No Iterations 3
GAMG:  Solving for p, Initial residual = 0.0148981, Final residual = 0.000124005, No Iterations 4
GAMG:  Solving for p, Initial residual = 0.00704955, Final residual = 6.36863e-05, No Iterations 5
time step continuity errors : sum local = 2.8182e-07, global = 1.15394e-07, cumulative = -3.37537e-08
GAMG:  Solving for p, Initial residual = 0.0483277, Final residual = 0.000316472, No Iterations 3
GAMG:  Solving for p, Initial residual = 0.00745276, Final residual = 6.89997e-05, No Iterations 4
GAMG:  Solving for p, Initial residual = 0.00359769, Final residual = 3.35677e-05, No Iterations 6
time step continuity errors : sum local = 1.48826e-07, global = -3.95089e-08, cumulative = -7.32626e-08
PIMPLE: iteration 2
DILUPBiCG:  Solving for Ux, Initial residual = 0.00601494, Final residual = 3.39703e-05, No Iterations 1
DILUPBiCG:  Solving for Uy, Initial residual = 0.00131798, Final residual = 2.80498e-06, No Iterations 1
DILUPBiCG:  Solving for Uz, Initial residual = 0.00342831, Final residual = 9.15475e-06, No Iterations 1
GAMG:  Solving for p, Initial residual = 0.0456501, Final residual = 0.000410045, No Iterations 6
GAMG:  Solving for p, Initial residual = 0.0161896, Final residual = 0.000152304, No Iterations 12
GAMG:  Solving for p, Initial residual = 0.00548099, Final residual = 5.09911e-05, No Iterations 14
time step continuity errors : sum local = 1.95041e-07, global = -5.93681e-08, cumulative = -1.32631e-07
GAMG:  Solving for p, Initial residual = 0.0247077, Final residual = 0.000192987, No Iterations 6
GAMG:  Solving for p, Initial residual = 0.0086524, Final residual = 8.40725e-05, No Iterations 10
GAMG:  Solving for p, Initial residual = 0.00263355, Final residual = 2.29297e-05, No Iterations 16
time step continuity errors : sum local = 8.75401e-08, global = -2.56366e-08, cumulative = -1.58267e-07
PIMPLE: iteration 3
DILUPBiCG:  Solving for Ux, Initial residual = 0.000892694, Final residual = 8.23064e-07, No Iterations 2
DILUPBiCG:  Solving for Uy, Initial residual = 0.000238085, Final residual = 4.10681e-07, No Iterations 2
DILUPBiCG:  Solving for Uz, Initial residual = 0.00229343, Final residual = 9.91804e-07, No Iterations 2
GAMG:  Solving for p, Initial residual = 0.0549355, Final residual = 0.000461463, No Iterations 5
GAMG:  Solving for p, Initial residual = 0.0130847, Final residual = 0.000123019, No Iterations 16
GAMG:  Solving for p, Initial residual = 0.00762868, Final residual = 7.42502e-05, No Iterations 8
time step continuity errors : sum local = 3.14107e-07, global = -6.98369e-08, cumulative = -2.28104e-07
GAMG:  Solving for p, Initial residual = 0.00323876, Final residual = 2.61951e-05, No Iterations 10
GAMG:  Solving for p, Initial residual = 0.00165476, Final residual = 1.65434e-05, No Iterations 4
GAMG:  Solving for p, Initial residual = 0.000602978, Final residual = 9.1907e-07, No Iterations 27
time step continuity errors : sum local = 3.82378e-09, global = 1.19547e-09, cumulative = -2.26909e-07
DILUPBiCG:  Solving for omega, Initial residual = 0.00142827, Final residual = 7.56637e-07, No Iterations 1
DILUPBiCG:  Solving for k, Initial residual = 0.00380676, Final residual = 6.15225e-07, No Iterations 2
bounding k, min: 0 max: 0.000655141 average: 0.000153979
ExecutionTime = 71.58 s  ClockTime = 71 s

Courant Number mean: 0.0991374 max: 0.216543
Time = 0.498

GAMG:  Solving for cellDisplacementx, Initial residual = 0, Final residual = 0, No Iterations 0
GAMG:  Solving for cellDisplacementy, Initial residual = 0, Final residual = 0, No Iterations 0
GAMG:  Solving for cellDisplacementz, Initial residual = 0, Final residual = 0, No Iterations 0
PIMPLE: iteration 1
DILUPBiCG:  Solving for Ux, Initial residual = 0.0202884, Final residual = 7.39488e-05, No Iterations 1
DILUPBiCG:  Solving for Uy, Initial residual = 0.00449249, Final residual = 9.22995e-06, No Iterations 1
DILUPBiCG:  Solving for Uz, Initial residual = 0.0104141, Final residual = 1.47353e-05, No Iterations 1
GAMG:  Solving for p, Initial residual = 0.0935638, Final residual = 0.000411059, No Iterations 4
GAMG:  Solving for p, Initial residual = 0.016521, Final residual = 0.00014387, No Iterations 6
GAMG:  Solving for p, Initial residual = 0.00805307, Final residual = 7.61237e-05, No Iterations 5
time step continuity errors : sum local = 2.68744e-07, global = 8.8527e-08, cumulative = -1.38382e-07
GAMG:  Solving for p, Initial residual = 0.0465008, Final residual = 0.000198185, No Iterations 4
GAMG:  Solving for p, Initial residual = 0.00830177, Final residual = 7.67144e-05, No Iterations 6
GAMG:  Solving for p, Initial residual = 0.00409405, Final residual = 3.93513e-05, No Iterations 6
time step continuity errors : sum local = 1.39459e-07, global = -5.21577e-08, cumulative = -1.90539e-07
PIMPLE: iteration 2
DILUPBiCG:  Solving for Ux, Initial residual = 0.00455071, Final residual = 2.62018e-05, No Iterations 1
DILUPBiCG:  Solving for Uy, Initial residual = 0.00100977, Final residual = 2.24689e-06, No Iterations 1
DILUPBiCG:  Solving for Uz, Initial residual = 0.00346596, Final residual = 1.41618e-05, No Iterations 1
GAMG:  Solving for p, Initial residual = 0.0438514, Final residual = 0.000383341, No Iterations 8
GAMG:  Solving for p, Initial residual = 0.0213685, Final residual = 0.00019563, No Iterations 8
GAMG:  Solving for p, Initial residual = 0.00531763, Final residual = 4.79475e-05, No Iterations 18
time step continuity errors : sum local = 1.4585e-07, global = -4.30061e-08, cumulative = -2.33546e-07
GAMG:  Solving for p, Initial residual = 0.0244198, Final residual = 0.000206747, No Iterations 6
GAMG:  Solving for p, Initial residual = 0.0109481, Final residual = 0.000104546, No Iterations 8
GAMG:  Solving for p, Initial residual = 0.00277895, Final residual = 2.45655e-05, No Iterations 18
time step continuity errors : sum local = 7.48416e-08, global = -2.16726e-08, cumulative = -2.55218e-07
PIMPLE: iteration 3
DILUPBiCG:  Solving for Ux, Initial residual = 0.000599672, Final residual = 7.97014e-06, No Iterations 1
DILUPBiCG:  Solving for Uy, Initial residual = 0.00015345, Final residual = 2.38406e-06, No Iterations 1
DILUPBiCG:  Solving for Uz, Initial residual = 0.00307773, Final residual = 1.23939e-06, No Iterations 2
GAMG:  Solving for p, Initial residual = 0.0610465, Final residual = 0.000489746, No Iterations 5
GAMG:  Solving for p, Initial residual = 0.013992, Final residual = 0.000125261, No Iterations 16
GAMG:  Solving for p, Initial residual = 0.00744933, Final residual = 6.18526e-05, No Iterations 10
time step continuity errors : sum local = 2.07477e-07, global = -5.48173e-08, cumulative = -3.10035e-07
GAMG:  Solving for p, Initial residual = 0.00318551, Final residual = 3.03649e-05, No Iterations 8
GAMG:  Solving for p, Initial residual = 0.00172708, Final residual = 1.30496e-05, No Iterations 6
GAMG:  Solving for p, Initial residual = 0.00064944, Final residual = 9.46662e-07, No Iterations 29
time step continuity errors : sum local = 3.1356e-09, global = 9.28016e-10, cumulative = -3.09107e-07
DILUPBiCG:  Solving for omega, Initial residual = 0.00143426, Final residual = 7.40331e-07, No Iterations 1
DILUPBiCG:  Solving for k, Initial residual = 0.00375801, Final residual = 6.27093e-07, No Iterations 2
bounding k, min: 0 max: 0.000639994 average: 0.000153101
ExecutionTime = 78.24 s  ClockTime = 78 s

Courant Number mean: 0.0982468 max: 0.214485
Time = 0.499

GAMG:  Solving for cellDisplacementx, Initial residual = 0, Final residual = 0, No Iterations 0
GAMG:  Solving for cellDisplacementy, Initial residual = 0, Final residual = 0, No Iterations 0
GAMG:  Solving for cellDisplacementz, Initial residual = 0, Final residual = 0, No Iterations 0
PIMPLE: iteration 1
DILUPBiCG:  Solving for Ux, Initial residual = 0.0150048, Final residual = 5.45561e-05, No Iterations 1
DILUPBiCG:  Solving for Uy, Initial residual = 0.00327841, Final residual = 6.75718e-06, No Iterations 1
DILUPBiCG:  Solving for Uz, Initial residual = 0.0134304, Final residual = 2.54005e-05, No Iterations 1
GAMG:  Solving for p, Initial residual = 0.0854913, Final residual = 0.00073423, No Iterations 4
GAMG:  Solving for p, Initial residual = 0.0210887, Final residual = 0.000168425, No Iterations 10
GAMG:  Solving for p, Initial residual = 0.00784307, Final residual = 7.21644e-05, No Iterations 10
time step continuity errors : sum local = 1.83351e-07, global = -4.77645e-08, cumulative = -3.56872e-07
GAMG:  Solving for p, Initial residual = 0.0447517, Final residual = 0.000356817, No Iterations 4
GAMG:  Solving for p, Initial residual = 0.0109117, Final residual = 0.000103044, No Iterations 8
GAMG:  Solving for p, Initial residual = 0.00387963, Final residual = 3.57721e-05, No Iterations 12
time step continuity errors : sum local = 9.07537e-08, global = -2.63838e-08, cumulative = -3.83256e-07
PIMPLE: iteration 2
DILUPBiCG:  Solving for Ux, Initial residual = 0.00305871, Final residual = 1.90553e-05, No Iterations 1
DILUPBiCG:  Solving for Uy, Initial residual = 0.00068824, Final residual = 1.87284e-06, No Iterations 1
DILUPBiCG:  Solving for Uz, Initial residual = 0.00364573, Final residual = 1.25328e-05, No Iterations 1
GAMG:  Solving for p, Initial residual = 0.0421275, Final residual = 0.000403976, No Iterations 8
GAMG:  Solving for p, Initial residual = 0.0270234, Final residual = 0.000226791, No Iterations 8
GAMG:  Solving for p, Initial residual = 0.00588457, Final residual = 5.64196e-05, No Iterations 18
time step continuity errors : sum local = 1.23278e-07, global = -3.46962e-08, cumulative = -4.17952e-07
GAMG:  Solving for p, Initial residual = 0.0233893, Final residual = 0.000198891, No Iterations 8
GAMG:  Solving for p, Initial residual = 0.0135063, Final residual = 0.000131567, No Iterations 6
GAMG:  Solving for p, Initial residual = 0.00289559, Final residual = 2.53339e-05, No Iterations 20
time step continuity errors : sum local = 5.52113e-08, global = -1.56314e-08, cumulative = -4.33583e-07
PIMPLE: iteration 3
DILUPBiCG:  Solving for Ux, Initial residual = 0.000220139, Final residual = 1.73912e-06, No Iterations 1
DILUPBiCG:  Solving for Uy, Initial residual = 7.97683e-05, Final residual = 7.31152e-07, No Iterations 1
DILUPBiCG:  Solving for Uz, Initial residual = 0.00158153, Final residual = 5.21073e-08, No Iterations 3
GAMG:  Solving for p, Initial residual = 0.0734794, Final residual = 0.000594954, No Iterations 5
GAMG:  Solving for p, Initial residual = 0.0161878, Final residual = 0.000161223, No Iterations 16
GAMG:  Solving for p, Initial residual = 0.0103786, Final residual = 0.000101703, No Iterations 8
time step continuity errors : sum local = 2.39315e-07, global = -5.46815e-08, cumulative = -4.88265e-07
GAMG:  Solving for p, Initial residual = 0.0039101, Final residual = 3.53221e-05, No Iterations 8
GAMG:  Solving for p, Initial residual = 0.00201816, Final residual = 1.61596e-05, No Iterations 6
GAMG:  Solving for p, Initial residual = 0.000719276, Final residual = 9.365e-07, No Iterations 29
time step continuity errors : sum local = 2.16281e-09, global = 6.82251e-10, cumulative = -4.87583e-07
DILUPBiCG:  Solving for omega, Initial residual = 0.00143897, Final residual = 7.29196e-07, No Iterations 1
DILUPBiCG:  Solving for k, Initial residual = 0.00371396, Final residual = 6.44026e-07, No Iterations 2
bounding k, min: 0 max: 0.00062706 average: 0.000152237
ExecutionTime = 85.18 s  ClockTime = 85 s

Courant Number mean: 0.0977057 max: 0.213439
Time = 0.5

GAMG:  Solving for cellDisplacementx, Initial residual = 0, Final residual = 0, No Iterations 0
GAMG:  Solving for cellDisplacementy, Initial residual = 0, Final residual = 0, No Iterations 0
GAMG:  Solving for cellDisplacementz, Initial residual = 0, Final residual = 0, No Iterations 0
PIMPLE: iteration 1
DILUPBiCG:  Solving for Ux, Initial residual = 0.00922749, Final residual = 3.37586e-05, No Iterations 1
DILUPBiCG:  Solving for Uy, Initial residual = 0.00209775, Final residual = 4.47286e-06, No Iterations 1
DILUPBiCG:  Solving for Uz, Initial residual = 0.0093731, Final residual = 1.74045e-05, No Iterations 1
GAMG:  Solving for p, Initial residual = 0.0769805, Final residual = 0.000727022, No Iterations 7
GAMG:  Solving for p, Initial residual = 0.0483914, Final residual = 0.000472445, No Iterations 6
GAMG:  Solving for p, Initial residual = 0.00982652, Final residual = 8.51065e-05, No Iterations 22
time step continuity errors : sum local = 1.2844e-07, global = -3.74164e-08, cumulative = -5.24999e-07
GAMG:  Solving for p, Initial residual = 0.0439759, Final residual = 0.000417036, No Iterations 6
GAMG:  Solving for p, Initial residual = 0.0246689, Final residual = 0.000195734, No Iterations 5
GAMG:  Solving for p, Initial residual = 0.00521983, Final residual = 5.01751e-05, No Iterations 18
time step continuity errors : sum local = 7.5525e-08, global = -2.12799e-08, cumulative = -5.46279e-07
PIMPLE: iteration 2
DILUPBiCG:  Solving for Ux, Initial residual = 0.00153685, Final residual = 3.66105e-05, No Iterations 1
DILUPBiCG:  Solving for Uy, Initial residual = 0.000369051, Final residual = 3.8328e-06, No Iterations 1
DILUPBiCG:  Solving for Uz, Initial residual = 0.0033876, Final residual = 1.39744e-05, No Iterations 1
GAMG:  Solving for p, Initial residual = 0.0425881, Final residual = 0.00041798, No Iterations 13
GAMG:  Solving for p, Initial residual = 0.0405627, Final residual = 0.000344115, No Iterations 6
GAMG:  Solving for p, Initial residual = 0.00765462, Final residual = 6.75338e-05, No Iterations 20
time step continuity errors : sum local = 8.88322e-08, global = -2.5549e-08, cumulative = -5.71828e-07
GAMG:  Solving for p, Initial residual = 0.0248474, Final residual = 0.000222049, No Iterations 11
GAMG:  Solving for p, Initial residual = 0.0191524, Final residual = 0.000153141, No Iterations 8
GAMG:  Solving for p, Initial residual = 0.00396117, Final residual = 3.52945e-05, No Iterations 18
time step continuity errors : sum local = 4.62592e-08, global = -1.30039e-08, cumulative = -5.84832e-07
PIMPLE: iteration 3
DILUPBiCG:  Solving for Ux, Initial residual = 0.000185842, Final residual = 1.69802e-06, No Iterations 1
DILUPBiCG:  Solving for Uy, Initial residual = 7.02432e-05, Final residual = 8.19919e-07, No Iterations 1
DILUPBiCG:  Solving for Uz, Initial residual = 0.00152835, Final residual = 6.3617e-06, No Iterations 2
GAMG:  Solving for p, Initial residual = 0.103245, Final residual = 0.000991078, No Iterations 3
GAMG:  Solving for p, Initial residual = 0.017325, Final residual = 0.000151779, No Iterations 22
GAMG:  Solving for p, Initial residual = 0.0186859, Final residual = 0.00018536, No Iterations 4
time step continuity errors : sum local = 2.50841e-07, global = -3.49306e-08, cumulative = -6.19763e-07
GAMG:  Solving for p, Initial residual = 0.00526883, Final residual = 4.22854e-05, No Iterations 8
GAMG:  Solving for p, Initial residual = 0.00265425, Final residual = 2.13938e-05, No Iterations 6
GAMG:  Solving for p, Initial residual = 0.000875373, Final residual = 9.77723e-07, No Iterations 35
time step continuity errors : sum local = 1.29255e-09, global = 3.94582e-10, cumulative = -6.19368e-07
DILUPBiCG:  Solving for omega, Initial residual = 0.00143876, Final residual = 7.21823e-07, No Iterations 1
DILUPBiCG:  Solving for k, Initial residual = 0.00367412, Final residual = 6.62423e-07, No Iterations 2
bounding k, min: 0 max: 0.000613699 average: 0.000151391
ExecutionTime = 92.04 s  ClockTime = 92 s

End

