/*---------------------------------------------------------------------------*\
| =========                 |                                                 |
| \\      /  F ield         | OpenFOAM: The Open Source CFD Toolbox           |
|  \\    /   O peration     | Version:  2.3.1                                 |
|   \\  /    A nd           | Web:      www.OpenFOAM.org                      |
|    \\/     M anipulation  |                                                 |
\*---------------------------------------------------------------------------*/
Build  : 2.3.1-262087cdf8db
Exec   : pimpleDyMFoam
Date   : Jun 06 2023
Time   : 02:02:51
Host   : "jcosson-VirtualBox"
PID    : 18949
Case   : /home/jcosson/workspace/henersj_shootingdata/calcs/moderate_deformed/primal/100_intervals_05-06-23/sweep50/interval99
nProcs : 1
sigFpe : Enabling floating point exception trapping (FOAM_SIGFPE).
fileModificationChecking : Monitoring run-time modified files using timeStampMaster
allowSystemOperations : Allowing user-supplied system call operations

// * * * * * * * * * * * * * * * * * * * * * * * * * * * * * * * * * * * * * //
Create time

Create mesh for time = 0.498

Selecting dynamicFvMesh dynamicMotionSolverFvMesh
Selecting motion solver: displacementLaplacian
Selecting motion diffusion: quadratic
Selecting motion diffusion: quadratic
Selecting motion diffusion: inverseDistance

PIMPLE: no residual control data found. Calculations will employ 3 corrector loops

Reading field p

Reading field U

Reading/calculating face flux field phi

Selecting incompressible transport model Newtonian
Selecting turbulence model type RASModel
Selecting RAS turbulence model kOmegaSST
bounding k, min: 0 max: 0.000507118 average: 0.000146476
kOmegaSSTCoeffs
{
    alphaK1         0.85034;
    alphaK2         1;
    alphaOmega1     0.5;
    alphaOmega2     0.85616;
    gamma1          0.5532;
    gamma2          0.4403;
    beta1           0.075;
    beta2           0.0828;
    betaStar        0.09;
    a1              0.31;
    c1              10;
    Cmu             0.09;
    b1              1;
    F3              false;
}

Reading/calculating face velocity Uf

No finite volume options present

Courant Number mean: 0.0995351 max: 0.22904

Starting time loop

Courant Number mean: 0.0995351 max: 0.22904
Time = 0.499

GAMG:  Solving for cellDisplacementx, Initial residual = 0, Final residual = 0, No Iterations 0
GAMG:  Solving for cellDisplacementy, Initial residual = 0, Final residual = 0, No Iterations 0
GAMG:  Solving for cellDisplacementz, Initial residual = 0, Final residual = 0, No Iterations 0
PIMPLE: iteration 1
DILUPBiCG:  Solving for Ux, Initial residual = 0.014664, Final residual = 5.52027e-05, No Iterations 1
DILUPBiCG:  Solving for Uy, Initial residual = 0.00328555, Final residual = 6.36264e-06, No Iterations 1
DILUPBiCG:  Solving for Uz, Initial residual = 0.00826523, Final residual = 1.58727e-05, No Iterations 1
GAMG:  Solving for p, Initial residual = 0.0923753, Final residual = 0.000582762, No Iterations 4
GAMG:  Solving for p, Initial residual = 0.0216093, Final residual = 0.000206097, No Iterations 8
GAMG:  Solving for p, Initial residual = 0.00724825, Final residual = 6.19372e-05, No Iterations 14
time step continuity errors : sum local = 1.79245e-07, global = -5.33225e-08, cumulative = -5.33225e-08
GAMG:  Solving for p, Initial residual = 0.0473177, Final residual = 0.000272738, No Iterations 4
GAMG:  Solving for p, Initial residual = 0.0107771, Final residual = 0.000101615, No Iterations 8
GAMG:  Solving for p, Initial residual = 0.00347958, Final residual = 3.08391e-05, No Iterations 14
time step continuity errors : sum local = 8.90743e-08, global = -2.64134e-08, cumulative = -7.97358e-08
PIMPLE: iteration 2
DILUPBiCG:  Solving for Ux, Initial residual = 0.00300573, Final residual = 2.11298e-05, No Iterations 1
DILUPBiCG:  Solving for Uy, Initial residual = 0.000694819, Final residual = 1.75969e-06, No Iterations 1
DILUPBiCG:  Solving for Uz, Initial residual = 0.00292101, Final residual = 9.44321e-05, No Iterations 1
GAMG:  Solving for p, Initial residual = 0.0447293, Final residual = 0.000364378, No Iterations 8
GAMG:  Solving for p, Initial residual = 0.0282385, Final residual = 0.000246277, No Iterations 5
GAMG:  Solving for p, Initial residual = 0.004814, Final residual = 4.34325e-05, No Iterations 21
time step continuity errors : sum local = 1.09295e-07, global = -3.12062e-08, cumulative = -1.10942e-07
GAMG:  Solving for p, Initial residual = 0.0241451, Final residual = 0.000215377, No Iterations 6
GAMG:  Solving for p, Initial residual = 0.0134008, Final residual = 0.000124955, No Iterations 6
GAMG:  Solving for p, Initial residual = 0.00244457, Final residual = 2.38741e-05, No Iterations 20
time step continuity errors : sum local = 6.01832e-08, global = -1.70519e-08, cumulative = -1.27994e-07
PIMPLE: iteration 3
DILUPBiCG:  Solving for Ux, Initial residual = 0.000227914, Final residual = 1.82094e-06, No Iterations 1
DILUPBiCG:  Solving for Uy, Initial residual = 7.99607e-05, Final residual = 4.66455e-07, No Iterations 1
DILUPBiCG:  Solving for Uz, Initial residual = 0.00143499, Final residual = 5.21916e-07, No Iterations 2
GAMG:  Solving for p, Initial residual = 0.0845962, Final residual = 0.000783166, No Iterations 3
GAMG:  Solving for p, Initial residual = 0.0141859, Final residual = 0.000128339, No Iterations 20
GAMG:  Solving for p, Initial residual = 0.0137622, Final residual = 0.000131102, No Iterations 4
time step continuity errors : sum local = 3.48525e-07, global = -5.91501e-08, cumulative = -1.87144e-07
GAMG:  Solving for p, Initial residual = 0.003733, Final residual = 3.24564e-05, No Iterations 8
GAMG:  Solving for p, Initial residual = 0.00196846, Final residual = 1.92369e-05, No Iterations 4
GAMG:  Solving for p, Initial residual = 0.000682864, Final residual = 8.91417e-07, No Iterations 27
time step continuity errors : sum local = 2.32793e-09, global = 8.33812e-10, cumulative = -1.8631e-07
DILUPBiCG:  Solving for omega, Initial residual = 0.00132978, Final residual = 6.71519e-07, No Iterations 1
DILUPBiCG:  Solving for k, Initial residual = 0.00317312, Final residual = 7.76206e-07, No Iterations 2
bounding k, min: 0 max: 0.000499586 average: 0.000145802
ExecutionTime = 8.07 s  ClockTime = 8 s

End

