/*---------------------------------------------------------------------------*\
| =========                 |                                                 |
| \\      /  F ield         | OpenFOAM: The Open Source CFD Toolbox           |
|  \\    /   O peration     | Version:  2.3.1                                 |
|   \\  /    A nd           | Web:      www.OpenFOAM.org                      |
|    \\/     M anipulation  |                                                 |
\*---------------------------------------------------------------------------*/
Build  : 2.3.1-262087cdf8db
Exec   : pimpleDyMFoam
Date   : Jun 06 2023
Time   : 02:02:32
Host   : "jcosson-VirtualBox"
PID    : 18910
Case   : /home/jcosson/workspace/henersj_shootingdata/calcs/moderate_deformed/primal/100_intervals_05-06-23/sweep50/interval80
nProcs : 1
sigFpe : Enabling floating point exception trapping (FOAM_SIGFPE).
fileModificationChecking : Monitoring run-time modified files using timeStampMaster
allowSystemOperations : Allowing user-supplied system call operations

// * * * * * * * * * * * * * * * * * * * * * * * * * * * * * * * * * * * * * //
Create time

Create mesh for time = 0.479

Selecting dynamicFvMesh dynamicMotionSolverFvMesh
Selecting motion solver: displacementLaplacian
Selecting motion diffusion: quadratic
Selecting motion diffusion: quadratic
Selecting motion diffusion: inverseDistance

PIMPLE: no residual control data found. Calculations will employ 3 corrector loops

Reading field p

Reading field U

Reading/calculating face flux field phi

Selecting incompressible transport model Newtonian
Selecting turbulence model type RASModel
Selecting RAS turbulence model kOmegaSST
bounding k, min: 0 max: 0.000738959 average: 0.000160501
kOmegaSSTCoeffs
{
    alphaK1         0.85034;
    alphaK2         1;
    alphaOmega1     0.5;
    alphaOmega2     0.85616;
    gamma1          0.5532;
    gamma2          0.4403;
    beta1           0.075;
    beta2           0.0828;
    betaStar        0.09;
    a1              0.31;
    c1              10;
    Cmu             0.09;
    b1              1;
    F3              false;
}

Reading/calculating face velocity Uf

No finite volume options present

Courant Number mean: 0.166592 max: 0.365193

Starting time loop

Courant Number mean: 0.166592 max: 0.365193
Time = 0.48

GAMG:  Solving for cellDisplacementx, Initial residual = 0, Final residual = 0, No Iterations 0
GAMG:  Solving for cellDisplacementy, Initial residual = 0, Final residual = 0, No Iterations 0
GAMG:  Solving for cellDisplacementz, Initial residual = 0, Final residual = 0, No Iterations 0
PIMPLE: iteration 1
DILUPBiCG:  Solving for Ux, Initial residual = 0.0635052, Final residual = 0.000254198, No Iterations 1
DILUPBiCG:  Solving for Uy, Initial residual = 0.0111307, Final residual = 2.40548e-05, No Iterations 1
DILUPBiCG:  Solving for Uz, Initial residual = 0.0107078, Final residual = 1.94755e-05, No Iterations 1
GAMG:  Solving for p, Initial residual = 0.120485, Final residual = 0.00120358, No Iterations 4
GAMG:  Solving for p, Initial residual = 0.014419, Final residual = 0.000132416, No Iterations 20
GAMG:  Solving for p, Initial residual = 0.00667412, Final residual = 6.26721e-05, No Iterations 10
time step continuity errors : sum local = 9.5575e-07, global = 2.60086e-07, cumulative = 2.60086e-07
GAMG:  Solving for p, Initial residual = 0.052324, Final residual = 0.000464938, No Iterations 4
GAMG:  Solving for p, Initial residual = 0.0072395, Final residual = 6.39497e-05, No Iterations 18
GAMG:  Solving for p, Initial residual = 0.00339589, Final residual = 3.15842e-05, No Iterations 10
time step continuity errors : sum local = 4.82775e-07, global = 1.30681e-07, cumulative = 3.90767e-07
PIMPLE: iteration 2
DILUPBiCG:  Solving for Ux, Initial residual = 0.0175306, Final residual = 0.000107007, No Iterations 1
DILUPBiCG:  Solving for Uy, Initial residual = 0.0032401, Final residual = 6.91226e-06, No Iterations 1
DILUPBiCG:  Solving for Uz, Initial residual = 0.0030212, Final residual = 1.16879e-05, No Iterations 1
GAMG:  Solving for p, Initial residual = 0.0520275, Final residual = 0.000474155, No Iterations 4
GAMG:  Solving for p, Initial residual = 0.00885333, Final residual = 8.33684e-05, No Iterations 16
GAMG:  Solving for p, Initial residual = 0.00393045, Final residual = 3.55975e-05, No Iterations 10
time step continuity errors : sum local = 4.68413e-07, global = -1.22582e-07, cumulative = 2.68185e-07
GAMG:  Solving for p, Initial residual = 0.0269121, Final residual = 0.00021223, No Iterations 4
GAMG:  Solving for p, Initial residual = 0.00445939, Final residual = 3.94534e-05, No Iterations 14
GAMG:  Solving for p, Initial residual = 0.00185888, Final residual = 1.73791e-05, No Iterations 10
time step continuity errors : sum local = 2.29752e-07, global = -5.93604e-08, cumulative = 2.08824e-07
PIMPLE: iteration 3
DILUPBiCG:  Solving for Ux, Initial residual = 0.00407294, Final residual = 3.0687e-06, No Iterations 2
DILUPBiCG:  Solving for Uy, Initial residual = 0.000763594, Final residual = 5.62129e-06, No Iterations 1
DILUPBiCG:  Solving for Uz, Initial residual = 0.00660759, Final residual = 4.22784e-06, No Iterations 2
GAMG:  Solving for p, Initial residual = 0.0413667, Final residual = 0.000360322, No Iterations 5
GAMG:  Solving for p, Initial residual = 0.00951585, Final residual = 8.27586e-05, No Iterations 4
GAMG:  Solving for p, Initial residual = 0.00439842, Final residual = 4.12923e-05, No Iterations 12
time step continuity errors : sum local = 6.12709e-07, global = -1.81122e-07, cumulative = 2.77023e-08
GAMG:  Solving for p, Initial residual = 0.00241684, Final residual = 2.18945e-05, No Iterations 12
GAMG:  Solving for p, Initial residual = 0.00129423, Final residual = 1.2416e-05, No Iterations 4
GAMG:  Solving for p, Initial residual = 0.000532167, Final residual = 9.21745e-07, No Iterations 32
time step continuity errors : sum local = 1.35257e-08, global = 3.99554e-09, cumulative = 3.16979e-08
DILUPBiCG:  Solving for omega, Initial residual = 0.000807242, Final residual = 7.11553e-07, No Iterations 1
DILUPBiCG:  Solving for k, Initial residual = 0.00401916, Final residual = 1.00711e-06, No Iterations 2
bounding k, min: 0 max: 0.000729005 average: 0.00015943
ExecutionTime = 15.01 s  ClockTime = 15 s

End

