/*---------------------------------------------------------------------------*\
| =========                 |                                                 |
| \\      /  F ield         | OpenFOAM: The Open Source CFD Toolbox           |
|  \\    /   O peration     | Version:  2.3.1                                 |
|   \\  /    A nd           | Web:      www.OpenFOAM.org                      |
|    \\/     M anipulation  |                                                 |
\*---------------------------------------------------------------------------*/
Build  : 2.3.1-262087cdf8db
Exec   : pimpleDyMFoam
Date   : Jun 06 2023
Time   : 01:40:42
Host   : "jcosson-VirtualBox"
PID    : 7718
Case   : /home/jcosson/workspace/henersj_shootingdata/calcs/moderate_deformed/primal/100_intervals_05-06-23/sweep41/interval87
nProcs : 1
sigFpe : Enabling floating point exception trapping (FOAM_SIGFPE).
fileModificationChecking : Monitoring run-time modified files using timeStampMaster
allowSystemOperations : Allowing user-supplied system call operations

// * * * * * * * * * * * * * * * * * * * * * * * * * * * * * * * * * * * * * //
Create time

Create mesh for time = 0.486

Selecting dynamicFvMesh dynamicMotionSolverFvMesh
Selecting motion solver: displacementLaplacian
Selecting motion diffusion: quadratic
Selecting motion diffusion: quadratic
Selecting motion diffusion: inverseDistance

PIMPLE: no residual control data found. Calculations will employ 3 corrector loops

Reading field p

Reading field U

Reading/calculating face flux field phi

Selecting incompressible transport model Newtonian
Selecting turbulence model type RASModel
Selecting RAS turbulence model kOmegaSST
bounding k, min: 0 max: 0.000673362 average: 0.000155941
kOmegaSSTCoeffs
{
    alphaK1         0.85034;
    alphaK2         1;
    alphaOmega1     0.5;
    alphaOmega2     0.85616;
    gamma1          0.5532;
    gamma2          0.4403;
    beta1           0.075;
    beta2           0.0828;
    betaStar        0.09;
    a1              0.31;
    c1              10;
    Cmu             0.09;
    b1              1;
    F3              false;
}

Reading/calculating face velocity Uf

No finite volume options present

Courant Number mean: 0.131553 max: 0.296849

Starting time loop

Courant Number mean: 0.131553 max: 0.296849
Time = 0.487

GAMG:  Solving for cellDisplacementx, Initial residual = 0, Final residual = 0, No Iterations 0
GAMG:  Solving for cellDisplacementy, Initial residual = 0, Final residual = 0, No Iterations 0
GAMG:  Solving for cellDisplacementz, Initial residual = 0, Final residual = 0, No Iterations 0
PIMPLE: iteration 1
DILUPBiCG:  Solving for Ux, Initial residual = 0.0610339, Final residual = 0.000228516, No Iterations 1
DILUPBiCG:  Solving for Uy, Initial residual = 0.0117985, Final residual = 2.38792e-05, No Iterations 1
DILUPBiCG:  Solving for Uz, Initial residual = 0.0124858, Final residual = 1.27528e-05, No Iterations 1
GAMG:  Solving for p, Initial residual = 0.118101, Final residual = 0.00086743, No Iterations 4
GAMG:  Solving for p, Initial residual = 0.0155299, Final residual = 0.000136856, No Iterations 18
GAMG:  Solving for p, Initial residual = 0.00733484, Final residual = 5.77239e-05, No Iterations 4
time step continuity errors : sum local = 7.39176e-07, global = 2.47568e-07, cumulative = 2.47568e-07
GAMG:  Solving for p, Initial residual = 0.0525761, Final residual = 0.000360858, No Iterations 4
GAMG:  Solving for p, Initial residual = 0.00771103, Final residual = 6.82037e-05, No Iterations 16
GAMG:  Solving for p, Initial residual = 0.003693, Final residual = 3.04167e-05, No Iterations 4
time step continuity errors : sum local = 3.91562e-07, global = 1.29771e-07, cumulative = 3.7734e-07
PIMPLE: iteration 2
DILUPBiCG:  Solving for Ux, Initial residual = 0.0160603, Final residual = 9.14237e-05, No Iterations 1
DILUPBiCG:  Solving for Uy, Initial residual = 0.00321801, Final residual = 6.43997e-06, No Iterations 1
DILUPBiCG:  Solving for Uz, Initial residual = 0.00257107, Final residual = 9.31271e-06, No Iterations 1
GAMG:  Solving for p, Initial residual = 0.0517928, Final residual = 0.000483646, No Iterations 4
GAMG:  Solving for p, Initial residual = 0.0100955, Final residual = 8.68749e-05, No Iterations 16
GAMG:  Solving for p, Initial residual = 0.00462858, Final residual = 3.95375e-05, No Iterations 4
time step continuity errors : sum local = 4.41446e-07, global = -1.7099e-07, cumulative = 2.06349e-07
GAMG:  Solving for p, Initial residual = 0.0272082, Final residual = 0.000227462, No Iterations 4
GAMG:  Solving for p, Initial residual = 0.00541419, Final residual = 5.27266e-05, No Iterations 12
GAMG:  Solving for p, Initial residual = 0.00216823, Final residual = 2.15214e-05, No Iterations 8
time step continuity errors : sum local = 2.41104e-07, global = -5.00094e-08, cumulative = 1.5634e-07
PIMPLE: iteration 3
DILUPBiCG:  Solving for Ux, Initial residual = 0.00350529, Final residual = 2.61224e-06, No Iterations 2
DILUPBiCG:  Solving for Uy, Initial residual = 0.000735499, Final residual = 4.76397e-06, No Iterations 1
DILUPBiCG:  Solving for Uz, Initial residual = 0.00508626, Final residual = 1.81955e-06, No Iterations 2
GAMG:  Solving for p, Initial residual = 0.043809, Final residual = 0.000334647, No Iterations 5
GAMG:  Solving for p, Initial residual = 0.0100091, Final residual = 9.35516e-05, No Iterations 14
GAMG:  Solving for p, Initial residual = 0.00502874, Final residual = 4.91421e-05, No Iterations 10
time step continuity errors : sum local = 6.16033e-07, global = -1.62236e-07, cumulative = -5.89591e-09
GAMG:  Solving for p, Initial residual = 0.00246951, Final residual = 1.89764e-05, No Iterations 8
GAMG:  Solving for p, Initial residual = 0.00129303, Final residual = 9.41736e-06, No Iterations 5
GAMG:  Solving for p, Initial residual = 0.000521027, Final residual = 9.16534e-07, No Iterations 28
time step continuity errors : sum local = 1.13694e-08, global = 3.41525e-09, cumulative = -2.48066e-09
DILUPBiCG:  Solving for omega, Initial residual = 0.00112429, Final residual = 7.55716e-07, No Iterations 1
DILUPBiCG:  Solving for k, Initial residual = 0.00368594, Final residual = 6.46176e-07, No Iterations 2
bounding k, min: 0 max: 0.00066083 average: 0.000154966
ExecutionTime = 15.66 s  ClockTime = 16 s

End

