/*---------------------------------------------------------------------------*\
| =========                 |                                                 |
| \\      /  F ield         | OpenFOAM: The Open Source CFD Toolbox           |
|  \\    /   O peration     | Version:  2.3.1                                 |
|   \\  /    A nd           | Web:      www.OpenFOAM.org                      |
|    \\/     M anipulation  |                                                 |
\*---------------------------------------------------------------------------*/
Build  : 2.3.1-262087cdf8db
Exec   : pimpleDyMFoam
Date   : Jun 06 2023
Time   : 01:40:09
Host   : "jcosson-VirtualBox"
PID    : 7678
Case   : /home/jcosson/workspace/henersj_shootingdata/calcs/moderate_deformed/primal/100_intervals_05-06-23/sweep41/interval67
nProcs : 1
sigFpe : Enabling floating point exception trapping (FOAM_SIGFPE).
fileModificationChecking : Monitoring run-time modified files using timeStampMaster
allowSystemOperations : Allowing user-supplied system call operations

// * * * * * * * * * * * * * * * * * * * * * * * * * * * * * * * * * * * * * //
Create time

Create mesh for time = 0.466

Selecting dynamicFvMesh dynamicMotionSolverFvMesh
Selecting motion solver: displacementLaplacian
Selecting motion diffusion: quadratic
Selecting motion diffusion: quadratic
Selecting motion diffusion: inverseDistance

PIMPLE: no residual control data found. Calculations will employ 3 corrector loops

Reading field p

Reading field U

Reading/calculating face flux field phi

Selecting incompressible transport model Newtonian
Selecting turbulence model type RASModel
Selecting RAS turbulence model kOmegaSST
kOmegaSSTCoeffs
{
    alphaK1         0.85034;
    alphaK2         1;
    alphaOmega1     0.5;
    alphaOmega2     0.85616;
    gamma1          0.5532;
    gamma2          0.4403;
    beta1           0.075;
    beta2           0.0828;
    betaStar        0.09;
    a1              0.31;
    c1              10;
    Cmu             0.09;
    b1              1;
    F3              false;
}

Reading/calculating face velocity Uf

No finite volume options present

Courant Number mean: 0.237702 max: 0.52687

Starting time loop

Courant Number mean: 0.237702 max: 0.52687
Time = 0.467

GAMG:  Solving for cellDisplacementx, Initial residual = 0, Final residual = 0, No Iterations 0
GAMG:  Solving for cellDisplacementy, Initial residual = 0, Final residual = 0, No Iterations 0
GAMG:  Solving for cellDisplacementz, Initial residual = 0, Final residual = 0, No Iterations 0
PIMPLE: iteration 1
DILUPBiCG:  Solving for Ux, Initial residual = 0.0399486, Final residual = 0.000166584, No Iterations 1
DILUPBiCG:  Solving for Uy, Initial residual = 0.00642497, Final residual = 1.50733e-05, No Iterations 1
DILUPBiCG:  Solving for Uz, Initial residual = 0.0135658, Final residual = 3.35785e-05, No Iterations 1
GAMG:  Solving for p, Initial residual = 0.137667, Final residual = 0.00114084, No Iterations 6
GAMG:  Solving for p, Initial residual = 0.016079, Final residual = 0.000136597, No Iterations 20
GAMG:  Solving for p, Initial residual = 0.00685688, Final residual = 6.56385e-05, No Iterations 10
time step continuity errors : sum local = 8.1671e-07, global = 2.17288e-07, cumulative = 2.17288e-07
GAMG:  Solving for p, Initial residual = 0.0572235, Final residual = 0.00037492, No Iterations 6
GAMG:  Solving for p, Initial residual = 0.00809738, Final residual = 7.64721e-05, No Iterations 16
GAMG:  Solving for p, Initial residual = 0.00356169, Final residual = 3.11867e-05, No Iterations 12
time step continuity errors : sum local = 3.86547e-07, global = 1.15593e-07, cumulative = 3.32881e-07
PIMPLE: iteration 2
DILUPBiCG:  Solving for Ux, Initial residual = 0.012016, Final residual = 6.71541e-05, No Iterations 1
DILUPBiCG:  Solving for Uy, Initial residual = 0.0020359, Final residual = 4.8951e-06, No Iterations 1
DILUPBiCG:  Solving for Uz, Initial residual = 0.00381136, Final residual = 1.25523e-05, No Iterations 1
GAMG:  Solving for p, Initial residual = 0.0581683, Final residual = 0.000461802, No Iterations 4
GAMG:  Solving for p, Initial residual = 0.00946813, Final residual = 8.42945e-05, No Iterations 16
GAMG:  Solving for p, Initial residual = 0.0043574, Final residual = 3.93802e-05, No Iterations 8
time step continuity errors : sum local = 4.13173e-07, global = -1.3269e-07, cumulative = 2.0019e-07
GAMG:  Solving for p, Initial residual = 0.0297038, Final residual = 0.000197388, No Iterations 4
GAMG:  Solving for p, Initial residual = 0.00464107, Final residual = 4.57572e-05, No Iterations 12
GAMG:  Solving for p, Initial residual = 0.00202772, Final residual = 1.92053e-05, No Iterations 10
time step continuity errors : sum local = 2.02727e-07, global = -5.27705e-08, cumulative = 1.4742e-07
PIMPLE: iteration 3
DILUPBiCG:  Solving for Ux, Initial residual = 0.00309484, Final residual = 1.1709e-06, No Iterations 2
DILUPBiCG:  Solving for Uy, Initial residual = 0.000521989, Final residual = 7.15041e-06, No Iterations 1
DILUPBiCG:  Solving for Uz, Initial residual = 0.00678119, Final residual = 2.2437e-06, No Iterations 2
GAMG:  Solving for p, Initial residual = 0.0406012, Final residual = 0.000329701, No Iterations 5
GAMG:  Solving for p, Initial residual = 0.0091846, Final residual = 8.35279e-05, No Iterations 15
GAMG:  Solving for p, Initial residual = 0.00439962, Final residual = 3.82561e-05, No Iterations 10
time step continuity errors : sum local = 4.49685e-07, global = -1.17322e-07, cumulative = 3.00976e-08
GAMG:  Solving for p, Initial residual = 0.00260288, Final residual = 2.33606e-05, No Iterations 20
GAMG:  Solving for p, Initial residual = 0.00146806, Final residual = 1.26832e-05, No Iterations 4
GAMG:  Solving for p, Initial residual = 0.000571863, Final residual = 9.41127e-07, No Iterations 36
time step continuity errors : sum local = 1.1035e-08, global = 3.25097e-09, cumulative = 3.33485e-08
DILUPBiCG:  Solving for omega, Initial residual = 0.000476793, Final residual = 1.03426e-06, No Iterations 1
DILUPBiCG:  Solving for k, Initial residual = 0.00484723, Final residual = 1.74837e-06, No Iterations 2
ExecutionTime = 17.62 s  ClockTime = 18 s

End

