/*---------------------------------------------------------------------------*\
| =========                 |                                                 |
| \\      /  F ield         | OpenFOAM: The Open Source CFD Toolbox           |
|  \\    /   O peration     | Version:  2.3.1                                 |
|   \\  /    A nd           | Web:      www.OpenFOAM.org                      |
|    \\/     M anipulation  |                                                 |
\*---------------------------------------------------------------------------*/
Build  : 2.3.1-262087cdf8db
Exec   : pimpleDyMFoam
Date   : Jun 05 2023
Time   : 17:53:55
Host   : "jcosson-VirtualBox"
PID    : 5911
Case   : /home/jcosson/workspace/henersj_shootingdata/calcs/moderate_deformed/primal/56_intervals_05-06-23/sweep3/interval26
nProcs : 1
sigFpe : Enabling floating point exception trapping (FOAM_SIGFPE).
fileModificationChecking : Monitoring run-time modified files using timeStampMaster
allowSystemOperations : Allowing user-supplied system call operations

// * * * * * * * * * * * * * * * * * * * * * * * * * * * * * * * * * * * * * //
Create time

Create mesh for time = 0.445

Selecting dynamicFvMesh dynamicMotionSolverFvMesh
Selecting motion solver: displacementLaplacian
Selecting motion diffusion: quadratic
Selecting motion diffusion: quadratic
Selecting motion diffusion: inverseDistance

PIMPLE: no residual control data found. Calculations will employ 3 corrector loops

Reading field p

Reading field U

Reading/calculating face flux field phi

Selecting incompressible transport model Newtonian
Selecting turbulence model type RASModel
Selecting RAS turbulence model kOmegaSST
kOmegaSSTCoeffs
{
    alphaK1         0.85034;
    alphaK2         1;
    alphaOmega1     0.5;
    alphaOmega2     0.85616;
    gamma1          0.5532;
    gamma2          0.4403;
    beta1           0.075;
    beta2           0.0828;
    betaStar        0.09;
    a1              0.31;
    c1              10;
    Cmu             0.09;
    b1              1;
    F3              false;
}

Reading/calculating face velocity Uf

No finite volume options present

Courant Number mean: 0.274898 max: 0.616656

Starting time loop

Courant Number mean: 0.274898 max: 0.616656
Time = 0.446

GAMG:  Solving for cellDisplacementx, Initial residual = 0, Final residual = 0, No Iterations 0
GAMG:  Solving for cellDisplacementy, Initial residual = 0, Final residual = 0, No Iterations 0
GAMG:  Solving for cellDisplacementz, Initial residual = 0, Final residual = 0, No Iterations 0
PIMPLE: iteration 1
DILUPBiCG:  Solving for Ux, Initial residual = 0.0143274, Final residual = 5.51016e-05, No Iterations 1
DILUPBiCG:  Solving for Uy, Initial residual = 0.00232205, Final residual = 8.18102e-06, No Iterations 1
DILUPBiCG:  Solving for Uz, Initial residual = 0.0191271, Final residual = 4.10383e-05, No Iterations 1
GAMG:  Solving for p, Initial residual = 0.155758, Final residual = 0.00117353, No Iterations 3
GAMG:  Solving for p, Initial residual = 0.0266273, Final residual = 0.000239838, No Iterations 7
GAMG:  Solving for p, Initial residual = 0.0115133, Final residual = 0.000107781, No Iterations 4
time step continuity errors : sum local = 5.06735e-07, global = -1.91297e-07, cumulative = -1.91297e-07
GAMG:  Solving for p, Initial residual = 0.073326, Final residual = 0.000518772, No Iterations 3
GAMG:  Solving for p, Initial residual = 0.0131358, Final residual = 0.000116883, No Iterations 7
GAMG:  Solving for p, Initial residual = 0.00580423, Final residual = 4.71353e-05, No Iterations 10
time step continuity errors : sum local = 2.23682e-07, global = -5.7761e-08, cumulative = -2.49058e-07
PIMPLE: iteration 2
DILUPBiCG:  Solving for Ux, Initial residual = 0.00382285, Final residual = 1.84319e-05, No Iterations 1
DILUPBiCG:  Solving for Uy, Initial residual = 0.00063264, Final residual = 6.70265e-06, No Iterations 1
DILUPBiCG:  Solving for Uz, Initial residual = 0.00420134, Final residual = 1.38115e-05, No Iterations 1
GAMG:  Solving for p, Initial residual = 0.0763198, Final residual = 0.000632566, No Iterations 5
GAMG:  Solving for p, Initial residual = 0.0205695, Final residual = 0.000190259, No Iterations 9
GAMG:  Solving for p, Initial residual = 0.00791475, Final residual = 7.46819e-05, No Iterations 12
time step continuity errors : sum local = 3.00816e-07, global = 8.78979e-08, cumulative = -1.6116e-07
GAMG:  Solving for p, Initial residual = 0.0407329, Final residual = 0.000352296, No Iterations 4
GAMG:  Solving for p, Initial residual = 0.00989388, Final residual = 9.14693e-05, No Iterations 10
GAMG:  Solving for p, Initial residual = 0.00386482, Final residual = 3.32942e-05, No Iterations 12
time step continuity errors : sum local = 1.35083e-07, global = 3.82258e-08, cumulative = -1.22934e-07
PIMPLE: iteration 3
DILUPBiCG:  Solving for Ux, Initial residual = 0.000710953, Final residual = 5.99614e-06, No Iterations 1
DILUPBiCG:  Solving for Uy, Initial residual = 0.000123439, Final residual = 6.11871e-06, No Iterations 1
DILUPBiCG:  Solving for Uz, Initial residual = 0.0045568, Final residual = 6.48159e-07, No Iterations 2
GAMG:  Solving for p, Initial residual = 0.0536713, Final residual = 0.000450523, No Iterations 5
GAMG:  Solving for p, Initial residual = 0.0144598, Final residual = 0.000120099, No Iterations 12
GAMG:  Solving for p, Initial residual = 0.00605367, Final residual = 5.43312e-05, No Iterations 8
time step continuity errors : sum local = 2.45227e-07, global = 5.13754e-08, cumulative = -7.15585e-08
GAMG:  Solving for p, Initial residual = 0.00459235, Final residual = 4.51361e-05, No Iterations 13
GAMG:  Solving for p, Initial residual = 0.00257721, Final residual = 2.08586e-05, No Iterations 7
GAMG:  Solving for p, Initial residual = 0.000881605, Final residual = 9.40524e-07, No Iterations 38
time step continuity errors : sum local = 4.2568e-09, global = -1.25898e-09, cumulative = -7.28175e-08
DILUPBiCG:  Solving for omega, Initial residual = 0.00169294, Final residual = 2.30671e-06, No Iterations 1
DILUPBiCG:  Solving for k, Initial residual = 0.00631957, Final residual = 9.37064e-07, No Iterations 2
ExecutionTime = 16.12 s  ClockTime = 16 s

End

