/*---------------------------------------------------------------------------*\
| =========                 |                                                 |
| \\      /  F ield         | OpenFOAM: The Open Source CFD Toolbox           |
|  \\    /   O peration     | Version:  2.3.1                                 |
|   \\  /    A nd           | Web:      www.OpenFOAM.org                      |
|    \\/     M anipulation  |                                                 |
\*---------------------------------------------------------------------------*/
Build  : 2.3.1-262087cdf8db
Exec   : pimpleDyMFoam
Date   : Jun 05 2023
Time   : 17:54:44
Host   : "jcosson-VirtualBox"
PID    : 5963
Case   : /home/jcosson/workspace/henersj_shootingdata/calcs/moderate_deformed/primal/56_intervals_05-06-23/sweep3/interval51
nProcs : 1
sigFpe : Enabling floating point exception trapping (FOAM_SIGFPE).
fileModificationChecking : Monitoring run-time modified files using timeStampMaster
allowSystemOperations : Allowing user-supplied system call operations

// * * * * * * * * * * * * * * * * * * * * * * * * * * * * * * * * * * * * * //
Create time

Create mesh for time = 0.489

Selecting dynamicFvMesh dynamicMotionSolverFvMesh
Selecting motion solver: displacementLaplacian
Selecting motion diffusion: quadratic
Selecting motion diffusion: quadratic
Selecting motion diffusion: inverseDistance

PIMPLE: no residual control data found. Calculations will employ 3 corrector loops

Reading field p

Reading field U

Reading/calculating face flux field phi

Selecting incompressible transport model Newtonian
Selecting turbulence model type RASModel
Selecting RAS turbulence model kOmegaSST
bounding k, min: 0 max: 0.000756266 average: 0.000161421
kOmegaSSTCoeffs
{
    alphaK1         0.85034;
    alphaK2         1;
    alphaOmega1     0.5;
    alphaOmega2     0.85616;
    gamma1          0.5532;
    gamma2          0.4403;
    beta1           0.075;
    beta2           0.0828;
    betaStar        0.09;
    a1              0.31;
    c1              10;
    Cmu             0.09;
    b1              1;
    F3              false;
}

Reading/calculating face velocity Uf

No finite volume options present

Courant Number mean: 0.1183 max: 0.258988

Starting time loop

Courant Number mean: 0.1183 max: 0.258988
Time = 0.49

GAMG:  Solving for cellDisplacementx, Initial residual = 0, Final residual = 0, No Iterations 0
GAMG:  Solving for cellDisplacementy, Initial residual = 0, Final residual = 0, No Iterations 0
GAMG:  Solving for cellDisplacementz, Initial residual = 0, Final residual = 0, No Iterations 0
PIMPLE: iteration 1
DILUPBiCG:  Solving for Ux, Initial residual = 0.0532114, Final residual = 0.000201302, No Iterations 1
DILUPBiCG:  Solving for Uy, Initial residual = 0.0112414, Final residual = 2.48679e-05, No Iterations 1
DILUPBiCG:  Solving for Uz, Initial residual = 0.06429, Final residual = 0.000108347, No Iterations 1
GAMG:  Solving for p, Initial residual = 0.15734, Final residual = 0.00144058, No Iterations 4
GAMG:  Solving for p, Initial residual = 0.0282468, Final residual = 0.000276603, No Iterations 18
GAMG:  Solving for p, Initial residual = 0.0132341, Final residual = 0.000107369, No Iterations 10
time step continuity errors : sum local = 1.00999e-06, global = 2.59172e-07, cumulative = 2.59172e-07
GAMG:  Solving for p, Initial residual = 0.067847, Final residual = 0.000623001, No Iterations 4
GAMG:  Solving for p, Initial residual = 0.0135927, Final residual = 0.000124559, No Iterations 18
GAMG:  Solving for p, Initial residual = 0.00669201, Final residual = 6.53799e-05, No Iterations 8
time step continuity errors : sum local = 6.27916e-07, global = 1.35776e-07, cumulative = 3.94949e-07
PIMPLE: iteration 2
DILUPBiCG:  Solving for Ux, Initial residual = 0.0141558, Final residual = 8.45517e-05, No Iterations 1
DILUPBiCG:  Solving for Uy, Initial residual = 0.00289636, Final residual = 6.14129e-06, No Iterations 1
DILUPBiCG:  Solving for Uz, Initial residual = 0.00409939, Final residual = 1.34196e-05, No Iterations 1
GAMG:  Solving for p, Initial residual = 0.0696363, Final residual = 0.000610349, No Iterations 4
GAMG:  Solving for p, Initial residual = 0.0168279, Final residual = 0.000140292, No Iterations 16
GAMG:  Solving for p, Initial residual = 0.00867075, Final residual = 7.19247e-05, No Iterations 5
time step continuity errors : sum local = 5.97048e-07, global = 2.15168e-07, cumulative = 6.10117e-07
GAMG:  Solving for p, Initial residual = 0.036493, Final residual = 0.000300033, No Iterations 4
GAMG:  Solving for p, Initial residual = 0.00865877, Final residual = 8.36428e-05, No Iterations 14
GAMG:  Solving for p, Initial residual = 0.00443654, Final residual = 3.74829e-05, No Iterations 7
time step continuity errors : sum local = 3.13565e-07, global = 1.04075e-07, cumulative = 7.14191e-07
PIMPLE: iteration 3
DILUPBiCG:  Solving for Ux, Initial residual = 0.00323459, Final residual = 2.23747e-06, No Iterations 2
DILUPBiCG:  Solving for Uy, Initial residual = 0.000689073, Final residual = 4.71561e-06, No Iterations 1
DILUPBiCG:  Solving for Uz, Initial residual = 0.0130121, Final residual = 4.44544e-06, No Iterations 2
GAMG:  Solving for p, Initial residual = 0.0414974, Final residual = 0.000307909, No Iterations 5
GAMG:  Solving for p, Initial residual = 0.00930412, Final residual = 8.8862e-05, No Iterations 13
GAMG:  Solving for p, Initial residual = 0.004166, Final residual = 3.72443e-05, No Iterations 12
time step continuity errors : sum local = 3.52526e-07, global = -1.05579e-07, cumulative = 6.08613e-07
GAMG:  Solving for p, Initial residual = 0.00217686, Final residual = 1.99449e-05, No Iterations 15
GAMG:  Solving for p, Initial residual = 0.00128997, Final residual = 1.03475e-05, No Iterations 6
GAMG:  Solving for p, Initial residual = 0.000512221, Final residual = 8.65712e-07, No Iterations 28
time step continuity errors : sum local = 8.16373e-09, global = 2.46947e-09, cumulative = 6.11082e-07
DILUPBiCG:  Solving for omega, Initial residual = 0.00143565, Final residual = 1.18731e-06, No Iterations 1
DILUPBiCG:  Solving for k, Initial residual = 0.00427625, Final residual = 8.52453e-07, No Iterations 2
bounding k, min: 0 max: 0.000748425 average: 0.000160447
ExecutionTime = 16.51 s  ClockTime = 17 s

Courant Number mean: 0.114818 max: 0.251275
Time = 0.491

GAMG:  Solving for cellDisplacementx, Initial residual = 0, Final residual = 0, No Iterations 0
GAMG:  Solving for cellDisplacementy, Initial residual = 0, Final residual = 0, No Iterations 0
GAMG:  Solving for cellDisplacementz, Initial residual = 0, Final residual = 0, No Iterations 0
PIMPLE: iteration 1
DILUPBiCG:  Solving for Ux, Initial residual = 0.0533522, Final residual = 0.000198184, No Iterations 1
DILUPBiCG:  Solving for Uy, Initial residual = 0.0105297, Final residual = 2.21493e-05, No Iterations 1
DILUPBiCG:  Solving for Uz, Initial residual = 0.0431442, Final residual = 6.79883e-05, No Iterations 1
GAMG:  Solving for p, Initial residual = 0.127377, Final residual = 0.00072564, No Iterations 4
GAMG:  Solving for p, Initial residual = 0.0205767, Final residual = 0.000175575, No Iterations 12
GAMG:  Solving for p, Initial residual = 0.00969215, Final residual = 8.31251e-05, No Iterations 5
time step continuity errors : sum local = 7.3785e-07, global = -2.96433e-07, cumulative = 3.14649e-07
GAMG:  Solving for p, Initial residual = 0.0582181, Final residual = 0.000295987, No Iterations 4
GAMG:  Solving for p, Initial residual = 0.0100654, Final residual = 8.34774e-05, No Iterations 6
GAMG:  Solving for p, Initial residual = 0.0048502, Final residual = 3.61989e-05, No Iterations 5
time step continuity errors : sum local = 3.21411e-07, global = -1.33871e-07, cumulative = 1.80778e-07
PIMPLE: iteration 2
DILUPBiCG:  Solving for Ux, Initial residual = 0.0133251, Final residual = 7.75995e-05, No Iterations 1
DILUPBiCG:  Solving for Uy, Initial residual = 0.00276262, Final residual = 5.93494e-06, No Iterations 1
DILUPBiCG:  Solving for Uz, Initial residual = 0.00363484, Final residual = 1.49854e-05, No Iterations 1
GAMG:  Solving for p, Initial residual = 0.0588084, Final residual = 0.000372644, No Iterations 6
GAMG:  Solving for p, Initial residual = 0.01256, Final residual = 0.000121476, No Iterations 14
GAMG:  Solving for p, Initial residual = 0.00594886, Final residual = 5.86759e-05, No Iterations 4
time step continuity errors : sum local = 4.48123e-07, global = -1.43592e-07, cumulative = 3.71861e-08
GAMG:  Solving for p, Initial residual = 0.0311406, Final residual = 0.000285755, No Iterations 5
GAMG:  Solving for p, Initial residual = 0.00665512, Final residual = 5.73694e-05, No Iterations 6
GAMG:  Solving for p, Initial residual = 0.00313156, Final residual = 2.02478e-05, No Iterations 6
time step continuity errors : sum local = 1.54284e-07, global = -3.94025e-08, cumulative = -2.21641e-09
PIMPLE: iteration 3
DILUPBiCG:  Solving for Ux, Initial residual = 0.00255659, Final residual = 2.07265e-06, No Iterations 2
DILUPBiCG:  Solving for Uy, Initial residual = 0.000638836, Final residual = 5.19137e-06, No Iterations 1
DILUPBiCG:  Solving for Uz, Initial residual = 0.00442231, Final residual = 1.26811e-06, No Iterations 2
GAMG:  Solving for p, Initial residual = 0.0414778, Final residual = 0.000318315, No Iterations 5
GAMG:  Solving for p, Initial residual = 0.00970299, Final residual = 8.91584e-05, No Iterations 16
GAMG:  Solving for p, Initial residual = 0.00532334, Final residual = 4.75937e-05, No Iterations 8
time step continuity errors : sum local = 4.10544e-07, global = -8.08001e-08, cumulative = -8.30165e-08
GAMG:  Solving for p, Initial residual = 0.00265505, Final residual = 2.61862e-05, No Iterations 6
GAMG:  Solving for p, Initial residual = 0.00131314, Final residual = 8.85055e-06, No Iterations 5
GAMG:  Solving for p, Initial residual = 0.000535883, Final residual = 9.79491e-07, No Iterations 11
time step continuity errors : sum local = 8.3508e-09, global = -3.40392e-09, cumulative = -8.64204e-08
DILUPBiCG:  Solving for omega, Initial residual = 0.00138944, Final residual = 1.08319e-06, No Iterations 1
DILUPBiCG:  Solving for k, Initial residual = 0.00420178, Final residual = 7.56414e-07, No Iterations 2
bounding k, min: 0 max: 0.000738037 average: 0.000159486
ExecutionTime = 23.95 s  ClockTime = 24 s

End

