/*---------------------------------------------------------------------------*\
| =========                 |                                                 |
| \\      /  F ield         | OpenFOAM: The Open Source CFD Toolbox           |
|  \\    /   O peration     | Version:  2.3.1                                 |
|   \\  /    A nd           | Web:      www.OpenFOAM.org                      |
|    \\/     M anipulation  |                                                 |
\*---------------------------------------------------------------------------*/
Build  : 2.3.1-262087cdf8db
Exec   : pimpleDyMFoam
Date   : Jun 05 2023
Time   : 17:53:55
Host   : "jcosson-VirtualBox"
PID    : 5913
Case   : /home/jcosson/workspace/henersj_shootingdata/calcs/moderate_deformed/primal/56_intervals_05-06-23/sweep3/interval27
nProcs : 1
sigFpe : Enabling floating point exception trapping (FOAM_SIGFPE).
fileModificationChecking : Monitoring run-time modified files using timeStampMaster
allowSystemOperations : Allowing user-supplied system call operations

// * * * * * * * * * * * * * * * * * * * * * * * * * * * * * * * * * * * * * //
Create time

Create mesh for time = 0.446

Selecting dynamicFvMesh dynamicMotionSolverFvMesh
Selecting motion solver: displacementLaplacian
Selecting motion diffusion: quadratic
Selecting motion diffusion: quadratic
Selecting motion diffusion: inverseDistance

PIMPLE: no residual control data found. Calculations will employ 3 corrector loops

Reading field p

Reading field U

Reading/calculating face flux field phi

Selecting incompressible transport model Newtonian
Selecting turbulence model type RASModel
Selecting RAS turbulence model kOmegaSST
kOmegaSSTCoeffs
{
    alphaK1         0.85034;
    alphaK2         1;
    alphaOmega1     0.5;
    alphaOmega2     0.85616;
    gamma1          0.5532;
    gamma2          0.4403;
    beta1           0.075;
    beta2           0.0828;
    betaStar        0.09;
    a1              0.31;
    c1              10;
    Cmu             0.09;
    b1              1;
    F3              false;
}

Reading/calculating face velocity Uf

No finite volume options present

Courant Number mean: 0.276533 max: 0.620966

Starting time loop

Courant Number mean: 0.276533 max: 0.620966
Time = 0.447

GAMG:  Solving for cellDisplacementx, Initial residual = 0, Final residual = 0, No Iterations 0
GAMG:  Solving for cellDisplacementy, Initial residual = 0, Final residual = 0, No Iterations 0
GAMG:  Solving for cellDisplacementz, Initial residual = 0, Final residual = 0, No Iterations 0
PIMPLE: iteration 1
DILUPBiCG:  Solving for Ux, Initial residual = 0.0115786, Final residual = 4.75518e-05, No Iterations 1
DILUPBiCG:  Solving for Uy, Initial residual = 0.00205097, Final residual = 8.5996e-06, No Iterations 1
DILUPBiCG:  Solving for Uz, Initial residual = 0.0323007, Final residual = 7.34869e-05, No Iterations 1
GAMG:  Solving for p, Initial residual = 0.187034, Final residual = 0.0014603, No Iterations 3
GAMG:  Solving for p, Initial residual = 0.0372242, Final residual = 0.000357376, No Iterations 4
GAMG:  Solving for p, Initial residual = 0.0156435, Final residual = 0.000117489, No Iterations 4
time step continuity errors : sum local = 4.58739e-07, global = -4.03998e-08, cumulative = -4.03998e-08
GAMG:  Solving for p, Initial residual = 0.0871508, Final residual = 0.000646151, No Iterations 3
GAMG:  Solving for p, Initial residual = 0.0182122, Final residual = 0.000157009, No Iterations 4
GAMG:  Solving for p, Initial residual = 0.00776169, Final residual = 5.77893e-05, No Iterations 4
time step continuity errors : sum local = 2.27486e-07, global = 2.64114e-08, cumulative = -1.39884e-08
PIMPLE: iteration 2
DILUPBiCG:  Solving for Ux, Initial residual = 0.00300031, Final residual = 1.60724e-05, No Iterations 1
DILUPBiCG:  Solving for Uy, Initial residual = 0.000527462, Final residual = 9.12326e-06, No Iterations 1
DILUPBiCG:  Solving for Uz, Initial residual = 0.00481907, Final residual = 1.23708e-05, No Iterations 1
GAMG:  Solving for p, Initial residual = 0.0949291, Final residual = 0.000914676, No Iterations 4
GAMG:  Solving for p, Initial residual = 0.0273249, Final residual = 0.000239474, No Iterations 4
GAMG:  Solving for p, Initial residual = 0.0104098, Final residual = 9.7138e-05, No Iterations 14
time step continuity errors : sum local = 3.30498e-07, global = 1.04927e-07, cumulative = 9.09385e-08
GAMG:  Solving for p, Initial residual = 0.0501771, Final residual = 0.000410158, No Iterations 4
GAMG:  Solving for p, Initial residual = 0.0131628, Final residual = 9.4469e-05, No Iterations 4
GAMG:  Solving for p, Initial residual = 0.00512048, Final residual = 5.07567e-05, No Iterations 11
time step continuity errors : sum local = 1.72269e-07, global = -7.46051e-08, cumulative = 1.63334e-08
PIMPLE: iteration 3
DILUPBiCG:  Solving for Ux, Initial residual = 0.000511553, Final residual = 4.64262e-06, No Iterations 1
DILUPBiCG:  Solving for Uy, Initial residual = 9.71058e-05, Final residual = 1.15083e-06, No Iterations 1
DILUPBiCG:  Solving for Uz, Initial residual = 0.00442339, Final residual = 3.60593e-07, No Iterations 2
GAMG:  Solving for p, Initial residual = 0.0613588, Final residual = 0.000457296, No Iterations 5
GAMG:  Solving for p, Initial residual = 0.0156015, Final residual = 0.000144851, No Iterations 10
GAMG:  Solving for p, Initial residual = 0.00631312, Final residual = 6.01429e-05, No Iterations 10
time step continuity errors : sum local = 2.24993e-07, global = 5.85744e-08, cumulative = 7.49078e-08
GAMG:  Solving for p, Initial residual = 0.00545295, Final residual = 3.59912e-05, No Iterations 6
GAMG:  Solving for p, Initial residual = 0.00292564, Final residual = 2.34069e-05, No Iterations 4
GAMG:  Solving for p, Initial residual = 0.000984516, Final residual = 9.20062e-07, No Iterations 35
time step continuity errors : sum local = 3.45596e-09, global = -1.01874e-09, cumulative = 7.3889e-08
DILUPBiCG:  Solving for omega, Initial residual = 0.00182452, Final residual = 2.51502e-06, No Iterations 1
DILUPBiCG:  Solving for k, Initial residual = 0.00625039, Final residual = 8.68744e-07, No Iterations 2
ExecutionTime = 15.62 s  ClockTime = 16 s

Courant Number mean: 0.277804 max: 0.6239
Time = 0.448

GAMG:  Solving for cellDisplacementx, Initial residual = 0, Final residual = 0, No Iterations 0
GAMG:  Solving for cellDisplacementy, Initial residual = 0, Final residual = 0, No Iterations 0
GAMG:  Solving for cellDisplacementz, Initial residual = 0, Final residual = 0, No Iterations 0
PIMPLE: iteration 1
DILUPBiCG:  Solving for Ux, Initial residual = 0.00917463, Final residual = 4.17016e-05, No Iterations 1
DILUPBiCG:  Solving for Uy, Initial residual = 0.0015192, Final residual = 7.00679e-06, No Iterations 1
DILUPBiCG:  Solving for Uz, Initial residual = 0.0156776, Final residual = 3.26986e-05, No Iterations 1
GAMG:  Solving for p, Initial residual = 0.117935, Final residual = 0.00102445, No Iterations 3
GAMG:  Solving for p, Initial residual = 0.0240818, Final residual = 0.000160417, No Iterations 4
GAMG:  Solving for p, Initial residual = 0.0106319, Final residual = 6.99595e-05, No Iterations 4
time step continuity errors : sum local = 2.27244e-07, global = -3.93266e-08, cumulative = 3.45624e-08
GAMG:  Solving for p, Initial residual = 0.0568475, Final residual = 0.00042542, No Iterations 3
GAMG:  Solving for p, Initial residual = 0.0119031, Final residual = 7.2496e-05, No Iterations 4
GAMG:  Solving for p, Initial residual = 0.00520652, Final residual = 3.73042e-05, No Iterations 4
time step continuity errors : sum local = 1.21466e-07, global = -2.29702e-08, cumulative = 1.15922e-08
PIMPLE: iteration 2
DILUPBiCG:  Solving for Ux, Initial residual = 0.00225889, Final residual = 1.5158e-05, No Iterations 1
DILUPBiCG:  Solving for Uy, Initial residual = 0.000385273, Final residual = 9.2673e-06, No Iterations 1
DILUPBiCG:  Solving for Uz, Initial residual = 0.00408069, Final residual = 1.31182e-05, No Iterations 1
GAMG:  Solving for p, Initial residual = 0.0602892, Final residual = 0.000486278, No Iterations 6
GAMG:  Solving for p, Initial residual = 0.0222569, Final residual = 0.000217021, No Iterations 10
GAMG:  Solving for p, Initial residual = 0.0079737, Final residual = 6.89006e-05, No Iterations 14
time step continuity errors : sum local = 1.91962e-07, global = 5.94792e-08, cumulative = 7.10714e-08
GAMG:  Solving for p, Initial residual = 0.0326232, Final residual = 0.000280346, No Iterations 5
GAMG:  Solving for p, Initial residual = 0.0106327, Final residual = 9.05836e-05, No Iterations 6
GAMG:  Solving for p, Initial residual = 0.00381038, Final residual = 3.58331e-05, No Iterations 6
time step continuity errors : sum local = 1.00676e-07, global = -3.12869e-08, cumulative = 3.97845e-08
PIMPLE: iteration 3
DILUPBiCG:  Solving for Ux, Initial residual = 0.000316063, Final residual = 3.57905e-06, No Iterations 1
DILUPBiCG:  Solving for Uy, Initial residual = 6.20117e-05, Final residual = 1.61921e-06, No Iterations 1
DILUPBiCG:  Solving for Uz, Initial residual = 0.00317967, Final residual = 3.94622e-07, No Iterations 2
GAMG:  Solving for p, Initial residual = 0.0573179, Final residual = 0.000504299, No Iterations 5
GAMG:  Solving for p, Initial residual = 0.0162076, Final residual = 0.000160769, No Iterations 12
GAMG:  Solving for p, Initial residual = 0.0069945, Final residual = 5.83904e-05, No Iterations 10
time step continuity errors : sum local = 1.81004e-07, global = 4.60229e-08, cumulative = 8.58074e-08
GAMG:  Solving for p, Initial residual = 0.00553602, Final residual = 5.40537e-05, No Iterations 8
GAMG:  Solving for p, Initial residual = 0.00303726, Final residual = 2.78708e-05, No Iterations 7
GAMG:  Solving for p, Initial residual = 0.0010369, Final residual = 9.08055e-07, No Iterations 42
time step continuity errors : sum local = 2.8133e-09, global = -8.36536e-10, cumulative = 8.49708e-08
DILUPBiCG:  Solving for omega, Initial residual = 0.00168557, Final residual = 2.35836e-06, No Iterations 1
DILUPBiCG:  Solving for k, Initial residual = 0.00602721, Final residual = 8.38317e-07, No Iterations 2
ExecutionTime = 29.37 s  ClockTime = 30 s

End

