/*---------------------------------------------------------------------------*\
| =========                 |                                                 |
| \\      /  F ield         | OpenFOAM: The Open Source CFD Toolbox           |
|  \\    /   O peration     | Version:  2.3.1                                 |
|   \\  /    A nd           | Web:      www.OpenFOAM.org                      |
|    \\/     M anipulation  |                                                 |
\*---------------------------------------------------------------------------*/
Build  : 2.3.1-262087cdf8db
Exec   : pimpleDyMFoam
Date   : Jun 05 2023
Time   : 17:54:39
Host   : "jcosson-VirtualBox"
PID    : 5955
Case   : /home/jcosson/workspace/henersj_shootingdata/calcs/moderate_deformed/primal/56_intervals_05-06-23/sweep3/interval47
nProcs : 1
sigFpe : Enabling floating point exception trapping (FOAM_SIGFPE).
fileModificationChecking : Monitoring run-time modified files using timeStampMaster
allowSystemOperations : Allowing user-supplied system call operations

// * * * * * * * * * * * * * * * * * * * * * * * * * * * * * * * * * * * * * //
Create time

Create mesh for time = 0.482

Selecting dynamicFvMesh dynamicMotionSolverFvMesh
Selecting motion solver: displacementLaplacian
Selecting motion diffusion: quadratic
Selecting motion diffusion: quadratic
Selecting motion diffusion: inverseDistance

PIMPLE: no residual control data found. Calculations will employ 3 corrector loops

Reading field p

Reading field U

Reading/calculating face flux field phi

Selecting incompressible transport model Newtonian
Selecting turbulence model type RASModel
Selecting RAS turbulence model kOmegaSST
kOmegaSSTCoeffs
{
    alphaK1         0.85034;
    alphaK2         1;
    alphaOmega1     0.5;
    alphaOmega2     0.85616;
    gamma1          0.5532;
    gamma2          0.4403;
    beta1           0.075;
    beta2           0.0828;
    betaStar        0.09;
    a1              0.31;
    c1              10;
    Cmu             0.09;
    b1              1;
    F3              false;
}

Reading/calculating face velocity Uf

No finite volume options present

Courant Number mean: 0.14974 max: 0.329396

Starting time loop

Courant Number mean: 0.14974 max: 0.329396
Time = 0.483

GAMG:  Solving for cellDisplacementx, Initial residual = 0, Final residual = 0, No Iterations 0
GAMG:  Solving for cellDisplacementy, Initial residual = 0, Final residual = 0, No Iterations 0
GAMG:  Solving for cellDisplacementz, Initial residual = 0, Final residual = 0, No Iterations 0
PIMPLE: iteration 1
DILUPBiCG:  Solving for Ux, Initial residual = 0.0625437, Final residual = 0.000245458, No Iterations 1
DILUPBiCG:  Solving for Uy, Initial residual = 0.012096, Final residual = 2.80918e-05, No Iterations 1
DILUPBiCG:  Solving for Uz, Initial residual = 0.0781755, Final residual = 0.000141564, No Iterations 1
GAMG:  Solving for p, Initial residual = 0.15943, Final residual = 0.00131972, No Iterations 4
GAMG:  Solving for p, Initial residual = 0.0269071, Final residual = 0.00023007, No Iterations 22
GAMG:  Solving for p, Initial residual = 0.0123865, Final residual = 0.000119347, No Iterations 8
time step continuity errors : sum local = 1.56522e-06, global = 3.41756e-07, cumulative = 3.41756e-07
GAMG:  Solving for p, Initial residual = 0.0666302, Final residual = 0.000547002, No Iterations 4
GAMG:  Solving for p, Initial residual = 0.0127206, Final residual = 0.000117216, No Iterations 20
GAMG:  Solving for p, Initial residual = 0.00621635, Final residual = 4.92155e-05, No Iterations 10
time step continuity errors : sum local = 6.54708e-07, global = 1.69506e-07, cumulative = 5.11262e-07
PIMPLE: iteration 2
DILUPBiCG:  Solving for Ux, Initial residual = 0.0174781, Final residual = 0.000107594, No Iterations 1
DILUPBiCG:  Solving for Uy, Initial residual = 0.00331836, Final residual = 7.34019e-06, No Iterations 1
DILUPBiCG:  Solving for Uz, Initial residual = 0.00510338, Final residual = 1.53662e-05, No Iterations 1
GAMG:  Solving for p, Initial residual = 0.0682947, Final residual = 0.000605681, No Iterations 4
GAMG:  Solving for p, Initial residual = 0.0155647, Final residual = 0.000139271, No Iterations 16
GAMG:  Solving for p, Initial residual = 0.00801366, Final residual = 7.24566e-05, No Iterations 5
time step continuity errors : sum local = 8.28879e-07, global = 2.92144e-07, cumulative = 8.03406e-07
GAMG:  Solving for p, Initial residual = 0.0352059, Final residual = 0.000289674, No Iterations 4
GAMG:  Solving for p, Initial residual = 0.00790028, Final residual = 6.66669e-05, No Iterations 16
GAMG:  Solving for p, Initial residual = 0.00395015, Final residual = 3.51893e-05, No Iterations 5
time step continuity errors : sum local = 4.05569e-07, global = 1.47091e-07, cumulative = 9.50496e-07
PIMPLE: iteration 3
DILUPBiCG:  Solving for Ux, Initial residual = 0.00425849, Final residual = 2.93579e-06, No Iterations 2
DILUPBiCG:  Solving for Uy, Initial residual = 0.000828252, Final residual = 5.02572e-06, No Iterations 1
DILUPBiCG:  Solving for Uz, Initial residual = 0.0167184, Final residual = 5.95025e-06, No Iterations 2
GAMG:  Solving for p, Initial residual = 0.0391318, Final residual = 0.000333841, No Iterations 5
GAMG:  Solving for p, Initial residual = 0.00845651, Final residual = 8.08148e-05, No Iterations 15
GAMG:  Solving for p, Initial residual = 0.0038283, Final residual = 3.31489e-05, No Iterations 12
time step continuity errors : sum local = 4.31476e-07, global = -1.29938e-07, cumulative = 8.20558e-07
GAMG:  Solving for p, Initial residual = 0.00210087, Final residual = 1.66839e-05, No Iterations 13
GAMG:  Solving for p, Initial residual = 0.00126321, Final residual = 1.19018e-05, No Iterations 5
GAMG:  Solving for p, Initial residual = 0.000501152, Final residual = 9.289e-07, No Iterations 26
time step continuity errors : sum local = 1.20701e-08, global = 3.66459e-09, cumulative = 8.24223e-07
DILUPBiCG:  Solving for omega, Initial residual = 0.00139877, Final residual = 1.56341e-06, No Iterations 1
DILUPBiCG:  Solving for k, Initial residual = 0.00447984, Final residual = 7.02318e-07, No Iterations 2
ExecutionTime = 18.09 s  ClockTime = 18 s

Courant Number mean: 0.144673 max: 0.318399
Time = 0.484

GAMG:  Solving for cellDisplacementx, Initial residual = 0, Final residual = 0, No Iterations 0
GAMG:  Solving for cellDisplacementy, Initial residual = 0, Final residual = 0, No Iterations 0
GAMG:  Solving for cellDisplacementz, Initial residual = 0, Final residual = 0, No Iterations 0
PIMPLE: iteration 1
DILUPBiCG:  Solving for Ux, Initial residual = 0.0658148, Final residual = 0.000252522, No Iterations 1
DILUPBiCG:  Solving for Uy, Initial residual = 0.0119094, Final residual = 2.62326e-05, No Iterations 1
DILUPBiCG:  Solving for Uz, Initial residual = 0.0509472, Final residual = 7.73413e-05, No Iterations 1
GAMG:  Solving for p, Initial residual = 0.130968, Final residual = 0.00105675, No Iterations 4
GAMG:  Solving for p, Initial residual = 0.0193677, Final residual = 0.000189925, No Iterations 16
GAMG:  Solving for p, Initial residual = 0.00893268, Final residual = 7.37941e-05, No Iterations 6
time step continuity errors : sum local = 9.5005e-07, global = 2.96514e-07, cumulative = 1.12074e-06
GAMG:  Solving for p, Initial residual = 0.0578712, Final residual = 0.000415441, No Iterations 4
GAMG:  Solving for p, Initial residual = 0.00944522, Final residual = 9.19198e-05, No Iterations 12
GAMG:  Solving for p, Initial residual = 0.00440411, Final residual = 3.32415e-05, No Iterations 6
time step continuity errors : sum local = 4.28133e-07, global = 1.28982e-07, cumulative = 1.24972e-06
PIMPLE: iteration 2
DILUPBiCG:  Solving for Ux, Initial residual = 0.0173249, Final residual = 0.000104493, No Iterations 1
DILUPBiCG:  Solving for Uy, Initial residual = 0.00333628, Final residual = 7.44187e-06, No Iterations 1
DILUPBiCG:  Solving for Uz, Initial residual = 0.00455159, Final residual = 2.25087e-05, No Iterations 1
GAMG:  Solving for p, Initial residual = 0.0586077, Final residual = 0.000561468, No Iterations 4
GAMG:  Solving for p, Initial residual = 0.0110177, Final residual = 0.000106661, No Iterations 16
GAMG:  Solving for p, Initial residual = 0.00539127, Final residual = 5.03451e-05, No Iterations 4
time step continuity errors : sum local = 5.55497e-07, global = -1.89034e-07, cumulative = 1.06068e-06
GAMG:  Solving for p, Initial residual = 0.0305035, Final residual = 0.000272404, No Iterations 4
GAMG:  Solving for p, Initial residual = 0.00566612, Final residual = 4.84879e-05, No Iterations 16
GAMG:  Solving for p, Initial residual = 0.00271781, Final residual = 2.34308e-05, No Iterations 4
time step continuity errors : sum local = 2.586e-07, global = -8.45699e-08, cumulative = 9.76115e-07
PIMPLE: iteration 3
DILUPBiCG:  Solving for Ux, Initial residual = 0.00370458, Final residual = 2.7233e-06, No Iterations 2
DILUPBiCG:  Solving for Uy, Initial residual = 0.000821984, Final residual = 5.331e-06, No Iterations 1
DILUPBiCG:  Solving for Uz, Initial residual = 0.0055488, Final residual = 2.0779e-06, No Iterations 2
GAMG:  Solving for p, Initial residual = 0.0388834, Final residual = 0.000385682, No Iterations 5
GAMG:  Solving for p, Initial residual = 0.00902132, Final residual = 8.85325e-05, No Iterations 11
GAMG:  Solving for p, Initial residual = 0.00442637, Final residual = 3.52208e-05, No Iterations 10
time step continuity errors : sum local = 4.39651e-07, global = -1.08105e-07, cumulative = 8.6801e-07
GAMG:  Solving for p, Initial residual = 0.00245059, Final residual = 1.99828e-05, No Iterations 12
GAMG:  Solving for p, Initial residual = 0.00125838, Final residual = 1.20691e-05, No Iterations 4
GAMG:  Solving for p, Initial residual = 0.000500817, Final residual = 9.70956e-07, No Iterations 30
time step continuity errors : sum local = 1.20161e-08, global = 3.60161e-09, cumulative = 8.71612e-07
DILUPBiCG:  Solving for omega, Initial residual = 0.00129285, Final residual = 1.41724e-06, No Iterations 1
DILUPBiCG:  Solving for k, Initial residual = 0.00441196, Final residual = 7.37774e-07, No Iterations 2
bounding k, min: 0 max: 0.000818143 average: 0.000165912
ExecutionTime = 27.9 s  ClockTime = 28 s

End

