/*---------------------------------------------------------------------------*\
| =========                 |                                                 |
| \\      /  F ield         | OpenFOAM: The Open Source CFD Toolbox           |
|  \\    /   O peration     | Version:  2.3.1                                 |
|   \\  /    A nd           | Web:      www.OpenFOAM.org                      |
|    \\/     M anipulation  |                                                 |
\*---------------------------------------------------------------------------*/
Build  : 2.3.1-262087cdf8db
Exec   : pimpleDyMFoam
Date   : Jun 06 2023
Time   : 01:29:10
Host   : "jcosson-VirtualBox"
PID    : 1960
Case   : /home/jcosson/workspace/henersj_shootingdata/calcs/moderate_deformed/primal/100_intervals_05-06-23/sweep37/interval49
nProcs : 1
sigFpe : Enabling floating point exception trapping (FOAM_SIGFPE).
fileModificationChecking : Monitoring run-time modified files using timeStampMaster
allowSystemOperations : Allowing user-supplied system call operations

// * * * * * * * * * * * * * * * * * * * * * * * * * * * * * * * * * * * * * //
Create time

Create mesh for time = 0.448

Selecting dynamicFvMesh dynamicMotionSolverFvMesh
Selecting motion solver: displacementLaplacian
Selecting motion diffusion: quadratic
Selecting motion diffusion: quadratic
Selecting motion diffusion: inverseDistance

PIMPLE: no residual control data found. Calculations will employ 3 corrector loops

Reading field p

Reading field U

Reading/calculating face flux field phi

Selecting incompressible transport model Newtonian
Selecting turbulence model type RASModel
Selecting RAS turbulence model kOmegaSST
kOmegaSSTCoeffs
{
    alphaK1         0.85034;
    alphaK2         1;
    alphaOmega1     0.5;
    alphaOmega2     0.85616;
    gamma1          0.5532;
    gamma2          0.4403;
    beta1           0.075;
    beta2           0.0828;
    betaStar        0.09;
    a1              0.31;
    c1              10;
    Cmu             0.09;
    b1              1;
    F3              false;
}

Reading/calculating face velocity Uf

No finite volume options present

Courant Number mean: 0.279249 max: 0.617953

Starting time loop

Courant Number mean: 0.279249 max: 0.617953
Time = 0.449

GAMG:  Solving for cellDisplacementx, Initial residual = 0, Final residual = 0, No Iterations 0
GAMG:  Solving for cellDisplacementy, Initial residual = 0, Final residual = 0, No Iterations 0
GAMG:  Solving for cellDisplacementz, Initial residual = 0, Final residual = 0, No Iterations 0
PIMPLE: iteration 1
DILUPBiCG:  Solving for Ux, Initial residual = 0.00677337, Final residual = 3.583e-05, No Iterations 1
DILUPBiCG:  Solving for Uy, Initial residual = 0.00111576, Final residual = 7.07659e-06, No Iterations 1
DILUPBiCG:  Solving for Uz, Initial residual = 0.0114252, Final residual = 2.70124e-05, No Iterations 1
GAMG:  Solving for p, Initial residual = 0.141773, Final residual = 0.00109556, No Iterations 3
GAMG:  Solving for p, Initial residual = 0.0270876, Final residual = 0.000242408, No Iterations 5
GAMG:  Solving for p, Initial residual = 0.0105413, Final residual = 9.7625e-05, No Iterations 10
time step continuity errors : sum local = 3.21513e-07, global = 8.36638e-08, cumulative = 8.36638e-08
GAMG:  Solving for p, Initial residual = 0.0723594, Final residual = 0.000499339, No Iterations 3
GAMG:  Solving for p, Initial residual = 0.0130822, Final residual = 0.000107781, No Iterations 5
GAMG:  Solving for p, Initial residual = 0.00516469, Final residual = 4.33176e-05, No Iterations 10
time step continuity errors : sum local = 1.42689e-07, global = 3.71322e-08, cumulative = 1.20796e-07
PIMPLE: iteration 2
DILUPBiCG:  Solving for Ux, Initial residual = 0.00152408, Final residual = 1.49312e-05, No Iterations 1
DILUPBiCG:  Solving for Uy, Initial residual = 0.000258846, Final residual = 8.35583e-06, No Iterations 1
DILUPBiCG:  Solving for Uz, Initial residual = 0.00369423, Final residual = 2.38906e-05, No Iterations 1
GAMG:  Solving for p, Initial residual = 0.0735552, Final residual = 0.000461302, No Iterations 5
GAMG:  Solving for p, Initial residual = 0.0267241, Final residual = 0.000258815, No Iterations 5
GAMG:  Solving for p, Initial residual = 0.00651972, Final residual = 5.83812e-05, No Iterations 18
time step continuity errors : sum local = 1.70973e-07, global = 4.85849e-08, cumulative = 1.69381e-07
GAMG:  Solving for p, Initial residual = 0.0393978, Final residual = 0.000323777, No Iterations 4
GAMG:  Solving for p, Initial residual = 0.0122757, Final residual = 0.000105495, No Iterations 8
GAMG:  Solving for p, Initial residual = 0.0033793, Final residual = 3.19894e-05, No Iterations 14
time step continuity errors : sum local = 9.38679e-08, global = 2.75474e-08, cumulative = 1.96928e-07
PIMPLE: iteration 3
DILUPBiCG:  Solving for Ux, Initial residual = 0.000135729, Final residual = 1.91923e-06, No Iterations 1
DILUPBiCG:  Solving for Uy, Initial residual = 3.67203e-05, Final residual = 3.01572e-07, No Iterations 1
DILUPBiCG:  Solving for Uz, Initial residual = 0.00198574, Final residual = 2.15389e-07, No Iterations 2
GAMG:  Solving for p, Initial residual = 0.0808917, Final residual = 0.000751484, No Iterations 3
GAMG:  Solving for p, Initial residual = 0.0179076, Final residual = 0.000169928, No Iterations 14
GAMG:  Solving for p, Initial residual = 0.0125189, Final residual = 0.000124889, No Iterations 4
time step continuity errors : sum local = 3.87776e-07, global = 1.05313e-07, cumulative = 3.02241e-07
GAMG:  Solving for p, Initial residual = 0.00629583, Final residual = 6.13694e-05, No Iterations 5
GAMG:  Solving for p, Initial residual = 0.00340032, Final residual = 2.65529e-05, No Iterations 4
GAMG:  Solving for p, Initial residual = 0.00117045, Final residual = 9.95574e-07, No Iterations 24
time step continuity errors : sum local = 3.05556e-09, global = -9.98321e-10, cumulative = 3.01243e-07
DILUPBiCG:  Solving for omega, Initial residual = 0.00111459, Final residual = 1.5286e-06, No Iterations 1
DILUPBiCG:  Solving for k, Initial residual = 0.0056048, Final residual = 9.07723e-07, No Iterations 2
ExecutionTime = 16.36 s  ClockTime = 16 s

End

