/*---------------------------------------------------------------------------*\
| =========                 |                                                 |
| \\      /  F ield         | OpenFOAM: The Open Source CFD Toolbox           |
|  \\    /   O peration     | Version:  2.3.1                                 |
|   \\  /    A nd           | Web:      www.OpenFOAM.org                      |
|    \\/     M anipulation  |                                                 |
\*---------------------------------------------------------------------------*/
Build  : 2.3.1-262087cdf8db
Exec   : pimpleDyMFoam
Date   : Jun 06 2023
Time   : 01:30:18
Host   : "jcosson-VirtualBox"
PID    : 2116
Case   : /home/jcosson/workspace/henersj_shootingdata/calcs/moderate_deformed/primal/100_intervals_05-06-23/sweep37/interval99
nProcs : 1
sigFpe : Enabling floating point exception trapping (FOAM_SIGFPE).
fileModificationChecking : Monitoring run-time modified files using timeStampMaster
allowSystemOperations : Allowing user-supplied system call operations

// * * * * * * * * * * * * * * * * * * * * * * * * * * * * * * * * * * * * * //
Create time

Create mesh for time = 0.498

Selecting dynamicFvMesh dynamicMotionSolverFvMesh
Selecting motion solver: displacementLaplacian
Selecting motion diffusion: quadratic
Selecting motion diffusion: quadratic
Selecting motion diffusion: inverseDistance

PIMPLE: no residual control data found. Calculations will employ 3 corrector loops

Reading field p

Reading field U

Reading/calculating face flux field phi

Selecting incompressible transport model Newtonian
Selecting turbulence model type RASModel
Selecting RAS turbulence model kOmegaSST
bounding k, min: 0 max: 0.000575124 average: 0.00014885
kOmegaSSTCoeffs
{
    alphaK1         0.85034;
    alphaK2         1;
    alphaOmega1     0.5;
    alphaOmega2     0.85616;
    gamma1          0.5532;
    gamma2          0.4403;
    beta1           0.075;
    beta2           0.0828;
    betaStar        0.09;
    a1              0.31;
    c1              10;
    Cmu             0.09;
    b1              1;
    F3              false;
}

Reading/calculating face velocity Uf

No finite volume options present

Courant Number mean: 0.0992849 max: 0.22816

Starting time loop

Courant Number mean: 0.0992849 max: 0.22816
Time = 0.499

GAMG:  Solving for cellDisplacementx, Initial residual = 0, Final residual = 0, No Iterations 0
GAMG:  Solving for cellDisplacementy, Initial residual = 0, Final residual = 0, No Iterations 0
GAMG:  Solving for cellDisplacementz, Initial residual = 0, Final residual = 0, No Iterations 0
PIMPLE: iteration 1
DILUPBiCG:  Solving for Ux, Initial residual = 0.0147155, Final residual = 5.43378e-05, No Iterations 1
DILUPBiCG:  Solving for Uy, Initial residual = 0.00329515, Final residual = 6.55954e-06, No Iterations 1
DILUPBiCG:  Solving for Uz, Initial residual = 0.00928256, Final residual = 1.9115e-05, No Iterations 1
GAMG:  Solving for p, Initial residual = 0.0924468, Final residual = 0.000609012, No Iterations 4
GAMG:  Solving for p, Initial residual = 0.021785, Final residual = 0.000206758, No Iterations 8
GAMG:  Solving for p, Initial residual = 0.00701303, Final residual = 6.29672e-05, No Iterations 14
time step continuity errors : sum local = 1.81009e-07, global = -5.36906e-08, cumulative = -5.36906e-08
GAMG:  Solving for p, Initial residual = 0.0474449, Final residual = 0.000286695, No Iterations 4
GAMG:  Solving for p, Initial residual = 0.0108773, Final residual = 0.000101563, No Iterations 8
GAMG:  Solving for p, Initial residual = 0.00337864, Final residual = 3.11362e-05, No Iterations 14
time step continuity errors : sum local = 8.92807e-08, global = -2.63598e-08, cumulative = -8.00504e-08
PIMPLE: iteration 2
DILUPBiCG:  Solving for Ux, Initial residual = 0.00301363, Final residual = 2.06456e-05, No Iterations 1
DILUPBiCG:  Solving for Uy, Initial residual = 0.000696232, Final residual = 1.81006e-06, No Iterations 1
DILUPBiCG:  Solving for Uz, Initial residual = 0.00308143, Final residual = 0.000117977, No Iterations 1
GAMG:  Solving for p, Initial residual = 0.0449156, Final residual = 0.000366603, No Iterations 8
GAMG:  Solving for p, Initial residual = 0.0283747, Final residual = 0.000242192, No Iterations 5
GAMG:  Solving for p, Initial residual = 0.00497431, Final residual = 4.35239e-05, No Iterations 21
time step continuity errors : sum local = 1.08569e-07, global = -3.09211e-08, cumulative = -1.10971e-07
GAMG:  Solving for p, Initial residual = 0.0242759, Final residual = 0.000219445, No Iterations 6
GAMG:  Solving for p, Initial residual = 0.0134744, Final residual = 0.000126173, No Iterations 6
GAMG:  Solving for p, Initial residual = 0.00249212, Final residual = 2.41313e-05, No Iterations 20
time step continuity errors : sum local = 6.02928e-08, global = -1.70815e-08, cumulative = -1.28053e-07
PIMPLE: iteration 3
DILUPBiCG:  Solving for Ux, Initial residual = 0.000227595, Final residual = 1.83276e-06, No Iterations 1
DILUPBiCG:  Solving for Uy, Initial residual = 7.95732e-05, Final residual = 5.30513e-07, No Iterations 1
DILUPBiCG:  Solving for Uz, Initial residual = 0.00144457, Final residual = 5.2397e-07, No Iterations 2
GAMG:  Solving for p, Initial residual = 0.0839295, Final residual = 0.00078328, No Iterations 3
GAMG:  Solving for p, Initial residual = 0.0142341, Final residual = 0.000128604, No Iterations 20
GAMG:  Solving for p, Initial residual = 0.0138688, Final residual = 0.000132754, No Iterations 4
time step continuity errors : sum local = 3.50451e-07, global = -5.83389e-08, cumulative = -1.86392e-07
GAMG:  Solving for p, Initial residual = 0.00376991, Final residual = 3.22305e-05, No Iterations 8
GAMG:  Solving for p, Initial residual = 0.00199766, Final residual = 1.96417e-05, No Iterations 4
GAMG:  Solving for p, Initial residual = 0.000685036, Final residual = 8.50489e-07, No Iterations 29
time step continuity errors : sum local = 2.20486e-09, global = 7.45921e-10, cumulative = -1.85646e-07
DILUPBiCG:  Solving for omega, Initial residual = 0.00138781, Final residual = 6.89581e-07, No Iterations 1
DILUPBiCG:  Solving for k, Initial residual = 0.00335936, Final residual = 6.66562e-07, No Iterations 2
bounding k, min: 0 max: 0.000564472 average: 0.000148086
ExecutionTime = 7.81 s  ClockTime = 7 s

End

