/*---------------------------------------------------------------------------*\
| =========                 |                                                 |
| \\      /  F ield         | OpenFOAM: The Open Source CFD Toolbox           |
|  \\    /   O peration     | Version:  2.3.1                                 |
|   \\  /    A nd           | Web:      www.OpenFOAM.org                      |
|    \\/     M anipulation  |                                                 |
\*---------------------------------------------------------------------------*/
Build  : 2.3.1-262087cdf8db
Exec   : pimpleDyMFoam
Date   : Jun 06 2023
Time   : 01:30:00
Host   : "jcosson-VirtualBox"
PID    : 2056
Case   : /home/jcosson/workspace/henersj_shootingdata/calcs/moderate_deformed/primal/100_intervals_05-06-23/sweep37/interval82
nProcs : 1
sigFpe : Enabling floating point exception trapping (FOAM_SIGFPE).
fileModificationChecking : Monitoring run-time modified files using timeStampMaster
allowSystemOperations : Allowing user-supplied system call operations

// * * * * * * * * * * * * * * * * * * * * * * * * * * * * * * * * * * * * * //
Create time

Create mesh for time = 0.481

Selecting dynamicFvMesh dynamicMotionSolverFvMesh
Selecting motion solver: displacementLaplacian
Selecting motion diffusion: quadratic
Selecting motion diffusion: quadratic
Selecting motion diffusion: inverseDistance

PIMPLE: no residual control data found. Calculations will employ 3 corrector loops

Reading field p

Reading field U

Reading/calculating face flux field phi

Selecting incompressible transport model Newtonian
Selecting turbulence model type RASModel
Selecting RAS turbulence model kOmegaSST
bounding k, min: 0 max: 0.000732649 average: 0.00016096
kOmegaSSTCoeffs
{
    alphaK1         0.85034;
    alphaK2         1;
    alphaOmega1     0.5;
    alphaOmega2     0.85616;
    gamma1          0.5532;
    gamma2          0.4403;
    beta1           0.075;
    beta2           0.0828;
    betaStar        0.09;
    a1              0.31;
    c1              10;
    Cmu             0.09;
    b1              1;
    F3              false;
}

Reading/calculating face velocity Uf

No finite volume options present

Courant Number mean: 0.155896 max: 0.347932

Starting time loop

Courant Number mean: 0.155896 max: 0.347932
Time = 0.482

GAMG:  Solving for cellDisplacementx, Initial residual = 0, Final residual = 0, No Iterations 0
GAMG:  Solving for cellDisplacementy, Initial residual = 0, Final residual = 0, No Iterations 0
GAMG:  Solving for cellDisplacementz, Initial residual = 0, Final residual = 0, No Iterations 0
PIMPLE: iteration 1
DILUPBiCG:  Solving for Ux, Initial residual = 0.0643522, Final residual = 0.000248093, No Iterations 1
DILUPBiCG:  Solving for Uy, Initial residual = 0.0115822, Final residual = 2.43078e-05, No Iterations 1
DILUPBiCG:  Solving for Uz, Initial residual = 0.0111463, Final residual = 1.72866e-05, No Iterations 1
GAMG:  Solving for p, Initial residual = 0.119803, Final residual = 0.00112696, No Iterations 4
GAMG:  Solving for p, Initial residual = 0.0148214, Final residual = 0.000127536, No Iterations 20
GAMG:  Solving for p, Initial residual = 0.00692737, Final residual = 5.74213e-05, No Iterations 10
time step continuity errors : sum local = 8.51705e-07, global = 2.22206e-07, cumulative = 2.22206e-07
GAMG:  Solving for p, Initial residual = 0.052398, Final residual = 0.000439974, No Iterations 4
GAMG:  Solving for p, Initial residual = 0.00741176, Final residual = 7.28299e-05, No Iterations 16
GAMG:  Solving for p, Initial residual = 0.003499, Final residual = 2.94816e-05, No Iterations 12
time step continuity errors : sum local = 4.38266e-07, global = 1.30933e-07, cumulative = 3.53139e-07
PIMPLE: iteration 2
DILUPBiCG:  Solving for Ux, Initial residual = 0.0175049, Final residual = 0.000102299, No Iterations 1
DILUPBiCG:  Solving for Uy, Initial residual = 0.00331201, Final residual = 6.86782e-06, No Iterations 1
DILUPBiCG:  Solving for Uz, Initial residual = 0.00281953, Final residual = 1.03046e-05, No Iterations 1
GAMG:  Solving for p, Initial residual = 0.0519594, Final residual = 0.000479131, No Iterations 4
GAMG:  Solving for p, Initial residual = 0.0090982, Final residual = 8.4909e-05, No Iterations 16
GAMG:  Solving for p, Initial residual = 0.00402105, Final residual = 3.63387e-05, No Iterations 10
time step continuity errors : sum local = 4.66803e-07, global = -1.21083e-07, cumulative = 2.32056e-07
GAMG:  Solving for p, Initial residual = 0.0269073, Final residual = 0.000216177, No Iterations 4
GAMG:  Solving for p, Initial residual = 0.0045931, Final residual = 4.09986e-05, No Iterations 14
GAMG:  Solving for p, Initial residual = 0.0019193, Final residual = 1.78201e-05, No Iterations 10
time step continuity errors : sum local = 2.29929e-07, global = -5.85038e-08, cumulative = 1.73552e-07
PIMPLE: iteration 3
DILUPBiCG:  Solving for Ux, Initial residual = 0.00399155, Final residual = 2.91648e-06, No Iterations 2
DILUPBiCG:  Solving for Uy, Initial residual = 0.000779979, Final residual = 5.2702e-06, No Iterations 1
DILUPBiCG:  Solving for Uz, Initial residual = 0.00611341, Final residual = 3.23873e-06, No Iterations 2
GAMG:  Solving for p, Initial residual = 0.0419697, Final residual = 0.000353018, No Iterations 5
GAMG:  Solving for p, Initial residual = 0.00962304, Final residual = 8.37267e-05, No Iterations 12
GAMG:  Solving for p, Initial residual = 0.00462539, Final residual = 3.94727e-05, No Iterations 10
time step continuity errors : sum local = 5.6927e-07, global = -1.47843e-07, cumulative = 2.57091e-08
GAMG:  Solving for p, Initial residual = 0.00241157, Final residual = 2.40885e-05, No Iterations 13
GAMG:  Solving for p, Initial residual = 0.00130293, Final residual = 1.02464e-05, No Iterations 5
GAMG:  Solving for p, Initial residual = 0.000540822, Final residual = 8.60774e-07, No Iterations 30
time step continuity errors : sum local = 1.23159e-08, global = 3.69005e-09, cumulative = 2.93992e-08
DILUPBiCG:  Solving for omega, Initial residual = 0.000930772, Final residual = 7.58786e-07, No Iterations 1
DILUPBiCG:  Solving for k, Initial residual = 0.00396862, Final residual = 7.2166e-07, No Iterations 2
bounding k, min: 0 max: 0.000721173 average: 0.000159871
ExecutionTime = 15.86 s  ClockTime = 16 s

End

