/*---------------------------------------------------------------------------*\
| =========                 |                                                 |
| \\      /  F ield         | OpenFOAM: The Open Source CFD Toolbox           |
|  \\    /   O peration     | Version:  2.3.1                                 |
|   \\  /    A nd           | Web:      www.OpenFOAM.org                      |
|    \\/     M anipulation  |                                                 |
\*---------------------------------------------------------------------------*/
Build  : 2.3.1-262087cdf8db
Exec   : pimpleDyMFoam
Date   : Jun 06 2023
Time   : 00:40:19
Host   : "jcosson-VirtualBox"
PID    : 9389
Case   : /home/jcosson/workspace/henersj_shootingdata/calcs/moderate_deformed/primal/100_intervals_05-06-23/sweep21/interval78
nProcs : 1
sigFpe : Enabling floating point exception trapping (FOAM_SIGFPE).
fileModificationChecking : Monitoring run-time modified files using timeStampMaster
allowSystemOperations : Allowing user-supplied system call operations

// * * * * * * * * * * * * * * * * * * * * * * * * * * * * * * * * * * * * * //
Create time

Create mesh for time = 0.477

Selecting dynamicFvMesh dynamicMotionSolverFvMesh
Selecting motion solver: displacementLaplacian
Selecting motion diffusion: quadratic
Selecting motion diffusion: quadratic
Selecting motion diffusion: inverseDistance

PIMPLE: no residual control data found. Calculations will employ 3 corrector loops

Reading field p

Reading field U

Reading/calculating face flux field phi

Selecting incompressible transport model Newtonian
Selecting turbulence model type RASModel
Selecting RAS turbulence model kOmegaSST
bounding k, min: 0 max: 0.000783632 average: 0.000168963
kOmegaSSTCoeffs
{
    alphaK1         0.85034;
    alphaK2         1;
    alphaOmega1     0.5;
    alphaOmega2     0.85616;
    gamma1          0.5532;
    gamma2          0.4403;
    beta1           0.075;
    beta2           0.0828;
    betaStar        0.09;
    a1              0.31;
    c1              10;
    Cmu             0.09;
    b1              1;
    F3              false;
}

Reading/calculating face velocity Uf

No finite volume options present

Courant Number mean: 0.177722 max: 0.399329

Starting time loop

Courant Number mean: 0.177722 max: 0.399329
Time = 0.478

GAMG:  Solving for cellDisplacementx, Initial residual = 0, Final residual = 0, No Iterations 0
GAMG:  Solving for cellDisplacementy, Initial residual = 0, Final residual = 0, No Iterations 0
GAMG:  Solving for cellDisplacementz, Initial residual = 0, Final residual = 0, No Iterations 0
PIMPLE: iteration 1
DILUPBiCG:  Solving for Ux, Initial residual = 0.0614383, Final residual = 0.000244741, No Iterations 1
DILUPBiCG:  Solving for Uy, Initial residual = 0.0106292, Final residual = 2.34478e-05, No Iterations 1
DILUPBiCG:  Solving for Uz, Initial residual = 0.0144599, Final residual = 2.39609e-05, No Iterations 1
GAMG:  Solving for p, Initial residual = 0.123759, Final residual = 0.00123091, No Iterations 4
GAMG:  Solving for p, Initial residual = 0.0151884, Final residual = 0.000136104, No Iterations 20
GAMG:  Solving for p, Initial residual = 0.00698124, Final residual = 6.62797e-05, No Iterations 4
time step continuity errors : sum local = 1.01972e-06, global = 3.73948e-07, cumulative = 3.73948e-07
GAMG:  Solving for p, Initial residual = 0.053469, Final residual = 0.000484676, No Iterations 4
GAMG:  Solving for p, Initial residual = 0.00759359, Final residual = 6.53361e-05, No Iterations 18
GAMG:  Solving for p, Initial residual = 0.00354055, Final residual = 2.85474e-05, No Iterations 10
time step continuity errors : sum local = 4.39874e-07, global = 1.15981e-07, cumulative = 4.8993e-07
PIMPLE: iteration 2
DILUPBiCG:  Solving for Ux, Initial residual = 0.0171889, Final residual = 0.000103686, No Iterations 1
DILUPBiCG:  Solving for Uy, Initial residual = 0.00313066, Final residual = 6.89674e-06, No Iterations 1
DILUPBiCG:  Solving for Uz, Initial residual = 0.00316912, Final residual = 1.1895e-05, No Iterations 1
GAMG:  Solving for p, Initial residual = 0.0531962, Final residual = 0.000478575, No Iterations 4
GAMG:  Solving for p, Initial residual = 0.0091394, Final residual = 8.5669e-05, No Iterations 16
GAMG:  Solving for p, Initial residual = 0.00407671, Final residual = 3.98989e-05, No Iterations 8
time step continuity errors : sum local = 5.27496e-07, global = -1.29034e-07, cumulative = 3.60896e-07
GAMG:  Solving for p, Initial residual = 0.0275115, Final residual = 0.000214355, No Iterations 4
GAMG:  Solving for p, Initial residual = 0.00459764, Final residual = 4.09198e-05, No Iterations 14
GAMG:  Solving for p, Initial residual = 0.00191568, Final residual = 1.65887e-05, No Iterations 10
time step continuity errors : sum local = 2.2032e-07, global = -5.55079e-08, cumulative = 3.05388e-07
PIMPLE: iteration 3
DILUPBiCG:  Solving for Ux, Initial residual = 0.00403952, Final residual = 2.73971e-06, No Iterations 2
DILUPBiCG:  Solving for Uy, Initial residual = 0.000754069, Final residual = 5.88254e-06, No Iterations 1
DILUPBiCG:  Solving for Uz, Initial residual = 0.0065081, Final residual = 3.21144e-06, No Iterations 2
GAMG:  Solving for p, Initial residual = 0.0408821, Final residual = 0.000369627, No Iterations 5
GAMG:  Solving for p, Initial residual = 0.00957001, Final residual = 7.68571e-05, No Iterations 10
GAMG:  Solving for p, Initial residual = 0.00448159, Final residual = 4.41028e-05, No Iterations 4
time step continuity errors : sum local = 6.54442e-07, global = -2.19597e-07, cumulative = 8.57915e-08
GAMG:  Solving for p, Initial residual = 0.00241466, Final residual = 2.31552e-05, No Iterations 14
GAMG:  Solving for p, Initial residual = 0.00129592, Final residual = 1.16711e-05, No Iterations 4
GAMG:  Solving for p, Initial residual = 0.000532967, Final residual = 9.90966e-07, No Iterations 28
time step continuity errors : sum local = 1.46117e-08, global = 4.36448e-09, cumulative = 9.01559e-08
DILUPBiCG:  Solving for omega, Initial residual = 0.000865455, Final residual = 8.14777e-07, No Iterations 1
DILUPBiCG:  Solving for k, Initial residual = 0.00425206, Final residual = 9.97117e-07, No Iterations 2
bounding k, min: 0 max: 0.000774249 average: 0.000167786
ExecutionTime = 14.01 s  ClockTime = 14 s

End

