/*---------------------------------------------------------------------------*\
| =========                 |                                                 |
| \\      /  F ield         | OpenFOAM: The Open Source CFD Toolbox           |
|  \\    /   O peration     | Version:  2.3.1                                 |
|   \\  /    A nd           | Web:      www.OpenFOAM.org                      |
|    \\/     M anipulation  |                                                 |
\*---------------------------------------------------------------------------*/
Build  : 2.3.1-262087cdf8db
Exec   : pimpleDyMFoam
Date   : Jun 06 2023
Time   : 00:39:20
Host   : "jcosson-VirtualBox"
PID    : 9284
Case   : /home/jcosson/workspace/henersj_shootingdata/calcs/moderate_deformed/primal/100_intervals_05-06-23/sweep21/interval26
nProcs : 1
sigFpe : Enabling floating point exception trapping (FOAM_SIGFPE).
fileModificationChecking : Monitoring run-time modified files using timeStampMaster
allowSystemOperations : Allowing user-supplied system call operations

// * * * * * * * * * * * * * * * * * * * * * * * * * * * * * * * * * * * * * //
Create time

Create mesh for time = 0.425

Selecting dynamicFvMesh dynamicMotionSolverFvMesh
Selecting motion solver: displacementLaplacian
Selecting motion diffusion: quadratic
Selecting motion diffusion: quadratic
Selecting motion diffusion: inverseDistance

PIMPLE: no residual control data found. Calculations will employ 3 corrector loops

Reading field p

Reading field U

Reading/calculating face flux field phi

Selecting incompressible transport model Newtonian
Selecting turbulence model type RASModel
Selecting RAS turbulence model kOmegaSST
kOmegaSSTCoeffs
{
    alphaK1         0.85034;
    alphaK2         1;
    alphaOmega1     0.5;
    alphaOmega2     0.85616;
    gamma1          0.5532;
    gamma2          0.4403;
    beta1           0.075;
    beta2           0.0828;
    betaStar        0.09;
    a1              0.31;
    c1              10;
    Cmu             0.09;
    b1              1;
    F3              false;
}

Reading/calculating face velocity Uf

No finite volume options present

Courant Number mean: 0.187833 max: 0.404727

Starting time loop

Courant Number mean: 0.187833 max: 0.404727
Time = 0.426

GAMG:  Solving for cellDisplacementx, Initial residual = 0, Final residual = 0, No Iterations 0
GAMG:  Solving for cellDisplacementy, Initial residual = 0, Final residual = 0, No Iterations 0
GAMG:  Solving for cellDisplacementz, Initial residual = 0, Final residual = 0, No Iterations 0
PIMPLE: iteration 1
DILUPBiCG:  Solving for Ux, Initial residual = 0.0591173, Final residual = 0.000198454, No Iterations 1
DILUPBiCG:  Solving for Uy, Initial residual = 0.00995262, Final residual = 2.045e-05, No Iterations 1
DILUPBiCG:  Solving for Uz, Initial residual = 0.0219308, Final residual = 2.77086e-05, No Iterations 1
GAMG:  Solving for p, Initial residual = 0.127327, Final residual = 0.000876124, No Iterations 6
GAMG:  Solving for p, Initial residual = 0.0159708, Final residual = 0.000140901, No Iterations 18
GAMG:  Solving for p, Initial residual = 0.00703032, Final residual = 6.82951e-05, No Iterations 4
time step continuity errors : sum local = 1.05013e-06, global = -3.568e-07, cumulative = -3.568e-07
GAMG:  Solving for p, Initial residual = 0.0545951, Final residual = 0.000521371, No Iterations 4
GAMG:  Solving for p, Initial residual = 0.00794237, Final residual = 7.29039e-05, No Iterations 18
GAMG:  Solving for p, Initial residual = 0.00366879, Final residual = 3.63331e-05, No Iterations 8
time step continuity errors : sum local = 5.59946e-07, global = -1.23531e-07, cumulative = -4.8033e-07
PIMPLE: iteration 2
DILUPBiCG:  Solving for Ux, Initial residual = 0.0166463, Final residual = 7.69907e-05, No Iterations 1
DILUPBiCG:  Solving for Uy, Initial residual = 0.00276792, Final residual = 7.25884e-06, No Iterations 1
DILUPBiCG:  Solving for Uz, Initial residual = 0.00348502, Final residual = 2.23577e-05, No Iterations 1
GAMG:  Solving for p, Initial residual = 0.0550955, Final residual = 0.000478563, No Iterations 4
GAMG:  Solving for p, Initial residual = 0.00965111, Final residual = 9.63871e-05, No Iterations 14
GAMG:  Solving for p, Initial residual = 0.0044373, Final residual = 4.17864e-05, No Iterations 8
time step continuity errors : sum local = 5.49458e-07, global = 1.49407e-07, cumulative = -3.30924e-07
GAMG:  Solving for p, Initial residual = 0.0284069, Final residual = 0.000209943, No Iterations 4
GAMG:  Solving for p, Initial residual = 0.00484035, Final residual = 4.80435e-05, No Iterations 12
GAMG:  Solving for p, Initial residual = 0.00209554, Final residual = 2.076e-05, No Iterations 8
time step continuity errors : sum local = 2.7429e-07, global = 6.60961e-08, cumulative = -2.64827e-07
PIMPLE: iteration 3
DILUPBiCG:  Solving for Ux, Initial residual = 0.00404097, Final residual = 1.39903e-06, No Iterations 2
DILUPBiCG:  Solving for Uy, Initial residual = 0.000681609, Final residual = 8.25142e-06, No Iterations 1
DILUPBiCG:  Solving for Uz, Initial residual = 0.00881054, Final residual = 2.58834e-06, No Iterations 2
GAMG:  Solving for p, Initial residual = 0.0403648, Final residual = 0.000296848, No Iterations 5
GAMG:  Solving for p, Initial residual = 0.00960922, Final residual = 8.51002e-05, No Iterations 5
GAMG:  Solving for p, Initial residual = 0.00421846, Final residual = 3.46331e-05, No Iterations 10
time step continuity errors : sum local = 5.1223e-07, global = 1.30496e-07, cumulative = -1.34331e-07
GAMG:  Solving for p, Initial residual = 0.00239212, Final residual = 2.22601e-05, No Iterations 18
GAMG:  Solving for p, Initial residual = 0.00136394, Final residual = 1.14917e-05, No Iterations 4
GAMG:  Solving for p, Initial residual = 0.000518352, Final residual = 9.54132e-07, No Iterations 32
time step continuity errors : sum local = 1.40333e-08, global = -4.13327e-09, cumulative = -1.38464e-07
DILUPBiCG:  Solving for omega, Initial residual = 0.000657768, Final residual = 7.43243e-07, No Iterations 1
DILUPBiCG:  Solving for k, Initial residual = 0.00471257, Final residual = 1.17781e-06, No Iterations 2
ExecutionTime = 18.09 s  ClockTime = 18 s

End

