/*---------------------------------------------------------------------------*\
| =========                 |                                                 |
| \\      /  F ield         | OpenFOAM: The Open Source CFD Toolbox           |
|  \\    /   O peration     | Version:  2.3.1                                 |
|   \\  /    A nd           | Web:      www.OpenFOAM.org                      |
|    \\/     M anipulation  |                                                 |
\*---------------------------------------------------------------------------*/
Build  : 2.3.1-262087cdf8db
Exec   : pimpleDyMFoam
Date   : Jun 06 2023
Time   : 00:40:27
Host   : "jcosson-VirtualBox"
PID    : 9395
Case   : /home/jcosson/workspace/henersj_shootingdata/calcs/moderate_deformed/primal/100_intervals_05-06-23/sweep21/interval81
nProcs : 1
sigFpe : Enabling floating point exception trapping (FOAM_SIGFPE).
fileModificationChecking : Monitoring run-time modified files using timeStampMaster
allowSystemOperations : Allowing user-supplied system call operations

// * * * * * * * * * * * * * * * * * * * * * * * * * * * * * * * * * * * * * //
Create time

Create mesh for time = 0.48

Selecting dynamicFvMesh dynamicMotionSolverFvMesh
Selecting motion solver: displacementLaplacian
Selecting motion diffusion: quadratic
Selecting motion diffusion: quadratic
Selecting motion diffusion: inverseDistance

PIMPLE: no residual control data found. Calculations will employ 3 corrector loops

Reading field p

Reading field U

Reading/calculating face flux field phi

Selecting incompressible transport model Newtonian
Selecting turbulence model type RASModel
Selecting RAS turbulence model kOmegaSST
bounding k, min: 0 max: 0.000767221 average: 0.000166346
kOmegaSSTCoeffs
{
    alphaK1         0.85034;
    alphaK2         1;
    alphaOmega1     0.5;
    alphaOmega2     0.85616;
    gamma1          0.5532;
    gamma2          0.4403;
    beta1           0.075;
    beta2           0.0828;
    betaStar        0.09;
    a1              0.31;
    c1              10;
    Cmu             0.09;
    b1              1;
    F3              false;
}

Reading/calculating face velocity Uf

No finite volume options present

Courant Number mean: 0.161031 max: 0.362888

Starting time loop

Courant Number mean: 0.161031 max: 0.362888
Time = 0.481

GAMG:  Solving for cellDisplacementx, Initial residual = 0, Final residual = 0, No Iterations 0
GAMG:  Solving for cellDisplacementy, Initial residual = 0, Final residual = 0, No Iterations 0
GAMG:  Solving for cellDisplacementz, Initial residual = 0, Final residual = 0, No Iterations 0
PIMPLE: iteration 1
DILUPBiCG:  Solving for Ux, Initial residual = 0.0640401, Final residual = 0.000249779, No Iterations 1
DILUPBiCG:  Solving for Uy, Initial residual = 0.0114406, Final residual = 2.47064e-05, No Iterations 1
DILUPBiCG:  Solving for Uz, Initial residual = 0.0162845, Final residual = 2.18035e-05, No Iterations 1
GAMG:  Solving for p, Initial residual = 0.122303, Final residual = 0.00110162, No Iterations 4
GAMG:  Solving for p, Initial residual = 0.015541, Final residual = 0.000150711, No Iterations 18
GAMG:  Solving for p, Initial residual = 0.00721907, Final residual = 6.26233e-05, No Iterations 4
time step continuity errors : sum local = 9.39461e-07, global = 3.42345e-07, cumulative = 3.42345e-07
GAMG:  Solving for p, Initial residual = 0.0533638, Final residual = 0.000443579, No Iterations 4
GAMG:  Solving for p, Initial residual = 0.00775254, Final residual = 7.25009e-05, No Iterations 16
GAMG:  Solving for p, Initial residual = 0.00364248, Final residual = 3.45156e-05, No Iterations 4
time step continuity errors : sum local = 5.19346e-07, global = 1.88299e-07, cumulative = 5.30644e-07
PIMPLE: iteration 2
DILUPBiCG:  Solving for Ux, Initial residual = 0.0175161, Final residual = 0.000105552, No Iterations 1
DILUPBiCG:  Solving for Uy, Initial residual = 0.00328284, Final residual = 7.09743e-06, No Iterations 1
DILUPBiCG:  Solving for Uz, Initial residual = 0.00305718, Final residual = 1.12615e-05, No Iterations 1
GAMG:  Solving for p, Initial residual = 0.052934, Final residual = 0.000473781, No Iterations 4
GAMG:  Solving for p, Initial residual = 0.0093436, Final residual = 8.60298e-05, No Iterations 16
GAMG:  Solving for p, Initial residual = 0.00416307, Final residual = 4.03267e-05, No Iterations 6
time step continuity errors : sum local = 5.22977e-07, global = -1.3817e-07, cumulative = 3.92474e-07
GAMG:  Solving for p, Initial residual = 0.0274697, Final residual = 0.00021674, No Iterations 4
GAMG:  Solving for p, Initial residual = 0.00476581, Final residual = 4.21609e-05, No Iterations 14
GAMG:  Solving for p, Initial residual = 0.00198102, Final residual = 1.87644e-05, No Iterations 8
time step continuity errors : sum local = 2.44293e-07, global = -5.13481e-08, cumulative = 3.41126e-07
PIMPLE: iteration 3
DILUPBiCG:  Solving for Ux, Initial residual = 0.00403639, Final residual = 2.92996e-06, No Iterations 2
DILUPBiCG:  Solving for Uy, Initial residual = 0.000785349, Final residual = 5.37537e-06, No Iterations 1
DILUPBiCG:  Solving for Uz, Initial residual = 0.00605694, Final residual = 2.79416e-06, No Iterations 2
GAMG:  Solving for p, Initial residual = 0.041606, Final residual = 0.000347062, No Iterations 5
GAMG:  Solving for p, Initial residual = 0.00957146, Final residual = 8.22012e-05, No Iterations 14
GAMG:  Solving for p, Initial residual = 0.00465178, Final residual = 3.9935e-05, No Iterations 10
time step continuity errors : sum local = 5.81761e-07, global = -1.50747e-07, cumulative = 1.90379e-07
GAMG:  Solving for p, Initial residual = 0.0024289, Final residual = 2.18535e-05, No Iterations 14
GAMG:  Solving for p, Initial residual = 0.00130837, Final residual = 1.15433e-05, No Iterations 4
GAMG:  Solving for p, Initial residual = 0.000529275, Final residual = 8.68288e-07, No Iterations 30
time step continuity errors : sum local = 1.25453e-08, global = 3.73336e-09, cumulative = 1.94112e-07
DILUPBiCG:  Solving for omega, Initial residual = 0.00100239, Final residual = 8.39153e-07, No Iterations 1
DILUPBiCG:  Solving for k, Initial residual = 0.00416742, Final residual = 8.20888e-07, No Iterations 2
bounding k, min: 0 max: 0.000757976 average: 0.00016517
ExecutionTime = 16.21 s  ClockTime = 17 s

End

