/*---------------------------------------------------------------------------*\
| =========                 |                                                 |
| \\      /  F ield         | OpenFOAM: The Open Source CFD Toolbox           |
|  \\    /   O peration     | Version:  2.3.1                                 |
|   \\  /    A nd           | Web:      www.OpenFOAM.org                      |
|    \\/     M anipulation  |                                                 |
\*---------------------------------------------------------------------------*/
Build  : 2.3.1-262087cdf8db
Exec   : pimpleDyMFoam
Date   : Jun 06 2023
Time   : 00:40:13
Host   : "jcosson-VirtualBox"
PID    : 9383
Case   : /home/jcosson/workspace/henersj_shootingdata/calcs/moderate_deformed/primal/100_intervals_05-06-23/sweep21/interval75
nProcs : 1
sigFpe : Enabling floating point exception trapping (FOAM_SIGFPE).
fileModificationChecking : Monitoring run-time modified files using timeStampMaster
allowSystemOperations : Allowing user-supplied system call operations

// * * * * * * * * * * * * * * * * * * * * * * * * * * * * * * * * * * * * * //
Create time

Create mesh for time = 0.474

Selecting dynamicFvMesh dynamicMotionSolverFvMesh
Selecting motion solver: displacementLaplacian
Selecting motion diffusion: quadratic
Selecting motion diffusion: quadratic
Selecting motion diffusion: inverseDistance

PIMPLE: no residual control data found. Calculations will employ 3 corrector loops

Reading field p

Reading field U

Reading/calculating face flux field phi

Selecting incompressible transport model Newtonian
Selecting turbulence model type RASModel
Selecting RAS turbulence model kOmegaSST
kOmegaSSTCoeffs
{
    alphaK1         0.85034;
    alphaK2         1;
    alphaOmega1     0.5;
    alphaOmega2     0.85616;
    gamma1          0.5532;
    gamma2          0.4403;
    beta1           0.075;
    beta2           0.0828;
    betaStar        0.09;
    a1              0.31;
    c1              10;
    Cmu             0.09;
    b1              1;
    F3              false;
}

Reading/calculating face velocity Uf

No finite volume options present

Courant Number mean: 0.194806 max: 0.43626

Starting time loop

Courant Number mean: 0.194806 max: 0.43626
Time = 0.475

GAMG:  Solving for cellDisplacementx, Initial residual = 0, Final residual = 0, No Iterations 0
GAMG:  Solving for cellDisplacementy, Initial residual = 0, Final residual = 0, No Iterations 0
GAMG:  Solving for cellDisplacementz, Initial residual = 0, Final residual = 0, No Iterations 0
PIMPLE: iteration 1
DILUPBiCG:  Solving for Ux, Initial residual = 0.0569878, Final residual = 0.000231469, No Iterations 1
DILUPBiCG:  Solving for Uy, Initial residual = 0.00959452, Final residual = 2.15879e-05, No Iterations 1
DILUPBiCG:  Solving for Uz, Initial residual = 0.0130489, Final residual = 2.72362e-05, No Iterations 1
GAMG:  Solving for p, Initial residual = 0.125611, Final residual = 0.000924825, No Iterations 6
GAMG:  Solving for p, Initial residual = 0.0149811, Final residual = 0.000139653, No Iterations 18
GAMG:  Solving for p, Initial residual = 0.00656128, Final residual = 5.51127e-05, No Iterations 12
time step continuity errors : sum local = 8.3877e-07, global = 2.52097e-07, cumulative = 2.52097e-07
GAMG:  Solving for p, Initial residual = 0.053683, Final residual = 0.000509514, No Iterations 4
GAMG:  Solving for p, Initial residual = 0.00754858, Final residual = 6.88965e-05, No Iterations 18
GAMG:  Solving for p, Initial residual = 0.00349013, Final residual = 3.33149e-05, No Iterations 10
time step continuity errors : sum local = 5.07312e-07, global = 1.35261e-07, cumulative = 3.87357e-07
PIMPLE: iteration 2
DILUPBiCG:  Solving for Ux, Initial residual = 0.016242, Final residual = 9.76819e-05, No Iterations 1
DILUPBiCG:  Solving for Uy, Initial residual = 0.00288222, Final residual = 6.45683e-06, No Iterations 1
DILUPBiCG:  Solving for Uz, Initial residual = 0.00327543, Final residual = 1.20965e-05, No Iterations 1
GAMG:  Solving for p, Initial residual = 0.0537419, Final residual = 0.000472138, No Iterations 4
GAMG:  Solving for p, Initial residual = 0.00902442, Final residual = 8.46755e-05, No Iterations 16
GAMG:  Solving for p, Initial residual = 0.00404244, Final residual = 3.99287e-05, No Iterations 8
time step continuity errors : sum local = 5.19939e-07, global = -1.38731e-07, cumulative = 2.48627e-07
GAMG:  Solving for p, Initial residual = 0.0277001, Final residual = 0.00020889, No Iterations 4
GAMG:  Solving for p, Initial residual = 0.00449319, Final residual = 3.95364e-05, No Iterations 14
GAMG:  Solving for p, Initial residual = 0.00189489, Final residual = 1.68865e-05, No Iterations 10
time step continuity errors : sum local = 2.20999e-07, global = -5.6626e-08, cumulative = 1.92001e-07
PIMPLE: iteration 3
DILUPBiCG:  Solving for Ux, Initial residual = 0.00391282, Final residual = 2.39426e-06, No Iterations 2
DILUPBiCG:  Solving for Uy, Initial residual = 0.000703838, Final residual = 6.38311e-06, No Iterations 1
DILUPBiCG:  Solving for Uz, Initial residual = 0.00693513, Final residual = 3.55187e-06, No Iterations 2
GAMG:  Solving for p, Initial residual = 0.0404683, Final residual = 0.000346354, No Iterations 5
GAMG:  Solving for p, Initial residual = 0.00953959, Final residual = 9.02965e-05, No Iterations 7
GAMG:  Solving for p, Initial residual = 0.00435095, Final residual = 3.90126e-05, No Iterations 10
time step continuity errors : sum local = 5.70035e-07, global = -1.45969e-07, cumulative = 4.60318e-08
GAMG:  Solving for p, Initial residual = 0.00245283, Final residual = 2.1354e-05, No Iterations 18
GAMG:  Solving for p, Initial residual = 0.00135121, Final residual = 1.14332e-05, No Iterations 4
GAMG:  Solving for p, Initial residual = 0.000541751, Final residual = 9.12421e-07, No Iterations 32
time step continuity errors : sum local = 1.32647e-08, global = 3.90809e-09, cumulative = 4.99399e-08
DILUPBiCG:  Solving for omega, Initial residual = 0.000732925, Final residual = 7.75803e-07, No Iterations 1
DILUPBiCG:  Solving for k, Initial residual = 0.00434209, Final residual = 1.14899e-06, No Iterations 2
ExecutionTime = 16.69 s  ClockTime = 17 s

End

