/*---------------------------------------------------------------------------*\
| =========                 |                                                 |
| \\      /  F ield         | OpenFOAM: The Open Source CFD Toolbox           |
|  \\    /   O peration     | Version:  2.3.1                                 |
|   \\  /    A nd           | Web:      www.OpenFOAM.org                      |
|    \\/     M anipulation  |                                                 |
\*---------------------------------------------------------------------------*/
Build  : 2.3.1-262087cdf8db
Exec   : pimpleDyMFoam
Date   : Jun 06 2023
Time   : 00:39:56
Host   : "jcosson-VirtualBox"
PID    : 9349
Case   : /home/jcosson/workspace/henersj_shootingdata/calcs/moderate_deformed/primal/100_intervals_05-06-23/sweep21/interval58
nProcs : 1
sigFpe : Enabling floating point exception trapping (FOAM_SIGFPE).
fileModificationChecking : Monitoring run-time modified files using timeStampMaster
allowSystemOperations : Allowing user-supplied system call operations

// * * * * * * * * * * * * * * * * * * * * * * * * * * * * * * * * * * * * * //
Create time

Create mesh for time = 0.457

Selecting dynamicFvMesh dynamicMotionSolverFvMesh
Selecting motion solver: displacementLaplacian
Selecting motion diffusion: quadratic
Selecting motion diffusion: quadratic
Selecting motion diffusion: inverseDistance

PIMPLE: no residual control data found. Calculations will employ 3 corrector loops

Reading field p

Reading field U

Reading/calculating face flux field phi

Selecting incompressible transport model Newtonian
Selecting turbulence model type RASModel
Selecting RAS turbulence model kOmegaSST
kOmegaSSTCoeffs
{
    alphaK1         0.85034;
    alphaK2         1;
    alphaOmega1     0.5;
    alphaOmega2     0.85616;
    gamma1          0.5532;
    gamma2          0.4403;
    beta1           0.075;
    beta2           0.0828;
    betaStar        0.09;
    a1              0.31;
    c1              10;
    Cmu             0.09;
    b1              1;
    F3              false;
}

Reading/calculating face velocity Uf

No finite volume options present

Courant Number mean: 0.271111 max: 0.599632

Starting time loop

Courant Number mean: 0.271111 max: 0.599632
Time = 0.458

GAMG:  Solving for cellDisplacementx, Initial residual = 0, Final residual = 0, No Iterations 0
GAMG:  Solving for cellDisplacementy, Initial residual = 0, Final residual = 0, No Iterations 0
GAMG:  Solving for cellDisplacementz, Initial residual = 0, Final residual = 0, No Iterations 0
PIMPLE: iteration 1
DILUPBiCG:  Solving for Ux, Initial residual = 0.01689, Final residual = 6.45837e-05, No Iterations 1
DILUPBiCG:  Solving for Uy, Initial residual = 0.00270275, Final residual = 6.47753e-06, No Iterations 1
DILUPBiCG:  Solving for Uz, Initial residual = 0.015648, Final residual = 4.27072e-05, No Iterations 1
GAMG:  Solving for p, Initial residual = 0.179871, Final residual = 0.00154249, No Iterations 6
GAMG:  Solving for p, Initial residual = 0.0233542, Final residual = 0.000200894, No Iterations 18
GAMG:  Solving for p, Initial residual = 0.00926575, Final residual = 7.74867e-05, No Iterations 12
time step continuity errors : sum local = 5.02111e-07, global = 1.51304e-07, cumulative = 1.51304e-07
GAMG:  Solving for p, Initial residual = 0.0716453, Final residual = 0.000482112, No Iterations 6
GAMG:  Solving for p, Initial residual = 0.0115221, Final residual = 0.000109519, No Iterations 14
GAMG:  Solving for p, Initial residual = 0.00479057, Final residual = 4.41719e-05, No Iterations 12
time step continuity errors : sum local = 2.83819e-07, global = 8.50821e-08, cumulative = 2.36386e-07
PIMPLE: iteration 2
DILUPBiCG:  Solving for Ux, Initial residual = 0.00554972, Final residual = 2.63086e-05, No Iterations 1
DILUPBiCG:  Solving for Uy, Initial residual = 0.000926561, Final residual = 3.3368e-06, No Iterations 1
DILUPBiCG:  Solving for Uz, Initial residual = 0.00425964, Final residual = 1.34666e-05, No Iterations 1
GAMG:  Solving for p, Initial residual = 0.0742545, Final residual = 0.000305736, No Iterations 4
GAMG:  Solving for p, Initial residual = 0.0124759, Final residual = 0.000109306, No Iterations 12
GAMG:  Solving for p, Initial residual = 0.0057521, Final residual = 4.73135e-05, No Iterations 8
time step continuity errors : sum local = 2.58782e-07, global = -8.97364e-08, cumulative = 1.4665e-07
GAMG:  Solving for p, Initial residual = 0.0370422, Final residual = 0.000336436, No Iterations 3
GAMG:  Solving for p, Initial residual = 0.00612969, Final residual = 6.03439e-05, No Iterations 7
GAMG:  Solving for p, Initial residual = 0.00277565, Final residual = 2.62194e-05, No Iterations 8
time step continuity errors : sum local = 1.44001e-07, global = -4.23526e-08, cumulative = 1.04297e-07
PIMPLE: iteration 3
DILUPBiCG:  Solving for Ux, Initial residual = 0.00163005, Final residual = 5.81004e-07, No Iterations 2
DILUPBiCG:  Solving for Uy, Initial residual = 0.000270173, Final residual = 5.64598e-06, No Iterations 1
DILUPBiCG:  Solving for Uz, Initial residual = 0.00413644, Final residual = 1.07404e-06, No Iterations 2
GAMG:  Solving for p, Initial residual = 0.0473089, Final residual = 0.000346415, No Iterations 5
GAMG:  Solving for p, Initial residual = 0.0109134, Final residual = 9.3916e-05, No Iterations 13
GAMG:  Solving for p, Initial residual = 0.0049567, Final residual = 4.08631e-05, No Iterations 10
time step continuity errors : sum local = 2.46853e-07, global = -6.44871e-08, cumulative = 3.98102e-08
GAMG:  Solving for p, Initial residual = 0.00351608, Final residual = 2.13706e-05, No Iterations 6
GAMG:  Solving for p, Initial residual = 0.00197083, Final residual = 1.5558e-05, No Iterations 5
GAMG:  Solving for p, Initial residual = 0.000715899, Final residual = 9.8855e-07, No Iterations 32
time step continuity errors : sum local = 5.97089e-09, global = 1.75577e-09, cumulative = 4.1566e-08
DILUPBiCG:  Solving for omega, Initial residual = 0.000793147, Final residual = 1.27393e-06, No Iterations 1
DILUPBiCG:  Solving for k, Initial residual = 0.0047116, Final residual = 1.9608e-06, No Iterations 2
ExecutionTime = 16.35 s  ClockTime = 16 s

End

