/*---------------------------------------------------------------------------*\
| =========                 |                                                 |
| \\      /  F ield         | OpenFOAM: The Open Source CFD Toolbox           |
|  \\    /   O peration     | Version:  2.3.1                                 |
|   \\  /    A nd           | Web:      www.OpenFOAM.org                      |
|    \\/     M anipulation  |                                                 |
\*---------------------------------------------------------------------------*/
Build  : 2.3.1-262087cdf8db
Exec   : pimpleDyMFoam
Date   : Jun 06 2023
Time   : 00:40:11
Host   : "jcosson-VirtualBox"
PID    : 9371
Case   : /home/jcosson/workspace/henersj_shootingdata/calcs/moderate_deformed/primal/100_intervals_05-06-23/sweep21/interval69
nProcs : 1
sigFpe : Enabling floating point exception trapping (FOAM_SIGFPE).
fileModificationChecking : Monitoring run-time modified files using timeStampMaster
allowSystemOperations : Allowing user-supplied system call operations

// * * * * * * * * * * * * * * * * * * * * * * * * * * * * * * * * * * * * * //
Create time

Create mesh for time = 0.468

Selecting dynamicFvMesh dynamicMotionSolverFvMesh
Selecting motion solver: displacementLaplacian
Selecting motion diffusion: quadratic
Selecting motion diffusion: quadratic
Selecting motion diffusion: inverseDistance

PIMPLE: no residual control data found. Calculations will employ 3 corrector loops

Reading field p

Reading field U

Reading/calculating face flux field phi

Selecting incompressible transport model Newtonian
Selecting turbulence model type RASModel
Selecting RAS turbulence model kOmegaSST
kOmegaSSTCoeffs
{
    alphaK1         0.85034;
    alphaK2         1;
    alphaOmega1     0.5;
    alphaOmega2     0.85616;
    gamma1          0.5532;
    gamma2          0.4403;
    beta1           0.075;
    beta2           0.0828;
    betaStar        0.09;
    a1              0.31;
    c1              10;
    Cmu             0.09;
    b1              1;
    F3              false;
}

Reading/calculating face velocity Uf

No finite volume options present

Courant Number mean: 0.227735 max: 0.50637

Starting time loop

Courant Number mean: 0.227735 max: 0.50637
Time = 0.469

GAMG:  Solving for cellDisplacementx, Initial residual = 0, Final residual = 0, No Iterations 0
GAMG:  Solving for cellDisplacementy, Initial residual = 0, Final residual = 0, No Iterations 0
GAMG:  Solving for cellDisplacementz, Initial residual = 0, Final residual = 0, No Iterations 0
PIMPLE: iteration 1
DILUPBiCG:  Solving for Ux, Initial residual = 0.0445994, Final residual = 0.00018552, No Iterations 1
DILUPBiCG:  Solving for Uy, Initial residual = 0.00722951, Final residual = 1.67478e-05, No Iterations 1
DILUPBiCG:  Solving for Uz, Initial residual = 0.0127115, Final residual = 3.39484e-05, No Iterations 1
GAMG:  Solving for p, Initial residual = 0.133015, Final residual = 0.00107837, No Iterations 6
GAMG:  Solving for p, Initial residual = 0.0155037, Final residual = 0.000131855, No Iterations 20
GAMG:  Solving for p, Initial residual = 0.00669885, Final residual = 6.39522e-05, No Iterations 10
time step continuity errors : sum local = 8.59958e-07, global = 2.31039e-07, cumulative = 2.31039e-07
GAMG:  Solving for p, Initial residual = 0.0557218, Final residual = 0.000357929, No Iterations 6
GAMG:  Solving for p, Initial residual = 0.00782747, Final residual = 7.38441e-05, No Iterations 16
GAMG:  Solving for p, Initial residual = 0.00347728, Final residual = 3.04383e-05, No Iterations 12
time step continuity errors : sum local = 4.08145e-07, global = 1.22348e-07, cumulative = 3.53387e-07
PIMPLE: iteration 2
DILUPBiCG:  Solving for Ux, Initial residual = 0.0132365, Final residual = 7.65841e-05, No Iterations 1
DILUPBiCG:  Solving for Uy, Initial residual = 0.00226437, Final residual = 5.31341e-06, No Iterations 1
DILUPBiCG:  Solving for Uz, Initial residual = 0.00354947, Final residual = 1.27717e-05, No Iterations 1
GAMG:  Solving for p, Initial residual = 0.0564004, Final residual = 0.000465024, No Iterations 4
GAMG:  Solving for p, Initial residual = 0.00919365, Final residual = 8.50578e-05, No Iterations 16
GAMG:  Solving for p, Initial residual = 0.00421487, Final residual = 3.98799e-05, No Iterations 8
time step continuity errors : sum local = 4.54058e-07, global = -1.40883e-07, cumulative = 2.12503e-07
GAMG:  Solving for p, Initial residual = 0.0288755, Final residual = 0.000200634, No Iterations 4
GAMG:  Solving for p, Initial residual = 0.00452353, Final residual = 3.87068e-05, No Iterations 14
GAMG:  Solving for p, Initial residual = 0.00196972, Final residual = 1.87136e-05, No Iterations 8
time step continuity errors : sum local = 2.14282e-07, global = -6.13673e-08, cumulative = 1.51136e-07
PIMPLE: iteration 3
DILUPBiCG:  Solving for Ux, Initial residual = 0.00335197, Final residual = 1.46005e-06, No Iterations 2
DILUPBiCG:  Solving for Uy, Initial residual = 0.000571546, Final residual = 7.13879e-06, No Iterations 1
DILUPBiCG:  Solving for Uz, Initial residual = 0.00715473, Final residual = 2.89201e-06, No Iterations 2
GAMG:  Solving for p, Initial residual = 0.0402262, Final residual = 0.000347298, No Iterations 5
GAMG:  Solving for p, Initial residual = 0.00922733, Final residual = 7.99286e-05, No Iterations 13
GAMG:  Solving for p, Initial residual = 0.00438353, Final residual = 3.77005e-05, No Iterations 10
time step continuity errors : sum local = 4.8106e-07, global = -1.25527e-07, cumulative = 2.56084e-08
GAMG:  Solving for p, Initial residual = 0.00255268, Final residual = 2.30479e-05, No Iterations 20
GAMG:  Solving for p, Initial residual = 0.00142796, Final residual = 1.21072e-05, No Iterations 4
GAMG:  Solving for p, Initial residual = 0.000562215, Final residual = 8.58776e-07, No Iterations 36
time step continuity errors : sum local = 1.09216e-08, global = 3.2124e-09, cumulative = 2.88208e-08
DILUPBiCG:  Solving for omega, Initial residual = 0.000528483, Final residual = 8.66583e-07, No Iterations 1
DILUPBiCG:  Solving for k, Initial residual = 0.00462488, Final residual = 1.22344e-06, No Iterations 2
ExecutionTime = 16.66 s  ClockTime = 16 s

End

