/*---------------------------------------------------------------------------*\
| =========                 |                                                 |
| \\      /  F ield         | OpenFOAM: The Open Source CFD Toolbox           |
|  \\    /   O peration     | Version:  2.3.1                                 |
|   \\  /    A nd           | Web:      www.OpenFOAM.org                      |
|    \\/     M anipulation  |                                                 |
\*---------------------------------------------------------------------------*/
Build  : 2.3.1-262087cdf8db
Exec   : pimpleDyMFoam
Date   : Jun 06 2023
Time   : 01:06:05
Host   : "jcosson-VirtualBox"
PID    : 22443
Case   : /home/jcosson/workspace/henersj_shootingdata/calcs/moderate_deformed/primal/100_intervals_05-06-23/sweep29/interval62
nProcs : 1
sigFpe : Enabling floating point exception trapping (FOAM_SIGFPE).
fileModificationChecking : Monitoring run-time modified files using timeStampMaster
allowSystemOperations : Allowing user-supplied system call operations

// * * * * * * * * * * * * * * * * * * * * * * * * * * * * * * * * * * * * * //
Create time

Create mesh for time = 0.461

Selecting dynamicFvMesh dynamicMotionSolverFvMesh
Selecting motion solver: displacementLaplacian
Selecting motion diffusion: quadratic
Selecting motion diffusion: quadratic
Selecting motion diffusion: inverseDistance

PIMPLE: no residual control data found. Calculations will employ 3 corrector loops

Reading field p

Reading field U

Reading/calculating face flux field phi

Selecting incompressible transport model Newtonian
Selecting turbulence model type RASModel
Selecting RAS turbulence model kOmegaSST
kOmegaSSTCoeffs
{
    alphaK1         0.85034;
    alphaK2         1;
    alphaOmega1     0.5;
    alphaOmega2     0.85616;
    gamma1          0.5532;
    gamma2          0.4403;
    beta1           0.075;
    beta2           0.0828;
    betaStar        0.09;
    a1              0.31;
    c1              10;
    Cmu             0.09;
    b1              1;
    F3              false;
}

Reading/calculating face velocity Uf

No finite volume options present

Courant Number mean: 0.258976 max: 0.572105

Starting time loop

Courant Number mean: 0.258976 max: 0.572105
Time = 0.462

GAMG:  Solving for cellDisplacementx, Initial residual = 0, Final residual = 0, No Iterations 0
GAMG:  Solving for cellDisplacementy, Initial residual = 0, Final residual = 0, No Iterations 0
GAMG:  Solving for cellDisplacementz, Initial residual = 0, Final residual = 0, No Iterations 0
PIMPLE: iteration 1
DILUPBiCG:  Solving for Ux, Initial residual = 0.0273346, Final residual = 0.000111641, No Iterations 1
DILUPBiCG:  Solving for Uy, Initial residual = 0.00435027, Final residual = 1.02013e-05, No Iterations 1
DILUPBiCG:  Solving for Uz, Initial residual = 0.0147043, Final residual = 3.84505e-05, No Iterations 1
GAMG:  Solving for p, Initial residual = 0.154022, Final residual = 0.00132643, No Iterations 6
GAMG:  Solving for p, Initial residual = 0.018739, Final residual = 0.000179326, No Iterations 18
GAMG:  Solving for p, Initial residual = 0.00768489, Final residual = 7.00688e-05, No Iterations 12
time step continuity errors : sum local = 6.54671e-07, global = 1.97092e-07, cumulative = 1.97092e-07
GAMG:  Solving for p, Initial residual = 0.062635, Final residual = 0.000424135, No Iterations 6
GAMG:  Solving for p, Initial residual = 0.00935041, Final residual = 8.46808e-05, No Iterations 16
GAMG:  Solving for p, Initial residual = 0.00400985, Final residual = 3.39535e-05, No Iterations 12
time step continuity errors : sum local = 3.15666e-07, global = 9.42398e-08, cumulative = 2.91331e-07
PIMPLE: iteration 2
DILUPBiCG:  Solving for Ux, Initial residual = 0.00855128, Final residual = 4.20255e-05, No Iterations 1
DILUPBiCG:  Solving for Uy, Initial residual = 0.00142968, Final residual = 3.89701e-06, No Iterations 1
DILUPBiCG:  Solving for Uz, Initial residual = 0.00400495, Final residual = 1.22886e-05, No Iterations 1
GAMG:  Solving for p, Initial residual = 0.0643476, Final residual = 0.000418847, No Iterations 4
GAMG:  Solving for p, Initial residual = 0.0106882, Final residual = 9.55415e-05, No Iterations 14
GAMG:  Solving for p, Initial residual = 0.0048902, Final residual = 4.36883e-05, No Iterations 8
time step continuity errors : sum local = 3.43255e-07, global = -1.09118e-07, cumulative = 1.82214e-07
GAMG:  Solving for p, Initial residual = 0.0325301, Final residual = 0.000176924, No Iterations 4
GAMG:  Solving for p, Initial residual = 0.00520955, Final residual = 4.39908e-05, No Iterations 12
GAMG:  Solving for p, Initial residual = 0.00231816, Final residual = 2.309e-05, No Iterations 6
time step continuity errors : sum local = 1.82331e-07, global = -6.56673e-08, cumulative = 1.16547e-07
PIMPLE: iteration 3
DILUPBiCG:  Solving for Ux, Initial residual = 0.00232766, Final residual = 1.51587e-08, No Iterations 3
DILUPBiCG:  Solving for Uy, Initial residual = 0.000386477, Final residual = 6.8755e-06, No Iterations 1
DILUPBiCG:  Solving for Uz, Initial residual = 0.0056734, Final residual = 1.39188e-06, No Iterations 2
GAMG:  Solving for p, Initial residual = 0.0425115, Final residual = 0.000337553, No Iterations 5
GAMG:  Solving for p, Initial residual = 0.00970822, Final residual = 8.4514e-05, No Iterations 15
GAMG:  Solving for p, Initial residual = 0.00453351, Final residual = 4.52829e-05, No Iterations 8
time step continuity errors : sum local = 3.96571e-07, global = -8.92204e-08, cumulative = 2.73261e-08
GAMG:  Solving for p, Initial residual = 0.00292049, Final residual = 2.68241e-05, No Iterations 18
GAMG:  Solving for p, Initial residual = 0.00165633, Final residual = 1.44604e-05, No Iterations 4
GAMG:  Solving for p, Initial residual = 0.00062614, Final residual = 9.41463e-07, No Iterations 38
time step continuity errors : sum local = 8.23882e-09, global = 2.44338e-09, cumulative = 2.97695e-08
DILUPBiCG:  Solving for omega, Initial residual = 0.000610132, Final residual = 1.27985e-06, No Iterations 1
DILUPBiCG:  Solving for k, Initial residual = 0.00486769, Final residual = 1.39367e-06, No Iterations 2
ExecutionTime = 17.99 s  ClockTime = 19 s

End

