/*---------------------------------------------------------------------------*\
| =========                 |                                                 |
| \\      /  F ield         | OpenFOAM: The Open Source CFD Toolbox           |
|  \\    /   O peration     | Version:  2.3.1                                 |
|   \\  /    A nd           | Web:      www.OpenFOAM.org                      |
|    \\/     M anipulation  |                                                 |
\*---------------------------------------------------------------------------*/
Build  : 2.3.1-262087cdf8db
Exec   : pimpleDyMFoam
Date   : Jun 06 2023
Time   : 01:06:24
Host   : "jcosson-VirtualBox"
PID    : 22485
Case   : /home/jcosson/workspace/henersj_shootingdata/calcs/moderate_deformed/primal/100_intervals_05-06-23/sweep29/interval83
nProcs : 1
sigFpe : Enabling floating point exception trapping (FOAM_SIGFPE).
fileModificationChecking : Monitoring run-time modified files using timeStampMaster
allowSystemOperations : Allowing user-supplied system call operations

// * * * * * * * * * * * * * * * * * * * * * * * * * * * * * * * * * * * * * //
Create time

Create mesh for time = 0.482

Selecting dynamicFvMesh dynamicMotionSolverFvMesh
Selecting motion solver: displacementLaplacian
Selecting motion diffusion: quadratic
Selecting motion diffusion: quadratic
Selecting motion diffusion: inverseDistance

PIMPLE: no residual control data found. Calculations will employ 3 corrector loops

Reading field p

Reading field U

Reading/calculating face flux field phi

Selecting incompressible transport model Newtonian
Selecting turbulence model type RASModel
Selecting RAS turbulence model kOmegaSST
bounding k, min: 0 max: 0.000731284 average: 0.00016222
kOmegaSSTCoeffs
{
    alphaK1         0.85034;
    alphaK2         1;
    alphaOmega1     0.5;
    alphaOmega2     0.85616;
    gamma1          0.5532;
    gamma2          0.4403;
    beta1           0.075;
    beta2           0.0828;
    betaStar        0.09;
    a1              0.31;
    c1              10;
    Cmu             0.09;
    b1              1;
    F3              false;
}

Reading/calculating face velocity Uf

No finite volume options present

Courant Number mean: 0.150611 max: 0.33972

Starting time loop

Courant Number mean: 0.150611 max: 0.33972
Time = 0.483

GAMG:  Solving for cellDisplacementx, Initial residual = 0, Final residual = 0, No Iterations 0
GAMG:  Solving for cellDisplacementy, Initial residual = 0, Final residual = 0, No Iterations 0
GAMG:  Solving for cellDisplacementz, Initial residual = 0, Final residual = 0, No Iterations 0
PIMPLE: iteration 1
DILUPBiCG:  Solving for Ux, Initial residual = 0.0643521, Final residual = 0.000246362, No Iterations 1
DILUPBiCG:  Solving for Uy, Initial residual = 0.0118088, Final residual = 2.47792e-05, No Iterations 1
DILUPBiCG:  Solving for Uz, Initial residual = 0.0152588, Final residual = 1.79607e-05, No Iterations 1
GAMG:  Solving for p, Initial residual = 0.121394, Final residual = 0.00103124, No Iterations 4
GAMG:  Solving for p, Initial residual = 0.0157225, Final residual = 0.000147361, No Iterations 18
GAMG:  Solving for p, Initial residual = 0.00731427, Final residual = 5.92039e-05, No Iterations 4
time step continuity errors : sum local = 8.59556e-07, global = 2.91661e-07, cumulative = 2.91661e-07
GAMG:  Solving for p, Initial residual = 0.0532757, Final residual = 0.000417768, No Iterations 4
GAMG:  Solving for p, Initial residual = 0.00781963, Final residual = 7.17439e-05, No Iterations 16
GAMG:  Solving for p, Initial residual = 0.00366954, Final residual = 3.18119e-05, No Iterations 4
time step continuity errors : sum local = 4.63668e-07, global = 1.60673e-07, cumulative = 4.52334e-07
PIMPLE: iteration 2
DILUPBiCG:  Solving for Ux, Initial residual = 0.0173818, Final residual = 0.000101863, No Iterations 1
DILUPBiCG:  Solving for Uy, Initial residual = 0.00332624, Final residual = 6.9397e-06, No Iterations 1
DILUPBiCG:  Solving for Uz, Initial residual = 0.0027922, Final residual = 1.00935e-05, No Iterations 1
GAMG:  Solving for p, Initial residual = 0.0527386, Final residual = 0.000475006, No Iterations 4
GAMG:  Solving for p, Initial residual = 0.00960895, Final residual = 8.61735e-05, No Iterations 16
GAMG:  Solving for p, Initial residual = 0.00442872, Final residual = 4.19368e-05, No Iterations 4
time step continuity errors : sum local = 5.28049e-07, global = -2.05967e-07, cumulative = 2.46366e-07
GAMG:  Solving for p, Initial residual = 0.0274953, Final residual = 0.000220575, No Iterations 4
GAMG:  Solving for p, Initial residual = 0.00500824, Final residual = 4.26669e-05, No Iterations 14
GAMG:  Solving for p, Initial residual = 0.00210607, Final residual = 1.78849e-05, No Iterations 4
time step continuity errors : sum local = 2.25985e-07, global = -8.66853e-08, cumulative = 1.59681e-07
PIMPLE: iteration 3
DILUPBiCG:  Solving for Ux, Initial residual = 0.00395123, Final residual = 2.81475e-06, No Iterations 2
DILUPBiCG:  Solving for Uy, Initial residual = 0.000788919, Final residual = 5.08197e-06, No Iterations 1
DILUPBiCG:  Solving for Uz, Initial residual = 0.00585585, Final residual = 2.22816e-06, No Iterations 2
GAMG:  Solving for p, Initial residual = 0.0421613, Final residual = 0.000340401, No Iterations 5
GAMG:  Solving for p, Initial residual = 0.00970803, Final residual = 8.64029e-05, No Iterations 14
GAMG:  Solving for p, Initial residual = 0.00477062, Final residual = 4.36709e-05, No Iterations 10
time step continuity errors : sum local = 6.17744e-07, global = -1.60896e-07, cumulative = -1.21496e-09
GAMG:  Solving for p, Initial residual = 0.00243825, Final residual = 2.05888e-05, No Iterations 12
GAMG:  Solving for p, Initial residual = 0.00130112, Final residual = 1.23694e-05, No Iterations 4
GAMG:  Solving for p, Initial residual = 0.000523644, Final residual = 9.48688e-07, No Iterations 30
time step continuity errors : sum local = 1.32986e-08, global = 3.97725e-09, cumulative = 2.76229e-09
DILUPBiCG:  Solving for omega, Initial residual = 0.00102802, Final residual = 8.00663e-07, No Iterations 1
DILUPBiCG:  Solving for k, Initial residual = 0.0040006, Final residual = 7.20431e-07, No Iterations 2
bounding k, min: 0 max: 0.000720873 average: 0.000161098
ExecutionTime = 15.89 s  ClockTime = 16 s

End

