/*---------------------------------------------------------------------------*\
| =========                 |                                                 |
| \\      /  F ield         | OpenFOAM: The Open Source CFD Toolbox           |
|  \\    /   O peration     | Version:  2.3.1                                 |
|   \\  /    A nd           | Web:      www.OpenFOAM.org                      |
|    \\/     M anipulation  |                                                 |
\*---------------------------------------------------------------------------*/
Build  : 2.3.1-262087cdf8db
Exec   : pimpleDyMFoam
Date   : Jun 06 2023
Time   : 01:15:34
Host   : "jcosson-VirtualBox"
PID    : 27061
Case   : /home/jcosson/workspace/henersj_shootingdata/calcs/moderate_deformed/primal/100_intervals_05-06-23/sweep32/interval75
nProcs : 1
sigFpe : Enabling floating point exception trapping (FOAM_SIGFPE).
fileModificationChecking : Monitoring run-time modified files using timeStampMaster
allowSystemOperations : Allowing user-supplied system call operations

// * * * * * * * * * * * * * * * * * * * * * * * * * * * * * * * * * * * * * //
Create time

Create mesh for time = 0.474

Selecting dynamicFvMesh dynamicMotionSolverFvMesh
Selecting motion solver: displacementLaplacian
Selecting motion diffusion: quadratic
Selecting motion diffusion: quadratic
Selecting motion diffusion: inverseDistance

PIMPLE: no residual control data found. Calculations will employ 3 corrector loops

Reading field p

Reading field U

Reading/calculating face flux field phi

Selecting incompressible transport model Newtonian
Selecting turbulence model type RASModel
Selecting RAS turbulence model kOmegaSST
kOmegaSSTCoeffs
{
    alphaK1         0.85034;
    alphaK2         1;
    alphaOmega1     0.5;
    alphaOmega2     0.85616;
    gamma1          0.5532;
    gamma2          0.4403;
    beta1           0.075;
    beta2           0.0828;
    betaStar        0.09;
    a1              0.31;
    c1              10;
    Cmu             0.09;
    b1              1;
    F3              false;
}

Reading/calculating face velocity Uf

No finite volume options present

Courant Number mean: 0.1949 max: 0.43129

Starting time loop

Courant Number mean: 0.1949 max: 0.43129
Time = 0.475

GAMG:  Solving for cellDisplacementx, Initial residual = 0, Final residual = 0, No Iterations 0
GAMG:  Solving for cellDisplacementy, Initial residual = 0, Final residual = 0, No Iterations 0
GAMG:  Solving for cellDisplacementz, Initial residual = 0, Final residual = 0, No Iterations 0
PIMPLE: iteration 1
DILUPBiCG:  Solving for Ux, Initial residual = 0.0570147, Final residual = 0.000232075, No Iterations 1
DILUPBiCG:  Solving for Uy, Initial residual = 0.0095727, Final residual = 2.13213e-05, No Iterations 1
DILUPBiCG:  Solving for Uz, Initial residual = 0.0110024, Final residual = 2.56703e-05, No Iterations 1
GAMG:  Solving for p, Initial residual = 0.124823, Final residual = 0.000923661, No Iterations 6
GAMG:  Solving for p, Initial residual = 0.0145791, Final residual = 0.000139744, No Iterations 18
GAMG:  Solving for p, Initial residual = 0.00640943, Final residual = 5.58108e-05, No Iterations 12
time step continuity errors : sum local = 8.49087e-07, global = 2.55542e-07, cumulative = 2.55542e-07
GAMG:  Solving for p, Initial residual = 0.0533635, Final residual = 0.000515388, No Iterations 4
GAMG:  Solving for p, Initial residual = 0.00738483, Final residual = 6.94671e-05, No Iterations 18
GAMG:  Solving for p, Initial residual = 0.00343014, Final residual = 3.40849e-05, No Iterations 10
time step continuity errors : sum local = 5.18953e-07, global = 1.39644e-07, cumulative = 3.95187e-07
PIMPLE: iteration 2
DILUPBiCG:  Solving for Ux, Initial residual = 0.0162547, Final residual = 9.76298e-05, No Iterations 1
DILUPBiCG:  Solving for Uy, Initial residual = 0.00287889, Final residual = 6.34214e-06, No Iterations 1
DILUPBiCG:  Solving for Uz, Initial residual = 0.00314855, Final residual = 1.21611e-05, No Iterations 1
GAMG:  Solving for p, Initial residual = 0.053471, Final residual = 0.000473861, No Iterations 4
GAMG:  Solving for p, Initial residual = 0.00881447, Final residual = 8.48028e-05, No Iterations 16
GAMG:  Solving for p, Initial residual = 0.00399707, Final residual = 3.55283e-05, No Iterations 10
time step continuity errors : sum local = 4.62614e-07, global = -1.24063e-07, cumulative = 2.71124e-07
GAMG:  Solving for p, Initial residual = 0.0275475, Final residual = 0.000208106, No Iterations 4
GAMG:  Solving for p, Initial residual = 0.00439342, Final residual = 3.94e-05, No Iterations 14
GAMG:  Solving for p, Initial residual = 0.00187519, Final residual = 1.71411e-05, No Iterations 10
time step continuity errors : sum local = 2.24353e-07, global = -5.86367e-08, cumulative = 2.12487e-07
PIMPLE: iteration 3
DILUPBiCG:  Solving for Ux, Initial residual = 0.00392406, Final residual = 2.6268e-06, No Iterations 2
DILUPBiCG:  Solving for Uy, Initial residual = 0.000698604, Final residual = 6.40163e-06, No Iterations 1
DILUPBiCG:  Solving for Uz, Initial residual = 0.00695353, Final residual = 4.27977e-06, No Iterations 2
GAMG:  Solving for p, Initial residual = 0.0404237, Final residual = 0.000362306, No Iterations 5
GAMG:  Solving for p, Initial residual = 0.00937093, Final residual = 7.62845e-05, No Iterations 9
GAMG:  Solving for p, Initial residual = 0.00434855, Final residual = 4.14283e-05, No Iterations 8
time step continuity errors : sum local = 6.05203e-07, global = -1.33292e-07, cumulative = 7.91948e-08
GAMG:  Solving for p, Initial residual = 0.00243104, Final residual = 2.18097e-05, No Iterations 18
GAMG:  Solving for p, Initial residual = 0.00133637, Final residual = 1.15448e-05, No Iterations 4
GAMG:  Solving for p, Initial residual = 0.000540735, Final residual = 8.95495e-07, No Iterations 32
time step continuity errors : sum local = 1.30203e-08, global = 3.83633e-09, cumulative = 8.30311e-08
DILUPBiCG:  Solving for omega, Initial residual = 0.000646976, Final residual = 6.80997e-07, No Iterations 1
DILUPBiCG:  Solving for k, Initial residual = 0.00429611, Final residual = 1.195e-06, No Iterations 2
ExecutionTime = 15.9 s  ClockTime = 16 s

End

