/*---------------------------------------------------------------------------*\
| =========                 |                                                 |
| \\      /  F ield         | OpenFOAM: The Open Source CFD Toolbox           |
|  \\    /   O peration     | Version:  2.3.1                                 |
|   \\  /    A nd           | Web:      www.OpenFOAM.org                      |
|    \\/     M anipulation  |                                                 |
\*---------------------------------------------------------------------------*/
Build  : 2.3.1-262087cdf8db
Exec   : pimpleDyMFoam
Date   : Jun 06 2023
Time   : 01:15:16
Host   : "jcosson-VirtualBox"
PID    : 27035
Case   : /home/jcosson/workspace/henersj_shootingdata/calcs/moderate_deformed/primal/100_intervals_05-06-23/sweep32/interval62
nProcs : 1
sigFpe : Enabling floating point exception trapping (FOAM_SIGFPE).
fileModificationChecking : Monitoring run-time modified files using timeStampMaster
allowSystemOperations : Allowing user-supplied system call operations

// * * * * * * * * * * * * * * * * * * * * * * * * * * * * * * * * * * * * * //
Create time

Create mesh for time = 0.461

Selecting dynamicFvMesh dynamicMotionSolverFvMesh
Selecting motion solver: displacementLaplacian
Selecting motion diffusion: quadratic
Selecting motion diffusion: quadratic
Selecting motion diffusion: inverseDistance

PIMPLE: no residual control data found. Calculations will employ 3 corrector loops

Reading field p

Reading field U

Reading/calculating face flux field phi

Selecting incompressible transport model Newtonian
Selecting turbulence model type RASModel
Selecting RAS turbulence model kOmegaSST
kOmegaSSTCoeffs
{
    alphaK1         0.85034;
    alphaK2         1;
    alphaOmega1     0.5;
    alphaOmega2     0.85616;
    gamma1          0.5532;
    gamma2          0.4403;
    beta1           0.075;
    beta2           0.0828;
    betaStar        0.09;
    a1              0.31;
    c1              10;
    Cmu             0.09;
    b1              1;
    F3              false;
}

Reading/calculating face velocity Uf

No finite volume options present

Courant Number mean: 0.258993 max: 0.573087

Starting time loop

Courant Number mean: 0.258993 max: 0.573087
Time = 0.462

GAMG:  Solving for cellDisplacementx, Initial residual = 0, Final residual = 0, No Iterations 0
GAMG:  Solving for cellDisplacementy, Initial residual = 0, Final residual = 0, No Iterations 0
GAMG:  Solving for cellDisplacementz, Initial residual = 0, Final residual = 0, No Iterations 0
PIMPLE: iteration 1
DILUPBiCG:  Solving for Ux, Initial residual = 0.0273395, Final residual = 0.000111642, No Iterations 1
DILUPBiCG:  Solving for Uy, Initial residual = 0.00435182, Final residual = 1.02231e-05, No Iterations 1
DILUPBiCG:  Solving for Uz, Initial residual = 0.0146128, Final residual = 3.76563e-05, No Iterations 1
GAMG:  Solving for p, Initial residual = 0.153681, Final residual = 0.00132338, No Iterations 6
GAMG:  Solving for p, Initial residual = 0.0187957, Final residual = 0.00017889, No Iterations 18
GAMG:  Solving for p, Initial residual = 0.00769799, Final residual = 6.98252e-05, No Iterations 12
time step continuity errors : sum local = 6.53732e-07, global = 1.96681e-07, cumulative = 1.96681e-07
GAMG:  Solving for p, Initial residual = 0.0625326, Final residual = 0.000423408, No Iterations 6
GAMG:  Solving for p, Initial residual = 0.00936725, Final residual = 8.45345e-05, No Iterations 16
GAMG:  Solving for p, Initial residual = 0.00400806, Final residual = 3.37924e-05, No Iterations 12
time step continuity errors : sum local = 3.14813e-07, global = 9.38984e-08, cumulative = 2.90579e-07
PIMPLE: iteration 2
DILUPBiCG:  Solving for Ux, Initial residual = 0.00855317, Final residual = 4.20236e-05, No Iterations 1
DILUPBiCG:  Solving for Uy, Initial residual = 0.00143015, Final residual = 3.89769e-06, No Iterations 1
DILUPBiCG:  Solving for Uz, Initial residual = 0.0039961, Final residual = 1.21228e-05, No Iterations 1
GAMG:  Solving for p, Initial residual = 0.064202, Final residual = 0.000418238, No Iterations 4
GAMG:  Solving for p, Initial residual = 0.0106248, Final residual = 9.51359e-05, No Iterations 14
GAMG:  Solving for p, Initial residual = 0.00487235, Final residual = 4.34921e-05, No Iterations 8
time step continuity errors : sum local = 3.42542e-07, global = -1.08831e-07, cumulative = 1.81748e-07
GAMG:  Solving for p, Initial residual = 0.0324535, Final residual = 0.000176679, No Iterations 4
GAMG:  Solving for p, Initial residual = 0.00518265, Final residual = 4.38071e-05, No Iterations 12
GAMG:  Solving for p, Initial residual = 0.00230645, Final residual = 2.29332e-05, No Iterations 6
time step continuity errors : sum local = 1.81531e-07, global = -6.53267e-08, cumulative = 1.16421e-07
PIMPLE: iteration 3
DILUPBiCG:  Solving for Ux, Initial residual = 0.00232842, Final residual = 8.48121e-06, No Iterations 2
DILUPBiCG:  Solving for Uy, Initial residual = 0.000386758, Final residual = 6.82977e-06, No Iterations 1
DILUPBiCG:  Solving for Uz, Initial residual = 0.00560358, Final residual = 1.35466e-06, No Iterations 2
GAMG:  Solving for p, Initial residual = 0.0424747, Final residual = 0.000338657, No Iterations 5
GAMG:  Solving for p, Initial residual = 0.00971003, Final residual = 8.48251e-05, No Iterations 15
GAMG:  Solving for p, Initial residual = 0.0045341, Final residual = 4.51127e-05, No Iterations 8
time step continuity errors : sum local = 3.95962e-07, global = -8.90293e-08, cumulative = 2.7392e-08
GAMG:  Solving for p, Initial residual = 0.00292219, Final residual = 2.67978e-05, No Iterations 18
GAMG:  Solving for p, Initial residual = 0.0016579, Final residual = 1.444e-05, No Iterations 4
GAMG:  Solving for p, Initial residual = 0.000627341, Final residual = 9.41714e-07, No Iterations 38
time step continuity errors : sum local = 8.2589e-09, global = 2.44935e-09, cumulative = 2.98413e-08
DILUPBiCG:  Solving for omega, Initial residual = 0.000604188, Final residual = 1.26864e-06, No Iterations 1
DILUPBiCG:  Solving for k, Initial residual = 0.00488399, Final residual = 1.39394e-06, No Iterations 2
ExecutionTime = 18.03 s  ClockTime = 19 s

End

