/*---------------------------------------------------------------------------*\
| =========                 |                                                 |
| \\      /  F ield         | OpenFOAM: The Open Source CFD Toolbox           |
|  \\    /   O peration     | Version:  2.3.1                                 |
|   \\  /    A nd           | Web:      www.OpenFOAM.org                      |
|    \\/     M anipulation  |                                                 |
\*---------------------------------------------------------------------------*/
Build  : 2.3.1-262087cdf8db
Exec   : pimpleDyMFoam
Date   : Jun 06 2023
Time   : 01:15:17
Host   : "jcosson-VirtualBox"
PID    : 27045
Case   : /home/jcosson/workspace/henersj_shootingdata/calcs/moderate_deformed/primal/100_intervals_05-06-23/sweep32/interval67
nProcs : 1
sigFpe : Enabling floating point exception trapping (FOAM_SIGFPE).
fileModificationChecking : Monitoring run-time modified files using timeStampMaster
allowSystemOperations : Allowing user-supplied system call operations

// * * * * * * * * * * * * * * * * * * * * * * * * * * * * * * * * * * * * * //
Create time

Create mesh for time = 0.466

Selecting dynamicFvMesh dynamicMotionSolverFvMesh
Selecting motion solver: displacementLaplacian
Selecting motion diffusion: quadratic
Selecting motion diffusion: quadratic
Selecting motion diffusion: inverseDistance

PIMPLE: no residual control data found. Calculations will employ 3 corrector loops

Reading field p

Reading field U

Reading/calculating face flux field phi

Selecting incompressible transport model Newtonian
Selecting turbulence model type RASModel
Selecting RAS turbulence model kOmegaSST
kOmegaSSTCoeffs
{
    alphaK1         0.85034;
    alphaK2         1;
    alphaOmega1     0.5;
    alphaOmega2     0.85616;
    gamma1          0.5532;
    gamma2          0.4403;
    beta1           0.075;
    beta2           0.0828;
    betaStar        0.09;
    a1              0.31;
    c1              10;
    Cmu             0.09;
    b1              1;
    F3              false;
}

Reading/calculating face velocity Uf

No finite volume options present

Courant Number mean: 0.237723 max: 0.524599

Starting time loop

Courant Number mean: 0.237723 max: 0.524599
Time = 0.467

GAMG:  Solving for cellDisplacementx, Initial residual = 0, Final residual = 0, No Iterations 0
GAMG:  Solving for cellDisplacementy, Initial residual = 0, Final residual = 0, No Iterations 0
GAMG:  Solving for cellDisplacementz, Initial residual = 0, Final residual = 0, No Iterations 0
PIMPLE: iteration 1
DILUPBiCG:  Solving for Ux, Initial residual = 0.039915, Final residual = 0.000166704, No Iterations 1
DILUPBiCG:  Solving for Uy, Initial residual = 0.00641697, Final residual = 1.49625e-05, No Iterations 1
DILUPBiCG:  Solving for Uz, Initial residual = 0.0134105, Final residual = 3.45703e-05, No Iterations 1
GAMG:  Solving for p, Initial residual = 0.137196, Final residual = 0.00114284, No Iterations 6
GAMG:  Solving for p, Initial residual = 0.0160035, Final residual = 0.000136935, No Iterations 20
GAMG:  Solving for p, Initial residual = 0.00680211, Final residual = 6.59482e-05, No Iterations 10
time step continuity errors : sum local = 8.19051e-07, global = 2.18392e-07, cumulative = 2.18392e-07
GAMG:  Solving for p, Initial residual = 0.0570244, Final residual = 0.000375121, No Iterations 6
GAMG:  Solving for p, Initial residual = 0.00805405, Final residual = 7.65203e-05, No Iterations 16
GAMG:  Solving for p, Initial residual = 0.00353346, Final residual = 3.12859e-05, No Iterations 12
time step continuity errors : sum local = 3.87058e-07, global = 1.15841e-07, cumulative = 3.34233e-07
PIMPLE: iteration 2
DILUPBiCG:  Solving for Ux, Initial residual = 0.0120064, Final residual = 6.76372e-05, No Iterations 1
DILUPBiCG:  Solving for Uy, Initial residual = 0.00203422, Final residual = 4.87697e-06, No Iterations 1
DILUPBiCG:  Solving for Uz, Initial residual = 0.00375238, Final residual = 1.27002e-05, No Iterations 1
GAMG:  Solving for p, Initial residual = 0.0579699, Final residual = 0.000461394, No Iterations 4
GAMG:  Solving for p, Initial residual = 0.00944814, Final residual = 8.46612e-05, No Iterations 16
GAMG:  Solving for p, Initial residual = 0.00434946, Final residual = 3.95817e-05, No Iterations 8
time step continuity errors : sum local = 4.14475e-07, global = -1.32722e-07, cumulative = 2.01512e-07
GAMG:  Solving for p, Initial residual = 0.029614, Final residual = 0.000197343, No Iterations 4
GAMG:  Solving for p, Initial residual = 0.0046334, Final residual = 4.5906e-05, No Iterations 12
GAMG:  Solving for p, Initial residual = 0.00202482, Final residual = 1.93009e-05, No Iterations 10
time step continuity errors : sum local = 2.03334e-07, global = -5.29228e-08, cumulative = 1.48589e-07
PIMPLE: iteration 3
DILUPBiCG:  Solving for Ux, Initial residual = 0.00309218, Final residual = 1.18955e-06, No Iterations 2
DILUPBiCG:  Solving for Uy, Initial residual = 0.000521394, Final residual = 7.23641e-06, No Iterations 1
DILUPBiCG:  Solving for Uz, Initial residual = 0.00683849, Final residual = 2.37279e-06, No Iterations 2
GAMG:  Solving for p, Initial residual = 0.040695, Final residual = 0.00032951, No Iterations 5
GAMG:  Solving for p, Initial residual = 0.00921931, Final residual = 8.25227e-05, No Iterations 15
GAMG:  Solving for p, Initial residual = 0.00442105, Final residual = 3.81426e-05, No Iterations 10
time step continuity errors : sum local = 4.47467e-07, global = -1.16855e-07, cumulative = 3.17336e-08
GAMG:  Solving for p, Initial residual = 0.00261465, Final residual = 2.35998e-05, No Iterations 20
GAMG:  Solving for p, Initial residual = 0.00147431, Final residual = 1.26233e-05, No Iterations 4
GAMG:  Solving for p, Initial residual = 0.000574431, Final residual = 9.26969e-07, No Iterations 36
time step continuity errors : sum local = 1.0848e-08, global = 3.19474e-09, cumulative = 3.49283e-08
DILUPBiCG:  Solving for omega, Initial residual = 0.000478598, Final residual = 1.18326e-06, No Iterations 1
DILUPBiCG:  Solving for k, Initial residual = 0.00479051, Final residual = 1.69544e-06, No Iterations 2
ExecutionTime = 16.95 s  ClockTime = 17 s

End

