/*---------------------------------------------------------------------------*\
| =========                 |                                                 |
| \\      /  F ield         | OpenFOAM: The Open Source CFD Toolbox           |
|  \\    /   O peration     | Version:  2.3.1                                 |
|   \\  /    A nd           | Web:      www.OpenFOAM.org                      |
|    \\/     M anipulation  |                                                 |
\*---------------------------------------------------------------------------*/
Build  : 2.3.1-262087cdf8db
Exec   : pimpleDyMFoam
Date   : Jun 06 2023
Time   : 01:14:42
Host   : "jcosson-VirtualBox"
PID    : 26994
Case   : /home/jcosson/workspace/henersj_shootingdata/calcs/moderate_deformed/primal/100_intervals_05-06-23/sweep32/interval40
nProcs : 1
sigFpe : Enabling floating point exception trapping (FOAM_SIGFPE).
fileModificationChecking : Monitoring run-time modified files using timeStampMaster
allowSystemOperations : Allowing user-supplied system call operations

// * * * * * * * * * * * * * * * * * * * * * * * * * * * * * * * * * * * * * //
Create time

Create mesh for time = 0.439

Selecting dynamicFvMesh dynamicMotionSolverFvMesh
Selecting motion solver: displacementLaplacian
Selecting motion diffusion: quadratic
Selecting motion diffusion: quadratic
Selecting motion diffusion: inverseDistance

PIMPLE: no residual control data found. Calculations will employ 3 corrector loops

Reading field p

Reading field U

Reading/calculating face flux field phi

Selecting incompressible transport model Newtonian
Selecting turbulence model type RASModel
Selecting RAS turbulence model kOmegaSST
kOmegaSSTCoeffs
{
    alphaK1         0.85034;
    alphaK2         1;
    alphaOmega1     0.5;
    alphaOmega2     0.85616;
    gamma1          0.5532;
    gamma2          0.4403;
    beta1           0.075;
    beta2           0.0828;
    betaStar        0.09;
    a1              0.31;
    c1              10;
    Cmu             0.09;
    b1              1;
    F3              false;
}

Reading/calculating face velocity Uf

No finite volume options present

Courant Number mean: 0.258824 max: 0.568633

Starting time loop

Courant Number mean: 0.258824 max: 0.568633
Time = 0.44

GAMG:  Solving for cellDisplacementx, Initial residual = 0, Final residual = 0, No Iterations 0
GAMG:  Solving for cellDisplacementy, Initial residual = 0, Final residual = 0, No Iterations 0
GAMG:  Solving for cellDisplacementz, Initial residual = 0, Final residual = 0, No Iterations 0
PIMPLE: iteration 1
DILUPBiCG:  Solving for Ux, Initial residual = 0.0299559, Final residual = 9.92602e-05, No Iterations 1
DILUPBiCG:  Solving for Uy, Initial residual = 0.0046643, Final residual = 1.24515e-05, No Iterations 1
DILUPBiCG:  Solving for Uz, Initial residual = 0.0113673, Final residual = 2.0224e-05, No Iterations 1
GAMG:  Solving for p, Initial residual = 0.116154, Final residual = 0.000879138, No Iterations 4
GAMG:  Solving for p, Initial residual = 0.0161473, Final residual = 0.000155913, No Iterations 14
GAMG:  Solving for p, Initial residual = 0.0070117, Final residual = 6.10554e-05, No Iterations 12
time step continuity errors : sum local = 6.37231e-07, global = -1.91105e-07, cumulative = -1.91105e-07
GAMG:  Solving for p, Initial residual = 0.0518067, Final residual = 0.000338428, No Iterations 4
GAMG:  Solving for p, Initial residual = 0.00790651, Final residual = 7.85584e-05, No Iterations 12
GAMG:  Solving for p, Initial residual = 0.0035013, Final residual = 3.10796e-05, No Iterations 12
time step continuity errors : sum local = 3.24942e-07, global = -9.72897e-08, cumulative = -2.88394e-07
PIMPLE: iteration 2
DILUPBiCG:  Solving for Ux, Initial residual = 0.00839338, Final residual = 3.23334e-05, No Iterations 1
DILUPBiCG:  Solving for Uy, Initial residual = 0.00134715, Final residual = 6.27648e-06, No Iterations 1
DILUPBiCG:  Solving for Uz, Initial residual = 0.00281397, Final residual = 8.83964e-06, No Iterations 1
GAMG:  Solving for p, Initial residual = 0.0516652, Final residual = 0.000508571, No Iterations 5
GAMG:  Solving for p, Initial residual = 0.0118845, Final residual = 0.000103782, No Iterations 13
GAMG:  Solving for p, Initial residual = 0.00444903, Final residual = 4.1481e-05, No Iterations 12
time step continuity errors : sum local = 3.69174e-07, global = 1.05768e-07, cumulative = -1.82627e-07
GAMG:  Solving for p, Initial residual = 0.0270717, Final residual = 0.000252501, No Iterations 4
GAMG:  Solving for p, Initial residual = 0.00562475, Final residual = 5.38277e-05, No Iterations 12
GAMG:  Solving for p, Initial residual = 0.00210442, Final residual = 1.77509e-05, No Iterations 14
time step continuity errors : sum local = 1.59128e-07, global = 4.83852e-08, cumulative = -1.34241e-07
PIMPLE: iteration 3
DILUPBiCG:  Solving for Ux, Initial residual = 0.00185488, Final residual = 7.26314e-07, No Iterations 2
DILUPBiCG:  Solving for Uy, Initial residual = 0.000305191, Final residual = 9.3356e-06, No Iterations 1
DILUPBiCG:  Solving for Uz, Initial residual = 0.00498212, Final residual = 2.5866e-06, No Iterations 2
GAMG:  Solving for p, Initial residual = 0.0466861, Final residual = 0.000378818, No Iterations 5
GAMG:  Solving for p, Initial residual = 0.0124458, Final residual = 0.000123039, No Iterations 10
GAMG:  Solving for p, Initial residual = 0.00545046, Final residual = 5.01172e-05, No Iterations 12
time step continuity errors : sum local = 4.97072e-07, global = 1.47314e-07, cumulative = 1.3073e-08
GAMG:  Solving for p, Initial residual = 0.00329762, Final residual = 2.99604e-05, No Iterations 16
GAMG:  Solving for p, Initial residual = 0.00193628, Final residual = 1.56225e-05, No Iterations 4
GAMG:  Solving for p, Initial residual = 0.000678769, Final residual = 8.884e-07, No Iterations 40
time step continuity errors : sum local = 8.772e-09, global = -2.59518e-09, cumulative = 1.04778e-08
DILUPBiCG:  Solving for omega, Initial residual = 0.00109249, Final residual = 1.3173e-06, No Iterations 1
DILUPBiCG:  Solving for k, Initial residual = 0.00639065, Final residual = 1.28996e-06, No Iterations 2
ExecutionTime = 17.84 s  ClockTime = 19 s

End

