/*---------------------------------------------------------------------------*\
| =========                 |                                                 |
| \\      /  F ield         | OpenFOAM: The Open Source CFD Toolbox           |
|  \\    /   O peration     | Version:  2.3.1                                 |
|   \\  /    A nd           | Web:      www.OpenFOAM.org                      |
|    \\/     M anipulation  |                                                 |
\*---------------------------------------------------------------------------*/
Build  : 2.3.1-262087cdf8db
Exec   : pimpleDyMFoam
Date   : Jun 06 2023
Time   : 01:15:51
Host   : "jcosson-VirtualBox"
PID    : 27092
Case   : /home/jcosson/workspace/henersj_shootingdata/calcs/moderate_deformed/primal/100_intervals_05-06-23/sweep32/interval90
nProcs : 1
sigFpe : Enabling floating point exception trapping (FOAM_SIGFPE).
fileModificationChecking : Monitoring run-time modified files using timeStampMaster
allowSystemOperations : Allowing user-supplied system call operations

// * * * * * * * * * * * * * * * * * * * * * * * * * * * * * * * * * * * * * //
Create time

Create mesh for time = 0.489

Selecting dynamicFvMesh dynamicMotionSolverFvMesh
Selecting motion solver: displacementLaplacian
Selecting motion diffusion: quadratic
Selecting motion diffusion: quadratic
Selecting motion diffusion: inverseDistance

PIMPLE: no residual control data found. Calculations will employ 3 corrector loops

Reading field p

Reading field U

Reading/calculating face flux field phi

Selecting incompressible transport model Newtonian
Selecting turbulence model type RASModel
Selecting RAS turbulence model kOmegaSST
bounding k, min: 0 max: 0.000642314 average: 0.00015588
kOmegaSSTCoeffs
{
    alphaK1         0.85034;
    alphaK2         1;
    alphaOmega1     0.5;
    alphaOmega2     0.85616;
    gamma1          0.5532;
    gamma2          0.4403;
    beta1           0.075;
    beta2           0.0828;
    betaStar        0.09;
    a1              0.31;
    c1              10;
    Cmu             0.09;
    b1              1;
    F3              false;
}

Reading/calculating face velocity Uf

No finite volume options present

Courant Number mean: 0.11939 max: 0.271821

Starting time loop

Courant Number mean: 0.11939 max: 0.271821
Time = 0.49

GAMG:  Solving for cellDisplacementx, Initial residual = 0, Final residual = 0, No Iterations 0
GAMG:  Solving for cellDisplacementy, Initial residual = 0, Final residual = 0, No Iterations 0
GAMG:  Solving for cellDisplacementz, Initial residual = 0, Final residual = 0, No Iterations 0
PIMPLE: iteration 1
DILUPBiCG:  Solving for Ux, Initial residual = 0.054604, Final residual = 0.000201037, No Iterations 1
DILUPBiCG:  Solving for Uy, Initial residual = 0.0109796, Final residual = 2.20232e-05, No Iterations 1
DILUPBiCG:  Solving for Uz, Initial residual = 0.0158799, Final residual = 1.36473e-05, No Iterations 1
GAMG:  Solving for p, Initial residual = 0.115471, Final residual = 0.000775373, No Iterations 4
GAMG:  Solving for p, Initial residual = 0.0162151, Final residual = 0.000159166, No Iterations 16
GAMG:  Solving for p, Initial residual = 0.00776462, Final residual = 7.54113e-05, No Iterations 4
time step continuity errors : sum local = 8.1838e-07, global = 2.70145e-07, cumulative = 2.70145e-07
GAMG:  Solving for p, Initial residual = 0.0522066, Final residual = 0.000330088, No Iterations 4
GAMG:  Solving for p, Initial residual = 0.00799958, Final residual = 6.95612e-05, No Iterations 16
GAMG:  Solving for p, Initial residual = 0.00391567, Final residual = 3.69969e-05, No Iterations 4
time step continuity errors : sum local = 4.04642e-07, global = 1.43347e-07, cumulative = 4.13492e-07
PIMPLE: iteration 2
DILUPBiCG:  Solving for Ux, Initial residual = 0.0140372, Final residual = 8.00206e-05, No Iterations 1
DILUPBiCG:  Solving for Uy, Initial residual = 0.00291889, Final residual = 5.86678e-06, No Iterations 1
DILUPBiCG:  Solving for Uz, Initial residual = 0.00271157, Final residual = 7.45133e-06, No Iterations 1
GAMG:  Solving for p, Initial residual = 0.0509642, Final residual = 0.000494247, No Iterations 4
GAMG:  Solving for p, Initial residual = 0.0106304, Final residual = 0.00010424, No Iterations 14
GAMG:  Solving for p, Initial residual = 0.00480916, Final residual = 4.62808e-05, No Iterations 4
time step continuity errors : sum local = 4.41426e-07, global = -1.64613e-07, cumulative = 2.48879e-07
GAMG:  Solving for p, Initial residual = 0.0267673, Final residual = 0.000238176, No Iterations 4
GAMG:  Solving for p, Initial residual = 0.00552368, Final residual = 5.46844e-05, No Iterations 12
GAMG:  Solving for p, Initial residual = 0.00237461, Final residual = 2.19768e-05, No Iterations 4
time step continuity errors : sum local = 2.10075e-07, global = -7.75656e-08, cumulative = 1.71313e-07
PIMPLE: iteration 3
DILUPBiCG:  Solving for Ux, Initial residual = 0.00293799, Final residual = 2.44198e-06, No Iterations 2
DILUPBiCG:  Solving for Uy, Initial residual = 0.000664153, Final residual = 4.84361e-06, No Iterations 1
DILUPBiCG:  Solving for Uz, Initial residual = 0.00518341, Final residual = 1.79874e-06, No Iterations 2
GAMG:  Solving for p, Initial residual = 0.0460264, Final residual = 0.000337396, No Iterations 5
GAMG:  Solving for p, Initial residual = 0.010447, Final residual = 9.80181e-05, No Iterations 14
GAMG:  Solving for p, Initial residual = 0.00541837, Final residual = 4.91389e-05, No Iterations 10
time step continuity errors : sum local = 5.24069e-07, global = -1.37959e-07, cumulative = 3.33544e-08
GAMG:  Solving for p, Initial residual = 0.00259804, Final residual = 2.28255e-05, No Iterations 7
GAMG:  Solving for p, Initial residual = 0.00137866, Final residual = 1.30843e-05, No Iterations 4
GAMG:  Solving for p, Initial residual = 0.000567334, Final residual = 8.80407e-07, No Iterations 30
time step continuity errors : sum local = 9.27369e-09, global = 2.81499e-09, cumulative = 3.61694e-08
DILUPBiCG:  Solving for omega, Initial residual = 0.00128571, Final residual = 7.63419e-07, No Iterations 1
DILUPBiCG:  Solving for k, Initial residual = 0.00367671, Final residual = 5.98333e-07, No Iterations 2
bounding k, min: 0 max: 0.000624576 average: 0.000154906
ExecutionTime = 13.02 s  ClockTime = 13 s

End

