/*---------------------------------------------------------------------------*\
| =========                 |                                                 |
| \\      /  F ield         | OpenFOAM: The Open Source CFD Toolbox           |
|  \\    /   O peration     | Version:  2.3.1                                 |
|   \\  /    A nd           | Web:      www.OpenFOAM.org                      |
|    \\/     M anipulation  |                                                 |
\*---------------------------------------------------------------------------*/
Build  : 2.3.1-262087cdf8db
Exec   : pimpleDyMFoam
Date   : Jun 06 2023
Time   : 02:21:13
Host   : "jcosson-VirtualBox"
PID    : 28543
Case   : /home/jcosson/workspace/henersj_shootingdata/calcs/moderate_deformed/primal/100_intervals_05-06-23/sweep59/interval60
nProcs : 1
sigFpe : Enabling floating point exception trapping (FOAM_SIGFPE).
fileModificationChecking : Monitoring run-time modified files using timeStampMaster
allowSystemOperations : Allowing user-supplied system call operations

// * * * * * * * * * * * * * * * * * * * * * * * * * * * * * * * * * * * * * //
Create time

Create mesh for time = 0.459

Selecting dynamicFvMesh dynamicMotionSolverFvMesh
Selecting motion solver: displacementLaplacian
Selecting motion diffusion: quadratic
Selecting motion diffusion: quadratic
Selecting motion diffusion: inverseDistance

PIMPLE: no residual control data found. Calculations will employ 3 corrector loops

Reading field p

Reading field U

Reading/calculating face flux field phi

Selecting incompressible transport model Newtonian
Selecting turbulence model type RASModel
Selecting RAS turbulence model kOmegaSST
kOmegaSSTCoeffs
{
    alphaK1         0.85034;
    alphaK2         1;
    alphaOmega1     0.5;
    alphaOmega2     0.85616;
    gamma1          0.5532;
    gamma2          0.4403;
    beta1           0.075;
    beta2           0.0828;
    betaStar        0.09;
    a1              0.31;
    c1              10;
    Cmu             0.09;
    b1              1;
    F3              false;
}

Reading/calculating face velocity Uf

No finite volume options present

Courant Number mean: 0.265859 max: 0.591685

Starting time loop

Courant Number mean: 0.265859 max: 0.591685
Time = 0.46

GAMG:  Solving for cellDisplacementx, Initial residual = 0, Final residual = 0, No Iterations 0
GAMG:  Solving for cellDisplacementy, Initial residual = 0, Final residual = 0, No Iterations 0
GAMG:  Solving for cellDisplacementz, Initial residual = 0, Final residual = 0, No Iterations 0
PIMPLE: iteration 1
DILUPBiCG:  Solving for Ux, Initial residual = 0.0221448, Final residual = 8.71097e-05, No Iterations 1
DILUPBiCG:  Solving for Uy, Initial residual = 0.0035418, Final residual = 8.40218e-06, No Iterations 1
DILUPBiCG:  Solving for Uz, Initial residual = 0.0140031, Final residual = 3.28377e-05, No Iterations 1
GAMG:  Solving for p, Initial residual = 0.161056, Final residual = 0.00137872, No Iterations 6
GAMG:  Solving for p, Initial residual = 0.0206362, Final residual = 0.000183973, No Iterations 18
GAMG:  Solving for p, Initial residual = 0.00839046, Final residual = 7.09855e-05, No Iterations 12
time step continuity errors : sum local = 5.76704e-07, global = 1.73195e-07, cumulative = 1.73195e-07
GAMG:  Solving for p, Initial residual = 0.065091, Final residual = 0.000438761, No Iterations 6
GAMG:  Solving for p, Initial residual = 0.0102689, Final residual = 0.000101385, No Iterations 14
GAMG:  Solving for p, Initial residual = 0.00434937, Final residual = 4.09431e-05, No Iterations 12
time step continuity errors : sum local = 3.30422e-07, global = 9.86991e-08, cumulative = 2.71894e-07
PIMPLE: iteration 2
DILUPBiCG:  Solving for Ux, Initial residual = 0.00707112, Final residual = 3.10829e-05, No Iterations 1
DILUPBiCG:  Solving for Uy, Initial residual = 0.00118308, Final residual = 3.5671e-06, No Iterations 1
DILUPBiCG:  Solving for Uz, Initial residual = 0.00385726, Final residual = 1.04265e-05, No Iterations 1
GAMG:  Solving for p, Initial residual = 0.0670104, Final residual = 0.000367306, No Iterations 4
GAMG:  Solving for p, Initial residual = 0.0113422, Final residual = 0.000107451, No Iterations 12
GAMG:  Solving for p, Initial residual = 0.0052036, Final residual = 4.66938e-05, No Iterations 8
time step continuity errors : sum local = 3.20763e-07, global = -1.01678e-07, cumulative = 1.70216e-07
GAMG:  Solving for p, Initial residual = 0.0336584, Final residual = 0.000156657, No Iterations 4
GAMG:  Solving for p, Initial residual = 0.00555001, Final residual = 4.98279e-05, No Iterations 10
GAMG:  Solving for p, Initial residual = 0.00248798, Final residual = 2.11879e-05, No Iterations 8
time step continuity errors : sum local = 1.46167e-07, global = -4.58774e-08, cumulative = 1.24339e-07
PIMPLE: iteration 3
DILUPBiCG:  Solving for Ux, Initial residual = 0.00198714, Final residual = 4.69616e-07, No Iterations 2
DILUPBiCG:  Solving for Uy, Initial residual = 0.000330311, Final residual = 6.12987e-06, No Iterations 1
DILUPBiCG:  Solving for Uz, Initial residual = 0.00431423, Final residual = 9.51771e-07, No Iterations 2
GAMG:  Solving for p, Initial residual = 0.0447336, Final residual = 0.000342226, No Iterations 5
GAMG:  Solving for p, Initial residual = 0.0105015, Final residual = 9.7557e-05, No Iterations 13
GAMG:  Solving for p, Initial residual = 0.00486863, Final residual = 4.2237e-05, No Iterations 10
time step continuity errors : sum local = 3.2118e-07, global = -8.35265e-08, cumulative = 4.08124e-08
GAMG:  Solving for p, Initial residual = 0.00320391, Final residual = 3.12641e-05, No Iterations 14
GAMG:  Solving for p, Initial residual = 0.00179774, Final residual = 1.56541e-05, No Iterations 4
GAMG:  Solving for p, Initial residual = 0.000672707, Final residual = 8.57697e-07, No Iterations 40
time step continuity errors : sum local = 6.50729e-09, global = 1.934e-09, cumulative = 4.27464e-08
DILUPBiCG:  Solving for omega, Initial residual = 0.000654429, Final residual = 1.14239e-06, No Iterations 1
DILUPBiCG:  Solving for k, Initial residual = 0.00489797, Final residual = 1.00104e-06, No Iterations 2
ExecutionTime = 18.14 s  ClockTime = 19 s

End

