/*---------------------------------------------------------------------------*\
| =========                 |                                                 |
| \\      /  F ield         | OpenFOAM: The Open Source CFD Toolbox           |
|  \\    /   O peration     | Version:  2.3.1                                 |
|   \\  /    A nd           | Web:      www.OpenFOAM.org                      |
|    \\/     M anipulation  |                                                 |
\*---------------------------------------------------------------------------*/
Build  : 2.3.1-262087cdf8db
Exec   : pimpleDyMFoam
Date   : Jun 06 2023
Time   : 02:21:13
Host   : "jcosson-VirtualBox"
PID    : 28555
Case   : /home/jcosson/workspace/henersj_shootingdata/calcs/moderate_deformed/primal/100_intervals_05-06-23/sweep59/interval70
nProcs : 1
sigFpe : Enabling floating point exception trapping (FOAM_SIGFPE).
fileModificationChecking : Monitoring run-time modified files using timeStampMaster
allowSystemOperations : Allowing user-supplied system call operations

// * * * * * * * * * * * * * * * * * * * * * * * * * * * * * * * * * * * * * //
Create time

Create mesh for time = 0.469

Selecting dynamicFvMesh dynamicMotionSolverFvMesh
Selecting motion solver: displacementLaplacian
Selecting motion diffusion: quadratic
Selecting motion diffusion: quadratic
Selecting motion diffusion: inverseDistance

PIMPLE: no residual control data found. Calculations will employ 3 corrector loops

Reading field p

Reading field U

Reading/calculating face flux field phi

Selecting incompressible transport model Newtonian
Selecting turbulence model type RASModel
Selecting RAS turbulence model kOmegaSST
kOmegaSSTCoeffs
{
    alphaK1         0.85034;
    alphaK2         1;
    alphaOmega1     0.5;
    alphaOmega2     0.85616;
    gamma1          0.5532;
    gamma2          0.4403;
    beta1           0.075;
    beta2           0.0828;
    betaStar        0.09;
    a1              0.31;
    c1              10;
    Cmu             0.09;
    b1              1;
    F3              false;
}

Reading/calculating face velocity Uf

No finite volume options present

Courant Number mean: 0.222447 max: 0.49401

Starting time loop

Courant Number mean: 0.222447 max: 0.49401
Time = 0.47

GAMG:  Solving for cellDisplacementx, Initial residual = 0, Final residual = 0, No Iterations 0
GAMG:  Solving for cellDisplacementy, Initial residual = 0, Final residual = 0, No Iterations 0
GAMG:  Solving for cellDisplacementz, Initial residual = 0, Final residual = 0, No Iterations 0
PIMPLE: iteration 1
DILUPBiCG:  Solving for Ux, Initial residual = 0.0470452, Final residual = 0.000194867, No Iterations 1
DILUPBiCG:  Solving for Uy, Initial residual = 0.00766161, Final residual = 1.7991e-05, No Iterations 1
DILUPBiCG:  Solving for Uz, Initial residual = 0.0129933, Final residual = 2.96735e-05, No Iterations 1
GAMG:  Solving for p, Initial residual = 0.131516, Final residual = 0.00104635, No Iterations 6
GAMG:  Solving for p, Initial residual = 0.0152606, Final residual = 0.000151778, No Iterations 18
GAMG:  Solving for p, Initial residual = 0.00659713, Final residual = 6.01566e-05, No Iterations 12
time step continuity errors : sum local = 8.3453e-07, global = 2.51397e-07, cumulative = 2.51397e-07
GAMG:  Solving for p, Initial residual = 0.0552978, Final residual = 0.000349781, No Iterations 6
GAMG:  Solving for p, Initial residual = 0.00771521, Final residual = 7.25181e-05, No Iterations 16
GAMG:  Solving for p, Initial residual = 0.00343529, Final residual = 2.98717e-05, No Iterations 12
time step continuity errors : sum local = 4.13869e-07, global = 1.23881e-07, cumulative = 3.75278e-07
PIMPLE: iteration 2
DILUPBiCG:  Solving for Ux, Initial residual = 0.0138642, Final residual = 7.88749e-05, No Iterations 1
DILUPBiCG:  Solving for Uy, Initial residual = 0.00238058, Final residual = 5.56724e-06, No Iterations 1
DILUPBiCG:  Solving for Uz, Initial residual = 0.00369196, Final residual = 1.2161e-05, No Iterations 1
GAMG:  Solving for p, Initial residual = 0.0558836, Final residual = 0.000470483, No Iterations 4
GAMG:  Solving for p, Initial residual = 0.00911666, Final residual = 8.44386e-05, No Iterations 16
GAMG:  Solving for p, Initial residual = 0.00417556, Final residual = 3.94283e-05, No Iterations 8
time step continuity errors : sum local = 4.64191e-07, global = -1.42241e-07, cumulative = 2.33037e-07
GAMG:  Solving for p, Initial residual = 0.0286669, Final residual = 0.000203535, No Iterations 4
GAMG:  Solving for p, Initial residual = 0.00449457, Final residual = 3.86238e-05, No Iterations 14
GAMG:  Solving for p, Initial residual = 0.00195648, Final residual = 1.86337e-05, No Iterations 8
time step continuity errors : sum local = 2.2061e-07, global = -6.24766e-08, cumulative = 1.7056e-07
PIMPLE: iteration 3
DILUPBiCG:  Solving for Ux, Initial residual = 0.00348119, Final residual = 1.54136e-06, No Iterations 2
DILUPBiCG:  Solving for Uy, Initial residual = 0.000596549, Final residual = 6.92798e-06, No Iterations 1
DILUPBiCG:  Solving for Uz, Initial residual = 0.00705711, Final residual = 2.64915e-06, No Iterations 2
GAMG:  Solving for p, Initial residual = 0.0403253, Final residual = 0.000325281, No Iterations 5
GAMG:  Solving for p, Initial residual = 0.00906877, Final residual = 7.72968e-05, No Iterations 15
GAMG:  Solving for p, Initial residual = 0.00437899, Final residual = 4.29398e-05, No Iterations 8
time step continuity errors : sum local = 5.66983e-07, global = -1.27723e-07, cumulative = 4.2837e-08
GAMG:  Solving for p, Initial residual = 0.00248932, Final residual = 2.46856e-05, No Iterations 18
GAMG:  Solving for p, Initial residual = 0.0013819, Final residual = 1.35093e-05, No Iterations 4
GAMG:  Solving for p, Initial residual = 0.000549298, Final residual = 8.85768e-07, No Iterations 38
time step continuity errors : sum local = 1.16537e-08, global = 3.44678e-09, cumulative = 4.62838e-08
DILUPBiCG:  Solving for omega, Initial residual = 0.000484231, Final residual = 6.36553e-07, No Iterations 1
DILUPBiCG:  Solving for k, Initial residual = 0.00472131, Final residual = 1.66261e-06, No Iterations 2
ExecutionTime = 18.78 s  ClockTime = 19 s

End

