/*---------------------------------------------------------------------------*\
| =========                 |                                                 |
| \\      /  F ield         | OpenFOAM: The Open Source CFD Toolbox           |
|  \\    /   O peration     | Version:  2.3.1                                 |
|   \\  /    A nd           | Web:      www.OpenFOAM.org                      |
|    \\/     M anipulation  |                                                 |
\*---------------------------------------------------------------------------*/
Build  : 2.3.1-262087cdf8db
Exec   : pimpleDyMFoam
Date   : Jun 06 2023
Time   : 02:21:50
Host   : "jcosson-VirtualBox"
PID    : 28613
Case   : /home/jcosson/workspace/henersj_shootingdata/calcs/moderate_deformed/primal/100_intervals_05-06-23/sweep59/interval98
nProcs : 1
sigFpe : Enabling floating point exception trapping (FOAM_SIGFPE).
fileModificationChecking : Monitoring run-time modified files using timeStampMaster
allowSystemOperations : Allowing user-supplied system call operations

// * * * * * * * * * * * * * * * * * * * * * * * * * * * * * * * * * * * * * //
Create time

Create mesh for time = 0.497

Selecting dynamicFvMesh dynamicMotionSolverFvMesh
Selecting motion solver: displacementLaplacian
Selecting motion diffusion: quadratic
Selecting motion diffusion: quadratic
Selecting motion diffusion: inverseDistance

PIMPLE: no residual control data found. Calculations will employ 3 corrector loops

Reading field p

Reading field U

Reading/calculating face flux field phi

Selecting incompressible transport model Newtonian
Selecting turbulence model type RASModel
Selecting RAS turbulence model kOmegaSST
bounding k, min: 0 max: 0.000512917 average: 0.000145765
kOmegaSSTCoeffs
{
    alphaK1         0.85034;
    alphaK2         1;
    alphaOmega1     0.5;
    alphaOmega2     0.85616;
    gamma1          0.5532;
    gamma2          0.4403;
    beta1           0.075;
    beta2           0.0828;
    betaStar        0.09;
    a1              0.31;
    c1              10;
    Cmu             0.09;
    b1              1;
    F3              false;
}

Reading/calculating face velocity Uf

No finite volume options present

Courant Number mean: 0.100373 max: 0.226267

Starting time loop

Courant Number mean: 0.100373 max: 0.226267
Time = 0.498

GAMG:  Solving for cellDisplacementx, Initial residual = 0, Final residual = 0, No Iterations 0
GAMG:  Solving for cellDisplacementy, Initial residual = 0, Final residual = 0, No Iterations 0
GAMG:  Solving for cellDisplacementz, Initial residual = 0, Final residual = 0, No Iterations 0
PIMPLE: iteration 1
DILUPBiCG:  Solving for Ux, Initial residual = 0.0202113, Final residual = 7.72632e-05, No Iterations 1
DILUPBiCG:  Solving for Uy, Initial residual = 0.00444875, Final residual = 8.6789e-06, No Iterations 1
DILUPBiCG:  Solving for Uz, Initial residual = 0.00767234, Final residual = 1.37798e-05, No Iterations 1
GAMG:  Solving for p, Initial residual = 0.096002, Final residual = 0.000364011, No Iterations 4
GAMG:  Solving for p, Initial residual = 0.0141839, Final residual = 0.000124343, No Iterations 8
GAMG:  Solving for p, Initial residual = 0.00652455, Final residual = 5.93416e-05, No Iterations 6
time step continuity errors : sum local = 2.36131e-07, global = -7.48221e-08, cumulative = -7.48221e-08
GAMG:  Solving for p, Initial residual = 0.0474756, Final residual = 0.000184228, No Iterations 4
GAMG:  Solving for p, Initial residual = 0.00718077, Final residual = 6.65876e-05, No Iterations 8
GAMG:  Solving for p, Initial residual = 0.00325458, Final residual = 3.24271e-05, No Iterations 6
time step continuity errors : sum local = 1.29094e-07, global = -3.78658e-08, cumulative = -1.12688e-07
PIMPLE: iteration 2
DILUPBiCG:  Solving for Ux, Initial residual = 0.00450489, Final residual = 2.82868e-05, No Iterations 1
DILUPBiCG:  Solving for Uy, Initial residual = 0.00101356, Final residual = 2.11372e-06, No Iterations 1
DILUPBiCG:  Solving for Uz, Initial residual = 0.00287444, Final residual = 6.23916e-05, No Iterations 1
GAMG:  Solving for p, Initial residual = 0.04486, Final residual = 0.000400406, No Iterations 6
GAMG:  Solving for p, Initial residual = 0.021725, Final residual = 0.000210424, No Iterations 7
GAMG:  Solving for p, Initial residual = 0.00481317, Final residual = 4.32122e-05, No Iterations 19
time step continuity errors : sum local = 1.49418e-07, global = -4.22022e-08, cumulative = -1.5489e-07
GAMG:  Solving for p, Initial residual = 0.0239867, Final residual = 0.000186144, No Iterations 6
GAMG:  Solving for p, Initial residual = 0.0109081, Final residual = 0.000100242, No Iterations 6
GAMG:  Solving for p, Initial residual = 0.00222841, Final residual = 1.91561e-05, No Iterations 20
time step continuity errors : sum local = 6.62091e-08, global = -1.87157e-08, cumulative = -1.73606e-07
PIMPLE: iteration 3
DILUPBiCG:  Solving for Ux, Initial residual = 0.00056558, Final residual = 7.20018e-06, No Iterations 1
DILUPBiCG:  Solving for Uy, Initial residual = 0.000150666, Final residual = 1.52988e-06, No Iterations 1
DILUPBiCG:  Solving for Uz, Initial residual = 0.00185003, Final residual = 8.83589e-07, No Iterations 2
GAMG:  Solving for p, Initial residual = 0.0701277, Final residual = 0.000451184, No Iterations 5
GAMG:  Solving for p, Initial residual = 0.0133562, Final residual = 0.000124773, No Iterations 16
GAMG:  Solving for p, Initial residual = 0.00903497, Final residual = 7.69052e-05, No Iterations 8
time step continuity errors : sum local = 2.87277e-07, global = -7.02364e-08, cumulative = -2.43842e-07
GAMG:  Solving for p, Initial residual = 0.00311281, Final residual = 3.06105e-05, No Iterations 7
GAMG:  Solving for p, Initial residual = 0.00167479, Final residual = 1.48747e-05, No Iterations 5
GAMG:  Solving for p, Initial residual = 0.000621845, Final residual = 9.96007e-07, No Iterations 29
time step continuity errors : sum local = 3.66636e-09, global = 1.11802e-09, cumulative = -2.42724e-07
DILUPBiCG:  Solving for omega, Initial residual = 0.00130558, Final residual = 6.67823e-07, No Iterations 1
DILUPBiCG:  Solving for k, Initial residual = 0.00312692, Final residual = 7.4649e-07, No Iterations 2
bounding k, min: 0 max: 0.000505917 average: 0.000145109
ExecutionTime = 16.16 s  ClockTime = 16 s

End

