/*---------------------------------------------------------------------------*\
| =========                 |                                                 |
| \\      /  F ield         | OpenFOAM: The Open Source CFD Toolbox           |
|  \\    /   O peration     | Version:  2.3.1                                 |
|   \\  /    A nd           | Web:      www.OpenFOAM.org                      |
|    \\/     M anipulation  |                                                 |
\*---------------------------------------------------------------------------*/
Build  : 2.3.1-262087cdf8db
Exec   : pimpleDyMFoam
Date   : Jun 06 2023
Time   : 02:21:50
Host   : "jcosson-VirtualBox"
PID    : 28603
Case   : /home/jcosson/workspace/henersj_shootingdata/calcs/moderate_deformed/primal/100_intervals_05-06-23/sweep59/interval93
nProcs : 1
sigFpe : Enabling floating point exception trapping (FOAM_SIGFPE).
fileModificationChecking : Monitoring run-time modified files using timeStampMaster
allowSystemOperations : Allowing user-supplied system call operations

// * * * * * * * * * * * * * * * * * * * * * * * * * * * * * * * * * * * * * //
Create time

Create mesh for time = 0.492

Selecting dynamicFvMesh dynamicMotionSolverFvMesh
Selecting motion solver: displacementLaplacian
Selecting motion diffusion: quadratic
Selecting motion diffusion: quadratic
Selecting motion diffusion: inverseDistance

PIMPLE: no residual control data found. Calculations will employ 3 corrector loops

Reading field p

Reading field U

Reading/calculating face flux field phi

Selecting incompressible transport model Newtonian
Selecting turbulence model type RASModel
Selecting RAS turbulence model kOmegaSST
bounding k, min: 0 max: 0.00057516 average: 0.000148767
kOmegaSSTCoeffs
{
    alphaK1         0.85034;
    alphaK2         1;
    alphaOmega1     0.5;
    alphaOmega2     0.85616;
    gamma1          0.5532;
    gamma2          0.4403;
    beta1           0.075;
    beta2           0.0828;
    betaStar        0.09;
    a1              0.31;
    c1              10;
    Cmu             0.09;
    b1              1;
    F3              false;
}

Reading/calculating face velocity Uf

No finite volume options present

Courant Number mean: 0.109866 max: 0.243952

Starting time loop

Courant Number mean: 0.109866 max: 0.243952
Time = 0.493

GAMG:  Solving for cellDisplacementx, Initial residual = 0, Final residual = 0, No Iterations 0
GAMG:  Solving for cellDisplacementy, Initial residual = 0, Final residual = 0, No Iterations 0
GAMG:  Solving for cellDisplacementz, Initial residual = 0, Final residual = 0, No Iterations 0
PIMPLE: iteration 1
DILUPBiCG:  Solving for Ux, Initial residual = 0.0443678, Final residual = 0.000169242, No Iterations 1
DILUPBiCG:  Solving for Uy, Initial residual = 0.00925678, Final residual = 1.84589e-05, No Iterations 1
DILUPBiCG:  Solving for Uz, Initial residual = 0.0125152, Final residual = 1.03678e-05, No Iterations 1
GAMG:  Solving for p, Initial residual = 0.110312, Final residual = 0.000509444, No Iterations 4
GAMG:  Solving for p, Initial residual = 0.0152158, Final residual = 0.000134121, No Iterations 16
GAMG:  Solving for p, Initial residual = 0.00764842, Final residual = 6.18254e-05, No Iterations 4
time step continuity errors : sum local = 5.33075e-07, global = 1.81647e-07, cumulative = 1.81647e-07
GAMG:  Solving for p, Initial residual = 0.0509223, Final residual = 0.000220814, No Iterations 4
GAMG:  Solving for p, Initial residual = 0.00739324, Final residual = 7.1623e-05, No Iterations 14
GAMG:  Solving for p, Initial residual = 0.0038274, Final residual = 3.02491e-05, No Iterations 4
time step continuity errors : sum local = 2.62559e-07, global = 8.73473e-08, cumulative = 2.68995e-07
PIMPLE: iteration 2
DILUPBiCG:  Solving for Ux, Initial residual = 0.0111174, Final residual = 6.61894e-05, No Iterations 1
DILUPBiCG:  Solving for Uy, Initial residual = 0.00237693, Final residual = 4.70065e-06, No Iterations 1
DILUPBiCG:  Solving for Uz, Initial residual = 0.00259042, Final residual = 4.58276e-07, No Iterations 2
GAMG:  Solving for p, Initial residual = 0.0493748, Final residual = 0.000480918, No Iterations 5
GAMG:  Solving for p, Initial residual = 0.0121437, Final residual = 0.000119832, No Iterations 8
GAMG:  Solving for p, Initial residual = 0.00470339, Final residual = 4.091e-05, No Iterations 5
time step continuity errors : sum local = 3.09609e-07, global = -8.73345e-08, cumulative = 1.8166e-07
GAMG:  Solving for p, Initial residual = 0.0263836, Final residual = 0.000254471, No Iterations 4
GAMG:  Solving for p, Initial residual = 0.00654683, Final residual = 6.03558e-05, No Iterations 12
GAMG:  Solving for p, Initial residual = 0.0023636, Final residual = 2.08843e-05, No Iterations 12
time step continuity errors : sum local = 1.58234e-07, global = -4.64864e-08, cumulative = 1.35174e-07
PIMPLE: iteration 3
DILUPBiCG:  Solving for Ux, Initial residual = 0.00218893, Final residual = 3.21298e-06, No Iterations 2
DILUPBiCG:  Solving for Uy, Initial residual = 0.000502396, Final residual = 5.86281e-06, No Iterations 1
DILUPBiCG:  Solving for Uz, Initial residual = 0.00339023, Final residual = 2.2938e-06, No Iterations 2
GAMG:  Solving for p, Initial residual = 0.0490994, Final residual = 0.000364162, No Iterations 5
GAMG:  Solving for p, Initial residual = 0.0111971, Final residual = 0.00010709, No Iterations 14
GAMG:  Solving for p, Initial residual = 0.00595363, Final residual = 5.63172e-05, No Iterations 10
time step continuity errors : sum local = 4.74932e-07, global = -1.27604e-07, cumulative = 7.56983e-09
GAMG:  Solving for p, Initial residual = 0.00268942, Final residual = 2.63056e-05, No Iterations 7
GAMG:  Solving for p, Initial residual = 0.0013635, Final residual = 1.08881e-05, No Iterations 6
GAMG:  Solving for p, Initial residual = 0.000534804, Final residual = 9.30721e-07, No Iterations 28
time step continuity errors : sum local = 7.74254e-09, global = 2.36423e-09, cumulative = 9.93406e-09
DILUPBiCG:  Solving for omega, Initial residual = 0.00125076, Final residual = 6.95736e-07, No Iterations 1
DILUPBiCG:  Solving for k, Initial residual = 0.0032987, Final residual = 6.13415e-07, No Iterations 2
bounding k, min: 0 max: 0.000558949 average: 0.000148
ExecutionTime = 15.89 s  ClockTime = 16 s

End

