/*---------------------------------------------------------------------------*\
| =========                 |                                                 |
| \\      /  F ield         | OpenFOAM: The Open Source CFD Toolbox           |
|  \\    /   O peration     | Version:  2.3.1                                 |
|   \\  /    A nd           | Web:      www.OpenFOAM.org                      |
|    \\/     M anipulation  |                                                 |
\*---------------------------------------------------------------------------*/
Build  : 2.3.1-262087cdf8db
Exec   : pimpleDyMFoam
Date   : Jun 05 2023
Time   : 18:37:10
Host   : "jcosson-VirtualBox"
PID    : 20496
Case   : /home/jcosson/workspace/henersj_shootingdata/calcs/moderate_deformed/primal/56_intervals_05-06-23/sweep17/interval36
nProcs : 1
sigFpe : Enabling floating point exception trapping (FOAM_SIGFPE).
fileModificationChecking : Monitoring run-time modified files using timeStampMaster
allowSystemOperations : Allowing user-supplied system call operations

// * * * * * * * * * * * * * * * * * * * * * * * * * * * * * * * * * * * * * //
Create time

Create mesh for time = 0.463

Selecting dynamicFvMesh dynamicMotionSolverFvMesh
Selecting motion solver: displacementLaplacian
Selecting motion diffusion: quadratic
Selecting motion diffusion: quadratic
Selecting motion diffusion: inverseDistance

PIMPLE: no residual control data found. Calculations will employ 3 corrector loops

Reading field p

Reading field U

Reading/calculating face flux field phi

Selecting incompressible transport model Newtonian
Selecting turbulence model type RASModel
Selecting RAS turbulence model kOmegaSST
kOmegaSSTCoeffs
{
    alphaK1         0.85034;
    alphaK2         1;
    alphaOmega1     0.5;
    alphaOmega2     0.85616;
    gamma1          0.5532;
    gamma2          0.4403;
    beta1           0.075;
    beta2           0.0828;
    betaStar        0.09;
    a1              0.31;
    c1              10;
    Cmu             0.09;
    b1              1;
    F3              false;
}

Reading/calculating face velocity Uf

No finite volume options present

Courant Number mean: 0.251188 max: 0.55472

Starting time loop

Courant Number mean: 0.251188 max: 0.55472
Time = 0.464

GAMG:  Solving for cellDisplacementx, Initial residual = 0, Final residual = 0, No Iterations 0
GAMG:  Solving for cellDisplacementy, Initial residual = 0, Final residual = 0, No Iterations 0
GAMG:  Solving for cellDisplacementz, Initial residual = 0, Final residual = 0, No Iterations 0
PIMPLE: iteration 1
DILUPBiCG:  Solving for Ux, Initial residual = 0.0324502, Final residual = 0.000134438, No Iterations 1
DILUPBiCG:  Solving for Uy, Initial residual = 0.00517673, Final residual = 1.21304e-05, No Iterations 1
DILUPBiCG:  Solving for Uz, Initial residual = 0.0143096, Final residual = 3.71843e-05, No Iterations 1
GAMG:  Solving for p, Initial residual = 0.146271, Final residual = 0.00124799, No Iterations 6
GAMG:  Solving for p, Initial residual = 0.017382, Final residual = 0.000171773, No Iterations 18
GAMG:  Solving for p, Initial residual = 0.00725786, Final residual = 6.73224e-05, No Iterations 12
time step continuity errors : sum local = 7.17161e-07, global = 2.16127e-07, cumulative = 2.16127e-07
GAMG:  Solving for p, Initial residual = 0.0600325, Final residual = 0.0004032, No Iterations 6
GAMG:  Solving for p, Initial residual = 0.00872373, Final residual = 8.1241e-05, No Iterations 16
GAMG:  Solving for p, Initial residual = 0.00377329, Final residual = 3.29243e-05, No Iterations 12
time step continuity errors : sum local = 3.49365e-07, global = 1.04478e-07, cumulative = 3.20605e-07
PIMPLE: iteration 2
DILUPBiCG:  Solving for Ux, Initial residual = 0.00998063, Final residual = 5.2692e-05, No Iterations 1
DILUPBiCG:  Solving for Uy, Initial residual = 0.00167548, Final residual = 4.27031e-06, No Iterations 1
DILUPBiCG:  Solving for Uz, Initial residual = 0.00391604, Final residual = 1.24313e-05, No Iterations 1
GAMG:  Solving for p, Initial residual = 0.0613751, Final residual = 0.000441998, No Iterations 4
GAMG:  Solving for p, Initial residual = 0.0100462, Final residual = 9.78547e-05, No Iterations 14
GAMG:  Solving for p, Initial residual = 0.00460957, Final residual = 4.50796e-05, No Iterations 8
time step continuity errors : sum local = 4.04287e-07, global = -1.22518e-07, cumulative = 1.98087e-07
GAMG:  Solving for p, Initial residual = 0.0311579, Final residual = 0.000188079, No Iterations 4
GAMG:  Solving for p, Initial residual = 0.00490064, Final residual = 4.50247e-05, No Iterations 12
GAMG:  Solving for p, Initial residual = 0.00217003, Final residual = 2.06555e-05, No Iterations 8
time step continuity errors : sum local = 1.86203e-07, global = -5.42283e-08, cumulative = 1.43859e-07
PIMPLE: iteration 3
DILUPBiCG:  Solving for Ux, Initial residual = 0.0026493, Final residual = 9.7375e-07, No Iterations 2
DILUPBiCG:  Solving for Uy, Initial residual = 0.000441697, Final residual = 7.16621e-06, No Iterations 1
DILUPBiCG:  Solving for Uz, Initial residual = 0.00627479, Final residual = 1.70924e-06, No Iterations 2
GAMG:  Solving for p, Initial residual = 0.0414001, Final residual = 0.000336808, No Iterations 5
GAMG:  Solving for p, Initial residual = 0.00940413, Final residual = 8.52998e-05, No Iterations 15
GAMG:  Solving for p, Initial residual = 0.00444177, Final residual = 3.82835e-05, No Iterations 10
time step continuity errors : sum local = 3.83547e-07, global = -1.0019e-07, cumulative = 4.36681e-08
GAMG:  Solving for p, Initial residual = 0.0027649, Final residual = 2.46498e-05, No Iterations 20
GAMG:  Solving for p, Initial residual = 0.0015726, Final residual = 1.345e-05, No Iterations 4
GAMG:  Solving for p, Initial residual = 0.000598516, Final residual = 8.57654e-07, No Iterations 38
time step continuity errors : sum local = 8.5812e-09, global = 2.54145e-09, cumulative = 4.62096e-08
DILUPBiCG:  Solving for omega, Initial residual = 0.000541344, Final residual = 1.50474e-06, No Iterations 1
DILUPBiCG:  Solving for k, Initial residual = 0.00486265, Final residual = 1.55959e-06, No Iterations 2
ExecutionTime = 16.45 s  ClockTime = 16 s

End

