/*---------------------------------------------------------------------------*\
| =========                 |                                                 |
| \\      /  F ield         | OpenFOAM: The Open Source CFD Toolbox           |
|  \\    /   O peration     | Version:  2.3.1                                 |
|   \\  /    A nd           | Web:      www.OpenFOAM.org                      |
|    \\/     M anipulation  |                                                 |
\*---------------------------------------------------------------------------*/
Build  : 2.3.1-262087cdf8db
Exec   : pimpleDyMFoam
Date   : Jun 05 2023
Time   : 18:37:11
Host   : "jcosson-VirtualBox"
PID    : 20500
Case   : /home/jcosson/workspace/henersj_shootingdata/calcs/moderate_deformed/primal/56_intervals_05-06-23/sweep17/interval38
nProcs : 1
sigFpe : Enabling floating point exception trapping (FOAM_SIGFPE).
fileModificationChecking : Monitoring run-time modified files using timeStampMaster
allowSystemOperations : Allowing user-supplied system call operations

// * * * * * * * * * * * * * * * * * * * * * * * * * * * * * * * * * * * * * //
Create time

Create mesh for time = 0.466

Selecting dynamicFvMesh dynamicMotionSolverFvMesh
Selecting motion solver: displacementLaplacian
Selecting motion diffusion: quadratic
Selecting motion diffusion: quadratic
Selecting motion diffusion: inverseDistance

PIMPLE: no residual control data found. Calculations will employ 3 corrector loops

Reading field p

Reading field U

Reading/calculating face flux field phi

Selecting incompressible transport model Newtonian
Selecting turbulence model type RASModel
Selecting RAS turbulence model kOmegaSST
kOmegaSSTCoeffs
{
    alphaK1         0.85034;
    alphaK2         1;
    alphaOmega1     0.5;
    alphaOmega2     0.85616;
    gamma1          0.5532;
    gamma2          0.4403;
    beta1           0.075;
    beta2           0.0828;
    betaStar        0.09;
    a1              0.31;
    c1              10;
    Cmu             0.09;
    b1              1;
    F3              false;
}

Reading/calculating face velocity Uf

No finite volume options present

Courant Number mean: 0.237727 max: 0.523572

Starting time loop

Courant Number mean: 0.237727 max: 0.523572
Time = 0.467

GAMG:  Solving for cellDisplacementx, Initial residual = 0, Final residual = 0, No Iterations 0
GAMG:  Solving for cellDisplacementy, Initial residual = 0, Final residual = 0, No Iterations 0
GAMG:  Solving for cellDisplacementz, Initial residual = 0, Final residual = 0, No Iterations 0
PIMPLE: iteration 1
DILUPBiCG:  Solving for Ux, Initial residual = 0.0399005, Final residual = 0.000166627, No Iterations 1
DILUPBiCG:  Solving for Uy, Initial residual = 0.00641432, Final residual = 1.49354e-05, No Iterations 1
DILUPBiCG:  Solving for Uz, Initial residual = 0.0133121, Final residual = 3.49181e-05, No Iterations 1
GAMG:  Solving for p, Initial residual = 0.137147, Final residual = 0.00114236, No Iterations 6
GAMG:  Solving for p, Initial residual = 0.0160213, Final residual = 0.00013695, No Iterations 20
GAMG:  Solving for p, Initial residual = 0.00682775, Final residual = 6.60198e-05, No Iterations 10
time step continuity errors : sum local = 8.20088e-07, global = 2.18885e-07, cumulative = 2.18885e-07
GAMG:  Solving for p, Initial residual = 0.0570204, Final residual = 0.000374877, No Iterations 6
GAMG:  Solving for p, Initial residual = 0.00806233, Final residual = 7.6533e-05, No Iterations 16
GAMG:  Solving for p, Initial residual = 0.00354535, Final residual = 3.13285e-05, No Iterations 12
time step continuity errors : sum local = 3.87667e-07, global = 1.16046e-07, cumulative = 3.3493e-07
PIMPLE: iteration 2
DILUPBiCG:  Solving for Ux, Initial residual = 0.0120023, Final residual = 6.77111e-05, No Iterations 1
DILUPBiCG:  Solving for Uy, Initial residual = 0.00203384, Final residual = 4.87525e-06, No Iterations 1
DILUPBiCG:  Solving for Uz, Initial residual = 0.00372482, Final residual = 1.27264e-05, No Iterations 1
GAMG:  Solving for p, Initial residual = 0.0579527, Final residual = 0.000460741, No Iterations 4
GAMG:  Solving for p, Initial residual = 0.00944203, Final residual = 8.47502e-05, No Iterations 16
GAMG:  Solving for p, Initial residual = 0.00435607, Final residual = 3.96402e-05, No Iterations 8
time step continuity errors : sum local = 4.15234e-07, global = -1.32908e-07, cumulative = 2.02023e-07
GAMG:  Solving for p, Initial residual = 0.029611, Final residual = 0.000197053, No Iterations 4
GAMG:  Solving for p, Initial residual = 0.00462866, Final residual = 4.59139e-05, No Iterations 12
GAMG:  Solving for p, Initial residual = 0.00202627, Final residual = 1.93232e-05, No Iterations 10
time step continuity errors : sum local = 2.03645e-07, global = -5.3035e-08, cumulative = 1.48988e-07
PIMPLE: iteration 3
DILUPBiCG:  Solving for Ux, Initial residual = 0.00309109, Final residual = 1.18199e-06, No Iterations 2
DILUPBiCG:  Solving for Uy, Initial residual = 0.000521238, Final residual = 7.26013e-06, No Iterations 1
DILUPBiCG:  Solving for Uz, Initial residual = 0.00685138, Final residual = 2.39245e-06, No Iterations 2
GAMG:  Solving for p, Initial residual = 0.0406365, Final residual = 0.000328222, No Iterations 5
GAMG:  Solving for p, Initial residual = 0.00922769, Final residual = 8.16236e-05, No Iterations 15
GAMG:  Solving for p, Initial residual = 0.00441521, Final residual = 3.77066e-05, No Iterations 10
time step continuity errors : sum local = 4.42464e-07, global = -1.15601e-07, cumulative = 3.33871e-08
GAMG:  Solving for p, Initial residual = 0.00261993, Final residual = 2.38003e-05, No Iterations 20
GAMG:  Solving for p, Initial residual = 0.00147588, Final residual = 1.26631e-05, No Iterations 4
GAMG:  Solving for p, Initial residual = 0.00057564, Final residual = 9.29392e-07, No Iterations 36
time step continuity errors : sum local = 1.08792e-08, global = 3.20365e-09, cumulative = 3.65907e-08
DILUPBiCG:  Solving for omega, Initial residual = 0.000481145, Final residual = 1.24597e-06, No Iterations 1
DILUPBiCG:  Solving for k, Initial residual = 0.00477098, Final residual = 1.61254e-06, No Iterations 2
ExecutionTime = 17.82 s  ClockTime = 18 s

Courant Number mean: 0.232832 max: 0.512704
Time = 0.468

GAMG:  Solving for cellDisplacementx, Initial residual = 0, Final residual = 0, No Iterations 0
GAMG:  Solving for cellDisplacementy, Initial residual = 0, Final residual = 0, No Iterations 0
GAMG:  Solving for cellDisplacementz, Initial residual = 0, Final residual = 0, No Iterations 0
PIMPLE: iteration 1
DILUPBiCG:  Solving for Ux, Initial residual = 0.0423013, Final residual = 0.000176754, No Iterations 1
DILUPBiCG:  Solving for Uy, Initial residual = 0.00681567, Final residual = 1.5784e-05, No Iterations 1
DILUPBiCG:  Solving for Uz, Initial residual = 0.0119928, Final residual = 3.21952e-05, No Iterations 1
GAMG:  Solving for p, Initial residual = 0.124309, Final residual = 0.00112097, No Iterations 6
GAMG:  Solving for p, Initial residual = 0.0137681, Final residual = 0.000134565, No Iterations 20
GAMG:  Solving for p, Initial residual = 0.00600361, Final residual = 5.33907e-05, No Iterations 12
time step continuity errors : sum local = 6.90563e-07, global = 2.08085e-07, cumulative = 2.44676e-07
GAMG:  Solving for p, Initial residual = 0.0518138, Final residual = 0.000367005, No Iterations 6
GAMG:  Solving for p, Initial residual = 0.00697011, Final residual = 6.42895e-05, No Iterations 18
GAMG:  Solving for p, Initial residual = 0.00312648, Final residual = 2.56415e-05, No Iterations 12
time step continuity errors : sum local = 3.30745e-07, global = 9.83075e-08, cumulative = 3.42983e-07
PIMPLE: iteration 2
DILUPBiCG:  Solving for Ux, Initial residual = 0.0126406, Final residual = 7.23542e-05, No Iterations 1
DILUPBiCG:  Solving for Uy, Initial residual = 0.00215045, Final residual = 5.08034e-06, No Iterations 1
DILUPBiCG:  Solving for Uz, Initial residual = 0.0036052, Final residual = 1.26716e-05, No Iterations 1
GAMG:  Solving for p, Initial residual = 0.0521865, Final residual = 0.000467785, No Iterations 4
GAMG:  Solving for p, Initial residual = 0.0081626, Final residual = 7.366e-05, No Iterations 18
GAMG:  Solving for p, Initial residual = 0.00383891, Final residual = 3.5052e-05, No Iterations 8
time step continuity errors : sum local = 3.82582e-07, global = -1.37314e-07, cumulative = 2.05669e-07
GAMG:  Solving for p, Initial residual = 0.0266834, Final residual = 0.000199381, No Iterations 4
GAMG:  Solving for p, Initial residual = 0.00396114, Final residual = 3.86187e-05, No Iterations 14
GAMG:  Solving for p, Initial residual = 0.0017471, Final residual = 1.65606e-05, No Iterations 10
time step continuity errors : sum local = 1.81949e-07, global = -4.91092e-08, cumulative = 1.5656e-07
PIMPLE: iteration 3
DILUPBiCG:  Solving for Ux, Initial residual = 0.00322569, Final residual = 1.36082e-06, No Iterations 2
DILUPBiCG:  Solving for Uy, Initial residual = 0.00054595, Final residual = 7.23131e-06, No Iterations 1
DILUPBiCG:  Solving for Uz, Initial residual = 0.00702259, Final residual = 2.6339e-06, No Iterations 2
GAMG:  Solving for p, Initial residual = 0.0393781, Final residual = 0.000328514, No Iterations 5
GAMG:  Solving for p, Initial residual = 0.00894345, Final residual = 7.97577e-05, No Iterations 15
GAMG:  Solving for p, Initial residual = 0.00430421, Final residual = 3.65916e-05, No Iterations 10
time step continuity errors : sum local = 4.48e-07, global = -1.16891e-07, cumulative = 3.96683e-08
GAMG:  Solving for p, Initial residual = 0.00250097, Final residual = 2.37395e-05, No Iterations 20
GAMG:  Solving for p, Initial residual = 0.00142205, Final residual = 1.25775e-05, No Iterations 4
GAMG:  Solving for p, Initial residual = 0.000555139, Final residual = 9.14455e-07, No Iterations 36
time step continuity errors : sum local = 1.11654e-08, global = 3.28661e-09, cumulative = 4.29549e-08
DILUPBiCG:  Solving for omega, Initial residual = 0.000477966, Final residual = 9.12975e-07, No Iterations 1
DILUPBiCG:  Solving for k, Initial residual = 0.00471874, Final residual = 1.63289e-06, No Iterations 2
ExecutionTime = 32.61 s  ClockTime = 33 s

End

