/*---------------------------------------------------------------------------*\
| =========                 |                                                 |
| \\      /  F ield         | OpenFOAM: The Open Source CFD Toolbox           |
|  \\    /   O peration     | Version:  2.3.1                                 |
|   \\  /    A nd           | Web:      www.OpenFOAM.org                      |
|    \\/     M anipulation  |                                                 |
\*---------------------------------------------------------------------------*/
Build  : 2.3.1-262087cdf8db
Exec   : pimpleDyMFoam
Date   : Jun 05 2023
Time   : 17:50:44
Host   : "jcosson-VirtualBox"
PID    : 4758
Case   : /home/jcosson/workspace/henersj_shootingdata/calcs/moderate_deformed/primal/56_intervals_05-06-23/sweep2/interval41
nProcs : 1
sigFpe : Enabling floating point exception trapping (FOAM_SIGFPE).
fileModificationChecking : Monitoring run-time modified files using timeStampMaster
allowSystemOperations : Allowing user-supplied system call operations

// * * * * * * * * * * * * * * * * * * * * * * * * * * * * * * * * * * * * * //
Create time

Create mesh for time = 0.471

Selecting dynamicFvMesh dynamicMotionSolverFvMesh
Selecting motion solver: displacementLaplacian
Selecting motion diffusion: quadratic
Selecting motion diffusion: quadratic
Selecting motion diffusion: inverseDistance

PIMPLE: no residual control data found. Calculations will employ 3 corrector loops

Reading field p

Reading field U

Reading/calculating face flux field phi

Selecting incompressible transport model Newtonian
Selecting turbulence model type RASModel
Selecting RAS turbulence model kOmegaSST
kOmegaSSTCoeffs
{
    alphaK1         0.85034;
    alphaK2         1;
    alphaOmega1     0.5;
    alphaOmega2     0.85616;
    gamma1          0.5532;
    gamma2          0.4403;
    beta1           0.075;
    beta2           0.0828;
    betaStar        0.09;
    a1              0.31;
    c1              10;
    Cmu             0.09;
    b1              1;
    F3              false;
}

Reading/calculating face velocity Uf

No finite volume options present

Courant Number mean: 0.211252 max: 0.470876

Starting time loop

Courant Number mean: 0.211252 max: 0.470876
Time = 0.472

GAMG:  Solving for cellDisplacementx, Initial residual = 0, Final residual = 0, No Iterations 0
GAMG:  Solving for cellDisplacementy, Initial residual = 0, Final residual = 0, No Iterations 0
GAMG:  Solving for cellDisplacementz, Initial residual = 0, Final residual = 0, No Iterations 0
PIMPLE: iteration 1
DILUPBiCG:  Solving for Ux, Initial residual = 0.0649548, Final residual = 0.000209246, No Iterations 1
DILUPBiCG:  Solving for Uy, Initial residual = 0.0150051, Final residual = 7.75963e-05, No Iterations 1
DILUPBiCG:  Solving for Uz, Initial residual = 0.194437, Final residual = 0.000454227, No Iterations 1
GAMG:  Solving for p, Initial residual = 0.245145, Final residual = 0.00219779, No Iterations 11
GAMG:  Solving for p, Initial residual = 0.0615389, Final residual = 0.000598102, No Iterations 13
GAMG:  Solving for p, Initial residual = 0.0228487, Final residual = 0.000185541, No Iterations 10
time step continuity errors : sum local = 2.58988e-06, global = 6.73321e-07, cumulative = 6.73321e-07
GAMG:  Solving for p, Initial residual = 0.108316, Final residual = 0.00100661, No Iterations 7
GAMG:  Solving for p, Initial residual = 0.0323639, Final residual = 0.000300037, No Iterations 11
GAMG:  Solving for p, Initial residual = 0.0132643, Final residual = 0.000116784, No Iterations 10
time step continuity errors : sum local = 1.66005e-06, global = 4.39208e-07, cumulative = 1.11253e-06
PIMPLE: iteration 2
DILUPBiCG:  Solving for Ux, Initial residual = 0.016772, Final residual = 8.38506e-05, No Iterations 1
DILUPBiCG:  Solving for Uy, Initial residual = 0.00257873, Final residual = 1.0021e-05, No Iterations 1
DILUPBiCG:  Solving for Uz, Initial residual = 0.0151173, Final residual = 4.25608e-05, No Iterations 1
GAMG:  Solving for p, Initial residual = 0.119217, Final residual = 0.00100118, No Iterations 5
GAMG:  Solving for p, Initial residual = 0.0406454, Final residual = 0.000292124, No Iterations 6
GAMG:  Solving for p, Initial residual = 0.0174579, Final residual = 0.000169249, No Iterations 4
time step continuity errors : sum local = 2.03371e-06, global = -3.80721e-07, cumulative = 7.31809e-07
GAMG:  Solving for p, Initial residual = 0.0660586, Final residual = 0.000434196, No Iterations 5
GAMG:  Solving for p, Initial residual = 0.0248787, Final residual = 0.000160233, No Iterations 4
GAMG:  Solving for p, Initial residual = 0.00939118, Final residual = 8.86888e-05, No Iterations 4
time step continuity errors : sum local = 1.06869e-06, global = -1.77574e-07, cumulative = 5.54234e-07
PIMPLE: iteration 3
DILUPBiCG:  Solving for Ux, Initial residual = 0.0032676, Final residual = 3.46902e-06, No Iterations 2
DILUPBiCG:  Solving for Uy, Initial residual = 0.00208412, Final residual = 9.06311e-07, No Iterations 2
DILUPBiCG:  Solving for Uz, Initial residual = 0.0400843, Final residual = 8.72913e-06, No Iterations 2
GAMG:  Solving for p, Initial residual = 0.0518546, Final residual = 0.000464532, No Iterations 6
GAMG:  Solving for p, Initial residual = 0.018372, Final residual = 0.000162764, No Iterations 8
GAMG:  Solving for p, Initial residual = 0.00721692, Final residual = 7.09126e-05, No Iterations 10
time step continuity errors : sum local = 9.80213e-07, global = -2.47018e-07, cumulative = 3.07216e-07
GAMG:  Solving for p, Initial residual = 0.00600541, Final residual = 4.78689e-05, No Iterations 9
GAMG:  Solving for p, Initial residual = 0.00482205, Final residual = 3.95855e-05, No Iterations 4
GAMG:  Solving for p, Initial residual = 0.00173292, Final residual = 9.17106e-07, No Iterations 24
time step continuity errors : sum local = 1.26747e-08, global = 3.55388e-09, cumulative = 3.1077e-07
DILUPBiCG:  Solving for omega, Initial residual = 0.00191142, Final residual = 2.5692e-06, No Iterations 1
DILUPBiCG:  Solving for k, Initial residual = 0.00565068, Final residual = 1.60981e-06, No Iterations 2
ExecutionTime = 16.5 s  ClockTime = 17 s

Courant Number mean: 0.205649 max: 0.458035
Time = 0.473

GAMG:  Solving for cellDisplacementx, Initial residual = 0, Final residual = 0, No Iterations 0
GAMG:  Solving for cellDisplacementy, Initial residual = 0, Final residual = 0, No Iterations 0
GAMG:  Solving for cellDisplacementz, Initial residual = 0, Final residual = 0, No Iterations 0
PIMPLE: iteration 1
DILUPBiCG:  Solving for Ux, Initial residual = 0.0564942, Final residual = 0.000229453, No Iterations 1
DILUPBiCG:  Solving for Uy, Initial residual = 0.00917945, Final residual = 2.43694e-05, No Iterations 1
DILUPBiCG:  Solving for Uz, Initial residual = 0.160173, Final residual = 0.000318985, No Iterations 1
GAMG:  Solving for p, Initial residual = 0.175147, Final residual = 0.00171598, No Iterations 4
GAMG:  Solving for p, Initial residual = 0.0342078, Final residual = 0.000314097, No Iterations 20
GAMG:  Solving for p, Initial residual = 0.0160141, Final residual = 0.000142949, No Iterations 5
time step continuity errors : sum local = 1.93677e-06, global = -6.73639e-07, cumulative = -3.62869e-07
GAMG:  Solving for p, Initial residual = 0.0741221, Final residual = 0.000572131, No Iterations 4
GAMG:  Solving for p, Initial residual = 0.0167712, Final residual = 0.00014756, No Iterations 16
GAMG:  Solving for p, Initial residual = 0.00823514, Final residual = 6.64255e-05, No Iterations 5
time step continuity errors : sum local = 8.90782e-07, global = -3.20926e-07, cumulative = -6.83795e-07
PIMPLE: iteration 2
DILUPBiCG:  Solving for Ux, Initial residual = 0.0155016, Final residual = 9.33781e-05, No Iterations 1
DILUPBiCG:  Solving for Uy, Initial residual = 0.00269729, Final residual = 6.95403e-06, No Iterations 1
DILUPBiCG:  Solving for Uz, Initial residual = 0.0113372, Final residual = 4.6007e-05, No Iterations 1
GAMG:  Solving for p, Initial residual = 0.0812071, Final residual = 0.000535584, No Iterations 6
GAMG:  Solving for p, Initial residual = 0.0205273, Final residual = 0.000185297, No Iterations 12
GAMG:  Solving for p, Initial residual = 0.0111199, Final residual = 0.00011083, No Iterations 8
time step continuity errors : sum local = 1.25943e-06, global = -2.7284e-07, cumulative = -9.56634e-07
GAMG:  Solving for p, Initial residual = 0.0425147, Final residual = 0.000259761, No Iterations 6
GAMG:  Solving for p, Initial residual = 0.010466, Final residual = 9.02716e-05, No Iterations 12
GAMG:  Solving for p, Initial residual = 0.00581064, Final residual = 5.24137e-05, No Iterations 8
time step continuity errors : sum local = 5.91661e-07, global = -1.2757e-07, cumulative = -1.0842e-06
PIMPLE: iteration 3
DILUPBiCG:  Solving for Ux, Initial residual = 0.00338257, Final residual = 2.2576e-06, No Iterations 2
DILUPBiCG:  Solving for Uy, Initial residual = 0.000786139, Final residual = 6.98475e-06, No Iterations 1
DILUPBiCG:  Solving for Uz, Initial residual = 0.0147558, Final residual = 1.97545e-06, No Iterations 2
GAMG:  Solving for p, Initial residual = 0.0422183, Final residual = 0.000299733, No Iterations 6
GAMG:  Solving for p, Initial residual = 0.0107467, Final residual = 0.000105641, No Iterations 9
GAMG:  Solving for p, Initial residual = 0.00552656, Final residual = 4.71209e-05, No Iterations 10
time step continuity errors : sum local = 6.01349e-07, global = -1.51329e-07, cumulative = -1.23553e-06
GAMG:  Solving for p, Initial residual = 0.00345616, Final residual = 3.37726e-05, No Iterations 10
GAMG:  Solving for p, Initial residual = 0.00184593, Final residual = 1.68907e-05, No Iterations 4
GAMG:  Solving for p, Initial residual = 0.000695071, Final residual = 9.18751e-07, No Iterations 40
time step continuity errors : sum local = 1.16561e-08, global = 3.44797e-09, cumulative = -1.23209e-06
DILUPBiCG:  Solving for omega, Initial residual = 0.00164348, Final residual = 2.2791e-06, No Iterations 1
DILUPBiCG:  Solving for k, Initial residual = 0.00531319, Final residual = 1.78085e-06, No Iterations 2
ExecutionTime = 31.27 s  ClockTime = 32 s

End

