/*---------------------------------------------------------------------------*\
| =========                 |                                                 |
| \\      /  F ield         | OpenFOAM: The Open Source CFD Toolbox           |
|  \\    /   O peration     | Version:  2.3.1                                 |
|   \\  /    A nd           | Web:      www.OpenFOAM.org                      |
|    \\/     M anipulation  |                                                 |
\*---------------------------------------------------------------------------*/
Build  : 2.3.1-262087cdf8db
Exec   : pimpleDyMFoam
Date   : Jun 05 2023
Time   : 17:50:14
Host   : "jcosson-VirtualBox"
PID    : 4723
Case   : /home/jcosson/workspace/henersj_shootingdata/calcs/moderate_deformed/primal/56_intervals_05-06-23/sweep2/interval24
nProcs : 1
sigFpe : Enabling floating point exception trapping (FOAM_SIGFPE).
fileModificationChecking : Monitoring run-time modified files using timeStampMaster
allowSystemOperations : Allowing user-supplied system call operations

// * * * * * * * * * * * * * * * * * * * * * * * * * * * * * * * * * * * * * //
Create time

Create mesh for time = 0.441

Selecting dynamicFvMesh dynamicMotionSolverFvMesh
Selecting motion solver: displacementLaplacian
Selecting motion diffusion: quadratic
Selecting motion diffusion: quadratic
Selecting motion diffusion: inverseDistance

PIMPLE: no residual control data found. Calculations will employ 3 corrector loops

Reading field p

Reading field U

Reading/calculating face flux field phi

Selecting incompressible transport model Newtonian
Selecting turbulence model type RASModel
Selecting RAS turbulence model kOmegaSST
kOmegaSSTCoeffs
{
    alphaK1         0.85034;
    alphaK2         1;
    alphaOmega1     0.5;
    alphaOmega2     0.85616;
    gamma1          0.5532;
    gamma2          0.4403;
    beta1           0.075;
    beta2           0.0828;
    betaStar        0.09;
    a1              0.31;
    c1              10;
    Cmu             0.09;
    b1              1;
    F3              false;
}

Reading/calculating face velocity Uf

No finite volume options present

Courant Number mean: 0.265024 max: 0.592826

Starting time loop

Courant Number mean: 0.265024 max: 0.592826
Time = 0.442

GAMG:  Solving for cellDisplacementx, Initial residual = 0, Final residual = 0, No Iterations 0
GAMG:  Solving for cellDisplacementy, Initial residual = 0, Final residual = 0, No Iterations 0
GAMG:  Solving for cellDisplacementz, Initial residual = 0, Final residual = 0, No Iterations 0
PIMPLE: iteration 1
DILUPBiCG:  Solving for Ux, Initial residual = 0.0227861, Final residual = 8.07107e-05, No Iterations 1
DILUPBiCG:  Solving for Uy, Initial residual = 0.00435508, Final residual = 1.23718e-05, No Iterations 1
DILUPBiCG:  Solving for Uz, Initial residual = 0.135845, Final residual = 0.000343489, No Iterations 1
GAMG:  Solving for p, Initial residual = 0.223025, Final residual = 0.00203236, No Iterations 4
GAMG:  Solving for p, Initial residual = 0.0428194, Final residual = 0.000378772, No Iterations 16
GAMG:  Solving for p, Initial residual = 0.0181554, Final residual = 0.000152341, No Iterations 8
time step continuity errors : sum local = 1.10009e-06, global = -2.2824e-07, cumulative = -2.2824e-07
GAMG:  Solving for p, Initial residual = 0.0896738, Final residual = 0.00076002, No Iterations 4
GAMG:  Solving for p, Initial residual = 0.0216627, Final residual = 0.000201962, No Iterations 12
GAMG:  Solving for p, Initial residual = 0.00984618, Final residual = 8.86853e-05, No Iterations 8
time step continuity errors : sum local = 6.44996e-07, global = -1.35324e-07, cumulative = -3.63564e-07
PIMPLE: iteration 2
DILUPBiCG:  Solving for Ux, Initial residual = 0.00665362, Final residual = 2.79765e-05, No Iterations 1
DILUPBiCG:  Solving for Uy, Initial residual = 0.00118322, Final residual = 6.84336e-06, No Iterations 1
DILUPBiCG:  Solving for Uz, Initial residual = 0.0143081, Final residual = 2.85388e-05, No Iterations 1
GAMG:  Solving for p, Initial residual = 0.100919, Final residual = 0.000767996, No Iterations 6
GAMG:  Solving for p, Initial residual = 0.0298928, Final residual = 0.000283654, No Iterations 9
GAMG:  Solving for p, Initial residual = 0.0145868, Final residual = 0.000130751, No Iterations 6
time step continuity errors : sum local = 8.00065e-07, global = -2.53478e-07, cumulative = -6.17042e-07
GAMG:  Solving for p, Initial residual = 0.0515986, Final residual = 0.000511309, No Iterations 4
GAMG:  Solving for p, Initial residual = 0.0146713, Final residual = 0.000128912, No Iterations 12
GAMG:  Solving for p, Initial residual = 0.00711714, Final residual = 6.53477e-05, No Iterations 7
time step continuity errors : sum local = 4.04355e-07, global = -1.49549e-07, cumulative = -7.66591e-07
PIMPLE: iteration 3
DILUPBiCG:  Solving for Ux, Initial residual = 0.00163957, Final residual = 4.42382e-07, No Iterations 2
DILUPBiCG:  Solving for Uy, Initial residual = 0.000243653, Final residual = 7.48774e-06, No Iterations 1
DILUPBiCG:  Solving for Uz, Initial residual = 0.0156661, Final residual = 3.35304e-06, No Iterations 2
GAMG:  Solving for p, Initial residual = 0.0519112, Final residual = 0.000345832, No Iterations 5
GAMG:  Solving for p, Initial residual = 0.012786, Final residual = 0.000121384, No Iterations 11
GAMG:  Solving for p, Initial residual = 0.00566682, Final residual = 5.38162e-05, No Iterations 10
time step continuity errors : sum local = 3.72394e-07, global = 9.69694e-08, cumulative = -6.69621e-07
GAMG:  Solving for p, Initial residual = 0.00477946, Final residual = 4.09255e-05, No Iterations 6
GAMG:  Solving for p, Initial residual = 0.00273784, Final residual = 2.68674e-05, No Iterations 4
GAMG:  Solving for p, Initial residual = 0.00102257, Final residual = 9.772e-07, No Iterations 46
time step continuity errors : sum local = 6.79504e-09, global = -2.01605e-09, cumulative = -6.71637e-07
DILUPBiCG:  Solving for omega, Initial residual = 0.00187347, Final residual = 2.42738e-06, No Iterations 1
DILUPBiCG:  Solving for k, Initial residual = 0.00677817, Final residual = 1.39091e-06, No Iterations 2
ExecutionTime = 16.7 s  ClockTime = 17 s

Courant Number mean: 0.26799 max: 0.600024
Time = 0.443

GAMG:  Solving for cellDisplacementx, Initial residual = 0, Final residual = 0, No Iterations 0
GAMG:  Solving for cellDisplacementy, Initial residual = 0, Final residual = 0, No Iterations 0
GAMG:  Solving for cellDisplacementz, Initial residual = 0, Final residual = 0, No Iterations 0
PIMPLE: iteration 1
DILUPBiCG:  Solving for Ux, Initial residual = 0.0221476, Final residual = 7.90661e-05, No Iterations 1
DILUPBiCG:  Solving for Uy, Initial residual = 0.00359767, Final residual = 1.06086e-05, No Iterations 1
DILUPBiCG:  Solving for Uz, Initial residual = 0.0359341, Final residual = 9.29526e-05, No Iterations 1
GAMG:  Solving for p, Initial residual = 0.146376, Final residual = 0.000803873, No Iterations 4
GAMG:  Solving for p, Initial residual = 0.0265434, Final residual = 0.000263213, No Iterations 8
GAMG:  Solving for p, Initial residual = 0.0115445, Final residual = 9.3975e-05, No Iterations 10
time step continuity errors : sum local = 6.35417e-07, global = -1.61033e-07, cumulative = -8.3267e-07
GAMG:  Solving for p, Initial residual = 0.0642846, Final residual = 0.000316948, No Iterations 4
GAMG:  Solving for p, Initial residual = 0.0127549, Final residual = 0.000101366, No Iterations 4
GAMG:  Solving for p, Initial residual = 0.00557967, Final residual = 4.52081e-05, No Iterations 4
time step continuity errors : sum local = 3.05441e-07, global = -9.62943e-08, cumulative = -9.28965e-07
PIMPLE: iteration 2
DILUPBiCG:  Solving for Ux, Initial residual = 0.0060774, Final residual = 2.52957e-05, No Iterations 1
DILUPBiCG:  Solving for Uy, Initial residual = 0.00100743, Final residual = 6.2618e-06, No Iterations 1
DILUPBiCG:  Solving for Uz, Initial residual = 0.00500894, Final residual = 1.21772e-05, No Iterations 1
GAMG:  Solving for p, Initial residual = 0.0697291, Final residual = 0.000637555, No Iterations 5
GAMG:  Solving for p, Initial residual = 0.0187849, Final residual = 0.00015769, No Iterations 6
GAMG:  Solving for p, Initial residual = 0.0076304, Final residual = 4.17815e-05, No Iterations 5
time step continuity errors : sum local = 2.37093e-07, global = 4.93202e-08, cumulative = -8.79645e-07
GAMG:  Solving for p, Initial residual = 0.0365801, Final residual = 0.000331186, No Iterations 4
GAMG:  Solving for p, Initial residual = 0.00875338, Final residual = 8.40799e-05, No Iterations 10
GAMG:  Solving for p, Initial residual = 0.00363571, Final residual = 3.10599e-05, No Iterations 10
time step continuity errors : sum local = 1.77762e-07, global = 4.58574e-08, cumulative = -8.33787e-07
PIMPLE: iteration 3
DILUPBiCG:  Solving for Ux, Initial residual = 0.00126064, Final residual = 8.60633e-06, No Iterations 1
DILUPBiCG:  Solving for Uy, Initial residual = 0.000222794, Final residual = 6.25329e-06, No Iterations 1
DILUPBiCG:  Solving for Uz, Initial residual = 0.00522438, Final residual = 5.92376e-07, No Iterations 2
GAMG:  Solving for p, Initial residual = 0.0437821, Final residual = 0.000432999, No Iterations 5
GAMG:  Solving for p, Initial residual = 0.0113422, Final residual = 9.86583e-05, No Iterations 10
GAMG:  Solving for p, Initial residual = 0.00470855, Final residual = 4.51756e-05, No Iterations 8
time step continuity errors : sum local = 2.89524e-07, global = 6.18917e-08, cumulative = -7.71896e-07
GAMG:  Solving for p, Initial residual = 0.00362887, Final residual = 3.12542e-05, No Iterations 20
GAMG:  Solving for p, Initial residual = 0.00211408, Final residual = 1.71618e-05, No Iterations 4
GAMG:  Solving for p, Initial residual = 0.000715383, Final residual = 9.65973e-07, No Iterations 40
time step continuity errors : sum local = 6.21659e-09, global = -1.84559e-09, cumulative = -7.73741e-07
DILUPBiCG:  Solving for omega, Initial residual = 0.00176602, Final residual = 2.31876e-06, No Iterations 1
DILUPBiCG:  Solving for k, Initial residual = 0.00666704, Final residual = 1.26315e-06, No Iterations 2
ExecutionTime = 30.82 s  ClockTime = 31 s

End

