/*---------------------------------------------------------------------------*\
| =========                 |                                                 |
| \\      /  F ield         | OpenFOAM: The Open Source CFD Toolbox           |
|  \\    /   O peration     | Version:  2.3.1                                 |
|   \\  /    A nd           | Web:      www.OpenFOAM.org                      |
|    \\/     M anipulation  |                                                 |
\*---------------------------------------------------------------------------*/
Build  : 2.3.1-262087cdf8db
Exec   : pimpleDyMFoam
Date   : Jun 06 2023
Time   : 09:39:22
Host   : "jcosson-VirtualBox"
PID    : 3757
Case   : /home/jcosson/workspace/henersj_shootingdata/calcs/moderate_deformed/primal/14_intervals_05-06-23/sweep2/interval4
nProcs : 1
sigFpe : Enabling floating point exception trapping (FOAM_SIGFPE).
fileModificationChecking : Monitoring run-time modified files using timeStampMaster
allowSystemOperations : Allowing user-supplied system call operations

// * * * * * * * * * * * * * * * * * * * * * * * * * * * * * * * * * * * * * //
Create time

Create mesh for time = 0.421

Selecting dynamicFvMesh dynamicMotionSolverFvMesh
Selecting motion solver: displacementLaplacian
Selecting motion diffusion: quadratic
Selecting motion diffusion: quadratic
Selecting motion diffusion: inverseDistance

PIMPLE: no residual control data found. Calculations will employ 3 corrector loops

Reading field p

Reading field U

Reading/calculating face flux field phi

Selecting incompressible transport model Newtonian
Selecting turbulence model type RASModel
Selecting RAS turbulence model kOmegaSST
kOmegaSSTCoeffs
{
    alphaK1         0.85034;
    alphaK2         1;
    alphaOmega1     0.5;
    alphaOmega2     0.85616;
    gamma1          0.5532;
    gamma2          0.4403;
    beta1           0.075;
    beta2           0.0828;
    betaStar        0.09;
    a1              0.31;
    c1              10;
    Cmu             0.09;
    b1              1;
    F3              false;
}

Reading/calculating face velocity Uf

No finite volume options present

Courant Number mean: 0.164765 max: 0.35539

Starting time loop

Courant Number mean: 0.164765 max: 0.35539
Time = 0.422

GAMG:  Solving for cellDisplacementx, Initial residual = 0, Final residual = 0, No Iterations 0
GAMG:  Solving for cellDisplacementy, Initial residual = 0, Final residual = 0, No Iterations 0
GAMG:  Solving for cellDisplacementz, Initial residual = 0, Final residual = 0, No Iterations 0
PIMPLE: iteration 1
DILUPBiCG:  Solving for Ux, Initial residual = 0.0630647, Final residual = 0.000219849, No Iterations 1
DILUPBiCG:  Solving for Uy, Initial residual = 0.0108745, Final residual = 2.09026e-05, No Iterations 1
DILUPBiCG:  Solving for Uz, Initial residual = 0.0255441, Final residual = 3.03612e-05, No Iterations 1
GAMG:  Solving for p, Initial residual = 0.134705, Final residual = 0.000926113, No Iterations 6
GAMG:  Solving for p, Initial residual = 0.0160098, Final residual = 0.000153355, No Iterations 16
GAMG:  Solving for p, Initial residual = 0.00695279, Final residual = 6.64591e-05, No Iterations 10
time step continuity errors : sum local = 9.53024e-07, global = -2.49827e-07, cumulative = -2.49827e-07
GAMG:  Solving for p, Initial residual = 0.0572648, Final residual = 0.000540453, No Iterations 4
GAMG:  Solving for p, Initial residual = 0.00802795, Final residual = 7.69444e-05, No Iterations 16
GAMG:  Solving for p, Initial residual = 0.003653, Final residual = 3.48129e-05, No Iterations 10
time step continuity errors : sum local = 4.9978e-07, global = -1.31953e-07, cumulative = -3.8178e-07
PIMPLE: iteration 2
DILUPBiCG:  Solving for Ux, Initial residual = 0.0175502, Final residual = 8.99162e-05, No Iterations 1
DILUPBiCG:  Solving for Uy, Initial residual = 0.00301846, Final residual = 7.31309e-06, No Iterations 1
DILUPBiCG:  Solving for Uz, Initial residual = 0.00479451, Final residual = 2.00086e-05, No Iterations 1
GAMG:  Solving for p, Initial residual = 0.0586018, Final residual = 0.000447666, No Iterations 4
GAMG:  Solving for p, Initial residual = 0.00941667, Final residual = 9.41308e-05, No Iterations 14
GAMG:  Solving for p, Initial residual = 0.00431088, Final residual = 3.81426e-05, No Iterations 10
time step continuity errors : sum local = 4.66978e-07, global = 1.17592e-07, cumulative = -2.64188e-07
GAMG:  Solving for p, Initial residual = 0.0300184, Final residual = 0.000199654, No Iterations 4
GAMG:  Solving for p, Initial residual = 0.00474841, Final residual = 4.67496e-05, No Iterations 12
GAMG:  Solving for p, Initial residual = 0.00209301, Final residual = 1.89045e-05, No Iterations 10
time step continuity errors : sum local = 2.32371e-07, global = 5.77791e-08, cumulative = -2.06409e-07
PIMPLE: iteration 3
DILUPBiCG:  Solving for Ux, Initial residual = 0.00425294, Final residual = 1.48404e-06, No Iterations 2
DILUPBiCG:  Solving for Uy, Initial residual = 0.000748081, Final residual = 7.77708e-06, No Iterations 1
DILUPBiCG:  Solving for Uz, Initial residual = 0.00764121, Final residual = 2.7458e-06, No Iterations 2
GAMG:  Solving for p, Initial residual = 0.0386058, Final residual = 0.000319885, No Iterations 5
GAMG:  Solving for p, Initial residual = 0.00838744, Final residual = 8.31978e-05, No Iterations 15
GAMG:  Solving for p, Initial residual = 0.004066, Final residual = 3.52243e-05, No Iterations 10
time step continuity errors : sum local = 4.87408e-07, global = 1.2489e-07, cumulative = -8.15192e-08
GAMG:  Solving for p, Initial residual = 0.00218918, Final residual = 2.04178e-05, No Iterations 16
GAMG:  Solving for p, Initial residual = 0.00121043, Final residual = 1.02337e-05, No Iterations 4
GAMG:  Solving for p, Initial residual = 0.000483595, Final residual = 8.60868e-07, No Iterations 30
time step continuity errors : sum local = 1.18381e-08, global = -3.49914e-09, cumulative = -8.50184e-08
DILUPBiCG:  Solving for omega, Initial residual = 0.000920074, Final residual = 9.16077e-07, No Iterations 1
DILUPBiCG:  Solving for k, Initial residual = 0.0043474, Final residual = 1.2237e-06, No Iterations 2
ExecutionTime = 16.98 s  ClockTime = 17 s

Courant Number mean: 0.170402 max: 0.366947
Time = 0.423

GAMG:  Solving for cellDisplacementx, Initial residual = 0, Final residual = 0, No Iterations 0
GAMG:  Solving for cellDisplacementy, Initial residual = 0, Final residual = 0, No Iterations 0
GAMG:  Solving for cellDisplacementz, Initial residual = 0, Final residual = 0, No Iterations 0
PIMPLE: iteration 1
DILUPBiCG:  Solving for Ux, Initial residual = 0.0620723, Final residual = 0.00021437, No Iterations 1
DILUPBiCG:  Solving for Uy, Initial residual = 0.0107308, Final residual = 2.12085e-05, No Iterations 1
DILUPBiCG:  Solving for Uz, Initial residual = 0.0250874, Final residual = 4.12306e-05, No Iterations 1
GAMG:  Solving for p, Initial residual = 0.124379, Final residual = 0.000960813, No Iterations 6
GAMG:  Solving for p, Initial residual = 0.0140065, Final residual = 0.000128642, No Iterations 20
GAMG:  Solving for p, Initial residual = 0.00630507, Final residual = 6.22764e-05, No Iterations 8
time step continuity errors : sum local = 9.13694e-07, global = -1.98456e-07, cumulative = -2.83474e-07
GAMG:  Solving for p, Initial residual = 0.0526802, Final residual = 0.000343345, No Iterations 6
GAMG:  Solving for p, Initial residual = 0.00699884, Final residual = 6.55904e-05, No Iterations 18
GAMG:  Solving for p, Initial residual = 0.00326824, Final residual = 2.72776e-05, No Iterations 10
time step continuity errors : sum local = 4.00954e-07, global = -1.02365e-07, cumulative = -3.8584e-07
PIMPLE: iteration 2
DILUPBiCG:  Solving for Ux, Initial residual = 0.017422, Final residual = 8.73833e-05, No Iterations 1
DILUPBiCG:  Solving for Uy, Initial residual = 0.00296378, Final residual = 7.2504e-06, No Iterations 1
DILUPBiCG:  Solving for Uz, Initial residual = 0.00437183, Final residual = 1.54072e-05, No Iterations 1
GAMG:  Solving for p, Initial residual = 0.0536977, Final residual = 0.000469691, No Iterations 4
GAMG:  Solving for p, Initial residual = 0.00851193, Final residual = 8.18174e-05, No Iterations 16
GAMG:  Solving for p, Initial residual = 0.00403766, Final residual = 3.80116e-05, No Iterations 8
time step continuity errors : sum local = 4.76137e-07, global = 1.68012e-07, cumulative = -2.17828e-07
GAMG:  Solving for p, Initial residual = 0.0274905, Final residual = 0.00020624, No Iterations 4
GAMG:  Solving for p, Initial residual = 0.00427453, Final residual = 3.9759e-05, No Iterations 14
GAMG:  Solving for p, Initial residual = 0.0019253, Final residual = 1.77256e-05, No Iterations 8
time step continuity errors : sum local = 2.23236e-07, global = 6.87698e-08, cumulative = -1.49058e-07
PIMPLE: iteration 3
DILUPBiCG:  Solving for Ux, Initial residual = 0.00427909, Final residual = 1.47202e-06, No Iterations 2
DILUPBiCG:  Solving for Uy, Initial residual = 0.000724922, Final residual = 7.62187e-06, No Iterations 1
DILUPBiCG:  Solving for Uz, Initial residual = 0.0104938, Final residual = 3.23723e-06, No Iterations 2
GAMG:  Solving for p, Initial residual = 0.0380075, Final residual = 0.000295929, No Iterations 5
GAMG:  Solving for p, Initial residual = 0.00827244, Final residual = 7.59066e-05, No Iterations 15
GAMG:  Solving for p, Initial residual = 0.00394334, Final residual = 3.19378e-05, No Iterations 10
time step continuity errors : sum local = 4.52054e-07, global = 1.16665e-07, cumulative = -3.23935e-08
GAMG:  Solving for p, Initial residual = 0.00211284, Final residual = 2.00651e-05, No Iterations 18
GAMG:  Solving for p, Initial residual = 0.00120715, Final residual = 1.0621e-05, No Iterations 4
GAMG:  Solving for p, Initial residual = 0.000477694, Final residual = 9.17963e-07, No Iterations 30
time step continuity errors : sum local = 1.29291e-08, global = -3.84549e-09, cumulative = -3.6239e-08
DILUPBiCG:  Solving for omega, Initial residual = 0.000876536, Final residual = 8.85897e-07, No Iterations 1
DILUPBiCG:  Solving for k, Initial residual = 0.00445138, Final residual = 1.2184e-06, No Iterations 2
ExecutionTime = 31.94 s  ClockTime = 32 s

Courant Number mean: 0.176131 max: 0.379005
Time = 0.424

GAMG:  Solving for cellDisplacementx, Initial residual = 0, Final residual = 0, No Iterations 0
GAMG:  Solving for cellDisplacementy, Initial residual = 0, Final residual = 0, No Iterations 0
GAMG:  Solving for cellDisplacementz, Initial residual = 0, Final residual = 0, No Iterations 0
PIMPLE: iteration 1
DILUPBiCG:  Solving for Ux, Initial residual = 0.0615953, Final residual = 0.000210935, No Iterations 1
DILUPBiCG:  Solving for Uy, Initial residual = 0.0104148, Final residual = 2.05467e-05, No Iterations 1
DILUPBiCG:  Solving for Uz, Initial residual = 0.0218415, Final residual = 2.52635e-05, No Iterations 1
GAMG:  Solving for p, Initial residual = 0.122056, Final residual = 0.000886056, No Iterations 6
GAMG:  Solving for p, Initial residual = 0.0137306, Final residual = 0.000126022, No Iterations 18
GAMG:  Solving for p, Initial residual = 0.00607655, Final residual = 6.0008e-05, No Iterations 4
time step continuity errors : sum local = 8.91982e-07, global = -3.36729e-07, cumulative = -3.72968e-07
GAMG:  Solving for p, Initial residual = 0.0520849, Final residual = 0.000313994, No Iterations 6
GAMG:  Solving for p, Initial residual = 0.00689168, Final residual = 6.20163e-05, No Iterations 16
GAMG:  Solving for p, Initial residual = 0.00310169, Final residual = 2.7429e-05, No Iterations 10
time step continuity errors : sum local = 4.07787e-07, global = -1.0781e-07, cumulative = -4.80778e-07
PIMPLE: iteration 2
DILUPBiCG:  Solving for Ux, Initial residual = 0.01721, Final residual = 8.41332e-05, No Iterations 1
DILUPBiCG:  Solving for Uy, Initial residual = 0.00291455, Final residual = 7.33543e-06, No Iterations 1
DILUPBiCG:  Solving for Uz, Initial residual = 0.00440414, Final residual = 1.97584e-05, No Iterations 1
GAMG:  Solving for p, Initial residual = 0.0529273, Final residual = 0.000466911, No Iterations 4
GAMG:  Solving for p, Initial residual = 0.00826869, Final residual = 8.1356e-05, No Iterations 16
GAMG:  Solving for p, Initial residual = 0.00380595, Final residual = 3.31289e-05, No Iterations 10
time step continuity errors : sum local = 4.19044e-07, global = 1.09481e-07, cumulative = -3.71298e-07
GAMG:  Solving for p, Initial residual = 0.0271211, Final residual = 0.000205911, No Iterations 4
GAMG:  Solving for p, Initial residual = 0.00414533, Final residual = 3.94411e-05, No Iterations 14
GAMG:  Solving for p, Initial residual = 0.00179819, Final residual = 1.62211e-05, No Iterations 10
time step continuity errors : sum local = 2.06158e-07, global = 5.19557e-08, cumulative = -3.19342e-07
PIMPLE: iteration 3
DILUPBiCG:  Solving for Ux, Initial residual = 0.00414703, Final residual = 1.42266e-06, No Iterations 2
DILUPBiCG:  Solving for Uy, Initial residual = 0.00071397, Final residual = 8.06106e-06, No Iterations 1
DILUPBiCG:  Solving for Uz, Initial residual = 0.00787263, Final residual = 2.91172e-06, No Iterations 2
GAMG:  Solving for p, Initial residual = 0.0385217, Final residual = 0.000328174, No Iterations 5
GAMG:  Solving for p, Initial residual = 0.00861346, Final residual = 7.87256e-05, No Iterations 13
GAMG:  Solving for p, Initial residual = 0.00411053, Final residual = 4.00824e-05, No Iterations 8
time step continuity errors : sum local = 5.72142e-07, global = 1.26552e-07, cumulative = -1.9279e-07
GAMG:  Solving for p, Initial residual = 0.00221615, Final residual = 1.98158e-05, No Iterations 18
GAMG:  Solving for p, Initial residual = 0.00125332, Final residual = 1.04589e-05, No Iterations 4
GAMG:  Solving for p, Initial residual = 0.000491276, Final residual = 9.66174e-07, No Iterations 30
time step continuity errors : sum local = 1.37147e-08, global = -4.06174e-09, cumulative = -1.96851e-07
DILUPBiCG:  Solving for omega, Initial residual = 0.000841338, Final residual = 8.65443e-07, No Iterations 1
DILUPBiCG:  Solving for k, Initial residual = 0.0045546, Final residual = 1.20266e-06, No Iterations 2
ExecutionTime = 45 s  ClockTime = 45 s

Courant Number mean: 0.181886 max: 0.391646
Time = 0.425

GAMG:  Solving for cellDisplacementx, Initial residual = 0, Final residual = 0, No Iterations 0
GAMG:  Solving for cellDisplacementy, Initial residual = 0, Final residual = 0, No Iterations 0
GAMG:  Solving for cellDisplacementz, Initial residual = 0, Final residual = 0, No Iterations 0
PIMPLE: iteration 1
DILUPBiCG:  Solving for Ux, Initial residual = 0.0602493, Final residual = 0.000204735, No Iterations 1
DILUPBiCG:  Solving for Uy, Initial residual = 0.0102048, Final residual = 2.06362e-05, No Iterations 1
DILUPBiCG:  Solving for Uz, Initial residual = 0.0222756, Final residual = 3.46314e-05, No Iterations 1
GAMG:  Solving for p, Initial residual = 0.121034, Final residual = 0.000910275, No Iterations 6
GAMG:  Solving for p, Initial residual = 0.0137673, Final residual = 0.000122851, No Iterations 20
GAMG:  Solving for p, Initial residual = 0.0061931, Final residual = 6.03711e-05, No Iterations 8
time step continuity errors : sum local = 9.07732e-07, global = -1.96683e-07, cumulative = -3.93534e-07
GAMG:  Solving for p, Initial residual = 0.0515761, Final residual = 0.000325751, No Iterations 6
GAMG:  Solving for p, Initial residual = 0.00687367, Final residual = 6.24347e-05, No Iterations 18
GAMG:  Solving for p, Initial residual = 0.00319627, Final residual = 2.65501e-05, No Iterations 10
time step continuity errors : sum local = 3.99708e-07, global = -1.0215e-07, cumulative = -4.95685e-07
PIMPLE: iteration 2
DILUPBiCG:  Solving for Ux, Initial residual = 0.0169307, Final residual = 8.10037e-05, No Iterations 1
DILUPBiCG:  Solving for Uy, Initial residual = 0.00283991, Final residual = 7.25583e-06, No Iterations 1
DILUPBiCG:  Solving for Uz, Initial residual = 0.00409477, Final residual = 1.63064e-05, No Iterations 1
GAMG:  Solving for p, Initial residual = 0.0523106, Final residual = 0.000484612, No Iterations 4
GAMG:  Solving for p, Initial residual = 0.00845618, Final residual = 8.2127e-05, No Iterations 16
GAMG:  Solving for p, Initial residual = 0.00393347, Final residual = 3.76305e-05, No Iterations 8
time step continuity errors : sum local = 4.82206e-07, global = 1.57883e-07, cumulative = -3.37802e-07
GAMG:  Solving for p, Initial residual = 0.0268365, Final residual = 0.000211897, No Iterations 4
GAMG:  Solving for p, Initial residual = 0.00422347, Final residual = 3.97367e-05, No Iterations 14
GAMG:  Solving for p, Initial residual = 0.00185998, Final residual = 1.80757e-05, No Iterations 8
time step continuity errors : sum local = 2.32913e-07, global = 6.53201e-08, cumulative = -2.72482e-07
PIMPLE: iteration 3
DILUPBiCG:  Solving for Ux, Initial residual = 0.00412232, Final residual = 1.40098e-06, No Iterations 2
DILUPBiCG:  Solving for Uy, Initial residual = 0.000690458, Final residual = 7.93207e-06, No Iterations 1
DILUPBiCG:  Solving for Uz, Initial residual = 0.0100532, Final residual = 3.05459e-06, No Iterations 2
GAMG:  Solving for p, Initial residual = 0.038785, Final residual = 0.000313247, No Iterations 5
GAMG:  Solving for p, Initial residual = 0.00865612, Final residual = 7.50006e-05, No Iterations 13
GAMG:  Solving for p, Initial residual = 0.00407444, Final residual = 3.87232e-05, No Iterations 8
time step continuity errors : sum local = 5.59681e-07, global = 1.25495e-07, cumulative = -1.46987e-07
GAMG:  Solving for p, Initial residual = 0.00219839, Final residual = 2.08989e-05, No Iterations 18
GAMG:  Solving for p, Initial residual = 0.00126717, Final residual = 1.09416e-05, No Iterations 4
GAMG:  Solving for p, Initial residual = 0.000492031, Final residual = 9.19481e-07, No Iterations 32
time step continuity errors : sum local = 1.32291e-08, global = -3.90078e-09, cumulative = -1.50888e-07
DILUPBiCG:  Solving for omega, Initial residual = 0.00081465, Final residual = 8.54697e-07, No Iterations 1
DILUPBiCG:  Solving for k, Initial residual = 0.00465929, Final residual = 1.19162e-06, No Iterations 2
ExecutionTime = 59.48 s  ClockTime = 59 s

Courant Number mean: 0.187685 max: 0.404773
Time = 0.426

GAMG:  Solving for cellDisplacementx, Initial residual = 0, Final residual = 0, No Iterations 0
GAMG:  Solving for cellDisplacementy, Initial residual = 0, Final residual = 0, No Iterations 0
GAMG:  Solving for cellDisplacementz, Initial residual = 0, Final residual = 0, No Iterations 0
PIMPLE: iteration 1
DILUPBiCG:  Solving for Ux, Initial residual = 0.0592722, Final residual = 0.000199683, No Iterations 1
DILUPBiCG:  Solving for Uy, Initial residual = 0.00985919, Final residual = 2.00123e-05, No Iterations 1
DILUPBiCG:  Solving for Uz, Initial residual = 0.0200234, Final residual = 2.36376e-05, No Iterations 1
GAMG:  Solving for p, Initial residual = 0.11918, Final residual = 0.000846854, No Iterations 6
GAMG:  Solving for p, Initial residual = 0.0135683, Final residual = 0.000121688, No Iterations 18
GAMG:  Solving for p, Initial residual = 0.00599074, Final residual = 5.57065e-05, No Iterations 4
time step continuity errors : sum local = 8.41177e-07, global = -3.19696e-07, cumulative = -4.70584e-07
GAMG:  Solving for p, Initial residual = 0.0510842, Final residual = 0.000510781, No Iterations 4
GAMG:  Solving for p, Initial residual = 0.00679012, Final residual = 6.24199e-05, No Iterations 18
GAMG:  Solving for p, Initial residual = 0.00315129, Final residual = 2.63423e-05, No Iterations 10
time step continuity errors : sum local = 3.9778e-07, global = -1.05007e-07, cumulative = -5.75591e-07
PIMPLE: iteration 2
DILUPBiCG:  Solving for Ux, Initial residual = 0.0166095, Final residual = 7.7521e-05, No Iterations 1
DILUPBiCG:  Solving for Uy, Initial residual = 0.0027747, Final residual = 7.28589e-06, No Iterations 1
DILUPBiCG:  Solving for Uz, Initial residual = 0.00402595, Final residual = 2.42093e-05, No Iterations 1
GAMG:  Solving for p, Initial residual = 0.0516731, Final residual = 0.000483621, No Iterations 4
GAMG:  Solving for p, Initial residual = 0.00832415, Final residual = 8.30386e-05, No Iterations 16
GAMG:  Solving for p, Initial residual = 0.00377437, Final residual = 3.37159e-05, No Iterations 10
time step continuity errors : sum local = 4.32668e-07, global = 1.11364e-07, cumulative = -4.64227e-07
GAMG:  Solving for p, Initial residual = 0.0265443, Final residual = 0.000212111, No Iterations 4
GAMG:  Solving for p, Initial residual = 0.00415156, Final residual = 4.01838e-05, No Iterations 14
GAMG:  Solving for p, Initial residual = 0.00175783, Final residual = 1.66245e-05, No Iterations 10
time step continuity errors : sum local = 2.1441e-07, global = 5.37726e-08, cumulative = -4.10454e-07
PIMPLE: iteration 3
DILUPBiCG:  Solving for Ux, Initial residual = 0.0039795, Final residual = 1.35933e-06, No Iterations 2
DILUPBiCG:  Solving for Uy, Initial residual = 0.000674483, Final residual = 8.39964e-06, No Iterations 1
DILUPBiCG:  Solving for Uz, Initial residual = 0.00783789, Final residual = 2.98273e-06, No Iterations 2
GAMG:  Solving for p, Initial residual = 0.0392253, Final residual = 0.00034349, No Iterations 5
GAMG:  Solving for p, Initial residual = 0.00920171, Final residual = 7.11783e-05, No Iterations 9
GAMG:  Solving for p, Initial residual = 0.00415898, Final residual = 4.08352e-05, No Iterations 4
time step continuity errors : sum local = 5.89526e-07, global = 1.81841e-07, cumulative = -2.28614e-07
GAMG:  Solving for p, Initial residual = 0.00228892, Final residual = 2.10605e-05, No Iterations 18
GAMG:  Solving for p, Initial residual = 0.00129967, Final residual = 1.09088e-05, No Iterations 4
GAMG:  Solving for p, Initial residual = 0.000508448, Final residual = 9.23899e-07, No Iterations 32
time step continuity errors : sum local = 1.32855e-08, global = -3.90709e-09, cumulative = -2.32521e-07
DILUPBiCG:  Solving for omega, Initial residual = 0.000797336, Final residual = 8.5218e-07, No Iterations 1
DILUPBiCG:  Solving for k, Initial residual = 0.00476316, Final residual = 1.17593e-06, No Iterations 2
ExecutionTime = 73.39 s  ClockTime = 73 s

Courant Number mean: 0.193464 max: 0.417887
Time = 0.427

GAMG:  Solving for cellDisplacementx, Initial residual = 0, Final residual = 0, No Iterations 0
GAMG:  Solving for cellDisplacementy, Initial residual = 0, Final residual = 0, No Iterations 0
GAMG:  Solving for cellDisplacementz, Initial residual = 0, Final residual = 0, No Iterations 0
PIMPLE: iteration 1
DILUPBiCG:  Solving for Ux, Initial residual = 0.0576105, Final residual = 0.000192815, No Iterations 1
DILUPBiCG:  Solving for Uy, Initial residual = 0.0095865, Final residual = 1.98992e-05, No Iterations 1
DILUPBiCG:  Solving for Uz, Initial residual = 0.0200989, Final residual = 3.01685e-05, No Iterations 1
GAMG:  Solving for p, Initial residual = 0.118361, Final residual = 0.000867524, No Iterations 6
GAMG:  Solving for p, Initial residual = 0.0136569, Final residual = 0.000118127, No Iterations 20
GAMG:  Solving for p, Initial residual = 0.00612421, Final residual = 5.83751e-05, No Iterations 8
time step continuity errors : sum local = 8.83785e-07, global = -1.90308e-07, cumulative = -4.22829e-07
GAMG:  Solving for p, Initial residual = 0.0507062, Final residual = 0.000310727, No Iterations 6
GAMG:  Solving for p, Initial residual = 0.00680878, Final residual = 5.98384e-05, No Iterations 18
GAMG:  Solving for p, Initial residual = 0.00315423, Final residual = 2.57792e-05, No Iterations 10
time step continuity errors : sum local = 3.90577e-07, global = -9.97344e-08, cumulative = -5.22564e-07
PIMPLE: iteration 2
DILUPBiCG:  Solving for Ux, Initial residual = 0.0162189, Final residual = 7.40995e-05, No Iterations 1
DILUPBiCG:  Solving for Uy, Initial residual = 0.00268928, Final residual = 7.20982e-06, No Iterations 1
DILUPBiCG:  Solving for Uz, Initial residual = 0.00381036, Final residual = 6.38486e-05, No Iterations 1
GAMG:  Solving for p, Initial residual = 0.0512033, Final residual = 0.000498938, No Iterations 4
GAMG:  Solving for p, Initial residual = 0.00851854, Final residual = 8.26546e-05, No Iterations 16
GAMG:  Solving for p, Initial residual = 0.00387761, Final residual = 3.81241e-05, No Iterations 8
time step continuity errors : sum local = 4.91065e-07, global = 1.50022e-07, cumulative = -3.72542e-07
GAMG:  Solving for p, Initial residual = 0.0263192, Final residual = 0.000217267, No Iterations 4
GAMG:  Solving for p, Initial residual = 0.00422137, Final residual = 3.97927e-05, No Iterations 14
GAMG:  Solving for p, Initial residual = 0.00181848, Final residual = 1.61672e-05, No Iterations 10
time step continuity errors : sum local = 2.09444e-07, global = 5.63044e-08, cumulative = -3.16238e-07
PIMPLE: iteration 3
DILUPBiCG:  Solving for Ux, Initial residual = 0.00391468, Final residual = 1.33613e-06, No Iterations 2
DILUPBiCG:  Solving for Uy, Initial residual = 0.000649135, Final residual = 8.21733e-06, No Iterations 1
DILUPBiCG:  Solving for Uz, Initial residual = 0.00957649, Final residual = 2.89855e-06, No Iterations 2
GAMG:  Solving for p, Initial residual = 0.0394599, Final residual = 0.000343632, No Iterations 5
GAMG:  Solving for p, Initial residual = 0.00916391, Final residual = 7.50139e-05, No Iterations 9
GAMG:  Solving for p, Initial residual = 0.00417622, Final residual = 4.00596e-05, No Iterations 4
time step continuity errors : sum local = 5.8066e-07, global = 1.90166e-07, cumulative = -1.26072e-07
GAMG:  Solving for p, Initial residual = 0.00228692, Final residual = 2.11016e-05, No Iterations 18
GAMG:  Solving for p, Initial residual = 0.0012935, Final residual = 1.04522e-05, No Iterations 4
GAMG:  Solving for p, Initial residual = 0.000507032, Final residual = 9.51046e-07, No Iterations 30
time step continuity errors : sum local = 1.37351e-08, global = -4.07212e-09, cumulative = -1.30144e-07
DILUPBiCG:  Solving for omega, Initial residual = 0.000787932, Final residual = 8.53638e-07, No Iterations 1
DILUPBiCG:  Solving for k, Initial residual = 0.00487186, Final residual = 1.1657e-06, No Iterations 2
ExecutionTime = 87.38 s  ClockTime = 87 s

Courant Number mean: 0.199241 max: 0.430946
Time = 0.428

GAMG:  Solving for cellDisplacementx, Initial residual = 0, Final residual = 0, No Iterations 0
GAMG:  Solving for cellDisplacementy, Initial residual = 0, Final residual = 0, No Iterations 0
GAMG:  Solving for cellDisplacementz, Initial residual = 0, Final residual = 0, No Iterations 0
PIMPLE: iteration 1
DILUPBiCG:  Solving for Ux, Initial residual = 0.0562282, Final residual = 0.000186762, No Iterations 1
DILUPBiCG:  Solving for Uy, Initial residual = 0.00921916, Final residual = 1.92875e-05, No Iterations 1
DILUPBiCG:  Solving for Uz, Initial residual = 0.0183714, Final residual = 2.22076e-05, No Iterations 1
GAMG:  Solving for p, Initial residual = 0.116767, Final residual = 0.00081217, No Iterations 6
GAMG:  Solving for p, Initial residual = 0.0134958, Final residual = 0.000117855, No Iterations 18
GAMG:  Solving for p, Initial residual = 0.00593813, Final residual = 5.31142e-05, No Iterations 4
time step continuity errors : sum local = 8.01142e-07, global = -3.01796e-07, cumulative = -4.31939e-07
GAMG:  Solving for p, Initial residual = 0.0502554, Final residual = 0.000491962, No Iterations 4
GAMG:  Solving for p, Initial residual = 0.00673552, Final residual = 6.0602e-05, No Iterations 18
GAMG:  Solving for p, Initial residual = 0.0031149, Final residual = 2.53189e-05, No Iterations 10
time step continuity errors : sum local = 3.81792e-07, global = -1.00758e-07, cumulative = -5.32697e-07
PIMPLE: iteration 2
DILUPBiCG:  Solving for Ux, Initial residual = 0.0158044, Final residual = 7.05697e-05, No Iterations 1
DILUPBiCG:  Solving for Uy, Initial residual = 0.00261139, Final residual = 7.20611e-06, No Iterations 1
DILUPBiCG:  Solving for Uz, Initial residual = 0.00368405, Final residual = 3.58543e-05, No Iterations 1
GAMG:  Solving for p, Initial residual = 0.0506288, Final residual = 0.000499148, No Iterations 4
GAMG:  Solving for p, Initial residual = 0.00843898, Final residual = 7.24908e-05, No Iterations 18
GAMG:  Solving for p, Initial residual = 0.00380061, Final residual = 3.75912e-05, No Iterations 6
time step continuity errors : sum local = 4.80818e-07, global = 1.47866e-07, cumulative = -3.84831e-07
GAMG:  Solving for p, Initial residual = 0.0260817, Final residual = 0.000219732, No Iterations 4
GAMG:  Solving for p, Initial residual = 0.00419894, Final residual = 4.09185e-05, No Iterations 14
GAMG:  Solving for p, Initial residual = 0.00173745, Final residual = 1.70657e-05, No Iterations 10
time step continuity errors : sum local = 2.1961e-07, global = 5.4895e-08, cumulative = -3.29936e-07
PIMPLE: iteration 3
DILUPBiCG:  Solving for Ux, Initial residual = 0.00376322, Final residual = 1.30809e-06, No Iterations 2
DILUPBiCG:  Solving for Uy, Initial residual = 0.000629018, Final residual = 8.7321e-06, No Iterations 1
DILUPBiCG:  Solving for Uz, Initial residual = 0.0076893, Final residual = 3.04595e-06, No Iterations 2
GAMG:  Solving for p, Initial residual = 0.0398648, Final residual = 0.000310556, No Iterations 5
GAMG:  Solving for p, Initial residual = 0.00968862, Final residual = 8.67037e-05, No Iterations 5
GAMG:  Solving for p, Initial residual = 0.00422161, Final residual = 3.8262e-05, No Iterations 10
time step continuity errors : sum local = 5.51609e-07, global = 1.39112e-07, cumulative = -1.90824e-07
GAMG:  Solving for p, Initial residual = 0.00242105, Final residual = 2.29704e-05, No Iterations 18
GAMG:  Solving for p, Initial residual = 0.00138839, Final residual = 1.23847e-05, No Iterations 4
GAMG:  Solving for p, Initial residual = 0.000526673, Final residual = 8.83642e-07, No Iterations 36
time step continuity errors : sum local = 1.26651e-08, global = -3.7136e-09, cumulative = -1.94537e-07
DILUPBiCG:  Solving for omega, Initial residual = 0.000785838, Final residual = 8.59311e-07, No Iterations 1
DILUPBiCG:  Solving for k, Initial residual = 0.0049895, Final residual = 1.15813e-06, No Iterations 2
ExecutionTime = 98.56 s  ClockTime = 98 s

Courant Number mean: 0.204953 max: 0.44389
Time = 0.429

GAMG:  Solving for cellDisplacementx, Initial residual = 0, Final residual = 0, No Iterations 0
GAMG:  Solving for cellDisplacementy, Initial residual = 0, Final residual = 0, No Iterations 0
GAMG:  Solving for cellDisplacementz, Initial residual = 0, Final residual = 0, No Iterations 0
PIMPLE: iteration 1
DILUPBiCG:  Solving for Ux, Initial residual = 0.0543671, Final residual = 0.00017954, No Iterations 1
DILUPBiCG:  Solving for Uy, Initial residual = 0.00890826, Final residual = 1.90442e-05, No Iterations 1
DILUPBiCG:  Solving for Uz, Initial residual = 0.0183301, Final residual = 2.73921e-05, No Iterations 1
GAMG:  Solving for p, Initial residual = 0.115965, Final residual = 0.00082719, No Iterations 6
GAMG:  Solving for p, Initial residual = 0.0136254, Final residual = 0.000134179, No Iterations 18
GAMG:  Solving for p, Initial residual = 0.00608896, Final residual = 6.02555e-05, No Iterations 10
time step continuity errors : sum local = 9.02719e-07, global = -2.30384e-07, cumulative = -4.24921e-07
GAMG:  Solving for p, Initial residual = 0.0499496, Final residual = 0.000491646, No Iterations 4
GAMG:  Solving for p, Initial residual = 0.00680375, Final residual = 5.89257e-05, No Iterations 20
GAMG:  Solving for p, Initial residual = 0.00321619, Final residual = 3.15551e-05, No Iterations 4
time step continuity errors : sum local = 4.73537e-07, global = -1.68417e-07, cumulative = -5.93339e-07
PIMPLE: iteration 2
DILUPBiCG:  Solving for Ux, Initial residual = 0.0153023, Final residual = 6.7068e-05, No Iterations 1
DILUPBiCG:  Solving for Uy, Initial residual = 0.00251238, Final residual = 7.10474e-06, No Iterations 1
DILUPBiCG:  Solving for Uz, Initial residual = 0.00356315, Final residual = 1.41351e-05, No Iterations 1
GAMG:  Solving for p, Initial residual = 0.0502424, Final residual = 0.00049782, No Iterations 5
GAMG:  Solving for p, Initial residual = 0.00869998, Final residual = 7.67878e-05, No Iterations 15
GAMG:  Solving for p, Initial residual = 0.00375462, Final residual = 3.63193e-05, No Iterations 8
time step continuity errors : sum local = 4.62504e-07, global = 1.53913e-07, cumulative = -4.39426e-07
GAMG:  Solving for p, Initial residual = 0.0258633, Final residual = 0.000218736, No Iterations 4
GAMG:  Solving for p, Initial residual = 0.00422501, Final residual = 3.98836e-05, No Iterations 14
GAMG:  Solving for p, Initial residual = 0.00178899, Final residual = 1.66616e-05, No Iterations 10
time step continuity errors : sum local = 2.13625e-07, global = 5.6439e-08, cumulative = -3.82987e-07
PIMPLE: iteration 3
DILUPBiCG:  Solving for Ux, Initial residual = 0.00367961, Final residual = 1.29377e-06, No Iterations 2
DILUPBiCG:  Solving for Uy, Initial residual = 0.00060629, Final residual = 8.55136e-06, No Iterations 1
DILUPBiCG:  Solving for Uz, Initial residual = 0.00904491, Final residual = 2.78073e-06, No Iterations 2
GAMG:  Solving for p, Initial residual = 0.0401217, Final residual = 0.000295766, No Iterations 5
GAMG:  Solving for p, Initial residual = 0.00970297, Final residual = 8.28542e-05, No Iterations 5
GAMG:  Solving for p, Initial residual = 0.004254, Final residual = 3.98972e-05, No Iterations 8
time step continuity errors : sum local = 5.72313e-07, global = 1.31123e-07, cumulative = -2.51864e-07
GAMG:  Solving for p, Initial residual = 0.00239946, Final residual = 2.36124e-05, No Iterations 18
GAMG:  Solving for p, Initial residual = 0.00140684, Final residual = 1.22897e-05, No Iterations 4
GAMG:  Solving for p, Initial residual = 0.000530518, Final residual = 8.83115e-07, No Iterations 36
time step continuity errors : sum local = 1.26064e-08, global = -3.69998e-09, cumulative = -2.55564e-07
DILUPBiCG:  Solving for omega, Initial residual = 0.000790624, Final residual = 8.68473e-07, No Iterations 1
DILUPBiCG:  Solving for k, Initial residual = 0.00511825, Final residual = 1.15832e-06, No Iterations 2
ExecutionTime = 102 s  ClockTime = 102 s

End

