/*---------------------------------------------------------------------------*\
| =========                 |                                                 |
| \\      /  F ield         | OpenFOAM: The Open Source CFD Toolbox           |
|  \\    /   O peration     | Version:  2.3.1                                 |
|   \\  /    A nd           | Web:      www.OpenFOAM.org                      |
|    \\/     M anipulation  |                                                 |
\*---------------------------------------------------------------------------*/
Build  : 2.3.1-262087cdf8db
Exec   : pimpleDyMFoam
Date   : Jun 05 2023
Time   : 19:34:26
Host   : "jcosson-VirtualBox"
PID    : 8259
Case   : /home/jcosson/workspace/henersj_shootingdata/calcs/moderate_deformed/primal/56_intervals_05-06-23/sweep51/interval55
nProcs : 1
sigFpe : Enabling floating point exception trapping (FOAM_SIGFPE).
fileModificationChecking : Monitoring run-time modified files using timeStampMaster
allowSystemOperations : Allowing user-supplied system call operations

// * * * * * * * * * * * * * * * * * * * * * * * * * * * * * * * * * * * * * //
Create time

Create mesh for time = 0.496

Selecting dynamicFvMesh dynamicMotionSolverFvMesh
Selecting motion solver: displacementLaplacian
Selecting motion diffusion: quadratic
Selecting motion diffusion: quadratic
Selecting motion diffusion: inverseDistance

PIMPLE: no residual control data found. Calculations will employ 3 corrector loops

Reading field p

Reading field U

Reading/calculating face flux field phi

Selecting incompressible transport model Newtonian
Selecting turbulence model type RASModel
Selecting RAS turbulence model kOmegaSST
bounding k, min: 0 max: 0.000520163 average: 0.000143849
kOmegaSSTCoeffs
{
    alphaK1         0.85034;
    alphaK2         1;
    alphaOmega1     0.5;
    alphaOmega2     0.85616;
    gamma1          0.5532;
    gamma2          0.4403;
    beta1           0.075;
    beta2           0.0828;
    betaStar        0.09;
    a1              0.31;
    c1              10;
    Cmu             0.09;
    b1              1;
    F3              false;
}

Reading/calculating face velocity Uf

No finite volume options present

Courant Number mean: 0.101116 max: 0.219412

Starting time loop

Courant Number mean: 0.101116 max: 0.219412
Time = 0.497

GAMG:  Solving for cellDisplacementx, Initial residual = 0, Final residual = 0, No Iterations 0
GAMG:  Solving for cellDisplacementy, Initial residual = 0, Final residual = 0, No Iterations 0
GAMG:  Solving for cellDisplacementz, Initial residual = 0, Final residual = 0, No Iterations 0
PIMPLE: iteration 1
DILUPBiCG:  Solving for Ux, Initial residual = 0.0257655, Final residual = 0.000102757, No Iterations 1
DILUPBiCG:  Solving for Uy, Initial residual = 0.00559077, Final residual = 1.14015e-05, No Iterations 1
DILUPBiCG:  Solving for Uz, Initial residual = 0.00885752, Final residual = 1.4172e-05, No Iterations 1
GAMG:  Solving for p, Initial residual = 0.0995653, Final residual = 0.000705228, No Iterations 3
GAMG:  Solving for p, Initial residual = 0.013062, Final residual = 8.38113e-05, No Iterations 5
GAMG:  Solving for p, Initial residual = 0.00583565, Final residual = 4.80561e-05, No Iterations 4
time step continuity errors : sum local = 2.41072e-07, global = 9.27812e-08, cumulative = 9.27812e-08
GAMG:  Solving for p, Initial residual = 0.0484235, Final residual = 0.000359302, No Iterations 3
GAMG:  Solving for p, Initial residual = 0.00644039, Final residual = 6.01255e-05, No Iterations 5
GAMG:  Solving for p, Initial residual = 0.00292626, Final residual = 2.64025e-05, No Iterations 10
time step continuity errors : sum local = 1.33219e-07, global = 3.55588e-08, cumulative = 1.2834e-07
PIMPLE: iteration 2
DILUPBiCG:  Solving for Ux, Initial residual = 0.00600459, Final residual = 3.90463e-05, No Iterations 1
DILUPBiCG:  Solving for Uy, Initial residual = 0.00132403, Final residual = 2.75453e-06, No Iterations 1
DILUPBiCG:  Solving for Uz, Initial residual = 0.00304516, Final residual = 0.000221946, No Iterations 1
GAMG:  Solving for p, Initial residual = 0.045792, Final residual = 0.000353912, No Iterations 6
GAMG:  Solving for p, Initial residual = 0.0180654, Final residual = 0.000162764, No Iterations 8
GAMG:  Solving for p, Initial residual = 0.00448339, Final residual = 4.45635e-05, No Iterations 16
time step continuity errors : sum local = 1.96656e-07, global = -5.64675e-08, cumulative = 7.18724e-08
GAMG:  Solving for p, Initial residual = 0.0243283, Final residual = 0.0001626, No Iterations 6
GAMG:  Solving for p, Initial residual = 0.00931099, Final residual = 8.61352e-05, No Iterations 6
GAMG:  Solving for p, Initial residual = 0.00210784, Final residual = 1.87141e-05, No Iterations 18
time step continuity errors : sum local = 8.24419e-08, global = -2.33056e-08, cumulative = 4.85668e-08
PIMPLE: iteration 3
DILUPBiCG:  Solving for Ux, Initial residual = 0.000925187, Final residual = 9.52639e-07, No Iterations 2
DILUPBiCG:  Solving for Uy, Initial residual = 0.000223891, Final residual = 7.50973e-06, No Iterations 1
DILUPBiCG:  Solving for Uz, Initial residual = 0.00223401, Final residual = 1.69561e-06, No Iterations 2
GAMG:  Solving for p, Initial residual = 0.0616044, Final residual = 0.000416917, No Iterations 5
GAMG:  Solving for p, Initial residual = 0.0125509, Final residual = 0.000110678, No Iterations 16
GAMG:  Solving for p, Initial residual = 0.00779081, Final residual = 7.08232e-05, No Iterations 8
time step continuity errors : sum local = 3.41217e-07, global = -7.95429e-08, cumulative = -3.09761e-08
GAMG:  Solving for p, Initial residual = 0.00289923, Final residual = 2.34414e-05, No Iterations 8
GAMG:  Solving for p, Initial residual = 0.00154433, Final residual = 1.51197e-05, No Iterations 4
GAMG:  Solving for p, Initial residual = 0.000548006, Final residual = 9.8467e-07, No Iterations 29
time step continuity errors : sum local = 4.67796e-09, global = 1.41887e-09, cumulative = -2.95572e-08
DILUPBiCG:  Solving for omega, Initial residual = 0.00127874, Final residual = 6.64178e-07, No Iterations 1
DILUPBiCG:  Solving for k, Initial residual = 0.0030486, Final residual = 7.04325e-07, No Iterations 2
bounding k, min: 0 max: 0.000514596 average: 0.000143218
ExecutionTime = 6.91 s  ClockTime = 7 s

Courant Number mean: 0.0998704 max: 0.216809
Time = 0.498

GAMG:  Solving for cellDisplacementx, Initial residual = 0, Final residual = 0, No Iterations 0
GAMG:  Solving for cellDisplacementy, Initial residual = 0, Final residual = 0, No Iterations 0
GAMG:  Solving for cellDisplacementz, Initial residual = 0, Final residual = 0, No Iterations 0
PIMPLE: iteration 1
DILUPBiCG:  Solving for Ux, Initial residual = 0.0203746, Final residual = 8.15843e-05, No Iterations 1
DILUPBiCG:  Solving for Uy, Initial residual = 0.00442946, Final residual = 8.97104e-06, No Iterations 1
DILUPBiCG:  Solving for Uz, Initial residual = 0.00825529, Final residual = 1.61674e-05, No Iterations 1
GAMG:  Solving for p, Initial residual = 0.0865001, Final residual = 0.000350431, No Iterations 4
GAMG:  Solving for p, Initial residual = 0.0121571, Final residual = 9.9858e-05, No Iterations 10
GAMG:  Solving for p, Initial residual = 0.00573737, Final residual = 4.93687e-05, No Iterations 6
time step continuity errors : sum local = 1.98813e-07, global = -6.25058e-08, cumulative = -9.2063e-08
GAMG:  Solving for p, Initial residual = 0.0427683, Final residual = 0.000174028, No Iterations 4
GAMG:  Solving for p, Initial residual = 0.00622468, Final residual = 5.25337e-05, No Iterations 10
GAMG:  Solving for p, Initial residual = 0.00283447, Final residual = 2.57333e-05, No Iterations 6
time step continuity errors : sum local = 1.03683e-07, global = -3.08734e-08, cumulative = -1.22936e-07
PIMPLE: iteration 2
DILUPBiCG:  Solving for Ux, Initial residual = 0.0045441, Final residual = 3.03435e-05, No Iterations 1
DILUPBiCG:  Solving for Uy, Initial residual = 0.00101303, Final residual = 2.20086e-06, No Iterations 1
DILUPBiCG:  Solving for Uz, Initial residual = 0.00310505, Final residual = 0.000301386, No Iterations 1
GAMG:  Solving for p, Initial residual = 0.0391912, Final residual = 0.000390973, No Iterations 6
GAMG:  Solving for p, Initial residual = 0.0210164, Final residual = 0.000197971, No Iterations 7
GAMG:  Solving for p, Initial residual = 0.004319, Final residual = 4.25686e-05, No Iterations 19
time step continuity errors : sum local = 1.49303e-07, global = -4.21719e-08, cumulative = -1.65108e-07
GAMG:  Solving for p, Initial residual = 0.0207878, Final residual = 0.000181532, No Iterations 6
GAMG:  Solving for p, Initial residual = 0.0104691, Final residual = 9.83284e-05, No Iterations 6
GAMG:  Solving for p, Initial residual = 0.00197441, Final residual = 1.89135e-05, No Iterations 20
time step continuity errors : sum local = 6.63046e-08, global = -1.87756e-08, cumulative = -1.83884e-07
PIMPLE: iteration 3
DILUPBiCG:  Solving for Ux, Initial residual = 0.000571341, Final residual = 7.90043e-06, No Iterations 1
DILUPBiCG:  Solving for Uy, Initial residual = 0.000150675, Final residual = 1.7393e-06, No Iterations 1
DILUPBiCG:  Solving for Uz, Initial residual = 0.00194086, Final residual = 1.17779e-06, No Iterations 2
GAMG:  Solving for p, Initial residual = 0.0696341, Final residual = 0.000443922, No Iterations 5
GAMG:  Solving for p, Initial residual = 0.0130011, Final residual = 0.000122823, No Iterations 16
GAMG:  Solving for p, Initial residual = 0.00886266, Final residual = 7.59294e-05, No Iterations 8
time step continuity errors : sum local = 2.8759e-07, global = -7.03394e-08, cumulative = -2.54223e-07
GAMG:  Solving for p, Initial residual = 0.00299555, Final residual = 2.33022e-05, No Iterations 8
GAMG:  Solving for p, Initial residual = 0.00162586, Final residual = 1.56459e-05, No Iterations 4
GAMG:  Solving for p, Initial residual = 0.000577362, Final residual = 9.32193e-07, No Iterations 31
time step continuity errors : sum local = 3.48065e-09, global = 1.05003e-09, cumulative = -2.53173e-07
DILUPBiCG:  Solving for omega, Initial residual = 0.00128184, Final residual = 6.60947e-07, No Iterations 1
DILUPBiCG:  Solving for k, Initial residual = 0.00301449, Final residual = 7.36313e-07, No Iterations 2
bounding k, min: 0 max: 0.000508832 average: 0.000142611
ExecutionTime = 12.08 s  ClockTime = 12 s

End

