/*---------------------------------------------------------------------------*\
| =========                 |                                                 |
| \\      /  F ield         | OpenFOAM: The Open Source CFD Toolbox           |
|  \\    /   O peration     | Version:  2.3.1                                 |
|   \\  /    A nd           | Web:      www.OpenFOAM.org                      |
|    \\/     M anipulation  |                                                 |
\*---------------------------------------------------------------------------*/
Build  : 2.3.1-262087cdf8db
Exec   : pimpleDyMFoam
Date   : Jun 05 2023
Time   : 18:08:11
Host   : "jcosson-VirtualBox"
PID    : 10492
Case   : /home/jcosson/workspace/henersj_shootingdata/calcs/moderate_deformed/primal/56_intervals_05-06-23/sweep7/interval45
nProcs : 1
sigFpe : Enabling floating point exception trapping (FOAM_SIGFPE).
fileModificationChecking : Monitoring run-time modified files using timeStampMaster
allowSystemOperations : Allowing user-supplied system call operations

// * * * * * * * * * * * * * * * * * * * * * * * * * * * * * * * * * * * * * //
Create time

Create mesh for time = 0.479

Selecting dynamicFvMesh dynamicMotionSolverFvMesh
Selecting motion solver: displacementLaplacian
Selecting motion diffusion: quadratic
Selecting motion diffusion: quadratic
Selecting motion diffusion: inverseDistance

PIMPLE: no residual control data found. Calculations will employ 3 corrector loops

Reading field p

Reading field U

Reading/calculating face flux field phi

Selecting incompressible transport model Newtonian
Selecting turbulence model type RASModel
Selecting RAS turbulence model kOmegaSST
bounding k, min: 0 max: 0.000813191 average: 0.000169736
kOmegaSSTCoeffs
{
    alphaK1         0.85034;
    alphaK2         1;
    alphaOmega1     0.5;
    alphaOmega2     0.85616;
    gamma1          0.5532;
    gamma2          0.4403;
    beta1           0.075;
    beta2           0.0828;
    betaStar        0.09;
    a1              0.31;
    c1              10;
    Cmu             0.09;
    b1              1;
    F3              false;
}

Reading/calculating face velocity Uf

No finite volume options present

Courant Number mean: 0.166207 max: 0.371008

Starting time loop

Courant Number mean: 0.166207 max: 0.371008
Time = 0.48

GAMG:  Solving for cellDisplacementx, Initial residual = 0, Final residual = 0, No Iterations 0
GAMG:  Solving for cellDisplacementy, Initial residual = 0, Final residual = 0, No Iterations 0
GAMG:  Solving for cellDisplacementz, Initial residual = 0, Final residual = 0, No Iterations 0
PIMPLE: iteration 1
DILUPBiCG:  Solving for Ux, Initial residual = 0.0630939, Final residual = 0.00024663, No Iterations 1
DILUPBiCG:  Solving for Uy, Initial residual = 0.0112337, Final residual = 2.50968e-05, No Iterations 1
DILUPBiCG:  Solving for Uz, Initial residual = 0.0203784, Final residual = 3.40561e-05, No Iterations 1
GAMG:  Solving for p, Initial residual = 0.124675, Final residual = 0.000868666, No Iterations 6
GAMG:  Solving for p, Initial residual = 0.0154614, Final residual = 0.000142435, No Iterations 18
GAMG:  Solving for p, Initial residual = 0.00703231, Final residual = 6.62488e-05, No Iterations 10
time step continuity errors : sum local = 9.92027e-07, global = 2.58311e-07, cumulative = 2.58311e-07
GAMG:  Solving for p, Initial residual = 0.0538249, Final residual = 0.000482503, No Iterations 4
GAMG:  Solving for p, Initial residual = 0.00774662, Final residual = 7.33241e-05, No Iterations 18
GAMG:  Solving for p, Initial residual = 0.0036908, Final residual = 3.48239e-05, No Iterations 10
time step continuity errors : sum local = 5.23588e-07, global = 1.3638e-07, cumulative = 3.94691e-07
PIMPLE: iteration 2
DILUPBiCG:  Solving for Ux, Initial residual = 0.0174981, Final residual = 0.000104516, No Iterations 1
DILUPBiCG:  Solving for Uy, Initial residual = 0.0032453, Final residual = 7.16998e-06, No Iterations 1
DILUPBiCG:  Solving for Uz, Initial residual = 0.00371927, Final residual = 1.28545e-05, No Iterations 1
GAMG:  Solving for p, Initial residual = 0.0536087, Final residual = 0.000488208, No Iterations 4
GAMG:  Solving for p, Initial residual = 0.00937863, Final residual = 9.06071e-05, No Iterations 16
GAMG:  Solving for p, Initial residual = 0.0043259, Final residual = 4.16674e-05, No Iterations 8
time step continuity errors : sum local = 5.388e-07, global = -1.71816e-07, cumulative = 2.22875e-07
GAMG:  Solving for p, Initial residual = 0.0276818, Final residual = 0.000219169, No Iterations 4
GAMG:  Solving for p, Initial residual = 0.00472545, Final residual = 4.3717e-05, No Iterations 14
GAMG:  Solving for p, Initial residual = 0.00206456, Final residual = 2.03057e-05, No Iterations 8
time step continuity errors : sum local = 2.63912e-07, global = -7.64496e-08, cumulative = 1.46425e-07
PIMPLE: iteration 3
DILUPBiCG:  Solving for Ux, Initial residual = 0.00411032, Final residual = 2.83926e-06, No Iterations 2
DILUPBiCG:  Solving for Uy, Initial residual = 0.000777157, Final residual = 5.61284e-06, No Iterations 1
DILUPBiCG:  Solving for Uz, Initial residual = 0.00879135, Final residual = 3.55519e-06, No Iterations 2
GAMG:  Solving for p, Initial residual = 0.040829, Final residual = 0.000343097, No Iterations 5
GAMG:  Solving for p, Initial residual = 0.00935757, Final residual = 9.12633e-05, No Iterations 7
GAMG:  Solving for p, Initial residual = 0.00434166, Final residual = 3.9612e-05, No Iterations 10
time step continuity errors : sum local = 5.7644e-07, global = -1.48141e-07, cumulative = -1.71587e-09
GAMG:  Solving for p, Initial residual = 0.00234682, Final residual = 2.17659e-05, No Iterations 14
GAMG:  Solving for p, Initial residual = 0.00128524, Final residual = 1.18321e-05, No Iterations 4
GAMG:  Solving for p, Initial residual = 0.000525641, Final residual = 8.77337e-07, No Iterations 30
time step continuity errors : sum local = 1.26898e-08, global = 3.79125e-09, cumulative = 2.07538e-09
DILUPBiCG:  Solving for omega, Initial residual = 0.00105714, Final residual = 9.79046e-07, No Iterations 1
DILUPBiCG:  Solving for k, Initial residual = 0.00432372, Final residual = 1.01405e-06, No Iterations 2
bounding k, min: 0 max: 0.000801453 average: 0.000168582
ExecutionTime = 16.81 s  ClockTime = 17 s

End

