/*---------------------------------------------------------------------------*\
| =========                 |                                                 |
| \\      /  F ield         | OpenFOAM: The Open Source CFD Toolbox           |
|  \\    /   O peration     | Version:  2.3.1                                 |
|   \\  /    A nd           | Web:      www.OpenFOAM.org                      |
|    \\/     M anipulation  |                                                 |
\*---------------------------------------------------------------------------*/
Build  : 2.3.1-262087cdf8db
Exec   : pimpleDyMFoam
Date   : Jun 05 2023
Time   : 18:08:30
Host   : "jcosson-VirtualBox"
PID    : 10509
Case   : /home/jcosson/workspace/henersj_shootingdata/calcs/moderate_deformed/primal/56_intervals_05-06-23/sweep7/interval53
nProcs : 1
sigFpe : Enabling floating point exception trapping (FOAM_SIGFPE).
fileModificationChecking : Monitoring run-time modified files using timeStampMaster
allowSystemOperations : Allowing user-supplied system call operations

// * * * * * * * * * * * * * * * * * * * * * * * * * * * * * * * * * * * * * //
Create time

Create mesh for time = 0.493

Selecting dynamicFvMesh dynamicMotionSolverFvMesh
Selecting motion solver: displacementLaplacian
Selecting motion diffusion: quadratic
Selecting motion diffusion: quadratic
Selecting motion diffusion: inverseDistance

PIMPLE: no residual control data found. Calculations will employ 3 corrector loops

Reading field p

Reading field U

Reading/calculating face flux field phi

Selecting incompressible transport model Newtonian
Selecting turbulence model type RASModel
Selecting RAS turbulence model kOmegaSST
bounding k, min: 0 max: 0.000706064 average: 0.000157185
kOmegaSSTCoeffs
{
    alphaK1         0.85034;
    alphaK2         1;
    alphaOmega1     0.5;
    alphaOmega2     0.85616;
    gamma1          0.5532;
    gamma2          0.4403;
    beta1           0.075;
    beta2           0.0828;
    betaStar        0.09;
    a1              0.31;
    c1              10;
    Cmu             0.09;
    b1              1;
    F3              false;
}

Reading/calculating face velocity Uf

No finite volume options present

Courant Number mean: 0.106291 max: 0.23416

Starting time loop

Courant Number mean: 0.106291 max: 0.23416
Time = 0.494

GAMG:  Solving for cellDisplacementx, Initial residual = 0, Final residual = 0, No Iterations 0
GAMG:  Solving for cellDisplacementy, Initial residual = 0, Final residual = 0, No Iterations 0
GAMG:  Solving for cellDisplacementz, Initial residual = 0, Final residual = 0, No Iterations 0
PIMPLE: iteration 1
DILUPBiCG:  Solving for Ux, Initial residual = 0.0401417, Final residual = 0.00014617, No Iterations 1
DILUPBiCG:  Solving for Uy, Initial residual = 0.00858065, Final residual = 1.76877e-05, No Iterations 1
DILUPBiCG:  Solving for Uz, Initial residual = 0.0169581, Final residual = 2.05359e-05, No Iterations 1
GAMG:  Solving for p, Initial residual = 0.115504, Final residual = 0.000637374, No Iterations 4
GAMG:  Solving for p, Initial residual = 0.0171465, Final residual = 0.000163513, No Iterations 16
GAMG:  Solving for p, Initial residual = 0.00891061, Final residual = 8.5397e-05, No Iterations 8
time step continuity errors : sum local = 6.17595e-07, global = 1.37751e-07, cumulative = 1.37751e-07
GAMG:  Solving for p, Initial residual = 0.0531682, Final residual = 0.000300247, No Iterations 4
GAMG:  Solving for p, Initial residual = 0.00839914, Final residual = 7.74607e-05, No Iterations 16
GAMG:  Solving for p, Initial residual = 0.00448454, Final residual = 4.41749e-05, No Iterations 4
time step continuity errors : sum local = 3.23316e-07, global = 1.06599e-07, cumulative = 2.4435e-07
PIMPLE: iteration 2
DILUPBiCG:  Solving for Ux, Initial residual = 0.00998176, Final residual = 5.63877e-05, No Iterations 1
DILUPBiCG:  Solving for Uy, Initial residual = 0.00214944, Final residual = 4.40579e-06, No Iterations 1
DILUPBiCG:  Solving for Uz, Initial residual = 0.00353065, Final residual = 1.20028e-05, No Iterations 1
GAMG:  Solving for p, Initial residual = 0.0517601, Final residual = 0.000355385, No Iterations 6
GAMG:  Solving for p, Initial residual = 0.0128771, Final residual = 0.000108425, No Iterations 14
GAMG:  Solving for p, Initial residual = 0.00518838, Final residual = 5.02881e-05, No Iterations 6
time step continuity errors : sum local = 3.19759e-07, global = -9.34551e-08, cumulative = 1.50895e-07
GAMG:  Solving for p, Initial residual = 0.0275422, Final residual = 0.000266934, No Iterations 5
GAMG:  Solving for p, Initial residual = 0.00674785, Final residual = 6.19718e-05, No Iterations 8
GAMG:  Solving for p, Initial residual = 0.00257049, Final residual = 2.16119e-05, No Iterations 5
time step continuity errors : sum local = 1.37952e-07, global = -3.90186e-08, cumulative = 1.11876e-07
PIMPLE: iteration 3
DILUPBiCG:  Solving for Ux, Initial residual = 0.00195476, Final residual = 2.20304e-06, No Iterations 2
DILUPBiCG:  Solving for Uy, Initial residual = 0.000450071, Final residual = 6.95542e-06, No Iterations 1
DILUPBiCG:  Solving for Uz, Initial residual = 0.00567104, Final residual = 2.01287e-06, No Iterations 2
GAMG:  Solving for p, Initial residual = 0.0480863, Final residual = 0.000365713, No Iterations 5
GAMG:  Solving for p, Initial residual = 0.0110399, Final residual = 9.9111e-05, No Iterations 14
GAMG:  Solving for p, Initial residual = 0.0054503, Final residual = 4.67865e-05, No Iterations 10
time step continuity errors : sum local = 3.33558e-07, global = -8.63815e-08, cumulative = 2.54945e-08
GAMG:  Solving for p, Initial residual = 0.00261435, Final residual = 2.42151e-05, No Iterations 8
GAMG:  Solving for p, Initial residual = 0.00139191, Final residual = 1.25169e-05, No Iterations 5
GAMG:  Solving for p, Initial residual = 0.000575971, Final residual = 8.52732e-07, No Iterations 30
time step continuity errors : sum local = 6.01494e-09, global = 1.82812e-09, cumulative = 2.73226e-08
DILUPBiCG:  Solving for omega, Initial residual = 0.00142399, Final residual = 7.78397e-07, No Iterations 1
DILUPBiCG:  Solving for k, Initial residual = 0.00385545, Final residual = 5.98815e-07, No Iterations 2
bounding k, min: 0 max: 0.000690913 average: 0.000156238
ExecutionTime = 14.59 s  ClockTime = 15 s

Courant Number mean: 0.104042 max: 0.229221
Time = 0.495

GAMG:  Solving for cellDisplacementx, Initial residual = 0, Final residual = 0, No Iterations 0
GAMG:  Solving for cellDisplacementy, Initial residual = 0, Final residual = 0, No Iterations 0
GAMG:  Solving for cellDisplacementz, Initial residual = 0, Final residual = 0, No Iterations 0
PIMPLE: iteration 1
DILUPBiCG:  Solving for Ux, Initial residual = 0.0362346, Final residual = 0.000131012, No Iterations 1
DILUPBiCG:  Solving for Uy, Initial residual = 0.00761508, Final residual = 1.54573e-05, No Iterations 1
DILUPBiCG:  Solving for Uz, Initial residual = 0.0187785, Final residual = 2.56113e-05, No Iterations 1
GAMG:  Solving for p, Initial residual = 0.103704, Final residual = 0.000404701, No Iterations 4
GAMG:  Solving for p, Initial residual = 0.0141992, Final residual = 0.000130301, No Iterations 12
GAMG:  Solving for p, Initial residual = 0.00712734, Final residual = 6.25044e-05, No Iterations 4
time step continuity errors : sum local = 4.0033e-07, global = 1.22177e-07, cumulative = 1.49499e-07
GAMG:  Solving for p, Initial residual = 0.0488886, Final residual = 0.000466833, No Iterations 3
GAMG:  Solving for p, Initial residual = 0.00701036, Final residual = 6.91787e-05, No Iterations 9
GAMG:  Solving for p, Initial residual = 0.0035868, Final residual = 3.123e-05, No Iterations 4
time step continuity errors : sum local = 2.0069e-07, global = 7.52936e-08, cumulative = 2.24793e-07
PIMPLE: iteration 2
DILUPBiCG:  Solving for Ux, Initial residual = 0.00874581, Final residual = 4.91098e-05, No Iterations 1
DILUPBiCG:  Solving for Uy, Initial residual = 0.00189756, Final residual = 3.91332e-06, No Iterations 1
DILUPBiCG:  Solving for Uz, Initial residual = 0.00317096, Final residual = 8.79268e-06, No Iterations 1
GAMG:  Solving for p, Initial residual = 0.0466281, Final residual = 0.000356794, No Iterations 6
GAMG:  Solving for p, Initial residual = 0.0128446, Final residual = 0.0001102, No Iterations 14
GAMG:  Solving for p, Initial residual = 0.00486677, Final residual = 4.22973e-05, No Iterations 12
time step continuity errors : sum local = 2.35421e-07, global = -6.95916e-08, cumulative = 1.55201e-07
GAMG:  Solving for p, Initial residual = 0.0250046, Final residual = 0.000163943, No Iterations 6
GAMG:  Solving for p, Initial residual = 0.00700323, Final residual = 5.88083e-05, No Iterations 12
GAMG:  Solving for p, Initial residual = 0.00234637, Final residual = 2.28165e-05, No Iterations 12
time step continuity errors : sum local = 1.26957e-07, global = -3.73308e-08, cumulative = 1.1787e-07
PIMPLE: iteration 3
DILUPBiCG:  Solving for Ux, Initial residual = 0.00154665, Final residual = 8.52043e-06, No Iterations 2
DILUPBiCG:  Solving for Uy, Initial residual = 0.000386056, Final residual = 8.37264e-06, No Iterations 1
DILUPBiCG:  Solving for Uz, Initial residual = 0.00297991, Final residual = 1.20326e-06, No Iterations 2
GAMG:  Solving for p, Initial residual = 0.0498151, Final residual = 0.000400577, No Iterations 5
GAMG:  Solving for p, Initial residual = 0.0117616, Final residual = 0.000105484, No Iterations 16
GAMG:  Solving for p, Initial residual = 0.00658558, Final residual = 6.43924e-05, No Iterations 8
time step continuity errors : sum local = 3.99328e-07, global = -8.84365e-08, cumulative = 2.94339e-08
GAMG:  Solving for p, Initial residual = 0.00288782, Final residual = 2.34353e-05, No Iterations 10
GAMG:  Solving for p, Initial residual = 0.00148495, Final residual = 1.43401e-05, No Iterations 5
GAMG:  Solving for p, Initial residual = 0.000559992, Final residual = 9.58335e-07, No Iterations 28
time step continuity errors : sum local = 5.85629e-09, global = 1.79172e-09, cumulative = 3.12256e-08
DILUPBiCG:  Solving for omega, Initial residual = 0.00143875, Final residual = 7.58868e-07, No Iterations 1
DILUPBiCG:  Solving for k, Initial residual = 0.003805, Final residual = 5.84194e-07, No Iterations 2
bounding k, min: 0 max: 0.000676559 average: 0.000155303
ExecutionTime = 18.38 s  ClockTime = 18 s

End

