/*---------------------------------------------------------------------------*\
| =========                 |                                                 |
| \\      /  F ield         | OpenFOAM: The Open Source CFD Toolbox           |
|  \\    /   O peration     | Version:  2.3.1                                 |
|   \\  /    A nd           | Web:      www.OpenFOAM.org                      |
|    \\/     M anipulation  |                                                 |
\*---------------------------------------------------------------------------*/
Build  : 2.3.1-262087cdf8db
Exec   : pimpleDyMFoam
Date   : Jun 05 2023
Time   : 18:07:59
Host   : "jcosson-VirtualBox"
PID    : 10478
Case   : /home/jcosson/workspace/henersj_shootingdata/calcs/moderate_deformed/primal/56_intervals_05-06-23/sweep7/interval38
nProcs : 1
sigFpe : Enabling floating point exception trapping (FOAM_SIGFPE).
fileModificationChecking : Monitoring run-time modified files using timeStampMaster
allowSystemOperations : Allowing user-supplied system call operations

// * * * * * * * * * * * * * * * * * * * * * * * * * * * * * * * * * * * * * //
Create time

Create mesh for time = 0.466

Selecting dynamicFvMesh dynamicMotionSolverFvMesh
Selecting motion solver: displacementLaplacian
Selecting motion diffusion: quadratic
Selecting motion diffusion: quadratic
Selecting motion diffusion: inverseDistance

PIMPLE: no residual control data found. Calculations will employ 3 corrector loops

Reading field p

Reading field U

Reading/calculating face flux field phi

Selecting incompressible transport model Newtonian
Selecting turbulence model type RASModel
Selecting RAS turbulence model kOmegaSST
kOmegaSSTCoeffs
{
    alphaK1         0.85034;
    alphaK2         1;
    alphaOmega1     0.5;
    alphaOmega2     0.85616;
    gamma1          0.5532;
    gamma2          0.4403;
    beta1           0.075;
    beta2           0.0828;
    betaStar        0.09;
    a1              0.31;
    c1              10;
    Cmu             0.09;
    b1              1;
    F3              false;
}

Reading/calculating face velocity Uf

No finite volume options present

Courant Number mean: 0.237595 max: 0.5322

Starting time loop

Courant Number mean: 0.237595 max: 0.5322
Time = 0.467

GAMG:  Solving for cellDisplacementx, Initial residual = 0, Final residual = 0, No Iterations 0
GAMG:  Solving for cellDisplacementy, Initial residual = 0, Final residual = 0, No Iterations 0
GAMG:  Solving for cellDisplacementz, Initial residual = 0, Final residual = 0, No Iterations 0
PIMPLE: iteration 1
DILUPBiCG:  Solving for Ux, Initial residual = 0.0397817, Final residual = 0.000165424, No Iterations 1
DILUPBiCG:  Solving for Uy, Initial residual = 0.00642449, Final residual = 1.53249e-05, No Iterations 1
DILUPBiCG:  Solving for Uz, Initial residual = 0.0156292, Final residual = 4.0672e-05, No Iterations 1
GAMG:  Solving for p, Initial residual = 0.137315, Final residual = 0.00114414, No Iterations 6
GAMG:  Solving for p, Initial residual = 0.0162988, Final residual = 0.00016208, No Iterations 18
GAMG:  Solving for p, Initial residual = 0.00696502, Final residual = 6.34806e-05, No Iterations 12
time step continuity errors : sum local = 7.91211e-07, global = 2.38454e-07, cumulative = 2.38454e-07
GAMG:  Solving for p, Initial residual = 0.0570477, Final residual = 0.000377143, No Iterations 6
GAMG:  Solving for p, Initial residual = 0.00820196, Final residual = 7.73414e-05, No Iterations 16
GAMG:  Solving for p, Initial residual = 0.00363205, Final residual = 3.14209e-05, No Iterations 12
time step continuity errors : sum local = 3.90822e-07, global = 1.16662e-07, cumulative = 3.55116e-07
PIMPLE: iteration 2
DILUPBiCG:  Solving for Ux, Initial residual = 0.011987, Final residual = 6.76935e-05, No Iterations 1
DILUPBiCG:  Solving for Uy, Initial residual = 0.00203571, Final residual = 4.9693e-06, No Iterations 1
DILUPBiCG:  Solving for Uz, Initial residual = 0.00384089, Final residual = 1.34148e-05, No Iterations 1
GAMG:  Solving for p, Initial residual = 0.0579214, Final residual = 0.000460219, No Iterations 4
GAMG:  Solving for p, Initial residual = 0.00955366, Final residual = 8.63603e-05, No Iterations 16
GAMG:  Solving for p, Initial residual = 0.00442037, Final residual = 4.04391e-05, No Iterations 8
time step continuity errors : sum local = 4.26416e-07, global = -1.42882e-07, cumulative = 2.12234e-07
GAMG:  Solving for p, Initial residual = 0.0295729, Final residual = 0.000196521, No Iterations 4
GAMG:  Solving for p, Initial residual = 0.00468363, Final residual = 3.93055e-05, No Iterations 14
GAMG:  Solving for p, Initial residual = 0.0020703, Final residual = 1.85748e-05, No Iterations 8
time step continuity errors : sum local = 1.97017e-07, global = -6.01556e-08, cumulative = 1.52078e-07
PIMPLE: iteration 3
DILUPBiCG:  Solving for Ux, Initial residual = 0.00309621, Final residual = 1.13881e-06, No Iterations 2
DILUPBiCG:  Solving for Uy, Initial residual = 0.000523268, Final residual = 7.22167e-06, No Iterations 1
DILUPBiCG:  Solving for Uz, Initial residual = 0.00747195, Final residual = 2.3601e-06, No Iterations 2
GAMG:  Solving for p, Initial residual = 0.0404609, Final residual = 0.000336308, No Iterations 5
GAMG:  Solving for p, Initial residual = 0.0093217, Final residual = 8.60911e-05, No Iterations 13
GAMG:  Solving for p, Initial residual = 0.00443138, Final residual = 4.3022e-05, No Iterations 10
time step continuity errors : sum local = 5.08128e-07, global = -1.32901e-07, cumulative = 1.91769e-08
GAMG:  Solving for p, Initial residual = 0.00264128, Final residual = 2.53158e-05, No Iterations 18
GAMG:  Solving for p, Initial residual = 0.00146878, Final residual = 1.36468e-05, No Iterations 4
GAMG:  Solving for p, Initial residual = 0.000576185, Final residual = 8.96813e-07, No Iterations 38
time step continuity errors : sum local = 1.05598e-08, global = 3.12534e-09, cumulative = 2.23023e-08
DILUPBiCG:  Solving for omega, Initial residual = 0.00072432, Final residual = 1.38362e-06, No Iterations 1
DILUPBiCG:  Solving for k, Initial residual = 0.00482705, Final residual = 1.3788e-06, No Iterations 2
ExecutionTime = 16.44 s  ClockTime = 17 s

Courant Number mean: 0.232704 max: 0.520726
Time = 0.468

GAMG:  Solving for cellDisplacementx, Initial residual = 0, Final residual = 0, No Iterations 0
GAMG:  Solving for cellDisplacementy, Initial residual = 0, Final residual = 0, No Iterations 0
GAMG:  Solving for cellDisplacementz, Initial residual = 0, Final residual = 0, No Iterations 0
PIMPLE: iteration 1
DILUPBiCG:  Solving for Ux, Initial residual = 0.0422629, Final residual = 0.000175643, No Iterations 1
DILUPBiCG:  Solving for Uy, Initial residual = 0.00681977, Final residual = 1.61236e-05, No Iterations 1
DILUPBiCG:  Solving for Uz, Initial residual = 0.0125563, Final residual = 3.33775e-05, No Iterations 1
GAMG:  Solving for p, Initial residual = 0.124228, Final residual = 0.00110921, No Iterations 6
GAMG:  Solving for p, Initial residual = 0.0140351, Final residual = 0.00013332, No Iterations 20
GAMG:  Solving for p, Initial residual = 0.00608947, Final residual = 5.3338e-05, No Iterations 12
time step continuity errors : sum local = 6.92262e-07, global = 2.08979e-07, cumulative = 2.31281e-07
GAMG:  Solving for p, Initial residual = 0.0518316, Final residual = 0.00036265, No Iterations 6
GAMG:  Solving for p, Initial residual = 0.00708621, Final residual = 6.33937e-05, No Iterations 18
GAMG:  Solving for p, Initial residual = 0.00315738, Final residual = 3.14896e-05, No Iterations 10
time step continuity errors : sum local = 4.0747e-07, global = 1.08064e-07, cumulative = 3.39345e-07
PIMPLE: iteration 2
DILUPBiCG:  Solving for Ux, Initial residual = 0.0126154, Final residual = 7.22994e-05, No Iterations 1
DILUPBiCG:  Solving for Uy, Initial residual = 0.00215183, Final residual = 5.18114e-06, No Iterations 1
DILUPBiCG:  Solving for Uz, Initial residual = 0.0038465, Final residual = 1.38454e-05, No Iterations 1
GAMG:  Solving for p, Initial residual = 0.0521598, Final residual = 0.000461443, No Iterations 4
GAMG:  Solving for p, Initial residual = 0.00820481, Final residual = 7.2104e-05, No Iterations 18
GAMG:  Solving for p, Initial residual = 0.00381267, Final residual = 3.40977e-05, No Iterations 8
time step continuity errors : sum local = 3.73607e-07, global = -1.28199e-07, cumulative = 2.11146e-07
GAMG:  Solving for p, Initial residual = 0.0266696, Final residual = 0.000196941, No Iterations 4
GAMG:  Solving for p, Initial residual = 0.00396985, Final residual = 3.77146e-05, No Iterations 14
GAMG:  Solving for p, Initial residual = 0.00173839, Final residual = 1.63284e-05, No Iterations 10
time step continuity errors : sum local = 1.80072e-07, global = -4.80451e-08, cumulative = 1.63101e-07
PIMPLE: iteration 3
DILUPBiCG:  Solving for Ux, Initial residual = 0.00321431, Final residual = 1.29246e-06, No Iterations 2
DILUPBiCG:  Solving for Uy, Initial residual = 0.000548606, Final residual = 7.16749e-06, No Iterations 1
DILUPBiCG:  Solving for Uz, Initial residual = 0.00695088, Final residual = 2.66766e-06, No Iterations 2
GAMG:  Solving for p, Initial residual = 0.039335, Final residual = 0.000349579, No Iterations 5
GAMG:  Solving for p, Initial residual = 0.00911258, Final residual = 8.09713e-05, No Iterations 13
GAMG:  Solving for p, Initial residual = 0.00433801, Final residual = 3.80178e-05, No Iterations 10
time step continuity errors : sum local = 4.67088e-07, global = -1.21957e-07, cumulative = 4.11438e-08
GAMG:  Solving for p, Initial residual = 0.00254767, Final residual = 2.35715e-05, No Iterations 20
GAMG:  Solving for p, Initial residual = 0.00143694, Final residual = 1.24465e-05, No Iterations 4
GAMG:  Solving for p, Initial residual = 0.000560581, Final residual = 9.2911e-07, No Iterations 36
time step continuity errors : sum local = 1.13789e-08, global = 3.34976e-09, cumulative = 4.44936e-08
DILUPBiCG:  Solving for omega, Initial residual = 0.000674035, Final residual = 1.26834e-06, No Iterations 1
DILUPBiCG:  Solving for k, Initial residual = 0.00475176, Final residual = 1.36938e-06, No Iterations 2
ExecutionTime = 32.3 s  ClockTime = 33 s

End

