/*---------------------------------------------------------------------------*\
| =========                 |                                                 |
| \\      /  F ield         | OpenFOAM: The Open Source CFD Toolbox           |
|  \\    /   O peration     | Version:  2.3.1                                 |
|   \\  /    A nd           | Web:      www.OpenFOAM.org                      |
|    \\/     M anipulation  |                                                 |
\*---------------------------------------------------------------------------*/
Build  : 2.3.1-262087cdf8db
Exec   : pimpleDyMFoam
Date   : Jun 06 2023
Time   : 02:54:48
Host   : "jcosson-VirtualBox"
PID    : 13037
Case   : /home/jcosson/workspace/henersj_shootingdata/calcs/moderate_deformed/primal/100_intervals_05-06-23/sweep80/interval97
nProcs : 1
sigFpe : Enabling floating point exception trapping (FOAM_SIGFPE).
fileModificationChecking : Monitoring run-time modified files using timeStampMaster
allowSystemOperations : Allowing user-supplied system call operations

// * * * * * * * * * * * * * * * * * * * * * * * * * * * * * * * * * * * * * //
Create time

Create mesh for time = 0.496

Selecting dynamicFvMesh dynamicMotionSolverFvMesh
Selecting motion solver: displacementLaplacian
Selecting motion diffusion: quadratic
Selecting motion diffusion: quadratic
Selecting motion diffusion: inverseDistance

PIMPLE: no residual control data found. Calculations will employ 3 corrector loops

Reading field p

Reading field U

Reading/calculating face flux field phi

Selecting incompressible transport model Newtonian
Selecting turbulence model type RASModel
Selecting RAS turbulence model kOmegaSST
bounding k, min: 0 max: 0.000520351 average: 0.000144298
kOmegaSSTCoeffs
{
    alphaK1         0.85034;
    alphaK2         1;
    alphaOmega1     0.5;
    alphaOmega2     0.85616;
    gamma1          0.5532;
    gamma2          0.4403;
    beta1           0.075;
    beta2           0.0828;
    betaStar        0.09;
    a1              0.31;
    c1              10;
    Cmu             0.09;
    b1              1;
    F3              false;
}

Reading/calculating face velocity Uf

No finite volume options present

Courant Number mean: 0.101214 max: 0.218621

Starting time loop

Courant Number mean: 0.101214 max: 0.218621
Time = 0.497

GAMG:  Solving for cellDisplacementx, Initial residual = 0, Final residual = 0, No Iterations 0
GAMG:  Solving for cellDisplacementy, Initial residual = 0, Final residual = 0, No Iterations 0
GAMG:  Solving for cellDisplacementz, Initial residual = 0, Final residual = 0, No Iterations 0
PIMPLE: iteration 1
DILUPBiCG:  Solving for Ux, Initial residual = 0.0257285, Final residual = 0.000102039, No Iterations 1
DILUPBiCG:  Solving for Uy, Initial residual = 0.00557128, Final residual = 1.1281e-05, No Iterations 1
DILUPBiCG:  Solving for Uz, Initial residual = 0.0084679, Final residual = 1.33113e-05, No Iterations 1
GAMG:  Solving for p, Initial residual = 0.0994306, Final residual = 0.000676857, No Iterations 3
GAMG:  Solving for p, Initial residual = 0.0136575, Final residual = 0.000125642, No Iterations 4
GAMG:  Solving for p, Initial residual = 0.00628151, Final residual = 5.65373e-05, No Iterations 7
time step continuity errors : sum local = 2.82462e-07, global = 6.89682e-08, cumulative = 6.89682e-08
GAMG:  Solving for p, Initial residual = 0.0483523, Final residual = 0.000319015, No Iterations 3
GAMG:  Solving for p, Initial residual = 0.00667177, Final residual = 5.27656e-05, No Iterations 5
GAMG:  Solving for p, Initial residual = 0.00314548, Final residual = 3.00182e-05, No Iterations 8
time step continuity errors : sum local = 1.50989e-07, global = 3.33698e-08, cumulative = 1.02338e-07
PIMPLE: iteration 2
DILUPBiCG:  Solving for Ux, Initial residual = 0.0059895, Final residual = 3.85827e-05, No Iterations 1
DILUPBiCG:  Solving for Uy, Initial residual = 0.00132119, Final residual = 2.73154e-06, No Iterations 1
DILUPBiCG:  Solving for Uz, Initial residual = 0.00300469, Final residual = 1.29208e-06, No Iterations 2
GAMG:  Solving for p, Initial residual = 0.0456629, Final residual = 0.000355095, No Iterations 6
GAMG:  Solving for p, Initial residual = 0.0176144, Final residual = 0.000168302, No Iterations 8
GAMG:  Solving for p, Initial residual = 0.00433624, Final residual = 4.02361e-05, No Iterations 18
time step continuity errors : sum local = 1.77164e-07, global = -5.04873e-08, cumulative = 5.18507e-08
GAMG:  Solving for p, Initial residual = 0.0242978, Final residual = 0.00016275, No Iterations 6
GAMG:  Solving for p, Initial residual = 0.00902746, Final residual = 8.92997e-05, No Iterations 7
GAMG:  Solving for p, Initial residual = 0.00207263, Final residual = 1.99195e-05, No Iterations 17
time step continuity errors : sum local = 8.75541e-08, global = -2.42652e-08, cumulative = 2.75855e-08
PIMPLE: iteration 3
DILUPBiCG:  Solving for Ux, Initial residual = 0.000925092, Final residual = 9.34288e-07, No Iterations 2
DILUPBiCG:  Solving for Uy, Initial residual = 0.000228955, Final residual = 7.71704e-06, No Iterations 1
DILUPBiCG:  Solving for Uz, Initial residual = 0.00228015, Final residual = 1.72152e-06, No Iterations 2
GAMG:  Solving for p, Initial residual = 0.0618817, Final residual = 0.000412881, No Iterations 5
GAMG:  Solving for p, Initial residual = 0.0123934, Final residual = 0.000110265, No Iterations 16
GAMG:  Solving for p, Initial residual = 0.00761568, Final residual = 7.03888e-05, No Iterations 8
time step continuity errors : sum local = 3.38401e-07, global = -7.84277e-08, cumulative = -5.08423e-08
GAMG:  Solving for p, Initial residual = 0.00285486, Final residual = 2.28216e-05, No Iterations 8
GAMG:  Solving for p, Initial residual = 0.00154877, Final residual = 1.48677e-05, No Iterations 4
GAMG:  Solving for p, Initial residual = 0.000572238, Final residual = 9.54503e-07, No Iterations 29
time step continuity errors : sum local = 4.52738e-09, global = 1.36444e-09, cumulative = -4.94778e-08
DILUPBiCG:  Solving for omega, Initial residual = 0.00128175, Final residual = 6.68007e-07, No Iterations 1
DILUPBiCG:  Solving for k, Initial residual = 0.00307275, Final residual = 6.97438e-07, No Iterations 2
bounding k, min: 0 max: 0.000514744 average: 0.000143659
ExecutionTime = 8.06 s  ClockTime = 8 s

End

