/*---------------------------------------------------------------------------*\
| =========                 |                                                 |
| \\      /  F ield         | OpenFOAM: The Open Source CFD Toolbox           |
|  \\    /   O peration     | Version:  2.3.1                                 |
|   \\  /    A nd           | Web:      www.OpenFOAM.org                      |
|    \\/     M anipulation  |                                                 |
\*---------------------------------------------------------------------------*/
Build  : 2.3.1-262087cdf8db
Exec   : pimpleDyMFoam
Date   : Jun 06 2023
Time   : 00:35:52
Host   : "jcosson-VirtualBox"
PID    : 7570
Case   : /home/jcosson/workspace/henersj_shootingdata/calcs/moderate_deformed/primal/100_intervals_05-06-23/sweep20/interval30
nProcs : 1
sigFpe : Enabling floating point exception trapping (FOAM_SIGFPE).
fileModificationChecking : Monitoring run-time modified files using timeStampMaster
allowSystemOperations : Allowing user-supplied system call operations

// * * * * * * * * * * * * * * * * * * * * * * * * * * * * * * * * * * * * * //
Create time

Create mesh for time = 0.429

Selecting dynamicFvMesh dynamicMotionSolverFvMesh
Selecting motion solver: displacementLaplacian
Selecting motion diffusion: quadratic
Selecting motion diffusion: quadratic
Selecting motion diffusion: inverseDistance

PIMPLE: no residual control data found. Calculations will employ 3 corrector loops

Reading field p

Reading field U

Reading/calculating face flux field phi

Selecting incompressible transport model Newtonian
Selecting turbulence model type RASModel
Selecting RAS turbulence model kOmegaSST
kOmegaSSTCoeffs
{
    alphaK1         0.85034;
    alphaK2         1;
    alphaOmega1     0.5;
    alphaOmega2     0.85616;
    gamma1          0.5532;
    gamma2          0.4403;
    beta1           0.075;
    beta2           0.0828;
    betaStar        0.09;
    a1              0.31;
    c1              10;
    Cmu             0.09;
    b1              1;
    F3              false;
}

Reading/calculating face velocity Uf

No finite volume options present

Courant Number mean: 0.210695 max: 0.45613

Starting time loop

Courant Number mean: 0.210695 max: 0.45613
Time = 0.43

GAMG:  Solving for cellDisplacementx, Initial residual = 0, Final residual = 0, No Iterations 0
GAMG:  Solving for cellDisplacementy, Initial residual = 0, Final residual = 0, No Iterations 0
GAMG:  Solving for cellDisplacementz, Initial residual = 0, Final residual = 0, No Iterations 0
PIMPLE: iteration 1
DILUPBiCG:  Solving for Ux, Initial residual = 0.0527372, Final residual = 0.000172536, No Iterations 1
DILUPBiCG:  Solving for Uy, Initial residual = 0.00854214, Final residual = 1.85221e-05, No Iterations 1
DILUPBiCG:  Solving for Uz, Initial residual = 0.017639, Final residual = 2.23096e-05, No Iterations 1
GAMG:  Solving for p, Initial residual = 0.121802, Final residual = 0.00121312, No Iterations 4
GAMG:  Solving for p, Initial residual = 0.0153112, Final residual = 0.000140286, No Iterations 18
GAMG:  Solving for p, Initial residual = 0.00682973, Final residual = 6.59775e-05, No Iterations 4
time step continuity errors : sum local = 9.83676e-07, global = -3.74302e-07, cumulative = -3.74302e-07
GAMG:  Solving for p, Initial residual = 0.0528101, Final residual = 0.000472183, No Iterations 4
GAMG:  Solving for p, Initial residual = 0.00758874, Final residual = 6.90491e-05, No Iterations 16
GAMG:  Solving for p, Initial residual = 0.00344042, Final residual = 3.09387e-05, No Iterations 10
time step continuity errors : sum local = 4.61343e-07, global = -1.21041e-07, cumulative = -4.95344e-07
PIMPLE: iteration 2
DILUPBiCG:  Solving for Ux, Initial residual = 0.0148484, Final residual = 6.33067e-05, No Iterations 1
DILUPBiCG:  Solving for Uy, Initial residual = 0.00243221, Final residual = 7.11606e-06, No Iterations 1
DILUPBiCG:  Solving for Uz, Initial residual = 0.00318386, Final residual = 1.15628e-05, No Iterations 1
GAMG:  Solving for p, Initial residual = 0.0531515, Final residual = 0.000513533, No Iterations 4
GAMG:  Solving for p, Initial residual = 0.00958677, Final residual = 8.54295e-05, No Iterations 16
GAMG:  Solving for p, Initial residual = 0.00420378, Final residual = 4.09515e-05, No Iterations 8
time step continuity errors : sum local = 5.18985e-07, global = 1.22259e-07, cumulative = -3.73085e-07
GAMG:  Solving for p, Initial residual = 0.027481, Final residual = 0.000224259, No Iterations 4
GAMG:  Solving for p, Initial residual = 0.00476499, Final residual = 4.13819e-05, No Iterations 14
GAMG:  Solving for p, Initial residual = 0.0019583, Final residual = 1.74313e-05, No Iterations 10
time step continuity errors : sum local = 2.22143e-07, global = 5.58319e-08, cumulative = -3.17253e-07
PIMPLE: iteration 3
DILUPBiCG:  Solving for Ux, Initial residual = 0.00350973, Final residual = 1.31533e-06, No Iterations 2
DILUPBiCG:  Solving for Uy, Initial residual = 0.000585131, Final residual = 9.197e-06, No Iterations 1
DILUPBiCG:  Solving for Uz, Initial residual = 0.00720116, Final residual = 3.57204e-06, No Iterations 2
GAMG:  Solving for p, Initial residual = 0.0414734, Final residual = 0.000352679, No Iterations 5
GAMG:  Solving for p, Initial residual = 0.0102847, Final residual = 0.000101432, No Iterations 4
GAMG:  Solving for p, Initial residual = 0.00450097, Final residual = 4.36402e-05, No Iterations 12
time step continuity errors : sum local = 6.22235e-07, global = 1.79074e-07, cumulative = -1.38179e-07
GAMG:  Solving for p, Initial residual = 0.00260478, Final residual = 2.53888e-05, No Iterations 16
GAMG:  Solving for p, Initial residual = 0.00147042, Final residual = 1.39577e-05, No Iterations 4
GAMG:  Solving for p, Initial residual = 0.000558662, Final residual = 9.18985e-07, No Iterations 38
time step continuity errors : sum local = 1.30092e-08, global = -3.83484e-09, cumulative = -1.42014e-07
DILUPBiCG:  Solving for omega, Initial residual = 0.00075518, Final residual = 8.34317e-07, No Iterations 1
DILUPBiCG:  Solving for k, Initial residual = 0.00521972, Final residual = 1.15667e-06, No Iterations 2
ExecutionTime = 17.97 s  ClockTime = 18 s

End

