/*---------------------------------------------------------------------------*\
| =========                 |                                                 |
| \\      /  F ield         | OpenFOAM: The Open Source CFD Toolbox           |
|  \\    /   O peration     | Version:  2.3.1                                 |
|   \\  /    A nd           | Web:      www.OpenFOAM.org                      |
|    \\/     M anipulation  |                                                 |
\*---------------------------------------------------------------------------*/
Build  : 2.3.1-262087cdf8db
Exec   : pimpleDyMFoam
Date   : Jun 06 2023
Time   : 00:37:18
Host   : "jcosson-VirtualBox"
PID    : 7705
Case   : /home/jcosson/workspace/henersj_shootingdata/calcs/moderate_deformed/primal/100_intervals_05-06-23/sweep20/interval96
nProcs : 1
sigFpe : Enabling floating point exception trapping (FOAM_SIGFPE).
fileModificationChecking : Monitoring run-time modified files using timeStampMaster
allowSystemOperations : Allowing user-supplied system call operations

// * * * * * * * * * * * * * * * * * * * * * * * * * * * * * * * * * * * * * //
Create time

Create mesh for time = 0.495

Selecting dynamicFvMesh dynamicMotionSolverFvMesh
Selecting motion solver: displacementLaplacian
Selecting motion diffusion: quadratic
Selecting motion diffusion: quadratic
Selecting motion diffusion: inverseDistance

PIMPLE: no residual control data found. Calculations will employ 3 corrector loops

Reading field p

Reading field U

Reading/calculating face flux field phi

Selecting incompressible transport model Newtonian
Selecting turbulence model type RASModel
Selecting RAS turbulence model kOmegaSST
bounding k, min: 0 max: 0.000671628 average: 0.000154349
kOmegaSSTCoeffs
{
    alphaK1         0.85034;
    alphaK2         1;
    alphaOmega1     0.5;
    alphaOmega2     0.85616;
    gamma1          0.5532;
    gamma2          0.4403;
    beta1           0.075;
    beta2           0.0828;
    betaStar        0.09;
    a1              0.31;
    c1              10;
    Cmu             0.09;
    b1              1;
    F3              false;
}

Reading/calculating face velocity Uf

No finite volume options present

Courant Number mean: 0.102389 max: 0.228877

Starting time loop

Courant Number mean: 0.102389 max: 0.228877
Time = 0.496

GAMG:  Solving for cellDisplacementx, Initial residual = 0, Final residual = 0, No Iterations 0
GAMG:  Solving for cellDisplacementy, Initial residual = 0, Final residual = 0, No Iterations 0
GAMG:  Solving for cellDisplacementz, Initial residual = 0, Final residual = 0, No Iterations 0
PIMPLE: iteration 1
DILUPBiCG:  Solving for Ux, Initial residual = 0.0308715, Final residual = 0.000111874, No Iterations 1
DILUPBiCG:  Solving for Uy, Initial residual = 0.00670143, Final residual = 1.35548e-05, No Iterations 1
DILUPBiCG:  Solving for Uz, Initial residual = 0.0126066, Final residual = 1.36492e-05, No Iterations 1
GAMG:  Solving for p, Initial residual = 0.106678, Final residual = 0.000465589, No Iterations 4
GAMG:  Solving for p, Initial residual = 0.0160228, Final residual = 0.000157213, No Iterations 4
GAMG:  Solving for p, Initial residual = 0.00780201, Final residual = 7.21651e-05, No Iterations 12
time step continuity errors : sum local = 4.0987e-07, global = 1.21162e-07, cumulative = 1.21162e-07
GAMG:  Solving for p, Initial residual = 0.0510296, Final residual = 0.000223488, No Iterations 4
GAMG:  Solving for p, Initial residual = 0.00777415, Final residual = 7.72952e-05, No Iterations 4
GAMG:  Solving for p, Initial residual = 0.00394367, Final residual = 3.79123e-05, No Iterations 12
time step continuity errors : sum local = 2.18169e-07, global = 6.5778e-08, cumulative = 1.8694e-07
PIMPLE: iteration 2
DILUPBiCG:  Solving for Ux, Initial residual = 0.00738096, Final residual = 4.17091e-05, No Iterations 1
DILUPBiCG:  Solving for Uy, Initial residual = 0.00162082, Final residual = 3.32714e-06, No Iterations 1
DILUPBiCG:  Solving for Uz, Initial residual = 0.00321131, Final residual = 1.7789e-05, No Iterations 1
GAMG:  Solving for p, Initial residual = 0.0486754, Final residual = 0.000363568, No Iterations 6
GAMG:  Solving for p, Initial residual = 0.0149385, Final residual = 0.000125439, No Iterations 12
GAMG:  Solving for p, Initial residual = 0.00534406, Final residual = 5.12102e-05, No Iterations 10
time step continuity errors : sum local = 2.57694e-07, global = -6.55918e-08, cumulative = 1.21348e-07
GAMG:  Solving for p, Initial residual = 0.026328, Final residual = 0.000166516, No Iterations 6
GAMG:  Solving for p, Initial residual = 0.00801398, Final residual = 6.60763e-05, No Iterations 10
GAMG:  Solving for p, Initial residual = 0.00256532, Final residual = 2.3503e-05, No Iterations 12
time step continuity errors : sum local = 1.18417e-07, global = -3.45515e-08, cumulative = 8.67962e-08
PIMPLE: iteration 3
DILUPBiCG:  Solving for Ux, Initial residual = 0.00126959, Final residual = 2.38455e-06, No Iterations 2
DILUPBiCG:  Solving for Uy, Initial residual = 0.000316081, Final residual = 2.99821e-07, No Iterations 2
DILUPBiCG:  Solving for Uz, Initial residual = 0.00366675, Final residual = 1.70935e-06, No Iterations 2
GAMG:  Solving for p, Initial residual = 0.054851, Final residual = 0.000398101, No Iterations 5
GAMG:  Solving for p, Initial residual = 0.0122658, Final residual = 0.00011741, No Iterations 14
GAMG:  Solving for p, Initial residual = 0.00661051, Final residual = 6.14433e-05, No Iterations 10
time step continuity errors : sum local = 3.42576e-07, global = -9.2717e-08, cumulative = -5.92079e-09
GAMG:  Solving for p, Initial residual = 0.00293046, Final residual = 2.73275e-05, No Iterations 8
GAMG:  Solving for p, Initial residual = 0.00151666, Final residual = 1.13228e-05, No Iterations 6
GAMG:  Solving for p, Initial residual = 0.000616925, Final residual = 8.84924e-07, No Iterations 27
time step continuity errors : sum local = 4.86626e-09, global = 1.48806e-09, cumulative = -4.43273e-09
DILUPBiCG:  Solving for omega, Initial residual = 0.00146662, Final residual = 7.2941e-07, No Iterations 1
DILUPBiCG:  Solving for k, Initial residual = 0.00369047, Final residual = 5.83803e-07, No Iterations 2
bounding k, min: 0 max: 0.000660136 average: 0.00015342
ExecutionTime = 10.04 s  ClockTime = 10 s

End

