/*---------------------------------------------------------------------------*\
| =========                 |                                                 |
| \\      /  F ield         | OpenFOAM: The Open Source CFD Toolbox           |
|  \\    /   O peration     | Version:  2.3.1                                 |
|   \\  /    A nd           | Web:      www.OpenFOAM.org                      |
|    \\/     M anipulation  |                                                 |
\*---------------------------------------------------------------------------*/
Build  : 2.3.1-262087cdf8db
Exec   : pimpleDyMFoam
Date   : Jun 06 2023
Time   : 00:36:09
Host   : "jcosson-VirtualBox"
PID    : 7582
Case   : /home/jcosson/workspace/henersj_shootingdata/calcs/moderate_deformed/primal/100_intervals_05-06-23/sweep20/interval35
nProcs : 1
sigFpe : Enabling floating point exception trapping (FOAM_SIGFPE).
fileModificationChecking : Monitoring run-time modified files using timeStampMaster
allowSystemOperations : Allowing user-supplied system call operations

// * * * * * * * * * * * * * * * * * * * * * * * * * * * * * * * * * * * * * //
Create time

Create mesh for time = 0.434

Selecting dynamicFvMesh dynamicMotionSolverFvMesh
Selecting motion solver: displacementLaplacian
Selecting motion diffusion: quadratic
Selecting motion diffusion: quadratic
Selecting motion diffusion: inverseDistance

PIMPLE: no residual control data found. Calculations will employ 3 corrector loops

Reading field p

Reading field U

Reading/calculating face flux field phi

Selecting incompressible transport model Newtonian
Selecting turbulence model type RASModel
Selecting RAS turbulence model kOmegaSST
kOmegaSSTCoeffs
{
    alphaK1         0.85034;
    alphaK2         1;
    alphaOmega1     0.5;
    alphaOmega2     0.85616;
    gamma1          0.5532;
    gamma2          0.4403;
    beta1           0.075;
    beta2           0.0828;
    betaStar        0.09;
    a1              0.31;
    c1              10;
    Cmu             0.09;
    b1              1;
    F3              false;
}

Reading/calculating face velocity Uf

No finite volume options present

Courant Number mean: 0.237078 max: 0.516708

Starting time loop

Courant Number mean: 0.237078 max: 0.516708
Time = 0.435

GAMG:  Solving for cellDisplacementx, Initial residual = 0, Final residual = 0, No Iterations 0
GAMG:  Solving for cellDisplacementy, Initial residual = 0, Final residual = 0, No Iterations 0
GAMG:  Solving for cellDisplacementz, Initial residual = 0, Final residual = 0, No Iterations 0
PIMPLE: iteration 1
DILUPBiCG:  Solving for Ux, Initial residual = 0.0420132, Final residual = 0.000136317, No Iterations 1
DILUPBiCG:  Solving for Uy, Initial residual = 0.00665595, Final residual = 1.57877e-05, No Iterations 1
DILUPBiCG:  Solving for Uz, Initial residual = 0.0148408, Final residual = 2.07228e-05, No Iterations 1
GAMG:  Solving for p, Initial residual = 0.118901, Final residual = 0.00108302, No Iterations 4
GAMG:  Solving for p, Initial residual = 0.0153878, Final residual = 0.000150928, No Iterations 16
GAMG:  Solving for p, Initial residual = 0.00675222, Final residual = 6.72707e-05, No Iterations 10
time step continuity errors : sum local = 8.85532e-07, global = -2.3433e-07, cumulative = -2.3433e-07
GAMG:  Solving for p, Initial residual = 0.051972, Final residual = 0.000409789, No Iterations 4
GAMG:  Solving for p, Initial residual = 0.00756652, Final residual = 7.36973e-05, No Iterations 14
GAMG:  Solving for p, Initial residual = 0.00338601, Final residual = 2.87723e-05, No Iterations 12
time step continuity errors : sum local = 3.78853e-07, global = -1.13339e-07, cumulative = -3.47669e-07
PIMPLE: iteration 2
DILUPBiCG:  Solving for Ux, Initial residual = 0.0118617, Final residual = 4.69638e-05, No Iterations 1
DILUPBiCG:  Solving for Uy, Initial residual = 0.00191451, Final residual = 6.68905e-06, No Iterations 1
DILUPBiCG:  Solving for Uz, Initial residual = 0.00290023, Final residual = 8.73485e-06, No Iterations 1
GAMG:  Solving for p, Initial residual = 0.0521282, Final residual = 0.000499895, No Iterations 5
GAMG:  Solving for p, Initial residual = 0.0104694, Final residual = 9.63058e-05, No Iterations 13
GAMG:  Solving for p, Initial residual = 0.00416516, Final residual = 3.51112e-05, No Iterations 12
time step continuity errors : sum local = 3.91854e-07, global = 1.12092e-07, cumulative = -2.35577e-07
GAMG:  Solving for p, Initial residual = 0.027192, Final residual = 0.000238493, No Iterations 4
GAMG:  Solving for p, Initial residual = 0.00506766, Final residual = 4.34967e-05, No Iterations 14
GAMG:  Solving for p, Initial residual = 0.00197647, Final residual = 1.93499e-05, No Iterations 10
time step continuity errors : sum local = 2.173e-07, global = 5.44748e-08, cumulative = -1.81103e-07
PIMPLE: iteration 3
DILUPBiCG:  Solving for Ux, Initial residual = 0.00274646, Final residual = 1.12973e-06, No Iterations 2
DILUPBiCG:  Solving for Uy, Initial residual = 0.000449451, Final residual = 9.70753e-06, No Iterations 1
DILUPBiCG:  Solving for Uz, Initial residual = 0.00653032, Final residual = 4.50387e-06, No Iterations 2
GAMG:  Solving for p, Initial residual = 0.0430528, Final residual = 0.000370886, No Iterations 5
GAMG:  Solving for p, Initial residual = 0.0111189, Final residual = 9.35579e-05, No Iterations 10
GAMG:  Solving for p, Initial residual = 0.00480292, Final residual = 4.35336e-05, No Iterations 10
time step continuity errors : sum local = 5.44078e-07, global = 1.40343e-07, cumulative = -4.07594e-08
GAMG:  Solving for p, Initial residual = 0.00282065, Final residual = 2.57054e-05, No Iterations 18
GAMG:  Solving for p, Initial residual = 0.00167595, Final residual = 1.34548e-05, No Iterations 4
GAMG:  Solving for p, Initial residual = 0.000598388, Final residual = 8.77847e-07, No Iterations 38
time step continuity errors : sum local = 1.09416e-08, global = -3.22589e-09, cumulative = -4.39853e-08
DILUPBiCG:  Solving for omega, Initial residual = 0.000938671, Final residual = 1.05636e-06, No Iterations 1
DILUPBiCG:  Solving for k, Initial residual = 0.00594701, Final residual = 1.27613e-06, No Iterations 2
ExecutionTime = 17.41 s  ClockTime = 17 s

End

