/*---------------------------------------------------------------------------*\
| =========                 |                                                 |
| \\      /  F ield         | OpenFOAM: The Open Source CFD Toolbox           |
|  \\    /   O peration     | Version:  2.3.1                                 |
|   \\  /    A nd           | Web:      www.OpenFOAM.org                      |
|    \\/     M anipulation  |                                                 |
\*---------------------------------------------------------------------------*/
Build  : 2.3.1-262087cdf8db
Exec   : pimpleDyMFoam
Date   : Jun 06 2023
Time   : 00:14:49
Host   : "jcosson-VirtualBox"
PID    : 28983
Case   : /home/jcosson/workspace/henersj_shootingdata/calcs/moderate_deformed/primal/100_intervals_05-06-23/sweep14/interval42
nProcs : 1
sigFpe : Enabling floating point exception trapping (FOAM_SIGFPE).
fileModificationChecking : Monitoring run-time modified files using timeStampMaster
allowSystemOperations : Allowing user-supplied system call operations

// * * * * * * * * * * * * * * * * * * * * * * * * * * * * * * * * * * * * * //
Create time

Create mesh for time = 0.441

Selecting dynamicFvMesh dynamicMotionSolverFvMesh
Selecting motion solver: displacementLaplacian
Selecting motion diffusion: quadratic
Selecting motion diffusion: quadratic
Selecting motion diffusion: inverseDistance

PIMPLE: no residual control data found. Calculations will employ 3 corrector loops

Reading field p

Reading field U

Reading/calculating face flux field phi

Selecting incompressible transport model Newtonian
Selecting turbulence model type RASModel
Selecting RAS turbulence model kOmegaSST
kOmegaSSTCoeffs
{
    alphaK1         0.85034;
    alphaK2         1;
    alphaOmega1     0.5;
    alphaOmega2     0.85616;
    gamma1          0.5532;
    gamma2          0.4403;
    beta1           0.075;
    beta2           0.0828;
    betaStar        0.09;
    a1              0.31;
    c1              10;
    Cmu             0.09;
    b1              1;
    F3              false;
}

Reading/calculating face velocity Uf

No finite volume options present

Courant Number mean: 0.265263 max: 0.586785

Starting time loop

Courant Number mean: 0.265263 max: 0.586785
Time = 0.442

GAMG:  Solving for cellDisplacementx, Initial residual = 0, Final residual = 0, No Iterations 0
GAMG:  Solving for cellDisplacementy, Initial residual = 0, Final residual = 0, No Iterations 0
GAMG:  Solving for cellDisplacementz, Initial residual = 0, Final residual = 0, No Iterations 0
PIMPLE: iteration 1
DILUPBiCG:  Solving for Ux, Initial residual = 0.0248393, Final residual = 8.51622e-05, No Iterations 1
DILUPBiCG:  Solving for Uy, Initial residual = 0.00386095, Final residual = 1.08879e-05, No Iterations 1
DILUPBiCG:  Solving for Uz, Initial residual = 0.013912, Final residual = 2.58647e-05, No Iterations 1
GAMG:  Solving for p, Initial residual = 0.121816, Final residual = 0.000774356, No Iterations 4
GAMG:  Solving for p, Initial residual = 0.016789, Final residual = 0.000167698, No Iterations 12
GAMG:  Solving for p, Initial residual = 0.00721277, Final residual = 6.44611e-05, No Iterations 12
time step continuity errors : sum local = 5.51573e-07, global = -1.65134e-07, cumulative = -1.65134e-07
GAMG:  Solving for p, Initial residual = 0.0547269, Final residual = 0.000302954, No Iterations 4
GAMG:  Solving for p, Initial residual = 0.00823815, Final residual = 7.04164e-05, No Iterations 12
GAMG:  Solving for p, Initial residual = 0.00361611, Final residual = 3.32714e-05, No Iterations 10
time step continuity errors : sum local = 2.85414e-07, global = -7.66216e-08, cumulative = -2.41755e-07
PIMPLE: iteration 2
DILUPBiCG:  Solving for Ux, Initial residual = 0.00689112, Final residual = 2.75496e-05, No Iterations 1
DILUPBiCG:  Solving for Uy, Initial residual = 0.00110729, Final residual = 6.14423e-06, No Iterations 1
DILUPBiCG:  Solving for Uz, Initial residual = 0.00330809, Final residual = 9.49373e-06, No Iterations 1
GAMG:  Solving for p, Initial residual = 0.0549438, Final residual = 0.000539233, No Iterations 5
GAMG:  Solving for p, Initial residual = 0.0131002, Final residual = 0.000114957, No Iterations 13
GAMG:  Solving for p, Initial residual = 0.00475304, Final residual = 4.72889e-05, No Iterations 12
time step continuity errors : sum local = 3.43245e-07, global = 9.8969e-08, cumulative = -1.42786e-07
GAMG:  Solving for p, Initial residual = 0.0289552, Final residual = 0.000276545, No Iterations 4
GAMG:  Solving for p, Initial residual = 0.00620595, Final residual = 5.88964e-05, No Iterations 12
GAMG:  Solving for p, Initial residual = 0.00226266, Final residual = 1.96429e-05, No Iterations 14
time step continuity errors : sum local = 1.43642e-07, global = 4.34528e-08, cumulative = -9.93336e-08
PIMPLE: iteration 3
DILUPBiCG:  Solving for Ux, Initial residual = 0.00146674, Final residual = 9.79134e-06, No Iterations 1
DILUPBiCG:  Solving for Uy, Initial residual = 0.000241536, Final residual = 9.18819e-06, No Iterations 1
DILUPBiCG:  Solving for Uz, Initial residual = 0.00488683, Final residual = 4.77896e-06, No Iterations 2
GAMG:  Solving for p, Initial residual = 0.0478108, Final residual = 0.000397458, No Iterations 5
GAMG:  Solving for p, Initial residual = 0.0127959, Final residual = 0.000106406, No Iterations 12
GAMG:  Solving for p, Initial residual = 0.00553394, Final residual = 4.67965e-05, No Iterations 10
time step continuity errors : sum local = 3.79086e-07, global = 9.8065e-08, cumulative = -1.26864e-09
GAMG:  Solving for p, Initial residual = 0.0034959, Final residual = 3.45641e-05, No Iterations 16
GAMG:  Solving for p, Initial residual = 0.00206807, Final residual = 1.90591e-05, No Iterations 4
GAMG:  Solving for p, Initial residual = 0.000702276, Final residual = 9.38226e-07, No Iterations 42
time step continuity errors : sum local = 7.5841e-09, global = -2.24834e-09, cumulative = -3.51698e-09
DILUPBiCG:  Solving for omega, Initial residual = 0.00124884, Final residual = 1.56335e-06, No Iterations 1
DILUPBiCG:  Solving for k, Initial residual = 0.00642308, Final residual = 1.25211e-06, No Iterations 2
ExecutionTime = 10.86 s  ClockTime = 11 s

End

