/*---------------------------------------------------------------------------*\
| =========                 |                                                 |
| \\      /  F ield         | OpenFOAM: The Open Source CFD Toolbox           |
|  \\    /   O peration     | Version:  2.3.1                                 |
|   \\  /    A nd           | Web:      www.OpenFOAM.org                      |
|    \\/     M anipulation  |                                                 |
\*---------------------------------------------------------------------------*/
Build  : 2.3.1-262087cdf8db
Exec   : pimpleDyMFoam
Date   : Jun 06 2023
Time   : 00:14:55
Host   : "jcosson-VirtualBox"
PID    : 28993
Case   : /home/jcosson/workspace/henersj_shootingdata/calcs/moderate_deformed/primal/100_intervals_05-06-23/sweep14/interval47
nProcs : 1
sigFpe : Enabling floating point exception trapping (FOAM_SIGFPE).
fileModificationChecking : Monitoring run-time modified files using timeStampMaster
allowSystemOperations : Allowing user-supplied system call operations

// * * * * * * * * * * * * * * * * * * * * * * * * * * * * * * * * * * * * * //
Create time

Create mesh for time = 0.446

Selecting dynamicFvMesh dynamicMotionSolverFvMesh
Selecting motion solver: displacementLaplacian
Selecting motion diffusion: quadratic
Selecting motion diffusion: quadratic
Selecting motion diffusion: inverseDistance

PIMPLE: no residual control data found. Calculations will employ 3 corrector loops

Reading field p

Reading field U

Reading/calculating face flux field phi

Selecting incompressible transport model Newtonian
Selecting turbulence model type RASModel
Selecting RAS turbulence model kOmegaSST
kOmegaSSTCoeffs
{
    alphaK1         0.85034;
    alphaK2         1;
    alphaOmega1     0.5;
    alphaOmega2     0.85616;
    gamma1          0.5532;
    gamma2          0.4403;
    beta1           0.075;
    beta2           0.0828;
    betaStar        0.09;
    a1              0.31;
    c1              10;
    Cmu             0.09;
    b1              1;
    F3              false;
}

Reading/calculating face velocity Uf

No finite volume options present

Courant Number mean: 0.276693 max: 0.614887

Starting time loop

Courant Number mean: 0.276693 max: 0.614887
Time = 0.447

GAMG:  Solving for cellDisplacementx, Initial residual = 0, Final residual = 0, No Iterations 0
GAMG:  Solving for cellDisplacementy, Initial residual = 0, Final residual = 0, No Iterations 0
GAMG:  Solving for cellDisplacementz, Initial residual = 0, Final residual = 0, No Iterations 0
PIMPLE: iteration 1
DILUPBiCG:  Solving for Ux, Initial residual = 0.011911, Final residual = 4.88967e-05, No Iterations 1
DILUPBiCG:  Solving for Uy, Initial residual = 0.00186994, Final residual = 7.44331e-06, No Iterations 1
DILUPBiCG:  Solving for Uz, Initial residual = 0.0129842, Final residual = 3.10866e-05, No Iterations 1
GAMG:  Solving for p, Initial residual = 0.134695, Final residual = 0.0010399, No Iterations 3
GAMG:  Solving for p, Initial residual = 0.020615, Final residual = 0.0001402, No Iterations 4
GAMG:  Solving for p, Initial residual = 0.00843679, Final residual = 8.1207e-05, No Iterations 5
time step continuity errors : sum local = 3.72371e-07, global = -7.99142e-08, cumulative = -7.99142e-08
GAMG:  Solving for p, Initial residual = 0.0646586, Final residual = 0.000515888, No Iterations 3
GAMG:  Solving for p, Initial residual = 0.0101092, Final residual = 6.15635e-05, No Iterations 4
GAMG:  Solving for p, Initial residual = 0.0042747, Final residual = 3.42548e-05, No Iterations 5
time step continuity errors : sum local = 1.58233e-07, global = -3.22199e-08, cumulative = -1.12134e-07
PIMPLE: iteration 2
DILUPBiCG:  Solving for Ux, Initial residual = 0.00306385, Final residual = 1.76925e-05, No Iterations 1
DILUPBiCG:  Solving for Uy, Initial residual = 0.000496531, Final residual = 7.45135e-06, No Iterations 1
DILUPBiCG:  Solving for Uz, Initial residual = 0.00392136, Final residual = 8.15514e-05, No Iterations 1
GAMG:  Solving for p, Initial residual = 0.0654081, Final residual = 0.000558842, No Iterations 5
GAMG:  Solving for p, Initial residual = 0.0192775, Final residual = 0.000188812, No Iterations 9
GAMG:  Solving for p, Initial residual = 0.00608882, Final residual = 5.39245e-05, No Iterations 16
time step continuity errors : sum local = 2.14807e-07, global = 6.34497e-08, cumulative = -4.86843e-08
GAMG:  Solving for p, Initial residual = 0.0349378, Final residual = 0.000319268, No Iterations 4
GAMG:  Solving for p, Initial residual = 0.00901019, Final residual = 8.55261e-05, No Iterations 10
GAMG:  Solving for p, Initial residual = 0.0029936, Final residual = 2.73968e-05, No Iterations 14
time step continuity errors : sum local = 1.09774e-07, global = 3.28151e-08, cumulative = -1.58692e-08
PIMPLE: iteration 3
DILUPBiCG:  Solving for Ux, Initial residual = 0.000508721, Final residual = 5.42657e-06, No Iterations 1
DILUPBiCG:  Solving for Uy, Initial residual = 9.13158e-05, Final residual = 2.89565e-06, No Iterations 1
DILUPBiCG:  Solving for Uz, Initial residual = 0.0030549, Final residual = 6.43828e-07, No Iterations 2
GAMG:  Solving for p, Initial residual = 0.0605383, Final residual = 0.000440882, No Iterations 5
GAMG:  Solving for p, Initial residual = 0.0162614, Final residual = 0.000153805, No Iterations 12
GAMG:  Solving for p, Initial residual = 0.00743422, Final residual = 6.9943e-05, No Iterations 10
time step continuity errors : sum local = 3.06054e-07, global = 7.95163e-08, cumulative = 6.3647e-08
GAMG:  Solving for p, Initial residual = 0.00502689, Final residual = 4.63395e-05, No Iterations 8
GAMG:  Solving for p, Initial residual = 0.00284107, Final residual = 2.68326e-05, No Iterations 5
GAMG:  Solving for p, Initial residual = 0.000932374, Final residual = 9.44375e-07, No Iterations 40
time step continuity errors : sum local = 4.11316e-09, global = -1.22015e-09, cumulative = 6.24269e-08
DILUPBiCG:  Solving for omega, Initial residual = 0.00126594, Final residual = 1.69069e-06, No Iterations 1
DILUPBiCG:  Solving for k, Initial residual = 0.00596383, Final residual = 9.61702e-07, No Iterations 2
ExecutionTime = 14.01 s  ClockTime = 14 s

End

