/*---------------------------------------------------------------------------*\
| =========                 |                                                 |
| \\      /  F ield         | OpenFOAM: The Open Source CFD Toolbox           |
|  \\    /   O peration     | Version:  2.3.1                                 |
|   \\  /    A nd           | Web:      www.OpenFOAM.org                      |
|    \\/     M anipulation  |                                                 |
\*---------------------------------------------------------------------------*/
Build  : 2.3.1-262087cdf8db
Exec   : pimpleDyMFoam
Date   : Jun 06 2023
Time   : 00:14:38
Host   : "jcosson-VirtualBox"
PID    : 28978
Case   : /home/jcosson/workspace/henersj_shootingdata/calcs/moderate_deformed/primal/100_intervals_05-06-23/sweep14/interval40
nProcs : 1
sigFpe : Enabling floating point exception trapping (FOAM_SIGFPE).
fileModificationChecking : Monitoring run-time modified files using timeStampMaster
allowSystemOperations : Allowing user-supplied system call operations

// * * * * * * * * * * * * * * * * * * * * * * * * * * * * * * * * * * * * * //
Create time

Create mesh for time = 0.439

Selecting dynamicFvMesh dynamicMotionSolverFvMesh
Selecting motion solver: displacementLaplacian
Selecting motion diffusion: quadratic
Selecting motion diffusion: quadratic
Selecting motion diffusion: inverseDistance

PIMPLE: no residual control data found. Calculations will employ 3 corrector loops

Reading field p

Reading field U

Reading/calculating face flux field phi

Selecting incompressible transport model Newtonian
Selecting turbulence model type RASModel
Selecting RAS turbulence model kOmegaSST
kOmegaSSTCoeffs
{
    alphaK1         0.85034;
    alphaK2         1;
    alphaOmega1     0.5;
    alphaOmega2     0.85616;
    gamma1          0.5532;
    gamma2          0.4403;
    beta1           0.075;
    beta2           0.0828;
    betaStar        0.09;
    a1              0.31;
    c1              10;
    Cmu             0.09;
    b1              1;
    F3              false;
}

Reading/calculating face velocity Uf

No finite volume options present

Courant Number mean: 0.258482 max: 0.570469

Starting time loop

Courant Number mean: 0.258482 max: 0.570469
Time = 0.44

GAMG:  Solving for cellDisplacementx, Initial residual = 0, Final residual = 0, No Iterations 0
GAMG:  Solving for cellDisplacementy, Initial residual = 0, Final residual = 0, No Iterations 0
GAMG:  Solving for cellDisplacementz, Initial residual = 0, Final residual = 0, No Iterations 0
PIMPLE: iteration 1
DILUPBiCG:  Solving for Ux, Initial residual = 0.0298974, Final residual = 0.000100032, No Iterations 1
DILUPBiCG:  Solving for Uy, Initial residual = 0.00466058, Final residual = 1.23469e-05, No Iterations 1
DILUPBiCG:  Solving for Uz, Initial residual = 0.0146197, Final residual = 2.48927e-05, No Iterations 1
GAMG:  Solving for p, Initial residual = 0.120462, Final residual = 0.000901323, No Iterations 4
GAMG:  Solving for p, Initial residual = 0.0161654, Final residual = 0.00015318, No Iterations 14
GAMG:  Solving for p, Initial residual = 0.00695399, Final residual = 5.93874e-05, No Iterations 12
time step continuity errors : sum local = 5.92774e-07, global = -1.78623e-07, cumulative = -1.78623e-07
GAMG:  Solving for p, Initial residual = 0.0535215, Final residual = 0.000345271, No Iterations 4
GAMG:  Solving for p, Initial residual = 0.00794364, Final residual = 7.59762e-05, No Iterations 12
GAMG:  Solving for p, Initial residual = 0.00348634, Final residual = 2.97328e-05, No Iterations 12
time step continuity errors : sum local = 2.96964e-07, global = -8.92417e-08, cumulative = -2.67865e-07
PIMPLE: iteration 2
DILUPBiCG:  Solving for Ux, Initial residual = 0.008369, Final residual = 3.28327e-05, No Iterations 1
DILUPBiCG:  Solving for Uy, Initial residual = 0.00134558, Final residual = 6.23719e-06, No Iterations 1
DILUPBiCG:  Solving for Uz, Initial residual = 0.00322623, Final residual = 9.01496e-06, No Iterations 1
GAMG:  Solving for p, Initial residual = 0.0537088, Final residual = 0.000532621, No Iterations 5
GAMG:  Solving for p, Initial residual = 0.0120079, Final residual = 0.000110411, No Iterations 13
GAMG:  Solving for p, Initial residual = 0.00448703, Final residual = 4.45528e-05, No Iterations 12
time step continuity errors : sum local = 3.76023e-07, global = 1.0732e-07, cumulative = -1.60545e-07
GAMG:  Solving for p, Initial residual = 0.0281743, Final residual = 0.000266105, No Iterations 4
GAMG:  Solving for p, Initial residual = 0.00572389, Final residual = 5.67413e-05, No Iterations 12
GAMG:  Solving for p, Initial residual = 0.00213361, Final residual = 1.88212e-05, No Iterations 14
time step continuity errors : sum local = 1.5998e-07, global = 4.83489e-08, cumulative = -1.12196e-07
PIMPLE: iteration 3
DILUPBiCG:  Solving for Ux, Initial residual = 0.00184205, Final residual = 6.29668e-07, No Iterations 2
DILUPBiCG:  Solving for Uy, Initial residual = 0.000301572, Final residual = 9.75216e-06, No Iterations 1
DILUPBiCG:  Solving for Uz, Initial residual = 0.00549954, Final residual = 4.88528e-06, No Iterations 2
GAMG:  Solving for p, Initial residual = 0.0456854, Final residual = 0.000390521, No Iterations 5
GAMG:  Solving for p, Initial residual = 0.0121385, Final residual = 0.000116201, No Iterations 10
GAMG:  Solving for p, Initial residual = 0.00518646, Final residual = 4.46272e-05, No Iterations 12
time step continuity errors : sum local = 4.21442e-07, global = 1.22968e-07, cumulative = 1.0772e-08
GAMG:  Solving for p, Initial residual = 0.00323592, Final residual = 2.85359e-05, No Iterations 18
GAMG:  Solving for p, Initial residual = 0.00192798, Final residual = 1.52717e-05, No Iterations 4
GAMG:  Solving for p, Initial residual = 0.000661608, Final residual = 8.5776e-07, No Iterations 40
time step continuity errors : sum local = 8.08206e-09, global = -2.39326e-09, cumulative = 8.37875e-09
DILUPBiCG:  Solving for omega, Initial residual = 0.00119564, Final residual = 1.4531e-06, No Iterations 1
DILUPBiCG:  Solving for k, Initial residual = 0.0064223, Final residual = 1.39381e-06, No Iterations 2
ExecutionTime = 17.84 s  ClockTime = 18 s

End

