/*---------------------------------------------------------------------------*\
| =========                 |                                                 |
| \\      /  F ield         | OpenFOAM: The Open Source CFD Toolbox           |
|  \\    /   O peration     | Version:  2.3.1                                 |
|   \\  /    A nd           | Web:      www.OpenFOAM.org                      |
|    \\/     M anipulation  |                                                 |
\*---------------------------------------------------------------------------*/
Build  : 2.3.1-262087cdf8db
Exec   : pimpleDyMFoam
Date   : Jun 06 2023
Time   : 00:15:46
Host   : "jcosson-VirtualBox"
PID    : 29086
Case   : /home/jcosson/workspace/henersj_shootingdata/calcs/moderate_deformed/primal/100_intervals_05-06-23/sweep14/interval93
nProcs : 1
sigFpe : Enabling floating point exception trapping (FOAM_SIGFPE).
fileModificationChecking : Monitoring run-time modified files using timeStampMaster
allowSystemOperations : Allowing user-supplied system call operations

// * * * * * * * * * * * * * * * * * * * * * * * * * * * * * * * * * * * * * //
Create time

Create mesh for time = 0.492

Selecting dynamicFvMesh dynamicMotionSolverFvMesh
Selecting motion solver: displacementLaplacian
Selecting motion diffusion: quadratic
Selecting motion diffusion: quadratic
Selecting motion diffusion: inverseDistance

PIMPLE: no residual control data found. Calculations will employ 3 corrector loops

Reading field p

Reading field U

Reading/calculating face flux field phi

Selecting incompressible transport model Newtonian
Selecting turbulence model type RASModel
Selecting RAS turbulence model kOmegaSST
bounding k, min: 0 max: 0.000711328 average: 0.000157746
kOmegaSSTCoeffs
{
    alphaK1         0.85034;
    alphaK2         1;
    alphaOmega1     0.5;
    alphaOmega2     0.85616;
    gamma1          0.5532;
    gamma2          0.4403;
    beta1           0.075;
    beta2           0.0828;
    betaStar        0.09;
    a1              0.31;
    c1              10;
    Cmu             0.09;
    b1              1;
    F3              false;
}

Reading/calculating face velocity Uf

No finite volume options present

Courant Number mean: 0.108996 max: 0.24169

Starting time loop

Courant Number mean: 0.108996 max: 0.24169
Time = 0.493

GAMG:  Solving for cellDisplacementx, Initial residual = 0, Final residual = 0, No Iterations 0
GAMG:  Solving for cellDisplacementy, Initial residual = 0, Final residual = 0, No Iterations 0
GAMG:  Solving for cellDisplacementz, Initial residual = 0, Final residual = 0, No Iterations 0
PIMPLE: iteration 1
DILUPBiCG:  Solving for Ux, Initial residual = 0.0443563, Final residual = 0.000161158, No Iterations 1
DILUPBiCG:  Solving for Uy, Initial residual = 0.00935181, Final residual = 1.92399e-05, No Iterations 1
DILUPBiCG:  Solving for Uz, Initial residual = 0.0172071, Final residual = 1.96479e-05, No Iterations 1
GAMG:  Solving for p, Initial residual = 0.115402, Final residual = 0.000588914, No Iterations 4
GAMG:  Solving for p, Initial residual = 0.0167521, Final residual = 0.000165909, No Iterations 16
GAMG:  Solving for p, Initial residual = 0.00857147, Final residual = 6.90651e-05, No Iterations 10
time step continuity errors : sum local = 5.66776e-07, global = 1.47125e-07, cumulative = 1.47125e-07
GAMG:  Solving for p, Initial residual = 0.0527559, Final residual = 0.000256615, No Iterations 4
GAMG:  Solving for p, Initial residual = 0.00817834, Final residual = 7.67294e-05, No Iterations 16
GAMG:  Solving for p, Initial residual = 0.00431847, Final residual = 4.23754e-05, No Iterations 4
time step continuity errors : sum local = 3.51544e-07, global = 1.20354e-07, cumulative = 2.67479e-07
PIMPLE: iteration 2
DILUPBiCG:  Solving for Ux, Initial residual = 0.0111399, Final residual = 6.26812e-05, No Iterations 1
DILUPBiCG:  Solving for Uy, Initial residual = 0.00238111, Final residual = 4.87268e-06, No Iterations 1
DILUPBiCG:  Solving for Uz, Initial residual = 0.00343486, Final residual = 1.14233e-05, No Iterations 1
GAMG:  Solving for p, Initial residual = 0.0513896, Final residual = 0.000341318, No Iterations 6
GAMG:  Solving for p, Initial residual = 0.0120703, Final residual = 0.000102268, No Iterations 14
GAMG:  Solving for p, Initial residual = 0.00489987, Final residual = 4.83429e-05, No Iterations 6
time step continuity errors : sum local = 3.48917e-07, global = -9.93034e-08, cumulative = 1.68176e-07
GAMG:  Solving for p, Initial residual = 0.0271676, Final residual = 0.000260965, No Iterations 4
GAMG:  Solving for p, Initial residual = 0.00617435, Final residual = 6.07726e-05, No Iterations 12
GAMG:  Solving for p, Initial residual = 0.00256143, Final residual = 2.21619e-05, No Iterations 10
time step continuity errors : sum local = 1.60647e-07, global = -4.07809e-08, cumulative = 1.27395e-07
PIMPLE: iteration 3
DILUPBiCG:  Solving for Ux, Initial residual = 0.00224055, Final residual = 2.0589e-06, No Iterations 2
DILUPBiCG:  Solving for Uy, Initial residual = 0.000514835, Final residual = 5.95525e-06, No Iterations 1
DILUPBiCG:  Solving for Uz, Initial residual = 0.00581999, Final residual = 2.08153e-06, No Iterations 2
GAMG:  Solving for p, Initial residual = 0.0473559, Final residual = 0.000354281, No Iterations 5
GAMG:  Solving for p, Initial residual = 0.0107811, Final residual = 9.72303e-05, No Iterations 14
GAMG:  Solving for p, Initial residual = 0.00538981, Final residual = 4.67117e-05, No Iterations 10
time step continuity errors : sum local = 3.77825e-07, global = -9.83331e-08, cumulative = 2.90618e-08
GAMG:  Solving for p, Initial residual = 0.00258265, Final residual = 2.21158e-05, No Iterations 8
GAMG:  Solving for p, Initial residual = 0.00136804, Final residual = 1.17853e-05, No Iterations 5
GAMG:  Solving for p, Initial residual = 0.000567042, Final residual = 9.74117e-07, No Iterations 28
time step continuity errors : sum local = 7.79327e-09, global = 2.35293e-09, cumulative = 3.14147e-08
DILUPBiCG:  Solving for omega, Initial residual = 0.00142369, Final residual = 7.77935e-07, No Iterations 1
DILUPBiCG:  Solving for k, Initial residual = 0.00383588, Final residual = 6.14882e-07, No Iterations 2
bounding k, min: 0 max: 0.000696992 average: 0.000156772
ExecutionTime = 15.24 s  ClockTime = 15 s

End

