/*---------------------------------------------------------------------------*\
| =========                 |                                                 |
| \\      /  F ield         | OpenFOAM: The Open Source CFD Toolbox           |
|  \\    /   O peration     | Version:  2.3.1                                 |
|   \\  /    A nd           | Web:      www.OpenFOAM.org                      |
|    \\/     M anipulation  |                                                 |
\*---------------------------------------------------------------------------*/
Build  : 2.3.1-262087cdf8db
Exec   : pimpleDyMFoam
Date   : Jun 06 2023
Time   : 00:15:21
Host   : "jcosson-VirtualBox"
PID    : 29043
Case   : /home/jcosson/workspace/henersj_shootingdata/calcs/moderate_deformed/primal/100_intervals_05-06-23/sweep14/interval72
nProcs : 1
sigFpe : Enabling floating point exception trapping (FOAM_SIGFPE).
fileModificationChecking : Monitoring run-time modified files using timeStampMaster
allowSystemOperations : Allowing user-supplied system call operations

// * * * * * * * * * * * * * * * * * * * * * * * * * * * * * * * * * * * * * //
Create time

Create mesh for time = 0.471

Selecting dynamicFvMesh dynamicMotionSolverFvMesh
Selecting motion solver: displacementLaplacian
Selecting motion diffusion: quadratic
Selecting motion diffusion: quadratic
Selecting motion diffusion: inverseDistance

PIMPLE: no residual control data found. Calculations will employ 3 corrector loops

Reading field p

Reading field U

Reading/calculating face flux field phi

Selecting incompressible transport model Newtonian
Selecting turbulence model type RASModel
Selecting RAS turbulence model kOmegaSST
kOmegaSSTCoeffs
{
    alphaK1         0.85034;
    alphaK2         1;
    alphaOmega1     0.5;
    alphaOmega2     0.85616;
    gamma1          0.5532;
    gamma2          0.4403;
    beta1           0.075;
    beta2           0.0828;
    betaStar        0.09;
    a1              0.31;
    c1              10;
    Cmu             0.09;
    b1              1;
    F3              false;
}

Reading/calculating face velocity Uf

No finite volume options present

Courant Number mean: 0.211544 max: 0.472099

Starting time loop

Courant Number mean: 0.211544 max: 0.472099
Time = 0.472

GAMG:  Solving for cellDisplacementx, Initial residual = 0, Final residual = 0, No Iterations 0
GAMG:  Solving for cellDisplacementy, Initial residual = 0, Final residual = 0, No Iterations 0
GAMG:  Solving for cellDisplacementz, Initial residual = 0, Final residual = 0, No Iterations 0
PIMPLE: iteration 1
DILUPBiCG:  Solving for Ux, Initial residual = 0.0511156, Final residual = 0.000210137, No Iterations 1
DILUPBiCG:  Solving for Uy, Initial residual = 0.00846738, Final residual = 1.97312e-05, No Iterations 1
DILUPBiCG:  Solving for Uz, Initial residual = 0.0161199, Final residual = 3.65929e-05, No Iterations 1
GAMG:  Solving for p, Initial residual = 0.129697, Final residual = 0.00100946, No Iterations 6
GAMG:  Solving for p, Initial residual = 0.0154033, Final residual = 0.00015134, No Iterations 18
GAMG:  Solving for p, Initial residual = 0.00677827, Final residual = 5.97631e-05, No Iterations 12
time step continuity errors : sum local = 8.67563e-07, global = 2.59843e-07, cumulative = 2.59843e-07
GAMG:  Solving for p, Initial residual = 0.0547863, Final residual = 0.00034298, No Iterations 6
GAMG:  Solving for p, Initial residual = 0.00774062, Final residual = 7.31382e-05, No Iterations 16
GAMG:  Solving for p, Initial residual = 0.00350405, Final residual = 2.99573e-05, No Iterations 12
time step continuity errors : sum local = 4.34934e-07, global = 1.2934e-07, cumulative = 3.89183e-07
PIMPLE: iteration 2
DILUPBiCG:  Solving for Ux, Initial residual = 0.0148982, Final residual = 8.78515e-05, No Iterations 1
DILUPBiCG:  Solving for Uy, Initial residual = 0.00259352, Final residual = 6.02436e-06, No Iterations 1
DILUPBiCG:  Solving for Uz, Initial residual = 0.00361954, Final residual = 1.31968e-05, No Iterations 1
GAMG:  Solving for p, Initial residual = 0.0551225, Final residual = 0.000475583, No Iterations 4
GAMG:  Solving for p, Initial residual = 0.00917759, Final residual = 8.78569e-05, No Iterations 16
GAMG:  Solving for p, Initial residual = 0.00421518, Final residual = 4.09638e-05, No Iterations 8
time step continuity errors : sum local = 5.06891e-07, global = -1.61191e-07, cumulative = 2.27993e-07
GAMG:  Solving for p, Initial residual = 0.0282891, Final residual = 0.00020714, No Iterations 4
GAMG:  Solving for p, Initial residual = 0.00453567, Final residual = 4.06723e-05, No Iterations 14
GAMG:  Solving for p, Initial residual = 0.0019829, Final residual = 1.94421e-05, No Iterations 8
time step continuity errors : sum local = 2.4194e-07, global = -7.05926e-08, cumulative = 1.574e-07
PIMPLE: iteration 3
DILUPBiCG:  Solving for Ux, Initial residual = 0.00369636, Final residual = 1.87224e-06, No Iterations 2
DILUPBiCG:  Solving for Uy, Initial residual = 0.000645999, Final residual = 6.78122e-06, No Iterations 1
DILUPBiCG:  Solving for Uz, Initial residual = 0.00814839, Final residual = 2.93478e-06, No Iterations 2
GAMG:  Solving for p, Initial residual = 0.0401263, Final residual = 0.00035178, No Iterations 5
GAMG:  Solving for p, Initial residual = 0.00917748, Final residual = 8.77862e-05, No Iterations 11
GAMG:  Solving for p, Initial residual = 0.00436856, Final residual = 4.35718e-05, No Iterations 10
time step continuity errors : sum local = 6.05461e-07, global = -1.57539e-07, cumulative = -1.38905e-10
GAMG:  Solving for p, Initial residual = 0.0024679, Final residual = 2.10412e-05, No Iterations 18
GAMG:  Solving for p, Initial residual = 0.00136098, Final residual = 1.11873e-05, No Iterations 4
GAMG:  Solving for p, Initial residual = 0.000546816, Final residual = 9.45638e-07, No Iterations 32
time step continuity errors : sum local = 1.30814e-08, global = 3.85994e-09, cumulative = 3.72103e-09
DILUPBiCG:  Solving for omega, Initial residual = 0.00070679, Final residual = 9.84816e-07, No Iterations 1
DILUPBiCG:  Solving for k, Initial residual = 0.0045303, Final residual = 1.42511e-06, No Iterations 2
ExecutionTime = 11.72 s  ClockTime = 12 s

End

