/*---------------------------------------------------------------------------*\
| =========                 |                                                 |
| \\      /  F ield         | OpenFOAM: The Open Source CFD Toolbox           |
|  \\    /   O peration     | Version:  2.3.1                                 |
|   \\  /    A nd           | Web:      www.OpenFOAM.org                      |
|    \\/     M anipulation  |                                                 |
\*---------------------------------------------------------------------------*/
Build  : 2.3.1-262087cdf8db
Exec   : pimpleDyMFoam
Date   : Jun 05 2023
Time   : 23:40:36
Host   : "jcosson-VirtualBox"
PID    : 11684
Case   : /home/jcosson/workspace/henersj_shootingdata/calcs/moderate_deformed/primal/100_intervals_05-06-23/sweep5/interval82
nProcs : 1
sigFpe : Enabling floating point exception trapping (FOAM_SIGFPE).
fileModificationChecking : Monitoring run-time modified files using timeStampMaster
allowSystemOperations : Allowing user-supplied system call operations

// * * * * * * * * * * * * * * * * * * * * * * * * * * * * * * * * * * * * * //
Create time

Create mesh for time = 0.481

Selecting dynamicFvMesh dynamicMotionSolverFvMesh
Selecting motion solver: displacementLaplacian
Selecting motion diffusion: quadratic
Selecting motion diffusion: quadratic
Selecting motion diffusion: inverseDistance

PIMPLE: no residual control data found. Calculations will employ 3 corrector loops

Reading field p

Reading field U

Reading/calculating face flux field phi

Selecting incompressible transport model Newtonian
Selecting turbulence model type RASModel
Selecting RAS turbulence model kOmegaSST
kOmegaSSTCoeffs
{
    alphaK1         0.85034;
    alphaK2         1;
    alphaOmega1     0.5;
    alphaOmega2     0.85616;
    gamma1          0.5532;
    gamma2          0.4403;
    beta1           0.075;
    beta2           0.0828;
    betaStar        0.09;
    a1              0.31;
    c1              10;
    Cmu             0.09;
    b1              1;
    F3              false;
}

Reading/calculating face velocity Uf

No finite volume options present

Courant Number mean: 0.15504 max: 0.34151

Starting time loop

Courant Number mean: 0.15504 max: 0.34151
Time = 0.482

GAMG:  Solving for cellDisplacementx, Initial residual = 0, Final residual = 0, No Iterations 0
GAMG:  Solving for cellDisplacementy, Initial residual = 0, Final residual = 0, No Iterations 0
GAMG:  Solving for cellDisplacementz, Initial residual = 0, Final residual = 0, No Iterations 0
PIMPLE: iteration 1
DILUPBiCG:  Solving for Ux, Initial residual = 0.065915, Final residual = 0.000256382, No Iterations 1
DILUPBiCG:  Solving for Uy, Initial residual = 0.0116708, Final residual = 2.61829e-05, No Iterations 1
DILUPBiCG:  Solving for Uz, Initial residual = 0.0514567, Final residual = 7.93732e-05, No Iterations 1
GAMG:  Solving for p, Initial residual = 0.14015, Final residual = 0.00112255, No Iterations 4
GAMG:  Solving for p, Initial residual = 0.0208732, Final residual = 0.000193775, No Iterations 16
GAMG:  Solving for p, Initial residual = 0.00942897, Final residual = 7.32692e-05, No Iterations 6
time step continuity errors : sum local = 9.94411e-07, global = 2.83435e-07, cumulative = 2.83435e-07
GAMG:  Solving for p, Initial residual = 0.0615075, Final residual = 0.000436793, No Iterations 4
GAMG:  Solving for p, Initial residual = 0.0101948, Final residual = 0.000101318, No Iterations 12
GAMG:  Solving for p, Initial residual = 0.00465698, Final residual = 4.37001e-05, No Iterations 4
time step continuity errors : sum local = 5.92918e-07, global = 2.24792e-07, cumulative = 5.08227e-07
PIMPLE: iteration 2
DILUPBiCG:  Solving for Ux, Initial residual = 0.0175863, Final residual = 0.000107265, No Iterations 1
DILUPBiCG:  Solving for Uy, Initial residual = 0.00331522, Final residual = 7.50418e-06, No Iterations 1
DILUPBiCG:  Solving for Uz, Initial residual = 0.00482235, Final residual = 2.43169e-05, No Iterations 1
GAMG:  Solving for p, Initial residual = 0.062552, Final residual = 0.000546561, No Iterations 4
GAMG:  Solving for p, Initial residual = 0.0117806, Final residual = 0.000103678, No Iterations 16
GAMG:  Solving for p, Initial residual = 0.00562746, Final residual = 4.8709e-05, No Iterations 4
time step continuity errors : sum local = 5.65592e-07, global = -1.95563e-07, cumulative = 3.12664e-07
GAMG:  Solving for p, Initial residual = 0.0324907, Final residual = 0.000263463, No Iterations 4
GAMG:  Solving for p, Initial residual = 0.00602757, Final residual = 5.498e-05, No Iterations 14
GAMG:  Solving for p, Initial residual = 0.00281293, Final residual = 2.57694e-05, No Iterations 4
time step continuity errors : sum local = 2.99616e-07, global = -1.03457e-07, cumulative = 2.09207e-07
PIMPLE: iteration 3
DILUPBiCG:  Solving for Ux, Initial residual = 0.00385587, Final residual = 2.82695e-06, No Iterations 2
DILUPBiCG:  Solving for Uy, Initial residual = 0.000829132, Final residual = 5.52412e-06, No Iterations 1
DILUPBiCG:  Solving for Uz, Initial residual = 0.00565138, Final residual = 2.26933e-06, No Iterations 2
GAMG:  Solving for p, Initial residual = 0.0395353, Final residual = 0.00036826, No Iterations 5
GAMG:  Solving for p, Initial residual = 0.00898125, Final residual = 7.83628e-05, No Iterations 15
GAMG:  Solving for p, Initial residual = 0.00453678, Final residual = 4.17486e-05, No Iterations 8
time step continuity errors : sum local = 5.48262e-07, global = -1.08681e-07, cumulative = 1.00527e-07
GAMG:  Solving for p, Initial residual = 0.00247252, Final residual = 2.17791e-05, No Iterations 12
GAMG:  Solving for p, Initial residual = 0.00128133, Final residual = 1.19959e-05, No Iterations 4
GAMG:  Solving for p, Initial residual = 0.000510258, Final residual = 8.67701e-07, No Iterations 32
time step continuity errors : sum local = 1.13061e-08, global = 3.34336e-09, cumulative = 1.0387e-07
DILUPBiCG:  Solving for omega, Initial residual = 0.00126954, Final residual = 1.52419e-06, No Iterations 1
DILUPBiCG:  Solving for k, Initial residual = 0.00445951, Final residual = 7.0057e-07, No Iterations 2
ExecutionTime = 15.79 s  ClockTime = 16 s

End

