/*---------------------------------------------------------------------------*\
| =========                 |                                                 |
| \\      /  F ield         | OpenFOAM: The Open Source CFD Toolbox           |
|  \\    /   O peration     | Version:  2.3.1                                 |
|   \\  /    A nd           | Web:      www.OpenFOAM.org                      |
|    \\/     M anipulation  |                                                 |
\*---------------------------------------------------------------------------*/
Build  : 2.3.1-262087cdf8db
Exec   : pimpleDyMFoam
Date   : Jun 05 2023
Time   : 23:39:13
Host   : "jcosson-VirtualBox"
PID    : 11539
Case   : /home/jcosson/workspace/henersj_shootingdata/calcs/moderate_deformed/primal/100_intervals_05-06-23/sweep5/interval9
nProcs : 1
sigFpe : Enabling floating point exception trapping (FOAM_SIGFPE).
fileModificationChecking : Monitoring run-time modified files using timeStampMaster
allowSystemOperations : Allowing user-supplied system call operations

// * * * * * * * * * * * * * * * * * * * * * * * * * * * * * * * * * * * * * //
Create time

Create mesh for time = 0.408

Selecting dynamicFvMesh dynamicMotionSolverFvMesh
Selecting motion solver: displacementLaplacian
Selecting motion diffusion: quadratic
Selecting motion diffusion: quadratic
Selecting motion diffusion: inverseDistance

PIMPLE: no residual control data found. Calculations will employ 3 corrector loops

Reading field p

Reading field U

Reading/calculating face flux field phi

Selecting incompressible transport model Newtonian
Selecting turbulence model type RASModel
Selecting RAS turbulence model kOmegaSST
kOmegaSSTCoeffs
{
    alphaK1         0.85034;
    alphaK2         1;
    alphaOmega1     0.5;
    alphaOmega2     0.85616;
    gamma1          0.5532;
    gamma2          0.4403;
    beta1           0.075;
    beta2           0.0828;
    betaStar        0.09;
    a1              0.31;
    c1              10;
    Cmu             0.09;
    b1              1;
    F3              false;
}

Reading/calculating face velocity Uf

No finite volume options present

Courant Number mean: 0.107246 max: 0.235927

Starting time loop

Courant Number mean: 0.107246 max: 0.235927
Time = 0.409

GAMG:  Solving for cellDisplacementx, Initial residual = 0, Final residual = 0, No Iterations 0
GAMG:  Solving for cellDisplacementy, Initial residual = 0, Final residual = 0, No Iterations 0
GAMG:  Solving for cellDisplacementz, Initial residual = 0, Final residual = 0, No Iterations 0
PIMPLE: iteration 1
DILUPBiCG:  Solving for Ux, Initial residual = 0.0398642, Final residual = 0.000152, No Iterations 1
DILUPBiCG:  Solving for Uy, Initial residual = 0.00823115, Final residual = 1.47267e-05, No Iterations 1
DILUPBiCG:  Solving for Uz, Initial residual = 0.0286183, Final residual = 5.63995e-05, No Iterations 1
GAMG:  Solving for p, Initial residual = 0.181404, Final residual = 0.0014378, No Iterations 6
GAMG:  Solving for p, Initial residual = 0.0233298, Final residual = 0.000204453, No Iterations 18
GAMG:  Solving for p, Initial residual = 0.00985932, Final residual = 9.59954e-05, No Iterations 4
time step continuity errors : sum local = 6.95384e-07, global = -2.3183e-07, cumulative = -2.3183e-07
GAMG:  Solving for p, Initial residual = 0.0741479, Final residual = 0.000512079, No Iterations 6
GAMG:  Solving for p, Initial residual = 0.0118237, Final residual = 0.000104917, No Iterations 16
GAMG:  Solving for p, Initial residual = 0.00528973, Final residual = 5.2254e-05, No Iterations 4
time step continuity errors : sum local = 3.81215e-07, global = -1.28073e-07, cumulative = -3.59903e-07
PIMPLE: iteration 2
DILUPBiCG:  Solving for Ux, Initial residual = 0.0115221, Final residual = 7.49434e-05, No Iterations 1
DILUPBiCG:  Solving for Uy, Initial residual = 0.00229728, Final residual = 5.05047e-06, No Iterations 1
DILUPBiCG:  Solving for Uz, Initial residual = 0.00433466, Final residual = 1.59521e-05, No Iterations 1
GAMG:  Solving for p, Initial residual = 0.0773969, Final residual = 0.000404177, No Iterations 4
GAMG:  Solving for p, Initial residual = 0.0140656, Final residual = 0.000133986, No Iterations 7
GAMG:  Solving for p, Initial residual = 0.00657265, Final residual = 5.228e-05, No Iterations 6
time step continuity errors : sum local = 3.31448e-07, global = -9.90941e-08, cumulative = -4.58997e-07
GAMG:  Solving for p, Initial residual = 0.0387661, Final residual = 0.000182985, No Iterations 4
GAMG:  Solving for p, Initial residual = 0.0073171, Final residual = 7.2028e-05, No Iterations 5
GAMG:  Solving for p, Initial residual = 0.00339154, Final residual = 2.56544e-05, No Iterations 6
time step continuity errors : sum local = 1.63344e-07, global = -4.27508e-08, cumulative = -5.01748e-07
PIMPLE: iteration 3
DILUPBiCG:  Solving for Ux, Initial residual = 0.00319384, Final residual = 1.51863e-06, No Iterations 2
DILUPBiCG:  Solving for Uy, Initial residual = 0.000631045, Final residual = 5.11649e-06, No Iterations 1
DILUPBiCG:  Solving for Uz, Initial residual = 0.0063738, Final residual = 2.32135e-06, No Iterations 2
GAMG:  Solving for p, Initial residual = 0.0404293, Final residual = 0.000350553, No Iterations 4
GAMG:  Solving for p, Initial residual = 0.00803473, Final residual = 8.00255e-05, No Iterations 16
GAMG:  Solving for p, Initial residual = 0.00390671, Final residual = 3.62866e-05, No Iterations 10
time step continuity errors : sum local = 2.59881e-07, global = 6.66125e-08, cumulative = -4.35135e-07
GAMG:  Solving for p, Initial residual = 0.0020553, Final residual = 2.00284e-05, No Iterations 10
GAMG:  Solving for p, Initial residual = 0.00105728, Final residual = 9.48926e-06, No Iterations 5
GAMG:  Solving for p, Initial residual = 0.0004595, Final residual = 9.97948e-07, No Iterations 26
time step continuity errors : sum local = 7.09165e-09, global = -2.12719e-09, cumulative = -4.37262e-07
DILUPBiCG:  Solving for omega, Initial residual = 0.00126068, Final residual = 9.09286e-07, No Iterations 1
DILUPBiCG:  Solving for k, Initial residual = 0.00356835, Final residual = 9.38308e-07, No Iterations 2
ExecutionTime = 16.02 s  ClockTime = 16 s

End

