/*---------------------------------------------------------------------------*\
| =========                 |                                                 |
| \\      /  F ield         | OpenFOAM: The Open Source CFD Toolbox           |
|  \\    /   O peration     | Version:  2.3.1                                 |
|   \\  /    A nd           | Web:      www.OpenFOAM.org                      |
|    \\/     M anipulation  |                                                 |
\*---------------------------------------------------------------------------*/
Build  : 2.3.1-262087cdf8db
Exec   : pimpleDyMFoam
Date   : Jun 05 2023
Time   : 23:39:13
Host   : "jcosson-VirtualBox"
PID    : 11554
Case   : /home/jcosson/workspace/henersj_shootingdata/calcs/moderate_deformed/primal/100_intervals_05-06-23/sweep5/interval13
nProcs : 1
sigFpe : Enabling floating point exception trapping (FOAM_SIGFPE).
fileModificationChecking : Monitoring run-time modified files using timeStampMaster
allowSystemOperations : Allowing user-supplied system call operations

// * * * * * * * * * * * * * * * * * * * * * * * * * * * * * * * * * * * * * //
Create time

Create mesh for time = 0.412

Selecting dynamicFvMesh dynamicMotionSolverFvMesh
Selecting motion solver: displacementLaplacian
Selecting motion diffusion: quadratic
Selecting motion diffusion: quadratic
Selecting motion diffusion: inverseDistance

PIMPLE: no residual control data found. Calculations will employ 3 corrector loops

Reading field p

Reading field U

Reading/calculating face flux field phi

Selecting incompressible transport model Newtonian
Selecting turbulence model type RASModel
Selecting RAS turbulence model kOmegaSST
kOmegaSSTCoeffs
{
    alphaK1         0.85034;
    alphaK2         1;
    alphaOmega1     0.5;
    alphaOmega2     0.85616;
    gamma1          0.5532;
    gamma2          0.4403;
    beta1           0.075;
    beta2           0.0828;
    betaStar        0.09;
    a1              0.31;
    c1              10;
    Cmu             0.09;
    b1              1;
    F3              false;
}

Reading/calculating face velocity Uf

No finite volume options present

Courant Number mean: 0.120708 max: 0.264002

Starting time loop

Courant Number mean: 0.120708 max: 0.264002
Time = 0.413

GAMG:  Solving for cellDisplacementx, Initial residual = 0, Final residual = 0, No Iterations 0
GAMG:  Solving for cellDisplacementy, Initial residual = 0, Final residual = 0, No Iterations 0
GAMG:  Solving for cellDisplacementz, Initial residual = 0, Final residual = 0, No Iterations 0
PIMPLE: iteration 1
DILUPBiCG:  Solving for Ux, Initial residual = 0.0535932, Final residual = 0.000199559, No Iterations 1
DILUPBiCG:  Solving for Uy, Initial residual = 0.0105454, Final residual = 1.92689e-05, No Iterations 1
DILUPBiCG:  Solving for Uz, Initial residual = 0.0375249, Final residual = 7.61695e-05, No Iterations 1
GAMG:  Solving for p, Initial residual = 0.162323, Final residual = 0.00128207, No Iterations 6
GAMG:  Solving for p, Initial residual = 0.0206021, Final residual = 0.000199691, No Iterations 18
GAMG:  Solving for p, Initial residual = 0.00896716, Final residual = 7.2463e-05, No Iterations 10
time step continuity errors : sum local = 7.30095e-07, global = -1.86729e-07, cumulative = -1.86729e-07
GAMG:  Solving for p, Initial residual = 0.0669618, Final residual = 0.000459202, No Iterations 6
GAMG:  Solving for p, Initial residual = 0.0103447, Final residual = 0.000102847, No Iterations 16
GAMG:  Solving for p, Initial residual = 0.00474281, Final residual = 3.95493e-05, No Iterations 10
time step continuity errors : sum local = 4.01229e-07, global = -1.02792e-07, cumulative = -2.89521e-07
PIMPLE: iteration 2
DILUPBiCG:  Solving for Ux, Initial residual = 0.0152037, Final residual = 9.37495e-05, No Iterations 1
DILUPBiCG:  Solving for Uy, Initial residual = 0.0028749, Final residual = 6.20482e-06, No Iterations 1
DILUPBiCG:  Solving for Uz, Initial residual = 0.00474297, Final residual = 1.60458e-05, No Iterations 1
GAMG:  Solving for p, Initial residual = 0.0696719, Final residual = 0.000352649, No Iterations 4
GAMG:  Solving for p, Initial residual = 0.0122813, Final residual = 0.000119816, No Iterations 12
GAMG:  Solving for p, Initial residual = 0.00608684, Final residual = 5.05633e-05, No Iterations 7
time step continuity errors : sum local = 4.43148e-07, global = -1.30022e-07, cumulative = -4.19543e-07
GAMG:  Solving for p, Initial residual = 0.0352853, Final residual = 0.000157308, No Iterations 4
GAMG:  Solving for p, Initial residual = 0.00638528, Final residual = 5.49616e-05, No Iterations 12
GAMG:  Solving for p, Initial residual = 0.0030862, Final residual = 2.81805e-05, No Iterations 5
time step continuity errors : sum local = 2.48107e-07, global = -9.11598e-08, cumulative = -5.10703e-07
PIMPLE: iteration 3
DILUPBiCG:  Solving for Ux, Initial residual = 0.0039944, Final residual = 1.68263e-06, No Iterations 2
DILUPBiCG:  Solving for Uy, Initial residual = 0.000746863, Final residual = 5.94085e-06, No Iterations 1
DILUPBiCG:  Solving for Uz, Initial residual = 0.00968796, Final residual = 3.29725e-06, No Iterations 2
GAMG:  Solving for p, Initial residual = 0.0381174, Final residual = 0.000328259, No Iterations 5
GAMG:  Solving for p, Initial residual = 0.00770536, Final residual = 6.71829e-05, No Iterations 17
GAMG:  Solving for p, Initial residual = 0.00368129, Final residual = 3.61637e-05, No Iterations 4
time step continuity errors : sum local = 3.59117e-07, global = 1.27229e-07, cumulative = -3.83474e-07
GAMG:  Solving for p, Initial residual = 0.00195198, Final residual = 1.7549e-05, No Iterations 6
GAMG:  Solving for p, Initial residual = 0.00103348, Final residual = 7.25481e-06, No Iterations 5
GAMG:  Solving for p, Initial residual = 0.00043905, Final residual = 8.73478e-07, No Iterations 6
time step continuity errors : sum local = 8.62768e-09, global = -1.21234e-09, cumulative = -3.84686e-07
DILUPBiCG:  Solving for omega, Initial residual = 0.00118187, Final residual = 9.71788e-07, No Iterations 1
DILUPBiCG:  Solving for k, Initial residual = 0.00368593, Final residual = 1.0476e-06, No Iterations 2
ExecutionTime = 16.39 s  ClockTime = 16 s

End

