/*---------------------------------------------------------------------------*\
| =========                 |                                                 |
| \\      /  F ield         | OpenFOAM: The Open Source CFD Toolbox           |
|  \\    /   O peration     | Version:  2.3.1                                 |
|   \\  /    A nd           | Web:      www.OpenFOAM.org                      |
|    \\/     M anipulation  |                                                 |
\*---------------------------------------------------------------------------*/
Build  : 2.3.1-262087cdf8db
Exec   : pimpleDyMFoam
Date   : Jun 05 2023
Time   : 23:40:04
Host   : "jcosson-VirtualBox"
PID    : 11624
Case   : /home/jcosson/workspace/henersj_shootingdata/calcs/moderate_deformed/primal/100_intervals_05-06-23/sweep5/interval52
nProcs : 1
sigFpe : Enabling floating point exception trapping (FOAM_SIGFPE).
fileModificationChecking : Monitoring run-time modified files using timeStampMaster
allowSystemOperations : Allowing user-supplied system call operations

// * * * * * * * * * * * * * * * * * * * * * * * * * * * * * * * * * * * * * //
Create time

Create mesh for time = 0.451

Selecting dynamicFvMesh dynamicMotionSolverFvMesh
Selecting motion solver: displacementLaplacian
Selecting motion diffusion: quadratic
Selecting motion diffusion: quadratic
Selecting motion diffusion: inverseDistance

PIMPLE: no residual control data found. Calculations will employ 3 corrector loops

Reading field p

Reading field U

Reading/calculating face flux field phi

Selecting incompressible transport model Newtonian
Selecting turbulence model type RASModel
Selecting RAS turbulence model kOmegaSST
kOmegaSSTCoeffs
{
    alphaK1         0.85034;
    alphaK2         1;
    alphaOmega1     0.5;
    alphaOmega2     0.85616;
    gamma1          0.5532;
    gamma2          0.4403;
    beta1           0.075;
    beta2           0.0828;
    betaStar        0.09;
    a1              0.31;
    c1              10;
    Cmu             0.09;
    b1              1;
    F3              false;
}

Reading/calculating face velocity Uf

No finite volume options present

Courant Number mean: 0.279342 max: 0.628233

Starting time loop

Courant Number mean: 0.279342 max: 0.628233
Time = 0.452

GAMG:  Solving for cellDisplacementx, Initial residual = 0, Final residual = 0, No Iterations 0
GAMG:  Solving for cellDisplacementy, Initial residual = 0, Final residual = 0, No Iterations 0
GAMG:  Solving for cellDisplacementz, Initial residual = 0, Final residual = 0, No Iterations 0
PIMPLE: iteration 1
DILUPBiCG:  Solving for Ux, Initial residual = 0.00143923, Final residual = 6.77472e-06, No Iterations 1
DILUPBiCG:  Solving for Uy, Initial residual = 0.000404981, Final residual = 2.4466e-06, No Iterations 1
DILUPBiCG:  Solving for Uz, Initial residual = 0.0162885, Final residual = 4.06832e-05, No Iterations 1
GAMG:  Solving for p, Initial residual = 0.340563, Final residual = 0.00308267, No Iterations 4
GAMG:  Solving for p, Initial residual = 0.0527667, Final residual = 0.000515249, No Iterations 14
GAMG:  Solving for p, Initial residual = 0.0216207, Final residual = 0.000208882, No Iterations 10
time step continuity errors : sum local = 4.66944e-07, global = 1.20683e-07, cumulative = 1.20683e-07
GAMG:  Solving for p, Initial residual = 0.132562, Final residual = 0.00107075, No Iterations 4
GAMG:  Solving for p, Initial residual = 0.0257287, Final residual = 0.000215354, No Iterations 12
GAMG:  Solving for p, Initial residual = 0.0103706, Final residual = 9.52121e-05, No Iterations 10
time step continuity errors : sum local = 2.12127e-07, global = 5.45466e-08, cumulative = 1.7523e-07
PIMPLE: iteration 2
DILUPBiCG:  Solving for Ux, Initial residual = 0.000906601, Final residual = 4.64283e-06, No Iterations 1
DILUPBiCG:  Solving for Uy, Initial residual = 0.0001738, Final residual = 1.92167e-06, No Iterations 1
DILUPBiCG:  Solving for Uz, Initial residual = 0.00427142, Final residual = 1.41389e-05, No Iterations 1
GAMG:  Solving for p, Initial residual = 0.141437, Final residual = 0.00056267, No Iterations 4
GAMG:  Solving for p, Initial residual = 0.0258006, Final residual = 0.000240355, No Iterations 8
GAMG:  Solving for p, Initial residual = 0.0104238, Final residual = 9.11063e-05, No Iterations 10
time step continuity errors : sum local = 1.8649e-07, global = 4.76667e-08, cumulative = 2.22896e-07
GAMG:  Solving for p, Initial residual = 0.0657373, Final residual = 0.000640687, No Iterations 3
GAMG:  Solving for p, Initial residual = 0.0129667, Final residual = 0.000113834, No Iterations 7
GAMG:  Solving for p, Initial residual = 0.00531403, Final residual = 4.42272e-05, No Iterations 10
time step continuity errors : sum local = 9.07844e-08, global = 2.32887e-08, cumulative = 2.46185e-07
PIMPLE: iteration 3
DILUPBiCG:  Solving for Ux, Initial residual = 0.00048258, Final residual = 1.6677e-07, No Iterations 2
DILUPBiCG:  Solving for Uy, Initial residual = 8.76483e-05, Final residual = 1.50401e-06, No Iterations 1
DILUPBiCG:  Solving for Uz, Initial residual = 0.00161921, Final residual = 4.47842e-07, No Iterations 2
GAMG:  Solving for p, Initial residual = 0.0939601, Final residual = 0.000625662, No Iterations 3
GAMG:  Solving for p, Initial residual = 0.0203129, Final residual = 0.000141025, No Iterations 4
GAMG:  Solving for p, Initial residual = 0.00879747, Final residual = 6.07676e-05, No Iterations 4
time step continuity errors : sum local = 1.26807e-07, global = -2.00009e-08, cumulative = 2.26184e-07
GAMG:  Solving for p, Initial residual = 0.00760513, Final residual = 5.55315e-05, No Iterations 4
GAMG:  Solving for p, Initial residual = 0.00350845, Final residual = 1.52412e-05, No Iterations 5
GAMG:  Solving for p, Initial residual = 0.00131592, Final residual = 9.58152e-07, No Iterations 19
time step continuity errors : sum local = 1.98479e-09, global = -5.64983e-10, cumulative = 2.25619e-07
DILUPBiCG:  Solving for omega, Initial residual = 0.00162653, Final residual = 2.39205e-06, No Iterations 1
DILUPBiCG:  Solving for k, Initial residual = 0.00527424, Final residual = 4.21774e-06, No Iterations 2
ExecutionTime = 15.04 s  ClockTime = 15 s

End

