/*---------------------------------------------------------------------------*\
| =========                 |                                                 |
| \\      /  F ield         | OpenFOAM: The Open Source CFD Toolbox           |
|  \\    /   O peration     | Version:  2.3.1                                 |
|   \\  /    A nd           | Web:      www.OpenFOAM.org                      |
|    \\/     M anipulation  |                                                 |
\*---------------------------------------------------------------------------*/
Build  : 2.3.1-262087cdf8db
Exec   : pimpleDyMFoam
Date   : Jun 05 2023
Time   : 23:40:18
Host   : "jcosson-VirtualBox"
PID    : 11650
Case   : /home/jcosson/workspace/henersj_shootingdata/calcs/moderate_deformed/primal/100_intervals_05-06-23/sweep5/interval65
nProcs : 1
sigFpe : Enabling floating point exception trapping (FOAM_SIGFPE).
fileModificationChecking : Monitoring run-time modified files using timeStampMaster
allowSystemOperations : Allowing user-supplied system call operations

// * * * * * * * * * * * * * * * * * * * * * * * * * * * * * * * * * * * * * //
Create time

Create mesh for time = 0.464

Selecting dynamicFvMesh dynamicMotionSolverFvMesh
Selecting motion solver: displacementLaplacian
Selecting motion diffusion: quadratic
Selecting motion diffusion: quadratic
Selecting motion diffusion: inverseDistance

PIMPLE: no residual control data found. Calculations will employ 3 corrector loops

Reading field p

Reading field U

Reading/calculating face flux field phi

Selecting incompressible transport model Newtonian
Selecting turbulence model type RASModel
Selecting RAS turbulence model kOmegaSST
kOmegaSSTCoeffs
{
    alphaK1         0.85034;
    alphaK2         1;
    alphaOmega1     0.5;
    alphaOmega2     0.85616;
    gamma1          0.5532;
    gamma2          0.4403;
    beta1           0.075;
    beta2           0.0828;
    betaStar        0.09;
    a1              0.31;
    c1              10;
    Cmu             0.09;
    b1              1;
    F3              false;
}

Reading/calculating face velocity Uf

No finite volume options present

Courant Number mean: 0.246692 max: 0.554234

Starting time loop

Courant Number mean: 0.246692 max: 0.554234
Time = 0.465

GAMG:  Solving for cellDisplacementx, Initial residual = 0, Final residual = 0, No Iterations 0
GAMG:  Solving for cellDisplacementy, Initial residual = 0, Final residual = 0, No Iterations 0
GAMG:  Solving for cellDisplacementz, Initial residual = 0, Final residual = 0, No Iterations 0
PIMPLE: iteration 1
DILUPBiCG:  Solving for Ux, Initial residual = 0.0353664, Final residual = 0.000146664, No Iterations 1
DILUPBiCG:  Solving for Uy, Initial residual = 0.00561322, Final residual = 1.40426e-05, No Iterations 1
DILUPBiCG:  Solving for Uz, Initial residual = 0.029499, Final residual = 6.52459e-05, No Iterations 1
GAMG:  Solving for p, Initial residual = 0.1514, Final residual = 0.00120724, No Iterations 6
GAMG:  Solving for p, Initial residual = 0.0205468, Final residual = 0.000195584, No Iterations 16
GAMG:  Solving for p, Initial residual = 0.00867007, Final residual = 7.88319e-05, No Iterations 10
time step continuity errors : sum local = 8.77881e-07, global = 2.24768e-07, cumulative = 2.24768e-07
GAMG:  Solving for p, Initial residual = 0.0627135, Final residual = 0.00062101, No Iterations 4
GAMG:  Solving for p, Initial residual = 0.0101617, Final residual = 8.86302e-05, No Iterations 16
GAMG:  Solving for p, Initial residual = 0.00444145, Final residual = 3.93362e-05, No Iterations 10
time step continuity errors : sum local = 4.35908e-07, global = 1.12072e-07, cumulative = 3.3684e-07
PIMPLE: iteration 2
DILUPBiCG:  Solving for Ux, Initial residual = 0.0106666, Final residual = 5.87121e-05, No Iterations 1
DILUPBiCG:  Solving for Uy, Initial residual = 0.00179584, Final residual = 4.63242e-06, No Iterations 1
DILUPBiCG:  Solving for Uz, Initial residual = 0.00530636, Final residual = 2.05703e-05, No Iterations 1
GAMG:  Solving for p, Initial residual = 0.0646327, Final residual = 0.000452028, No Iterations 4
GAMG:  Solving for p, Initial residual = 0.0116564, Final residual = 0.000112917, No Iterations 12
GAMG:  Solving for p, Initial residual = 0.00521213, Final residual = 4.32224e-05, No Iterations 10
time step continuity errors : sum local = 4.04394e-07, global = -1.02462e-07, cumulative = 2.34378e-07
GAMG:  Solving for p, Initial residual = 0.0328727, Final residual = 0.000194834, No Iterations 4
GAMG:  Solving for p, Initial residual = 0.00570309, Final residual = 5.4423e-05, No Iterations 10
GAMG:  Solving for p, Initial residual = 0.00250894, Final residual = 2.04731e-05, No Iterations 10
time step continuity errors : sum local = 1.92251e-07, global = -4.83206e-08, cumulative = 1.86057e-07
PIMPLE: iteration 3
DILUPBiCG:  Solving for Ux, Initial residual = 0.00273798, Final residual = 1.03781e-06, No Iterations 2
DILUPBiCG:  Solving for Uy, Initial residual = 0.00048199, Final residual = 7.5199e-06, No Iterations 1
DILUPBiCG:  Solving for Uz, Initial residual = 0.00469124, Final residual = 1.70241e-06, No Iterations 2
GAMG:  Solving for p, Initial residual = 0.0411732, Final residual = 0.000356053, No Iterations 5
GAMG:  Solving for p, Initial residual = 0.0093938, Final residual = 8.73803e-05, No Iterations 15
GAMG:  Solving for p, Initial residual = 0.00456179, Final residual = 4.43525e-05, No Iterations 8
time step continuity errors : sum local = 4.64588e-07, global = -1.03762e-07, cumulative = 8.2295e-08
GAMG:  Solving for p, Initial residual = 0.00277257, Final residual = 2.4443e-05, No Iterations 20
GAMG:  Solving for p, Initial residual = 0.00154917, Final residual = 1.25794e-05, No Iterations 4
GAMG:  Solving for p, Initial residual = 0.000589464, Final residual = 9.77962e-07, No Iterations 36
time step continuity errors : sum local = 1.02231e-08, global = 3.01384e-09, cumulative = 8.53089e-08
DILUPBiCG:  Solving for omega, Initial residual = 0.0014097, Final residual = 2.19799e-06, No Iterations 1
DILUPBiCG:  Solving for k, Initial residual = 0.0053464, Final residual = 1.81189e-06, No Iterations 2
ExecutionTime = 16.48 s  ClockTime = 16 s

End

