/*---------------------------------------------------------------------------*\
| =========                 |                                                 |
| \\      /  F ield         | OpenFOAM: The Open Source CFD Toolbox           |
|  \\    /   O peration     | Version:  2.3.1                                 |
|   \\  /    A nd           | Web:      www.OpenFOAM.org                      |
|    \\/     M anipulation  |                                                 |
\*---------------------------------------------------------------------------*/
Build  : 2.3.1-262087cdf8db
Exec   : pimpleDyMFoam
Date   : Jun 05 2023
Time   : 23:39:46
Host   : "jcosson-VirtualBox"
PID    : 11596
Case   : /home/jcosson/workspace/henersj_shootingdata/calcs/moderate_deformed/primal/100_intervals_05-06-23/sweep5/interval38
nProcs : 1
sigFpe : Enabling floating point exception trapping (FOAM_SIGFPE).
fileModificationChecking : Monitoring run-time modified files using timeStampMaster
allowSystemOperations : Allowing user-supplied system call operations

// * * * * * * * * * * * * * * * * * * * * * * * * * * * * * * * * * * * * * //
Create time

Create mesh for time = 0.437

Selecting dynamicFvMesh dynamicMotionSolverFvMesh
Selecting motion solver: displacementLaplacian
Selecting motion diffusion: quadratic
Selecting motion diffusion: quadratic
Selecting motion diffusion: inverseDistance

PIMPLE: no residual control data found. Calculations will employ 3 corrector loops

Reading field p

Reading field U

Reading/calculating face flux field phi

Selecting incompressible transport model Newtonian
Selecting turbulence model type RASModel
Selecting RAS turbulence model kOmegaSST
kOmegaSSTCoeffs
{
    alphaK1         0.85034;
    alphaK2         1;
    alphaOmega1     0.5;
    alphaOmega2     0.85616;
    gamma1          0.5532;
    gamma2          0.4403;
    beta1           0.075;
    beta2           0.0828;
    betaStar        0.09;
    a1              0.31;
    c1              10;
    Cmu             0.09;
    b1              1;
    F3              false;
}

Reading/calculating face velocity Uf

No finite volume options present

Courant Number mean: 0.250332 max: 0.556926

Starting time loop

Courant Number mean: 0.250332 max: 0.556926
Time = 0.438

GAMG:  Solving for cellDisplacementx, Initial residual = 0, Final residual = 0, No Iterations 0
GAMG:  Solving for cellDisplacementy, Initial residual = 0, Final residual = 0, No Iterations 0
GAMG:  Solving for cellDisplacementz, Initial residual = 0, Final residual = 0, No Iterations 0
PIMPLE: iteration 1
DILUPBiCG:  Solving for Ux, Initial residual = 0.0343141, Final residual = 0.000115351, No Iterations 1
DILUPBiCG:  Solving for Uy, Initial residual = 0.00553683, Final residual = 1.40189e-05, No Iterations 1
DILUPBiCG:  Solving for Uz, Initial residual = 0.0312578, Final residual = 7.2703e-05, No Iterations 1
GAMG:  Solving for p, Initial residual = 0.140587, Final residual = 0.00119574, No Iterations 4
GAMG:  Solving for p, Initial residual = 0.0196914, Final residual = 0.000180485, No Iterations 18
GAMG:  Solving for p, Initial residual = 0.00863909, Final residual = 7.68176e-05, No Iterations 8
time step continuity errors : sum local = 7.83889e-07, global = -1.72859e-07, cumulative = -1.72859e-07
GAMG:  Solving for p, Initial residual = 0.060808, Final residual = 0.000440597, No Iterations 4
GAMG:  Solving for p, Initial residual = 0.00956304, Final residual = 8.94677e-05, No Iterations 16
GAMG:  Solving for p, Initial residual = 0.00439366, Final residual = 4.07985e-05, No Iterations 8
time step continuity errors : sum local = 4.17142e-07, global = -9.40721e-08, cumulative = -2.66931e-07
PIMPLE: iteration 2
DILUPBiCG:  Solving for Ux, Initial residual = 0.00976384, Final residual = 3.97688e-05, No Iterations 1
DILUPBiCG:  Solving for Uy, Initial residual = 0.00158935, Final residual = 6.37829e-06, No Iterations 1
DILUPBiCG:  Solving for Uz, Initial residual = 0.00474305, Final residual = 1.12124e-05, No Iterations 1
GAMG:  Solving for p, Initial residual = 0.0629716, Final residual = 0.000604819, No Iterations 5
GAMG:  Solving for p, Initial residual = 0.0134925, Final residual = 0.000118057, No Iterations 11
GAMG:  Solving for p, Initial residual = 0.00581262, Final residual = 5.68931e-05, No Iterations 8
time step continuity errors : sum local = 4.86305e-07, global = 1.33082e-07, cumulative = -1.33849e-07
GAMG:  Solving for p, Initial residual = 0.0329159, Final residual = 0.000287287, No Iterations 4
GAMG:  Solving for p, Initial residual = 0.00660939, Final residual = 6.1237e-05, No Iterations 12
GAMG:  Solving for p, Initial residual = 0.00278426, Final residual = 2.76985e-05, No Iterations 6
time step continuity errors : sum local = 2.38722e-07, global = 7.03114e-08, cumulative = -6.35372e-08
PIMPLE: iteration 3
DILUPBiCG:  Solving for Ux, Initial residual = 0.00226795, Final residual = 7.4231e-07, No Iterations 2
DILUPBiCG:  Solving for Uy, Initial residual = 0.000364666, Final residual = 9.15448e-06, No Iterations 1
DILUPBiCG:  Solving for Uz, Initial residual = 0.0100997, Final residual = 2.38263e-06, No Iterations 2
GAMG:  Solving for p, Initial residual = 0.0408956, Final residual = 0.000359339, No Iterations 5
GAMG:  Solving for p, Initial residual = 0.00993006, Final residual = 9.24558e-05, No Iterations 11
GAMG:  Solving for p, Initial residual = 0.00427137, Final residual = 3.81899e-05, No Iterations 10
time step continuity errors : sum local = 3.7025e-07, global = 9.5385e-08, cumulative = 3.18478e-08
GAMG:  Solving for p, Initial residual = 0.00281698, Final residual = 2.57944e-05, No Iterations 20
GAMG:  Solving for p, Initial residual = 0.00171802, Final residual = 1.50766e-05, No Iterations 4
GAMG:  Solving for p, Initial residual = 0.00059797, Final residual = 8.68691e-07, No Iterations 38
time step continuity errors : sum local = 8.44013e-09, global = -2.49546e-09, cumulative = 2.93523e-08
DILUPBiCG:  Solving for omega, Initial residual = 0.00148218, Final residual = 1.81944e-06, No Iterations 1
DILUPBiCG:  Solving for k, Initial residual = 0.00655532, Final residual = 1.53008e-06, No Iterations 2
ExecutionTime = 17.24 s  ClockTime = 17 s

End

