/*---------------------------------------------------------------------------*\
| =========                 |                                                 |
| \\      /  F ield         | OpenFOAM: The Open Source CFD Toolbox           |
|  \\    /   O peration     | Version:  2.3.1                                 |
|   \\  /    A nd           | Web:      www.OpenFOAM.org                      |
|    \\/     M anipulation  |                                                 |
\*---------------------------------------------------------------------------*/
Build  : 2.3.1-262087cdf8db
Exec   : pimpleDyMFoam
Date   : Jun 05 2023
Time   : 23:40:37
Host   : "jcosson-VirtualBox"
PID    : 11696
Case   : /home/jcosson/workspace/henersj_shootingdata/calcs/moderate_deformed/primal/100_intervals_05-06-23/sweep5/interval88
nProcs : 1
sigFpe : Enabling floating point exception trapping (FOAM_SIGFPE).
fileModificationChecking : Monitoring run-time modified files using timeStampMaster
allowSystemOperations : Allowing user-supplied system call operations

// * * * * * * * * * * * * * * * * * * * * * * * * * * * * * * * * * * * * * //
Create time

Create mesh for time = 0.487

Selecting dynamicFvMesh dynamicMotionSolverFvMesh
Selecting motion solver: displacementLaplacian
Selecting motion diffusion: quadratic
Selecting motion diffusion: quadratic
Selecting motion diffusion: inverseDistance

PIMPLE: no residual control data found. Calculations will employ 3 corrector loops

Reading field p

Reading field U

Reading/calculating face flux field phi

Selecting incompressible transport model Newtonian
Selecting turbulence model type RASModel
Selecting RAS turbulence model kOmegaSST
bounding k, min: 0 max: 0.000784523 average: 0.000163165
kOmegaSSTCoeffs
{
    alphaK1         0.85034;
    alphaK2         1;
    alphaOmega1     0.5;
    alphaOmega2     0.85616;
    gamma1          0.5532;
    gamma2          0.4403;
    beta1           0.075;
    beta2           0.0828;
    betaStar        0.09;
    a1              0.31;
    c1              10;
    Cmu             0.09;
    b1              1;
    F3              false;
}

Reading/calculating face velocity Uf

No finite volume options present

Courant Number mean: 0.126173 max: 0.276939

Starting time loop

Courant Number mean: 0.126173 max: 0.276939
Time = 0.488

GAMG:  Solving for cellDisplacementx, Initial residual = 0, Final residual = 0, No Iterations 0
GAMG:  Solving for cellDisplacementy, Initial residual = 0, Final residual = 0, No Iterations 0
GAMG:  Solving for cellDisplacementz, Initial residual = 0, Final residual = 0, No Iterations 0
PIMPLE: iteration 1
DILUPBiCG:  Solving for Ux, Initial residual = 0.0612058, Final residual = 0.000229621, No Iterations 1
DILUPBiCG:  Solving for Uy, Initial residual = 0.0116479, Final residual = 2.4912e-05, No Iterations 1
DILUPBiCG:  Solving for Uz, Initial residual = 0.0486233, Final residual = 7.37253e-05, No Iterations 1
GAMG:  Solving for p, Initial residual = 0.138779, Final residual = 0.000882254, No Iterations 4
GAMG:  Solving for p, Initial residual = 0.0220278, Final residual = 0.000196791, No Iterations 14
GAMG:  Solving for p, Initial residual = 0.0100428, Final residual = 8.24601e-05, No Iterations 6
time step continuity errors : sum local = 8.95108e-07, global = 2.98863e-07, cumulative = 2.98863e-07
GAMG:  Solving for p, Initial residual = 0.0624985, Final residual = 0.000362106, No Iterations 4
GAMG:  Solving for p, Initial residual = 0.0108108, Final residual = 0.000105947, No Iterations 4
GAMG:  Solving for p, Initial residual = 0.00499368, Final residual = 3.83176e-05, No Iterations 5
time step continuity errors : sum local = 4.14189e-07, global = 1.0426e-07, cumulative = 4.03123e-07
PIMPLE: iteration 2
DILUPBiCG:  Solving for Ux, Initial residual = 0.0156601, Final residual = 9.2284e-05, No Iterations 1
DILUPBiCG:  Solving for Uy, Initial residual = 0.00315311, Final residual = 6.8624e-06, No Iterations 1
DILUPBiCG:  Solving for Uz, Initial residual = 0.00407205, Final residual = 1.86054e-05, No Iterations 1
GAMG:  Solving for p, Initial residual = 0.0634331, Final residual = 0.000591188, No Iterations 4
GAMG:  Solving for p, Initial residual = 0.0127862, Final residual = 0.000112827, No Iterations 16
GAMG:  Solving for p, Initial residual = 0.0062581, Final residual = 5.36181e-05, No Iterations 4
time step continuity errors : sum local = 5.00624e-07, global = -1.63287e-07, cumulative = 2.39836e-07
GAMG:  Solving for p, Initial residual = 0.0333376, Final residual = 0.000290608, No Iterations 4
GAMG:  Solving for p, Initial residual = 0.00665875, Final residual = 6.1393e-05, No Iterations 14
GAMG:  Solving for p, Initial residual = 0.00319949, Final residual = 2.90235e-05, No Iterations 4
time step continuity errors : sum local = 2.70943e-07, global = -8.89704e-08, cumulative = 1.50866e-07
PIMPLE: iteration 3
DILUPBiCG:  Solving for Ux, Initial residual = 0.00319315, Final residual = 2.34162e-06, No Iterations 2
DILUPBiCG:  Solving for Uy, Initial residual = 0.000758427, Final residual = 5.03105e-06, No Iterations 1
DILUPBiCG:  Solving for Uz, Initial residual = 0.00507228, Final residual = 1.617e-06, No Iterations 2
GAMG:  Solving for p, Initial residual = 0.0411096, Final residual = 0.000355193, No Iterations 5
GAMG:  Solving for p, Initial residual = 0.00955998, Final residual = 9.42962e-05, No Iterations 10
GAMG:  Solving for p, Initial residual = 0.00489667, Final residual = 4.8078e-05, No Iterations 8
time step continuity errors : sum local = 5.07758e-07, global = -1.06633e-07, cumulative = 4.42324e-08
GAMG:  Solving for p, Initial residual = 0.00258249, Final residual = 2.23438e-05, No Iterations 8
GAMG:  Solving for p, Initial residual = 0.00128594, Final residual = 1.11746e-05, No Iterations 5
GAMG:  Solving for p, Initial residual = 0.000520219, Final residual = 8.57921e-07, No Iterations 30
time step continuity errors : sum local = 8.96826e-09, global = 2.71992e-09, cumulative = 4.69523e-08
DILUPBiCG:  Solving for omega, Initial residual = 0.00135165, Final residual = 1.2134e-06, No Iterations 1
DILUPBiCG:  Solving for k, Initial residual = 0.00429621, Final residual = 1.00301e-06, No Iterations 2
bounding k, min: 0 max: 0.000776304 average: 0.000162162
ExecutionTime = 15.5 s  ClockTime = 15 s

End

