/*---------------------------------------------------------------------------*\
| =========                 |                                                 |
| \\      /  F ield         | OpenFOAM: The Open Source CFD Toolbox           |
|  \\    /   O peration     | Version:  2.3.1                                 |
|   \\  /    A nd           | Web:      www.OpenFOAM.org                      |
|    \\/     M anipulation  |                                                 |
\*---------------------------------------------------------------------------*/
Build  : 2.3.1-262087cdf8db
Exec   : pimpleDyMFoam
Date   : Jun 05 2023
Time   : 23:39:47
Host   : "jcosson-VirtualBox"
PID    : 11602
Case   : /home/jcosson/workspace/henersj_shootingdata/calcs/moderate_deformed/primal/100_intervals_05-06-23/sweep5/interval41
nProcs : 1
sigFpe : Enabling floating point exception trapping (FOAM_SIGFPE).
fileModificationChecking : Monitoring run-time modified files using timeStampMaster
allowSystemOperations : Allowing user-supplied system call operations

// * * * * * * * * * * * * * * * * * * * * * * * * * * * * * * * * * * * * * //
Create time

Create mesh for time = 0.44

Selecting dynamicFvMesh dynamicMotionSolverFvMesh
Selecting motion solver: displacementLaplacian
Selecting motion diffusion: quadratic
Selecting motion diffusion: quadratic
Selecting motion diffusion: inverseDistance

PIMPLE: no residual control data found. Calculations will employ 3 corrector loops

Reading field p

Reading field U

Reading/calculating face flux field phi

Selecting incompressible transport model Newtonian
Selecting turbulence model type RASModel
Selecting RAS turbulence model kOmegaSST
kOmegaSSTCoeffs
{
    alphaK1         0.85034;
    alphaK2         1;
    alphaOmega1     0.5;
    alphaOmega2     0.85616;
    gamma1          0.5532;
    gamma2          0.4403;
    beta1           0.075;
    beta2           0.0828;
    betaStar        0.09;
    a1              0.31;
    c1              10;
    Cmu             0.09;
    b1              1;
    F3              false;
}

Reading/calculating face velocity Uf

No finite volume options present

Courant Number mean: 0.261788 max: 0.584562

Starting time loop

Courant Number mean: 0.261788 max: 0.584562
Time = 0.441

GAMG:  Solving for cellDisplacementx, Initial residual = 0, Final residual = 0, No Iterations 0
GAMG:  Solving for cellDisplacementy, Initial residual = 0, Final residual = 0, No Iterations 0
GAMG:  Solving for cellDisplacementz, Initial residual = 0, Final residual = 0, No Iterations 0
PIMPLE: iteration 1
DILUPBiCG:  Solving for Ux, Initial residual = 0.0269813, Final residual = 9.2683e-05, No Iterations 1
DILUPBiCG:  Solving for Uy, Initial residual = 0.00432361, Final residual = 1.18117e-05, No Iterations 1
DILUPBiCG:  Solving for Uz, Initial residual = 0.0266676, Final residual = 6.2591e-05, No Iterations 1
GAMG:  Solving for p, Initial residual = 0.142699, Final residual = 0.00101361, No Iterations 4
GAMG:  Solving for p, Initial residual = 0.0210049, Final residual = 0.000191272, No Iterations 16
GAMG:  Solving for p, Initial residual = 0.00917868, Final residual = 8.89988e-05, No Iterations 4
time step continuity errors : sum local = 7.40578e-07, global = -2.45282e-07, cumulative = -2.45282e-07
GAMG:  Solving for p, Initial residual = 0.0628803, Final residual = 0.000406192, No Iterations 4
GAMG:  Solving for p, Initial residual = 0.0102444, Final residual = 9.6143e-05, No Iterations 14
GAMG:  Solving for p, Initial residual = 0.00464505, Final residual = 4.53625e-05, No Iterations 8
time step continuity errors : sum local = 3.78714e-07, global = -8.63715e-08, cumulative = -3.31654e-07
PIMPLE: iteration 2
DILUPBiCG:  Solving for Ux, Initial residual = 0.00761994, Final residual = 3.09738e-05, No Iterations 1
DILUPBiCG:  Solving for Uy, Initial residual = 0.00123989, Final residual = 6.15281e-06, No Iterations 1
DILUPBiCG:  Solving for Uz, Initial residual = 0.00451753, Final residual = 1.23525e-05, No Iterations 1
GAMG:  Solving for p, Initial residual = 0.0649775, Final residual = 0.000614059, No Iterations 5
GAMG:  Solving for p, Initial residual = 0.0148847, Final residual = 0.000131144, No Iterations 11
GAMG:  Solving for p, Initial residual = 0.00620401, Final residual = 5.59869e-05, No Iterations 10
time step continuity errors : sum local = 3.91046e-07, global = 1.00474e-07, cumulative = -2.3118e-07
GAMG:  Solving for p, Initial residual = 0.034158, Final residual = 0.000302214, No Iterations 4
GAMG:  Solving for p, Initial residual = 0.00722509, Final residual = 6.46757e-05, No Iterations 12
GAMG:  Solving for p, Initial residual = 0.00297762, Final residual = 2.91533e-05, No Iterations 8
time step continuity errors : sum local = 2.05315e-07, global = 4.61833e-08, cumulative = -1.84997e-07
PIMPLE: iteration 3
DILUPBiCG:  Solving for Ux, Initial residual = 0.0017025, Final residual = 4.89242e-07, No Iterations 2
DILUPBiCG:  Solving for Uy, Initial residual = 0.000276354, Final residual = 9.01884e-06, No Iterations 1
DILUPBiCG:  Solving for Uz, Initial residual = 0.00823066, Final residual = 1.76025e-06, No Iterations 2
GAMG:  Solving for p, Initial residual = 0.0433621, Final residual = 0.000324626, No Iterations 5
GAMG:  Solving for p, Initial residual = 0.0113151, Final residual = 9.13589e-05, No Iterations 5
GAMG:  Solving for p, Initial residual = 0.00463233, Final residual = 3.65274e-05, No Iterations 8
time step continuity errors : sum local = 2.88915e-07, global = 5.72043e-08, cumulative = -1.27792e-07
GAMG:  Solving for p, Initial residual = 0.00322593, Final residual = 3.01141e-05, No Iterations 20
GAMG:  Solving for p, Initial residual = 0.00195125, Final residual = 1.83031e-05, No Iterations 4
GAMG:  Solving for p, Initial residual = 0.000665461, Final residual = 9.51403e-07, No Iterations 40
time step continuity errors : sum local = 7.54049e-09, global = -2.23943e-09, cumulative = -1.30032e-07
DILUPBiCG:  Solving for omega, Initial residual = 0.00159855, Final residual = 2.04676e-06, No Iterations 1
DILUPBiCG:  Solving for k, Initial residual = 0.00666174, Final residual = 1.45068e-06, No Iterations 2
ExecutionTime = 16.6 s  ClockTime = 17 s

End

