/*---------------------------------------------------------------------------*\
| =========                 |                                                 |
| \\      /  F ield         | OpenFOAM: The Open Source CFD Toolbox           |
|  \\    /   O peration     | Version:  2.3.1                                 |
|   \\  /    A nd           | Web:      www.OpenFOAM.org                      |
|    \\/     M anipulation  |                                                 |
\*---------------------------------------------------------------------------*/
Build  : 2.3.1-262087cdf8db
Exec   : pimpleDyMFoam
Date   : Jun 05 2023
Time   : 23:39:13
Host   : "jcosson-VirtualBox"
PID    : 11549
Case   : /home/jcosson/workspace/henersj_shootingdata/calcs/moderate_deformed/primal/100_intervals_05-06-23/sweep5/interval14
nProcs : 1
sigFpe : Enabling floating point exception trapping (FOAM_SIGFPE).
fileModificationChecking : Monitoring run-time modified files using timeStampMaster
allowSystemOperations : Allowing user-supplied system call operations

// * * * * * * * * * * * * * * * * * * * * * * * * * * * * * * * * * * * * * //
Create time

Create mesh for time = 0.413

Selecting dynamicFvMesh dynamicMotionSolverFvMesh
Selecting motion solver: displacementLaplacian
Selecting motion diffusion: quadratic
Selecting motion diffusion: quadratic
Selecting motion diffusion: inverseDistance

PIMPLE: no residual control data found. Calculations will employ 3 corrector loops

Reading field p

Reading field U

Reading/calculating face flux field phi

Selecting incompressible transport model Newtonian
Selecting turbulence model type RASModel
Selecting RAS turbulence model kOmegaSST
kOmegaSSTCoeffs
{
    alphaK1         0.85034;
    alphaK2         1;
    alphaOmega1     0.5;
    alphaOmega2     0.85616;
    gamma1          0.5532;
    gamma2          0.4403;
    beta1           0.075;
    beta2           0.0828;
    betaStar        0.09;
    a1              0.31;
    c1              10;
    Cmu             0.09;
    b1              1;
    F3              false;
}

Reading/calculating face velocity Uf

No finite volume options present

Courant Number mean: 0.124771 max: 0.272515

Starting time loop

Courant Number mean: 0.124771 max: 0.272515
Time = 0.414

GAMG:  Solving for cellDisplacementx, Initial residual = 0, Final residual = 0, No Iterations 0
GAMG:  Solving for cellDisplacementy, Initial residual = 0, Final residual = 0, No Iterations 0
GAMG:  Solving for cellDisplacementz, Initial residual = 0, Final residual = 0, No Iterations 0
PIMPLE: iteration 1
DILUPBiCG:  Solving for Ux, Initial residual = 0.0560306, Final residual = 0.000207644, No Iterations 1
DILUPBiCG:  Solving for Uy, Initial residual = 0.0108863, Final residual = 2.00228e-05, No Iterations 1
DILUPBiCG:  Solving for Uz, Initial residual = 0.0388657, Final residual = 7.99023e-05, No Iterations 1
GAMG:  Solving for p, Initial residual = 0.159297, Final residual = 0.0012522, No Iterations 6
GAMG:  Solving for p, Initial residual = 0.0200378, Final residual = 0.000197666, No Iterations 18
GAMG:  Solving for p, Initial residual = 0.00878014, Final residual = 7.22468e-05, No Iterations 10
time step continuity errors : sum local = 7.72128e-07, global = -1.97127e-07, cumulative = -1.97127e-07
GAMG:  Solving for p, Initial residual = 0.0658492, Final residual = 0.000449519, No Iterations 6
GAMG:  Solving for p, Initial residual = 0.0100618, Final residual = 8.70105e-05, No Iterations 18
GAMG:  Solving for p, Initial residual = 0.00464304, Final residual = 4.13025e-05, No Iterations 8
time step continuity errors : sum local = 4.4477e-07, global = -9.44223e-08, cumulative = -2.91549e-07
PIMPLE: iteration 2
DILUPBiCG:  Solving for Ux, Initial residual = 0.0158538, Final residual = 9.6438e-05, No Iterations 1
DILUPBiCG:  Solving for Uy, Initial residual = 0.00296058, Final residual = 6.4125e-06, No Iterations 1
DILUPBiCG:  Solving for Uz, Initial residual = 0.00485109, Final residual = 1.6102e-05, No Iterations 1
GAMG:  Solving for p, Initial residual = 0.068492, Final residual = 0.000354593, No Iterations 4
GAMG:  Solving for p, Initial residual = 0.0120282, Final residual = 0.000119173, No Iterations 12
GAMG:  Solving for p, Initial residual = 0.00596765, Final residual = 5.03367e-05, No Iterations 7
time step continuity errors : sum local = 4.67146e-07, global = -1.43479e-07, cumulative = -4.35028e-07
GAMG:  Solving for p, Initial residual = 0.0347244, Final residual = 0.000156911, No Iterations 4
GAMG:  Solving for p, Initial residual = 0.00624694, Final residual = 6.22444e-05, No Iterations 11
GAMG:  Solving for p, Initial residual = 0.00300823, Final residual = 1.17154e-05, No Iterations 5
time step continuity errors : sum local = 1.09183e-07, global = 3.68375e-08, cumulative = -3.98191e-07
PIMPLE: iteration 3
DILUPBiCG:  Solving for Ux, Initial residual = 0.00412377, Final residual = 1.7045e-06, No Iterations 2
DILUPBiCG:  Solving for Uy, Initial residual = 0.000756169, Final residual = 6.13236e-06, No Iterations 1
DILUPBiCG:  Solving for Uz, Initial residual = 0.0102497, Final residual = 3.48174e-06, No Iterations 2
GAMG:  Solving for p, Initial residual = 0.037802, Final residual = 0.000331246, No Iterations 5
GAMG:  Solving for p, Initial residual = 0.0076614, Final residual = 6.74379e-05, No Iterations 17
GAMG:  Solving for p, Initial residual = 0.00365113, Final residual = 3.61322e-05, No Iterations 4
time step continuity errors : sum local = 3.80051e-07, global = 1.3481e-07, cumulative = -2.63381e-07
GAMG:  Solving for p, Initial residual = 0.00194816, Final residual = 1.47502e-05, No Iterations 6
GAMG:  Solving for p, Initial residual = 0.00104078, Final residual = 8.97483e-06, No Iterations 4
GAMG:  Solving for p, Initial residual = 0.000438636, Final residual = 9.18004e-07, No Iterations 8
time step continuity errors : sum local = 9.60667e-09, global = 3.40407e-09, cumulative = -2.59977e-07
DILUPBiCG:  Solving for omega, Initial residual = 0.00116384, Final residual = 9.86362e-07, No Iterations 1
DILUPBiCG:  Solving for k, Initial residual = 0.00374242, Final residual = 1.08333e-06, No Iterations 2
ExecutionTime = 16.45 s  ClockTime = 16 s

End

