/*---------------------------------------------------------------------------*\
| =========                 |                                                 |
| \\      /  F ield         | OpenFOAM: The Open Source CFD Toolbox           |
|  \\    /   O peration     | Version:  2.3.1                                 |
|   \\  /    A nd           | Web:      www.OpenFOAM.org                      |
|    \\/     M anipulation  |                                                 |
\*---------------------------------------------------------------------------*/
Build  : 2.3.1-262087cdf8db
Exec   : pimpleDyMFoam
Date   : Jun 06 2023
Time   : 10:29:09
Host   : "jcosson-VirtualBox"
PID    : 3179
Case   : /home/jcosson/workspace/henersj_shootingdata/calcs/moderate_deformed/primal/28_intervals_05-06-23/sweep1/interval16
nProcs : 1
sigFpe : Enabling floating point exception trapping (FOAM_SIGFPE).
fileModificationChecking : Monitoring run-time modified files using timeStampMaster
allowSystemOperations : Allowing user-supplied system call operations

// * * * * * * * * * * * * * * * * * * * * * * * * * * * * * * * * * * * * * //
Create time

Create mesh for time = 0.454

Selecting dynamicFvMesh dynamicMotionSolverFvMesh
Selecting motion solver: displacementLaplacian
Selecting motion diffusion: quadratic
Selecting motion diffusion: quadratic
Selecting motion diffusion: inverseDistance

PIMPLE: no residual control data found. Calculations will employ 3 corrector loops

Reading field p

Reading field U

Reading/calculating face flux field phi

Selecting incompressible transport model Newtonian
Selecting turbulence model type RASModel
Selecting RAS turbulence model kOmegaSST
kOmegaSSTCoeffs
{
    alphaK1         0.85034;
    alphaK2         1;
    alphaOmega1     0.5;
    alphaOmega2     0.85616;
    gamma1          0.5532;
    gamma2          0.4403;
    beta1           0.075;
    beta2           0.0828;
    betaStar        0.09;
    a1              0.31;
    c1              10;
    Cmu             0.09;
    b1              1;
    F3              false;
}

Reading/calculating face velocity Uf

No finite volume options present

Courant Number mean: 0.278372 max: 0.641089

Starting time loop

Courant Number mean: 0.278372 max: 0.641089
Time = 0.455

GAMG:  Solving for cellDisplacementx, Initial residual = 0, Final residual = 0, No Iterations 0
GAMG:  Solving for cellDisplacementy, Initial residual = 0, Final residual = 0, No Iterations 0
GAMG:  Solving for cellDisplacementz, Initial residual = 0, Final residual = 0, No Iterations 0
PIMPLE: iteration 1
DILUPBiCG:  Solving for Ux, Initial residual = 0.0104303, Final residual = 4.62231e-05, No Iterations 1
DILUPBiCG:  Solving for Uy, Initial residual = 0.00189577, Final residual = 5.5012e-06, No Iterations 1
DILUPBiCG:  Solving for Uz, Initial residual = 0.0968511, Final residual = 0.000251384, No Iterations 1
GAMG:  Solving for p, Initial residual = 0.579813, Final residual = 0.00498755, No Iterations 14
GAMG:  Solving for p, Initial residual = 0.0913301, Final residual = 0.000877322, No Iterations 4
GAMG:  Solving for p, Initial residual = 0.0338659, Final residual = 0.000311546, No Iterations 6
time step continuity errors : sum local = 2.95173e-06, global = 5.17979e-07, cumulative = 5.17979e-07
GAMG:  Solving for p, Initial residual = 0.146124, Final residual = 0.00113003, No Iterations 14
GAMG:  Solving for p, Initial residual = 0.0400395, Final residual = 0.00037073, No Iterations 4
GAMG:  Solving for p, Initial residual = 0.014817, Final residual = 0.000106471, No Iterations 8
time step continuity errors : sum local = 9.79306e-07, global = 1.70566e-07, cumulative = 6.88545e-07
PIMPLE: iteration 2
DILUPBiCG:  Solving for Ux, Initial residual = 0.00730788, Final residual = 1.98148e-05, No Iterations 1
DILUPBiCG:  Solving for Uy, Initial residual = 0.00412051, Final residual = 2.40549e-05, No Iterations 1
DILUPBiCG:  Solving for Uz, Initial residual = 0.0492214, Final residual = 0.000172577, No Iterations 1
GAMG:  Solving for p, Initial residual = 0.139543, Final residual = 0.00135792, No Iterations 12
GAMG:  Solving for p, Initial residual = 0.0398679, Final residual = 0.000382232, No Iterations 6
GAMG:  Solving for p, Initial residual = 0.0151399, Final residual = 0.000128711, No Iterations 8
time step continuity errors : sum local = 1.05107e-06, global = 1.76699e-07, cumulative = 8.65244e-07
GAMG:  Solving for p, Initial residual = 0.0583149, Final residual = 0.000468307, No Iterations 12
GAMG:  Solving for p, Initial residual = 0.018396, Final residual = 0.000153805, No Iterations 6
GAMG:  Solving for p, Initial residual = 0.00723269, Final residual = 5.25836e-05, No Iterations 8
time step continuity errors : sum local = 4.29182e-07, global = 7.41924e-08, cumulative = 9.39436e-07
PIMPLE: iteration 3
DILUPBiCG:  Solving for Ux, Initial residual = 0.00369821, Final residual = 4.53855e-06, No Iterations 2
DILUPBiCG:  Solving for Uy, Initial residual = 0.00312619, Final residual = 2.07585e-06, No Iterations 2
DILUPBiCG:  Solving for Uz, Initial residual = 0.0219806, Final residual = 3.14709e-06, No Iterations 2
GAMG:  Solving for p, Initial residual = 0.0338485, Final residual = 0.00028568, No Iterations 6
GAMG:  Solving for p, Initial residual = 0.00818653, Final residual = 7.08711e-05, No Iterations 10
GAMG:  Solving for p, Initial residual = 0.00314516, Final residual = 3.11477e-05, No Iterations 6
time step continuity errors : sum local = 2.72474e-07, global = 9.12468e-08, cumulative = 1.03068e-06
GAMG:  Solving for p, Initial residual = 0.00385454, Final residual = 3.15776e-05, No Iterations 5
GAMG:  Solving for p, Initial residual = 0.00189869, Final residual = 1.61891e-05, No Iterations 4
GAMG:  Solving for p, Initial residual = 0.000690791, Final residual = 9.33099e-07, No Iterations 25
time step continuity errors : sum local = 8.14181e-09, global = 2.50891e-09, cumulative = 1.03319e-06
DILUPBiCG:  Solving for omega, Initial residual = 0.00261267, Final residual = 3.64034e-06, No Iterations 1
DILUPBiCG:  Solving for k, Initial residual = 0.0058171, Final residual = 1.09556e-06, No Iterations 2
ExecutionTime = 15.28 s  ClockTime = 16 s

Courant Number mean: 0.275223 max: 0.619167
Time = 0.456

GAMG:  Solving for cellDisplacementx, Initial residual = 0, Final residual = 0, No Iterations 0
GAMG:  Solving for cellDisplacementy, Initial residual = 0, Final residual = 0, No Iterations 0
GAMG:  Solving for cellDisplacementz, Initial residual = 0, Final residual = 0, No Iterations 0
PIMPLE: iteration 1
DILUPBiCG:  Solving for Ux, Initial residual = 0.0279703, Final residual = 6.14305e-05, No Iterations 1
DILUPBiCG:  Solving for Uy, Initial residual = 0.0189913, Final residual = 8.27534e-05, No Iterations 1
DILUPBiCG:  Solving for Uz, Initial residual = 0.178666, Final residual = 0.000477674, No Iterations 1
GAMG:  Solving for p, Initial residual = 0.294986, Final residual = 0.00283791, No Iterations 14
GAMG:  Solving for p, Initial residual = 0.119304, Final residual = 0.001149, No Iterations 4
GAMG:  Solving for p, Initial residual = 0.0382323, Final residual = 0.000338273, No Iterations 14
time step continuity errors : sum local = 2.04787e-06, global = 6.75469e-07, cumulative = 1.70866e-06
GAMG:  Solving for p, Initial residual = 0.159741, Final residual = 0.00155222, No Iterations 12
GAMG:  Solving for p, Initial residual = 0.0612266, Final residual = 0.000420344, No Iterations 6
GAMG:  Solving for p, Initial residual = 0.0226188, Final residual = 0.000217352, No Iterations 4
time step continuity errors : sum local = 1.42934e-06, global = 4.99955e-07, cumulative = 2.20862e-06
PIMPLE: iteration 2
DILUPBiCG:  Solving for Ux, Initial residual = 0.00591488, Final residual = 1.88769e-05, No Iterations 1
DILUPBiCG:  Solving for Uy, Initial residual = 0.00160342, Final residual = 1.12516e-05, No Iterations 1
DILUPBiCG:  Solving for Uz, Initial residual = 0.0164527, Final residual = 5.4234e-05, No Iterations 1
GAMG:  Solving for p, Initial residual = 0.178592, Final residual = 0.00136742, No Iterations 13
GAMG:  Solving for p, Initial residual = 0.0846507, Final residual = 0.000532566, No Iterations 5
GAMG:  Solving for p, Initial residual = 0.0334709, Final residual = 0.000280199, No Iterations 4
time step continuity errors : sum local = 1.50753e-06, global = 1.51311e-08, cumulative = 2.22375e-06
GAMG:  Solving for p, Initial residual = 0.104161, Final residual = 0.000814919, No Iterations 11
GAMG:  Solving for p, Initial residual = 0.0481644, Final residual = 0.000472502, No Iterations 4
GAMG:  Solving for p, Initial residual = 0.0186656, Final residual = 0.000146451, No Iterations 6
time step continuity errors : sum local = 8.02689e-07, global = -1.54819e-07, cumulative = 2.06893e-06
PIMPLE: iteration 3
DILUPBiCG:  Solving for Ux, Initial residual = 0.000883252, Final residual = 9.24434e-06, No Iterations 1
DILUPBiCG:  Solving for Uy, Initial residual = 0.00170687, Final residual = 7.28907e-07, No Iterations 2
DILUPBiCG:  Solving for Uz, Initial residual = 0.0369637, Final residual = 3.86896e-06, No Iterations 2
GAMG:  Solving for p, Initial residual = 0.079522, Final residual = 0.000673375, No Iterations 9
GAMG:  Solving for p, Initial residual = 0.03591, Final residual = 0.000283656, No Iterations 5
GAMG:  Solving for p, Initial residual = 0.0141277, Final residual = 0.000123508, No Iterations 5
time step continuity errors : sum local = 7.78417e-07, global = 2.62438e-07, cumulative = 2.33137e-06
GAMG:  Solving for p, Initial residual = 0.0143035, Final residual = 0.000115093, No Iterations 8
GAMG:  Solving for p, Initial residual = 0.0107437, Final residual = 3.9198e-05, No Iterations 5
GAMG:  Solving for p, Initial residual = 0.00388793, Final residual = 8.78476e-07, No Iterations 29
time step continuity errors : sum local = 5.52777e-09, global = 1.55177e-09, cumulative = 2.33292e-06
DILUPBiCG:  Solving for omega, Initial residual = 0.00219596, Final residual = 3.16657e-06, No Iterations 1
DILUPBiCG:  Solving for k, Initial residual = 0.00557603, Final residual = 7.9836e-07, No Iterations 2
ExecutionTime = 28.6 s  ClockTime = 29 s

Courant Number mean: 0.273235 max: 0.614676
Time = 0.457

GAMG:  Solving for cellDisplacementx, Initial residual = 0, Final residual = 0, No Iterations 0
GAMG:  Solving for cellDisplacementy, Initial residual = 0, Final residual = 0, No Iterations 0
GAMG:  Solving for cellDisplacementz, Initial residual = 0, Final residual = 0, No Iterations 0
PIMPLE: iteration 1
DILUPBiCG:  Solving for Ux, Initial residual = 0.0160934, Final residual = 6.02837e-05, No Iterations 1
DILUPBiCG:  Solving for Uy, Initial residual = 0.00247847, Final residual = 7.52983e-06, No Iterations 1
DILUPBiCG:  Solving for Uz, Initial residual = 0.141647, Final residual = 0.000359602, No Iterations 1
GAMG:  Solving for p, Initial residual = 0.228265, Final residual = 0.00220024, No Iterations 8
GAMG:  Solving for p, Initial residual = 0.0467335, Final residual = 0.000421846, No Iterations 14
GAMG:  Solving for p, Initial residual = 0.0227648, Final residual = 0.000206468, No Iterations 7
time step continuity errors : sum local = 1.25105e-06, global = -4.07761e-07, cumulative = 1.92516e-06
GAMG:  Solving for p, Initial residual = 0.0922405, Final residual = 0.000808445, No Iterations 8
GAMG:  Solving for p, Initial residual = 0.0267173, Final residual = 0.00026538, No Iterations 9
GAMG:  Solving for p, Initial residual = 0.0130097, Final residual = 0.00011966, No Iterations 6
time step continuity errors : sum local = 7.16945e-07, global = -2.45527e-07, cumulative = 1.67963e-06
PIMPLE: iteration 2
DILUPBiCG:  Solving for Ux, Initial residual = 0.00492213, Final residual = 2.06531e-05, No Iterations 1
DILUPBiCG:  Solving for Uy, Initial residual = 0.000795134, Final residual = 3.71334e-06, No Iterations 1
DILUPBiCG:  Solving for Uz, Initial residual = 0.0127902, Final residual = 3.32855e-05, No Iterations 1
GAMG:  Solving for p, Initial residual = 0.108706, Final residual = 0.000379268, No Iterations 5
GAMG:  Solving for p, Initial residual = 0.0327438, Final residual = 0.000268832, No Iterations 5
GAMG:  Solving for p, Initial residual = 0.0194984, Final residual = 8.94019e-05, No Iterations 5
time step continuity errors : sum local = 4.56276e-07, global = -1.43201e-07, cumulative = 1.53643e-06
GAMG:  Solving for p, Initial residual = 0.0570393, Final residual = 0.000183139, No Iterations 5
GAMG:  Solving for p, Initial residual = 0.0171237, Final residual = 0.000123404, No Iterations 5
GAMG:  Solving for p, Initial residual = 0.00999707, Final residual = 9.16277e-05, No Iterations 4
time step continuity errors : sum local = 4.61851e-07, global = -2.07587e-08, cumulative = 1.51567e-06
PIMPLE: iteration 3
DILUPBiCG:  Solving for Ux, Initial residual = 0.0012729, Final residual = 2.3105e-07, No Iterations 2
DILUPBiCG:  Solving for Uy, Initial residual = 0.000301524, Final residual = 6.28831e-08, No Iterations 2
DILUPBiCG:  Solving for Uz, Initial residual = 0.0116578, Final residual = 1.25431e-06, No Iterations 2
GAMG:  Solving for p, Initial residual = 0.0645832, Final residual = 0.000639313, No Iterations 4
GAMG:  Solving for p, Initial residual = 0.0180709, Final residual = 9.35521e-05, No Iterations 5
GAMG:  Solving for p, Initial residual = 0.00956618, Final residual = 9.39876e-05, No Iterations 4
time step continuity errors : sum local = 5.21181e-07, global = -1.54757e-08, cumulative = 1.50019e-06
GAMG:  Solving for p, Initial residual = 0.00698911, Final residual = 4.95255e-05, No Iterations 6
GAMG:  Solving for p, Initial residual = 0.00404261, Final residual = 2.938e-05, No Iterations 4
GAMG:  Solving for p, Initial residual = 0.00147909, Final residual = 9.12405e-07, No Iterations 44
time step continuity errors : sum local = 5.04527e-09, global = 1.493e-09, cumulative = 1.50169e-06
DILUPBiCG:  Solving for omega, Initial residual = 0.00191278, Final residual = 2.82337e-06, No Iterations 1
DILUPBiCG:  Solving for k, Initial residual = 0.00541441, Final residual = 1.06318e-06, No Iterations 2
ExecutionTime = 41.92 s  ClockTime = 43 s

End

