/*---------------------------------------------------------------------------*\
| =========                 |                                                 |
| \\      /  F ield         | OpenFOAM: The Open Source CFD Toolbox           |
|  \\    /   O peration     | Version:  2.3.1                                 |
|   \\  /    A nd           | Web:      www.OpenFOAM.org                      |
|    \\/     M anipulation  |                                                 |
\*---------------------------------------------------------------------------*/
Build  : 2.3.1-262087cdf8db
Exec   : pimpleDyMFoam
Date   : Jun 06 2023
Time   : 10:28:25
Host   : "jcosson-VirtualBox"
PID    : 3106
Case   : /home/jcosson/workspace/henersj_shootingdata/calcs/moderate_deformed/primal/28_intervals_05-06-23/sweep1/interval8
nProcs : 1
sigFpe : Enabling floating point exception trapping (FOAM_SIGFPE).
fileModificationChecking : Monitoring run-time modified files using timeStampMaster
allowSystemOperations : Allowing user-supplied system call operations

// * * * * * * * * * * * * * * * * * * * * * * * * * * * * * * * * * * * * * //
Create time

Create mesh for time = 0.425

Selecting dynamicFvMesh dynamicMotionSolverFvMesh
Selecting motion solver: displacementLaplacian
Selecting motion diffusion: quadratic
Selecting motion diffusion: quadratic
Selecting motion diffusion: inverseDistance

PIMPLE: no residual control data found. Calculations will employ 3 corrector loops

Reading field p

Reading field U

Reading/calculating face flux field phi

Selecting incompressible transport model Newtonian
Selecting turbulence model type RASModel
Selecting RAS turbulence model kOmegaSST
kOmegaSSTCoeffs
{
    alphaK1         0.85034;
    alphaK2         1;
    alphaOmega1     0.5;
    alphaOmega2     0.85616;
    gamma1          0.5532;
    gamma2          0.4403;
    beta1           0.075;
    beta2           0.0828;
    betaStar        0.09;
    a1              0.31;
    c1              10;
    Cmu             0.09;
    b1              1;
    F3              false;
}

Reading/calculating face velocity Uf

No finite volume options present

Courant Number mean: 0.188685 max: 0.4207

Starting time loop

Courant Number mean: 0.188685 max: 0.4207
Time = 0.426

GAMG:  Solving for cellDisplacementx, Initial residual = 0, Final residual = 0, No Iterations 0
GAMG:  Solving for cellDisplacementy, Initial residual = 0, Final residual = 0, No Iterations 0
GAMG:  Solving for cellDisplacementz, Initial residual = 0, Final residual = 0, No Iterations 0
PIMPLE: iteration 1
DILUPBiCG:  Solving for Ux, Initial residual = 0.0585422, Final residual = 0.000213552, No Iterations 1
DILUPBiCG:  Solving for Uy, Initial residual = 0.00980148, Final residual = 2.36319e-05, No Iterations 1
DILUPBiCG:  Solving for Uz, Initial residual = 0.266733, Final residual = 0.000769458, No Iterations 1
GAMG:  Solving for p, Initial residual = 0.270894, Final residual = 0.00248291, No Iterations 12
GAMG:  Solving for p, Initial residual = 0.0677492, Final residual = 0.000674728, No Iterations 8
GAMG:  Solving for p, Initial residual = 0.021864, Final residual = 0.000216101, No Iterations 12
time step continuity errors : sum local = 2.41298e-06, global = -7.27381e-07, cumulative = -7.27381e-07
GAMG:  Solving for p, Initial residual = 0.118624, Final residual = 0.000969792, No Iterations 11
GAMG:  Solving for p, Initial residual = 0.0327337, Final residual = 0.000279673, No Iterations 8
GAMG:  Solving for p, Initial residual = 0.0116401, Final residual = 0.000111767, No Iterations 9
time step continuity errors : sum local = 1.25867e-06, global = -4.32124e-07, cumulative = -1.1595e-06
PIMPLE: iteration 2
DILUPBiCG:  Solving for Ux, Initial residual = 0.0143653, Final residual = 7.39603e-05, No Iterations 1
DILUPBiCG:  Solving for Uy, Initial residual = 0.00645439, Final residual = 2.59263e-05, No Iterations 1
DILUPBiCG:  Solving for Uz, Initial residual = 0.0462811, Final residual = 0.000125362, No Iterations 1
GAMG:  Solving for p, Initial residual = 0.114194, Final residual = 0.000992954, No Iterations 6
GAMG:  Solving for p, Initial residual = 0.0368462, Final residual = 0.000355381, No Iterations 6
GAMG:  Solving for p, Initial residual = 0.0137374, Final residual = 0.000113292, No Iterations 12
time step continuity errors : sum local = 1.04439e-06, global = 2.80491e-07, cumulative = -8.79013e-07
GAMG:  Solving for p, Initial residual = 0.059885, Final residual = 0.000563383, No Iterations 6
GAMG:  Solving for p, Initial residual = 0.0178749, Final residual = 0.000158958, No Iterations 8
GAMG:  Solving for p, Initial residual = 0.00672698, Final residual = 5.75189e-05, No Iterations 12
time step continuity errors : sum local = 5.32475e-07, global = 1.42341e-07, cumulative = -7.36672e-07
PIMPLE: iteration 3
DILUPBiCG:  Solving for Ux, Initial residual = 0.00228122, Final residual = 1.18379e-06, No Iterations 2
DILUPBiCG:  Solving for Uy, Initial residual = 0.00356414, Final residual = 2.12537e-06, No Iterations 2
DILUPBiCG:  Solving for Uz, Initial residual = 0.0256312, Final residual = 6.97314e-06, No Iterations 2
GAMG:  Solving for p, Initial residual = 0.0469628, Final residual = 0.000458704, No Iterations 8
GAMG:  Solving for p, Initial residual = 0.0120003, Final residual = 0.000111949, No Iterations 14
GAMG:  Solving for p, Initial residual = 0.00424387, Final residual = 3.74837e-05, No Iterations 16
time step continuity errors : sum local = 4.01397e-07, global = 1.2011e-07, cumulative = -6.16562e-07
GAMG:  Solving for p, Initial residual = 0.00364219, Final residual = 3.33598e-05, No Iterations 11
GAMG:  Solving for p, Initial residual = 0.00285188, Final residual = 2.79546e-05, No Iterations 4
GAMG:  Solving for p, Initial residual = 0.000978088, Final residual = 9.53761e-07, No Iterations 36
time step continuity errors : sum local = 1.029e-08, global = -3.07149e-09, cumulative = -6.19633e-07
DILUPBiCG:  Solving for omega, Initial residual = 0.00150912, Final residual = 1.53227e-06, No Iterations 1
DILUPBiCG:  Solving for k, Initial residual = 0.00509578, Final residual = 1.29566e-06, No Iterations 2
ExecutionTime = 18.84 s  ClockTime = 19 s

Courant Number mean: 0.193249 max: 0.422008
Time = 0.427

GAMG:  Solving for cellDisplacementx, Initial residual = 0, Final residual = 0, No Iterations 0
GAMG:  Solving for cellDisplacementy, Initial residual = 0, Final residual = 0, No Iterations 0
GAMG:  Solving for cellDisplacementz, Initial residual = 0, Final residual = 0, No Iterations 0
PIMPLE: iteration 1
DILUPBiCG:  Solving for Ux, Initial residual = 0.0422291, Final residual = 0.000180328, No Iterations 1
DILUPBiCG:  Solving for Uy, Initial residual = 0.029113, Final residual = 8.75668e-05, No Iterations 1
DILUPBiCG:  Solving for Uz, Initial residual = 0.145145, Final residual = 0.000315008, No Iterations 1
GAMG:  Solving for p, Initial residual = 0.283546, Final residual = 0.00241049, No Iterations 10
GAMG:  Solving for p, Initial residual = 0.0468099, Final residual = 0.000431212, No Iterations 8
GAMG:  Solving for p, Initial residual = 0.0191193, Final residual = 0.000175114, No Iterations 8
time step continuity errors : sum local = 2.15606e-06, global = -4.76523e-07, cumulative = -1.09616e-06
GAMG:  Solving for p, Initial residual = 0.110562, Final residual = 0.000827339, No Iterations 10
GAMG:  Solving for p, Initial residual = 0.0264569, Final residual = 0.000227002, No Iterations 8
GAMG:  Solving for p, Initial residual = 0.0123008, Final residual = 0.000103114, No Iterations 4
time step continuity errors : sum local = 1.26611e-06, global = -3.17586e-07, cumulative = -1.41374e-06
PIMPLE: iteration 2
DILUPBiCG:  Solving for Ux, Initial residual = 0.0141753, Final residual = 7.40714e-05, No Iterations 1
DILUPBiCG:  Solving for Uy, Initial residual = 0.00446862, Final residual = 1.25117e-05, No Iterations 1
DILUPBiCG:  Solving for Uz, Initial residual = 0.0303678, Final residual = 0.000112661, No Iterations 1
GAMG:  Solving for p, Initial residual = 0.125532, Final residual = 0.00113037, No Iterations 11
GAMG:  Solving for p, Initial residual = 0.0341539, Final residual = 0.000333515, No Iterations 10
GAMG:  Solving for p, Initial residual = 0.016308, Final residual = 0.000156642, No Iterations 8
time step continuity errors : sum local = 1.65675e-06, global = 4.2728e-07, cumulative = -9.86462e-07
GAMG:  Solving for p, Initial residual = 0.0618295, Final residual = 0.000560382, No Iterations 10
GAMG:  Solving for p, Initial residual = 0.020902, Final residual = 0.000178811, No Iterations 6
GAMG:  Solving for p, Initial residual = 0.00923616, Final residual = 8.02907e-05, No Iterations 6
time step continuity errors : sum local = 8.41519e-07, global = -2.15428e-07, cumulative = -1.20189e-06
PIMPLE: iteration 3
DILUPBiCG:  Solving for Ux, Initial residual = 0.00464716, Final residual = 1.37987e-06, No Iterations 2
DILUPBiCG:  Solving for Uy, Initial residual = 0.00103505, Final residual = 7.38352e-07, No Iterations 2
DILUPBiCG:  Solving for Uz, Initial residual = 0.0216498, Final residual = 3.68867e-06, No Iterations 2
GAMG:  Solving for p, Initial residual = 0.0529761, Final residual = 0.000517119, No Iterations 9
GAMG:  Solving for p, Initial residual = 0.0161097, Final residual = 0.000141003, No Iterations 16
GAMG:  Solving for p, Initial residual = 0.00736092, Final residual = 6.82355e-05, No Iterations 10
time step continuity errors : sum local = 8.00867e-07, global = 2.05571e-07, cumulative = -9.96318e-07
GAMG:  Solving for p, Initial residual = 0.00578031, Final residual = 4.89739e-05, No Iterations 13
GAMG:  Solving for p, Initial residual = 0.00398056, Final residual = 3.95992e-05, No Iterations 4
GAMG:  Solving for p, Initial residual = 0.00152925, Final residual = 9.87741e-07, No Iterations 46
time step continuity errors : sum local = 1.15367e-08, global = -3.4169e-09, cumulative = -9.99735e-07
DILUPBiCG:  Solving for omega, Initial residual = 0.00139583, Final residual = 1.45778e-06, No Iterations 1
DILUPBiCG:  Solving for k, Initial residual = 0.00517644, Final residual = 1.23253e-06, No Iterations 2
ExecutionTime = 34.89 s  ClockTime = 35 s

Courant Number mean: 0.198931 max: 0.435402
Time = 0.428

GAMG:  Solving for cellDisplacementx, Initial residual = 0, Final residual = 0, No Iterations 0
GAMG:  Solving for cellDisplacementy, Initial residual = 0, Final residual = 0, No Iterations 0
GAMG:  Solving for cellDisplacementz, Initial residual = 0, Final residual = 0, No Iterations 0
PIMPLE: iteration 1
DILUPBiCG:  Solving for Ux, Initial residual = 0.0538384, Final residual = 0.000185591, No Iterations 1
DILUPBiCG:  Solving for Uy, Initial residual = 0.00961624, Final residual = 2.05814e-05, No Iterations 1
DILUPBiCG:  Solving for Uz, Initial residual = 0.132587, Final residual = 0.000303341, No Iterations 1
GAMG:  Solving for p, Initial residual = 0.187877, Final residual = 0.00156706, No Iterations 4
GAMG:  Solving for p, Initial residual = 0.0316145, Final residual = 0.000271272, No Iterations 22
GAMG:  Solving for p, Initial residual = 0.0133986, Final residual = 0.000109911, No Iterations 10
time step continuity errors : sum local = 1.4524e-06, global = -3.85606e-07, cumulative = -1.38534e-06
GAMG:  Solving for p, Initial residual = 0.0742913, Final residual = 0.000569006, No Iterations 4
GAMG:  Solving for p, Initial residual = 0.015264, Final residual = 0.0001313, No Iterations 20
GAMG:  Solving for p, Initial residual = 0.00701527, Final residual = 5.59246e-05, No Iterations 10
time step continuity errors : sum local = 7.45763e-07, global = -1.94676e-07, cumulative = -1.58002e-06
PIMPLE: iteration 2
DILUPBiCG:  Solving for Ux, Initial residual = 0.0156063, Final residual = 7.55403e-05, No Iterations 1
DILUPBiCG:  Solving for Uy, Initial residual = 0.00265275, Final residual = 7.17171e-06, No Iterations 1
DILUPBiCG:  Solving for Uz, Initial residual = 0.0106444, Final residual = 2.32832e-05, No Iterations 1
GAMG:  Solving for p, Initial residual = 0.080616, Final residual = 0.000739335, No Iterations 4
GAMG:  Solving for p, Initial residual = 0.0194747, Final residual = 0.000179989, No Iterations 14
GAMG:  Solving for p, Initial residual = 0.0102769, Final residual = 0.000100332, No Iterations 5
time step continuity errors : sum local = 1.13123e-06, global = -4.33928e-07, cumulative = -2.01395e-06
GAMG:  Solving for p, Initial residual = 0.0411903, Final residual = 0.000322093, No Iterations 4
GAMG:  Solving for p, Initial residual = 0.00995916, Final residual = 9.77568e-05, No Iterations 12
GAMG:  Solving for p, Initial residual = 0.00493687, Final residual = 4.55035e-05, No Iterations 7
time step continuity errors : sum local = 5.1692e-07, global = -1.79826e-07, cumulative = -2.19377e-06
PIMPLE: iteration 3
DILUPBiCG:  Solving for Ux, Initial residual = 0.00402426, Final residual = 1.33925e-06, No Iterations 2
DILUPBiCG:  Solving for Uy, Initial residual = 0.000637322, Final residual = 8.60717e-06, No Iterations 1
DILUPBiCG:  Solving for Uz, Initial residual = 0.0223374, Final residual = 5.90716e-06, No Iterations 2
GAMG:  Solving for p, Initial residual = 0.0364118, Final residual = 0.000346097, No Iterations 5
GAMG:  Solving for p, Initial residual = 0.00747703, Final residual = 7.08297e-05, No Iterations 17
GAMG:  Solving for p, Initial residual = 0.00343102, Final residual = 2.91543e-05, No Iterations 10
time step continuity errors : sum local = 3.73041e-07, global = 9.78042e-08, cumulative = -2.09597e-06
GAMG:  Solving for p, Initial residual = 0.00242014, Final residual = 2.26705e-05, No Iterations 20
GAMG:  Solving for p, Initial residual = 0.00151, Final residual = 1.40925e-05, No Iterations 4
GAMG:  Solving for p, Initial residual = 0.0005502, Final residual = 8.75885e-07, No Iterations 30
time step continuity errors : sum local = 1.12495e-08, global = -3.39408e-09, cumulative = -2.09936e-06
DILUPBiCG:  Solving for omega, Initial residual = 0.00131571, Final residual = 1.40024e-06, No Iterations 1
DILUPBiCG:  Solving for k, Initial residual = 0.00528907, Final residual = 1.28729e-06, No Iterations 2
ExecutionTime = 50.52 s  ClockTime = 51 s

Courant Number mean: 0.204656 max: 0.448635
Time = 0.429

GAMG:  Solving for cellDisplacementx, Initial residual = 0, Final residual = 0, No Iterations 0
GAMG:  Solving for cellDisplacementy, Initial residual = 0, Final residual = 0, No Iterations 0
GAMG:  Solving for cellDisplacementz, Initial residual = 0, Final residual = 0, No Iterations 0
PIMPLE: iteration 1
DILUPBiCG:  Solving for Ux, Initial residual = 0.0547426, Final residual = 0.000187634, No Iterations 1
DILUPBiCG:  Solving for Uy, Initial residual = 0.00895402, Final residual = 1.87737e-05, No Iterations 1
DILUPBiCG:  Solving for Uz, Initial residual = 0.0555778, Final residual = 0.000120253, No Iterations 1
GAMG:  Solving for p, Initial residual = 0.14524, Final residual = 0.00135706, No Iterations 4
GAMG:  Solving for p, Initial residual = 0.0205057, Final residual = 0.000186879, No Iterations 16
GAMG:  Solving for p, Initial residual = 0.00913107, Final residual = 7.60692e-05, No Iterations 4
time step continuity errors : sum local = 1.0218e-06, global = -4.07199e-07, cumulative = -2.50656e-06
GAMG:  Solving for p, Initial residual = 0.0617705, Final residual = 0.000512776, No Iterations 4
GAMG:  Solving for p, Initial residual = 0.0100888, Final residual = 8.49005e-05, No Iterations 14
GAMG:  Solving for p, Initial residual = 0.00454629, Final residual = 3.26394e-05, No Iterations 4
time step continuity errors : sum local = 4.38103e-07, global = -1.67843e-07, cumulative = -2.6744e-06
PIMPLE: iteration 2
DILUPBiCG:  Solving for Ux, Initial residual = 0.0152184, Final residual = 6.99136e-05, No Iterations 1
DILUPBiCG:  Solving for Uy, Initial residual = 0.00254056, Final residual = 7.21669e-06, No Iterations 1
DILUPBiCG:  Solving for Uz, Initial residual = 0.00661204, Final residual = 2.6105e-05, No Iterations 1
GAMG:  Solving for p, Initial residual = 0.0652941, Final residual = 0.000581147, No Iterations 4
GAMG:  Solving for p, Initial residual = 0.0125762, Final residual = 0.000119019, No Iterations 14
GAMG:  Solving for p, Initial residual = 0.00564725, Final residual = 5.1626e-05, No Iterations 4
time step continuity errors : sum local = 5.81962e-07, global = 2.05394e-07, cumulative = -2.46901e-06
GAMG:  Solving for p, Initial residual = 0.0336432, Final residual = 0.000265295, No Iterations 4
GAMG:  Solving for p, Initial residual = 0.00624073, Final residual = 6.14786e-05, No Iterations 12
GAMG:  Solving for p, Initial residual = 0.00277767, Final residual = 2.29388e-05, No Iterations 10
time step continuity errors : sum local = 2.59704e-07, global = 6.53915e-08, cumulative = -2.40362e-06
PIMPLE: iteration 3
DILUPBiCG:  Solving for Ux, Initial residual = 0.00351541, Final residual = 1.19998e-06, No Iterations 2
DILUPBiCG:  Solving for Uy, Initial residual = 0.000627396, Final residual = 9.09905e-06, No Iterations 1
DILUPBiCG:  Solving for Uz, Initial residual = 0.00705098, Final residual = 1.92392e-06, No Iterations 2
GAMG:  Solving for p, Initial residual = 0.0362171, Final residual = 0.000349756, No Iterations 5
GAMG:  Solving for p, Initial residual = 0.00794936, Final residual = 7.90316e-05, No Iterations 17
GAMG:  Solving for p, Initial residual = 0.00376013, Final residual = 3.1404e-05, No Iterations 10
time step continuity errors : sum local = 4.02211e-07, global = 9.86087e-08, cumulative = -2.30501e-06
GAMG:  Solving for p, Initial residual = 0.00230879, Final residual = 2.29121e-05, No Iterations 20
GAMG:  Solving for p, Initial residual = 0.00135165, Final residual = 1.22053e-05, No Iterations 4
GAMG:  Solving for p, Initial residual = 0.000507417, Final residual = 9.23579e-07, No Iterations 36
time step continuity errors : sum local = 1.18139e-08, global = -3.469e-09, cumulative = -2.30848e-06
DILUPBiCG:  Solving for omega, Initial residual = 0.00125178, Final residual = 1.35017e-06, No Iterations 1
DILUPBiCG:  Solving for k, Initial residual = 0.00540851, Final residual = 1.26117e-06, No Iterations 2
ExecutionTime = 66.13 s  ClockTime = 66 s

End

