/*---------------------------------------------------------------------------*\
| =========                 |                                                 |
| \\      /  F ield         | OpenFOAM: The Open Source CFD Toolbox           |
|  \\    /   O peration     | Version:  2.3.1                                 |
|   \\  /    A nd           | Web:      www.OpenFOAM.org                      |
|    \\/     M anipulation  |                                                 |
\*---------------------------------------------------------------------------*/
Build  : 2.3.1-262087cdf8db
Exec   : pimpleDyMFoam
Date   : Jun 06 2023
Time   : 00:21:34
Host   : "jcosson-VirtualBox"
PID    : 32603
Case   : /home/jcosson/workspace/henersj_shootingdata/calcs/moderate_deformed/primal/100_intervals_05-06-23/sweep16/interval27
nProcs : 1
sigFpe : Enabling floating point exception trapping (FOAM_SIGFPE).
fileModificationChecking : Monitoring run-time modified files using timeStampMaster
allowSystemOperations : Allowing user-supplied system call operations

// * * * * * * * * * * * * * * * * * * * * * * * * * * * * * * * * * * * * * //
Create time

Create mesh for time = 0.426

Selecting dynamicFvMesh dynamicMotionSolverFvMesh
Selecting motion solver: displacementLaplacian
Selecting motion diffusion: quadratic
Selecting motion diffusion: quadratic
Selecting motion diffusion: inverseDistance

PIMPLE: no residual control data found. Calculations will employ 3 corrector loops

Reading field p

Reading field U

Reading/calculating face flux field phi

Selecting incompressible transport model Newtonian
Selecting turbulence model type RASModel
Selecting RAS turbulence model kOmegaSST
kOmegaSSTCoeffs
{
    alphaK1         0.85034;
    alphaK2         1;
    alphaOmega1     0.5;
    alphaOmega2     0.85616;
    gamma1          0.5532;
    gamma2          0.4403;
    beta1           0.075;
    beta2           0.0828;
    betaStar        0.09;
    a1              0.31;
    c1              10;
    Cmu             0.09;
    b1              1;
    F3              false;
}

Reading/calculating face velocity Uf

No finite volume options present

Courant Number mean: 0.19354 max: 0.416871

Starting time loop

Courant Number mean: 0.19354 max: 0.416871
Time = 0.427

GAMG:  Solving for cellDisplacementx, Initial residual = 0, Final residual = 0, No Iterations 0
GAMG:  Solving for cellDisplacementy, Initial residual = 0, Final residual = 0, No Iterations 0
GAMG:  Solving for cellDisplacementz, Initial residual = 0, Final residual = 0, No Iterations 0
PIMPLE: iteration 1
DILUPBiCG:  Solving for Ux, Initial residual = 0.0578851, Final residual = 0.000192871, No Iterations 1
DILUPBiCG:  Solving for Uy, Initial residual = 0.00956451, Final residual = 1.97668e-05, No Iterations 1
DILUPBiCG:  Solving for Uz, Initial residual = 0.0199215, Final residual = 2.40969e-05, No Iterations 1
GAMG:  Solving for p, Initial residual = 0.12511, Final residual = 0.000814009, No Iterations 6
GAMG:  Solving for p, Initial residual = 0.0153313, Final residual = 0.000140618, No Iterations 16
GAMG:  Solving for p, Initial residual = 0.0066695, Final residual = 5.85435e-05, No Iterations 10
time step continuity errors : sum local = 8.91182e-07, global = -2.32523e-07, cumulative = -2.32523e-07
GAMG:  Solving for p, Initial residual = 0.0538094, Final residual = 0.000483479, No Iterations 4
GAMG:  Solving for p, Initial residual = 0.00762955, Final residual = 7.12555e-05, No Iterations 16
GAMG:  Solving for p, Initial residual = 0.00347475, Final residual = 3.1705e-05, No Iterations 10
time step continuity errors : sum local = 4.82885e-07, global = -1.26739e-07, cumulative = -3.59261e-07
PIMPLE: iteration 2
DILUPBiCG:  Solving for Ux, Initial residual = 0.0162175, Final residual = 7.36608e-05, No Iterations 1
DILUPBiCG:  Solving for Uy, Initial residual = 0.00269022, Final residual = 7.24542e-06, No Iterations 1
DILUPBiCG:  Solving for Uz, Initial residual = 0.00363975, Final residual = 3.08336e-05, No Iterations 1
GAMG:  Solving for p, Initial residual = 0.054459, Final residual = 0.000486057, No Iterations 4
GAMG:  Solving for p, Initial residual = 0.00936397, Final residual = 8.28963e-05, No Iterations 16
GAMG:  Solving for p, Initial residual = 0.00417809, Final residual = 4.17216e-05, No Iterations 6
time step continuity errors : sum local = 5.41004e-07, global = 1.52944e-07, cumulative = -2.06318e-07
GAMG:  Solving for p, Initial residual = 0.0280448, Final residual = 0.000216014, No Iterations 4
GAMG:  Solving for p, Initial residual = 0.00469173, Final residual = 4.03809e-05, No Iterations 14
GAMG:  Solving for p, Initial residual = 0.00197218, Final residual = 1.96221e-05, No Iterations 8
time step continuity errors : sum local = 2.55727e-07, global = 5.68252e-08, cumulative = -1.49493e-07
PIMPLE: iteration 3
DILUPBiCG:  Solving for Ux, Initial residual = 0.00387359, Final residual = 1.34496e-06, No Iterations 2
DILUPBiCG:  Solving for Uy, Initial residual = 0.000653756, Final residual = 8.65371e-06, No Iterations 1
DILUPBiCG:  Solving for Uz, Initial residual = 0.00760263, Final residual = 3.11565e-06, No Iterations 2
GAMG:  Solving for p, Initial residual = 0.0405844, Final residual = 0.000310052, No Iterations 5
GAMG:  Solving for p, Initial residual = 0.0097587, Final residual = 8.8716e-05, No Iterations 5
GAMG:  Solving for p, Initial residual = 0.00428523, Final residual = 4.03414e-05, No Iterations 10
time step continuity errors : sum local = 5.88865e-07, global = 1.48863e-07, cumulative = -6.29117e-10
GAMG:  Solving for p, Initial residual = 0.00244583, Final residual = 2.17956e-05, No Iterations 18
GAMG:  Solving for p, Initial residual = 0.00138053, Final residual = 1.15581e-05, No Iterations 4
GAMG:  Solving for p, Initial residual = 0.000532572, Final residual = 9.1339e-07, No Iterations 34
time step continuity errors : sum local = 1.32477e-08, global = -3.87709e-09, cumulative = -4.50621e-09
DILUPBiCG:  Solving for omega, Initial residual = 0.000725511, Final residual = 8.02346e-07, No Iterations 1
DILUPBiCG:  Solving for k, Initial residual = 0.00484947, Final residual = 1.15666e-06, No Iterations 2
ExecutionTime = 17.44 s  ClockTime = 17 s

End

