/*---------------------------------------------------------------------------*\
| =========                 |                                                 |
| \\      /  F ield         | OpenFOAM: The Open Source CFD Toolbox           |
|  \\    /   O peration     | Version:  2.3.1                                 |
|   \\  /    A nd           | Web:      www.OpenFOAM.org                      |
|    \\/     M anipulation  |                                                 |
\*---------------------------------------------------------------------------*/
Build  : 2.3.1-262087cdf8db
Exec   : pimpleDyMFoam
Date   : Jun 06 2023
Time   : 00:22:09
Host   : "jcosson-VirtualBox"
PID    : 32668
Case   : /home/jcosson/workspace/henersj_shootingdata/calcs/moderate_deformed/primal/100_intervals_05-06-23/sweep16/interval57
nProcs : 1
sigFpe : Enabling floating point exception trapping (FOAM_SIGFPE).
fileModificationChecking : Monitoring run-time modified files using timeStampMaster
allowSystemOperations : Allowing user-supplied system call operations

// * * * * * * * * * * * * * * * * * * * * * * * * * * * * * * * * * * * * * //
Create time

Create mesh for time = 0.456

Selecting dynamicFvMesh dynamicMotionSolverFvMesh
Selecting motion solver: displacementLaplacian
Selecting motion diffusion: quadratic
Selecting motion diffusion: quadratic
Selecting motion diffusion: inverseDistance

PIMPLE: no residual control data found. Calculations will employ 3 corrector loops

Reading field p

Reading field U

Reading/calculating face flux field phi

Selecting incompressible transport model Newtonian
Selecting turbulence model type RASModel
Selecting RAS turbulence model kOmegaSST
kOmegaSSTCoeffs
{
    alphaK1         0.85034;
    alphaK2         1;
    alphaOmega1     0.5;
    alphaOmega2     0.85616;
    gamma1          0.5532;
    gamma2          0.4403;
    beta1           0.075;
    beta2           0.0828;
    betaStar        0.09;
    a1              0.31;
    c1              10;
    Cmu             0.09;
    b1              1;
    F3              false;
}

Reading/calculating face velocity Uf

No finite volume options present

Courant Number mean: 0.273311 max: 0.608218

Starting time loop

Courant Number mean: 0.273311 max: 0.608218
Time = 0.457

GAMG:  Solving for cellDisplacementx, Initial residual = 0, Final residual = 0, No Iterations 0
GAMG:  Solving for cellDisplacementy, Initial residual = 0, Final residual = 0, No Iterations 0
GAMG:  Solving for cellDisplacementz, Initial residual = 0, Final residual = 0, No Iterations 0
PIMPLE: iteration 1
DILUPBiCG:  Solving for Ux, Initial residual = 0.0142688, Final residual = 5.37417e-05, No Iterations 1
DILUPBiCG:  Solving for Uy, Initial residual = 0.0022969, Final residual = 5.74025e-06, No Iterations 1
DILUPBiCG:  Solving for Uz, Initial residual = 0.0160933, Final residual = 4.61772e-05, No Iterations 1
GAMG:  Solving for p, Initial residual = 0.191727, Final residual = 0.00162784, No Iterations 6
GAMG:  Solving for p, Initial residual = 0.0253971, Final residual = 0.00024616, No Iterations 16
GAMG:  Solving for p, Initial residual = 0.00993757, Final residual = 9.50943e-05, No Iterations 12
time step continuity errors : sum local = 5.42061e-07, global = 1.63491e-07, cumulative = 1.63491e-07
GAMG:  Solving for p, Initial residual = 0.0759204, Final residual = 0.000505112, No Iterations 6
GAMG:  Solving for p, Initial residual = 0.0124915, Final residual = 0.000114422, No Iterations 14
GAMG:  Solving for p, Initial residual = 0.0051497, Final residual = 4.6067e-05, No Iterations 12
time step continuity errors : sum local = 2.6075e-07, global = 7.83018e-08, cumulative = 2.41793e-07
PIMPLE: iteration 2
DILUPBiCG:  Solving for Ux, Initial residual = 0.00478355, Final residual = 3.91935e-05, No Iterations 1
DILUPBiCG:  Solving for Uy, Initial residual = 0.000800726, Final residual = 3.25863e-06, No Iterations 1
DILUPBiCG:  Solving for Uz, Initial residual = 0.00439732, Final residual = 1.52141e-05, No Iterations 1
GAMG:  Solving for p, Initial residual = 0.0788327, Final residual = 0.000305409, No Iterations 4
GAMG:  Solving for p, Initial residual = 0.0133125, Final residual = 0.000130321, No Iterations 10
GAMG:  Solving for p, Initial residual = 0.00606297, Final residual = 5.48457e-05, No Iterations 8
time step continuity errors : sum local = 2.65289e-07, global = -9.36457e-08, cumulative = 1.48147e-07
GAMG:  Solving for p, Initial residual = 0.0391197, Final residual = 0.00030696, No Iterations 3
GAMG:  Solving for p, Initial residual = 0.00655811, Final residual = 5.34224e-05, No Iterations 6
GAMG:  Solving for p, Initial residual = 0.0029843, Final residual = 2.75312e-05, No Iterations 4
time step continuity errors : sum local = 1.33486e-07, global = 5.36714e-08, cumulative = 2.01819e-07
PIMPLE: iteration 3
DILUPBiCG:  Solving for Ux, Initial residual = 0.00144083, Final residual = 1.24923e-06, No Iterations 2
DILUPBiCG:  Solving for Uy, Initial residual = 0.00023902, Final residual = 5.16677e-06, No Iterations 1
DILUPBiCG:  Solving for Uz, Initial residual = 0.00376529, Final residual = 1.26278e-06, No Iterations 2
GAMG:  Solving for p, Initial residual = 0.0493821, Final residual = 0.000348139, No Iterations 5
GAMG:  Solving for p, Initial residual = 0.0113275, Final residual = 0.000105453, No Iterations 11
GAMG:  Solving for p, Initial residual = 0.00509147, Final residual = 4.81949e-05, No Iterations 10
time step continuity errors : sum local = 2.56639e-07, global = -6.74115e-08, cumulative = 1.34407e-07
GAMG:  Solving for p, Initial residual = 0.00375467, Final residual = 3.38223e-05, No Iterations 10
GAMG:  Solving for p, Initial residual = 0.00204547, Final residual = 1.7818e-05, No Iterations 7
GAMG:  Solving for p, Initial residual = 0.000749736, Final residual = 9.07795e-07, No Iterations 36
time step continuity errors : sum local = 4.83e-09, global = 1.42574e-09, cumulative = 1.35833e-07
DILUPBiCG:  Solving for omega, Initial residual = 0.000884574, Final residual = 1.36574e-06, No Iterations 1
DILUPBiCG:  Solving for k, Initial residual = 0.00467044, Final residual = 4.24772e-06, No Iterations 2
ExecutionTime = 16 s  ClockTime = 16 s

End

