/*---------------------------------------------------------------------------*\
| =========                 |                                                 |
| \\      /  F ield         | OpenFOAM: The Open Source CFD Toolbox           |
|  \\    /   O peration     | Version:  2.3.1                                 |
|   \\  /    A nd           | Web:      www.OpenFOAM.org                      |
|    \\/     M anipulation  |                                                 |
\*---------------------------------------------------------------------------*/
Build  : 2.3.1-262087cdf8db
Exec   : pimpleDyMFoam
Date   : Jun 06 2023
Time   : 00:22:24
Host   : "jcosson-VirtualBox"
PID    : 32684
Case   : /home/jcosson/workspace/henersj_shootingdata/calcs/moderate_deformed/primal/100_intervals_05-06-23/sweep16/interval65
nProcs : 1
sigFpe : Enabling floating point exception trapping (FOAM_SIGFPE).
fileModificationChecking : Monitoring run-time modified files using timeStampMaster
allowSystemOperations : Allowing user-supplied system call operations

// * * * * * * * * * * * * * * * * * * * * * * * * * * * * * * * * * * * * * //
Create time

Create mesh for time = 0.464

Selecting dynamicFvMesh dynamicMotionSolverFvMesh
Selecting motion solver: displacementLaplacian
Selecting motion diffusion: quadratic
Selecting motion diffusion: quadratic
Selecting motion diffusion: inverseDistance

PIMPLE: no residual control data found. Calculations will employ 3 corrector loops

Reading field p

Reading field U

Reading/calculating face flux field phi

Selecting incompressible transport model Newtonian
Selecting turbulence model type RASModel
Selecting RAS turbulence model kOmegaSST
kOmegaSSTCoeffs
{
    alphaK1         0.85034;
    alphaK2         1;
    alphaOmega1     0.5;
    alphaOmega2     0.85616;
    gamma1          0.5532;
    gamma2          0.4403;
    beta1           0.075;
    beta2           0.0828;
    betaStar        0.09;
    a1              0.31;
    c1              10;
    Cmu             0.09;
    b1              1;
    F3              false;
}

Reading/calculating face velocity Uf

No finite volume options present

Courant Number mean: 0.246869 max: 0.551075

Starting time loop

Courant Number mean: 0.246869 max: 0.551075
Time = 0.465

GAMG:  Solving for cellDisplacementx, Initial residual = 0, Final residual = 0, No Iterations 0
GAMG:  Solving for cellDisplacementy, Initial residual = 0, Final residual = 0, No Iterations 0
GAMG:  Solving for cellDisplacementz, Initial residual = 0, Final residual = 0, No Iterations 0
PIMPLE: iteration 1
DILUPBiCG:  Solving for Ux, Initial residual = 0.0349114, Final residual = 0.000145027, No Iterations 1
DILUPBiCG:  Solving for Uy, Initial residual = 0.0055849, Final residual = 1.31904e-05, No Iterations 1
DILUPBiCG:  Solving for Uz, Initial residual = 0.013957, Final residual = 3.84549e-05, No Iterations 1
GAMG:  Solving for p, Initial residual = 0.141981, Final residual = 0.00120132, No Iterations 6
GAMG:  Solving for p, Initial residual = 0.0168607, Final residual = 0.000166894, No Iterations 18
GAMG:  Solving for p, Initial residual = 0.00711691, Final residual = 6.54499e-05, No Iterations 12
time step continuity errors : sum local = 7.42568e-07, global = 2.24197e-07, cumulative = 2.24197e-07
GAMG:  Solving for p, Initial residual = 0.0585701, Final residual = 0.000390019, No Iterations 6
GAMG:  Solving for p, Initial residual = 0.00847165, Final residual = 7.88273e-05, No Iterations 16
GAMG:  Solving for p, Initial residual = 0.00370822, Final residual = 3.21822e-05, No Iterations 12
time step continuity errors : sum local = 3.63947e-07, global = 1.09111e-07, cumulative = 3.33309e-07
PIMPLE: iteration 2
DILUPBiCG:  Solving for Ux, Initial residual = 0.0106607, Final residual = 5.79191e-05, No Iterations 1
DILUPBiCG:  Solving for Uy, Initial residual = 0.00179639, Final residual = 4.50031e-06, No Iterations 1
DILUPBiCG:  Solving for Uz, Initial residual = 0.00383698, Final residual = 1.3274e-05, No Iterations 1
GAMG:  Solving for p, Initial residual = 0.0597219, Final residual = 0.000445609, No Iterations 4
GAMG:  Solving for p, Initial residual = 0.00978428, Final residual = 8.37554e-05, No Iterations 16
GAMG:  Solving for p, Initial residual = 0.00452115, Final residual = 3.95659e-05, No Iterations 8
time step continuity errors : sum local = 3.78665e-07, global = -1.26767e-07, cumulative = 2.06542e-07
GAMG:  Solving for p, Initial residual = 0.0304076, Final residual = 0.000188995, No Iterations 4
GAMG:  Solving for p, Initial residual = 0.00476831, Final residual = 4.53419e-05, No Iterations 12
GAMG:  Solving for p, Initial residual = 0.00210949, Final residual = 1.89477e-05, No Iterations 10
time step continuity errors : sum local = 1.82453e-07, global = -4.82504e-08, cumulative = 1.58292e-07
PIMPLE: iteration 3
DILUPBiCG:  Solving for Ux, Initial residual = 0.00280043, Final residual = 9.81361e-07, No Iterations 2
DILUPBiCG:  Solving for Uy, Initial residual = 0.000468672, Final residual = 7.26674e-06, No Iterations 1
DILUPBiCG:  Solving for Uz, Initial residual = 0.00664133, Final residual = 2.1562e-06, No Iterations 2
GAMG:  Solving for p, Initial residual = 0.0409119, Final residual = 0.000333377, No Iterations 5
GAMG:  Solving for p, Initial residual = 0.00944821, Final residual = 9.091e-05, No Iterations 13
GAMG:  Solving for p, Initial residual = 0.00445365, Final residual = 3.73516e-05, No Iterations 12
time step continuity errors : sum local = 3.99807e-07, global = -1.17265e-07, cumulative = 4.10262e-08
GAMG:  Solving for p, Initial residual = 0.00275257, Final residual = 2.74536e-05, No Iterations 18
GAMG:  Solving for p, Initial residual = 0.00153643, Final residual = 1.46692e-05, No Iterations 4
GAMG:  Solving for p, Initial residual = 0.000596354, Final residual = 9.73904e-07, No Iterations 38
time step continuity errors : sum local = 1.03954e-08, global = 3.07977e-09, cumulative = 4.4106e-08
DILUPBiCG:  Solving for omega, Initial residual = 0.000620712, Final residual = 1.38543e-06, No Iterations 1
DILUPBiCG:  Solving for k, Initial residual = 0.00481188, Final residual = 1.06672e-06, No Iterations 2
ExecutionTime = 17.63 s  ClockTime = 17 s

End

