/*---------------------------------------------------------------------------*\
| =========                 |                                                 |
| \\      /  F ield         | OpenFOAM: The Open Source CFD Toolbox           |
|  \\    /   O peration     | Version:  2.3.1                                 |
|   \\  /    A nd           | Web:      www.OpenFOAM.org                      |
|    \\/     M anipulation  |                                                 |
\*---------------------------------------------------------------------------*/
Build  : 2.3.1-262087cdf8db
Exec   : pimpleDyMFoam
Date   : Jun 06 2023
Time   : 00:22:48
Host   : "jcosson-VirtualBox"
PID    : 32731
Case   : /home/jcosson/workspace/henersj_shootingdata/calcs/moderate_deformed/primal/100_intervals_05-06-23/sweep16/interval88
nProcs : 1
sigFpe : Enabling floating point exception trapping (FOAM_SIGFPE).
fileModificationChecking : Monitoring run-time modified files using timeStampMaster
allowSystemOperations : Allowing user-supplied system call operations

// * * * * * * * * * * * * * * * * * * * * * * * * * * * * * * * * * * * * * //
Create time

Create mesh for time = 0.487

Selecting dynamicFvMesh dynamicMotionSolverFvMesh
Selecting motion solver: displacementLaplacian
Selecting motion diffusion: quadratic
Selecting motion diffusion: quadratic
Selecting motion diffusion: inverseDistance

PIMPLE: no residual control data found. Calculations will employ 3 corrector loops

Reading field p

Reading field U

Reading/calculating face flux field phi

Selecting incompressible transport model Newtonian
Selecting turbulence model type RASModel
Selecting RAS turbulence model kOmegaSST
bounding k, min: 0 max: 0.000745828 average: 0.000161613
kOmegaSSTCoeffs
{
    alphaK1         0.85034;
    alphaK2         1;
    alphaOmega1     0.5;
    alphaOmega2     0.85616;
    gamma1          0.5532;
    gamma2          0.4403;
    beta1           0.075;
    beta2           0.0828;
    betaStar        0.09;
    a1              0.31;
    c1              10;
    Cmu             0.09;
    b1              1;
    F3              false;
}

Reading/calculating face velocity Uf

No finite volume options present

Courant Number mean: 0.126632 max: 0.283967

Starting time loop

Courant Number mean: 0.126632 max: 0.283967
Time = 0.488

GAMG:  Solving for cellDisplacementx, Initial residual = 0, Final residual = 0, No Iterations 0
GAMG:  Solving for cellDisplacementy, Initial residual = 0, Final residual = 0, No Iterations 0
GAMG:  Solving for cellDisplacementz, Initial residual = 0, Final residual = 0, No Iterations 0
PIMPLE: iteration 1
DILUPBiCG:  Solving for Ux, Initial residual = 0.0592869, Final residual = 0.000219022, No Iterations 1
DILUPBiCG:  Solving for Uy, Initial residual = 0.0116613, Final residual = 2.43853e-05, No Iterations 1
DILUPBiCG:  Solving for Uz, Initial residual = 0.0192681, Final residual = 2.24764e-05, No Iterations 1
GAMG:  Solving for p, Initial residual = 0.120176, Final residual = 0.000895604, No Iterations 4
GAMG:  Solving for p, Initial residual = 0.0163562, Final residual = 0.0001531, No Iterations 18
GAMG:  Solving for p, Initial residual = 0.0078557, Final residual = 7.8097e-05, No Iterations 4
time step continuity errors : sum local = 9.36055e-07, global = 3.37743e-07, cumulative = 3.37743e-07
GAMG:  Solving for p, Initial residual = 0.053594, Final residual = 0.000382924, No Iterations 4
GAMG:  Solving for p, Initial residual = 0.00811836, Final residual = 7.94302e-05, No Iterations 16
GAMG:  Solving for p, Initial residual = 0.00396807, Final residual = 3.57486e-05, No Iterations 10
time step continuity errors : sum local = 4.31504e-07, global = 1.10928e-07, cumulative = 4.48672e-07
PIMPLE: iteration 2
DILUPBiCG:  Solving for Ux, Initial residual = 0.0155763, Final residual = 8.91497e-05, No Iterations 1
DILUPBiCG:  Solving for Uy, Initial residual = 0.00316318, Final residual = 6.5836e-06, No Iterations 1
DILUPBiCG:  Solving for Uz, Initial residual = 0.00331531, Final residual = 9.35152e-06, No Iterations 1
GAMG:  Solving for p, Initial residual = 0.0526526, Final residual = 0.000504788, No Iterations 4
GAMG:  Solving for p, Initial residual = 0.0104064, Final residual = 9.0692e-05, No Iterations 16
GAMG:  Solving for p, Initial residual = 0.00470302, Final residual = 4.66398e-05, No Iterations 6
time step continuity errors : sum local = 4.89002e-07, global = -1.47989e-07, cumulative = 3.00682e-07
GAMG:  Solving for p, Initial residual = 0.0274495, Final residual = 0.000235341, No Iterations 4
GAMG:  Solving for p, Initial residual = 0.00531496, Final residual = 4.55246e-05, No Iterations 14
GAMG:  Solving for p, Initial residual = 0.00226845, Final residual = 2.22866e-05, No Iterations 6
time step continuity errors : sum local = 2.34628e-07, global = -6.49644e-08, cumulative = 2.35718e-07
PIMPLE: iteration 3
DILUPBiCG:  Solving for Ux, Initial residual = 0.00338873, Final residual = 2.47365e-06, No Iterations 2
DILUPBiCG:  Solving for Uy, Initial residual = 0.000729053, Final residual = 4.86778e-06, No Iterations 1
DILUPBiCG:  Solving for Uz, Initial residual = 0.00712582, Final residual = 2.62808e-06, No Iterations 2
GAMG:  Solving for p, Initial residual = 0.0438481, Final residual = 0.000339327, No Iterations 5
GAMG:  Solving for p, Initial residual = 0.00991122, Final residual = 8.27816e-05, No Iterations 14
GAMG:  Solving for p, Initial residual = 0.0048634, Final residual = 4.59907e-05, No Iterations 4
time step continuity errors : sum local = 5.41594e-07, global = -1.94317e-07, cumulative = 4.1401e-08
GAMG:  Solving for p, Initial residual = 0.00240756, Final residual = 1.72042e-05, No Iterations 8
GAMG:  Solving for p, Initial residual = 0.00127742, Final residual = 1.05817e-05, No Iterations 4
GAMG:  Solving for p, Initial residual = 0.000535391, Final residual = 9.01481e-07, No Iterations 26
time step continuity errors : sum local = 1.05156e-08, global = 3.15606e-09, cumulative = 4.4557e-08
DILUPBiCG:  Solving for omega, Initial residual = 0.00131148, Final residual = 8.3982e-07, No Iterations 1
DILUPBiCG:  Solving for k, Initial residual = 0.00396168, Final residual = 6.74512e-07, No Iterations 2
bounding k, min: 0 max: 0.000733678 average: 0.000160544
ExecutionTime = 13.63 s  ClockTime = 14 s

End

