/*---------------------------------------------------------------------------*\
| =========                 |                                                 |
| \\      /  F ield         | OpenFOAM: The Open Source CFD Toolbox           |
|  \\    /   O peration     | Version:  2.3.1                                 |
|   \\  /    A nd           | Web:      www.OpenFOAM.org                      |
|    \\/     M anipulation  |                                                 |
\*---------------------------------------------------------------------------*/
Build  : 2.3.1-262087cdf8db
Exec   : pimpleDyMFoam
Date   : Jun 06 2023
Time   : 00:21:51
Host   : "jcosson-VirtualBox"
PID    : 32628
Case   : /home/jcosson/workspace/henersj_shootingdata/calcs/moderate_deformed/primal/100_intervals_05-06-23/sweep16/interval37
nProcs : 1
sigFpe : Enabling floating point exception trapping (FOAM_SIGFPE).
fileModificationChecking : Monitoring run-time modified files using timeStampMaster
allowSystemOperations : Allowing user-supplied system call operations

// * * * * * * * * * * * * * * * * * * * * * * * * * * * * * * * * * * * * * //
Create time

Create mesh for time = 0.436

Selecting dynamicFvMesh dynamicMotionSolverFvMesh
Selecting motion solver: displacementLaplacian
Selecting motion diffusion: quadratic
Selecting motion diffusion: quadratic
Selecting motion diffusion: inverseDistance

PIMPLE: no residual control data found. Calculations will employ 3 corrector loops

Reading field p

Reading field U

Reading/calculating face flux field phi

Selecting incompressible transport model Newtonian
Selecting turbulence model type RASModel
Selecting RAS turbulence model kOmegaSST
kOmegaSSTCoeffs
{
    alphaK1         0.85034;
    alphaK2         1;
    alphaOmega1     0.5;
    alphaOmega2     0.85616;
    gamma1          0.5532;
    gamma2          0.4403;
    beta1           0.075;
    beta2           0.0828;
    betaStar        0.09;
    a1              0.31;
    c1              10;
    Cmu             0.09;
    b1              1;
    F3              false;
}

Reading/calculating face velocity Uf

No finite volume options present

Courant Number mean: 0.246314 max: 0.540371

Starting time loop

Courant Number mean: 0.246314 max: 0.540371
Time = 0.437

GAMG:  Solving for cellDisplacementx, Initial residual = 0, Final residual = 0, No Iterations 0
GAMG:  Solving for cellDisplacementy, Initial residual = 0, Final residual = 0, No Iterations 0
GAMG:  Solving for cellDisplacementz, Initial residual = 0, Final residual = 0, No Iterations 0
PIMPLE: iteration 1
DILUPBiCG:  Solving for Ux, Initial residual = 0.0372785, Final residual = 0.000122021, No Iterations 1
DILUPBiCG:  Solving for Uy, Initial residual = 0.00586258, Final residual = 1.44618e-05, No Iterations 1
DILUPBiCG:  Solving for Uz, Initial residual = 0.0149695, Final residual = 2.26541e-05, No Iterations 1
GAMG:  Solving for p, Initial residual = 0.119022, Final residual = 0.00102933, No Iterations 4
GAMG:  Solving for p, Initial residual = 0.0155812, Final residual = 0.000143987, No Iterations 16
GAMG:  Solving for p, Initial residual = 0.00677498, Final residual = 6.5311e-05, No Iterations 10
time step continuity errors : sum local = 7.82324e-07, global = -2.09441e-07, cumulative = -2.09441e-07
GAMG:  Solving for p, Initial residual = 0.0522781, Final residual = 0.000389983, No Iterations 4
GAMG:  Solving for p, Initial residual = 0.00765485, Final residual = 6.99451e-05, No Iterations 14
GAMG:  Solving for p, Initial residual = 0.00339063, Final residual = 3.33853e-05, No Iterations 10
time step continuity errors : sum local = 3.99885e-07, global = -1.08475e-07, cumulative = -3.17916e-07
PIMPLE: iteration 2
DILUPBiCG:  Solving for Ux, Initial residual = 0.010505, Final residual = 4.11982e-05, No Iterations 1
DILUPBiCG:  Solving for Uy, Initial residual = 0.00169199, Final residual = 6.4918e-06, No Iterations 1
DILUPBiCG:  Solving for Uz, Initial residual = 0.00308999, Final residual = 8.93974e-06, No Iterations 1
GAMG:  Solving for p, Initial residual = 0.052445, Final residual = 0.000513677, No Iterations 5
GAMG:  Solving for p, Initial residual = 0.0109581, Final residual = 0.000102966, No Iterations 13
GAMG:  Solving for p, Initial residual = 0.00426002, Final residual = 3.93934e-05, No Iterations 12
time step continuity errors : sum local = 3.9896e-07, global = 1.13345e-07, cumulative = -2.04571e-07
GAMG:  Solving for p, Initial residual = 0.0274283, Final residual = 0.000249227, No Iterations 4
GAMG:  Solving for p, Initial residual = 0.00526908, Final residual = 4.49461e-05, No Iterations 14
GAMG:  Solving for p, Initial residual = 0.00202713, Final residual = 1.76157e-05, No Iterations 12
time step continuity errors : sum local = 1.79538e-07, global = 5.13444e-08, cumulative = -1.53226e-07
PIMPLE: iteration 3
DILUPBiCG:  Solving for Ux, Initial residual = 0.00239238, Final residual = 9.5101e-07, No Iterations 2
DILUPBiCG:  Solving for Uy, Initial residual = 0.000390882, Final residual = 9.81944e-06, No Iterations 1
DILUPBiCG:  Solving for Uz, Initial residual = 0.00626482, Final residual = 4.40665e-06, No Iterations 2
GAMG:  Solving for p, Initial residual = 0.0438686, Final residual = 0.000378667, No Iterations 5
GAMG:  Solving for p, Initial residual = 0.0114123, Final residual = 0.000100505, No Iterations 10
GAMG:  Solving for p, Initial residual = 0.00489661, Final residual = 4.63642e-05, No Iterations 10
time step continuity errors : sum local = 5.25846e-07, global = 1.35377e-07, cumulative = -1.78496e-08
GAMG:  Solving for p, Initial residual = 0.00294264, Final residual = 2.65746e-05, No Iterations 18
GAMG:  Solving for p, Initial residual = 0.00175693, Final residual = 1.40449e-05, No Iterations 4
GAMG:  Solving for p, Initial residual = 0.00061517, Final residual = 9.2365e-07, No Iterations 38
time step continuity errors : sum local = 1.04525e-08, global = -3.0845e-09, cumulative = -2.09341e-08
DILUPBiCG:  Solving for omega, Initial residual = 0.00105946, Final residual = 1.22229e-06, No Iterations 1
DILUPBiCG:  Solving for k, Initial residual = 0.00619885, Final residual = 1.37792e-06, No Iterations 2
ExecutionTime = 17.3 s  ClockTime = 18 s

End

