/*---------------------------------------------------------------------------*\
| =========                 |                                                 |
| \\      /  F ield         | OpenFOAM: The Open Source CFD Toolbox           |
|  \\    /   O peration     | Version:  2.3.1                                 |
|   \\  /    A nd           | Web:      www.OpenFOAM.org                      |
|    \\/     M anipulation  |                                                 |
\*---------------------------------------------------------------------------*/
Build  : 2.3.1-262087cdf8db
Exec   : pimpleDyMFoam
Date   : Jun 06 2023
Time   : 00:21:34
Host   : "jcosson-VirtualBox"
PID    : 32608
Case   : /home/jcosson/workspace/henersj_shootingdata/calcs/moderate_deformed/primal/100_intervals_05-06-23/sweep16/interval20
nProcs : 1
sigFpe : Enabling floating point exception trapping (FOAM_SIGFPE).
fileModificationChecking : Monitoring run-time modified files using timeStampMaster
allowSystemOperations : Allowing user-supplied system call operations

// * * * * * * * * * * * * * * * * * * * * * * * * * * * * * * * * * * * * * //
Create time

Create mesh for time = 0.419

Selecting dynamicFvMesh dynamicMotionSolverFvMesh
Selecting motion solver: displacementLaplacian
Selecting motion diffusion: quadratic
Selecting motion diffusion: quadratic
Selecting motion diffusion: inverseDistance

PIMPLE: no residual control data found. Calculations will employ 3 corrector loops

Reading field p

Reading field U

Reading/calculating face flux field phi

Selecting incompressible transport model Newtonian
Selecting turbulence model type RASModel
Selecting RAS turbulence model kOmegaSST
kOmegaSSTCoeffs
{
    alphaK1         0.85034;
    alphaK2         1;
    alphaOmega1     0.5;
    alphaOmega2     0.85616;
    gamma1          0.5532;
    gamma2          0.4403;
    beta1           0.075;
    beta2           0.0828;
    betaStar        0.09;
    a1              0.31;
    c1              10;
    Cmu             0.09;
    b1              1;
    F3              false;
}

Reading/calculating face velocity Uf

No finite volume options present

Courant Number mean: 0.153934 max: 0.330738

Starting time loop

Courant Number mean: 0.153934 max: 0.330738
Time = 0.42

GAMG:  Solving for cellDisplacementx, Initial residual = 0, Final residual = 0, No Iterations 0
GAMG:  Solving for cellDisplacementy, Initial residual = 0, Final residual = 0, No Iterations 0
GAMG:  Solving for cellDisplacementz, Initial residual = 0, Final residual = 0, No Iterations 0
PIMPLE: iteration 1
DILUPBiCG:  Solving for Ux, Initial residual = 0.063579, Final residual = 0.000223054, No Iterations 1
DILUPBiCG:  Solving for Uy, Initial residual = 0.0112371, Final residual = 2.13865e-05, No Iterations 1
DILUPBiCG:  Solving for Uz, Initial residual = 0.0240773, Final residual = 2.68618e-05, No Iterations 1
GAMG:  Solving for p, Initial residual = 0.134043, Final residual = 0.000922622, No Iterations 6
GAMG:  Solving for p, Initial residual = 0.0162831, Final residual = 0.000162763, No Iterations 16
GAMG:  Solving for p, Initial residual = 0.00716676, Final residual = 6.46488e-05, No Iterations 10
time step continuity errors : sum local = 9.16345e-07, global = -2.35195e-07, cumulative = -2.35195e-07
GAMG:  Solving for p, Initial residual = 0.0570053, Final residual = 0.00054795, No Iterations 4
GAMG:  Solving for p, Initial residual = 0.00815222, Final residual = 7.00708e-05, No Iterations 18
GAMG:  Solving for p, Initial residual = 0.00375416, Final residual = 3.21057e-05, No Iterations 4
time step continuity errors : sum local = 4.56478e-07, global = -1.71488e-07, cumulative = -4.06684e-07
PIMPLE: iteration 2
DILUPBiCG:  Solving for Ux, Initial residual = 0.0176647, Final residual = 9.3513e-05, No Iterations 1
DILUPBiCG:  Solving for Uy, Initial residual = 0.00307416, Final residual = 7.1848e-06, No Iterations 1
DILUPBiCG:  Solving for Uz, Initial residual = 0.00409204, Final residual = 1.79708e-05, No Iterations 1
GAMG:  Solving for p, Initial residual = 0.0580752, Final residual = 0.000407708, No Iterations 4
GAMG:  Solving for p, Initial residual = 0.00935143, Final residual = 8.99434e-05, No Iterations 14
GAMG:  Solving for p, Initial residual = 0.00436086, Final residual = 4.1744e-05, No Iterations 8
time step continuity errors : sum local = 5.09506e-07, global = 1.23961e-07, cumulative = -2.82722e-07
GAMG:  Solving for p, Initial residual = 0.0296095, Final residual = 0.000183091, No Iterations 4
GAMG:  Solving for p, Initial residual = 0.00472243, Final residual = 4.55107e-05, No Iterations 12
GAMG:  Solving for p, Initial residual = 0.00212153, Final residual = 2.07714e-05, No Iterations 8
time step continuity errors : sum local = 2.54446e-07, global = 5.78371e-08, cumulative = -2.24885e-07
PIMPLE: iteration 3
DILUPBiCG:  Solving for Ux, Initial residual = 0.00434465, Final residual = 1.56898e-06, No Iterations 2
DILUPBiCG:  Solving for Uy, Initial residual = 0.000780722, Final residual = 7.48991e-06, No Iterations 1
DILUPBiCG:  Solving for Uz, Initial residual = 0.0080872, Final residual = 2.85393e-06, No Iterations 2
GAMG:  Solving for p, Initial residual = 0.0394784, Final residual = 0.000312045, No Iterations 5
GAMG:  Solving for p, Initial residual = 0.0086712, Final residual = 8.00645e-05, No Iterations 13
GAMG:  Solving for p, Initial residual = 0.00421935, Final residual = 3.40673e-05, No Iterations 10
time step continuity errors : sum local = 4.67901e-07, global = 1.1979e-07, cumulative = -1.05096e-07
GAMG:  Solving for p, Initial residual = 0.00223626, Final residual = 2.22702e-05, No Iterations 14
GAMG:  Solving for p, Initial residual = 0.00121177, Final residual = 1.03466e-05, No Iterations 4
GAMG:  Solving for p, Initial residual = 0.000493031, Final residual = 9.10021e-07, No Iterations 28
time step continuity errors : sum local = 1.24036e-08, global = -3.66838e-09, cumulative = -1.08764e-07
DILUPBiCG:  Solving for omega, Initial residual = 0.000745992, Final residual = 7.17863e-07, No Iterations 1
DILUPBiCG:  Solving for k, Initial residual = 0.00409856, Final residual = 1.2437e-06, No Iterations 2
ExecutionTime = 17.37 s  ClockTime = 17 s

End

