/*---------------------------------------------------------------------------*\
| =========                 |                                                 |
| \\      /  F ield         | OpenFOAM: The Open Source CFD Toolbox           |
|  \\    /   O peration     | Version:  2.3.1                                 |
|   \\  /    A nd           | Web:      www.OpenFOAM.org                      |
|    \\/     M anipulation  |                                                 |
\*---------------------------------------------------------------------------*/
Build  : 2.3.1-262087cdf8db
Exec   : pimpleDyMFoam
Date   : Jun 06 2023
Time   : 00:21:34
Host   : "jcosson-VirtualBox"
PID    : 32592
Case   : /home/jcosson/workspace/henersj_shootingdata/calcs/moderate_deformed/primal/100_intervals_05-06-23/sweep16/interval21
nProcs : 1
sigFpe : Enabling floating point exception trapping (FOAM_SIGFPE).
fileModificationChecking : Monitoring run-time modified files using timeStampMaster
allowSystemOperations : Allowing user-supplied system call operations

// * * * * * * * * * * * * * * * * * * * * * * * * * * * * * * * * * * * * * //
Create time

Create mesh for time = 0.42

Selecting dynamicFvMesh dynamicMotionSolverFvMesh
Selecting motion solver: displacementLaplacian
Selecting motion diffusion: quadratic
Selecting motion diffusion: quadratic
Selecting motion diffusion: inverseDistance

PIMPLE: no residual control data found. Calculations will employ 3 corrector loops

Reading field p

Reading field U

Reading/calculating face flux field phi

Selecting incompressible transport model Newtonian
Selecting turbulence model type RASModel
Selecting RAS turbulence model kOmegaSST
kOmegaSSTCoeffs
{
    alphaK1         0.85034;
    alphaK2         1;
    alphaOmega1     0.5;
    alphaOmega2     0.85616;
    gamma1          0.5532;
    gamma2          0.4403;
    beta1           0.075;
    beta2           0.0828;
    betaStar        0.09;
    a1              0.31;
    c1              10;
    Cmu             0.09;
    b1              1;
    F3              false;
}

Reading/calculating face velocity Uf

No finite volume options present

Courant Number mean: 0.159368 max: 0.342007

Starting time loop

Courant Number mean: 0.159368 max: 0.342007
Time = 0.421

GAMG:  Solving for cellDisplacementx, Initial residual = 0, Final residual = 0, No Iterations 0
GAMG:  Solving for cellDisplacementy, Initial residual = 0, Final residual = 0, No Iterations 0
GAMG:  Solving for cellDisplacementz, Initial residual = 0, Final residual = 0, No Iterations 0
PIMPLE: iteration 1
DILUPBiCG:  Solving for Ux, Initial residual = 0.0635131, Final residual = 0.000220903, No Iterations 1
DILUPBiCG:  Solving for Uy, Initial residual = 0.0111036, Final residual = 2.13272e-05, No Iterations 1
DILUPBiCG:  Solving for Uz, Initial residual = 0.0240289, Final residual = 2.66837e-05, No Iterations 1
GAMG:  Solving for p, Initial residual = 0.132646, Final residual = 0.000905163, No Iterations 6
GAMG:  Solving for p, Initial residual = 0.0161867, Final residual = 0.000159425, No Iterations 16
GAMG:  Solving for p, Initial residual = 0.00712108, Final residual = 6.07208e-05, No Iterations 10
time step continuity errors : sum local = 8.80201e-07, global = -2.26331e-07, cumulative = -2.26331e-07
GAMG:  Solving for p, Initial residual = 0.05654, Final residual = 0.000535414, No Iterations 4
GAMG:  Solving for p, Initial residual = 0.00810074, Final residual = 7.99246e-05, No Iterations 16
GAMG:  Solving for p, Initial residual = 0.00372503, Final residual = 3.37335e-05, No Iterations 10
time step continuity errors : sum local = 4.89982e-07, global = -1.26143e-07, cumulative = -3.52474e-07
PIMPLE: iteration 2
DILUPBiCG:  Solving for Ux, Initial residual = 0.0176765, Final residual = 9.14317e-05, No Iterations 1
DILUPBiCG:  Solving for Uy, Initial residual = 0.00305068, Final residual = 7.24771e-06, No Iterations 1
DILUPBiCG:  Solving for Uz, Initial residual = 0.00409191, Final residual = 1.79092e-05, No Iterations 1
GAMG:  Solving for p, Initial residual = 0.0574953, Final residual = 0.000427023, No Iterations 4
GAMG:  Solving for p, Initial residual = 0.00938249, Final residual = 9.20218e-05, No Iterations 14
GAMG:  Solving for p, Initial residual = 0.00435315, Final residual = 4.3135e-05, No Iterations 8
time step continuity errors : sum local = 5.37542e-07, global = 1.27577e-07, cumulative = -2.24897e-07
GAMG:  Solving for p, Initial residual = 0.0293683, Final residual = 0.000191508, No Iterations 4
GAMG:  Solving for p, Initial residual = 0.00473838, Final residual = 4.64791e-05, No Iterations 12
GAMG:  Solving for p, Initial residual = 0.00210631, Final residual = 1.79281e-05, No Iterations 10
time step continuity errors : sum local = 2.24256e-07, global = 5.65873e-08, cumulative = -1.6831e-07
PIMPLE: iteration 3
DILUPBiCG:  Solving for Ux, Initial residual = 0.00430752, Final residual = 1.53242e-06, No Iterations 2
DILUPBiCG:  Solving for Uy, Initial residual = 0.000767565, Final residual = 7.64239e-06, No Iterations 1
DILUPBiCG:  Solving for Uz, Initial residual = 0.00806828, Final residual = 2.85863e-06, No Iterations 2
GAMG:  Solving for p, Initial residual = 0.0396633, Final residual = 0.000317467, No Iterations 5
GAMG:  Solving for p, Initial residual = 0.00880292, Final residual = 7.89319e-05, No Iterations 13
GAMG:  Solving for p, Initial residual = 0.004266, Final residual = 4.16669e-05, No Iterations 8
time step continuity errors : sum local = 5.84226e-07, global = 1.30295e-07, cumulative = -3.80145e-08
GAMG:  Solving for p, Initial residual = 0.00226591, Final residual = 2.17009e-05, No Iterations 14
GAMG:  Solving for p, Initial residual = 0.00123561, Final residual = 1.02166e-05, No Iterations 4
GAMG:  Solving for p, Initial residual = 0.000500148, Final residual = 8.7825e-07, No Iterations 28
time step continuity errors : sum local = 1.22254e-08, global = -3.61301e-09, cumulative = -4.16275e-08
DILUPBiCG:  Solving for omega, Initial residual = 0.000720043, Final residual = 7.11177e-07, No Iterations 1
DILUPBiCG:  Solving for k, Initial residual = 0.00418879, Final residual = 1.23787e-06, No Iterations 2
ExecutionTime = 17.02 s  ClockTime = 17 s

End

