/*---------------------------------------------------------------------------*\
| =========                 |                                                 |
| \\      /  F ield         | OpenFOAM: The Open Source CFD Toolbox           |
|  \\    /   O peration     | Version:  2.3.1                                 |
|   \\  /    A nd           | Web:      www.OpenFOAM.org                      |
|    \\/     M anipulation  |                                                 |
\*---------------------------------------------------------------------------*/
Build  : 2.3.1-262087cdf8db
Exec   : pimpleDyMFoam
Date   : Jun 05 2023
Time   : 18:47:15
Host   : "jcosson-VirtualBox"
PID    : 23994
Case   : /home/jcosson/workspace/henersj_shootingdata/calcs/moderate_deformed/primal/56_intervals_05-06-23/sweep21/interval40
nProcs : 1
sigFpe : Enabling floating point exception trapping (FOAM_SIGFPE).
fileModificationChecking : Monitoring run-time modified files using timeStampMaster
allowSystemOperations : Allowing user-supplied system call operations

// * * * * * * * * * * * * * * * * * * * * * * * * * * * * * * * * * * * * * //
Create time

Create mesh for time = 0.47

Selecting dynamicFvMesh dynamicMotionSolverFvMesh
Selecting motion solver: displacementLaplacian
Selecting motion diffusion: quadratic
Selecting motion diffusion: quadratic
Selecting motion diffusion: inverseDistance

PIMPLE: no residual control data found. Calculations will employ 3 corrector loops

Reading field p

Reading field U

Reading/calculating face flux field phi

Selecting incompressible transport model Newtonian
Selecting turbulence model type RASModel
Selecting RAS turbulence model kOmegaSST
kOmegaSSTCoeffs
{
    alphaK1         0.85034;
    alphaK2         1;
    alphaOmega1     0.5;
    alphaOmega2     0.85616;
    gamma1          0.5532;
    gamma2          0.4403;
    beta1           0.075;
    beta2           0.0828;
    betaStar        0.09;
    a1              0.31;
    c1              10;
    Cmu             0.09;
    b1              1;
    F3              false;
}

Reading/calculating face velocity Uf

No finite volume options present

Courant Number mean: 0.217174 max: 0.478962

Starting time loop

Courant Number mean: 0.217174 max: 0.478962
Time = 0.471

GAMG:  Solving for cellDisplacementx, Initial residual = 0, Final residual = 0, No Iterations 0
GAMG:  Solving for cellDisplacementy, Initial residual = 0, Final residual = 0, No Iterations 0
GAMG:  Solving for cellDisplacementz, Initial residual = 0, Final residual = 0, No Iterations 0
PIMPLE: iteration 1
DILUPBiCG:  Solving for Ux, Initial residual = 0.0491942, Final residual = 0.000204815, No Iterations 1
DILUPBiCG:  Solving for Uy, Initial residual = 0.00804811, Final residual = 1.84876e-05, No Iterations 1
DILUPBiCG:  Solving for Uz, Initial residual = 0.0122516, Final residual = 3.03202e-05, No Iterations 1
GAMG:  Solving for p, Initial residual = 0.12981, Final residual = 0.00102596, No Iterations 6
GAMG:  Solving for p, Initial residual = 0.0149954, Final residual = 0.000127323, No Iterations 20
GAMG:  Solving for p, Initial residual = 0.00652374, Final residual = 6.19107e-05, No Iterations 10
time step continuity errors : sum local = 8.79494e-07, global = 2.35588e-07, cumulative = 2.35588e-07
GAMG:  Solving for p, Initial residual = 0.054742, Final residual = 0.000343746, No Iterations 6
GAMG:  Solving for p, Initial residual = 0.0075705, Final residual = 7.14401e-05, No Iterations 16
GAMG:  Solving for p, Initial residual = 0.00338062, Final residual = 2.951e-05, No Iterations 12
time step continuity errors : sum local = 4.18316e-07, global = 1.25275e-07, cumulative = 3.60863e-07
PIMPLE: iteration 2
DILUPBiCG:  Solving for Ux, Initial residual = 0.0144032, Final residual = 8.49563e-05, No Iterations 1
DILUPBiCG:  Solving for Uy, Initial residual = 0.00248516, Final residual = 5.68597e-06, No Iterations 1
DILUPBiCG:  Solving for Uz, Initial residual = 0.00351383, Final residual = 1.28747e-05, No Iterations 1
GAMG:  Solving for p, Initial residual = 0.0552374, Final residual = 0.000473089, No Iterations 4
GAMG:  Solving for p, Initial residual = 0.00900914, Final residual = 8.524e-05, No Iterations 16
GAMG:  Solving for p, Initial residual = 0.00412007, Final residual = 3.99369e-05, No Iterations 8
time step continuity errors : sum local = 4.81468e-07, global = -1.43771e-07, cumulative = 2.17091e-07
GAMG:  Solving for p, Initial residual = 0.0283495, Final residual = 0.000205682, No Iterations 4
GAMG:  Solving for p, Initial residual = 0.00444557, Final residual = 3.90535e-05, No Iterations 14
GAMG:  Solving for p, Initial residual = 0.00192381, Final residual = 1.89696e-05, No Iterations 8
time step continuity errors : sum local = 2.29954e-07, global = -6.38579e-08, cumulative = 1.53234e-07
PIMPLE: iteration 3
DILUPBiCG:  Solving for Ux, Initial residual = 0.00358739, Final residual = 1.92968e-06, No Iterations 2
DILUPBiCG:  Solving for Uy, Initial residual = 0.00061834, Final residual = 6.92485e-06, No Iterations 1
DILUPBiCG:  Solving for Uz, Initial residual = 0.00714131, Final residual = 3.45102e-06, No Iterations 2
GAMG:  Solving for p, Initial residual = 0.0402507, Final residual = 0.0003377, No Iterations 5
GAMG:  Solving for p, Initial residual = 0.00910796, Final residual = 8.34857e-05, No Iterations 13
GAMG:  Solving for p, Initial residual = 0.00436276, Final residual = 4.03816e-05, No Iterations 10
time step continuity errors : sum local = 5.46463e-07, global = -1.4242e-07, cumulative = 1.08131e-08
GAMG:  Solving for p, Initial residual = 0.00248583, Final residual = 2.3366e-05, No Iterations 18
GAMG:  Solving for p, Initial residual = 0.00137916, Final residual = 1.21651e-05, No Iterations 4
GAMG:  Solving for p, Initial residual = 0.000551214, Final residual = 9.95595e-07, No Iterations 34
time step continuity errors : sum local = 1.3415e-08, global = 3.93979e-09, cumulative = 1.47529e-08
DILUPBiCG:  Solving for omega, Initial residual = 0.000506882, Final residual = 6.42008e-07, No Iterations 1
DILUPBiCG:  Solving for k, Initial residual = 0.00455694, Final residual = 1.71704e-06, No Iterations 2
ExecutionTime = 15.88 s  ClockTime = 17 s

End

