/*---------------------------------------------------------------------------*\
| =========                 |                                                 |
| \\      /  F ield         | OpenFOAM: The Open Source CFD Toolbox           |
|  \\    /   O peration     | Version:  2.3.1                                 |
|   \\  /    A nd           | Web:      www.OpenFOAM.org                      |
|    \\/     M anipulation  |                                                 |
\*---------------------------------------------------------------------------*/
Build  : 2.3.1-262087cdf8db
Exec   : pimpleDyMFoam
Date   : Jun 05 2023
Time   : 18:47:19
Host   : "jcosson-VirtualBox"
PID    : 24006
Case   : /home/jcosson/workspace/henersj_shootingdata/calcs/moderate_deformed/primal/56_intervals_05-06-23/sweep21/interval46
nProcs : 1
sigFpe : Enabling floating point exception trapping (FOAM_SIGFPE).
fileModificationChecking : Monitoring run-time modified files using timeStampMaster
allowSystemOperations : Allowing user-supplied system call operations

// * * * * * * * * * * * * * * * * * * * * * * * * * * * * * * * * * * * * * //
Create time

Create mesh for time = 0.48

Selecting dynamicFvMesh dynamicMotionSolverFvMesh
Selecting motion solver: displacementLaplacian
Selecting motion diffusion: quadratic
Selecting motion diffusion: quadratic
Selecting motion diffusion: inverseDistance

PIMPLE: no residual control data found. Calculations will employ 3 corrector loops

Reading field p

Reading field U

Reading/calculating face flux field phi

Selecting incompressible transport model Newtonian
Selecting turbulence model type RASModel
Selecting RAS turbulence model kOmegaSST
bounding k, min: 0 max: 0.000743347 average: 0.000162065
kOmegaSSTCoeffs
{
    alphaK1         0.85034;
    alphaK2         1;
    alphaOmega1     0.5;
    alphaOmega2     0.85616;
    gamma1          0.5532;
    gamma2          0.4403;
    beta1           0.075;
    beta2           0.0828;
    betaStar        0.09;
    a1              0.31;
    c1              10;
    Cmu             0.09;
    b1              1;
    F3              false;
}

Reading/calculating face velocity Uf

No finite volume options present

Courant Number mean: 0.161245 max: 0.359202

Starting time loop

Courant Number mean: 0.161245 max: 0.359202
Time = 0.481

GAMG:  Solving for cellDisplacementx, Initial residual = 0, Final residual = 0, No Iterations 0
GAMG:  Solving for cellDisplacementy, Initial residual = 0, Final residual = 0, No Iterations 0
GAMG:  Solving for cellDisplacementz, Initial residual = 0, Final residual = 0, No Iterations 0
PIMPLE: iteration 1
DILUPBiCG:  Solving for Ux, Initial residual = 0.0639852, Final residual = 0.000248562, No Iterations 1
DILUPBiCG:  Solving for Uy, Initial residual = 0.0113976, Final residual = 2.41429e-05, No Iterations 1
DILUPBiCG:  Solving for Uz, Initial residual = 0.0110351, Final residual = 1.82817e-05, No Iterations 1
GAMG:  Solving for p, Initial residual = 0.1204, Final residual = 0.00113984, No Iterations 4
GAMG:  Solving for p, Initial residual = 0.0147146, Final residual = 0.00012909, No Iterations 20
GAMG:  Solving for p, Initial residual = 0.00682302, Final residual = 5.90582e-05, No Iterations 10
time step continuity errors : sum local = 8.90445e-07, global = 2.36578e-07, cumulative = 2.36578e-07
GAMG:  Solving for p, Initial residual = 0.0524069, Final residual = 0.00044273, No Iterations 4
GAMG:  Solving for p, Initial residual = 0.00735727, Final residual = 7.30241e-05, No Iterations 16
GAMG:  Solving for p, Initial residual = 0.00344981, Final residual = 2.94513e-05, No Iterations 12
time step continuity errors : sum local = 4.4493e-07, global = 1.32905e-07, cumulative = 3.69482e-07
PIMPLE: iteration 2
DILUPBiCG:  Solving for Ux, Initial residual = 0.0175332, Final residual = 0.000102987, No Iterations 1
DILUPBiCG:  Solving for Uy, Initial residual = 0.00328008, Final residual = 6.85797e-06, No Iterations 1
DILUPBiCG:  Solving for Uz, Initial residual = 0.00279525, Final residual = 1.04906e-05, No Iterations 1
GAMG:  Solving for p, Initial residual = 0.0520356, Final residual = 0.000475692, No Iterations 4
GAMG:  Solving for p, Initial residual = 0.00910001, Final residual = 8.4348e-05, No Iterations 16
GAMG:  Solving for p, Initial residual = 0.00403045, Final residual = 3.98008e-05, No Iterations 8
time step continuity errors : sum local = 5.18581e-07, global = -1.33646e-07, cumulative = 2.35837e-07
GAMG:  Solving for p, Initial residual = 0.0269635, Final residual = 0.000215366, No Iterations 4
GAMG:  Solving for p, Initial residual = 0.00462348, Final residual = 4.0555e-05, No Iterations 14
GAMG:  Solving for p, Initial residual = 0.00190044, Final residual = 1.71634e-05, No Iterations 10
time step continuity errors : sum local = 2.24617e-07, global = -5.69163e-08, cumulative = 1.7892e-07
PIMPLE: iteration 3
DILUPBiCG:  Solving for Ux, Initial residual = 0.0040336, Final residual = 2.92586e-06, No Iterations 2
DILUPBiCG:  Solving for Uy, Initial residual = 0.000770461, Final residual = 5.44097e-06, No Iterations 1
DILUPBiCG:  Solving for Uz, Initial residual = 0.00625272, Final residual = 3.31407e-06, No Iterations 2
GAMG:  Solving for p, Initial residual = 0.0415231, Final residual = 0.000355892, No Iterations 5
GAMG:  Solving for p, Initial residual = 0.00951632, Final residual = 8.53192e-05, No Iterations 12
GAMG:  Solving for p, Initial residual = 0.00454577, Final residual = 4.10808e-05, No Iterations 10
time step continuity errors : sum local = 6.01309e-07, global = -1.55958e-07, cumulative = 2.29622e-08
GAMG:  Solving for p, Initial residual = 0.00240041, Final residual = 2.38921e-05, No Iterations 13
GAMG:  Solving for p, Initial residual = 0.00129491, Final residual = 9.89087e-06, No Iterations 5
GAMG:  Solving for p, Initial residual = 0.000530809, Final residual = 9.84548e-07, No Iterations 28
time step continuity errors : sum local = 1.4303e-08, global = 4.28077e-09, cumulative = 2.7243e-08
DILUPBiCG:  Solving for omega, Initial residual = 0.000889796, Final residual = 7.5286e-07, No Iterations 1
DILUPBiCG:  Solving for k, Initial residual = 0.00401958, Final residual = 7.33931e-07, No Iterations 2
bounding k, min: 0 max: 0.000732647 average: 0.00016096
ExecutionTime = 17.11 s  ClockTime = 18 s

Courant Number mean: 0.155896 max: 0.347931
Time = 0.482

GAMG:  Solving for cellDisplacementx, Initial residual = 0, Final residual = 0, No Iterations 0
GAMG:  Solving for cellDisplacementy, Initial residual = 0, Final residual = 0, No Iterations 0
GAMG:  Solving for cellDisplacementz, Initial residual = 0, Final residual = 0, No Iterations 0
PIMPLE: iteration 1
DILUPBiCG:  Solving for Ux, Initial residual = 0.0643605, Final residual = 0.000248111, No Iterations 1
DILUPBiCG:  Solving for Uy, Initial residual = 0.0115673, Final residual = 2.42257e-05, No Iterations 1
DILUPBiCG:  Solving for Uz, Initial residual = 0.00961732, Final residual = 1.55059e-05, No Iterations 1
GAMG:  Solving for p, Initial residual = 0.111454, Final residual = 0.00075, No Iterations 6
GAMG:  Solving for p, Initial residual = 0.012757, Final residual = 0.000122718, No Iterations 18
GAMG:  Solving for p, Initial residual = 0.00591208, Final residual = 5.76864e-05, No Iterations 10
time step continuity errors : sum local = 8.55547e-07, global = 2.23933e-07, cumulative = 2.51176e-07
GAMG:  Solving for p, Initial residual = 0.0487178, Final residual = 0.000440766, No Iterations 4
GAMG:  Solving for p, Initial residual = 0.00645458, Final residual = 6.2509e-05, No Iterations 18
GAMG:  Solving for p, Initial residual = 0.00313173, Final residual = 3.00807e-05, No Iterations 10
time step continuity errors : sum local = 4.47431e-07, global = 1.17809e-07, cumulative = 3.68984e-07
PIMPLE: iteration 2
DILUPBiCG:  Solving for Ux, Initial residual = 0.0175074, Final residual = 0.00010232, No Iterations 1
DILUPBiCG:  Solving for Uy, Initial residual = 0.00331164, Final residual = 6.85886e-06, No Iterations 1
DILUPBiCG:  Solving for Uz, Initial residual = 0.00277705, Final residual = 1.02916e-05, No Iterations 1
GAMG:  Solving for p, Initial residual = 0.0477001, Final residual = 0.000303394, No Iterations 6
GAMG:  Solving for p, Initial residual = 0.00800255, Final residual = 7.55224e-05, No Iterations 16
GAMG:  Solving for p, Initial residual = 0.00329264, Final residual = 3.17993e-05, No Iterations 10
time step continuity errors : sum local = 4.08096e-07, global = -1.09895e-07, cumulative = 2.59089e-07
GAMG:  Solving for p, Initial residual = 0.0246939, Final residual = 0.000215786, No Iterations 4
GAMG:  Solving for p, Initial residual = 0.00398117, Final residual = 3.48949e-05, No Iterations 16
GAMG:  Solving for p, Initial residual = 0.00167184, Final residual = 1.50867e-05, No Iterations 10
time step continuity errors : sum local = 1.94565e-07, global = -5.06448e-08, cumulative = 2.08445e-07
PIMPLE: iteration 3
DILUPBiCG:  Solving for Ux, Initial residual = 0.00398897, Final residual = 2.91583e-06, No Iterations 2
DILUPBiCG:  Solving for Uy, Initial residual = 0.000778544, Final residual = 5.28279e-06, No Iterations 1
DILUPBiCG:  Solving for Uz, Initial residual = 0.00607881, Final residual = 3.32692e-06, No Iterations 2
GAMG:  Solving for p, Initial residual = 0.0413535, Final residual = 0.000353244, No Iterations 5
GAMG:  Solving for p, Initial residual = 0.00945297, Final residual = 8.28607e-05, No Iterations 12
GAMG:  Solving for p, Initial residual = 0.00456644, Final residual = 3.87826e-05, No Iterations 10
time step continuity errors : sum local = 5.59237e-07, global = -1.45119e-07, cumulative = 6.33261e-08
GAMG:  Solving for p, Initial residual = 0.00236904, Final residual = 2.20964e-05, No Iterations 14
GAMG:  Solving for p, Initial residual = 0.00128518, Final residual = 1.13626e-05, No Iterations 4
GAMG:  Solving for p, Initial residual = 0.000530516, Final residual = 9.21308e-07, No Iterations 30
time step continuity errors : sum local = 1.31747e-08, global = 3.9233e-09, cumulative = 6.72494e-08
DILUPBiCG:  Solving for omega, Initial residual = 0.000930779, Final residual = 7.58804e-07, No Iterations 1
DILUPBiCG:  Solving for k, Initial residual = 0.00396887, Final residual = 7.21787e-07, No Iterations 2
bounding k, min: 0 max: 0.000721172 average: 0.000159871
ExecutionTime = 32.15 s  ClockTime = 33 s

End

