/*---------------------------------------------------------------------------*\
| =========                 |                                                 |
| \\      /  F ield         | OpenFOAM: The Open Source CFD Toolbox           |
|  \\    /   O peration     | Version:  2.3.1                                 |
|   \\  /    A nd           | Web:      www.OpenFOAM.org                      |
|    \\/     M anipulation  |                                                 |
\*---------------------------------------------------------------------------*/
Build  : 2.3.1-262087cdf8db
Exec   : pimpleDyMFoam
Date   : Jun 05 2023
Time   : 18:47:02
Host   : "jcosson-VirtualBox"
PID    : 23984
Case   : /home/jcosson/workspace/henersj_shootingdata/calcs/moderate_deformed/primal/56_intervals_05-06-23/sweep21/interval35
nProcs : 1
sigFpe : Enabling floating point exception trapping (FOAM_SIGFPE).
fileModificationChecking : Monitoring run-time modified files using timeStampMaster
allowSystemOperations : Allowing user-supplied system call operations

// * * * * * * * * * * * * * * * * * * * * * * * * * * * * * * * * * * * * * //
Create time

Create mesh for time = 0.461

Selecting dynamicFvMesh dynamicMotionSolverFvMesh
Selecting motion solver: displacementLaplacian
Selecting motion diffusion: quadratic
Selecting motion diffusion: quadratic
Selecting motion diffusion: inverseDistance

PIMPLE: no residual control data found. Calculations will employ 3 corrector loops

Reading field p

Reading field U

Reading/calculating face flux field phi

Selecting incompressible transport model Newtonian
Selecting turbulence model type RASModel
Selecting RAS turbulence model kOmegaSST
kOmegaSSTCoeffs
{
    alphaK1         0.85034;
    alphaK2         1;
    alphaOmega1     0.5;
    alphaOmega2     0.85616;
    gamma1          0.5532;
    gamma2          0.4403;
    beta1           0.075;
    beta2           0.0828;
    betaStar        0.09;
    a1              0.31;
    c1              10;
    Cmu             0.09;
    b1              1;
    F3              false;
}

Reading/calculating face velocity Uf

No finite volume options present

Courant Number mean: 0.259021 max: 0.574402

Starting time loop

Courant Number mean: 0.259021 max: 0.574402
Time = 0.462

GAMG:  Solving for cellDisplacementx, Initial residual = 0, Final residual = 0, No Iterations 0
GAMG:  Solving for cellDisplacementy, Initial residual = 0, Final residual = 0, No Iterations 0
GAMG:  Solving for cellDisplacementz, Initial residual = 0, Final residual = 0, No Iterations 0
PIMPLE: iteration 1
DILUPBiCG:  Solving for Ux, Initial residual = 0.0273523, Final residual = 0.000111562, No Iterations 1
DILUPBiCG:  Solving for Uy, Initial residual = 0.00435733, Final residual = 1.02659e-05, No Iterations 1
DILUPBiCG:  Solving for Uz, Initial residual = 0.0144162, Final residual = 3.63654e-05, No Iterations 1
GAMG:  Solving for p, Initial residual = 0.153127, Final residual = 0.00131443, No Iterations 6
GAMG:  Solving for p, Initial residual = 0.0187714, Final residual = 0.000178188, No Iterations 18
GAMG:  Solving for p, Initial residual = 0.00769886, Final residual = 6.95527e-05, No Iterations 12
time step continuity errors : sum local = 6.53586e-07, global = 1.9652e-07, cumulative = 1.9652e-07
GAMG:  Solving for p, Initial residual = 0.0623442, Final residual = 0.000421074, No Iterations 6
GAMG:  Solving for p, Initial residual = 0.00935625, Final residual = 8.42949e-05, No Iterations 16
GAMG:  Solving for p, Initial residual = 0.00401773, Final residual = 3.36335e-05, No Iterations 12
time step continuity errors : sum local = 3.14499e-07, global = 9.37355e-08, cumulative = 2.90256e-07
PIMPLE: iteration 2
DILUPBiCG:  Solving for Ux, Initial residual = 0.00855605, Final residual = 4.19396e-05, No Iterations 1
DILUPBiCG:  Solving for Uy, Initial residual = 0.0014312, Final residual = 3.89951e-06, No Iterations 1
DILUPBiCG:  Solving for Uz, Initial residual = 0.00396986, Final residual = 1.17906e-05, No Iterations 1
GAMG:  Solving for p, Initial residual = 0.0639973, Final residual = 0.000416749, No Iterations 4
GAMG:  Solving for p, Initial residual = 0.0106206, Final residual = 9.46011e-05, No Iterations 14
GAMG:  Solving for p, Initial residual = 0.00488165, Final residual = 4.31962e-05, No Iterations 8
time step continuity errors : sum local = 3.41705e-07, global = -1.07821e-07, cumulative = 1.82434e-07
GAMG:  Solving for p, Initial residual = 0.032348, Final residual = 0.000176061, No Iterations 4
GAMG:  Solving for p, Initial residual = 0.00517717, Final residual = 4.35453e-05, No Iterations 12
GAMG:  Solving for p, Initial residual = 0.00231017, Final residual = 2.26556e-05, No Iterations 6
time step continuity errors : sum local = 1.80123e-07, global = -6.46799e-08, cumulative = 1.17755e-07
PIMPLE: iteration 3
DILUPBiCG:  Solving for Ux, Initial residual = 0.0023288, Final residual = 6.63582e-06, No Iterations 2
DILUPBiCG:  Solving for Uy, Initial residual = 0.000387061, Final residual = 6.77435e-06, No Iterations 1
DILUPBiCG:  Solving for Uz, Initial residual = 0.0054641, Final residual = 1.30667e-06, No Iterations 2
GAMG:  Solving for p, Initial residual = 0.0425557, Final residual = 0.000340741, No Iterations 5
GAMG:  Solving for p, Initial residual = 0.00974161, Final residual = 8.54075e-05, No Iterations 15
GAMG:  Solving for p, Initial residual = 0.00455305, Final residual = 4.49168e-05, No Iterations 8
time step continuity errors : sum local = 3.9582e-07, global = -8.88725e-08, cumulative = 2.8882e-08
GAMG:  Solving for p, Initial residual = 0.00292278, Final residual = 2.68804e-05, No Iterations 18
GAMG:  Solving for p, Initial residual = 0.00165645, Final residual = 1.44433e-05, No Iterations 4
GAMG:  Solving for p, Initial residual = 0.000627997, Final residual = 9.46024e-07, No Iterations 38
time step continuity errors : sum local = 8.32844e-09, global = 2.47001e-09, cumulative = 3.1352e-08
DILUPBiCG:  Solving for omega, Initial residual = 0.000597054, Final residual = 1.24598e-06, No Iterations 1
DILUPBiCG:  Solving for k, Initial residual = 0.00490764, Final residual = 1.35168e-06, No Iterations 2
ExecutionTime = 17.23 s  ClockTime = 18 s

Courant Number mean: 0.255241 max: 0.56609
Time = 0.463

GAMG:  Solving for cellDisplacementx, Initial residual = 0, Final residual = 0, No Iterations 0
GAMG:  Solving for cellDisplacementy, Initial residual = 0, Final residual = 0, No Iterations 0
GAMG:  Solving for cellDisplacementz, Initial residual = 0, Final residual = 0, No Iterations 0
PIMPLE: iteration 1
DILUPBiCG:  Solving for Ux, Initial residual = 0.0299232, Final residual = 0.000123041, No Iterations 1
DILUPBiCG:  Solving for Uy, Initial residual = 0.00475993, Final residual = 1.11863e-05, No Iterations 1
DILUPBiCG:  Solving for Uz, Initial residual = 0.0131574, Final residual = 3.42466e-05, No Iterations 1
GAMG:  Solving for p, Initial residual = 0.132106, Final residual = 0.00129116, No Iterations 6
GAMG:  Solving for p, Initial residual = 0.0152791, Final residual = 0.000147809, No Iterations 20
GAMG:  Solving for p, Initial residual = 0.00643401, Final residual = 5.75091e-05, No Iterations 12
time step continuity errors : sum local = 5.79237e-07, global = 1.73928e-07, cumulative = 2.0528e-07
GAMG:  Solving for p, Initial residual = 0.053859, Final residual = 0.000411161, No Iterations 6
GAMG:  Solving for p, Initial residual = 0.00764958, Final residual = 7.03459e-05, No Iterations 18
GAMG:  Solving for p, Initial residual = 0.00334122, Final residual = 3.30356e-05, No Iterations 10
time step continuity errors : sum local = 3.31008e-07, global = 8.69083e-08, cumulative = 2.92189e-07
PIMPLE: iteration 2
DILUPBiCG:  Solving for Ux, Initial residual = 0.0092769, Final residual = 4.71989e-05, No Iterations 1
DILUPBiCG:  Solving for Uy, Initial residual = 0.00155392, Final residual = 4.08224e-06, No Iterations 1
DILUPBiCG:  Solving for Uz, Initial residual = 0.00390153, Final residual = 1.1861e-05, No Iterations 1
GAMG:  Solving for p, Initial residual = 0.0548555, Final residual = 0.00043163, No Iterations 4
GAMG:  Solving for p, Initial residual = 0.00871846, Final residual = 8.12697e-05, No Iterations 16
GAMG:  Solving for p, Initial residual = 0.0041211, Final residual = 3.8499e-05, No Iterations 8
time step continuity errors : sum local = 3.25715e-07, global = -1.12869e-07, cumulative = 1.7932e-07
GAMG:  Solving for p, Initial residual = 0.0278013, Final residual = 0.000181294, No Iterations 4
GAMG:  Solving for p, Initial residual = 0.00417245, Final residual = 3.66005e-05, No Iterations 14
GAMG:  Solving for p, Initial residual = 0.00189567, Final residual = 1.71001e-05, No Iterations 8
time step continuity errors : sum local = 1.45493e-07, global = -4.59057e-08, cumulative = 1.33414e-07
PIMPLE: iteration 3
DILUPBiCG:  Solving for Ux, Initial residual = 0.0024901, Final residual = 1.40388e-06, No Iterations 2
DILUPBiCG:  Solving for Uy, Initial residual = 0.000413934, Final residual = 6.9685e-06, No Iterations 1
DILUPBiCG:  Solving for Uz, Initial residual = 0.00580178, Final residual = 1.45501e-06, No Iterations 2
GAMG:  Solving for p, Initial residual = 0.0403015, Final residual = 0.000339166, No Iterations 5
GAMG:  Solving for p, Initial residual = 0.00925278, Final residual = 8.55826e-05, No Iterations 15
GAMG:  Solving for p, Initial residual = 0.00436572, Final residual = 3.69928e-05, No Iterations 10
time step continuity errors : sum local = 3.49484e-07, global = -9.09569e-08, cumulative = 4.24575e-08
GAMG:  Solving for p, Initial residual = 0.00272744, Final residual = 2.49747e-05, No Iterations 20
GAMG:  Solving for p, Initial residual = 0.00158017, Final residual = 1.36729e-05, No Iterations 4
GAMG:  Solving for p, Initial residual = 0.000596118, Final residual = 8.74883e-07, No Iterations 38
time step continuity errors : sum local = 8.25577e-09, global = 2.44651e-09, cumulative = 4.4904e-08
DILUPBiCG:  Solving for omega, Initial residual = 0.000563622, Final residual = 1.31363e-06, No Iterations 1
DILUPBiCG:  Solving for k, Initial residual = 0.00491614, Final residual = 1.46294e-06, No Iterations 2
ExecutionTime = 33.63 s  ClockTime = 34 s

End

