/*---------------------------------------------------------------------------*\
| =========                 |                                                 |
| \\      /  F ield         | OpenFOAM: The Open Source CFD Toolbox           |
|  \\    /   O peration     | Version:  2.3.1                                 |
|   \\  /    A nd           | Web:      www.OpenFOAM.org                      |
|    \\/     M anipulation  |                                                 |
\*---------------------------------------------------------------------------*/
Build  : 2.3.1-262087cdf8db
Exec   : pimpleDyMFoam
Date   : Jun 05 2023
Time   : 18:47:37
Host   : "jcosson-VirtualBox"
PID    : 24019
Case   : /home/jcosson/workspace/henersj_shootingdata/calcs/moderate_deformed/primal/56_intervals_05-06-23/sweep21/interval52
nProcs : 1
sigFpe : Enabling floating point exception trapping (FOAM_SIGFPE).
fileModificationChecking : Monitoring run-time modified files using timeStampMaster
allowSystemOperations : Allowing user-supplied system call operations

// * * * * * * * * * * * * * * * * * * * * * * * * * * * * * * * * * * * * * //
Create time

Create mesh for time = 0.491

Selecting dynamicFvMesh dynamicMotionSolverFvMesh
Selecting motion solver: displacementLaplacian
Selecting motion diffusion: quadratic
Selecting motion diffusion: quadratic
Selecting motion diffusion: inverseDistance

PIMPLE: no residual control data found. Calculations will employ 3 corrector loops

Reading field p

Reading field U

Reading/calculating face flux field phi

Selecting incompressible transport model Newtonian
Selecting turbulence model type RASModel
Selecting RAS turbulence model kOmegaSST
bounding k, min: 0 max: 0.000605372 average: 0.000153239
kOmegaSSTCoeffs
{
    alphaK1         0.85034;
    alphaK2         1;
    alphaOmega1     0.5;
    alphaOmega2     0.85616;
    gamma1          0.5532;
    gamma2          0.4403;
    beta1           0.075;
    beta2           0.0828;
    betaStar        0.09;
    a1              0.31;
    c1              10;
    Cmu             0.09;
    b1              1;
    F3              false;
}

Reading/calculating face velocity Uf

No finite volume options present

Courant Number mean: 0.1128 max: 0.258525

Starting time loop

Courant Number mean: 0.1128 max: 0.258525
Time = 0.492

GAMG:  Solving for cellDisplacementx, Initial residual = 0, Final residual = 0, No Iterations 0
GAMG:  Solving for cellDisplacementy, Initial residual = 0, Final residual = 0, No Iterations 0
GAMG:  Solving for cellDisplacementz, Initial residual = 0, Final residual = 0, No Iterations 0
PIMPLE: iteration 1
DILUPBiCG:  Solving for Ux, Initial residual = 0.0480644, Final residual = 0.000176745, No Iterations 1
DILUPBiCG:  Solving for Uy, Initial residual = 0.00995754, Final residual = 1.97e-05, No Iterations 1
DILUPBiCG:  Solving for Uz, Initial residual = 0.013869, Final residual = 1.37805e-05, No Iterations 1
GAMG:  Solving for p, Initial residual = 0.112704, Final residual = 0.00056982, No Iterations 4
GAMG:  Solving for p, Initial residual = 0.015694, Final residual = 0.000144584, No Iterations 16
GAMG:  Solving for p, Initial residual = 0.00773878, Final residual = 6.66449e-05, No Iterations 4
time step continuity errors : sum local = 6.25368e-07, global = 2.06665e-07, cumulative = 2.06665e-07
GAMG:  Solving for p, Initial residual = 0.0516305, Final residual = 0.000243713, No Iterations 4
GAMG:  Solving for p, Initial residual = 0.00767079, Final residual = 6.56432e-05, No Iterations 16
GAMG:  Solving for p, Initial residual = 0.00390246, Final residual = 3.18143e-05, No Iterations 5
time step continuity errors : sum local = 3.00743e-07, global = -1.08194e-07, cumulative = 9.84717e-08
PIMPLE: iteration 2
DILUPBiCG:  Solving for Ux, Initial residual = 0.012173, Final residual = 6.87623e-05, No Iterations 1
DILUPBiCG:  Solving for Uy, Initial residual = 0.00258284, Final residual = 5.10425e-06, No Iterations 1
DILUPBiCG:  Solving for Uz, Initial residual = 0.00251205, Final residual = 6.03356e-06, No Iterations 1
GAMG:  Solving for p, Initial residual = 0.0502456, Final residual = 0.000473832, No Iterations 5
GAMG:  Solving for p, Initial residual = 0.0118294, Final residual = 0.000113789, No Iterations 6
GAMG:  Solving for p, Initial residual = 0.00481823, Final residual = 2.89228e-05, No Iterations 5
time step continuity errors : sum local = 2.37719e-07, global = -5.50598e-08, cumulative = 4.34119e-08
GAMG:  Solving for p, Initial residual = 0.0268672, Final residual = 0.000248794, No Iterations 4
GAMG:  Solving for p, Initial residual = 0.00640012, Final residual = 5.93302e-05, No Iterations 12
GAMG:  Solving for p, Initial residual = 0.00241199, Final residual = 2.05901e-05, No Iterations 10
time step continuity errors : sum local = 1.6959e-07, global = -4.31545e-08, cumulative = 2.57403e-10
PIMPLE: iteration 3
DILUPBiCG:  Solving for Ux, Initial residual = 0.0024519, Final residual = 2.50653e-06, No Iterations 2
DILUPBiCG:  Solving for Uy, Initial residual = 0.000558063, Final residual = 5.14574e-06, No Iterations 1
DILUPBiCG:  Solving for Uz, Initial residual = 0.00376609, Final residual = 1.25046e-06, No Iterations 2
GAMG:  Solving for p, Initial residual = 0.0477495, Final residual = 0.000360227, No Iterations 5
GAMG:  Solving for p, Initial residual = 0.0111194, Final residual = 0.000105083, No Iterations 14
GAMG:  Solving for p, Initial residual = 0.00578727, Final residual = 5.49175e-05, No Iterations 10
time step continuity errors : sum local = 5.04616e-07, global = -1.34654e-07, cumulative = -1.34397e-07
GAMG:  Solving for p, Initial residual = 0.00267798, Final residual = 2.57336e-05, No Iterations 6
GAMG:  Solving for p, Initial residual = 0.00137436, Final residual = 1.27987e-05, No Iterations 4
GAMG:  Solving for p, Initial residual = 0.000541995, Final residual = 9.25889e-07, No Iterations 18
time step continuity errors : sum local = 8.39817e-09, global = 2.66024e-09, cumulative = -1.31737e-07
DILUPBiCG:  Solving for omega, Initial residual = 0.00130783, Final residual = 7.32426e-07, No Iterations 1
DILUPBiCG:  Solving for k, Initial residual = 0.00353667, Final residual = 5.95857e-07, No Iterations 2
bounding k, min: 0 max: 0.000587614 average: 0.00015234
ExecutionTime = 14.75 s  ClockTime = 15 s

Courant Number mean: 0.109916 max: 0.252412
Time = 0.493

GAMG:  Solving for cellDisplacementx, Initial residual = 0, Final residual = 0, No Iterations 0
GAMG:  Solving for cellDisplacementy, Initial residual = 0, Final residual = 0, No Iterations 0
GAMG:  Solving for cellDisplacementz, Initial residual = 0, Final residual = 0, No Iterations 0
PIMPLE: iteration 1
DILUPBiCG:  Solving for Ux, Initial residual = 0.0443583, Final residual = 0.00016251, No Iterations 1
DILUPBiCG:  Solving for Uy, Initial residual = 0.00923579, Final residual = 1.81471e-05, No Iterations 1
DILUPBiCG:  Solving for Uz, Initial residual = 0.0121007, Final residual = 1.0639e-05, No Iterations 1
GAMG:  Solving for p, Initial residual = 0.102509, Final residual = 0.000563024, No Iterations 4
GAMG:  Solving for p, Initial residual = 0.0135135, Final residual = 0.000133902, No Iterations 16
GAMG:  Solving for p, Initial residual = 0.00702213, Final residual = 5.97407e-05, No Iterations 5
time step continuity errors : sum local = 5.11534e-07, global = -1.83188e-07, cumulative = -3.14924e-07
GAMG:  Solving for p, Initial residual = 0.0472886, Final residual = 0.000238577, No Iterations 4
GAMG:  Solving for p, Initial residual = 0.00662981, Final residual = 5.97171e-05, No Iterations 16
GAMG:  Solving for p, Initial residual = 0.00354785, Final residual = 2.50826e-05, No Iterations 5
time step continuity errors : sum local = 2.16448e-07, global = -6.61203e-08, cumulative = -3.81044e-07
PIMPLE: iteration 2
DILUPBiCG:  Solving for Ux, Initial residual = 0.011088, Final residual = 6.27691e-05, No Iterations 1
DILUPBiCG:  Solving for Uy, Initial residual = 0.0023788, Final residual = 4.69399e-06, No Iterations 1
DILUPBiCG:  Solving for Uz, Initial residual = 0.00262145, Final residual = 2.89278e-07, No Iterations 2
GAMG:  Solving for p, Initial residual = 0.0449084, Final residual = 0.000332735, No Iterations 6
GAMG:  Solving for p, Initial residual = 0.0106289, Final residual = 9.43289e-05, No Iterations 14
GAMG:  Solving for p, Initial residual = 0.0041041, Final residual = 3.35567e-05, No Iterations 10
time step continuity errors : sum local = 2.52549e-07, global = -6.47252e-08, cumulative = -4.4577e-07
GAMG:  Solving for p, Initial residual = 0.0238924, Final residual = 0.00015068, No Iterations 6
GAMG:  Solving for p, Initial residual = 0.00559783, Final residual = 4.91827e-05, No Iterations 12
GAMG:  Solving for p, Initial residual = 0.00197186, Final residual = 1.77418e-05, No Iterations 10
time step continuity errors : sum local = 1.3382e-07, global = -3.42106e-08, cumulative = -4.7998e-07
PIMPLE: iteration 3
DILUPBiCG:  Solving for Ux, Initial residual = 0.00216168, Final residual = 3.12645e-06, No Iterations 2
DILUPBiCG:  Solving for Uy, Initial residual = 0.00051049, Final residual = 5.91705e-06, No Iterations 1
DILUPBiCG:  Solving for Uz, Initial residual = 0.00389215, Final residual = 2.20289e-06, No Iterations 2
GAMG:  Solving for p, Initial residual = 0.0489797, Final residual = 0.000357018, No Iterations 5
GAMG:  Solving for p, Initial residual = 0.0109943, Final residual = 0.00010704, No Iterations 14
GAMG:  Solving for p, Initial residual = 0.0059605, Final residual = 5.63716e-05, No Iterations 10
time step continuity errors : sum local = 4.72827e-07, global = -1.27327e-07, cumulative = -6.07307e-07
GAMG:  Solving for p, Initial residual = 0.00272702, Final residual = 2.58923e-05, No Iterations 7
GAMG:  Solving for p, Initial residual = 0.0014226, Final residual = 1.102e-05, No Iterations 6
GAMG:  Solving for p, Initial residual = 0.000589327, Final residual = 8.57701e-07, No Iterations 30
time step continuity errors : sum local = 7.09277e-09, global = 2.17101e-09, cumulative = -6.05136e-07
DILUPBiCG:  Solving for omega, Initial residual = 0.00132482, Final residual = 7.21791e-07, No Iterations 1
DILUPBiCG:  Solving for k, Initial residual = 0.00349186, Final residual = 6.02076e-07, No Iterations 2
bounding k, min: 0 max: 0.000572997 average: 0.000151468
ExecutionTime = 20.07 s  ClockTime = 20 s

End

