/*---------------------------------------------------------------------------*\
| =========                 |                                                 |
| \\      /  F ield         | OpenFOAM: The Open Source CFD Toolbox           |
|  \\    /   O peration     | Version:  2.3.1                                 |
|   \\  /    A nd           | Web:      www.OpenFOAM.org                      |
|    \\/     M anipulation  |                                                 |
\*---------------------------------------------------------------------------*/
Build  : 2.3.1-262087cdf8db
Exec   : pimpleDyMFoam
Date   : Jun 06 2023
Time   : 00:11:40
Host   : "jcosson-VirtualBox"
PID    : 27183
Case   : /home/jcosson/workspace/henersj_shootingdata/calcs/moderate_deformed/primal/100_intervals_05-06-23/sweep13/interval70
nProcs : 1
sigFpe : Enabling floating point exception trapping (FOAM_SIGFPE).
fileModificationChecking : Monitoring run-time modified files using timeStampMaster
allowSystemOperations : Allowing user-supplied system call operations

// * * * * * * * * * * * * * * * * * * * * * * * * * * * * * * * * * * * * * //
Create time

Create mesh for time = 0.469

Selecting dynamicFvMesh dynamicMotionSolverFvMesh
Selecting motion solver: displacementLaplacian
Selecting motion diffusion: quadratic
Selecting motion diffusion: quadratic
Selecting motion diffusion: inverseDistance

PIMPLE: no residual control data found. Calculations will employ 3 corrector loops

Reading field p

Reading field U

Reading/calculating face flux field phi

Selecting incompressible transport model Newtonian
Selecting turbulence model type RASModel
Selecting RAS turbulence model kOmegaSST
kOmegaSSTCoeffs
{
    alphaK1         0.85034;
    alphaK2         1;
    alphaOmega1     0.5;
    alphaOmega2     0.85616;
    gamma1          0.5532;
    gamma2          0.4403;
    beta1           0.075;
    beta2           0.0828;
    betaStar        0.09;
    a1              0.31;
    c1              10;
    Cmu             0.09;
    b1              1;
    F3              false;
}

Reading/calculating face velocity Uf

No finite volume options present

Courant Number mean: 0.222381 max: 0.497195

Starting time loop

Courant Number mean: 0.222381 max: 0.497195
Time = 0.47

GAMG:  Solving for cellDisplacementx, Initial residual = 0, Final residual = 0, No Iterations 0
GAMG:  Solving for cellDisplacementy, Initial residual = 0, Final residual = 0, No Iterations 0
GAMG:  Solving for cellDisplacementz, Initial residual = 0, Final residual = 0, No Iterations 0
PIMPLE: iteration 1
DILUPBiCG:  Solving for Ux, Initial residual = 0.0469219, Final residual = 0.000194044, No Iterations 1
DILUPBiCG:  Solving for Uy, Initial residual = 0.00765004, Final residual = 1.8009e-05, No Iterations 1
DILUPBiCG:  Solving for Uz, Initial residual = 0.0141694, Final residual = 3.35106e-05, No Iterations 1
GAMG:  Solving for p, Initial residual = 0.131663, Final residual = 0.00104802, No Iterations 6
GAMG:  Solving for p, Initial residual = 0.0155464, Final residual = 0.000151372, No Iterations 18
GAMG:  Solving for p, Initial residual = 0.00668089, Final residual = 6.00258e-05, No Iterations 12
time step continuity errors : sum local = 8.29665e-07, global = 2.49638e-07, cumulative = 2.49638e-07
GAMG:  Solving for p, Initial residual = 0.0553832, Final residual = 0.000348059, No Iterations 6
GAMG:  Solving for p, Initial residual = 0.00782362, Final residual = 7.15207e-05, No Iterations 16
GAMG:  Solving for p, Initial residual = 0.00345145, Final residual = 2.9519e-05, No Iterations 12
time step continuity errors : sum local = 4.07291e-07, global = 1.22345e-07, cumulative = 3.71983e-07
PIMPLE: iteration 2
DILUPBiCG:  Solving for Ux, Initial residual = 0.0138126, Final residual = 8.05299e-05, No Iterations 1
DILUPBiCG:  Solving for Uy, Initial residual = 0.00237983, Final residual = 5.62692e-06, No Iterations 1
DILUPBiCG:  Solving for Uz, Initial residual = 0.0038561, Final residual = 1.40976e-05, No Iterations 1
GAMG:  Solving for p, Initial residual = 0.0559386, Final residual = 0.000467887, No Iterations 4
GAMG:  Solving for p, Initial residual = 0.00917757, Final residual = 8.38666e-05, No Iterations 16
GAMG:  Solving for p, Initial residual = 0.00415303, Final residual = 3.97859e-05, No Iterations 8
time step continuity errors : sum local = 4.66348e-07, global = -1.31673e-07, cumulative = 2.4031e-07
GAMG:  Solving for p, Initial residual = 0.0286825, Final residual = 0.000202877, No Iterations 4
GAMG:  Solving for p, Initial residual = 0.00450819, Final residual = 3.82955e-05, No Iterations 14
GAMG:  Solving for p, Initial residual = 0.00194649, Final residual = 1.89075e-05, No Iterations 8
time step continuity errors : sum local = 2.22833e-07, global = -5.86256e-08, cumulative = 1.81684e-07
PIMPLE: iteration 3
DILUPBiCG:  Solving for Ux, Initial residual = 0.00345751, Final residual = 1.59942e-06, No Iterations 2
DILUPBiCG:  Solving for Uy, Initial residual = 0.000599638, Final residual = 6.98469e-06, No Iterations 1
DILUPBiCG:  Solving for Uz, Initial residual = 0.00698032, Final residual = 2.98883e-06, No Iterations 2
GAMG:  Solving for p, Initial residual = 0.0402515, Final residual = 0.000373613, No Iterations 5
GAMG:  Solving for p, Initial residual = 0.00936405, Final residual = 8.09489e-05, No Iterations 11
GAMG:  Solving for p, Initial residual = 0.00438975, Final residual = 3.68648e-05, No Iterations 10
time step continuity errors : sum local = 4.84539e-07, global = -1.25641e-07, cumulative = 5.60435e-08
GAMG:  Solving for p, Initial residual = 0.00255396, Final residual = 2.30938e-05, No Iterations 20
GAMG:  Solving for p, Initial residual = 0.0014212, Final residual = 1.2269e-05, No Iterations 4
GAMG:  Solving for p, Initial residual = 0.000560444, Final residual = 8.95986e-07, No Iterations 36
time step continuity errors : sum local = 1.17341e-08, global = 3.45171e-09, cumulative = 5.94952e-08
DILUPBiCG:  Solving for omega, Initial residual = 0.000682314, Final residual = 1.13648e-06, No Iterations 1
DILUPBiCG:  Solving for k, Initial residual = 0.00465291, Final residual = 1.46391e-06, No Iterations 2
ExecutionTime = 14.03 s  ClockTime = 14 s

End

