/*---------------------------------------------------------------------------*\
| =========                 |                                                 |
| \\      /  F ield         | OpenFOAM: The Open Source CFD Toolbox           |
|  \\    /   O peration     | Version:  2.3.1                                 |
|   \\  /    A nd           | Web:      www.OpenFOAM.org                      |
|    \\/     M anipulation  |                                                 |
\*---------------------------------------------------------------------------*/
Build  : 2.3.1-262087cdf8db
Exec   : pimpleDyMFoam
Date   : Jun 06 2023
Time   : 00:11:44
Host   : "jcosson-VirtualBox"
PID    : 27193
Case   : /home/jcosson/workspace/henersj_shootingdata/calcs/moderate_deformed/primal/100_intervals_05-06-23/sweep13/interval74
nProcs : 1
sigFpe : Enabling floating point exception trapping (FOAM_SIGFPE).
fileModificationChecking : Monitoring run-time modified files using timeStampMaster
allowSystemOperations : Allowing user-supplied system call operations

// * * * * * * * * * * * * * * * * * * * * * * * * * * * * * * * * * * * * * //
Create time

Create mesh for time = 0.473

Selecting dynamicFvMesh dynamicMotionSolverFvMesh
Selecting motion solver: displacementLaplacian
Selecting motion diffusion: quadratic
Selecting motion diffusion: quadratic
Selecting motion diffusion: inverseDistance

PIMPLE: no residual control data found. Calculations will employ 3 corrector loops

Reading field p

Reading field U

Reading/calculating face flux field phi

Selecting incompressible transport model Newtonian
Selecting turbulence model type RASModel
Selecting RAS turbulence model kOmegaSST
kOmegaSSTCoeffs
{
    alphaK1         0.85034;
    alphaK2         1;
    alphaOmega1     0.5;
    alphaOmega2     0.85616;
    gamma1          0.5532;
    gamma2          0.4403;
    beta1           0.075;
    beta2           0.0828;
    betaStar        0.09;
    a1              0.31;
    c1              10;
    Cmu             0.09;
    b1              1;
    F3              false;
}

Reading/calculating face velocity Uf

No finite volume options present

Courant Number mean: 0.200303 max: 0.446979

Starting time loop

Courant Number mean: 0.200303 max: 0.446979
Time = 0.474

GAMG:  Solving for cellDisplacementx, Initial residual = 0, Final residual = 0, No Iterations 0
GAMG:  Solving for cellDisplacementy, Initial residual = 0, Final residual = 0, No Iterations 0
GAMG:  Solving for cellDisplacementz, Initial residual = 0, Final residual = 0, No Iterations 0
PIMPLE: iteration 1
DILUPBiCG:  Solving for Ux, Initial residual = 0.0552805, Final residual = 0.000224162, No Iterations 1
DILUPBiCG:  Solving for Uy, Initial residual = 0.00922732, Final residual = 2.13064e-05, No Iterations 1
DILUPBiCG:  Solving for Uz, Initial residual = 0.0156519, Final residual = 2.97263e-05, No Iterations 1
GAMG:  Solving for p, Initial residual = 0.127788, Final residual = 0.000950911, No Iterations 6
GAMG:  Solving for p, Initial residual = 0.0153023, Final residual = 0.000140147, No Iterations 18
GAMG:  Solving for p, Initial residual = 0.00666869, Final residual = 6.65809e-05, No Iterations 10
time step continuity errors : sum local = 9.95533e-07, global = 2.65632e-07, cumulative = 2.65632e-07
GAMG:  Solving for p, Initial residual = 0.0544629, Final residual = 0.000517962, No Iterations 4
GAMG:  Solving for p, Initial residual = 0.00770332, Final residual = 6.83908e-05, No Iterations 18
GAMG:  Solving for p, Initial residual = 0.00354271, Final residual = 3.27834e-05, No Iterations 10
time step continuity errors : sum local = 4.89991e-07, global = 1.3038e-07, cumulative = 3.96013e-07
PIMPLE: iteration 2
DILUPBiCG:  Solving for Ux, Initial residual = 0.0158324, Final residual = 9.3908e-05, No Iterations 1
DILUPBiCG:  Solving for Uy, Initial residual = 0.00279515, Final residual = 6.42442e-06, No Iterations 1
DILUPBiCG:  Solving for Uz, Initial residual = 0.00373971, Final residual = 1.3837e-05, No Iterations 1
GAMG:  Solving for p, Initial residual = 0.0546734, Final residual = 0.000477364, No Iterations 4
GAMG:  Solving for p, Initial residual = 0.00909658, Final residual = 8.46102e-05, No Iterations 16
GAMG:  Solving for p, Initial residual = 0.0040634, Final residual = 3.535e-05, No Iterations 10
time step continuity errors : sum local = 4.50678e-07, global = -1.16807e-07, cumulative = 2.79206e-07
GAMG:  Solving for p, Initial residual = 0.0281611, Final residual = 0.000209594, No Iterations 4
GAMG:  Solving for p, Initial residual = 0.00452189, Final residual = 3.93444e-05, No Iterations 14
GAMG:  Solving for p, Initial residual = 0.00191469, Final residual = 1.70672e-05, No Iterations 10
time step continuity errors : sum local = 2.18681e-07, global = -5.58147e-08, cumulative = 2.23391e-07
PIMPLE: iteration 3
DILUPBiCG:  Solving for Ux, Initial residual = 0.00383038, Final residual = 2.14718e-06, No Iterations 2
DILUPBiCG:  Solving for Uy, Initial residual = 0.000689737, Final residual = 6.46718e-06, No Iterations 1
DILUPBiCG:  Solving for Uz, Initial residual = 0.00672371, Final residual = 3.40918e-06, No Iterations 2
GAMG:  Solving for p, Initial residual = 0.0401695, Final residual = 0.00036479, No Iterations 5
GAMG:  Solving for p, Initial residual = 0.00942048, Final residual = 7.42467e-05, No Iterations 9
GAMG:  Solving for p, Initial residual = 0.00434232, Final residual = 4.30374e-05, No Iterations 4
time step continuity errors : sum local = 6.15683e-07, global = -1.96565e-07, cumulative = 2.6826e-08
GAMG:  Solving for p, Initial residual = 0.00244575, Final residual = 2.08794e-05, No Iterations 18
GAMG:  Solving for p, Initial residual = 0.00132582, Final residual = 1.08951e-05, No Iterations 4
GAMG:  Solving for p, Initial residual = 0.00054134, Final residual = 9.49834e-07, No Iterations 30
time step continuity errors : sum local = 1.35291e-08, global = 4.01239e-09, cumulative = 3.08384e-08
DILUPBiCG:  Solving for omega, Initial residual = 0.00080225, Final residual = 9.99048e-07, No Iterations 1
DILUPBiCG:  Solving for k, Initial residual = 0.00445677, Final residual = 1.4312e-06, No Iterations 2
ExecutionTime = 16.08 s  ClockTime = 17 s

End

