/*---------------------------------------------------------------------------*\
| =========                 |                                                 |
| \\      /  F ield         | OpenFOAM: The Open Source CFD Toolbox           |
|  \\    /   O peration     | Version:  2.3.1                                 |
|   \\  /    A nd           | Web:      www.OpenFOAM.org                      |
|    \\/     M anipulation  |                                                 |
\*---------------------------------------------------------------------------*/
Build  : 2.3.1-262087cdf8db
Exec   : pimpleDyMFoam
Date   : Jun 06 2023
Time   : 00:10:54
Host   : "jcosson-VirtualBox"
PID    : 27105
Case   : /home/jcosson/workspace/henersj_shootingdata/calcs/moderate_deformed/primal/100_intervals_05-06-23/sweep13/interval31
nProcs : 1
sigFpe : Enabling floating point exception trapping (FOAM_SIGFPE).
fileModificationChecking : Monitoring run-time modified files using timeStampMaster
allowSystemOperations : Allowing user-supplied system call operations

// * * * * * * * * * * * * * * * * * * * * * * * * * * * * * * * * * * * * * //
Create time

Create mesh for time = 0.43

Selecting dynamicFvMesh dynamicMotionSolverFvMesh
Selecting motion solver: displacementLaplacian
Selecting motion diffusion: quadratic
Selecting motion diffusion: quadratic
Selecting motion diffusion: inverseDistance

PIMPLE: no residual control data found. Calculations will employ 3 corrector loops

Reading field p

Reading field U

Reading/calculating face flux field phi

Selecting incompressible transport model Newtonian
Selecting turbulence model type RASModel
Selecting RAS turbulence model kOmegaSST
kOmegaSSTCoeffs
{
    alphaK1         0.85034;
    alphaK2         1;
    alphaOmega1     0.5;
    alphaOmega2     0.85616;
    gamma1          0.5532;
    gamma2          0.4403;
    beta1           0.075;
    beta2           0.0828;
    betaStar        0.09;
    a1              0.31;
    c1              10;
    Cmu             0.09;
    b1              1;
    F3              false;
}

Reading/calculating face velocity Uf

No finite volume options present

Courant Number mean: 0.216071 max: 0.470879

Starting time loop

Courant Number mean: 0.216071 max: 0.470879
Time = 0.431

GAMG:  Solving for cellDisplacementx, Initial residual = 0, Final residual = 0, No Iterations 0
GAMG:  Solving for cellDisplacementy, Initial residual = 0, Final residual = 0, No Iterations 0
GAMG:  Solving for cellDisplacementz, Initial residual = 0, Final residual = 0, No Iterations 0
PIMPLE: iteration 1
DILUPBiCG:  Solving for Ux, Initial residual = 0.0505304, Final residual = 0.000165905, No Iterations 1
DILUPBiCG:  Solving for Uy, Initial residual = 0.00820101, Final residual = 1.81366e-05, No Iterations 1
DILUPBiCG:  Solving for Uz, Initial residual = 0.0192688, Final residual = 3.03373e-05, No Iterations 1
GAMG:  Solving for p, Initial residual = 0.123081, Final residual = 0.00080198, No Iterations 6
GAMG:  Solving for p, Initial residual = 0.0152262, Final residual = 0.000131926, No Iterations 18
GAMG:  Solving for p, Initial residual = 0.00668235, Final residual = 6.00022e-05, No Iterations 10
time step continuity errors : sum local = 8.64919e-07, global = -2.21046e-07, cumulative = -2.21046e-07
GAMG:  Solving for p, Initial residual = 0.053206, Final residual = 0.000477715, No Iterations 4
GAMG:  Solving for p, Initial residual = 0.00759756, Final residual = 6.80066e-05, No Iterations 18
GAMG:  Solving for p, Initial residual = 0.00350658, Final residual = 3.18635e-05, No Iterations 10
time step continuity errors : sum local = 4.59695e-07, global = -1.17699e-07, cumulative = -3.38745e-07
PIMPLE: iteration 2
DILUPBiCG:  Solving for Ux, Initial residual = 0.014278, Final residual = 6.06092e-05, No Iterations 1
DILUPBiCG:  Solving for Uy, Initial residual = 0.00232975, Final residual = 6.98756e-06, No Iterations 1
DILUPBiCG:  Solving for Uz, Initial residual = 0.0037201, Final residual = 1.41841e-05, No Iterations 1
GAMG:  Solving for p, Initial residual = 0.0537151, Final residual = 0.000536264, No Iterations 4
GAMG:  Solving for p, Initial residual = 0.00979258, Final residual = 8.616e-05, No Iterations 16
GAMG:  Solving for p, Initial residual = 0.00428037, Final residual = 4.07008e-05, No Iterations 8
time step continuity errors : sum local = 4.97395e-07, global = 1.39555e-07, cumulative = -1.9919e-07
GAMG:  Solving for p, Initial residual = 0.0278078, Final residual = 0.000231879, No Iterations 4
GAMG:  Solving for p, Initial residual = 0.00482389, Final residual = 4.11376e-05, No Iterations 14
GAMG:  Solving for p, Initial residual = 0.0020042, Final residual = 1.73114e-05, No Iterations 10
time step continuity errors : sum local = 2.12912e-07, global = 5.56004e-08, cumulative = -1.4359e-07
PIMPLE: iteration 3
DILUPBiCG:  Solving for Ux, Initial residual = 0.00339214, Final residual = 1.21647e-06, No Iterations 2
DILUPBiCG:  Solving for Uy, Initial residual = 0.000554837, Final residual = 8.74358e-06, No Iterations 1
DILUPBiCG:  Solving for Uz, Initial residual = 0.00912829, Final residual = 2.71168e-06, No Iterations 2
GAMG:  Solving for p, Initial residual = 0.0410637, Final residual = 0.00029817, No Iterations 5
GAMG:  Solving for p, Initial residual = 0.0100611, Final residual = 8.51322e-05, No Iterations 5
GAMG:  Solving for p, Initial residual = 0.00434304, Final residual = 3.86444e-05, No Iterations 8
time step continuity errors : sum local = 5.31793e-07, global = 1.20608e-07, cumulative = -2.29816e-08
GAMG:  Solving for p, Initial residual = 0.00252022, Final residual = 2.16224e-05, No Iterations 20
GAMG:  Solving for p, Initial residual = 0.00148931, Final residual = 1.10203e-05, No Iterations 4
GAMG:  Solving for p, Initial residual = 0.000550225, Final residual = 9.25742e-07, No Iterations 32
time step continuity errors : sum local = 1.26926e-08, global = -3.73641e-09, cumulative = -2.6718e-08
DILUPBiCG:  Solving for omega, Initial residual = 0.000893545, Final residual = 9.784e-07, No Iterations 1
DILUPBiCG:  Solving for k, Initial residual = 0.00543875, Final residual = 1.19465e-06, No Iterations 2
ExecutionTime = 17.74 s  ClockTime = 18 s

End

