/*---------------------------------------------------------------------------*\
| =========                 |                                                 |
| \\      /  F ield         | OpenFOAM: The Open Source CFD Toolbox           |
|  \\    /   O peration     | Version:  2.3.1                                 |
|   \\  /    A nd           | Web:      www.OpenFOAM.org                      |
|    \\/     M anipulation  |                                                 |
\*---------------------------------------------------------------------------*/
Build  : 2.3.1-262087cdf8db
Exec   : pimpleDyMFoam
Date   : Jun 06 2023
Time   : 00:11:12
Host   : "jcosson-VirtualBox"
PID    : 27147
Case   : /home/jcosson/workspace/henersj_shootingdata/calcs/moderate_deformed/primal/100_intervals_05-06-23/sweep13/interval52
nProcs : 1
sigFpe : Enabling floating point exception trapping (FOAM_SIGFPE).
fileModificationChecking : Monitoring run-time modified files using timeStampMaster
allowSystemOperations : Allowing user-supplied system call operations

// * * * * * * * * * * * * * * * * * * * * * * * * * * * * * * * * * * * * * //
Create time

Create mesh for time = 0.451

Selecting dynamicFvMesh dynamicMotionSolverFvMesh
Selecting motion solver: displacementLaplacian
Selecting motion diffusion: quadratic
Selecting motion diffusion: quadratic
Selecting motion diffusion: inverseDistance

PIMPLE: no residual control data found. Calculations will employ 3 corrector loops

Reading field p

Reading field U

Reading/calculating face flux field phi

Selecting incompressible transport model Newtonian
Selecting turbulence model type RASModel
Selecting RAS turbulence model kOmegaSST
kOmegaSSTCoeffs
{
    alphaK1         0.85034;
    alphaK2         1;
    alphaOmega1     0.5;
    alphaOmega2     0.85616;
    gamma1          0.5532;
    gamma2          0.4403;
    beta1           0.075;
    beta2           0.0828;
    betaStar        0.09;
    a1              0.31;
    c1              10;
    Cmu             0.09;
    b1              1;
    F3              false;
}

Reading/calculating face velocity Uf

No finite volume options present

Courant Number mean: 0.279427 max: 0.623513

Starting time loop

Courant Number mean: 0.279427 max: 0.623513
Time = 0.452

GAMG:  Solving for cellDisplacementx, Initial residual = 0, Final residual = 0, No Iterations 0
GAMG:  Solving for cellDisplacementy, Initial residual = 0, Final residual = 0, No Iterations 0
GAMG:  Solving for cellDisplacementz, Initial residual = 0, Final residual = 0, No Iterations 0
PIMPLE: iteration 1
DILUPBiCG:  Solving for Ux, Initial residual = 0.00127268, Final residual = 5.31913e-06, No Iterations 1
DILUPBiCG:  Solving for Uy, Initial residual = 0.000365207, Final residual = 2.3599e-06, No Iterations 1
DILUPBiCG:  Solving for Uz, Initial residual = 0.0140728, Final residual = 3.83296e-05, No Iterations 1
GAMG:  Solving for p, Initial residual = 0.321744, Final residual = 0.00297214, No Iterations 4
GAMG:  Solving for p, Initial residual = 0.0476263, Final residual = 0.000451335, No Iterations 16
GAMG:  Solving for p, Initial residual = 0.0209334, Final residual = 0.000177898, No Iterations 10
time step continuity errors : sum local = 3.979e-07, global = 1.04063e-07, cumulative = 1.04063e-07
GAMG:  Solving for p, Initial residual = 0.12868, Final residual = 0.00103211, No Iterations 4
GAMG:  Solving for p, Initial residual = 0.0240486, Final residual = 0.000217366, No Iterations 12
GAMG:  Solving for p, Initial residual = 0.00982501, Final residual = 8.15853e-05, No Iterations 12
time step continuity errors : sum local = 1.80854e-07, global = 5.32322e-08, cumulative = 1.57295e-07
PIMPLE: iteration 2
DILUPBiCG:  Solving for Ux, Initial residual = 0.000862017, Final residual = 7.33059e-06, No Iterations 1
DILUPBiCG:  Solving for Uy, Initial residual = 0.000172331, Final residual = 1.88372e-06, No Iterations 1
DILUPBiCG:  Solving for Uz, Initial residual = 0.00476353, Final residual = 1.5222e-05, No Iterations 1
GAMG:  Solving for p, Initial residual = 0.134244, Final residual = 0.000558426, No Iterations 4
GAMG:  Solving for p, Initial residual = 0.0231271, Final residual = 0.000224245, No Iterations 8
GAMG:  Solving for p, Initial residual = 0.00910347, Final residual = 7.57496e-05, No Iterations 12
time step continuity errors : sum local = 1.55023e-07, global = 4.50817e-08, cumulative = 2.02377e-07
GAMG:  Solving for p, Initial residual = 0.0625505, Final residual = 0.000234294, No Iterations 4
GAMG:  Solving for p, Initial residual = 0.0118402, Final residual = 9.91523e-05, No Iterations 8
GAMG:  Solving for p, Initial residual = 0.00469966, Final residual = 4.04718e-05, No Iterations 10
time step continuity errors : sum local = 8.29891e-08, global = 2.1092e-08, cumulative = 2.23469e-07
PIMPLE: iteration 3
DILUPBiCG:  Solving for Ux, Initial residual = 0.000469205, Final residual = 1.48961e-07, No Iterations 2
DILUPBiCG:  Solving for Uy, Initial residual = 8.75343e-05, Final residual = 1.33227e-06, No Iterations 1
DILUPBiCG:  Solving for Uz, Initial residual = 0.00168402, Final residual = 9.52574e-08, No Iterations 2
GAMG:  Solving for p, Initial residual = 0.0957184, Final residual = 0.000719841, No Iterations 3
GAMG:  Solving for p, Initial residual = 0.0220873, Final residual = 0.000163105, No Iterations 4
GAMG:  Solving for p, Initial residual = 0.0094154, Final residual = 7.33527e-05, No Iterations 4
time step continuity errors : sum local = 1.52275e-07, global = -3.16399e-08, cumulative = 1.91829e-07
GAMG:  Solving for p, Initial residual = 0.0078481, Final residual = 7.35557e-05, No Iterations 4
GAMG:  Solving for p, Initial residual = 0.00388707, Final residual = 2.47523e-05, No Iterations 4
GAMG:  Solving for p, Initial residual = 0.00138777, Final residual = 9.68488e-07, No Iterations 13
time step continuity errors : sum local = 2.00402e-09, global = 5.964e-10, cumulative = 1.92426e-07
DILUPBiCG:  Solving for omega, Initial residual = 0.00114205, Final residual = 1.62578e-06, No Iterations 1
DILUPBiCG:  Solving for k, Initial residual = 0.00502076, Final residual = 1.46569e-06, No Iterations 2
ExecutionTime = 14.38 s  ClockTime = 15 s

End

