/*---------------------------------------------------------------------------*\
| =========                 |                                                 |
| \\      /  F ield         | OpenFOAM: The Open Source CFD Toolbox           |
|  \\    /   O peration     | Version:  2.3.1                                 |
|   \\  /    A nd           | Web:      www.OpenFOAM.org                      |
|    \\/     M anipulation  |                                                 |
\*---------------------------------------------------------------------------*/
Build  : 2.3.1-262087cdf8db
Exec   : pimpleDyMFoam
Date   : Jun 06 2023
Time   : 00:11:12
Host   : "jcosson-VirtualBox"
PID    : 27135
Case   : /home/jcosson/workspace/henersj_shootingdata/calcs/moderate_deformed/primal/100_intervals_05-06-23/sweep13/interval46
nProcs : 1
sigFpe : Enabling floating point exception trapping (FOAM_SIGFPE).
fileModificationChecking : Monitoring run-time modified files using timeStampMaster
allowSystemOperations : Allowing user-supplied system call operations

// * * * * * * * * * * * * * * * * * * * * * * * * * * * * * * * * * * * * * //
Create time

Create mesh for time = 0.445

Selecting dynamicFvMesh dynamicMotionSolverFvMesh
Selecting motion solver: displacementLaplacian
Selecting motion diffusion: quadratic
Selecting motion diffusion: quadratic
Selecting motion diffusion: inverseDistance

PIMPLE: no residual control data found. Calculations will employ 3 corrector loops

Reading field p

Reading field U

Reading/calculating face flux field phi

Selecting incompressible transport model Newtonian
Selecting turbulence model type RASModel
Selecting RAS turbulence model kOmegaSST
kOmegaSSTCoeffs
{
    alphaK1         0.85034;
    alphaK2         1;
    alphaOmega1     0.5;
    alphaOmega2     0.85616;
    gamma1          0.5532;
    gamma2          0.4403;
    beta1           0.075;
    beta2           0.0828;
    betaStar        0.09;
    a1              0.31;
    c1              10;
    Cmu             0.09;
    b1              1;
    F3              false;
}

Reading/calculating face velocity Uf

No finite volume options present

Courant Number mean: 0.275053 max: 0.611528

Starting time loop

Courant Number mean: 0.275053 max: 0.611528
Time = 0.446

GAMG:  Solving for cellDisplacementx, Initial residual = 0, Final residual = 0, No Iterations 0
GAMG:  Solving for cellDisplacementy, Initial residual = 0, Final residual = 0, No Iterations 0
GAMG:  Solving for cellDisplacementz, Initial residual = 0, Final residual = 0, No Iterations 0
PIMPLE: iteration 1
DILUPBiCG:  Solving for Ux, Initial residual = 0.0144662, Final residual = 5.58218e-05, No Iterations 1
DILUPBiCG:  Solving for Uy, Initial residual = 0.00226885, Final residual = 8.06141e-06, No Iterations 1
DILUPBiCG:  Solving for Uz, Initial residual = 0.0119001, Final residual = 2.79038e-05, No Iterations 1
GAMG:  Solving for p, Initial residual = 0.131336, Final residual = 0.00107103, No Iterations 3
GAMG:  Solving for p, Initial residual = 0.019511, Final residual = 0.00016369, No Iterations 11
GAMG:  Solving for p, Initial residual = 0.00870764, Final residual = 7.40284e-05, No Iterations 10
time step continuity errors : sum local = 3.96782e-07, global = -1.03342e-07, cumulative = -1.03342e-07
GAMG:  Solving for p, Initial residual = 0.0616143, Final residual = 0.000481733, No Iterations 3
GAMG:  Solving for p, Initial residual = 0.00955349, Final residual = 8.5036e-05, No Iterations 9
GAMG:  Solving for p, Initial residual = 0.00438348, Final residual = 3.97512e-05, No Iterations 10
time step continuity errors : sum local = 2.14482e-07, global = -5.60191e-08, cumulative = -1.59361e-07
PIMPLE: iteration 2
DILUPBiCG:  Solving for Ux, Initial residual = 0.00383798, Final residual = 1.90116e-05, No Iterations 1
DILUPBiCG:  Solving for Uy, Initial residual = 0.000618578, Final residual = 6.7409e-06, No Iterations 1
DILUPBiCG:  Solving for Uz, Initial residual = 0.00386916, Final residual = 2.79841e-05, No Iterations 1
GAMG:  Solving for p, Initial residual = 0.0622155, Final residual = 0.000560283, No Iterations 5
GAMG:  Solving for p, Initial residual = 0.0174777, Final residual = 0.000147617, No Iterations 11
GAMG:  Solving for p, Initial residual = 0.00586777, Final residual = 5.14364e-05, No Iterations 14
time step continuity errors : sum local = 2.37723e-07, global = 7.29547e-08, cumulative = -8.64064e-08
GAMG:  Solving for p, Initial residual = 0.0330979, Final residual = 0.000304387, No Iterations 4
GAMG:  Solving for p, Initial residual = 0.00816306, Final residual = 7.91158e-05, No Iterations 10
GAMG:  Solving for p, Initial residual = 0.00280365, Final residual = 2.54414e-05, No Iterations 14
time step continuity errors : sum local = 1.18523e-07, global = 3.57313e-08, cumulative = -5.0675e-08
PIMPLE: iteration 3
DILUPBiCG:  Solving for Ux, Initial residual = 0.000708644, Final residual = 6.31243e-06, No Iterations 1
DILUPBiCG:  Solving for Uy, Initial residual = 0.000121189, Final residual = 4.31127e-06, No Iterations 1
DILUPBiCG:  Solving for Uz, Initial residual = 0.00395111, Final residual = 5.21182e-07, No Iterations 2
GAMG:  Solving for p, Initial residual = 0.0561315, Final residual = 0.000423755, No Iterations 5
GAMG:  Solving for p, Initial residual = 0.0151455, Final residual = 0.000132997, No Iterations 12
GAMG:  Solving for p, Initial residual = 0.00664682, Final residual = 5.81852e-05, No Iterations 10
time step continuity errors : sum local = 2.97618e-07, global = 7.71834e-08, cumulative = 2.65084e-08
GAMG:  Solving for p, Initial residual = 0.00448755, Final residual = 2.01323e-05, No Iterations 6
GAMG:  Solving for p, Initial residual = 0.00258338, Final residual = 1.67812e-05, No Iterations 5
GAMG:  Solving for p, Initial residual = 0.000843046, Final residual = 9.49717e-07, No Iterations 34
time step continuity errors : sum local = 4.84541e-09, global = -1.42039e-09, cumulative = 2.5088e-08
DILUPBiCG:  Solving for omega, Initial residual = 0.00129648, Final residual = 1.71392e-06, No Iterations 1
DILUPBiCG:  Solving for k, Initial residual = 0.00611046, Final residual = 9.76554e-07, No Iterations 2
ExecutionTime = 16.21 s  ClockTime = 16 s

End

