/*---------------------------------------------------------------------------*\
| =========                 |                                                 |
| \\      /  F ield         | OpenFOAM: The Open Source CFD Toolbox           |
|  \\    /   O peration     | Version:  2.3.1                                 |
|   \\  /    A nd           | Web:      www.OpenFOAM.org                      |
|    \\/     M anipulation  |                                                 |
\*---------------------------------------------------------------------------*/
Build  : 2.3.1-262087cdf8db
Exec   : pimpleDyMFoam
Date   : Jun 06 2023
Time   : 00:10:37
Host   : "jcosson-VirtualBox"
PID    : 27074
Case   : /home/jcosson/workspace/henersj_shootingdata/calcs/moderate_deformed/primal/100_intervals_05-06-23/sweep13/interval16
nProcs : 1
sigFpe : Enabling floating point exception trapping (FOAM_SIGFPE).
fileModificationChecking : Monitoring run-time modified files using timeStampMaster
allowSystemOperations : Allowing user-supplied system call operations

// * * * * * * * * * * * * * * * * * * * * * * * * * * * * * * * * * * * * * //
Create time

Create mesh for time = 0.415

Selecting dynamicFvMesh dynamicMotionSolverFvMesh
Selecting motion solver: displacementLaplacian
Selecting motion diffusion: quadratic
Selecting motion diffusion: quadratic
Selecting motion diffusion: inverseDistance

PIMPLE: no residual control data found. Calculations will employ 3 corrector loops

Reading field p

Reading field U

Reading/calculating face flux field phi

Selecting incompressible transport model Newtonian
Selecting turbulence model type RASModel
Selecting RAS turbulence model kOmegaSST
kOmegaSSTCoeffs
{
    alphaK1         0.85034;
    alphaK2         1;
    alphaOmega1     0.5;
    alphaOmega2     0.85616;
    gamma1          0.5532;
    gamma2          0.4403;
    beta1           0.075;
    beta2           0.0828;
    betaStar        0.09;
    a1              0.31;
    c1              10;
    Cmu             0.09;
    b1              1;
    F3              false;
}

Reading/calculating face velocity Uf

No finite volume options present

Courant Number mean: 0.133719 max: 0.289332

Starting time loop

Courant Number mean: 0.133719 max: 0.289332
Time = 0.416

GAMG:  Solving for cellDisplacementx, Initial residual = 0, Final residual = 0, No Iterations 0
GAMG:  Solving for cellDisplacementy, Initial residual = 0, Final residual = 0, No Iterations 0
GAMG:  Solving for cellDisplacementz, Initial residual = 0, Final residual = 0, No Iterations 0
PIMPLE: iteration 1
DILUPBiCG:  Solving for Ux, Initial residual = 0.0603349, Final residual = 0.000220414, No Iterations 1
DILUPBiCG:  Solving for Uy, Initial residual = 0.0112293, Final residual = 2.07586e-05, No Iterations 1
DILUPBiCG:  Solving for Uz, Initial residual = 0.0225835, Final residual = 3.27427e-05, No Iterations 1
GAMG:  Solving for p, Initial residual = 0.141769, Final residual = 0.00107834, No Iterations 6
GAMG:  Solving for p, Initial residual = 0.0168578, Final residual = 0.000159582, No Iterations 18
GAMG:  Solving for p, Initial residual = 0.00738953, Final residual = 6.23087e-05, No Iterations 10
time step continuity errors : sum local = 7.67019e-07, global = -2.00853e-07, cumulative = -2.00853e-07
GAMG:  Solving for p, Initial residual = 0.0594867, Final residual = 0.000381881, No Iterations 6
GAMG:  Solving for p, Initial residual = 0.00846065, Final residual = 8.02975e-05, No Iterations 16
GAMG:  Solving for p, Initial residual = 0.00386397, Final residual = 3.39091e-05, No Iterations 10
time step continuity errors : sum local = 4.19124e-07, global = -1.09417e-07, cumulative = -3.1027e-07
PIMPLE: iteration 2
DILUPBiCG:  Solving for Ux, Initial residual = 0.0168941, Final residual = 9.76797e-05, No Iterations 1
DILUPBiCG:  Solving for Uy, Initial residual = 0.00305883, Final residual = 6.81459e-06, No Iterations 1
DILUPBiCG:  Solving for Uz, Initial residual = 0.00411403, Final residual = 1.81467e-05, No Iterations 1
GAMG:  Solving for p, Initial residual = 0.0608637, Final residual = 0.00037372, No Iterations 4
GAMG:  Solving for p, Initial residual = 0.00968555, Final residual = 9.03456e-05, No Iterations 14
GAMG:  Solving for p, Initial residual = 0.00460671, Final residual = 4.41724e-05, No Iterations 7
time step continuity errors : sum local = 4.70605e-07, global = -1.73683e-07, cumulative = -4.83953e-07
GAMG:  Solving for p, Initial residual = 0.0309586, Final residual = 0.000167091, No Iterations 4
GAMG:  Solving for p, Initial residual = 0.00493605, Final residual = 4.7038e-05, No Iterations 12
GAMG:  Solving for p, Initial residual = 0.00228079, Final residual = 1.94373e-05, No Iterations 8
time step continuity errors : sum local = 2.07923e-07, global = 6.83187e-08, cumulative = -4.15634e-07
PIMPLE: iteration 3
DILUPBiCG:  Solving for Ux, Initial residual = 0.00427452, Final residual = 1.67268e-06, No Iterations 2
DILUPBiCG:  Solving for Uy, Initial residual = 0.000779874, Final residual = 6.5435e-06, No Iterations 1
DILUPBiCG:  Solving for Uz, Initial residual = 0.00821994, Final residual = 2.7355e-06, No Iterations 2
GAMG:  Solving for p, Initial residual = 0.0388994, Final residual = 0.00031207, No Iterations 5
GAMG:  Solving for p, Initial residual = 0.00823925, Final residual = 7.84731e-05, No Iterations 15
GAMG:  Solving for p, Initial residual = 0.00400552, Final residual = 3.56117e-05, No Iterations 10
time step continuity errors : sum local = 4.27931e-07, global = 1.1032e-07, cumulative = -3.05315e-07
GAMG:  Solving for p, Initial residual = 0.00209992, Final residual = 1.91714e-05, No Iterations 8
GAMG:  Solving for p, Initial residual = 0.001135, Final residual = 9.49873e-06, No Iterations 5
GAMG:  Solving for p, Initial residual = 0.000471184, Final residual = 8.66453e-07, No Iterations 28
time step continuity errors : sum local = 1.03361e-08, global = -3.09133e-09, cumulative = -3.08406e-07
DILUPBiCG:  Solving for omega, Initial residual = 0.000918881, Final residual = 7.88487e-07, No Iterations 1
DILUPBiCG:  Solving for k, Initial residual = 0.00379582, Final residual = 1.18056e-06, No Iterations 2
ExecutionTime = 16.1 s  ClockTime = 16 s

End

