/*---------------------------------------------------------------------------*\
| =========                 |                                                 |
| \\      /  F ield         | OpenFOAM: The Open Source CFD Toolbox           |
|  \\    /   O peration     | Version:  2.3.1                                 |
|   \\  /    A nd           | Web:      www.OpenFOAM.org                      |
|    \\/     M anipulation  |                                                 |
\*---------------------------------------------------------------------------*/
Build  : 2.3.1-262087cdf8db
Exec   : pimpleDyMFoam
Date   : Jun 06 2023
Time   : 00:11:41
Host   : "jcosson-VirtualBox"
PID    : 27186
Case   : /home/jcosson/workspace/henersj_shootingdata/calcs/moderate_deformed/primal/100_intervals_05-06-23/sweep13/interval71
nProcs : 1
sigFpe : Enabling floating point exception trapping (FOAM_SIGFPE).
fileModificationChecking : Monitoring run-time modified files using timeStampMaster
allowSystemOperations : Allowing user-supplied system call operations

// * * * * * * * * * * * * * * * * * * * * * * * * * * * * * * * * * * * * * //
Create time

Create mesh for time = 0.47

Selecting dynamicFvMesh dynamicMotionSolverFvMesh
Selecting motion solver: displacementLaplacian
Selecting motion diffusion: quadratic
Selecting motion diffusion: quadratic
Selecting motion diffusion: inverseDistance

PIMPLE: no residual control data found. Calculations will employ 3 corrector loops

Reading field p

Reading field U

Reading/calculating face flux field phi

Selecting incompressible transport model Newtonian
Selecting turbulence model type RASModel
Selecting RAS turbulence model kOmegaSST
kOmegaSSTCoeffs
{
    alphaK1         0.85034;
    alphaK2         1;
    alphaOmega1     0.5;
    alphaOmega2     0.85616;
    gamma1          0.5532;
    gamma2          0.4403;
    beta1           0.075;
    beta2           0.0828;
    betaStar        0.09;
    a1              0.31;
    c1              10;
    Cmu             0.09;
    b1              1;
    F3              false;
}

Reading/calculating face velocity Uf

No finite volume options present

Courant Number mean: 0.217008 max: 0.484906

Starting time loop

Courant Number mean: 0.217008 max: 0.484906
Time = 0.471

GAMG:  Solving for cellDisplacementx, Initial residual = 0, Final residual = 0, No Iterations 0
GAMG:  Solving for cellDisplacementy, Initial residual = 0, Final residual = 0, No Iterations 0
GAMG:  Solving for cellDisplacementz, Initial residual = 0, Final residual = 0, No Iterations 0
PIMPLE: iteration 1
DILUPBiCG:  Solving for Ux, Initial residual = 0.0491453, Final residual = 0.000202465, No Iterations 1
DILUPBiCG:  Solving for Uy, Initial residual = 0.00805278, Final residual = 1.88818e-05, No Iterations 1
DILUPBiCG:  Solving for Uz, Initial residual = 0.0144189, Final residual = 3.26298e-05, No Iterations 1
GAMG:  Solving for p, Initial residual = 0.130634, Final residual = 0.00102325, No Iterations 6
GAMG:  Solving for p, Initial residual = 0.0155097, Final residual = 0.000148356, No Iterations 18
GAMG:  Solving for p, Initial residual = 0.00668342, Final residual = 5.87728e-05, No Iterations 12
time step continuity errors : sum local = 8.33403e-07, global = 2.50744e-07, cumulative = 2.50744e-07
GAMG:  Solving for p, Initial residual = 0.0551337, Final residual = 0.000341171, No Iterations 6
GAMG:  Solving for p, Initial residual = 0.00779299, Final residual = 7.01242e-05, No Iterations 16
GAMG:  Solving for p, Initial residual = 0.00344347, Final residual = 2.88831e-05, No Iterations 12
time step continuity errors : sum local = 4.08979e-07, global = 1.22882e-07, cumulative = 3.73626e-07
PIMPLE: iteration 2
DILUPBiCG:  Solving for Ux, Initial residual = 0.014368, Final residual = 8.42642e-05, No Iterations 1
DILUPBiCG:  Solving for Uy, Initial residual = 0.00248913, Final residual = 5.84094e-06, No Iterations 1
DILUPBiCG:  Solving for Uz, Initial residual = 0.00383678, Final residual = 1.41537e-05, No Iterations 1
GAMG:  Solving for p, Initial residual = 0.055591, Final residual = 0.000471208, No Iterations 4
GAMG:  Solving for p, Initial residual = 0.00915834, Final residual = 8.40841e-05, No Iterations 16
GAMG:  Solving for p, Initial residual = 0.00413312, Final residual = 4.00184e-05, No Iterations 8
time step continuity errors : sum local = 4.81864e-07, global = -1.31905e-07, cumulative = 2.41721e-07
GAMG:  Solving for p, Initial residual = 0.0285402, Final residual = 0.000205251, No Iterations 4
GAMG:  Solving for p, Initial residual = 0.00451436, Final residual = 3.85612e-05, No Iterations 14
GAMG:  Solving for p, Initial residual = 0.00193801, Final residual = 1.91538e-05, No Iterations 8
time step continuity errors : sum local = 2.31871e-07, global = -5.94597e-08, cumulative = 1.82261e-07
PIMPLE: iteration 3
DILUPBiCG:  Solving for Ux, Initial residual = 0.00356581, Final residual = 1.74144e-06, No Iterations 2
DILUPBiCG:  Solving for Uy, Initial residual = 0.000623706, Final residual = 6.87343e-06, No Iterations 1
DILUPBiCG:  Solving for Uz, Initial residual = 0.00695114, Final residual = 3.11313e-06, No Iterations 2
GAMG:  Solving for p, Initial residual = 0.0401465, Final residual = 0.000377871, No Iterations 5
GAMG:  Solving for p, Initial residual = 0.00935433, Final residual = 9.28713e-05, No Iterations 9
GAMG:  Solving for p, Initial residual = 0.00436664, Final residual = 3.57739e-05, No Iterations 12
time step continuity errors : sum local = 4.834e-07, global = -1.39239e-07, cumulative = 4.30218e-08
GAMG:  Solving for p, Initial residual = 0.00252533, Final residual = 2.20666e-05, No Iterations 20
GAMG:  Solving for p, Initial residual = 0.00140134, Final residual = 1.1777e-05, No Iterations 4
GAMG:  Solving for p, Initial residual = 0.000553844, Final residual = 9.60204e-07, No Iterations 34
time step continuity errors : sum local = 1.29204e-08, global = 3.79433e-09, cumulative = 4.68161e-08
DILUPBiCG:  Solving for omega, Initial residual = 0.00069956, Final residual = 1.0859e-06, No Iterations 1
DILUPBiCG:  Solving for k, Initial residual = 0.00460072, Final residual = 1.48148e-06, No Iterations 2
ExecutionTime = 14.12 s  ClockTime = 14 s

End

