/*---------------------------------------------------------------------------*\
| =========                 |                                                 |
| \\      /  F ield         | OpenFOAM: The Open Source CFD Toolbox           |
|  \\    /   O peration     | Version:  2.3.1                                 |
|   \\  /    A nd           | Web:      www.OpenFOAM.org                      |
|    \\/     M anipulation  |                                                 |
\*---------------------------------------------------------------------------*/
Build  : 2.3.1-262087cdf8db
Exec   : pimpleDyMFoam
Date   : Jun 06 2023
Time   : 00:10:37
Host   : "jcosson-VirtualBox"
PID    : 27086
Case   : /home/jcosson/workspace/henersj_shootingdata/calcs/moderate_deformed/primal/100_intervals_05-06-23/sweep13/interval22
nProcs : 1
sigFpe : Enabling floating point exception trapping (FOAM_SIGFPE).
fileModificationChecking : Monitoring run-time modified files using timeStampMaster
allowSystemOperations : Allowing user-supplied system call operations

// * * * * * * * * * * * * * * * * * * * * * * * * * * * * * * * * * * * * * //
Create time

Create mesh for time = 0.421

Selecting dynamicFvMesh dynamicMotionSolverFvMesh
Selecting motion solver: displacementLaplacian
Selecting motion diffusion: quadratic
Selecting motion diffusion: quadratic
Selecting motion diffusion: inverseDistance

PIMPLE: no residual control data found. Calculations will employ 3 corrector loops

Reading field p

Reading field U

Reading/calculating face flux field phi

Selecting incompressible transport model Newtonian
Selecting turbulence model type RASModel
Selecting RAS turbulence model kOmegaSST
kOmegaSSTCoeffs
{
    alphaK1         0.85034;
    alphaK2         1;
    alphaOmega1     0.5;
    alphaOmega2     0.85616;
    gamma1          0.5532;
    gamma2          0.4403;
    beta1           0.075;
    beta2           0.0828;
    betaStar        0.09;
    a1              0.31;
    c1              10;
    Cmu             0.09;
    b1              1;
    F3              false;
}

Reading/calculating face velocity Uf

No finite volume options present

Courant Number mean: 0.164863 max: 0.354068

Starting time loop

Courant Number mean: 0.164863 max: 0.354068
Time = 0.422

GAMG:  Solving for cellDisplacementx, Initial residual = 0, Final residual = 0, No Iterations 0
GAMG:  Solving for cellDisplacementy, Initial residual = 0, Final residual = 0, No Iterations 0
GAMG:  Solving for cellDisplacementz, Initial residual = 0, Final residual = 0, No Iterations 0
PIMPLE: iteration 1
DILUPBiCG:  Solving for Ux, Initial residual = 0.0627823, Final residual = 0.00021763, No Iterations 1
DILUPBiCG:  Solving for Uy, Initial residual = 0.0109494, Final residual = 2.13808e-05, No Iterations 1
DILUPBiCG:  Solving for Uz, Initial residual = 0.0244601, Final residual = 3.37652e-05, No Iterations 1
GAMG:  Solving for p, Initial residual = 0.132712, Final residual = 0.000952541, No Iterations 6
GAMG:  Solving for p, Initial residual = 0.0160835, Final residual = 0.000150492, No Iterations 18
GAMG:  Solving for p, Initial residual = 0.00717273, Final residual = 6.08275e-05, No Iterations 10
time step continuity errors : sum local = 8.95463e-07, global = -2.30122e-07, cumulative = -2.30122e-07
GAMG:  Solving for p, Initial residual = 0.0563525, Final residual = 0.000549411, No Iterations 4
GAMG:  Solving for p, Initial residual = 0.00805884, Final residual = 7.79357e-05, No Iterations 18
GAMG:  Solving for p, Initial residual = 0.00375898, Final residual = 3.30233e-05, No Iterations 10
time step continuity errors : sum local = 4.87699e-07, global = -1.25411e-07, cumulative = -3.55533e-07
PIMPLE: iteration 2
DILUPBiCG:  Solving for Ux, Initial residual = 0.0175977, Final residual = 8.93296e-05, No Iterations 1
DILUPBiCG:  Solving for Uy, Initial residual = 0.0030082, Final residual = 7.23109e-06, No Iterations 1
DILUPBiCG:  Solving for Uz, Initial residual = 0.00403263, Final residual = 1.62874e-05, No Iterations 1
GAMG:  Solving for p, Initial residual = 0.0573063, Final residual = 0.000445062, No Iterations 4
GAMG:  Solving for p, Initial residual = 0.00953261, Final residual = 9.40818e-05, No Iterations 14
GAMG:  Solving for p, Initial residual = 0.00442904, Final residual = 4.10577e-05, No Iterations 8
time step continuity errors : sum local = 5.19023e-07, global = 1.62007e-07, cumulative = -1.93526e-07
GAMG:  Solving for p, Initial residual = 0.0293315, Final residual = 0.000197362, No Iterations 4
GAMG:  Solving for p, Initial residual = 0.00481425, Final residual = 4.70752e-05, No Iterations 12
GAMG:  Solving for p, Initial residual = 0.00214482, Final residual = 1.99003e-05, No Iterations 8
time step continuity errors : sum local = 2.52719e-07, global = 7.05064e-08, cumulative = -1.2302e-07
PIMPLE: iteration 3
DILUPBiCG:  Solving for Ux, Initial residual = 0.00433663, Final residual = 1.50804e-06, No Iterations 2
DILUPBiCG:  Solving for Uy, Initial residual = 0.000745243, Final residual = 7.52853e-06, No Iterations 1
DILUPBiCG:  Solving for Uz, Initial residual = 0.00976278, Final residual = 2.9294e-06, No Iterations 2
GAMG:  Solving for p, Initial residual = 0.0393336, Final residual = 0.000300337, No Iterations 5
GAMG:  Solving for p, Initial residual = 0.00863713, Final residual = 7.81165e-05, No Iterations 13
GAMG:  Solving for p, Initial residual = 0.00410294, Final residual = 3.49453e-05, No Iterations 10
time step continuity errors : sum local = 4.97826e-07, global = 1.28733e-07, cumulative = 5.71351e-09
GAMG:  Solving for p, Initial residual = 0.00219624, Final residual = 2.10927e-05, No Iterations 16
GAMG:  Solving for p, Initial residual = 0.00123127, Final residual = 1.04116e-05, No Iterations 4
GAMG:  Solving for p, Initial residual = 0.000490763, Final residual = 8.90969e-07, No Iterations 28
time step continuity errors : sum local = 1.2618e-08, global = -3.7476e-09, cumulative = 1.96591e-09
DILUPBiCG:  Solving for omega, Initial residual = 0.000753013, Final residual = 7.58952e-07, No Iterations 1
DILUPBiCG:  Solving for k, Initial residual = 0.00430684, Final residual = 1.22516e-06, No Iterations 2
ExecutionTime = 17.66 s  ClockTime = 17 s

End

