/*---------------------------------------------------------------------------*\
| =========                 |                                                 |
| \\      /  F ield         | OpenFOAM: The Open Source CFD Toolbox           |
|  \\    /   O peration     | Version:  2.3.1                                 |
|   \\  /    A nd           | Web:      www.OpenFOAM.org                      |
|    \\/     M anipulation  |                                                 |
\*---------------------------------------------------------------------------*/
Build  : 2.3.1-262087cdf8db
Exec   : pimpleDyMFoam
Date   : Jun 06 2023
Time   : 00:12:03
Host   : "jcosson-VirtualBox"
PID    : 27231
Case   : /home/jcosson/workspace/henersj_shootingdata/calcs/moderate_deformed/primal/100_intervals_05-06-23/sweep13/interval93
nProcs : 1
sigFpe : Enabling floating point exception trapping (FOAM_SIGFPE).
fileModificationChecking : Monitoring run-time modified files using timeStampMaster
allowSystemOperations : Allowing user-supplied system call operations

// * * * * * * * * * * * * * * * * * * * * * * * * * * * * * * * * * * * * * //
Create time

Create mesh for time = 0.492

Selecting dynamicFvMesh dynamicMotionSolverFvMesh
Selecting motion solver: displacementLaplacian
Selecting motion diffusion: quadratic
Selecting motion diffusion: quadratic
Selecting motion diffusion: inverseDistance

PIMPLE: no residual control data found. Calculations will employ 3 corrector loops

Reading field p

Reading field U

Reading/calculating face flux field phi

Selecting incompressible transport model Newtonian
Selecting turbulence model type RASModel
Selecting RAS turbulence model kOmegaSST
bounding k, min: 0 max: 0.000714744 average: 0.000157889
kOmegaSSTCoeffs
{
    alphaK1         0.85034;
    alphaK2         1;
    alphaOmega1     0.5;
    alphaOmega2     0.85616;
    gamma1          0.5532;
    gamma2          0.4403;
    beta1           0.075;
    beta2           0.0828;
    betaStar        0.09;
    a1              0.31;
    c1              10;
    Cmu             0.09;
    b1              1;
    F3              false;
}

Reading/calculating face velocity Uf

No finite volume options present

Courant Number mean: 0.108957 max: 0.241021

Starting time loop

Courant Number mean: 0.108957 max: 0.241021
Time = 0.493

GAMG:  Solving for cellDisplacementx, Initial residual = 0, Final residual = 0, No Iterations 0
GAMG:  Solving for cellDisplacementy, Initial residual = 0, Final residual = 0, No Iterations 0
GAMG:  Solving for cellDisplacementz, Initial residual = 0, Final residual = 0, No Iterations 0
PIMPLE: iteration 1
DILUPBiCG:  Solving for Ux, Initial residual = 0.0450282, Final residual = 0.000162989, No Iterations 1
DILUPBiCG:  Solving for Uy, Initial residual = 0.00927982, Final residual = 1.89466e-05, No Iterations 1
DILUPBiCG:  Solving for Uz, Initial residual = 0.0207957, Final residual = 2.5432e-05, No Iterations 1
GAMG:  Solving for p, Initial residual = 0.114748, Final residual = 0.00052362, No Iterations 4
GAMG:  Solving for p, Initial residual = 0.0164334, Final residual = 0.000144661, No Iterations 14
GAMG:  Solving for p, Initial residual = 0.00770763, Final residual = 5.9811e-05, No Iterations 4
time step continuity errors : sum local = 4.87324e-07, global = 1.8335e-07, cumulative = 1.8335e-07
GAMG:  Solving for p, Initial residual = 0.0529106, Final residual = 0.000224509, No Iterations 4
GAMG:  Solving for p, Initial residual = 0.00809407, Final residual = 7.5784e-05, No Iterations 10
GAMG:  Solving for p, Initial residual = 0.00385089, Final residual = 2.93746e-05, No Iterations 4
time step continuity errors : sum local = 2.40467e-07, global = 8.94358e-08, cumulative = 2.72786e-07
PIMPLE: iteration 2
DILUPBiCG:  Solving for Ux, Initial residual = 0.011171, Final residual = 6.28852e-05, No Iterations 1
DILUPBiCG:  Solving for Uy, Initial residual = 0.00238704, Final residual = 4.92212e-06, No Iterations 1
DILUPBiCG:  Solving for Uz, Initial residual = 0.00306632, Final residual = 8.96377e-06, No Iterations 1
GAMG:  Solving for p, Initial residual = 0.0516966, Final residual = 0.000334784, No Iterations 6
GAMG:  Solving for p, Initial residual = 0.0121595, Final residual = 0.000103016, No Iterations 14
GAMG:  Solving for p, Initial residual = 0.00489459, Final residual = 4.49612e-05, No Iterations 10
time step continuity errors : sum local = 3.18812e-07, global = -8.21857e-08, cumulative = 1.906e-07
GAMG:  Solving for p, Initial residual = 0.0275245, Final residual = 0.000239442, No Iterations 5
GAMG:  Solving for p, Initial residual = 0.00655647, Final residual = 6.02644e-05, No Iterations 8
GAMG:  Solving for p, Initial residual = 0.00242042, Final residual = 1.90083e-05, No Iterations 6
time step continuity errors : sum local = 1.34853e-07, global = 4.46772e-08, cumulative = 2.35277e-07
PIMPLE: iteration 3
DILUPBiCG:  Solving for Ux, Initial residual = 0.00213988, Final residual = 2.17537e-06, No Iterations 2
DILUPBiCG:  Solving for Uy, Initial residual = 0.000515025, Final residual = 5.60102e-06, No Iterations 1
DILUPBiCG:  Solving for Uz, Initial residual = 0.00355521, Final residual = 1.39068e-06, No Iterations 2
GAMG:  Solving for p, Initial residual = 0.047242, Final residual = 0.000367596, No Iterations 5
GAMG:  Solving for p, Initial residual = 0.0110156, Final residual = 9.73224e-05, No Iterations 16
GAMG:  Solving for p, Initial residual = 0.00599148, Final residual = 5.94237e-05, No Iterations 4
time step continuity errors : sum local = 4.7139e-07, global = -1.64652e-07, cumulative = 7.06253e-08
GAMG:  Solving for p, Initial residual = 0.0026133, Final residual = 2.31619e-05, No Iterations 6
GAMG:  Solving for p, Initial residual = 0.00140943, Final residual = 1.205e-05, No Iterations 4
GAMG:  Solving for p, Initial residual = 0.000551283, Final residual = 8.19415e-07, No Iterations 16
time step continuity errors : sum local = 6.41761e-09, global = -1.5368e-09, cumulative = 6.90885e-08
DILUPBiCG:  Solving for omega, Initial residual = 0.00141817, Final residual = 7.84416e-07, No Iterations 1
DILUPBiCG:  Solving for k, Initial residual = 0.00385697, Final residual = 6.17964e-07, No Iterations 2
bounding k, min: 0 max: 0.000699679 average: 0.00015692
ExecutionTime = 14.08 s  ClockTime = 14 s

End

