/*---------------------------------------------------------------------------*\
| =========                 |                                                 |
| \\      /  F ield         | OpenFOAM: The Open Source CFD Toolbox           |
|  \\    /   O peration     | Version:  2.3.1                                 |
|   \\  /    A nd           | Web:      www.OpenFOAM.org                      |
|    \\/     M anipulation  |                                                 |
\*---------------------------------------------------------------------------*/
Build  : 2.3.1-262087cdf8db
Exec   : pimpleDyMFoam
Date   : Jun 06 2023
Time   : 00:11:46
Host   : "jcosson-VirtualBox"
PID    : 27203
Case   : /home/jcosson/workspace/henersj_shootingdata/calcs/moderate_deformed/primal/100_intervals_05-06-23/sweep13/interval79
nProcs : 1
sigFpe : Enabling floating point exception trapping (FOAM_SIGFPE).
fileModificationChecking : Monitoring run-time modified files using timeStampMaster
allowSystemOperations : Allowing user-supplied system call operations

// * * * * * * * * * * * * * * * * * * * * * * * * * * * * * * * * * * * * * //
Create time

Create mesh for time = 0.478

Selecting dynamicFvMesh dynamicMotionSolverFvMesh
Selecting motion solver: displacementLaplacian
Selecting motion diffusion: quadratic
Selecting motion diffusion: quadratic
Selecting motion diffusion: inverseDistance

PIMPLE: no residual control data found. Calculations will employ 3 corrector loops

Reading field p

Reading field U

Reading/calculating face flux field phi

Selecting incompressible transport model Newtonian
Selecting turbulence model type RASModel
Selecting RAS turbulence model kOmegaSST
bounding k, min: 0 max: 0.000815635 average: 0.000170409
kOmegaSSTCoeffs
{
    alphaK1         0.85034;
    alphaK2         1;
    alphaOmega1     0.5;
    alphaOmega2     0.85616;
    gamma1          0.5532;
    gamma2          0.4403;
    beta1           0.075;
    beta2           0.0828;
    betaStar        0.09;
    a1              0.31;
    c1              10;
    Cmu             0.09;
    b1              1;
    F3              false;
}

Reading/calculating face velocity Uf

No finite volume options present

Courant Number mean: 0.171836 max: 0.3841

Starting time loop

Courant Number mean: 0.171836 max: 0.3841
Time = 0.479

GAMG:  Solving for cellDisplacementx, Initial residual = 0, Final residual = 0, No Iterations 0
GAMG:  Solving for cellDisplacementy, Initial residual = 0, Final residual = 0, No Iterations 0
GAMG:  Solving for cellDisplacementz, Initial residual = 0, Final residual = 0, No Iterations 0
PIMPLE: iteration 1
DILUPBiCG:  Solving for Ux, Initial residual = 0.0627328, Final residual = 0.000246278, No Iterations 1
DILUPBiCG:  Solving for Uy, Initial residual = 0.0109074, Final residual = 2.43409e-05, No Iterations 1
DILUPBiCG:  Solving for Uz, Initial residual = 0.0180983, Final residual = 2.61568e-05, No Iterations 1
GAMG:  Solving for p, Initial residual = 0.124365, Final residual = 0.00118908, No Iterations 4
GAMG:  Solving for p, Initial residual = 0.0154146, Final residual = 0.000153452, No Iterations 18
GAMG:  Solving for p, Initial residual = 0.00700197, Final residual = 6.83904e-05, No Iterations 10
time step continuity errors : sum local = 1.03434e-06, global = 2.69942e-07, cumulative = 2.69942e-07
GAMG:  Solving for p, Initial residual = 0.0538523, Final residual = 0.000456777, No Iterations 4
GAMG:  Solving for p, Initial residual = 0.00766487, Final residual = 7.17797e-05, No Iterations 16
GAMG:  Solving for p, Initial residual = 0.00353012, Final residual = 3.40449e-05, No Iterations 10
time step continuity errors : sum local = 5.15606e-07, global = 1.35936e-07, cumulative = 4.05877e-07
PIMPLE: iteration 2
DILUPBiCG:  Solving for Ux, Initial residual = 0.0173572, Final residual = 0.000103993, No Iterations 1
DILUPBiCG:  Solving for Uy, Initial residual = 0.00319411, Final residual = 7.12912e-06, No Iterations 1
DILUPBiCG:  Solving for Uz, Initial residual = 0.00356287, Final residual = 1.37562e-05, No Iterations 1
GAMG:  Solving for p, Initial residual = 0.0537346, Final residual = 0.000485528, No Iterations 4
GAMG:  Solving for p, Initial residual = 0.00919511, Final residual = 8.53705e-05, No Iterations 16
GAMG:  Solving for p, Initial residual = 0.00408054, Final residual = 3.55358e-05, No Iterations 10
time step continuity errors : sum local = 4.61863e-07, global = -1.17327e-07, cumulative = 2.88551e-07
GAMG:  Solving for p, Initial residual = 0.0278142, Final residual = 0.000218503, No Iterations 4
GAMG:  Solving for p, Initial residual = 0.0046344, Final residual = 4.08386e-05, No Iterations 14
GAMG:  Solving for p, Initial residual = 0.00193333, Final residual = 1.77035e-05, No Iterations 10
time step continuity errors : sum local = 2.31058e-07, global = -5.84945e-08, cumulative = 2.30056e-07
PIMPLE: iteration 3
DILUPBiCG:  Solving for Ux, Initial residual = 0.00402741, Final residual = 2.76402e-06, No Iterations 2
DILUPBiCG:  Solving for Uy, Initial residual = 0.000769362, Final residual = 5.71216e-06, No Iterations 1
DILUPBiCG:  Solving for Uz, Initial residual = 0.0061085, Final residual = 3.74572e-06, No Iterations 2
GAMG:  Solving for p, Initial residual = 0.0407716, Final residual = 0.000372596, No Iterations 5
GAMG:  Solving for p, Initial residual = 0.0094707, Final residual = 9.01804e-05, No Iterations 4
GAMG:  Solving for p, Initial residual = 0.00437894, Final residual = 3.82096e-05, No Iterations 14
time step continuity errors : sum local = 5.61303e-07, global = -1.66615e-07, cumulative = 6.34408e-08
GAMG:  Solving for p, Initial residual = 0.0024717, Final residual = 2.4705e-05, No Iterations 13
GAMG:  Solving for p, Initial residual = 0.00130622, Final residual = 9.96933e-06, No Iterations 5
GAMG:  Solving for p, Initial residual = 0.000528004, Final residual = 9.86228e-07, No Iterations 28
time step continuity errors : sum local = 1.43203e-08, global = 4.2909e-09, cumulative = 6.77317e-08
DILUPBiCG:  Solving for omega, Initial residual = 0.00100443, Final residual = 9.53315e-07, No Iterations 1
DILUPBiCG:  Solving for k, Initial residual = 0.00432562, Final residual = 1.12182e-06, No Iterations 2
bounding k, min: 0 max: 0.000803796 average: 0.000169247
ExecutionTime = 16.01 s  ClockTime = 16 s

End

