/*---------------------------------------------------------------------------*\
| =========                 |                                                 |
| \\      /  F ield         | OpenFOAM: The Open Source CFD Toolbox           |
|  \\    /   O peration     | Version:  2.3.1                                 |
|   \\  /    A nd           | Web:      www.OpenFOAM.org                      |
|    \\/     M anipulation  |                                                 |
\*---------------------------------------------------------------------------*/
Build  : 2.3.1-262087cdf8db
Exec   : pimpleDyMFoam
Date   : Jun 05 2023
Time   : 18:10:24
Host   : "jcosson-VirtualBox"
PID    : 11522
Case   : /home/jcosson/workspace/henersj_shootingdata/calcs/moderate_deformed/primal/56_intervals_05-06-23/sweep8/interval15
nProcs : 1
sigFpe : Enabling floating point exception trapping (FOAM_SIGFPE).
fileModificationChecking : Monitoring run-time modified files using timeStampMaster
allowSystemOperations : Allowing user-supplied system call operations

// * * * * * * * * * * * * * * * * * * * * * * * * * * * * * * * * * * * * * //
Create time

Create mesh for time = 0.425

Selecting dynamicFvMesh dynamicMotionSolverFvMesh
Selecting motion solver: displacementLaplacian
Selecting motion diffusion: quadratic
Selecting motion diffusion: quadratic
Selecting motion diffusion: inverseDistance

PIMPLE: no residual control data found. Calculations will employ 3 corrector loops

Reading field p

Reading field U

Reading/calculating face flux field phi

Selecting incompressible transport model Newtonian
Selecting turbulence model type RASModel
Selecting RAS turbulence model kOmegaSST
kOmegaSSTCoeffs
{
    alphaK1         0.85034;
    alphaK2         1;
    alphaOmega1     0.5;
    alphaOmega2     0.85616;
    gamma1          0.5532;
    gamma2          0.4403;
    beta1           0.075;
    beta2           0.0828;
    betaStar        0.09;
    a1              0.31;
    c1              10;
    Cmu             0.09;
    b1              1;
    F3              false;
}

Reading/calculating face velocity Uf

No finite volume options present

Courant Number mean: 0.187699 max: 0.404414

Starting time loop

Courant Number mean: 0.187699 max: 0.404414
Time = 0.426

GAMG:  Solving for cellDisplacementx, Initial residual = 0, Final residual = 0, No Iterations 0
GAMG:  Solving for cellDisplacementy, Initial residual = 0, Final residual = 0, No Iterations 0
GAMG:  Solving for cellDisplacementz, Initial residual = 0, Final residual = 0, No Iterations 0
PIMPLE: iteration 1
DILUPBiCG:  Solving for Ux, Initial residual = 0.0590491, Final residual = 0.000198861, No Iterations 1
DILUPBiCG:  Solving for Uy, Initial residual = 0.00991487, Final residual = 2.03335e-05, No Iterations 1
DILUPBiCG:  Solving for Uz, Initial residual = 0.0218999, Final residual = 3.23097e-05, No Iterations 1
GAMG:  Solving for p, Initial residual = 0.127488, Final residual = 0.000878779, No Iterations 6
GAMG:  Solving for p, Initial residual = 0.0154661, Final residual = 0.000141126, No Iterations 18
GAMG:  Solving for p, Initial residual = 0.00682154, Final residual = 6.18994e-05, No Iterations 10
time step continuity errors : sum local = 9.38171e-07, global = -2.39409e-07, cumulative = -2.39409e-07
GAMG:  Solving for p, Initial residual = 0.0545957, Final residual = 0.000518052, No Iterations 4
GAMG:  Solving for p, Initial residual = 0.00775165, Final residual = 7.3016e-05, No Iterations 18
GAMG:  Solving for p, Initial residual = 0.00359265, Final residual = 3.36107e-05, No Iterations 10
time step continuity errors : sum local = 5.10406e-07, global = -1.3097e-07, cumulative = -3.70379e-07
PIMPLE: iteration 2
DILUPBiCG:  Solving for Ux, Initial residual = 0.016602, Final residual = 7.7449e-05, No Iterations 1
DILUPBiCG:  Solving for Uy, Initial residual = 0.00276572, Final residual = 7.23082e-06, No Iterations 1
DILUPBiCG:  Solving for Uz, Initial residual = 0.00389926, Final residual = 2.39565e-05, No Iterations 1
GAMG:  Solving for p, Initial residual = 0.0553459, Final residual = 0.000487458, No Iterations 4
GAMG:  Solving for p, Initial residual = 0.00947274, Final residual = 8.20253e-05, No Iterations 16
GAMG:  Solving for p, Initial residual = 0.0042844, Final residual = 3.76586e-05, No Iterations 8
time step continuity errors : sum local = 4.86948e-07, global = 1.53181e-07, cumulative = -2.17198e-07
GAMG:  Solving for p, Initial residual = 0.0284726, Final residual = 0.000212918, No Iterations 4
GAMG:  Solving for p, Initial residual = 0.00472678, Final residual = 3.96259e-05, No Iterations 14
GAMG:  Solving for p, Initial residual = 0.002045, Final residual = 2.04081e-05, No Iterations 6
time step continuity errors : sum local = 2.65373e-07, global = 8.03827e-08, cumulative = -1.36815e-07
PIMPLE: iteration 3
DILUPBiCG:  Solving for Ux, Initial residual = 0.0040314, Final residual = 1.37223e-06, No Iterations 2
DILUPBiCG:  Solving for Uy, Initial residual = 0.000673878, Final residual = 8.12904e-06, No Iterations 1
DILUPBiCG:  Solving for Uz, Initial residual = 0.00962984, Final residual = 2.91728e-06, No Iterations 2
GAMG:  Solving for p, Initial residual = 0.0399366, Final residual = 0.000340273, No Iterations 5
GAMG:  Solving for p, Initial residual = 0.00911054, Final residual = 8.6055e-05, No Iterations 9
GAMG:  Solving for p, Initial residual = 0.00419746, Final residual = 3.77689e-05, No Iterations 10
time step continuity errors : sum local = 5.50099e-07, global = 1.41308e-07, cumulative = 4.49304e-09
GAMG:  Solving for p, Initial residual = 0.0022992, Final residual = 2.12687e-05, No Iterations 18
GAMG:  Solving for p, Initial residual = 0.00132327, Final residual = 1.1107e-05, No Iterations 4
GAMG:  Solving for p, Initial residual = 0.000508671, Final residual = 9.8092e-07, No Iterations 32
time step continuity errors : sum local = 1.4224e-08, global = -4.19278e-09, cumulative = 3.00264e-10
DILUPBiCG:  Solving for omega, Initial residual = 0.000769808, Final residual = 8.29409e-07, No Iterations 1
DILUPBiCG:  Solving for k, Initial residual = 0.0047553, Final residual = 1.17394e-06, No Iterations 2
ExecutionTime = 17.72 s  ClockTime = 17 s

Courant Number mean: 0.193498 max: 0.41753
Time = 0.427

GAMG:  Solving for cellDisplacementx, Initial residual = 0, Final residual = 0, No Iterations 0
GAMG:  Solving for cellDisplacementy, Initial residual = 0, Final residual = 0, No Iterations 0
GAMG:  Solving for cellDisplacementz, Initial residual = 0, Final residual = 0, No Iterations 0
PIMPLE: iteration 1
DILUPBiCG:  Solving for Ux, Initial residual = 0.0578534, Final residual = 0.000193192, No Iterations 1
DILUPBiCG:  Solving for Uy, Initial residual = 0.00955006, Final residual = 1.96851e-05, No Iterations 1
DILUPBiCG:  Solving for Uz, Initial residual = 0.0187934, Final residual = 2.25769e-05, No Iterations 1
GAMG:  Solving for p, Initial residual = 0.11763, Final residual = 0.000824308, No Iterations 6
GAMG:  Solving for p, Initial residual = 0.0135481, Final residual = 0.000119479, No Iterations 18
GAMG:  Solving for p, Initial residual = 0.00597725, Final residual = 5.29605e-05, No Iterations 4
time step continuity errors : sum local = 8.0355e-07, global = -3.04553e-07, cumulative = -3.04253e-07
GAMG:  Solving for p, Initial residual = 0.050555, Final residual = 0.000498295, No Iterations 4
GAMG:  Solving for p, Initial residual = 0.00677024, Final residual = 6.13796e-05, No Iterations 18
GAMG:  Solving for p, Initial residual = 0.00313944, Final residual = 3.10328e-05, No Iterations 4
time step continuity errors : sum local = 4.70813e-07, global = -1.70882e-07, cumulative = -4.75134e-07
PIMPLE: iteration 2
DILUPBiCG:  Solving for Ux, Initial residual = 0.0162007, Final residual = 7.38486e-05, No Iterations 1
DILUPBiCG:  Solving for Uy, Initial residual = 0.00268825, Final residual = 7.23565e-06, No Iterations 1
DILUPBiCG:  Solving for Uz, Initial residual = 0.00373629, Final residual = 8.51398e-05, No Iterations 1
GAMG:  Solving for p, Initial residual = 0.0510143, Final residual = 0.000481748, No Iterations 4
GAMG:  Solving for p, Initial residual = 0.008317, Final residual = 8.29132e-05, No Iterations 16
GAMG:  Solving for p, Initial residual = 0.00374895, Final residual = 3.34419e-05, No Iterations 10
time step continuity errors : sum local = 4.31345e-07, global = 1.10461e-07, cumulative = -3.64673e-07
GAMG:  Solving for p, Initial residual = 0.0262061, Final residual = 0.0002106, No Iterations 4
GAMG:  Solving for p, Initial residual = 0.00413062, Final residual = 4.00954e-05, No Iterations 14
GAMG:  Solving for p, Initial residual = 0.00173553, Final residual = 1.65064e-05, No Iterations 10
time step continuity errors : sum local = 2.13981e-07, global = 5.36365e-08, cumulative = -3.11037e-07
PIMPLE: iteration 3
DILUPBiCG:  Solving for Ux, Initial residual = 0.00388862, Final residual = 1.33827e-06, No Iterations 2
DILUPBiCG:  Solving for Uy, Initial residual = 0.000654556, Final residual = 8.6234e-06, No Iterations 1
DILUPBiCG:  Solving for Uz, Initial residual = 0.00766991, Final residual = 3.0436e-06, No Iterations 2
GAMG:  Solving for p, Initial residual = 0.0396963, Final residual = 0.000310178, No Iterations 5
GAMG:  Solving for p, Initial residual = 0.00953207, Final residual = 9.13515e-05, No Iterations 5
GAMG:  Solving for p, Initial residual = 0.0041804, Final residual = 4.01477e-05, No Iterations 10
time step continuity errors : sum local = 5.8316e-07, global = 1.47127e-07, cumulative = -1.63909e-07
GAMG:  Solving for p, Initial residual = 0.00237967, Final residual = 2.17621e-05, No Iterations 18
GAMG:  Solving for p, Initial residual = 0.00135554, Final residual = 1.17738e-05, No Iterations 4
GAMG:  Solving for p, Initial residual = 0.00052044, Final residual = 9.55535e-07, No Iterations 34
time step continuity errors : sum local = 1.37933e-08, global = -4.03845e-09, cumulative = -1.67948e-07
DILUPBiCG:  Solving for omega, Initial residual = 0.000764004, Final residual = 8.33814e-07, No Iterations 1
DILUPBiCG:  Solving for k, Initial residual = 0.00486243, Final residual = 1.16058e-06, No Iterations 2
ExecutionTime = 31.52 s  ClockTime = 31 s

End

