/*---------------------------------------------------------------------------*\
| =========                 |                                                 |
| \\      /  F ield         | OpenFOAM: The Open Source CFD Toolbox           |
|  \\    /   O peration     | Version:  2.3.1                                 |
|   \\  /    A nd           | Web:      www.OpenFOAM.org                      |
|    \\/     M anipulation  |                                                 |
\*---------------------------------------------------------------------------*/
Build  : 2.3.1-262087cdf8db
Exec   : pimpleDyMFoam
Date   : Jun 05 2023
Time   : 18:10:23
Host   : "jcosson-VirtualBox"
PID    : 11530
Case   : /home/jcosson/workspace/henersj_shootingdata/calcs/moderate_deformed/primal/56_intervals_05-06-23/sweep8/interval21
nProcs : 1
sigFpe : Enabling floating point exception trapping (FOAM_SIGFPE).
fileModificationChecking : Monitoring run-time modified files using timeStampMaster
allowSystemOperations : Allowing user-supplied system call operations

// * * * * * * * * * * * * * * * * * * * * * * * * * * * * * * * * * * * * * //
Create time

Create mesh for time = 0.436

Selecting dynamicFvMesh dynamicMotionSolverFvMesh
Selecting motion solver: displacementLaplacian
Selecting motion diffusion: quadratic
Selecting motion diffusion: quadratic
Selecting motion diffusion: inverseDistance

PIMPLE: no residual control data found. Calculations will employ 3 corrector loops

Reading field p

Reading field U

Reading/calculating face flux field phi

Selecting incompressible transport model Newtonian
Selecting turbulence model type RASModel
Selecting RAS turbulence model kOmegaSST
kOmegaSSTCoeffs
{
    alphaK1         0.85034;
    alphaK2         1;
    alphaOmega1     0.5;
    alphaOmega2     0.85616;
    gamma1          0.5532;
    gamma2          0.4403;
    beta1           0.075;
    beta2           0.0828;
    betaStar        0.09;
    a1              0.31;
    c1              10;
    Cmu             0.09;
    b1              1;
    F3              false;
}

Reading/calculating face velocity Uf

No finite volume options present

Courant Number mean: 0.24626 max: 0.54143

Starting time loop

Courant Number mean: 0.24626 max: 0.54143
Time = 0.437

GAMG:  Solving for cellDisplacementx, Initial residual = 0, Final residual = 0, No Iterations 0
GAMG:  Solving for cellDisplacementy, Initial residual = 0, Final residual = 0, No Iterations 0
GAMG:  Solving for cellDisplacementz, Initial residual = 0, Final residual = 0, No Iterations 0
PIMPLE: iteration 1
DILUPBiCG:  Solving for Ux, Initial residual = 0.0372766, Final residual = 0.000122264, No Iterations 1
DILUPBiCG:  Solving for Uy, Initial residual = 0.00585872, Final residual = 1.4435e-05, No Iterations 1
DILUPBiCG:  Solving for Uz, Initial residual = 0.0156151, Final residual = 2.36858e-05, No Iterations 1
GAMG:  Solving for p, Initial residual = 0.11979, Final residual = 0.00104081, No Iterations 4
GAMG:  Solving for p, Initial residual = 0.0155594, Final residual = 0.000144262, No Iterations 16
GAMG:  Solving for p, Initial residual = 0.00673963, Final residual = 6.58562e-05, No Iterations 10
time step continuity errors : sum local = 7.81308e-07, global = -2.10134e-07, cumulative = -2.10134e-07
GAMG:  Solving for p, Initial residual = 0.0526234, Final residual = 0.000394024, No Iterations 4
GAMG:  Solving for p, Initial residual = 0.00765625, Final residual = 6.98722e-05, No Iterations 14
GAMG:  Solving for p, Initial residual = 0.00338253, Final residual = 3.34071e-05, No Iterations 10
time step continuity errors : sum local = 3.96228e-07, global = -1.07877e-07, cumulative = -3.18011e-07
PIMPLE: iteration 2
DILUPBiCG:  Solving for Ux, Initial residual = 0.0104992, Final residual = 4.13445e-05, No Iterations 1
DILUPBiCG:  Solving for Uy, Initial residual = 0.00169282, Final residual = 6.48956e-06, No Iterations 1
DILUPBiCG:  Solving for Uz, Initial residual = 0.00324513, Final residual = 9.31066e-06, No Iterations 1
GAMG:  Solving for p, Initial residual = 0.0528639, Final residual = 0.00051935, No Iterations 5
GAMG:  Solving for p, Initial residual = 0.0109124, Final residual = 0.000104401, No Iterations 13
GAMG:  Solving for p, Initial residual = 0.00422565, Final residual = 4.04336e-05, No Iterations 12
time step continuity errors : sum local = 4.04994e-07, global = 1.14764e-07, cumulative = -2.03247e-07
GAMG:  Solving for p, Initial residual = 0.0276381, Final residual = 0.000251925, No Iterations 4
GAMG:  Solving for p, Initial residual = 0.00524604, Final residual = 4.518e-05, No Iterations 14
GAMG:  Solving for p, Initial residual = 0.00202186, Final residual = 1.78848e-05, No Iterations 12
time step continuity errors : sum local = 1.80264e-07, global = 5.15098e-08, cumulative = -1.51737e-07
PIMPLE: iteration 3
DILUPBiCG:  Solving for Ux, Initial residual = 0.00238787, Final residual = 9.2898e-07, No Iterations 2
DILUPBiCG:  Solving for Uy, Initial residual = 0.000390355, Final residual = 9.83554e-06, No Iterations 1
DILUPBiCG:  Solving for Uz, Initial residual = 0.00634376, Final residual = 3.9194e-06, No Iterations 2
GAMG:  Solving for p, Initial residual = 0.0436786, Final residual = 0.000380679, No Iterations 5
GAMG:  Solving for p, Initial residual = 0.01137, Final residual = 9.49778e-05, No Iterations 10
GAMG:  Solving for p, Initial residual = 0.00486625, Final residual = 4.1093e-05, No Iterations 10
time step continuity errors : sum local = 4.61166e-07, global = 1.18322e-07, cumulative = -3.34146e-08
GAMG:  Solving for p, Initial residual = 0.00293838, Final residual = 2.78464e-05, No Iterations 18
GAMG:  Solving for p, Initial residual = 0.00176074, Final residual = 1.50283e-05, No Iterations 4
GAMG:  Solving for p, Initial residual = 0.00061466, Final residual = 8.60803e-07, No Iterations 40
time step continuity errors : sum local = 9.64362e-09, global = -2.85525e-09, cumulative = -3.62698e-08
DILUPBiCG:  Solving for omega, Initial residual = 0.00108956, Final residual = 1.26123e-06, No Iterations 1
DILUPBiCG:  Solving for k, Initial residual = 0.00622166, Final residual = 1.39418e-06, No Iterations 2
ExecutionTime = 17.74 s  ClockTime = 18 s

Courant Number mean: 0.250608 max: 0.551114
Time = 0.438

GAMG:  Solving for cellDisplacementx, Initial residual = 0, Final residual = 0, No Iterations 0
GAMG:  Solving for cellDisplacementy, Initial residual = 0, Final residual = 0, No Iterations 0
GAMG:  Solving for cellDisplacementz, Initial residual = 0, Final residual = 0, No Iterations 0
PIMPLE: iteration 1
DILUPBiCG:  Solving for Ux, Initial residual = 0.0347621, Final residual = 0.000114533, No Iterations 1
DILUPBiCG:  Solving for Uy, Initial residual = 0.00545702, Final residual = 1.37404e-05, No Iterations 1
DILUPBiCG:  Solving for Uz, Initial residual = 0.0128235, Final residual = 2.20434e-05, No Iterations 1
GAMG:  Solving for p, Initial residual = 0.108107, Final residual = 0.00106048, No Iterations 4
GAMG:  Solving for p, Initial residual = 0.0136708, Final residual = 0.000116826, No Iterations 20
GAMG:  Solving for p, Initial residual = 0.00625131, Final residual = 5.05058e-05, No Iterations 10
time step continuity errors : sum local = 5.74425e-07, global = -1.48066e-07, cumulative = -1.84336e-07
GAMG:  Solving for p, Initial residual = 0.0475908, Final residual = 0.000393479, No Iterations 4
GAMG:  Solving for p, Initial residual = 0.00670781, Final residual = 5.79388e-05, No Iterations 18
GAMG:  Solving for p, Initial residual = 0.00314758, Final residual = 2.73733e-05, No Iterations 10
time step continuity errors : sum local = 3.11278e-07, global = -8.10039e-08, cumulative = -2.6534e-07
PIMPLE: iteration 2
DILUPBiCG:  Solving for Ux, Initial residual = 0.00980997, Final residual = 3.84113e-05, No Iterations 1
DILUPBiCG:  Solving for Uy, Initial residual = 0.00157751, Final residual = 6.38514e-06, No Iterations 1
DILUPBiCG:  Solving for Uz, Initial residual = 0.0032948, Final residual = 8.92991e-06, No Iterations 1
GAMG:  Solving for p, Initial residual = 0.0471178, Final residual = 0.000333314, No Iterations 6
GAMG:  Solving for p, Initial residual = 0.0100467, Final residual = 9.68867e-05, No Iterations 14
GAMG:  Solving for p, Initial residual = 0.00375839, Final residual = 3.62493e-05, No Iterations 12
time step continuity errors : sum local = 3.48198e-07, global = 9.96119e-08, cumulative = -1.65728e-07
GAMG:  Solving for p, Initial residual = 0.0245299, Final residual = 0.000224891, No Iterations 5
GAMG:  Solving for p, Initial residual = 0.00478339, Final residual = 4.10016e-05, No Iterations 13
GAMG:  Solving for p, Initial residual = 0.0017602, Final residual = 1.61619e-05, No Iterations 12
time step continuity errors : sum local = 1.56376e-07, global = 4.55809e-08, cumulative = -1.20147e-07
PIMPLE: iteration 3
DILUPBiCG:  Solving for Ux, Initial residual = 0.00222753, Final residual = 8.50521e-07, No Iterations 2
DILUPBiCG:  Solving for Uy, Initial residual = 0.000361716, Final residual = 9.09137e-06, No Iterations 1
DILUPBiCG:  Solving for Uz, Initial residual = 0.00712236, Final residual = 2.15025e-06, No Iterations 2
GAMG:  Solving for p, Initial residual = 0.0432047, Final residual = 0.000370033, No Iterations 5
GAMG:  Solving for p, Initial residual = 0.0113523, Final residual = 0.000105956, No Iterations 8
GAMG:  Solving for p, Initial residual = 0.00482006, Final residual = 4.73785e-05, No Iterations 10
time step continuity errors : sum local = 5.09931e-07, global = 1.31644e-07, cumulative = 1.14973e-08
GAMG:  Solving for p, Initial residual = 0.00290793, Final residual = 2.68357e-05, No Iterations 18
GAMG:  Solving for p, Initial residual = 0.00176994, Final residual = 1.38114e-05, No Iterations 4
GAMG:  Solving for p, Initial residual = 0.000613805, Final residual = 8.97771e-07, No Iterations 38
time step continuity errors : sum local = 9.64653e-09, global = -2.84842e-09, cumulative = 8.6489e-09
DILUPBiCG:  Solving for omega, Initial residual = 0.00111128, Final residual = 1.30412e-06, No Iterations 1
DILUPBiCG:  Solving for k, Initial residual = 0.00630355, Final residual = 1.41146e-06, No Iterations 2
ExecutionTime = 33.41 s  ClockTime = 34 s

End

