/*---------------------------------------------------------------------------*\
| =========                 |                                                 |
| \\      /  F ield         | OpenFOAM: The Open Source CFD Toolbox           |
|  \\    /   O peration     | Version:  2.3.1                                 |
|   \\  /    A nd           | Web:      www.OpenFOAM.org                      |
|    \\/     M anipulation  |                                                 |
\*---------------------------------------------------------------------------*/
Build  : 2.3.1-262087cdf8db
Exec   : pimpleDyMFoam
Date   : Jun 05 2023
Time   : 18:10:23
Host   : "jcosson-VirtualBox"
PID    : 11521
Case   : /home/jcosson/workspace/henersj_shootingdata/calcs/moderate_deformed/primal/56_intervals_05-06-23/sweep8/interval10
nProcs : 1
sigFpe : Enabling floating point exception trapping (FOAM_SIGFPE).
fileModificationChecking : Monitoring run-time modified files using timeStampMaster
allowSystemOperations : Allowing user-supplied system call operations

// * * * * * * * * * * * * * * * * * * * * * * * * * * * * * * * * * * * * * //
Create time

Create mesh for time = 0.416

Selecting dynamicFvMesh dynamicMotionSolverFvMesh
Selecting motion solver: displacementLaplacian
Selecting motion diffusion: quadratic
Selecting motion diffusion: quadratic
Selecting motion diffusion: inverseDistance

PIMPLE: no residual control data found. Calculations will employ 3 corrector loops

Reading field p

Reading field U

Reading/calculating face flux field phi

Selecting incompressible transport model Newtonian
Selecting turbulence model type RASModel
Selecting RAS turbulence model kOmegaSST
kOmegaSSTCoeffs
{
    alphaK1         0.85034;
    alphaK2         1;
    alphaOmega1     0.5;
    alphaOmega2     0.85616;
    gamma1          0.5532;
    gamma2          0.4403;
    beta1           0.075;
    beta2           0.0828;
    betaStar        0.09;
    a1              0.31;
    c1              10;
    Cmu             0.09;
    b1              1;
    F3              false;
}

Reading/calculating face velocity Uf

No finite volume options present

Courant Number mean: 0.138492 max: 0.299212

Starting time loop

Courant Number mean: 0.138492 max: 0.299212
Time = 0.417

GAMG:  Solving for cellDisplacementx, Initial residual = 0, Final residual = 0, No Iterations 0
GAMG:  Solving for cellDisplacementy, Initial residual = 0, Final residual = 0, No Iterations 0
GAMG:  Solving for cellDisplacementz, Initial residual = 0, Final residual = 0, No Iterations 0
PIMPLE: iteration 1
DILUPBiCG:  Solving for Ux, Initial residual = 0.0615631, Final residual = 0.000222955, No Iterations 1
DILUPBiCG:  Solving for Uy, Initial residual = 0.0113484, Final residual = 2.1147e-05, No Iterations 1
DILUPBiCG:  Solving for Uz, Initial residual = 0.0243103, Final residual = 3.33704e-05, No Iterations 1
GAMG:  Solving for p, Initial residual = 0.140345, Final residual = 0.00106123, No Iterations 6
GAMG:  Solving for p, Initial residual = 0.0169058, Final residual = 0.000160425, No Iterations 18
GAMG:  Solving for p, Initial residual = 0.00741999, Final residual = 6.02476e-05, No Iterations 10
time step continuity errors : sum local = 7.74603e-07, global = -2.01845e-07, cumulative = -2.01845e-07
GAMG:  Solving for p, Initial residual = 0.0589853, Final residual = 0.000377565, No Iterations 6
GAMG:  Solving for p, Initial residual = 0.00845048, Final residual = 8.10053e-05, No Iterations 16
GAMG:  Solving for p, Initial residual = 0.00385965, Final residual = 3.31737e-05, No Iterations 10
time step continuity errors : sum local = 4.28257e-07, global = -1.11497e-07, cumulative = -3.13342e-07
PIMPLE: iteration 2
DILUPBiCG:  Solving for Ux, Initial residual = 0.017237, Final residual = 9.75143e-05, No Iterations 1
DILUPBiCG:  Solving for Uy, Initial residual = 0.00308608, Final residual = 6.92987e-06, No Iterations 1
DILUPBiCG:  Solving for Uz, Initial residual = 0.00414273, Final residual = 1.77624e-05, No Iterations 1
GAMG:  Solving for p, Initial residual = 0.0602712, Final residual = 0.000386883, No Iterations 4
GAMG:  Solving for p, Initial residual = 0.00969843, Final residual = 9.06617e-05, No Iterations 14
GAMG:  Solving for p, Initial residual = 0.00460942, Final residual = 4.34433e-05, No Iterations 7
time step continuity errors : sum local = 4.82897e-07, global = -1.76951e-07, cumulative = -4.90293e-07
GAMG:  Solving for p, Initial residual = 0.0306946, Final residual = 0.000172157, No Iterations 4
GAMG:  Solving for p, Initial residual = 0.00492341, Final residual = 4.68884e-05, No Iterations 12
GAMG:  Solving for p, Initial residual = 0.00227685, Final residual = 1.92349e-05, No Iterations 8
time step continuity errors : sum local = 2.14697e-07, global = 7.05119e-08, cumulative = -4.19781e-07
PIMPLE: iteration 3
DILUPBiCG:  Solving for Ux, Initial residual = 0.00434308, Final residual = 1.65974e-06, No Iterations 2
DILUPBiCG:  Solving for Uy, Initial residual = 0.000783552, Final residual = 6.70682e-06, No Iterations 1
DILUPBiCG:  Solving for Uz, Initial residual = 0.00872802, Final residual = 2.77415e-06, No Iterations 2
GAMG:  Solving for p, Initial residual = 0.0388839, Final residual = 0.000301782, No Iterations 5
GAMG:  Solving for p, Initial residual = 0.00826985, Final residual = 7.70811e-05, No Iterations 15
GAMG:  Solving for p, Initial residual = 0.00402374, Final residual = 3.46985e-05, No Iterations 10
time step continuity errors : sum local = 4.34951e-07, global = 1.12219e-07, cumulative = -3.07563e-07
GAMG:  Solving for p, Initial residual = 0.00211041, Final residual = 2.03736e-05, No Iterations 6
GAMG:  Solving for p, Initial residual = 0.00113243, Final residual = 1.11779e-05, No Iterations 4
GAMG:  Solving for p, Initial residual = 0.00047122, Final residual = 9.45287e-07, No Iterations 32
time step continuity errors : sum local = 1.17586e-08, global = -3.45879e-09, cumulative = -3.11021e-07
DILUPBiCG:  Solving for omega, Initial residual = 0.000873932, Final residual = 7.84033e-07, No Iterations 1
DILUPBiCG:  Solving for k, Initial residual = 0.00387123, Final residual = 1.20631e-06, No Iterations 2
ExecutionTime = 17.32 s  ClockTime = 18 s

Courant Number mean: 0.143472 max: 0.309366
Time = 0.418

GAMG:  Solving for cellDisplacementx, Initial residual = 0, Final residual = 0, No Iterations 0
GAMG:  Solving for cellDisplacementy, Initial residual = 0, Final residual = 0, No Iterations 0
GAMG:  Solving for cellDisplacementz, Initial residual = 0, Final residual = 0, No Iterations 0
PIMPLE: iteration 1
DILUPBiCG:  Solving for Ux, Initial residual = 0.062784, Final residual = 0.000224428, No Iterations 1
DILUPBiCG:  Solving for Uy, Initial residual = 0.0113308, Final residual = 2.11374e-05, No Iterations 1
DILUPBiCG:  Solving for Uz, Initial residual = 0.0222011, Final residual = 2.56553e-05, No Iterations 1
GAMG:  Solving for p, Initial residual = 0.127423, Final residual = 0.000973365, No Iterations 6
GAMG:  Solving for p, Initial residual = 0.0143009, Final residual = 0.000122042, No Iterations 20
GAMG:  Solving for p, Initial residual = 0.00641659, Final residual = 5.36081e-05, No Iterations 4
time step continuity errors : sum local = 7.16343e-07, global = -2.46354e-07, cumulative = -5.57376e-07
GAMG:  Solving for p, Initial residual = 0.0538316, Final residual = 0.000341492, No Iterations 6
GAMG:  Solving for p, Initial residual = 0.00717593, Final residual = 7.10578e-05, No Iterations 16
GAMG:  Solving for p, Initial residual = 0.00329996, Final residual = 2.96853e-05, No Iterations 10
time step continuity errors : sum local = 3.9694e-07, global = -1.02015e-07, cumulative = -6.5939e-07
PIMPLE: iteration 2
DILUPBiCG:  Solving for Ux, Initial residual = 0.0174762, Final residual = 9.66475e-05, No Iterations 1
DILUPBiCG:  Solving for Uy, Initial residual = 0.00310109, Final residual = 7.06171e-06, No Iterations 1
DILUPBiCG:  Solving for Uz, Initial residual = 0.00422348, Final residual = 1.87732e-05, No Iterations 1
GAMG:  Solving for p, Initial residual = 0.0548532, Final residual = 0.000395316, No Iterations 4
GAMG:  Solving for p, Initial residual = 0.00815545, Final residual = 7.46246e-05, No Iterations 16
GAMG:  Solving for p, Initial residual = 0.00393293, Final residual = 3.42218e-05, No Iterations 8
time step continuity errors : sum local = 3.93092e-07, global = 1.1652e-07, cumulative = -5.4287e-07
GAMG:  Solving for p, Initial residual = 0.0278943, Final residual = 0.000177239, No Iterations 4
GAMG:  Solving for p, Initial residual = 0.00413376, Final residual = 3.6864e-05, No Iterations 14
GAMG:  Solving for p, Initial residual = 0.00190627, Final residual = 1.70045e-05, No Iterations 8
time step continuity errors : sum local = 1.96118e-07, global = 5.03907e-08, cumulative = -4.9248e-07
PIMPLE: iteration 3
DILUPBiCG:  Solving for Ux, Initial residual = 0.00432006, Final residual = 1.62685e-06, No Iterations 2
DILUPBiCG:  Solving for Uy, Initial residual = 0.000788127, Final residual = 7.08157e-06, No Iterations 1
DILUPBiCG:  Solving for Uz, Initial residual = 0.00788209, Final residual = 2.83066e-06, No Iterations 2
GAMG:  Solving for p, Initial residual = 0.0381242, Final residual = 0.000315761, No Iterations 5
GAMG:  Solving for p, Initial residual = 0.00823434, Final residual = 7.88962e-05, No Iterations 15
GAMG:  Solving for p, Initial residual = 0.00406467, Final residual = 3.33681e-05, No Iterations 10
time step continuity errors : sum local = 4.3212e-07, global = 1.10878e-07, cumulative = -3.81601e-07
GAMG:  Solving for p, Initial residual = 0.0021205, Final residual = 2.01539e-05, No Iterations 13
GAMG:  Solving for p, Initial residual = 0.00115427, Final residual = 8.32779e-06, No Iterations 5
GAMG:  Solving for p, Initial residual = 0.000473207, Final residual = 9.28213e-07, No Iterations 26
time step continuity errors : sum local = 1.19311e-08, global = -3.5571e-09, cumulative = -3.85158e-07
DILUPBiCG:  Solving for omega, Initial residual = 0.00082902, Final residual = 7.62683e-07, No Iterations 1
DILUPBiCG:  Solving for k, Initial residual = 0.00394334, Final residual = 1.22809e-06, No Iterations 2
ExecutionTime = 31.78 s  ClockTime = 33 s

End

