/*---------------------------------------------------------------------------*\
| =========                 |                                                 |
| \\      /  F ield         | OpenFOAM: The Open Source CFD Toolbox           |
|  \\    /   O peration     | Version:  2.3.1                                 |
|   \\  /    A nd           | Web:      www.OpenFOAM.org                      |
|    \\/     M anipulation  |                                                 |
\*---------------------------------------------------------------------------*/
Build  : 2.3.1-262087cdf8db
Exec   : pimpleDyMFoam
Date   : Jun 05 2023
Time   : 18:11:05
Host   : "jcosson-VirtualBox"
PID    : 11563
Case   : /home/jcosson/workspace/henersj_shootingdata/calcs/moderate_deformed/primal/56_intervals_05-06-23/sweep8/interval37
nProcs : 1
sigFpe : Enabling floating point exception trapping (FOAM_SIGFPE).
fileModificationChecking : Monitoring run-time modified files using timeStampMaster
allowSystemOperations : Allowing user-supplied system call operations

// * * * * * * * * * * * * * * * * * * * * * * * * * * * * * * * * * * * * * //
Create time

Create mesh for time = 0.464

Selecting dynamicFvMesh dynamicMotionSolverFvMesh
Selecting motion solver: displacementLaplacian
Selecting motion diffusion: quadratic
Selecting motion diffusion: quadratic
Selecting motion diffusion: inverseDistance

PIMPLE: no residual control data found. Calculations will employ 3 corrector loops

Reading field p

Reading field U

Reading/calculating face flux field phi

Selecting incompressible transport model Newtonian
Selecting turbulence model type RASModel
Selecting RAS turbulence model kOmegaSST
kOmegaSSTCoeffs
{
    alphaK1         0.85034;
    alphaK2         1;
    alphaOmega1     0.5;
    alphaOmega2     0.85616;
    gamma1          0.5532;
    gamma2          0.4403;
    beta1           0.075;
    beta2           0.0828;
    betaStar        0.09;
    a1              0.31;
    c1              10;
    Cmu             0.09;
    b1              1;
    F3              false;
}

Reading/calculating face velocity Uf

No finite volume options present

Courant Number mean: 0.246833 max: 0.552664

Starting time loop

Courant Number mean: 0.246833 max: 0.552664
Time = 0.465

GAMG:  Solving for cellDisplacementx, Initial residual = 0, Final residual = 0, No Iterations 0
GAMG:  Solving for cellDisplacementy, Initial residual = 0, Final residual = 0, No Iterations 0
GAMG:  Solving for cellDisplacementz, Initial residual = 0, Final residual = 0, No Iterations 0
PIMPLE: iteration 1
DILUPBiCG:  Solving for Ux, Initial residual = 0.0349118, Final residual = 0.000144933, No Iterations 1
DILUPBiCG:  Solving for Uy, Initial residual = 0.00558703, Final residual = 1.33205e-05, No Iterations 1
DILUPBiCG:  Solving for Uz, Initial residual = 0.0141394, Final residual = 3.87097e-05, No Iterations 1
GAMG:  Solving for p, Initial residual = 0.141883, Final residual = 0.00119663, No Iterations 6
GAMG:  Solving for p, Initial residual = 0.0169416, Final residual = 0.000166965, No Iterations 18
GAMG:  Solving for p, Initial residual = 0.00715819, Final residual = 6.56284e-05, No Iterations 12
time step continuity errors : sum local = 7.45221e-07, global = 2.24849e-07, cumulative = 2.24849e-07
GAMG:  Solving for p, Initial residual = 0.0585662, Final residual = 0.000388612, No Iterations 6
GAMG:  Solving for p, Initial residual = 0.00851147, Final residual = 7.87736e-05, No Iterations 16
GAMG:  Solving for p, Initial residual = 0.0037261, Final residual = 3.23018e-05, No Iterations 12
time step continuity errors : sum local = 3.65582e-07, global = 1.09703e-07, cumulative = 3.34553e-07
PIMPLE: iteration 2
DILUPBiCG:  Solving for Ux, Initial residual = 0.0106572, Final residual = 5.79986e-05, No Iterations 1
DILUPBiCG:  Solving for Uy, Initial residual = 0.00179709, Final residual = 4.52257e-06, No Iterations 1
DILUPBiCG:  Solving for Uz, Initial residual = 0.00392896, Final residual = 1.35939e-05, No Iterations 1
GAMG:  Solving for p, Initial residual = 0.0596711, Final residual = 0.000443702, No Iterations 4
GAMG:  Solving for p, Initial residual = 0.00980828, Final residual = 9.74674e-05, No Iterations 14
GAMG:  Solving for p, Initial residual = 0.0044706, Final residual = 4.07205e-05, No Iterations 10
time step continuity errors : sum local = 3.90377e-07, global = -1.05972e-07, cumulative = 2.28581e-07
GAMG:  Solving for p, Initial residual = 0.0303638, Final residual = 0.000187742, No Iterations 4
GAMG:  Solving for p, Initial residual = 0.00477715, Final residual = 4.47183e-05, No Iterations 12
GAMG:  Solving for p, Initial residual = 0.00210352, Final residual = 2.09937e-05, No Iterations 8
time step continuity errors : sum local = 2.02317e-07, global = -5.78151e-08, cumulative = 1.70766e-07
PIMPLE: iteration 3
DILUPBiCG:  Solving for Ux, Initial residual = 0.00280083, Final residual = 9.43211e-07, No Iterations 2
DILUPBiCG:  Solving for Uy, Initial residual = 0.000470487, Final residual = 7.22922e-06, No Iterations 1
DILUPBiCG:  Solving for Uz, Initial residual = 0.00662921, Final residual = 2.11196e-06, No Iterations 2
GAMG:  Solving for p, Initial residual = 0.0409078, Final residual = 0.000340883, No Iterations 5
GAMG:  Solving for p, Initial residual = 0.00947894, Final residual = 8.62941e-05, No Iterations 13
GAMG:  Solving for p, Initial residual = 0.00445845, Final residual = 4.1955e-05, No Iterations 10
time step continuity errors : sum local = 4.49305e-07, global = -1.177e-07, cumulative = 5.30655e-08
GAMG:  Solving for p, Initial residual = 0.00275578, Final residual = 2.68291e-05, No Iterations 18
GAMG:  Solving for p, Initial residual = 0.00154121, Final residual = 1.43931e-05, No Iterations 4
GAMG:  Solving for p, Initial residual = 0.000597814, Final residual = 9.59025e-07, No Iterations 38
time step continuity errors : sum local = 1.02443e-08, global = 3.03476e-09, cumulative = 5.61002e-08
DILUPBiCG:  Solving for omega, Initial residual = 0.000715452, Final residual = 1.40013e-06, No Iterations 1
DILUPBiCG:  Solving for k, Initial residual = 0.00485871, Final residual = 1.11832e-06, No Iterations 2
ExecutionTime = 17.25 s  ClockTime = 18 s

Courant Number mean: 0.242344 max: 0.54209
Time = 0.466

GAMG:  Solving for cellDisplacementx, Initial residual = 0, Final residual = 0, No Iterations 0
GAMG:  Solving for cellDisplacementy, Initial residual = 0, Final residual = 0, No Iterations 0
GAMG:  Solving for cellDisplacementz, Initial residual = 0, Final residual = 0, No Iterations 0
PIMPLE: iteration 1
DILUPBiCG:  Solving for Ux, Initial residual = 0.0373722, Final residual = 0.000155581, No Iterations 1
DILUPBiCG:  Solving for Uy, Initial residual = 0.00599348, Final residual = 1.41843e-05, No Iterations 1
DILUPBiCG:  Solving for Uz, Initial residual = 0.0131918, Final residual = 3.67634e-05, No Iterations 1
GAMG:  Solving for p, Initial residual = 0.126402, Final residual = 0.00117915, No Iterations 6
GAMG:  Solving for p, Initial residual = 0.0143412, Final residual = 0.000138859, No Iterations 20
GAMG:  Solving for p, Initial residual = 0.00619857, Final residual = 5.46719e-05, No Iterations 12
time step continuity errors : sum local = 6.53326e-07, global = 1.96928e-07, cumulative = 2.53028e-07
GAMG:  Solving for p, Initial residual = 0.0523045, Final residual = 0.000382502, No Iterations 6
GAMG:  Solving for p, Initial residual = 0.00723667, Final residual = 6.62353e-05, No Iterations 18
GAMG:  Solving for p, Initial residual = 0.00323047, Final residual = 3.19656e-05, No Iterations 10
time step continuity errors : sum local = 3.80688e-07, global = 1.00468e-07, cumulative = 3.53496e-07
PIMPLE: iteration 2
DILUPBiCG:  Solving for Ux, Initial residual = 0.0113309, Final residual = 6.31141e-05, No Iterations 1
DILUPBiCG:  Solving for Uy, Initial residual = 0.00191608, Final residual = 4.72725e-06, No Iterations 1
DILUPBiCG:  Solving for Uz, Initial residual = 0.00377288, Final residual = 1.32808e-05, No Iterations 1
GAMG:  Solving for p, Initial residual = 0.052827, Final residual = 0.000454476, No Iterations 4
GAMG:  Solving for p, Initial residual = 0.00833155, Final residual = 7.32939e-05, No Iterations 18
GAMG:  Solving for p, Initial residual = 0.00394895, Final residual = 3.82373e-05, No Iterations 7
time step continuity errors : sum local = 3.85139e-07, global = 1.36883e-07, cumulative = 4.90379e-07
GAMG:  Solving for p, Initial residual = 0.0269423, Final residual = 0.000190245, No Iterations 4
GAMG:  Solving for p, Initial residual = 0.00401303, Final residual = 3.83708e-05, No Iterations 14
GAMG:  Solving for p, Initial residual = 0.00180092, Final residual = 1.63637e-05, No Iterations 10
time step continuity errors : sum local = 1.65925e-07, global = -4.57726e-08, cumulative = 4.44606e-07
PIMPLE: iteration 3
DILUPBiCG:  Solving for Ux, Initial residual = 0.00294881, Final residual = 1.01108e-06, No Iterations 2
DILUPBiCG:  Solving for Uy, Initial residual = 0.000495259, Final residual = 7.28075e-06, No Iterations 1
DILUPBiCG:  Solving for Uz, Initial residual = 0.00697952, Final residual = 2.30295e-06, No Iterations 2
GAMG:  Solving for p, Initial residual = 0.0395007, Final residual = 0.000339078, No Iterations 5
GAMG:  Solving for p, Initial residual = 0.00916326, Final residual = 8.57764e-05, No Iterations 13
GAMG:  Solving for p, Initial residual = 0.00434669, Final residual = 4.23026e-05, No Iterations 10
time step continuity errors : sum local = 4.77193e-07, global = -1.24843e-07, cumulative = 3.19763e-07
GAMG:  Solving for p, Initial residual = 0.00261491, Final residual = 2.605e-05, No Iterations 18
GAMG:  Solving for p, Initial residual = 0.00147243, Final residual = 1.40308e-05, No Iterations 4
GAMG:  Solving for p, Initial residual = 0.000573096, Final residual = 9.30026e-07, No Iterations 38
time step continuity errors : sum local = 1.04613e-08, global = 3.09733e-09, cumulative = 3.22861e-07
DILUPBiCG:  Solving for omega, Initial residual = 0.000659752, Final residual = 1.35312e-06, No Iterations 1
DILUPBiCG:  Solving for k, Initial residual = 0.00481487, Final residual = 1.15884e-06, No Iterations 2
ExecutionTime = 31.4 s  ClockTime = 32 s

End

