/*---------------------------------------------------------------------------*\
| =========                 |                                                 |
| \\      /  F ield         | OpenFOAM: The Open Source CFD Toolbox           |
|  \\    /   O peration     | Version:  2.3.1                                 |
|   \\  /    A nd           | Web:      www.OpenFOAM.org                      |
|    \\/     M anipulation  |                                                 |
\*---------------------------------------------------------------------------*/
Build  : 2.3.1-262087cdf8db
Exec   : pimpleDyMFoam
Date   : Jun 06 2023
Time   : 01:09:48
Host   : "jcosson-VirtualBox"
PID    : 24068
Case   : /home/jcosson/workspace/henersj_shootingdata/calcs/moderate_deformed/primal/100_intervals_05-06-23/sweep30/interval99
nProcs : 1
sigFpe : Enabling floating point exception trapping (FOAM_SIGFPE).
fileModificationChecking : Monitoring run-time modified files using timeStampMaster
allowSystemOperations : Allowing user-supplied system call operations

// * * * * * * * * * * * * * * * * * * * * * * * * * * * * * * * * * * * * * //
Create time

Create mesh for time = 0.498

Selecting dynamicFvMesh dynamicMotionSolverFvMesh
Selecting motion solver: displacementLaplacian
Selecting motion diffusion: quadratic
Selecting motion diffusion: quadratic
Selecting motion diffusion: inverseDistance

PIMPLE: no residual control data found. Calculations will employ 3 corrector loops

Reading field p

Reading field U

Reading/calculating face flux field phi

Selecting incompressible transport model Newtonian
Selecting turbulence model type RASModel
Selecting RAS turbulence model kOmegaSST
bounding k, min: 0 max: 0.000608808 average: 0.000150289
kOmegaSSTCoeffs
{
    alphaK1         0.85034;
    alphaK2         1;
    alphaOmega1     0.5;
    alphaOmega2     0.85616;
    gamma1          0.5532;
    gamma2          0.4403;
    beta1           0.075;
    beta2           0.0828;
    betaStar        0.09;
    a1              0.31;
    c1              10;
    Cmu             0.09;
    b1              1;
    F3              false;
}

Reading/calculating face velocity Uf

No finite volume options present

Courant Number mean: 0.099004 max: 0.224193

Starting time loop

Courant Number mean: 0.099004 max: 0.224193
Time = 0.499

GAMG:  Solving for cellDisplacementx, Initial residual = 0, Final residual = 0, No Iterations 0
GAMG:  Solving for cellDisplacementy, Initial residual = 0, Final residual = 0, No Iterations 0
GAMG:  Solving for cellDisplacementz, Initial residual = 0, Final residual = 0, No Iterations 0
PIMPLE: iteration 1
DILUPBiCG:  Solving for Ux, Initial residual = 0.0147432, Final residual = 5.42444e-05, No Iterations 1
DILUPBiCG:  Solving for Uy, Initial residual = 0.00329732, Final residual = 6.68291e-06, No Iterations 1
DILUPBiCG:  Solving for Uz, Initial residual = 0.00874459, Final residual = 1.51016e-05, No Iterations 1
GAMG:  Solving for p, Initial residual = 0.0920489, Final residual = 0.000599856, No Iterations 4
GAMG:  Solving for p, Initial residual = 0.0216916, Final residual = 0.00020031, No Iterations 8
GAMG:  Solving for p, Initial residual = 0.00776001, Final residual = 6.96164e-05, No Iterations 12
time step continuity errors : sum local = 1.98209e-07, global = -5.53482e-08, cumulative = -5.53482e-08
GAMG:  Solving for p, Initial residual = 0.0474326, Final residual = 0.000281975, No Iterations 4
GAMG:  Solving for p, Initial residual = 0.0110021, Final residual = 9.8226e-05, No Iterations 8
GAMG:  Solving for p, Initial residual = 0.00372296, Final residual = 3.47728e-05, No Iterations 12
time step continuity errors : sum local = 9.88918e-08, global = -2.76433e-08, cumulative = -8.29914e-08
PIMPLE: iteration 2
DILUPBiCG:  Solving for Ux, Initial residual = 0.00302246, Final residual = 2.02989e-05, No Iterations 1
DILUPBiCG:  Solving for Uy, Initial residual = 0.000696947, Final residual = 1.85274e-06, No Iterations 1
DILUPBiCG:  Solving for Uz, Initial residual = 0.00318421, Final residual = 4.41505e-05, No Iterations 1
GAMG:  Solving for p, Initial residual = 0.04501, Final residual = 0.000369944, No Iterations 8
GAMG:  Solving for p, Initial residual = 0.0283905, Final residual = 0.000252879, No Iterations 5
GAMG:  Solving for p, Initial residual = 0.00506352, Final residual = 4.34274e-05, No Iterations 21
time step continuity errors : sum local = 1.07442e-07, global = -3.08658e-08, cumulative = -1.13857e-07
GAMG:  Solving for p, Initial residual = 0.024411, Final residual = 0.000220606, No Iterations 6
GAMG:  Solving for p, Initial residual = 0.0136357, Final residual = 0.000126465, No Iterations 6
GAMG:  Solving for p, Initial residual = 0.00257018, Final residual = 2.3924e-05, No Iterations 20
time step continuity errors : sum local = 5.92971e-08, global = -1.68248e-08, cumulative = -1.30682e-07
PIMPLE: iteration 3
DILUPBiCG:  Solving for Ux, Initial residual = 0.000230658, Final residual = 1.84136e-06, No Iterations 1
DILUPBiCG:  Solving for Uy, Initial residual = 8.19175e-05, Final residual = 6.38596e-07, No Iterations 1
DILUPBiCG:  Solving for Uz, Initial residual = 0.00166878, Final residual = 8.35399e-07, No Iterations 2
GAMG:  Solving for p, Initial residual = 0.0829624, Final residual = 0.000779747, No Iterations 3
GAMG:  Solving for p, Initial residual = 0.0141245, Final residual = 0.000128068, No Iterations 20
GAMG:  Solving for p, Initial residual = 0.0135265, Final residual = 0.000128293, No Iterations 4
time step continuity errors : sum local = 3.36852e-07, global = -5.80024e-08, cumulative = -1.88684e-07
GAMG:  Solving for p, Initial residual = 0.00370454, Final residual = 3.13728e-05, No Iterations 8
GAMG:  Solving for p, Initial residual = 0.00196301, Final residual = 1.9002e-05, No Iterations 4
GAMG:  Solving for p, Initial residual = 0.000680149, Final residual = 9.77961e-07, No Iterations 27
time step continuity errors : sum local = 2.52326e-09, global = 8.82939e-10, cumulative = -1.87802e-07
DILUPBiCG:  Solving for omega, Initial residual = 0.00142504, Final residual = 6.99434e-07, No Iterations 1
DILUPBiCG:  Solving for k, Initial residual = 0.00347795, Final residual = 6.56225e-07, No Iterations 2
bounding k, min: 0 max: 0.000597026 average: 0.000149472
ExecutionTime = 14.76 s  ClockTime = 15 s

End

