/*---------------------------------------------------------------------------*\
| =========                 |                                                 |
| \\      /  F ield         | OpenFOAM: The Open Source CFD Toolbox           |
|  \\    /   O peration     | Version:  2.3.1                                 |
|   \\  /    A nd           | Web:      www.OpenFOAM.org                      |
|    \\/     M anipulation  |                                                 |
\*---------------------------------------------------------------------------*/
Build  : 2.3.1-262087cdf8db
Exec   : pimpleDyMFoam
Date   : Jun 06 2023
Time   : 01:08:56
Host   : "jcosson-VirtualBox"
PID    : 23968
Case   : /home/jcosson/workspace/henersj_shootingdata/calcs/moderate_deformed/primal/100_intervals_05-06-23/sweep30/interval50
nProcs : 1
sigFpe : Enabling floating point exception trapping (FOAM_SIGFPE).
fileModificationChecking : Monitoring run-time modified files using timeStampMaster
allowSystemOperations : Allowing user-supplied system call operations

// * * * * * * * * * * * * * * * * * * * * * * * * * * * * * * * * * * * * * //
Create time

Create mesh for time = 0.449

Selecting dynamicFvMesh dynamicMotionSolverFvMesh
Selecting motion solver: displacementLaplacian
Selecting motion diffusion: quadratic
Selecting motion diffusion: quadratic
Selecting motion diffusion: inverseDistance

PIMPLE: no residual control data found. Calculations will employ 3 corrector loops

Reading field p

Reading field U

Reading/calculating face flux field phi

Selecting incompressible transport model Newtonian
Selecting turbulence model type RASModel
Selecting RAS turbulence model kOmegaSST
kOmegaSSTCoeffs
{
    alphaK1         0.85034;
    alphaK2         1;
    alphaOmega1     0.5;
    alphaOmega2     0.85616;
    gamma1          0.5532;
    gamma2          0.4403;
    beta1           0.075;
    beta2           0.0828;
    betaStar        0.09;
    a1              0.31;
    c1              10;
    Cmu             0.09;
    b1              1;
    F3              false;
}

Reading/calculating face velocity Uf

No finite volume options present

Courant Number mean: 0.27971 max: 0.617876

Starting time loop

Courant Number mean: 0.27971 max: 0.617876
Time = 0.45

GAMG:  Solving for cellDisplacementx, Initial residual = 0, Final residual = 0, No Iterations 0
GAMG:  Solving for cellDisplacementy, Initial residual = 0, Final residual = 0, No Iterations 0
GAMG:  Solving for cellDisplacementz, Initial residual = 0, Final residual = 0, No Iterations 0
PIMPLE: iteration 1
DILUPBiCG:  Solving for Ux, Initial residual = 0.00420023, Final residual = 3.12862e-05, No Iterations 1
DILUPBiCG:  Solving for Uy, Initial residual = 0.000735546, Final residual = 9.30419e-06, No Iterations 1
DILUPBiCG:  Solving for Uz, Initial residual = 0.012437, Final residual = 3.00599e-05, No Iterations 1
GAMG:  Solving for p, Initial residual = 0.157921, Final residual = 0.000844725, No Iterations 5
GAMG:  Solving for p, Initial residual = 0.044936, Final residual = 0.000441448, No Iterations 6
GAMG:  Solving for p, Initial residual = 0.0128417, Final residual = 0.000122869, No Iterations 16
time step continuity errors : sum local = 2.88569e-07, global = 8.72335e-08, cumulative = 8.72335e-08
GAMG:  Solving for p, Initial residual = 0.0861255, Final residual = 0.000779955, No Iterations 4
GAMG:  Solving for p, Initial residual = 0.0216551, Final residual = 0.000159727, No Iterations 5
GAMG:  Solving for p, Initial residual = 0.0068041, Final residual = 5.6516e-05, No Iterations 12
time step continuity errors : sum local = 1.32453e-07, global = 3.87028e-08, cumulative = 1.25936e-07
PIMPLE: iteration 2
DILUPBiCG:  Solving for Ux, Initial residual = 0.0007515, Final residual = 9.20368e-06, No Iterations 1
DILUPBiCG:  Solving for Uy, Initial residual = 0.000141302, Final residual = 9.84123e-06, No Iterations 1
DILUPBiCG:  Solving for Uz, Initial residual = 0.00382861, Final residual = 1.09888e-05, No Iterations 1
GAMG:  Solving for p, Initial residual = 0.0878492, Final residual = 0.000719475, No Iterations 5
GAMG:  Solving for p, Initial residual = 0.0282973, Final residual = 0.000255773, No Iterations 12
GAMG:  Solving for p, Initial residual = 0.00954308, Final residual = 8.83865e-05, No Iterations 14
time step continuity errors : sum local = 1.91649e-07, global = 5.84259e-08, cumulative = 1.84362e-07
GAMG:  Solving for p, Initial residual = 0.0475168, Final residual = 0.000403989, No Iterations 4
GAMG:  Solving for p, Initial residual = 0.0138409, Final residual = 0.000126997, No Iterations 9
GAMG:  Solving for p, Initial residual = 0.0045839, Final residual = 4.38093e-05, No Iterations 14
time step continuity errors : sum local = 9.53043e-08, global = 2.88165e-08, cumulative = 2.13179e-07
PIMPLE: iteration 3
DILUPBiCG:  Solving for Ux, Initial residual = 0.000106873, Final residual = 1.3052e-06, No Iterations 1
DILUPBiCG:  Solving for Uy, Initial residual = 3.50483e-05, Final residual = 1.75568e-07, No Iterations 1
DILUPBiCG:  Solving for Uz, Initial residual = 0.00174502, Final residual = 1.41014e-07, No Iterations 2
GAMG:  Solving for p, Initial residual = 0.0992078, Final residual = 0.000972107, No Iterations 3
GAMG:  Solving for p, Initial residual = 0.0216538, Final residual = 0.000198243, No Iterations 12
GAMG:  Solving for p, Initial residual = 0.0144541, Final residual = 0.000138269, No Iterations 4
time step continuity errors : sum local = 3.09215e-07, global = 8.06312e-08, cumulative = 2.9381e-07
GAMG:  Solving for p, Initial residual = 0.00811961, Final residual = 7.62194e-05, No Iterations 4
GAMG:  Solving for p, Initial residual = 0.00436807, Final residual = 3.15765e-05, No Iterations 4
GAMG:  Solving for p, Initial residual = 0.00142137, Final residual = 9.34748e-07, No Iterations 28
time step continuity errors : sum local = 2.0607e-09, global = 5.99145e-10, cumulative = 2.94409e-07
DILUPBiCG:  Solving for omega, Initial residual = 0.00109226, Final residual = 1.51099e-06, No Iterations 1
DILUPBiCG:  Solving for k, Initial residual = 0.00541114, Final residual = 9.49561e-07, No Iterations 2
ExecutionTime = 16.15 s  ClockTime = 16 s

End

