/*---------------------------------------------------------------------------*\
| =========                 |                                                 |
| \\      /  F ield         | OpenFOAM: The Open Source CFD Toolbox           |
|  \\    /   O peration     | Version:  2.3.1                                 |
|   \\  /    A nd           | Web:      www.OpenFOAM.org                      |
|    \\/     M anipulation  |                                                 |
\*---------------------------------------------------------------------------*/
Build  : 2.3.1-262087cdf8db
Exec   : pimpleDyMFoam
Date   : Jun 06 2023
Time   : 01:09:11
Host   : "jcosson-VirtualBox"
PID    : 23986
Case   : /home/jcosson/workspace/henersj_shootingdata/calcs/moderate_deformed/primal/100_intervals_05-06-23/sweep30/interval59
nProcs : 1
sigFpe : Enabling floating point exception trapping (FOAM_SIGFPE).
fileModificationChecking : Monitoring run-time modified files using timeStampMaster
allowSystemOperations : Allowing user-supplied system call operations

// * * * * * * * * * * * * * * * * * * * * * * * * * * * * * * * * * * * * * //
Create time

Create mesh for time = 0.458

Selecting dynamicFvMesh dynamicMotionSolverFvMesh
Selecting motion solver: displacementLaplacian
Selecting motion diffusion: quadratic
Selecting motion diffusion: quadratic
Selecting motion diffusion: inverseDistance

PIMPLE: no residual control data found. Calculations will employ 3 corrector loops

Reading field p

Reading field U

Reading/calculating face flux field phi

Selecting incompressible transport model Newtonian
Selecting turbulence model type RASModel
Selecting RAS turbulence model kOmegaSST
kOmegaSSTCoeffs
{
    alphaK1         0.85034;
    alphaK2         1;
    alphaOmega1     0.5;
    alphaOmega2     0.85616;
    gamma1          0.5532;
    gamma2          0.4403;
    beta1           0.075;
    beta2           0.0828;
    betaStar        0.09;
    a1              0.31;
    c1              10;
    Cmu             0.09;
    b1              1;
    F3              false;
}

Reading/calculating face velocity Uf

No finite volume options present

Courant Number mean: 0.268618 max: 0.594142

Starting time loop

Courant Number mean: 0.268618 max: 0.594142
Time = 0.459

GAMG:  Solving for cellDisplacementx, Initial residual = 0, Final residual = 0, No Iterations 0
GAMG:  Solving for cellDisplacementy, Initial residual = 0, Final residual = 0, No Iterations 0
GAMG:  Solving for cellDisplacementz, Initial residual = 0, Final residual = 0, No Iterations 0
PIMPLE: iteration 1
DILUPBiCG:  Solving for Ux, Initial residual = 0.0195225, Final residual = 7.63935e-05, No Iterations 1
DILUPBiCG:  Solving for Uy, Initial residual = 0.00311727, Final residual = 7.36284e-06, No Iterations 1
DILUPBiCG:  Solving for Uz, Initial residual = 0.0149775, Final residual = 3.85291e-05, No Iterations 1
GAMG:  Solving for p, Initial residual = 0.168472, Final residual = 0.0014577, No Iterations 6
GAMG:  Solving for p, Initial residual = 0.0217242, Final residual = 0.000192113, No Iterations 18
GAMG:  Solving for p, Initial residual = 0.00869305, Final residual = 7.41048e-05, No Iterations 12
time step continuity errors : sum local = 5.40743e-07, global = 1.62694e-07, cumulative = 1.62694e-07
GAMG:  Solving for p, Initial residual = 0.0676672, Final residual = 0.000460007, No Iterations 6
GAMG:  Solving for p, Initial residual = 0.0107733, Final residual = 0.000105286, No Iterations 14
GAMG:  Solving for p, Initial residual = 0.00451001, Final residual = 4.2485e-05, No Iterations 12
time step continuity errors : sum local = 3.07643e-07, global = 9.20837e-08, cumulative = 2.54777e-07
PIMPLE: iteration 2
DILUPBiCG:  Solving for Ux, Initial residual = 0.0063145, Final residual = 2.74861e-05, No Iterations 1
DILUPBiCG:  Solving for Uy, Initial residual = 0.00105401, Final residual = 3.43918e-06, No Iterations 1
DILUPBiCG:  Solving for Uz, Initial residual = 0.00411116, Final residual = 1.21702e-05, No Iterations 1
GAMG:  Solving for p, Initial residual = 0.069901, Final residual = 0.000342446, No Iterations 4
GAMG:  Solving for p, Initial residual = 0.0118015, Final residual = 0.000106852, No Iterations 12
GAMG:  Solving for p, Initial residual = 0.00538611, Final residual = 4.61665e-05, No Iterations 8
time step continuity errors : sum local = 2.84317e-07, global = -9.35852e-08, cumulative = 1.61192e-07
GAMG:  Solving for p, Initial residual = 0.0350153, Final residual = 0.000147524, No Iterations 4
GAMG:  Solving for p, Initial residual = 0.00577977, Final residual = 4.92616e-05, No Iterations 10
GAMG:  Solving for p, Initial residual = 0.00258209, Final residual = 2.57125e-05, No Iterations 6
time step continuity errors : sum local = 1.58961e-07, global = -6.03679e-08, cumulative = 1.00824e-07
PIMPLE: iteration 3
DILUPBiCG:  Solving for Ux, Initial residual = 0.00181011, Final residual = 3.54467e-07, No Iterations 2
DILUPBiCG:  Solving for Uy, Initial residual = 0.000300144, Final residual = 5.94975e-06, No Iterations 1
DILUPBiCG:  Solving for Uz, Initial residual = 0.00433957, Final residual = 9.80462e-07, No Iterations 2
GAMG:  Solving for p, Initial residual = 0.0459089, Final residual = 0.000344457, No Iterations 5
GAMG:  Solving for p, Initial residual = 0.0106561, Final residual = 9.63233e-05, No Iterations 13
GAMG:  Solving for p, Initial residual = 0.00490117, Final residual = 4.1153e-05, No Iterations 10
time step continuity errors : sum local = 2.80418e-07, global = -7.29967e-08, cumulative = 2.78274e-08
GAMG:  Solving for p, Initial residual = 0.00332456, Final residual = 2.93613e-05, No Iterations 12
GAMG:  Solving for p, Initial residual = 0.00187172, Final residual = 1.73345e-05, No Iterations 4
GAMG:  Solving for p, Initial residual = 0.000689547, Final residual = 9.41648e-07, No Iterations 38
time step continuity errors : sum local = 6.40786e-09, global = 1.89814e-09, cumulative = 2.97256e-08
DILUPBiCG:  Solving for omega, Initial residual = 0.000716597, Final residual = 1.21897e-06, No Iterations 1
DILUPBiCG:  Solving for k, Initial residual = 0.00477884, Final residual = 1.2526e-06, No Iterations 2
ExecutionTime = 15.65 s  ClockTime = 16 s

End

