/*---------------------------------------------------------------------------*\
| =========                 |                                                 |
| \\      /  F ield         | OpenFOAM: The Open Source CFD Toolbox           |
|  \\    /   O peration     | Version:  2.3.1                                 |
|   \\  /    A nd           | Web:      www.OpenFOAM.org                      |
|    \\/     M anipulation  |                                                 |
\*---------------------------------------------------------------------------*/
Build  : 2.3.1-262087cdf8db
Exec   : pimpleDyMFoam
Date   : Jun 06 2023
Time   : 01:09:27
Host   : "jcosson-VirtualBox"
PID    : 24015
Case   : /home/jcosson/workspace/henersj_shootingdata/calcs/moderate_deformed/primal/100_intervals_05-06-23/sweep30/interval73
nProcs : 1
sigFpe : Enabling floating point exception trapping (FOAM_SIGFPE).
fileModificationChecking : Monitoring run-time modified files using timeStampMaster
allowSystemOperations : Allowing user-supplied system call operations

// * * * * * * * * * * * * * * * * * * * * * * * * * * * * * * * * * * * * * //
Create time

Create mesh for time = 0.472

Selecting dynamicFvMesh dynamicMotionSolverFvMesh
Selecting motion solver: displacementLaplacian
Selecting motion diffusion: quadratic
Selecting motion diffusion: quadratic
Selecting motion diffusion: inverseDistance

PIMPLE: no residual control data found. Calculations will employ 3 corrector loops

Reading field p

Reading field U

Reading/calculating face flux field phi

Selecting incompressible transport model Newtonian
Selecting turbulence model type RASModel
Selecting RAS turbulence model kOmegaSST
kOmegaSSTCoeffs
{
    alphaK1         0.85034;
    alphaK2         1;
    alphaOmega1     0.5;
    alphaOmega2     0.85616;
    gamma1          0.5532;
    gamma2          0.4403;
    beta1           0.075;
    beta2           0.0828;
    betaStar        0.09;
    a1              0.31;
    c1              10;
    Cmu             0.09;
    b1              1;
    F3              false;
}

Reading/calculating face velocity Uf

No finite volume options present

Courant Number mean: 0.20618 max: 0.456194

Starting time loop

Courant Number mean: 0.20618 max: 0.456194
Time = 0.473

GAMG:  Solving for cellDisplacementx, Initial residual = 0, Final residual = 0, No Iterations 0
GAMG:  Solving for cellDisplacementy, Initial residual = 0, Final residual = 0, No Iterations 0
GAMG:  Solving for cellDisplacementz, Initial residual = 0, Final residual = 0, No Iterations 0
PIMPLE: iteration 1
DILUPBiCG:  Solving for Ux, Initial residual = 0.0532993, Final residual = 0.000219462, No Iterations 1
DILUPBiCG:  Solving for Uy, Initial residual = 0.00882385, Final residual = 1.99459e-05, No Iterations 1
DILUPBiCG:  Solving for Uz, Initial residual = 0.0114868, Final residual = 2.83876e-05, No Iterations 1
GAMG:  Solving for p, Initial residual = 0.12641, Final residual = 0.000973282, No Iterations 6
GAMG:  Solving for p, Initial residual = 0.0146514, Final residual = 0.000145048, No Iterations 18
GAMG:  Solving for p, Initial residual = 0.00638494, Final residual = 5.77351e-05, No Iterations 12
time step continuity errors : sum local = 8.55333e-07, global = 2.5757e-07, cumulative = 2.5757e-07
GAMG:  Solving for p, Initial residual = 0.0537213, Final residual = 0.00032959, No Iterations 6
GAMG:  Solving for p, Initial residual = 0.00740663, Final residual = 6.92754e-05, No Iterations 16
GAMG:  Solving for p, Initial residual = 0.00331077, Final residual = 2.87256e-05, No Iterations 12
time step continuity errors : sum local = 4.25494e-07, global = 1.27487e-07, cumulative = 3.85057e-07
PIMPLE: iteration 2
DILUPBiCG:  Solving for Ux, Initial residual = 0.0154008, Final residual = 9.20028e-05, No Iterations 1
DILUPBiCG:  Solving for Uy, Initial residual = 0.00269124, Final residual = 6.04323e-06, No Iterations 1
DILUPBiCG:  Solving for Uz, Initial residual = 0.00328428, Final residual = 1.25763e-05, No Iterations 1
GAMG:  Solving for p, Initial residual = 0.0539927, Final residual = 0.000473724, No Iterations 4
GAMG:  Solving for p, Initial residual = 0.00885277, Final residual = 8.51217e-05, No Iterations 16
GAMG:  Solving for p, Initial residual = 0.00401345, Final residual = 4.00483e-05, No Iterations 8
time step continuity errors : sum local = 5.06011e-07, global = -1.4737e-07, cumulative = 2.37687e-07
GAMG:  Solving for p, Initial residual = 0.027773, Final residual = 0.000207777, No Iterations 4
GAMG:  Solving for p, Initial residual = 0.00439364, Final residual = 3.92988e-05, No Iterations 14
GAMG:  Solving for p, Initial residual = 0.00188007, Final residual = 1.70168e-05, No Iterations 10
time step continuity errors : sum local = 2.16162e-07, global = -5.68191e-08, cumulative = 1.80868e-07
PIMPLE: iteration 3
DILUPBiCG:  Solving for Ux, Initial residual = 0.0037728, Final residual = 2.3263e-06, No Iterations 2
DILUPBiCG:  Solving for Uy, Initial residual = 0.000659517, Final residual = 6.71971e-06, No Iterations 1
DILUPBiCG:  Solving for Uz, Initial residual = 0.0071347, Final residual = 3.95537e-06, No Iterations 2
GAMG:  Solving for p, Initial residual = 0.0403498, Final residual = 0.000367237, No Iterations 5
GAMG:  Solving for p, Initial residual = 0.00924766, Final residual = 7.75124e-05, No Iterations 11
GAMG:  Solving for p, Initial residual = 0.00437475, Final residual = 3.50621e-05, No Iterations 10
time step continuity errors : sum local = 4.97136e-07, global = -1.28453e-07, cumulative = 5.24141e-08
GAMG:  Solving for p, Initial residual = 0.00245562, Final residual = 2.15112e-05, No Iterations 20
GAMG:  Solving for p, Initial residual = 0.00136354, Final residual = 1.14658e-05, No Iterations 4
GAMG:  Solving for p, Initial residual = 0.000546343, Final residual = 9.12877e-07, No Iterations 32
time step continuity errors : sum local = 1.28859e-08, global = 3.79902e-09, cumulative = 5.62131e-08
DILUPBiCG:  Solving for omega, Initial residual = 0.000580288, Final residual = 6.63176e-07, No Iterations 1
DILUPBiCG:  Solving for k, Initial residual = 0.00440243, Final residual = 1.35822e-06, No Iterations 2
ExecutionTime = 13.86 s  ClockTime = 14 s

End

