/*---------------------------------------------------------------------------*\
| =========                 |                                                 |
| \\      /  F ield         | OpenFOAM: The Open Source CFD Toolbox           |
|  \\    /   O peration     | Version:  2.3.1                                 |
|   \\  /    A nd           | Web:      www.OpenFOAM.org                      |
|    \\/     M anipulation  |                                                 |
\*---------------------------------------------------------------------------*/
Build  : 2.3.1-262087cdf8db
Exec   : pimpleDyMFoam
Date   : Jun 05 2023
Time   : 23:59:38
Host   : "jcosson-VirtualBox"
PID    : 21440
Case   : /home/jcosson/workspace/henersj_shootingdata/calcs/moderate_deformed/primal/100_intervals_05-06-23/sweep10/interval38
nProcs : 1
sigFpe : Enabling floating point exception trapping (FOAM_SIGFPE).
fileModificationChecking : Monitoring run-time modified files using timeStampMaster
allowSystemOperations : Allowing user-supplied system call operations

// * * * * * * * * * * * * * * * * * * * * * * * * * * * * * * * * * * * * * //
Create time

Create mesh for time = 0.437

Selecting dynamicFvMesh dynamicMotionSolverFvMesh
Selecting motion solver: displacementLaplacian
Selecting motion diffusion: quadratic
Selecting motion diffusion: quadratic
Selecting motion diffusion: inverseDistance

PIMPLE: no residual control data found. Calculations will employ 3 corrector loops

Reading field p

Reading field U

Reading/calculating face flux field phi

Selecting incompressible transport model Newtonian
Selecting turbulence model type RASModel
Selecting RAS turbulence model kOmegaSST
kOmegaSSTCoeffs
{
    alphaK1         0.85034;
    alphaK2         1;
    alphaOmega1     0.5;
    alphaOmega2     0.85616;
    gamma1          0.5532;
    gamma2          0.4403;
    beta1           0.075;
    beta2           0.0828;
    betaStar        0.09;
    a1              0.31;
    c1              10;
    Cmu             0.09;
    b1              1;
    F3              false;
}

Reading/calculating face velocity Uf

No finite volume options present

Courant Number mean: 0.250474 max: 0.554039

Starting time loop

Courant Number mean: 0.250474 max: 0.554039
Time = 0.438

GAMG:  Solving for cellDisplacementx, Initial residual = 0, Final residual = 0, No Iterations 0
GAMG:  Solving for cellDisplacementy, Initial residual = 0, Final residual = 0, No Iterations 0
GAMG:  Solving for cellDisplacementz, Initial residual = 0, Final residual = 0, No Iterations 0
PIMPLE: iteration 1
DILUPBiCG:  Solving for Ux, Initial residual = 0.0348412, Final residual = 0.000115542, No Iterations 1
DILUPBiCG:  Solving for Uy, Initial residual = 0.00546109, Final residual = 1.37319e-05, No Iterations 1
DILUPBiCG:  Solving for Uz, Initial residual = 0.0176611, Final residual = 2.83162e-05, No Iterations 1
GAMG:  Solving for p, Initial residual = 0.123918, Final residual = 0.00103074, No Iterations 4
GAMG:  Solving for p, Initial residual = 0.0160961, Final residual = 0.000143453, No Iterations 16
GAMG:  Solving for p, Initial residual = 0.00695815, Final residual = 6.63052e-05, No Iterations 10
time step continuity errors : sum local = 7.2536e-07, global = -1.92901e-07, cumulative = -1.92901e-07
GAMG:  Solving for p, Initial residual = 0.054494, Final residual = 0.00039021, No Iterations 4
GAMG:  Solving for p, Initial residual = 0.00792018, Final residual = 6.89339e-05, No Iterations 14
GAMG:  Solving for p, Initial residual = 0.0034951, Final residual = 3.32317e-05, No Iterations 10
time step continuity errors : sum local = 3.63243e-07, global = -9.84869e-08, cumulative = -2.91388e-07
PIMPLE: iteration 2
DILUPBiCG:  Solving for Ux, Initial residual = 0.00978785, Final residual = 3.87828e-05, No Iterations 1
DILUPBiCG:  Solving for Uy, Initial residual = 0.00158171, Final residual = 6.39869e-06, No Iterations 1
DILUPBiCG:  Solving for Uz, Initial residual = 0.00366964, Final residual = 1.10537e-05, No Iterations 1
GAMG:  Solving for p, Initial residual = 0.0550367, Final residual = 0.000541339, No Iterations 5
GAMG:  Solving for p, Initial residual = 0.011315, Final residual = 0.000110013, No Iterations 13
GAMG:  Solving for p, Initial residual = 0.00439194, Final residual = 4.37247e-05, No Iterations 12
time step continuity errors : sum local = 4.02034e-07, global = 1.14429e-07, cumulative = -1.76959e-07
GAMG:  Solving for p, Initial residual = 0.028786, Final residual = 0.000266293, No Iterations 4
GAMG:  Solving for p, Initial residual = 0.0054311, Final residual = 4.70911e-05, No Iterations 14
GAMG:  Solving for p, Initial residual = 0.00212497, Final residual = 1.8864e-05, No Iterations 12
time step continuity errors : sum local = 1.74553e-07, global = 5.03602e-08, cumulative = -1.26598e-07
PIMPLE: iteration 3
DILUPBiCG:  Solving for Ux, Initial residual = 0.0021981, Final residual = 7.95865e-07, No Iterations 2
DILUPBiCG:  Solving for Uy, Initial residual = 0.0003614, Final residual = 9.94121e-06, No Iterations 1
DILUPBiCG:  Solving for Uz, Initial residual = 0.00619162, Final residual = 2.73509e-06, No Iterations 2
GAMG:  Solving for p, Initial residual = 0.0433076, Final residual = 0.000389344, No Iterations 5
GAMG:  Solving for p, Initial residual = 0.0113505, Final residual = 0.000111331, No Iterations 8
GAMG:  Solving for p, Initial residual = 0.00477691, Final residual = 4.72995e-05, No Iterations 10
time step continuity errors : sum local = 4.88704e-07, global = 1.2517e-07, cumulative = -1.4289e-09
GAMG:  Solving for p, Initial residual = 0.00300377, Final residual = 2.8107e-05, No Iterations 18
GAMG:  Solving for p, Initial residual = 0.00178413, Final residual = 1.52183e-05, No Iterations 4
GAMG:  Solving for p, Initial residual = 0.000624184, Final residual = 8.70782e-07, No Iterations 40
time step continuity errors : sum local = 8.98414e-09, global = -2.66191e-09, cumulative = -4.09081e-09
DILUPBiCG:  Solving for omega, Initial residual = 0.00122297, Final residual = 1.46335e-06, No Iterations 1
DILUPBiCG:  Solving for k, Initial residual = 0.00638339, Final residual = 1.46042e-06, No Iterations 2
ExecutionTime = 12.84 s  ClockTime = 13 s

End

