/*---------------------------------------------------------------------------*\
| =========                 |                                                 |
| \\      /  F ield         | OpenFOAM: The Open Source CFD Toolbox           |
|  \\    /   O peration     | Version:  2.3.1                                 |
|   \\  /    A nd           | Web:      www.OpenFOAM.org                      |
|    \\/     M anipulation  |                                                 |
\*---------------------------------------------------------------------------*/
Build  : 2.3.1-262087cdf8db
Exec   : pimpleDyMFoam
Date   : Jun 06 2023
Time   : 00:00:04
Host   : "jcosson-VirtualBox"
PID    : 21489
Case   : /home/jcosson/workspace/henersj_shootingdata/calcs/moderate_deformed/primal/100_intervals_05-06-23/sweep10/interval62
nProcs : 1
sigFpe : Enabling floating point exception trapping (FOAM_SIGFPE).
fileModificationChecking : Monitoring run-time modified files using timeStampMaster
allowSystemOperations : Allowing user-supplied system call operations

// * * * * * * * * * * * * * * * * * * * * * * * * * * * * * * * * * * * * * //
Create time

Create mesh for time = 0.461

Selecting dynamicFvMesh dynamicMotionSolverFvMesh
Selecting motion solver: displacementLaplacian
Selecting motion diffusion: quadratic
Selecting motion diffusion: quadratic
Selecting motion diffusion: inverseDistance

PIMPLE: no residual control data found. Calculations will employ 3 corrector loops

Reading field p

Reading field U

Reading/calculating face flux field phi

Selecting incompressible transport model Newtonian
Selecting turbulence model type RASModel
Selecting RAS turbulence model kOmegaSST
kOmegaSSTCoeffs
{
    alphaK1         0.85034;
    alphaK2         1;
    alphaOmega1     0.5;
    alphaOmega2     0.85616;
    gamma1          0.5532;
    gamma2          0.4403;
    beta1           0.075;
    beta2           0.0828;
    betaStar        0.09;
    a1              0.31;
    c1              10;
    Cmu             0.09;
    b1              1;
    F3              false;
}

Reading/calculating face velocity Uf

No finite volume options present

Courant Number mean: 0.258861 max: 0.580818

Starting time loop

Courant Number mean: 0.258861 max: 0.580818
Time = 0.462

GAMG:  Solving for cellDisplacementx, Initial residual = 0, Final residual = 0, No Iterations 0
GAMG:  Solving for cellDisplacementy, Initial residual = 0, Final residual = 0, No Iterations 0
GAMG:  Solving for cellDisplacementz, Initial residual = 0, Final residual = 0, No Iterations 0
PIMPLE: iteration 1
DILUPBiCG:  Solving for Ux, Initial residual = 0.0272814, Final residual = 0.000111085, No Iterations 1
DILUPBiCG:  Solving for Uy, Initial residual = 0.00434913, Final residual = 1.05533e-05, No Iterations 1
DILUPBiCG:  Solving for Uz, Initial residual = 0.0154066, Final residual = 4.27608e-05, No Iterations 1
GAMG:  Solving for p, Initial residual = 0.151421, Final residual = 0.00131542, No Iterations 6
GAMG:  Solving for p, Initial residual = 0.0185545, Final residual = 0.000178389, No Iterations 18
GAMG:  Solving for p, Initial residual = 0.00768622, Final residual = 6.95815e-05, No Iterations 12
time step continuity errors : sum local = 6.57551e-07, global = 1.98477e-07, cumulative = 1.98477e-07
GAMG:  Solving for p, Initial residual = 0.0616889, Final residual = 0.000421545, No Iterations 6
GAMG:  Solving for p, Initial residual = 0.00926995, Final residual = 8.42908e-05, No Iterations 16
GAMG:  Solving for p, Initial residual = 0.00400528, Final residual = 3.39997e-05, No Iterations 12
time step continuity errors : sum local = 3.19877e-07, global = 9.56837e-08, cumulative = 2.9416e-07
PIMPLE: iteration 2
DILUPBiCG:  Solving for Ux, Initial residual = 0.00854533, Final residual = 4.14751e-05, No Iterations 1
DILUPBiCG:  Solving for Uy, Initial residual = 0.00142897, Final residual = 3.94091e-06, No Iterations 1
DILUPBiCG:  Solving for Uz, Initial residual = 0.00402967, Final residual = 1.33805e-05, No Iterations 1
GAMG:  Solving for p, Initial residual = 0.0632233, Final residual = 0.00041515, No Iterations 4
GAMG:  Solving for p, Initial residual = 0.0104746, Final residual = 9.64982e-05, No Iterations 14
GAMG:  Solving for p, Initial residual = 0.00484729, Final residual = 4.42717e-05, No Iterations 8
time step continuity errors : sum local = 3.52791e-07, global = -1.14124e-07, cumulative = 1.80036e-07
GAMG:  Solving for p, Initial residual = 0.0319666, Final residual = 0.000175207, No Iterations 4
GAMG:  Solving for p, Initial residual = 0.00510727, Final residual = 4.45756e-05, No Iterations 12
GAMG:  Solving for p, Initial residual = 0.00228809, Final residual = 2.00633e-05, No Iterations 8
time step continuity errors : sum local = 1.60697e-07, global = -4.94341e-08, cumulative = 1.30602e-07
PIMPLE: iteration 3
DILUPBiCG:  Solving for Ux, Initial residual = 0.00232763, Final residual = 2.05367e-06, No Iterations 2
DILUPBiCG:  Solving for Uy, Initial residual = 0.000385871, Final residual = 6.98851e-06, No Iterations 1
DILUPBiCG:  Solving for Uz, Initial residual = 0.00602581, Final residual = 1.61751e-06, No Iterations 2
GAMG:  Solving for p, Initial residual = 0.0422627, Final residual = 0.000349932, No Iterations 5
GAMG:  Solving for p, Initial residual = 0.00989711, Final residual = 9.78008e-05, No Iterations 11
GAMG:  Solving for p, Initial residual = 0.00456672, Final residual = 3.91782e-05, No Iterations 12
time step continuity errors : sum local = 3.47659e-07, global = -1.02199e-07, cumulative = 2.8403e-08
GAMG:  Solving for p, Initial residual = 0.00297934, Final residual = 2.66078e-05, No Iterations 18
GAMG:  Solving for p, Initial residual = 0.00166529, Final residual = 1.42193e-05, No Iterations 4
GAMG:  Solving for p, Initial residual = 0.000634044, Final residual = 9.24126e-07, No Iterations 38
time step continuity errors : sum local = 8.18437e-09, global = 2.42523e-09, cumulative = 3.08283e-08
DILUPBiCG:  Solving for omega, Initial residual = 0.00093883, Final residual = 1.58994e-06, No Iterations 1
DILUPBiCG:  Solving for k, Initial residual = 0.00497156, Final residual = 1.06895e-06, No Iterations 2
ExecutionTime = 16.35 s  ClockTime = 17 s

End

