/*---------------------------------------------------------------------------*\
| =========                 |                                                 |
| \\      /  F ield         | OpenFOAM: The Open Source CFD Toolbox           |
|  \\    /   O peration     | Version:  2.3.1                                 |
|   \\  /    A nd           | Web:      www.OpenFOAM.org                      |
|    \\/     M anipulation  |                                                 |
\*---------------------------------------------------------------------------*/
Build  : 2.3.1-262087cdf8db
Exec   : pimpleDyMFoam
Date   : Jun 05 2023
Time   : 23:59:48
Host   : "jcosson-VirtualBox"
PID    : 21467
Case   : /home/jcosson/workspace/henersj_shootingdata/calcs/moderate_deformed/primal/100_intervals_05-06-23/sweep10/interval51
nProcs : 1
sigFpe : Enabling floating point exception trapping (FOAM_SIGFPE).
fileModificationChecking : Monitoring run-time modified files using timeStampMaster
allowSystemOperations : Allowing user-supplied system call operations

// * * * * * * * * * * * * * * * * * * * * * * * * * * * * * * * * * * * * * //
Create time

Create mesh for time = 0.45

Selecting dynamicFvMesh dynamicMotionSolverFvMesh
Selecting motion solver: displacementLaplacian
Selecting motion diffusion: quadratic
Selecting motion diffusion: quadratic
Selecting motion diffusion: inverseDistance

PIMPLE: no residual control data found. Calculations will employ 3 corrector loops

Reading field p

Reading field U

Reading/calculating face flux field phi

Selecting incompressible transport model Newtonian
Selecting turbulence model type RASModel
Selecting RAS turbulence model kOmegaSST
kOmegaSSTCoeffs
{
    alphaK1         0.85034;
    alphaK2         1;
    alphaOmega1     0.5;
    alphaOmega2     0.85616;
    gamma1          0.5532;
    gamma2          0.4403;
    beta1           0.075;
    beta2           0.0828;
    betaStar        0.09;
    a1              0.31;
    c1              10;
    Cmu             0.09;
    b1              1;
    F3              false;
}

Reading/calculating face velocity Uf

No finite volume options present

Courant Number mean: 0.279541 max: 0.625792

Starting time loop

Courant Number mean: 0.279541 max: 0.625792
Time = 0.451

GAMG:  Solving for cellDisplacementx, Initial residual = 0, Final residual = 0, No Iterations 0
GAMG:  Solving for cellDisplacementy, Initial residual = 0, Final residual = 0, No Iterations 0
GAMG:  Solving for cellDisplacementz, Initial residual = 0, Final residual = 0, No Iterations 0
PIMPLE: iteration 1
DILUPBiCG:  Solving for Ux, Initial residual = 0.00168741, Final residual = 2.74405e-05, No Iterations 1
DILUPBiCG:  Solving for Uy, Initial residual = 0.000388821, Final residual = 3.68683e-06, No Iterations 1
DILUPBiCG:  Solving for Uz, Initial residual = 0.0137251, Final residual = 3.81986e-05, No Iterations 1
GAMG:  Solving for p, Initial residual = 0.237089, Final residual = 0.00167311, No Iterations 4
GAMG:  Solving for p, Initial residual = 0.0540174, Final residual = 0.000493698, No Iterations 20
GAMG:  Solving for p, Initial residual = 0.0353569, Final residual = 0.000313365, No Iterations 4
time step continuity errors : sum local = 5.07108e-07, global = 1.50437e-07, cumulative = 1.50437e-07
GAMG:  Solving for p, Initial residual = 0.153679, Final residual = 0.000970312, No Iterations 4
GAMG:  Solving for p, Initial residual = 0.027827, Final residual = 0.000252814, No Iterations 18
GAMG:  Solving for p, Initial residual = 0.0171845, Final residual = 0.00014741, No Iterations 4
time step continuity errors : sum local = 2.35672e-07, global = 7.68201e-08, cumulative = 2.27258e-07
PIMPLE: iteration 2
DILUPBiCG:  Solving for Ux, Initial residual = 0.000188845, Final residual = 2.30115e-06, No Iterations 1
DILUPBiCG:  Solving for Uy, Initial residual = 7.3131e-05, Final residual = 1.18803e-06, No Iterations 1
DILUPBiCG:  Solving for Uz, Initial residual = 0.00426016, Final residual = 1.34028e-05, No Iterations 1
GAMG:  Solving for p, Initial residual = 0.157717, Final residual = 0.000927625, No Iterations 4
GAMG:  Solving for p, Initial residual = 0.0284112, Final residual = 0.000251133, No Iterations 18
GAMG:  Solving for p, Initial residual = 0.0171342, Final residual = 0.000142921, No Iterations 4
time step continuity errors : sum local = 2.23595e-07, global = 7.50988e-08, cumulative = 3.02356e-07
GAMG:  Solving for p, Initial residual = 0.0777171, Final residual = 0.000427636, No Iterations 4
GAMG:  Solving for p, Initial residual = 0.0150496, Final residual = 0.000132053, No Iterations 14
GAMG:  Solving for p, Initial residual = 0.008077, Final residual = 7.20209e-05, No Iterations 4
time step continuity errors : sum local = 1.11996e-07, global = 4.2656e-08, cumulative = 3.45012e-07
PIMPLE: iteration 3
DILUPBiCG:  Solving for Ux, Initial residual = 0.000284173, Final residual = 2.22508e-06, No Iterations 1
DILUPBiCG:  Solving for Uy, Initial residual = 5.96234e-05, Final residual = 8.17266e-07, No Iterations 1
DILUPBiCG:  Solving for Uz, Initial residual = 0.00178798, Final residual = 2.43871e-07, No Iterations 2
GAMG:  Solving for p, Initial residual = 0.124348, Final residual = 0.00053747, No Iterations 4
GAMG:  Solving for p, Initial residual = 0.0305158, Final residual = 0.000278083, No Iterations 4
GAMG:  Solving for p, Initial residual = 0.0126609, Final residual = 0.000124221, No Iterations 8
time step continuity errors : sum local = 1.83025e-07, global = 4.20874e-08, cumulative = 3.871e-07
GAMG:  Solving for p, Initial residual = 0.0113251, Final residual = 4.41894e-05, No Iterations 5
GAMG:  Solving for p, Initial residual = 0.00542847, Final residual = 3.24339e-05, No Iterations 4
GAMG:  Solving for p, Initial residual = 0.00188904, Final residual = 9.15687e-07, No Iterations 16
time step continuity errors : sum local = 1.36583e-09, global = 3.73447e-10, cumulative = 3.87473e-07
DILUPBiCG:  Solving for omega, Initial residual = 0.00126556, Final residual = 1.80017e-06, No Iterations 1
DILUPBiCG:  Solving for k, Initial residual = 0.00527775, Final residual = 2.90827e-06, No Iterations 2
ExecutionTime = 15.43 s  ClockTime = 16 s

End

