/*---------------------------------------------------------------------------*\
| =========                 |                                                 |
| \\      /  F ield         | OpenFOAM: The Open Source CFD Toolbox           |
|  \\    /   O peration     | Version:  2.3.1                                 |
|   \\  /    A nd           | Web:      www.OpenFOAM.org                      |
|    \\/     M anipulation  |                                                 |
\*---------------------------------------------------------------------------*/
Build  : 2.3.1-262087cdf8db
Exec   : pimpleDyMFoam
Date   : Jun 06 2023
Time   : 00:00:38
Host   : "jcosson-VirtualBox"
PID    : 21537
Case   : /home/jcosson/workspace/henersj_shootingdata/calcs/moderate_deformed/primal/100_intervals_05-06-23/sweep10/interval86
nProcs : 1
sigFpe : Enabling floating point exception trapping (FOAM_SIGFPE).
fileModificationChecking : Monitoring run-time modified files using timeStampMaster
allowSystemOperations : Allowing user-supplied system call operations

// * * * * * * * * * * * * * * * * * * * * * * * * * * * * * * * * * * * * * //
Create time

Create mesh for time = 0.485

Selecting dynamicFvMesh dynamicMotionSolverFvMesh
Selecting motion solver: displacementLaplacian
Selecting motion diffusion: quadratic
Selecting motion diffusion: quadratic
Selecting motion diffusion: inverseDistance

PIMPLE: no residual control data found. Calculations will employ 3 corrector loops

Reading field p

Reading field U

Reading/calculating face flux field phi

Selecting incompressible transport model Newtonian
Selecting turbulence model type RASModel
Selecting RAS turbulence model kOmegaSST
bounding k, min: 0 max: 0.000798672 average: 0.000164503
kOmegaSSTCoeffs
{
    alphaK1         0.85034;
    alphaK2         1;
    alphaOmega1     0.5;
    alphaOmega2     0.85616;
    gamma1          0.5532;
    gamma2          0.4403;
    beta1           0.075;
    beta2           0.0828;
    betaStar        0.09;
    a1              0.31;
    c1              10;
    Cmu             0.09;
    b1              1;
    F3              false;
}

Reading/calculating face velocity Uf

No finite volume options present

Courant Number mean: 0.135194 max: 0.299872

Starting time loop

Courant Number mean: 0.135194 max: 0.299872
Time = 0.486

GAMG:  Solving for cellDisplacementx, Initial residual = 0, Final residual = 0, No Iterations 0
GAMG:  Solving for cellDisplacementy, Initial residual = 0, Final residual = 0, No Iterations 0
GAMG:  Solving for cellDisplacementz, Initial residual = 0, Final residual = 0, No Iterations 0
PIMPLE: iteration 1
DILUPBiCG:  Solving for Ux, Initial residual = 0.0622159, Final residual = 0.000233528, No Iterations 1
DILUPBiCG:  Solving for Uy, Initial residual = 0.0119799, Final residual = 2.58311e-05, No Iterations 1
DILUPBiCG:  Solving for Uz, Initial residual = 0.0242377, Final residual = 3.42134e-05, No Iterations 1
GAMG:  Solving for p, Initial residual = 0.125769, Final residual = 0.00101306, No Iterations 4
GAMG:  Solving for p, Initial residual = 0.0168788, Final residual = 0.00014821, No Iterations 20
GAMG:  Solving for p, Initial residual = 0.0080739, Final residual = 7.80428e-05, No Iterations 4
time step continuity errors : sum local = 9.96804e-07, global = 3.30141e-07, cumulative = 3.30141e-07
GAMG:  Solving for p, Initial residual = 0.0552828, Final residual = 0.000420447, No Iterations 4
GAMG:  Solving for p, Initial residual = 0.00834708, Final residual = 7.68768e-05, No Iterations 18
GAMG:  Solving for p, Initial residual = 0.00408933, Final residual = 3.32867e-05, No Iterations 10
time step continuity errors : sum local = 4.28201e-07, global = 1.12192e-07, cumulative = 4.42332e-07
PIMPLE: iteration 2
DILUPBiCG:  Solving for Ux, Initial residual = 0.0166573, Final residual = 9.68791e-05, No Iterations 1
DILUPBiCG:  Solving for Uy, Initial residual = 0.00329687, Final residual = 6.98929e-06, No Iterations 1
DILUPBiCG:  Solving for Uz, Initial residual = 0.00381304, Final residual = 1.12606e-05, No Iterations 1
GAMG:  Solving for p, Initial residual = 0.0547757, Final residual = 0.0005162, No Iterations 4
GAMG:  Solving for p, Initial residual = 0.0104272, Final residual = 9.67984e-05, No Iterations 16
GAMG:  Solving for p, Initial residual = 0.00481108, Final residual = 4.37936e-05, No Iterations 8
time step continuity errors : sum local = 4.86934e-07, global = -1.62575e-07, cumulative = 2.79757e-07
GAMG:  Solving for p, Initial residual = 0.0284669, Final residual = 0.000236737, No Iterations 4
GAMG:  Solving for p, Initial residual = 0.00534587, Final residual = 4.83945e-05, No Iterations 14
GAMG:  Solving for p, Initial residual = 0.00231794, Final residual = 2.13776e-05, No Iterations 8
time step continuity errors : sum local = 2.38866e-07, global = -7.14681e-08, cumulative = 2.08289e-07
PIMPLE: iteration 3
DILUPBiCG:  Solving for Ux, Initial residual = 0.00374205, Final residual = 2.6019e-06, No Iterations 2
DILUPBiCG:  Solving for Uy, Initial residual = 0.000763534, Final residual = 4.94108e-06, No Iterations 1
DILUPBiCG:  Solving for Uz, Initial residual = 0.00885174, Final residual = 3.36078e-06, No Iterations 2
GAMG:  Solving for p, Initial residual = 0.0419606, Final residual = 0.000351049, No Iterations 5
GAMG:  Solving for p, Initial residual = 0.00959364, Final residual = 9.29927e-05, No Iterations 4
GAMG:  Solving for p, Initial residual = 0.00437686, Final residual = 3.86957e-05, No Iterations 14
time step continuity errors : sum local = 4.87135e-07, global = -1.47256e-07, cumulative = 6.10338e-08
GAMG:  Solving for p, Initial residual = 0.00234584, Final residual = 1.87215e-05, No Iterations 8
GAMG:  Solving for p, Initial residual = 0.00124998, Final residual = 1.01019e-05, No Iterations 5
GAMG:  Solving for p, Initial residual = 0.000520418, Final residual = 9.74997e-07, No Iterations 28
time step continuity errors : sum local = 1.21373e-08, global = 3.6533e-09, cumulative = 6.46871e-08
DILUPBiCG:  Solving for omega, Initial residual = 0.00127314, Final residual = 9.56876e-07, No Iterations 1
DILUPBiCG:  Solving for k, Initial residual = 0.00418065, Final residual = 7.1872e-07, No Iterations 2
bounding k, min: 0 max: 0.000782972 average: 0.000163432
ExecutionTime = 16.32 s  ClockTime = 17 s

End

