/*---------------------------------------------------------------------------*\
| =========                 |                                                 |
| \\      /  F ield         | OpenFOAM: The Open Source CFD Toolbox           |
|  \\    /   O peration     | Version:  2.3.1                                 |
|   \\  /    A nd           | Web:      www.OpenFOAM.org                      |
|    \\/     M anipulation  |                                                 |
\*---------------------------------------------------------------------------*/
Build  : 2.3.1-262087cdf8db
Exec   : pimpleDyMFoam
Date   : Jun 05 2023
Time   : 23:59:12
Host   : "jcosson-VirtualBox"
PID    : 21390
Case   : /home/jcosson/workspace/henersj_shootingdata/calcs/moderate_deformed/primal/100_intervals_05-06-23/sweep10/interval11
nProcs : 1
sigFpe : Enabling floating point exception trapping (FOAM_SIGFPE).
fileModificationChecking : Monitoring run-time modified files using timeStampMaster
allowSystemOperations : Allowing user-supplied system call operations

// * * * * * * * * * * * * * * * * * * * * * * * * * * * * * * * * * * * * * //
Create time

Create mesh for time = 0.41

Selecting dynamicFvMesh dynamicMotionSolverFvMesh
Selecting motion solver: displacementLaplacian
Selecting motion diffusion: quadratic
Selecting motion diffusion: quadratic
Selecting motion diffusion: inverseDistance

PIMPLE: no residual control data found. Calculations will employ 3 corrector loops

Reading field p

Reading field U

Reading/calculating face flux field phi

Selecting incompressible transport model Newtonian
Selecting turbulence model type RASModel
Selecting RAS turbulence model kOmegaSST
kOmegaSSTCoeffs
{
    alphaK1         0.85034;
    alphaK2         1;
    alphaOmega1     0.5;
    alphaOmega2     0.85616;
    gamma1          0.5532;
    gamma2          0.4403;
    beta1           0.075;
    beta2           0.0828;
    betaStar        0.09;
    a1              0.31;
    c1              10;
    Cmu             0.09;
    b1              1;
    F3              false;
}

Reading/calculating face velocity Uf

No finite volume options present

Courant Number mean: 0.113401 max: 0.247764

Starting time loop

Courant Number mean: 0.113401 max: 0.247764
Time = 0.411

GAMG:  Solving for cellDisplacementx, Initial residual = 0, Final residual = 0, No Iterations 0
GAMG:  Solving for cellDisplacementy, Initial residual = 0, Final residual = 0, No Iterations 0
GAMG:  Solving for cellDisplacementz, Initial residual = 0, Final residual = 0, No Iterations 0
PIMPLE: iteration 1
DILUPBiCG:  Solving for Ux, Initial residual = 0.0480374, Final residual = 0.000179894, No Iterations 1
DILUPBiCG:  Solving for Uy, Initial residual = 0.00948305, Final residual = 1.70866e-05, No Iterations 1
DILUPBiCG:  Solving for Uz, Initial residual = 0.0185791, Final residual = 3.15786e-05, No Iterations 1
GAMG:  Solving for p, Initial residual = 0.158262, Final residual = 0.00122633, No Iterations 6
GAMG:  Solving for p, Initial residual = 0.0185317, Final residual = 0.000173504, No Iterations 18
GAMG:  Solving for p, Initial residual = 0.0078898, Final residual = 6.67535e-05, No Iterations 12
time step continuity errors : sum local = 5.92963e-07, global = -1.74686e-07, cumulative = -1.74686e-07
GAMG:  Solving for p, Initial residual = 0.0653698, Final residual = 0.00042512, No Iterations 6
GAMG:  Solving for p, Initial residual = 0.00941018, Final residual = 8.62821e-05, No Iterations 16
GAMG:  Solving for p, Initial residual = 0.00419718, Final residual = 3.42876e-05, No Iterations 12
time step continuity errors : sum local = 3.05933e-07, global = -8.96433e-08, cumulative = -2.64329e-07
PIMPLE: iteration 2
DILUPBiCG:  Solving for Ux, Initial residual = 0.0136123, Final residual = 8.49794e-05, No Iterations 1
DILUPBiCG:  Solving for Uy, Initial residual = 0.00262071, Final residual = 5.71376e-06, No Iterations 1
DILUPBiCG:  Solving for Uz, Initial residual = 0.00390385, Final residual = 1.80809e-05, No Iterations 1
GAMG:  Solving for p, Initial residual = 0.0675057, Final residual = 0.000286079, No Iterations 4
GAMG:  Solving for p, Initial residual = 0.0107326, Final residual = 9.79868e-05, No Iterations 12
GAMG:  Solving for p, Initial residual = 0.00507443, Final residual = 4.5783e-05, No Iterations 7
time step continuity errors : sum local = 3.53991e-07, global = -1.31056e-07, cumulative = -3.95386e-07
GAMG:  Solving for p, Initial residual = 0.0340388, Final residual = 0.0001287, No Iterations 4
GAMG:  Solving for p, Initial residual = 0.00551991, Final residual = 5.30128e-05, No Iterations 10
GAMG:  Solving for p, Initial residual = 0.00257815, Final residual = 2.503e-05, No Iterations 7
time step continuity errors : sum local = 1.94262e-07, global = -7.38893e-08, cumulative = -4.69275e-07
PIMPLE: iteration 3
DILUPBiCG:  Solving for Ux, Initial residual = 0.00358722, Final residual = 1.57695e-06, No Iterations 2
DILUPBiCG:  Solving for Uy, Initial residual = 0.000684947, Final residual = 5.44501e-06, No Iterations 1
DILUPBiCG:  Solving for Uz, Initial residual = 0.00632549, Final residual = 2.37232e-06, No Iterations 2
GAMG:  Solving for p, Initial residual = 0.0388165, Final residual = 0.000368264, No Iterations 4
GAMG:  Solving for p, Initial residual = 0.00783664, Final residual = 7.07998e-05, No Iterations 18
GAMG:  Solving for p, Initial residual = 0.00388187, Final residual = 3.36644e-05, No Iterations 8
time step continuity errors : sum local = 2.93634e-07, global = 6.26671e-08, cumulative = -4.06608e-07
GAMG:  Solving for p, Initial residual = 0.00203466, Final residual = 1.7539e-05, No Iterations 8
GAMG:  Solving for p, Initial residual = 0.00106754, Final residual = 8.63356e-06, No Iterations 5
GAMG:  Solving for p, Initial residual = 0.000460632, Final residual = 9.50966e-07, No Iterations 26
time step continuity errors : sum local = 8.22737e-09, global = -2.46984e-09, cumulative = -4.09078e-07
DILUPBiCG:  Solving for omega, Initial residual = 0.00113234, Final residual = 8.10359e-07, No Iterations 1
DILUPBiCG:  Solving for k, Initial residual = 0.00352997, Final residual = 1.00256e-06, No Iterations 2
ExecutionTime = 17.42 s  ClockTime = 18 s

End

