/*---------------------------------------------------------------------------*\
| =========                 |                                                 |
| \\      /  F ield         | OpenFOAM: The Open Source CFD Toolbox           |
|  \\    /   O peration     | Version:  2.3.1                                 |
|   \\  /    A nd           | Web:      www.OpenFOAM.org                      |
|    \\/     M anipulation  |                                                 |
\*---------------------------------------------------------------------------*/
Build  : 2.3.1-262087cdf8db
Exec   : pimpleDyMFoam
Date   : Jun 05 2023
Time   : 23:59:47
Host   : "jcosson-VirtualBox"
PID    : 21447
Case   : /home/jcosson/workspace/henersj_shootingdata/calcs/moderate_deformed/primal/100_intervals_05-06-23/sweep10/interval41
nProcs : 1
sigFpe : Enabling floating point exception trapping (FOAM_SIGFPE).
fileModificationChecking : Monitoring run-time modified files using timeStampMaster
allowSystemOperations : Allowing user-supplied system call operations

// * * * * * * * * * * * * * * * * * * * * * * * * * * * * * * * * * * * * * //
Create time

Create mesh for time = 0.44

Selecting dynamicFvMesh dynamicMotionSolverFvMesh
Selecting motion solver: displacementLaplacian
Selecting motion diffusion: quadratic
Selecting motion diffusion: quadratic
Selecting motion diffusion: inverseDistance

PIMPLE: no residual control data found. Calculations will employ 3 corrector loops

Reading field p

Reading field U

Reading/calculating face flux field phi

Selecting incompressible transport model Newtonian
Selecting turbulence model type RASModel
Selecting RAS turbulence model kOmegaSST
kOmegaSSTCoeffs
{
    alphaK1         0.85034;
    alphaK2         1;
    alphaOmega1     0.5;
    alphaOmega2     0.85616;
    gamma1          0.5532;
    gamma2          0.4403;
    beta1           0.075;
    beta2           0.0828;
    betaStar        0.09;
    a1              0.31;
    c1              10;
    Cmu             0.09;
    b1              1;
    F3              false;
}

Reading/calculating face velocity Uf

No finite volume options present

Courant Number mean: 0.261911 max: 0.581507

Starting time loop

Courant Number mean: 0.261911 max: 0.581507
Time = 0.441

GAMG:  Solving for cellDisplacementx, Initial residual = 0, Final residual = 0, No Iterations 0
GAMG:  Solving for cellDisplacementy, Initial residual = 0, Final residual = 0, No Iterations 0
GAMG:  Solving for cellDisplacementz, Initial residual = 0, Final residual = 0, No Iterations 0
PIMPLE: iteration 1
DILUPBiCG:  Solving for Ux, Initial residual = 0.0273655, Final residual = 9.3022e-05, No Iterations 1
DILUPBiCG:  Solving for Uy, Initial residual = 0.00426331, Final residual = 1.15998e-05, No Iterations 1
DILUPBiCG:  Solving for Uz, Initial residual = 0.0164712, Final residual = 2.94362e-05, No Iterations 1
GAMG:  Solving for p, Initial residual = 0.125054, Final residual = 0.000874557, No Iterations 4
GAMG:  Solving for p, Initial residual = 0.0169201, Final residual = 0.000151746, No Iterations 14
GAMG:  Solving for p, Initial residual = 0.00723086, Final residual = 7.10939e-05, No Iterations 10
time step continuity errors : sum local = 6.37298e-07, global = -1.67675e-07, cumulative = -1.67675e-07
GAMG:  Solving for p, Initial residual = 0.0557706, Final residual = 0.000337438, No Iterations 4
GAMG:  Solving for p, Initial residual = 0.00833019, Final residual = 7.49861e-05, No Iterations 12
GAMG:  Solving for p, Initial residual = 0.0036407, Final residual = 3.5468e-05, No Iterations 10
time step continuity errors : sum local = 3.18062e-07, global = -8.47002e-08, cumulative = -2.52376e-07
PIMPLE: iteration 2
DILUPBiCG:  Solving for Ux, Initial residual = 0.00762207, Final residual = 3.03636e-05, No Iterations 1
DILUPBiCG:  Solving for Uy, Initial residual = 0.00122926, Final residual = 6.17487e-06, No Iterations 1
DILUPBiCG:  Solving for Uz, Initial residual = 0.00362261, Final residual = 9.73558e-06, No Iterations 1
GAMG:  Solving for p, Initial residual = 0.0562805, Final residual = 0.000557063, No Iterations 5
GAMG:  Solving for p, Initial residual = 0.0125256, Final residual = 0.000116565, No Iterations 13
GAMG:  Solving for p, Initial residual = 0.00472636, Final residual = 3.9862e-05, No Iterations 14
time step continuity errors : sum local = 3.00966e-07, global = 9.19513e-08, cumulative = -1.60424e-07
GAMG:  Solving for p, Initial residual = 0.0296093, Final residual = 0.000281289, No Iterations 4
GAMG:  Solving for p, Initial residual = 0.00597401, Final residual = 4.98578e-05, No Iterations 14
GAMG:  Solving for p, Initial residual = 0.00229424, Final residual = 2.02504e-05, No Iterations 12
time step continuity errors : sum local = 1.53942e-07, global = 4.49194e-08, cumulative = -1.15505e-07
PIMPLE: iteration 3
DILUPBiCG:  Solving for Ux, Initial residual = 0.00164946, Final residual = 4.91649e-07, No Iterations 2
DILUPBiCG:  Solving for Uy, Initial residual = 0.000273246, Final residual = 9.86572e-06, No Iterations 1
DILUPBiCG:  Solving for Uz, Initial residual = 0.00529902, Final residual = 2.01728e-06, No Iterations 2
GAMG:  Solving for p, Initial residual = 0.0457467, Final residual = 0.000403114, No Iterations 5
GAMG:  Solving for p, Initial residual = 0.0121879, Final residual = 0.000115495, No Iterations 10
GAMG:  Solving for p, Initial residual = 0.00517409, Final residual = 4.91124e-05, No Iterations 10
time step continuity errors : sum local = 4.15875e-07, global = 1.07085e-07, cumulative = -8.41955e-09
GAMG:  Solving for p, Initial residual = 0.00334508, Final residual = 2.99976e-05, No Iterations 18
GAMG:  Solving for p, Initial residual = 0.0019787, Final residual = 1.65073e-05, No Iterations 4
GAMG:  Solving for p, Initial residual = 0.000679603, Final residual = 9.34545e-07, No Iterations 40
time step continuity errors : sum local = 7.90412e-09, global = -2.34284e-09, cumulative = -1.07624e-08
DILUPBiCG:  Solving for omega, Initial residual = 0.00132215, Final residual = 1.65911e-06, No Iterations 1
DILUPBiCG:  Solving for k, Initial residual = 0.00649115, Final residual = 1.37882e-06, No Iterations 2
ExecutionTime = 16.9 s  ClockTime = 17 s

End

