/*---------------------------------------------------------------------------*\
| =========                 |                                                 |
| \\      /  F ield         | OpenFOAM: The Open Source CFD Toolbox           |
|  \\    /   O peration     | Version:  2.3.1                                 |
|   \\  /    A nd           | Web:      www.OpenFOAM.org                      |
|    \\/     M anipulation  |                                                 |
\*---------------------------------------------------------------------------*/
Build  : 2.3.1-262087cdf8db
Exec   : pimpleDyMFoam
Date   : Jun 05 2023
Time   : 23:59:48
Host   : "jcosson-VirtualBox"
PID    : 21457
Case   : /home/jcosson/workspace/henersj_shootingdata/calcs/moderate_deformed/primal/100_intervals_05-06-23/sweep10/interval46
nProcs : 1
sigFpe : Enabling floating point exception trapping (FOAM_SIGFPE).
fileModificationChecking : Monitoring run-time modified files using timeStampMaster
allowSystemOperations : Allowing user-supplied system call operations

// * * * * * * * * * * * * * * * * * * * * * * * * * * * * * * * * * * * * * //
Create time

Create mesh for time = 0.445

Selecting dynamicFvMesh dynamicMotionSolverFvMesh
Selecting motion solver: displacementLaplacian
Selecting motion diffusion: quadratic
Selecting motion diffusion: quadratic
Selecting motion diffusion: inverseDistance

PIMPLE: no residual control data found. Calculations will employ 3 corrector loops

Reading field p

Reading field U

Reading/calculating face flux field phi

Selecting incompressible transport model Newtonian
Selecting turbulence model type RASModel
Selecting RAS turbulence model kOmegaSST
kOmegaSSTCoeffs
{
    alphaK1         0.85034;
    alphaK2         1;
    alphaOmega1     0.5;
    alphaOmega2     0.85616;
    gamma1          0.5532;
    gamma2          0.4403;
    beta1           0.075;
    beta2           0.0828;
    betaStar        0.09;
    a1              0.31;
    c1              10;
    Cmu             0.09;
    b1              1;
    F3              false;
}

Reading/calculating face velocity Uf

No finite volume options present

Courant Number mean: 0.274986 max: 0.613602

Starting time loop

Courant Number mean: 0.274986 max: 0.613602
Time = 0.446

GAMG:  Solving for cellDisplacementx, Initial residual = 0, Final residual = 0, No Iterations 0
GAMG:  Solving for cellDisplacementy, Initial residual = 0, Final residual = 0, No Iterations 0
GAMG:  Solving for cellDisplacementz, Initial residual = 0, Final residual = 0, No Iterations 0
PIMPLE: iteration 1
DILUPBiCG:  Solving for Ux, Initial residual = 0.0144961, Final residual = 5.59881e-05, No Iterations 1
DILUPBiCG:  Solving for Uy, Initial residual = 0.00226807, Final residual = 8.02696e-06, No Iterations 1
DILUPBiCG:  Solving for Uz, Initial residual = 0.0144756, Final residual = 3.26422e-05, No Iterations 1
GAMG:  Solving for p, Initial residual = 0.134931, Final residual = 0.000967375, No Iterations 3
GAMG:  Solving for p, Initial residual = 0.0201757, Final residual = 0.000179052, No Iterations 9
GAMG:  Solving for p, Initial residual = 0.00855208, Final residual = 7.38855e-05, No Iterations 10
time step continuity errors : sum local = 3.80586e-07, global = -9.76079e-08, cumulative = -9.76079e-08
GAMG:  Solving for p, Initial residual = 0.0634232, Final residual = 0.000407144, No Iterations 3
GAMG:  Solving for p, Initial residual = 0.00986055, Final residual = 9.32948e-05, No Iterations 7
GAMG:  Solving for p, Initial residual = 0.00430047, Final residual = 4.0519e-05, No Iterations 10
time step continuity errors : sum local = 2.09751e-07, global = -5.38403e-08, cumulative = -1.51448e-07
PIMPLE: iteration 2
DILUPBiCG:  Solving for Ux, Initial residual = 0.00383157, Final residual = 1.90628e-05, No Iterations 1
DILUPBiCG:  Solving for Uy, Initial residual = 0.00061959, Final residual = 6.78998e-06, No Iterations 1
DILUPBiCG:  Solving for Uz, Initial residual = 0.00391429, Final residual = 1.63501e-05, No Iterations 1
GAMG:  Solving for p, Initial residual = 0.0643088, Final residual = 0.00058043, No Iterations 5
GAMG:  Solving for p, Initial residual = 0.0172295, Final residual = 0.000155607, No Iterations 11
GAMG:  Solving for p, Initial residual = 0.00590076, Final residual = 5.43544e-05, No Iterations 14
time step continuity errors : sum local = 2.40047e-07, global = 7.31056e-08, cumulative = -7.83426e-08
GAMG:  Solving for p, Initial residual = 0.0342789, Final residual = 0.000321665, No Iterations 4
GAMG:  Solving for p, Initial residual = 0.00811041, Final residual = 7.02659e-05, No Iterations 12
GAMG:  Solving for p, Initial residual = 0.00288764, Final residual = 2.81158e-05, No Iterations 12
time step continuity errors : sum local = 1.25005e-07, global = 3.67347e-08, cumulative = -4.1608e-08
PIMPLE: iteration 3
DILUPBiCG:  Solving for Ux, Initial residual = 0.000698982, Final residual = 6.25764e-06, No Iterations 1
DILUPBiCG:  Solving for Uy, Initial residual = 0.0001217, Final residual = 5.22276e-06, No Iterations 1
DILUPBiCG:  Solving for Uz, Initial residual = 0.0035185, Final residual = 4.40282e-07, No Iterations 2
GAMG:  Solving for p, Initial residual = 0.0551943, Final residual = 0.000440421, No Iterations 5
GAMG:  Solving for p, Initial residual = 0.0150276, Final residual = 0.000137488, No Iterations 12
GAMG:  Solving for p, Initial residual = 0.00662017, Final residual = 5.53483e-05, No Iterations 10
time step continuity errors : sum local = 2.71329e-07, global = 6.99476e-08, cumulative = 2.83396e-08
GAMG:  Solving for p, Initial residual = 0.00458679, Final residual = 2.41199e-05, No Iterations 6
GAMG:  Solving for p, Initial residual = 0.0026005, Final residual = 2.15557e-05, No Iterations 5
GAMG:  Solving for p, Initial residual = 0.000875049, Final residual = 9.19626e-07, No Iterations 38
time step continuity errors : sum local = 4.49822e-09, global = -1.32611e-09, cumulative = 2.70135e-08
DILUPBiCG:  Solving for omega, Initial residual = 0.0013774, Final residual = 1.83649e-06, No Iterations 1
DILUPBiCG:  Solving for k, Initial residual = 0.00615149, Final residual = 9.62791e-07, No Iterations 2
ExecutionTime = 16.49 s  ClockTime = 16 s

End

