/*---------------------------------------------------------------------------*\
| =========                 |                                                 |
| \\      /  F ield         | OpenFOAM: The Open Source CFD Toolbox           |
|  \\    /   O peration     | Version:  2.3.1                                 |
|   \\  /    A nd           | Web:      www.OpenFOAM.org                      |
|    \\/     M anipulation  |                                                 |
\*---------------------------------------------------------------------------*/
Build  : 2.3.1-262087cdf8db
Exec   : pimpleDyMFoam
Date   : Jun 05 2023
Time   : 23:59:30
Host   : "jcosson-VirtualBox"
PID    : 21432
Case   : /home/jcosson/workspace/henersj_shootingdata/calcs/moderate_deformed/primal/100_intervals_05-06-23/sweep10/interval34
nProcs : 1
sigFpe : Enabling floating point exception trapping (FOAM_SIGFPE).
fileModificationChecking : Monitoring run-time modified files using timeStampMaster
allowSystemOperations : Allowing user-supplied system call operations

// * * * * * * * * * * * * * * * * * * * * * * * * * * * * * * * * * * * * * //
Create time

Create mesh for time = 0.433

Selecting dynamicFvMesh dynamicMotionSolverFvMesh
Selecting motion solver: displacementLaplacian
Selecting motion diffusion: quadratic
Selecting motion diffusion: quadratic
Selecting motion diffusion: inverseDistance

PIMPLE: no residual control data found. Calculations will employ 3 corrector loops

Reading field p

Reading field U

Reading/calculating face flux field phi

Selecting incompressible transport model Newtonian
Selecting turbulence model type RASModel
Selecting RAS turbulence model kOmegaSST
kOmegaSSTCoeffs
{
    alphaK1         0.85034;
    alphaK2         1;
    alphaOmega1     0.5;
    alphaOmega2     0.85616;
    gamma1          0.5532;
    gamma2          0.4403;
    beta1           0.075;
    beta2           0.0828;
    betaStar        0.09;
    a1              0.31;
    c1              10;
    Cmu             0.09;
    b1              1;
    F3              false;
}

Reading/calculating face velocity Uf

No finite volume options present

Courant Number mean: 0.23185 max: 0.509811

Starting time loop

Courant Number mean: 0.23185 max: 0.509811
Time = 0.434

GAMG:  Solving for cellDisplacementx, Initial residual = 0, Final residual = 0, No Iterations 0
GAMG:  Solving for cellDisplacementy, Initial residual = 0, Final residual = 0, No Iterations 0
GAMG:  Solving for cellDisplacementz, Initial residual = 0, Final residual = 0, No Iterations 0
PIMPLE: iteration 1
DILUPBiCG:  Solving for Ux, Initial residual = 0.0442679, Final residual = 0.000145284, No Iterations 1
DILUPBiCG:  Solving for Uy, Initial residual = 0.00703146, Final residual = 1.62792e-05, No Iterations 1
DILUPBiCG:  Solving for Uz, Initial residual = 0.0193139, Final residual = 2.77015e-05, No Iterations 1
GAMG:  Solving for p, Initial residual = 0.124246, Final residual = 0.00117011, No Iterations 4
GAMG:  Solving for p, Initial residual = 0.0154759, Final residual = 0.000133394, No Iterations 18
GAMG:  Solving for p, Initial residual = 0.00677121, Final residual = 5.88387e-05, No Iterations 10
time step continuity errors : sum local = 7.67864e-07, global = -2.02983e-07, cumulative = -2.02983e-07
GAMG:  Solving for p, Initial residual = 0.0539729, Final residual = 0.000437613, No Iterations 4
GAMG:  Solving for p, Initial residual = 0.00763986, Final residual = 7.47469e-05, No Iterations 14
GAMG:  Solving for p, Initial residual = 0.00340152, Final residual = 2.94035e-05, No Iterations 12
time step continuity errors : sum local = 3.82942e-07, global = -1.1573e-07, cumulative = -3.18712e-07
PIMPLE: iteration 2
DILUPBiCG:  Solving for Ux, Initial residual = 0.0124681, Final residual = 5.10534e-05, No Iterations 1
DILUPBiCG:  Solving for Uy, Initial residual = 0.00202656, Final residual = 6.77516e-06, No Iterations 1
DILUPBiCG:  Solving for Uz, Initial residual = 0.00386874, Final residual = 2.66586e-05, No Iterations 1
GAMG:  Solving for p, Initial residual = 0.0546448, Final residual = 0.000523338, No Iterations 5
GAMG:  Solving for p, Initial residual = 0.010344, Final residual = 0.000102423, No Iterations 13
GAMG:  Solving for p, Initial residual = 0.00416669, Final residual = 3.91427e-05, No Iterations 12
time step continuity errors : sum local = 4.29757e-07, global = 1.2128e-07, cumulative = -1.97433e-07
GAMG:  Solving for p, Initial residual = 0.0284054, Final residual = 0.000247577, No Iterations 4
GAMG:  Solving for p, Initial residual = 0.00500973, Final residual = 4.44352e-05, No Iterations 14
GAMG:  Solving for p, Initial residual = 0.0020184, Final residual = 1.72932e-05, No Iterations 12
time step continuity errors : sum local = 1.90981e-07, global = 5.42836e-08, cumulative = -1.43149e-07
PIMPLE: iteration 3
DILUPBiCG:  Solving for Ux, Initial residual = 0.00288536, Final residual = 1.06518e-06, No Iterations 2
DILUPBiCG:  Solving for Uy, Initial residual = 0.00047568, Final residual = 9.56727e-06, No Iterations 1
DILUPBiCG:  Solving for Uz, Initial residual = 0.00711105, Final residual = 2.94175e-06, No Iterations 2
GAMG:  Solving for p, Initial residual = 0.0414432, Final residual = 0.000343889, No Iterations 5
GAMG:  Solving for p, Initial residual = 0.0105436, Final residual = 4.35705e-05, No Iterations 5
GAMG:  Solving for p, Initial residual = 0.00446617, Final residual = 4.11359e-05, No Iterations 7
time step continuity errors : sum local = 5.07094e-07, global = 8.98424e-08, cumulative = -5.33066e-08
GAMG:  Solving for p, Initial residual = 0.00267929, Final residual = 2.479e-05, No Iterations 20
GAMG:  Solving for p, Initial residual = 0.00160688, Final residual = 1.31742e-05, No Iterations 4
GAMG:  Solving for p, Initial residual = 0.000579, Final residual = 9.95768e-07, No Iterations 36
time step continuity errors : sum local = 1.22791e-08, global = -3.60799e-09, cumulative = -5.69146e-08
DILUPBiCG:  Solving for omega, Initial residual = 0.00107774, Final residual = 1.21165e-06, No Iterations 1
DILUPBiCG:  Solving for k, Initial residual = 0.00595446, Final residual = 1.30355e-06, No Iterations 2
ExecutionTime = 17.66 s  ClockTime = 18 s

End

