/*---------------------------------------------------------------------------*\
| =========                 |                                                 |
| \\      /  F ield         | OpenFOAM: The Open Source CFD Toolbox           |
|  \\    /   O peration     | Version:  2.3.1                                 |
|   \\  /    A nd           | Web:      www.OpenFOAM.org                      |
|    \\/     M anipulation  |                                                 |
\*---------------------------------------------------------------------------*/
Build  : 2.3.1-262087cdf8db
Exec   : pimpleDyMFoam
Date   : Jun 05 2023
Time   : 23:59:48
Host   : "jcosson-VirtualBox"
PID    : 21459
Case   : /home/jcosson/workspace/henersj_shootingdata/calcs/moderate_deformed/primal/100_intervals_05-06-23/sweep10/interval47
nProcs : 1
sigFpe : Enabling floating point exception trapping (FOAM_SIGFPE).
fileModificationChecking : Monitoring run-time modified files using timeStampMaster
allowSystemOperations : Allowing user-supplied system call operations

// * * * * * * * * * * * * * * * * * * * * * * * * * * * * * * * * * * * * * //
Create time

Create mesh for time = 0.446

Selecting dynamicFvMesh dynamicMotionSolverFvMesh
Selecting motion solver: displacementLaplacian
Selecting motion diffusion: quadratic
Selecting motion diffusion: quadratic
Selecting motion diffusion: inverseDistance

PIMPLE: no residual control data found. Calculations will employ 3 corrector loops

Reading field p

Reading field U

Reading/calculating face flux field phi

Selecting incompressible transport model Newtonian
Selecting turbulence model type RASModel
Selecting RAS turbulence model kOmegaSST
kOmegaSSTCoeffs
{
    alphaK1         0.85034;
    alphaK2         1;
    alphaOmega1     0.5;
    alphaOmega2     0.85616;
    gamma1          0.5532;
    gamma2          0.4403;
    beta1           0.075;
    beta2           0.0828;
    betaStar        0.09;
    a1              0.31;
    c1              10;
    Cmu             0.09;
    b1              1;
    F3              false;
}

Reading/calculating face velocity Uf

No finite volume options present

Courant Number mean: 0.276605 max: 0.617669

Starting time loop

Courant Number mean: 0.276605 max: 0.617669
Time = 0.447

GAMG:  Solving for cellDisplacementx, Initial residual = 0, Final residual = 0, No Iterations 0
GAMG:  Solving for cellDisplacementy, Initial residual = 0, Final residual = 0, No Iterations 0
GAMG:  Solving for cellDisplacementz, Initial residual = 0, Final residual = 0, No Iterations 0
PIMPLE: iteration 1
DILUPBiCG:  Solving for Ux, Initial residual = 0.0119064, Final residual = 4.92186e-05, No Iterations 1
DILUPBiCG:  Solving for Uy, Initial residual = 0.00187618, Final residual = 7.45197e-06, No Iterations 1
DILUPBiCG:  Solving for Uz, Initial residual = 0.0140448, Final residual = 3.30725e-05, No Iterations 1
GAMG:  Solving for p, Initial residual = 0.140285, Final residual = 0.00108107, No Iterations 3
GAMG:  Solving for p, Initial residual = 0.0217666, Final residual = 0.000155639, No Iterations 4
GAMG:  Solving for p, Initial residual = 0.00891794, Final residual = 7.58244e-05, No Iterations 5
time step continuity errors : sum local = 3.29736e-07, global = -7.2336e-08, cumulative = -7.2336e-08
GAMG:  Solving for p, Initial residual = 0.0675427, Final residual = 0.000519719, No Iterations 3
GAMG:  Solving for p, Initial residual = 0.0107322, Final residual = 7.03967e-05, No Iterations 4
GAMG:  Solving for p, Initial residual = 0.00455715, Final residual = 4.19918e-05, No Iterations 3
time step continuity errors : sum local = 1.83797e-07, global = -5.32752e-08, cumulative = -1.25611e-07
PIMPLE: iteration 2
DILUPBiCG:  Solving for Ux, Initial residual = 0.00305799, Final residual = 1.78524e-05, No Iterations 1
DILUPBiCG:  Solving for Uy, Initial residual = 0.000496875, Final residual = 7.55553e-06, No Iterations 1
DILUPBiCG:  Solving for Uz, Initial residual = 0.004034, Final residual = 1.31663e-05, No Iterations 1
GAMG:  Solving for p, Initial residual = 0.0686981, Final residual = 0.000587242, No Iterations 5
GAMG:  Solving for p, Initial residual = 0.0192489, Final residual = 0.000160684, No Iterations 11
GAMG:  Solving for p, Initial residual = 0.00646696, Final residual = 5.65285e-05, No Iterations 14
time step continuity errors : sum local = 2.12007e-07, global = 6.46781e-08, cumulative = -6.09331e-08
GAMG:  Solving for p, Initial residual = 0.0368573, Final residual = 0.000336094, No Iterations 4
GAMG:  Solving for p, Initial residual = 0.00906919, Final residual = 9.02459e-05, No Iterations 10
GAMG:  Solving for p, Initial residual = 0.00314137, Final residual = 2.89494e-05, No Iterations 14
time step continuity errors : sum local = 1.09406e-07, global = 3.28823e-08, cumulative = -2.80508e-08
PIMPLE: iteration 3
DILUPBiCG:  Solving for Ux, Initial residual = 0.000508171, Final residual = 5.50164e-06, No Iterations 1
DILUPBiCG:  Solving for Uy, Initial residual = 9.14993e-05, Final residual = 3.17655e-06, No Iterations 1
DILUPBiCG:  Solving for Uz, Initial residual = 0.00314814, Final residual = 3.65918e-07, No Iterations 2
GAMG:  Solving for p, Initial residual = 0.0594904, Final residual = 0.000458585, No Iterations 5
GAMG:  Solving for p, Initial residual = 0.0161671, Final residual = 0.000152026, No Iterations 12
GAMG:  Solving for p, Initial residual = 0.00726511, Final residual = 6.18402e-05, No Iterations 10
time step continuity errors : sum local = 2.56435e-07, global = 6.61883e-08, cumulative = 3.81376e-08
GAMG:  Solving for p, Initial residual = 0.00512588, Final residual = 4.75567e-05, No Iterations 6
GAMG:  Solving for p, Initial residual = 0.00288227, Final residual = 1.84417e-05, No Iterations 5
GAMG:  Solving for p, Initial residual = 0.00095708, Final residual = 9.36234e-07, No Iterations 34
time step continuity errors : sum local = 3.86899e-09, global = -1.13532e-09, cumulative = 3.70022e-08
DILUPBiCG:  Solving for omega, Initial residual = 0.00136581, Final residual = 1.84438e-06, No Iterations 1
DILUPBiCG:  Solving for k, Initial residual = 0.00601369, Final residual = 9.28422e-07, No Iterations 2
ExecutionTime = 15.92 s  ClockTime = 16 s

End

