/*---------------------------------------------------------------------------*\
| =========                 |                                                 |
| \\      /  F ield         | OpenFOAM: The Open Source CFD Toolbox           |
|  \\    /   O peration     | Version:  2.3.1                                 |
|   \\  /    A nd           | Web:      www.OpenFOAM.org                      |
|    \\/     M anipulation  |                                                 |
\*---------------------------------------------------------------------------*/
Build  : 2.3.1-262087cdf8db
Exec   : pimpleDyMFoam
Date   : Jun 06 2023
Time   : 02:37:47
Host   : "jcosson-VirtualBox"
PID    : 4601
Case   : /home/jcosson/workspace/henersj_shootingdata/calcs/moderate_deformed/primal/100_intervals_05-06-23/sweep68/interval93
nProcs : 1
sigFpe : Enabling floating point exception trapping (FOAM_SIGFPE).
fileModificationChecking : Monitoring run-time modified files using timeStampMaster
allowSystemOperations : Allowing user-supplied system call operations

// * * * * * * * * * * * * * * * * * * * * * * * * * * * * * * * * * * * * * //
Create time

Create mesh for time = 0.492

Selecting dynamicFvMesh dynamicMotionSolverFvMesh
Selecting motion solver: displacementLaplacian
Selecting motion diffusion: quadratic
Selecting motion diffusion: quadratic
Selecting motion diffusion: inverseDistance

PIMPLE: no residual control data found. Calculations will employ 3 corrector loops

Reading field p

Reading field U

Reading/calculating face flux field phi

Selecting incompressible transport model Newtonian
Selecting turbulence model type RASModel
Selecting RAS turbulence model kOmegaSST
bounding k, min: 0 max: 0.000564271 average: 0.000147745
kOmegaSSTCoeffs
{
    alphaK1         0.85034;
    alphaK2         1;
    alphaOmega1     0.5;
    alphaOmega2     0.85616;
    gamma1          0.5532;
    gamma2          0.4403;
    beta1           0.075;
    beta2           0.0828;
    betaStar        0.09;
    a1              0.31;
    c1              10;
    Cmu             0.09;
    b1              1;
    F3              false;
}

Reading/calculating face velocity Uf

No finite volume options present

Courant Number mean: 0.109698 max: 0.238565

Starting time loop

Courant Number mean: 0.109698 max: 0.238565
Time = 0.493

GAMG:  Solving for cellDisplacementx, Initial residual = 0, Final residual = 0, No Iterations 0
GAMG:  Solving for cellDisplacementy, Initial residual = 0, Final residual = 0, No Iterations 0
GAMG:  Solving for cellDisplacementz, Initial residual = 0, Final residual = 0, No Iterations 0
PIMPLE: iteration 1
DILUPBiCG:  Solving for Ux, Initial residual = 0.0445391, Final residual = 0.000172651, No Iterations 1
DILUPBiCG:  Solving for Uy, Initial residual = 0.00926211, Final residual = 1.87747e-05, No Iterations 1
DILUPBiCG:  Solving for Uz, Initial residual = 0.0114374, Final residual = 1.15941e-05, No Iterations 1
GAMG:  Solving for p, Initial residual = 0.109192, Final residual = 0.000551863, No Iterations 4
GAMG:  Solving for p, Initial residual = 0.0153107, Final residual = 0.000152647, No Iterations 14
GAMG:  Solving for p, Initial residual = 0.00753182, Final residual = 6.57487e-05, No Iterations 4
time step continuity errors : sum local = 5.66852e-07, global = 1.82242e-07, cumulative = 1.82242e-07
GAMG:  Solving for p, Initial residual = 0.0504474, Final residual = 0.000242933, No Iterations 4
GAMG:  Solving for p, Initial residual = 0.0074728, Final residual = 6.95508e-05, No Iterations 14
GAMG:  Solving for p, Initial residual = 0.00379426, Final residual = 3.11117e-05, No Iterations 4
time step continuity errors : sum local = 2.7057e-07, global = 8.56783e-08, cumulative = 2.6792e-07
PIMPLE: iteration 2
DILUPBiCG:  Solving for Ux, Initial residual = 0.0111546, Final residual = 6.83028e-05, No Iterations 1
DILUPBiCG:  Solving for Uy, Initial residual = 0.00238083, Final residual = 4.78854e-06, No Iterations 1
DILUPBiCG:  Solving for Uz, Initial residual = 0.00270412, Final residual = 2.17148e-05, No Iterations 1
GAMG:  Solving for p, Initial residual = 0.0487697, Final residual = 0.000317523, No Iterations 6
GAMG:  Solving for p, Initial residual = 0.0117457, Final residual = 0.000115294, No Iterations 12
GAMG:  Solving for p, Initial residual = 0.00420016, Final residual = 3.85181e-05, No Iterations 12
time step continuity errors : sum local = 2.92867e-07, global = -8.57646e-08, cumulative = 1.82156e-07
GAMG:  Solving for p, Initial residual = 0.0258369, Final residual = 0.000248555, No Iterations 4
GAMG:  Solving for p, Initial residual = 0.00598978, Final residual = 5.74957e-05, No Iterations 12
GAMG:  Solving for p, Initial residual = 0.00221657, Final residual = 1.96012e-05, No Iterations 12
time step continuity errors : sum local = 1.49342e-07, global = -4.36038e-08, cumulative = 1.38552e-07
PIMPLE: iteration 3
DILUPBiCG:  Solving for Ux, Initial residual = 0.002193, Final residual = 3.37506e-06, No Iterations 2
DILUPBiCG:  Solving for Uy, Initial residual = 0.000508073, Final residual = 5.77218e-06, No Iterations 1
DILUPBiCG:  Solving for Uz, Initial residual = 0.00373455, Final residual = 2.53295e-06, No Iterations 2
GAMG:  Solving for p, Initial residual = 0.0495971, Final residual = 0.000354846, No Iterations 5
GAMG:  Solving for p, Initial residual = 0.0111224, Final residual = 0.000105054, No Iterations 14
GAMG:  Solving for p, Initial residual = 0.00591845, Final residual = 5.5828e-05, No Iterations 10
time step continuity errors : sum local = 4.72348e-07, global = -1.26874e-07, cumulative = 1.16784e-08
GAMG:  Solving for p, Initial residual = 0.00271647, Final residual = 2.71228e-05, No Iterations 7
GAMG:  Solving for p, Initial residual = 0.00142906, Final residual = 1.12664e-05, No Iterations 6
GAMG:  Solving for p, Initial residual = 0.000586732, Final residual = 8.70861e-07, No Iterations 30
time step continuity errors : sum local = 7.26788e-09, global = 2.22245e-09, cumulative = 1.39009e-08
DILUPBiCG:  Solving for omega, Initial residual = 0.00123998, Final residual = 6.93031e-07, No Iterations 1
DILUPBiCG:  Solving for k, Initial residual = 0.00325949, Final residual = 6.29341e-07, No Iterations 2
bounding k, min: 0 max: 0.000548263 average: 0.000146998
ExecutionTime = 16.56 s  ClockTime = 17 s

End

