/*---------------------------------------------------------------------------*\
| =========                 |                                                 |
| \\      /  F ield         | OpenFOAM: The Open Source CFD Toolbox           |
|  \\    /   O peration     | Version:  2.3.1                                 |
|   \\  /    A nd           | Web:      www.OpenFOAM.org                      |
|    \\/     M anipulation  |                                                 |
\*---------------------------------------------------------------------------*/
Build  : 2.3.1-262087cdf8db
Exec   : pimpleDyMFoam
Date   : Jun 06 2023
Time   : 02:38:03
Host   : "jcosson-VirtualBox"
PID    : 4614
Case   : /home/jcosson/workspace/henersj_shootingdata/calcs/moderate_deformed/primal/100_intervals_05-06-23/sweep68/interval99
nProcs : 1
sigFpe : Enabling floating point exception trapping (FOAM_SIGFPE).
fileModificationChecking : Monitoring run-time modified files using timeStampMaster
allowSystemOperations : Allowing user-supplied system call operations

// * * * * * * * * * * * * * * * * * * * * * * * * * * * * * * * * * * * * * //
Create time

Create mesh for time = 0.498

Selecting dynamicFvMesh dynamicMotionSolverFvMesh
Selecting motion solver: displacementLaplacian
Selecting motion diffusion: quadratic
Selecting motion diffusion: quadratic
Selecting motion diffusion: inverseDistance

PIMPLE: no residual control data found. Calculations will employ 3 corrector loops

Reading field p

Reading field U

Reading/calculating face flux field phi

Selecting incompressible transport model Newtonian
Selecting turbulence model type RASModel
Selecting RAS turbulence model kOmegaSST
bounding k, min: 0 max: 0.000504784 average: 0.000144215
kOmegaSSTCoeffs
{
    alphaK1         0.85034;
    alphaK2         1;
    alphaOmega1     0.5;
    alphaOmega2     0.85616;
    gamma1          0.5532;
    gamma2          0.4403;
    beta1           0.075;
    beta2           0.0828;
    betaStar        0.09;
    a1              0.31;
    c1              10;
    Cmu             0.09;
    b1              1;
    F3              false;
}

Reading/calculating face velocity Uf

No finite volume options present

Courant Number mean: 0.0993394 max: 0.219478

Starting time loop

Courant Number mean: 0.0993394 max: 0.219478
Time = 0.499

GAMG:  Solving for cellDisplacementx, Initial residual = 0, Final residual = 0, No Iterations 0
GAMG:  Solving for cellDisplacementy, Initial residual = 0, Final residual = 0, No Iterations 0
GAMG:  Solving for cellDisplacementz, Initial residual = 0, Final residual = 0, No Iterations 0
PIMPLE: iteration 1
DILUPBiCG:  Solving for Ux, Initial residual = 0.0147167, Final residual = 5.77191e-05, No Iterations 1
DILUPBiCG:  Solving for Uy, Initial residual = 0.00329417, Final residual = 6.52586e-06, No Iterations 1
DILUPBiCG:  Solving for Uz, Initial residual = 0.00845952, Final residual = 1.65517e-05, No Iterations 1
GAMG:  Solving for p, Initial residual = 0.0919851, Final residual = 0.000585469, No Iterations 4
GAMG:  Solving for p, Initial residual = 0.0216054, Final residual = 0.000199772, No Iterations 8
GAMG:  Solving for p, Initial residual = 0.00722177, Final residual = 7.06253e-05, No Iterations 12
time step continuity errors : sum local = 2.06648e-07, global = -5.74689e-08, cumulative = -5.74689e-08
GAMG:  Solving for p, Initial residual = 0.0471022, Final residual = 0.000276924, No Iterations 4
GAMG:  Solving for p, Initial residual = 0.0107737, Final residual = 9.84472e-05, No Iterations 8
GAMG:  Solving for p, Initial residual = 0.00346881, Final residual = 2.93666e-05, No Iterations 14
time step continuity errors : sum local = 8.57876e-08, global = -2.56275e-08, cumulative = -8.30964e-08
PIMPLE: iteration 2
DILUPBiCG:  Solving for Ux, Initial residual = 0.00301892, Final residual = 2.22802e-05, No Iterations 1
DILUPBiCG:  Solving for Uy, Initial residual = 0.00069389, Final residual = 1.77302e-06, No Iterations 1
DILUPBiCG:  Solving for Uz, Initial residual = 0.00298192, Final residual = 0.000148087, No Iterations 1
GAMG:  Solving for p, Initial residual = 0.0444946, Final residual = 0.00035893, No Iterations 8
GAMG:  Solving for p, Initial residual = 0.0279856, Final residual = 0.000242597, No Iterations 5
GAMG:  Solving for p, Initial residual = 0.00480347, Final residual = 4.2506e-05, No Iterations 21
time step continuity errors : sum local = 1.08349e-07, global = -3.10186e-08, cumulative = -1.14115e-07
GAMG:  Solving for p, Initial residual = 0.0239797, Final residual = 0.000212605, No Iterations 6
GAMG:  Solving for p, Initial residual = 0.0132746, Final residual = 0.000123203, No Iterations 6
GAMG:  Solving for p, Initial residual = 0.00243414, Final residual = 2.35364e-05, No Iterations 20
time step continuity errors : sum local = 6.01034e-08, global = -1.70435e-08, cumulative = -1.31158e-07
PIMPLE: iteration 3
DILUPBiCG:  Solving for Ux, Initial residual = 0.000229142, Final residual = 2.00201e-06, No Iterations 1
DILUPBiCG:  Solving for Uy, Initial residual = 7.97869e-05, Final residual = 4.75753e-07, No Iterations 1
DILUPBiCG:  Solving for Uz, Initial residual = 0.00147491, Final residual = 6.35403e-07, No Iterations 2
GAMG:  Solving for p, Initial residual = 0.08418, Final residual = 0.000772418, No Iterations 3
GAMG:  Solving for p, Initial residual = 0.0138845, Final residual = 0.000126186, No Iterations 20
GAMG:  Solving for p, Initial residual = 0.0135625, Final residual = 0.000129389, No Iterations 4
time step continuity errors : sum local = 3.48555e-07, global = -5.82929e-08, cumulative = -1.89451e-07
GAMG:  Solving for p, Initial residual = 0.00362814, Final residual = 3.16123e-05, No Iterations 8
GAMG:  Solving for p, Initial residual = 0.00194453, Final residual = 1.87403e-05, No Iterations 4
GAMG:  Solving for p, Initial residual = 0.000668628, Final residual = 9.96572e-07, No Iterations 27
time step continuity errors : sum local = 2.63816e-09, global = 9.1568e-10, cumulative = -1.88536e-07
DILUPBiCG:  Solving for omega, Initial residual = 0.00129313, Final residual = 6.63934e-07, No Iterations 1
DILUPBiCG:  Solving for k, Initial residual = 0.00305375, Final residual = 7.69023e-07, No Iterations 2
bounding k, min: 0 max: 0.000498156 average: 0.000143603
ExecutionTime = 5.81 s  ClockTime = 6 s

End

