/*---------------------------------------------------------------------------*\
| =========                 |                                                 |
| \\      /  F ield         | OpenFOAM: The Open Source CFD Toolbox           |
|  \\    /   O peration     | Version:  2.3.1                                 |
|   \\  /    A nd           | Web:      www.OpenFOAM.org                      |
|    \\/     M anipulation  |                                                 |
\*---------------------------------------------------------------------------*/
Build  : 2.3.1-262087cdf8db
Exec   : pimpleDyMFoam
Date   : Jun 06 2023
Time   : 02:37:46
Host   : "jcosson-VirtualBox"
PID    : 4583
Case   : /home/jcosson/workspace/henersj_shootingdata/calcs/moderate_deformed/primal/100_intervals_05-06-23/sweep68/interval84
nProcs : 1
sigFpe : Enabling floating point exception trapping (FOAM_SIGFPE).
fileModificationChecking : Monitoring run-time modified files using timeStampMaster
allowSystemOperations : Allowing user-supplied system call operations

// * * * * * * * * * * * * * * * * * * * * * * * * * * * * * * * * * * * * * //
Create time

Create mesh for time = 0.483

Selecting dynamicFvMesh dynamicMotionSolverFvMesh
Selecting motion solver: displacementLaplacian
Selecting motion diffusion: quadratic
Selecting motion diffusion: quadratic
Selecting motion diffusion: inverseDistance

PIMPLE: no residual control data found. Calculations will employ 3 corrector loops

Reading field p

Reading field U

Reading/calculating face flux field phi

Selecting incompressible transport model Newtonian
Selecting turbulence model type RASModel
Selecting RAS turbulence model kOmegaSST
bounding k, min: 0 max: 0.000666339 average: 0.000154853
kOmegaSSTCoeffs
{
    alphaK1         0.85034;
    alphaK2         1;
    alphaOmega1     0.5;
    alphaOmega2     0.85616;
    gamma1          0.5532;
    gamma2          0.4403;
    beta1           0.075;
    beta2           0.0828;
    betaStar        0.09;
    a1              0.31;
    c1              10;
    Cmu             0.09;
    b1              1;
    F3              false;
}

Reading/calculating face velocity Uf

No finite volume options present

Courant Number mean: 0.145301 max: 0.317606

Starting time loop

Courant Number mean: 0.145301 max: 0.317606
Time = 0.484

GAMG:  Solving for cellDisplacementx, Initial residual = 0, Final residual = 0, No Iterations 0
GAMG:  Solving for cellDisplacementy, Initial residual = 0, Final residual = 0, No Iterations 0
GAMG:  Solving for cellDisplacementz, Initial residual = 0, Final residual = 0, No Iterations 0
PIMPLE: iteration 1
DILUPBiCG:  Solving for Ux, Initial residual = 0.0643874, Final residual = 0.000256011, No Iterations 1
DILUPBiCG:  Solving for Uy, Initial residual = 0.0118864, Final residual = 2.54755e-05, No Iterations 1
DILUPBiCG:  Solving for Uz, Initial residual = 0.0136179, Final residual = 1.65659e-05, No Iterations 1
GAMG:  Solving for p, Initial residual = 0.119602, Final residual = 0.00101768, No Iterations 4
GAMG:  Solving for p, Initial residual = 0.0152616, Final residual = 0.000142189, No Iterations 18
GAMG:  Solving for p, Initial residual = 0.00709093, Final residual = 6.15041e-05, No Iterations 10
time step continuity errors : sum local = 8.76873e-07, global = 2.28436e-07, cumulative = 2.28436e-07
GAMG:  Solving for p, Initial residual = 0.0525717, Final residual = 0.000404232, No Iterations 4
GAMG:  Solving for p, Initial residual = 0.00758531, Final residual = 6.89683e-05, No Iterations 16
GAMG:  Solving for p, Initial residual = 0.00356161, Final residual = 3.22285e-05, No Iterations 10
time step continuity errors : sum local = 4.61335e-07, global = 1.20649e-07, cumulative = 3.49086e-07
PIMPLE: iteration 2
DILUPBiCG:  Solving for Ux, Initial residual = 0.0173219, Final residual = 0.000107159, No Iterations 1
DILUPBiCG:  Solving for Uy, Initial residual = 0.00333463, Final residual = 7.06402e-06, No Iterations 1
DILUPBiCG:  Solving for Uz, Initial residual = 0.00299144, Final residual = 1.06823e-05, No Iterations 1
GAMG:  Solving for p, Initial residual = 0.0520044, Final residual = 0.000474909, No Iterations 4
GAMG:  Solving for p, Initial residual = 0.0095804, Final residual = 8.38753e-05, No Iterations 16
GAMG:  Solving for p, Initial residual = 0.00430884, Final residual = 4.11796e-05, No Iterations 6
time step continuity errors : sum local = 5.10009e-07, global = -1.34565e-07, cumulative = 2.14521e-07
GAMG:  Solving for p, Initial residual = 0.027086, Final residual = 0.000218912, No Iterations 4
GAMG:  Solving for p, Initial residual = 0.00495774, Final residual = 4.9426e-05, No Iterations 12
GAMG:  Solving for p, Initial residual = 0.00202197, Final residual = 1.92631e-05, No Iterations 10
time step continuity errors : sum local = 2.39547e-07, global = -5.99303e-08, cumulative = 1.54591e-07
PIMPLE: iteration 3
DILUPBiCG:  Solving for Ux, Initial residual = 0.00388448, Final residual = 3.16585e-06, No Iterations 2
DILUPBiCG:  Solving for Uy, Initial residual = 0.000772981, Final residual = 5.20438e-06, No Iterations 1
DILUPBiCG:  Solving for Uz, Initial residual = 0.00625484, Final residual = 2.98313e-06, No Iterations 2
GAMG:  Solving for p, Initial residual = 0.0426086, Final residual = 0.000337787, No Iterations 5
GAMG:  Solving for p, Initial residual = 0.00964099, Final residual = 8.5013e-05, No Iterations 14
GAMG:  Solving for p, Initial residual = 0.00475565, Final residual = 4.2465e-05, No Iterations 10
time step continuity errors : sum local = 5.90891e-07, global = -1.53937e-07, cumulative = 6.5321e-10
GAMG:  Solving for p, Initial residual = 0.00241575, Final residual = 1.95075e-05, No Iterations 12
GAMG:  Solving for p, Initial residual = 0.00129209, Final residual = 1.19094e-05, No Iterations 4
GAMG:  Solving for p, Initial residual = 0.000520447, Final residual = 8.92075e-07, No Iterations 30
time step continuity errors : sum local = 1.22997e-08, global = 3.6855e-09, cumulative = 4.33871e-09
DILUPBiCG:  Solving for omega, Initial residual = 0.000954898, Final residual = 7.24062e-07, No Iterations 1
DILUPBiCG:  Solving for k, Initial residual = 0.00374265, Final residual = 7.51428e-07, No Iterations 2
bounding k, min: 0 max: 0.000655674 average: 0.000153878
ExecutionTime = 15.85 s  ClockTime = 16 s

End

