/*---------------------------------------------------------------------------*\
| =========                 |                                                 |
| \\      /  F ield         | OpenFOAM: The Open Source CFD Toolbox           |
|  \\    /   O peration     | Version:  2.3.1                                 |
|   \\  /    A nd           | Web:      www.OpenFOAM.org                      |
|    \\/     M anipulation  |                                                 |
\*---------------------------------------------------------------------------*/
Build  : 2.3.1-262087cdf8db
Exec   : pimpleDyMFoam
Date   : Jun 06 2023
Time   : 01:55:50
Host   : "jcosson-VirtualBox"
PID    : 15387
Case   : /home/jcosson/workspace/henersj_shootingdata/calcs/moderate_deformed/primal/100_intervals_05-06-23/sweep47/interval100
nProcs : 1
sigFpe : Enabling floating point exception trapping (FOAM_SIGFPE).
fileModificationChecking : Monitoring run-time modified files using timeStampMaster
allowSystemOperations : Allowing user-supplied system call operations

// * * * * * * * * * * * * * * * * * * * * * * * * * * * * * * * * * * * * * //
Create time

Create mesh for time = 0.499

Selecting dynamicFvMesh dynamicMotionSolverFvMesh
Selecting motion solver: displacementLaplacian
Selecting motion diffusion: quadratic
Selecting motion diffusion: quadratic
Selecting motion diffusion: inverseDistance

PIMPLE: no residual control data found. Calculations will employ 3 corrector loops

Reading field p

Reading field U

Reading/calculating face flux field phi

Selecting incompressible transport model Newtonian
Selecting turbulence model type RASModel
Selecting RAS turbulence model kOmegaSST
bounding k, min: 0 max: 0.000507383 average: 0.000146445
kOmegaSSTCoeffs
{
    alphaK1         0.85034;
    alphaK2         1;
    alphaOmega1     0.5;
    alphaOmega2     0.85616;
    gamma1          0.5532;
    gamma2          0.4403;
    beta1           0.075;
    beta2           0.0828;
    betaStar        0.09;
    a1              0.31;
    c1              10;
    Cmu             0.09;
    b1              1;
    F3              false;
}

Reading/calculating face velocity Uf

No finite volume options present

Courant Number mean: 0.0989597 max: 0.228543

Starting time loop

Courant Number mean: 0.0989597 max: 0.228543
Time = 0.5

GAMG:  Solving for cellDisplacementx, Initial residual = 0, Final residual = 0, No Iterations 0
GAMG:  Solving for cellDisplacementy, Initial residual = 0, Final residual = 0, No Iterations 0
GAMG:  Solving for cellDisplacementz, Initial residual = 0, Final residual = 0, No Iterations 0
PIMPLE: iteration 1
DILUPBiCG:  Solving for Ux, Initial residual = 0.00910774, Final residual = 3.45525e-05, No Iterations 1
DILUPBiCG:  Solving for Uy, Initial residual = 0.0021236, Final residual = 4.22855e-06, No Iterations 1
DILUPBiCG:  Solving for Uz, Initial residual = 0.009125, Final residual = 1.94935e-05, No Iterations 1
GAMG:  Solving for p, Initial residual = 0.0895736, Final residual = 0.000743706, No Iterations 6
GAMG:  Solving for p, Initial residual = 0.0479288, Final residual = 0.000441006, No Iterations 4
GAMG:  Solving for p, Initial residual = 0.00840612, Final residual = 7.79567e-05, No Iterations 21
time step continuity errors : sum local = 1.40125e-07, global = -4.03195e-08, cumulative = -4.03195e-08
GAMG:  Solving for p, Initial residual = 0.0490934, Final residual = 0.00042139, No Iterations 5
GAMG:  Solving for p, Initial residual = 0.0231572, Final residual = 0.000210507, No Iterations 4
GAMG:  Solving for p, Initial residual = 0.00435017, Final residual = 4.21371e-05, No Iterations 12
time step continuity errors : sum local = 7.48914e-08, global = -2.09198e-08, cumulative = -6.12393e-08
PIMPLE: iteration 2
DILUPBiCG:  Solving for Ux, Initial residual = 0.00150639, Final residual = 2.32135e-05, No Iterations 1
DILUPBiCG:  Solving for Uy, Initial residual = 0.000380028, Final residual = 5.97888e-06, No Iterations 1
DILUPBiCG:  Solving for Uz, Initial residual = 0.00289161, Final residual = 0.000104533, No Iterations 1
GAMG:  Solving for p, Initial residual = 0.0471012, Final residual = 0.000463889, No Iterations 9
GAMG:  Solving for p, Initial residual = 0.0347998, Final residual = 0.000340169, No Iterations 7
GAMG:  Solving for p, Initial residual = 0.00704196, Final residual = 6.34323e-05, No Iterations 21
time step continuity errors : sum local = 1.01395e-07, global = -2.90224e-08, cumulative = -9.02618e-08
GAMG:  Solving for p, Initial residual = 0.0261225, Final residual = 0.000216097, No Iterations 9
GAMG:  Solving for p, Initial residual = 0.0167331, Final residual = 0.000163633, No Iterations 6
GAMG:  Solving for p, Initial residual = 0.00334875, Final residual = 3.15617e-05, No Iterations 20
time step continuity errors : sum local = 5.02587e-08, global = -1.42377e-08, cumulative = -1.04499e-07
PIMPLE: iteration 3
DILUPBiCG:  Solving for Ux, Initial residual = 0.000190444, Final residual = 1.83225e-06, No Iterations 1
DILUPBiCG:  Solving for Uy, Initial residual = 7.14901e-05, Final residual = 6.55153e-07, No Iterations 1
DILUPBiCG:  Solving for Uz, Initial residual = 0.00112652, Final residual = 6.60463e-06, No Iterations 1
GAMG:  Solving for p, Initial residual = 0.116516, Final residual = 0.00105134, No Iterations 3
GAMG:  Solving for p, Initial residual = 0.0169268, Final residual = 0.000158915, No Iterations 20
GAMG:  Solving for p, Initial residual = 0.0182153, Final residual = 0.000176321, No Iterations 4
time step continuity errors : sum local = 2.7942e-07, global = -4.45752e-08, cumulative = -1.49075e-07
GAMG:  Solving for p, Initial residual = 0.0048651, Final residual = 3.92292e-05, No Iterations 8
GAMG:  Solving for p, Initial residual = 0.00243243, Final residual = 1.94549e-05, No Iterations 6
GAMG:  Solving for p, Initial residual = 0.000821, Final residual = 7.65811e-07, No Iterations 24
time step continuity errors : sum local = 1.18519e-09, global = -2.81288e-10, cumulative = -1.49356e-07
DILUPBiCG:  Solving for omega, Initial residual = 0.00133825, Final residual = 6.73998e-07, No Iterations 1
DILUPBiCG:  Solving for k, Initial residual = 0.0031878, Final residual = 7.75012e-07, No Iterations 2
bounding k, min: 0 max: 0.000498462 average: 0.000145773
ExecutionTime = 11.28 s  ClockTime = 11 s

End

