/*---------------------------------------------------------------------------*\
| =========                 |                                                 |
| \\      /  F ield         | OpenFOAM: The Open Source CFD Toolbox           |
|  \\    /   O peration     | Version:  2.3.1                                 |
|   \\  /    A nd           | Web:      www.OpenFOAM.org                      |
|    \\/     M anipulation  |                                                 |
\*---------------------------------------------------------------------------*/
Build  : 2.3.1-262087cdf8db
Exec   : pimpleDyMFoam
Date   : Jun 06 2023
Time   : 01:55:33
Host   : "jcosson-VirtualBox"
PID    : 15356
Case   : /home/jcosson/workspace/henersj_shootingdata/calcs/moderate_deformed/primal/100_intervals_05-06-23/sweep47/interval85
nProcs : 1
sigFpe : Enabling floating point exception trapping (FOAM_SIGFPE).
fileModificationChecking : Monitoring run-time modified files using timeStampMaster
allowSystemOperations : Allowing user-supplied system call operations

// * * * * * * * * * * * * * * * * * * * * * * * * * * * * * * * * * * * * * //
Create time

Create mesh for time = 0.484

Selecting dynamicFvMesh dynamicMotionSolverFvMesh
Selecting motion solver: displacementLaplacian
Selecting motion diffusion: quadratic
Selecting motion diffusion: quadratic
Selecting motion diffusion: inverseDistance

PIMPLE: no residual control data found. Calculations will employ 3 corrector loops

Reading field p

Reading field U

Reading/calculating face flux field phi

Selecting incompressible transport model Newtonian
Selecting turbulence model type RASModel
Selecting RAS turbulence model kOmegaSST
bounding k, min: 0 max: 0.000692726 average: 0.000156479
kOmegaSSTCoeffs
{
    alphaK1         0.85034;
    alphaK2         1;
    alphaOmega1     0.5;
    alphaOmega2     0.85616;
    gamma1          0.5532;
    gamma2          0.4403;
    beta1           0.075;
    beta2           0.0828;
    betaStar        0.09;
    a1              0.31;
    c1              10;
    Cmu             0.09;
    b1              1;
    F3              false;
}

Reading/calculating face velocity Uf

No finite volume options present

Courant Number mean: 0.140692 max: 0.312011

Starting time loop

Courant Number mean: 0.140692 max: 0.312011
Time = 0.485

GAMG:  Solving for cellDisplacementx, Initial residual = 0, Final residual = 0, No Iterations 0
GAMG:  Solving for cellDisplacementy, Initial residual = 0, Final residual = 0, No Iterations 0
GAMG:  Solving for cellDisplacementz, Initial residual = 0, Final residual = 0, No Iterations 0
PIMPLE: iteration 1
DILUPBiCG:  Solving for Ux, Initial residual = 0.0635381, Final residual = 0.00024358, No Iterations 1
DILUPBiCG:  Solving for Uy, Initial residual = 0.0118921, Final residual = 2.45236e-05, No Iterations 1
DILUPBiCG:  Solving for Uz, Initial residual = 0.0115901, Final residual = 1.44251e-05, No Iterations 1
GAMG:  Solving for p, Initial residual = 0.118935, Final residual = 0.000961196, No Iterations 4
GAMG:  Solving for p, Initial residual = 0.015241, Final residual = 0.000137738, No Iterations 18
GAMG:  Solving for p, Initial residual = 0.00714216, Final residual = 5.78207e-05, No Iterations 10
time step continuity errors : sum local = 7.97788e-07, global = 2.09205e-07, cumulative = 2.09205e-07
GAMG:  Solving for p, Initial residual = 0.0525024, Final residual = 0.000384083, No Iterations 4
GAMG:  Solving for p, Initial residual = 0.00759486, Final residual = 6.72592e-05, No Iterations 16
GAMG:  Solving for p, Initial residual = 0.0035987, Final residual = 3.03795e-05, No Iterations 10
time step continuity errors : sum local = 4.20959e-07, global = 1.09879e-07, cumulative = 3.19083e-07
PIMPLE: iteration 2
DILUPBiCG:  Solving for Ux, Initial residual = 0.0169574, Final residual = 9.96339e-05, No Iterations 1
DILUPBiCG:  Solving for Uy, Initial residual = 0.0033125, Final residual = 6.73624e-06, No Iterations 1
DILUPBiCG:  Solving for Uz, Initial residual = 0.00265215, Final residual = 9.72366e-06, No Iterations 1
GAMG:  Solving for p, Initial residual = 0.0518913, Final residual = 0.000485586, No Iterations 4
GAMG:  Solving for p, Initial residual = 0.00967507, Final residual = 8.58209e-05, No Iterations 16
GAMG:  Solving for p, Initial residual = 0.00425531, Final residual = 4.13102e-05, No Iterations 6
time step continuity errors : sum local = 4.95819e-07, global = -1.35077e-07, cumulative = 1.84007e-07
GAMG:  Solving for p, Initial residual = 0.0270685, Final residual = 0.000225391, No Iterations 4
GAMG:  Solving for p, Initial residual = 0.00499875, Final residual = 4.26253e-05, No Iterations 14
GAMG:  Solving for p, Initial residual = 0.00202122, Final residual = 2.00416e-05, No Iterations 8
time step continuity errors : sum local = 2.41427e-07, global = -5.1893e-08, cumulative = 1.32114e-07
PIMPLE: iteration 3
DILUPBiCG:  Solving for Ux, Initial residual = 0.00376211, Final residual = 2.96193e-06, No Iterations 2
DILUPBiCG:  Solving for Uy, Initial residual = 0.000760577, Final residual = 4.9911e-06, No Iterations 1
DILUPBiCG:  Solving for Uz, Initial residual = 0.00540834, Final residual = 2.76511e-06, No Iterations 2
GAMG:  Solving for p, Initial residual = 0.0430039, Final residual = 0.000334429, No Iterations 5
GAMG:  Solving for p, Initial residual = 0.00974358, Final residual = 8.798e-05, No Iterations 14
GAMG:  Solving for p, Initial residual = 0.0048507, Final residual = 4.5577e-05, No Iterations 10
time step continuity errors : sum local = 6.14312e-07, global = -1.61215e-07, cumulative = -2.91018e-08
GAMG:  Solving for p, Initial residual = 0.00243291, Final residual = 1.95759e-05, No Iterations 6
GAMG:  Solving for p, Initial residual = 0.00127614, Final residual = 1.02671e-05, No Iterations 4
GAMG:  Solving for p, Initial residual = 0.000530584, Final residual = 9.20488e-07, No Iterations 20
time step continuity errors : sum local = 1.22835e-08, global = 3.40716e-09, cumulative = -2.56946e-08
DILUPBiCG:  Solving for omega, Initial residual = 0.00102352, Final residual = 7.47875e-07, No Iterations 1
DILUPBiCG:  Solving for k, Initial residual = 0.00375469, Final residual = 6.92098e-07, No Iterations 2
bounding k, min: 0 max: 0.000679348 average: 0.000155484
ExecutionTime = 16.94 s  ClockTime = 17 s

End

