/*---------------------------------------------------------------------------*\
| =========                 |                                                 |
| \\      /  F ield         | OpenFOAM: The Open Source CFD Toolbox           |
|  \\    /   O peration     | Version:  2.3.1                                 |
|   \\  /    A nd           | Web:      www.OpenFOAM.org                      |
|    \\/     M anipulation  |                                                 |
\*---------------------------------------------------------------------------*/
Build  : 2.3.1-262087cdf8db
Exec   : pimpleDyMFoam
Date   : Jun 06 2023
Time   : 01:55:49
Host   : "jcosson-VirtualBox"
PID    : 15373
Case   : /home/jcosson/workspace/henersj_shootingdata/calcs/moderate_deformed/primal/100_intervals_05-06-23/sweep47/interval93
nProcs : 1
sigFpe : Enabling floating point exception trapping (FOAM_SIGFPE).
fileModificationChecking : Monitoring run-time modified files using timeStampMaster
allowSystemOperations : Allowing user-supplied system call operations

// * * * * * * * * * * * * * * * * * * * * * * * * * * * * * * * * * * * * * //
Create time

Create mesh for time = 0.492

Selecting dynamicFvMesh dynamicMotionSolverFvMesh
Selecting motion solver: displacementLaplacian
Selecting motion diffusion: quadratic
Selecting motion diffusion: quadratic
Selecting motion diffusion: inverseDistance

PIMPLE: no residual control data found. Calculations will employ 3 corrector loops

Reading field p

Reading field U

Reading/calculating face flux field phi

Selecting incompressible transport model Newtonian
Selecting turbulence model type RASModel
Selecting RAS turbulence model kOmegaSST
bounding k, min: 0 max: 0.000585856 average: 0.000150507
kOmegaSSTCoeffs
{
    alphaK1         0.85034;
    alphaK2         1;
    alphaOmega1     0.5;
    alphaOmega2     0.85616;
    gamma1          0.5532;
    gamma2          0.4403;
    beta1           0.075;
    beta2           0.0828;
    betaStar        0.09;
    a1              0.31;
    c1              10;
    Cmu             0.09;
    b1              1;
    F3              false;
}

Reading/calculating face velocity Uf

No finite volume options present

Courant Number mean: 0.109993 max: 0.250855

Starting time loop

Courant Number mean: 0.109993 max: 0.250855
Time = 0.493

GAMG:  Solving for cellDisplacementx, Initial residual = 0, Final residual = 0, No Iterations 0
GAMG:  Solving for cellDisplacementy, Initial residual = 0, Final residual = 0, No Iterations 0
GAMG:  Solving for cellDisplacementz, Initial residual = 0, Final residual = 0, No Iterations 0
PIMPLE: iteration 1
DILUPBiCG:  Solving for Ux, Initial residual = 0.0442219, Final residual = 0.000164385, No Iterations 1
DILUPBiCG:  Solving for Uy, Initial residual = 0.00925506, Final residual = 1.81705e-05, No Iterations 1
DILUPBiCG:  Solving for Uz, Initial residual = 0.0112602, Final residual = 1.10629e-05, No Iterations 1
GAMG:  Solving for p, Initial residual = 0.110285, Final residual = 0.000517335, No Iterations 4
GAMG:  Solving for p, Initial residual = 0.0151584, Final residual = 0.000135821, No Iterations 16
GAMG:  Solving for p, Initial residual = 0.00753617, Final residual = 6.29776e-05, No Iterations 4
time step continuity errors : sum local = 5.41586e-07, global = 1.95255e-07, cumulative = 1.95255e-07
GAMG:  Solving for p, Initial residual = 0.0508822, Final residual = 0.000224344, No Iterations 4
GAMG:  Solving for p, Initial residual = 0.00736505, Final residual = 7.27694e-05, No Iterations 14
GAMG:  Solving for p, Initial residual = 0.00378041, Final residual = 3.13137e-05, No Iterations 4
time step continuity errors : sum local = 2.71183e-07, global = 8.47352e-08, cumulative = 2.7999e-07
PIMPLE: iteration 2
DILUPBiCG:  Solving for Ux, Initial residual = 0.0110764, Final residual = 6.33087e-05, No Iterations 1
DILUPBiCG:  Solving for Uy, Initial residual = 0.00237425, Final residual = 4.63822e-06, No Iterations 1
DILUPBiCG:  Solving for Uz, Initial residual = 0.00255799, Final residual = 4.54975e-05, No Iterations 1
GAMG:  Solving for p, Initial residual = 0.0493239, Final residual = 0.000486986, No Iterations 5
GAMG:  Solving for p, Initial residual = 0.0120696, Final residual = 0.000114713, No Iterations 8
GAMG:  Solving for p, Initial residual = 0.00467913, Final residual = 3.29191e-05, No Iterations 5
time step continuity errors : sum local = 2.48501e-07, global = -6.45648e-08, cumulative = 2.15426e-07
GAMG:  Solving for p, Initial residual = 0.0263837, Final residual = 0.00025024, No Iterations 4
GAMG:  Solving for p, Initial residual = 0.00650584, Final residual = 5.9921e-05, No Iterations 12
GAMG:  Solving for p, Initial residual = 0.00233846, Final residual = 1.99684e-05, No Iterations 12
time step continuity errors : sum local = 1.50984e-07, global = -4.45677e-08, cumulative = 1.70858e-07
PIMPLE: iteration 3
DILUPBiCG:  Solving for Ux, Initial residual = 0.00218473, Final residual = 2.96569e-06, No Iterations 2
DILUPBiCG:  Solving for Uy, Initial residual = 0.000500267, Final residual = 5.77681e-06, No Iterations 1
DILUPBiCG:  Solving for Uz, Initial residual = 0.0033384, Final residual = 2.00773e-06, No Iterations 2
GAMG:  Solving for p, Initial residual = 0.0489862, Final residual = 0.000364926, No Iterations 5
GAMG:  Solving for p, Initial residual = 0.0112196, Final residual = 0.000107046, No Iterations 14
GAMG:  Solving for p, Initial residual = 0.00592831, Final residual = 5.6142e-05, No Iterations 10
time step continuity errors : sum local = 4.72484e-07, global = -1.27046e-07, cumulative = 4.38116e-08
GAMG:  Solving for p, Initial residual = 0.00269631, Final residual = 2.53988e-05, No Iterations 7
GAMG:  Solving for p, Initial residual = 0.00136927, Final residual = 1.3662e-05, No Iterations 5
GAMG:  Solving for p, Initial residual = 0.000540221, Final residual = 8.93002e-07, No Iterations 29
time step continuity errors : sum local = 7.41394e-09, global = 2.19359e-09, cumulative = 4.60052e-08
DILUPBiCG:  Solving for omega, Initial residual = 0.00128112, Final residual = 7.0485e-07, No Iterations 1
DILUPBiCG:  Solving for k, Initial residual = 0.00337572, Final residual = 6.2928e-07, No Iterations 2
bounding k, min: 0 max: 0.000569172 average: 0.000149696
ExecutionTime = 11.56 s  ClockTime = 12 s

End

