/*---------------------------------------------------------------------------*\
| =========                 |                                                 |
| \\      /  F ield         | OpenFOAM: The Open Source CFD Toolbox           |
|  \\    /   O peration     | Version:  2.3.1                                 |
|   \\  /    A nd           | Web:      www.OpenFOAM.org                      |
|    \\/     M anipulation  |                                                 |
\*---------------------------------------------------------------------------*/
Build  : 2.3.1-262087cdf8db
Exec   : pimpleDyMFoam
Date   : Jun 06 2023
Time   : 03:02:56
Host   : "jcosson-VirtualBox"
PID    : 17133
Case   : /home/jcosson/workspace/henersj_shootingdata/calcs/moderate_deformed/primal/100_intervals_05-06-23/sweep88/interval93
nProcs : 1
sigFpe : Enabling floating point exception trapping (FOAM_SIGFPE).
fileModificationChecking : Monitoring run-time modified files using timeStampMaster
allowSystemOperations : Allowing user-supplied system call operations

// * * * * * * * * * * * * * * * * * * * * * * * * * * * * * * * * * * * * * //
Create time

Create mesh for time = 0.492

Selecting dynamicFvMesh dynamicMotionSolverFvMesh
Selecting motion solver: displacementLaplacian
Selecting motion diffusion: quadratic
Selecting motion diffusion: quadratic
Selecting motion diffusion: inverseDistance

PIMPLE: no residual control data found. Calculations will employ 3 corrector loops

Reading field p

Reading field U

Reading/calculating face flux field phi

Selecting incompressible transport model Newtonian
Selecting turbulence model type RASModel
Selecting RAS turbulence model kOmegaSST
bounding k, min: 0 max: 0.00054523 average: 0.000146542
kOmegaSSTCoeffs
{
    alphaK1         0.85034;
    alphaK2         1;
    alphaOmega1     0.5;
    alphaOmega2     0.85616;
    gamma1          0.5532;
    gamma2          0.4403;
    beta1           0.075;
    beta2           0.0828;
    betaStar        0.09;
    a1              0.31;
    c1              10;
    Cmu             0.09;
    b1              1;
    F3              false;
}

Reading/calculating face velocity Uf

No finite volume options present

Courant Number mean: 0.109468 max: 0.236841

Starting time loop

Courant Number mean: 0.109468 max: 0.236841
Time = 0.493

GAMG:  Solving for cellDisplacementx, Initial residual = 0, Final residual = 0, No Iterations 0
GAMG:  Solving for cellDisplacementy, Initial residual = 0, Final residual = 0, No Iterations 0
GAMG:  Solving for cellDisplacementz, Initial residual = 0, Final residual = 0, No Iterations 0
PIMPLE: iteration 1
DILUPBiCG:  Solving for Ux, Initial residual = 0.0447391, Final residual = 0.000176085, No Iterations 1
DILUPBiCG:  Solving for Uy, Initial residual = 0.00921202, Final residual = 1.8985e-05, No Iterations 1
DILUPBiCG:  Solving for Uz, Initial residual = 0.0106811, Final residual = 1.08874e-05, No Iterations 1
GAMG:  Solving for p, Initial residual = 0.107694, Final residual = 0.000556163, No Iterations 4
GAMG:  Solving for p, Initial residual = 0.0146052, Final residual = 0.000143406, No Iterations 14
GAMG:  Solving for p, Initial residual = 0.007087, Final residual = 6.78478e-05, No Iterations 4
time step continuity errors : sum local = 5.8849e-07, global = 2.27886e-07, cumulative = 2.27886e-07
GAMG:  Solving for p, Initial residual = 0.0496969, Final residual = 0.000258509, No Iterations 4
GAMG:  Solving for p, Initial residual = 0.00723977, Final residual = 6.35244e-05, No Iterations 14
GAMG:  Solving for p, Initial residual = 0.00354443, Final residual = 2.91216e-05, No Iterations 4
time step continuity errors : sum local = 2.54533e-07, global = 9.33072e-08, cumulative = 3.21193e-07
PIMPLE: iteration 2
DILUPBiCG:  Solving for Ux, Initial residual = 0.0111968, Final residual = 7.04953e-05, No Iterations 1
DILUPBiCG:  Solving for Uy, Initial residual = 0.00238454, Final residual = 4.90255e-06, No Iterations 1
DILUPBiCG:  Solving for Uz, Initial residual = 0.00279445, Final residual = 1.87344e-05, No Iterations 1
GAMG:  Solving for p, Initial residual = 0.048034, Final residual = 0.000314176, No Iterations 6
GAMG:  Solving for p, Initial residual = 0.0115654, Final residual = 0.000106294, No Iterations 12
GAMG:  Solving for p, Initial residual = 0.00399469, Final residual = 3.90446e-05, No Iterations 12
time step continuity errors : sum local = 2.98217e-07, global = -8.64574e-08, cumulative = 2.34736e-07
GAMG:  Solving for p, Initial residual = 0.0253519, Final residual = 0.000243802, No Iterations 4
GAMG:  Solving for p, Initial residual = 0.00588135, Final residual = 5.32403e-05, No Iterations 12
GAMG:  Solving for p, Initial residual = 0.00211804, Final residual = 1.97177e-05, No Iterations 12
time step continuity errors : sum local = 1.50892e-07, global = -4.3557e-08, cumulative = 1.91179e-07
PIMPLE: iteration 3
DILUPBiCG:  Solving for Ux, Initial residual = 0.00219556, Final residual = 3.47599e-06, No Iterations 2
DILUPBiCG:  Solving for Uy, Initial residual = 0.000504185, Final residual = 5.93745e-06, No Iterations 1
DILUPBiCG:  Solving for Uz, Initial residual = 0.0036492, Final residual = 8.28749e-06, No Iterations 2
GAMG:  Solving for p, Initial residual = 0.0496107, Final residual = 0.000352826, No Iterations 5
GAMG:  Solving for p, Initial residual = 0.0109561, Final residual = 0.000105337, No Iterations 14
GAMG:  Solving for p, Initial residual = 0.00586896, Final residual = 5.61612e-05, No Iterations 10
time step continuity errors : sum local = 4.77429e-07, global = -1.28658e-07, cumulative = 6.25206e-08
GAMG:  Solving for p, Initial residual = 0.00267093, Final residual = 2.23486e-05, No Iterations 8
GAMG:  Solving for p, Initial residual = 0.00140743, Final residual = 1.36774e-05, No Iterations 4
GAMG:  Solving for p, Initial residual = 0.00057477, Final residual = 9.3808e-07, No Iterations 23
time step continuity errors : sum local = 7.8665e-09, global = 2.50279e-09, cumulative = 6.50234e-08
DILUPBiCG:  Solving for omega, Initial residual = 0.00122986, Final residual = 6.83528e-07, No Iterations 1
DILUPBiCG:  Solving for k, Initial residual = 0.00320048, Final residual = 6.62207e-07, No Iterations 2
bounding k, min: 0 max: 0.000538594 average: 0.000145817
ExecutionTime = 15.7 s  ClockTime = 16 s

End

