/*---------------------------------------------------------------------------*\
| =========                 |                                                 |
| \\      /  F ield         | OpenFOAM: The Open Source CFD Toolbox           |
|  \\    /   O peration     | Version:  2.3.1                                 |
|   \\  /    A nd           | Web:      www.OpenFOAM.org                      |
|    \\/     M anipulation  |                                                 |
\*---------------------------------------------------------------------------*/
Build  : 2.3.1-262087cdf8db
Exec   : pimpleDyMFoam
Date   : Jun 06 2023
Time   : 10:41:56
Host   : "jcosson-VirtualBox"
PID    : 6070
Case   : /home/jcosson/workspace/henersj_shootingdata/calcs/moderate_deformed/primal/28_intervals_05-06-23/sweep5/interval22
nProcs : 1
sigFpe : Enabling floating point exception trapping (FOAM_SIGFPE).
fileModificationChecking : Monitoring run-time modified files using timeStampMaster
allowSystemOperations : Allowing user-supplied system call operations

// * * * * * * * * * * * * * * * * * * * * * * * * * * * * * * * * * * * * * //
Create time

Create mesh for time = 0.475

Selecting dynamicFvMesh dynamicMotionSolverFvMesh
Selecting motion solver: displacementLaplacian
Selecting motion diffusion: quadratic
Selecting motion diffusion: quadratic
Selecting motion diffusion: inverseDistance

PIMPLE: no residual control data found. Calculations will employ 3 corrector loops

Reading field p

Reading field U

Reading/calculating face flux field phi

Selecting incompressible transport model Newtonian
Selecting turbulence model type RASModel
Selecting RAS turbulence model kOmegaSST
kOmegaSSTCoeffs
{
    alphaK1         0.85034;
    alphaK2         1;
    alphaOmega1     0.5;
    alphaOmega2     0.85616;
    gamma1          0.5532;
    gamma2          0.4403;
    beta1           0.075;
    beta2           0.0828;
    betaStar        0.09;
    a1              0.31;
    c1              10;
    Cmu             0.09;
    b1              1;
    F3              false;
}

Reading/calculating face velocity Uf

No finite volume options present

Courant Number mean: 0.188959 max: 0.422828

Starting time loop

Courant Number mean: 0.188959 max: 0.422828
Time = 0.476

GAMG:  Solving for cellDisplacementx, Initial residual = 0, Final residual = 0, No Iterations 0
GAMG:  Solving for cellDisplacementy, Initial residual = 0, Final residual = 0, No Iterations 0
GAMG:  Solving for cellDisplacementz, Initial residual = 0, Final residual = 0, No Iterations 0
PIMPLE: iteration 1
DILUPBiCG:  Solving for Ux, Initial residual = 0.0587187, Final residual = 0.000235724, No Iterations 1
DILUPBiCG:  Solving for Uy, Initial residual = 0.00995765, Final residual = 2.25882e-05, No Iterations 1
DILUPBiCG:  Solving for Uz, Initial residual = 0.015508, Final residual = 2.74432e-05, No Iterations 1
GAMG:  Solving for p, Initial residual = 0.12545, Final residual = 0.000904463, No Iterations 6
GAMG:  Solving for p, Initial residual = 0.0151088, Final residual = 0.000135352, No Iterations 18
GAMG:  Solving for p, Initial residual = 0.00661504, Final residual = 6.28072e-05, No Iterations 10
time step continuity errors : sum local = 9.58306e-07, global = 2.52704e-07, cumulative = 2.52704e-07
GAMG:  Solving for p, Initial residual = 0.0538038, Final residual = 0.000493008, No Iterations 4
GAMG:  Solving for p, Initial residual = 0.0075864, Final residual = 6.63147e-05, No Iterations 18
GAMG:  Solving for p, Initial residual = 0.00351133, Final residual = 3.10558e-05, No Iterations 10
time step continuity errors : sum local = 4.74028e-07, global = 1.2514e-07, cumulative = 3.77845e-07
PIMPLE: iteration 2
DILUPBiCG:  Solving for Ux, Initial residual = 0.0166021, Final residual = 9.92861e-05, No Iterations 1
DILUPBiCG:  Solving for Uy, Initial residual = 0.00297418, Final residual = 6.72007e-06, No Iterations 1
DILUPBiCG:  Solving for Uz, Initial residual = 0.0035221, Final residual = 1.30996e-05, No Iterations 1
GAMG:  Solving for p, Initial residual = 0.0538169, Final residual = 0.000478275, No Iterations 4
GAMG:  Solving for p, Initial residual = 0.00905283, Final residual = 8.48867e-05, No Iterations 16
GAMG:  Solving for p, Initial residual = 0.00403194, Final residual = 3.50554e-05, No Iterations 10
time step continuity errors : sum local = 4.57701e-07, global = -1.17881e-07, cumulative = 2.59964e-07
GAMG:  Solving for p, Initial residual = 0.0277854, Final residual = 0.000211698, No Iterations 4
GAMG:  Solving for p, Initial residual = 0.00452213, Final residual = 3.99044e-05, No Iterations 14
GAMG:  Solving for p, Initial residual = 0.00189949, Final residual = 1.70251e-05, No Iterations 10
time step continuity errors : sum local = 2.2335e-07, global = -5.66623e-08, cumulative = 2.03302e-07
PIMPLE: iteration 3
DILUPBiCG:  Solving for Ux, Initial residual = 0.00395642, Final residual = 2.39406e-06, No Iterations 2
DILUPBiCG:  Solving for Uy, Initial residual = 0.000725581, Final residual = 6.1701e-06, No Iterations 1
DILUPBiCG:  Solving for Uz, Initial residual = 0.00661373, Final residual = 3.41463e-06, No Iterations 2
GAMG:  Solving for p, Initial residual = 0.0405116, Final residual = 0.000348391, No Iterations 5
GAMG:  Solving for p, Initial residual = 0.00955242, Final residual = 8.5235e-05, No Iterations 7
GAMG:  Solving for p, Initial residual = 0.00436031, Final residual = 3.73519e-05, No Iterations 10
time step continuity errors : sum local = 5.4763e-07, global = -1.40402e-07, cumulative = 6.28997e-08
GAMG:  Solving for p, Initial residual = 0.00244606, Final residual = 2.15151e-05, No Iterations 18
GAMG:  Solving for p, Initial residual = 0.00134001, Final residual = 1.16367e-05, No Iterations 4
GAMG:  Solving for p, Initial residual = 0.000535572, Final residual = 9.97815e-07, No Iterations 32
time step continuity errors : sum local = 1.45498e-08, global = 4.29074e-09, cumulative = 6.71904e-08
DILUPBiCG:  Solving for omega, Initial residual = 0.00085394, Final residual = 8.97814e-07, No Iterations 1
DILUPBiCG:  Solving for k, Initial residual = 0.00436592, Final residual = 1.27576e-06, No Iterations 2
ExecutionTime = 17.2 s  ClockTime = 17 s

Courant Number mean: 0.183272 max: 0.410663
Time = 0.477

GAMG:  Solving for cellDisplacementx, Initial residual = 0, Final residual = 0, No Iterations 0
GAMG:  Solving for cellDisplacementy, Initial residual = 0, Final residual = 0, No Iterations 0
GAMG:  Solving for cellDisplacementz, Initial residual = 0, Final residual = 0, No Iterations 0
PIMPLE: iteration 1
DILUPBiCG:  Solving for Ux, Initial residual = 0.0599614, Final residual = 0.000239834, No Iterations 1
DILUPBiCG:  Solving for Uy, Initial residual = 0.0103105, Final residual = 2.31795e-05, No Iterations 1
DILUPBiCG:  Solving for Uz, Initial residual = 0.0158225, Final residual = 2.97927e-05, No Iterations 1
GAMG:  Solving for p, Initial residual = 0.117099, Final residual = 0.000896334, No Iterations 6
GAMG:  Solving for p, Initial residual = 0.0134744, Final residual = 0.000120217, No Iterations 20
GAMG:  Solving for p, Initial residual = 0.00618687, Final residual = 5.50431e-05, No Iterations 10
time step continuity errors : sum local = 8.44828e-07, global = 2.19987e-07, cumulative = 2.87177e-07
GAMG:  Solving for p, Initial residual = 0.0502212, Final residual = 0.000313425, No Iterations 6
GAMG:  Solving for p, Initial residual = 0.00677629, Final residual = 5.93149e-05, No Iterations 18
GAMG:  Solving for p, Initial residual = 0.00318357, Final residual = 2.79509e-05, No Iterations 10
time step continuity errors : sum local = 4.29628e-07, global = 1.11883e-07, cumulative = 3.9906e-07
PIMPLE: iteration 2
DILUPBiCG:  Solving for Ux, Initial residual = 0.0169144, Final residual = 0.000101356, No Iterations 1
DILUPBiCG:  Solving for Uy, Initial residual = 0.00305339, Final residual = 6.84039e-06, No Iterations 1
DILUPBiCG:  Solving for Uz, Initial residual = 0.00340132, Final residual = 1.25565e-05, No Iterations 1
GAMG:  Solving for p, Initial residual = 0.0496695, Final residual = 0.000481506, No Iterations 4
GAMG:  Solving for p, Initial residual = 0.00812127, Final residual = 7.57122e-05, No Iterations 18
GAMG:  Solving for p, Initial residual = 0.00379665, Final residual = 3.53299e-05, No Iterations 8
time step continuity errors : sum local = 4.65201e-07, global = -1.5845e-07, cumulative = 2.4061e-07
GAMG:  Solving for p, Initial residual = 0.0255891, Final residual = 0.000212523, No Iterations 4
GAMG:  Solving for p, Initial residual = 0.00403626, Final residual = 3.53088e-05, No Iterations 16
GAMG:  Solving for p, Initial residual = 0.00177623, Final residual = 1.68938e-05, No Iterations 8
time step continuity errors : sum local = 2.2372e-07, global = -6.74787e-08, cumulative = 1.73131e-07
PIMPLE: iteration 3
DILUPBiCG:  Solving for Ux, Initial residual = 0.00403958, Final residual = 2.52393e-06, No Iterations 2
DILUPBiCG:  Solving for Uy, Initial residual = 0.000741872, Final residual = 6.0618e-06, No Iterations 1
DILUPBiCG:  Solving for Uz, Initial residual = 0.00814235, Final residual = 3.24823e-06, No Iterations 2
GAMG:  Solving for p, Initial residual = 0.0399469, Final residual = 0.000352683, No Iterations 5
GAMG:  Solving for p, Initial residual = 0.0092442, Final residual = 7.35692e-05, No Iterations 9
GAMG:  Solving for p, Initial residual = 0.00431719, Final residual = 4.28008e-05, No Iterations 4
time step continuity errors : sum local = 6.33272e-07, global = -2.0255e-07, cumulative = -2.94187e-08
GAMG:  Solving for p, Initial residual = 0.00234727, Final residual = 2.15348e-05, No Iterations 16
GAMG:  Solving for p, Initial residual = 0.00127316, Final residual = 1.09247e-05, No Iterations 4
GAMG:  Solving for p, Initial residual = 0.000526815, Final residual = 9.47297e-07, No Iterations 26
time step continuity errors : sum local = 1.39442e-08, global = 4.10851e-09, cumulative = -2.53102e-08
DILUPBiCG:  Solving for omega, Initial residual = 0.000881283, Final residual = 8.77743e-07, No Iterations 1
DILUPBiCG:  Solving for k, Initial residual = 0.0043293, Final residual = 1.18752e-06, No Iterations 2
bounding k, min: 0 max: 0.000802506 average: 0.000170191
ExecutionTime = 27.77 s  ClockTime = 28 s

Courant Number mean: 0.177618 max: 0.39851
Time = 0.478

GAMG:  Solving for cellDisplacementx, Initial residual = 0, Final residual = 0, No Iterations 0
GAMG:  Solving for cellDisplacementy, Initial residual = 0, Final residual = 0, No Iterations 0
GAMG:  Solving for cellDisplacementz, Initial residual = 0, Final residual = 0, No Iterations 0
PIMPLE: iteration 1
DILUPBiCG:  Solving for Ux, Initial residual = 0.0614678, Final residual = 0.000244177, No Iterations 1
DILUPBiCG:  Solving for Uy, Initial residual = 0.0106064, Final residual = 2.35665e-05, No Iterations 1
DILUPBiCG:  Solving for Uz, Initial residual = 0.0145695, Final residual = 2.3372e-05, No Iterations 1
GAMG:  Solving for p, Initial residual = 0.116368, Final residual = 0.000867135, No Iterations 6
GAMG:  Solving for p, Initial residual = 0.0134285, Final residual = 0.000130367, No Iterations 18
GAMG:  Solving for p, Initial residual = 0.00603026, Final residual = 5.5637e-05, No Iterations 10
time step continuity errors : sum local = 8.53189e-07, global = 2.23133e-07, cumulative = 1.97823e-07
GAMG:  Solving for p, Initial residual = 0.050154, Final residual = 0.000467622, No Iterations 4
GAMG:  Solving for p, Initial residual = 0.00673562, Final residual = 6.40568e-05, No Iterations 18
GAMG:  Solving for p, Initial residual = 0.00320711, Final residual = 2.78514e-05, No Iterations 10
time step continuity errors : sum local = 4.27527e-07, global = 1.11908e-07, cumulative = 3.0973e-07
PIMPLE: iteration 2
DILUPBiCG:  Solving for Ux, Initial residual = 0.0171618, Final residual = 0.000103343, No Iterations 1
DILUPBiCG:  Solving for Uy, Initial residual = 0.00312575, Final residual = 6.94477e-06, No Iterations 1
DILUPBiCG:  Solving for Uz, Initial residual = 0.00329528, Final residual = 1.2389e-05, No Iterations 1
GAMG:  Solving for p, Initial residual = 0.0495376, Final residual = 0.000479867, No Iterations 4
GAMG:  Solving for p, Initial residual = 0.00809491, Final residual = 7.34568e-05, No Iterations 18
GAMG:  Solving for p, Initial residual = 0.00364779, Final residual = 3.38867e-05, No Iterations 8
time step continuity errors : sum local = 4.45799e-07, global = -1.17492e-07, cumulative = 1.92239e-07
GAMG:  Solving for p, Initial residual = 0.0256075, Final residual = 0.00021433, No Iterations 4
GAMG:  Solving for p, Initial residual = 0.00405818, Final residual = 3.45887e-05, No Iterations 16
GAMG:  Solving for p, Initial residual = 0.00168819, Final residual = 1.67709e-05, No Iterations 8
time step continuity errors : sum local = 2.21724e-07, global = -5.13951e-08, cumulative = 1.40844e-07
PIMPLE: iteration 3
DILUPBiCG:  Solving for Ux, Initial residual = 0.00402942, Final residual = 2.66073e-06, No Iterations 2
DILUPBiCG:  Solving for Uy, Initial residual = 0.000754909, Final residual = 5.86089e-06, No Iterations 1
DILUPBiCG:  Solving for Uz, Initial residual = 0.00639361, Final residual = 3.31729e-06, No Iterations 2
GAMG:  Solving for p, Initial residual = 0.0401615, Final residual = 0.000370794, No Iterations 5
GAMG:  Solving for p, Initial residual = 0.00938205, Final residual = 9.33571e-05, No Iterations 4
GAMG:  Solving for p, Initial residual = 0.00433162, Final residual = 4.00749e-05, No Iterations 14
time step continuity errors : sum local = 5.96052e-07, global = -1.77559e-07, cumulative = -3.67153e-08
GAMG:  Solving for p, Initial residual = 0.00244953, Final residual = 2.17335e-05, No Iterations 14
GAMG:  Solving for p, Initial residual = 0.00130068, Final residual = 1.13676e-05, No Iterations 4
GAMG:  Solving for p, Initial residual = 0.000524263, Final residual = 9.41806e-07, No Iterations 30
time step continuity errors : sum local = 1.38375e-08, global = 4.11357e-09, cumulative = -3.26017e-08
DILUPBiCG:  Solving for omega, Initial residual = 0.000910256, Final residual = 8.67039e-07, No Iterations 1
DILUPBiCG:  Solving for k, Initial residual = 0.00429251, Final residual = 1.09709e-06, No Iterations 2
bounding k, min: 0 max: 0.000791251 average: 0.000169014
ExecutionTime = 37.96 s  ClockTime = 38 s

Courant Number mean: 0.171998 max: 0.386421
Time = 0.479

GAMG:  Solving for cellDisplacementx, Initial residual = 0, Final residual = 0, No Iterations 0
GAMG:  Solving for cellDisplacementy, Initial residual = 0, Final residual = 0, No Iterations 0
GAMG:  Solving for cellDisplacementz, Initial residual = 0, Final residual = 0, No Iterations 0
PIMPLE: iteration 1
DILUPBiCG:  Solving for Ux, Initial residual = 0.0623592, Final residual = 0.000246588, No Iterations 1
DILUPBiCG:  Solving for Uy, Initial residual = 0.0109253, Final residual = 2.40996e-05, No Iterations 1
DILUPBiCG:  Solving for Uz, Initial residual = 0.0158643, Final residual = 2.67022e-05, No Iterations 1
GAMG:  Solving for p, Initial residual = 0.115704, Final residual = 0.000848473, No Iterations 6
GAMG:  Solving for p, Initial residual = 0.0135022, Final residual = 0.000117233, No Iterations 20
GAMG:  Solving for p, Initial residual = 0.00625645, Final residual = 5.08284e-05, No Iterations 10
time step continuity errors : sum local = 7.77882e-07, global = 2.01202e-07, cumulative = 1.68601e-07
GAMG:  Solving for p, Initial residual = 0.0499453, Final residual = 0.000483316, No Iterations 4
GAMG:  Solving for p, Initial residual = 0.00679536, Final residual = 5.95726e-05, No Iterations 20
GAMG:  Solving for p, Initial residual = 0.00331002, Final residual = 2.66222e-05, No Iterations 10
time step continuity errors : sum local = 4.08379e-07, global = 1.05856e-07, cumulative = 2.74457e-07
PIMPLE: iteration 2
DILUPBiCG:  Solving for Ux, Initial residual = 0.0173604, Final residual = 0.00010459, No Iterations 1
DILUPBiCG:  Solving for Uy, Initial residual = 0.00318982, Final residual = 7.02027e-06, No Iterations 1
DILUPBiCG:  Solving for Uz, Initial residual = 0.00330784, Final residual = 1.20218e-05, No Iterations 1
GAMG:  Solving for p, Initial residual = 0.049187, Final residual = 0.000481378, No Iterations 4
GAMG:  Solving for p, Initial residual = 0.0081632, Final residual = 7.53019e-05, No Iterations 18
GAMG:  Solving for p, Initial residual = 0.00381293, Final residual = 3.50998e-05, No Iterations 8
time step continuity errors : sum local = 4.62464e-07, global = -1.49886e-07, cumulative = 1.24571e-07
GAMG:  Solving for p, Initial residual = 0.0253772, Final residual = 0.000214244, No Iterations 4
GAMG:  Solving for p, Initial residual = 0.00407895, Final residual = 3.54721e-05, No Iterations 16
GAMG:  Solving for p, Initial residual = 0.00178763, Final residual = 1.70575e-05, No Iterations 8
time step continuity errors : sum local = 2.25973e-07, global = -6.41168e-08, cumulative = 6.0454e-08
PIMPLE: iteration 3
DILUPBiCG:  Solving for Ux, Initial residual = 0.00407884, Final residual = 2.77867e-06, No Iterations 2
DILUPBiCG:  Solving for Uy, Initial residual = 0.000769564, Final residual = 5.75539e-06, No Iterations 1
DILUPBiCG:  Solving for Uz, Initial residual = 0.00786641, Final residual = 3.27372e-06, No Iterations 2
GAMG:  Solving for p, Initial residual = 0.0403864, Final residual = 0.000331529, No Iterations 5
GAMG:  Solving for p, Initial residual = 0.00942022, Final residual = 8.95429e-05, No Iterations 7
GAMG:  Solving for p, Initial residual = 0.00434672, Final residual = 3.81921e-05, No Iterations 10
time step continuity errors : sum local = 5.6566e-07, global = -1.45783e-07, cumulative = -8.53287e-08
GAMG:  Solving for p, Initial residual = 0.00235208, Final residual = 2.11446e-05, No Iterations 16
GAMG:  Solving for p, Initial residual = 0.00129804, Final residual = 1.10905e-05, No Iterations 4
GAMG:  Solving for p, Initial residual = 0.000530584, Final residual = 9.52932e-07, No Iterations 28
time step continuity errors : sum local = 1.40271e-08, global = 4.1792e-09, cumulative = -8.11495e-08
DILUPBiCG:  Solving for omega, Initial residual = 0.000942567, Final residual = 8.59111e-07, No Iterations 1
DILUPBiCG:  Solving for k, Initial residual = 0.00425966, Final residual = 1.00014e-06, No Iterations 2
bounding k, min: 0 max: 0.000778888 average: 0.00016783
ExecutionTime = 44.7 s  ClockTime = 45 s

End

