/*---------------------------------------------------------------------------*\
| =========                 |                                                 |
| \\      /  F ield         | OpenFOAM: The Open Source CFD Toolbox           |
|  \\    /   O peration     | Version:  2.3.1                                 |
|   \\  /    A nd           | Web:      www.OpenFOAM.org                      |
|    \\/     M anipulation  |                                                 |
\*---------------------------------------------------------------------------*/
Build  : 2.3.1-262087cdf8db
Exec   : pimpleDyMFoam
Date   : Jun 05 2023
Time   : 19:36:18
Host   : "jcosson-VirtualBox"
PID    : 8949
Case   : /home/jcosson/workspace/henersj_shootingdata/calcs/moderate_deformed/primal/56_intervals_05-06-23/sweep54/interval54
nProcs : 1
sigFpe : Enabling floating point exception trapping (FOAM_SIGFPE).
fileModificationChecking : Monitoring run-time modified files using timeStampMaster
allowSystemOperations : Allowing user-supplied system call operations

// * * * * * * * * * * * * * * * * * * * * * * * * * * * * * * * * * * * * * //
Create time

Create mesh for time = 0.495

Selecting dynamicFvMesh dynamicMotionSolverFvMesh
Selecting motion solver: displacementLaplacian
Selecting motion diffusion: quadratic
Selecting motion diffusion: quadratic
Selecting motion diffusion: inverseDistance

PIMPLE: no residual control data found. Calculations will employ 3 corrector loops

Reading field p

Reading field U

Reading/calculating face flux field phi

Selecting incompressible transport model Newtonian
Selecting turbulence model type RASModel
Selecting RAS turbulence model kOmegaSST
bounding k, min: 0 max: 0.000525453 average: 0.000144313
kOmegaSSTCoeffs
{
    alphaK1         0.85034;
    alphaK2         1;
    alphaOmega1     0.5;
    alphaOmega2     0.85616;
    gamma1          0.5532;
    gamma2          0.4403;
    beta1           0.075;
    beta2           0.0828;
    betaStar        0.09;
    a1              0.31;
    c1              10;
    Cmu             0.09;
    b1              1;
    F3              false;
}

Reading/calculating face velocity Uf

No finite volume options present

Courant Number mean: 0.102686 max: 0.222979

Starting time loop

Courant Number mean: 0.102686 max: 0.222979
Time = 0.496

GAMG:  Solving for cellDisplacementx, Initial residual = 0, Final residual = 0, No Iterations 0
GAMG:  Solving for cellDisplacementy, Initial residual = 0, Final residual = 0, No Iterations 0
GAMG:  Solving for cellDisplacementz, Initial residual = 0, Final residual = 0, No Iterations 0
PIMPLE: iteration 1
DILUPBiCG:  Solving for Ux, Initial residual = 0.0309936, Final residual = 0.000123207, No Iterations 1
DILUPBiCG:  Solving for Uy, Initial residual = 0.00662028, Final residual = 1.35222e-05, No Iterations 1
DILUPBiCG:  Solving for Uz, Initial residual = 0.00913081, Final residual = 1.29849e-05, No Iterations 1
GAMG:  Solving for p, Initial residual = 0.102163, Final residual = 0.000438923, No Iterations 4
GAMG:  Solving for p, Initial residual = 0.013891, Final residual = 0.000121196, No Iterations 4
GAMG:  Solving for p, Initial residual = 0.00663822, Final residual = 5.79812e-05, No Iterations 12
time step continuity errors : sum local = 3.45269e-07, global = 1.06881e-07, cumulative = 1.06881e-07
GAMG:  Solving for p, Initial residual = 0.0488935, Final residual = 0.000209226, No Iterations 4
GAMG:  Solving for p, Initial residual = 0.00674352, Final residual = 6.01971e-05, No Iterations 4
GAMG:  Solving for p, Initial residual = 0.00327284, Final residual = 2.89959e-05, No Iterations 12
time step continuity errors : sum local = 1.74538e-07, global = 5.3502e-08, cumulative = 1.60383e-07
PIMPLE: iteration 2
DILUPBiCG:  Solving for Ux, Initial residual = 0.00741273, Final residual = 4.75847e-05, No Iterations 1
DILUPBiCG:  Solving for Uy, Initial residual = 0.00161784, Final residual = 3.33623e-06, No Iterations 1
DILUPBiCG:  Solving for Uz, Initial residual = 0.00299146, Final residual = 0.000207943, No Iterations 1
GAMG:  Solving for p, Initial residual = 0.0464396, Final residual = 0.000341015, No Iterations 6
GAMG:  Solving for p, Initial residual = 0.0147192, Final residual = 0.000136392, No Iterations 10
GAMG:  Solving for p, Initial residual = 0.00423943, Final residual = 3.86983e-05, No Iterations 16
time step continuity errors : sum local = 2.044e-07, global = -6.04709e-08, cumulative = 9.99118e-08
GAMG:  Solving for p, Initial residual = 0.0247495, Final residual = 0.000244069, No Iterations 5
GAMG:  Solving for p, Initial residual = 0.00767983, Final residual = 7.42365e-05, No Iterations 7
GAMG:  Solving for p, Initial residual = 0.00207738, Final residual = 2.02533e-05, No Iterations 16
time step continuity errors : sum local = 1.07015e-07, global = -3.12316e-08, cumulative = 6.86802e-08
PIMPLE: iteration 3
DILUPBiCG:  Solving for Ux, Initial residual = 0.00126297, Final residual = 2.23033e-06, No Iterations 2
DILUPBiCG:  Solving for Uy, Initial residual = 0.000305455, Final residual = 1.07588e-07, No Iterations 2
DILUPBiCG:  Solving for Uz, Initial residual = 0.00267832, Final residual = 3.16175e-06, No Iterations 2
GAMG:  Solving for p, Initial residual = 0.0570195, Final residual = 0.000389484, No Iterations 5
GAMG:  Solving for p, Initial residual = 0.0119168, Final residual = 0.000118915, No Iterations 14
GAMG:  Solving for p, Initial residual = 0.00684152, Final residual = 6.31943e-05, No Iterations 10
time step continuity errors : sum local = 3.67548e-07, global = -1.02311e-07, cumulative = -3.36309e-08
GAMG:  Solving for p, Initial residual = 0.00283255, Final residual = 2.4087e-05, No Iterations 8
GAMG:  Solving for p, Initial residual = 0.00149601, Final residual = 1.47852e-05, No Iterations 4
GAMG:  Solving for p, Initial residual = 0.000586959, Final residual = 9.54464e-07, No Iterations 27
time step continuity errors : sum local = 5.47133e-09, global = 1.68603e-09, cumulative = -3.19449e-08
DILUPBiCG:  Solving for omega, Initial residual = 0.0012715, Final residual = 6.65748e-07, No Iterations 1
DILUPBiCG:  Solving for k, Initial residual = 0.00307202, Final residual = 6.82149e-07, No Iterations 2
bounding k, min: 0 max: 0.000520138 average: 0.000143665
ExecutionTime = 4.44 s  ClockTime = 5 s

End

