/*---------------------------------------------------------------------------*\
| =========                 |                                                 |
| \\      /  F ield         | OpenFOAM: The Open Source CFD Toolbox           |
|  \\    /   O peration     | Version:  2.3.1                                 |
|   \\  /    A nd           | Web:      www.OpenFOAM.org                      |
|    \\/     M anipulation  |                                                 |
\*---------------------------------------------------------------------------*/
Build  : 2.3.1-262087cdf8db
Exec   : pimpleDyMFoam
Date   : Jun 05 2023
Time   : 23:56:47
Host   : "jcosson-VirtualBox"
PID    : 19618
Case   : /home/jcosson/workspace/henersj_shootingdata/calcs/moderate_deformed/primal/100_intervals_05-06-23/sweep9/interval91
nProcs : 1
sigFpe : Enabling floating point exception trapping (FOAM_SIGFPE).
fileModificationChecking : Monitoring run-time modified files using timeStampMaster
allowSystemOperations : Allowing user-supplied system call operations

// * * * * * * * * * * * * * * * * * * * * * * * * * * * * * * * * * * * * * //
Create time

Create mesh for time = 0.49

Selecting dynamicFvMesh dynamicMotionSolverFvMesh
Selecting motion solver: displacementLaplacian
Selecting motion diffusion: quadratic
Selecting motion diffusion: quadratic
Selecting motion diffusion: inverseDistance

PIMPLE: no residual control data found. Calculations will employ 3 corrector loops

Reading field p

Reading field U

Reading/calculating face flux field phi

Selecting incompressible transport model Newtonian
Selecting turbulence model type RASModel
Selecting RAS turbulence model kOmegaSST
bounding k, min: 0 max: 0.000749131 average: 0.000160085
kOmegaSSTCoeffs
{
    alphaK1         0.85034;
    alphaK2         1;
    alphaOmega1     0.5;
    alphaOmega2     0.85616;
    gamma1          0.5532;
    gamma2          0.4403;
    beta1           0.075;
    beta2           0.0828;
    betaStar        0.09;
    a1              0.31;
    c1              10;
    Cmu             0.09;
    b1              1;
    F3              false;
}

Reading/calculating face velocity Uf

No finite volume options present

Courant Number mean: 0.114951 max: 0.252996

Starting time loop

Courant Number mean: 0.114951 max: 0.252996
Time = 0.491

GAMG:  Solving for cellDisplacementx, Initial residual = 0, Final residual = 0, No Iterations 0
GAMG:  Solving for cellDisplacementy, Initial residual = 0, Final residual = 0, No Iterations 0
GAMG:  Solving for cellDisplacementz, Initial residual = 0, Final residual = 0, No Iterations 0
PIMPLE: iteration 1
DILUPBiCG:  Solving for Ux, Initial residual = 0.052607, Final residual = 0.000192508, No Iterations 1
DILUPBiCG:  Solving for Uy, Initial residual = 0.0105006, Final residual = 2.16951e-05, No Iterations 1
DILUPBiCG:  Solving for Uz, Initial residual = 0.0266489, Final residual = 3.21822e-05, No Iterations 1
GAMG:  Solving for p, Initial residual = 0.121807, Final residual = 0.000688658, No Iterations 4
GAMG:  Solving for p, Initial residual = 0.0174541, Final residual = 0.000165788, No Iterations 14
GAMG:  Solving for p, Initial residual = 0.00802883, Final residual = 6.90497e-05, No Iterations 4
time step continuity errors : sum local = 6.49819e-07, global = 2.38451e-07, cumulative = 2.38451e-07
GAMG:  Solving for p, Initial residual = 0.0554177, Final residual = 0.00029388, No Iterations 4
GAMG:  Solving for p, Initial residual = 0.00868812, Final residual = 7.51952e-05, No Iterations 12
GAMG:  Solving for p, Initial residual = 0.00402381, Final residual = 3.17401e-05, No Iterations 4
time step continuity errors : sum local = 3.00024e-07, global = 1.13366e-07, cumulative = 3.51817e-07
PIMPLE: iteration 2
DILUPBiCG:  Solving for Ux, Initial residual = 0.0132667, Final residual = 7.57416e-05, No Iterations 1
DILUPBiCG:  Solving for Uy, Initial residual = 0.00277787, Final residual = 5.83298e-06, No Iterations 1
DILUPBiCG:  Solving for Uz, Initial residual = 0.00330407, Final residual = 1.1414e-05, No Iterations 1
GAMG:  Solving for p, Initial residual = 0.0547962, Final residual = 0.00053924, No Iterations 5
GAMG:  Solving for p, Initial residual = 0.01154, Final residual = 0.000101253, No Iterations 11
GAMG:  Solving for p, Initial residual = 0.00490696, Final residual = 4.90069e-05, No Iterations 10
time step continuity errors : sum local = 4.00282e-07, global = -1.04577e-07, cumulative = 2.4724e-07
GAMG:  Solving for p, Initial residual = 0.0289405, Final residual = 0.000274367, No Iterations 4
GAMG:  Solving for p, Initial residual = 0.00598985, Final residual = 5.26617e-05, No Iterations 14
GAMG:  Solving for p, Initial residual = 0.00255692, Final residual = 2.25301e-05, No Iterations 10
time step continuity errors : sum local = 1.84036e-07, global = -4.74094e-08, cumulative = 1.99831e-07
PIMPLE: iteration 3
DILUPBiCG:  Solving for Ux, Initial residual = 0.00263836, Final residual = 2.08259e-06, No Iterations 2
DILUPBiCG:  Solving for Uy, Initial residual = 0.000624201, Final residual = 5.07336e-06, No Iterations 1
DILUPBiCG:  Solving for Uz, Initial residual = 0.00399395, Final residual = 1.57756e-06, No Iterations 2
GAMG:  Solving for p, Initial residual = 0.044144, Final residual = 0.000346384, No Iterations 5
GAMG:  Solving for p, Initial residual = 0.0101905, Final residual = 9.40002e-05, No Iterations 16
GAMG:  Solving for p, Initial residual = 0.00544316, Final residual = 5.40975e-05, No Iterations 4
time step continuity errors : sum local = 4.96684e-07, global = -1.64653e-07, cumulative = 3.51781e-08
GAMG:  Solving for p, Initial residual = 0.0025382, Final residual = 2.24213e-05, No Iterations 6
GAMG:  Solving for p, Initial residual = 0.00136284, Final residual = 1.092e-05, No Iterations 4
GAMG:  Solving for p, Initial residual = 0.000529897, Final residual = 9.03917e-07, No Iterations 14
time step continuity errors : sum local = 8.19755e-09, global = 2.712e-09, cumulative = 3.78901e-08
DILUPBiCG:  Solving for omega, Initial residual = 0.00138147, Final residual = 8.81791e-07, No Iterations 1
DILUPBiCG:  Solving for k, Initial residual = 0.00404396, Final residual = 7.75876e-07, No Iterations 2
bounding k, min: 0 max: 0.000732488 average: 0.000159108
ExecutionTime = 14.38 s  ClockTime = 14 s

End

