/*---------------------------------------------------------------------------*\
| =========                 |                                                 |
| \\      /  F ield         | OpenFOAM: The Open Source CFD Toolbox           |
|  \\    /   O peration     | Version:  2.3.1                                 |
|   \\  /    A nd           | Web:      www.OpenFOAM.org                      |
|    \\/     M anipulation  |                                                 |
\*---------------------------------------------------------------------------*/
Build  : 2.3.1-262087cdf8db
Exec   : pimpleDyMFoam
Date   : Jun 05 2023
Time   : 23:55:38
Host   : "jcosson-VirtualBox"
PID    : 19494
Case   : /home/jcosson/workspace/henersj_shootingdata/calcs/moderate_deformed/primal/100_intervals_05-06-23/sweep9/interval29
nProcs : 1
sigFpe : Enabling floating point exception trapping (FOAM_SIGFPE).
fileModificationChecking : Monitoring run-time modified files using timeStampMaster
allowSystemOperations : Allowing user-supplied system call operations

// * * * * * * * * * * * * * * * * * * * * * * * * * * * * * * * * * * * * * //
Create time

Create mesh for time = 0.428

Selecting dynamicFvMesh dynamicMotionSolverFvMesh
Selecting motion solver: displacementLaplacian
Selecting motion diffusion: quadratic
Selecting motion diffusion: quadratic
Selecting motion diffusion: inverseDistance

PIMPLE: no residual control data found. Calculations will employ 3 corrector loops

Reading field p

Reading field U

Reading/calculating face flux field phi

Selecting incompressible transport model Newtonian
Selecting turbulence model type RASModel
Selecting RAS turbulence model kOmegaSST
kOmegaSSTCoeffs
{
    alphaK1         0.85034;
    alphaK2         1;
    alphaOmega1     0.5;
    alphaOmega2     0.85616;
    gamma1          0.5532;
    gamma2          0.4403;
    beta1           0.075;
    beta2           0.0828;
    betaStar        0.09;
    a1              0.31;
    c1              10;
    Cmu             0.09;
    b1              1;
    F3              false;
}

Reading/calculating face velocity Uf

No finite volume options present

Courant Number mean: 0.204788 max: 0.44643

Starting time loop

Courant Number mean: 0.204788 max: 0.44643
Time = 0.429

GAMG:  Solving for cellDisplacementx, Initial residual = 0, Final residual = 0, No Iterations 0
GAMG:  Solving for cellDisplacementy, Initial residual = 0, Final residual = 0, No Iterations 0
GAMG:  Solving for cellDisplacementz, Initial residual = 0, Final residual = 0, No Iterations 0
PIMPLE: iteration 1
DILUPBiCG:  Solving for Ux, Initial residual = 0.0541928, Final residual = 0.00018069, No Iterations 1
DILUPBiCG:  Solving for Uy, Initial residual = 0.00894581, Final residual = 1.92077e-05, No Iterations 1
DILUPBiCG:  Solving for Uz, Initial residual = 0.0234298, Final residual = 4.03823e-05, No Iterations 1
GAMG:  Solving for p, Initial residual = 0.127924, Final residual = 0.000866359, No Iterations 6
GAMG:  Solving for p, Initial residual = 0.0154125, Final residual = 0.000140232, No Iterations 18
GAMG:  Solving for p, Initial residual = 0.00677317, Final residual = 6.17238e-05, No Iterations 10
time step continuity errors : sum local = 8.97238e-07, global = -2.29504e-07, cumulative = -2.29504e-07
GAMG:  Solving for p, Initial residual = 0.0548315, Final residual = 0.000506379, No Iterations 4
GAMG:  Solving for p, Initial residual = 0.00769707, Final residual = 7.24235e-05, No Iterations 18
GAMG:  Solving for p, Initial residual = 0.00357175, Final residual = 3.27116e-05, No Iterations 10
time step continuity errors : sum local = 4.76144e-07, global = -1.22116e-07, cumulative = -3.5162e-07
PIMPLE: iteration 2
DILUPBiCG:  Solving for Ux, Initial residual = 0.015306, Final residual = 6.81688e-05, No Iterations 1
DILUPBiCG:  Solving for Uy, Initial residual = 0.00252052, Final residual = 7.10772e-06, No Iterations 1
DILUPBiCG:  Solving for Uz, Initial residual = 0.00431587, Final residual = 1.43222e-05, No Iterations 1
GAMG:  Solving for p, Initial residual = 0.0557371, Final residual = 0.000531781, No Iterations 4
GAMG:  Solving for p, Initial residual = 0.00977463, Final residual = 8.71379e-05, No Iterations 16
GAMG:  Solving for p, Initial residual = 0.00440152, Final residual = 3.9912e-05, No Iterations 8
time step continuity errors : sum local = 4.91529e-07, global = 1.5105e-07, cumulative = -2.0057e-07
GAMG:  Solving for p, Initial residual = 0.0287998, Final residual = 0.000230634, No Iterations 4
GAMG:  Solving for p, Initial residual = 0.00487573, Final residual = 4.17262e-05, No Iterations 14
GAMG:  Solving for p, Initial residual = 0.00207908, Final residual = 1.93181e-05, No Iterations 8
time step continuity errors : sum local = 2.39399e-07, global = 6.29503e-08, cumulative = -1.3762e-07
PIMPLE: iteration 3
DILUPBiCG:  Solving for Ux, Initial residual = 0.0036804, Final residual = 1.24626e-06, No Iterations 2
DILUPBiCG:  Solving for Uy, Initial residual = 0.000603411, Final residual = 8.48588e-06, No Iterations 1
DILUPBiCG:  Solving for Uz, Initial residual = 0.0103016, Final residual = 2.9971e-06, No Iterations 2
GAMG:  Solving for p, Initial residual = 0.0397035, Final residual = 0.000333664, No Iterations 5
GAMG:  Solving for p, Initial residual = 0.00914037, Final residual = 8.46948e-05, No Iterations 11
GAMG:  Solving for p, Initial residual = 0.00417099, Final residual = 3.64363e-05, No Iterations 10
time step continuity errors : sum local = 5.06654e-07, global = 1.30657e-07, cumulative = -6.96274e-09
GAMG:  Solving for p, Initial residual = 0.00236125, Final residual = 2.34679e-05, No Iterations 18
GAMG:  Solving for p, Initial residual = 0.00137832, Final residual = 1.27897e-05, No Iterations 4
GAMG:  Solving for p, Initial residual = 0.00052067, Final residual = 9.2021e-07, No Iterations 36
time step continuity errors : sum local = 1.27558e-08, global = -3.7487e-09, cumulative = -1.07114e-08
DILUPBiCG:  Solving for omega, Initial residual = 0.000965011, Final residual = 1.04075e-06, No Iterations 1
DILUPBiCG:  Solving for k, Initial residual = 0.00523012, Final residual = 1.19473e-06, No Iterations 2
ExecutionTime = 16.97 s  ClockTime = 17 s

End

