/*---------------------------------------------------------------------------*\
| =========                 |                                                 |
| \\      /  F ield         | OpenFOAM: The Open Source CFD Toolbox           |
|  \\    /   O peration     | Version:  2.3.1                                 |
|   \\  /    A nd           | Web:      www.OpenFOAM.org                      |
|    \\/     M anipulation  |                                                 |
\*---------------------------------------------------------------------------*/
Build  : 2.3.1-262087cdf8db
Exec   : pimpleDyMFoam
Date   : Jun 05 2023
Time   : 23:56:11
Host   : "jcosson-VirtualBox"
PID    : 19543
Case   : /home/jcosson/workspace/henersj_shootingdata/calcs/moderate_deformed/primal/100_intervals_05-06-23/sweep9/interval54
nProcs : 1
sigFpe : Enabling floating point exception trapping (FOAM_SIGFPE).
fileModificationChecking : Monitoring run-time modified files using timeStampMaster
allowSystemOperations : Allowing user-supplied system call operations

// * * * * * * * * * * * * * * * * * * * * * * * * * * * * * * * * * * * * * //
Create time

Create mesh for time = 0.453

Selecting dynamicFvMesh dynamicMotionSolverFvMesh
Selecting motion solver: displacementLaplacian
Selecting motion diffusion: quadratic
Selecting motion diffusion: quadratic
Selecting motion diffusion: inverseDistance

PIMPLE: no residual control data found. Calculations will employ 3 corrector loops

Reading field p

Reading field U

Reading/calculating face flux field phi

Selecting incompressible transport model Newtonian
Selecting turbulence model type RASModel
Selecting RAS turbulence model kOmegaSST
kOmegaSSTCoeffs
{
    alphaK1         0.85034;
    alphaK2         1;
    alphaOmega1     0.5;
    alphaOmega2     0.85616;
    gamma1          0.5532;
    gamma2          0.4403;
    beta1           0.075;
    beta2           0.0828;
    betaStar        0.09;
    a1              0.31;
    c1              10;
    Cmu             0.09;
    b1              1;
    F3              false;
}

Reading/calculating face velocity Uf

No finite volume options present

Courant Number mean: 0.277969 max: 0.623299

Starting time loop

Courant Number mean: 0.277969 max: 0.623299
Time = 0.454

GAMG:  Solving for cellDisplacementx, Initial residual = 0, Final residual = 0, No Iterations 0
GAMG:  Solving for cellDisplacementy, Initial residual = 0, Final residual = 0, No Iterations 0
GAMG:  Solving for cellDisplacementz, Initial residual = 0, Final residual = 0, No Iterations 0
PIMPLE: iteration 1
DILUPBiCG:  Solving for Ux, Initial residual = 0.00638855, Final residual = 5.33635e-05, No Iterations 1
DILUPBiCG:  Solving for Uy, Initial residual = 0.00109069, Final residual = 4.44935e-06, No Iterations 1
DILUPBiCG:  Solving for Uz, Initial residual = 0.0175774, Final residual = 5.21274e-05, No Iterations 1
GAMG:  Solving for p, Initial residual = 0.250241, Final residual = 0.00198771, No Iterations 6
GAMG:  Solving for p, Initial residual = 0.0350257, Final residual = 0.000336511, No Iterations 14
GAMG:  Solving for p, Initial residual = 0.0132614, Final residual = 0.000129109, No Iterations 12
time step continuity errors : sum local = 4.53134e-07, global = 1.37227e-07, cumulative = 1.37227e-07
GAMG:  Solving for p, Initial residual = 0.0969619, Final residual = 0.000963245, No Iterations 4
GAMG:  Solving for p, Initial residual = 0.0173306, Final residual = 0.000158391, No Iterations 14
GAMG:  Solving for p, Initial residual = 0.00718234, Final residual = 6.04309e-05, No Iterations 12
time step continuity errors : sum local = 2.1069e-07, global = 6.37027e-08, cumulative = 2.0093e-07
PIMPLE: iteration 2
DILUPBiCG:  Solving for Ux, Initial residual = 0.00244148, Final residual = 6.57582e-05, No Iterations 1
DILUPBiCG:  Solving for Uy, Initial residual = 0.000419079, Final residual = 2.82586e-06, No Iterations 1
DILUPBiCG:  Solving for Uz, Initial residual = 0.00496348, Final residual = 2.01364e-05, No Iterations 1
GAMG:  Solving for p, Initial residual = 0.101156, Final residual = 0.000660571, No Iterations 3
GAMG:  Solving for p, Initial residual = 0.0176519, Final residual = 0.000149945, No Iterations 5
GAMG:  Solving for p, Initial residual = 0.00739392, Final residual = 5.95773e-05, No Iterations 8
time step continuity errors : sum local = 1.80707e-07, global = 3.65356e-08, cumulative = 2.37465e-07
GAMG:  Solving for p, Initial residual = 0.0489781, Final residual = 0.000323973, No Iterations 3
GAMG:  Solving for p, Initial residual = 0.00876959, Final residual = 7.02047e-05, No Iterations 5
GAMG:  Solving for p, Initial residual = 0.00373987, Final residual = 2.99183e-05, No Iterations 8
time step continuity errors : sum local = 9.14101e-08, global = 1.86999e-08, cumulative = 2.56165e-07
PIMPLE: iteration 3
DILUPBiCG:  Solving for Ux, Initial residual = 0.000873597, Final residual = 1.0705e-06, No Iterations 2
DILUPBiCG:  Solving for Uy, Initial residual = 0.000149019, Final residual = 3.07731e-06, No Iterations 1
DILUPBiCG:  Solving for Uz, Initial residual = 0.00226176, Final residual = 1.07485e-06, No Iterations 2
GAMG:  Solving for p, Initial residual = 0.0638243, Final residual = 0.000422824, No Iterations 4
GAMG:  Solving for p, Initial residual = 0.0147161, Final residual = 0.000145809, No Iterations 4
GAMG:  Solving for p, Initial residual = 0.00636682, Final residual = 5.34615e-05, No Iterations 7
time step continuity errors : sum local = 1.75734e-07, global = -3.1861e-08, cumulative = 2.24304e-07
GAMG:  Solving for p, Initial residual = 0.00517398, Final residual = 4.51903e-05, No Iterations 9
GAMG:  Solving for p, Initial residual = 0.00259178, Final residual = 2.32104e-05, No Iterations 6
GAMG:  Solving for p, Initial residual = 0.000965025, Final residual = 9.25575e-07, No Iterations 38
time step continuity errors : sum local = 3.0312e-09, global = 9.0116e-10, cumulative = 2.25205e-07
DILUPBiCG:  Solving for omega, Initial residual = 0.00121472, Final residual = 1.80585e-06, No Iterations 1
DILUPBiCG:  Solving for k, Initial residual = 0.00472133, Final residual = 7.7137e-06, No Iterations 2
ExecutionTime = 14.03 s  ClockTime = 14 s

End

