/*---------------------------------------------------------------------------*\
| =========                 |                                                 |
| \\      /  F ield         | OpenFOAM: The Open Source CFD Toolbox           |
|  \\    /   O peration     | Version:  2.3.1                                 |
|   \\  /    A nd           | Web:      www.OpenFOAM.org                      |
|    \\/     M anipulation  |                                                 |
\*---------------------------------------------------------------------------*/
Build  : 2.3.1-262087cdf8db
Exec   : pimpleDyMFoam
Date   : Jun 05 2023
Time   : 23:55:21
Host   : "jcosson-VirtualBox"
PID    : 19476
Case   : /home/jcosson/workspace/henersj_shootingdata/calcs/moderate_deformed/primal/100_intervals_05-06-23/sweep9/interval20
nProcs : 1
sigFpe : Enabling floating point exception trapping (FOAM_SIGFPE).
fileModificationChecking : Monitoring run-time modified files using timeStampMaster
allowSystemOperations : Allowing user-supplied system call operations

// * * * * * * * * * * * * * * * * * * * * * * * * * * * * * * * * * * * * * //
Create time

Create mesh for time = 0.419

Selecting dynamicFvMesh dynamicMotionSolverFvMesh
Selecting motion solver: displacementLaplacian
Selecting motion diffusion: quadratic
Selecting motion diffusion: quadratic
Selecting motion diffusion: inverseDistance

PIMPLE: no residual control data found. Calculations will employ 3 corrector loops

Reading field p

Reading field U

Reading/calculating face flux field phi

Selecting incompressible transport model Newtonian
Selecting turbulence model type RASModel
Selecting RAS turbulence model kOmegaSST
kOmegaSSTCoeffs
{
    alphaK1         0.85034;
    alphaK2         1;
    alphaOmega1     0.5;
    alphaOmega2     0.85616;
    gamma1          0.5532;
    gamma2          0.4403;
    beta1           0.075;
    beta2           0.0828;
    betaStar        0.09;
    a1              0.31;
    c1              10;
    Cmu             0.09;
    b1              1;
    F3              false;
}

Reading/calculating face velocity Uf

No finite volume options present

Courant Number mean: 0.153824 max: 0.332093

Starting time loop

Courant Number mean: 0.153824 max: 0.332093
Time = 0.42

GAMG:  Solving for cellDisplacementx, Initial residual = 0, Final residual = 0, No Iterations 0
GAMG:  Solving for cellDisplacementy, Initial residual = 0, Final residual = 0, No Iterations 0
GAMG:  Solving for cellDisplacementz, Initial residual = 0, Final residual = 0, No Iterations 0
PIMPLE: iteration 1
DILUPBiCG:  Solving for Ux, Initial residual = 0.0630899, Final residual = 0.000222776, No Iterations 1
DILUPBiCG:  Solving for Uy, Initial residual = 0.0112601, Final residual = 2.15826e-05, No Iterations 1
DILUPBiCG:  Solving for Uz, Initial residual = 0.0270819, Final residual = 4.31387e-05, No Iterations 1
GAMG:  Solving for p, Initial residual = 0.136631, Final residual = 0.00100937, No Iterations 6
GAMG:  Solving for p, Initial residual = 0.0162785, Final residual = 0.000158049, No Iterations 18
GAMG:  Solving for p, Initial residual = 0.00718812, Final residual = 6.63368e-05, No Iterations 10
time step continuity errors : sum local = 9.24561e-07, global = -2.37098e-07, cumulative = -2.37098e-07
GAMG:  Solving for p, Initial residual = 0.0577016, Final residual = 0.000361901, No Iterations 6
GAMG:  Solving for p, Initial residual = 0.00814131, Final residual = 8.03473e-05, No Iterations 16
GAMG:  Solving for p, Initial residual = 0.00373196, Final residual = 3.62552e-05, No Iterations 10
time step continuity errors : sum local = 5.07041e-07, global = -1.29928e-07, cumulative = -3.67026e-07
PIMPLE: iteration 2
DILUPBiCG:  Solving for Ux, Initial residual = 0.017675, Final residual = 9.42619e-05, No Iterations 1
DILUPBiCG:  Solving for Uy, Initial residual = 0.00307919, Final residual = 7.14772e-06, No Iterations 1
DILUPBiCG:  Solving for Uz, Initial residual = 0.00439253, Final residual = 1.61178e-05, No Iterations 1
GAMG:  Solving for p, Initial residual = 0.0589816, Final residual = 0.000431685, No Iterations 4
GAMG:  Solving for p, Initial residual = 0.0096498, Final residual = 9.44643e-05, No Iterations 14
GAMG:  Solving for p, Initial residual = 0.00454122, Final residual = 4.17424e-05, No Iterations 8
time step continuity errors : sum local = 5.00246e-07, global = 1.69662e-07, cumulative = -1.97364e-07
GAMG:  Solving for p, Initial residual = 0.0301318, Final residual = 0.000192705, No Iterations 4
GAMG:  Solving for p, Initial residual = 0.00489156, Final residual = 4.73844e-05, No Iterations 12
GAMG:  Solving for p, Initial residual = 0.00221564, Final residual = 1.97808e-05, No Iterations 8
time step continuity errors : sum local = 2.38137e-07, global = 7.42246e-08, cumulative = -1.23139e-07
PIMPLE: iteration 3
DILUPBiCG:  Solving for Ux, Initial residual = 0.00440137, Final residual = 1.58121e-06, No Iterations 2
DILUPBiCG:  Solving for Uy, Initial residual = 0.000764661, Final residual = 7.17106e-06, No Iterations 1
DILUPBiCG:  Solving for Uz, Initial residual = 0.0102654, Final residual = 3.2039e-06, No Iterations 2
GAMG:  Solving for p, Initial residual = 0.0386487, Final residual = 0.000300855, No Iterations 5
GAMG:  Solving for p, Initial residual = 0.00825724, Final residual = 7.81634e-05, No Iterations 15
GAMG:  Solving for p, Initial residual = 0.00395845, Final residual = 3.44903e-05, No Iterations 10
time step continuity errors : sum local = 4.66877e-07, global = 1.21017e-07, cumulative = -2.12215e-09
GAMG:  Solving for p, Initial residual = 0.00210256, Final residual = 2.04185e-05, No Iterations 14
GAMG:  Solving for p, Initial residual = 0.00117174, Final residual = 1.02026e-05, No Iterations 4
GAMG:  Solving for p, Initial residual = 0.000474528, Final residual = 9.63809e-07, No Iterations 24
time step continuity errors : sum local = 1.29684e-08, global = -3.72285e-09, cumulative = -5.845e-09
DILUPBiCG:  Solving for omega, Initial residual = 0.000889688, Final residual = 8.68056e-07, No Iterations 1
DILUPBiCG:  Solving for k, Initial residual = 0.00414063, Final residual = 1.22783e-06, No Iterations 2
ExecutionTime = 17.5 s  ClockTime = 17 s

End

