/*---------------------------------------------------------------------------*\
| =========                 |                                                 |
| \\      /  F ield         | OpenFOAM: The Open Source CFD Toolbox           |
|  \\    /   O peration     | Version:  2.3.1                                 |
|   \\  /    A nd           | Web:      www.OpenFOAM.org                      |
|    \\/     M anipulation  |                                                 |
\*---------------------------------------------------------------------------*/
Build  : 2.3.1-262087cdf8db
Exec   : pimpleDyMFoam
Date   : Jun 05 2023
Time   : 23:55:21
Host   : "jcosson-VirtualBox"
PID    : 19474
Case   : /home/jcosson/workspace/henersj_shootingdata/calcs/moderate_deformed/primal/100_intervals_05-06-23/sweep9/interval22
nProcs : 1
sigFpe : Enabling floating point exception trapping (FOAM_SIGFPE).
fileModificationChecking : Monitoring run-time modified files using timeStampMaster
allowSystemOperations : Allowing user-supplied system call operations

// * * * * * * * * * * * * * * * * * * * * * * * * * * * * * * * * * * * * * //
Create time

Create mesh for time = 0.421

Selecting dynamicFvMesh dynamicMotionSolverFvMesh
Selecting motion solver: displacementLaplacian
Selecting motion diffusion: quadratic
Selecting motion diffusion: quadratic
Selecting motion diffusion: inverseDistance

PIMPLE: no residual control data found. Calculations will employ 3 corrector loops

Reading field p

Reading field U

Reading/calculating face flux field phi

Selecting incompressible transport model Newtonian
Selecting turbulence model type RASModel
Selecting RAS turbulence model kOmegaSST
kOmegaSSTCoeffs
{
    alphaK1         0.85034;
    alphaK2         1;
    alphaOmega1     0.5;
    alphaOmega2     0.85616;
    gamma1          0.5532;
    gamma2          0.4403;
    beta1           0.075;
    beta2           0.0828;
    betaStar        0.09;
    a1              0.31;
    c1              10;
    Cmu             0.09;
    b1              1;
    F3              false;
}

Reading/calculating face velocity Uf

No finite volume options present

Courant Number mean: 0.164779 max: 0.355076

Starting time loop

Courant Number mean: 0.164779 max: 0.355076
Time = 0.422

GAMG:  Solving for cellDisplacementx, Initial residual = 0, Final residual = 0, No Iterations 0
GAMG:  Solving for cellDisplacementy, Initial residual = 0, Final residual = 0, No Iterations 0
GAMG:  Solving for cellDisplacementz, Initial residual = 0, Final residual = 0, No Iterations 0
PIMPLE: iteration 1
DILUPBiCG:  Solving for Ux, Initial residual = 0.0626773, Final residual = 0.000217955, No Iterations 1
DILUPBiCG:  Solving for Uy, Initial residual = 0.0109533, Final residual = 2.14311e-05, No Iterations 1
DILUPBiCG:  Solving for Uz, Initial residual = 0.0264946, Final residual = 4.26771e-05, No Iterations 1
GAMG:  Solving for p, Initial residual = 0.134138, Final residual = 0.000971255, No Iterations 6
GAMG:  Solving for p, Initial residual = 0.0159932, Final residual = 0.000153556, No Iterations 18
GAMG:  Solving for p, Initial residual = 0.00708421, Final residual = 6.57003e-05, No Iterations 10
time step continuity errors : sum local = 9.50736e-07, global = -2.42993e-07, cumulative = -2.42993e-07
GAMG:  Solving for p, Initial residual = 0.056854, Final residual = 0.000560377, No Iterations 4
GAMG:  Solving for p, Initial residual = 0.00803333, Final residual = 7.94656e-05, No Iterations 18
GAMG:  Solving for p, Initial residual = 0.00373859, Final residual = 3.476e-05, No Iterations 10
time step continuity errors : sum local = 5.04606e-07, global = -1.29153e-07, cumulative = -3.72145e-07
PIMPLE: iteration 2
DILUPBiCG:  Solving for Ux, Initial residual = 0.017577, Final residual = 8.99823e-05, No Iterations 1
DILUPBiCG:  Solving for Uy, Initial residual = 0.00301122, Final residual = 7.21984e-06, No Iterations 1
DILUPBiCG:  Solving for Uz, Initial residual = 0.0044131, Final residual = 1.52939e-05, No Iterations 1
GAMG:  Solving for p, Initial residual = 0.0580382, Final residual = 0.00045581, No Iterations 4
GAMG:  Solving for p, Initial residual = 0.00957924, Final residual = 9.57687e-05, No Iterations 14
GAMG:  Solving for p, Initial residual = 0.00447076, Final residual = 4.20785e-05, No Iterations 8
time step continuity errors : sum local = 5.21884e-07, global = 1.64387e-07, cumulative = -2.07759e-07
GAMG:  Solving for p, Initial residual = 0.0297201, Final residual = 0.000202255, No Iterations 4
GAMG:  Solving for p, Initial residual = 0.00484093, Final residual = 4.77587e-05, No Iterations 12
GAMG:  Solving for p, Initial residual = 0.00216963, Final residual = 2.02828e-05, No Iterations 8
time step continuity errors : sum local = 2.52757e-07, global = 7.22801e-08, cumulative = -1.35479e-07
PIMPLE: iteration 3
DILUPBiCG:  Solving for Ux, Initial residual = 0.00433675, Final residual = 1.50812e-06, No Iterations 2
DILUPBiCG:  Solving for Uy, Initial residual = 0.000741135, Final residual = 7.49309e-06, No Iterations 1
DILUPBiCG:  Solving for Uz, Initial residual = 0.0103931, Final residual = 3.2142e-06, No Iterations 2
GAMG:  Solving for p, Initial residual = 0.038756, Final residual = 0.000297005, No Iterations 5
GAMG:  Solving for p, Initial residual = 0.00839335, Final residual = 7.71545e-05, No Iterations 15
GAMG:  Solving for p, Initial residual = 0.00399496, Final residual = 3.32598e-05, No Iterations 10
time step continuity errors : sum local = 4.65795e-07, global = 1.20559e-07, cumulative = -1.49195e-08
GAMG:  Solving for p, Initial residual = 0.00214248, Final residual = 2.13459e-05, No Iterations 16
GAMG:  Solving for p, Initial residual = 0.00120203, Final residual = 1.08072e-05, No Iterations 4
GAMG:  Solving for p, Initial residual = 0.000481902, Final residual = 9.61169e-07, No Iterations 30
time step continuity errors : sum local = 1.33879e-08, global = -3.98205e-09, cumulative = -1.89016e-08
DILUPBiCG:  Solving for omega, Initial residual = 0.00087729, Final residual = 8.75157e-07, No Iterations 1
DILUPBiCG:  Solving for k, Initial residual = 0.00433735, Final residual = 1.22454e-06, No Iterations 2
ExecutionTime = 17.7 s  ClockTime = 17 s

End

