/*---------------------------------------------------------------------------*\
| =========                 |                                                 |
| \\      /  F ield         | OpenFOAM: The Open Source CFD Toolbox           |
|  \\    /   O peration     | Version:  2.3.1                                 |
|   \\  /    A nd           | Web:      www.OpenFOAM.org                      |
|    \\/     M anipulation  |                                                 |
\*---------------------------------------------------------------------------*/
Build  : 2.3.1-262087cdf8db
Exec   : pimpleDyMFoam
Date   : Jun 05 2023
Time   : 23:55:21
Host   : "jcosson-VirtualBox"
PID    : 19471
Case   : /home/jcosson/workspace/henersj_shootingdata/calcs/moderate_deformed/primal/100_intervals_05-06-23/sweep9/interval14
nProcs : 1
sigFpe : Enabling floating point exception trapping (FOAM_SIGFPE).
fileModificationChecking : Monitoring run-time modified files using timeStampMaster
allowSystemOperations : Allowing user-supplied system call operations

// * * * * * * * * * * * * * * * * * * * * * * * * * * * * * * * * * * * * * //
Create time

Create mesh for time = 0.413

Selecting dynamicFvMesh dynamicMotionSolverFvMesh
Selecting motion solver: displacementLaplacian
Selecting motion diffusion: quadratic
Selecting motion diffusion: quadratic
Selecting motion diffusion: inverseDistance

PIMPLE: no residual control data found. Calculations will employ 3 corrector loops

Reading field p

Reading field U

Reading/calculating face flux field phi

Selecting incompressible transport model Newtonian
Selecting turbulence model type RASModel
Selecting RAS turbulence model kOmegaSST
kOmegaSSTCoeffs
{
    alphaK1         0.85034;
    alphaK2         1;
    alphaOmega1     0.5;
    alphaOmega2     0.85616;
    gamma1          0.5532;
    gamma2          0.4403;
    beta1           0.075;
    beta2           0.0828;
    betaStar        0.09;
    a1              0.31;
    c1              10;
    Cmu             0.09;
    b1              1;
    F3              false;
}

Reading/calculating face velocity Uf

No finite volume options present

Courant Number mean: 0.124809 max: 0.271537

Starting time loop

Courant Number mean: 0.124809 max: 0.271537
Time = 0.414

GAMG:  Solving for cellDisplacementx, Initial residual = 0, Final residual = 0, No Iterations 0
GAMG:  Solving for cellDisplacementy, Initial residual = 0, Final residual = 0, No Iterations 0
GAMG:  Solving for cellDisplacementz, Initial residual = 0, Final residual = 0, No Iterations 0
PIMPLE: iteration 1
DILUPBiCG:  Solving for Ux, Initial residual = 0.0564815, Final residual = 0.000209189, No Iterations 1
DILUPBiCG:  Solving for Uy, Initial residual = 0.0108256, Final residual = 1.98331e-05, No Iterations 1
DILUPBiCG:  Solving for Uz, Initial residual = 0.0249828, Final residual = 3.95015e-05, No Iterations 1
GAMG:  Solving for p, Initial residual = 0.149438, Final residual = 0.00116118, No Iterations 6
GAMG:  Solving for p, Initial residual = 0.0179818, Final residual = 0.000172672, No Iterations 18
GAMG:  Solving for p, Initial residual = 0.00783549, Final residual = 6.80469e-05, No Iterations 10
time step continuity errors : sum local = 7.48952e-07, global = -1.95296e-07, cumulative = -1.95296e-07
GAMG:  Solving for p, Initial residual = 0.0622053, Final residual = 0.000411265, No Iterations 6
GAMG:  Solving for p, Initial residual = 0.00901576, Final residual = 8.75672e-05, No Iterations 16
GAMG:  Solving for p, Initial residual = 0.00411713, Final residual = 3.67423e-05, No Iterations 10
time step continuity errors : sum local = 4.06478e-07, global = -1.05799e-07, cumulative = -3.01096e-07
PIMPLE: iteration 2
DILUPBiCG:  Solving for Ux, Initial residual = 0.0158956, Final residual = 9.5523e-05, No Iterations 1
DILUPBiCG:  Solving for Uy, Initial residual = 0.00295015, Final residual = 6.45665e-06, No Iterations 1
DILUPBiCG:  Solving for Uz, Initial residual = 0.00413727, Final residual = 1.76371e-05, No Iterations 1
GAMG:  Solving for p, Initial residual = 0.0638822, Final residual = 0.000342068, No Iterations 4
GAMG:  Solving for p, Initial residual = 0.0103293, Final residual = 9.03868e-05, No Iterations 14
GAMG:  Solving for p, Initial residual = 0.00500677, Final residual = 4.06314e-05, No Iterations 7
time step continuity errors : sum local = 3.88076e-07, global = -1.22571e-07, cumulative = -4.23667e-07
GAMG:  Solving for p, Initial residual = 0.0324074, Final residual = 0.000152735, No Iterations 4
GAMG:  Solving for p, Initial residual = 0.00530535, Final residual = 4.78164e-05, No Iterations 12
GAMG:  Solving for p, Initial residual = 0.00250057, Final residual = 2.16599e-05, No Iterations 7
time step continuity errors : sum local = 2.07774e-07, global = -7.23293e-08, cumulative = -4.95996e-07
PIMPLE: iteration 3
DILUPBiCG:  Solving for Ux, Initial residual = 0.00409561, Final residual = 1.66953e-06, No Iterations 2
DILUPBiCG:  Solving for Uy, Initial residual = 0.000760048, Final residual = 6.12504e-06, No Iterations 1
DILUPBiCG:  Solving for Uz, Initial residual = 0.00838127, Final residual = 2.75936e-06, No Iterations 2
GAMG:  Solving for p, Initial residual = 0.0385253, Final residual = 0.000328298, No Iterations 5
GAMG:  Solving for p, Initial residual = 0.00800962, Final residual = 7.93619e-05, No Iterations 15
GAMG:  Solving for p, Initial residual = 0.00387986, Final residual = 3.62478e-05, No Iterations 10
time step continuity errors : sum local = 3.91181e-07, global = 1.00857e-07, cumulative = -3.95139e-07
GAMG:  Solving for p, Initial residual = 0.00204323, Final residual = 1.84089e-05, No Iterations 12
GAMG:  Solving for p, Initial residual = 0.00109475, Final residual = 9.48208e-06, No Iterations 5
GAMG:  Solving for p, Initial residual = 0.000460511, Final residual = 8.56732e-07, No Iterations 28
time step continuity errors : sum local = 9.17752e-09, global = -2.75909e-09, cumulative = -3.97898e-07
DILUPBiCG:  Solving for omega, Initial residual = 0.0010199, Final residual = 8.55414e-07, No Iterations 1
DILUPBiCG:  Solving for k, Initial residual = 0.00369907, Final residual = 1.10657e-06, No Iterations 2
ExecutionTime = 17.74 s  ClockTime = 17 s

End

