/*---------------------------------------------------------------------------*\
| =========                 |                                                 |
| \\      /  F ield         | OpenFOAM: The Open Source CFD Toolbox           |
|  \\    /   O peration     | Version:  2.3.1                                 |
|   \\  /    A nd           | Web:      www.OpenFOAM.org                      |
|    \\/     M anipulation  |                                                 |
\*---------------------------------------------------------------------------*/
Build  : 2.3.1-262087cdf8db
Exec   : pimpleDyMFoam
Date   : Jun 05 2023
Time   : 23:55:38
Host   : "jcosson-VirtualBox"
PID    : 19502
Case   : /home/jcosson/workspace/henersj_shootingdata/calcs/moderate_deformed/primal/100_intervals_05-06-23/sweep9/interval34
nProcs : 1
sigFpe : Enabling floating point exception trapping (FOAM_SIGFPE).
fileModificationChecking : Monitoring run-time modified files using timeStampMaster
allowSystemOperations : Allowing user-supplied system call operations

// * * * * * * * * * * * * * * * * * * * * * * * * * * * * * * * * * * * * * //
Create time

Create mesh for time = 0.433

Selecting dynamicFvMesh dynamicMotionSolverFvMesh
Selecting motion solver: displacementLaplacian
Selecting motion diffusion: quadratic
Selecting motion diffusion: quadratic
Selecting motion diffusion: inverseDistance

PIMPLE: no residual control data found. Calculations will employ 3 corrector loops

Reading field p

Reading field U

Reading/calculating face flux field phi

Selecting incompressible transport model Newtonian
Selecting turbulence model type RASModel
Selecting RAS turbulence model kOmegaSST
kOmegaSSTCoeffs
{
    alphaK1         0.85034;
    alphaK2         1;
    alphaOmega1     0.5;
    alphaOmega2     0.85616;
    gamma1          0.5532;
    gamma2          0.4403;
    beta1           0.075;
    beta2           0.0828;
    betaStar        0.09;
    a1              0.31;
    c1              10;
    Cmu             0.09;
    b1              1;
    F3              false;
}

Reading/calculating face velocity Uf

No finite volume options present

Courant Number mean: 0.231811 max: 0.510367

Starting time loop

Courant Number mean: 0.231811 max: 0.510367
Time = 0.434

GAMG:  Solving for cellDisplacementx, Initial residual = 0, Final residual = 0, No Iterations 0
GAMG:  Solving for cellDisplacementy, Initial residual = 0, Final residual = 0, No Iterations 0
GAMG:  Solving for cellDisplacementz, Initial residual = 0, Final residual = 0, No Iterations 0
PIMPLE: iteration 1
DILUPBiCG:  Solving for Ux, Initial residual = 0.0440052, Final residual = 0.000144841, No Iterations 1
DILUPBiCG:  Solving for Uy, Initial residual = 0.00707178, Final residual = 1.65009e-05, No Iterations 1
DILUPBiCG:  Solving for Uz, Initial residual = 0.0202791, Final residual = 3.68848e-05, No Iterations 1
GAMG:  Solving for p, Initial residual = 0.125832, Final residual = 0.00125018, No Iterations 4
GAMG:  Solving for p, Initial residual = 0.0157354, Final residual = 0.000135274, No Iterations 20
GAMG:  Solving for p, Initial residual = 0.00701701, Final residual = 5.64174e-05, No Iterations 10
time step continuity errors : sum local = 7.31383e-07, global = -1.8842e-07, cumulative = -1.8842e-07
GAMG:  Solving for p, Initial residual = 0.0544239, Final residual = 0.000461588, No Iterations 4
GAMG:  Solving for p, Initial residual = 0.00776227, Final residual = 6.72394e-05, No Iterations 18
GAMG:  Solving for p, Initial residual = 0.00358436, Final residual = 3.03851e-05, No Iterations 10
time step continuity errors : sum local = 3.9397e-07, global = -1.01699e-07, cumulative = -2.90118e-07
PIMPLE: iteration 2
DILUPBiCG:  Solving for Ux, Initial residual = 0.0124748, Final residual = 5.13307e-05, No Iterations 1
DILUPBiCG:  Solving for Uy, Initial residual = 0.00202532, Final residual = 6.74643e-06, No Iterations 1
DILUPBiCG:  Solving for Uz, Initial residual = 0.00414346, Final residual = 2.17293e-05, No Iterations 1
GAMG:  Solving for p, Initial residual = 0.0551641, Final residual = 0.000533592, No Iterations 5
GAMG:  Solving for p, Initial residual = 0.0105798, Final residual = 0.000101021, No Iterations 13
GAMG:  Solving for p, Initial residual = 0.00439625, Final residual = 4.29555e-05, No Iterations 10
time step continuity errors : sum local = 4.68889e-07, global = 1.26736e-07, cumulative = -1.63382e-07
GAMG:  Solving for p, Initial residual = 0.0286679, Final residual = 0.000249351, No Iterations 4
GAMG:  Solving for p, Initial residual = 0.0051331, Final residual = 4.41843e-05, No Iterations 14
GAMG:  Solving for p, Initial residual = 0.00210926, Final residual = 1.86295e-05, No Iterations 10
time step continuity errors : sum local = 2.04766e-07, global = 5.28384e-08, cumulative = -1.10543e-07
PIMPLE: iteration 3
DILUPBiCG:  Solving for Ux, Initial residual = 0.00293037, Final residual = 1.04458e-06, No Iterations 2
DILUPBiCG:  Solving for Uy, Initial residual = 0.000472759, Final residual = 8.9689e-06, No Iterations 1
DILUPBiCG:  Solving for Uz, Initial residual = 0.00945862, Final residual = 2.53071e-06, No Iterations 2
GAMG:  Solving for p, Initial residual = 0.0409842, Final residual = 0.0003254, No Iterations 5
GAMG:  Solving for p, Initial residual = 0.0101537, Final residual = 8.24296e-05, No Iterations 7
GAMG:  Solving for p, Initial residual = 0.00435225, Final residual = 4.32065e-05, No Iterations 4
time step continuity errors : sum local = 5.31112e-07, global = 1.63328e-07, cumulative = 5.27843e-08
GAMG:  Solving for p, Initial residual = 0.00260241, Final residual = 2.25789e-05, No Iterations 20
GAMG:  Solving for p, Initial residual = 0.00151181, Final residual = 1.17442e-05, No Iterations 4
GAMG:  Solving for p, Initial residual = 0.000559974, Final residual = 8.88894e-07, No Iterations 34
time step continuity errors : sum local = 1.09266e-08, global = -3.20691e-09, cumulative = 4.95774e-08
DILUPBiCG:  Solving for omega, Initial residual = 0.00111416, Final residual = 1.25815e-06, No Iterations 1
DILUPBiCG:  Solving for k, Initial residual = 0.00598314, Final residual = 1.31377e-06, No Iterations 2
ExecutionTime = 17.44 s  ClockTime = 18 s

End

