/*---------------------------------------------------------------------------*\
| =========                 |                                                 |
| \\      /  F ield         | OpenFOAM: The Open Source CFD Toolbox           |
|  \\    /   O peration     | Version:  2.3.1                                 |
|   \\  /    A nd           | Web:      www.OpenFOAM.org                      |
|    \\/     M anipulation  |                                                 |
\*---------------------------------------------------------------------------*/
Build  : 2.3.1-262087cdf8db
Exec   : pimpleDyMFoam
Date   : Jun 06 2023
Time   : 03:03:49
Host   : "jcosson-VirtualBox"
PID    : 17557
Case   : /home/jcosson/workspace/henersj_shootingdata/calcs/moderate_deformed/primal/100_intervals_05-06-23/sweep89/interval97
nProcs : 1
sigFpe : Enabling floating point exception trapping (FOAM_SIGFPE).
fileModificationChecking : Monitoring run-time modified files using timeStampMaster
allowSystemOperations : Allowing user-supplied system call operations

// * * * * * * * * * * * * * * * * * * * * * * * * * * * * * * * * * * * * * //
Create time

Create mesh for time = 0.496

Selecting dynamicFvMesh dynamicMotionSolverFvMesh
Selecting motion solver: displacementLaplacian
Selecting motion diffusion: quadratic
Selecting motion diffusion: quadratic
Selecting motion diffusion: inverseDistance

PIMPLE: no residual control data found. Calculations will employ 3 corrector loops

Reading field p

Reading field U

Reading/calculating face flux field phi

Selecting incompressible transport model Newtonian
Selecting turbulence model type RASModel
Selecting RAS turbulence model kOmegaSST
bounding k, min: 0 max: 0.00052016 average: 0.000143884
kOmegaSSTCoeffs
{
    alphaK1         0.85034;
    alphaK2         1;
    alphaOmega1     0.5;
    alphaOmega2     0.85616;
    gamma1          0.5532;
    gamma2          0.4403;
    beta1           0.075;
    beta2           0.0828;
    betaStar        0.09;
    a1              0.31;
    c1              10;
    Cmu             0.09;
    b1              1;
    F3              false;
}

Reading/calculating face velocity Uf

No finite volume options present

Courant Number mean: 0.101122 max: 0.219363

Starting time loop

Courant Number mean: 0.101122 max: 0.219363
Time = 0.497

GAMG:  Solving for cellDisplacementx, Initial residual = 0, Final residual = 0, No Iterations 0
GAMG:  Solving for cellDisplacementy, Initial residual = 0, Final residual = 0, No Iterations 0
GAMG:  Solving for cellDisplacementz, Initial residual = 0, Final residual = 0, No Iterations 0
PIMPLE: iteration 1
DILUPBiCG:  Solving for Ux, Initial residual = 0.0257998, Final residual = 0.00010273, No Iterations 1
DILUPBiCG:  Solving for Uy, Initial residual = 0.00559663, Final residual = 1.14127e-05, No Iterations 1
DILUPBiCG:  Solving for Uz, Initial residual = 0.00947016, Final residual = 1.38334e-05, No Iterations 1
GAMG:  Solving for p, Initial residual = 0.0995356, Final residual = 0.000707436, No Iterations 3
GAMG:  Solving for p, Initial residual = 0.0131325, Final residual = 0.000126256, No Iterations 4
GAMG:  Solving for p, Initial residual = 0.00595239, Final residual = 5.27024e-05, No Iterations 7
time step continuity errors : sum local = 2.64244e-07, global = 7.57865e-08, cumulative = 7.57865e-08
GAMG:  Solving for p, Initial residual = 0.0484693, Final residual = 0.000330303, No Iterations 3
GAMG:  Solving for p, Initial residual = 0.00651207, Final residual = 5.27441e-05, No Iterations 5
GAMG:  Solving for p, Initial residual = 0.00301481, Final residual = 3.00115e-05, No Iterations 8
time step continuity errors : sum local = 1.51217e-07, global = 3.28299e-08, cumulative = 1.08616e-07
PIMPLE: iteration 2
DILUPBiCG:  Solving for Ux, Initial residual = 0.00599894, Final residual = 3.89845e-05, No Iterations 1
DILUPBiCG:  Solving for Uy, Initial residual = 0.00132226, Final residual = 2.75045e-06, No Iterations 1
DILUPBiCG:  Solving for Uz, Initial residual = 0.00305824, Final residual = 0.000175393, No Iterations 1
GAMG:  Solving for p, Initial residual = 0.0458012, Final residual = 0.000351097, No Iterations 6
GAMG:  Solving for p, Initial residual = 0.0180626, Final residual = 0.000178085, No Iterations 7
GAMG:  Solving for p, Initial residual = 0.00456711, Final residual = 4.42764e-05, No Iterations 17
time step continuity errors : sum local = 1.94951e-07, global = -5.49776e-08, cumulative = 5.36388e-08
GAMG:  Solving for p, Initial residual = 0.0243022, Final residual = 0.0001615, No Iterations 6
GAMG:  Solving for p, Initial residual = 0.00929043, Final residual = 8.61821e-05, No Iterations 6
GAMG:  Solving for p, Initial residual = 0.00216015, Final residual = 1.85604e-05, No Iterations 18
time step continuity errors : sum local = 8.16256e-08, global = -2.30336e-08, cumulative = 3.06052e-08
PIMPLE: iteration 3
DILUPBiCG:  Solving for Ux, Initial residual = 0.000920031, Final residual = 9.4429e-07, No Iterations 2
DILUPBiCG:  Solving for Uy, Initial residual = 0.000226072, Final residual = 7.47507e-06, No Iterations 1
DILUPBiCG:  Solving for Uz, Initial residual = 0.00215749, Final residual = 1.66076e-06, No Iterations 2
GAMG:  Solving for p, Initial residual = 0.0617179, Final residual = 0.000415046, No Iterations 5
GAMG:  Solving for p, Initial residual = 0.0126271, Final residual = 0.000111081, No Iterations 16
GAMG:  Solving for p, Initial residual = 0.00793034, Final residual = 7.10388e-05, No Iterations 8
time step continuity errors : sum local = 3.41549e-07, global = -7.98096e-08, cumulative = -4.92045e-08
GAMG:  Solving for p, Initial residual = 0.00294421, Final residual = 2.31759e-05, No Iterations 8
GAMG:  Solving for p, Initial residual = 0.00155144, Final residual = 1.49887e-05, No Iterations 4
GAMG:  Solving for p, Initial residual = 0.000555231, Final residual = 9.66792e-07, No Iterations 29
time step continuity errors : sum local = 4.5811e-09, global = 1.39013e-09, cumulative = -4.78143e-08
DILUPBiCG:  Solving for omega, Initial residual = 0.00127891, Final residual = 6.64593e-07, No Iterations 1
DILUPBiCG:  Solving for k, Initial residual = 0.00305065, Final residual = 7.0365e-07, No Iterations 2
bounding k, min: 0 max: 0.000514653 average: 0.000143252
ExecutionTime = 14.2 s  ClockTime = 14 s

End

