/*---------------------------------------------------------------------------*\
| =========                 |                                                 |
| \\      /  F ield         | OpenFOAM: The Open Source CFD Toolbox           |
|  \\    /   O peration     | Version:  2.3.1                                 |
|   \\  /    A nd           | Web:      www.OpenFOAM.org                      |
|    \\/     M anipulation  |                                                 |
\*---------------------------------------------------------------------------*/
Build  : 2.3.1-262087cdf8db
Exec   : pimpleDyMFoam
Date   : Jun 06 2023
Time   : 03:03:49
Host   : "jcosson-VirtualBox"
PID    : 17544
Case   : /home/jcosson/workspace/henersj_shootingdata/calcs/moderate_deformed/primal/100_intervals_05-06-23/sweep89/interval91
nProcs : 1
sigFpe : Enabling floating point exception trapping (FOAM_SIGFPE).
fileModificationChecking : Monitoring run-time modified files using timeStampMaster
allowSystemOperations : Allowing user-supplied system call operations

// * * * * * * * * * * * * * * * * * * * * * * * * * * * * * * * * * * * * * //
Create time

Create mesh for time = 0.49

Selecting dynamicFvMesh dynamicMotionSolverFvMesh
Selecting motion solver: displacementLaplacian
Selecting motion diffusion: quadratic
Selecting motion diffusion: quadratic
Selecting motion diffusion: inverseDistance

PIMPLE: no residual control data found. Calculations will employ 3 corrector loops

Reading field p

Reading field U

Reading/calculating face flux field phi

Selecting incompressible transport model Newtonian
Selecting turbulence model type RASModel
Selecting RAS turbulence model kOmegaSST
bounding k, min: 0 max: 0.000571273 average: 0.000147972
kOmegaSSTCoeffs
{
    alphaK1         0.85034;
    alphaK2         1;
    alphaOmega1     0.5;
    alphaOmega2     0.85616;
    gamma1          0.5532;
    gamma2          0.4403;
    beta1           0.075;
    beta2           0.0828;
    betaStar        0.09;
    a1              0.31;
    c1              10;
    Cmu             0.09;
    b1              1;
    F3              false;
}

Reading/calculating face velocity Uf

No finite volume options present

Courant Number mean: 0.115556 max: 0.249858

Starting time loop

Courant Number mean: 0.115556 max: 0.249858
Time = 0.491

GAMG:  Solving for cellDisplacementx, Initial residual = 0, Final residual = 0, No Iterations 0
GAMG:  Solving for cellDisplacementy, Initial residual = 0, Final residual = 0, No Iterations 0
GAMG:  Solving for cellDisplacementz, Initial residual = 0, Final residual = 0, No Iterations 0
PIMPLE: iteration 1
DILUPBiCG:  Solving for Ux, Initial residual = 0.0519623, Final residual = 0.000204361, No Iterations 1
DILUPBiCG:  Solving for Uy, Initial residual = 0.0104532, Final residual = 2.17083e-05, No Iterations 1
DILUPBiCG:  Solving for Uz, Initial residual = 0.0111669, Final residual = 1.11342e-05, No Iterations 1
GAMG:  Solving for p, Initial residual = 0.111543, Final residual = 0.000675043, No Iterations 4
GAMG:  Solving for p, Initial residual = 0.0147572, Final residual = 0.000135608, No Iterations 16
GAMG:  Solving for p, Initial residual = 0.00700112, Final residual = 5.85487e-05, No Iterations 10
time step continuity errors : sum local = 6.02151e-07, global = 1.55833e-07, cumulative = 1.55833e-07
GAMG:  Solving for p, Initial residual = 0.0506545, Final residual = 0.000286118, No Iterations 4
GAMG:  Solving for p, Initial residual = 0.00727131, Final residual = 6.82938e-05, No Iterations 14
GAMG:  Solving for p, Initial residual = 0.00350577, Final residual = 3.08432e-05, No Iterations 10
time step continuity errors : sum local = 3.19093e-07, global = 8.23545e-08, cumulative = 2.38188e-07
PIMPLE: iteration 2
DILUPBiCG:  Solving for Ux, Initial residual = 0.0132811, Final residual = 8.30413e-05, No Iterations 1
DILUPBiCG:  Solving for Uy, Initial residual = 0.00276938, Final residual = 5.72786e-06, No Iterations 1
DILUPBiCG:  Solving for Uz, Initial residual = 0.00276557, Final residual = 9.41009e-06, No Iterations 1
GAMG:  Solving for p, Initial residual = 0.0494075, Final residual = 0.000485148, No Iterations 5
GAMG:  Solving for p, Initial residual = 0.0110089, Final residual = 0.000100665, No Iterations 11
GAMG:  Solving for p, Initial residual = 0.00416658, Final residual = 3.81995e-05, No Iterations 12
time step continuity errors : sum local = 3.44564e-07, global = -1.00855e-07, cumulative = 1.37333e-07
GAMG:  Solving for p, Initial residual = 0.0260174, Final residual = 0.000234493, No Iterations 4
GAMG:  Solving for p, Initial residual = 0.00570161, Final residual = 5.14778e-05, No Iterations 12
GAMG:  Solving for p, Initial residual = 0.00210362, Final residual = 1.84254e-05, No Iterations 12
time step continuity errors : sum local = 1.66526e-07, global = -4.84967e-08, cumulative = 8.88362e-08
PIMPLE: iteration 3
DILUPBiCG:  Solving for Ux, Initial residual = 0.00272378, Final residual = 2.97274e-06, No Iterations 2
DILUPBiCG:  Solving for Uy, Initial residual = 0.000599195, Final residual = 5.23237e-06, No Iterations 1
DILUPBiCG:  Solving for Uz, Initial residual = 0.00429084, Final residual = 3.19117e-06, No Iterations 2
GAMG:  Solving for p, Initial residual = 0.0468168, Final residual = 0.000343376, No Iterations 5
GAMG:  Solving for p, Initial residual = 0.0105338, Final residual = 0.000100114, No Iterations 14
GAMG:  Solving for p, Initial residual = 0.0054456, Final residual = 5.30321e-05, No Iterations 10
time step continuity errors : sum local = 5.34736e-07, global = -1.42396e-07, cumulative = -5.35594e-08
GAMG:  Solving for p, Initial residual = 0.00255576, Final residual = 2.01253e-05, No Iterations 8
GAMG:  Solving for p, Initial residual = 0.00134475, Final residual = 1.32165e-05, No Iterations 4
GAMG:  Solving for p, Initial residual = 0.000537436, Final residual = 8.93417e-07, No Iterations 21
time step continuity errors : sum local = 8.89832e-09, global = 2.64891e-09, cumulative = -5.09105e-08
DILUPBiCG:  Solving for omega, Initial residual = 0.00118367, Final residual = 6.94566e-07, No Iterations 1
DILUPBiCG:  Solving for k, Initial residual = 0.00329141, Final residual = 6.80798e-07, No Iterations 2
bounding k, min: 0 max: 0.000557013 average: 0.0001472
ExecutionTime = 14.53 s  ClockTime = 14 s

End

