/*---------------------------------------------------------------------------*\
| =========                 |                                                 |
| \\      /  F ield         | OpenFOAM: The Open Source CFD Toolbox           |
|  \\    /   O peration     | Version:  2.3.1                                 |
|   \\  /    A nd           | Web:      www.OpenFOAM.org                      |
|    \\/     M anipulation  |                                                 |
\*---------------------------------------------------------------------------*/
Build  : 2.3.1-262087cdf8db
Exec   : pimpleDyMFoam
Date   : Jun 05 2023
Time   : 18:31:19
Host   : "jcosson-VirtualBox"
PID    : 18620
Case   : /home/jcosson/workspace/henersj_shootingdata/calcs/moderate_deformed/primal/56_intervals_05-06-23/sweep15/interval24
nProcs : 1
sigFpe : Enabling floating point exception trapping (FOAM_SIGFPE).
fileModificationChecking : Monitoring run-time modified files using timeStampMaster
allowSystemOperations : Allowing user-supplied system call operations

// * * * * * * * * * * * * * * * * * * * * * * * * * * * * * * * * * * * * * //
Create time

Create mesh for time = 0.441

Selecting dynamicFvMesh dynamicMotionSolverFvMesh
Selecting motion solver: displacementLaplacian
Selecting motion diffusion: quadratic
Selecting motion diffusion: quadratic
Selecting motion diffusion: inverseDistance

PIMPLE: no residual control data found. Calculations will employ 3 corrector loops

Reading field p

Reading field U

Reading/calculating face flux field phi

Selecting incompressible transport model Newtonian
Selecting turbulence model type RASModel
Selecting RAS turbulence model kOmegaSST
kOmegaSSTCoeffs
{
    alphaK1         0.85034;
    alphaK2         1;
    alphaOmega1     0.5;
    alphaOmega2     0.85616;
    gamma1          0.5532;
    gamma2          0.4403;
    beta1           0.075;
    beta2           0.0828;
    betaStar        0.09;
    a1              0.31;
    c1              10;
    Cmu             0.09;
    b1              1;
    F3              false;
}

Reading/calculating face velocity Uf

No finite volume options present

Courant Number mean: 0.265527 max: 0.583114

Starting time loop

Courant Number mean: 0.265527 max: 0.583114
Time = 0.442

GAMG:  Solving for cellDisplacementx, Initial residual = 0, Final residual = 0, No Iterations 0
GAMG:  Solving for cellDisplacementy, Initial residual = 0, Final residual = 0, No Iterations 0
GAMG:  Solving for cellDisplacementz, Initial residual = 0, Final residual = 0, No Iterations 0
PIMPLE: iteration 1
DILUPBiCG:  Solving for Ux, Initial residual = 0.0248585, Final residual = 8.46501e-05, No Iterations 1
DILUPBiCG:  Solving for Uy, Initial residual = 0.00387386, Final residual = 1.10078e-05, No Iterations 1
DILUPBiCG:  Solving for Uz, Initial residual = 0.0120593, Final residual = 2.20369e-05, No Iterations 1
GAMG:  Solving for p, Initial residual = 0.11794, Final residual = 0.00073933, No Iterations 4
GAMG:  Solving for p, Initial residual = 0.0167134, Final residual = 0.000143497, No Iterations 14
GAMG:  Solving for p, Initial residual = 0.00729383, Final residual = 6.63194e-05, No Iterations 10
time step continuity errors : sum local = 5.95742e-07, global = -1.58849e-07, cumulative = -1.58849e-07
GAMG:  Solving for p, Initial residual = 0.0530637, Final residual = 0.000290956, No Iterations 4
GAMG:  Solving for p, Initial residual = 0.00817005, Final residual = 7.28526e-05, No Iterations 12
GAMG:  Solving for p, Initial residual = 0.00362801, Final residual = 3.45625e-05, No Iterations 10
time step continuity errors : sum local = 3.1114e-07, global = -8.36353e-08, cumulative = -2.42484e-07
PIMPLE: iteration 2
DILUPBiCG:  Solving for Ux, Initial residual = 0.00690912, Final residual = 2.72366e-05, No Iterations 1
DILUPBiCG:  Solving for Uy, Initial residual = 0.00110747, Final residual = 6.15431e-06, No Iterations 1
DILUPBiCG:  Solving for Uz, Initial residual = 0.00303882, Final residual = 9.42907e-06, No Iterations 1
GAMG:  Solving for p, Initial residual = 0.0529799, Final residual = 0.000509834, No Iterations 5
GAMG:  Solving for p, Initial residual = 0.0131958, Final residual = 0.000126674, No Iterations 11
GAMG:  Solving for p, Initial residual = 0.00479677, Final residual = 4.304e-05, No Iterations 14
time step continuity errors : sum local = 3.29949e-07, global = 1.01261e-07, cumulative = -1.41224e-07
GAMG:  Solving for p, Initial residual = 0.0280428, Final residual = 0.000262577, No Iterations 4
GAMG:  Solving for p, Initial residual = 0.00631985, Final residual = 5.63359e-05, No Iterations 12
GAMG:  Solving for p, Initial residual = 0.00226991, Final residual = 2.22698e-05, No Iterations 12
time step continuity errors : sum local = 1.71777e-07, global = 5.01589e-08, cumulative = -9.10648e-08
PIMPLE: iteration 3
DILUPBiCG:  Solving for Ux, Initial residual = 0.00148058, Final residual = 9.73019e-06, No Iterations 1
DILUPBiCG:  Solving for Uy, Initial residual = 0.000243412, Final residual = 8.54032e-06, No Iterations 1
DILUPBiCG:  Solving for Uz, Initial residual = 0.00446531, Final residual = 2.0538e-06, No Iterations 2
GAMG:  Solving for p, Initial residual = 0.0486005, Final residual = 0.000384877, No Iterations 5
GAMG:  Solving for p, Initial residual = 0.0131416, Final residual = 0.000108954, No Iterations 12
GAMG:  Solving for p, Initial residual = 0.00570636, Final residual = 5.4314e-05, No Iterations 10
time step continuity errors : sum local = 4.62555e-07, global = 1.22026e-07, cumulative = 3.09614e-08
GAMG:  Solving for p, Initial residual = 0.00349849, Final residual = 3.04828e-05, No Iterations 16
GAMG:  Solving for p, Initial residual = 0.0020812, Final residual = 1.59529e-05, No Iterations 4
GAMG:  Solving for p, Initial residual = 0.00069857, Final residual = 8.75416e-07, No Iterations 40
time step continuity errors : sum local = 7.43162e-09, global = -2.1987e-09, cumulative = 2.87627e-08
DILUPBiCG:  Solving for omega, Initial residual = 0.00115287, Final residual = 1.43086e-06, No Iterations 1
DILUPBiCG:  Solving for k, Initial residual = 0.00638893, Final residual = 1.16644e-06, No Iterations 2
ExecutionTime = 17.64 s  ClockTime = 18 s

Courant Number mean: 0.268478 max: 0.590257
Time = 0.443

GAMG:  Solving for cellDisplacementx, Initial residual = 0, Final residual = 0, No Iterations 0
GAMG:  Solving for cellDisplacementy, Initial residual = 0, Final residual = 0, No Iterations 0
GAMG:  Solving for cellDisplacementz, Initial residual = 0, Final residual = 0, No Iterations 0
PIMPLE: iteration 1
DILUPBiCG:  Solving for Ux, Initial residual = 0.0223031, Final residual = 7.71482e-05, No Iterations 1
DILUPBiCG:  Solving for Uy, Initial residual = 0.0034526, Final residual = 1.01512e-05, No Iterations 1
DILUPBiCG:  Solving for Uz, Initial residual = 0.00996155, Final residual = 2.01043e-05, No Iterations 1
GAMG:  Solving for p, Initial residual = 0.0994827, Final residual = 0.00071036, No Iterations 4
GAMG:  Solving for p, Initial residual = 0.0136222, Final residual = 0.000120569, No Iterations 16
GAMG:  Solving for p, Initial residual = 0.0062598, Final residual = 5.47797e-05, No Iterations 10
time step continuity errors : sum local = 4.52115e-07, global = -1.18408e-07, cumulative = -8.96454e-08
GAMG:  Solving for p, Initial residual = 0.0451198, Final residual = 0.000276628, No Iterations 4
GAMG:  Solving for p, Initial residual = 0.00661924, Final residual = 6.00499e-05, No Iterations 14
GAMG:  Solving for p, Initial residual = 0.0030937, Final residual = 2.92888e-05, No Iterations 10
time step continuity errors : sum local = 2.42168e-07, global = -6.48338e-08, cumulative = -1.54479e-07
PIMPLE: iteration 2
DILUPBiCG:  Solving for Ux, Initial residual = 0.00615571, Final residual = 2.47661e-05, No Iterations 1
DILUPBiCG:  Solving for Uy, Initial residual = 0.000987121, Final residual = 6.14089e-06, No Iterations 1
DILUPBiCG:  Solving for Uz, Initial residual = 0.00317984, Final residual = 1.02606e-05, No Iterations 1
GAMG:  Solving for p, Initial residual = 0.0436704, Final residual = 0.000343537, No Iterations 6
GAMG:  Solving for p, Initial residual = 0.0118579, Final residual = 0.000117577, No Iterations 12
GAMG:  Solving for p, Initial residual = 0.00391682, Final residual = 3.34415e-05, No Iterations 16
time step continuity errors : sum local = 2.35985e-07, global = 7.28911e-08, cumulative = -8.15881e-08
GAMG:  Solving for p, Initial residual = 0.0229987, Final residual = 0.00022718, No Iterations 5
GAMG:  Solving for p, Initial residual = 0.00559241, Final residual = 4.97492e-05, No Iterations 11
GAMG:  Solving for p, Initial residual = 0.00180299, Final residual = 1.72521e-05, No Iterations 14
time step continuity errors : sum local = 1.22597e-07, global = 3.75809e-08, cumulative = -4.40072e-08
PIMPLE: iteration 3
DILUPBiCG:  Solving for Ux, Initial residual = 0.00128808, Final residual = 8.66287e-06, No Iterations 1
DILUPBiCG:  Solving for Uy, Initial residual = 0.000214074, Final residual = 7.46461e-06, No Iterations 1
DILUPBiCG:  Solving for Uz, Initial residual = 0.00446349, Final residual = 1.8876e-06, No Iterations 2
GAMG:  Solving for p, Initial residual = 0.0488365, Final residual = 0.000386571, No Iterations 5
GAMG:  Solving for p, Initial residual = 0.0133186, Final residual = 0.000113612, No Iterations 12
GAMG:  Solving for p, Initial residual = 0.00586682, Final residual = 5.63695e-05, No Iterations 10
time step continuity errors : sum local = 4.41061e-07, global = 1.17092e-07, cumulative = 7.30851e-08
GAMG:  Solving for p, Initial residual = 0.00355637, Final residual = 3.37618e-05, No Iterations 14
GAMG:  Solving for p, Initial residual = 0.00213046, Final residual = 1.66129e-05, No Iterations 4
GAMG:  Solving for p, Initial residual = 0.000717773, Final residual = 8.88851e-07, No Iterations 40
time step continuity errors : sum local = 6.92727e-09, global = -2.04933e-09, cumulative = 7.10358e-08
DILUPBiCG:  Solving for omega, Initial residual = 0.00116868, Final residual = 1.47264e-06, No Iterations 1
DILUPBiCG:  Solving for k, Initial residual = 0.00635478, Final residual = 1.08942e-06, No Iterations 2
ExecutionTime = 32.31 s  ClockTime = 32 s

End

