/*---------------------------------------------------------------------------*\
| =========                 |                                                 |
| \\      /  F ield         | OpenFOAM: The Open Source CFD Toolbox           |
|  \\    /   O peration     | Version:  2.3.1                                 |
|   \\  /    A nd           | Web:      www.OpenFOAM.org                      |
|    \\/     M anipulation  |                                                 |
\*---------------------------------------------------------------------------*/
Build  : 2.3.1-262087cdf8db
Exec   : pimpleDyMFoam
Date   : Jun 05 2023
Time   : 18:32:24
Host   : "jcosson-VirtualBox"
PID    : 18680
Case   : /home/jcosson/workspace/henersj_shootingdata/calcs/moderate_deformed/primal/56_intervals_05-06-23/sweep15/interval53
nProcs : 1
sigFpe : Enabling floating point exception trapping (FOAM_SIGFPE).
fileModificationChecking : Monitoring run-time modified files using timeStampMaster
allowSystemOperations : Allowing user-supplied system call operations

// * * * * * * * * * * * * * * * * * * * * * * * * * * * * * * * * * * * * * //
Create time

Create mesh for time = 0.493

Selecting dynamicFvMesh dynamicMotionSolverFvMesh
Selecting motion solver: displacementLaplacian
Selecting motion diffusion: quadratic
Selecting motion diffusion: quadratic
Selecting motion diffusion: inverseDistance

PIMPLE: no residual control data found. Calculations will employ 3 corrector loops

Reading field p

Reading field U

Reading/calculating face flux field phi

Selecting incompressible transport model Newtonian
Selecting turbulence model type RASModel
Selecting RAS turbulence model kOmegaSST
bounding k, min: 0 max: 0.000659486 average: 0.00015453
kOmegaSSTCoeffs
{
    alphaK1         0.85034;
    alphaK2         1;
    alphaOmega1     0.5;
    alphaOmega2     0.85616;
    gamma1          0.5532;
    gamma2          0.4403;
    beta1           0.075;
    beta2           0.0828;
    betaStar        0.09;
    a1              0.31;
    c1              10;
    Cmu             0.09;
    b1              1;
    F3              false;
}

Reading/calculating face velocity Uf

No finite volume options present

Courant Number mean: 0.106934 max: 0.242608

Starting time loop

Courant Number mean: 0.106934 max: 0.242608
Time = 0.494

GAMG:  Solving for cellDisplacementx, Initial residual = 0, Final residual = 0, No Iterations 0
GAMG:  Solving for cellDisplacementy, Initial residual = 0, Final residual = 0, No Iterations 0
GAMG:  Solving for cellDisplacementz, Initial residual = 0, Final residual = 0, No Iterations 0
PIMPLE: iteration 1
DILUPBiCG:  Solving for Ux, Initial residual = 0.0402389, Final residual = 0.000146735, No Iterations 1
DILUPBiCG:  Solving for Uy, Initial residual = 0.0085308, Final residual = 1.7087e-05, No Iterations 1
DILUPBiCG:  Solving for Uz, Initial residual = 0.0141331, Final residual = 1.29975e-05, No Iterations 1
GAMG:  Solving for p, Initial residual = 0.109762, Final residual = 0.000480583, No Iterations 4
GAMG:  Solving for p, Initial residual = 0.015965, Final residual = 0.0001538, No Iterations 14
GAMG:  Solving for p, Initial residual = 0.00808896, Final residual = 7.43002e-05, No Iterations 4
time step continuity errors : sum local = 5.67612e-07, global = 1.96115e-07, cumulative = 1.96115e-07
GAMG:  Solving for p, Initial residual = 0.0509771, Final residual = 0.000212183, No Iterations 4
GAMG:  Solving for p, Initial residual = 0.00777753, Final residual = 7.14446e-05, No Iterations 14
GAMG:  Solving for p, Initial residual = 0.0040709, Final residual = 3.51584e-05, No Iterations 4
time step continuity errors : sum local = 2.71189e-07, global = 9.243e-08, cumulative = 2.88545e-07
PIMPLE: iteration 2
DILUPBiCG:  Solving for Ux, Initial residual = 0.00994633, Final residual = 5.69049e-05, No Iterations 1
DILUPBiCG:  Solving for Uy, Initial residual = 0.00215232, Final residual = 4.35418e-06, No Iterations 1
DILUPBiCG:  Solving for Uz, Initial residual = 0.00292252, Final residual = 1.74868e-05, No Iterations 1
GAMG:  Solving for p, Initial residual = 0.0491686, Final residual = 0.000344259, No Iterations 6
GAMG:  Solving for p, Initial residual = 0.0125334, Final residual = 0.000116599, No Iterations 12
GAMG:  Solving for p, Initial residual = 0.00492432, Final residual = 4.15075e-05, No Iterations 10
time step continuity errors : sum local = 2.79521e-07, global = -7.1361e-08, cumulative = 2.17184e-07
GAMG:  Solving for p, Initial residual = 0.0262665, Final residual = 0.000254439, No Iterations 4
GAMG:  Solving for p, Initial residual = 0.00651487, Final residual = 5.81675e-05, No Iterations 12
GAMG:  Solving for p, Initial residual = 0.00268879, Final residual = 2.5174e-05, No Iterations 4
time step continuity errors : sum local = 1.6984e-07, global = -6.44606e-08, cumulative = 1.52723e-07
PIMPLE: iteration 3
DILUPBiCG:  Solving for Ux, Initial residual = 0.00191416, Final residual = 3.71614e-06, No Iterations 2
DILUPBiCG:  Solving for Uy, Initial residual = 0.000460661, Final residual = 6.60632e-06, No Iterations 1
DILUPBiCG:  Solving for Uz, Initial residual = 0.00411931, Final residual = 1.84473e-06, No Iterations 2
GAMG:  Solving for p, Initial residual = 0.0506592, Final residual = 0.000370232, No Iterations 5
GAMG:  Solving for p, Initial residual = 0.0114567, Final residual = 0.000108845, No Iterations 14
GAMG:  Solving for p, Initial residual = 0.0061342, Final residual = 5.68286e-05, No Iterations 10
time step continuity errors : sum local = 4.25694e-07, global = -1.14466e-07, cumulative = 3.82564e-08
GAMG:  Solving for p, Initial residual = 0.00280281, Final residual = 2.29041e-05, No Iterations 8
GAMG:  Solving for p, Initial residual = 0.00144476, Final residual = 1.41021e-05, No Iterations 4
GAMG:  Solving for p, Initial residual = 0.00059685, Final residual = 8.4707e-07, No Iterations 25
time step continuity errors : sum local = 6.25929e-09, global = 1.98912e-09, cumulative = 4.02456e-08
DILUPBiCG:  Solving for omega, Initial residual = 0.00142039, Final residual = 7.39297e-07, No Iterations 1
DILUPBiCG:  Solving for k, Initial residual = 0.0036539, Final residual = 5.88124e-07, No Iterations 2
bounding k, min: 0 max: 0.000649388 average: 0.00015359
ExecutionTime = 10.17 s  ClockTime = 10 s

Courant Number mean: 0.104686 max: 0.237565
Time = 0.495

GAMG:  Solving for cellDisplacementx, Initial residual = 0, Final residual = 0, No Iterations 0
GAMG:  Solving for cellDisplacementy, Initial residual = 0, Final residual = 0, No Iterations 0
GAMG:  Solving for cellDisplacementz, Initial residual = 0, Final residual = 0, No Iterations 0
PIMPLE: iteration 1
DILUPBiCG:  Solving for Ux, Initial residual = 0.03573, Final residual = 0.000130329, No Iterations 1
DILUPBiCG:  Solving for Uy, Initial residual = 0.00761484, Final residual = 1.51586e-05, No Iterations 1
DILUPBiCG:  Solving for Uz, Initial residual = 0.013569, Final residual = 1.75578e-05, No Iterations 1
GAMG:  Solving for p, Initial residual = 0.100213, Final residual = 0.000568735, No Iterations 4
GAMG:  Solving for p, Initial residual = 0.0130925, Final residual = 0.00011518, No Iterations 16
GAMG:  Solving for p, Initial residual = 0.00686247, Final residual = 5.83443e-05, No Iterations 5
time step continuity errors : sum local = 3.95456e-07, global = 6.47046e-08, cumulative = 1.0495e-07
GAMG:  Solving for p, Initial residual = 0.0473794, Final residual = 0.000275787, No Iterations 4
GAMG:  Solving for p, Initial residual = 0.00632447, Final residual = 6.05103e-05, No Iterations 14
GAMG:  Solving for p, Initial residual = 0.00338943, Final residual = 2.69474e-05, No Iterations 5
time step continuity errors : sum local = 1.83799e-07, global = 2.73217e-08, cumulative = 1.32272e-07
PIMPLE: iteration 2
DILUPBiCG:  Solving for Ux, Initial residual = 0.00870045, Final residual = 4.98773e-05, No Iterations 1
DILUPBiCG:  Solving for Uy, Initial residual = 0.0018951, Final residual = 3.8227e-06, No Iterations 1
DILUPBiCG:  Solving for Uz, Initial residual = 0.00283872, Final residual = 2.50966e-05, No Iterations 1
GAMG:  Solving for p, Initial residual = 0.0447059, Final residual = 0.000327021, No Iterations 6
GAMG:  Solving for p, Initial residual = 0.01335, Final residual = 0.000127099, No Iterations 12
GAMG:  Solving for p, Initial residual = 0.00446518, Final residual = 4.0319e-05, No Iterations 14
time step continuity errors : sum local = 2.3923e-07, global = -7.4019e-08, cumulative = 5.82529e-08
GAMG:  Solving for p, Initial residual = 0.0240786, Final residual = 0.000228346, No Iterations 5
GAMG:  Solving for p, Initial residual = 0.00745297, Final residual = 6.58052e-05, No Iterations 9
GAMG:  Solving for p, Initial residual = 0.00216636, Final residual = 2.15285e-05, No Iterations 14
time step continuity errors : sum local = 1.27726e-07, global = -3.87544e-08, cumulative = 1.94984e-08
PIMPLE: iteration 3
DILUPBiCG:  Solving for Ux, Initial residual = 0.00156892, Final residual = 5.90267e-08, No Iterations 3
DILUPBiCG:  Solving for Uy, Initial residual = 0.000376005, Final residual = 9.86034e-06, No Iterations 1
DILUPBiCG:  Solving for Uz, Initial residual = 0.00290495, Final residual = 2.41793e-06, No Iterations 2
GAMG:  Solving for p, Initial residual = 0.0520437, Final residual = 0.0003888, No Iterations 5
GAMG:  Solving for p, Initial residual = 0.0119953, Final residual = 0.000116382, No Iterations 14
GAMG:  Solving for p, Initial residual = 0.00654278, Final residual = 6.12942e-05, No Iterations 10
time step continuity errors : sum local = 4.03362e-07, global = -1.09659e-07, cumulative = -9.01605e-08
GAMG:  Solving for p, Initial residual = 0.00286143, Final residual = 2.27042e-05, No Iterations 8
GAMG:  Solving for p, Initial residual = 0.00146996, Final residual = 1.36787e-05, No Iterations 4
GAMG:  Solving for p, Initial residual = 0.000552743, Final residual = 9.64893e-07, No Iterations 23
time step continuity errors : sum local = 6.25691e-09, global = 2.06414e-09, cumulative = -8.80964e-08
DILUPBiCG:  Solving for omega, Initial residual = 0.00142711, Final residual = 7.28334e-07, No Iterations 1
DILUPBiCG:  Solving for k, Initial residual = 0.00361487, Final residual = 5.94644e-07, No Iterations 2
bounding k, min: 0 max: 0.000638801 average: 0.000152674
ExecutionTime = 16.95 s  ClockTime = 17 s

End

