/*---------------------------------------------------------------------------*\
| =========                 |                                                 |
| \\      /  F ield         | OpenFOAM: The Open Source CFD Toolbox           |
|  \\    /   O peration     | Version:  2.3.1                                 |
|   \\  /    A nd           | Web:      www.OpenFOAM.org                      |
|    \\/     M anipulation  |                                                 |
\*---------------------------------------------------------------------------*/
Build  : 2.3.1-262087cdf8db
Exec   : pimpleDyMFoam
Date   : Jun 05 2023
Time   : 14:37:40
Host   : "jcosson-VirtualBox"
PID    : 8080
Case   : /home/jcosson/workspace/henersj_shootingdata/calcs/moderate_deformed/primal/10_intervals_05-06-23/sweep2/interval10
nProcs : 1
sigFpe : Enabling floating point exception trapping (FOAM_SIGFPE).
fileModificationChecking : Monitoring run-time modified files using timeStampMaster
allowSystemOperations : Allowing user-supplied system call operations

// * * * * * * * * * * * * * * * * * * * * * * * * * * * * * * * * * * * * * //
Create time

Create mesh for time = 0.49

Selecting dynamicFvMesh dynamicMotionSolverFvMesh
Selecting motion solver: displacementLaplacian
Selecting motion diffusion: quadratic
Selecting motion diffusion: quadratic
Selecting motion diffusion: inverseDistance

PIMPLE: no residual control data found. Calculations will employ 3 corrector loops

Reading field p

Reading field U

Reading/calculating face flux field phi

Selecting incompressible transport model Newtonian
Selecting turbulence model type RASModel
Selecting RAS turbulence model kOmegaSST
bounding k, min: 0 max: 0.000740652 average: 0.000159858
kOmegaSSTCoeffs
{
    alphaK1         0.85034;
    alphaK2         1;
    alphaOmega1     0.5;
    alphaOmega2     0.85616;
    gamma1          0.5532;
    gamma2          0.4403;
    beta1           0.075;
    beta2           0.0828;
    betaStar        0.09;
    a1              0.31;
    c1              10;
    Cmu             0.09;
    b1              1;
    F3              false;
}

Reading/calculating face velocity Uf

No finite volume options present

Courant Number mean: 0.115034 max: 0.254198

Starting time loop

Courant Number mean: 0.115034 max: 0.254198
Time = 0.491

GAMG:  Solving for cellDisplacementx, Initial residual = 0, Final residual = 0, No Iterations 0
GAMG:  Solving for cellDisplacementy, Initial residual = 0, Final residual = 0, No Iterations 0
GAMG:  Solving for cellDisplacementz, Initial residual = 0, Final residual = 0, No Iterations 0
PIMPLE: iteration 1
DILUPBiCG:  Solving for Ux, Initial residual = 0.0524496, Final residual = 0.000191034, No Iterations 1
DILUPBiCG:  Solving for Uy, Initial residual = 0.0105051, Final residual = 2.16407e-05, No Iterations 1
DILUPBiCG:  Solving for Uz, Initial residual = 0.023587, Final residual = 2.71851e-05, No Iterations 1
GAMG:  Solving for p, Initial residual = 0.118945, Final residual = 0.000669426, No Iterations 4
GAMG:  Solving for p, Initial residual = 0.0167235, Final residual = 0.000158474, No Iterations 14
GAMG:  Solving for p, Initial residual = 0.00768965, Final residual = 6.22895e-05, No Iterations 4
time step continuity errors : sum local = 5.97908e-07, global = 2.10918e-07, cumulative = 2.10918e-07
GAMG:  Solving for p, Initial residual = 0.0541365, Final residual = 0.000285688, No Iterations 4
GAMG:  Solving for p, Initial residual = 0.0083244, Final residual = 7.65162e-05, No Iterations 12
GAMG:  Solving for p, Initial residual = 0.00386006, Final residual = 2.99032e-05, No Iterations 4
time step continuity errors : sum local = 2.88346e-07, global = 1.03522e-07, cumulative = 3.1444e-07
PIMPLE: iteration 2
DILUPBiCG:  Solving for Ux, Initial residual = 0.0132506, Final residual = 7.51805e-05, No Iterations 1
DILUPBiCG:  Solving for Uy, Initial residual = 0.00277779, Final residual = 5.78964e-06, No Iterations 1
DILUPBiCG:  Solving for Uz, Initial residual = 0.00315947, Final residual = 1.03701e-05, No Iterations 1
GAMG:  Solving for p, Initial residual = 0.0532977, Final residual = 0.000523838, No Iterations 5
GAMG:  Solving for p, Initial residual = 0.0113439, Final residual = 0.000106241, No Iterations 11
GAMG:  Solving for p, Initial residual = 0.00468937, Final residual = 4.21929e-05, No Iterations 12
time step continuity errors : sum local = 3.52291e-07, global = -1.03934e-07, cumulative = 2.10506e-07
GAMG:  Solving for p, Initial residual = 0.0281582, Final residual = 0.0002666, No Iterations 4
GAMG:  Solving for p, Initial residual = 0.00591382, Final residual = 5.06405e-05, No Iterations 14
GAMG:  Solving for p, Initial residual = 0.00243708, Final residual = 2.23421e-05, No Iterations 10
time step continuity errors : sum local = 1.86547e-07, global = -4.78772e-08, cumulative = 1.62628e-07
PIMPLE: iteration 3
DILUPBiCG:  Solving for Ux, Initial residual = 0.00265281, Final residual = 2.10995e-06, No Iterations 2
DILUPBiCG:  Solving for Uy, Initial residual = 0.000620709, Final residual = 5.02209e-06, No Iterations 1
DILUPBiCG:  Solving for Uz, Initial residual = 0.00402077, Final residual = 1.66216e-06, No Iterations 2
GAMG:  Solving for p, Initial residual = 0.0448091, Final residual = 0.000349412, No Iterations 5
GAMG:  Solving for p, Initial residual = 0.0103463, Final residual = 9.29006e-05, No Iterations 16
GAMG:  Solving for p, Initial residual = 0.00550356, Final residual = 5.37127e-05, No Iterations 4
time step continuity errors : sum local = 5.03113e-07, global = -1.75233e-07, cumulative = -1.26042e-08
GAMG:  Solving for p, Initial residual = 0.00251826, Final residual = 2.13052e-05, No Iterations 6
GAMG:  Solving for p, Initial residual = 0.00137271, Final residual = 1.05902e-05, No Iterations 4
GAMG:  Solving for p, Initial residual = 0.000531016, Final residual = 9.84397e-07, No Iterations 13
time step continuity errors : sum local = 9.10903e-09, global = -2.80202e-09, cumulative = -1.54062e-08
DILUPBiCG:  Solving for omega, Initial residual = 0.00138234, Final residual = 8.37549e-07, No Iterations 1
DILUPBiCG:  Solving for k, Initial residual = 0.00397479, Final residual = 7.53446e-07, No Iterations 2
bounding k, min: 0 max: 0.000728315 average: 0.000158868
ExecutionTime = 10.16 s  ClockTime = 10 s

Courant Number mean: 0.111839 max: 0.247295
Time = 0.492

GAMG:  Solving for cellDisplacementx, Initial residual = 0, Final residual = 0, No Iterations 0
GAMG:  Solving for cellDisplacementy, Initial residual = 0, Final residual = 0, No Iterations 0
GAMG:  Solving for cellDisplacementz, Initial residual = 0, Final residual = 0, No Iterations 0
PIMPLE: iteration 1
DILUPBiCG:  Solving for Ux, Initial residual = 0.0481062, Final residual = 0.000175521, No Iterations 1
DILUPBiCG:  Solving for Uy, Initial residual = 0.0100071, Final residual = 2.0725e-05, No Iterations 1
DILUPBiCG:  Solving for Uz, Initial residual = 0.0185799, Final residual = 2.25698e-05, No Iterations 1
GAMG:  Solving for p, Initial residual = 0.109781, Final residual = 0.00065971, No Iterations 4
GAMG:  Solving for p, Initial residual = 0.014764, Final residual = 0.000132156, No Iterations 20
GAMG:  Solving for p, Initial residual = 0.00794064, Final residual = 7.79943e-05, No Iterations 4
time step continuity errors : sum local = 6.97213e-07, global = 2.09981e-07, cumulative = 1.94574e-07
GAMG:  Solving for p, Initial residual = 0.0498318, Final residual = 0.000284104, No Iterations 4
GAMG:  Solving for p, Initial residual = 0.00725357, Final residual = 7.11955e-05, No Iterations 18
GAMG:  Solving for p, Initial residual = 0.0039889, Final residual = 3.78553e-05, No Iterations 8
time step continuity errors : sum local = 3.41429e-07, global = 7.59192e-08, cumulative = 2.70494e-07
PIMPLE: iteration 2
DILUPBiCG:  Solving for Ux, Initial residual = 0.012277, Final residual = 6.91994e-05, No Iterations 1
DILUPBiCG:  Solving for Uy, Initial residual = 0.00259701, Final residual = 5.33541e-06, No Iterations 1
DILUPBiCG:  Solving for Uz, Initial residual = 0.00347672, Final residual = 1.07039e-05, No Iterations 1
GAMG:  Solving for p, Initial residual = 0.0479433, Final residual = 0.000344831, No Iterations 6
GAMG:  Solving for p, Initial residual = 0.010611, Final residual = 0.000105135, No Iterations 14
GAMG:  Solving for p, Initial residual = 0.0043795, Final residual = 4.08183e-05, No Iterations 10
time step continuity errors : sum local = 3.1955e-07, global = -8.46502e-08, cumulative = 1.85843e-07
GAMG:  Solving for p, Initial residual = 0.0252742, Final residual = 0.000152905, No Iterations 6
GAMG:  Solving for p, Initial residual = 0.00549314, Final residual = 5.43132e-05, No Iterations 12
GAMG:  Solving for p, Initial residual = 0.00211328, Final residual = 2.06988e-05, No Iterations 10
time step continuity errors : sum local = 1.62727e-07, global = -4.15376e-08, cumulative = 1.44306e-07
PIMPLE: iteration 3
DILUPBiCG:  Solving for Ux, Initial residual = 0.00252904, Final residual = 2.01475e-06, No Iterations 2
DILUPBiCG:  Solving for Uy, Initial residual = 0.000567077, Final residual = 5.45854e-06, No Iterations 1
DILUPBiCG:  Solving for Uz, Initial residual = 0.00659056, Final residual = 2.34389e-06, No Iterations 2
GAMG:  Solving for p, Initial residual = 0.0450298, Final residual = 0.000351614, No Iterations 5
GAMG:  Solving for p, Initial residual = 0.0102966, Final residual = 9.07834e-05, No Iterations 14
GAMG:  Solving for p, Initial residual = 0.00503554, Final residual = 4.1511e-05, No Iterations 10
time step continuity errors : sum local = 3.65205e-07, global = -9.44441e-08, cumulative = 4.98616e-08
GAMG:  Solving for p, Initial residual = 0.00245329, Final residual = 1.71498e-05, No Iterations 8
GAMG:  Solving for p, Initial residual = 0.00132533, Final residual = 1.22147e-05, No Iterations 4
GAMG:  Solving for p, Initial residual = 0.000546152, Final residual = 9.33813e-07, No Iterations 23
time step continuity errors : sum local = 8.1359e-09, global = 2.49962e-09, cumulative = 5.23613e-08
DILUPBiCG:  Solving for omega, Initial residual = 0.00139937, Final residual = 8.07306e-07, No Iterations 1
DILUPBiCG:  Solving for k, Initial residual = 0.00391377, Final residual = 6.82886e-07, No Iterations 2
bounding k, min: 0 max: 0.000714763 average: 0.000157889
ExecutionTime = 20.78 s  ClockTime = 21 s

Courant Number mean: 0.108957 max: 0.24102
Time = 0.493

GAMG:  Solving for cellDisplacementx, Initial residual = 0, Final residual = 0, No Iterations 0
GAMG:  Solving for cellDisplacementy, Initial residual = 0, Final residual = 0, No Iterations 0
GAMG:  Solving for cellDisplacementz, Initial residual = 0, Final residual = 0, No Iterations 0
PIMPLE: iteration 1
DILUPBiCG:  Solving for Ux, Initial residual = 0.0450572, Final residual = 0.000163065, No Iterations 1
DILUPBiCG:  Solving for Uy, Initial residual = 0.00926409, Final residual = 1.88844e-05, No Iterations 1
DILUPBiCG:  Solving for Uz, Initial residual = 0.020365, Final residual = 2.49065e-05, No Iterations 1
GAMG:  Solving for p, Initial residual = 0.107127, Final residual = 0.000523077, No Iterations 4
GAMG:  Solving for p, Initial residual = 0.014342, Final residual = 0.000123303, No Iterations 16
GAMG:  Solving for p, Initial residual = 0.00705509, Final residual = 6.16289e-05, No Iterations 4
time step continuity errors : sum local = 5.02907e-07, global = 1.72193e-07, cumulative = 2.24554e-07
GAMG:  Solving for p, Initial residual = 0.0494042, Final residual = 0.000221825, No Iterations 4
GAMG:  Solving for p, Initial residual = 0.0070634, Final residual = 6.38976e-05, No Iterations 12
GAMG:  Solving for p, Initial residual = 0.00349253, Final residual = 2.96965e-05, No Iterations 4
time step continuity errors : sum local = 2.43261e-07, global = 9.30282e-08, cumulative = 3.17582e-07
PIMPLE: iteration 2
DILUPBiCG:  Solving for Ux, Initial residual = 0.0111808, Final residual = 6.28945e-05, No Iterations 1
DILUPBiCG:  Solving for Uy, Initial residual = 0.00238875, Final residual = 4.92377e-06, No Iterations 1
DILUPBiCG:  Solving for Uz, Initial residual = 0.00303361, Final residual = 8.99145e-06, No Iterations 1
GAMG:  Solving for p, Initial residual = 0.0475365, Final residual = 0.000336267, No Iterations 6
GAMG:  Solving for p, Initial residual = 0.0111119, Final residual = 0.000103232, No Iterations 14
GAMG:  Solving for p, Initial residual = 0.00443813, Final residual = 3.70467e-05, No Iterations 12
time step continuity errors : sum local = 2.6268e-07, global = -7.72243e-08, cumulative = 2.40358e-07
GAMG:  Solving for p, Initial residual = 0.0252901, Final residual = 0.000239706, No Iterations 5
GAMG:  Solving for p, Initial residual = 0.00605053, Final residual = 5.52062e-05, No Iterations 9
GAMG:  Solving for p, Initial residual = 0.00220086, Final residual = 2.15165e-05, No Iterations 12
time step continuity errors : sum local = 1.52691e-07, global = -4.49598e-08, cumulative = 1.95398e-07
PIMPLE: iteration 3
DILUPBiCG:  Solving for Ux, Initial residual = 0.00213928, Final residual = 2.16205e-06, No Iterations 2
DILUPBiCG:  Solving for Uy, Initial residual = 0.000514009, Final residual = 5.62113e-06, No Iterations 1
DILUPBiCG:  Solving for Uz, Initial residual = 0.00356387, Final residual = 1.40068e-06, No Iterations 2
GAMG:  Solving for p, Initial residual = 0.0466252, Final residual = 0.000371107, No Iterations 5
GAMG:  Solving for p, Initial residual = 0.010897, Final residual = 9.74852e-05, No Iterations 16
GAMG:  Solving for p, Initial residual = 0.00594113, Final residual = 5.93652e-05, No Iterations 4
time step continuity errors : sum local = 4.71e-07, global = -1.64827e-07, cumulative = 3.05717e-08
GAMG:  Solving for p, Initial residual = 0.00258092, Final residual = 2.071e-05, No Iterations 6
GAMG:  Solving for p, Initial residual = 0.00140391, Final residual = 1.15729e-05, No Iterations 4
GAMG:  Solving for p, Initial residual = 0.000543571, Final residual = 8.33068e-07, No Iterations 16
time step continuity errors : sum local = 6.52511e-09, global = -1.51565e-09, cumulative = 2.9056e-08
DILUPBiCG:  Solving for omega, Initial residual = 0.00141809, Final residual = 7.84358e-07, No Iterations 1
DILUPBiCG:  Solving for k, Initial residual = 0.00385694, Final residual = 6.18241e-07, No Iterations 2
bounding k, min: 0 max: 0.000699703 average: 0.00015692
ExecutionTime = 28.73 s  ClockTime = 29 s

Courant Number mean: 0.106377 max: 0.235417
Time = 0.494

GAMG:  Solving for cellDisplacementx, Initial residual = 0, Final residual = 0, No Iterations 0
GAMG:  Solving for cellDisplacementy, Initial residual = 0, Final residual = 0, No Iterations 0
GAMG:  Solving for cellDisplacementz, Initial residual = 0, Final residual = 0, No Iterations 0
PIMPLE: iteration 1
DILUPBiCG:  Solving for Ux, Initial residual = 0.0401914, Final residual = 0.000145897, No Iterations 1
DILUPBiCG:  Solving for Uy, Initial residual = 0.00855089, Final residual = 1.75086e-05, No Iterations 1
DILUPBiCG:  Solving for Uz, Initial residual = 0.0158074, Final residual = 1.81731e-05, No Iterations 1
GAMG:  Solving for p, Initial residual = 0.105495, Final residual = 0.000579144, No Iterations 4
GAMG:  Solving for p, Initial residual = 0.0146451, Final residual = 0.000134874, No Iterations 18
GAMG:  Solving for p, Initial residual = 0.00805785, Final residual = 7.80645e-05, No Iterations 4
time step continuity errors : sum local = 5.74458e-07, global = 1.78946e-07, cumulative = 2.08002e-07
GAMG:  Solving for p, Initial residual = 0.0488608, Final residual = 0.000259334, No Iterations 4
GAMG:  Solving for p, Initial residual = 0.00715415, Final residual = 6.42589e-05, No Iterations 18
GAMG:  Solving for p, Initial residual = 0.00406503, Final residual = 3.78911e-05, No Iterations 4
time step continuity errors : sum local = 2.81711e-07, global = 8.77185e-08, cumulative = 2.9572e-07
PIMPLE: iteration 2
DILUPBiCG:  Solving for Ux, Initial residual = 0.00998995, Final residual = 5.61306e-05, No Iterations 1
DILUPBiCG:  Solving for Uy, Initial residual = 0.0021537, Final residual = 4.40536e-06, No Iterations 1
DILUPBiCG:  Solving for Uz, Initial residual = 0.00337161, Final residual = 1.2141e-05, No Iterations 1
GAMG:  Solving for p, Initial residual = 0.0464786, Final residual = 0.000349719, No Iterations 6
GAMG:  Solving for p, Initial residual = 0.011695, Final residual = 0.000104691, No Iterations 14
GAMG:  Solving for p, Initial residual = 0.00462855, Final residual = 3.91171e-05, No Iterations 10
time step continuity errors : sum local = 2.5269e-07, global = -6.45246e-08, cumulative = 2.31196e-07
GAMG:  Solving for p, Initial residual = 0.0247554, Final residual = 0.000156726, No Iterations 6
GAMG:  Solving for p, Initial residual = 0.00610711, Final residual = 5.44272e-05, No Iterations 12
GAMG:  Solving for p, Initial residual = 0.00223829, Final residual = 1.94568e-05, No Iterations 10
time step continuity errors : sum local = 1.26114e-07, global = -3.2212e-08, cumulative = 1.98984e-07
PIMPLE: iteration 3
DILUPBiCG:  Solving for Ux, Initial residual = 0.00194373, Final residual = 2.39269e-06, No Iterations 2
DILUPBiCG:  Solving for Uy, Initial residual = 0.000453555, Final residual = 6.92964e-06, No Iterations 1
DILUPBiCG:  Solving for Uz, Initial residual = 0.00533546, Final residual = 1.92475e-06, No Iterations 2
GAMG:  Solving for p, Initial residual = 0.0480989, Final residual = 0.000365718, No Iterations 5
GAMG:  Solving for p, Initial residual = 0.0109793, Final residual = 0.000101322, No Iterations 14
GAMG:  Solving for p, Initial residual = 0.00552897, Final residual = 4.93255e-05, No Iterations 10
time step continuity errors : sum local = 3.56632e-07, global = -9.29401e-08, cumulative = 1.06043e-07
GAMG:  Solving for p, Initial residual = 0.00261479, Final residual = 2.47934e-05, No Iterations 8
GAMG:  Solving for p, Initial residual = 0.00138341, Final residual = 1.36492e-05, No Iterations 5
GAMG:  Solving for p, Initial residual = 0.000572908, Final residual = 8.58789e-07, No Iterations 30
time step continuity errors : sum local = 6.13899e-09, global = 1.87138e-09, cumulative = 1.07915e-07
DILUPBiCG:  Solving for omega, Initial residual = 0.00143668, Final residual = 7.64865e-07, No Iterations 1
DILUPBiCG:  Solving for k, Initial residual = 0.00380948, Final residual = 5.89832e-07, No Iterations 2
bounding k, min: 0 max: 0.000686597 average: 0.000155963
ExecutionTime = 38.96 s  ClockTime = 39 s

Courant Number mean: 0.104128 max: 0.230486
Time = 0.495

GAMG:  Solving for cellDisplacementx, Initial residual = 0, Final residual = 0, No Iterations 0
GAMG:  Solving for cellDisplacementy, Initial residual = 0, Final residual = 0, No Iterations 0
GAMG:  Solving for cellDisplacementz, Initial residual = 0, Final residual = 0, No Iterations 0
PIMPLE: iteration 1
DILUPBiCG:  Solving for Ux, Initial residual = 0.0361332, Final residual = 0.00013046, No Iterations 1
DILUPBiCG:  Solving for Uy, Initial residual = 0.00762376, Final residual = 1.54468e-05, No Iterations 1
DILUPBiCG:  Solving for Uz, Initial residual = 0.0176557, Final residual = 2.35915e-05, No Iterations 1
GAMG:  Solving for p, Initial residual = 0.10273, Final residual = 0.000417002, No Iterations 4
GAMG:  Solving for p, Initial residual = 0.0138807, Final residual = 0.00011835, No Iterations 14
GAMG:  Solving for p, Initial residual = 0.00710159, Final residual = 5.2276e-05, No Iterations 5
time step continuity errors : sum local = 3.40164e-07, global = 7.14002e-08, cumulative = 1.79315e-07
GAMG:  Solving for p, Initial residual = 0.0484457, Final residual = 0.000190769, No Iterations 4
GAMG:  Solving for p, Initial residual = 0.00677688, Final residual = 6.17686e-05, No Iterations 12
GAMG:  Solving for p, Initial residual = 0.0035794, Final residual = 2.46857e-05, No Iterations 5
time step continuity errors : sum local = 1.61355e-07, global = -4.49323e-08, cumulative = 1.34383e-07
PIMPLE: iteration 2
DILUPBiCG:  Solving for Ux, Initial residual = 0.00874457, Final residual = 4.90242e-05, No Iterations 1
DILUPBiCG:  Solving for Uy, Initial residual = 0.00189937, Final residual = 3.89923e-06, No Iterations 1
DILUPBiCG:  Solving for Uz, Initial residual = 0.00310922, Final residual = 9.03743e-06, No Iterations 1
GAMG:  Solving for p, Initial residual = 0.0460393, Final residual = 0.00035058, No Iterations 6
GAMG:  Solving for p, Initial residual = 0.0130415, Final residual = 0.000109379, No Iterations 14
GAMG:  Solving for p, Initial residual = 0.00484982, Final residual = 4.16436e-05, No Iterations 12
time step continuity errors : sum local = 2.35742e-07, global = -6.97719e-08, cumulative = 6.46109e-08
GAMG:  Solving for p, Initial residual = 0.0247296, Final residual = 0.000244056, No Iterations 5
GAMG:  Solving for p, Initial residual = 0.00719928, Final residual = 6.39341e-05, No Iterations 9
GAMG:  Solving for p, Initial residual = 0.00236231, Final residual = 2.11437e-05, No Iterations 14
time step continuity errors : sum local = 1.19737e-07, global = -3.62945e-08, cumulative = 2.83163e-08
PIMPLE: iteration 3
DILUPBiCG:  Solving for Ux, Initial residual = 0.00155036, Final residual = 6.26401e-08, No Iterations 3
DILUPBiCG:  Solving for Uy, Initial residual = 0.000384392, Final residual = 8.61795e-06, No Iterations 1
DILUPBiCG:  Solving for Uz, Initial residual = 0.00300492, Final residual = 1.25252e-06, No Iterations 2
GAMG:  Solving for p, Initial residual = 0.0504157, Final residual = 0.000398463, No Iterations 5
GAMG:  Solving for p, Initial residual = 0.0118876, Final residual = 0.000103647, No Iterations 16
GAMG:  Solving for p, Initial residual = 0.00661893, Final residual = 6.49395e-05, No Iterations 8
time step continuity errors : sum local = 4.09125e-07, global = -9.04494e-08, cumulative = -6.2133e-08
GAMG:  Solving for p, Initial residual = 0.0028783, Final residual = 2.79557e-05, No Iterations 8
GAMG:  Solving for p, Initial residual = 0.00147872, Final residual = 1.21344e-05, No Iterations 6
GAMG:  Solving for p, Initial residual = 0.000562502, Final residual = 8.59132e-07, No Iterations 27
time step continuity errors : sum local = 5.33504e-09, global = 1.64372e-09, cumulative = -6.04893e-08
DILUPBiCG:  Solving for omega, Initial residual = 0.00145249, Final residual = 7.49698e-07, No Iterations 1
DILUPBiCG:  Solving for k, Initial residual = 0.00376851, Final residual = 5.77923e-07, No Iterations 2
bounding k, min: 0 max: 0.00067526 average: 0.000155018
ExecutionTime = 48.94 s  ClockTime = 49 s

Courant Number mean: 0.102202 max: 0.226259
Time = 0.496

GAMG:  Solving for cellDisplacementx, Initial residual = 0, Final residual = 0, No Iterations 0
GAMG:  Solving for cellDisplacementy, Initial residual = 0, Final residual = 0, No Iterations 0
GAMG:  Solving for cellDisplacementz, Initial residual = 0, Final residual = 0, No Iterations 0
PIMPLE: iteration 1
DILUPBiCG:  Solving for Ux, Initial residual = 0.0308505, Final residual = 0.000111799, No Iterations 1
DILUPBiCG:  Solving for Uy, Initial residual = 0.00669385, Final residual = 1.36091e-05, No Iterations 1
DILUPBiCG:  Solving for Uz, Initial residual = 0.0127864, Final residual = 1.44723e-05, No Iterations 1
GAMG:  Solving for p, Initial residual = 0.0995142, Final residual = 0.000489117, No Iterations 4
GAMG:  Solving for p, Initial residual = 0.0144807, Final residual = 0.000129909, No Iterations 10
GAMG:  Solving for p, Initial residual = 0.00756814, Final residual = 6.44391e-05, No Iterations 8
time step continuity errors : sum local = 3.61819e-07, global = 7.84455e-08, cumulative = 1.79561e-08
GAMG:  Solving for p, Initial residual = 0.0474309, Final residual = 0.000231431, No Iterations 4
GAMG:  Solving for p, Initial residual = 0.00703541, Final residual = 6.30025e-05, No Iterations 10
GAMG:  Solving for p, Initial residual = 0.00379981, Final residual = 3.53207e-05, No Iterations 4
time step continuity errors : sum local = 2.00304e-07, global = 6.18376e-08, cumulative = 7.97937e-08
PIMPLE: iteration 2
DILUPBiCG:  Solving for Ux, Initial residual = 0.00738431, Final residual = 4.15955e-05, No Iterations 1
DILUPBiCG:  Solving for Uy, Initial residual = 0.0016175, Final residual = 3.33203e-06, No Iterations 1
DILUPBiCG:  Solving for Uz, Initial residual = 0.00335322, Final residual = 1.49055e-05, No Iterations 1
GAMG:  Solving for p, Initial residual = 0.0444837, Final residual = 0.000367997, No Iterations 6
GAMG:  Solving for p, Initial residual = 0.0141329, Final residual = 0.000130149, No Iterations 12
GAMG:  Solving for p, Initial residual = 0.00500396, Final residual = 4.205e-05, No Iterations 12
time step continuity errors : sum local = 2.07233e-07, global = -6.19159e-08, cumulative = 1.78778e-08
GAMG:  Solving for p, Initial residual = 0.0240568, Final residual = 0.000167172, No Iterations 6
GAMG:  Solving for p, Initial residual = 0.00750529, Final residual = 6.85553e-05, No Iterations 10
GAMG:  Solving for p, Initial residual = 0.00240027, Final residual = 2.37517e-05, No Iterations 12
time step continuity errors : sum local = 1.1726e-07, global = -3.43802e-08, cumulative = -1.65024e-08
PIMPLE: iteration 3
DILUPBiCG:  Solving for Ux, Initial residual = 0.0012857, Final residual = 2.97915e-06, No Iterations 2
DILUPBiCG:  Solving for Uy, Initial residual = 0.000315005, Final residual = 3.14622e-07, No Iterations 2
DILUPBiCG:  Solving for Uz, Initial residual = 0.00401269, Final residual = 1.59002e-06, No Iterations 2
GAMG:  Solving for p, Initial residual = 0.0532252, Final residual = 0.000399274, No Iterations 5
GAMG:  Solving for p, Initial residual = 0.0120301, Final residual = 0.000115791, No Iterations 14
GAMG:  Solving for p, Initial residual = 0.0062782, Final residual = 5.94371e-05, No Iterations 10
time step continuity errors : sum local = 3.25411e-07, global = -8.62309e-08, cumulative = -1.02733e-07
GAMG:  Solving for p, Initial residual = 0.00284334, Final residual = 2.76052e-05, No Iterations 9
GAMG:  Solving for p, Initial residual = 0.00149245, Final residual = 1.1349e-05, No Iterations 6
GAMG:  Solving for p, Initial residual = 0.00059756, Final residual = 9.78587e-07, No Iterations 30
time step continuity errors : sum local = 5.28769e-09, global = 1.62176e-09, cumulative = -1.01112e-07
DILUPBiCG:  Solving for omega, Initial residual = 0.00146319, Final residual = 7.36673e-07, No Iterations 1
DILUPBiCG:  Solving for k, Initial residual = 0.00373306, Final residual = 5.81261e-07, No Iterations 2
bounding k, min: 0 max: 0.000663454 average: 0.000154088
ExecutionTime = 58.23 s  ClockTime = 59 s

Courant Number mean: 0.10062 max: 0.22274
Time = 0.497

GAMG:  Solving for cellDisplacementx, Initial residual = 0, Final residual = 0, No Iterations 0
GAMG:  Solving for cellDisplacementy, Initial residual = 0, Final residual = 0, No Iterations 0
GAMG:  Solving for cellDisplacementz, Initial residual = 0, Final residual = 0, No Iterations 0
PIMPLE: iteration 1
DILUPBiCG:  Solving for Ux, Initial residual = 0.0259498, Final residual = 9.37514e-05, No Iterations 1
DILUPBiCG:  Solving for Uy, Initial residual = 0.00559814, Final residual = 1.13217e-05, No Iterations 1
DILUPBiCG:  Solving for Uz, Initial residual = 0.0145457, Final residual = 2.27275e-05, No Iterations 1
GAMG:  Solving for p, Initial residual = 0.0956852, Final residual = 0.000720875, No Iterations 3
GAMG:  Solving for p, Initial residual = 0.0134955, Final residual = 0.000117662, No Iterations 4
GAMG:  Solving for p, Initial residual = 0.00645009, Final residual = 4.95035e-05, No Iterations 5
time step continuity errors : sum local = 2.32281e-07, global = 5.63527e-08, cumulative = -4.47589e-08
GAMG:  Solving for p, Initial residual = 0.0468415, Final residual = 0.000327485, No Iterations 3
GAMG:  Solving for p, Initial residual = 0.00670391, Final residual = 4.97485e-05, No Iterations 5
GAMG:  Solving for p, Initial residual = 0.00327054, Final residual = 2.42574e-05, No Iterations 5
time step continuity errors : sum local = 1.14202e-07, global = -1.05713e-08, cumulative = -5.53301e-08
PIMPLE: iteration 2
DILUPBiCG:  Solving for Ux, Initial residual = 0.00600237, Final residual = 3.39012e-05, No Iterations 1
DILUPBiCG:  Solving for Uy, Initial residual = 0.00132536, Final residual = 2.77637e-06, No Iterations 1
DILUPBiCG:  Solving for Uz, Initial residual = 0.00332321, Final residual = 1.16246e-05, No Iterations 1
GAMG:  Solving for p, Initial residual = 0.0437124, Final residual = 0.0003837, No Iterations 6
GAMG:  Solving for p, Initial residual = 0.0169652, Final residual = 0.000165355, No Iterations 10
GAMG:  Solving for p, Initial residual = 0.00494417, Final residual = 4.67475e-05, No Iterations 16
time step continuity errors : sum local = 1.91208e-07, global = -5.53437e-08, cumulative = -1.10674e-07
GAMG:  Solving for p, Initial residual = 0.0235312, Final residual = 0.000178387, No Iterations 6
GAMG:  Solving for p, Initial residual = 0.00905541, Final residual = 8.54588e-05, No Iterations 8
GAMG:  Solving for p, Initial residual = 0.00234024, Final residual = 2.33571e-05, No Iterations 16
time step continuity errors : sum local = 9.53351e-08, global = -2.73656e-08, cumulative = -1.38039e-07
PIMPLE: iteration 3
DILUPBiCG:  Solving for Ux, Initial residual = 0.000905245, Final residual = 8.12012e-07, No Iterations 2
DILUPBiCG:  Solving for Uy, Initial residual = 0.000234016, Final residual = 3.7595e-07, No Iterations 2
DILUPBiCG:  Solving for Uz, Initial residual = 0.00230533, Final residual = 2.23355e-06, No Iterations 2
GAMG:  Solving for p, Initial residual = 0.057578, Final residual = 0.000441567, No Iterations 5
GAMG:  Solving for p, Initial residual = 0.0131908, Final residual = 0.00011632, No Iterations 16
GAMG:  Solving for p, Initial residual = 0.00770074, Final residual = 7.4838e-05, No Iterations 8
time step continuity errors : sum local = 3.36326e-07, global = -7.52085e-08, cumulative = -2.13248e-07
GAMG:  Solving for p, Initial residual = 0.00312583, Final residual = 2.99866e-05, No Iterations 8
GAMG:  Solving for p, Initial residual = 0.00162905, Final residual = 1.38835e-05, No Iterations 6
GAMG:  Solving for p, Initial residual = 0.000599464, Final residual = 9.03183e-07, No Iterations 29
time step continuity errors : sum local = 3.99562e-09, global = 1.21887e-09, cumulative = -2.12029e-07
DILUPBiCG:  Solving for omega, Initial residual = 0.00146857, Final residual = 7.26405e-07, No Iterations 1
DILUPBiCG:  Solving for k, Initial residual = 0.0037008, Final residual = 5.96964e-07, No Iterations 2
bounding k, min: 0 max: 0.000651282 average: 0.000153175
ExecutionTime = 66.9 s  ClockTime = 67 s

Courant Number mean: 0.0993762 max: 0.219951
Time = 0.498

GAMG:  Solving for cellDisplacementx, Initial residual = 0, Final residual = 0, No Iterations 0
GAMG:  Solving for cellDisplacementy, Initial residual = 0, Final residual = 0, No Iterations 0
GAMG:  Solving for cellDisplacementz, Initial residual = 0, Final residual = 0, No Iterations 0
PIMPLE: iteration 1
DILUPBiCG:  Solving for Ux, Initial residual = 0.0203398, Final residual = 7.38245e-05, No Iterations 1
DILUPBiCG:  Solving for Uy, Initial residual = 0.00448156, Final residual = 9.11694e-06, No Iterations 1
DILUPBiCG:  Solving for Uz, Initial residual = 0.00982146, Final residual = 1.29956e-05, No Iterations 1
GAMG:  Solving for p, Initial residual = 0.0897743, Final residual = 0.000389476, No Iterations 4
GAMG:  Solving for p, Initial residual = 0.0149072, Final residual = 0.000121064, No Iterations 8
GAMG:  Solving for p, Initial residual = 0.00722426, Final residual = 6.58764e-05, No Iterations 5
time step continuity errors : sum local = 2.47042e-07, global = 9.66678e-08, cumulative = -1.15361e-07
GAMG:  Solving for p, Initial residual = 0.0446856, Final residual = 0.00019155, No Iterations 4
GAMG:  Solving for p, Initial residual = 0.00745509, Final residual = 6.24947e-05, No Iterations 8
GAMG:  Solving for p, Initial residual = 0.00366279, Final residual = 3.03481e-05, No Iterations 6
time step continuity errors : sum local = 1.14078e-07, global = -3.76393e-08, cumulative = -1.53001e-07
PIMPLE: iteration 2
DILUPBiCG:  Solving for Ux, Initial residual = 0.00453718, Final residual = 2.61403e-05, No Iterations 1
DILUPBiCG:  Solving for Uy, Initial residual = 0.00101479, Final residual = 2.24109e-06, No Iterations 1
DILUPBiCG:  Solving for Uz, Initial residual = 0.0033933, Final residual = 1.78106e-05, No Iterations 1
GAMG:  Solving for p, Initial residual = 0.0414946, Final residual = 0.000357608, No Iterations 8
GAMG:  Solving for p, Initial residual = 0.0212691, Final residual = 0.000207722, No Iterations 6
GAMG:  Solving for p, Initial residual = 0.00468154, Final residual = 4.17526e-05, No Iterations 20
time step continuity errors : sum local = 1.35646e-07, global = -3.8863e-08, cumulative = -1.91864e-07
GAMG:  Solving for p, Initial residual = 0.0227932, Final residual = 0.000196615, No Iterations 6
GAMG:  Solving for p, Initial residual = 0.010837, Final residual = 9.26964e-05, No Iterations 8
GAMG:  Solving for p, Initial residual = 0.00250655, Final residual = 2.16715e-05, No Iterations 18
time step continuity errors : sum local = 7.03663e-08, global = -2.00502e-08, cumulative = -2.11914e-07
PIMPLE: iteration 3
DILUPBiCG:  Solving for Ux, Initial residual = 0.000582108, Final residual = 7.44746e-06, No Iterations 1
DILUPBiCG:  Solving for Uy, Initial residual = 0.000156755, Final residual = 2.26765e-06, No Iterations 1
DILUPBiCG:  Solving for Uz, Initial residual = 0.00263038, Final residual = 2.03307e-06, No Iterations 2
GAMG:  Solving for p, Initial residual = 0.0646935, Final residual = 0.000476304, No Iterations 5
GAMG:  Solving for p, Initial residual = 0.0137515, Final residual = 0.000123989, No Iterations 16
GAMG:  Solving for p, Initial residual = 0.00799453, Final residual = 7.82969e-05, No Iterations 8
time step continuity errors : sum local = 2.7766e-07, global = -6.32079e-08, cumulative = -2.75122e-07
GAMG:  Solving for p, Initial residual = 0.00315121, Final residual = 2.93792e-05, No Iterations 8
GAMG:  Solving for p, Initial residual = 0.00168232, Final residual = 1.33068e-05, No Iterations 6
GAMG:  Solving for p, Initial residual = 0.000635797, Final residual = 8.61481e-07, No Iterations 31
time step continuity errors : sum local = 3.0136e-09, global = 9.03732e-10, cumulative = -2.74218e-07
DILUPBiCG:  Solving for omega, Initial residual = 0.00146918, Final residual = 7.17999e-07, No Iterations 1
DILUPBiCG:  Solving for k, Initial residual = 0.00367022, Final residual = 6.17515e-07, No Iterations 2
bounding k, min: 0 max: 0.000638821 average: 0.000152282
ExecutionTime = 76.6 s  ClockTime = 77 s

Courant Number mean: 0.0984845 max: 0.217897
Time = 0.499

GAMG:  Solving for cellDisplacementx, Initial residual = 0, Final residual = 0, No Iterations 0
GAMG:  Solving for cellDisplacementy, Initial residual = 0, Final residual = 0, No Iterations 0
GAMG:  Solving for cellDisplacementz, Initial residual = 0, Final residual = 0, No Iterations 0
PIMPLE: iteration 1
DILUPBiCG:  Solving for Ux, Initial residual = 0.0148903, Final residual = 5.40352e-05, No Iterations 1
DILUPBiCG:  Solving for Uy, Initial residual = 0.00329365, Final residual = 6.77073e-06, No Iterations 1
DILUPBiCG:  Solving for Uz, Initial residual = 0.0118658, Final residual = 2.32247e-05, No Iterations 1
GAMG:  Solving for p, Initial residual = 0.0838212, Final residual = 0.000702733, No Iterations 4
GAMG:  Solving for p, Initial residual = 0.0207835, Final residual = 0.000200891, No Iterations 8
GAMG:  Solving for p, Initial residual = 0.0067932, Final residual = 6.03474e-05, No Iterations 14
time step continuity errors : sum local = 1.64439e-07, global = -4.89389e-08, cumulative = -3.23157e-07
GAMG:  Solving for p, Initial residual = 0.0435127, Final residual = 0.000338403, No Iterations 4
GAMG:  Solving for p, Initial residual = 0.010599, Final residual = 9.82595e-05, No Iterations 8
GAMG:  Solving for p, Initial residual = 0.00334279, Final residual = 2.95236e-05, No Iterations 14
time step continuity errors : sum local = 8.02623e-08, global = -2.37322e-08, cumulative = -3.46889e-07
PIMPLE: iteration 2
DILUPBiCG:  Solving for Ux, Initial residual = 0.00304251, Final residual = 1.93334e-05, No Iterations 1
DILUPBiCG:  Solving for Uy, Initial residual = 0.000693491, Final residual = 1.86423e-06, No Iterations 1
DILUPBiCG:  Solving for Uz, Initial residual = 0.00353797, Final residual = 1.58471e-05, No Iterations 1
GAMG:  Solving for p, Initial residual = 0.0404958, Final residual = 0.00038015, No Iterations 8
GAMG:  Solving for p, Initial residual = 0.0277183, Final residual = 0.000272197, No Iterations 5
GAMG:  Solving for p, Initial residual = 0.00534055, Final residual = 4.77814e-05, No Iterations 21
time step continuity errors : sum local = 1.12405e-07, global = -3.21103e-08, cumulative = -3.78999e-07
GAMG:  Solving for p, Initial residual = 0.0221327, Final residual = 0.000184371, No Iterations 8
GAMG:  Solving for p, Initial residual = 0.0135776, Final residual = 0.000126189, No Iterations 5
GAMG:  Solving for p, Initial residual = 0.00263334, Final residual = 2.51032e-05, No Iterations 19
time step continuity errors : sum local = 5.89357e-08, global = -1.65966e-08, cumulative = -3.95596e-07
PIMPLE: iteration 3
DILUPBiCG:  Solving for Ux, Initial residual = 0.00022516, Final residual = 1.80038e-06, No Iterations 1
DILUPBiCG:  Solving for Uy, Initial residual = 7.89432e-05, Final residual = 6.57654e-07, No Iterations 1
DILUPBiCG:  Solving for Uz, Initial residual = 0.0015799, Final residual = 1.14972e-06, No Iterations 2
GAMG:  Solving for p, Initial residual = 0.0776586, Final residual = 0.00055161, No Iterations 5
GAMG:  Solving for p, Initial residual = 0.0156482, Final residual = 0.000151444, No Iterations 16
GAMG:  Solving for p, Initial residual = 0.0105305, Final residual = 9.30656e-05, No Iterations 8
time step continuity errors : sum local = 2.34118e-07, global = -5.67862e-08, cumulative = -4.52382e-07
GAMG:  Solving for p, Initial residual = 0.00370182, Final residual = 3.01357e-05, No Iterations 8
GAMG:  Solving for p, Initial residual = 0.00194906, Final residual = 1.88389e-05, No Iterations 4
GAMG:  Solving for p, Initial residual = 0.00066913, Final residual = 9.01787e-07, No Iterations 33
time step continuity errors : sum local = 2.22952e-09, global = 6.85707e-10, cumulative = -4.51696e-07
DILUPBiCG:  Solving for omega, Initial residual = 0.00146515, Final residual = 7.11799e-07, No Iterations 1
DILUPBiCG:  Solving for k, Initial residual = 0.00363868, Final residual = 6.39866e-07, No Iterations 2
bounding k, min: 0 max: 0.000626152 average: 0.000151411
ExecutionTime = 87.63 s  ClockTime = 88 s

Courant Number mean: 0.0979431 max: 0.216595
Time = 0.5

GAMG:  Solving for cellDisplacementx, Initial residual = 0, Final residual = 0, No Iterations 0
GAMG:  Solving for cellDisplacementy, Initial residual = 0, Final residual = 0, No Iterations 0
GAMG:  Solving for cellDisplacementz, Initial residual = 0, Final residual = 0, No Iterations 0
PIMPLE: iteration 1
DILUPBiCG:  Solving for Ux, Initial residual = 0.00922476, Final residual = 3.37778e-05, No Iterations 1
DILUPBiCG:  Solving for Uy, Initial residual = 0.00210693, Final residual = 4.48639e-06, No Iterations 1
DILUPBiCG:  Solving for Uz, Initial residual = 0.0098086, Final residual = 1.8193e-05, No Iterations 1
GAMG:  Solving for p, Initial residual = 0.0773123, Final residual = 0.000669585, No Iterations 7
GAMG:  Solving for p, Initial residual = 0.0474851, Final residual = 0.000414568, No Iterations 6
GAMG:  Solving for p, Initial residual = 0.00894114, Final residual = 8.75809e-05, No Iterations 20
time step continuity errors : sum local = 1.44615e-07, global = -4.15848e-08, cumulative = -4.93281e-07
GAMG:  Solving for p, Initial residual = 0.0430047, Final residual = 0.000375197, No Iterations 6
GAMG:  Solving for p, Initial residual = 0.0236398, Final residual = 0.000216118, No Iterations 4
GAMG:  Solving for p, Initial residual = 0.00464437, Final residual = 4.27725e-05, No Iterations 19
time step continuity errors : sum local = 7.05496e-08, global = -2.00796e-08, cumulative = -5.13361e-07
PIMPLE: iteration 2
DILUPBiCG:  Solving for Ux, Initial residual = 0.00152987, Final residual = 3.38458e-05, No Iterations 1
DILUPBiCG:  Solving for Uy, Initial residual = 0.000375292, Final residual = 4.27902e-06, No Iterations 1
DILUPBiCG:  Solving for Uz, Initial residual = 0.00337575, Final residual = 1.74366e-05, No Iterations 1
GAMG:  Solving for p, Initial residual = 0.0408729, Final residual = 0.000385992, No Iterations 13
GAMG:  Solving for p, Initial residual = 0.0384871, Final residual = 0.000301121, No Iterations 6
GAMG:  Solving for p, Initial residual = 0.00694378, Final residual = 6.11046e-05, No Iterations 20
time step continuity errors : sum local = 8.88875e-08, global = -2.54091e-08, cumulative = -5.3877e-07
GAMG:  Solving for p, Initial residual = 0.0232424, Final residual = 0.000203571, No Iterations 11
GAMG:  Solving for p, Initial residual = 0.0178865, Final residual = 0.000169691, No Iterations 6
GAMG:  Solving for p, Initial residual = 0.00347171, Final residual = 3.11033e-05, No Iterations 20
time step continuity errors : sum local = 4.51855e-08, global = -1.29221e-08, cumulative = -5.51692e-07
PIMPLE: iteration 3
DILUPBiCG:  Solving for Ux, Initial residual = 0.000189693, Final residual = 1.74015e-06, No Iterations 1
DILUPBiCG:  Solving for Uy, Initial residual = 7.10706e-05, Final residual = 6.88896e-07, No Iterations 1
DILUPBiCG:  Solving for Uz, Initial residual = 0.00141676, Final residual = 7.16734e-07, No Iterations 2
GAMG:  Solving for p, Initial residual = 0.108765, Final residual = 0.000980716, No Iterations 3
GAMG:  Solving for p, Initial residual = 0.0166554, Final residual = 0.000141858, No Iterations 22
GAMG:  Solving for p, Initial residual = 0.0185062, Final residual = 0.000179926, No Iterations 4
time step continuity errors : sum local = 2.65479e-07, global = -3.2398e-08, cumulative = -5.8409e-07
GAMG:  Solving for p, Initial residual = 0.00501711, Final residual = 4.86991e-05, No Iterations 6
GAMG:  Solving for p, Initial residual = 0.00247673, Final residual = 2.11532e-05, No Iterations 6
GAMG:  Solving for p, Initial residual = 0.000819699, Final residual = 9.11902e-07, No Iterations 37
time step continuity errors : sum local = 1.31507e-09, global = 4.00444e-10, cumulative = -5.8369e-07
DILUPBiCG:  Solving for omega, Initial residual = 0.00145654, Final residual = 7.07549e-07, No Iterations 1
DILUPBiCG:  Solving for k, Initial residual = 0.00360558, Final residual = 6.60622e-07, No Iterations 2
bounding k, min: 0 max: 0.000613349 average: 0.000150566
ExecutionTime = 98.41 s  ClockTime = 99 s

End

