/*---------------------------------------------------------------------------*\
| =========                 |                                                 |
| \\      /  F ield         | OpenFOAM: The Open Source CFD Toolbox           |
|  \\    /   O peration     | Version:  2.3.1                                 |
|   \\  /    A nd           | Web:      www.OpenFOAM.org                      |
|    \\/     M anipulation  |                                                 |
\*---------------------------------------------------------------------------*/
Build  : 2.3.1-262087cdf8db
Exec   : pimpleDyMFoam
Date   : Jun 05 2023
Time   : 14:37:40
Host   : "jcosson-VirtualBox"
PID    : 8078
Case   : /home/jcosson/workspace/henersj_shootingdata/calcs/moderate_deformed/primal/10_intervals_05-06-23/sweep2/interval8
nProcs : 1
sigFpe : Enabling floating point exception trapping (FOAM_SIGFPE).
fileModificationChecking : Monitoring run-time modified files using timeStampMaster
allowSystemOperations : Allowing user-supplied system call operations

// * * * * * * * * * * * * * * * * * * * * * * * * * * * * * * * * * * * * * //
Create time

Create mesh for time = 0.47

Selecting dynamicFvMesh dynamicMotionSolverFvMesh
Selecting motion solver: displacementLaplacian
Selecting motion diffusion: quadratic
Selecting motion diffusion: quadratic
Selecting motion diffusion: inverseDistance

PIMPLE: no residual control data found. Calculations will employ 3 corrector loops

Reading field p

Reading field U

Reading/calculating face flux field phi

Selecting incompressible transport model Newtonian
Selecting turbulence model type RASModel
Selecting RAS turbulence model kOmegaSST
kOmegaSSTCoeffs
{
    alphaK1         0.85034;
    alphaK2         1;
    alphaOmega1     0.5;
    alphaOmega2     0.85616;
    gamma1          0.5532;
    gamma2          0.4403;
    beta1           0.075;
    beta2           0.0828;
    betaStar        0.09;
    a1              0.31;
    c1              10;
    Cmu             0.09;
    b1              1;
    F3              false;
}

Reading/calculating face velocity Uf

No finite volume options present

Courant Number mean: 0.216958 max: 0.485224

Starting time loop

Courant Number mean: 0.216958 max: 0.485224
Time = 0.471

GAMG:  Solving for cellDisplacementx, Initial residual = 0, Final residual = 0, No Iterations 0
GAMG:  Solving for cellDisplacementy, Initial residual = 0, Final residual = 0, No Iterations 0
GAMG:  Solving for cellDisplacementz, Initial residual = 0, Final residual = 0, No Iterations 0
PIMPLE: iteration 1
DILUPBiCG:  Solving for Ux, Initial residual = 0.0491911, Final residual = 0.000202157, No Iterations 1
DILUPBiCG:  Solving for Uy, Initial residual = 0.00805751, Final residual = 1.90074e-05, No Iterations 1
DILUPBiCG:  Solving for Uz, Initial residual = 0.0156902, Final residual = 3.2595e-05, No Iterations 1
GAMG:  Solving for p, Initial residual = 0.131372, Final residual = 0.00102548, No Iterations 6
GAMG:  Solving for p, Initial residual = 0.0157322, Final residual = 0.000147889, No Iterations 18
GAMG:  Solving for p, Initial residual = 0.00676484, Final residual = 5.8582e-05, No Iterations 12
time step continuity errors : sum local = 8.27431e-07, global = 2.48512e-07, cumulative = 2.48512e-07
GAMG:  Solving for p, Initial residual = 0.0554319, Final residual = 0.000553568, No Iterations 4
GAMG:  Solving for p, Initial residual = 0.00791381, Final residual = 7.18888e-05, No Iterations 18
GAMG:  Solving for p, Initial residual = 0.00360677, Final residual = 3.47847e-05, No Iterations 10
time step continuity errors : sum local = 4.90565e-07, global = 1.3149e-07, cumulative = 3.80002e-07
PIMPLE: iteration 2
DILUPBiCG:  Solving for Ux, Initial residual = 0.014365, Final residual = 8.39504e-05, No Iterations 1
DILUPBiCG:  Solving for Uy, Initial residual = 0.00248853, Final residual = 5.8633e-06, No Iterations 1
DILUPBiCG:  Solving for Uz, Initial residual = 0.00399948, Final residual = 1.45575e-05, No Iterations 1
GAMG:  Solving for p, Initial residual = 0.0559429, Final residual = 0.000472657, No Iterations 4
GAMG:  Solving for p, Initial residual = 0.0092324, Final residual = 8.40168e-05, No Iterations 16
GAMG:  Solving for p, Initial residual = 0.00414425, Final residual = 4.04923e-05, No Iterations 8
time step continuity errors : sum local = 4.85218e-07, global = -1.27635e-07, cumulative = 2.52367e-07
GAMG:  Solving for p, Initial residual = 0.0287247, Final residual = 0.000206264, No Iterations 4
GAMG:  Solving for p, Initial residual = 0.00455445, Final residual = 3.85794e-05, No Iterations 14
GAMG:  Solving for p, Initial residual = 0.00195372, Final residual = 1.94627e-05, No Iterations 8
time step continuity errors : sum local = 2.34456e-07, global = -5.86112e-08, cumulative = 1.93756e-07
PIMPLE: iteration 3
DILUPBiCG:  Solving for Ux, Initial residual = 0.00355858, Final residual = 1.77701e-06, No Iterations 2
DILUPBiCG:  Solving for Uy, Initial residual = 0.000625574, Final residual = 6.8641e-06, No Iterations 1
DILUPBiCG:  Solving for Uz, Initial residual = 0.00676364, Final residual = 3.13354e-06, No Iterations 2
GAMG:  Solving for p, Initial residual = 0.0400823, Final residual = 0.000370969, No Iterations 5
GAMG:  Solving for p, Initial residual = 0.00925014, Final residual = 8.51788e-05, No Iterations 11
GAMG:  Solving for p, Initial residual = 0.00436636, Final residual = 3.97654e-05, No Iterations 10
time step continuity errors : sum local = 5.34979e-07, global = -1.38678e-07, cumulative = 5.50776e-08
GAMG:  Solving for p, Initial residual = 0.00251627, Final residual = 2.45532e-05, No Iterations 18
GAMG:  Solving for p, Initial residual = 0.00139399, Final residual = 1.31705e-05, No Iterations 4
GAMG:  Solving for p, Initial residual = 0.000552447, Final residual = 8.67233e-07, No Iterations 38
time step continuity errors : sum local = 1.16165e-08, global = 3.43355e-09, cumulative = 5.85112e-08
DILUPBiCG:  Solving for omega, Initial residual = 0.000759635, Final residual = 1.26425e-06, No Iterations 1
DILUPBiCG:  Solving for k, Initial residual = 0.00465609, Final residual = 1.60949e-06, No Iterations 2
ExecutionTime = 13.62 s  ClockTime = 14 s

Courant Number mean: 0.211493 max: 0.472477
Time = 0.472

GAMG:  Solving for cellDisplacementx, Initial residual = 0, Final residual = 0, No Iterations 0
GAMG:  Solving for cellDisplacementy, Initial residual = 0, Final residual = 0, No Iterations 0
GAMG:  Solving for cellDisplacementz, Initial residual = 0, Final residual = 0, No Iterations 0
PIMPLE: iteration 1
DILUPBiCG:  Solving for Ux, Initial residual = 0.0510784, Final residual = 0.000209506, No Iterations 1
DILUPBiCG:  Solving for Uy, Initial residual = 0.00846732, Final residual = 1.98341e-05, No Iterations 1
DILUPBiCG:  Solving for Uz, Initial residual = 0.0167206, Final residual = 3.82311e-05, No Iterations 1
GAMG:  Solving for p, Initial residual = 0.121504, Final residual = 0.00102553, No Iterations 6
GAMG:  Solving for p, Initial residual = 0.01376, Final residual = 0.000130119, No Iterations 20
GAMG:  Solving for p, Initial residual = 0.00618007, Final residual = 6.1195e-05, No Iterations 10
time step continuity errors : sum local = 8.86966e-07, global = 2.3312e-07, cumulative = 2.91631e-07
GAMG:  Solving for p, Initial residual = 0.0512146, Final residual = 0.000347944, No Iterations 6
GAMG:  Solving for p, Initial residual = 0.00694202, Final residual = 6.35511e-05, No Iterations 18
GAMG:  Solving for p, Initial residual = 0.0032044, Final residual = 3.00834e-05, No Iterations 10
time step continuity errors : sum local = 4.35881e-07, global = 1.14146e-07, cumulative = 4.05777e-07
PIMPLE: iteration 2
DILUPBiCG:  Solving for Ux, Initial residual = 0.0148992, Final residual = 8.74776e-05, No Iterations 1
DILUPBiCG:  Solving for Uy, Initial residual = 0.00259379, Final residual = 6.0507e-06, No Iterations 1
DILUPBiCG:  Solving for Uz, Initial residual = 0.00370233, Final residual = 1.34449e-05, No Iterations 1
GAMG:  Solving for p, Initial residual = 0.0511771, Final residual = 0.000479175, No Iterations 4
GAMG:  Solving for p, Initial residual = 0.00820765, Final residual = 7.66952e-05, No Iterations 18
GAMG:  Solving for p, Initial residual = 0.00387199, Final residual = 3.66296e-05, No Iterations 8
time step continuity errors : sum local = 4.51513e-07, global = -1.65626e-07, cumulative = 2.40151e-07
GAMG:  Solving for p, Initial residual = 0.0262641, Final residual = 0.00020706, No Iterations 4
GAMG:  Solving for p, Initial residual = 0.00402339, Final residual = 3.49883e-05, No Iterations 16
GAMG:  Solving for p, Initial residual = 0.00178944, Final residual = 1.66588e-05, No Iterations 8
time step continuity errors : sum local = 2.06627e-07, global = -6.84735e-08, cumulative = 1.71677e-07
PIMPLE: iteration 3
DILUPBiCG:  Solving for Ux, Initial residual = 0.003701, Final residual = 1.8993e-06, No Iterations 2
DILUPBiCG:  Solving for Uy, Initial residual = 0.000645754, Final residual = 6.78457e-06, No Iterations 1
DILUPBiCG:  Solving for Uz, Initial residual = 0.0084979, Final residual = 2.93096e-06, No Iterations 2
GAMG:  Solving for p, Initial residual = 0.0392257, Final residual = 0.000336263, No Iterations 5
GAMG:  Solving for p, Initial residual = 0.00891962, Final residual = 8.03051e-05, No Iterations 13
GAMG:  Solving for p, Initial residual = 0.00429677, Final residual = 3.92887e-05, No Iterations 10
time step continuity errors : sum local = 5.44461e-07, global = -1.42024e-07, cumulative = 2.96529e-08
GAMG:  Solving for p, Initial residual = 0.00240512, Final residual = 2.36131e-05, No Iterations 18
GAMG:  Solving for p, Initial residual = 0.00134156, Final residual = 1.26565e-05, No Iterations 4
GAMG:  Solving for p, Initial residual = 0.000536543, Final residual = 9.05854e-07, No Iterations 36
time step continuity errors : sum local = 1.24998e-08, global = 3.67714e-09, cumulative = 3.333e-08
DILUPBiCG:  Solving for omega, Initial residual = 0.000748758, Final residual = 1.12459e-06, No Iterations 1
DILUPBiCG:  Solving for k, Initial residual = 0.00457152, Final residual = 1.53115e-06, No Iterations 2
ExecutionTime = 25.14 s  ClockTime = 25 s

Courant Number mean: 0.205947 max: 0.459505
Time = 0.473

GAMG:  Solving for cellDisplacementx, Initial residual = 0, Final residual = 0, No Iterations 0
GAMG:  Solving for cellDisplacementy, Initial residual = 0, Final residual = 0, No Iterations 0
GAMG:  Solving for cellDisplacementz, Initial residual = 0, Final residual = 0, No Iterations 0
PIMPLE: iteration 1
DILUPBiCG:  Solving for Ux, Initial residual = 0.0533414, Final residual = 0.000217532, No Iterations 1
DILUPBiCG:  Solving for Uy, Initial residual = 0.00883424, Final residual = 2.04731e-05, No Iterations 1
DILUPBiCG:  Solving for Uz, Initial residual = 0.0140733, Final residual = 2.87537e-05, No Iterations 1
GAMG:  Solving for p, Initial residual = 0.120168, Final residual = 0.00097928, No Iterations 6
GAMG:  Solving for p, Initial residual = 0.0135981, Final residual = 0.000121204, No Iterations 20
GAMG:  Solving for p, Initial residual = 0.00600868, Final residual = 5.73459e-05, No Iterations 10
time step continuity errors : sum local = 8.46715e-07, global = 2.24569e-07, cumulative = 2.57899e-07
GAMG:  Solving for p, Initial residual = 0.0509908, Final residual = 0.000328005, No Iterations 6
GAMG:  Solving for p, Initial residual = 0.00685412, Final residual = 6.74576e-05, No Iterations 16
GAMG:  Solving for p, Initial residual = 0.00307909, Final residual = 2.76666e-05, No Iterations 12
time step continuity errors : sum local = 4.0766e-07, global = 1.22492e-07, cumulative = 3.8039e-07
PIMPLE: iteration 2
DILUPBiCG:  Solving for Ux, Initial residual = 0.0153801, Final residual = 9.09233e-05, No Iterations 1
DILUPBiCG:  Solving for Uy, Initial residual = 0.002697, Final residual = 6.24346e-06, No Iterations 1
DILUPBiCG:  Solving for Uz, Initial residual = 0.00374865, Final residual = 1.41163e-05, No Iterations 1
GAMG:  Solving for p, Initial residual = 0.050888, Final residual = 0.000476263, No Iterations 4
GAMG:  Solving for p, Initial residual = 0.00807116, Final residual = 7.26825e-05, No Iterations 18
GAMG:  Solving for p, Initial residual = 0.00367946, Final residual = 3.39154e-05, No Iterations 8
time step continuity errors : sum local = 4.25492e-07, global = -1.23737e-07, cumulative = 2.56653e-07
GAMG:  Solving for p, Initial residual = 0.0261703, Final residual = 0.000208178, No Iterations 4
GAMG:  Solving for p, Initial residual = 0.00397401, Final residual = 3.89962e-05, No Iterations 14
GAMG:  Solving for p, Initial residual = 0.00168933, Final residual = 1.42747e-05, No Iterations 12
time step continuity errors : sum local = 1.80159e-07, global = -5.12544e-08, cumulative = 2.05398e-07
PIMPLE: iteration 3
DILUPBiCG:  Solving for Ux, Initial residual = 0.00374875, Final residual = 2.01767e-06, No Iterations 2
DILUPBiCG:  Solving for Uy, Initial residual = 0.000666974, Final residual = 6.63027e-06, No Iterations 1
DILUPBiCG:  Solving for Uz, Initial residual = 0.00684202, Final residual = 3.3153e-06, No Iterations 2
GAMG:  Solving for p, Initial residual = 0.0393961, Final residual = 0.000374349, No Iterations 5
GAMG:  Solving for p, Initial residual = 0.00922319, Final residual = 8.06101e-05, No Iterations 9
GAMG:  Solving for p, Initial residual = 0.00428669, Final residual = 3.53865e-05, No Iterations 10
time step continuity errors : sum local = 4.98669e-07, global = -1.2813e-07, cumulative = 7.7268e-08
GAMG:  Solving for p, Initial residual = 0.00242983, Final residual = 2.17736e-05, No Iterations 20
GAMG:  Solving for p, Initial residual = 0.00135575, Final residual = 1.1762e-05, No Iterations 4
GAMG:  Solving for p, Initial residual = 0.000538054, Final residual = 9.2849e-07, No Iterations 34
time step continuity errors : sum local = 1.30296e-08, global = 3.82513e-09, cumulative = 8.10931e-08
DILUPBiCG:  Solving for omega, Initial residual = 0.000760926, Final residual = 1.02059e-06, No Iterations 1
DILUPBiCG:  Solving for k, Initial residual = 0.00449862, Final residual = 1.45849e-06, No Iterations 2
ExecutionTime = 34.18 s  ClockTime = 34 s

Courant Number mean: 0.200327 max: 0.447427
Time = 0.474

GAMG:  Solving for cellDisplacementx, Initial residual = 0, Final residual = 0, No Iterations 0
GAMG:  Solving for cellDisplacementy, Initial residual = 0, Final residual = 0, No Iterations 0
GAMG:  Solving for cellDisplacementz, Initial residual = 0, Final residual = 0, No Iterations 0
PIMPLE: iteration 1
DILUPBiCG:  Solving for Ux, Initial residual = 0.0550414, Final residual = 0.000223829, No Iterations 1
DILUPBiCG:  Solving for Uy, Initial residual = 0.0092394, Final residual = 2.12797e-05, No Iterations 1
DILUPBiCG:  Solving for Uz, Initial residual = 0.0158898, Final residual = 3.41823e-05, No Iterations 1
GAMG:  Solving for p, Initial residual = 0.119409, Final residual = 0.000969404, No Iterations 6
GAMG:  Solving for p, Initial residual = 0.0135607, Final residual = 0.000125518, No Iterations 20
GAMG:  Solving for p, Initial residual = 0.00613823, Final residual = 5.8823e-05, No Iterations 10
time step continuity errors : sum local = 8.82725e-07, global = 2.30879e-07, cumulative = 3.11972e-07
GAMG:  Solving for p, Initial residual = 0.0507125, Final residual = 0.000332611, No Iterations 6
GAMG:  Solving for p, Initial residual = 0.00683638, Final residual = 6.15041e-05, No Iterations 18
GAMG:  Solving for p, Initial residual = 0.00318119, Final residual = 2.92889e-05, No Iterations 10
time step continuity errors : sum local = 4.39677e-07, global = 1.14946e-07, cumulative = 4.26919e-07
PIMPLE: iteration 2
DILUPBiCG:  Solving for Ux, Initial residual = 0.0158382, Final residual = 9.39542e-05, No Iterations 1
DILUPBiCG:  Solving for Uy, Initial residual = 0.00279342, Final residual = 6.40243e-06, No Iterations 1
DILUPBiCG:  Solving for Uz, Initial residual = 0.00354583, Final residual = 1.30529e-05, No Iterations 1
GAMG:  Solving for p, Initial residual = 0.0504536, Final residual = 0.0004802, No Iterations 4
GAMG:  Solving for p, Initial residual = 0.00812515, Final residual = 7.61474e-05, No Iterations 18
GAMG:  Solving for p, Initial residual = 0.00380743, Final residual = 3.58425e-05, No Iterations 8
time step continuity errors : sum local = 4.59019e-07, global = -1.63304e-07, cumulative = 2.63615e-07
GAMG:  Solving for p, Initial residual = 0.0259386, Final residual = 0.000209332, No Iterations 4
GAMG:  Solving for p, Initial residual = 0.00400401, Final residual = 3.50253e-05, No Iterations 16
GAMG:  Solving for p, Initial residual = 0.00176738, Final residual = 1.6708e-05, No Iterations 8
time step continuity errors : sum local = 2.15265e-07, global = -6.861e-08, cumulative = 1.95005e-07
PIMPLE: iteration 3
DILUPBiCG:  Solving for Ux, Initial residual = 0.00387115, Final residual = 2.1346e-06, No Iterations 2
DILUPBiCG:  Solving for Uy, Initial residual = 0.000687943, Final residual = 6.51425e-06, No Iterations 1
DILUPBiCG:  Solving for Uz, Initial residual = 0.00834423, Final residual = 3.07026e-06, No Iterations 2
GAMG:  Solving for p, Initial residual = 0.0394791, Final residual = 0.000355791, No Iterations 5
GAMG:  Solving for p, Initial residual = 0.0090273, Final residual = 8.1467e-05, No Iterations 11
GAMG:  Solving for p, Initial residual = 0.00430909, Final residual = 3.89898e-05, No Iterations 10
time step continuity errors : sum local = 5.61471e-07, global = -1.45758e-07, cumulative = 4.92464e-08
GAMG:  Solving for p, Initial residual = 0.00238029, Final residual = 2.21949e-05, No Iterations 18
GAMG:  Solving for p, Initial residual = 0.00132188, Final residual = 1.1761e-05, No Iterations 4
GAMG:  Solving for p, Initial residual = 0.000532338, Final residual = 8.76345e-07, No Iterations 34
time step continuity errors : sum local = 1.25585e-08, global = 3.68777e-09, cumulative = 5.29342e-08
DILUPBiCG:  Solving for omega, Initial residual = 0.000786631, Final residual = 9.45308e-07, No Iterations 1
DILUPBiCG:  Solving for k, Initial residual = 0.00444173, Final residual = 1.38396e-06, No Iterations 2
ExecutionTime = 45.9 s  ClockTime = 46 s

Courant Number mean: 0.19467 max: 0.435352
Time = 0.475

GAMG:  Solving for cellDisplacementx, Initial residual = 0, Final residual = 0, No Iterations 0
GAMG:  Solving for cellDisplacementy, Initial residual = 0, Final residual = 0, No Iterations 0
GAMG:  Solving for cellDisplacementz, Initial residual = 0, Final residual = 0, No Iterations 0
PIMPLE: iteration 1
DILUPBiCG:  Solving for Ux, Initial residual = 0.0570514, Final residual = 0.000230493, No Iterations 1
DILUPBiCG:  Solving for Uy, Initial residual = 0.00958817, Final residual = 2.18444e-05, No Iterations 1
DILUPBiCG:  Solving for Uz, Initial residual = 0.0139052, Final residual = 2.65264e-05, No Iterations 1
GAMG:  Solving for p, Initial residual = 0.118403, Final residual = 0.000931617, No Iterations 6
GAMG:  Solving for p, Initial residual = 0.013459, Final residual = 0.000117057, No Iterations 20
GAMG:  Solving for p, Initial residual = 0.0059977, Final residual = 5.28709e-05, No Iterations 10
time step continuity errors : sum local = 8.0228e-07, global = 2.11012e-07, cumulative = 2.63947e-07
GAMG:  Solving for p, Initial residual = 0.0505519, Final residual = 0.000503362, No Iterations 4
GAMG:  Solving for p, Initial residual = 0.00677589, Final residual = 6.74752e-05, No Iterations 18
GAMG:  Solving for p, Initial residual = 0.0031927, Final residual = 2.63915e-05, No Iterations 12
time step continuity errors : sum local = 4.00038e-07, global = 1.20002e-07, cumulative = 3.83949e-07
PIMPLE: iteration 2
DILUPBiCG:  Solving for Ux, Initial residual = 0.0162409, Final residual = 9.69146e-05, No Iterations 1
DILUPBiCG:  Solving for Uy, Initial residual = 0.00288614, Final residual = 6.55847e-06, No Iterations 1
DILUPBiCG:  Solving for Uz, Initial residual = 0.00351726, Final residual = 1.30958e-05, No Iterations 1
GAMG:  Solving for p, Initial residual = 0.0502318, Final residual = 0.000477998, No Iterations 4
GAMG:  Solving for p, Initial residual = 0.00804178, Final residual = 7.30479e-05, No Iterations 18
GAMG:  Solving for p, Initial residual = 0.00364601, Final residual = 3.39255e-05, No Iterations 8
time step continuity errors : sum local = 4.39009e-07, global = -1.23655e-07, cumulative = 2.60294e-07
GAMG:  Solving for p, Initial residual = 0.0258865, Final residual = 0.00021075, No Iterations 4
GAMG:  Solving for p, Initial residual = 0.00399025, Final residual = 3.96376e-05, No Iterations 14
GAMG:  Solving for p, Initial residual = 0.00167396, Final residual = 1.43193e-05, No Iterations 12
time step continuity errors : sum local = 1.86366e-07, global = -5.32095e-08, cumulative = 2.07085e-07
PIMPLE: iteration 3
DILUPBiCG:  Solving for Ux, Initial residual = 0.00389785, Final residual = 2.25968e-06, No Iterations 2
DILUPBiCG:  Solving for Uy, Initial residual = 0.000705662, Final residual = 6.34906e-06, No Iterations 1
DILUPBiCG:  Solving for Uz, Initial residual = 0.00673428, Final residual = 3.36299e-06, No Iterations 2
GAMG:  Solving for p, Initial residual = 0.0396634, Final residual = 0.000349266, No Iterations 5
GAMG:  Solving for p, Initial residual = 0.00937248, Final residual = 9.09603e-05, No Iterations 7
GAMG:  Solving for p, Initial residual = 0.00427863, Final residual = 3.94058e-05, No Iterations 10
time step continuity errors : sum local = 5.7297e-07, global = -1.46446e-07, cumulative = 6.0639e-08
GAMG:  Solving for p, Initial residual = 0.00240842, Final residual = 2.13495e-05, No Iterations 18
GAMG:  Solving for p, Initial residual = 0.00133172, Final residual = 1.15737e-05, No Iterations 4
GAMG:  Solving for p, Initial residual = 0.000531945, Final residual = 8.61003e-07, No Iterations 34
time step continuity errors : sum local = 1.24556e-08, global = 3.65447e-09, cumulative = 6.42934e-08
DILUPBiCG:  Solving for omega, Initial residual = 0.000812457, Final residual = 8.97786e-07, No Iterations 1
DILUPBiCG:  Solving for k, Initial residual = 0.00439465, Final residual = 1.31434e-06, No Iterations 2
ExecutionTime = 55.86 s  ClockTime = 56 s

Courant Number mean: 0.188983 max: 0.423196
Time = 0.476

GAMG:  Solving for cellDisplacementx, Initial residual = 0, Final residual = 0, No Iterations 0
GAMG:  Solving for cellDisplacementy, Initial residual = 0, Final residual = 0, No Iterations 0
GAMG:  Solving for cellDisplacementz, Initial residual = 0, Final residual = 0, No Iterations 0
PIMPLE: iteration 1
DILUPBiCG:  Solving for Ux, Initial residual = 0.0584861, Final residual = 0.000235461, No Iterations 1
DILUPBiCG:  Solving for Uy, Initial residual = 0.00996498, Final residual = 2.25417e-05, No Iterations 1
DILUPBiCG:  Solving for Uz, Initial residual = 0.015433, Final residual = 3.0495e-05, No Iterations 1
GAMG:  Solving for p, Initial residual = 0.117693, Final residual = 0.000917579, No Iterations 6
GAMG:  Solving for p, Initial residual = 0.0134752, Final residual = 0.000121521, No Iterations 20
GAMG:  Solving for p, Initial residual = 0.00615667, Final residual = 5.62963e-05, No Iterations 10
time step continuity errors : sum local = 8.61395e-07, global = 2.2476e-07, cumulative = 2.89053e-07
GAMG:  Solving for p, Initial residual = 0.0503283, Final residual = 0.000318563, No Iterations 6
GAMG:  Solving for p, Initial residual = 0.00678321, Final residual = 5.97492e-05, No Iterations 18
GAMG:  Solving for p, Initial residual = 0.00317439, Final residual = 2.83136e-05, No Iterations 10
time step continuity errors : sum local = 4.33678e-07, global = 1.13094e-07, cumulative = 4.02148e-07
PIMPLE: iteration 2
DILUPBiCG:  Solving for Ux, Initial residual = 0.016605, Final residual = 9.93418e-05, No Iterations 1
DILUPBiCG:  Solving for Uy, Initial residual = 0.00297273, Final residual = 6.70043e-06, No Iterations 1
DILUPBiCG:  Solving for Uz, Initial residual = 0.00341124, Final residual = 1.26161e-05, No Iterations 1
GAMG:  Solving for p, Initial residual = 0.0498611, Final residual = 0.000480556, No Iterations 4
GAMG:  Solving for p, Initial residual = 0.00809244, Final residual = 7.56505e-05, No Iterations 18
GAMG:  Solving for p, Initial residual = 0.00378337, Final residual = 3.5342e-05, No Iterations 8
time step continuity errors : sum local = 4.63135e-07, global = -1.58923e-07, cumulative = 2.43225e-07
GAMG:  Solving for p, Initial residual = 0.0256682, Final residual = 0.000211278, No Iterations 4
GAMG:  Solving for p, Initial residual = 0.00401311, Final residual = 3.51141e-05, No Iterations 16
GAMG:  Solving for p, Initial residual = 0.0017663, Final residual = 1.68154e-05, No Iterations 8
time step continuity errors : sum local = 2.21635e-07, global = -6.7528e-08, cumulative = 1.75697e-07
PIMPLE: iteration 3
DILUPBiCG:  Solving for Ux, Initial residual = 0.0039949, Final residual = 2.39399e-06, No Iterations 2
DILUPBiCG:  Solving for Uy, Initial residual = 0.000725521, Final residual = 6.21688e-06, No Iterations 1
DILUPBiCG:  Solving for Uz, Initial residual = 0.00812635, Final residual = 3.19137e-06, No Iterations 2
GAMG:  Solving for p, Initial residual = 0.0398075, Final residual = 0.000360864, No Iterations 5
GAMG:  Solving for p, Initial residual = 0.00918914, Final residual = 8.00389e-05, No Iterations 9
GAMG:  Solving for p, Initial residual = 0.00431946, Final residual = 3.5878e-05, No Iterations 10
time step continuity errors : sum local = 5.28449e-07, global = -1.3637e-07, cumulative = 3.93276e-08
GAMG:  Solving for p, Initial residual = 0.00236206, Final residual = 2.21563e-05, No Iterations 18
GAMG:  Solving for p, Initial residual = 0.00131128, Final residual = 1.17651e-05, No Iterations 4
GAMG:  Solving for p, Initial residual = 0.000530092, Final residual = 9.70921e-07, No Iterations 32
time step continuity errors : sum local = 1.42282e-08, global = 4.19966e-09, cumulative = 4.35272e-08
DILUPBiCG:  Solving for omega, Initial residual = 0.000839503, Final residual = 8.71889e-07, No Iterations 1
DILUPBiCG:  Solving for k, Initial residual = 0.00435576, Final residual = 1.23626e-06, No Iterations 2
ExecutionTime = 66.25 s  ClockTime = 66 s

Courant Number mean: 0.183305 max: 0.410998
Time = 0.477

GAMG:  Solving for cellDisplacementx, Initial residual = 0, Final residual = 0, No Iterations 0
GAMG:  Solving for cellDisplacementy, Initial residual = 0, Final residual = 0, No Iterations 0
GAMG:  Solving for cellDisplacementz, Initial residual = 0, Final residual = 0, No Iterations 0
PIMPLE: iteration 1
DILUPBiCG:  Solving for Ux, Initial residual = 0.0601806, Final residual = 0.000240619, No Iterations 1
DILUPBiCG:  Solving for Uy, Initial residual = 0.010291, Final residual = 2.30292e-05, No Iterations 1
DILUPBiCG:  Solving for Uz, Initial residual = 0.0140338, Final residual = 2.43355e-05, No Iterations 1
GAMG:  Solving for p, Initial residual = 0.116933, Final residual = 0.000887444, No Iterations 6
GAMG:  Solving for p, Initial residual = 0.0134216, Final residual = 0.000132993, No Iterations 18
GAMG:  Solving for p, Initial residual = 0.00601213, Final residual = 5.97176e-05, No Iterations 10
time step continuity errors : sum local = 9.16364e-07, global = 2.40638e-07, cumulative = 2.84166e-07
GAMG:  Solving for p, Initial residual = 0.0502485, Final residual = 0.000480425, No Iterations 4
GAMG:  Solving for p, Initial residual = 0.00674131, Final residual = 6.53892e-05, No Iterations 18
GAMG:  Solving for p, Initial residual = 0.00320179, Final residual = 2.9764e-05, No Iterations 10
time step continuity errors : sum local = 4.57089e-07, global = 1.20258e-07, cumulative = 4.04423e-07
PIMPLE: iteration 2
DILUPBiCG:  Solving for Ux, Initial residual = 0.0169121, Final residual = 0.000101684, No Iterations 1
DILUPBiCG:  Solving for Uy, Initial residual = 0.00305306, Final residual = 6.82323e-06, No Iterations 1
DILUPBiCG:  Solving for Uz, Initial residual = 0.00332869, Final residual = 1.24737e-05, No Iterations 1
GAMG:  Solving for p, Initial residual = 0.0497128, Final residual = 0.000479136, No Iterations 4
GAMG:  Solving for p, Initial residual = 0.00807774, Final residual = 7.33803e-05, No Iterations 18
GAMG:  Solving for p, Initial residual = 0.00364556, Final residual = 3.38279e-05, No Iterations 8
time step continuity errors : sum local = 4.44705e-07, global = -1.21584e-07, cumulative = 2.82839e-07
GAMG:  Solving for p, Initial residual = 0.0256731, Final residual = 0.000213003, No Iterations 4
GAMG:  Solving for p, Initial residual = 0.00403702, Final residual = 4.03334e-05, No Iterations 14
GAMG:  Solving for p, Initial residual = 0.00167611, Final residual = 1.41611e-05, No Iterations 12
time step continuity errors : sum local = 1.87189e-07, global = -5.38804e-08, cumulative = 2.28958e-07
PIMPLE: iteration 3
DILUPBiCG:  Solving for Ux, Initial residual = 0.00399945, Final residual = 2.53425e-06, No Iterations 2
DILUPBiCG:  Solving for Uy, Initial residual = 0.000739266, Final residual = 6.03126e-06, No Iterations 1
DILUPBiCG:  Solving for Uz, Initial residual = 0.00656738, Final residual = 3.33222e-06, No Iterations 2
GAMG:  Solving for p, Initial residual = 0.0399942, Final residual = 0.000363745, No Iterations 5
GAMG:  Solving for p, Initial residual = 0.00939606, Final residual = 9.03952e-05, No Iterations 4
GAMG:  Solving for p, Initial residual = 0.00433921, Final residual = 3.18803e-05, No Iterations 6
time step continuity errors : sum local = 4.71214e-07, global = -9.46123e-08, cumulative = 1.34346e-07
GAMG:  Solving for p, Initial residual = 0.00239406, Final residual = 2.15228e-05, No Iterations 20
GAMG:  Solving for p, Initial residual = 0.00131886, Final residual = 1.17712e-05, No Iterations 4
GAMG:  Solving for p, Initial residual = 0.000527214, Final residual = 9.51894e-07, No Iterations 32
time step continuity errors : sum local = 1.39802e-08, global = 4.12459e-09, cumulative = 1.38471e-07
DILUPBiCG:  Solving for omega, Initial residual = 0.000867447, Final residual = 8.59383e-07, No Iterations 1
DILUPBiCG:  Solving for k, Initial residual = 0.00431743, Final residual = 1.1561e-06, No Iterations 2
bounding k, min: 0 max: 0.000797659 average: 0.000169892
ExecutionTime = 76.16 s  ClockTime = 76 s

Courant Number mean: 0.177641 max: 0.398816
Time = 0.478

GAMG:  Solving for cellDisplacementx, Initial residual = 0, Final residual = 0, No Iterations 0
GAMG:  Solving for cellDisplacementy, Initial residual = 0, Final residual = 0, No Iterations 0
GAMG:  Solving for cellDisplacementz, Initial residual = 0, Final residual = 0, No Iterations 0
PIMPLE: iteration 1
DILUPBiCG:  Solving for Ux, Initial residual = 0.0612846, Final residual = 0.000243987, No Iterations 1
DILUPBiCG:  Solving for Uy, Initial residual = 0.0106281, Final residual = 2.36013e-05, No Iterations 1
DILUPBiCG:  Solving for Uz, Initial residual = 0.0153596, Final residual = 2.73808e-05, No Iterations 1
GAMG:  Solving for p, Initial residual = 0.11622, Final residual = 0.000868371, No Iterations 6
GAMG:  Solving for p, Initial residual = 0.0134661, Final residual = 0.00011813, No Iterations 20
GAMG:  Solving for p, Initial residual = 0.00620946, Final residual = 5.24729e-05, No Iterations 10
time step continuity errors : sum local = 8.06495e-07, global = 2.09088e-07, cumulative = 3.47558e-07
GAMG:  Solving for p, Initial residual = 0.0500265, Final residual = 0.000493709, No Iterations 4
GAMG:  Solving for p, Initial residual = 0.00678454, Final residual = 5.99124e-05, No Iterations 20
GAMG:  Solving for p, Initial residual = 0.00328889, Final residual = 2.71824e-05, No Iterations 10
time step continuity errors : sum local = 4.18583e-07, global = 1.08709e-07, cumulative = 4.56267e-07
PIMPLE: iteration 2
DILUPBiCG:  Solving for Ux, Initial residual = 0.0171689, Final residual = 0.000103393, No Iterations 1
DILUPBiCG:  Solving for Uy, Initial residual = 0.00312577, Final residual = 6.92243e-06, No Iterations 1
DILUPBiCG:  Solving for Uz, Initial residual = 0.00331323, Final residual = 1.21064e-05, No Iterations 1
GAMG:  Solving for p, Initial residual = 0.0493538, Final residual = 0.000481017, No Iterations 4
GAMG:  Solving for p, Initial residual = 0.00811553, Final residual = 7.52532e-05, No Iterations 18
GAMG:  Solving for p, Initial residual = 0.00378568, Final residual = 3.50884e-05, No Iterations 8
time step continuity errors : sum local = 4.63487e-07, global = -1.51209e-07, cumulative = 3.05058e-07
GAMG:  Solving for p, Initial residual = 0.0254434, Final residual = 0.00021328, No Iterations 4
GAMG:  Solving for p, Initial residual = 0.00404563, Final residual = 3.5273e-05, No Iterations 16
GAMG:  Solving for p, Initial residual = 0.00177113, Final residual = 1.69998e-05, No Iterations 8
time step continuity errors : sum local = 2.258e-07, global = -6.47785e-08, cumulative = 2.40279e-07
PIMPLE: iteration 3
DILUPBiCG:  Solving for Ux, Initial residual = 0.00406289, Final residual = 2.67331e-06, No Iterations 2
DILUPBiCG:  Solving for Uy, Initial residual = 0.000756817, Final residual = 5.91258e-06, No Iterations 1
DILUPBiCG:  Solving for Uz, Initial residual = 0.00785546, Final residual = 3.27008e-06, No Iterations 2
GAMG:  Solving for p, Initial residual = 0.0402038, Final residual = 0.000337657, No Iterations 5
GAMG:  Solving for p, Initial residual = 0.00937484, Final residual = 9.05834e-05, No Iterations 7
GAMG:  Solving for p, Initial residual = 0.00433426, Final residual = 3.82426e-05, No Iterations 10
time step continuity errors : sum local = 5.67743e-07, global = -1.46095e-07, cumulative = 9.41842e-08
GAMG:  Solving for p, Initial residual = 0.00235579, Final residual = 2.23701e-05, No Iterations 16
GAMG:  Solving for p, Initial residual = 0.00130145, Final residual = 1.14879e-05, No Iterations 4
GAMG:  Solving for p, Initial residual = 0.000531629, Final residual = 9.60465e-07, No Iterations 30
time step continuity errors : sum local = 1.41762e-08, global = 4.21152e-09, cumulative = 9.83957e-08
DILUPBiCG:  Solving for omega, Initial residual = 0.000898586, Final residual = 8.51853e-07, No Iterations 1
DILUPBiCG:  Solving for k, Initial residual = 0.0042827, Final residual = 1.06579e-06, No Iterations 2
bounding k, min: 0 max: 0.000786419 average: 0.000168713
ExecutionTime = 87.4 s  ClockTime = 87 s

Courant Number mean: 0.172033 max: 0.386701
Time = 0.479

GAMG:  Solving for cellDisplacementx, Initial residual = 0, Final residual = 0, No Iterations 0
GAMG:  Solving for cellDisplacementy, Initial residual = 0, Final residual = 0, No Iterations 0
GAMG:  Solving for cellDisplacementz, Initial residual = 0, Final residual = 0, No Iterations 0
PIMPLE: iteration 1
DILUPBiCG:  Solving for Ux, Initial residual = 0.0625678, Final residual = 0.000247306, No Iterations 1
DILUPBiCG:  Solving for Uy, Initial residual = 0.0109156, Final residual = 2.39719e-05, No Iterations 1
DILUPBiCG:  Solving for Uz, Initial residual = 0.0144267, Final residual = 2.22079e-05, No Iterations 1
GAMG:  Solving for p, Initial residual = 0.115667, Final residual = 0.000846408, No Iterations 6
GAMG:  Solving for p, Initial residual = 0.013453, Final residual = 0.000128482, No Iterations 18
GAMG:  Solving for p, Initial residual = 0.00608559, Final residual = 5.93834e-05, No Iterations 4
time step continuity errors : sum local = 9.08638e-07, global = 3.35303e-07, cumulative = 4.33698e-07
GAMG:  Solving for p, Initial residual = 0.0500699, Final residual = 0.000469204, No Iterations 4
GAMG:  Solving for p, Initial residual = 0.0067828, Final residual = 6.40396e-05, No Iterations 18
GAMG:  Solving for p, Initial residual = 0.00324059, Final residual = 3.187e-05, No Iterations 4
time step continuity errors : sum local = 4.88478e-07, global = 1.76157e-07, cumulative = 6.09856e-07
PIMPLE: iteration 2
DILUPBiCG:  Solving for Ux, Initial residual = 0.0173427, Final residual = 0.000104782, No Iterations 1
DILUPBiCG:  Solving for Uy, Initial residual = 0.00318665, Final residual = 7.00262e-06, No Iterations 1
DILUPBiCG:  Solving for Uz, Initial residual = 0.00316164, Final residual = 1.1854e-05, No Iterations 1
GAMG:  Solving for p, Initial residual = 0.0493013, Final residual = 0.000473354, No Iterations 4
GAMG:  Solving for p, Initial residual = 0.008116, Final residual = 7.34352e-05, No Iterations 18
GAMG:  Solving for p, Initial residual = 0.00366546, Final residual = 3.33436e-05, No Iterations 8
time step continuity errors : sum local = 4.3872e-07, global = -1.15535e-07, cumulative = 4.94321e-07
GAMG:  Solving for p, Initial residual = 0.0254963, Final residual = 0.00021197, No Iterations 4
GAMG:  Solving for p, Initial residual = 0.00408045, Final residual = 3.47839e-05, No Iterations 16
GAMG:  Solving for p, Initial residual = 0.00169767, Final residual = 1.63639e-05, No Iterations 8
time step continuity errors : sum local = 2.16335e-07, global = -4.90601e-08, cumulative = 4.45261e-07
PIMPLE: iteration 3
DILUPBiCG:  Solving for Ux, Initial residual = 0.00406006, Final residual = 2.78569e-06, No Iterations 2
DILUPBiCG:  Solving for Uy, Initial residual = 0.000769217, Final residual = 5.67391e-06, No Iterations 1
DILUPBiCG:  Solving for Uz, Initial residual = 0.00629612, Final residual = 3.14613e-06, No Iterations 2
GAMG:  Solving for p, Initial residual = 0.040417, Final residual = 0.000364243, No Iterations 5
GAMG:  Solving for p, Initial residual = 0.00936145, Final residual = 8.17951e-05, No Iterations 12
GAMG:  Solving for p, Initial residual = 0.00446477, Final residual = 3.79644e-05, No Iterations 10
time step continuity errors : sum local = 5.6144e-07, global = -1.44963e-07, cumulative = 3.00297e-07
GAMG:  Solving for p, Initial residual = 0.00238277, Final residual = 2.11608e-05, No Iterations 16
GAMG:  Solving for p, Initial residual = 0.00130203, Final residual = 1.11852e-05, No Iterations 4
GAMG:  Solving for p, Initial residual = 0.000523528, Final residual = 8.98475e-07, No Iterations 30
time step continuity errors : sum local = 1.31931e-08, global = 3.91874e-09, cumulative = 3.04216e-07
DILUPBiCG:  Solving for omega, Initial residual = 0.000931467, Final residual = 8.46863e-07, No Iterations 1
DILUPBiCG:  Solving for k, Initial residual = 0.00424756, Final residual = 9.79345e-07, No Iterations 2
bounding k, min: 0 max: 0.000775194 average: 0.000167529
ExecutionTime = 98.58 s  ClockTime = 99 s

Courant Number mean: 0.166481 max: 0.374717
Time = 0.48

GAMG:  Solving for cellDisplacementx, Initial residual = 0, Final residual = 0, No Iterations 0
GAMG:  Solving for cellDisplacementy, Initial residual = 0, Final residual = 0, No Iterations 0
GAMG:  Solving for cellDisplacementz, Initial residual = 0, Final residual = 0, No Iterations 0
PIMPLE: iteration 1
DILUPBiCG:  Solving for Ux, Initial residual = 0.0632628, Final residual = 0.00024863, No Iterations 1
DILUPBiCG:  Solving for Uy, Initial residual = 0.0111925, Final residual = 2.43856e-05, No Iterations 1
DILUPBiCG:  Solving for Uz, Initial residual = 0.0155665, Final residual = 2.44012e-05, No Iterations 1
GAMG:  Solving for p, Initial residual = 0.114931, Final residual = 0.000820642, No Iterations 6
GAMG:  Solving for p, Initial residual = 0.0135345, Final residual = 0.000115673, No Iterations 20
GAMG:  Solving for p, Initial residual = 0.00629264, Final residual = 5.88087e-05, No Iterations 4
time step continuity errors : sum local = 8.94126e-07, global = 3.24762e-07, cumulative = 6.28978e-07
GAMG:  Solving for p, Initial residual = 0.0498658, Final residual = 0.00048648, No Iterations 4
GAMG:  Solving for p, Initial residual = 0.00683082, Final residual = 5.91251e-05, No Iterations 20
GAMG:  Solving for p, Initial residual = 0.00332498, Final residual = 3.1208e-05, No Iterations 4
time step continuity errors : sum local = 4.75785e-07, global = 1.73249e-07, cumulative = 8.02227e-07
PIMPLE: iteration 2
DILUPBiCG:  Solving for Ux, Initial residual = 0.0174689, Final residual = 0.00010539, No Iterations 1
DILUPBiCG:  Solving for Uy, Initial residual = 0.00324147, Final residual = 7.0566e-06, No Iterations 1
DILUPBiCG:  Solving for Uz, Initial residual = 0.00322525, Final residual = 1.16497e-05, No Iterations 1
GAMG:  Solving for p, Initial residual = 0.0489551, Final residual = 0.0004736, No Iterations 4
GAMG:  Solving for p, Initial residual = 0.00813829, Final residual = 7.44028e-05, No Iterations 18
GAMG:  Solving for p, Initial residual = 0.00380166, Final residual = 3.47924e-05, No Iterations 8
time step continuity errors : sum local = 4.56357e-07, global = -1.40664e-07, cumulative = 6.61563e-07
GAMG:  Solving for p, Initial residual = 0.025251, Final residual = 0.000211579, No Iterations 4
GAMG:  Solving for p, Initial residual = 0.00407311, Final residual = 3.52318e-05, No Iterations 16
GAMG:  Solving for p, Initial residual = 0.0017867, Final residual = 1.7035e-05, No Iterations 8
time step continuity errors : sum local = 2.24605e-07, global = -6.02165e-08, cumulative = 6.01346e-07
PIMPLE: iteration 3
DILUPBiCG:  Solving for Ux, Initial residual = 0.00408482, Final residual = 2.87505e-06, No Iterations 2
DILUPBiCG:  Solving for Uy, Initial residual = 0.000783375, Final residual = 5.57563e-06, No Iterations 1
DILUPBiCG:  Solving for Uz, Initial residual = 0.00753932, Final residual = 3.20448e-06, No Iterations 2
GAMG:  Solving for p, Initial residual = 0.0407059, Final residual = 0.000348229, No Iterations 5
GAMG:  Solving for p, Initial residual = 0.00944545, Final residual = 7.76073e-05, No Iterations 5
GAMG:  Solving for p, Initial residual = 0.00441068, Final residual = 4.00521e-05, No Iterations 4
time step continuity errors : sum local = 5.90206e-07, global = -1.87738e-07, cumulative = 4.13609e-07
GAMG:  Solving for p, Initial residual = 0.00234933, Final residual = 2.14258e-05, No Iterations 16
GAMG:  Solving for p, Initial residual = 0.00127547, Final residual = 1.08739e-05, No Iterations 4
GAMG:  Solving for p, Initial residual = 0.000530413, Final residual = 9.93319e-07, No Iterations 24
time step continuity errors : sum local = 1.45375e-08, global = 4.17621e-09, cumulative = 4.17785e-07
DILUPBiCG:  Solving for omega, Initial residual = 0.000966751, Final residual = 8.42484e-07, No Iterations 1
DILUPBiCG:  Solving for k, Initial residual = 0.00421142, Final residual = 8.92586e-07, No Iterations 2
bounding k, min: 0 max: 0.000767224 average: 0.000166346
ExecutionTime = 104.18 s  ClockTime = 104 s

End

