/*---------------------------------------------------------------------------*\
| =========                 |                                                 |
| \\      /  F ield         | OpenFOAM: The Open Source CFD Toolbox           |
|  \\    /   O peration     | Version:  2.3.1                                 |
|   \\  /    A nd           | Web:      www.OpenFOAM.org                      |
|    \\/     M anipulation  |                                                 |
\*---------------------------------------------------------------------------*/
Build  : 2.3.1-262087cdf8db
Exec   : pimpleDyMFoam
Date   : Jun 06 2023
Time   : 02:06:54
Host   : "jcosson-VirtualBox"
PID    : 21191
Case   : /home/jcosson/workspace/henersj_shootingdata/calcs/moderate_deformed/primal/100_intervals_05-06-23/sweep52/interval80
nProcs : 1
sigFpe : Enabling floating point exception trapping (FOAM_SIGFPE).
fileModificationChecking : Monitoring run-time modified files using timeStampMaster
allowSystemOperations : Allowing user-supplied system call operations

// * * * * * * * * * * * * * * * * * * * * * * * * * * * * * * * * * * * * * //
Create time

Create mesh for time = 0.479

Selecting dynamicFvMesh dynamicMotionSolverFvMesh
Selecting motion solver: displacementLaplacian
Selecting motion diffusion: quadratic
Selecting motion diffusion: quadratic
Selecting motion diffusion: inverseDistance

PIMPLE: no residual control data found. Calculations will employ 3 corrector loops

Reading field p

Reading field U

Reading/calculating face flux field phi

Selecting incompressible transport model Newtonian
Selecting turbulence model type RASModel
Selecting RAS turbulence model kOmegaSST
bounding k, min: 0 max: 0.000734942 average: 0.000160218
kOmegaSSTCoeffs
{
    alphaK1         0.85034;
    alphaK2         1;
    alphaOmega1     0.5;
    alphaOmega2     0.85616;
    gamma1          0.5532;
    gamma2          0.4403;
    beta1           0.075;
    beta2           0.0828;
    betaStar        0.09;
    a1              0.31;
    c1              10;
    Cmu             0.09;
    b1              1;
    F3              false;
}

Reading/calculating face velocity Uf

No finite volume options present

Courant Number mean: 0.166568 max: 0.365449

Starting time loop

Courant Number mean: 0.166568 max: 0.365449
Time = 0.48

GAMG:  Solving for cellDisplacementx, Initial residual = 0, Final residual = 0, No Iterations 0
GAMG:  Solving for cellDisplacementy, Initial residual = 0, Final residual = 0, No Iterations 0
GAMG:  Solving for cellDisplacementz, Initial residual = 0, Final residual = 0, No Iterations 0
PIMPLE: iteration 1
DILUPBiCG:  Solving for Ux, Initial residual = 0.0635563, Final residual = 0.000254886, No Iterations 1
DILUPBiCG:  Solving for Uy, Initial residual = 0.0111492, Final residual = 2.41796e-05, No Iterations 1
DILUPBiCG:  Solving for Uz, Initial residual = 0.0108503, Final residual = 1.97762e-05, No Iterations 1
GAMG:  Solving for p, Initial residual = 0.120475, Final residual = 0.0011973, No Iterations 4
GAMG:  Solving for p, Initial residual = 0.0143759, Final residual = 0.000131307, No Iterations 20
GAMG:  Solving for p, Initial residual = 0.00667924, Final residual = 6.20276e-05, No Iterations 10
time step continuity errors : sum local = 9.46301e-07, global = 2.5762e-07, cumulative = 2.5762e-07
GAMG:  Solving for p, Initial residual = 0.0523297, Final residual = 0.000462346, No Iterations 4
GAMG:  Solving for p, Initial residual = 0.00722924, Final residual = 6.33185e-05, No Iterations 18
GAMG:  Solving for p, Initial residual = 0.00339918, Final residual = 3.11986e-05, No Iterations 10
time step continuity errors : sum local = 4.77056e-07, global = 1.29156e-07, cumulative = 3.86776e-07
PIMPLE: iteration 2
DILUPBiCG:  Solving for Ux, Initial residual = 0.0175407, Final residual = 0.000107314, No Iterations 1
DILUPBiCG:  Solving for Uy, Initial residual = 0.00324024, Final residual = 6.93232e-06, No Iterations 1
DILUPBiCG:  Solving for Uz, Initial residual = 0.00303368, Final residual = 1.17637e-05, No Iterations 1
GAMG:  Solving for p, Initial residual = 0.0520465, Final residual = 0.000476061, No Iterations 4
GAMG:  Solving for p, Initial residual = 0.00888802, Final residual = 8.38099e-05, No Iterations 16
GAMG:  Solving for p, Initial residual = 0.00393126, Final residual = 3.57053e-05, No Iterations 10
time step continuity errors : sum local = 4.69985e-07, global = -1.22449e-07, cumulative = 2.64326e-07
GAMG:  Solving for p, Initial residual = 0.026925, Final residual = 0.000213046, No Iterations 4
GAMG:  Solving for p, Initial residual = 0.00448059, Final residual = 3.97277e-05, No Iterations 14
GAMG:  Solving for p, Initial residual = 0.00185988, Final residual = 1.74382e-05, No Iterations 10
time step continuity errors : sum local = 2.30605e-07, global = -5.92244e-08, cumulative = 2.05102e-07
PIMPLE: iteration 3
DILUPBiCG:  Solving for Ux, Initial residual = 0.00407221, Final residual = 3.06096e-06, No Iterations 2
DILUPBiCG:  Solving for Uy, Initial residual = 0.000762426, Final residual = 5.63278e-06, No Iterations 1
DILUPBiCG:  Solving for Uz, Initial residual = 0.00661279, Final residual = 4.38702e-06, No Iterations 2
GAMG:  Solving for p, Initial residual = 0.041332, Final residual = 0.000362649, No Iterations 5
GAMG:  Solving for p, Initial residual = 0.00947208, Final residual = 9.42483e-05, No Iterations 4
GAMG:  Solving for p, Initial residual = 0.00437754, Final residual = 4.03185e-05, No Iterations 14
time step continuity errors : sum local = 5.99486e-07, global = -1.78043e-07, cumulative = 2.70588e-08
GAMG:  Solving for p, Initial residual = 0.00244177, Final residual = 2.30028e-05, No Iterations 12
GAMG:  Solving for p, Initial residual = 0.00128888, Final residual = 1.27658e-05, No Iterations 4
GAMG:  Solving for p, Initial residual = 0.000530352, Final residual = 9.5527e-07, No Iterations 32
time step continuity errors : sum local = 1.40218e-08, global = 4.14264e-09, cumulative = 3.12014e-08
DILUPBiCG:  Solving for omega, Initial residual = 0.000804585, Final residual = 7.09067e-07, No Iterations 1
DILUPBiCG:  Solving for k, Initial residual = 0.00401551, Final residual = 1.04636e-06, No Iterations 2
bounding k, min: 0 max: 0.000725055 average: 0.000159152
ExecutionTime = 11.81 s  ClockTime = 12 s

End

