/*---------------------------------------------------------------------------*\
| =========                 |                                                 |
| \\      /  F ield         | OpenFOAM: The Open Source CFD Toolbox           |
|  \\    /   O peration     | Version:  2.3.1                                 |
|   \\  /    A nd           | Web:      www.OpenFOAM.org                      |
|    \\/     M anipulation  |                                                 |
\*---------------------------------------------------------------------------*/
Build  : 2.3.1-262087cdf8db
Exec   : pimpleDyMFoam
Date   : Jun 06 2023
Time   : 02:06:44
Host   : "jcosson-VirtualBox"
PID    : 21184
Case   : /home/jcosson/workspace/henersj_shootingdata/calcs/moderate_deformed/primal/100_intervals_05-06-23/sweep52/interval77
nProcs : 1
sigFpe : Enabling floating point exception trapping (FOAM_SIGFPE).
fileModificationChecking : Monitoring run-time modified files using timeStampMaster
allowSystemOperations : Allowing user-supplied system call operations

// * * * * * * * * * * * * * * * * * * * * * * * * * * * * * * * * * * * * * //
Create time

Create mesh for time = 0.476

Selecting dynamicFvMesh dynamicMotionSolverFvMesh
Selecting motion solver: displacementLaplacian
Selecting motion diffusion: quadratic
Selecting motion diffusion: quadratic
Selecting motion diffusion: inverseDistance

PIMPLE: no residual control data found. Calculations will employ 3 corrector loops

Reading field p

Reading field U

Reading/calculating face flux field phi

Selecting incompressible transport model Newtonian
Selecting turbulence model type RASModel
Selecting RAS turbulence model kOmegaSST
kOmegaSSTCoeffs
{
    alphaK1         0.85034;
    alphaK2         1;
    alphaOmega1     0.5;
    alphaOmega2     0.85616;
    gamma1          0.5532;
    gamma2          0.4403;
    beta1           0.075;
    beta2           0.0828;
    betaStar        0.09;
    a1              0.31;
    c1              10;
    Cmu             0.09;
    b1              1;
    F3              false;
}

Reading/calculating face velocity Uf

No finite volume options present

Courant Number mean: 0.183391 max: 0.404216

Starting time loop

Courant Number mean: 0.183391 max: 0.404216
Time = 0.477

GAMG:  Solving for cellDisplacementx, Initial residual = 0, Final residual = 0, No Iterations 0
GAMG:  Solving for cellDisplacementy, Initial residual = 0, Final residual = 0, No Iterations 0
GAMG:  Solving for cellDisplacementz, Initial residual = 0, Final residual = 0, No Iterations 0
PIMPLE: iteration 1
DILUPBiCG:  Solving for Ux, Initial residual = 0.0602641, Final residual = 0.000245904, No Iterations 1
DILUPBiCG:  Solving for Uy, Initial residual = 0.0102733, Final residual = 2.28901e-05, No Iterations 1
DILUPBiCG:  Solving for Uz, Initial residual = 0.0112545, Final residual = 2.3224e-05, No Iterations 1
GAMG:  Solving for p, Initial residual = 0.122982, Final residual = 0.000879328, No Iterations 6
GAMG:  Solving for p, Initial residual = 0.0143511, Final residual = 0.000134524, No Iterations 18
GAMG:  Solving for p, Initial residual = 0.00639509, Final residual = 5.34672e-05, No Iterations 12
time step continuity errors : sum local = 8.23743e-07, global = 2.47721e-07, cumulative = 2.47721e-07
GAMG:  Solving for p, Initial residual = 0.0529004, Final residual = 0.000494164, No Iterations 4
GAMG:  Solving for p, Initial residual = 0.00726714, Final residual = 6.76204e-05, No Iterations 18
GAMG:  Solving for p, Initial residual = 0.00341234, Final residual = 3.3014e-05, No Iterations 10
time step continuity errors : sum local = 5.0944e-07, global = 1.36324e-07, cumulative = 3.84045e-07
PIMPLE: iteration 2
DILUPBiCG:  Solving for Ux, Initial residual = 0.0169714, Final residual = 0.000103333, No Iterations 1
DILUPBiCG:  Solving for Uy, Initial residual = 0.0030491, Final residual = 6.6911e-06, No Iterations 1
DILUPBiCG:  Solving for Uz, Initial residual = 0.00325715, Final residual = 1.23748e-05, No Iterations 1
GAMG:  Solving for p, Initial residual = 0.0528402, Final residual = 0.000477927, No Iterations 4
GAMG:  Solving for p, Initial residual = 0.00876497, Final residual = 8.54955e-05, No Iterations 16
GAMG:  Solving for p, Initial residual = 0.00391957, Final residual = 3.59929e-05, No Iterations 10
time step continuity errors : sum local = 4.76312e-07, global = -1.27351e-07, cumulative = 2.56694e-07
GAMG:  Solving for p, Initial residual = 0.0272705, Final residual = 0.000211355, No Iterations 4
GAMG:  Solving for p, Initial residual = 0.00439707, Final residual = 4.01966e-05, No Iterations 14
GAMG:  Solving for p, Initial residual = 0.00185333, Final residual = 1.75227e-05, No Iterations 10
time step continuity errors : sum local = 2.33049e-07, global = -6.07958e-08, cumulative = 1.95898e-07
PIMPLE: iteration 3
DILUPBiCG:  Solving for Ux, Initial residual = 0.00403958, Final residual = 2.71365e-06, No Iterations 2
DILUPBiCG:  Solving for Uy, Initial residual = 0.000731609, Final residual = 6.06133e-06, No Iterations 1
DILUPBiCG:  Solving for Uz, Initial residual = 0.00700656, Final residual = 3.84157e-06, No Iterations 2
GAMG:  Solving for p, Initial residual = 0.0407611, Final residual = 0.000347997, No Iterations 5
GAMG:  Solving for p, Initial residual = 0.00940134, Final residual = 9.2789e-05, No Iterations 7
GAMG:  Solving for p, Initial residual = 0.00433399, Final residual = 4.0812e-05, No Iterations 10
time step continuity errors : sum local = 6.0648e-07, global = -1.55094e-07, cumulative = 4.08038e-08
GAMG:  Solving for p, Initial residual = 0.00238847, Final residual = 2.11773e-05, No Iterations 16
GAMG:  Solving for p, Initial residual = 0.00131416, Final residual = 1.12109e-05, No Iterations 4
GAMG:  Solving for p, Initial residual = 0.000533864, Final residual = 8.67771e-07, No Iterations 30
time step continuity errors : sum local = 1.28217e-08, global = 3.80519e-09, cumulative = 4.4609e-08
DILUPBiCG:  Solving for omega, Initial residual = 0.000682155, Final residual = 6.66896e-07, No Iterations 1
DILUPBiCG:  Solving for k, Initial residual = 0.00418653, Final residual = 1.40834e-06, No Iterations 2
bounding k, min: 0 max: 0.000745932 average: 0.000161971
ExecutionTime = 17.49 s  ClockTime = 18 s

End

