/*---------------------------------------------------------------------------*\
| =========                 |                                                 |
| \\      /  F ield         | OpenFOAM: The Open Source CFD Toolbox           |
|  \\    /   O peration     | Version:  2.3.1                                 |
|   \\  /    A nd           | Web:      www.OpenFOAM.org                      |
|    \\/     M anipulation  |                                                 |
\*---------------------------------------------------------------------------*/
Build  : 2.3.1-262087cdf8db
Exec   : pimpleDyMFoam
Date   : Jun 06 2023
Time   : 02:06:44
Host   : "jcosson-VirtualBox"
PID    : 21188
Case   : /home/jcosson/workspace/henersj_shootingdata/calcs/moderate_deformed/primal/100_intervals_05-06-23/sweep52/interval79
nProcs : 1
sigFpe : Enabling floating point exception trapping (FOAM_SIGFPE).
fileModificationChecking : Monitoring run-time modified files using timeStampMaster
allowSystemOperations : Allowing user-supplied system call operations

// * * * * * * * * * * * * * * * * * * * * * * * * * * * * * * * * * * * * * //
Create time

Create mesh for time = 0.478

Selecting dynamicFvMesh dynamicMotionSolverFvMesh
Selecting motion solver: displacementLaplacian
Selecting motion diffusion: quadratic
Selecting motion diffusion: quadratic
Selecting motion diffusion: inverseDistance

PIMPLE: no residual control data found. Calculations will employ 3 corrector loops

Reading field p

Reading field U

Reading/calculating face flux field phi

Selecting incompressible transport model Newtonian
Selecting turbulence model type RASModel
Selecting RAS turbulence model kOmegaSST
bounding k, min: 0 max: 0.000741828 average: 0.000161156
kOmegaSSTCoeffs
{
    alphaK1         0.85034;
    alphaK2         1;
    alphaOmega1     0.5;
    alphaOmega2     0.85616;
    gamma1          0.5532;
    gamma2          0.4403;
    beta1           0.075;
    beta2           0.0828;
    betaStar        0.09;
    a1              0.31;
    c1              10;
    Cmu             0.09;
    b1              1;
    F3              false;
}

Reading/calculating face velocity Uf

No finite volume options present

Courant Number mean: 0.172114 max: 0.37825

Starting time loop

Courant Number mean: 0.172114 max: 0.37825
Time = 0.479

GAMG:  Solving for cellDisplacementx, Initial residual = 0, Final residual = 0, No Iterations 0
GAMG:  Solving for cellDisplacementy, Initial residual = 0, Final residual = 0, No Iterations 0
GAMG:  Solving for cellDisplacementz, Initial residual = 0, Final residual = 0, No Iterations 0
PIMPLE: iteration 1
DILUPBiCG:  Solving for Ux, Initial residual = 0.0626729, Final residual = 0.000252978, No Iterations 1
DILUPBiCG:  Solving for Uy, Initial residual = 0.0108788, Final residual = 2.3798e-05, No Iterations 1
DILUPBiCG:  Solving for Uz, Initial residual = 0.0106813, Final residual = 2.08354e-05, No Iterations 1
GAMG:  Solving for p, Initial residual = 0.121071, Final residual = 0.000831188, No Iterations 6
GAMG:  Solving for p, Initial residual = 0.0143237, Final residual = 0.000129575, No Iterations 18
GAMG:  Solving for p, Initial residual = 0.00639409, Final residual = 6.29656e-05, No Iterations 10
time step continuity errors : sum local = 9.67146e-07, global = 2.59753e-07, cumulative = 2.59753e-07
GAMG:  Solving for p, Initial residual = 0.0524412, Final residual = 0.00047041, No Iterations 4
GAMG:  Solving for p, Initial residual = 0.00724234, Final residual = 6.51579e-05, No Iterations 18
GAMG:  Solving for p, Initial residual = 0.00339903, Final residual = 3.19406e-05, No Iterations 10
time step continuity errors : sum local = 4.91682e-07, global = 1.3137e-07, cumulative = 3.91123e-07
PIMPLE: iteration 2
DILUPBiCG:  Solving for Ux, Initial residual = 0.017418, Final residual = 0.000106606, No Iterations 1
DILUPBiCG:  Solving for Uy, Initial residual = 0.00318655, Final residual = 6.87115e-06, No Iterations 1
DILUPBiCG:  Solving for Uz, Initial residual = 0.00311317, Final residual = 1.19889e-05, No Iterations 1
GAMG:  Solving for p, Initial residual = 0.0522138, Final residual = 0.000478041, No Iterations 4
GAMG:  Solving for p, Initial residual = 0.00881784, Final residual = 8.47059e-05, No Iterations 16
GAMG:  Solving for p, Initial residual = 0.00390552, Final residual = 3.57249e-05, No Iterations 10
time step continuity errors : sum local = 4.72841e-07, global = -1.24663e-07, cumulative = 2.6646e-07
GAMG:  Solving for p, Initial residual = 0.0269985, Final residual = 0.000213336, No Iterations 4
GAMG:  Solving for p, Initial residual = 0.00444134, Final residual = 4.01041e-05, No Iterations 14
GAMG:  Solving for p, Initial residual = 0.00184387, Final residual = 1.7492e-05, No Iterations 10
time step continuity errors : sum local = 2.3262e-07, global = -6.02032e-08, cumulative = 2.06256e-07
PIMPLE: iteration 3
DILUPBiCG:  Solving for Ux, Initial residual = 0.00407906, Final residual = 2.95431e-06, No Iterations 2
DILUPBiCG:  Solving for Uy, Initial residual = 0.000754386, Final residual = 5.76183e-06, No Iterations 1
DILUPBiCG:  Solving for Uz, Initial residual = 0.00666625, Final residual = 4.05725e-06, No Iterations 2
GAMG:  Solving for p, Initial residual = 0.0411815, Final residual = 0.000341805, No Iterations 5
GAMG:  Solving for p, Initial residual = 0.00953228, Final residual = 9.52635e-05, No Iterations 5
GAMG:  Solving for p, Initial residual = 0.00435764, Final residual = 3.63156e-05, No Iterations 12
time step continuity errors : sum local = 5.40199e-07, global = -1.54722e-07, cumulative = 5.1534e-08
GAMG:  Solving for p, Initial residual = 0.00238996, Final residual = 2.04862e-05, No Iterations 16
GAMG:  Solving for p, Initial residual = 0.00130183, Final residual = 1.10018e-05, No Iterations 4
GAMG:  Solving for p, Initial residual = 0.000532498, Final residual = 9.34208e-07, No Iterations 28
time step continuity errors : sum local = 1.37946e-08, global = 4.11038e-09, cumulative = 5.56444e-08
DILUPBiCG:  Solving for omega, Initial residual = 0.000762711, Final residual = 6.96388e-07, No Iterations 1
DILUPBiCG:  Solving for k, Initial residual = 0.00406952, Final residual = 1.18125e-06, No Iterations 2
bounding k, min: 0 max: 0.000732824 average: 0.000160084
ExecutionTime = 16.9 s  ClockTime = 17 s

End

