/*---------------------------------------------------------------------------*\
| =========                 |                                                 |
| \\      /  F ield         | OpenFOAM: The Open Source CFD Toolbox           |
|  \\    /   O peration     | Version:  2.3.1                                 |
|   \\  /    A nd           | Web:      www.OpenFOAM.org                      |
|    \\/     M anipulation  |                                                 |
\*---------------------------------------------------------------------------*/
Build  : 2.3.1-262087cdf8db
Exec   : pimpleDyMFoam
Date   : Jun 06 2023
Time   : 02:07:01
Host   : "jcosson-VirtualBox"
PID    : 21197
Case   : /home/jcosson/workspace/henersj_shootingdata/calcs/moderate_deformed/primal/100_intervals_05-06-23/sweep52/interval83
nProcs : 1
sigFpe : Enabling floating point exception trapping (FOAM_SIGFPE).
fileModificationChecking : Monitoring run-time modified files using timeStampMaster
allowSystemOperations : Allowing user-supplied system call operations

// * * * * * * * * * * * * * * * * * * * * * * * * * * * * * * * * * * * * * //
Create time

Create mesh for time = 0.482

Selecting dynamicFvMesh dynamicMotionSolverFvMesh
Selecting motion solver: displacementLaplacian
Selecting motion diffusion: quadratic
Selecting motion diffusion: quadratic
Selecting motion diffusion: inverseDistance

PIMPLE: no residual control data found. Calculations will employ 3 corrector loops

Reading field p

Reading field U

Reading/calculating face flux field phi

Selecting incompressible transport model Newtonian
Selecting turbulence model type RASModel
Selecting RAS turbulence model kOmegaSST
bounding k, min: 0 max: 0.000708592 average: 0.000157472
kOmegaSSTCoeffs
{
    alphaK1         0.85034;
    alphaK2         1;
    alphaOmega1     0.5;
    alphaOmega2     0.85616;
    gamma1          0.5532;
    gamma2          0.4403;
    beta1           0.075;
    beta2           0.0828;
    betaStar        0.09;
    a1              0.31;
    c1              10;
    Cmu             0.09;
    b1              1;
    F3              false;
}

Reading/calculating face velocity Uf

No finite volume options present

Courant Number mean: 0.150562 max: 0.328361

Starting time loop

Courant Number mean: 0.150562 max: 0.328361
Time = 0.483

GAMG:  Solving for cellDisplacementx, Initial residual = 0, Final residual = 0, No Iterations 0
GAMG:  Solving for cellDisplacementy, Initial residual = 0, Final residual = 0, No Iterations 0
GAMG:  Solving for cellDisplacementz, Initial residual = 0, Final residual = 0, No Iterations 0
PIMPLE: iteration 1
DILUPBiCG:  Solving for Ux, Initial residual = 0.064525, Final residual = 0.000253422, No Iterations 1
DILUPBiCG:  Solving for Uy, Initial residual = 0.011738, Final residual = 2.47845e-05, No Iterations 1
DILUPBiCG:  Solving for Uz, Initial residual = 0.0118283, Final residual = 1.66944e-05, No Iterations 1
GAMG:  Solving for p, Initial residual = 0.119518, Final residual = 0.00106297, No Iterations 4
GAMG:  Solving for p, Initial residual = 0.0148391, Final residual = 0.000145968, No Iterations 18
GAMG:  Solving for p, Initial residual = 0.0069848, Final residual = 6.67025e-05, No Iterations 10
time step continuity errors : sum local = 9.70003e-07, global = 2.54758e-07, cumulative = 2.54758e-07
GAMG:  Solving for p, Initial residual = 0.0524551, Final residual = 0.000419985, No Iterations 4
GAMG:  Solving for p, Initial residual = 0.00741466, Final residual = 7.11074e-05, No Iterations 16
GAMG:  Solving for p, Initial residual = 0.00352019, Final residual = 3.45462e-05, No Iterations 10
time step continuity errors : sum local = 5.04286e-07, global = 1.33247e-07, cumulative = 3.88005e-07
PIMPLE: iteration 2
DILUPBiCG:  Solving for Ux, Initial residual = 0.0174577, Final residual = 0.000105675, No Iterations 1
DILUPBiCG:  Solving for Uy, Initial residual = 0.0033312, Final residual = 6.93705e-06, No Iterations 1
DILUPBiCG:  Solving for Uz, Initial residual = 0.00291156, Final residual = 1.06043e-05, No Iterations 1
GAMG:  Solving for p, Initial residual = 0.0519664, Final residual = 0.000485511, No Iterations 4
GAMG:  Solving for p, Initial residual = 0.00920466, Final residual = 8.65922e-05, No Iterations 16
GAMG:  Solving for p, Initial residual = 0.00403134, Final residual = 3.63812e-05, No Iterations 10
time step continuity errors : sum local = 4.59434e-07, global = -1.18572e-07, cumulative = 2.69433e-07
GAMG:  Solving for p, Initial residual = 0.0269326, Final residual = 0.000219861, No Iterations 4
GAMG:  Solving for p, Initial residual = 0.0046582, Final residual = 4.22889e-05, No Iterations 14
GAMG:  Solving for p, Initial residual = 0.00192507, Final residual = 1.80759e-05, No Iterations 10
time step continuity errors : sum local = 2.29228e-07, global = -5.83092e-08, cumulative = 2.11124e-07
PIMPLE: iteration 3
DILUPBiCG:  Solving for Ux, Initial residual = 0.0039543, Final residual = 3.16448e-06, No Iterations 2
DILUPBiCG:  Solving for Uy, Initial residual = 0.000777932, Final residual = 5.21122e-06, No Iterations 1
DILUPBiCG:  Solving for Uz, Initial residual = 0.00588961, Final residual = 3.11874e-06, No Iterations 2
GAMG:  Solving for p, Initial residual = 0.0422904, Final residual = 0.000347111, No Iterations 5
GAMG:  Solving for p, Initial residual = 0.00962888, Final residual = 9.1179e-05, No Iterations 12
GAMG:  Solving for p, Initial residual = 0.00464905, Final residual = 4.56417e-05, No Iterations 10
time step continuity errors : sum local = 6.47198e-07, global = -1.68634e-07, cumulative = 4.24899e-08
GAMG:  Solving for p, Initial residual = 0.00240683, Final residual = 2.15256e-05, No Iterations 6
GAMG:  Solving for p, Initial residual = 0.00128617, Final residual = 1.16239e-05, No Iterations 4
GAMG:  Solving for p, Initial residual = 0.000538998, Final residual = 8.87362e-07, No Iterations 32
time step continuity errors : sum local = 1.24649e-08, global = 3.66348e-09, cumulative = 4.61534e-08
DILUPBiCG:  Solving for omega, Initial residual = 0.000931549, Final residual = 7.35502e-07, No Iterations 1
DILUPBiCG:  Solving for k, Initial residual = 0.00385074, Final residual = 7.11349e-07, No Iterations 2
bounding k, min: 0 max: 0.000696435 average: 0.000156448
ExecutionTime = 16.96 s  ClockTime = 17 s

End

