/*---------------------------------------------------------------------------*\
| =========                 |                                                 |
| \\      /  F ield         | OpenFOAM: The Open Source CFD Toolbox           |
|  \\    /   O peration     | Version:  2.3.1                                 |
|   \\  /    A nd           | Web:      www.OpenFOAM.org                      |
|    \\/     M anipulation  |                                                 |
\*---------------------------------------------------------------------------*/
Build  : 2.3.1-262087cdf8db
Exec   : pimpleDyMFoam
Date   : Jun 06 2023
Time   : 00:47:17
Host   : "jcosson-VirtualBox"
PID    : 12784
Case   : /home/jcosson/workspace/henersj_shootingdata/calcs/moderate_deformed/primal/100_intervals_05-06-23/sweep23/interval83
nProcs : 1
sigFpe : Enabling floating point exception trapping (FOAM_SIGFPE).
fileModificationChecking : Monitoring run-time modified files using timeStampMaster
allowSystemOperations : Allowing user-supplied system call operations

// * * * * * * * * * * * * * * * * * * * * * * * * * * * * * * * * * * * * * //
Create time

Create mesh for time = 0.482

Selecting dynamicFvMesh dynamicMotionSolverFvMesh
Selecting motion solver: displacementLaplacian
Selecting motion diffusion: quadratic
Selecting motion diffusion: quadratic
Selecting motion diffusion: inverseDistance

PIMPLE: no residual control data found. Calculations will employ 3 corrector loops

Reading field p

Reading field U

Reading/calculating face flux field phi

Selecting incompressible transport model Newtonian
Selecting turbulence model type RASModel
Selecting RAS turbulence model kOmegaSST
bounding k, min: 0 max: 0.000747441 average: 0.000164004
kOmegaSSTCoeffs
{
    alphaK1         0.85034;
    alphaK2         1;
    alphaOmega1     0.5;
    alphaOmega2     0.85616;
    gamma1          0.5532;
    gamma2          0.4403;
    beta1           0.075;
    beta2           0.0828;
    betaStar        0.09;
    a1              0.31;
    c1              10;
    Cmu             0.09;
    b1              1;
    F3              false;
}

Reading/calculating face velocity Uf

No finite volume options present

Courant Number mean: 0.150475 max: 0.339951

Starting time loop

Courant Number mean: 0.150475 max: 0.339951
Time = 0.483

GAMG:  Solving for cellDisplacementx, Initial residual = 0, Final residual = 0, No Iterations 0
GAMG:  Solving for cellDisplacementy, Initial residual = 0, Final residual = 0, No Iterations 0
GAMG:  Solving for cellDisplacementz, Initial residual = 0, Final residual = 0, No Iterations 0
PIMPLE: iteration 1
DILUPBiCG:  Solving for Ux, Initial residual = 0.0644175, Final residual = 0.000247632, No Iterations 1
DILUPBiCG:  Solving for Uy, Initial residual = 0.0117979, Final residual = 2.50178e-05, No Iterations 1
DILUPBiCG:  Solving for Uz, Initial residual = 0.0169859, Final residual = 2.00189e-05, No Iterations 1
GAMG:  Solving for p, Initial residual = 0.121828, Final residual = 0.00101501, No Iterations 4
GAMG:  Solving for p, Initial residual = 0.0158188, Final residual = 0.000145856, No Iterations 18
GAMG:  Solving for p, Initial residual = 0.00740312, Final residual = 5.58392e-05, No Iterations 4
time step continuity errors : sum local = 8.08753e-07, global = 2.73576e-07, cumulative = 2.73576e-07
GAMG:  Solving for p, Initial residual = 0.0534662, Final residual = 0.000408148, No Iterations 4
GAMG:  Solving for p, Initial residual = 0.00786708, Final residual = 7.05073e-05, No Iterations 16
GAMG:  Solving for p, Initial residual = 0.00372454, Final residual = 2.94118e-05, No Iterations 4
time step continuity errors : sum local = 4.27525e-07, global = 1.43614e-07, cumulative = 4.1719e-07
PIMPLE: iteration 2
DILUPBiCG:  Solving for Ux, Initial residual = 0.0173951, Final residual = 0.000103871, No Iterations 1
DILUPBiCG:  Solving for Uy, Initial residual = 0.00333067, Final residual = 7.07239e-06, No Iterations 1
DILUPBiCG:  Solving for Uz, Initial residual = 0.00291454, Final residual = 1.04777e-05, No Iterations 1
GAMG:  Solving for p, Initial residual = 0.0529452, Final residual = 0.000481609, No Iterations 4
GAMG:  Solving for p, Initial residual = 0.00967776, Final residual = 8.71515e-05, No Iterations 16
GAMG:  Solving for p, Initial residual = 0.00437406, Final residual = 4.13277e-05, No Iterations 4
time step continuity errors : sum local = 5.18853e-07, global = -2.0364e-07, cumulative = 2.1355e-07
GAMG:  Solving for p, Initial residual = 0.027587, Final residual = 0.000224362, No Iterations 4
GAMG:  Solving for p, Initial residual = 0.00501593, Final residual = 4.32577e-05, No Iterations 14
GAMG:  Solving for p, Initial residual = 0.00209053, Final residual = 1.7776e-05, No Iterations 4
time step continuity errors : sum local = 2.23941e-07, global = -8.5262e-08, cumulative = 1.28288e-07
PIMPLE: iteration 3
DILUPBiCG:  Solving for Ux, Initial residual = 0.00394337, Final residual = 2.92396e-06, No Iterations 2
DILUPBiCG:  Solving for Uy, Initial residual = 0.000789144, Final residual = 5.08358e-06, No Iterations 1
DILUPBiCG:  Solving for Uz, Initial residual = 0.00578694, Final residual = 2.41727e-06, No Iterations 2
GAMG:  Solving for p, Initial residual = 0.0421119, Final residual = 0.000341204, No Iterations 5
GAMG:  Solving for p, Initial residual = 0.00971399, Final residual = 8.74383e-05, No Iterations 14
GAMG:  Solving for p, Initial residual = 0.00477547, Final residual = 4.45968e-05, No Iterations 10
time step continuity errors : sum local = 6.29056e-07, global = -1.63768e-07, cumulative = -3.54799e-08
GAMG:  Solving for p, Initial residual = 0.00243746, Final residual = 2.40141e-05, No Iterations 6
GAMG:  Solving for p, Initial residual = 0.00128069, Final residual = 1.1023e-05, No Iterations 12
GAMG:  Solving for p, Initial residual = 0.000544972, Final residual = 9.938e-07, No Iterations 28
time step continuity errors : sum local = 1.38924e-08, global = 4.16899e-09, cumulative = -3.1311e-08
DILUPBiCG:  Solving for omega, Initial residual = 0.00107655, Final residual = 8.33411e-07, No Iterations 1
DILUPBiCG:  Solving for k, Initial residual = 0.00407103, Final residual = 7.25889e-07, No Iterations 2
bounding k, min: 0 max: 0.000735787 average: 0.000162853
ExecutionTime = 15.42 s  ClockTime = 15 s

End

