/*---------------------------------------------------------------------------*\
| =========                 |                                                 |
| \\      /  F ield         | OpenFOAM: The Open Source CFD Toolbox           |
|  \\    /   O peration     | Version:  2.3.1                                 |
|   \\  /    A nd           | Web:      www.OpenFOAM.org                      |
|    \\/     M anipulation  |                                                 |
\*---------------------------------------------------------------------------*/
Build  : 2.3.1-262087cdf8db
Exec   : pimpleDyMFoam
Date   : Jun 06 2023
Time   : 00:46:25
Host   : "jcosson-VirtualBox"
PID    : 12693
Case   : /home/jcosson/workspace/henersj_shootingdata/calcs/moderate_deformed/primal/100_intervals_05-06-23/sweep23/interval38
nProcs : 1
sigFpe : Enabling floating point exception trapping (FOAM_SIGFPE).
fileModificationChecking : Monitoring run-time modified files using timeStampMaster
allowSystemOperations : Allowing user-supplied system call operations

// * * * * * * * * * * * * * * * * * * * * * * * * * * * * * * * * * * * * * //
Create time

Create mesh for time = 0.437

Selecting dynamicFvMesh dynamicMotionSolverFvMesh
Selecting motion solver: displacementLaplacian
Selecting motion diffusion: quadratic
Selecting motion diffusion: quadratic
Selecting motion diffusion: inverseDistance

PIMPLE: no residual control data found. Calculations will employ 3 corrector loops

Reading field p

Reading field U

Reading/calculating face flux field phi

Selecting incompressible transport model Newtonian
Selecting turbulence model type RASModel
Selecting RAS turbulence model kOmegaSST
kOmegaSSTCoeffs
{
    alphaK1         0.85034;
    alphaK2         1;
    alphaOmega1     0.5;
    alphaOmega2     0.85616;
    gamma1          0.5532;
    gamma2          0.4403;
    beta1           0.075;
    beta2           0.0828;
    betaStar        0.09;
    a1              0.31;
    c1              10;
    Cmu             0.09;
    b1              1;
    F3              false;
}

Reading/calculating face velocity Uf

No finite volume options present

Courant Number mean: 0.250794 max: 0.548241

Starting time loop

Courant Number mean: 0.250794 max: 0.548241
Time = 0.438

GAMG:  Solving for cellDisplacementx, Initial residual = 0, Final residual = 0, No Iterations 0
GAMG:  Solving for cellDisplacementy, Initial residual = 0, Final residual = 0, No Iterations 0
GAMG:  Solving for cellDisplacementz, Initial residual = 0, Final residual = 0, No Iterations 0
PIMPLE: iteration 1
DILUPBiCG:  Solving for Ux, Initial residual = 0.0348515, Final residual = 0.000114079, No Iterations 1
DILUPBiCG:  Solving for Uy, Initial residual = 0.00546557, Final residual = 1.38474e-05, No Iterations 1
DILUPBiCG:  Solving for Uz, Initial residual = 0.0130238, Final residual = 2.10306e-05, No Iterations 1
GAMG:  Solving for p, Initial residual = 0.117447, Final residual = 0.00102847, No Iterations 4
GAMG:  Solving for p, Initial residual = 0.0159176, Final residual = 0.000153296, No Iterations 16
GAMG:  Solving for p, Initial residual = 0.00703012, Final residual = 5.9735e-05, No Iterations 12
time step continuity errors : sum local = 6.9404e-07, global = -2.06507e-07, cumulative = -2.06507e-07
GAMG:  Solving for p, Initial residual = 0.0518889, Final residual = 0.000388192, No Iterations 4
GAMG:  Solving for p, Initial residual = 0.00781576, Final residual = 7.5622e-05, No Iterations 14
GAMG:  Solving for p, Initial residual = 0.00352822, Final residual = 3.08829e-05, No Iterations 12
time step continuity errors : sum local = 3.59202e-07, global = -1.07228e-07, cumulative = -3.13735e-07
PIMPLE: iteration 2
DILUPBiCG:  Solving for Ux, Initial residual = 0.00982227, Final residual = 3.80531e-05, No Iterations 1
DILUPBiCG:  Solving for Uy, Initial residual = 0.00157798, Final residual = 6.41148e-06, No Iterations 1
DILUPBiCG:  Solving for Uz, Initial residual = 0.00294679, Final residual = 8.3224e-06, No Iterations 1
GAMG:  Solving for p, Initial residual = 0.0518377, Final residual = 0.000325404, No Iterations 6
GAMG:  Solving for p, Initial residual = 0.0112931, Final residual = 0.000112006, No Iterations 12
GAMG:  Solving for p, Initial residual = 0.00418723, Final residual = 3.51635e-05, No Iterations 14
time step continuity errors : sum local = 3.47492e-07, global = 1.06645e-07, cumulative = -2.0709e-07
GAMG:  Solving for p, Initial residual = 0.0270503, Final residual = 0.000244464, No Iterations 4
GAMG:  Solving for p, Initial residual = 0.00537893, Final residual = 5.15035e-05, No Iterations 12
GAMG:  Solving for p, Initial residual = 0.00207251, Final residual = 1.95173e-05, No Iterations 12
time step continuity errors : sum local = 1.94188e-07, global = 5.58239e-08, cumulative = -1.51266e-07
PIMPLE: iteration 3
DILUPBiCG:  Solving for Ux, Initial residual = 0.00222916, Final residual = 9.21627e-07, No Iterations 2
DILUPBiCG:  Solving for Uy, Initial residual = 0.000366233, Final residual = 9.27891e-06, No Iterations 1
DILUPBiCG:  Solving for Uz, Initial residual = 0.00635493, Final residual = 4.46635e-06, No Iterations 2
GAMG:  Solving for p, Initial residual = 0.0448261, Final residual = 0.000371466, No Iterations 5
GAMG:  Solving for p, Initial residual = 0.0117976, Final residual = 0.000100567, No Iterations 10
GAMG:  Solving for p, Initial residual = 0.00506976, Final residual = 4.70739e-05, No Iterations 10
time step continuity errors : sum local = 5.19286e-07, global = 1.35118e-07, cumulative = -1.61482e-08
GAMG:  Solving for p, Initial residual = 0.00303627, Final residual = 2.6594e-05, No Iterations 18
GAMG:  Solving for p, Initial residual = 0.0018261, Final residual = 1.31437e-05, No Iterations 4
GAMG:  Solving for p, Initial residual = 0.000638445, Final residual = 9.77418e-07, No Iterations 36
time step continuity errors : sum local = 1.07548e-08, global = -3.15829e-09, cumulative = -1.93065e-08
DILUPBiCG:  Solving for omega, Initial residual = 0.00104228, Final residual = 1.2159e-06, No Iterations 1
DILUPBiCG:  Solving for k, Initial residual = 0.00626686, Final residual = 1.36262e-06, No Iterations 2
ExecutionTime = 17.63 s  ClockTime = 18 s

End

