/*---------------------------------------------------------------------------*\
| =========                 |                                                 |
| \\      /  F ield         | OpenFOAM: The Open Source CFD Toolbox           |
|  \\    /   O peration     | Version:  2.3.1                                 |
|   \\  /    A nd           | Web:      www.OpenFOAM.org                      |
|    \\/     M anipulation  |                                                 |
\*---------------------------------------------------------------------------*/
Build  : 2.3.1-262087cdf8db
Exec   : pimpleDyMFoam
Date   : Jun 06 2023
Time   : 02:53:18
Host   : "jcosson-VirtualBox"
PID    : 12424
Case   : /home/jcosson/workspace/henersj_shootingdata/calcs/moderate_deformed/primal/100_intervals_05-06-23/sweep79/interval81
nProcs : 1
sigFpe : Enabling floating point exception trapping (FOAM_SIGFPE).
fileModificationChecking : Monitoring run-time modified files using timeStampMaster
allowSystemOperations : Allowing user-supplied system call operations

// * * * * * * * * * * * * * * * * * * * * * * * * * * * * * * * * * * * * * //
Create time

Create mesh for time = 0.48

Selecting dynamicFvMesh dynamicMotionSolverFvMesh
Selecting motion solver: displacementLaplacian
Selecting motion diffusion: quadratic
Selecting motion diffusion: quadratic
Selecting motion diffusion: inverseDistance

PIMPLE: no residual control data found. Calculations will employ 3 corrector loops

Reading field p

Reading field U

Reading/calculating face flux field phi

Selecting incompressible transport model Newtonian
Selecting turbulence model type RASModel
Selecting RAS turbulence model kOmegaSST
bounding k, min: 0 max: 0.00067342 average: 0.00015714
kOmegaSSTCoeffs
{
    alphaK1         0.85034;
    alphaK2         1;
    alphaOmega1     0.5;
    alphaOmega2     0.85616;
    gamma1          0.5532;
    gamma2          0.4403;
    beta1           0.075;
    beta2           0.0828;
    betaStar        0.09;
    a1              0.31;
    c1              10;
    Cmu             0.09;
    b1              1;
    F3              false;
}

Reading/calculating face velocity Uf

No finite volume options present

Courant Number mean: 0.160917 max: 0.353852

Starting time loop

Courant Number mean: 0.160917 max: 0.353852
Time = 0.481

GAMG:  Solving for cellDisplacementx, Initial residual = 0, Final residual = 0, No Iterations 0
GAMG:  Solving for cellDisplacementy, Initial residual = 0, Final residual = 0, No Iterations 0
GAMG:  Solving for cellDisplacementz, Initial residual = 0, Final residual = 0, No Iterations 0
PIMPLE: iteration 1
DILUPBiCG:  Solving for Ux, Initial residual = 0.0642951, Final residual = 0.000258161, No Iterations 1
DILUPBiCG:  Solving for Uy, Initial residual = 0.0113722, Final residual = 2.49904e-05, No Iterations 1
DILUPBiCG:  Solving for Uz, Initial residual = 0.0105852, Final residual = 1.86538e-05, No Iterations 1
GAMG:  Solving for p, Initial residual = 0.119441, Final residual = 0.00114384, No Iterations 4
GAMG:  Solving for p, Initial residual = 0.0143026, Final residual = 0.000128461, No Iterations 20
GAMG:  Solving for p, Initial residual = 0.00665708, Final residual = 6.13128e-05, No Iterations 10
time step continuity errors : sum local = 9.2891e-07, global = 2.51184e-07, cumulative = 2.51184e-07
GAMG:  Solving for p, Initial residual = 0.0520688, Final residual = 0.00044512, No Iterations 4
GAMG:  Solving for p, Initial residual = 0.00718789, Final residual = 6.21704e-05, No Iterations 18
GAMG:  Solving for p, Initial residual = 0.00337983, Final residual = 3.08838e-05, No Iterations 10
time step continuity errors : sum local = 4.69098e-07, global = 1.26402e-07, cumulative = 3.77586e-07
PIMPLE: iteration 2
DILUPBiCG:  Solving for Ux, Initial residual = 0.0176351, Final residual = 0.000107918, No Iterations 1
DILUPBiCG:  Solving for Uy, Initial residual = 0.00328809, Final residual = 7.1539e-06, No Iterations 1
DILUPBiCG:  Solving for Uz, Initial residual = 0.00313702, Final residual = 1.14349e-05, No Iterations 1
GAMG:  Solving for p, Initial residual = 0.0517207, Final residual = 0.000475167, No Iterations 4
GAMG:  Solving for p, Initial residual = 0.00890581, Final residual = 8.29161e-05, No Iterations 16
GAMG:  Solving for p, Initial residual = 0.00389044, Final residual = 3.53237e-05, No Iterations 10
time step continuity errors : sum local = 4.62655e-07, global = -1.20926e-07, cumulative = 2.56659e-07
GAMG:  Solving for p, Initial residual = 0.0267702, Final residual = 0.000213841, No Iterations 4
GAMG:  Solving for p, Initial residual = 0.00448934, Final residual = 3.94636e-05, No Iterations 14
GAMG:  Solving for p, Initial residual = 0.00183539, Final residual = 1.73742e-05, No Iterations 10
time step continuity errors : sum local = 2.28582e-07, global = -5.92665e-08, cumulative = 1.97393e-07
PIMPLE: iteration 3
DILUPBiCG:  Solving for Ux, Initial residual = 0.0040617, Final residual = 2.90563e-06, No Iterations 2
DILUPBiCG:  Solving for Uy, Initial residual = 0.000766857, Final residual = 5.5478e-06, No Iterations 1
DILUPBiCG:  Solving for Uz, Initial residual = 0.00651208, Final residual = 4.0186e-06, No Iterations 2
GAMG:  Solving for p, Initial residual = 0.0415803, Final residual = 0.000360307, No Iterations 5
GAMG:  Solving for p, Initial residual = 0.00947371, Final residual = 8.36849e-05, No Iterations 10
GAMG:  Solving for p, Initial residual = 0.00447315, Final residual = 3.86064e-05, No Iterations 10
time step continuity errors : sum local = 5.67832e-07, global = -1.46776e-07, cumulative = 5.0617e-08
GAMG:  Solving for p, Initial residual = 0.0023703, Final residual = 2.28252e-05, No Iterations 14
GAMG:  Solving for p, Initial residual = 0.00129337, Final residual = 1.15687e-05, No Iterations 4
GAMG:  Solving for p, Initial residual = 0.000528897, Final residual = 9.11323e-07, No Iterations 30
time step continuity errors : sum local = 1.33044e-08, global = 3.95862e-09, cumulative = 5.45756e-08
DILUPBiCG:  Solving for omega, Initial residual = 0.000825652, Final residual = 6.90913e-07, No Iterations 1
DILUPBiCG:  Solving for k, Initial residual = 0.00390026, Final residual = 1.03925e-06, No Iterations 2
bounding k, min: 0 max: 0.000664589 average: 0.000156122
ExecutionTime = 17.87 s  ClockTime = 18 s

End

