/*---------------------------------------------------------------------------*\
| =========                 |                                                 |
| \\      /  F ield         | OpenFOAM: The Open Source CFD Toolbox           |
|  \\    /   O peration     | Version:  2.3.1                                 |
|   \\  /    A nd           | Web:      www.OpenFOAM.org                      |
|    \\/     M anipulation  |                                                 |
\*---------------------------------------------------------------------------*/
Build  : 2.3.1-262087cdf8db
Exec   : pimpleDyMFoam
Date   : Jun 05 2023
Time   : 15:25:03
Host   : "jcosson-VirtualBox"
PID    : 4181
Case   : /home/jcosson/workspace/henersj_shootingdata/calcs/moderate_deformed/primal/7_intervals_05-06-23/sweep3/interval4
nProcs : 1
sigFpe : Enabling floating point exception trapping (FOAM_SIGFPE).
fileModificationChecking : Monitoring run-time modified files using timeStampMaster
allowSystemOperations : Allowing user-supplied system call operations

// * * * * * * * * * * * * * * * * * * * * * * * * * * * * * * * * * * * * * //
Create time

Create mesh for time = 0.443

Selecting dynamicFvMesh dynamicMotionSolverFvMesh
Selecting motion solver: displacementLaplacian
Selecting motion diffusion: quadratic
Selecting motion diffusion: quadratic
Selecting motion diffusion: inverseDistance

PIMPLE: no residual control data found. Calculations will employ 3 corrector loops

Reading field p

Reading field U

Reading/calculating face flux field phi

Selecting incompressible transport model Newtonian
Selecting turbulence model type RASModel
Selecting RAS turbulence model kOmegaSST
kOmegaSSTCoeffs
{
    alphaK1         0.85034;
    alphaK2         1;
    alphaOmega1     0.5;
    alphaOmega2     0.85616;
    gamma1          0.5532;
    gamma2          0.4403;
    beta1           0.075;
    beta2           0.0828;
    betaStar        0.09;
    a1              0.31;
    c1              10;
    Cmu             0.09;
    b1              1;
    F3              false;
}

Reading/calculating face velocity Uf

No finite volume options present

Courant Number mean: 0.271145 max: 0.597188

Starting time loop

Courant Number mean: 0.271145 max: 0.597188
Time = 0.444

GAMG:  Solving for cellDisplacementx, Initial residual = 0, Final residual = 0, No Iterations 0
GAMG:  Solving for cellDisplacementy, Initial residual = 0, Final residual = 0, No Iterations 0
GAMG:  Solving for cellDisplacementz, Initial residual = 0, Final residual = 0, No Iterations 0
PIMPLE: iteration 1
DILUPBiCG:  Solving for Ux, Initial residual = 0.0197337, Final residual = 6.96756e-05, No Iterations 1
DILUPBiCG:  Solving for Uy, Initial residual = 0.00307462, Final residual = 9.54887e-06, No Iterations 1
DILUPBiCG:  Solving for Uz, Initial residual = 0.0114405, Final residual = 2.31748e-05, No Iterations 1
GAMG:  Solving for p, Initial residual = 0.118971, Final residual = 0.000572375, No Iterations 4
GAMG:  Solving for p, Initial residual = 0.0172964, Final residual = 0.000152851, No Iterations 12
GAMG:  Solving for p, Initial residual = 0.00754342, Final residual = 7.07283e-05, No Iterations 10
time step continuity errors : sum local = 5.29495e-07, global = -1.41669e-07, cumulative = -1.41669e-07
GAMG:  Solving for p, Initial residual = 0.0544491, Final residual = 0.000237483, No Iterations 4
GAMG:  Solving for p, Initial residual = 0.00842624, Final residual = 8.06045e-05, No Iterations 10
GAMG:  Solving for p, Initial residual = 0.00375816, Final residual = 3.69429e-05, No Iterations 10
time step continuity errors : sum local = 2.77631e-07, global = -7.4696e-08, cumulative = -2.16365e-07
PIMPLE: iteration 2
DILUPBiCG:  Solving for Ux, Initial residual = 0.0053955, Final residual = 2.23752e-05, No Iterations 1
DILUPBiCG:  Solving for Uy, Initial residual = 0.000866502, Final residual = 6.18366e-06, No Iterations 1
DILUPBiCG:  Solving for Uz, Initial residual = 0.0032342, Final residual = 1.11714e-05, No Iterations 1
GAMG:  Solving for p, Initial residual = 0.0543834, Final residual = 0.000509053, No Iterations 5
GAMG:  Solving for p, Initial residual = 0.0148279, Final residual = 0.000131248, No Iterations 11
GAMG:  Solving for p, Initial residual = 0.00504758, Final residual = 4.49597e-05, No Iterations 14
time step continuity errors : sum local = 2.8908e-07, global = 8.81021e-08, cumulative = -1.28263e-07
GAMG:  Solving for p, Initial residual = 0.0288759, Final residual = 0.000269883, No Iterations 4
GAMG:  Solving for p, Initial residual = 0.00704473, Final residual = 6.9489e-05, No Iterations 10
GAMG:  Solving for p, Initial residual = 0.00237531, Final residual = 2.23692e-05, No Iterations 14
time step continuity errors : sum local = 1.44806e-07, global = 4.32571e-08, cumulative = -8.50054e-08
PIMPLE: iteration 3
DILUPBiCG:  Solving for Ux, Initial residual = 0.00109604, Final residual = 7.71314e-06, No Iterations 1
DILUPBiCG:  Solving for Uy, Initial residual = 0.000182449, Final residual = 6.61259e-06, No Iterations 1
DILUPBiCG:  Solving for Uz, Initial residual = 0.00369777, Final residual = 1.06683e-06, No Iterations 2
GAMG:  Solving for p, Initial residual = 0.052195, Final residual = 0.000392118, No Iterations 5
GAMG:  Solving for p, Initial residual = 0.0141962, Final residual = 0.000120755, No Iterations 12
GAMG:  Solving for p, Initial residual = 0.00620295, Final residual = 6.06106e-05, No Iterations 10
time step continuity errors : sum local = 4.30901e-07, global = 1.14712e-07, cumulative = 2.97066e-08
GAMG:  Solving for p, Initial residual = 0.00386878, Final residual = 3.71901e-05, No Iterations 10
GAMG:  Solving for p, Initial residual = 0.00228716, Final residual = 2.09233e-05, No Iterations 4
GAMG:  Solving for p, Initial residual = 0.000751786, Final residual = 9.59583e-07, No Iterations 42
time step continuity errors : sum local = 6.79262e-09, global = -2.01088e-09, cumulative = 2.76958e-08
DILUPBiCG:  Solving for omega, Initial residual = 0.00117504, Final residual = 1.50452e-06, No Iterations 1
DILUPBiCG:  Solving for k, Initial residual = 0.00628847, Final residual = 1.0196e-06, No Iterations 2
ExecutionTime = 6.54 s  ClockTime = 7 s

Courant Number mean: 0.273449 max: 0.602851
Time = 0.445

GAMG:  Solving for cellDisplacementx, Initial residual = 0, Final residual = 0, No Iterations 0
GAMG:  Solving for cellDisplacementy, Initial residual = 0, Final residual = 0, No Iterations 0
GAMG:  Solving for cellDisplacementz, Initial residual = 0, Final residual = 0, No Iterations 0
PIMPLE: iteration 1
DILUPBiCG:  Solving for Ux, Initial residual = 0.0171488, Final residual = 6.22744e-05, No Iterations 1
DILUPBiCG:  Solving for Uy, Initial residual = 0.0026558, Final residual = 8.70451e-06, No Iterations 1
DILUPBiCG:  Solving for Uz, Initial residual = 0.00952817, Final residual = 2.18675e-05, No Iterations 1
GAMG:  Solving for p, Initial residual = 0.0958701, Final residual = 0.0005076, No Iterations 4
GAMG:  Solving for p, Initial residual = 0.0132122, Final residual = 0.000119281, No Iterations 14
GAMG:  Solving for p, Initial residual = 0.00628421, Final residual = 5.55162e-05, No Iterations 10
time step continuity errors : sum local = 3.71867e-07, global = -9.86274e-08, cumulative = -7.09316e-08
GAMG:  Solving for p, Initial residual = 0.0442939, Final residual = 0.000206163, No Iterations 4
GAMG:  Solving for p, Initial residual = 0.00637442, Final residual = 6.22386e-05, No Iterations 12
GAMG:  Solving for p, Initial residual = 0.00310925, Final residual = 2.95798e-05, No Iterations 10
time step continuity errors : sum local = 1.98884e-07, global = -5.36828e-08, cumulative = -1.24614e-07
PIMPLE: iteration 2
DILUPBiCG:  Solving for Ux, Initial residual = 0.00462848, Final residual = 2.02888e-05, No Iterations 1
DILUPBiCG:  Solving for Uy, Initial residual = 0.000744213, Final residual = 6.29168e-06, No Iterations 1
DILUPBiCG:  Solving for Uz, Initial residual = 0.00336974, Final residual = 1.22916e-05, No Iterations 1
GAMG:  Solving for p, Initial residual = 0.0423568, Final residual = 0.000350961, No Iterations 6
GAMG:  Solving for p, Initial residual = 0.0136901, Final residual = 0.000120502, No Iterations 12
GAMG:  Solving for p, Initial residual = 0.00416089, Final residual = 4.14575e-05, No Iterations 14
time step continuity errors : sum local = 2.38988e-07, global = 7.3031e-08, cumulative = -5.15834e-08
GAMG:  Solving for p, Initial residual = 0.0225038, Final residual = 0.000148163, No Iterations 6
GAMG:  Solving for p, Initial residual = 0.00646502, Final residual = 5.91722e-05, No Iterations 10
GAMG:  Solving for p, Initial residual = 0.00178507, Final residual = 1.66412e-05, No Iterations 16
time step continuity errors : sum local = 9.66182e-08, global = 2.85931e-08, cumulative = -2.29903e-08
PIMPLE: iteration 3
DILUPBiCG:  Solving for Ux, Initial residual = 0.000899093, Final residual = 6.95456e-06, No Iterations 1
DILUPBiCG:  Solving for Uy, Initial residual = 0.000151795, Final residual = 5.06443e-06, No Iterations 1
DILUPBiCG:  Solving for Uz, Initial residual = 0.00356674, Final residual = 1.00796e-06, No Iterations 2
GAMG:  Solving for p, Initial residual = 0.052799, Final residual = 0.000396048, No Iterations 5
GAMG:  Solving for p, Initial residual = 0.0144565, Final residual = 0.000128176, No Iterations 12
GAMG:  Solving for p, Initial residual = 0.0064243, Final residual = 6.4023e-05, No Iterations 10
time step continuity errors : sum local = 4.07191e-07, global = 1.0902e-07, cumulative = 8.60297e-08
GAMG:  Solving for p, Initial residual = 0.00394559, Final residual = 2.51322e-05, No Iterations 6
GAMG:  Solving for p, Initial residual = 0.00241555, Final residual = 2.04962e-05, No Iterations 4
GAMG:  Solving for p, Initial residual = 0.00077908, Final residual = 9.65983e-07, No Iterations 33
time step continuity errors : sum local = 6.11837e-09, global = -1.79371e-09, cumulative = 8.4236e-08
DILUPBiCG:  Solving for omega, Initial residual = 0.00117819, Final residual = 1.53075e-06, No Iterations 1
DILUPBiCG:  Solving for k, Initial residual = 0.00619331, Final residual = 9.73351e-07, No Iterations 2
ExecutionTime = 11.93 s  ClockTime = 12 s

Courant Number mean: 0.275418 max: 0.607749
Time = 0.446

GAMG:  Solving for cellDisplacementx, Initial residual = 0, Final residual = 0, No Iterations 0
GAMG:  Solving for cellDisplacementy, Initial residual = 0, Final residual = 0, No Iterations 0
GAMG:  Solving for cellDisplacementz, Initial residual = 0, Final residual = 0, No Iterations 0
PIMPLE: iteration 1
DILUPBiCG:  Solving for Ux, Initial residual = 0.0145552, Final residual = 5.50203e-05, No Iterations 1
DILUPBiCG:  Solving for Uy, Initial residual = 0.00226283, Final residual = 8.04279e-06, No Iterations 1
DILUPBiCG:  Solving for Uz, Initial residual = 0.0100679, Final residual = 2.33963e-05, No Iterations 1
GAMG:  Solving for p, Initial residual = 0.0942233, Final residual = 0.000368708, No Iterations 4
GAMG:  Solving for p, Initial residual = 0.0125598, Final residual = 0.000109548, No Iterations 14
GAMG:  Solving for p, Initial residual = 0.00636302, Final residual = 5.60813e-05, No Iterations 4
time step continuity errors : sum local = 3.29215e-07, global = -1.17791e-07, cumulative = -3.35551e-08
GAMG:  Solving for p, Initial residual = 0.044019, Final residual = 0.000431275, No Iterations 3
GAMG:  Solving for p, Initial residual = 0.00613567, Final residual = 5.52787e-05, No Iterations 13
GAMG:  Solving for p, Initial residual = 0.00317292, Final residual = 3.15694e-05, No Iterations 8
time step continuity errors : sum local = 1.86204e-07, global = -4.15382e-08, cumulative = -7.50933e-08
PIMPLE: iteration 2
DILUPBiCG:  Solving for Ux, Initial residual = 0.00386023, Final residual = 1.85456e-05, No Iterations 1
DILUPBiCG:  Solving for Uy, Initial residual = 0.000623035, Final residual = 6.52611e-06, No Iterations 1
DILUPBiCG:  Solving for Uz, Initial residual = 0.00341251, Final residual = 1.29011e-05, No Iterations 1
GAMG:  Solving for p, Initial residual = 0.0418473, Final residual = 0.000353234, No Iterations 6
GAMG:  Solving for p, Initial residual = 0.0155053, Final residual = 0.000147916, No Iterations 10
GAMG:  Solving for p, Initial residual = 0.00426409, Final residual = 4.18617e-05, No Iterations 16
time step continuity errors : sum local = 2.12534e-07, global = 6.21844e-08, cumulative = -1.29089e-08
GAMG:  Solving for p, Initial residual = 0.0221502, Final residual = 0.000149011, No Iterations 6
GAMG:  Solving for p, Initial residual = 0.00723645, Final residual = 5.9696e-05, No Iterations 10
GAMG:  Solving for p, Initial residual = 0.00187636, Final residual = 1.68491e-05, No Iterations 16
time step continuity errors : sum local = 8.60213e-08, global = 2.49083e-08, cumulative = 1.19994e-08
PIMPLE: iteration 3
DILUPBiCG:  Solving for Ux, Initial residual = 0.000705136, Final residual = 6.25112e-06, No Iterations 1
DILUPBiCG:  Solving for Uy, Initial residual = 0.00012101, Final residual = 3.51191e-06, No Iterations 1
DILUPBiCG:  Solving for Uz, Initial residual = 0.00295094, Final residual = 9.31982e-07, No Iterations 2
GAMG:  Solving for p, Initial residual = 0.0557244, Final residual = 0.000404444, No Iterations 5
GAMG:  Solving for p, Initial residual = 0.0152409, Final residual = 0.000137421, No Iterations 12
GAMG:  Solving for p, Initial residual = 0.00693331, Final residual = 6.85638e-05, No Iterations 10
time step continuity errors : sum local = 3.819e-07, global = 1.02561e-07, cumulative = 1.14561e-07
GAMG:  Solving for p, Initial residual = 0.00423298, Final residual = 3.77814e-05, No Iterations 6
GAMG:  Solving for p, Initial residual = 0.00259275, Final residual = 2.55937e-05, No Iterations 4
GAMG:  Solving for p, Initial residual = 0.00081558, Final residual = 8.83385e-07, No Iterations 35
time step continuity errors : sum local = 4.89627e-09, global = -1.45556e-09, cumulative = 1.13105e-07
DILUPBiCG:  Solving for omega, Initial residual = 0.00117388, Final residual = 1.54668e-06, No Iterations 1
DILUPBiCG:  Solving for k, Initial residual = 0.00608051, Final residual = 9.44575e-07, No Iterations 2
ExecutionTime = 17.24 s  ClockTime = 18 s

Courant Number mean: 0.277041 max: 0.61185
Time = 0.447

GAMG:  Solving for cellDisplacementx, Initial residual = 0, Final residual = 0, No Iterations 0
GAMG:  Solving for cellDisplacementy, Initial residual = 0, Final residual = 0, No Iterations 0
GAMG:  Solving for cellDisplacementz, Initial residual = 0, Final residual = 0, No Iterations 0
PIMPLE: iteration 1
DILUPBiCG:  Solving for Ux, Initial residual = 0.0119468, Final residual = 4.79468e-05, No Iterations 1
DILUPBiCG:  Solving for Uy, Initial residual = 0.001866, Final residual = 7.42453e-06, No Iterations 1
DILUPBiCG:  Solving for Uz, Initial residual = 0.00966887, Final residual = 2.35935e-05, No Iterations 1
GAMG:  Solving for p, Initial residual = 0.0919448, Final residual = 0.000333489, No Iterations 4
GAMG:  Solving for p, Initial residual = 0.0128914, Final residual = 0.000111254, No Iterations 5
GAMG:  Solving for p, Initial residual = 0.00595362, Final residual = 3.8662e-05, No Iterations 4
time step continuity errors : sum local = 1.94952e-07, global = 3.92107e-08, cumulative = 1.52316e-07
GAMG:  Solving for p, Initial residual = 0.0435651, Final residual = 0.000139066, No Iterations 4
GAMG:  Solving for p, Initial residual = 0.00620511, Final residual = 5.59125e-05, No Iterations 5
GAMG:  Solving for p, Initial residual = 0.00292211, Final residual = 1.95931e-05, No Iterations 4
time step continuity errors : sum local = 9.9037e-08, global = -1.52447e-08, cumulative = 1.37071e-07
PIMPLE: iteration 2
DILUPBiCG:  Solving for Ux, Initial residual = 0.00307802, Final residual = 1.72237e-05, No Iterations 1
DILUPBiCG:  Solving for Uy, Initial residual = 0.000499675, Final residual = 6.89614e-06, No Iterations 1
DILUPBiCG:  Solving for Uz, Initial residual = 0.00356339, Final residual = 1.48483e-05, No Iterations 1
GAMG:  Solving for p, Initial residual = 0.041203, Final residual = 0.000366061, No Iterations 6
GAMG:  Solving for p, Initial residual = 0.0176193, Final residual = 0.000151708, No Iterations 10
GAMG:  Solving for p, Initial residual = 0.00455756, Final residual = 4.29707e-05, No Iterations 16
time step continuity errors : sum local = 1.87667e-07, global = 5.46034e-08, cumulative = 1.91675e-07
GAMG:  Solving for p, Initial residual = 0.0218002, Final residual = 0.000154962, No Iterations 6
GAMG:  Solving for p, Initial residual = 0.00815987, Final residual = 7.54056e-05, No Iterations 8
GAMG:  Solving for p, Initial residual = 0.00196603, Final residual = 1.74315e-05, No Iterations 18
time step continuity errors : sum local = 7.6595e-08, global = 2.18353e-08, cumulative = 2.1351e-07
PIMPLE: iteration 3
DILUPBiCG:  Solving for Ux, Initial residual = 0.000509551, Final residual = 5.33118e-06, No Iterations 1
DILUPBiCG:  Solving for Uy, Initial residual = 9.07617e-05, Final residual = 1.96865e-06, No Iterations 1
DILUPBiCG:  Solving for Uz, Initial residual = 0.00272096, Final residual = 2.52796e-06, No Iterations 2
GAMG:  Solving for p, Initial residual = 0.060117, Final residual = 0.000410664, No Iterations 5
GAMG:  Solving for p, Initial residual = 0.0159048, Final residual = 0.000149468, No Iterations 12
GAMG:  Solving for p, Initial residual = 0.00760755, Final residual = 7.36786e-05, No Iterations 10
time step continuity errors : sum local = 3.51166e-07, global = 9.4709e-08, cumulative = 3.08219e-07
GAMG:  Solving for p, Initial residual = 0.00457648, Final residual = 4.15801e-05, No Iterations 9
GAMG:  Solving for p, Initial residual = 0.00274965, Final residual = 2.34162e-05, No Iterations 4
GAMG:  Solving for p, Initial residual = 0.000856355, Final residual = 9.09983e-07, No Iterations 42
time step continuity errors : sum local = 4.30869e-09, global = -1.27639e-09, cumulative = 3.06942e-07
DILUPBiCG:  Solving for omega, Initial residual = 0.00116193, Final residual = 1.55162e-06, No Iterations 1
DILUPBiCG:  Solving for k, Initial residual = 0.0059451, Final residual = 9.30702e-07, No Iterations 2
ExecutionTime = 22.3 s  ClockTime = 23 s

Courant Number mean: 0.278313 max: 0.615126
Time = 0.448

GAMG:  Solving for cellDisplacementx, Initial residual = 0, Final residual = 0, No Iterations 0
GAMG:  Solving for cellDisplacementy, Initial residual = 0, Final residual = 0, No Iterations 0
GAMG:  Solving for cellDisplacementz, Initial residual = 0, Final residual = 0, No Iterations 0
PIMPLE: iteration 1
DILUPBiCG:  Solving for Ux, Initial residual = 0.00935179, Final residual = 4.1423e-05, No Iterations 1
DILUPBiCG:  Solving for Uy, Initial residual = 0.00147649, Final residual = 6.98909e-06, No Iterations 1
DILUPBiCG:  Solving for Uz, Initial residual = 0.0103356, Final residual = 2.48177e-05, No Iterations 1
GAMG:  Solving for p, Initial residual = 0.090145, Final residual = 0.000808041, No Iterations 3
GAMG:  Solving for p, Initial residual = 0.0136578, Final residual = 0.000120426, No Iterations 4
GAMG:  Solving for p, Initial residual = 0.00593006, Final residual = 3.86142e-05, No Iterations 4
time step continuity errors : sum local = 1.6095e-07, global = 3.91598e-08, cumulative = 3.46102e-07
GAMG:  Solving for p, Initial residual = 0.0436214, Final residual = 0.000340178, No Iterations 3
GAMG:  Solving for p, Initial residual = 0.00665767, Final residual = 5.55773e-05, No Iterations 4
GAMG:  Solving for p, Initial residual = 0.00285799, Final residual = 1.89171e-05, No Iterations 4
time step continuity errors : sum local = 7.90481e-08, global = 1.55727e-08, cumulative = 3.61675e-07
PIMPLE: iteration 2
DILUPBiCG:  Solving for Ux, Initial residual = 0.00229806, Final residual = 1.63468e-05, No Iterations 1
DILUPBiCG:  Solving for Uy, Initial residual = 0.000377716, Final residual = 7.57356e-06, No Iterations 1
DILUPBiCG:  Solving for Uz, Initial residual = 0.0036349, Final residual = 1.64666e-05, No Iterations 1
GAMG:  Solving for p, Initial residual = 0.0410774, Final residual = 0.000379691, No Iterations 6
GAMG:  Solving for p, Initial residual = 0.0204707, Final residual = 0.000193338, No Iterations 8
GAMG:  Solving for p, Initial residual = 0.00484031, Final residual = 4.52261e-05, No Iterations 18
time step continuity errors : sum local = 1.64877e-07, global = 4.70011e-08, cumulative = 4.08676e-07
GAMG:  Solving for p, Initial residual = 0.0216467, Final residual = 0.000160835, No Iterations 6
GAMG:  Solving for p, Initial residual = 0.00934728, Final residual = 8.00246e-05, No Iterations 8
GAMG:  Solving for p, Initial residual = 0.00217609, Final residual = 2.16085e-05, No Iterations 16
time step continuity errors : sum local = 7.91232e-08, global = 2.2703e-08, cumulative = 4.31379e-07
PIMPLE: iteration 3
DILUPBiCG:  Solving for Ux, Initial residual = 0.000317085, Final residual = 3.88086e-06, No Iterations 1
DILUPBiCG:  Solving for Uy, Initial residual = 6.16294e-05, Final residual = 8.27577e-07, No Iterations 1
DILUPBiCG:  Solving for Uz, Initial residual = 0.00225606, Final residual = 5.28897e-07, No Iterations 2
GAMG:  Solving for p, Initial residual = 0.0662183, Final residual = 0.000412643, No Iterations 5
GAMG:  Solving for p, Initial residual = 0.0168799, Final residual = 0.000163783, No Iterations 12
GAMG:  Solving for p, Initial residual = 0.00880227, Final residual = 7.95131e-05, No Iterations 10
time step continuity errors : sum local = 3.12838e-07, global = 8.46255e-08, cumulative = 5.16004e-07
GAMG:  Solving for p, Initial residual = 0.00513047, Final residual = 5.11867e-05, No Iterations 7
GAMG:  Solving for p, Initial residual = 0.00308502, Final residual = 3.0299e-05, No Iterations 6
GAMG:  Solving for p, Initial residual = 0.000953279, Final residual = 9.73163e-07, No Iterations 42
time step continuity errors : sum local = 3.79831e-09, global = -1.12735e-09, cumulative = 5.14877e-07
DILUPBiCG:  Solving for omega, Initial residual = 0.00114255, Final residual = 1.54625e-06, No Iterations 1
DILUPBiCG:  Solving for k, Initial residual = 0.00578396, Final residual = 9.20413e-07, No Iterations 2
ExecutionTime = 27.32 s  ClockTime = 28 s

Courant Number mean: 0.279229 max: 0.617592
Time = 0.449

GAMG:  Solving for cellDisplacementx, Initial residual = 0, Final residual = 0, No Iterations 0
GAMG:  Solving for cellDisplacementy, Initial residual = 0, Final residual = 0, No Iterations 0
GAMG:  Solving for cellDisplacementz, Initial residual = 0, Final residual = 0, No Iterations 0
PIMPLE: iteration 1
DILUPBiCG:  Solving for Ux, Initial residual = 0.00677085, Final residual = 3.59349e-05, No Iterations 1
DILUPBiCG:  Solving for Uy, Initial residual = 0.00109283, Final residual = 6.94857e-06, No Iterations 1
DILUPBiCG:  Solving for Uz, Initial residual = 0.0103708, Final residual = 2.55888e-05, No Iterations 1
GAMG:  Solving for p, Initial residual = 0.0882506, Final residual = 0.000438788, No Iterations 4
GAMG:  Solving for p, Initial residual = 0.019186, Final residual = 0.000172042, No Iterations 10
GAMG:  Solving for p, Initial residual = 0.00804298, Final residual = 7.13923e-05, No Iterations 10
time step continuity errors : sum local = 2.34073e-07, global = 6.23486e-08, cumulative = 5.77226e-07
GAMG:  Solving for p, Initial residual = 0.0440469, Final residual = 0.000188108, No Iterations 4
GAMG:  Solving for p, Initial residual = 0.00929957, Final residual = 7.71981e-05, No Iterations 10
GAMG:  Solving for p, Initial residual = 0.00378011, Final residual = 3.16695e-05, No Iterations 10
time step continuity errors : sum local = 1.04005e-07, global = 2.7659e-08, cumulative = 6.04885e-07
PIMPLE: iteration 2
DILUPBiCG:  Solving for Ux, Initial residual = 0.00152332, Final residual = 1.49355e-05, No Iterations 1
DILUPBiCG:  Solving for Uy, Initial residual = 0.000257614, Final residual = 8.53861e-06, No Iterations 1
DILUPBiCG:  Solving for Uz, Initial residual = 0.00368637, Final residual = 2.05372e-05, No Iterations 1
GAMG:  Solving for p, Initial residual = 0.0415564, Final residual = 0.000343161, No Iterations 6
GAMG:  Solving for p, Initial residual = 0.0238647, Final residual = 0.000236349, No Iterations 6
GAMG:  Solving for p, Initial residual = 0.00520452, Final residual = 4.49349e-05, No Iterations 20
time step continuity errors : sum local = 1.31053e-07, global = 3.78191e-08, cumulative = 6.42704e-07
GAMG:  Solving for p, Initial residual = 0.0220425, Final residual = 0.000214612, No Iterations 5
GAMG:  Solving for p, Initial residual = 0.0109953, Final residual = 9.6651e-05, No Iterations 7
GAMG:  Solving for p, Initial residual = 0.00251548, Final residual = 2.20412e-05, No Iterations 18
time step continuity errors : sum local = 6.45283e-08, global = 1.82885e-08, cumulative = 6.60992e-07
PIMPLE: iteration 3
DILUPBiCG:  Solving for Ux, Initial residual = 0.000135351, Final residual = 1.88065e-06, No Iterations 1
DILUPBiCG:  Solving for Uy, Initial residual = 3.61311e-05, Final residual = 2.96671e-07, No Iterations 1
DILUPBiCG:  Solving for Uz, Initial residual = 0.00199312, Final residual = 2.19835e-07, No Iterations 2
GAMG:  Solving for p, Initial residual = 0.0757187, Final residual = 0.000753717, No Iterations 3
GAMG:  Solving for p, Initial residual = 0.0171772, Final residual = 0.000168337, No Iterations 14
GAMG:  Solving for p, Initial residual = 0.0123285, Final residual = 0.000100362, No Iterations 8
time step continuity errors : sum local = 3.11154e-07, global = 7.37927e-08, cumulative = 7.34785e-07
GAMG:  Solving for p, Initial residual = 0.00596133, Final residual = 4.41908e-05, No Iterations 7
GAMG:  Solving for p, Initial residual = 0.00348398, Final residual = 2.484e-05, No Iterations 6
GAMG:  Solving for p, Initial residual = 0.00108813, Final residual = 9.23202e-07, No Iterations 38
time step continuity errors : sum local = 2.82855e-09, global = -8.36685e-10, cumulative = 7.33948e-07
DILUPBiCG:  Solving for omega, Initial residual = 0.00111643, Final residual = 1.53014e-06, No Iterations 1
DILUPBiCG:  Solving for k, Initial residual = 0.00560423, Final residual = 9.13863e-07, No Iterations 2
ExecutionTime = 32.04 s  ClockTime = 32 s

Courant Number mean: 0.279784 max: 0.619273
Time = 0.45

GAMG:  Solving for cellDisplacementx, Initial residual = 0, Final residual = 0, No Iterations 0
GAMG:  Solving for cellDisplacementy, Initial residual = 0, Final residual = 0, No Iterations 0
GAMG:  Solving for cellDisplacementz, Initial residual = 0, Final residual = 0, No Iterations 0
PIMPLE: iteration 1
DILUPBiCG:  Solving for Ux, Initial residual = 0.00422142, Final residual = 3.23014e-05, No Iterations 1
DILUPBiCG:  Solving for Uy, Initial residual = 0.000720587, Final residual = 8.86683e-06, No Iterations 1
DILUPBiCG:  Solving for Uz, Initial residual = 0.0108969, Final residual = 2.67698e-05, No Iterations 1
GAMG:  Solving for p, Initial residual = 0.0872122, Final residual = 0.000865152, No Iterations 5
GAMG:  Solving for p, Initial residual = 0.0381995, Final residual = 0.00035953, No Iterations 8
GAMG:  Solving for p, Initial residual = 0.0104722, Final residual = 9.99739e-05, No Iterations 16
time step continuity errors : sum local = 2.36396e-07, global = 7.24783e-08, cumulative = 8.06427e-07
GAMG:  Solving for p, Initial residual = 0.0458191, Final residual = 0.000368514, No Iterations 5
GAMG:  Solving for p, Initial residual = 0.0180887, Final residual = 0.000158247, No Iterations 6
GAMG:  Solving for p, Initial residual = 0.00483511, Final residual = 4.23801e-05, No Iterations 16
time step continuity errors : sum local = 1.00731e-07, global = 3.06443e-08, cumulative = 8.37071e-07
PIMPLE: iteration 2
DILUPBiCG:  Solving for Ux, Initial residual = 0.000754599, Final residual = 9.86409e-06, No Iterations 1
DILUPBiCG:  Solving for Uy, Initial residual = 0.000141751, Final residual = 6.54523e-06, No Iterations 1
DILUPBiCG:  Solving for Uz, Initial residual = 0.00371261, Final residual = 0.00015521, No Iterations 1
GAMG:  Solving for p, Initial residual = 0.0433488, Final residual = 0.000382494, No Iterations 11
GAMG:  Solving for p, Initial residual = 0.0272484, Final residual = 0.000227911, No Iterations 8
GAMG:  Solving for p, Initial residual = 0.00666701, Final residual = 6.37635e-05, No Iterations 16
time step continuity errors : sum local = 1.39436e-07, global = 4.10591e-08, cumulative = 8.7813e-07
GAMG:  Solving for p, Initial residual = 0.0234151, Final residual = 0.000224071, No Iterations 7
GAMG:  Solving for p, Initial residual = 0.0120376, Final residual = 0.000103476, No Iterations 10
GAMG:  Solving for p, Initial residual = 0.00342148, Final residual = 2.90686e-05, No Iterations 16
time step continuity errors : sum local = 6.39513e-08, global = 1.89197e-08, cumulative = 8.9705e-07
PIMPLE: iteration 3
DILUPBiCG:  Solving for Ux, Initial residual = 0.000107076, Final residual = 1.31159e-06, No Iterations 1
DILUPBiCG:  Solving for Uy, Initial residual = 3.4693e-05, Final residual = 1.75601e-07, No Iterations 1
DILUPBiCG:  Solving for Uz, Initial residual = 0.00169054, Final residual = 8.99575e-06, No Iterations 1
GAMG:  Solving for p, Initial residual = 0.0920421, Final residual = 0.000597784, No Iterations 4
GAMG:  Solving for p, Initial residual = 0.0212404, Final residual = 0.000194552, No Iterations 11
GAMG:  Solving for p, Initial residual = 0.0129793, Final residual = 0.000109844, No Iterations 8
time step continuity errors : sum local = 2.47765e-07, global = 5.90348e-08, cumulative = 9.56084e-07
GAMG:  Solving for p, Initial residual = 0.00747391, Final residual = 4.95847e-05, No Iterations 5
GAMG:  Solving for p, Initial residual = 0.00415849, Final residual = 3.39689e-05, No Iterations 4
GAMG:  Solving for p, Initial residual = 0.00144531, Final residual = 9.81566e-07, No Iterations 26
time step continuity errors : sum local = 2.18435e-09, global = -6.47638e-10, cumulative = 9.55437e-07
DILUPBiCG:  Solving for omega, Initial residual = 0.00108444, Final residual = 1.50457e-06, No Iterations 1
DILUPBiCG:  Solving for k, Initial residual = 0.00541415, Final residual = 9.21292e-07, No Iterations 2
ExecutionTime = 36.69 s  ClockTime = 37 s

Courant Number mean: 0.279978 max: 0.620065
Time = 0.451

GAMG:  Solving for cellDisplacementx, Initial residual = 0, Final residual = 0, No Iterations 0
GAMG:  Solving for cellDisplacementy, Initial residual = 0, Final residual = 0, No Iterations 0
GAMG:  Solving for cellDisplacementz, Initial residual = 0, Final residual = 0, No Iterations 0
PIMPLE: iteration 1
DILUPBiCG:  Solving for Ux, Initial residual = 0.00173007, Final residual = 2.90779e-05, No Iterations 1
DILUPBiCG:  Solving for Uy, Initial residual = 0.000370988, Final residual = 5.9085e-06, No Iterations 1
DILUPBiCG:  Solving for Uz, Initial residual = 0.0111297, Final residual = 2.73893e-05, No Iterations 1
GAMG:  Solving for p, Initial residual = 0.112928, Final residual = 0.00105543, No Iterations 12
GAMG:  Solving for p, Initial residual = 0.0492552, Final residual = 0.000476821, No Iterations 10
GAMG:  Solving for p, Initial residual = 0.0166061, Final residual = 0.000138959, No Iterations 14
time step continuity errors : sum local = 2.82847e-07, global = 8.87277e-08, cumulative = 1.04416e-06
GAMG:  Solving for p, Initial residual = 0.0650507, Final residual = 0.000586959, No Iterations 10
GAMG:  Solving for p, Initial residual = 0.0220186, Final residual = 0.000187082, No Iterations 12
GAMG:  Solving for p, Initial residual = 0.00795737, Final residual = 6.69775e-05, No Iterations 12
time step continuity errors : sum local = 1.35787e-07, global = 4.16253e-08, cumulative = 1.08579e-06
PIMPLE: iteration 2
DILUPBiCG:  Solving for Ux, Initial residual = 0.000180876, Final residual = 1.99995e-06, No Iterations 1
DILUPBiCG:  Solving for Uy, Initial residual = 6.79803e-05, Final residual = 1.94346e-07, No Iterations 1
DILUPBiCG:  Solving for Uz, Initial residual = 0.00367118, Final residual = 1.03213e-05, No Iterations 1
GAMG:  Solving for p, Initial residual = 0.0623065, Final residual = 0.00056832, No Iterations 10
GAMG:  Solving for p, Initial residual = 0.0220742, Final residual = 0.000188641, No Iterations 12
GAMG:  Solving for p, Initial residual = 0.00801962, Final residual = 6.89376e-05, No Iterations 12
time step continuity errors : sum local = 1.3662e-07, global = 4.19826e-08, cumulative = 1.12777e-06
GAMG:  Solving for p, Initial residual = 0.0306686, Final residual = 0.00030087, No Iterations 4
GAMG:  Solving for p, Initial residual = 0.00902955, Final residual = 8.38428e-05, No Iterations 16
GAMG:  Solving for p, Initial residual = 0.0055745, Final residual = 5.30454e-05, No Iterations 4
time step continuity errors : sum local = 1.05069e-07, global = 2.91928e-08, cumulative = 1.15697e-06
PIMPLE: iteration 3
DILUPBiCG:  Solving for Ux, Initial residual = 0.000275626, Final residual = 2.1503e-06, No Iterations 1
DILUPBiCG:  Solving for Uy, Initial residual = 5.89037e-05, Final residual = 6.52003e-07, No Iterations 1
DILUPBiCG:  Solving for Uz, Initial residual = 0.00145383, Final residual = 8.32899e-06, No Iterations 1
GAMG:  Solving for p, Initial residual = 0.114428, Final residual = 0.000415233, No Iterations 4
GAMG:  Solving for p, Initial residual = 0.0256875, Final residual = 0.000237207, No Iterations 4
GAMG:  Solving for p, Initial residual = 0.0107786, Final residual = 8.71171e-05, No Iterations 10
time step continuity errors : sum local = 1.60801e-07, global = 4.27157e-08, cumulative = 1.19968e-06
GAMG:  Solving for p, Initial residual = 0.00875597, Final residual = 3.37698e-05, No Iterations 5
GAMG:  Solving for p, Initial residual = 0.00455764, Final residual = 2.53554e-05, No Iterations 4
GAMG:  Solving for p, Initial residual = 0.00149931, Final residual = 8.57121e-07, No Iterations 12
time step continuity errors : sum local = 1.59308e-09, global = 5.38141e-10, cumulative = 1.20022e-06
DILUPBiCG:  Solving for omega, Initial residual = 0.00104749, Final residual = 1.47065e-06, No Iterations 1
DILUPBiCG:  Solving for k, Initial residual = 0.00521119, Final residual = 9.55096e-07, No Iterations 2
ExecutionTime = 40.95 s  ClockTime = 41 s

Courant Number mean: 0.279808 max: 0.620045
Time = 0.452

GAMG:  Solving for cellDisplacementx, Initial residual = 0, Final residual = 0, No Iterations 0
GAMG:  Solving for cellDisplacementy, Initial residual = 0, Final residual = 0, No Iterations 0
GAMG:  Solving for cellDisplacementz, Initial residual = 0, Final residual = 0, No Iterations 0
PIMPLE: iteration 1
DILUPBiCG:  Solving for Ux, Initial residual = 0.00127638, Final residual = 9.06318e-06, No Iterations 1
DILUPBiCG:  Solving for Uy, Initial residual = 0.000340616, Final residual = 4.32905e-06, No Iterations 1
DILUPBiCG:  Solving for Uz, Initial residual = 0.0112539, Final residual = 2.80951e-05, No Iterations 1
GAMG:  Solving for p, Initial residual = 0.172771, Final residual = 0.00143765, No Iterations 10
GAMG:  Solving for p, Initial residual = 0.0384899, Final residual = 0.000361117, No Iterations 10
GAMG:  Solving for p, Initial residual = 0.0158541, Final residual = 0.000136828, No Iterations 12
time step continuity errors : sum local = 3.5083e-07, global = 1.04622e-07, cumulative = 1.30484e-06
GAMG:  Solving for p, Initial residual = 0.0657368, Final residual = 0.00065423, No Iterations 6
GAMG:  Solving for p, Initial residual = 0.0186374, Final residual = 0.000174237, No Iterations 12
GAMG:  Solving for p, Initial residual = 0.00650621, Final residual = 5.46389e-05, No Iterations 14
time step continuity errors : sum local = 1.39606e-07, global = 4.3835e-08, cumulative = 1.34868e-06
PIMPLE: iteration 2
DILUPBiCG:  Solving for Ux, Initial residual = 0.000863784, Final residual = 3.63554e-06, No Iterations 1
DILUPBiCG:  Solving for Uy, Initial residual = 0.000176968, Final residual = 1.49805e-06, No Iterations 1
DILUPBiCG:  Solving for Uz, Initial residual = 0.00395073, Final residual = 1.18338e-05, No Iterations 1
GAMG:  Solving for p, Initial residual = 0.0654978, Final residual = 0.00048533, No Iterations 4
GAMG:  Solving for p, Initial residual = 0.0170917, Final residual = 0.000155369, No Iterations 10
GAMG:  Solving for p, Initial residual = 0.00643555, Final residual = 5.93468e-05, No Iterations 10
time step continuity errors : sum local = 1.41069e-07, global = 3.61836e-08, cumulative = 1.38486e-06
GAMG:  Solving for p, Initial residual = 0.0307803, Final residual = 0.000200666, No Iterations 4
GAMG:  Solving for p, Initial residual = 0.00848921, Final residual = 8.37023e-05, No Iterations 8
GAMG:  Solving for p, Initial residual = 0.00303176, Final residual = 2.74279e-05, No Iterations 12
time step continuity errors : sum local = 6.5258e-08, global = 1.91833e-08, cumulative = 1.40404e-06
PIMPLE: iteration 3
DILUPBiCG:  Solving for Ux, Initial residual = 0.00046845, Final residual = 8.50325e-06, No Iterations 1
DILUPBiCG:  Solving for Uy, Initial residual = 8.84281e-05, Final residual = 1.17459e-06, No Iterations 1
DILUPBiCG:  Solving for Uz, Initial residual = 0.001401, Final residual = 7.37076e-06, No Iterations 1
GAMG:  Solving for p, Initial residual = 0.0910742, Final residual = 0.000715057, No Iterations 3
GAMG:  Solving for p, Initial residual = 0.0208609, Final residual = 0.000151269, No Iterations 4
GAMG:  Solving for p, Initial residual = 0.00933543, Final residual = 6.56995e-05, No Iterations 4
time step continuity errors : sum local = 1.55114e-07, global = -3.70759e-08, cumulative = 1.36697e-06
GAMG:  Solving for p, Initial residual = 0.00665547, Final residual = 6.14749e-05, No Iterations 4
GAMG:  Solving for p, Initial residual = 0.00359965, Final residual = 2.08646e-05, No Iterations 4
GAMG:  Solving for p, Initial residual = 0.00122515, Final residual = 7.64888e-07, No Iterations 11
time step continuity errors : sum local = 1.79644e-09, global = 3.33189e-10, cumulative = 1.3673e-06
DILUPBiCG:  Solving for omega, Initial residual = 0.00100666, Final residual = 1.43122e-06, No Iterations 1
DILUPBiCG:  Solving for k, Initial residual = 0.00500771, Final residual = 1.04713e-06, No Iterations 2
ExecutionTime = 45.43 s  ClockTime = 46 s

Courant Number mean: 0.279277 max: 0.619288
Time = 0.453

GAMG:  Solving for cellDisplacementx, Initial residual = 0, Final residual = 0, No Iterations 0
GAMG:  Solving for cellDisplacementy, Initial residual = 0, Final residual = 0, No Iterations 0
GAMG:  Solving for cellDisplacementz, Initial residual = 0, Final residual = 0, No Iterations 0
PIMPLE: iteration 1
DILUPBiCG:  Solving for Ux, Initial residual = 0.00377692, Final residual = 1.52446e-05, No Iterations 1
DILUPBiCG:  Solving for Uy, Initial residual = 0.000707062, Final residual = 4.98463e-06, No Iterations 1
DILUPBiCG:  Solving for Uz, Initial residual = 0.0127927, Final residual = 3.21755e-05, No Iterations 1
GAMG:  Solving for p, Initial residual = 0.170889, Final residual = 0.00169462, No Iterations 8
GAMG:  Solving for p, Initial residual = 0.0328458, Final residual = 0.000277765, No Iterations 14
GAMG:  Solving for p, Initial residual = 0.0120516, Final residual = 0.000107255, No Iterations 12
time step continuity errors : sum local = 3.43001e-07, global = 1.02268e-07, cumulative = 1.46957e-06
GAMG:  Solving for p, Initial residual = 0.0649364, Final residual = 0.0005787, No Iterations 6
GAMG:  Solving for p, Initial residual = 0.0159317, Final residual = 0.000153948, No Iterations 12
GAMG:  Solving for p, Initial residual = 0.00578752, Final residual = 4.85325e-05, No Iterations 14
time step continuity errors : sum local = 1.54181e-07, global = 4.84939e-08, cumulative = 1.51806e-06
PIMPLE: iteration 2
DILUPBiCG:  Solving for Ux, Initial residual = 0.0016405, Final residual = 1.37027e-05, No Iterations 1
DILUPBiCG:  Solving for Uy, Initial residual = 0.000299857, Final residual = 2.2339e-06, No Iterations 1
DILUPBiCG:  Solving for Uz, Initial residual = 0.00432801, Final residual = 1.32369e-05, No Iterations 1
GAMG:  Solving for p, Initial residual = 0.0649978, Final residual = 0.000642615, No Iterations 3
GAMG:  Solving for p, Initial residual = 0.0151749, Final residual = 0.000129934, No Iterations 9
GAMG:  Solving for p, Initial residual = 0.00611562, Final residual = 5.69946e-05, No Iterations 4
time step continuity errors : sum local = 1.6293e-07, global = 6.09084e-08, cumulative = 1.57897e-06
GAMG:  Solving for p, Initial residual = 0.0313598, Final residual = 0.000285381, No Iterations 3
GAMG:  Solving for p, Initial residual = 0.00725094, Final residual = 6.35292e-05, No Iterations 9
GAMG:  Solving for p, Initial residual = 0.00295636, Final residual = 2.78611e-05, No Iterations 4
time step continuity errors : sum local = 8.00857e-08, global = 2.98828e-08, cumulative = 1.60885e-06
PIMPLE: iteration 3
DILUPBiCG:  Solving for Ux, Initial residual = 0.00066371, Final residual = 1.24471e-07, No Iterations 2
DILUPBiCG:  Solving for Uy, Initial residual = 0.000118537, Final residual = 1.95e-06, No Iterations 1
DILUPBiCG:  Solving for Uz, Initial residual = 0.00141132, Final residual = 8.50072e-06, No Iterations 1
GAMG:  Solving for p, Initial residual = 0.072572, Final residual = 0.000343992, No Iterations 4
GAMG:  Solving for p, Initial residual = 0.016315, Final residual = 0.000141356, No Iterations 4
GAMG:  Solving for p, Initial residual = 0.00767698, Final residual = 7.46633e-05, No Iterations 4
time step continuity errors : sum local = 2.20009e-07, global = -3.57795e-08, cumulative = 1.57307e-06
GAMG:  Solving for p, Initial residual = 0.0052942, Final residual = 3.38186e-05, No Iterations 5
GAMG:  Solving for p, Initial residual = 0.00291638, Final residual = 2.67319e-05, No Iterations 4
GAMG:  Solving for p, Initial residual = 0.00101748, Final residual = 9.42428e-07, No Iterations 32
time step continuity errors : sum local = 2.75915e-09, global = 8.22181e-10, cumulative = 1.5739e-06
DILUPBiCG:  Solving for omega, Initial residual = 0.000962968, Final residual = 1.38769e-06, No Iterations 1
DILUPBiCG:  Solving for k, Initial residual = 0.00483287, Final residual = 1.1622e-06, No Iterations 2
ExecutionTime = 50.32 s  ClockTime = 51 s

Courant Number mean: 0.278389 max: 0.617639
Time = 0.454

GAMG:  Solving for cellDisplacementx, Initial residual = 0, Final residual = 0, No Iterations 0
GAMG:  Solving for cellDisplacementy, Initial residual = 0, Final residual = 0, No Iterations 0
GAMG:  Solving for cellDisplacementz, Initial residual = 0, Final residual = 0, No Iterations 0
PIMPLE: iteration 1
DILUPBiCG:  Solving for Ux, Initial residual = 0.00636955, Final residual = 2.38068e-05, No Iterations 1
DILUPBiCG:  Solving for Uy, Initial residual = 0.00109702, Final residual = 4.12122e-06, No Iterations 1
DILUPBiCG:  Solving for Uz, Initial residual = 0.0140351, Final residual = 3.53267e-05, No Iterations 1
GAMG:  Solving for p, Initial residual = 0.167261, Final residual = 0.00158813, No Iterations 8
GAMG:  Solving for p, Initial residual = 0.0294551, Final residual = 0.000259589, No Iterations 14
GAMG:  Solving for p, Initial residual = 0.0108824, Final residual = 0.000100265, No Iterations 12
time step continuity errors : sum local = 3.89598e-07, global = 1.16538e-07, cumulative = 1.69043e-06
GAMG:  Solving for p, Initial residual = 0.0640337, Final residual = 0.0005431, No Iterations 6
GAMG:  Solving for p, Initial residual = 0.0142431, Final residual = 0.000121372, No Iterations 14
GAMG:  Solving for p, Initial residual = 0.00555395, Final residual = 5.37044e-05, No Iterations 10
time step continuity errors : sum local = 2.07606e-07, global = 5.36875e-08, cumulative = 1.74412e-06
PIMPLE: iteration 2
DILUPBiCG:  Solving for Ux, Initial residual = 0.00242599, Final residual = 1.98444e-05, No Iterations 1
DILUPBiCG:  Solving for Uy, Initial residual = 0.000425139, Final residual = 2.67875e-06, No Iterations 1
DILUPBiCG:  Solving for Uz, Initial residual = 0.00441938, Final residual = 1.3235e-05, No Iterations 1
GAMG:  Solving for p, Initial residual = 0.0644556, Final residual = 0.00055185, No Iterations 3
GAMG:  Solving for p, Initial residual = 0.0138546, Final residual = 0.000113576, No Iterations 5
GAMG:  Solving for p, Initial residual = 0.00559703, Final residual = 5.32717e-05, No Iterations 4
time step continuity errors : sum local = 1.81368e-07, global = 4.94593e-08, cumulative = 1.79358e-06
GAMG:  Solving for p, Initial residual = 0.0315629, Final residual = 0.000286255, No Iterations 3
GAMG:  Solving for p, Initial residual = 0.00655143, Final residual = 4.77532e-05, No Iterations 5
GAMG:  Solving for p, Initial residual = 0.00274372, Final residual = 2.05728e-05, No Iterations 4
time step continuity errors : sum local = 7.05326e-08, global = 2.11981e-08, cumulative = 1.81478e-06
PIMPLE: iteration 3
DILUPBiCG:  Solving for Ux, Initial residual = 0.000863676, Final residual = 1.6631e-07, No Iterations 2
DILUPBiCG:  Solving for Uy, Initial residual = 0.000149317, Final residual = 2.72168e-06, No Iterations 1
DILUPBiCG:  Solving for Uz, Initial residual = 0.00177061, Final residual = 9.44353e-07, No Iterations 2
GAMG:  Solving for p, Initial residual = 0.0609411, Final residual = 0.000409809, No Iterations 4
GAMG:  Solving for p, Initial residual = 0.0143369, Final residual = 0.000120112, No Iterations 8
GAMG:  Solving for p, Initial residual = 0.00664856, Final residual = 6.09367e-05, No Iterations 8
time step continuity errors : sum local = 2.19406e-07, global = -4.88717e-08, cumulative = 1.76591e-06
GAMG:  Solving for p, Initial residual = 0.00462547, Final residual = 4.22137e-05, No Iterations 7
GAMG:  Solving for p, Initial residual = 0.00253117, Final residual = 2.12634e-05, No Iterations 6
GAMG:  Solving for p, Initial residual = 0.000885046, Final residual = 9.96604e-07, No Iterations 36
time step continuity errors : sum local = 3.56453e-09, global = 1.05798e-09, cumulative = 1.76697e-06
DILUPBiCG:  Solving for omega, Initial residual = 0.000917517, Final residual = 1.34264e-06, No Iterations 1
DILUPBiCG:  Solving for k, Initial residual = 0.00469838, Final residual = 1.21689e-06, No Iterations 2
ExecutionTime = 55.16 s  ClockTime = 55 s

Courant Number mean: 0.277146 max: 0.615145
Time = 0.455

GAMG:  Solving for cellDisplacementx, Initial residual = 0, Final residual = 0, No Iterations 0
GAMG:  Solving for cellDisplacementy, Initial residual = 0, Final residual = 0, No Iterations 0
GAMG:  Solving for cellDisplacementz, Initial residual = 0, Final residual = 0, No Iterations 0
PIMPLE: iteration 1
DILUPBiCG:  Solving for Ux, Initial residual = 0.00899949, Final residual = 3.24748e-05, No Iterations 1
DILUPBiCG:  Solving for Uy, Initial residual = 0.0014953, Final residual = 4.31248e-06, No Iterations 1
DILUPBiCG:  Solving for Uz, Initial residual = 0.0142632, Final residual = 3.60104e-05, No Iterations 1
GAMG:  Solving for p, Initial residual = 0.160241, Final residual = 0.0014898, No Iterations 8
GAMG:  Solving for p, Initial residual = 0.0256845, Final residual = 0.000247488, No Iterations 14
GAMG:  Solving for p, Initial residual = 0.00972819, Final residual = 9.65787e-05, No Iterations 12
time step continuity errors : sum local = 4.43383e-07, global = 1.32823e-07, cumulative = 1.89979e-06
GAMG:  Solving for p, Initial residual = 0.0620622, Final residual = 0.000516101, No Iterations 6
GAMG:  Solving for p, Initial residual = 0.0124684, Final residual = 0.00011628, No Iterations 14
GAMG:  Solving for p, Initial residual = 0.00504535, Final residual = 4.29876e-05, No Iterations 12
time step continuity errors : sum local = 1.96292e-07, global = 5.82591e-08, cumulative = 1.95805e-06
PIMPLE: iteration 2
DILUPBiCG:  Solving for Ux, Initial residual = 0.0032161, Final residual = 2.27662e-05, No Iterations 1
DILUPBiCG:  Solving for Uy, Initial residual = 0.000551963, Final residual = 2.94537e-06, No Iterations 1
DILUPBiCG:  Solving for Uz, Initial residual = 0.00432868, Final residual = 1.24995e-05, No Iterations 1
GAMG:  Solving for p, Initial residual = 0.0628919, Final residual = 0.000221076, No Iterations 4
GAMG:  Solving for p, Initial residual = 0.0122516, Final residual = 0.000111817, No Iterations 4
GAMG:  Solving for p, Initial residual = 0.00520469, Final residual = 3.60173e-05, No Iterations 7
time step continuity errors : sum local = 1.43264e-07, global = 2.2156e-08, cumulative = 1.9802e-06
GAMG:  Solving for p, Initial residual = 0.0309809, Final residual = 0.000298574, No Iterations 3
GAMG:  Solving for p, Initial residual = 0.00585618, Final residual = 5.05297e-05, No Iterations 4
GAMG:  Solving for p, Initial residual = 0.00255005, Final residual = 2.2572e-05, No Iterations 5
time step continuity errors : sum local = 9.02536e-08, global = 1.4975e-08, cumulative = 1.99518e-06
PIMPLE: iteration 3
DILUPBiCG:  Solving for Ux, Initial residual = 0.00105936, Final residual = 2.13597e-07, No Iterations 2
DILUPBiCG:  Solving for Uy, Initial residual = 0.000180285, Final residual = 3.4959e-06, No Iterations 1
DILUPBiCG:  Solving for Uz, Initial residual = 0.00222391, Final residual = 9.85563e-07, No Iterations 2
GAMG:  Solving for p, Initial residual = 0.0538041, Final residual = 0.000360846, No Iterations 4
GAMG:  Solving for p, Initial residual = 0.0129815, Final residual = 0.000110485, No Iterations 10
GAMG:  Solving for p, Initial residual = 0.00603758, Final residual = 5.70614e-05, No Iterations 4
time step continuity errors : sum local = 2.43475e-07, global = -8.91623e-08, cumulative = 1.90602e-06
GAMG:  Solving for p, Initial residual = 0.00414274, Final residual = 3.54199e-05, No Iterations 8
GAMG:  Solving for p, Initial residual = 0.00227491, Final residual = 1.8895e-05, No Iterations 5
GAMG:  Solving for p, Initial residual = 0.000817345, Final residual = 9.63637e-07, No Iterations 34
time step continuity errors : sum local = 4.08955e-09, global = 1.2124e-09, cumulative = 1.90723e-06
DILUPBiCG:  Solving for omega, Initial residual = 0.00087118, Final residual = 1.2991e-06, No Iterations 1
DILUPBiCG:  Solving for k, Initial residual = 0.00465008, Final residual = 1.16266e-06, No Iterations 2
ExecutionTime = 59.76 s  ClockTime = 60 s

Courant Number mean: 0.275553 max: 0.611866
Time = 0.456

GAMG:  Solving for cellDisplacementx, Initial residual = 0, Final residual = 0, No Iterations 0
GAMG:  Solving for cellDisplacementy, Initial residual = 0, Final residual = 0, No Iterations 0
GAMG:  Solving for cellDisplacementz, Initial residual = 0, Final residual = 0, No Iterations 0
PIMPLE: iteration 1
DILUPBiCG:  Solving for Ux, Initial residual = 0.0116289, Final residual = 4.24457e-05, No Iterations 1
DILUPBiCG:  Solving for Uy, Initial residual = 0.00189609, Final residual = 4.88379e-06, No Iterations 1
DILUPBiCG:  Solving for Uz, Initial residual = 0.0140546, Final residual = 3.49755e-05, No Iterations 1
GAMG:  Solving for p, Initial residual = 0.153027, Final residual = 0.00141636, No Iterations 8
GAMG:  Solving for p, Initial residual = 0.0227055, Final residual = 0.000202238, No Iterations 16
GAMG:  Solving for p, Initial residual = 0.00870433, Final residual = 7.87721e-05, No Iterations 12
time step continuity errors : sum local = 4.17653e-07, global = 1.24965e-07, cumulative = 2.03219e-06
GAMG:  Solving for p, Initial residual = 0.0598245, Final residual = 0.000496348, No Iterations 6
GAMG:  Solving for p, Initial residual = 0.0110261, Final residual = 9.62377e-05, No Iterations 16
GAMG:  Solving for p, Initial residual = 0.00456567, Final residual = 4.09865e-05, No Iterations 10
time step continuity errors : sum local = 2.15884e-07, global = 5.60222e-08, cumulative = 2.08822e-06
PIMPLE: iteration 2
DILUPBiCG:  Solving for Ux, Initial residual = 0.00400035, Final residual = 2.33118e-05, No Iterations 1
DILUPBiCG:  Solving for Uy, Initial residual = 0.000678139, Final residual = 3.10974e-06, No Iterations 1
DILUPBiCG:  Solving for Uz, Initial residual = 0.00417583, Final residual = 1.17446e-05, No Iterations 1
GAMG:  Solving for p, Initial residual = 0.0609697, Final residual = 0.000323816, No Iterations 4
GAMG:  Solving for p, Initial residual = 0.0110048, Final residual = 0.000108639, No Iterations 7
GAMG:  Solving for p, Initial residual = 0.00490966, Final residual = 3.99661e-05, No Iterations 6
time step continuity errors : sum local = 1.82131e-07, global = 5.81055e-08, cumulative = 2.14632e-06
GAMG:  Solving for p, Initial residual = 0.030151, Final residual = 0.000131243, No Iterations 4
GAMG:  Solving for p, Initial residual = 0.00526799, Final residual = 4.82962e-05, No Iterations 7
GAMG:  Solving for p, Initial residual = 0.00239474, Final residual = 2.37741e-05, No Iterations 5
time step continuity errors : sum local = 1.08693e-07, global = -3.55766e-08, cumulative = 2.11074e-06
PIMPLE: iteration 3
DILUPBiCG:  Solving for Ux, Initial residual = 0.00125308, Final residual = 2.58036e-07, No Iterations 2
DILUPBiCG:  Solving for Uy, Initial residual = 0.000210534, Final residual = 4.19441e-06, No Iterations 1
DILUPBiCG:  Solving for Uz, Initial residual = 0.00266934, Final residual = 6.40568e-07, No Iterations 2
GAMG:  Solving for p, Initial residual = 0.0495696, Final residual = 0.000395315, No Iterations 4
GAMG:  Solving for p, Initial residual = 0.0120552, Final residual = 9.98897e-05, No Iterations 12
GAMG:  Solving for p, Initial residual = 0.00559188, Final residual = 4.81134e-05, No Iterations 4
time step continuity errors : sum local = 2.37147e-07, global = -8.79887e-08, cumulative = 2.02276e-06
GAMG:  Solving for p, Initial residual = 0.00380207, Final residual = 2.8993e-05, No Iterations 8
GAMG:  Solving for p, Initial residual = 0.00210926, Final residual = 1.69401e-05, No Iterations 5
GAMG:  Solving for p, Initial residual = 0.000767281, Final residual = 8.76574e-07, No Iterations 36
time step continuity errors : sum local = 4.30341e-09, global = 1.27061e-09, cumulative = 2.02403e-06
DILUPBiCG:  Solving for omega, Initial residual = 0.00082461, Final residual = 1.25861e-06, No Iterations 1
DILUPBiCG:  Solving for k, Initial residual = 0.00466165, Final residual = 1.06492e-06, No Iterations 2
ExecutionTime = 64.36 s  ClockTime = 65 s

Courant Number mean: 0.273616 max: 0.607785
Time = 0.457

GAMG:  Solving for cellDisplacementx, Initial residual = 0, Final residual = 0, No Iterations 0
GAMG:  Solving for cellDisplacementy, Initial residual = 0, Final residual = 0, No Iterations 0
GAMG:  Solving for cellDisplacementz, Initial residual = 0, Final residual = 0, No Iterations 0
PIMPLE: iteration 1
DILUPBiCG:  Solving for Ux, Initial residual = 0.0142703, Final residual = 5.32748e-05, No Iterations 1
DILUPBiCG:  Solving for Uy, Initial residual = 0.00230195, Final residual = 5.6264e-06, No Iterations 1
DILUPBiCG:  Solving for Uz, Initial residual = 0.0138021, Final residual = 3.40617e-05, No Iterations 1
GAMG:  Solving for p, Initial residual = 0.147608, Final residual = 0.00135719, No Iterations 8
GAMG:  Solving for p, Initial residual = 0.0206749, Final residual = 0.0001967, No Iterations 16
GAMG:  Solving for p, Initial residual = 0.00797721, Final residual = 7.83493e-05, No Iterations 12
time step continuity errors : sum local = 4.704e-07, global = 1.41069e-07, cumulative = 2.1651e-06
GAMG:  Solving for p, Initial residual = 0.0582051, Final residual = 0.000480604, No Iterations 6
GAMG:  Solving for p, Initial residual = 0.0100644, Final residual = 9.35586e-05, No Iterations 16
GAMG:  Solving for p, Initial residual = 0.00419007, Final residual = 3.45633e-05, No Iterations 12
time step continuity errors : sum local = 2.06176e-07, global = 6.08655e-08, cumulative = 2.22596e-06
PIMPLE: iteration 2
DILUPBiCG:  Solving for Ux, Initial residual = 0.00478241, Final residual = 2.24726e-05, No Iterations 1
DILUPBiCG:  Solving for Uy, Initial residual = 0.000805165, Final residual = 3.20796e-06, No Iterations 1
DILUPBiCG:  Solving for Uz, Initial residual = 0.00406101, Final residual = 1.12761e-05, No Iterations 1
GAMG:  Solving for p, Initial residual = 0.059469, Final residual = 0.00028276, No Iterations 4
GAMG:  Solving for p, Initial residual = 0.0102551, Final residual = 9.94987e-05, No Iterations 12
GAMG:  Solving for p, Initial residual = 0.00485787, Final residual = 4.38241e-05, No Iterations 8
time step continuity errors : sum local = 2.24585e-07, global = -8.30682e-08, cumulative = 2.14289e-06
GAMG:  Solving for p, Initial residual = 0.0295424, Final residual = 0.000285194, No Iterations 3
GAMG:  Solving for p, Initial residual = 0.00492665, Final residual = 3.93882e-05, No Iterations 6
GAMG:  Solving for p, Initial residual = 0.00234289, Final residual = 2.09027e-05, No Iterations 4
time step continuity errors : sum local = 1.07466e-07, global = 3.62741e-08, cumulative = 2.17917e-06
PIMPLE: iteration 3
DILUPBiCG:  Solving for Ux, Initial residual = 0.00143898, Final residual = 2.88979e-07, No Iterations 2
DILUPBiCG:  Solving for Uy, Initial residual = 0.000239747, Final residual = 4.82772e-06, No Iterations 1
DILUPBiCG:  Solving for Uz, Initial residual = 0.00313349, Final residual = 6.73102e-07, No Iterations 2
GAMG:  Solving for p, Initial residual = 0.046729, Final residual = 0.000423076, No Iterations 4
GAMG:  Solving for p, Initial residual = 0.0112741, Final residual = 0.000110537, No Iterations 12
GAMG:  Solving for p, Initial residual = 0.00523294, Final residual = 4.45527e-05, No Iterations 10
time step continuity errors : sum local = 2.49348e-07, global = -6.44727e-08, cumulative = 2.11469e-06
GAMG:  Solving for p, Initial residual = 0.00356093, Final residual = 2.54741e-05, No Iterations 8
GAMG:  Solving for p, Initial residual = 0.00203231, Final residual = 1.48324e-05, No Iterations 5
GAMG:  Solving for p, Initial residual = 0.000732924, Final residual = 9.37236e-07, No Iterations 34
time step continuity errors : sum local = 5.22828e-09, global = 1.54006e-09, cumulative = 2.11623e-06
DILUPBiCG:  Solving for omega, Initial residual = 0.000779432, Final residual = 1.22347e-06, No Iterations 1
DILUPBiCG:  Solving for k, Initial residual = 0.00471346, Final residual = 1.001e-06, No Iterations 2
ExecutionTime = 69.04 s  ClockTime = 69 s

End

