/*---------------------------------------------------------------------------*\
| =========                 |                                                 |
| \\      /  F ield         | OpenFOAM: The Open Source CFD Toolbox           |
|  \\    /   O peration     | Version:  2.3.1                                 |
|   \\  /    A nd           | Web:      www.OpenFOAM.org                      |
|    \\/     M anipulation  |                                                 |
\*---------------------------------------------------------------------------*/
Build  : 2.3.1-262087cdf8db
Exec   : pimpleDyMFoam
Date   : Jun 06 2023
Time   : 02:43:49
Host   : "jcosson-VirtualBox"
PID    : 7696
Case   : /home/jcosson/workspace/henersj_shootingdata/calcs/moderate_deformed/primal/100_intervals_05-06-23/sweep72/interval82
nProcs : 1
sigFpe : Enabling floating point exception trapping (FOAM_SIGFPE).
fileModificationChecking : Monitoring run-time modified files using timeStampMaster
allowSystemOperations : Allowing user-supplied system call operations

// * * * * * * * * * * * * * * * * * * * * * * * * * * * * * * * * * * * * * //
Create time

Create mesh for time = 0.481

Selecting dynamicFvMesh dynamicMotionSolverFvMesh
Selecting motion solver: displacementLaplacian
Selecting motion diffusion: quadratic
Selecting motion diffusion: quadratic
Selecting motion diffusion: inverseDistance

PIMPLE: no residual control data found. Calculations will employ 3 corrector loops

Reading field p

Reading field U

Reading/calculating face flux field phi

Selecting incompressible transport model Newtonian
Selecting turbulence model type RASModel
Selecting RAS turbulence model kOmegaSST
bounding k, min: 0 max: 0.00067622 average: 0.000156491
kOmegaSSTCoeffs
{
    alphaK1         0.85034;
    alphaK2         1;
    alphaOmega1     0.5;
    alphaOmega2     0.85616;
    gamma1          0.5532;
    gamma2          0.4403;
    beta1           0.075;
    beta2           0.0828;
    betaStar        0.09;
    a1              0.31;
    c1              10;
    Cmu             0.09;
    b1              1;
    F3              false;
}

Reading/calculating face velocity Uf

No finite volume options present

Courant Number mean: 0.15557 max: 0.341447

Starting time loop

Courant Number mean: 0.15557 max: 0.341447
Time = 0.482

GAMG:  Solving for cellDisplacementx, Initial residual = 0, Final residual = 0, No Iterations 0
GAMG:  Solving for cellDisplacementy, Initial residual = 0, Final residual = 0, No Iterations 0
GAMG:  Solving for cellDisplacementz, Initial residual = 0, Final residual = 0, No Iterations 0
PIMPLE: iteration 1
DILUPBiCG:  Solving for Ux, Initial residual = 0.064613, Final residual = 0.000259091, No Iterations 1
DILUPBiCG:  Solving for Uy, Initial residual = 0.0115731, Final residual = 2.52003e-05, No Iterations 1
DILUPBiCG:  Solving for Uz, Initial residual = 0.010621, Final residual = 1.785e-05, No Iterations 1
GAMG:  Solving for p, Initial residual = 0.118779, Final residual = 0.00111191, No Iterations 4
GAMG:  Solving for p, Initial residual = 0.0143838, Final residual = 0.00012573, No Iterations 20
GAMG:  Solving for p, Initial residual = 0.00671026, Final residual = 5.9439e-05, No Iterations 10
time step continuity errors : sum local = 8.86332e-07, global = 2.40478e-07, cumulative = 2.40478e-07
GAMG:  Solving for p, Initial residual = 0.0519162, Final residual = 0.000435142, No Iterations 4
GAMG:  Solving for p, Initial residual = 0.00721727, Final residual = 7.14161e-05, No Iterations 16
GAMG:  Solving for p, Initial residual = 0.00339196, Final residual = 2.89319e-05, No Iterations 12
time step continuity errors : sum local = 4.32423e-07, global = 1.29808e-07, cumulative = 3.70286e-07
PIMPLE: iteration 2
DILUPBiCG:  Solving for Ux, Initial residual = 0.0176158, Final residual = 0.000108667, No Iterations 1
DILUPBiCG:  Solving for Uy, Initial residual = 0.00331825, Final residual = 7.15532e-06, No Iterations 1
DILUPBiCG:  Solving for Uz, Initial residual = 0.00306689, Final residual = 1.13126e-05, No Iterations 1
GAMG:  Solving for p, Initial residual = 0.0515105, Final residual = 0.000475735, No Iterations 4
GAMG:  Solving for p, Initial residual = 0.00902308, Final residual = 8.38034e-05, No Iterations 16
GAMG:  Solving for p, Initial residual = 0.00394074, Final residual = 3.58649e-05, No Iterations 10
time step continuity errors : sum local = 4.63122e-07, global = -1.20511e-07, cumulative = 2.49774e-07
GAMG:  Solving for p, Initial residual = 0.0266961, Final residual = 0.000214766, No Iterations 4
GAMG:  Solving for p, Initial residual = 0.0045762, Final residual = 4.01121e-05, No Iterations 14
GAMG:  Solving for p, Initial residual = 0.00186215, Final residual = 1.76988e-05, No Iterations 10
time step continuity errors : sum local = 2.29551e-07, global = -5.90432e-08, cumulative = 1.90731e-07
PIMPLE: iteration 3
DILUPBiCG:  Solving for Ux, Initial residual = 0.00402781, Final residual = 3.03368e-06, No Iterations 2
DILUPBiCG:  Solving for Uy, Initial residual = 0.000769904, Final residual = 5.41784e-06, No Iterations 1
DILUPBiCG:  Solving for Uz, Initial residual = 0.00649027, Final residual = 3.97572e-06, No Iterations 2
GAMG:  Solving for p, Initial residual = 0.0419198, Final residual = 0.000355143, No Iterations 5
GAMG:  Solving for p, Initial residual = 0.00950875, Final residual = 8.22201e-05, No Iterations 12
GAMG:  Solving for p, Initial residual = 0.00453834, Final residual = 3.90103e-05, No Iterations 10
time step continuity errors : sum local = 5.65754e-07, global = -1.4646e-07, cumulative = 4.42709e-08
GAMG:  Solving for p, Initial residual = 0.0023748, Final residual = 2.16504e-05, No Iterations 14
GAMG:  Solving for p, Initial residual = 0.001291, Final residual = 1.13788e-05, No Iterations 4
GAMG:  Solving for p, Initial residual = 0.000529399, Final residual = 9.65656e-07, No Iterations 28
time step continuity errors : sum local = 1.38924e-08, global = 4.15276e-09, cumulative = 4.84237e-08
DILUPBiCG:  Solving for omega, Initial residual = 0.000870542, Final residual = 7.06852e-07, No Iterations 1
DILUPBiCG:  Solving for k, Initial residual = 0.00385702, Final residual = 9.46796e-07, No Iterations 2
bounding k, min: 0 max: 0.000666076 average: 0.00015548
ExecutionTime = 18.48 s  ClockTime = 18 s

End

