/*---------------------------------------------------------------------------*\
| =========                 |                                                 |
| \\      /  F ield         | OpenFOAM: The Open Source CFD Toolbox           |
|  \\    /   O peration     | Version:  2.3.1                                 |
|   \\  /    A nd           | Web:      www.OpenFOAM.org                      |
|    \\/     M anipulation  |                                                 |
\*---------------------------------------------------------------------------*/
Build  : 2.3.1-262087cdf8db
Exec   : pimpleDyMFoam
Date   : Jun 06 2023
Time   : 02:43:49
Host   : "jcosson-VirtualBox"
PID    : 7698
Case   : /home/jcosson/workspace/henersj_shootingdata/calcs/moderate_deformed/primal/100_intervals_05-06-23/sweep72/interval80
nProcs : 1
sigFpe : Enabling floating point exception trapping (FOAM_SIGFPE).
fileModificationChecking : Monitoring run-time modified files using timeStampMaster
allowSystemOperations : Allowing user-supplied system call operations

// * * * * * * * * * * * * * * * * * * * * * * * * * * * * * * * * * * * * * //
Create time

Create mesh for time = 0.479

Selecting dynamicFvMesh dynamicMotionSolverFvMesh
Selecting motion solver: displacementLaplacian
Selecting motion diffusion: quadratic
Selecting motion diffusion: quadratic
Selecting motion diffusion: inverseDistance

PIMPLE: no residual control data found. Calculations will employ 3 corrector loops

Reading field p

Reading field U

Reading/calculating face flux field phi

Selecting incompressible transport model Newtonian
Selecting turbulence model type RASModel
Selecting RAS turbulence model kOmegaSST
bounding k, min: 0 max: 0.00069058 average: 0.000158449
kOmegaSSTCoeffs
{
    alphaK1         0.85034;
    alphaK2         1;
    alphaOmega1     0.5;
    alphaOmega2     0.85616;
    gamma1          0.5532;
    gamma2          0.4403;
    beta1           0.075;
    beta2           0.0828;
    betaStar        0.09;
    a1              0.31;
    c1              10;
    Cmu             0.09;
    b1              1;
    F3              false;
}

Reading/calculating face velocity Uf

No finite volume options present

Courant Number mean: 0.166406 max: 0.366385

Starting time loop

Courant Number mean: 0.166406 max: 0.366385
Time = 0.48

GAMG:  Solving for cellDisplacementx, Initial residual = 0, Final residual = 0, No Iterations 0
GAMG:  Solving for cellDisplacementy, Initial residual = 0, Final residual = 0, No Iterations 0
GAMG:  Solving for cellDisplacementz, Initial residual = 0, Final residual = 0, No Iterations 0
PIMPLE: iteration 1
DILUPBiCG:  Solving for Ux, Initial residual = 0.0636343, Final residual = 0.000256812, No Iterations 1
DILUPBiCG:  Solving for Uy, Initial residual = 0.0111505, Final residual = 2.46542e-05, No Iterations 1
DILUPBiCG:  Solving for Uz, Initial residual = 0.0106766, Final residual = 1.96722e-05, No Iterations 1
GAMG:  Solving for p, Initial residual = 0.119877, Final residual = 0.00118934, No Iterations 4
GAMG:  Solving for p, Initial residual = 0.0142046, Final residual = 0.000130975, No Iterations 20
GAMG:  Solving for p, Initial residual = 0.00659078, Final residual = 6.15613e-05, No Iterations 10
time step continuity errors : sum local = 9.42384e-07, global = 2.57638e-07, cumulative = 2.57638e-07
GAMG:  Solving for p, Initial residual = 0.0520993, Final residual = 0.000459319, No Iterations 4
GAMG:  Solving for p, Initial residual = 0.0071442, Final residual = 6.32698e-05, No Iterations 18
GAMG:  Solving for p, Initial residual = 0.00335987, Final residual = 3.10532e-05, No Iterations 10
time step continuity errors : sum local = 4.76488e-07, global = 1.29131e-07, cumulative = 3.86769e-07
PIMPLE: iteration 2
DILUPBiCG:  Solving for Ux, Initial residual = 0.0175765, Final residual = 0.000107443, No Iterations 1
DILUPBiCG:  Solving for Uy, Initial residual = 0.00324431, Final residual = 7.09313e-06, No Iterations 1
DILUPBiCG:  Solving for Uz, Initial residual = 0.00316871, Final residual = 1.16931e-05, No Iterations 1
GAMG:  Solving for p, Initial residual = 0.0518154, Final residual = 0.000476866, No Iterations 4
GAMG:  Solving for p, Initial residual = 0.00878731, Final residual = 8.43869e-05, No Iterations 16
GAMG:  Solving for p, Initial residual = 0.00389094, Final residual = 3.59272e-05, No Iterations 10
time step continuity errors : sum local = 4.7475e-07, global = -1.24412e-07, cumulative = 2.62357e-07
GAMG:  Solving for p, Initial residual = 0.0268158, Final residual = 0.000213508, No Iterations 4
GAMG:  Solving for p, Initial residual = 0.00444178, Final residual = 4.01112e-05, No Iterations 14
GAMG:  Solving for p, Initial residual = 0.00183744, Final residual = 1.76607e-05, No Iterations 10
time step continuity errors : sum local = 2.34456e-07, global = -6.06513e-08, cumulative = 2.01706e-07
PIMPLE: iteration 3
DILUPBiCG:  Solving for Ux, Initial residual = 0.00408559, Final residual = 2.84734e-06, No Iterations 2
DILUPBiCG:  Solving for Uy, Initial residual = 0.000761415, Final residual = 5.66683e-06, No Iterations 1
DILUPBiCG:  Solving for Uz, Initial residual = 0.00677987, Final residual = 3.87575e-06, No Iterations 2
GAMG:  Solving for p, Initial residual = 0.0413828, Final residual = 0.0003585, No Iterations 5
GAMG:  Solving for p, Initial residual = 0.00948904, Final residual = 7.98885e-05, No Iterations 4
GAMG:  Solving for p, Initial residual = 0.00438674, Final residual = 3.75401e-05, No Iterations 12
time step continuity errors : sum local = 5.58911e-07, global = -1.61059e-07, cumulative = 4.06467e-08
GAMG:  Solving for p, Initial residual = 0.00239515, Final residual = 2.29088e-05, No Iterations 14
GAMG:  Solving for p, Initial residual = 0.00129253, Final residual = 1.17283e-05, No Iterations 4
GAMG:  Solving for p, Initial residual = 0.000531008, Final residual = 9.56933e-07, No Iterations 30
time step continuity errors : sum local = 1.41009e-08, global = 4.19489e-09, cumulative = 4.48416e-08
DILUPBiCG:  Solving for omega, Initial residual = 0.000787992, Final residual = 6.86393e-07, No Iterations 1
DILUPBiCG:  Solving for k, Initial residual = 0.00397473, Final residual = 1.14277e-06, No Iterations 2
bounding k, min: 0 max: 0.00068207 average: 0.000157411
ExecutionTime = 17.88 s  ClockTime = 18 s

End

