/*---------------------------------------------------------------------------*\
| =========                 |                                                 |
| \\      /  F ield         | OpenFOAM: The Open Source CFD Toolbox           |
|  \\    /   O peration     | Version:  2.3.1                                 |
|   \\  /    A nd           | Web:      www.OpenFOAM.org                      |
|    \\/     M anipulation  |                                                 |
\*---------------------------------------------------------------------------*/
Build  : 2.3.1-262087cdf8db
Exec   : pimpleDyMFoam
Date   : Jun 06 2023
Time   : 02:44:07
Host   : "jcosson-VirtualBox"
PID    : 7708
Case   : /home/jcosson/workspace/henersj_shootingdata/calcs/moderate_deformed/primal/100_intervals_05-06-23/sweep72/interval89
nProcs : 1
sigFpe : Enabling floating point exception trapping (FOAM_SIGFPE).
fileModificationChecking : Monitoring run-time modified files using timeStampMaster
allowSystemOperations : Allowing user-supplied system call operations

// * * * * * * * * * * * * * * * * * * * * * * * * * * * * * * * * * * * * * //
Create time

Create mesh for time = 0.488

Selecting dynamicFvMesh dynamicMotionSolverFvMesh
Selecting motion solver: displacementLaplacian
Selecting motion diffusion: quadratic
Selecting motion diffusion: quadratic
Selecting motion diffusion: inverseDistance

PIMPLE: no residual control data found. Calculations will employ 3 corrector loops

Reading field p

Reading field U

Reading/calculating face flux field phi

Selecting incompressible transport model Newtonian
Selecting turbulence model type RASModel
Selecting RAS turbulence model kOmegaSST
bounding k, min: 0 max: 0.000612392 average: 0.000150304
kOmegaSSTCoeffs
{
    alphaK1         0.85034;
    alphaK2         1;
    alphaOmega1     0.5;
    alphaOmega2     0.85616;
    gamma1          0.5532;
    gamma2          0.4403;
    beta1           0.075;
    beta2           0.0828;
    betaStar        0.09;
    a1              0.31;
    c1              10;
    Cmu             0.09;
    b1              1;
    F3              false;
}

Reading/calculating face velocity Uf

No finite volume options present

Courant Number mean: 0.122904 max: 0.265705

Starting time loop

Courant Number mean: 0.122904 max: 0.265705
Time = 0.489

GAMG:  Solving for cellDisplacementx, Initial residual = 0, Final residual = 0, No Iterations 0
GAMG:  Solving for cellDisplacementy, Initial residual = 0, Final residual = 0, No Iterations 0
GAMG:  Solving for cellDisplacementz, Initial residual = 0, Final residual = 0, No Iterations 0
PIMPLE: iteration 1
DILUPBiCG:  Solving for Ux, Initial residual = 0.0575213, Final residual = 0.000225034, No Iterations 1
DILUPBiCG:  Solving for Uy, Initial residual = 0.0113121, Final residual = 2.35227e-05, No Iterations 1
DILUPBiCG:  Solving for Uz, Initial residual = 0.0135268, Final residual = 1.2286e-05, No Iterations 1
GAMG:  Solving for p, Initial residual = 0.115713, Final residual = 0.000805196, No Iterations 4
GAMG:  Solving for p, Initial residual = 0.0156863, Final residual = 0.000152529, No Iterations 16
GAMG:  Solving for p, Initial residual = 0.00743276, Final residual = 6.41581e-05, No Iterations 4
time step continuity errors : sum local = 7.46477e-07, global = 2.56983e-07, cumulative = 2.56983e-07
GAMG:  Solving for p, Initial residual = 0.0521378, Final residual = 0.000344376, No Iterations 4
GAMG:  Solving for p, Initial residual = 0.00774687, Final residual = 6.65736e-05, No Iterations 16
GAMG:  Solving for p, Initial residual = 0.00373284, Final residual = 2.95081e-05, No Iterations 4
time step continuity errors : sum local = 3.45711e-07, global = 1.15646e-07, cumulative = 3.72629e-07
PIMPLE: iteration 2
DILUPBiCG:  Solving for Ux, Initial residual = 0.0149299, Final residual = 9.20662e-05, No Iterations 1
DILUPBiCG:  Solving for Uy, Initial residual = 0.0030519, Final residual = 6.29443e-06, No Iterations 1
DILUPBiCG:  Solving for Uz, Initial residual = 0.00279096, Final residual = 8.73632e-06, No Iterations 1
GAMG:  Solving for p, Initial residual = 0.0510421, Final residual = 0.00049082, No Iterations 4
GAMG:  Solving for p, Initial residual = 0.010268, Final residual = 8.77824e-05, No Iterations 16
GAMG:  Solving for p, Initial residual = 0.00439673, Final residual = 4.35755e-05, No Iterations 4
time step continuity errors : sum local = 4.44495e-07, global = -1.73553e-07, cumulative = 1.99076e-07
GAMG:  Solving for p, Initial residual = 0.0267105, Final residual = 0.000233897, No Iterations 4
GAMG:  Solving for p, Initial residual = 0.00532054, Final residual = 4.49123e-05, No Iterations 14
GAMG:  Solving for p, Initial residual = 0.00210002, Final residual = 2.06081e-05, No Iterations 4
time step continuity errors : sum local = 2.10853e-07, global = -8.30202e-08, cumulative = 1.16056e-07
PIMPLE: iteration 3
DILUPBiCG:  Solving for Ux, Initial residual = 0.00318045, Final residual = 2.95699e-06, No Iterations 2
DILUPBiCG:  Solving for Uy, Initial residual = 0.00069221, Final residual = 4.90931e-06, No Iterations 1
DILUPBiCG:  Solving for Uz, Initial residual = 0.0049155, Final residual = 2.28001e-06, No Iterations 2
GAMG:  Solving for p, Initial residual = 0.0453993, Final residual = 0.000334962, No Iterations 5
GAMG:  Solving for p, Initial residual = 0.0102823, Final residual = 9.4159e-05, No Iterations 14
GAMG:  Solving for p, Initial residual = 0.005203, Final residual = 4.87965e-05, No Iterations 10
time step continuity errors : sum local = 5.57303e-07, global = -1.46135e-07, cumulative = -3.00785e-08
GAMG:  Solving for p, Initial residual = 0.00252818, Final residual = 2.47386e-05, No Iterations 7
GAMG:  Solving for p, Initial residual = 0.00135745, Final residual = 1.02383e-05, No Iterations 6
GAMG:  Solving for p, Initial residual = 0.000553983, Final residual = 9.68378e-07, No Iterations 28
time step continuity errors : sum local = 1.0933e-08, global = 3.31696e-09, cumulative = -2.67616e-08
DILUPBiCG:  Solving for omega, Initial residual = 0.00113282, Final residual = 7.15844e-07, No Iterations 1
DILUPBiCG:  Solving for k, Initial residual = 0.0034373, Final residual = 6.77686e-07, No Iterations 2
bounding k, min: 0 max: 0.000599281 average: 0.000149461
ExecutionTime = 14.4 s  ClockTime = 14 s

End

