/*---------------------------------------------------------------------------*\
| =========                 |                                                 |
| \\      /  F ield         | OpenFOAM: The Open Source CFD Toolbox           |
|  \\    /   O peration     | Version:  2.3.1                                 |
|   \\  /    A nd           | Web:      www.OpenFOAM.org                      |
|    \\/     M anipulation  |                                                 |
\*---------------------------------------------------------------------------*/
Build  : 2.3.1-262087cdf8db
Exec   : pimpleDyMFoam
Date   : Jun 05 2023
Time   : 23:36:31
Host   : "jcosson-VirtualBox"
PID    : 9652
Case   : /home/jcosson/workspace/henersj_shootingdata/calcs/moderate_deformed/primal/100_intervals_05-06-23/sweep4/interval79
nProcs : 1
sigFpe : Enabling floating point exception trapping (FOAM_SIGFPE).
fileModificationChecking : Monitoring run-time modified files using timeStampMaster
allowSystemOperations : Allowing user-supplied system call operations

// * * * * * * * * * * * * * * * * * * * * * * * * * * * * * * * * * * * * * //
Create time

Create mesh for time = 0.478

Selecting dynamicFvMesh dynamicMotionSolverFvMesh
Selecting motion solver: displacementLaplacian
Selecting motion diffusion: quadratic
Selecting motion diffusion: quadratic
Selecting motion diffusion: inverseDistance

PIMPLE: no residual control data found. Calculations will employ 3 corrector loops

Reading field p

Reading field U

Reading/calculating face flux field phi

Selecting incompressible transport model Newtonian
Selecting turbulence model type RASModel
Selecting RAS turbulence model kOmegaSST
kOmegaSSTCoeffs
{
    alphaK1         0.85034;
    alphaK2         1;
    alphaOmega1     0.5;
    alphaOmega2     0.85616;
    gamma1          0.5532;
    gamma2          0.4403;
    beta1           0.075;
    beta2           0.0828;
    betaStar        0.09;
    a1              0.31;
    c1              10;
    Cmu             0.09;
    b1              1;
    F3              false;
}

Reading/calculating face velocity Uf

No finite volume options present

Courant Number mean: 0.171486 max: 0.378134

Starting time loop

Courant Number mean: 0.171486 max: 0.378134
Time = 0.479

GAMG:  Solving for cellDisplacementx, Initial residual = 0, Final residual = 0, No Iterations 0
GAMG:  Solving for cellDisplacementy, Initial residual = 0, Final residual = 0, No Iterations 0
GAMG:  Solving for cellDisplacementz, Initial residual = 0, Final residual = 0, No Iterations 0
PIMPLE: iteration 1
DILUPBiCG:  Solving for Ux, Initial residual = 0.0606626, Final residual = 0.000244341, No Iterations 1
DILUPBiCG:  Solving for Uy, Initial residual = 0.0112327, Final residual = 2.69546e-05, No Iterations 1
DILUPBiCG:  Solving for Uz, Initial residual = 0.0806246, Final residual = 0.000158381, No Iterations 1
GAMG:  Solving for p, Initial residual = 0.159735, Final residual = 0.00134317, No Iterations 4
GAMG:  Solving for p, Initial residual = 0.0260337, Final residual = 0.000232952, No Iterations 22
GAMG:  Solving for p, Initial residual = 0.0119407, Final residual = 0.000117931, No Iterations 8
time step continuity errors : sum local = 1.66437e-06, global = 3.61529e-07, cumulative = 3.61529e-07
GAMG:  Solving for p, Initial residual = 0.065806, Final residual = 0.000519712, No Iterations 4
GAMG:  Solving for p, Initial residual = 0.012225, Final residual = 0.00011637, No Iterations 20
GAMG:  Solving for p, Initial residual = 0.00596773, Final residual = 4.80641e-05, No Iterations 10
time step continuity errors : sum local = 6.86462e-07, global = 1.76993e-07, cumulative = 5.38522e-07
PIMPLE: iteration 2
DILUPBiCG:  Solving for Ux, Initial residual = 0.0173956, Final residual = 0.00010817, No Iterations 1
DILUPBiCG:  Solving for Uy, Initial residual = 0.00317593, Final residual = 7.25496e-06, No Iterations 1
DILUPBiCG:  Solving for Uz, Initial residual = 0.0055132, Final residual = 1.65179e-05, No Iterations 1
GAMG:  Solving for p, Initial residual = 0.0676355, Final residual = 0.000593517, No Iterations 4
GAMG:  Solving for p, Initial residual = 0.0150683, Final residual = 0.000137373, No Iterations 16
GAMG:  Solving for p, Initial residual = 0.0077682, Final residual = 7.28049e-05, No Iterations 5
time step continuity errors : sum local = 8.90532e-07, global = 3.12116e-07, cumulative = 8.50638e-07
GAMG:  Solving for p, Initial residual = 0.0346176, Final residual = 0.000273427, No Iterations 4
GAMG:  Solving for p, Initial residual = 0.00757436, Final residual = 6.43209e-05, No Iterations 16
GAMG:  Solving for p, Initial residual = 0.0037528, Final residual = 3.46701e-05, No Iterations 5
time step continuity errors : sum local = 4.27324e-07, global = 1.53686e-07, cumulative = 1.00432e-06
PIMPLE: iteration 3
DILUPBiCG:  Solving for Ux, Initial residual = 0.0043588, Final residual = 2.93295e-06, No Iterations 2
DILUPBiCG:  Solving for Uy, Initial residual = 0.000805795, Final residual = 5.51344e-06, No Iterations 1
DILUPBiCG:  Solving for Uz, Initial residual = 0.0175138, Final residual = 6.21029e-06, No Iterations 2
GAMG:  Solving for p, Initial residual = 0.0386226, Final residual = 0.000342816, No Iterations 5
GAMG:  Solving for p, Initial residual = 0.00826942, Final residual = 8.25199e-05, No Iterations 15
GAMG:  Solving for p, Initial residual = 0.00374714, Final residual = 3.42698e-05, No Iterations 12
time step continuity errors : sum local = 4.76102e-07, global = -1.43372e-07, cumulative = 8.60951e-07
GAMG:  Solving for p, Initial residual = 0.00212595, Final residual = 2.01215e-05, No Iterations 10
GAMG:  Solving for p, Initial residual = 0.00128872, Final residual = 1.03798e-05, No Iterations 5
GAMG:  Solving for p, Initial residual = 0.000505966, Final residual = 8.65136e-07, No Iterations 28
time step continuity errors : sum local = 1.20063e-08, global = 3.62005e-09, cumulative = 8.64571e-07
DILUPBiCG:  Solving for omega, Initial residual = 0.0013945, Final residual = 1.78494e-06, No Iterations 1
DILUPBiCG:  Solving for k, Initial residual = 0.00466118, Final residual = 1.08654e-06, No Iterations 2
ExecutionTime = 15.38 s  ClockTime = 16 s

End

