/*---------------------------------------------------------------------------*\
| =========                 |                                                 |
| \\      /  F ield         | OpenFOAM: The Open Source CFD Toolbox           |
|  \\    /   O peration     | Version:  2.3.1                                 |
|   \\  /    A nd           | Web:      www.OpenFOAM.org                      |
|    \\/     M anipulation  |                                                 |
\*---------------------------------------------------------------------------*/
Build  : 2.3.1-262087cdf8db
Exec   : pimpleDyMFoam
Date   : Jun 05 2023
Time   : 23:36:49
Host   : "jcosson-VirtualBox"
PID    : 9687
Case   : /home/jcosson/workspace/henersj_shootingdata/calcs/moderate_deformed/primal/100_intervals_05-06-23/sweep4/interval96
nProcs : 1
sigFpe : Enabling floating point exception trapping (FOAM_SIGFPE).
fileModificationChecking : Monitoring run-time modified files using timeStampMaster
allowSystemOperations : Allowing user-supplied system call operations

// * * * * * * * * * * * * * * * * * * * * * * * * * * * * * * * * * * * * * //
Create time

Create mesh for time = 0.495

Selecting dynamicFvMesh dynamicMotionSolverFvMesh
Selecting motion solver: displacementLaplacian
Selecting motion diffusion: quadratic
Selecting motion diffusion: quadratic
Selecting motion diffusion: inverseDistance

PIMPLE: no residual control data found. Calculations will employ 3 corrector loops

Reading field p

Reading field U

Reading/calculating face flux field phi

Selecting incompressible transport model Newtonian
Selecting turbulence model type RASModel
Selecting RAS turbulence model kOmegaSST
bounding k, min: 0 max: 0.000681642 average: 0.000156297
kOmegaSSTCoeffs
{
    alphaK1         0.85034;
    alphaK2         1;
    alphaOmega1     0.5;
    alphaOmega2     0.85616;
    gamma1          0.5532;
    gamma2          0.4403;
    beta1           0.075;
    beta2           0.0828;
    betaStar        0.09;
    a1              0.31;
    c1              10;
    Cmu             0.09;
    b1              1;
    F3              false;
}

Reading/calculating face velocity Uf

No finite volume options present

Courant Number mean: 0.101839 max: 0.222873

Starting time loop

Courant Number mean: 0.101839 max: 0.222873
Time = 0.496

GAMG:  Solving for cellDisplacementx, Initial residual = 0, Final residual = 0, No Iterations 0
GAMG:  Solving for cellDisplacementy, Initial residual = 0, Final residual = 0, No Iterations 0
GAMG:  Solving for cellDisplacementz, Initial residual = 0, Final residual = 0, No Iterations 0
PIMPLE: iteration 1
DILUPBiCG:  Solving for Ux, Initial residual = 0.0300604, Final residual = 0.000112182, No Iterations 1
DILUPBiCG:  Solving for Uy, Initial residual = 0.00677899, Final residual = 1.48645e-05, No Iterations 1
DILUPBiCG:  Solving for Uz, Initial residual = 0.0386419, Final residual = 6.91832e-05, No Iterations 1
GAMG:  Solving for p, Initial residual = 0.149406, Final residual = 0.000662907, No Iterations 4
GAMG:  Solving for p, Initial residual = 0.030072, Final residual = 0.000293149, No Iterations 5
GAMG:  Solving for p, Initial residual = 0.0140533, Final residual = 0.000110958, No Iterations 5
time step continuity errors : sum local = 5.28622e-07, global = 1.50858e-07, cumulative = 1.50858e-07
GAMG:  Solving for p, Initial residual = 0.068579, Final residual = 0.000331386, No Iterations 4
GAMG:  Solving for p, Initial residual = 0.0148603, Final residual = 0.000141878, No Iterations 6
GAMG:  Solving for p, Initial residual = 0.00715683, Final residual = 6.89177e-05, No Iterations 8
time step continuity errors : sum local = 3.35518e-07, global = 7.32906e-08, cumulative = 2.24149e-07
PIMPLE: iteration 2
DILUPBiCG:  Solving for Ux, Initial residual = 0.00742165, Final residual = 4.37342e-05, No Iterations 1
DILUPBiCG:  Solving for Uy, Initial residual = 0.00158698, Final residual = 3.4132e-06, No Iterations 1
DILUPBiCG:  Solving for Uz, Initial residual = 0.00294612, Final residual = 1.20123e-05, No Iterations 1
GAMG:  Solving for p, Initial residual = 0.0717395, Final residual = 0.000511045, No Iterations 6
GAMG:  Solving for p, Initial residual = 0.0207758, Final residual = 0.000191489, No Iterations 12
GAMG:  Solving for p, Initial residual = 0.00952455, Final residual = 9.10239e-05, No Iterations 6
time step continuity errors : sum local = 3.82496e-07, global = -1.38344e-07, cumulative = 8.5805e-08
GAMG:  Solving for p, Initial residual = 0.0391434, Final residual = 0.000349229, No Iterations 4
GAMG:  Solving for p, Initial residual = 0.0106138, Final residual = 9.16189e-05, No Iterations 12
GAMG:  Solving for p, Initial residual = 0.00520735, Final residual = 4.66684e-05, No Iterations 4
time step continuity errors : sum local = 1.9741e-07, global = -7.38785e-08, cumulative = 1.19265e-08
PIMPLE: iteration 3
DILUPBiCG:  Solving for Ux, Initial residual = 0.00142568, Final residual = 5.35382e-08, No Iterations 3
DILUPBiCG:  Solving for Uy, Initial residual = 0.000317193, Final residual = 8.54016e-06, No Iterations 1
DILUPBiCG:  Solving for Uz, Initial residual = 0.00714613, Final residual = 2.52193e-06, No Iterations 2
GAMG:  Solving for p, Initial residual = 0.0497174, Final residual = 0.000384986, No Iterations 5
GAMG:  Solving for p, Initial residual = 0.0120167, Final residual = 0.000106362, No Iterations 12
GAMG:  Solving for p, Initial residual = 0.005084, Final residual = 5.07133e-05, No Iterations 10
time step continuity errors : sum local = 2.41936e-07, global = -6.1594e-08, cumulative = -4.96675e-08
GAMG:  Solving for p, Initial residual = 0.00265622, Final residual = 2.50481e-05, No Iterations 13
GAMG:  Solving for p, Initial residual = 0.00160665, Final residual = 1.34402e-05, No Iterations 4
GAMG:  Solving for p, Initial residual = 0.000607511, Final residual = 9.40509e-07, No Iterations 24
time step continuity errors : sum local = 4.46661e-09, global = 1.29142e-09, cumulative = -4.8376e-08
DILUPBiCG:  Solving for omega, Initial residual = 0.00144455, Final residual = 9.7155e-07, No Iterations 1
DILUPBiCG:  Solving for k, Initial residual = 0.00408448, Final residual = 6.67192e-07, No Iterations 2
bounding k, min: 0 max: 0.000673376 average: 0.000155412
ExecutionTime = 9.03 s  ClockTime = 9 s

End

