/*---------------------------------------------------------------------------*\
| =========                 |                                                 |
| \\      /  F ield         | OpenFOAM: The Open Source CFD Toolbox           |
|  \\    /   O peration     | Version:  2.3.1                                 |
|   \\  /    A nd           | Web:      www.OpenFOAM.org                      |
|    \\/     M anipulation  |                                                 |
\*---------------------------------------------------------------------------*/
Build  : 2.3.1-262087cdf8db
Exec   : pimpleDyMFoam
Date   : Jun 05 2023
Time   : 23:36:04
Host   : "jcosson-VirtualBox"
PID    : 9616
Case   : /home/jcosson/workspace/henersj_shootingdata/calcs/moderate_deformed/primal/100_intervals_05-06-23/sweep4/interval61
nProcs : 1
sigFpe : Enabling floating point exception trapping (FOAM_SIGFPE).
fileModificationChecking : Monitoring run-time modified files using timeStampMaster
allowSystemOperations : Allowing user-supplied system call operations

// * * * * * * * * * * * * * * * * * * * * * * * * * * * * * * * * * * * * * //
Create time

Create mesh for time = 0.46

Selecting dynamicFvMesh dynamicMotionSolverFvMesh
Selecting motion solver: displacementLaplacian
Selecting motion diffusion: quadratic
Selecting motion diffusion: quadratic
Selecting motion diffusion: inverseDistance

PIMPLE: no residual control data found. Calculations will employ 3 corrector loops

Reading field p

Reading field U

Reading/calculating face flux field phi

Selecting incompressible transport model Newtonian
Selecting turbulence model type RASModel
Selecting RAS turbulence model kOmegaSST
kOmegaSSTCoeffs
{
    alphaK1         0.85034;
    alphaK2         1;
    alphaOmega1     0.5;
    alphaOmega2     0.85616;
    gamma1          0.5532;
    gamma2          0.4403;
    beta1           0.075;
    beta2           0.0828;
    betaStar        0.09;
    a1              0.31;
    c1              10;
    Cmu             0.09;
    b1              1;
    F3              false;
}

Reading/calculating face velocity Uf

No finite volume options present

Courant Number mean: 0.262283 max: 0.590055

Starting time loop

Courant Number mean: 0.262283 max: 0.590055
Time = 0.461

GAMG:  Solving for cellDisplacementx, Initial residual = 0, Final residual = 0, No Iterations 0
GAMG:  Solving for cellDisplacementy, Initial residual = 0, Final residual = 0, No Iterations 0
GAMG:  Solving for cellDisplacementz, Initial residual = 0, Final residual = 0, No Iterations 0
PIMPLE: iteration 1
DILUPBiCG:  Solving for Ux, Initial residual = 0.0241219, Final residual = 9.86273e-05, No Iterations 1
DILUPBiCG:  Solving for Uy, Initial residual = 0.00402439, Final residual = 1.04649e-05, No Iterations 1
DILUPBiCG:  Solving for Uz, Initial residual = 0.0575028, Final residual = 0.00016678, No Iterations 1
GAMG:  Solving for p, Initial residual = 0.184656, Final residual = 0.00173922, No Iterations 6
GAMG:  Solving for p, Initial residual = 0.0284061, Final residual = 0.00026273, No Iterations 18
GAMG:  Solving for p, Initial residual = 0.0124347, Final residual = 0.000115765, No Iterations 8
time step continuity errors : sum local = 1.01693e-06, global = 2.16338e-07, cumulative = 2.16338e-07
GAMG:  Solving for p, Initial residual = 0.0717292, Final residual = 0.000710609, No Iterations 4
GAMG:  Solving for p, Initial residual = 0.0135856, Final residual = 0.000126592, No Iterations 18
GAMG:  Solving for p, Initial residual = 0.0064436, Final residual = 5.67598e-05, No Iterations 8
time step continuity errors : sum local = 5.00328e-07, global = 1.08767e-07, cumulative = 3.25105e-07
PIMPLE: iteration 2
DILUPBiCG:  Solving for Ux, Initial residual = 0.00781, Final residual = 3.90878e-05, No Iterations 1
DILUPBiCG:  Solving for Uy, Initial residual = 0.00130151, Final residual = 3.86204e-06, No Iterations 1
DILUPBiCG:  Solving for Uz, Initial residual = 0.00637317, Final residual = 1.70403e-05, No Iterations 1
GAMG:  Solving for p, Initial residual = 0.0756227, Final residual = 0.000626681, No Iterations 4
GAMG:  Solving for p, Initial residual = 0.0167856, Final residual = 0.000144687, No Iterations 14
GAMG:  Solving for p, Initial residual = 0.00793355, Final residual = 7.08542e-05, No Iterations 7
time step continuity errors : sum local = 5.30112e-07, global = 1.31284e-07, cumulative = 4.56388e-07
GAMG:  Solving for p, Initial residual = 0.0376239, Final residual = 0.000252745, No Iterations 4
GAMG:  Solving for p, Initial residual = 0.00791624, Final residual = 7.4274e-05, No Iterations 12
GAMG:  Solving for p, Initial residual = 0.00370462, Final residual = 3.16182e-05, No Iterations 9
time step continuity errors : sum local = 2.38262e-07, global = 8.19046e-08, cumulative = 5.38293e-07
PIMPLE: iteration 3
DILUPBiCG:  Solving for Ux, Initial residual = 0.00225625, Final residual = 1.51532e-06, No Iterations 2
DILUPBiCG:  Solving for Uy, Initial residual = 0.000368548, Final residual = 5.34051e-06, No Iterations 1
DILUPBiCG:  Solving for Uz, Initial residual = 0.010296, Final residual = 2.36726e-06, No Iterations 2
GAMG:  Solving for p, Initial residual = 0.0454169, Final residual = 0.000335684, No Iterations 5
GAMG:  Solving for p, Initial residual = 0.0100721, Final residual = 9.52591e-05, No Iterations 13
GAMG:  Solving for p, Initial residual = 0.00449133, Final residual = 4.05769e-05, No Iterations 12
time step continuity errors : sum local = 3.37934e-07, global = -1.01587e-07, cumulative = 4.36706e-07
GAMG:  Solving for p, Initial residual = 0.00302159, Final residual = 2.90052e-05, No Iterations 14
GAMG:  Solving for p, Initial residual = 0.00174364, Final residual = 1.45838e-05, No Iterations 4
GAMG:  Solving for p, Initial residual = 0.000625586, Final residual = 9.46202e-07, No Iterations 36
time step continuity errors : sum local = 7.89229e-09, global = 2.33019e-09, cumulative = 4.39036e-07
DILUPBiCG:  Solving for omega, Initial residual = 0.00165208, Final residual = 2.49298e-06, No Iterations 1
DILUPBiCG:  Solving for k, Initial residual = 0.00545666, Final residual = 1.2455e-06, No Iterations 2
ExecutionTime = 14.67 s  ClockTime = 15 s

End

