/*---------------------------------------------------------------------------*\
| =========                 |                                                 |
| \\      /  F ield         | OpenFOAM: The Open Source CFD Toolbox           |
|  \\    /   O peration     | Version:  2.3.1                                 |
|   \\  /    A nd           | Web:      www.OpenFOAM.org                      |
|    \\/     M anipulation  |                                                 |
\*---------------------------------------------------------------------------*/
Build  : 2.3.1-262087cdf8db
Exec   : pimpleDyMFoam
Date   : Jun 06 2023
Time   : 11:13:52
Host   : "jcosson-VirtualBox"
PID    : 12823
Case   : /home/jcosson/workspace/henersj_shootingdata/calcs/moderate_deformed/primal/28_intervals_05-06-23/sweep21/interval22
nProcs : 1
sigFpe : Enabling floating point exception trapping (FOAM_SIGFPE).
fileModificationChecking : Monitoring run-time modified files using timeStampMaster
allowSystemOperations : Allowing user-supplied system call operations

// * * * * * * * * * * * * * * * * * * * * * * * * * * * * * * * * * * * * * //
Create time

Create mesh for time = 0.475

Selecting dynamicFvMesh dynamicMotionSolverFvMesh
Selecting motion solver: displacementLaplacian
Selecting motion diffusion: quadratic
Selecting motion diffusion: quadratic
Selecting motion diffusion: inverseDistance

PIMPLE: no residual control data found. Calculations will employ 3 corrector loops

Reading field p

Reading field U

Reading/calculating face flux field phi

Selecting incompressible transport model Newtonian
Selecting turbulence model type RASModel
Selecting RAS turbulence model kOmegaSST
kOmegaSSTCoeffs
{
    alphaK1         0.85034;
    alphaK2         1;
    alphaOmega1     0.5;
    alphaOmega2     0.85616;
    gamma1          0.5532;
    gamma2          0.4403;
    beta1           0.075;
    beta2           0.0828;
    betaStar        0.09;
    a1              0.31;
    c1              10;
    Cmu             0.09;
    b1              1;
    F3              false;
}

Reading/calculating face velocity Uf

No finite volume options present

Courant Number mean: 0.188988 max: 0.418092

Starting time loop

Courant Number mean: 0.188988 max: 0.418092
Time = 0.476

GAMG:  Solving for cellDisplacementx, Initial residual = 0, Final residual = 0, No Iterations 0
GAMG:  Solving for cellDisplacementy, Initial residual = 0, Final residual = 0, No Iterations 0
GAMG:  Solving for cellDisplacementz, Initial residual = 0, Final residual = 0, No Iterations 0
PIMPLE: iteration 1
DILUPBiCG:  Solving for Ux, Initial residual = 0.0588402, Final residual = 0.000239945, No Iterations 1
DILUPBiCG:  Solving for Uy, Initial residual = 0.00994831, Final residual = 2.2651e-05, No Iterations 1
DILUPBiCG:  Solving for Uz, Initial residual = 0.0118187, Final residual = 2.36638e-05, No Iterations 1
GAMG:  Solving for p, Initial residual = 0.123682, Final residual = 0.000896331, No Iterations 6
GAMG:  Solving for p, Initial residual = 0.014386, Final residual = 0.000136438, No Iterations 18
GAMG:  Solving for p, Initial residual = 0.00638831, Final residual = 5.43525e-05, No Iterations 12
time step continuity errors : sum local = 8.3678e-07, global = 2.52141e-07, cumulative = 2.52141e-07
GAMG:  Solving for p, Initial residual = 0.0530464, Final residual = 0.000505435, No Iterations 4
GAMG:  Solving for p, Initial residual = 0.00729255, Final residual = 6.8541e-05, No Iterations 18
GAMG:  Solving for p, Initial residual = 0.00341357, Final residual = 3.35514e-05, No Iterations 10
time step continuity errors : sum local = 5.17193e-07, global = 1.39069e-07, cumulative = 3.9121e-07
PIMPLE: iteration 2
DILUPBiCG:  Solving for Ux, Initial residual = 0.0166757, Final residual = 9.90787e-05, No Iterations 1
DILUPBiCG:  Solving for Uy, Initial residual = 0.00297162, Final residual = 6.65958e-06, No Iterations 1
DILUPBiCG:  Solving for Uz, Initial residual = 0.00341539, Final residual = 1.19082e-05, No Iterations 1
GAMG:  Solving for p, Initial residual = 0.0530692, Final residual = 0.000475862, No Iterations 4
GAMG:  Solving for p, Initial residual = 0.00878379, Final residual = 8.48427e-05, No Iterations 16
GAMG:  Solving for p, Initial residual = 0.00393357, Final residual = 3.57095e-05, No Iterations 10
time step continuity errors : sum local = 4.71566e-07, global = -1.2689e-07, cumulative = 2.64321e-07
GAMG:  Solving for p, Initial residual = 0.0273559, Final residual = 0.000209462, No Iterations 4
GAMG:  Solving for p, Initial residual = 0.00439448, Final residual = 3.97063e-05, No Iterations 14
GAMG:  Solving for p, Initial residual = 0.00185753, Final residual = 1.73295e-05, No Iterations 10
time step continuity errors : sum local = 2.3002e-07, global = -6.03226e-08, cumulative = 2.03998e-07
PIMPLE: iteration 3
DILUPBiCG:  Solving for Ux, Initial residual = 0.00399883, Final residual = 2.33395e-06, No Iterations 2
DILUPBiCG:  Solving for Uy, Initial residual = 0.000716781, Final residual = 6.22116e-06, No Iterations 1
DILUPBiCG:  Solving for Uz, Initial residual = 0.00718389, Final residual = 3.37379e-06, No Iterations 2
GAMG:  Solving for p, Initial residual = 0.0405701, Final residual = 0.000362277, No Iterations 5
GAMG:  Solving for p, Initial residual = 0.00926481, Final residual = 8.18376e-05, No Iterations 9
GAMG:  Solving for p, Initial residual = 0.00432925, Final residual = 3.73084e-05, No Iterations 10
time step continuity errors : sum local = 5.5319e-07, global = -1.42093e-07, cumulative = 6.19051e-08
GAMG:  Solving for p, Initial residual = 0.00238602, Final residual = 2.10906e-05, No Iterations 18
GAMG:  Solving for p, Initial residual = 0.00131297, Final residual = 1.14826e-05, No Iterations 4
GAMG:  Solving for p, Initial residual = 0.000531006, Final residual = 9.37334e-07, No Iterations 32
time step continuity errors : sum local = 1.38243e-08, global = 4.07801e-09, cumulative = 6.59831e-08
DILUPBiCG:  Solving for omega, Initial residual = 0.000633201, Final residual = 6.29968e-07, No Iterations 1
DILUPBiCG:  Solving for k, Initial residual = 0.00423504, Final residual = 1.43472e-06, No Iterations 2
ExecutionTime = 8.83 s  ClockTime = 9 s

Courant Number mean: 0.183284 max: 0.40507
Time = 0.477

GAMG:  Solving for cellDisplacementx, Initial residual = 0, Final residual = 0, No Iterations 0
GAMG:  Solving for cellDisplacementy, Initial residual = 0, Final residual = 0, No Iterations 0
GAMG:  Solving for cellDisplacementz, Initial residual = 0, Final residual = 0, No Iterations 0
PIMPLE: iteration 1
DILUPBiCG:  Solving for Ux, Initial residual = 0.0603669, Final residual = 0.000245349, No Iterations 1
DILUPBiCG:  Solving for Uy, Initial residual = 0.0102753, Final residual = 2.31983e-05, No Iterations 1
DILUPBiCG:  Solving for Uz, Initial residual = 0.0103829, Final residual = 2.12107e-05, No Iterations 1
GAMG:  Solving for p, Initial residual = 0.114853, Final residual = 0.000871656, No Iterations 6
GAMG:  Solving for p, Initial residual = 0.0126043, Final residual = 0.000113493, No Iterations 20
GAMG:  Solving for p, Initial residual = 0.00570325, Final residual = 5.61809e-05, No Iterations 10
time step continuity errors : sum local = 8.69749e-07, global = 2.33106e-07, cumulative = 2.99089e-07
GAMG:  Solving for p, Initial residual = 0.0493782, Final residual = 0.000490965, No Iterations 4
GAMG:  Solving for p, Initial residual = 0.00641827, Final residual = 5.67135e-05, No Iterations 20
GAMG:  Solving for p, Initial residual = 0.00306771, Final residual = 2.79422e-05, No Iterations 10
time step continuity errors : sum local = 4.32914e-07, global = 1.15079e-07, cumulative = 4.14168e-07
PIMPLE: iteration 2
DILUPBiCG:  Solving for Ux, Initial residual = 0.0169934, Final residual = 0.000101688, No Iterations 1
DILUPBiCG:  Solving for Uy, Initial residual = 0.0030528, Final residual = 6.79656e-06, No Iterations 1
DILUPBiCG:  Solving for Uz, Initial residual = 0.00331401, Final residual = 1.18016e-05, No Iterations 1
GAMG:  Solving for p, Initial residual = 0.0488608, Final residual = 0.000475484, No Iterations 4
GAMG:  Solving for p, Initial residual = 0.00775661, Final residual = 7.17978e-05, No Iterations 18
GAMG:  Solving for p, Initial residual = 0.00352434, Final residual = 3.33072e-05, No Iterations 8
time step continuity errors : sum local = 4.41928e-07, global = -1.35239e-07, cumulative = 2.78929e-07
GAMG:  Solving for p, Initial residual = 0.0252248, Final residual = 0.000210545, No Iterations 4
GAMG:  Solving for p, Initial residual = 0.00387062, Final residual = 3.32813e-05, No Iterations 16
GAMG:  Solving for p, Initial residual = 0.00162483, Final residual = 1.62444e-05, No Iterations 8
time step continuity errors : sum local = 2.16697e-07, global = -6.0148e-08, cumulative = 2.18781e-07
PIMPLE: iteration 3
DILUPBiCG:  Solving for Ux, Initial residual = 0.00403616, Final residual = 2.46183e-06, No Iterations 2
DILUPBiCG:  Solving for Uy, Initial residual = 0.000729919, Final residual = 6.0941e-06, No Iterations 1
DILUPBiCG:  Solving for Uz, Initial residual = 0.006974, Final residual = 3.72399e-06, No Iterations 2
GAMG:  Solving for p, Initial residual = 0.0401087, Final residual = 0.000342151, No Iterations 5
GAMG:  Solving for p, Initial residual = 0.00928991, Final residual = 9.05164e-05, No Iterations 7
GAMG:  Solving for p, Initial residual = 0.00425382, Final residual = 3.89531e-05, No Iterations 10
time step continuity errors : sum local = 5.80775e-07, global = -1.48468e-07, cumulative = 7.03135e-08
GAMG:  Solving for p, Initial residual = 0.00235121, Final residual = 2.30215e-05, No Iterations 16
GAMG:  Solving for p, Initial residual = 0.00129513, Final residual = 1.18969e-05, No Iterations 4
GAMG:  Solving for p, Initial residual = 0.000524243, Final residual = 9.92177e-07, No Iterations 32
time step continuity errors : sum local = 1.47084e-08, global = 4.33695e-09, cumulative = 7.46505e-08
DILUPBiCG:  Solving for omega, Initial residual = 0.000669241, Final residual = 6.44267e-07, No Iterations 1
DILUPBiCG:  Solving for k, Initial residual = 0.00416181, Final residual = 1.37133e-06, No Iterations 2
bounding k, min: 0 max: 0.000698381 average: 0.000160342
ExecutionTime = 18.27 s  ClockTime = 19 s

Courant Number mean: 0.177601 max: 0.392088
Time = 0.478

GAMG:  Solving for cellDisplacementx, Initial residual = 0, Final residual = 0, No Iterations 0
GAMG:  Solving for cellDisplacementy, Initial residual = 0, Final residual = 0, No Iterations 0
GAMG:  Solving for cellDisplacementz, Initial residual = 0, Final residual = 0, No Iterations 0
PIMPLE: iteration 1
DILUPBiCG:  Solving for Ux, Initial residual = 0.0616419, Final residual = 0.000249974, No Iterations 1
DILUPBiCG:  Solving for Uy, Initial residual = 0.0105898, Final residual = 2.37354e-05, No Iterations 1
DILUPBiCG:  Solving for Uz, Initial residual = 0.0103075, Final residual = 1.99744e-05, No Iterations 1
GAMG:  Solving for p, Initial residual = 0.114062, Final residual = 0.000853411, No Iterations 6
GAMG:  Solving for p, Initial residual = 0.0125647, Final residual = 0.000111583, No Iterations 20
GAMG:  Solving for p, Initial residual = 0.00574698, Final residual = 5.36534e-05, No Iterations 10
time step continuity errors : sum local = 8.30917e-07, global = 2.21208e-07, cumulative = 2.95859e-07
GAMG:  Solving for p, Initial residual = 0.0491851, Final residual = 0.000482433, No Iterations 4
GAMG:  Solving for p, Initial residual = 0.00638971, Final residual = 5.64313e-05, No Iterations 20
GAMG:  Solving for p, Initial residual = 0.00308657, Final residual = 2.69756e-05, No Iterations 10
time step continuity errors : sum local = 4.18334e-07, global = 1.10821e-07, cumulative = 4.0668e-07
PIMPLE: iteration 2
DILUPBiCG:  Solving for Ux, Initial residual = 0.0172527, Final residual = 0.000103919, No Iterations 1
DILUPBiCG:  Solving for Uy, Initial residual = 0.00312622, Final residual = 6.9171e-06, No Iterations 1
DILUPBiCG:  Solving for Uz, Initial residual = 0.00329932, Final residual = 1.17837e-05, No Iterations 1
GAMG:  Solving for p, Initial residual = 0.0485698, Final residual = 0.000478837, No Iterations 4
GAMG:  Solving for p, Initial residual = 0.00776148, Final residual = 7.32971e-05, No Iterations 18
GAMG:  Solving for p, Initial residual = 0.00351518, Final residual = 3.41569e-05, No Iterations 8
time step continuity errors : sum local = 4.54402e-07, global = -1.43982e-07, cumulative = 2.62697e-07
GAMG:  Solving for p, Initial residual = 0.025078, Final residual = 0.000212762, No Iterations 4
GAMG:  Solving for p, Initial residual = 0.00388144, Final residual = 3.42939e-05, No Iterations 16
GAMG:  Solving for p, Initial residual = 0.00163277, Final residual = 1.47816e-05, No Iterations 10
time step continuity errors : sum local = 1.977e-07, global = -5.37297e-08, cumulative = 2.08968e-07
PIMPLE: iteration 3
DILUPBiCG:  Solving for Ux, Initial residual = 0.00406904, Final residual = 2.58163e-06, No Iterations 2
DILUPBiCG:  Solving for Uy, Initial residual = 0.000743471, Final residual = 5.96271e-06, No Iterations 1
DILUPBiCG:  Solving for Uz, Initial residual = 0.00707081, Final residual = 3.47551e-06, No Iterations 2
GAMG:  Solving for p, Initial residual = 0.0403314, Final residual = 0.000336752, No Iterations 5
GAMG:  Solving for p, Initial residual = 0.00931485, Final residual = 9.02823e-05, No Iterations 7
GAMG:  Solving for p, Initial residual = 0.00427482, Final residual = 3.92164e-05, No Iterations 10
time step continuity errors : sum local = 5.86267e-07, global = -1.49877e-07, cumulative = 5.90905e-08
GAMG:  Solving for p, Initial residual = 0.00233324, Final residual = 2.15464e-05, No Iterations 16
GAMG:  Solving for p, Initial residual = 0.00129032, Final residual = 1.14009e-05, No Iterations 4
GAMG:  Solving for p, Initial residual = 0.000525302, Final residual = 9.57462e-07, No Iterations 30
time step continuity errors : sum local = 1.42286e-08, global = 4.22731e-09, cumulative = 6.33179e-08
DILUPBiCG:  Solving for omega, Initial residual = 0.000707225, Final residual = 6.58029e-07, No Iterations 1
DILUPBiCG:  Solving for k, Initial residual = 0.00409227, Final residual = 1.29894e-06, No Iterations 2
bounding k, min: 0 max: 0.00069153 average: 0.000159297
ExecutionTime = 25.37 s  ClockTime = 26 s

Courant Number mean: 0.171967 max: 0.379187
Time = 0.479

GAMG:  Solving for cellDisplacementx, Initial residual = 0, Final residual = 0, No Iterations 0
GAMG:  Solving for cellDisplacementy, Initial residual = 0, Final residual = 0, No Iterations 0
GAMG:  Solving for cellDisplacementz, Initial residual = 0, Final residual = 0, No Iterations 0
PIMPLE: iteration 1
DILUPBiCG:  Solving for Ux, Initial residual = 0.0627954, Final residual = 0.000253734, No Iterations 1
DILUPBiCG:  Solving for Uy, Initial residual = 0.0108887, Final residual = 2.42403e-05, No Iterations 1
DILUPBiCG:  Solving for Uz, Initial residual = 0.0103389, Final residual = 1.92158e-05, No Iterations 1
GAMG:  Solving for p, Initial residual = 0.113452, Final residual = 0.000824252, No Iterations 6
GAMG:  Solving for p, Initial residual = 0.0125761, Final residual = 0.000109198, No Iterations 20
GAMG:  Solving for p, Initial residual = 0.00573036, Final residual = 5.38138e-05, No Iterations 10
time step continuity errors : sum local = 8.30907e-07, global = 2.21415e-07, cumulative = 2.84733e-07
GAMG:  Solving for p, Initial residual = 0.0490669, Final residual = 0.000466472, No Iterations 4
GAMG:  Solving for p, Initial residual = 0.00638208, Final residual = 5.46666e-05, No Iterations 20
GAMG:  Solving for p, Initial residual = 0.00306551, Final residual = 2.68242e-05, No Iterations 10
time step continuity errors : sum local = 4.14752e-07, global = 1.10073e-07, cumulative = 3.94806e-07
PIMPLE: iteration 2
DILUPBiCG:  Solving for Ux, Initial residual = 0.0174484, Final residual = 0.000105779, No Iterations 1
DILUPBiCG:  Solving for Uy, Initial residual = 0.00318972, Final residual = 7.01329e-06, No Iterations 1
DILUPBiCG:  Solving for Uz, Initial residual = 0.00321521, Final residual = 1.16707e-05, No Iterations 1
GAMG:  Solving for p, Initial residual = 0.0483604, Final residual = 0.000475051, No Iterations 4
GAMG:  Solving for p, Initial residual = 0.00780489, Final residual = 7.13816e-05, No Iterations 18
GAMG:  Solving for p, Initial residual = 0.0035108, Final residual = 3.31758e-05, No Iterations 8
time step continuity errors : sum local = 4.40463e-07, global = -1.27831e-07, cumulative = 2.66975e-07
GAMG:  Solving for p, Initial residual = 0.0250119, Final residual = 0.000212109, No Iterations 4
GAMG:  Solving for p, Initial residual = 0.0039145, Final residual = 3.9117e-05, No Iterations 14
GAMG:  Solving for p, Initial residual = 0.00160616, Final residual = 1.43986e-05, No Iterations 12
time step continuity errors : sum local = 1.92212e-07, global = -5.42231e-08, cumulative = 2.12751e-07
PIMPLE: iteration 3
DILUPBiCG:  Solving for Ux, Initial residual = 0.00407553, Final residual = 2.70327e-06, No Iterations 2
DILUPBiCG:  Solving for Uy, Initial residual = 0.000753145, Final residual = 5.8312e-06, No Iterations 1
DILUPBiCG:  Solving for Uz, Initial residual = 0.00676563, Final residual = 3.8101e-06, No Iterations 2
GAMG:  Solving for p, Initial residual = 0.0405093, Final residual = 0.000356299, No Iterations 5
GAMG:  Solving for p, Initial residual = 0.00933129, Final residual = 8.02999e-05, No Iterations 5
GAMG:  Solving for p, Initial residual = 0.00435071, Final residual = 3.87334e-05, No Iterations 9
time step continuity errors : sum local = 5.77429e-07, global = -1.43685e-07, cumulative = 6.90667e-08
GAMG:  Solving for p, Initial residual = 0.00233244, Final residual = 2.14812e-05, No Iterations 16
GAMG:  Solving for p, Initial residual = 0.00128396, Final residual = 1.09986e-05, No Iterations 4
GAMG:  Solving for p, Initial residual = 0.000521245, Final residual = 9.4186e-07, No Iterations 28
time step continuity errors : sum local = 1.39631e-08, global = 4.15044e-09, cumulative = 7.32171e-08
DILUPBiCG:  Solving for omega, Initial residual = 0.000746152, Final residual = 6.71069e-07, No Iterations 1
DILUPBiCG:  Solving for k, Initial residual = 0.0040264, Final residual = 1.21929e-06, No Iterations 2
bounding k, min: 0 max: 0.000684139 average: 0.000158255
ExecutionTime = 29.82 s  ClockTime = 30 s

End

