/*---------------------------------------------------------------------------*\
| =========                 |                                                 |
| \\      /  F ield         | OpenFOAM: The Open Source CFD Toolbox           |
|  \\    /   O peration     | Version:  2.3.1                                 |
|   \\  /    A nd           | Web:      www.OpenFOAM.org                      |
|    \\/     M anipulation  |                                                 |
\*---------------------------------------------------------------------------*/
Build  : 2.3.1-262087cdf8db
Exec   : pimpleDyMFoam
Date   : Jun 06 2023
Time   : 11:13:52
Host   : "jcosson-VirtualBox"
PID    : 12828
Case   : /home/jcosson/workspace/henersj_shootingdata/calcs/moderate_deformed/primal/28_intervals_05-06-23/sweep21/interval25
nProcs : 1
sigFpe : Enabling floating point exception trapping (FOAM_SIGFPE).
fileModificationChecking : Monitoring run-time modified files using timeStampMaster
allowSystemOperations : Allowing user-supplied system call operations

// * * * * * * * * * * * * * * * * * * * * * * * * * * * * * * * * * * * * * //
Create time

Create mesh for time = 0.486

Selecting dynamicFvMesh dynamicMotionSolverFvMesh
Selecting motion solver: displacementLaplacian
Selecting motion diffusion: quadratic
Selecting motion diffusion: quadratic
Selecting motion diffusion: inverseDistance

PIMPLE: no residual control data found. Calculations will employ 3 corrector loops

Reading field p

Reading field U

Reading/calculating face flux field phi

Selecting incompressible transport model Newtonian
Selecting turbulence model type RASModel
Selecting RAS turbulence model kOmegaSST
bounding k, min: 0 max: 0.000632335 average: 0.000151875
kOmegaSSTCoeffs
{
    alphaK1         0.85034;
    alphaK2         1;
    alphaOmega1     0.5;
    alphaOmega2     0.85616;
    gamma1          0.5532;
    gamma2          0.4403;
    beta1           0.075;
    beta2           0.0828;
    betaStar        0.09;
    a1              0.31;
    c1              10;
    Cmu             0.09;
    b1              1;
    F3              false;
}

Reading/calculating face velocity Uf

No finite volume options present

Courant Number mean: 0.131168 max: 0.28498

Starting time loop

Courant Number mean: 0.131168 max: 0.28498
Time = 0.487

GAMG:  Solving for cellDisplacementx, Initial residual = 0, Final residual = 0, No Iterations 0
GAMG:  Solving for cellDisplacementy, Initial residual = 0, Final residual = 0, No Iterations 0
GAMG:  Solving for cellDisplacementz, Initial residual = 0, Final residual = 0, No Iterations 0
PIMPLE: iteration 1
DILUPBiCG:  Solving for Ux, Initial residual = 0.0614343, Final residual = 0.000242142, No Iterations 1
DILUPBiCG:  Solving for Uy, Initial residual = 0.0117972, Final residual = 2.48668e-05, No Iterations 1
DILUPBiCG:  Solving for Uz, Initial residual = 0.012501, Final residual = 1.3652e-05, No Iterations 1
GAMG:  Solving for p, Initial residual = 0.117178, Final residual = 0.000865612, No Iterations 4
GAMG:  Solving for p, Initial residual = 0.0150892, Final residual = 0.000132177, No Iterations 18
GAMG:  Solving for p, Initial residual = 0.00708537, Final residual = 6.08532e-05, No Iterations 4
time step continuity errors : sum local = 7.8355e-07, global = 2.79596e-07, cumulative = 2.79596e-07
GAMG:  Solving for p, Initial residual = 0.052205, Final residual = 0.000365913, No Iterations 4
GAMG:  Solving for p, Initial residual = 0.00749975, Final residual = 6.57727e-05, No Iterations 16
GAMG:  Solving for p, Initial residual = 0.00354969, Final residual = 3.38528e-05, No Iterations 4
time step continuity errors : sum local = 4.37991e-07, global = 1.54464e-07, cumulative = 4.3406e-07
PIMPLE: iteration 2
DILUPBiCG:  Solving for Ux, Initial residual = 0.0161823, Final residual = 0.000100258, No Iterations 1
DILUPBiCG:  Solving for Uy, Initial residual = 0.00322527, Final residual = 6.73343e-06, No Iterations 1
DILUPBiCG:  Solving for Uz, Initial residual = 0.00282908, Final residual = 9.53473e-06, No Iterations 1
GAMG:  Solving for p, Initial residual = 0.0514143, Final residual = 0.000482272, No Iterations 4
GAMG:  Solving for p, Initial residual = 0.00985166, Final residual = 8.57241e-05, No Iterations 16
GAMG:  Solving for p, Initial residual = 0.0043973, Final residual = 4.2547e-05, No Iterations 4
time step continuity errors : sum local = 4.77634e-07, global = -1.88391e-07, cumulative = 2.45669e-07
GAMG:  Solving for p, Initial residual = 0.0269291, Final residual = 0.000227805, No Iterations 4
GAMG:  Solving for p, Initial residual = 0.00520943, Final residual = 5.18331e-05, No Iterations 12
GAMG:  Solving for p, Initial residual = 0.00205911, Final residual = 2.01306e-05, No Iterations 10
time step continuity errors : sum local = 2.26736e-07, global = -5.67844e-08, cumulative = 1.88884e-07
PIMPLE: iteration 3
DILUPBiCG:  Solving for Ux, Initial residual = 0.00353494, Final residual = 3.0762e-06, No Iterations 2
DILUPBiCG:  Solving for Uy, Initial residual = 0.0007345, Final residual = 4.97675e-06, No Iterations 1
DILUPBiCG:  Solving for Uz, Initial residual = 0.00524832, Final residual = 2.75746e-06, No Iterations 2
GAMG:  Solving for p, Initial residual = 0.0439687, Final residual = 0.00032988, No Iterations 5
GAMG:  Solving for p, Initial residual = 0.00991396, Final residual = 9.23763e-05, No Iterations 14
GAMG:  Solving for p, Initial residual = 0.00499124, Final residual = 4.86457e-05, No Iterations 10
time step continuity errors : sum local = 6.12949e-07, global = -1.61453e-07, cumulative = 2.74318e-08
GAMG:  Solving for p, Initial residual = 0.0024439, Final residual = 1.98823e-05, No Iterations 8
GAMG:  Solving for p, Initial residual = 0.00129096, Final residual = 9.51801e-06, No Iterations 5
GAMG:  Solving for p, Initial residual = 0.000521182, Final residual = 9.36436e-07, No Iterations 28
time step continuity errors : sum local = 1.16774e-08, global = 3.51033e-09, cumulative = 3.09421e-08
DILUPBiCG:  Solving for omega, Initial residual = 0.00106512, Final residual = 7.22213e-07, No Iterations 1
DILUPBiCG:  Solving for k, Initial residual = 0.00354713, Final residual = 6.76185e-07, No Iterations 2
bounding k, min: 0 max: 0.000620861 average: 0.000150981
ExecutionTime = 9.61 s  ClockTime = 10 s

Courant Number mean: 0.126894 max: 0.275071
Time = 0.488

GAMG:  Solving for cellDisplacementx, Initial residual = 0, Final residual = 0, No Iterations 0
GAMG:  Solving for cellDisplacementy, Initial residual = 0, Final residual = 0, No Iterations 0
GAMG:  Solving for cellDisplacementz, Initial residual = 0, Final residual = 0, No Iterations 0
PIMPLE: iteration 1
DILUPBiCG:  Solving for Ux, Initial residual = 0.0597121, Final residual = 0.0002346, No Iterations 1
DILUPBiCG:  Solving for Uy, Initial residual = 0.0115696, Final residual = 2.42053e-05, No Iterations 1
DILUPBiCG:  Solving for Uz, Initial residual = 0.0116725, Final residual = 1.21266e-05, No Iterations 1
GAMG:  Solving for p, Initial residual = 0.107161, Final residual = 0.0008729, No Iterations 4
GAMG:  Solving for p, Initial residual = 0.0130025, Final residual = 0.000114102, No Iterations 20
GAMG:  Solving for p, Initial residual = 0.006507, Final residual = 5.26269e-05, No Iterations 4
time step continuity errors : sum local = 6.4755e-07, global = 2.27969e-07, cumulative = 2.58911e-07
GAMG:  Solving for p, Initial residual = 0.0479366, Final residual = 0.000359233, No Iterations 4
GAMG:  Solving for p, Initial residual = 0.0064974, Final residual = 5.75666e-05, No Iterations 18
GAMG:  Solving for p, Initial residual = 0.00325427, Final residual = 2.70513e-05, No Iterations 4
time step continuity errors : sum local = 3.34358e-07, global = 1.19334e-07, cumulative = 3.78246e-07
PIMPLE: iteration 2
DILUPBiCG:  Solving for Ux, Initial residual = 0.0156068, Final residual = 9.66698e-05, No Iterations 1
DILUPBiCG:  Solving for Uy, Initial residual = 0.0031514, Final residual = 6.54968e-06, No Iterations 1
DILUPBiCG:  Solving for Uz, Initial residual = 0.00287302, Final residual = 9.22755e-06, No Iterations 1
GAMG:  Solving for p, Initial residual = 0.0463136, Final residual = 0.000307531, No Iterations 6
GAMG:  Solving for p, Initial residual = 0.00875195, Final residual = 7.56348e-05, No Iterations 16
GAMG:  Solving for p, Initial residual = 0.00342693, Final residual = 3.13274e-05, No Iterations 10
time step continuity errors : sum local = 3.36462e-07, global = -8.75764e-08, cumulative = 2.90669e-07
GAMG:  Solving for p, Initial residual = 0.0241371, Final residual = 0.000222997, No Iterations 4
GAMG:  Solving for p, Initial residual = 0.00440538, Final residual = 4.25101e-05, No Iterations 14
GAMG:  Solving for p, Initial residual = 0.00176062, Final residual = 1.73006e-05, No Iterations 10
time step continuity errors : sum local = 1.86624e-07, global = -4.73264e-08, cumulative = 2.43343e-07
PIMPLE: iteration 3
DILUPBiCG:  Solving for Ux, Initial residual = 0.00336182, Final residual = 3.04229e-06, No Iterations 2
DILUPBiCG:  Solving for Uy, Initial residual = 0.00072265, Final residual = 4.96568e-06, No Iterations 1
DILUPBiCG:  Solving for Uz, Initial residual = 0.00542768, Final residual = 2.79433e-06, No Iterations 2
GAMG:  Solving for p, Initial residual = 0.0441053, Final residual = 0.00032503, No Iterations 5
GAMG:  Solving for p, Initial residual = 0.00986563, Final residual = 9.173e-05, No Iterations 14
GAMG:  Solving for p, Initial residual = 0.00504881, Final residual = 4.73593e-05, No Iterations 10
time step continuity errors : sum local = 5.70576e-07, global = -1.50648e-07, cumulative = 9.26947e-08
GAMG:  Solving for p, Initial residual = 0.00244996, Final residual = 1.91268e-05, No Iterations 8
GAMG:  Solving for p, Initial residual = 0.00132284, Final residual = 1.00309e-05, No Iterations 5
GAMG:  Solving for p, Initial residual = 0.000547333, Final residual = 9.46122e-07, No Iterations 28
time step continuity errors : sum local = 1.12734e-08, global = 3.39795e-09, cumulative = 9.60927e-08
DILUPBiCG:  Solving for omega, Initial residual = 0.00109916, Final residual = 7.18512e-07, No Iterations 1
DILUPBiCG:  Solving for k, Initial residual = 0.00348763, Final residual = 6.81665e-07, No Iterations 2
bounding k, min: 0 max: 0.000608729 average: 0.000150114
ExecutionTime = 17.41 s  ClockTime = 18 s

Courant Number mean: 0.122873 max: 0.265738
Time = 0.489

GAMG:  Solving for cellDisplacementx, Initial residual = 0, Final residual = 0, No Iterations 0
GAMG:  Solving for cellDisplacementy, Initial residual = 0, Final residual = 0, No Iterations 0
GAMG:  Solving for cellDisplacementz, Initial residual = 0, Final residual = 0, No Iterations 0
PIMPLE: iteration 1
DILUPBiCG:  Solving for Ux, Initial residual = 0.0574645, Final residual = 0.000225679, No Iterations 1
DILUPBiCG:  Solving for Uy, Initial residual = 0.011353, Final residual = 2.36818e-05, No Iterations 1
DILUPBiCG:  Solving for Uz, Initial residual = 0.0121721, Final residual = 1.17365e-05, No Iterations 1
GAMG:  Solving for p, Initial residual = 0.107006, Final residual = 0.000762367, No Iterations 4
GAMG:  Solving for p, Initial residual = 0.0129986, Final residual = 0.000127484, No Iterations 18
GAMG:  Solving for p, Initial residual = 0.00653271, Final residual = 5.50524e-05, No Iterations 4
time step continuity errors : sum local = 6.42891e-07, global = 2.21285e-07, cumulative = 3.17378e-07
GAMG:  Solving for p, Initial residual = 0.0480729, Final residual = 0.000321571, No Iterations 4
GAMG:  Solving for p, Initial residual = 0.00645377, Final residual = 6.41038e-05, No Iterations 16
GAMG:  Solving for p, Initial residual = 0.00325078, Final residual = 2.85882e-05, No Iterations 4
time step continuity errors : sum local = 3.35568e-07, global = 1.1268e-07, cumulative = 4.30058e-07
PIMPLE: iteration 2
DILUPBiCG:  Solving for Ux, Initial residual = 0.0149321, Final residual = 9.24682e-05, No Iterations 1
DILUPBiCG:  Solving for Uy, Initial residual = 0.0030458, Final residual = 6.30103e-06, No Iterations 1
DILUPBiCG:  Solving for Uz, Initial residual = 0.0027297, Final residual = 8.74844e-06, No Iterations 1
GAMG:  Solving for p, Initial residual = 0.0464017, Final residual = 0.000295993, No Iterations 6
GAMG:  Solving for p, Initial residual = 0.00929701, Final residual = 9.24056e-05, No Iterations 14
GAMG:  Solving for p, Initial residual = 0.00383942, Final residual = 3.77261e-05, No Iterations 8
time step continuity errors : sum local = 3.84593e-07, global = -7.97168e-08, cumulative = 3.50341e-07
GAMG:  Solving for p, Initial residual = 0.0245049, Final residual = 0.000229471, No Iterations 4
GAMG:  Solving for p, Initial residual = 0.00501482, Final residual = 4.48071e-05, No Iterations 14
GAMG:  Solving for p, Initial residual = 0.0019581, Final residual = 1.8458e-05, No Iterations 4
time step continuity errors : sum local = 1.88638e-07, global = -7.24773e-08, cumulative = 2.77864e-07
PIMPLE: iteration 3
DILUPBiCG:  Solving for Ux, Initial residual = 0.00319676, Final residual = 2.94327e-06, No Iterations 2
DILUPBiCG:  Solving for Uy, Initial residual = 0.000688184, Final residual = 4.92545e-06, No Iterations 1
DILUPBiCG:  Solving for Uz, Initial residual = 0.00475735, Final residual = 2.3305e-06, No Iterations 2
GAMG:  Solving for p, Initial residual = 0.0443733, Final residual = 0.000340109, No Iterations 5
GAMG:  Solving for p, Initial residual = 0.0101101, Final residual = 9.62853e-05, No Iterations 14
GAMG:  Solving for p, Initial residual = 0.00515053, Final residual = 5.06695e-05, No Iterations 10
time step continuity errors : sum local = 5.79319e-07, global = -1.53275e-07, cumulative = 1.24589e-07
GAMG:  Solving for p, Initial residual = 0.00246107, Final residual = 1.9877e-05, No Iterations 8
GAMG:  Solving for p, Initial residual = 0.00128721, Final residual = 9.31437e-06, No Iterations 5
GAMG:  Solving for p, Initial residual = 0.000511986, Final residual = 9.0079e-07, No Iterations 28
time step continuity errors : sum local = 1.0185e-08, global = 3.0665e-09, cumulative = 1.27655e-07
DILUPBiCG:  Solving for omega, Initial residual = 0.00113077, Final residual = 7.13729e-07, No Iterations 1
DILUPBiCG:  Solving for k, Initial residual = 0.0034285, Final residual = 6.82882e-07, No Iterations 2
bounding k, min: 0 max: 0.000595714 average: 0.000149275
ExecutionTime = 24.54 s  ClockTime = 25 s

End

