/*---------------------------------------------------------------------------*\
| =========                 |                                                 |
| \\      /  F ield         | OpenFOAM: The Open Source CFD Toolbox           |
|  \\    /   O peration     | Version:  2.3.1                                 |
|   \\  /    A nd           | Web:      www.OpenFOAM.org                      |
|    \\/     M anipulation  |                                                 |
\*---------------------------------------------------------------------------*/
Build  : 2.3.1-262087cdf8db
Exec   : pimpleDyMFoam
Date   : Jun 06 2023
Time   : 01:42:28
Host   : "jcosson-VirtualBox"
PID    : 8969
Case   : /home/jcosson/workspace/henersj_shootingdata/calcs/moderate_deformed/primal/100_intervals_05-06-23/sweep42/interval51
nProcs : 1
sigFpe : Enabling floating point exception trapping (FOAM_SIGFPE).
fileModificationChecking : Monitoring run-time modified files using timeStampMaster
allowSystemOperations : Allowing user-supplied system call operations

// * * * * * * * * * * * * * * * * * * * * * * * * * * * * * * * * * * * * * //
Create time

Create mesh for time = 0.45

Selecting dynamicFvMesh dynamicMotionSolverFvMesh
Selecting motion solver: displacementLaplacian
Selecting motion diffusion: quadratic
Selecting motion diffusion: quadratic
Selecting motion diffusion: inverseDistance

PIMPLE: no residual control data found. Calculations will employ 3 corrector loops

Reading field p

Reading field U

Reading/calculating face flux field phi

Selecting incompressible transport model Newtonian
Selecting turbulence model type RASModel
Selecting RAS turbulence model kOmegaSST
kOmegaSSTCoeffs
{
    alphaK1         0.85034;
    alphaK2         1;
    alphaOmega1     0.5;
    alphaOmega2     0.85616;
    gamma1          0.5532;
    gamma2          0.4403;
    beta1           0.075;
    beta2           0.0828;
    betaStar        0.09;
    a1              0.31;
    c1              10;
    Cmu             0.09;
    b1              1;
    F3              false;
}

Reading/calculating face velocity Uf

No finite volume options present

Courant Number mean: 0.28002 max: 0.620778

Starting time loop

Courant Number mean: 0.28002 max: 0.620778
Time = 0.451

GAMG:  Solving for cellDisplacementx, Initial residual = 0, Final residual = 0, No Iterations 0
GAMG:  Solving for cellDisplacementy, Initial residual = 0, Final residual = 0, No Iterations 0
GAMG:  Solving for cellDisplacementz, Initial residual = 0, Final residual = 0, No Iterations 0
PIMPLE: iteration 1
DILUPBiCG:  Solving for Ux, Initial residual = 0.00173238, Final residual = 3.01053e-05, No Iterations 1
DILUPBiCG:  Solving for Uy, Initial residual = 0.000397202, Final residual = 7.81507e-06, No Iterations 1
DILUPBiCG:  Solving for Uz, Initial residual = 0.012101, Final residual = 2.86323e-05, No Iterations 1
GAMG:  Solving for p, Initial residual = 0.205916, Final residual = 0.00137875, No Iterations 4
GAMG:  Solving for p, Initial residual = 0.0433961, Final residual = 0.00038811, No Iterations 20
GAMG:  Solving for p, Initial residual = 0.0310235, Final residual = 0.000301979, No Iterations 4
time step continuity errors : sum local = 6.2288e-07, global = 1.39455e-07, cumulative = 1.39455e-07
GAMG:  Solving for p, Initial residual = 0.122008, Final residual = 0.000738909, No Iterations 4
GAMG:  Solving for p, Initial residual = 0.0213711, Final residual = 0.000202152, No Iterations 18
GAMG:  Solving for p, Initial residual = 0.01468, Final residual = 0.000141196, No Iterations 4
time step continuity errors : sum local = 2.88809e-07, global = 7.102e-08, cumulative = 2.10475e-07
PIMPLE: iteration 2
DILUPBiCG:  Solving for Ux, Initial residual = 0.000180037, Final residual = 2.0591e-06, No Iterations 1
DILUPBiCG:  Solving for Uy, Initial residual = 6.87648e-05, Final residual = 1.91135e-07, No Iterations 1
DILUPBiCG:  Solving for Uz, Initial residual = 0.0036533, Final residual = 1.08868e-05, No Iterations 1
GAMG:  Solving for p, Initial residual = 0.124328, Final residual = 0.000709116, No Iterations 4
GAMG:  Solving for p, Initial residual = 0.0219455, Final residual = 0.000197286, No Iterations 18
GAMG:  Solving for p, Initial residual = 0.0144513, Final residual = 0.000138979, No Iterations 4
time step continuity errors : sum local = 2.77898e-07, global = 6.69318e-08, cumulative = 2.77407e-07
GAMG:  Solving for p, Initial residual = 0.0608204, Final residual = 0.000328836, No Iterations 4
GAMG:  Solving for p, Initial residual = 0.0114558, Final residual = 0.000104331, No Iterations 14
GAMG:  Solving for p, Initial residual = 0.00653556, Final residual = 5.84418e-05, No Iterations 4
time step continuity errors : sum local = 1.1639e-07, global = 3.94857e-08, cumulative = 3.16892e-07
PIMPLE: iteration 3
DILUPBiCG:  Solving for Ux, Initial residual = 0.000284204, Final residual = 2.24097e-06, No Iterations 1
DILUPBiCG:  Solving for Uy, Initial residual = 6.10258e-05, Final residual = 6.56438e-07, No Iterations 1
DILUPBiCG:  Solving for Uz, Initial residual = 0.0014776, Final residual = 7.87974e-06, No Iterations 1
GAMG:  Solving for p, Initial residual = 0.125611, Final residual = 0.000422535, No Iterations 4
GAMG:  Solving for p, Initial residual = 0.0267449, Final residual = 0.000232122, No Iterations 4
GAMG:  Solving for p, Initial residual = 0.0110524, Final residual = 9.07782e-05, No Iterations 10
time step continuity errors : sum local = 1.68095e-07, global = 4.48106e-08, cumulative = 3.61703e-07
GAMG:  Solving for p, Initial residual = 0.00956763, Final residual = 3.38131e-05, No Iterations 5
GAMG:  Solving for p, Initial residual = 0.00470408, Final residual = 2.4772e-05, No Iterations 4
GAMG:  Solving for p, Initial residual = 0.00156852, Final residual = 8.90467e-07, No Iterations 12
time step continuity errors : sum local = 1.66232e-09, global = 5.32099e-10, cumulative = 3.62235e-07
DILUPBiCG:  Solving for omega, Initial residual = 0.00104305, Final residual = 1.46469e-06, No Iterations 1
DILUPBiCG:  Solving for k, Initial residual = 0.00521406, Final residual = 9.32744e-07, No Iterations 2
ExecutionTime = 15.48 s  ClockTime = 16 s

End

