/*---------------------------------------------------------------------------*\
| =========                 |                                                 |
| \\      /  F ield         | OpenFOAM: The Open Source CFD Toolbox           |
|  \\    /   O peration     | Version:  2.3.1                                 |
|   \\  /    A nd           | Web:      www.OpenFOAM.org                      |
|    \\/     M anipulation  |                                                 |
\*---------------------------------------------------------------------------*/
Build  : 2.3.1-262087cdf8db
Exec   : pimpleDyMFoam
Date   : Jun 06 2023
Time   : 01:43:03
Host   : "jcosson-VirtualBox"
PID    : 9031
Case   : /home/jcosson/workspace/henersj_shootingdata/calcs/moderate_deformed/primal/100_intervals_05-06-23/sweep42/interval82
nProcs : 1
sigFpe : Enabling floating point exception trapping (FOAM_SIGFPE).
fileModificationChecking : Monitoring run-time modified files using timeStampMaster
allowSystemOperations : Allowing user-supplied system call operations

// * * * * * * * * * * * * * * * * * * * * * * * * * * * * * * * * * * * * * //
Create time

Create mesh for time = 0.481

Selecting dynamicFvMesh dynamicMotionSolverFvMesh
Selecting motion solver: displacementLaplacian
Selecting motion diffusion: quadratic
Selecting motion diffusion: quadratic
Selecting motion diffusion: inverseDistance

PIMPLE: no residual control data found. Calculations will employ 3 corrector loops

Reading field p

Reading field U

Reading/calculating face flux field phi

Selecting incompressible transport model Newtonian
Selecting turbulence model type RASModel
Selecting RAS turbulence model kOmegaSST
bounding k, min: 0 max: 0.000730351 average: 0.000159949
kOmegaSSTCoeffs
{
    alphaK1         0.85034;
    alphaK2         1;
    alphaOmega1     0.5;
    alphaOmega2     0.85616;
    gamma1          0.5532;
    gamma2          0.4403;
    beta1           0.075;
    beta2           0.0828;
    betaStar        0.09;
    a1              0.31;
    c1              10;
    Cmu             0.09;
    b1              1;
    F3              false;
}

Reading/calculating face velocity Uf

No finite volume options present

Courant Number mean: 0.155881 max: 0.345403

Starting time loop

Courant Number mean: 0.155881 max: 0.345403
Time = 0.482

GAMG:  Solving for cellDisplacementx, Initial residual = 0, Final residual = 0, No Iterations 0
GAMG:  Solving for cellDisplacementy, Initial residual = 0, Final residual = 0, No Iterations 0
GAMG:  Solving for cellDisplacementz, Initial residual = 0, Final residual = 0, No Iterations 0
PIMPLE: iteration 1
DILUPBiCG:  Solving for Ux, Initial residual = 0.0644081, Final residual = 0.000250405, No Iterations 1
DILUPBiCG:  Solving for Uy, Initial residual = 0.0115815, Final residual = 2.43763e-05, No Iterations 1
DILUPBiCG:  Solving for Uz, Initial residual = 0.010592, Final residual = 1.72981e-05, No Iterations 1
GAMG:  Solving for p, Initial residual = 0.119537, Final residual = 0.00111774, No Iterations 4
GAMG:  Solving for p, Initial residual = 0.0147269, Final residual = 0.000125569, No Iterations 20
GAMG:  Solving for p, Initial residual = 0.00684279, Final residual = 5.90753e-05, No Iterations 10
time step continuity errors : sum local = 8.76672e-07, global = 2.32075e-07, cumulative = 2.32075e-07
GAMG:  Solving for p, Initial residual = 0.0522578, Final residual = 0.000437196, No Iterations 4
GAMG:  Solving for p, Initial residual = 0.0073796, Final residual = 7.13514e-05, No Iterations 16
GAMG:  Solving for p, Initial residual = 0.00345552, Final residual = 2.91625e-05, No Iterations 12
time step continuity errors : sum local = 4.33708e-07, global = 1.29749e-07, cumulative = 3.61824e-07
PIMPLE: iteration 2
DILUPBiCG:  Solving for Ux, Initial residual = 0.0175237, Final residual = 0.000103891, No Iterations 1
DILUPBiCG:  Solving for Uy, Initial residual = 0.00331039, Final residual = 6.87035e-06, No Iterations 1
DILUPBiCG:  Solving for Uz, Initial residual = 0.00279726, Final residual = 1.04929e-05, No Iterations 1
GAMG:  Solving for p, Initial residual = 0.0518307, Final residual = 0.000479488, No Iterations 4
GAMG:  Solving for p, Initial residual = 0.00906303, Final residual = 8.3821e-05, No Iterations 16
GAMG:  Solving for p, Initial residual = 0.00400484, Final residual = 3.57209e-05, No Iterations 10
time step continuity errors : sum local = 4.58879e-07, global = -1.18947e-07, cumulative = 2.42877e-07
GAMG:  Solving for p, Initial residual = 0.0268548, Final residual = 0.000216308, No Iterations 4
GAMG:  Solving for p, Initial residual = 0.00458603, Final residual = 4.02488e-05, No Iterations 14
GAMG:  Solving for p, Initial residual = 0.00190117, Final residual = 1.7548e-05, No Iterations 10
time step continuity errors : sum local = 2.26421e-07, global = -5.78292e-08, cumulative = 1.85048e-07
PIMPLE: iteration 3
DILUPBiCG:  Solving for Ux, Initial residual = 0.00399551, Final residual = 3.04105e-06, No Iterations 2
DILUPBiCG:  Solving for Uy, Initial residual = 0.000773153, Final residual = 5.29673e-06, No Iterations 1
DILUPBiCG:  Solving for Uz, Initial residual = 0.00607698, Final residual = 4.10937e-06, No Iterations 2
GAMG:  Solving for p, Initial residual = 0.041922, Final residual = 0.00035155, No Iterations 5
GAMG:  Solving for p, Initial residual = 0.00952983, Final residual = 8.85915e-05, No Iterations 12
GAMG:  Solving for p, Initial residual = 0.00460139, Final residual = 4.33708e-05, No Iterations 10
time step continuity errors : sum local = 6.25867e-07, global = -1.62909e-07, cumulative = 2.21388e-08
GAMG:  Solving for p, Initial residual = 0.00239982, Final residual = 2.11764e-05, No Iterations 12
GAMG:  Solving for p, Initial residual = 0.0012949, Final residual = 1.21146e-05, No Iterations 4
GAMG:  Solving for p, Initial residual = 0.000533224, Final residual = 8.66693e-07, No Iterations 32
time step continuity errors : sum local = 1.23994e-08, global = 3.66529e-09, cumulative = 2.58041e-08
DILUPBiCG:  Solving for omega, Initial residual = 0.00091082, Final residual = 7.44745e-07, No Iterations 1
DILUPBiCG:  Solving for k, Initial residual = 0.00394097, Final residual = 7.06584e-07, No Iterations 2
bounding k, min: 0 max: 0.000718949 average: 0.000158881
ExecutionTime = 17.18 s  ClockTime = 18 s

End

