/*---------------------------------------------------------------------------*\
| =========                 |                                                 |
| \\      /  F ield         | OpenFOAM: The Open Source CFD Toolbox           |
|  \\    /   O peration     | Version:  2.3.1                                 |
|   \\  /    A nd           | Web:      www.OpenFOAM.org                      |
|    \\/     M anipulation  |                                                 |
\*---------------------------------------------------------------------------*/
Build  : 2.3.1-262087cdf8db
Exec   : pimpleDyMFoam
Date   : Jun 06 2023
Time   : 01:42:28
Host   : "jcosson-VirtualBox"
PID    : 8975
Case   : /home/jcosson/workspace/henersj_shootingdata/calcs/moderate_deformed/primal/100_intervals_05-06-23/sweep42/interval53
nProcs : 1
sigFpe : Enabling floating point exception trapping (FOAM_SIGFPE).
fileModificationChecking : Monitoring run-time modified files using timeStampMaster
allowSystemOperations : Allowing user-supplied system call operations

// * * * * * * * * * * * * * * * * * * * * * * * * * * * * * * * * * * * * * //
Create time

Create mesh for time = 0.452

Selecting dynamicFvMesh dynamicMotionSolverFvMesh
Selecting motion solver: displacementLaplacian
Selecting motion diffusion: quadratic
Selecting motion diffusion: quadratic
Selecting motion diffusion: inverseDistance

PIMPLE: no residual control data found. Calculations will employ 3 corrector loops

Reading field p

Reading field U

Reading/calculating face flux field phi

Selecting incompressible transport model Newtonian
Selecting turbulence model type RASModel
Selecting RAS turbulence model kOmegaSST
kOmegaSSTCoeffs
{
    alphaK1         0.85034;
    alphaK2         1;
    alphaOmega1     0.5;
    alphaOmega2     0.85616;
    gamma1          0.5532;
    gamma2          0.4403;
    beta1           0.075;
    beta2           0.0828;
    betaStar        0.09;
    a1              0.31;
    c1              10;
    Cmu             0.09;
    b1              1;
    F3              false;
}

Reading/calculating face velocity Uf

No finite volume options present

Courant Number mean: 0.279301 max: 0.619712

Starting time loop

Courant Number mean: 0.279301 max: 0.619712
Time = 0.453

GAMG:  Solving for cellDisplacementx, Initial residual = 0, Final residual = 0, No Iterations 0
GAMG:  Solving for cellDisplacementy, Initial residual = 0, Final residual = 0, No Iterations 0
GAMG:  Solving for cellDisplacementz, Initial residual = 0, Final residual = 0, No Iterations 0
PIMPLE: iteration 1
DILUPBiCG:  Solving for Ux, Initial residual = 0.00377792, Final residual = 1.51322e-05, No Iterations 1
DILUPBiCG:  Solving for Uy, Initial residual = 0.000729221, Final residual = 4.95238e-06, No Iterations 1
DILUPBiCG:  Solving for Uz, Initial residual = 0.0135974, Final residual = 3.34043e-05, No Iterations 1
GAMG:  Solving for p, Initial residual = 0.257292, Final residual = 0.00190507, No Iterations 6
GAMG:  Solving for p, Initial residual = 0.0389957, Final residual = 0.000340827, No Iterations 14
GAMG:  Solving for p, Initial residual = 0.0154107, Final residual = 0.000130759, No Iterations 12
time step continuity errors : sum local = 4.17201e-07, global = 1.24075e-07, cumulative = 1.24075e-07
GAMG:  Solving for p, Initial residual = 0.100892, Final residual = 0.000890036, No Iterations 4
GAMG:  Solving for p, Initial residual = 0.0198993, Final residual = 0.000179542, No Iterations 12
GAMG:  Solving for p, Initial residual = 0.00798201, Final residual = 6.67795e-05, No Iterations 12
time step continuity errors : sum local = 2.12325e-07, global = 6.29939e-08, cumulative = 1.87069e-07
PIMPLE: iteration 2
DILUPBiCG:  Solving for Ux, Initial residual = 0.00163967, Final residual = 1.35923e-05, No Iterations 1
DILUPBiCG:  Solving for Uy, Initial residual = 0.000300632, Final residual = 2.22508e-06, No Iterations 1
DILUPBiCG:  Solving for Uz, Initial residual = 0.00429407, Final residual = 1.30464e-05, No Iterations 1
GAMG:  Solving for p, Initial residual = 0.104358, Final residual = 0.000641253, No Iterations 3
GAMG:  Solving for p, Initial residual = 0.0196875, Final residual = 0.000190842, No Iterations 6
GAMG:  Solving for p, Initial residual = 0.00789085, Final residual = 5.72809e-05, No Iterations 5
time step continuity errors : sum local = 1.64013e-07, global = 4.65147e-08, cumulative = 2.33584e-07
GAMG:  Solving for p, Initial residual = 0.0495118, Final residual = 0.000266496, No Iterations 3
GAMG:  Solving for p, Initial residual = 0.00959005, Final residual = 8.8198e-05, No Iterations 5
GAMG:  Solving for p, Initial residual = 0.00397636, Final residual = 3.20025e-05, No Iterations 10
time step continuity errors : sum local = 9.20547e-08, global = 2.3215e-08, cumulative = 2.56799e-07
PIMPLE: iteration 3
DILUPBiCG:  Solving for Ux, Initial residual = 0.000663674, Final residual = 1.24086e-07, No Iterations 2
DILUPBiCG:  Solving for Uy, Initial residual = 0.000119145, Final residual = 1.94301e-06, No Iterations 1
DILUPBiCG:  Solving for Uz, Initial residual = 0.00141631, Final residual = 8.33134e-06, No Iterations 1
GAMG:  Solving for p, Initial residual = 0.0803339, Final residual = 0.000345294, No Iterations 4
GAMG:  Solving for p, Initial residual = 0.0176571, Final residual = 0.000145669, No Iterations 4
GAMG:  Solving for p, Initial residual = 0.00810803, Final residual = 7.57343e-05, No Iterations 4
time step continuity errors : sum local = 2.23468e-07, global = -3.88868e-08, cumulative = 2.17912e-07
GAMG:  Solving for p, Initial residual = 0.00587654, Final residual = 3.34381e-05, No Iterations 5
GAMG:  Solving for p, Initial residual = 0.00308324, Final residual = 2.5462e-05, No Iterations 4
GAMG:  Solving for p, Initial residual = 0.00109194, Final residual = 9.84761e-07, No Iterations 28
time step continuity errors : sum local = 2.88698e-09, global = 8.78599e-10, cumulative = 2.18791e-07
DILUPBiCG:  Solving for omega, Initial residual = 0.000960227, Final residual = 1.38316e-06, No Iterations 1
DILUPBiCG:  Solving for k, Initial residual = 0.00483704, Final residual = 1.1292e-06, No Iterations 2
ExecutionTime = 15.98 s  ClockTime = 16 s

End

