/*---------------------------------------------------------------------------*\
| =========                 |                                                 |
| \\      /  F ield         | OpenFOAM: The Open Source CFD Toolbox           |
|  \\    /   O peration     | Version:  2.3.1                                 |
|   \\  /    A nd           | Web:      www.OpenFOAM.org                      |
|    \\/     M anipulation  |                                                 |
\*---------------------------------------------------------------------------*/
Build  : 2.3.1-262087cdf8db
Exec   : pimpleDyMFoam
Date   : Jun 06 2023
Time   : 01:43:21
Host   : "jcosson-VirtualBox"
PID    : 9057
Case   : /home/jcosson/workspace/henersj_shootingdata/calcs/moderate_deformed/primal/100_intervals_05-06-23/sweep42/interval95
nProcs : 1
sigFpe : Enabling floating point exception trapping (FOAM_SIGFPE).
fileModificationChecking : Monitoring run-time modified files using timeStampMaster
allowSystemOperations : Allowing user-supplied system call operations

// * * * * * * * * * * * * * * * * * * * * * * * * * * * * * * * * * * * * * //
Create time

Create mesh for time = 0.494

Selecting dynamicFvMesh dynamicMotionSolverFvMesh
Selecting motion solver: displacementLaplacian
Selecting motion diffusion: quadratic
Selecting motion diffusion: quadratic
Selecting motion diffusion: inverseDistance

PIMPLE: no residual control data found. Calculations will employ 3 corrector loops

Reading field p

Reading field U

Reading/calculating face flux field phi

Selecting incompressible transport model Newtonian
Selecting turbulence model type RASModel
Selecting RAS turbulence model kOmegaSST
bounding k, min: 0 max: 0.000552469 average: 0.000150205
kOmegaSSTCoeffs
{
    alphaK1         0.85034;
    alphaK2         1;
    alphaOmega1     0.5;
    alphaOmega2     0.85616;
    gamma1          0.5532;
    gamma2          0.4403;
    beta1           0.075;
    beta2           0.0828;
    betaStar        0.09;
    a1              0.31;
    c1              10;
    Cmu             0.09;
    b1              1;
    F3              false;
}

Reading/calculating face velocity Uf

No finite volume options present

Courant Number mean: 0.105129 max: 0.242168

Starting time loop

Courant Number mean: 0.105129 max: 0.242168
Time = 0.495

GAMG:  Solving for cellDisplacementx, Initial residual = 0, Final residual = 0, No Iterations 0
GAMG:  Solving for cellDisplacementy, Initial residual = 0, Final residual = 0, No Iterations 0
GAMG:  Solving for cellDisplacementz, Initial residual = 0, Final residual = 0, No Iterations 0
PIMPLE: iteration 1
DILUPBiCG:  Solving for Ux, Initial residual = 0.0355979, Final residual = 0.000130888, No Iterations 1
DILUPBiCG:  Solving for Uy, Initial residual = 0.00758317, Final residual = 1.47741e-05, No Iterations 1
DILUPBiCG:  Solving for Uz, Initial residual = 0.00993533, Final residual = 9.85373e-06, No Iterations 1
GAMG:  Solving for p, Initial residual = 0.10559, Final residual = 0.00042219, No Iterations 4
GAMG:  Solving for p, Initial residual = 0.0148343, Final residual = 0.000148193, No Iterations 13
GAMG:  Solving for p, Initial residual = 0.00753024, Final residual = 6.97579e-05, No Iterations 7
time step continuity errors : sum local = 4.76202e-07, global = 1.43856e-07, cumulative = 1.43856e-07
GAMG:  Solving for p, Initial residual = 0.0495661, Final residual = 0.000193778, No Iterations 4
GAMG:  Solving for p, Initial residual = 0.00722525, Final residual = 6.99317e-05, No Iterations 12
GAMG:  Solving for p, Initial residual = 0.00374511, Final residual = 3.08278e-05, No Iterations 4
time step continuity errors : sum local = 2.11992e-07, global = 7.52682e-08, cumulative = 2.19124e-07
PIMPLE: iteration 2
DILUPBiCG:  Solving for Ux, Initial residual = 0.00864845, Final residual = 4.94475e-05, No Iterations 1
DILUPBiCG:  Solving for Uy, Initial residual = 0.00188936, Final residual = 3.70632e-06, No Iterations 1
DILUPBiCG:  Solving for Uz, Initial residual = 0.00274319, Final residual = 4.32113e-05, No Iterations 1
GAMG:  Solving for p, Initial residual = 0.0475105, Final residual = 0.000338958, No Iterations 6
GAMG:  Solving for p, Initial residual = 0.0131746, Final residual = 0.000113877, No Iterations 12
GAMG:  Solving for p, Initial residual = 0.0045638, Final residual = 4.15915e-05, No Iterations 12
time step continuity errors : sum local = 2.4986e-07, global = -7.28763e-08, cumulative = 1.46248e-07
GAMG:  Solving for p, Initial residual = 0.0254236, Final residual = 0.000251409, No Iterations 5
GAMG:  Solving for p, Initial residual = 0.00702351, Final residual = 5.86062e-05, No Iterations 6
GAMG:  Solving for p, Initial residual = 0.00226428, Final residual = 1.59174e-05, No Iterations 6
time step continuity errors : sum local = 9.56771e-08, global = 2.72613e-08, cumulative = 1.73509e-07
PIMPLE: iteration 3
DILUPBiCG:  Solving for Ux, Initial residual = 0.00156542, Final residual = 6.30228e-06, No Iterations 2
DILUPBiCG:  Solving for Uy, Initial residual = 0.000380491, Final residual = 1.00947e-07, No Iterations 2
DILUPBiCG:  Solving for Uz, Initial residual = 0.00297093, Final residual = 5.89451e-06, No Iterations 2
GAMG:  Solving for p, Initial residual = 0.0536618, Final residual = 0.000375605, No Iterations 5
GAMG:  Solving for p, Initial residual = 0.0117637, Final residual = 0.000114545, No Iterations 14
GAMG:  Solving for p, Initial residual = 0.00658282, Final residual = 6.08495e-05, No Iterations 10
time step continuity errors : sum local = 4.04784e-07, global = -1.11495e-07, cumulative = 6.20144e-08
GAMG:  Solving for p, Initial residual = 0.00288572, Final residual = 2.31919e-05, No Iterations 8
GAMG:  Solving for p, Initial residual = 0.00149488, Final residual = 1.48357e-05, No Iterations 4
GAMG:  Solving for p, Initial residual = 0.000605645, Final residual = 8.81522e-07, No Iterations 29
time step continuity errors : sum local = 5.77728e-09, global = 1.73392e-09, cumulative = 6.37484e-08
DILUPBiCG:  Solving for omega, Initial residual = 0.00133763, Final residual = 6.99185e-07, No Iterations 1
DILUPBiCG:  Solving for k, Initial residual = 0.00337688, Final residual = 6.43108e-07, No Iterations 2
bounding k, min: 0 max: 0.000541833 average: 0.000149401
ExecutionTime = 15.43 s  ClockTime = 15 s

End

