/*---------------------------------------------------------------------------*\
| =========                 |                                                 |
| \\      /  F ield         | OpenFOAM: The Open Source CFD Toolbox           |
|  \\    /   O peration     | Version:  2.3.1                                 |
|   \\  /    A nd           | Web:      www.OpenFOAM.org                      |
|    \\/     M anipulation  |                                                 |
\*---------------------------------------------------------------------------*/
Build  : 2.3.1-262087cdf8db
Exec   : pimpleDyMFoam
Date   : Jun 05 2023
Time   : 18:39:43
Host   : "jcosson-VirtualBox"
PID    : 21392
Case   : /home/jcosson/workspace/henersj_shootingdata/calcs/moderate_deformed/primal/56_intervals_05-06-23/sweep18/interval35
nProcs : 1
sigFpe : Enabling floating point exception trapping (FOAM_SIGFPE).
fileModificationChecking : Monitoring run-time modified files using timeStampMaster
allowSystemOperations : Allowing user-supplied system call operations

// * * * * * * * * * * * * * * * * * * * * * * * * * * * * * * * * * * * * * //
Create time

Create mesh for time = 0.461

Selecting dynamicFvMesh dynamicMotionSolverFvMesh
Selecting motion solver: displacementLaplacian
Selecting motion diffusion: quadratic
Selecting motion diffusion: quadratic
Selecting motion diffusion: inverseDistance

PIMPLE: no residual control data found. Calculations will employ 3 corrector loops

Reading field p

Reading field U

Reading/calculating face flux field phi

Selecting incompressible transport model Newtonian
Selecting turbulence model type RASModel
Selecting RAS turbulence model kOmegaSST
kOmegaSSTCoeffs
{
    alphaK1         0.85034;
    alphaK2         1;
    alphaOmega1     0.5;
    alphaOmega2     0.85616;
    gamma1          0.5532;
    gamma2          0.4403;
    beta1           0.075;
    beta2           0.0828;
    betaStar        0.09;
    a1              0.31;
    c1              10;
    Cmu             0.09;
    b1              1;
    F3              false;
}

Reading/calculating face velocity Uf

No finite volume options present

Courant Number mean: 0.258993 max: 0.573085

Starting time loop

Courant Number mean: 0.258993 max: 0.573085
Time = 0.462

GAMG:  Solving for cellDisplacementx, Initial residual = 0, Final residual = 0, No Iterations 0
GAMG:  Solving for cellDisplacementy, Initial residual = 0, Final residual = 0, No Iterations 0
GAMG:  Solving for cellDisplacementz, Initial residual = 0, Final residual = 0, No Iterations 0
PIMPLE: iteration 1
DILUPBiCG:  Solving for Ux, Initial residual = 0.0273461, Final residual = 0.000111652, No Iterations 1
DILUPBiCG:  Solving for Uy, Initial residual = 0.00435288, Final residual = 1.02225e-05, No Iterations 1
DILUPBiCG:  Solving for Uz, Initial residual = 0.0145772, Final residual = 3.77069e-05, No Iterations 1
GAMG:  Solving for p, Initial residual = 0.153868, Final residual = 0.00132317, No Iterations 6
GAMG:  Solving for p, Initial residual = 0.0188401, Final residual = 0.000179061, No Iterations 18
GAMG:  Solving for p, Initial residual = 0.00775235, Final residual = 6.99919e-05, No Iterations 12
time step continuity errors : sum local = 6.55183e-07, global = 1.97186e-07, cumulative = 1.97186e-07
GAMG:  Solving for p, Initial residual = 0.0625905, Final residual = 0.000423214, No Iterations 6
GAMG:  Solving for p, Initial residual = 0.00938842, Final residual = 8.4587e-05, No Iterations 16
GAMG:  Solving for p, Initial residual = 0.00403892, Final residual = 3.39623e-05, No Iterations 12
time step continuity errors : sum local = 3.16354e-07, global = 9.44608e-08, cumulative = 2.91647e-07
PIMPLE: iteration 2
DILUPBiCG:  Solving for Ux, Initial residual = 0.00855348, Final residual = 4.20235e-05, No Iterations 1
DILUPBiCG:  Solving for Uy, Initial residual = 0.00143021, Final residual = 3.89747e-06, No Iterations 1
DILUPBiCG:  Solving for Uz, Initial residual = 0.00399789, Final residual = 1.21232e-05, No Iterations 1
GAMG:  Solving for p, Initial residual = 0.0642764, Final residual = 0.000418245, No Iterations 4
GAMG:  Solving for p, Initial residual = 0.0106543, Final residual = 9.49466e-05, No Iterations 14
GAMG:  Solving for p, Initial residual = 0.00490221, Final residual = 4.33535e-05, No Iterations 8
time step continuity errors : sum local = 3.41405e-07, global = -1.07864e-07, cumulative = 1.83783e-07
GAMG:  Solving for p, Initial residual = 0.0324995, Final residual = 0.000176604, No Iterations 4
GAMG:  Solving for p, Initial residual = 0.00519153, Final residual = 4.36597e-05, No Iterations 12
GAMG:  Solving for p, Initial residual = 0.00232155, Final residual = 2.27513e-05, No Iterations 6
time step continuity errors : sum local = 1.80073e-07, global = -6.46075e-08, cumulative = 1.19175e-07
PIMPLE: iteration 3
DILUPBiCG:  Solving for Ux, Initial residual = 0.00232772, Final residual = 8.46523e-06, No Iterations 2
DILUPBiCG:  Solving for Uy, Initial residual = 0.000386674, Final residual = 6.83458e-06, No Iterations 1
DILUPBiCG:  Solving for Uz, Initial residual = 0.00559303, Final residual = 1.35685e-06, No Iterations 2
GAMG:  Solving for p, Initial residual = 0.0423723, Final residual = 0.000338321, No Iterations 5
GAMG:  Solving for p, Initial residual = 0.00968889, Final residual = 8.46879e-05, No Iterations 15
GAMG:  Solving for p, Initial residual = 0.00451244, Final residual = 4.45964e-05, No Iterations 8
time step continuity errors : sum local = 3.91392e-07, global = -8.80494e-08, cumulative = 3.11258e-08
GAMG:  Solving for p, Initial residual = 0.00291268, Final residual = 2.70853e-05, No Iterations 18
GAMG:  Solving for p, Initial residual = 0.00165131, Final residual = 1.46351e-05, No Iterations 4
GAMG:  Solving for p, Initial residual = 0.000624578, Final residual = 9.55747e-07, No Iterations 38
time step continuity errors : sum local = 8.38135e-09, global = 2.486e-09, cumulative = 3.36118e-08
DILUPBiCG:  Solving for omega, Initial residual = 0.000604198, Final residual = 1.26867e-06, No Iterations 1
DILUPBiCG:  Solving for k, Initial residual = 0.00488401, Final residual = 1.39395e-06, No Iterations 2
ExecutionTime = 13.14 s  ClockTime = 14 s

Courant Number mean: 0.255221 max: 0.564832
Time = 0.463

GAMG:  Solving for cellDisplacementx, Initial residual = 0, Final residual = 0, No Iterations 0
GAMG:  Solving for cellDisplacementy, Initial residual = 0, Final residual = 0, No Iterations 0
GAMG:  Solving for cellDisplacementz, Initial residual = 0, Final residual = 0, No Iterations 0
PIMPLE: iteration 1
DILUPBiCG:  Solving for Ux, Initial residual = 0.0299123, Final residual = 0.000123152, No Iterations 1
DILUPBiCG:  Solving for Uy, Initial residual = 0.00475528, Final residual = 1.11378e-05, No Iterations 1
DILUPBiCG:  Solving for Uz, Initial residual = 0.0132131, Final residual = 3.52767e-05, No Iterations 1
GAMG:  Solving for p, Initial residual = 0.132446, Final residual = 0.00129741, No Iterations 6
GAMG:  Solving for p, Initial residual = 0.0152582, Final residual = 0.000148333, No Iterations 20
GAMG:  Solving for p, Initial residual = 0.00642442, Final residual = 5.78301e-05, No Iterations 12
time step continuity errors : sum local = 5.80703e-07, global = 1.74564e-07, cumulative = 2.08176e-07
GAMG:  Solving for p, Initial residual = 0.0539559, Final residual = 0.000412523, No Iterations 6
GAMG:  Solving for p, Initial residual = 0.00763962, Final residual = 7.0514e-05, No Iterations 18
GAMG:  Solving for p, Initial residual = 0.00333477, Final residual = 3.31976e-05, No Iterations 10
time step continuity errors : sum local = 3.31619e-07, global = 8.70072e-08, cumulative = 2.95183e-07
PIMPLE: iteration 2
DILUPBiCG:  Solving for Ux, Initial residual = 0.00927361, Final residual = 4.73471e-05, No Iterations 1
DILUPBiCG:  Solving for Uy, Initial residual = 0.00155293, Final residual = 4.07853e-06, No Iterations 1
DILUPBiCG:  Solving for Uz, Initial residual = 0.00392068, Final residual = 1.21312e-05, No Iterations 1
GAMG:  Solving for p, Initial residual = 0.0549777, Final residual = 0.000432964, No Iterations 4
GAMG:  Solving for p, Initial residual = 0.00870964, Final residual = 8.17282e-05, No Iterations 16
GAMG:  Solving for p, Initial residual = 0.00412143, Final residual = 3.87483e-05, No Iterations 8
time step continuity errors : sum local = 3.26638e-07, global = -1.13179e-07, cumulative = 1.82004e-07
GAMG:  Solving for p, Initial residual = 0.02786, Final residual = 0.000181876, No Iterations 4
GAMG:  Solving for p, Initial residual = 0.00416887, Final residual = 3.67897e-05, No Iterations 14
GAMG:  Solving for p, Initial residual = 0.00189609, Final residual = 1.72232e-05, No Iterations 8
time step continuity errors : sum local = 1.46011e-07, global = -4.61136e-08, cumulative = 1.35891e-07
PIMPLE: iteration 3
DILUPBiCG:  Solving for Ux, Initial residual = 0.0024891, Final residual = 1.43243e-06, No Iterations 2
DILUPBiCG:  Solving for Uy, Initial residual = 0.000413533, Final residual = 7.02999e-06, No Iterations 1
DILUPBiCG:  Solving for Uz, Initial residual = 0.00590514, Final residual = 1.50263e-06, No Iterations 2
GAMG:  Solving for p, Initial residual = 0.0402254, Final residual = 0.000339266, No Iterations 5
GAMG:  Solving for p, Initial residual = 0.00920724, Final residual = 8.55205e-05, No Iterations 15
GAMG:  Solving for p, Initial residual = 0.00434534, Final residual = 3.73843e-05, No Iterations 10
time step continuity errors : sum local = 3.51989e-07, global = -9.1741e-08, cumulative = 4.41497e-08
GAMG:  Solving for p, Initial residual = 0.00272395, Final residual = 2.49717e-05, No Iterations 20
GAMG:  Solving for p, Initial residual = 0.00157755, Final residual = 1.36911e-05, No Iterations 4
GAMG:  Solving for p, Initial residual = 0.000595227, Final residual = 8.70992e-07, No Iterations 38
time step continuity errors : sum local = 8.19227e-09, global = 2.42751e-09, cumulative = 4.65772e-08
DILUPBiCG:  Solving for omega, Initial residual = 0.000569147, Final residual = 1.34734e-06, No Iterations 1
DILUPBiCG:  Solving for k, Initial residual = 0.0048911, Final residual = 1.4955e-06, No Iterations 2
ExecutionTime = 26.73 s  ClockTime = 28 s

End

