/*---------------------------------------------------------------------------*\
| =========                 |                                                 |
| \\      /  F ield         | OpenFOAM: The Open Source CFD Toolbox           |
|  \\    /   O peration     | Version:  2.3.1                                 |
|   \\  /    A nd           | Web:      www.OpenFOAM.org                      |
|    \\/     M anipulation  |                                                 |
\*---------------------------------------------------------------------------*/
Build  : 2.3.1-262087cdf8db
Exec   : pimpleDyMFoam
Date   : Jun 05 2023
Time   : 18:40:03
Host   : "jcosson-VirtualBox"
PID    : 21416
Case   : /home/jcosson/workspace/henersj_shootingdata/calcs/moderate_deformed/primal/56_intervals_05-06-23/sweep18/interval47
nProcs : 1
sigFpe : Enabling floating point exception trapping (FOAM_SIGFPE).
fileModificationChecking : Monitoring run-time modified files using timeStampMaster
allowSystemOperations : Allowing user-supplied system call operations

// * * * * * * * * * * * * * * * * * * * * * * * * * * * * * * * * * * * * * //
Create time

Create mesh for time = 0.482

Selecting dynamicFvMesh dynamicMotionSolverFvMesh
Selecting motion solver: displacementLaplacian
Selecting motion diffusion: quadratic
Selecting motion diffusion: quadratic
Selecting motion diffusion: inverseDistance

PIMPLE: no residual control data found. Calculations will employ 3 corrector loops

Reading field p

Reading field U

Reading/calculating face flux field phi

Selecting incompressible transport model Newtonian
Selecting turbulence model type RASModel
Selecting RAS turbulence model kOmegaSST
bounding k, min: 0 max: 0.000726918 average: 0.000161645
kOmegaSSTCoeffs
{
    alphaK1         0.85034;
    alphaK2         1;
    alphaOmega1     0.5;
    alphaOmega2     0.85616;
    gamma1          0.5532;
    gamma2          0.4403;
    beta1           0.075;
    beta2           0.0828;
    betaStar        0.09;
    a1              0.31;
    c1              10;
    Cmu             0.09;
    b1              1;
    F3              false;
}

Reading/calculating face velocity Uf

No finite volume options present

Courant Number mean: 0.150641 max: 0.339101

Starting time loop

Courant Number mean: 0.150641 max: 0.339101
Time = 0.483

GAMG:  Solving for cellDisplacementx, Initial residual = 0, Final residual = 0, No Iterations 0
GAMG:  Solving for cellDisplacementy, Initial residual = 0, Final residual = 0, No Iterations 0
GAMG:  Solving for cellDisplacementz, Initial residual = 0, Final residual = 0, No Iterations 0
PIMPLE: iteration 1
DILUPBiCG:  Solving for Ux, Initial residual = 0.0643333, Final residual = 0.000245933, No Iterations 1
DILUPBiCG:  Solving for Uy, Initial residual = 0.0118148, Final residual = 2.47357e-05, No Iterations 1
DILUPBiCG:  Solving for Uz, Initial residual = 0.0146591, Final residual = 1.72511e-05, No Iterations 1
GAMG:  Solving for p, Initial residual = 0.121789, Final residual = 0.00104324, No Iterations 4
GAMG:  Solving for p, Initial residual = 0.0157805, Final residual = 0.000147568, No Iterations 18
GAMG:  Solving for p, Initial residual = 0.00732394, Final residual = 6.10496e-05, No Iterations 4
time step continuity errors : sum local = 8.86844e-07, global = 3.07032e-07, cumulative = 3.07032e-07
GAMG:  Solving for p, Initial residual = 0.0534102, Final residual = 0.000424158, No Iterations 4
GAMG:  Solving for p, Initial residual = 0.00784474, Final residual = 7.20197e-05, No Iterations 16
GAMG:  Solving for p, Initial residual = 0.00368153, Final residual = 3.32924e-05, No Iterations 4
time step continuity errors : sum local = 4.85572e-07, global = 1.71612e-07, cumulative = 4.78645e-07
PIMPLE: iteration 2
DILUPBiCG:  Solving for Ux, Initial residual = 0.0173779, Final residual = 0.00010122, No Iterations 1
DILUPBiCG:  Solving for Uy, Initial residual = 0.00332461, Final residual = 6.90136e-06, No Iterations 1
DILUPBiCG:  Solving for Uz, Initial residual = 0.00278183, Final residual = 9.98556e-06, No Iterations 1
GAMG:  Solving for p, Initial residual = 0.0528697, Final residual = 0.000471151, No Iterations 4
GAMG:  Solving for p, Initial residual = 0.0096673, Final residual = 8.56104e-05, No Iterations 16
GAMG:  Solving for p, Initial residual = 0.00448429, Final residual = 4.24481e-05, No Iterations 4
time step continuity errors : sum local = 5.34862e-07, global = -2.06292e-07, cumulative = 2.72353e-07
GAMG:  Solving for p, Initial residual = 0.0275653, Final residual = 0.000218623, No Iterations 4
GAMG:  Solving for p, Initial residual = 0.00504378, Final residual = 4.2315e-05, No Iterations 14
GAMG:  Solving for p, Initial residual = 0.00212415, Final residual = 1.78866e-05, No Iterations 4
time step continuity errors : sum local = 2.26174e-07, global = -8.67322e-08, cumulative = 1.85621e-07
PIMPLE: iteration 3
DILUPBiCG:  Solving for Ux, Initial residual = 0.00395457, Final residual = 2.7926e-06, No Iterations 2
DILUPBiCG:  Solving for Uy, Initial residual = 0.000789343, Final residual = 5.08501e-06, No Iterations 1
DILUPBiCG:  Solving for Uz, Initial residual = 0.00594535, Final residual = 2.21866e-06, No Iterations 2
GAMG:  Solving for p, Initial residual = 0.0420563, Final residual = 0.000340539, No Iterations 5
GAMG:  Solving for p, Initial residual = 0.00966281, Final residual = 8.56198e-05, No Iterations 14
GAMG:  Solving for p, Initial residual = 0.00474653, Final residual = 4.28301e-05, No Iterations 10
time step continuity errors : sum local = 6.06293e-07, global = -1.57659e-07, cumulative = 2.7962e-08
GAMG:  Solving for p, Initial residual = 0.00243088, Final residual = 2.16834e-05, No Iterations 12
GAMG:  Solving for p, Initial residual = 0.00129377, Final residual = 1.26157e-05, No Iterations 4
GAMG:  Solving for p, Initial residual = 0.000519272, Final residual = 9.97442e-07, No Iterations 30
time step continuity errors : sum local = 1.39931e-08, global = 4.18255e-09, cumulative = 3.21445e-08
DILUPBiCG:  Solving for omega, Initial residual = 0.00101321, Final residual = 7.90648e-07, No Iterations 1
DILUPBiCG:  Solving for k, Initial residual = 0.00397759, Final residual = 7.16169e-07, No Iterations 2
bounding k, min: 0 max: 0.000716891 average: 0.000160535
ExecutionTime = 16.36 s  ClockTime = 17 s

Courant Number mean: 0.145576 max: 0.327939
Time = 0.484

GAMG:  Solving for cellDisplacementx, Initial residual = 0, Final residual = 0, No Iterations 0
GAMG:  Solving for cellDisplacementy, Initial residual = 0, Final residual = 0, No Iterations 0
GAMG:  Solving for cellDisplacementz, Initial residual = 0, Final residual = 0, No Iterations 0
PIMPLE: iteration 1
DILUPBiCG:  Solving for Ux, Initial residual = 0.0640973, Final residual = 0.000242896, No Iterations 1
DILUPBiCG:  Solving for Uy, Initial residual = 0.0118624, Final residual = 2.4565e-05, No Iterations 1
DILUPBiCG:  Solving for Uz, Initial residual = 0.0136709, Final residual = 1.57727e-05, No Iterations 1
GAMG:  Solving for p, Initial residual = 0.111954, Final residual = 0.00105622, No Iterations 4
GAMG:  Solving for p, Initial residual = 0.0137129, Final residual = 0.000129122, No Iterations 20
GAMG:  Solving for p, Initial residual = 0.00669945, Final residual = 6.10109e-05, No Iterations 4
time step continuity errors : sum local = 8.64701e-07, global = 3.0386e-07, cumulative = 3.36005e-07
GAMG:  Solving for p, Initial residual = 0.0492995, Final residual = 0.000420618, No Iterations 4
GAMG:  Solving for p, Initial residual = 0.00682479, Final residual = 6.42123e-05, No Iterations 18
GAMG:  Solving for p, Initial residual = 0.00336151, Final residual = 3.01369e-05, No Iterations 4
time step continuity errors : sum local = 4.28665e-07, global = 1.41724e-07, cumulative = 4.77729e-07
PIMPLE: iteration 2
DILUPBiCG:  Solving for Ux, Initial residual = 0.0171896, Final residual = 9.94523e-05, No Iterations 1
DILUPBiCG:  Solving for Uy, Initial residual = 0.00333034, Final residual = 6.85414e-06, No Iterations 1
DILUPBiCG:  Solving for Uz, Initial residual = 0.00281349, Final residual = 1.02429e-05, No Iterations 1
GAMG:  Solving for p, Initial residual = 0.0480452, Final residual = 0.000306324, No Iterations 6
GAMG:  Solving for p, Initial residual = 0.00846975, Final residual = 7.68233e-05, No Iterations 16
GAMG:  Solving for p, Initial residual = 0.00353251, Final residual = 3.08859e-05, No Iterations 10
time step continuity errors : sum local = 3.8016e-07, global = -1.01183e-07, cumulative = 3.76546e-07
GAMG:  Solving for p, Initial residual = 0.0249085, Final residual = 0.000217433, No Iterations 4
GAMG:  Solving for p, Initial residual = 0.00421109, Final residual = 3.64181e-05, No Iterations 16
GAMG:  Solving for p, Initial residual = 0.00180184, Final residual = 1.71254e-05, No Iterations 8
time step continuity errors : sum local = 2.11742e-07, global = -4.66566e-08, cumulative = 3.29889e-07
PIMPLE: iteration 3
DILUPBiCG:  Solving for Ux, Initial residual = 0.00385585, Final residual = 2.75862e-06, No Iterations 2
DILUPBiCG:  Solving for Uy, Initial residual = 0.000792897, Final residual = 5.0185e-06, No Iterations 1
DILUPBiCG:  Solving for Uz, Initial residual = 0.00615044, Final residual = 2.2634e-06, No Iterations 2
GAMG:  Solving for p, Initial residual = 0.0421378, Final residual = 0.000338347, No Iterations 5
GAMG:  Solving for p, Initial residual = 0.00962851, Final residual = 9.43177e-05, No Iterations 12
GAMG:  Solving for p, Initial residual = 0.00473968, Final residual = 4.63473e-05, No Iterations 10
time step continuity errors : sum local = 6.40843e-07, global = -1.67547e-07, cumulative = 1.62342e-07
GAMG:  Solving for p, Initial residual = 0.00241784, Final residual = 1.11486e-05, No Iterations 7
GAMG:  Solving for p, Initial residual = 0.00131661, Final residual = 7.9807e-06, No Iterations 4
GAMG:  Solving for p, Initial residual = 0.000540531, Final residual = 9.54501e-07, No Iterations 12
time step continuity errors : sum local = 1.30763e-08, global = 4.26548e-09, cumulative = 1.66608e-07
DILUPBiCG:  Solving for omega, Initial residual = 0.00105205, Final residual = 7.89379e-07, No Iterations 1
DILUPBiCG:  Solving for k, Initial residual = 0.0039227, Final residual = 6.95183e-07, No Iterations 2
bounding k, min: 0 max: 0.00070588 average: 0.000159447
ExecutionTime = 25.61 s  ClockTime = 26 s

End

