/*---------------------------------------------------------------------------*\
| =========                 |                                                 |
| \\      /  F ield         | OpenFOAM: The Open Source CFD Toolbox           |
|  \\    /   O peration     | Version:  2.3.1                                 |
|   \\  /    A nd           | Web:      www.OpenFOAM.org                      |
|    \\/     M anipulation  |                                                 |
\*---------------------------------------------------------------------------*/
Build  : 2.3.1-262087cdf8db
Exec   : pimpleDyMFoam
Date   : Jun 05 2023
Time   : 18:40:11
Host   : "jcosson-VirtualBox"
PID    : 21426
Case   : /home/jcosson/workspace/henersj_shootingdata/calcs/moderate_deformed/primal/56_intervals_05-06-23/sweep18/interval52
nProcs : 1
sigFpe : Enabling floating point exception trapping (FOAM_SIGFPE).
fileModificationChecking : Monitoring run-time modified files using timeStampMaster
allowSystemOperations : Allowing user-supplied system call operations

// * * * * * * * * * * * * * * * * * * * * * * * * * * * * * * * * * * * * * //
Create time

Create mesh for time = 0.491

Selecting dynamicFvMesh dynamicMotionSolverFvMesh
Selecting motion solver: displacementLaplacian
Selecting motion diffusion: quadratic
Selecting motion diffusion: quadratic
Selecting motion diffusion: inverseDistance

PIMPLE: no residual control data found. Calculations will employ 3 corrector loops

Reading field p

Reading field U

Reading/calculating face flux field phi

Selecting incompressible transport model Newtonian
Selecting turbulence model type RASModel
Selecting RAS turbulence model kOmegaSST
bounding k, min: 0 max: 0.000635176 average: 0.0001547
kOmegaSSTCoeffs
{
    alphaK1         0.85034;
    alphaK2         1;
    alphaOmega1     0.5;
    alphaOmega2     0.85616;
    gamma1          0.5532;
    gamma2          0.4403;
    beta1           0.075;
    beta2           0.0828;
    betaStar        0.09;
    a1              0.31;
    c1              10;
    Cmu             0.09;
    b1              1;
    F3              false;
}

Reading/calculating face velocity Uf

No finite volume options present

Courant Number mean: 0.112653 max: 0.256697

Starting time loop

Courant Number mean: 0.112653 max: 0.256697
Time = 0.492

GAMG:  Solving for cellDisplacementx, Initial residual = 0, Final residual = 0, No Iterations 0
GAMG:  Solving for cellDisplacementy, Initial residual = 0, Final residual = 0, No Iterations 0
GAMG:  Solving for cellDisplacementz, Initial residual = 0, Final residual = 0, No Iterations 0
PIMPLE: iteration 1
DILUPBiCG:  Solving for Ux, Initial residual = 0.0481583, Final residual = 0.000176826, No Iterations 1
DILUPBiCG:  Solving for Uy, Initial residual = 0.00995984, Final residual = 1.98596e-05, No Iterations 1
DILUPBiCG:  Solving for Uz, Initial residual = 0.0157251, Final residual = 1.52676e-05, No Iterations 1
GAMG:  Solving for p, Initial residual = 0.113032, Final residual = 0.000562444, No Iterations 4
GAMG:  Solving for p, Initial residual = 0.0159194, Final residual = 0.000148072, No Iterations 16
GAMG:  Solving for p, Initial residual = 0.00795364, Final residual = 5.8098e-05, No Iterations 5
time step continuity errors : sum local = 5.4365e-07, global = 1.65727e-08, cumulative = 1.65727e-08
GAMG:  Solving for p, Initial residual = 0.0517573, Final residual = 0.000233301, No Iterations 4
GAMG:  Solving for p, Initial residual = 0.00775522, Final residual = 6.70189e-05, No Iterations 16
GAMG:  Solving for p, Initial residual = 0.00401452, Final residual = 3.15061e-05, No Iterations 5
time step continuity errors : sum local = 2.96927e-07, global = 5.7427e-08, cumulative = 7.39996e-08
PIMPLE: iteration 2
DILUPBiCG:  Solving for Ux, Initial residual = 0.012175, Final residual = 6.95404e-05, No Iterations 1
DILUPBiCG:  Solving for Uy, Initial residual = 0.0025807, Final residual = 5.16886e-06, No Iterations 1
DILUPBiCG:  Solving for Uz, Initial residual = 0.00258026, Final residual = 6.19525e-06, No Iterations 1
GAMG:  Solving for p, Initial residual = 0.0504516, Final residual = 0.000468329, No Iterations 5
GAMG:  Solving for p, Initial residual = 0.0118572, Final residual = 0.000106378, No Iterations 6
GAMG:  Solving for p, Initial residual = 0.00493674, Final residual = 2.94278e-05, No Iterations 5
time step continuity errors : sum local = 2.41007e-07, global = -4.63116e-08, cumulative = 2.7688e-08
GAMG:  Solving for p, Initial residual = 0.0269966, Final residual = 0.000251676, No Iterations 4
GAMG:  Solving for p, Initial residual = 0.00638872, Final residual = 5.99741e-05, No Iterations 12
GAMG:  Solving for p, Initial residual = 0.00245346, Final residual = 2.171e-05, No Iterations 10
time step continuity errors : sum local = 1.78243e-07, global = -4.53148e-08, cumulative = -1.76268e-08
PIMPLE: iteration 3
DILUPBiCG:  Solving for Ux, Initial residual = 0.00244936, Final residual = 2.55334e-06, No Iterations 2
DILUPBiCG:  Solving for Uy, Initial residual = 0.000561749, Final residual = 5.17414e-06, No Iterations 1
DILUPBiCG:  Solving for Uz, Initial residual = 0.00384256, Final residual = 1.30494e-06, No Iterations 2
GAMG:  Solving for p, Initial residual = 0.0477026, Final residual = 0.00035863, No Iterations 5
GAMG:  Solving for p, Initial residual = 0.0111376, Final residual = 0.00010505, No Iterations 14
GAMG:  Solving for p, Initial residual = 0.00580463, Final residual = 5.52886e-05, No Iterations 10
time step continuity errors : sum local = 5.06439e-07, global = -1.35573e-07, cumulative = -1.53199e-07
GAMG:  Solving for p, Initial residual = 0.00269022, Final residual = 2.50463e-05, No Iterations 7
GAMG:  Solving for p, Initial residual = 0.00138354, Final residual = 1.31509e-05, No Iterations 5
GAMG:  Solving for p, Initial residual = 0.00054202, Final residual = 9.64921e-07, No Iterations 27
time step continuity errors : sum local = 8.72196e-09, global = 2.62366e-09, cumulative = -1.50576e-07
DILUPBiCG:  Solving for omega, Initial residual = 0.00134742, Final residual = 7.47977e-07, No Iterations 1
DILUPBiCG:  Solving for k, Initial residual = 0.00362836, Final residual = 5.88848e-07, No Iterations 2
bounding k, min: 0 max: 0.000626638 average: 0.000153757
ExecutionTime = 12.7 s  ClockTime = 13 s

Courant Number mean: 0.109768 max: 0.250619
Time = 0.493

GAMG:  Solving for cellDisplacementx, Initial residual = 0, Final residual = 0, No Iterations 0
GAMG:  Solving for cellDisplacementy, Initial residual = 0, Final residual = 0, No Iterations 0
GAMG:  Solving for cellDisplacementz, Initial residual = 0, Final residual = 0, No Iterations 0
PIMPLE: iteration 1
DILUPBiCG:  Solving for Ux, Initial residual = 0.0443819, Final residual = 0.00016242, No Iterations 1
DILUPBiCG:  Solving for Uy, Initial residual = 0.00925298, Final residual = 1.83258e-05, No Iterations 1
DILUPBiCG:  Solving for Uz, Initial residual = 0.013547, Final residual = 1.17343e-05, No Iterations 1
GAMG:  Solving for p, Initial residual = 0.103197, Final residual = 0.000564574, No Iterations 4
GAMG:  Solving for p, Initial residual = 0.0137672, Final residual = 0.000136643, No Iterations 16
GAMG:  Solving for p, Initial residual = 0.00717819, Final residual = 4.87985e-05, No Iterations 6
time step continuity errors : sum local = 4.17055e-07, global = 1.20128e-07, cumulative = -3.04474e-08
GAMG:  Solving for p, Initial residual = 0.0475758, Final residual = 0.000241404, No Iterations 4
GAMG:  Solving for p, Initial residual = 0.00675834, Final residual = 6.08145e-05, No Iterations 16
GAMG:  Solving for p, Initial residual = 0.00361088, Final residual = 3.39495e-05, No Iterations 4
time step continuity errors : sum local = 2.92514e-07, global = 9.40929e-08, cumulative = 6.36455e-08
PIMPLE: iteration 2
DILUPBiCG:  Solving for Ux, Initial residual = 0.0110961, Final residual = 6.33118e-05, No Iterations 1
DILUPBiCG:  Solving for Uy, Initial residual = 0.00237866, Final residual = 4.756e-06, No Iterations 1
DILUPBiCG:  Solving for Uz, Initial residual = 0.00272559, Final residual = 2.45077e-05, No Iterations 1
GAMG:  Solving for p, Initial residual = 0.0452058, Final residual = 0.000338527, No Iterations 6
GAMG:  Solving for p, Initial residual = 0.0107562, Final residual = 9.46393e-05, No Iterations 14
GAMG:  Solving for p, Initial residual = 0.00431131, Final residual = 3.93403e-05, No Iterations 4
time step continuity errors : sum local = 2.9553e-07, global = -1.08526e-07, cumulative = -4.48809e-08
GAMG:  Solving for p, Initial residual = 0.0241127, Final residual = 0.000155043, No Iterations 6
GAMG:  Solving for p, Initial residual = 0.00578562, Final residual = 4.96796e-05, No Iterations 12
GAMG:  Solving for p, Initial residual = 0.00210663, Final residual = 1.98388e-05, No Iterations 4
time step continuity errors : sum local = 1.49343e-07, global = -5.38154e-08, cumulative = -9.86963e-08
PIMPLE: iteration 3
DILUPBiCG:  Solving for Ux, Initial residual = 0.00217955, Final residual = 2.97411e-06, No Iterations 2
DILUPBiCG:  Solving for Uy, Initial residual = 0.00051358, Final residual = 5.79676e-06, No Iterations 1
DILUPBiCG:  Solving for Uz, Initial residual = 0.004189, Final residual = 1.8418e-06, No Iterations 2
GAMG:  Solving for p, Initial residual = 0.0487753, Final residual = 0.000357226, No Iterations 5
GAMG:  Solving for p, Initial residual = 0.0110163, Final residual = 0.000106637, No Iterations 14
GAMG:  Solving for p, Initial residual = 0.0059359, Final residual = 5.54305e-05, No Iterations 10
time step continuity errors : sum local = 4.64331e-07, global = -1.2414e-07, cumulative = -2.22836e-07
GAMG:  Solving for p, Initial residual = 0.00272638, Final residual = 2.61388e-05, No Iterations 7
GAMG:  Solving for p, Initial residual = 0.00141487, Final residual = 1.11142e-05, No Iterations 6
GAMG:  Solving for p, Initial residual = 0.000583508, Final residual = 8.76076e-07, No Iterations 30
time step continuity errors : sum local = 7.23713e-09, global = 2.21293e-09, cumulative = -2.20624e-07
DILUPBiCG:  Solving for omega, Initial residual = 0.00136278, Final residual = 7.36074e-07, No Iterations 1
DILUPBiCG:  Solving for k, Initial residual = 0.00358447, Final residual = 5.87762e-07, No Iterations 2
bounding k, min: 0 max: 0.00061783 average: 0.00015284
ExecutionTime = 19.66 s  ClockTime = 20 s

End

