/*---------------------------------------------------------------------------*\
| =========                 |                                                 |
| \\      /  F ield         | OpenFOAM: The Open Source CFD Toolbox           |
|  \\    /   O peration     | Version:  2.3.1                                 |
|   \\  /    A nd           | Web:      www.OpenFOAM.org                      |
|    \\/     M anipulation  |                                                 |
\*---------------------------------------------------------------------------*/
Build  : 2.3.1-262087cdf8db
Exec   : pimpleDyMFoam
Date   : Jun 05 2023
Time   : 18:39:34
Host   : "jcosson-VirtualBox"
PID    : 21388
Case   : /home/jcosson/workspace/henersj_shootingdata/calcs/moderate_deformed/primal/56_intervals_05-06-23/sweep18/interval33
nProcs : 1
sigFpe : Enabling floating point exception trapping (FOAM_SIGFPE).
fileModificationChecking : Monitoring run-time modified files using timeStampMaster
allowSystemOperations : Allowing user-supplied system call operations

// * * * * * * * * * * * * * * * * * * * * * * * * * * * * * * * * * * * * * //
Create time

Create mesh for time = 0.457

Selecting dynamicFvMesh dynamicMotionSolverFvMesh
Selecting motion solver: displacementLaplacian
Selecting motion diffusion: quadratic
Selecting motion diffusion: quadratic
Selecting motion diffusion: inverseDistance

PIMPLE: no residual control data found. Calculations will employ 3 corrector loops

Reading field p

Reading field U

Reading/calculating face flux field phi

Selecting incompressible transport model Newtonian
Selecting turbulence model type RASModel
Selecting RAS turbulence model kOmegaSST
kOmegaSSTCoeffs
{
    alphaK1         0.85034;
    alphaK2         1;
    alphaOmega1     0.5;
    alphaOmega2     0.85616;
    gamma1          0.5532;
    gamma2          0.4403;
    beta1           0.075;
    beta2           0.0828;
    betaStar        0.09;
    a1              0.31;
    c1              10;
    Cmu             0.09;
    b1              1;
    F3              false;
}

Reading/calculating face velocity Uf

No finite volume options present

Courant Number mean: 0.271231 max: 0.600243

Starting time loop

Courant Number mean: 0.271231 max: 0.600243
Time = 0.458

GAMG:  Solving for cellDisplacementx, Initial residual = 0, Final residual = 0, No Iterations 0
GAMG:  Solving for cellDisplacementy, Initial residual = 0, Final residual = 0, No Iterations 0
GAMG:  Solving for cellDisplacementz, Initial residual = 0, Final residual = 0, No Iterations 0
PIMPLE: iteration 1
DILUPBiCG:  Solving for Ux, Initial residual = 0.0169041, Final residual = 6.47962e-05, No Iterations 1
DILUPBiCG:  Solving for Uy, Initial residual = 0.00271255, Final residual = 6.47599e-06, No Iterations 1
DILUPBiCG:  Solving for Uz, Initial residual = 0.0152042, Final residual = 3.85184e-05, No Iterations 1
GAMG:  Solving for p, Initial residual = 0.177333, Final residual = 0.00150371, No Iterations 6
GAMG:  Solving for p, Initial residual = 0.0235442, Final residual = 0.000229734, No Iterations 16
GAMG:  Solving for p, Initial residual = 0.00936547, Final residual = 8.88018e-05, No Iterations 12
time step continuity errors : sum local = 5.86359e-07, global = 1.76514e-07, cumulative = 1.76514e-07
GAMG:  Solving for p, Initial residual = 0.0708988, Final residual = 0.000472301, No Iterations 6
GAMG:  Solving for p, Initial residual = 0.0116632, Final residual = 0.000107406, No Iterations 14
GAMG:  Solving for p, Initial residual = 0.00486263, Final residual = 4.28771e-05, No Iterations 12
time step continuity errors : sum local = 2.81459e-07, global = 8.40965e-08, cumulative = 2.60611e-07
PIMPLE: iteration 2
DILUPBiCG:  Solving for Ux, Initial residual = 0.00555393, Final residual = 2.43663e-05, No Iterations 1
DILUPBiCG:  Solving for Uy, Initial residual = 0.000929304, Final residual = 3.32196e-06, No Iterations 1
DILUPBiCG:  Solving for Uz, Initial residual = 0.00416235, Final residual = 1.21994e-05, No Iterations 1
GAMG:  Solving for p, Initial residual = 0.0732598, Final residual = 0.00030043, No Iterations 4
GAMG:  Solving for p, Initial residual = 0.012561, Final residual = 0.000121865, No Iterations 11
GAMG:  Solving for p, Initial residual = 0.00575506, Final residual = 4.8253e-05, No Iterations 5
time step continuity errors : sum local = 2.70282e-07, global = -7.78617e-08, cumulative = 1.82749e-07
GAMG:  Solving for p, Initial residual = 0.036582, Final residual = 0.000322268, No Iterations 3
GAMG:  Solving for p, Initial residual = 0.00616623, Final residual = 5.84553e-05, No Iterations 6
GAMG:  Solving for p, Initial residual = 0.00278122, Final residual = 2.28144e-05, No Iterations 6
time step continuity errors : sum local = 1.28378e-07, global = 3.60773e-08, cumulative = 2.18826e-07
PIMPLE: iteration 3
DILUPBiCG:  Solving for Ux, Initial residual = 0.00162956, Final residual = 3.34268e-07, No Iterations 2
DILUPBiCG:  Solving for Uy, Initial residual = 0.000270975, Final residual = 5.4861e-06, No Iterations 1
DILUPBiCG:  Solving for Uz, Initial residual = 0.00385542, Final residual = 8.74516e-07, No Iterations 2
GAMG:  Solving for p, Initial residual = 0.0474635, Final residual = 0.000464647, No Iterations 4
GAMG:  Solving for p, Initial residual = 0.0110436, Final residual = 9.77819e-05, No Iterations 14
GAMG:  Solving for p, Initial residual = 0.00511549, Final residual = 4.92579e-05, No Iterations 4
time step continuity errors : sum local = 3.04005e-07, global = -1.0954e-07, cumulative = 1.09286e-07
GAMG:  Solving for p, Initial residual = 0.00349499, Final residual = 2.40786e-05, No Iterations 6
GAMG:  Solving for p, Initial residual = 0.00192477, Final residual = 1.71925e-05, No Iterations 4
GAMG:  Solving for p, Initial residual = 0.000719796, Final residual = 8.6693e-07, No Iterations 31
time step continuity errors : sum local = 5.34068e-09, global = 1.57647e-09, cumulative = 1.10863e-07
DILUPBiCG:  Solving for omega, Initial residual = 0.000753882, Final residual = 1.22962e-06, No Iterations 1
DILUPBiCG:  Solving for k, Initial residual = 0.00474104, Final residual = 1.27012e-06, No Iterations 2
ExecutionTime = 15.1 s  ClockTime = 15 s

Courant Number mean: 0.268638 max: 0.594751
Time = 0.459

GAMG:  Solving for cellDisplacementx, Initial residual = 0, Final residual = 0, No Iterations 0
GAMG:  Solving for cellDisplacementy, Initial residual = 0, Final residual = 0, No Iterations 0
GAMG:  Solving for cellDisplacementz, Initial residual = 0, Final residual = 0, No Iterations 0
PIMPLE: iteration 1
DILUPBiCG:  Solving for Ux, Initial residual = 0.0195221, Final residual = 7.64192e-05, No Iterations 1
DILUPBiCG:  Solving for Uy, Initial residual = 0.00310622, Final residual = 7.31015e-06, No Iterations 1
DILUPBiCG:  Solving for Uz, Initial residual = 0.0138418, Final residual = 3.60051e-05, No Iterations 1
GAMG:  Solving for p, Initial residual = 0.141062, Final residual = 0.00128344, No Iterations 8
GAMG:  Solving for p, Initial residual = 0.0177705, Final residual = 0.000161304, No Iterations 18
GAMG:  Solving for p, Initial residual = 0.00697831, Final residual = 6.40482e-05, No Iterations 12
time step continuity errors : sum local = 4.69339e-07, global = 1.40608e-07, cumulative = 2.51471e-07
GAMG:  Solving for p, Initial residual = 0.0562235, Final residual = 0.000459109, No Iterations 6
GAMG:  Solving for p, Initial residual = 0.00872308, Final residual = 7.67283e-05, No Iterations 18
GAMG:  Solving for p, Initial residual = 0.00371059, Final residual = 3.33965e-05, No Iterations 10
time step continuity errors : sum local = 2.4299e-07, global = 6.34775e-08, cumulative = 3.14948e-07
PIMPLE: iteration 2
DILUPBiCG:  Solving for Ux, Initial residual = 0.00631751, Final residual = 2.74731e-05, No Iterations 1
DILUPBiCG:  Solving for Uy, Initial residual = 0.00105491, Final residual = 3.43757e-06, No Iterations 1
DILUPBiCG:  Solving for Uz, Initial residual = 0.00405436, Final residual = 1.19108e-05, No Iterations 1
GAMG:  Solving for p, Initial residual = 0.0576952, Final residual = 0.000347713, No Iterations 4
GAMG:  Solving for p, Initial residual = 0.00941526, Final residual = 8.89121e-05, No Iterations 14
GAMG:  Solving for p, Initial residual = 0.00451054, Final residual = 4.13096e-05, No Iterations 8
time step continuity errors : sum local = 2.55105e-07, global = -9.01863e-08, cumulative = 2.24762e-07
GAMG:  Solving for p, Initial residual = 0.0288863, Final residual = 0.000147239, No Iterations 4
GAMG:  Solving for p, Initial residual = 0.00451469, Final residual = 4.10236e-05, No Iterations 12
GAMG:  Solving for p, Initial residual = 0.0020955, Final residual = 1.80403e-05, No Iterations 8
time step continuity errors : sum local = 1.119e-07, global = -3.80499e-08, cumulative = 1.86712e-07
PIMPLE: iteration 3
DILUPBiCG:  Solving for Ux, Initial residual = 0.00180696, Final residual = 3.52508e-07, No Iterations 2
DILUPBiCG:  Solving for Uy, Initial residual = 0.000298772, Final residual = 5.96516e-06, No Iterations 1
DILUPBiCG:  Solving for Uz, Initial residual = 0.0042952, Final residual = 9.55841e-07, No Iterations 2
GAMG:  Solving for p, Initial residual = 0.0428705, Final residual = 0.000346977, No Iterations 5
GAMG:  Solving for p, Initial residual = 0.0100925, Final residual = 9.64092e-05, No Iterations 13
GAMG:  Solving for p, Initial residual = 0.00464876, Final residual = 4.11423e-05, No Iterations 10
time step continuity errors : sum local = 2.81227e-07, global = -7.31587e-08, cumulative = 1.13553e-07
GAMG:  Solving for p, Initial residual = 0.0031185, Final residual = 2.94787e-05, No Iterations 12
GAMG:  Solving for p, Initial residual = 0.00180261, Final residual = 1.71972e-05, No Iterations 4
GAMG:  Solving for p, Initial residual = 0.000658169, Final residual = 9.46012e-07, No Iterations 38
time step continuity errors : sum local = 6.4571e-09, global = 1.91284e-09, cumulative = 1.15466e-07
DILUPBiCG:  Solving for omega, Initial residual = 0.000711994, Final residual = 1.21283e-06, No Iterations 1
DILUPBiCG:  Solving for k, Initial residual = 0.00478606, Final residual = 1.19637e-06, No Iterations 2
ExecutionTime = 30.42 s  ClockTime = 30 s

End

