/*---------------------------------------------------------------------------*\
| =========                 |                                                 |
| \\      /  F ield         | OpenFOAM: The Open Source CFD Toolbox           |
|  \\    /   O peration     | Version:  2.3.1                                 |
|   \\  /    A nd           | Web:      www.OpenFOAM.org                      |
|    \\/     M anipulation  |                                                 |
\*---------------------------------------------------------------------------*/
Build  : 2.3.1-262087cdf8db
Exec   : pimpleDyMFoam
Date   : Jun 05 2023
Time   : 19:19:18
Host   : "jcosson-VirtualBox"
PID    : 2719
Case   : /home/jcosson/workspace/henersj_shootingdata/calcs/moderate_deformed/primal/56_intervals_05-06-23/sweep37/interval56
nProcs : 1
sigFpe : Enabling floating point exception trapping (FOAM_SIGFPE).
fileModificationChecking : Monitoring run-time modified files using timeStampMaster
allowSystemOperations : Allowing user-supplied system call operations

// * * * * * * * * * * * * * * * * * * * * * * * * * * * * * * * * * * * * * //
Create time

Create mesh for time = 0.498

Selecting dynamicFvMesh dynamicMotionSolverFvMesh
Selecting motion solver: displacementLaplacian
Selecting motion diffusion: quadratic
Selecting motion diffusion: quadratic
Selecting motion diffusion: inverseDistance

PIMPLE: no residual control data found. Calculations will employ 3 corrector loops

Reading field p

Reading field U

Reading/calculating face flux field phi

Selecting incompressible transport model Newtonian
Selecting turbulence model type RASModel
Selecting RAS turbulence model kOmegaSST
bounding k, min: 0 max: 0.00050497 average: 0.000144539
kOmegaSSTCoeffs
{
    alphaK1         0.85034;
    alphaK2         1;
    alphaOmega1     0.5;
    alphaOmega2     0.85616;
    gamma1          0.5532;
    gamma2          0.4403;
    beta1           0.075;
    beta2           0.0828;
    betaStar        0.09;
    a1              0.31;
    c1              10;
    Cmu             0.09;
    b1              1;
    F3              false;
}

Reading/calculating face velocity Uf

No finite volume options present

Courant Number mean: 0.0993984 max: 0.221244

Starting time loop

Courant Number mean: 0.0993984 max: 0.221244
Time = 0.499

GAMG:  Solving for cellDisplacementx, Initial residual = 0, Final residual = 0, No Iterations 0
GAMG:  Solving for cellDisplacementy, Initial residual = 0, Final residual = 0, No Iterations 0
GAMG:  Solving for cellDisplacementz, Initial residual = 0, Final residual = 0, No Iterations 0
PIMPLE: iteration 1
DILUPBiCG:  Solving for Ux, Initial residual = 0.0147211, Final residual = 5.73637e-05, No Iterations 1
DILUPBiCG:  Solving for Uy, Initial residual = 0.00328922, Final residual = 6.46023e-06, No Iterations 1
DILUPBiCG:  Solving for Uz, Initial residual = 0.00891837, Final residual = 1.65041e-05, No Iterations 1
GAMG:  Solving for p, Initial residual = 0.09243, Final residual = 0.000599846, No Iterations 4
GAMG:  Solving for p, Initial residual = 0.0212924, Final residual = 0.000203542, No Iterations 8
GAMG:  Solving for p, Initial residual = 0.00689524, Final residual = 6.18807e-05, No Iterations 14
time step continuity errors : sum local = 1.80908e-07, global = -5.37174e-08, cumulative = -5.37174e-08
GAMG:  Solving for p, Initial residual = 0.0472979, Final residual = 0.000281533, No Iterations 4
GAMG:  Solving for p, Initial residual = 0.010594, Final residual = 0.000100455, No Iterations 8
GAMG:  Solving for p, Initial residual = 0.00330703, Final residual = 3.07558e-05, No Iterations 14
time step continuity errors : sum local = 8.97034e-08, global = -2.65178e-08, cumulative = -8.02353e-08
PIMPLE: iteration 2
DILUPBiCG:  Solving for Ux, Initial residual = 0.00301697, Final residual = 2.20901e-05, No Iterations 1
DILUPBiCG:  Solving for Uy, Initial residual = 0.000694652, Final residual = 1.77011e-06, No Iterations 1
DILUPBiCG:  Solving for Uz, Initial residual = 0.0029833, Final residual = 0.000163198, No Iterations 1
GAMG:  Solving for p, Initial residual = 0.0447225, Final residual = 0.000359787, No Iterations 8
GAMG:  Solving for p, Initial residual = 0.0278697, Final residual = 0.000242168, No Iterations 5
GAMG:  Solving for p, Initial residual = 0.00487461, Final residual = 4.3111e-05, No Iterations 21
time step continuity errors : sum local = 1.09646e-07, global = -3.1253e-08, cumulative = -1.11488e-07
GAMG:  Solving for p, Initial residual = 0.0240815, Final residual = 0.000214566, No Iterations 6
GAMG:  Solving for p, Initial residual = 0.013173, Final residual = 0.00012491, No Iterations 6
GAMG:  Solving for p, Initial residual = 0.0024565, Final residual = 2.38979e-05, No Iterations 20
time step continuity errors : sum local = 6.08746e-08, global = -1.72439e-08, cumulative = -1.28732e-07
PIMPLE: iteration 3
DILUPBiCG:  Solving for Ux, Initial residual = 0.000226513, Final residual = 1.94953e-06, No Iterations 1
DILUPBiCG:  Solving for Uy, Initial residual = 7.88357e-05, Final residual = 4.70415e-07, No Iterations 1
DILUPBiCG:  Solving for Uz, Initial residual = 0.00140665, Final residual = 5.95726e-07, No Iterations 2
GAMG:  Solving for p, Initial residual = 0.0843415, Final residual = 0.000774185, No Iterations 3
GAMG:  Solving for p, Initial residual = 0.0139657, Final residual = 0.000127057, No Iterations 20
GAMG:  Solving for p, Initial residual = 0.0136979, Final residual = 0.000131834, No Iterations 4
time step continuity errors : sum local = 3.54274e-07, global = -5.84349e-08, cumulative = -1.87167e-07
GAMG:  Solving for p, Initial residual = 0.0036857, Final residual = 3.21641e-05, No Iterations 8
GAMG:  Solving for p, Initial residual = 0.00194782, Final residual = 1.88663e-05, No Iterations 4
GAMG:  Solving for p, Initial residual = 0.000658791, Final residual = 9.96631e-07, No Iterations 27
time step continuity errors : sum local = 2.63062e-09, global = 9.16e-10, cumulative = -1.86251e-07
DILUPBiCG:  Solving for omega, Initial residual = 0.00129652, Final residual = 6.6413e-07, No Iterations 1
DILUPBiCG:  Solving for k, Initial residual = 0.00306733, Final residual = 7.737e-07, No Iterations 2
bounding k, min: 0 max: 0.000497854 average: 0.000143921
ExecutionTime = 8.08 s  ClockTime = 8 s

Courant Number mean: 0.0988575 max: 0.219975
Time = 0.5

GAMG:  Solving for cellDisplacementx, Initial residual = 0, Final residual = 0, No Iterations 0
GAMG:  Solving for cellDisplacementy, Initial residual = 0, Final residual = 0, No Iterations 0
GAMG:  Solving for cellDisplacementz, Initial residual = 0, Final residual = 0, No Iterations 0
PIMPLE: iteration 1
DILUPBiCG:  Solving for Ux, Initial residual = 0.00911669, Final residual = 3.59825e-05, No Iterations 1
DILUPBiCG:  Solving for Uy, Initial residual = 0.00211377, Final residual = 4.20264e-06, No Iterations 1
DILUPBiCG:  Solving for Uz, Initial residual = 0.00887888, Final residual = 1.91374e-05, No Iterations 1
GAMG:  Solving for p, Initial residual = 0.0812444, Final residual = 0.000706502, No Iterations 6
GAMG:  Solving for p, Initial residual = 0.0469952, Final residual = 0.000374766, No Iterations 4
GAMG:  Solving for p, Initial residual = 0.00830399, Final residual = 8.18432e-05, No Iterations 19
time step continuity errors : sum local = 1.49712e-07, global = -4.20774e-08, cumulative = -2.28329e-07
GAMG:  Solving for p, Initial residual = 0.0440604, Final residual = 0.000405099, No Iterations 5
GAMG:  Solving for p, Initial residual = 0.0228109, Final residual = 0.000169883, No Iterations 4
GAMG:  Solving for p, Initial residual = 0.00416059, Final residual = 3.49451e-05, No Iterations 12
time step continuity errors : sum local = 6.32029e-08, global = -1.83296e-08, cumulative = -2.46658e-07
PIMPLE: iteration 2
DILUPBiCG:  Solving for Ux, Initial residual = 0.00150726, Final residual = 2.56891e-05, No Iterations 1
DILUPBiCG:  Solving for Uy, Initial residual = 0.000376892, Final residual = 4.63835e-06, No Iterations 1
DILUPBiCG:  Solving for Uz, Initial residual = 0.00288285, Final residual = 8.03946e-05, No Iterations 1
GAMG:  Solving for p, Initial residual = 0.0415869, Final residual = 0.000399276, No Iterations 11
GAMG:  Solving for p, Initial residual = 0.0352082, Final residual = 0.000297105, No Iterations 6
GAMG:  Solving for p, Initial residual = 0.00623196, Final residual = 6.11359e-05, No Iterations 20
time step continuity errors : sum local = 9.94912e-08, global = -2.81961e-08, cumulative = -2.74854e-07
GAMG:  Solving for p, Initial residual = 0.0229416, Final residual = 0.000209307, No Iterations 9
GAMG:  Solving for p, Initial residual = 0.0163524, Final residual = 0.000158179, No Iterations 6
GAMG:  Solving for p, Initial residual = 0.00313089, Final residual = 3.04348e-05, No Iterations 20
time step continuity errors : sum local = 4.93823e-08, global = -1.39877e-08, cumulative = -2.88842e-07
PIMPLE: iteration 3
DILUPBiCG:  Solving for Ux, Initial residual = 0.000190571, Final residual = 1.91753e-06, No Iterations 1
DILUPBiCG:  Solving for Uy, Initial residual = 7.07364e-05, Final residual = 8.61083e-07, No Iterations 1
DILUPBiCG:  Solving for Uz, Initial residual = 0.00115034, Final residual = 6.98205e-06, No Iterations 1
GAMG:  Solving for p, Initial residual = 0.115281, Final residual = 0.00102587, No Iterations 3
GAMG:  Solving for p, Initial residual = 0.0163147, Final residual = 0.000155744, No Iterations 20
GAMG:  Solving for p, Initial residual = 0.0177064, Final residual = 0.000172587, No Iterations 4
time step continuity errors : sum local = 2.7907e-07, global = -4.39362e-08, cumulative = -3.32778e-07
GAMG:  Solving for p, Initial residual = 0.00470581, Final residual = 3.72007e-05, No Iterations 8
GAMG:  Solving for p, Initial residual = 0.00237048, Final residual = 1.83725e-05, No Iterations 6
GAMG:  Solving for p, Initial residual = 0.000792672, Final residual = 9.97666e-07, No Iterations 23
time step continuity errors : sum local = 1.57669e-09, global = 5.64683e-10, cumulative = -3.32214e-07
DILUPBiCG:  Solving for omega, Initial residual = 0.00129185, Final residual = 6.62667e-07, No Iterations 1
DILUPBiCG:  Solving for k, Initial residual = 0.0030343, Final residual = 8.14377e-07, No Iterations 2
bounding k, min: 0 max: 0.000490535 average: 0.000143329
ExecutionTime = 11.18 s  ClockTime = 11 s

End

