/*---------------------------------------------------------------------------*\
| =========                 |                                                 |
| \\      /  F ield         | OpenFOAM: The Open Source CFD Toolbox           |
|  \\    /   O peration     | Version:  2.3.1                                 |
|   \\  /    A nd           | Web:      www.OpenFOAM.org                      |
|    \\/     M anipulation  |                                                 |
\*---------------------------------------------------------------------------*/
Build  : 2.3.1-262087cdf8db
Exec   : pimpleDyMFoam
Date   : Jun 05 2023
Time   : 18:20:40
Host   : "jcosson-VirtualBox"
PID    : 14731
Case   : /home/jcosson/workspace/henersj_shootingdata/calcs/moderate_deformed/primal/56_intervals_05-06-23/sweep11/interval44
nProcs : 1
sigFpe : Enabling floating point exception trapping (FOAM_SIGFPE).
fileModificationChecking : Monitoring run-time modified files using timeStampMaster
allowSystemOperations : Allowing user-supplied system call operations

// * * * * * * * * * * * * * * * * * * * * * * * * * * * * * * * * * * * * * //
Create time

Create mesh for time = 0.477

Selecting dynamicFvMesh dynamicMotionSolverFvMesh
Selecting motion solver: displacementLaplacian
Selecting motion diffusion: quadratic
Selecting motion diffusion: quadratic
Selecting motion diffusion: inverseDistance

PIMPLE: no residual control data found. Calculations will employ 3 corrector loops

Reading field p

Reading field U

Reading/calculating face flux field phi

Selecting incompressible transport model Newtonian
Selecting turbulence model type RASModel
Selecting RAS turbulence model kOmegaSST
bounding k, min: 0 max: 0.000792855 average: 0.000169586
kOmegaSSTCoeffs
{
    alphaK1         0.85034;
    alphaK2         1;
    alphaOmega1     0.5;
    alphaOmega2     0.85616;
    gamma1          0.5532;
    gamma2          0.4403;
    beta1           0.075;
    beta2           0.0828;
    betaStar        0.09;
    a1              0.31;
    c1              10;
    Cmu             0.09;
    b1              1;
    F3              false;
}

Reading/calculating face velocity Uf

No finite volume options present

Courant Number mean: 0.177673 max: 0.399053

Starting time loop

Courant Number mean: 0.177673 max: 0.399053
Time = 0.478

GAMG:  Solving for cellDisplacementx, Initial residual = 0, Final residual = 0, No Iterations 0
GAMG:  Solving for cellDisplacementy, Initial residual = 0, Final residual = 0, No Iterations 0
GAMG:  Solving for cellDisplacementz, Initial residual = 0, Final residual = 0, No Iterations 0
PIMPLE: iteration 1
DILUPBiCG:  Solving for Ux, Initial residual = 0.0614604, Final residual = 0.000244578, No Iterations 1
DILUPBiCG:  Solving for Uy, Initial residual = 0.0106283, Final residual = 2.35509e-05, No Iterations 1
DILUPBiCG:  Solving for Uz, Initial residual = 0.0150831, Final residual = 2.45357e-05, No Iterations 1
GAMG:  Solving for p, Initial residual = 0.124116, Final residual = 0.00122757, No Iterations 4
GAMG:  Solving for p, Initial residual = 0.0152501, Final residual = 0.000135579, No Iterations 20
GAMG:  Solving for p, Initial residual = 0.00702986, Final residual = 6.65954e-05, No Iterations 4
time step continuity errors : sum local = 1.02333e-06, global = 3.72893e-07, cumulative = 3.72893e-07
GAMG:  Solving for p, Initial residual = 0.0536095, Final residual = 0.000483199, No Iterations 4
GAMG:  Solving for p, Initial residual = 0.00762081, Final residual = 7.5953e-05, No Iterations 16
GAMG:  Solving for p, Initial residual = 0.00354439, Final residual = 2.93083e-05, No Iterations 12
time step continuity errors : sum local = 4.50679e-07, global = 1.34505e-07, cumulative = 5.07398e-07
PIMPLE: iteration 2
DILUPBiCG:  Solving for Ux, Initial residual = 0.0171862, Final residual = 0.000103609, No Iterations 1
DILUPBiCG:  Solving for Uy, Initial residual = 0.00313095, Final residual = 6.9337e-06, No Iterations 1
DILUPBiCG:  Solving for Uz, Initial residual = 0.00324621, Final residual = 1.22242e-05, No Iterations 1
GAMG:  Solving for p, Initial residual = 0.0533704, Final residual = 0.000478963, No Iterations 4
GAMG:  Solving for p, Initial residual = 0.00916798, Final residual = 8.56023e-05, No Iterations 16
GAMG:  Solving for p, Initial residual = 0.00408138, Final residual = 4.00671e-05, No Iterations 8
time step continuity errors : sum local = 5.28906e-07, global = -1.27819e-07, cumulative = 3.79579e-07
GAMG:  Solving for p, Initial residual = 0.0276072, Final residual = 0.00021471, No Iterations 4
GAMG:  Solving for p, Initial residual = 0.00461496, Final residual = 4.08956e-05, No Iterations 14
GAMG:  Solving for p, Initial residual = 0.00191801, Final residual = 1.66213e-05, No Iterations 10
time step continuity errors : sum local = 2.20408e-07, global = -5.55596e-08, cumulative = 3.2402e-07
PIMPLE: iteration 3
DILUPBiCG:  Solving for Ux, Initial residual = 0.00403676, Final residual = 2.69299e-06, No Iterations 2
DILUPBiCG:  Solving for Uy, Initial residual = 0.00075496, Final residual = 5.87059e-06, No Iterations 1
DILUPBiCG:  Solving for Uz, Initial residual = 0.00647169, Final residual = 3.20902e-06, No Iterations 2
GAMG:  Solving for p, Initial residual = 0.0408112, Final residual = 0.000370063, No Iterations 5
GAMG:  Solving for p, Initial residual = 0.00954212, Final residual = 9.39757e-05, No Iterations 8
GAMG:  Solving for p, Initial residual = 0.00445167, Final residual = 4.32231e-05, No Iterations 10
time step continuity errors : sum local = 6.40928e-07, global = -1.65371e-07, cumulative = 1.58649e-07
GAMG:  Solving for p, Initial residual = 0.00243037, Final residual = 2.25811e-05, No Iterations 14
GAMG:  Solving for p, Initial residual = 0.00132262, Final residual = 1.16014e-05, No Iterations 4
GAMG:  Solving for p, Initial residual = 0.000532186, Final residual = 9.96794e-07, No Iterations 30
time step continuity errors : sum local = 1.46805e-08, global = 4.36443e-09, cumulative = 1.63013e-07
DILUPBiCG:  Solving for omega, Initial residual = 0.000886892, Final residual = 8.38621e-07, No Iterations 1
DILUPBiCG:  Solving for k, Initial residual = 0.00427119, Final residual = 1.0418e-06, No Iterations 2
bounding k, min: 0 max: 0.000781716 average: 0.000168407
ExecutionTime = 16.08 s  ClockTime = 16 s

Courant Number mean: 0.172054 max: 0.386917
Time = 0.479

GAMG:  Solving for cellDisplacementx, Initial residual = 0, Final residual = 0, No Iterations 0
GAMG:  Solving for cellDisplacementy, Initial residual = 0, Final residual = 0, No Iterations 0
GAMG:  Solving for cellDisplacementz, Initial residual = 0, Final residual = 0, No Iterations 0
PIMPLE: iteration 1
DILUPBiCG:  Solving for Ux, Initial residual = 0.0623927, Final residual = 0.000246967, No Iterations 1
DILUPBiCG:  Solving for Uy, Initial residual = 0.0109183, Final residual = 2.39521e-05, No Iterations 1
DILUPBiCG:  Solving for Uz, Initial residual = 0.015051, Final residual = 2.50315e-05, No Iterations 1
GAMG:  Solving for p, Initial residual = 0.115454, Final residual = 0.000841835, No Iterations 6
GAMG:  Solving for p, Initial residual = 0.0134792, Final residual = 0.000116425, No Iterations 20
GAMG:  Solving for p, Initial residual = 0.00624155, Final residual = 6.0674e-05, No Iterations 4
time step continuity errors : sum local = 9.29894e-07, global = 3.40648e-07, cumulative = 5.03661e-07
GAMG:  Solving for p, Initial residual = 0.0499432, Final residual = 0.000498522, No Iterations 4
GAMG:  Solving for p, Initial residual = 0.00681711, Final residual = 5.95579e-05, No Iterations 20
GAMG:  Solving for p, Initial residual = 0.00330502, Final residual = 3.26105e-05, No Iterations 4
time step continuity errors : sum local = 5.00969e-07, global = 1.81204e-07, cumulative = 6.84865e-07
PIMPLE: iteration 2
DILUPBiCG:  Solving for Ux, Initial residual = 0.0173424, Final residual = 0.000104714, No Iterations 1
DILUPBiCG:  Solving for Uy, Initial residual = 0.0031864, Final residual = 6.98022e-06, No Iterations 1
DILUPBiCG:  Solving for Uz, Initial residual = 0.00323059, Final residual = 1.17642e-05, No Iterations 1
GAMG:  Solving for p, Initial residual = 0.0491175, Final residual = 0.000472403, No Iterations 4
GAMG:  Solving for p, Initial residual = 0.00807884, Final residual = 7.43896e-05, No Iterations 18
GAMG:  Solving for p, Initial residual = 0.00377332, Final residual = 3.47804e-05, No Iterations 8
time step continuity errors : sum local = 4.59101e-07, global = -1.44154e-07, cumulative = 5.4071e-07
GAMG:  Solving for p, Initial residual = 0.0253133, Final residual = 0.000210264, No Iterations 4
GAMG:  Solving for p, Initial residual = 0.00403309, Final residual = 3.50532e-05, No Iterations 16
GAMG:  Solving for p, Initial residual = 0.00177039, Final residual = 1.69754e-05, No Iterations 8
time step continuity errors : sum local = 2.25264e-07, global = -6.18068e-08, cumulative = 4.78903e-07
PIMPLE: iteration 3
DILUPBiCG:  Solving for Ux, Initial residual = 0.0040887, Final residual = 2.80098e-06, No Iterations 2
DILUPBiCG:  Solving for Uy, Initial residual = 0.000773428, Final residual = 5.71964e-06, No Iterations 1
DILUPBiCG:  Solving for Uz, Initial residual = 0.00755332, Final residual = 3.24186e-06, No Iterations 2
GAMG:  Solving for p, Initial residual = 0.0404936, Final residual = 0.000334358, No Iterations 5
GAMG:  Solving for p, Initial residual = 0.00943352, Final residual = 8.57669e-05, No Iterations 7
GAMG:  Solving for p, Initial residual = 0.00436403, Final residual = 3.76075e-05, No Iterations 10
time step continuity errors : sum local = 5.57731e-07, global = -1.43927e-07, cumulative = 3.34977e-07
GAMG:  Solving for p, Initial residual = 0.00235886, Final residual = 2.1297e-05, No Iterations 16
GAMG:  Solving for p, Initial residual = 0.00129925, Final residual = 1.10123e-05, No Iterations 4
GAMG:  Solving for p, Initial residual = 0.000532507, Final residual = 9.36308e-07, No Iterations 28
time step continuity errors : sum local = 1.37969e-08, global = 4.10487e-09, cumulative = 3.39081e-07
DILUPBiCG:  Solving for omega, Initial residual = 0.000921501, Final residual = 8.35176e-07, No Iterations 1
DILUPBiCG:  Solving for k, Initial residual = 0.00423815, Final residual = 9.56652e-07, No Iterations 2
bounding k, min: 0 max: 0.000771645 average: 0.000167224
ExecutionTime = 30.65 s  ClockTime = 31 s

End

