/*---------------------------------------------------------------------------*\
| =========                 |                                                 |
| \\      /  F ield         | OpenFOAM: The Open Source CFD Toolbox           |
|  \\    /   O peration     | Version:  2.3.1                                 |
|   \\  /    A nd           | Web:      www.OpenFOAM.org                      |
|    \\/     M anipulation  |                                                 |
\*---------------------------------------------------------------------------*/
Build  : 2.3.1-262087cdf8db
Exec   : pimpleDyMFoam
Date   : Jun 05 2023
Time   : 18:20:52
Host   : "jcosson-VirtualBox"
PID    : 14743
Case   : /home/jcosson/workspace/henersj_shootingdata/calcs/moderate_deformed/primal/56_intervals_05-06-23/sweep11/interval50
nProcs : 1
sigFpe : Enabling floating point exception trapping (FOAM_SIGFPE).
fileModificationChecking : Monitoring run-time modified files using timeStampMaster
allowSystemOperations : Allowing user-supplied system call operations

// * * * * * * * * * * * * * * * * * * * * * * * * * * * * * * * * * * * * * //
Create time

Create mesh for time = 0.488

Selecting dynamicFvMesh dynamicMotionSolverFvMesh
Selecting motion solver: displacementLaplacian
Selecting motion diffusion: quadratic
Selecting motion diffusion: quadratic
Selecting motion diffusion: inverseDistance

PIMPLE: no residual control data found. Calculations will employ 3 corrector loops

Reading field p

Reading field U

Reading/calculating face flux field phi

Selecting incompressible transport model Newtonian
Selecting turbulence model type RASModel
Selecting RAS turbulence model kOmegaSST
bounding k, min: 0 max: 0.000719823 average: 0.000160076
kOmegaSSTCoeffs
{
    alphaK1         0.85034;
    alphaK2         1;
    alphaOmega1     0.5;
    alphaOmega2     0.85616;
    gamma1          0.5532;
    gamma2          0.4403;
    beta1           0.075;
    beta2           0.0828;
    betaStar        0.09;
    a1              0.31;
    c1              10;
    Cmu             0.09;
    b1              1;
    F3              false;
}

Reading/calculating face velocity Uf

No finite volume options present

Courant Number mean: 0.122716 max: 0.276501

Starting time loop

Courant Number mean: 0.122716 max: 0.276501
Time = 0.489

GAMG:  Solving for cellDisplacementx, Initial residual = 0, Final residual = 0, No Iterations 0
GAMG:  Solving for cellDisplacementy, Initial residual = 0, Final residual = 0, No Iterations 0
GAMG:  Solving for cellDisplacementz, Initial residual = 0, Final residual = 0, No Iterations 0
PIMPLE: iteration 1
DILUPBiCG:  Solving for Ux, Initial residual = 0.057529, Final residual = 0.000211458, No Iterations 1
DILUPBiCG:  Solving for Uy, Initial residual = 0.0113702, Final residual = 2.34077e-05, No Iterations 1
DILUPBiCG:  Solving for Uz, Initial residual = 0.0196842, Final residual = 1.96217e-05, No Iterations 1
GAMG:  Solving for p, Initial residual = 0.118177, Final residual = 0.000734793, No Iterations 4
GAMG:  Solving for p, Initial residual = 0.0162658, Final residual = 0.000146462, No Iterations 16
GAMG:  Solving for p, Initial residual = 0.00768644, Final residual = 6.77723e-05, No Iterations 4
time step continuity errors : sum local = 7.73738e-07, global = 3.05081e-07, cumulative = 3.05081e-07
GAMG:  Solving for p, Initial residual = 0.0531874, Final residual = 0.000303467, No Iterations 4
GAMG:  Solving for p, Initial residual = 0.00804415, Final residual = 7.21685e-05, No Iterations 14
GAMG:  Solving for p, Initial residual = 0.00385381, Final residual = 3.60881e-05, No Iterations 4
time step continuity errors : sum local = 4.1398e-07, global = 1.63856e-07, cumulative = 4.68937e-07
PIMPLE: iteration 2
DILUPBiCG:  Solving for Ux, Initial residual = 0.0148693, Final residual = 8.53782e-05, No Iterations 1
DILUPBiCG:  Solving for Uy, Initial residual = 0.00305321, Final residual = 6.31506e-06, No Iterations 1
DILUPBiCG:  Solving for Uz, Initial residual = 0.00280096, Final residual = 8.1851e-06, No Iterations 1
GAMG:  Solving for p, Initial residual = 0.0522767, Final residual = 0.000517196, No Iterations 4
GAMG:  Solving for p, Initial residual = 0.0107876, Final residual = 9.19483e-05, No Iterations 16
GAMG:  Solving for p, Initial residual = 0.00491716, Final residual = 3.69285e-05, No Iterations 4
time step continuity errors : sum local = 3.67256e-07, global = -1.34634e-07, cumulative = 3.34303e-07
GAMG:  Solving for p, Initial residual = 0.0276101, Final residual = 0.000247737, No Iterations 4
GAMG:  Solving for p, Initial residual = 0.00583289, Final residual = 5.72829e-05, No Iterations 12
GAMG:  Solving for p, Initial residual = 0.00235531, Final residual = 2.07286e-05, No Iterations 10
time step continuity errors : sum local = 2.06593e-07, global = -5.25365e-08, cumulative = 2.81766e-07
PIMPLE: iteration 3
DILUPBiCG:  Solving for Ux, Initial residual = 0.00311393, Final residual = 2.44994e-06, No Iterations 2
DILUPBiCG:  Solving for Uy, Initial residual = 0.000692729, Final residual = 4.75704e-06, No Iterations 1
DILUPBiCG:  Solving for Uz, Initial residual = 0.00470076, Final residual = 1.7852e-06, No Iterations 2
GAMG:  Solving for p, Initial residual = 0.0446511, Final residual = 0.000342706, No Iterations 5
GAMG:  Solving for p, Initial residual = 0.0103756, Final residual = 0.000101094, No Iterations 14
GAMG:  Solving for p, Initial residual = 0.0053337, Final residual = 4.39884e-05, No Iterations 12
time step continuity errors : sum local = 4.91051e-07, global = -1.45367e-07, cumulative = 1.364e-07
GAMG:  Solving for p, Initial residual = 0.00256832, Final residual = 2.5611e-05, No Iterations 6
GAMG:  Solving for p, Initial residual = 0.00133095, Final residual = 8.13244e-06, No Iterations 5
GAMG:  Solving for p, Initial residual = 0.000531014, Final residual = 9.93193e-07, No Iterations 26
time step continuity errors : sum local = 1.09558e-08, global = 3.29769e-09, cumulative = 1.39697e-07
DILUPBiCG:  Solving for omega, Initial residual = 0.0013367, Final residual = 8.16311e-07, No Iterations 1
DILUPBiCG:  Solving for k, Initial residual = 0.00388598, Final residual = 6.47528e-07, No Iterations 2
bounding k, min: 0 max: 0.00070869 average: 0.000159022
ExecutionTime = 15.4 s  ClockTime = 15 s

End

