/*---------------------------------------------------------------------------*\
| =========                 |                                                 |
| \\      /  F ield         | OpenFOAM: The Open Source CFD Toolbox           |
|  \\    /   O peration     | Version:  2.3.1                                 |
|   \\  /    A nd           | Web:      www.OpenFOAM.org                      |
|    \\/     M anipulation  |                                                 |
\*---------------------------------------------------------------------------*/
Build  : 2.3.1-262087cdf8db
Exec   : pimpleDyMFoam
Date   : Jun 05 2023
Time   : 18:20:20
Host   : "jcosson-VirtualBox"
PID    : 14710
Case   : /home/jcosson/workspace/henersj_shootingdata/calcs/moderate_deformed/primal/56_intervals_05-06-23/sweep11/interval34
nProcs : 1
sigFpe : Enabling floating point exception trapping (FOAM_SIGFPE).
fileModificationChecking : Monitoring run-time modified files using timeStampMaster
allowSystemOperations : Allowing user-supplied system call operations

// * * * * * * * * * * * * * * * * * * * * * * * * * * * * * * * * * * * * * //
Create time

Create mesh for time = 0.459

Selecting dynamicFvMesh dynamicMotionSolverFvMesh
Selecting motion solver: displacementLaplacian
Selecting motion diffusion: quadratic
Selecting motion diffusion: quadratic
Selecting motion diffusion: inverseDistance

PIMPLE: no residual control data found. Calculations will employ 3 corrector loops

Reading field p

Reading field U

Reading/calculating face flux field phi

Selecting incompressible transport model Newtonian
Selecting turbulence model type RASModel
Selecting RAS turbulence model kOmegaSST
kOmegaSSTCoeffs
{
    alphaK1         0.85034;
    alphaK2         1;
    alphaOmega1     0.5;
    alphaOmega2     0.85616;
    gamma1          0.5532;
    gamma2          0.4403;
    beta1           0.075;
    beta2           0.0828;
    betaStar        0.09;
    a1              0.31;
    c1              10;
    Cmu             0.09;
    b1              1;
    F3              false;
}

Reading/calculating face velocity Uf

No finite volume options present

Courant Number mean: 0.265607 max: 0.589465

Starting time loop

Courant Number mean: 0.265607 max: 0.589465
Time = 0.46

GAMG:  Solving for cellDisplacementx, Initial residual = 0, Final residual = 0, No Iterations 0
GAMG:  Solving for cellDisplacementy, Initial residual = 0, Final residual = 0, No Iterations 0
GAMG:  Solving for cellDisplacementz, Initial residual = 0, Final residual = 0, No Iterations 0
PIMPLE: iteration 1
DILUPBiCG:  Solving for Ux, Initial residual = 0.0221219, Final residual = 8.77739e-05, No Iterations 1
DILUPBiCG:  Solving for Uy, Initial residual = 0.00352121, Final residual = 8.32044e-06, No Iterations 1
DILUPBiCG:  Solving for Uz, Initial residual = 0.0151605, Final residual = 4.20739e-05, No Iterations 1
GAMG:  Solving for p, Initial residual = 0.165378, Final residual = 0.00142882, No Iterations 6
GAMG:  Solving for p, Initial residual = 0.020587, Final residual = 0.000189477, No Iterations 18
GAMG:  Solving for p, Initial residual = 0.00833874, Final residual = 7.37713e-05, No Iterations 12
time step continuity errors : sum local = 5.84095e-07, global = 1.76158e-07, cumulative = 1.76158e-07
GAMG:  Solving for p, Initial residual = 0.066536, Final residual = 0.000450985, No Iterations 6
GAMG:  Solving for p, Initial residual = 0.0102332, Final residual = 8.89133e-05, No Iterations 16
GAMG:  Solving for p, Initial residual = 0.00433959, Final residual = 3.55894e-05, No Iterations 12
time step continuity errors : sum local = 2.80094e-07, global = 8.37625e-08, cumulative = 2.59921e-07
PIMPLE: iteration 2
DILUPBiCG:  Solving for Ux, Initial residual = 0.00706873, Final residual = 3.14192e-05, No Iterations 1
DILUPBiCG:  Solving for Uy, Initial residual = 0.00117917, Final residual = 3.58698e-06, No Iterations 1
DILUPBiCG:  Solving for Uz, Initial residual = 0.00411464, Final residual = 1.33041e-05, No Iterations 1
GAMG:  Solving for p, Initial residual = 0.0686494, Final residual = 0.000381959, No Iterations 4
GAMG:  Solving for p, Initial residual = 0.0113972, Final residual = 0.000112975, No Iterations 12
GAMG:  Solving for p, Initial residual = 0.0052192, Final residual = 4.93866e-05, No Iterations 8
time step continuity errors : sum local = 3.29103e-07, global = -1.0353e-07, cumulative = 1.56391e-07
GAMG:  Solving for p, Initial residual = 0.0344995, Final residual = 0.000163116, No Iterations 4
GAMG:  Solving for p, Initial residual = 0.00557098, Final residual = 5.24324e-05, No Iterations 10
GAMG:  Solving for p, Initial residual = 0.00248975, Final residual = 2.2491e-05, No Iterations 8
time step continuity errors : sum local = 1.50511e-07, global = -4.71176e-08, cumulative = 1.09273e-07
PIMPLE: iteration 3
DILUPBiCG:  Solving for Ux, Initial residual = 0.00198385, Final residual = 5.30553e-07, No Iterations 2
DILUPBiCG:  Solving for Uy, Initial residual = 0.000327696, Final residual = 6.51019e-06, No Iterations 1
DILUPBiCG:  Solving for Uz, Initial residual = 0.00507268, Final residual = 1.37576e-06, No Iterations 2
GAMG:  Solving for p, Initial residual = 0.0440064, Final residual = 0.000336506, No Iterations 5
GAMG:  Solving for p, Initial residual = 0.010125, Final residual = 9.48483e-05, No Iterations 13
GAMG:  Solving for p, Initial residual = 0.00464133, Final residual = 4.4541e-05, No Iterations 10
time step continuity errors : sum local = 3.29829e-07, global = -8.64478e-08, cumulative = 2.28254e-08
GAMG:  Solving for p, Initial residual = 0.00317447, Final residual = 2.90114e-05, No Iterations 12
GAMG:  Solving for p, Initial residual = 0.00178489, Final residual = 1.69566e-05, No Iterations 4
GAMG:  Solving for p, Initial residual = 0.000662833, Final residual = 9.57923e-07, No Iterations 38
time step continuity errors : sum local = 7.08718e-09, global = 2.0993e-09, cumulative = 2.49247e-08
DILUPBiCG:  Solving for omega, Initial residual = 0.000731439, Final residual = 1.26614e-06, No Iterations 1
DILUPBiCG:  Solving for k, Initial residual = 0.00478082, Final residual = 1.41456e-06, No Iterations 2
ExecutionTime = 16.71 s  ClockTime = 17 s

Courant Number mean: 0.262421 max: 0.581904
Time = 0.461

GAMG:  Solving for cellDisplacementx, Initial residual = 0, Final residual = 0, No Iterations 0
GAMG:  Solving for cellDisplacementy, Initial residual = 0, Final residual = 0, No Iterations 0
GAMG:  Solving for cellDisplacementz, Initial residual = 0, Final residual = 0, No Iterations 0
PIMPLE: iteration 1
DILUPBiCG:  Solving for Ux, Initial residual = 0.0247212, Final residual = 9.96754e-05, No Iterations 1
DILUPBiCG:  Solving for Uy, Initial residual = 0.00391954, Final residual = 9.17981e-06, No Iterations 1
DILUPBiCG:  Solving for Uz, Initial residual = 0.0136972, Final residual = 3.88355e-05, No Iterations 1
GAMG:  Solving for p, Initial residual = 0.137177, Final residual = 0.00121434, No Iterations 8
GAMG:  Solving for p, Initial residual = 0.0161895, Final residual = 0.000155371, No Iterations 18
GAMG:  Solving for p, Initial residual = 0.00647445, Final residual = 6.32121e-05, No Iterations 12
time step continuity errors : sum local = 5.46463e-07, global = 1.64574e-07, cumulative = 1.89499e-07
GAMG:  Solving for p, Initial residual = 0.0551786, Final residual = 0.000438005, No Iterations 6
GAMG:  Solving for p, Initial residual = 0.00805282, Final residual = 7.39656e-05, No Iterations 18
GAMG:  Solving for p, Initial residual = 0.00347562, Final residual = 2.84078e-05, No Iterations 12
time step continuity errors : sum local = 2.44116e-07, global = 7.22986e-08, cumulative = 2.61798e-07
PIMPLE: iteration 2
DILUPBiCG:  Solving for Ux, Initial residual = 0.00781327, Final residual = 3.62519e-05, No Iterations 1
DILUPBiCG:  Solving for Uy, Initial residual = 0.00130422, Final residual = 3.73671e-06, No Iterations 1
DILUPBiCG:  Solving for Uz, Initial residual = 0.00401051, Final residual = 1.29472e-05, No Iterations 1
GAMG:  Solving for p, Initial residual = 0.0565171, Final residual = 0.000406665, No Iterations 4
GAMG:  Solving for p, Initial residual = 0.00900093, Final residual = 8.05794e-05, No Iterations 16
GAMG:  Solving for p, Initial residual = 0.00429877, Final residual = 3.94886e-05, No Iterations 8
time step continuity errors : sum local = 2.86408e-07, global = -1.04272e-07, cumulative = 1.57526e-07
GAMG:  Solving for p, Initial residual = 0.0284863, Final residual = 0.000169524, No Iterations 4
GAMG:  Solving for p, Initial residual = 0.00430898, Final residual = 3.63327e-05, No Iterations 14
GAMG:  Solving for p, Initial residual = 0.00197927, Final residual = 1.71389e-05, No Iterations 8
time step continuity errors : sum local = 1.24992e-07, global = -4.21327e-08, cumulative = 1.15393e-07
PIMPLE: iteration 3
DILUPBiCG:  Solving for Ux, Initial residual = 0.00215422, Final residual = 4.79418e-07, No Iterations 2
DILUPBiCG:  Solving for Uy, Initial residual = 0.000355831, Final residual = 6.8164e-06, No Iterations 1
DILUPBiCG:  Solving for Uz, Initial residual = 0.00543076, Final residual = 1.45792e-06, No Iterations 2
GAMG:  Solving for p, Initial residual = 0.0407581, Final residual = 0.000336447, No Iterations 5
GAMG:  Solving for p, Initial residual = 0.00939737, Final residual = 8.2387e-05, No Iterations 15
GAMG:  Solving for p, Initial residual = 0.00437801, Final residual = 3.6088e-05, No Iterations 10
time step continuity errors : sum local = 2.91614e-07, global = -7.6085e-08, cumulative = 3.93081e-08
GAMG:  Solving for p, Initial residual = 0.00289141, Final residual = 2.52924e-05, No Iterations 20
GAMG:  Solving for p, Initial residual = 0.00167974, Final residual = 1.43282e-05, No Iterations 4
GAMG:  Solving for p, Initial residual = 0.000622202, Final residual = 9.97463e-07, No Iterations 36
time step continuity errors : sum local = 8.05856e-09, global = 2.37704e-09, cumulative = 4.16851e-08
DILUPBiCG:  Solving for omega, Initial residual = 0.000686008, Final residual = 1.26597e-06, No Iterations 1
DILUPBiCG:  Solving for k, Initial residual = 0.00481234, Final residual = 1.20938e-06, No Iterations 2
ExecutionTime = 31.35 s  ClockTime = 32 s

End

