/*---------------------------------------------------------------------------*\
| =========                 |                                                 |
| \\      /  F ield         | OpenFOAM: The Open Source CFD Toolbox           |
|  \\    /   O peration     | Version:  2.3.1                                 |
|   \\  /    A nd           | Web:      www.OpenFOAM.org                      |
|    \\/     M anipulation  |                                                 |
\*---------------------------------------------------------------------------*/
Build  : 2.3.1-262087cdf8db
Exec   : pimpleDyMFoam
Date   : Jun 06 2023
Time   : 01:38:07
Host   : "jcosson-VirtualBox"
PID    : 6381
Case   : /home/jcosson/workspace/henersj_shootingdata/calcs/moderate_deformed/primal/100_intervals_05-06-23/sweep40/interval88
nProcs : 1
sigFpe : Enabling floating point exception trapping (FOAM_SIGFPE).
fileModificationChecking : Monitoring run-time modified files using timeStampMaster
allowSystemOperations : Allowing user-supplied system call operations

// * * * * * * * * * * * * * * * * * * * * * * * * * * * * * * * * * * * * * //
Create time

Create mesh for time = 0.487

Selecting dynamicFvMesh dynamicMotionSolverFvMesh
Selecting motion solver: displacementLaplacian
Selecting motion diffusion: quadratic
Selecting motion diffusion: quadratic
Selecting motion diffusion: inverseDistance

PIMPLE: no residual control data found. Calculations will employ 3 corrector loops

Reading field p

Reading field U

Reading/calculating face flux field phi

Selecting incompressible transport model Newtonian
Selecting turbulence model type RASModel
Selecting RAS turbulence model kOmegaSST
bounding k, min: 0 max: 0.000663208 average: 0.000155389
kOmegaSSTCoeffs
{
    alphaK1         0.85034;
    alphaK2         1;
    alphaOmega1     0.5;
    alphaOmega2     0.85616;
    gamma1          0.5532;
    gamma2          0.4403;
    beta1           0.075;
    beta2           0.0828;
    betaStar        0.09;
    a1              0.31;
    c1              10;
    Cmu             0.09;
    b1              1;
    F3              false;
}

Reading/calculating face velocity Uf

No finite volume options present

Courant Number mean: 0.127291 max: 0.288503

Starting time loop

Courant Number mean: 0.127291 max: 0.288503
Time = 0.488

GAMG:  Solving for cellDisplacementx, Initial residual = 0, Final residual = 0, No Iterations 0
GAMG:  Solving for cellDisplacementy, Initial residual = 0, Final residual = 0, No Iterations 0
GAMG:  Solving for cellDisplacementz, Initial residual = 0, Final residual = 0, No Iterations 0
PIMPLE: iteration 1
DILUPBiCG:  Solving for Ux, Initial residual = 0.0593881, Final residual = 0.000220356, No Iterations 1
DILUPBiCG:  Solving for Uy, Initial residual = 0.0115708, Final residual = 2.32512e-05, No Iterations 1
DILUPBiCG:  Solving for Uz, Initial residual = 0.0125315, Final residual = 1.20645e-05, No Iterations 1
GAMG:  Solving for p, Initial residual = 0.116958, Final residual = 0.000855867, No Iterations 4
GAMG:  Solving for p, Initial residual = 0.0157384, Final residual = 0.000156247, No Iterations 16
GAMG:  Solving for p, Initial residual = 0.00738547, Final residual = 6.58971e-05, No Iterations 4
time step continuity errors : sum local = 8.02699e-07, global = 2.6044e-07, cumulative = 2.6044e-07
GAMG:  Solving for p, Initial residual = 0.0524345, Final residual = 0.000360755, No Iterations 4
GAMG:  Solving for p, Initial residual = 0.00779672, Final residual = 6.7741e-05, No Iterations 16
GAMG:  Solving for p, Initial residual = 0.00373691, Final residual = 3.0775e-05, No Iterations 4
time step continuity errors : sum local = 3.77333e-07, global = 1.19527e-07, cumulative = 3.79967e-07
PIMPLE: iteration 2
DILUPBiCG:  Solving for Ux, Initial residual = 0.0154895, Final residual = 8.76691e-05, No Iterations 1
DILUPBiCG:  Solving for Uy, Initial residual = 0.00314742, Final residual = 6.26926e-06, No Iterations 1
DILUPBiCG:  Solving for Uz, Initial residual = 0.00257977, Final residual = 9.19509e-06, No Iterations 1
GAMG:  Solving for p, Initial residual = 0.0514664, Final residual = 0.000495403, No Iterations 4
GAMG:  Solving for p, Initial residual = 0.0100951, Final residual = 8.77258e-05, No Iterations 16
GAMG:  Solving for p, Initial residual = 0.00437422, Final residual = 4.29973e-05, No Iterations 4
time step continuity errors : sum local = 4.58514e-07, global = -1.74567e-07, cumulative = 2.05401e-07
GAMG:  Solving for p, Initial residual = 0.026883, Final residual = 0.000235698, No Iterations 4
GAMG:  Solving for p, Initial residual = 0.00519604, Final residual = 4.47554e-05, No Iterations 14
GAMG:  Solving for p, Initial residual = 0.00209736, Final residual = 1.96523e-05, No Iterations 4
time step continuity errors : sum local = 2.1024e-07, global = -8.15334e-08, cumulative = 1.23867e-07
PIMPLE: iteration 3
DILUPBiCG:  Solving for Ux, Initial residual = 0.00332777, Final residual = 2.53257e-06, No Iterations 2
DILUPBiCG:  Solving for Uy, Initial residual = 0.000722639, Final residual = 4.68771e-06, No Iterations 1
DILUPBiCG:  Solving for Uz, Initial residual = 0.00488557, Final residual = 1.88372e-06, No Iterations 2
GAMG:  Solving for p, Initial residual = 0.0446986, Final residual = 0.000330389, No Iterations 5
GAMG:  Solving for p, Initial residual = 0.0101934, Final residual = 9.37539e-05, No Iterations 14
GAMG:  Solving for p, Initial residual = 0.00518241, Final residual = 4.83719e-05, No Iterations 10
time step continuity errors : sum local = 5.77883e-07, global = -1.52727e-07, cumulative = -2.88599e-08
GAMG:  Solving for p, Initial residual = 0.00253086, Final residual = 2.35906e-05, No Iterations 7
GAMG:  Solving for p, Initial residual = 0.00134973, Final residual = 1.32434e-05, No Iterations 4
GAMG:  Solving for p, Initial residual = 0.000556608, Final residual = 9.04934e-07, No Iterations 30
time step continuity errors : sum local = 1.06855e-08, global = 3.22932e-09, cumulative = -2.56306e-08
DILUPBiCG:  Solving for omega, Initial residual = 0.00116704, Final residual = 7.53647e-07, No Iterations 1
DILUPBiCG:  Solving for k, Initial residual = 0.00364904, Final residual = 6.19747e-07, No Iterations 2
bounding k, min: 0 max: 0.000649702 average: 0.000154431
ExecutionTime = 15.47 s  ClockTime = 16 s

End

