/*---------------------------------------------------------------------------*\
| =========                 |                                                 |
| \\      /  F ield         | OpenFOAM: The Open Source CFD Toolbox           |
|  \\    /   O peration     | Version:  2.3.1                                 |
|   \\  /    A nd           | Web:      www.OpenFOAM.org                      |
|    \\/     M anipulation  |                                                 |
\*---------------------------------------------------------------------------*/
Build  : 2.3.1-262087cdf8db
Exec   : pimpleDyMFoam
Date   : Jun 06 2023
Time   : 01:38:21
Host   : "jcosson-VirtualBox"
PID    : 6405
Case   : /home/jcosson/workspace/henersj_shootingdata/calcs/moderate_deformed/primal/100_intervals_05-06-23/sweep40/interval100
nProcs : 1
sigFpe : Enabling floating point exception trapping (FOAM_SIGFPE).
fileModificationChecking : Monitoring run-time modified files using timeStampMaster
allowSystemOperations : Allowing user-supplied system call operations

// * * * * * * * * * * * * * * * * * * * * * * * * * * * * * * * * * * * * * //
Create time

Create mesh for time = 0.499

Selecting dynamicFvMesh dynamicMotionSolverFvMesh
Selecting motion solver: displacementLaplacian
Selecting motion diffusion: quadratic
Selecting motion diffusion: quadratic
Selecting motion diffusion: inverseDistance

PIMPLE: no residual control data found. Calculations will employ 3 corrector loops

Reading field p

Reading field U

Reading/calculating face flux field phi

Selecting incompressible transport model Newtonian
Selecting turbulence model type RASModel
Selecting RAS turbulence model kOmegaSST
bounding k, min: 0 max: 0.00055255 average: 0.000147704
kOmegaSSTCoeffs
{
    alphaK1         0.85034;
    alphaK2         1;
    alphaOmega1     0.5;
    alphaOmega2     0.85616;
    gamma1          0.5532;
    gamma2          0.4403;
    beta1           0.075;
    beta2           0.0828;
    betaStar        0.09;
    a1              0.31;
    c1              10;
    Cmu             0.09;
    b1              1;
    F3              false;
}

Reading/calculating face velocity Uf

No finite volume options present

Courant Number mean: 0.098808 max: 0.227731

Starting time loop

Courant Number mean: 0.098808 max: 0.227731
Time = 0.5

GAMG:  Solving for cellDisplacementx, Initial residual = 0, Final residual = 0, No Iterations 0
GAMG:  Solving for cellDisplacementy, Initial residual = 0, Final residual = 0, No Iterations 0
GAMG:  Solving for cellDisplacementz, Initial residual = 0, Final residual = 0, No Iterations 0
PIMPLE: iteration 1
DILUPBiCG:  Solving for Ux, Initial residual = 0.00912848, Final residual = 3.42862e-05, No Iterations 1
DILUPBiCG:  Solving for Uy, Initial residual = 0.00212386, Final residual = 4.32853e-06, No Iterations 1
DILUPBiCG:  Solving for Uz, Initial residual = 0.00915048, Final residual = 1.79499e-05, No Iterations 1
GAMG:  Solving for p, Initial residual = 0.0893042, Final residual = 0.000724963, No Iterations 6
GAMG:  Solving for p, Initial residual = 0.0482153, Final residual = 0.000398497, No Iterations 4
GAMG:  Solving for p, Initial residual = 0.00870147, Final residual = 8.65109e-05, No Iterations 19
time step continuity errors : sum local = 1.5449e-07, global = -4.35457e-08, cumulative = -4.35457e-08
GAMG:  Solving for p, Initial residual = 0.0489582, Final residual = 0.000413473, No Iterations 5
GAMG:  Solving for p, Initial residual = 0.0234555, Final residual = 0.000180378, No Iterations 4
GAMG:  Solving for p, Initial residual = 0.00442696, Final residual = 4.42577e-05, No Iterations 10
time step continuity errors : sum local = 7.81581e-08, global = -2.04083e-08, cumulative = -6.39539e-08
PIMPLE: iteration 2
DILUPBiCG:  Solving for Ux, Initial residual = 0.00150981, Final residual = 2.40184e-05, No Iterations 1
DILUPBiCG:  Solving for Uy, Initial residual = 0.000380426, Final residual = 6.09802e-06, No Iterations 1
DILUPBiCG:  Solving for Uz, Initial residual = 0.00296109, Final residual = 9.86767e-07, No Iterations 2
GAMG:  Solving for p, Initial residual = 0.0469388, Final residual = 0.000460811, No Iterations 9
GAMG:  Solving for p, Initial residual = 0.0350102, Final residual = 0.000348526, No Iterations 7
GAMG:  Solving for p, Initial residual = 0.0069747, Final residual = 6.32122e-05, No Iterations 21
time step continuity errors : sum local = 1.003e-07, global = -2.88018e-08, cumulative = -9.27558e-08
GAMG:  Solving for p, Initial residual = 0.0260792, Final residual = 0.000213523, No Iterations 9
GAMG:  Solving for p, Initial residual = 0.0168597, Final residual = 0.000163813, No Iterations 6
GAMG:  Solving for p, Initial residual = 0.00331759, Final residual = 3.13884e-05, No Iterations 20
time step continuity errors : sum local = 4.96267e-08, global = -1.4068e-08, cumulative = -1.06824e-07
PIMPLE: iteration 3
DILUPBiCG:  Solving for Ux, Initial residual = 0.000190441, Final residual = 1.81057e-06, No Iterations 1
DILUPBiCG:  Solving for Uy, Initial residual = 7.23485e-05, Final residual = 6.28006e-07, No Iterations 1
DILUPBiCG:  Solving for Uz, Initial residual = 0.00118425, Final residual = 7.86439e-06, No Iterations 1
GAMG:  Solving for p, Initial residual = 0.116301, Final residual = 0.00104569, No Iterations 3
GAMG:  Solving for p, Initial residual = 0.0168606, Final residual = 0.000159414, No Iterations 20
GAMG:  Solving for p, Initial residual = 0.0182025, Final residual = 0.000176635, No Iterations 4
time step continuity errors : sum local = 2.78263e-07, global = -4.43525e-08, cumulative = -1.51176e-07
GAMG:  Solving for p, Initial residual = 0.00486189, Final residual = 3.84525e-05, No Iterations 8
GAMG:  Solving for p, Initial residual = 0.0024252, Final residual = 1.87949e-05, No Iterations 6
GAMG:  Solving for p, Initial residual = 0.000821397, Final residual = 9.84598e-07, No Iterations 23
time step continuity errors : sum local = 1.51487e-09, global = 5.4209e-10, cumulative = -1.50634e-07
DILUPBiCG:  Solving for omega, Initial residual = 0.00136937, Final residual = 6.83527e-07, No Iterations 1
DILUPBiCG:  Solving for k, Initial residual = 0.0032894, Final residual = 7.02556e-07, No Iterations 2
bounding k, min: 0 max: 0.000542194 average: 0.000146984
ExecutionTime = 6.27 s  ClockTime = 6 s

End

