/*---------------------------------------------------------------------------*\
| =========                 |                                                 |
| \\      /  F ield         | OpenFOAM: The Open Source CFD Toolbox           |
|  \\    /   O peration     | Version:  2.3.1                                 |
|   \\  /    A nd           | Web:      www.OpenFOAM.org                      |
|    \\/     M anipulation  |                                                 |
\*---------------------------------------------------------------------------*/
Build  : 2.3.1-262087cdf8db
Exec   : pimpleDyMFoam
Date   : Jun 06 2023
Time   : 01:37:15
Host   : "jcosson-VirtualBox"
PID    : 6306
Case   : /home/jcosson/workspace/henersj_shootingdata/calcs/moderate_deformed/primal/100_intervals_05-06-23/sweep40/interval53
nProcs : 1
sigFpe : Enabling floating point exception trapping (FOAM_SIGFPE).
fileModificationChecking : Monitoring run-time modified files using timeStampMaster
allowSystemOperations : Allowing user-supplied system call operations

// * * * * * * * * * * * * * * * * * * * * * * * * * * * * * * * * * * * * * //
Create time

Create mesh for time = 0.452

Selecting dynamicFvMesh dynamicMotionSolverFvMesh
Selecting motion solver: displacementLaplacian
Selecting motion diffusion: quadratic
Selecting motion diffusion: quadratic
Selecting motion diffusion: inverseDistance

PIMPLE: no residual control data found. Calculations will employ 3 corrector loops

Reading field p

Reading field U

Reading/calculating face flux field phi

Selecting incompressible transport model Newtonian
Selecting turbulence model type RASModel
Selecting RAS turbulence model kOmegaSST
kOmegaSSTCoeffs
{
    alphaK1         0.85034;
    alphaK2         1;
    alphaOmega1     0.5;
    alphaOmega2     0.85616;
    gamma1          0.5532;
    gamma2          0.4403;
    beta1           0.075;
    beta2           0.0828;
    betaStar        0.09;
    a1              0.31;
    c1              10;
    Cmu             0.09;
    b1              1;
    F3              false;
}

Reading/calculating face velocity Uf

No finite volume options present

Courant Number mean: 0.279286 max: 0.619445

Starting time loop

Courant Number mean: 0.279286 max: 0.619445
Time = 0.453

GAMG:  Solving for cellDisplacementx, Initial residual = 0, Final residual = 0, No Iterations 0
GAMG:  Solving for cellDisplacementy, Initial residual = 0, Final residual = 0, No Iterations 0
GAMG:  Solving for cellDisplacementz, Initial residual = 0, Final residual = 0, No Iterations 0
PIMPLE: iteration 1
DILUPBiCG:  Solving for Ux, Initial residual = 0.00377751, Final residual = 1.52208e-05, No Iterations 1
DILUPBiCG:  Solving for Uy, Initial residual = 0.000728266, Final residual = 4.96153e-06, No Iterations 1
DILUPBiCG:  Solving for Uz, Initial residual = 0.0136969, Final residual = 3.36587e-05, No Iterations 1
GAMG:  Solving for p, Initial residual = 0.257576, Final residual = 0.00190467, No Iterations 6
GAMG:  Solving for p, Initial residual = 0.0389762, Final residual = 0.000340727, No Iterations 14
GAMG:  Solving for p, Initial residual = 0.0153678, Final residual = 0.000130708, No Iterations 12
time step continuity errors : sum local = 4.16612e-07, global = 1.23877e-07, cumulative = 1.23877e-07
GAMG:  Solving for p, Initial residual = 0.100929, Final residual = 0.000891901, No Iterations 4
GAMG:  Solving for p, Initial residual = 0.0198296, Final residual = 0.000179551, No Iterations 12
GAMG:  Solving for p, Initial residual = 0.00794343, Final residual = 6.6696e-05, No Iterations 12
time step continuity errors : sum local = 2.11834e-07, global = 6.28381e-08, cumulative = 1.86715e-07
PIMPLE: iteration 2
DILUPBiCG:  Solving for Ux, Initial residual = 0.00163988, Final residual = 1.36391e-05, No Iterations 1
DILUPBiCG:  Solving for Uy, Initial residual = 0.000300357, Final residual = 2.22963e-06, No Iterations 1
DILUPBiCG:  Solving for Uz, Initial residual = 0.00432247, Final residual = 1.30528e-05, No Iterations 1
GAMG:  Solving for p, Initial residual = 0.104465, Final residual = 0.000641787, No Iterations 3
GAMG:  Solving for p, Initial residual = 0.0196621, Final residual = 0.00019188, No Iterations 6
GAMG:  Solving for p, Initial residual = 0.00786277, Final residual = 5.80993e-05, No Iterations 5
time step continuity errors : sum local = 1.66145e-07, global = 4.72671e-08, cumulative = 2.33982e-07
GAMG:  Solving for p, Initial residual = 0.0495929, Final residual = 0.000267115, No Iterations 3
GAMG:  Solving for p, Initial residual = 0.0095876, Final residual = 8.85391e-05, No Iterations 5
GAMG:  Solving for p, Initial residual = 0.00396422, Final residual = 3.2184e-05, No Iterations 10
time step continuity errors : sum local = 9.24605e-08, global = 2.3309e-08, cumulative = 2.57291e-07
PIMPLE: iteration 3
DILUPBiCG:  Solving for Ux, Initial residual = 0.000663775, Final residual = 1.24361e-07, No Iterations 2
DILUPBiCG:  Solving for Uy, Initial residual = 0.000119092, Final residual = 1.95171e-06, No Iterations 1
DILUPBiCG:  Solving for Uz, Initial residual = 0.00142477, Final residual = 8.56176e-06, No Iterations 1
GAMG:  Solving for p, Initial residual = 0.0800668, Final residual = 0.000345805, No Iterations 4
GAMG:  Solving for p, Initial residual = 0.0176081, Final residual = 0.000145636, No Iterations 4
GAMG:  Solving for p, Initial residual = 0.00809218, Final residual = 7.55715e-05, No Iterations 4
time step continuity errors : sum local = 2.22795e-07, global = -3.85052e-08, cumulative = 2.18786e-07
GAMG:  Solving for p, Initial residual = 0.0058702, Final residual = 3.35054e-05, No Iterations 5
GAMG:  Solving for p, Initial residual = 0.00307741, Final residual = 2.56534e-05, No Iterations 4
GAMG:  Solving for p, Initial residual = 0.00109054, Final residual = 8.82498e-07, No Iterations 30
time step continuity errors : sum local = 2.58506e-09, global = 7.70176e-10, cumulative = 2.19556e-07
DILUPBiCG:  Solving for omega, Initial residual = 0.000962015, Final residual = 1.38618e-06, No Iterations 1
DILUPBiCG:  Solving for k, Initial residual = 0.00483423, Final residual = 1.14999e-06, No Iterations 2
ExecutionTime = 16.24 s  ClockTime = 17 s

End

