/*---------------------------------------------------------------------------*\
| =========                 |                                                 |
| \\      /  F ield         | OpenFOAM: The Open Source CFD Toolbox           |
|  \\    /   O peration     | Version:  2.3.1                                 |
|   \\  /    A nd           | Web:      www.OpenFOAM.org                      |
|    \\/     M anipulation  |                                                 |
\*---------------------------------------------------------------------------*/
Build  : 2.3.1-262087cdf8db
Exec   : pimpleDyMFoam
Date   : Jun 05 2023
Time   : 19:29:21
Host   : "jcosson-VirtualBox"
PID    : 6348
Case   : /home/jcosson/workspace/henersj_shootingdata/calcs/moderate_deformed/primal/56_intervals_05-06-23/sweep45/interval45
nProcs : 1
sigFpe : Enabling floating point exception trapping (FOAM_SIGFPE).
fileModificationChecking : Monitoring run-time modified files using timeStampMaster
allowSystemOperations : Allowing user-supplied system call operations

// * * * * * * * * * * * * * * * * * * * * * * * * * * * * * * * * * * * * * //
Create time

Create mesh for time = 0.479

Selecting dynamicFvMesh dynamicMotionSolverFvMesh
Selecting motion solver: displacementLaplacian
Selecting motion diffusion: quadratic
Selecting motion diffusion: quadratic
Selecting motion diffusion: inverseDistance

PIMPLE: no residual control data found. Calculations will employ 3 corrector loops

Reading field p

Reading field U

Reading/calculating face flux field phi

Selecting incompressible transport model Newtonian
Selecting turbulence model type RASModel
Selecting RAS turbulence model kOmegaSST
bounding k, min: 0 max: 0.000679159 average: 0.000158093
kOmegaSSTCoeffs
{
    alphaK1         0.85034;
    alphaK2         1;
    alphaOmega1     0.5;
    alphaOmega2     0.85616;
    gamma1          0.5532;
    gamma2          0.4403;
    beta1           0.075;
    beta2           0.0828;
    betaStar        0.09;
    a1              0.31;
    c1              10;
    Cmu             0.09;
    b1              1;
    F3              false;
}

Reading/calculating face velocity Uf

No finite volume options present

Courant Number mean: 0.166394 max: 0.366443

Starting time loop

Courant Number mean: 0.166394 max: 0.366443
Time = 0.48

GAMG:  Solving for cellDisplacementx, Initial residual = 0, Final residual = 0, No Iterations 0
GAMG:  Solving for cellDisplacementy, Initial residual = 0, Final residual = 0, No Iterations 0
GAMG:  Solving for cellDisplacementz, Initial residual = 0, Final residual = 0, No Iterations 0
PIMPLE: iteration 1
DILUPBiCG:  Solving for Ux, Initial residual = 0.0636124, Final residual = 0.000256271, No Iterations 1
DILUPBiCG:  Solving for Uy, Initial residual = 0.0111507, Final residual = 2.46901e-05, No Iterations 1
DILUPBiCG:  Solving for Uz, Initial residual = 0.011135, Final residual = 1.9362e-05, No Iterations 1
GAMG:  Solving for p, Initial residual = 0.120197, Final residual = 0.0011928, No Iterations 4
GAMG:  Solving for p, Initial residual = 0.01433, Final residual = 0.000131527, No Iterations 20
GAMG:  Solving for p, Initial residual = 0.0066787, Final residual = 6.15219e-05, No Iterations 10
time step continuity errors : sum local = 9.42382e-07, global = 2.53605e-07, cumulative = 2.53605e-07
GAMG:  Solving for p, Initial residual = 0.0522301, Final residual = 0.000460273, No Iterations 4
GAMG:  Solving for p, Initial residual = 0.00719145, Final residual = 6.3724e-05, No Iterations 18
GAMG:  Solving for p, Initial residual = 0.0033947, Final residual = 3.10749e-05, No Iterations 10
time step continuity errors : sum local = 4.77148e-07, global = 1.27844e-07, cumulative = 3.8145e-07
PIMPLE: iteration 2
DILUPBiCG:  Solving for Ux, Initial residual = 0.017574, Final residual = 0.000106902, No Iterations 1
DILUPBiCG:  Solving for Uy, Initial residual = 0.00324496, Final residual = 7.10644e-06, No Iterations 1
DILUPBiCG:  Solving for Uz, Initial residual = 0.00323451, Final residual = 1.15928e-05, No Iterations 1
GAMG:  Solving for p, Initial residual = 0.051939, Final residual = 0.000476719, No Iterations 4
GAMG:  Solving for p, Initial residual = 0.00880556, Final residual = 8.48e-05, No Iterations 16
GAMG:  Solving for p, Initial residual = 0.00387897, Final residual = 3.61369e-05, No Iterations 10
time step continuity errors : sum local = 4.78002e-07, global = -1.25935e-07, cumulative = 2.55515e-07
GAMG:  Solving for p, Initial residual = 0.0268584, Final residual = 0.000213406, No Iterations 4
GAMG:  Solving for p, Initial residual = 0.00443069, Final residual = 4.0442e-05, No Iterations 14
GAMG:  Solving for p, Initial residual = 0.00183861, Final residual = 1.77708e-05, No Iterations 10
time step continuity errors : sum local = 2.36153e-07, global = -6.11642e-08, cumulative = 1.94351e-07
PIMPLE: iteration 3
DILUPBiCG:  Solving for Ux, Initial residual = 0.00408712, Final residual = 2.79322e-06, No Iterations 2
DILUPBiCG:  Solving for Uy, Initial residual = 0.00076536, Final residual = 5.67465e-06, No Iterations 1
DILUPBiCG:  Solving for Uz, Initial residual = 0.00677134, Final residual = 3.5651e-06, No Iterations 2
GAMG:  Solving for p, Initial residual = 0.0414437, Final residual = 0.000354844, No Iterations 5
GAMG:  Solving for p, Initial residual = 0.00952032, Final residual = 7.89026e-05, No Iterations 4
GAMG:  Solving for p, Initial residual = 0.00441358, Final residual = 4.31998e-05, No Iterations 4
time step continuity errors : sum local = 6.42684e-07, global = -2.1785e-07, cumulative = -2.34993e-08
GAMG:  Solving for p, Initial residual = 0.00236009, Final residual = 2.09894e-05, No Iterations 16
GAMG:  Solving for p, Initial residual = 0.00127894, Final residual = 1.10782e-05, No Iterations 4
GAMG:  Solving for p, Initial residual = 0.000532295, Final residual = 9.05645e-07, No Iterations 26
time step continuity errors : sum local = 1.33539e-08, global = 3.94779e-09, cumulative = -1.95515e-08
DILUPBiCG:  Solving for omega, Initial residual = 0.000784467, Final residual = 6.79292e-07, No Iterations 1
DILUPBiCG:  Solving for k, Initial residual = 0.00395625, Final residual = 1.12905e-06, No Iterations 2
bounding k, min: 0 max: 0.000671241 average: 0.000157064
ExecutionTime = 14.24 s  ClockTime = 14 s

End

