/*---------------------------------------------------------------------------*\
| =========                 |                                                 |
| \\      /  F ield         | OpenFOAM: The Open Source CFD Toolbox           |
|  \\    /   O peration     | Version:  2.3.1                                 |
|   \\  /    A nd           | Web:      www.OpenFOAM.org                      |
|    \\/     M anipulation  |                                                 |
\*---------------------------------------------------------------------------*/
Build  : 2.3.1-262087cdf8db
Exec   : pimpleDyMFoam
Date   : Jun 06 2023
Time   : 02:04:41
Host   : "jcosson-VirtualBox"
PID    : 20058
Case   : /home/jcosson/workspace/henersj_shootingdata/calcs/moderate_deformed/primal/100_intervals_05-06-23/sweep51/interval79
nProcs : 1
sigFpe : Enabling floating point exception trapping (FOAM_SIGFPE).
fileModificationChecking : Monitoring run-time modified files using timeStampMaster
allowSystemOperations : Allowing user-supplied system call operations

// * * * * * * * * * * * * * * * * * * * * * * * * * * * * * * * * * * * * * //
Create time

Create mesh for time = 0.478

Selecting dynamicFvMesh dynamicMotionSolverFvMesh
Selecting motion solver: displacementLaplacian
Selecting motion diffusion: quadratic
Selecting motion diffusion: quadratic
Selecting motion diffusion: inverseDistance

PIMPLE: no residual control data found. Calculations will employ 3 corrector loops

Reading field p

Reading field U

Reading/calculating face flux field phi

Selecting incompressible transport model Newtonian
Selecting turbulence model type RASModel
Selecting RAS turbulence model kOmegaSST
bounding k, min: 0 max: 0.000743988 average: 0.000161293
kOmegaSSTCoeffs
{
    alphaK1         0.85034;
    alphaK2         1;
    alphaOmega1     0.5;
    alphaOmega2     0.85616;
    gamma1          0.5532;
    gamma2          0.4403;
    beta1           0.075;
    beta2           0.0828;
    betaStar        0.09;
    a1              0.31;
    c1              10;
    Cmu             0.09;
    b1              1;
    F3              false;
}

Reading/calculating face velocity Uf

No finite volume options present

Courant Number mean: 0.172125 max: 0.37814

Starting time loop

Courant Number mean: 0.172125 max: 0.37814
Time = 0.479

GAMG:  Solving for cellDisplacementx, Initial residual = 0, Final residual = 0, No Iterations 0
GAMG:  Solving for cellDisplacementy, Initial residual = 0, Final residual = 0, No Iterations 0
GAMG:  Solving for cellDisplacementz, Initial residual = 0, Final residual = 0, No Iterations 0
PIMPLE: iteration 1
DILUPBiCG:  Solving for Ux, Initial residual = 0.062663, Final residual = 0.000252725, No Iterations 1
DILUPBiCG:  Solving for Uy, Initial residual = 0.0108759, Final residual = 2.3764e-05, No Iterations 1
DILUPBiCG:  Solving for Uz, Initial residual = 0.0105736, Final residual = 2.07954e-05, No Iterations 1
GAMG:  Solving for p, Initial residual = 0.120972, Final residual = 0.000831228, No Iterations 6
GAMG:  Solving for p, Initial residual = 0.0142926, Final residual = 0.000129174, No Iterations 18
GAMG:  Solving for p, Initial residual = 0.0063627, Final residual = 6.27467e-05, No Iterations 10
time step continuity errors : sum local = 9.6365e-07, global = 2.58894e-07, cumulative = 2.58894e-07
GAMG:  Solving for p, Initial residual = 0.0523926, Final residual = 0.000470523, No Iterations 4
GAMG:  Solving for p, Initial residual = 0.00724227, Final residual = 6.50765e-05, No Iterations 18
GAMG:  Solving for p, Initial residual = 0.00339219, Final residual = 3.18857e-05, No Iterations 10
time step continuity errors : sum local = 4.90756e-07, global = 1.3116e-07, cumulative = 3.90054e-07
PIMPLE: iteration 2
DILUPBiCG:  Solving for Ux, Initial residual = 0.0174152, Final residual = 0.000106511, No Iterations 1
DILUPBiCG:  Solving for Uy, Initial residual = 0.00318604, Final residual = 6.86133e-06, No Iterations 1
DILUPBiCG:  Solving for Uz, Initial residual = 0.00310178, Final residual = 1.19693e-05, No Iterations 1
GAMG:  Solving for p, Initial residual = 0.052166, Final residual = 0.000478164, No Iterations 4
GAMG:  Solving for p, Initial residual = 0.00878526, Final residual = 8.48886e-05, No Iterations 16
GAMG:  Solving for p, Initial residual = 0.00389576, Final residual = 3.58252e-05, No Iterations 10
time step continuity errors : sum local = 4.74094e-07, global = -1.25022e-07, cumulative = 2.65032e-07
GAMG:  Solving for p, Initial residual = 0.0269704, Final residual = 0.00021338, No Iterations 4
GAMG:  Solving for p, Initial residual = 0.00442755, Final residual = 4.02081e-05, No Iterations 14
GAMG:  Solving for p, Initial residual = 0.00184061, Final residual = 1.75504e-05, No Iterations 10
time step continuity errors : sum local = 2.33358e-07, global = -6.04372e-08, cumulative = 2.04594e-07
PIMPLE: iteration 3
DILUPBiCG:  Solving for Ux, Initial residual = 0.00407859, Final residual = 2.96375e-06, No Iterations 2
DILUPBiCG:  Solving for Uy, Initial residual = 0.000753977, Final residual = 5.76134e-06, No Iterations 1
DILUPBiCG:  Solving for Uz, Initial residual = 0.00664853, Final residual = 4.0676e-06, No Iterations 2
GAMG:  Solving for p, Initial residual = 0.0411965, Final residual = 0.000339793, No Iterations 5
GAMG:  Solving for p, Initial residual = 0.00954001, Final residual = 8.07557e-05, No Iterations 7
GAMG:  Solving for p, Initial residual = 0.00437426, Final residual = 3.57049e-05, No Iterations 10
time step continuity errors : sum local = 5.30422e-07, global = -1.36172e-07, cumulative = 6.84229e-08
GAMG:  Solving for p, Initial residual = 0.00238593, Final residual = 2.26668e-05, No Iterations 16
GAMG:  Solving for p, Initial residual = 0.00130552, Final residual = 1.17615e-05, No Iterations 4
GAMG:  Solving for p, Initial residual = 0.000534239, Final residual = 9.89359e-07, No Iterations 30
time step continuity errors : sum local = 1.46046e-08, global = 4.34e-09, cumulative = 7.27629e-08
DILUPBiCG:  Solving for omega, Initial residual = 0.000763827, Final residual = 6.97575e-07, No Iterations 1
DILUPBiCG:  Solving for k, Initial residual = 0.00407075, Final residual = 1.16509e-06, No Iterations 2
bounding k, min: 0 max: 0.000734942 average: 0.000160218
ExecutionTime = 12.6 s  ClockTime = 13 s

End

