/*---------------------------------------------------------------------------*\
| =========                 |                                                 |
| \\      /  F ield         | OpenFOAM: The Open Source CFD Toolbox           |
|  \\    /   O peration     | Version:  2.3.1                                 |
|   \\  /    A nd           | Web:      www.OpenFOAM.org                      |
|    \\/     M anipulation  |                                                 |
\*---------------------------------------------------------------------------*/
Build  : 2.3.1-262087cdf8db
Exec   : pimpleDyMFoam
Date   : Jun 06 2023
Time   : 02:04:31
Host   : "jcosson-VirtualBox"
PID    : 20046
Case   : /home/jcosson/workspace/henersj_shootingdata/calcs/moderate_deformed/primal/100_intervals_05-06-23/sweep51/interval73
nProcs : 1
sigFpe : Enabling floating point exception trapping (FOAM_SIGFPE).
fileModificationChecking : Monitoring run-time modified files using timeStampMaster
allowSystemOperations : Allowing user-supplied system call operations

// * * * * * * * * * * * * * * * * * * * * * * * * * * * * * * * * * * * * * //
Create time

Create mesh for time = 0.472

Selecting dynamicFvMesh dynamicMotionSolverFvMesh
Selecting motion solver: displacementLaplacian
Selecting motion diffusion: quadratic
Selecting motion diffusion: quadratic
Selecting motion diffusion: inverseDistance

PIMPLE: no residual control data found. Calculations will employ 3 corrector loops

Reading field p

Reading field U

Reading/calculating face flux field phi

Selecting incompressible transport model Newtonian
Selecting turbulence model type RASModel
Selecting RAS turbulence model kOmegaSST
kOmegaSSTCoeffs
{
    alphaK1         0.85034;
    alphaK2         1;
    alphaOmega1     0.5;
    alphaOmega2     0.85616;
    gamma1          0.5532;
    gamma2          0.4403;
    beta1           0.075;
    beta2           0.0828;
    betaStar        0.09;
    a1              0.31;
    c1              10;
    Cmu             0.09;
    b1              1;
    F3              false;
}

Reading/calculating face velocity Uf

No finite volume options present

Courant Number mean: 0.206067 max: 0.456094

Starting time loop

Courant Number mean: 0.206067 max: 0.456094
Time = 0.473

GAMG:  Solving for cellDisplacementx, Initial residual = 0, Final residual = 0, No Iterations 0
GAMG:  Solving for cellDisplacementy, Initial residual = 0, Final residual = 0, No Iterations 0
GAMG:  Solving for cellDisplacementz, Initial residual = 0, Final residual = 0, No Iterations 0
PIMPLE: iteration 1
DILUPBiCG:  Solving for Ux, Initial residual = 0.0534191, Final residual = 0.000221156, No Iterations 1
DILUPBiCG:  Solving for Uy, Initial residual = 0.00883968, Final residual = 2.03004e-05, No Iterations 1
DILUPBiCG:  Solving for Uz, Initial residual = 0.0121761, Final residual = 2.77434e-05, No Iterations 1
GAMG:  Solving for p, Initial residual = 0.127068, Final residual = 0.000973158, No Iterations 6
GAMG:  Solving for p, Initial residual = 0.0146751, Final residual = 0.000144479, No Iterations 18
GAMG:  Solving for p, Initial residual = 0.00640574, Final residual = 5.7453e-05, No Iterations 12
time step continuity errors : sum local = 8.51923e-07, global = 2.56425e-07, cumulative = 2.56425e-07
GAMG:  Solving for p, Initial residual = 0.0539665, Final residual = 0.000330151, No Iterations 6
GAMG:  Solving for p, Initial residual = 0.00742691, Final residual = 6.92488e-05, No Iterations 16
GAMG:  Solving for p, Initial residual = 0.00332421, Final residual = 2.86262e-05, No Iterations 12
time step continuity errors : sum local = 4.24416e-07, global = 1.26995e-07, cumulative = 3.8342e-07
PIMPLE: iteration 2
DILUPBiCG:  Solving for Ux, Initial residual = 0.0154396, Final residual = 9.1536e-05, No Iterations 1
DILUPBiCG:  Solving for Uy, Initial residual = 0.00269479, Final residual = 6.11543e-06, No Iterations 1
DILUPBiCG:  Solving for Uz, Initial residual = 0.00349971, Final residual = 1.26744e-05, No Iterations 1
GAMG:  Solving for p, Initial residual = 0.0542564, Final residual = 0.000476175, No Iterations 4
GAMG:  Solving for p, Initial residual = 0.00886951, Final residual = 8.51997e-05, No Iterations 16
GAMG:  Solving for p, Initial residual = 0.00402679, Final residual = 4.00295e-05, No Iterations 8
time step continuity errors : sum local = 5.06165e-07, global = -1.49765e-07, cumulative = 2.33655e-07
GAMG:  Solving for p, Initial residual = 0.0279065, Final residual = 0.00020857, No Iterations 4
GAMG:  Solving for p, Initial residual = 0.00441471, Final residual = 3.94212e-05, No Iterations 14
GAMG:  Solving for p, Initial residual = 0.00189083, Final residual = 1.70684e-05, No Iterations 10
time step continuity errors : sum local = 2.16986e-07, global = -5.73188e-08, cumulative = 1.76336e-07
PIMPLE: iteration 3
DILUPBiCG:  Solving for Ux, Initial residual = 0.00378392, Final residual = 2.1278e-06, No Iterations 2
DILUPBiCG:  Solving for Uy, Initial residual = 0.000660542, Final residual = 6.63847e-06, No Iterations 1
DILUPBiCG:  Solving for Uz, Initial residual = 0.00725596, Final residual = 3.37951e-06, No Iterations 2
GAMG:  Solving for p, Initial residual = 0.0402957, Final residual = 0.000340491, No Iterations 5
GAMG:  Solving for p, Initial residual = 0.0090827, Final residual = 7.86698e-05, No Iterations 13
GAMG:  Solving for p, Initial residual = 0.00436516, Final residual = 3.69965e-05, No Iterations 10
time step continuity errors : sum local = 5.25331e-07, global = -1.36502e-07, cumulative = 3.98337e-08
GAMG:  Solving for p, Initial residual = 0.00242763, Final residual = 2.35201e-05, No Iterations 18
GAMG:  Solving for p, Initial residual = 0.00134302, Final residual = 1.24321e-05, No Iterations 4
GAMG:  Solving for p, Initial residual = 0.000539535, Final residual = 8.67845e-07, No Iterations 36
time step continuity errors : sum local = 1.22635e-08, global = 3.6044e-09, cumulative = 4.34381e-08
DILUPBiCG:  Solving for omega, Initial residual = 0.000546504, Final residual = 6.14472e-07, No Iterations 1
DILUPBiCG:  Solving for k, Initial residual = 0.0044539, Final residual = 1.67733e-06, No Iterations 2
ExecutionTime = 17.84 s  ClockTime = 18 s

End

