/*---------------------------------------------------------------------------*\
| =========                 |                                                 |
| \\      /  F ield         | OpenFOAM: The Open Source CFD Toolbox           |
|  \\    /   O peration     | Version:  2.3.1                                 |
|   \\  /    A nd           | Web:      www.OpenFOAM.org                      |
|    \\/     M anipulation  |                                                 |
\*---------------------------------------------------------------------------*/
Build  : 2.3.1-262087cdf8db
Exec   : pimpleDyMFoam
Date   : Jun 06 2023
Time   : 02:04:31
Host   : "jcosson-VirtualBox"
PID    : 20048
Case   : /home/jcosson/workspace/henersj_shootingdata/calcs/moderate_deformed/primal/100_intervals_05-06-23/sweep51/interval74
nProcs : 1
sigFpe : Enabling floating point exception trapping (FOAM_SIGFPE).
fileModificationChecking : Monitoring run-time modified files using timeStampMaster
allowSystemOperations : Allowing user-supplied system call operations

// * * * * * * * * * * * * * * * * * * * * * * * * * * * * * * * * * * * * * //
Create time

Create mesh for time = 0.473

Selecting dynamicFvMesh dynamicMotionSolverFvMesh
Selecting motion solver: displacementLaplacian
Selecting motion diffusion: quadratic
Selecting motion diffusion: quadratic
Selecting motion diffusion: inverseDistance

PIMPLE: no residual control data found. Calculations will employ 3 corrector loops

Reading field p

Reading field U

Reading/calculating face flux field phi

Selecting incompressible transport model Newtonian
Selecting turbulence model type RASModel
Selecting RAS turbulence model kOmegaSST
kOmegaSSTCoeffs
{
    alphaK1         0.85034;
    alphaK2         1;
    alphaOmega1     0.5;
    alphaOmega2     0.85616;
    gamma1          0.5532;
    gamma2          0.4403;
    beta1           0.075;
    beta2           0.0828;
    betaStar        0.09;
    a1              0.31;
    c1              10;
    Cmu             0.09;
    b1              1;
    F3              false;
}

Reading/calculating face velocity Uf

No finite volume options present

Courant Number mean: 0.200443 max: 0.443222

Starting time loop

Courant Number mean: 0.200443 max: 0.443222
Time = 0.474

GAMG:  Solving for cellDisplacementx, Initial residual = 0, Final residual = 0, No Iterations 0
GAMG:  Solving for cellDisplacementy, Initial residual = 0, Final residual = 0, No Iterations 0
GAMG:  Solving for cellDisplacementz, Initial residual = 0, Final residual = 0, No Iterations 0
PIMPLE: iteration 1
DILUPBiCG:  Solving for Ux, Initial residual = 0.055346, Final residual = 0.000228471, No Iterations 1
DILUPBiCG:  Solving for Uy, Initial residual = 0.00921924, Final residual = 2.10244e-05, No Iterations 1
DILUPBiCG:  Solving for Uz, Initial residual = 0.0118551, Final residual = 2.65133e-05, No Iterations 1
GAMG:  Solving for p, Initial residual = 0.125798, Final residual = 0.000944697, No Iterations 6
GAMG:  Solving for p, Initial residual = 0.0145338, Final residual = 0.000141996, No Iterations 18
GAMG:  Solving for p, Initial residual = 0.0063892, Final residual = 5.67191e-05, No Iterations 12
time step continuity errors : sum local = 8.53859e-07, global = 2.57032e-07, cumulative = 2.57032e-07
GAMG:  Solving for p, Initial residual = 0.0536142, Final residual = 0.000529125, No Iterations 4
GAMG:  Solving for p, Initial residual = 0.00736678, Final residual = 7.06539e-05, No Iterations 18
GAMG:  Solving for p, Initial residual = 0.00342291, Final residual = 2.8534e-05, No Iterations 12
time step continuity errors : sum local = 4.29711e-07, global = 1.28815e-07, cumulative = 3.85847e-07
PIMPLE: iteration 2
DILUPBiCG:  Solving for Ux, Initial residual = 0.0158927, Final residual = 9.50341e-05, No Iterations 1
DILUPBiCG:  Solving for Uy, Initial residual = 0.00279115, Final residual = 6.27344e-06, No Iterations 1
DILUPBiCG:  Solving for Uz, Initial residual = 0.00342486, Final residual = 1.25622e-05, No Iterations 1
GAMG:  Solving for p, Initial residual = 0.0537998, Final residual = 0.000475571, No Iterations 4
GAMG:  Solving for p, Initial residual = 0.0088162, Final residual = 8.46438e-05, No Iterations 16
GAMG:  Solving for p, Initial residual = 0.00399188, Final residual = 3.54632e-05, No Iterations 10
time step continuity errors : sum local = 4.56001e-07, global = -1.22757e-07, cumulative = 2.63089e-07
GAMG:  Solving for p, Initial residual = 0.0276883, Final residual = 0.000207658, No Iterations 4
GAMG:  Solving for p, Initial residual = 0.00438252, Final residual = 3.91595e-05, No Iterations 14
GAMG:  Solving for p, Initial residual = 0.00187511, Final residual = 1.70489e-05, No Iterations 10
time step continuity errors : sum local = 2.2038e-07, global = -5.77144e-08, cumulative = 2.05375e-07
PIMPLE: iteration 3
DILUPBiCG:  Solving for Ux, Initial residual = 0.00386551, Final residual = 2.27649e-06, No Iterations 2
DILUPBiCG:  Solving for Uy, Initial residual = 0.000680541, Final residual = 6.49652e-06, No Iterations 1
DILUPBiCG:  Solving for Uz, Initial residual = 0.00718453, Final residual = 3.73381e-06, No Iterations 2
GAMG:  Solving for p, Initial residual = 0.0403732, Final residual = 0.000362065, No Iterations 5
GAMG:  Solving for p, Initial residual = 0.00917678, Final residual = 7.99133e-05, No Iterations 11
GAMG:  Solving for p, Initial residual = 0.00434572, Final residual = 3.68983e-05, No Iterations 10
time step continuity errors : sum local = 5.32815e-07, global = -1.3779e-07, cumulative = 6.75847e-08
GAMG:  Solving for p, Initial residual = 0.00242282, Final residual = 2.28826e-05, No Iterations 18
GAMG:  Solving for p, Initial residual = 0.00133507, Final residual = 1.20662e-05, No Iterations 4
GAMG:  Solving for p, Initial residual = 0.000537618, Final residual = 9.37408e-07, No Iterations 34
time step continuity errors : sum local = 1.34685e-08, global = 3.95353e-09, cumulative = 7.15382e-08
DILUPBiCG:  Solving for omega, Initial residual = 0.000575328, Final residual = 6.23568e-07, No Iterations 1
DILUPBiCG:  Solving for k, Initial residual = 0.00437925, Final residual = 1.62956e-06, No Iterations 2
ExecutionTime = 17.96 s  ClockTime = 18 s

End

