/*---------------------------------------------------------------------------*\
| =========                 |                                                 |
| \\      /  F ield         | OpenFOAM: The Open Source CFD Toolbox           |
|  \\    /   O peration     | Version:  2.3.1                                 |
|   \\  /    A nd           | Web:      www.OpenFOAM.org                      |
|    \\/     M anipulation  |                                                 |
\*---------------------------------------------------------------------------*/
Build  : 2.3.1-262087cdf8db
Exec   : pimpleDyMFoam
Date   : Jun 05 2023
Time   : 18:29:38
Host   : "jcosson-VirtualBox"
PID    : 17724
Case   : /home/jcosson/workspace/henersj_shootingdata/calcs/moderate_deformed/primal/56_intervals_05-06-23/sweep14/interval52
nProcs : 1
sigFpe : Enabling floating point exception trapping (FOAM_SIGFPE).
fileModificationChecking : Monitoring run-time modified files using timeStampMaster
allowSystemOperations : Allowing user-supplied system call operations

// * * * * * * * * * * * * * * * * * * * * * * * * * * * * * * * * * * * * * //
Create time

Create mesh for time = 0.491

Selecting dynamicFvMesh dynamicMotionSolverFvMesh
Selecting motion solver: displacementLaplacian
Selecting motion diffusion: quadratic
Selecting motion diffusion: quadratic
Selecting motion diffusion: inverseDistance

PIMPLE: no residual control data found. Calculations will employ 3 corrector loops

Reading field p

Reading field U

Reading/calculating face flux field phi

Selecting incompressible transport model Newtonian
Selecting turbulence model type RASModel
Selecting RAS turbulence model kOmegaSST
bounding k, min: 0 max: 0.000678439 average: 0.000156479
kOmegaSSTCoeffs
{
    alphaK1         0.85034;
    alphaK2         1;
    alphaOmega1     0.5;
    alphaOmega2     0.85616;
    gamma1          0.5532;
    gamma2          0.4403;
    beta1           0.075;
    beta2           0.0828;
    betaStar        0.09;
    a1              0.31;
    c1              10;
    Cmu             0.09;
    b1              1;
    F3              false;
}

Reading/calculating face velocity Uf

No finite volume options present

Courant Number mean: 0.112389 max: 0.254719

Starting time loop

Courant Number mean: 0.112389 max: 0.254719
Time = 0.492

GAMG:  Solving for cellDisplacementx, Initial residual = 0, Final residual = 0, No Iterations 0
GAMG:  Solving for cellDisplacementy, Initial residual = 0, Final residual = 0, No Iterations 0
GAMG:  Solving for cellDisplacementz, Initial residual = 0, Final residual = 0, No Iterations 0
PIMPLE: iteration 1
DILUPBiCG:  Solving for Ux, Initial residual = 0.0482313, Final residual = 0.000176258, No Iterations 1
DILUPBiCG:  Solving for Uy, Initial residual = 0.00999689, Final residual = 2.02095e-05, No Iterations 1
DILUPBiCG:  Solving for Uz, Initial residual = 0.0166477, Final residual = 1.49891e-05, No Iterations 1
GAMG:  Solving for p, Initial residual = 0.113964, Final residual = 0.000638662, No Iterations 4
GAMG:  Solving for p, Initial residual = 0.0164616, Final residual = 0.000155002, No Iterations 16
GAMG:  Solving for p, Initial residual = 0.00813887, Final residual = 7.66272e-05, No Iterations 4
time step continuity errors : sum local = 7.12549e-07, global = 2.45391e-07, cumulative = 2.45391e-07
GAMG:  Solving for p, Initial residual = 0.05208, Final residual = 0.000277124, No Iterations 4
GAMG:  Solving for p, Initial residual = 0.00806072, Final residual = 6.98028e-05, No Iterations 16
GAMG:  Solving for p, Initial residual = 0.00409035, Final residual = 3.64773e-05, No Iterations 4
time step continuity errors : sum local = 3.42262e-07, global = 1.19415e-07, cumulative = 3.64806e-07
PIMPLE: iteration 2
DILUPBiCG:  Solving for Ux, Initial residual = 0.0122024, Final residual = 6.97948e-05, No Iterations 1
DILUPBiCG:  Solving for Uy, Initial residual = 0.00259101, Final residual = 5.27029e-06, No Iterations 1
DILUPBiCG:  Solving for Uz, Initial residual = 0.00293475, Final residual = 9.32673e-06, No Iterations 1
GAMG:  Solving for p, Initial residual = 0.0505862, Final residual = 0.000335168, No Iterations 6
GAMG:  Solving for p, Initial residual = 0.0115052, Final residual = 0.000113214, No Iterations 12
GAMG:  Solving for p, Initial residual = 0.00474669, Final residual = 4.72082e-05, No Iterations 8
time step continuity errors : sum local = 3.86337e-07, global = -8.1373e-08, cumulative = 2.83433e-07
GAMG:  Solving for p, Initial residual = 0.0267587, Final residual = 0.000241666, No Iterations 4
GAMG:  Solving for p, Initial residual = 0.00588411, Final residual = 5.63612e-05, No Iterations 12
GAMG:  Solving for p, Initial residual = 0.00258401, Final residual = 2.21158e-05, No Iterations 4
time step continuity errors : sum local = 1.81451e-07, global = -6.66927e-08, cumulative = 2.16741e-07
PIMPLE: iteration 3
DILUPBiCG:  Solving for Ux, Initial residual = 0.00248259, Final residual = 2.42698e-06, No Iterations 2
DILUPBiCG:  Solving for Uy, Initial residual = 0.000579602, Final residual = 5.29146e-06, No Iterations 1
DILUPBiCG:  Solving for Uz, Initial residual = 0.00513401, Final residual = 1.87501e-06, No Iterations 2
GAMG:  Solving for p, Initial residual = 0.0476104, Final residual = 0.000347766, No Iterations 5
GAMG:  Solving for p, Initial residual = 0.0108467, Final residual = 0.000100934, No Iterations 14
GAMG:  Solving for p, Initial residual = 0.00565636, Final residual = 5.12592e-05, No Iterations 10
time step continuity errors : sum local = 4.68589e-07, global = -1.24414e-07, cumulative = 9.23265e-08
GAMG:  Solving for p, Initial residual = 0.00267032, Final residual = 2.59552e-05, No Iterations 7
GAMG:  Solving for p, Initial residual = 0.00140063, Final residual = 1.0556e-05, No Iterations 6
GAMG:  Solving for p, Initial residual = 0.000578376, Final residual = 9.88526e-07, No Iterations 28
time step continuity errors : sum local = 8.92272e-09, global = 2.71923e-09, cumulative = 9.50457e-08
DILUPBiCG:  Solving for omega, Initial residual = 0.0013951, Final residual = 7.64915e-07, No Iterations 1
DILUPBiCG:  Solving for k, Initial residual = 0.00373362, Final residual = 5.98255e-07, No Iterations 2
bounding k, min: 0 max: 0.000669125 average: 0.000155493
ExecutionTime = 12.89 s  ClockTime = 13 s

Courant Number mean: 0.109509 max: 0.248331
Time = 0.493

GAMG:  Solving for cellDisplacementx, Initial residual = 0, Final residual = 0, No Iterations 0
GAMG:  Solving for cellDisplacementy, Initial residual = 0, Final residual = 0, No Iterations 0
GAMG:  Solving for cellDisplacementz, Initial residual = 0, Final residual = 0, No Iterations 0
PIMPLE: iteration 1
DILUPBiCG:  Solving for Ux, Initial residual = 0.0445102, Final residual = 0.000162486, No Iterations 1
DILUPBiCG:  Solving for Uy, Initial residual = 0.00928834, Final residual = 1.86405e-05, No Iterations 1
DILUPBiCG:  Solving for Uz, Initial residual = 0.0162188, Final residual = 1.75566e-05, No Iterations 1
GAMG:  Solving for p, Initial residual = 0.104666, Final residual = 0.000507929, No Iterations 4
GAMG:  Solving for p, Initial residual = 0.0138267, Final residual = 0.000121146, No Iterations 18
GAMG:  Solving for p, Initial residual = 0.00738514, Final residual = 6.1699e-05, No Iterations 5
time step continuity errors : sum local = 5.25298e-07, global = 1.21124e-07, cumulative = 2.1617e-07
GAMG:  Solving for p, Initial residual = 0.0484277, Final residual = 0.000221297, No Iterations 4
GAMG:  Solving for p, Initial residual = 0.00674062, Final residual = 6.44069e-05, No Iterations 16
GAMG:  Solving for p, Initial residual = 0.0037079, Final residual = 3.17925e-05, No Iterations 5
time step continuity errors : sum local = 2.72115e-07, global = 4.85682e-08, cumulative = 2.64738e-07
PIMPLE: iteration 2
DILUPBiCG:  Solving for Ux, Initial residual = 0.0111338, Final residual = 6.36613e-05, No Iterations 1
DILUPBiCG:  Solving for Uy, Initial residual = 0.00238256, Final residual = 4.82104e-06, No Iterations 1
DILUPBiCG:  Solving for Uz, Initial residual = 0.00268729, Final residual = 7.29062e-06, No Iterations 1
GAMG:  Solving for p, Initial residual = 0.0462619, Final residual = 0.000311618, No Iterations 6
GAMG:  Solving for p, Initial residual = 0.0114532, Final residual = 0.00010274, No Iterations 14
GAMG:  Solving for p, Initial residual = 0.00455236, Final residual = 4.31979e-05, No Iterations 4
time step continuity errors : sum local = 3.21165e-07, global = -1.21905e-07, cumulative = 1.42833e-07
GAMG:  Solving for p, Initial residual = 0.0249055, Final residual = 0.000219664, No Iterations 5
GAMG:  Solving for p, Initial residual = 0.0065815, Final residual = 6.18774e-05, No Iterations 6
GAMG:  Solving for p, Initial residual = 0.0022228, Final residual = 1.51282e-05, No Iterations 5
time step continuity errors : sum local = 1.12537e-07, global = -2.90337e-08, cumulative = 1.13799e-07
PIMPLE: iteration 3
DILUPBiCG:  Solving for Ux, Initial residual = 0.00215599, Final residual = 2.82289e-06, No Iterations 2
DILUPBiCG:  Solving for Uy, Initial residual = 0.000504565, Final residual = 5.77622e-06, No Iterations 1
DILUPBiCG:  Solving for Uz, Initial residual = 0.00367977, Final residual = 1.37212e-06, No Iterations 2
GAMG:  Solving for p, Initial residual = 0.0481998, Final residual = 0.000364925, No Iterations 5
GAMG:  Solving for p, Initial residual = 0.0112971, Final residual = 0.000108452, No Iterations 14
GAMG:  Solving for p, Initial residual = 0.00600161, Final residual = 5.72348e-05, No Iterations 10
time step continuity errors : sum local = 4.75095e-07, global = -1.27379e-07, cumulative = -1.35797e-08
GAMG:  Solving for p, Initial residual = 0.00271989, Final residual = 2.24239e-05, No Iterations 8
GAMG:  Solving for p, Initial residual = 0.00139253, Final residual = 1.31463e-05, No Iterations 4
GAMG:  Solving for p, Initial residual = 0.000539704, Final residual = 9.64552e-07, No Iterations 21
time step continuity errors : sum local = 7.89771e-09, global = 2.40999e-09, cumulative = -1.11697e-08
DILUPBiCG:  Solving for omega, Initial residual = 0.00140963, Final residual = 7.51673e-07, No Iterations 1
DILUPBiCG:  Solving for k, Initial residual = 0.00369318, Final residual = 5.903e-07, No Iterations 2
bounding k, min: 0 max: 0.000659486 average: 0.00015453
ExecutionTime = 17.74 s  ClockTime = 18 s

End

