/*---------------------------------------------------------------------------*\
| =========                 |                                                 |
| \\      /  F ield         | OpenFOAM: The Open Source CFD Toolbox           |
|  \\    /   O peration     | Version:  2.3.1                                 |
|   \\  /    A nd           | Web:      www.OpenFOAM.org                      |
|    \\/     M anipulation  |                                                 |
\*---------------------------------------------------------------------------*/
Build  : 2.3.1-262087cdf8db
Exec   : pimpleDyMFoam
Date   : Jun 05 2023
Time   : 18:28:32
Host   : "jcosson-VirtualBox"
PID    : 17653
Case   : /home/jcosson/workspace/henersj_shootingdata/calcs/moderate_deformed/primal/56_intervals_05-06-23/sweep14/interval16
nProcs : 1
sigFpe : Enabling floating point exception trapping (FOAM_SIGFPE).
fileModificationChecking : Monitoring run-time modified files using timeStampMaster
allowSystemOperations : Allowing user-supplied system call operations

// * * * * * * * * * * * * * * * * * * * * * * * * * * * * * * * * * * * * * //
Create time

Create mesh for time = 0.427

Selecting dynamicFvMesh dynamicMotionSolverFvMesh
Selecting motion solver: displacementLaplacian
Selecting motion diffusion: quadratic
Selecting motion diffusion: quadratic
Selecting motion diffusion: inverseDistance

PIMPLE: no residual control data found. Calculations will employ 3 corrector loops

Reading field p

Reading field U

Reading/calculating face flux field phi

Selecting incompressible transport model Newtonian
Selecting turbulence model type RASModel
Selecting RAS turbulence model kOmegaSST
kOmegaSSTCoeffs
{
    alphaK1         0.85034;
    alphaK2         1;
    alphaOmega1     0.5;
    alphaOmega2     0.85616;
    gamma1          0.5532;
    gamma2          0.4403;
    beta1           0.075;
    beta2           0.0828;
    betaStar        0.09;
    a1              0.31;
    c1              10;
    Cmu             0.09;
    b1              1;
    F3              false;
}

Reading/calculating face velocity Uf

No finite volume options present

Courant Number mean: 0.199397 max: 0.431132

Starting time loop

Courant Number mean: 0.199397 max: 0.431132
Time = 0.428

GAMG:  Solving for cellDisplacementx, Initial residual = 0, Final residual = 0, No Iterations 0
GAMG:  Solving for cellDisplacementy, Initial residual = 0, Final residual = 0, No Iterations 0
GAMG:  Solving for cellDisplacementz, Initial residual = 0, Final residual = 0, No Iterations 0
PIMPLE: iteration 1
DILUPBiCG:  Solving for Ux, Initial residual = 0.056349, Final residual = 0.000186054, No Iterations 1
DILUPBiCG:  Solving for Uy, Initial residual = 0.00926432, Final residual = 1.95245e-05, No Iterations 1
DILUPBiCG:  Solving for Uz, Initial residual = 0.0196989, Final residual = 2.28932e-05, No Iterations 1
GAMG:  Solving for p, Initial residual = 0.123637, Final residual = 0.000784874, No Iterations 6
GAMG:  Solving for p, Initial residual = 0.0156232, Final residual = 0.000142948, No Iterations 16
GAMG:  Solving for p, Initial residual = 0.00681199, Final residual = 5.67873e-05, No Iterations 10
time step continuity errors : sum local = 8.67388e-07, global = -2.2403e-07, cumulative = -2.2403e-07
GAMG:  Solving for p, Initial residual = 0.0533507, Final residual = 0.000478082, No Iterations 4
GAMG:  Solving for p, Initial residual = 0.0077304, Final residual = 7.22056e-05, No Iterations 16
GAMG:  Solving for p, Initial residual = 0.00352927, Final residual = 3.21575e-05, No Iterations 10
time step continuity errors : sum local = 4.9154e-07, global = -1.27883e-07, cumulative = -3.51913e-07
PIMPLE: iteration 2
DILUPBiCG:  Solving for Ux, Initial residual = 0.0158048, Final residual = 7.00341e-05, No Iterations 1
DILUPBiCG:  Solving for Uy, Initial residual = 0.00260651, Final residual = 7.21434e-06, No Iterations 1
DILUPBiCG:  Solving for Uz, Initial residual = 0.00324359, Final residual = 1.20673e-05, No Iterations 1
GAMG:  Solving for p, Initial residual = 0.0538414, Final residual = 0.000492062, No Iterations 4
GAMG:  Solving for p, Initial residual = 0.00952383, Final residual = 8.38167e-05, No Iterations 16
GAMG:  Solving for p, Initial residual = 0.00427839, Final residual = 4.06113e-05, No Iterations 8
time step continuity errors : sum local = 5.29161e-07, global = 1.28057e-07, cumulative = -2.23856e-07
GAMG:  Solving for p, Initial residual = 0.0277313, Final residual = 0.00021576, No Iterations 4
GAMG:  Solving for p, Initial residual = 0.00472923, Final residual = 4.08721e-05, No Iterations 14
GAMG:  Solving for p, Initial residual = 0.00201233, Final residual = 1.68635e-05, No Iterations 10
time step continuity errors : sum local = 2.20882e-07, global = 5.57129e-08, cumulative = -1.68143e-07
PIMPLE: iteration 3
DILUPBiCG:  Solving for Ux, Initial residual = 0.00376429, Final residual = 1.36118e-06, No Iterations 2
DILUPBiCG:  Solving for Uy, Initial residual = 0.000638453, Final residual = 8.80963e-06, No Iterations 1
DILUPBiCG:  Solving for Uz, Initial residual = 0.00782133, Final residual = 3.23705e-06, No Iterations 2
GAMG:  Solving for p, Initial residual = 0.041128, Final residual = 0.000334924, No Iterations 5
GAMG:  Solving for p, Initial residual = 0.0100093, Final residual = 4.36897e-05, No Iterations 5
GAMG:  Solving for p, Initial residual = 0.00445531, Final residual = 4.1695e-05, No Iterations 7
time step continuity errors : sum local = 6.09672e-07, global = 1.31004e-07, cumulative = -3.71387e-08
GAMG:  Solving for p, Initial residual = 0.00250089, Final residual = 2.32259e-05, No Iterations 18
GAMG:  Solving for p, Initial residual = 0.0014303, Final residual = 1.20357e-05, No Iterations 4
GAMG:  Solving for p, Initial residual = 0.000548025, Final residual = 8.84752e-07, No Iterations 36
time step continuity errors : sum local = 1.28724e-08, global = -3.77199e-09, cumulative = -4.09107e-08
DILUPBiCG:  Solving for omega, Initial residual = 0.00068128, Final residual = 7.60533e-07, No Iterations 1
DILUPBiCG:  Solving for k, Initial residual = 0.00493665, Final residual = 1.16078e-06, No Iterations 2
ExecutionTime = 17.14 s  ClockTime = 17 s

Courant Number mean: 0.20511 max: 0.444202
Time = 0.429

GAMG:  Solving for cellDisplacementx, Initial residual = 0, Final residual = 0, No Iterations 0
GAMG:  Solving for cellDisplacementy, Initial residual = 0, Final residual = 0, No Iterations 0
GAMG:  Solving for cellDisplacementz, Initial residual = 0, Final residual = 0, No Iterations 0
PIMPLE: iteration 1
DILUPBiCG:  Solving for Ux, Initial residual = 0.0544315, Final residual = 0.000179161, No Iterations 1
DILUPBiCG:  Solving for Uy, Initial residual = 0.0089465, Final residual = 1.91797e-05, No Iterations 1
DILUPBiCG:  Solving for Uz, Initial residual = 0.0175504, Final residual = 2.29088e-05, No Iterations 1
GAMG:  Solving for p, Initial residual = 0.116159, Final residual = 0.000826251, No Iterations 6
GAMG:  Solving for p, Initial residual = 0.01416, Final residual = 0.00013257, No Iterations 18
GAMG:  Solving for p, Initial residual = 0.00629636, Final residual = 5.0418e-05, No Iterations 10
time step continuity errors : sum local = 7.65791e-07, global = -1.97053e-07, cumulative = -2.37963e-07
GAMG:  Solving for p, Initial residual = 0.0500035, Final residual = 0.000475225, No Iterations 4
GAMG:  Solving for p, Initial residual = 0.00697397, Final residual = 6.79449e-05, No Iterations 18
GAMG:  Solving for p, Initial residual = 0.00328841, Final residual = 2.82e-05, No Iterations 10
time step continuity errors : sum local = 4.28822e-07, global = -1.10978e-07, cumulative = -3.48941e-07
PIMPLE: iteration 2
DILUPBiCG:  Solving for Ux, Initial residual = 0.0153505, Final residual = 6.66654e-05, No Iterations 1
DILUPBiCG:  Solving for Uy, Initial residual = 0.00251504, Final residual = 7.13727e-06, No Iterations 1
DILUPBiCG:  Solving for Uz, Initial residual = 0.00310525, Final residual = 1.039e-05, No Iterations 1
GAMG:  Solving for p, Initial residual = 0.0501621, Final residual = 0.000482092, No Iterations 5
GAMG:  Solving for p, Initial residual = 0.0089871, Final residual = 8.17295e-05, No Iterations 13
GAMG:  Solving for p, Initial residual = 0.00394269, Final residual = 3.89011e-05, No Iterations 8
time step continuity errors : sum local = 5.03018e-07, global = 1.50838e-07, cumulative = -1.98103e-07
GAMG:  Solving for p, Initial residual = 0.0259435, Final residual = 0.000219053, No Iterations 4
GAMG:  Solving for p, Initial residual = 0.00441924, Final residual = 4.05179e-05, No Iterations 14
GAMG:  Solving for p, Initial residual = 0.00187555, Final residual = 1.86461e-05, No Iterations 8
time step continuity errors : sum local = 2.42576e-07, global = 5.74472e-08, cumulative = -1.40656e-07
PIMPLE: iteration 3
DILUPBiCG:  Solving for Ux, Initial residual = 0.00367775, Final residual = 1.34873e-06, No Iterations 2
DILUPBiCG:  Solving for Uy, Initial residual = 0.000610808, Final residual = 8.67087e-06, No Iterations 1
DILUPBiCG:  Solving for Uz, Initial residual = 0.00812422, Final residual = 2.47844e-06, No Iterations 2
GAMG:  Solving for p, Initial residual = 0.0404124, Final residual = 0.00032474, No Iterations 5
GAMG:  Solving for p, Initial residual = 0.00995755, Final residual = 3.89515e-05, No Iterations 5
GAMG:  Solving for p, Initial residual = 0.00433284, Final residual = 3.95255e-05, No Iterations 7
time step continuity errors : sum local = 5.73633e-07, global = 1.12526e-07, cumulative = -2.81299e-08
GAMG:  Solving for p, Initial residual = 0.00244943, Final residual = 2.43711e-05, No Iterations 18
GAMG:  Solving for p, Initial residual = 0.00143994, Final residual = 1.26207e-05, No Iterations 4
GAMG:  Solving for p, Initial residual = 0.000533723, Final residual = 8.98834e-07, No Iterations 36
time step continuity errors : sum local = 1.30076e-08, global = -3.81437e-09, cumulative = -3.19443e-08
DILUPBiCG:  Solving for omega, Initial residual = 0.000704709, Final residual = 7.77312e-07, No Iterations 1
DILUPBiCG:  Solving for k, Initial residual = 0.0050684, Final residual = 1.16357e-06, No Iterations 2
ExecutionTime = 31.01 s  ClockTime = 31 s

End

