/*---------------------------------------------------------------------------*\
| =========                 |                                                 |
| \\      /  F ield         | OpenFOAM: The Open Source CFD Toolbox           |
|  \\    /   O peration     | Version:  2.3.1                                 |
|   \\  /    A nd           | Web:      www.OpenFOAM.org                      |
|    \\/     M anipulation  |                                                 |
\*---------------------------------------------------------------------------*/
Build  : 2.3.1-262087cdf8db
Exec   : pimpleDyMFoam
Date   : Jun 06 2023
Time   : 01:02:57
Host   : "jcosson-VirtualBox"
PID    : 20884
Case   : /home/jcosson/workspace/henersj_shootingdata/calcs/moderate_deformed/primal/100_intervals_05-06-23/sweep28/interval67
nProcs : 1
sigFpe : Enabling floating point exception trapping (FOAM_SIGFPE).
fileModificationChecking : Monitoring run-time modified files using timeStampMaster
allowSystemOperations : Allowing user-supplied system call operations

// * * * * * * * * * * * * * * * * * * * * * * * * * * * * * * * * * * * * * //
Create time

Create mesh for time = 0.466

Selecting dynamicFvMesh dynamicMotionSolverFvMesh
Selecting motion solver: displacementLaplacian
Selecting motion diffusion: quadratic
Selecting motion diffusion: quadratic
Selecting motion diffusion: inverseDistance

PIMPLE: no residual control data found. Calculations will employ 3 corrector loops

Reading field p

Reading field U

Reading/calculating face flux field phi

Selecting incompressible transport model Newtonian
Selecting turbulence model type RASModel
Selecting RAS turbulence model kOmegaSST
kOmegaSSTCoeffs
{
    alphaK1         0.85034;
    alphaK2         1;
    alphaOmega1     0.5;
    alphaOmega2     0.85616;
    gamma1          0.5532;
    gamma2          0.4403;
    beta1           0.075;
    beta2           0.0828;
    betaStar        0.09;
    a1              0.31;
    c1              10;
    Cmu             0.09;
    b1              1;
    F3              false;
}

Reading/calculating face velocity Uf

No finite volume options present

Courant Number mean: 0.237727 max: 0.523205

Starting time loop

Courant Number mean: 0.237727 max: 0.523205
Time = 0.467

GAMG:  Solving for cellDisplacementx, Initial residual = 0, Final residual = 0, No Iterations 0
GAMG:  Solving for cellDisplacementy, Initial residual = 0, Final residual = 0, No Iterations 0
GAMG:  Solving for cellDisplacementz, Initial residual = 0, Final residual = 0, No Iterations 0
PIMPLE: iteration 1
DILUPBiCG:  Solving for Ux, Initial residual = 0.039895, Final residual = 0.000166584, No Iterations 1
DILUPBiCG:  Solving for Uy, Initial residual = 0.00641351, Final residual = 1.49267e-05, No Iterations 1
DILUPBiCG:  Solving for Uz, Initial residual = 0.0132887, Final residual = 3.49683e-05, No Iterations 1
GAMG:  Solving for p, Initial residual = 0.137274, Final residual = 0.00114313, No Iterations 6
GAMG:  Solving for p, Initial residual = 0.0160748, Final residual = 0.000136913, No Iterations 20
GAMG:  Solving for p, Initial residual = 0.00685196, Final residual = 6.60483e-05, No Iterations 10
time step continuity errors : sum local = 8.206e-07, global = 2.19301e-07, cumulative = 2.19301e-07
GAMG:  Solving for p, Initial residual = 0.0570691, Final residual = 0.00037508, No Iterations 6
GAMG:  Solving for p, Initial residual = 0.00808708, Final residual = 7.64963e-05, No Iterations 16
GAMG:  Solving for p, Initial residual = 0.00355796, Final residual = 3.1331e-05, No Iterations 12
time step continuity errors : sum local = 3.87782e-07, global = 1.1612e-07, cumulative = 3.35421e-07
PIMPLE: iteration 2
DILUPBiCG:  Solving for Ux, Initial residual = 0.0120009, Final residual = 6.77258e-05, No Iterations 1
DILUPBiCG:  Solving for Uy, Initial residual = 0.00203377, Final residual = 4.87524e-06, No Iterations 1
DILUPBiCG:  Solving for Uz, Initial residual = 0.00371388, Final residual = 1.27274e-05, No Iterations 1
GAMG:  Solving for p, Initial residual = 0.0580013, Final residual = 0.000460553, No Iterations 4
GAMG:  Solving for p, Initial residual = 0.00946912, Final residual = 8.47569e-05, No Iterations 16
GAMG:  Solving for p, Initial residual = 0.00436433, Final residual = 3.96567e-05, No Iterations 8
time step continuity errors : sum local = 4.15526e-07, global = -1.33001e-07, cumulative = 2.0242e-07
GAMG:  Solving for p, Initial residual = 0.0296239, Final residual = 0.000196965, No Iterations 4
GAMG:  Solving for p, Initial residual = 0.00464196, Final residual = 4.59118e-05, No Iterations 12
GAMG:  Solving for p, Initial residual = 0.00203147, Final residual = 1.93332e-05, No Iterations 10
time step continuity errors : sum local = 2.0381e-07, global = -5.3126e-08, cumulative = 1.49294e-07
PIMPLE: iteration 3
DILUPBiCG:  Solving for Ux, Initial residual = 0.00309076, Final residual = 1.17823e-06, No Iterations 2
DILUPBiCG:  Solving for Uy, Initial residual = 0.000521243, Final residual = 7.26821e-06, No Iterations 1
DILUPBiCG:  Solving for Uz, Initial residual = 0.00685848, Final residual = 2.40702e-06, No Iterations 2
GAMG:  Solving for p, Initial residual = 0.0405502, Final residual = 0.000328394, No Iterations 5
GAMG:  Solving for p, Initial residual = 0.00920178, Final residual = 8.15063e-05, No Iterations 15
GAMG:  Solving for p, Initial residual = 0.00440217, Final residual = 3.76889e-05, No Iterations 10
time step continuity errors : sum local = 4.4237e-07, global = -1.15565e-07, cumulative = 3.37286e-08
GAMG:  Solving for p, Initial residual = 0.00261148, Final residual = 2.38298e-05, No Iterations 20
GAMG:  Solving for p, Initial residual = 0.00147331, Final residual = 1.26533e-05, No Iterations 4
GAMG:  Solving for p, Initial residual = 0.000573314, Final residual = 9.29459e-07, No Iterations 36
time step continuity errors : sum local = 1.08827e-08, global = 3.20461e-09, cumulative = 3.69332e-08
DILUPBiCG:  Solving for omega, Initial residual = 0.000482588, Final residual = 1.26659e-06, No Iterations 1
DILUPBiCG:  Solving for k, Initial residual = 0.004765, Final residual = 1.57645e-06, No Iterations 2
ExecutionTime = 17.66 s  ClockTime = 18 s

End

