/*---------------------------------------------------------------------------*\
| =========                 |                                                 |
| \\      /  F ield         | OpenFOAM: The Open Source CFD Toolbox           |
|  \\    /   O peration     | Version:  2.3.1                                 |
|   \\  /    A nd           | Web:      www.OpenFOAM.org                      |
|    \\/     M anipulation  |                                                 |
\*---------------------------------------------------------------------------*/
Build  : 2.3.1-262087cdf8db
Exec   : pimpleDyMFoam
Date   : Jun 06 2023
Time   : 01:03:15
Host   : "jcosson-VirtualBox"
PID    : 20900
Case   : /home/jcosson/workspace/henersj_shootingdata/calcs/moderate_deformed/primal/100_intervals_05-06-23/sweep28/interval75
nProcs : 1
sigFpe : Enabling floating point exception trapping (FOAM_SIGFPE).
fileModificationChecking : Monitoring run-time modified files using timeStampMaster
allowSystemOperations : Allowing user-supplied system call operations

// * * * * * * * * * * * * * * * * * * * * * * * * * * * * * * * * * * * * * //
Create time

Create mesh for time = 0.474

Selecting dynamicFvMesh dynamicMotionSolverFvMesh
Selecting motion solver: displacementLaplacian
Selecting motion diffusion: quadratic
Selecting motion diffusion: quadratic
Selecting motion diffusion: inverseDistance

PIMPLE: no residual control data found. Calculations will employ 3 corrector loops

Reading field p

Reading field U

Reading/calculating face flux field phi

Selecting incompressible transport model Newtonian
Selecting turbulence model type RASModel
Selecting RAS turbulence model kOmegaSST
kOmegaSSTCoeffs
{
    alphaK1         0.85034;
    alphaK2         1;
    alphaOmega1     0.5;
    alphaOmega2     0.85616;
    gamma1          0.5532;
    gamma2          0.4403;
    beta1           0.075;
    beta2           0.0828;
    betaStar        0.09;
    a1              0.31;
    c1              10;
    Cmu             0.09;
    b1              1;
    F3              false;
}

Reading/calculating face velocity Uf

No finite volume options present

Courant Number mean: 0.194888 max: 0.433959

Starting time loop

Courant Number mean: 0.194888 max: 0.433959
Time = 0.475

GAMG:  Solving for cellDisplacementx, Initial residual = 0, Final residual = 0, No Iterations 0
GAMG:  Solving for cellDisplacementy, Initial residual = 0, Final residual = 0, No Iterations 0
GAMG:  Solving for cellDisplacementz, Initial residual = 0, Final residual = 0, No Iterations 0
PIMPLE: iteration 1
DILUPBiCG:  Solving for Ux, Initial residual = 0.0569972, Final residual = 0.000231188, No Iterations 1
DILUPBiCG:  Solving for Uy, Initial residual = 0.00957266, Final residual = 2.13367e-05, No Iterations 1
DILUPBiCG:  Solving for Uz, Initial residual = 0.0112366, Final residual = 2.5828e-05, No Iterations 1
GAMG:  Solving for p, Initial residual = 0.124608, Final residual = 0.000921238, No Iterations 6
GAMG:  Solving for p, Initial residual = 0.0144968, Final residual = 0.00014017, No Iterations 18
GAMG:  Solving for p, Initial residual = 0.00640978, Final residual = 5.60457e-05, No Iterations 12
time step continuity errors : sum local = 8.53128e-07, global = 2.56635e-07, cumulative = 2.56635e-07
GAMG:  Solving for p, Initial residual = 0.0532912, Final residual = 0.000515363, No Iterations 4
GAMG:  Solving for p, Initial residual = 0.00735289, Final residual = 6.95425e-05, No Iterations 18
GAMG:  Solving for p, Initial residual = 0.00342594, Final residual = 3.41362e-05, No Iterations 10
time step continuity errors : sum local = 5.20022e-07, global = 1.40075e-07, cumulative = 3.9671e-07
PIMPLE: iteration 2
DILUPBiCG:  Solving for Ux, Initial residual = 0.0162467, Final residual = 9.70871e-05, No Iterations 1
DILUPBiCG:  Solving for Uy, Initial residual = 0.00287929, Final residual = 6.35971e-06, No Iterations 1
DILUPBiCG:  Solving for Uz, Initial residual = 0.00314195, Final residual = 1.1905e-05, No Iterations 1
GAMG:  Solving for p, Initial residual = 0.0533679, Final residual = 0.000471941, No Iterations 4
GAMG:  Solving for p, Initial residual = 0.00881554, Final residual = 8.44149e-05, No Iterations 16
GAMG:  Solving for p, Initial residual = 0.00397195, Final residual = 3.53547e-05, No Iterations 10
time step continuity errors : sum local = 4.60633e-07, global = -1.23273e-07, cumulative = 2.73437e-07
GAMG:  Solving for p, Initial residual = 0.0275039, Final residual = 0.00020722, No Iterations 4
GAMG:  Solving for p, Initial residual = 0.00438358, Final residual = 3.9175e-05, No Iterations 14
GAMG:  Solving for p, Initial residual = 0.00186334, Final residual = 1.70254e-05, No Iterations 10
time step continuity errors : sum local = 2.2297e-07, global = -5.81113e-08, cumulative = 2.15326e-07
PIMPLE: iteration 3
DILUPBiCG:  Solving for Ux, Initial residual = 0.00392079, Final residual = 2.55657e-06, No Iterations 2
DILUPBiCG:  Solving for Uy, Initial residual = 0.000699205, Final residual = 6.39084e-06, No Iterations 1
DILUPBiCG:  Solving for Uz, Initial residual = 0.00697613, Final residual = 4.07083e-06, No Iterations 2
GAMG:  Solving for p, Initial residual = 0.040431, Final residual = 0.000357459, No Iterations 5
GAMG:  Solving for p, Initial residual = 0.00943058, Final residual = 7.30102e-05, No Iterations 9
GAMG:  Solving for p, Initial residual = 0.00434806, Final residual = 4.2205e-05, No Iterations 4
time step continuity errors : sum local = 6.16715e-07, global = -1.97742e-07, cumulative = 1.75846e-08
GAMG:  Solving for p, Initial residual = 0.00242294, Final residual = 2.37953e-05, No Iterations 16
GAMG:  Solving for p, Initial residual = 0.00131057, Final residual = 1.16636e-05, No Iterations 4
GAMG:  Solving for p, Initial residual = 0.000540826, Final residual = 9.60143e-07, No Iterations 30
time step continuity errors : sum local = 1.39628e-08, global = 4.14105e-09, cumulative = 2.17256e-08
DILUPBiCG:  Solving for omega, Initial residual = 0.00066993, Final residual = 7.05528e-07, No Iterations 1
DILUPBiCG:  Solving for k, Initial residual = 0.00430391, Final residual = 1.09856e-06, No Iterations 2
ExecutionTime = 17.12 s  ClockTime = 17 s

End

