/*---------------------------------------------------------------------------*\
| =========                 |                                                 |
| \\      /  F ield         | OpenFOAM: The Open Source CFD Toolbox           |
|  \\    /   O peration     | Version:  2.3.1                                 |
|   \\  /    A nd           | Web:      www.OpenFOAM.org                      |
|    \\/     M anipulation  |                                                 |
\*---------------------------------------------------------------------------*/
Build  : 2.3.1-262087cdf8db
Exec   : pimpleDyMFoam
Date   : Jun 06 2023
Time   : 01:02:40
Host   : "jcosson-VirtualBox"
PID    : 20833
Case   : /home/jcosson/workspace/henersj_shootingdata/calcs/moderate_deformed/primal/100_intervals_05-06-23/sweep28/interval42
nProcs : 1
sigFpe : Enabling floating point exception trapping (FOAM_SIGFPE).
fileModificationChecking : Monitoring run-time modified files using timeStampMaster
allowSystemOperations : Allowing user-supplied system call operations

// * * * * * * * * * * * * * * * * * * * * * * * * * * * * * * * * * * * * * //
Create time

Create mesh for time = 0.441

Selecting dynamicFvMesh dynamicMotionSolverFvMesh
Selecting motion solver: displacementLaplacian
Selecting motion diffusion: quadratic
Selecting motion diffusion: quadratic
Selecting motion diffusion: inverseDistance

PIMPLE: no residual control data found. Calculations will employ 3 corrector loops

Reading field p

Reading field U

Reading/calculating face flux field phi

Selecting incompressible transport model Newtonian
Selecting turbulence model type RASModel
Selecting RAS turbulence model kOmegaSST
kOmegaSSTCoeffs
{
    alphaK1         0.85034;
    alphaK2         1;
    alphaOmega1     0.5;
    alphaOmega2     0.85616;
    gamma1          0.5532;
    gamma2          0.4403;
    beta1           0.075;
    beta2           0.0828;
    betaStar        0.09;
    a1              0.31;
    c1              10;
    Cmu             0.09;
    b1              1;
    F3              false;
}

Reading/calculating face velocity Uf

No finite volume options present

Courant Number mean: 0.265558 max: 0.58366

Starting time loop

Courant Number mean: 0.265558 max: 0.58366
Time = 0.442

GAMG:  Solving for cellDisplacementx, Initial residual = 0, Final residual = 0, No Iterations 0
GAMG:  Solving for cellDisplacementy, Initial residual = 0, Final residual = 0, No Iterations 0
GAMG:  Solving for cellDisplacementz, Initial residual = 0, Final residual = 0, No Iterations 0
PIMPLE: iteration 1
DILUPBiCG:  Solving for Ux, Initial residual = 0.0248642, Final residual = 8.45962e-05, No Iterations 1
DILUPBiCG:  Solving for Uy, Initial residual = 0.00387342, Final residual = 1.10119e-05, No Iterations 1
DILUPBiCG:  Solving for Uz, Initial residual = 0.0118451, Final residual = 2.17481e-05, No Iterations 1
GAMG:  Solving for p, Initial residual = 0.117132, Final residual = 0.000738154, No Iterations 4
GAMG:  Solving for p, Initial residual = 0.0167709, Final residual = 0.000144123, No Iterations 14
GAMG:  Solving for p, Initial residual = 0.00727343, Final residual = 6.69367e-05, No Iterations 10
time step continuity errors : sum local = 6.02859e-07, global = -1.60692e-07, cumulative = -1.60692e-07
GAMG:  Solving for p, Initial residual = 0.0527468, Final residual = 0.000291019, No Iterations 4
GAMG:  Solving for p, Initial residual = 0.00818774, Final residual = 7.32023e-05, No Iterations 12
GAMG:  Solving for p, Initial residual = 0.00362157, Final residual = 3.48229e-05, No Iterations 10
time step continuity errors : sum local = 3.14323e-07, global = -8.44977e-08, cumulative = -2.4519e-07
PIMPLE: iteration 2
DILUPBiCG:  Solving for Ux, Initial residual = 0.00691062, Final residual = 2.7203e-05, No Iterations 1
DILUPBiCG:  Solving for Uy, Initial residual = 0.00110781, Final residual = 6.15586e-06, No Iterations 1
DILUPBiCG:  Solving for Uz, Initial residual = 0.00301709, Final residual = 9.54117e-06, No Iterations 1
GAMG:  Solving for p, Initial residual = 0.0526313, Final residual = 0.000505426, No Iterations 5
GAMG:  Solving for p, Initial residual = 0.0130834, Final residual = 0.00012585, No Iterations 11
GAMG:  Solving for p, Initial residual = 0.00474415, Final residual = 4.28054e-05, No Iterations 14
time step continuity errors : sum local = 3.29203e-07, global = 1.00938e-07, cumulative = -1.44252e-07
GAMG:  Solving for p, Initial residual = 0.027848, Final residual = 0.000261593, No Iterations 4
GAMG:  Solving for p, Initial residual = 0.00627735, Final residual = 5.58446e-05, No Iterations 12
GAMG:  Solving for p, Initial residual = 0.00224708, Final residual = 2.20905e-05, No Iterations 12
time step continuity errors : sum local = 1.70945e-07, global = 4.99587e-08, cumulative = -9.42931e-08
PIMPLE: iteration 3
DILUPBiCG:  Solving for Ux, Initial residual = 0.00148114, Final residual = 9.72076e-06, No Iterations 1
DILUPBiCG:  Solving for Uy, Initial residual = 0.0002434, Final residual = 8.44538e-06, No Iterations 1
DILUPBiCG:  Solving for Uz, Initial residual = 0.00440112, Final residual = 1.84822e-06, No Iterations 2
GAMG:  Solving for p, Initial residual = 0.0487168, Final residual = 0.000384385, No Iterations 5
GAMG:  Solving for p, Initial residual = 0.0131518, Final residual = 0.000108866, No Iterations 12
GAMG:  Solving for p, Initial residual = 0.0057425, Final residual = 5.45056e-05, No Iterations 10
time step continuity errors : sum local = 4.65518e-07, global = 1.23106e-07, cumulative = 2.88131e-08
GAMG:  Solving for p, Initial residual = 0.00350009, Final residual = 3.03292e-05, No Iterations 16
GAMG:  Solving for p, Initial residual = 0.00207566, Final residual = 1.58321e-05, No Iterations 4
GAMG:  Solving for p, Initial residual = 0.000701449, Final residual = 8.67319e-07, No Iterations 40
time step continuity errors : sum local = 7.38316e-09, global = -2.18402e-09, cumulative = 2.6629e-08
DILUPBiCG:  Solving for omega, Initial residual = 0.00114819, Final residual = 1.42653e-06, No Iterations 1
DILUPBiCG:  Solving for k, Initial residual = 0.00638962, Final residual = 1.15856e-06, No Iterations 2
ExecutionTime = 16.06 s  ClockTime = 16 s

End

