/*---------------------------------------------------------------------------*\
| =========                 |                                                 |
| \\      /  F ield         | OpenFOAM: The Open Source CFD Toolbox           |
|  \\    /   O peration     | Version:  2.3.1                                 |
|   \\  /    A nd           | Web:      www.OpenFOAM.org                      |
|    \\/     M anipulation  |                                                 |
\*---------------------------------------------------------------------------*/
Build  : 2.3.1-262087cdf8db
Exec   : pimpleDyMFoam
Date   : Jun 06 2023
Time   : 01:03:32
Host   : "jcosson-VirtualBox"
PID    : 20928
Case   : /home/jcosson/workspace/henersj_shootingdata/calcs/moderate_deformed/primal/100_intervals_05-06-23/sweep28/interval89
nProcs : 1
sigFpe : Enabling floating point exception trapping (FOAM_SIGFPE).
fileModificationChecking : Monitoring run-time modified files using timeStampMaster
allowSystemOperations : Allowing user-supplied system call operations

// * * * * * * * * * * * * * * * * * * * * * * * * * * * * * * * * * * * * * //
Create time

Create mesh for time = 0.488

Selecting dynamicFvMesh dynamicMotionSolverFvMesh
Selecting motion solver: displacementLaplacian
Selecting motion diffusion: quadratic
Selecting motion diffusion: quadratic
Selecting motion diffusion: inverseDistance

PIMPLE: no residual control data found. Calculations will employ 3 corrector loops

Reading field p

Reading field U

Reading/calculating face flux field phi

Selecting incompressible transport model Newtonian
Selecting turbulence model type RASModel
Selecting RAS turbulence model kOmegaSST
bounding k, min: 0 max: 0.000663902 average: 0.000157683
kOmegaSSTCoeffs
{
    alphaK1         0.85034;
    alphaK2         1;
    alphaOmega1     0.5;
    alphaOmega2     0.85616;
    gamma1          0.5532;
    gamma2          0.4403;
    beta1           0.075;
    beta2           0.0828;
    betaStar        0.09;
    a1              0.31;
    c1              10;
    Cmu             0.09;
    b1              1;
    F3              false;
}

Reading/calculating face velocity Uf

No finite volume options present

Courant Number mean: 0.123054 max: 0.279797

Starting time loop

Courant Number mean: 0.123054 max: 0.279797
Time = 0.489

GAMG:  Solving for cellDisplacementx, Initial residual = 0, Final residual = 0, No Iterations 0
GAMG:  Solving for cellDisplacementy, Initial residual = 0, Final residual = 0, No Iterations 0
GAMG:  Solving for cellDisplacementz, Initial residual = 0, Final residual = 0, No Iterations 0
PIMPLE: iteration 1
DILUPBiCG:  Solving for Ux, Initial residual = 0.0571867, Final residual = 0.000211558, No Iterations 1
DILUPBiCG:  Solving for Uy, Initial residual = 0.0113611, Final residual = 2.30347e-05, No Iterations 1
DILUPBiCG:  Solving for Uz, Initial residual = 0.0174954, Final residual = 1.55343e-05, No Iterations 1
GAMG:  Solving for p, Initial residual = 0.117081, Final residual = 0.00083569, No Iterations 4
GAMG:  Solving for p, Initial residual = 0.0163393, Final residual = 0.000144451, No Iterations 18
GAMG:  Solving for p, Initial residual = 0.00786301, Final residual = 7.38454e-05, No Iterations 4
time step continuity errors : sum local = 8.51643e-07, global = 3.06895e-07, cumulative = 3.06895e-07
GAMG:  Solving for p, Initial residual = 0.0526003, Final residual = 0.00034935, No Iterations 4
GAMG:  Solving for p, Initial residual = 0.00807284, Final residual = 7.32254e-05, No Iterations 16
GAMG:  Solving for p, Initial residual = 0.00394298, Final residual = 3.67325e-05, No Iterations 4
time step continuity errors : sum local = 4.26291e-07, global = 1.43933e-07, cumulative = 4.50828e-07
PIMPLE: iteration 2
DILUPBiCG:  Solving for Ux, Initial residual = 0.014821, Final residual = 8.54158e-05, No Iterations 1
DILUPBiCG:  Solving for Uy, Initial residual = 0.00304566, Final residual = 6.19939e-06, No Iterations 1
DILUPBiCG:  Solving for Uz, Initial residual = 0.00284744, Final residual = 8.06173e-06, No Iterations 1
GAMG:  Solving for p, Initial residual = 0.0515185, Final residual = 0.000488327, No Iterations 4
GAMG:  Solving for p, Initial residual = 0.0104481, Final residual = 0.000103933, No Iterations 14
GAMG:  Solving for p, Initial residual = 0.00478332, Final residual = 4.70979e-05, No Iterations 4
time step continuity errors : sum local = 4.7637e-07, global = -1.77181e-07, cumulative = 2.73647e-07
GAMG:  Solving for p, Initial residual = 0.0269658, Final residual = 0.000233921, No Iterations 4
GAMG:  Solving for p, Initial residual = 0.00540739, Final residual = 4.48074e-05, No Iterations 14
GAMG:  Solving for p, Initial residual = 0.00239123, Final residual = 1.78907e-05, No Iterations 4
time step continuity errors : sum local = 1.81324e-07, global = -6.43657e-08, cumulative = 2.09281e-07
PIMPLE: iteration 3
DILUPBiCG:  Solving for Ux, Initial residual = 0.00315087, Final residual = 2.54715e-06, No Iterations 2
DILUPBiCG:  Solving for Uy, Initial residual = 0.000700521, Final residual = 4.82656e-06, No Iterations 1
DILUPBiCG:  Solving for Uz, Initial residual = 0.00578854, Final residual = 1.96923e-06, No Iterations 2
GAMG:  Solving for p, Initial residual = 0.045205, Final residual = 0.000327273, No Iterations 5
GAMG:  Solving for p, Initial residual = 0.0102603, Final residual = 9.45978e-05, No Iterations 14
GAMG:  Solving for p, Initial residual = 0.00526653, Final residual = 4.6027e-05, No Iterations 10
time step continuity errors : sum local = 5.21114e-07, global = -1.3655e-07, cumulative = 7.27309e-08
GAMG:  Solving for p, Initial residual = 0.00255557, Final residual = 9.93305e-06, No Iterations 7
GAMG:  Solving for p, Initial residual = 0.00137052, Final residual = 7.62128e-06, No Iterations 4
GAMG:  Solving for p, Initial residual = 0.000559155, Final residual = 9.19443e-07, No Iterations 12
time step continuity errors : sum local = 1.02935e-08, global = 3.55602e-09, cumulative = 7.62869e-08
DILUPBiCG:  Solving for omega, Initial residual = 0.00128292, Final residual = 7.85262e-07, No Iterations 1
DILUPBiCG:  Solving for k, Initial residual = 0.0037695, Final residual = 6.16721e-07, No Iterations 2
bounding k, min: 0 max: 0.000651372 average: 0.000156663
ExecutionTime = 14.36 s  ClockTime = 14 s

End

