/*---------------------------------------------------------------------------*\
| =========                 |                                                 |
| \\      /  F ield         | OpenFOAM: The Open Source CFD Toolbox           |
|  \\    /   O peration     | Version:  2.3.1                                 |
|   \\  /    A nd           | Web:      www.OpenFOAM.org                      |
|    \\/     M anipulation  |                                                 |
\*---------------------------------------------------------------------------*/
Build  : 2.3.1-262087cdf8db
Exec   : pimpleDyMFoam
Date   : Jun 06 2023
Time   : 01:03:32
Host   : "jcosson-VirtualBox"
PID    : 20932
Case   : /home/jcosson/workspace/henersj_shootingdata/calcs/moderate_deformed/primal/100_intervals_05-06-23/sweep28/interval91
nProcs : 1
sigFpe : Enabling floating point exception trapping (FOAM_SIGFPE).
fileModificationChecking : Monitoring run-time modified files using timeStampMaster
allowSystemOperations : Allowing user-supplied system call operations

// * * * * * * * * * * * * * * * * * * * * * * * * * * * * * * * * * * * * * //
Create time

Create mesh for time = 0.49

Selecting dynamicFvMesh dynamicMotionSolverFvMesh
Selecting motion solver: displacementLaplacian
Selecting motion diffusion: quadratic
Selecting motion diffusion: quadratic
Selecting motion diffusion: inverseDistance

PIMPLE: no residual control data found. Calculations will employ 3 corrector loops

Reading field p

Reading field U

Reading/calculating face flux field phi

Selecting incompressible transport model Newtonian
Selecting turbulence model type RASModel
Selecting RAS turbulence model kOmegaSST
bounding k, min: 0 max: 0.000657595 average: 0.000156188
kOmegaSSTCoeffs
{
    alphaK1         0.85034;
    alphaK2         1;
    alphaOmega1     0.5;
    alphaOmega2     0.85616;
    gamma1          0.5532;
    gamma2          0.4403;
    beta1           0.075;
    beta2           0.0828;
    betaStar        0.09;
    a1              0.31;
    c1              10;
    Cmu             0.09;
    b1              1;
    F3              false;
}

Reading/calculating face velocity Uf

No finite volume options present

Courant Number mean: 0.115768 max: 0.263469

Starting time loop

Courant Number mean: 0.115768 max: 0.263469
Time = 0.491

GAMG:  Solving for cellDisplacementx, Initial residual = 0, Final residual = 0, No Iterations 0
GAMG:  Solving for cellDisplacementy, Initial residual = 0, Final residual = 0, No Iterations 0
GAMG:  Solving for cellDisplacementz, Initial residual = 0, Final residual = 0, No Iterations 0
PIMPLE: iteration 1
DILUPBiCG:  Solving for Ux, Initial residual = 0.0516163, Final residual = 0.000189575, No Iterations 1
DILUPBiCG:  Solving for Uy, Initial residual = 0.0105442, Final residual = 2.1214e-05, No Iterations 1
DILUPBiCG:  Solving for Uz, Initial residual = 0.0167176, Final residual = 1.42684e-05, No Iterations 1
GAMG:  Solving for p, Initial residual = 0.114735, Final residual = 0.000710965, No Iterations 4
GAMG:  Solving for p, Initial residual = 0.0163799, Final residual = 0.00015657, No Iterations 16
GAMG:  Solving for p, Initial residual = 0.0079544, Final residual = 7.76236e-05, No Iterations 4
time step continuity errors : sum local = 7.84663e-07, global = 2.70739e-07, cumulative = 2.70739e-07
GAMG:  Solving for p, Initial residual = 0.0520814, Final residual = 0.0003051, No Iterations 4
GAMG:  Solving for p, Initial residual = 0.0080473, Final residual = 6.91324e-05, No Iterations 16
GAMG:  Solving for p, Initial residual = 0.00400998, Final residual = 3.76227e-05, No Iterations 4
time step continuity errors : sum local = 3.83513e-07, global = 1.36757e-07, cumulative = 4.07496e-07
PIMPLE: iteration 2
DILUPBiCG:  Solving for Ux, Initial residual = 0.0131689, Final residual = 7.55576e-05, No Iterations 1
DILUPBiCG:  Solving for Uy, Initial residual = 0.0027678, Final residual = 5.60326e-06, No Iterations 1
DILUPBiCG:  Solving for Uz, Initial residual = 0.00280609, Final residual = 8.02162e-06, No Iterations 1
GAMG:  Solving for p, Initial residual = 0.0507251, Final residual = 0.000501996, No Iterations 4
GAMG:  Solving for p, Initial residual = 0.0109166, Final residual = 0.000106275, No Iterations 14
GAMG:  Solving for p, Initial residual = 0.00504915, Final residual = 4.50351e-05, No Iterations 4
time step continuity errors : sum local = 4.00534e-07, global = -1.48601e-07, cumulative = 2.58895e-07
GAMG:  Solving for p, Initial residual = 0.0267317, Final residual = 0.000242324, No Iterations 4
GAMG:  Solving for p, Initial residual = 0.00571694, Final residual = 5.58752e-05, No Iterations 12
GAMG:  Solving for p, Initial residual = 0.00251716, Final residual = 2.19769e-05, No Iterations 4
time step continuity errors : sum local = 1.95847e-07, global = -7.11945e-08, cumulative = 1.877e-07
PIMPLE: iteration 3
DILUPBiCG:  Solving for Ux, Initial residual = 0.00271657, Final residual = 2.48634e-06, No Iterations 2
DILUPBiCG:  Solving for Uy, Initial residual = 0.000624802, Final residual = 5.01813e-06, No Iterations 1
DILUPBiCG:  Solving for Uz, Initial residual = 0.00519283, Final residual = 1.83913e-06, No Iterations 2
GAMG:  Solving for p, Initial residual = 0.0468057, Final residual = 0.00033708, No Iterations 5
GAMG:  Solving for p, Initial residual = 0.010614, Final residual = 9.97258e-05, No Iterations 14
GAMG:  Solving for p, Initial residual = 0.005553, Final residual = 4.98251e-05, No Iterations 10
time step continuity errors : sum local = 4.9515e-07, global = -1.30469e-07, cumulative = 5.72312e-08
GAMG:  Solving for p, Initial residual = 0.00263483, Final residual = 2.5204e-05, No Iterations 6
GAMG:  Solving for p, Initial residual = 0.00138825, Final residual = 1.33677e-05, No Iterations 4
GAMG:  Solving for p, Initial residual = 0.000576146, Final residual = 9.73669e-07, No Iterations 21
time step continuity errors : sum local = 9.55724e-09, global = 2.86152e-09, cumulative = 6.00928e-08
DILUPBiCG:  Solving for omega, Initial residual = 0.00134349, Final residual = 7.65765e-07, No Iterations 1
DILUPBiCG:  Solving for k, Initial residual = 0.00370401, Final residual = 5.98702e-07, No Iterations 2
bounding k, min: 0 max: 0.000649143 average: 0.000155207
ExecutionTime = 15.14 s  ClockTime = 15 s

End

