/*---------------------------------------------------------------------------*\
| =========                 |                                                 |
| \\      /  F ield         | OpenFOAM: The Open Source CFD Toolbox           |
|  \\    /   O peration     | Version:  2.3.1                                 |
|   \\  /    A nd           | Web:      www.OpenFOAM.org                      |
|    \\/     M anipulation  |                                                 |
\*---------------------------------------------------------------------------*/
Build  : 2.3.1-262087cdf8db
Exec   : pimpleDyMFoam
Date   : Jun 05 2023
Time   : 19:15:54
Host   : "jcosson-VirtualBox"
PID    : 1376
Case   : /home/jcosson/workspace/henersj_shootingdata/calcs/moderate_deformed/primal/56_intervals_05-06-23/sweep35/interval49
nProcs : 1
sigFpe : Enabling floating point exception trapping (FOAM_SIGFPE).
fileModificationChecking : Monitoring run-time modified files using timeStampMaster
allowSystemOperations : Allowing user-supplied system call operations

// * * * * * * * * * * * * * * * * * * * * * * * * * * * * * * * * * * * * * //
Create time

Create mesh for time = 0.486

Selecting dynamicFvMesh dynamicMotionSolverFvMesh
Selecting motion solver: displacementLaplacian
Selecting motion diffusion: quadratic
Selecting motion diffusion: quadratic
Selecting motion diffusion: inverseDistance

PIMPLE: no residual control data found. Calculations will employ 3 corrector loops

Reading field p

Reading field U

Reading/calculating face flux field phi

Selecting incompressible transport model Newtonian
Selecting turbulence model type RASModel
Selecting RAS turbulence model kOmegaSST
bounding k, min: 0 max: 0.000646932 average: 0.000152789
kOmegaSSTCoeffs
{
    alphaK1         0.85034;
    alphaK2         1;
    alphaOmega1     0.5;
    alphaOmega2     0.85616;
    gamma1          0.5532;
    gamma2          0.4403;
    beta1           0.075;
    beta2           0.0828;
    betaStar        0.09;
    a1              0.31;
    c1              10;
    Cmu             0.09;
    b1              1;
    F3              false;
}

Reading/calculating face velocity Uf

No finite volume options present

Courant Number mean: 0.131305 max: 0.284674

Starting time loop

Courant Number mean: 0.131305 max: 0.284674
Time = 0.487

GAMG:  Solving for cellDisplacementx, Initial residual = 0, Final residual = 0, No Iterations 0
GAMG:  Solving for cellDisplacementy, Initial residual = 0, Final residual = 0, No Iterations 0
GAMG:  Solving for cellDisplacementz, Initial residual = 0, Final residual = 0, No Iterations 0
PIMPLE: iteration 1
DILUPBiCG:  Solving for Ux, Initial residual = 0.0613837, Final residual = 0.000238947, No Iterations 1
DILUPBiCG:  Solving for Uy, Initial residual = 0.0117737, Final residual = 2.44612e-05, No Iterations 1
DILUPBiCG:  Solving for Uz, Initial residual = 0.0137169, Final residual = 1.38935e-05, No Iterations 1
GAMG:  Solving for p, Initial residual = 0.118129, Final residual = 0.000910228, No Iterations 4
GAMG:  Solving for p, Initial residual = 0.0156986, Final residual = 0.000138818, No Iterations 18
GAMG:  Solving for p, Initial residual = 0.00742624, Final residual = 6.02679e-05, No Iterations 4
time step continuity errors : sum local = 7.7286e-07, global = 2.55316e-07, cumulative = 2.55316e-07
GAMG:  Solving for p, Initial residual = 0.0527113, Final residual = 0.000373601, No Iterations 4
GAMG:  Solving for p, Initial residual = 0.00776798, Final residual = 6.9434e-05, No Iterations 16
GAMG:  Solving for p, Initial residual = 0.00372166, Final residual = 3.09711e-05, No Iterations 4
time step continuity errors : sum local = 3.99156e-07, global = 1.31201e-07, cumulative = 3.86517e-07
PIMPLE: iteration 2
DILUPBiCG:  Solving for Ux, Initial residual = 0.0161473, Final residual = 9.82118e-05, No Iterations 1
DILUPBiCG:  Solving for Uy, Initial residual = 0.00322683, Final residual = 6.6276e-06, No Iterations 1
DILUPBiCG:  Solving for Uz, Initial residual = 0.0028424, Final residual = 9.16569e-06, No Iterations 1
GAMG:  Solving for p, Initial residual = 0.0518819, Final residual = 0.000487908, No Iterations 4
GAMG:  Solving for p, Initial residual = 0.00993311, Final residual = 8.78991e-05, No Iterations 16
GAMG:  Solving for p, Initial residual = 0.00432293, Final residual = 4.14111e-05, No Iterations 8
time step continuity errors : sum local = 4.64008e-07, global = -1.00906e-07, cumulative = 2.85611e-07
GAMG:  Solving for p, Initial residual = 0.0269917, Final residual = 0.000224919, No Iterations 4
GAMG:  Solving for p, Initial residual = 0.00505722, Final residual = 4.43618e-05, No Iterations 14
GAMG:  Solving for p, Initial residual = 0.00206121, Final residual = 2.0559e-05, No Iterations 4
time step continuity errors : sum local = 2.31163e-07, global = -9.06472e-08, cumulative = 1.94963e-07
PIMPLE: iteration 3
DILUPBiCG:  Solving for Ux, Initial residual = 0.00353566, Final residual = 3.02037e-06, No Iterations 2
DILUPBiCG:  Solving for Uy, Initial residual = 0.000750797, Final residual = 4.85169e-06, No Iterations 1
DILUPBiCG:  Solving for Uz, Initial residual = 0.00543055, Final residual = 2.35968e-06, No Iterations 2
GAMG:  Solving for p, Initial residual = 0.0442815, Final residual = 0.000329636, No Iterations 5
GAMG:  Solving for p, Initial residual = 0.0100512, Final residual = 8.90552e-05, No Iterations 14
GAMG:  Solving for p, Initial residual = 0.00503248, Final residual = 4.47251e-05, No Iterations 10
time step continuity errors : sum local = 5.6164e-07, global = -1.4679e-07, cumulative = 4.81737e-08
GAMG:  Solving for p, Initial residual = 0.00249128, Final residual = 1.82757e-05, No Iterations 6
GAMG:  Solving for p, Initial residual = 0.00133993, Final residual = 1.15215e-05, No Iterations 4
GAMG:  Solving for p, Initial residual = 0.000555001, Final residual = 8.63558e-07, No Iterations 25
time step continuity errors : sum local = 1.07314e-08, global = 3.19922e-09, cumulative = 5.13729e-08
DILUPBiCG:  Solving for omega, Initial residual = 0.00107449, Final residual = 7.30826e-07, No Iterations 1
DILUPBiCG:  Solving for k, Initial residual = 0.0035819, Final residual = 6.71046e-07, No Iterations 2
bounding k, min: 0 max: 0.000635128 average: 0.000151879
ExecutionTime = 16.57 s  ClockTime = 17 s

Courant Number mean: 0.127042 max: 0.275169
Time = 0.488

GAMG:  Solving for cellDisplacementx, Initial residual = 0, Final residual = 0, No Iterations 0
GAMG:  Solving for cellDisplacementy, Initial residual = 0, Final residual = 0, No Iterations 0
GAMG:  Solving for cellDisplacementz, Initial residual = 0, Final residual = 0, No Iterations 0
PIMPLE: iteration 1
DILUPBiCG:  Solving for Ux, Initial residual = 0.0595614, Final residual = 0.000231466, No Iterations 1
DILUPBiCG:  Solving for Uy, Initial residual = 0.0116233, Final residual = 2.4012e-05, No Iterations 1
DILUPBiCG:  Solving for Uz, Initial residual = 0.0126713, Final residual = 1.20732e-05, No Iterations 1
GAMG:  Solving for p, Initial residual = 0.109156, Final residual = 0.000826582, No Iterations 4
GAMG:  Solving for p, Initial residual = 0.0135417, Final residual = 0.00013232, No Iterations 18
GAMG:  Solving for p, Initial residual = 0.00666029, Final residual = 5.7386e-05, No Iterations 4
time step continuity errors : sum local = 7.04539e-07, global = 2.49729e-07, cumulative = 3.01102e-07
GAMG:  Solving for p, Initial residual = 0.0487213, Final residual = 0.000343162, No Iterations 4
GAMG:  Solving for p, Initial residual = 0.00672488, Final residual = 6.55697e-05, No Iterations 16
GAMG:  Solving for p, Initial residual = 0.00332942, Final residual = 2.96604e-05, No Iterations 4
time step continuity errors : sum local = 3.65989e-07, global = 1.21459e-07, cumulative = 4.2256e-07
PIMPLE: iteration 2
DILUPBiCG:  Solving for Ux, Initial residual = 0.0155798, Final residual = 9.45374e-05, No Iterations 1
DILUPBiCG:  Solving for Uy, Initial residual = 0.00314567, Final residual = 6.43049e-06, No Iterations 1
DILUPBiCG:  Solving for Uz, Initial residual = 0.00269464, Final residual = 8.62785e-06, No Iterations 1
GAMG:  Solving for p, Initial residual = 0.0471555, Final residual = 0.000300087, No Iterations 6
GAMG:  Solving for p, Initial residual = 0.0092429, Final residual = 8.89818e-05, No Iterations 14
GAMG:  Solving for p, Initial residual = 0.00400103, Final residual = 3.54164e-05, No Iterations 4
time step continuity errors : sum local = 3.79071e-07, global = -1.44692e-07, cumulative = 2.77868e-07
GAMG:  Solving for p, Initial residual = 0.0248709, Final residual = 0.000228733, No Iterations 4
GAMG:  Solving for p, Initial residual = 0.00502281, Final residual = 4.30639e-05, No Iterations 14
GAMG:  Solving for p, Initial residual = 0.00204655, Final residual = 1.57114e-05, No Iterations 4
time step continuity errors : sum local = 1.68599e-07, global = -5.97669e-08, cumulative = 2.18101e-07
PIMPLE: iteration 3
DILUPBiCG:  Solving for Ux, Initial residual = 0.00336068, Final residual = 2.9453e-06, No Iterations 2
DILUPBiCG:  Solving for Uy, Initial residual = 0.000713848, Final residual = 4.90062e-06, No Iterations 1
DILUPBiCG:  Solving for Uz, Initial residual = 0.00520287, Final residual = 2.1518e-06, No Iterations 2
GAMG:  Solving for p, Initial residual = 0.043659, Final residual = 0.000335783, No Iterations 5
GAMG:  Solving for p, Initial residual = 0.00993365, Final residual = 9.46442e-05, No Iterations 14
GAMG:  Solving for p, Initial residual = 0.00509705, Final residual = 4.92856e-05, No Iterations 10
time step continuity errors : sum local = 5.92229e-07, global = -1.56069e-07, cumulative = 6.20323e-08
GAMG:  Solving for p, Initial residual = 0.00245846, Final residual = 1.9649e-05, No Iterations 8
GAMG:  Solving for p, Initial residual = 0.00127717, Final residual = 9.19188e-06, No Iterations 5
GAMG:  Solving for p, Initial residual = 0.000509182, Final residual = 8.97264e-07, No Iterations 28
time step continuity errors : sum local = 1.06659e-08, global = 3.20792e-09, cumulative = 6.52403e-08
DILUPBiCG:  Solving for omega, Initial residual = 0.0011079, Final residual = 7.26601e-07, No Iterations 1
DILUPBiCG:  Solving for k, Initial residual = 0.00352161, Final residual = 6.71458e-07, No Iterations 2
bounding k, min: 0 max: 0.000622665 average: 0.000150997
ExecutionTime = 23.07 s  ClockTime = 23 s

End

