/*---------------------------------------------------------------------------*\
| =========                 |                                                 |
| \\      /  F ield         | OpenFOAM: The Open Source CFD Toolbox           |
|  \\    /   O peration     | Version:  2.3.1                                 |
|   \\  /    A nd           | Web:      www.OpenFOAM.org                      |
|    \\/     M anipulation  |                                                 |
\*---------------------------------------------------------------------------*/
Build  : 2.3.1-262087cdf8db
Exec   : pimpleDyMFoam
Date   : Jun 05 2023
Time   : 19:10:54
Host   : "jcosson-VirtualBox"
PID    : 31995
Case   : /home/jcosson/workspace/henersj_shootingdata/calcs/moderate_deformed/primal/56_intervals_05-06-23/sweep32/interval50
nProcs : 1
sigFpe : Enabling floating point exception trapping (FOAM_SIGFPE).
fileModificationChecking : Monitoring run-time modified files using timeStampMaster
allowSystemOperations : Allowing user-supplied system call operations

// * * * * * * * * * * * * * * * * * * * * * * * * * * * * * * * * * * * * * //
Create time

Create mesh for time = 0.488

Selecting dynamicFvMesh dynamicMotionSolverFvMesh
Selecting motion solver: displacementLaplacian
Selecting motion diffusion: quadratic
Selecting motion diffusion: quadratic
Selecting motion diffusion: inverseDistance

PIMPLE: no residual control data found. Calculations will employ 3 corrector loops

Reading field p

Reading field U

Reading/calculating face flux field phi

Selecting incompressible transport model Newtonian
Selecting turbulence model type RASModel
Selecting RAS turbulence model kOmegaSST
bounding k, min: 0 max: 0.000631804 average: 0.000151832
kOmegaSSTCoeffs
{
    alphaK1         0.85034;
    alphaK2         1;
    alphaOmega1     0.5;
    alphaOmega2     0.85616;
    gamma1          0.5532;
    gamma2          0.4403;
    beta1           0.075;
    beta2           0.0828;
    betaStar        0.09;
    a1              0.31;
    c1              10;
    Cmu             0.09;
    b1              1;
    F3              false;
}

Reading/calculating face velocity Uf

No finite volume options present

Courant Number mean: 0.123142 max: 0.271002

Starting time loop

Courant Number mean: 0.123142 max: 0.271002
Time = 0.489

GAMG:  Solving for cellDisplacementx, Initial residual = 0, Final residual = 0, No Iterations 0
GAMG:  Solving for cellDisplacementy, Initial residual = 0, Final residual = 0, No Iterations 0
GAMG:  Solving for cellDisplacementz, Initial residual = 0, Final residual = 0, No Iterations 0
PIMPLE: iteration 1
DILUPBiCG:  Solving for Ux, Initial residual = 0.0572659, Final residual = 0.000219199, No Iterations 1
DILUPBiCG:  Solving for Uy, Initial residual = 0.011293, Final residual = 2.29301e-05, No Iterations 1
DILUPBiCG:  Solving for Uz, Initial residual = 0.0123789, Final residual = 1.16966e-05, No Iterations 1
GAMG:  Solving for p, Initial residual = 0.114847, Final residual = 0.000762921, No Iterations 4
GAMG:  Solving for p, Initial residual = 0.0151067, Final residual = 0.000148436, No Iterations 16
GAMG:  Solving for p, Initial residual = 0.00726891, Final residual = 6.06515e-05, No Iterations 10
time step continuity errors : sum local = 7.04311e-07, global = 1.83015e-07, cumulative = 1.83015e-07
GAMG:  Solving for p, Initial residual = 0.051607, Final residual = 0.000314795, No Iterations 4
GAMG:  Solving for p, Initial residual = 0.00749742, Final residual = 6.42393e-05, No Iterations 16
GAMG:  Solving for p, Initial residual = 0.00364764, Final residual = 3.13753e-05, No Iterations 4
time step continuity errors : sum local = 3.66803e-07, global = 1.26565e-07, cumulative = 3.0958e-07
PIMPLE: iteration 2
DILUPBiCG:  Solving for Ux, Initial residual = 0.0148475, Final residual = 8.82322e-05, No Iterations 1
DILUPBiCG:  Solving for Uy, Initial residual = 0.0030375, Final residual = 6.1008e-06, No Iterations 1
DILUPBiCG:  Solving for Uz, Initial residual = 0.00262931, Final residual = 8.03126e-06, No Iterations 1
GAMG:  Solving for p, Initial residual = 0.0506179, Final residual = 0.000500535, No Iterations 4
GAMG:  Solving for p, Initial residual = 0.0101652, Final residual = 8.90467e-05, No Iterations 16
GAMG:  Solving for p, Initial residual = 0.00434714, Final residual = 4.26028e-05, No Iterations 6
time step continuity errors : sum local = 4.33242e-07, global = -1.07546e-07, cumulative = 2.02035e-07
GAMG:  Solving for p, Initial residual = 0.026558, Final residual = 0.000235562, No Iterations 4
GAMG:  Solving for p, Initial residual = 0.00529625, Final residual = 4.55444e-05, No Iterations 14
GAMG:  Solving for p, Initial residual = 0.0020614, Final residual = 1.73825e-05, No Iterations 10
time step continuity errors : sum local = 1.77291e-07, global = -4.49445e-08, cumulative = 1.5709e-07
PIMPLE: iteration 3
DILUPBiCG:  Solving for Ux, Initial residual = 0.0031618, Final residual = 2.7934e-06, No Iterations 2
DILUPBiCG:  Solving for Uy, Initial residual = 0.000674201, Final residual = 4.86066e-06, No Iterations 1
DILUPBiCG:  Solving for Uz, Initial residual = 0.00460411, Final residual = 2.12516e-06, No Iterations 2
GAMG:  Solving for p, Initial residual = 0.0452683, Final residual = 0.000334204, No Iterations 5
GAMG:  Solving for p, Initial residual = 0.0101922, Final residual = 9.55762e-05, No Iterations 14
GAMG:  Solving for p, Initial residual = 0.00520557, Final residual = 5.07012e-05, No Iterations 10
time step continuity errors : sum local = 5.77712e-07, global = -1.53953e-07, cumulative = 3.13678e-09
GAMG:  Solving for p, Initial residual = 0.00250068, Final residual = 1.91181e-05, No Iterations 8
GAMG:  Solving for p, Initial residual = 0.00132743, Final residual = 1.31579e-05, No Iterations 4
GAMG:  Solving for p, Initial residual = 0.000542508, Final residual = 8.78044e-07, No Iterations 23
time step continuity errors : sum local = 9.89143e-09, global = 2.96843e-09, cumulative = 6.10521e-09
DILUPBiCG:  Solving for omega, Initial residual = 0.00114843, Final residual = 7.24942e-07, No Iterations 1
DILUPBiCG:  Solving for k, Initial residual = 0.0034923, Final residual = 6.5343e-07, No Iterations 2
bounding k, min: 0 max: 0.00061837 average: 0.000150963
ExecutionTime = 11.81 s  ClockTime = 12 s

End

