/*---------------------------------------------------------------------------*\
| =========                 |                                                 |
| \\      /  F ield         | OpenFOAM: The Open Source CFD Toolbox           |
|  \\    /   O peration     | Version:  2.3.1                                 |
|   \\  /    A nd           | Web:      www.OpenFOAM.org                      |
|    \\/     M anipulation  |                                                 |
\*---------------------------------------------------------------------------*/
Build  : 2.3.1-262087cdf8db
Exec   : pimpleDyMFoam
Date   : Jun 05 2023
Time   : 19:10:24
Host   : "jcosson-VirtualBox"
PID    : 31977
Case   : /home/jcosson/workspace/henersj_shootingdata/calcs/moderate_deformed/primal/56_intervals_05-06-23/sweep32/interval41
nProcs : 1
sigFpe : Enabling floating point exception trapping (FOAM_SIGFPE).
fileModificationChecking : Monitoring run-time modified files using timeStampMaster
allowSystemOperations : Allowing user-supplied system call operations

// * * * * * * * * * * * * * * * * * * * * * * * * * * * * * * * * * * * * * //
Create time

Create mesh for time = 0.471

Selecting dynamicFvMesh dynamicMotionSolverFvMesh
Selecting motion solver: displacementLaplacian
Selecting motion diffusion: quadratic
Selecting motion diffusion: quadratic
Selecting motion diffusion: inverseDistance

PIMPLE: no residual control data found. Calculations will employ 3 corrector loops

Reading field p

Reading field U

Reading/calculating face flux field phi

Selecting incompressible transport model Newtonian
Selecting turbulence model type RASModel
Selecting RAS turbulence model kOmegaSST
kOmegaSSTCoeffs
{
    alphaK1         0.85034;
    alphaK2         1;
    alphaOmega1     0.5;
    alphaOmega2     0.85616;
    gamma1          0.5532;
    gamma2          0.4403;
    beta1           0.075;
    beta2           0.0828;
    betaStar        0.09;
    a1              0.31;
    c1              10;
    Cmu             0.09;
    b1              1;
    F3              false;
}

Reading/calculating face velocity Uf

No finite volume options present

Courant Number mean: 0.211607 max: 0.46917

Starting time loop

Courant Number mean: 0.211607 max: 0.46917
Time = 0.472

GAMG:  Solving for cellDisplacementx, Initial residual = 0, Final residual = 0, No Iterations 0
GAMG:  Solving for cellDisplacementy, Initial residual = 0, Final residual = 0, No Iterations 0
GAMG:  Solving for cellDisplacementz, Initial residual = 0, Final residual = 0, No Iterations 0
PIMPLE: iteration 1
DILUPBiCG:  Solving for Ux, Initial residual = 0.0513972, Final residual = 0.000212922, No Iterations 1
DILUPBiCG:  Solving for Uy, Initial residual = 0.00845567, Final residual = 1.96216e-05, No Iterations 1
DILUPBiCG:  Solving for Uz, Initial residual = 0.0125322, Final residual = 2.84035e-05, No Iterations 1
GAMG:  Solving for p, Initial residual = 0.128421, Final residual = 0.000995067, No Iterations 6
GAMG:  Solving for p, Initial residual = 0.0148569, Final residual = 0.000146922, No Iterations 18
GAMG:  Solving for p, Initial residual = 0.00645101, Final residual = 5.84309e-05, No Iterations 12
time step continuity errors : sum local = 8.51115e-07, global = 2.56316e-07, cumulative = 2.56316e-07
GAMG:  Solving for p, Initial residual = 0.0543696, Final residual = 0.000336004, No Iterations 6
GAMG:  Solving for p, Initial residual = 0.00750448, Final residual = 7.03329e-05, No Iterations 16
GAMG:  Solving for p, Initial residual = 0.00335233, Final residual = 2.91084e-05, No Iterations 12
time step continuity errors : sum local = 4.23783e-07, global = 1.26919e-07, cumulative = 3.83235e-07
PIMPLE: iteration 2
DILUPBiCG:  Solving for Ux, Initial residual = 0.014951, Final residual = 8.7325e-05, No Iterations 1
DILUPBiCG:  Solving for Uy, Initial residual = 0.00259402, Final residual = 5.95583e-06, No Iterations 1
DILUPBiCG:  Solving for Uz, Initial residual = 0.00358421, Final residual = 1.24668e-05, No Iterations 1
GAMG:  Solving for p, Initial residual = 0.0547556, Final residual = 0.000473848, No Iterations 4
GAMG:  Solving for p, Initial residual = 0.00891365, Final residual = 8.46153e-05, No Iterations 16
GAMG:  Solving for p, Initial residual = 0.0040524, Final residual = 3.96874e-05, No Iterations 8
time step continuity errors : sum local = 4.92165e-07, global = -1.47046e-07, cumulative = 2.36188e-07
GAMG:  Solving for p, Initial residual = 0.0281282, Final residual = 0.000206705, No Iterations 4
GAMG:  Solving for p, Initial residual = 0.00441831, Final residual = 3.89423e-05, No Iterations 14
GAMG:  Solving for p, Initial residual = 0.0018982, Final residual = 1.89611e-05, No Iterations 8
time step continuity errors : sum local = 2.36421e-07, global = -6.61638e-08, cumulative = 1.70024e-07
PIMPLE: iteration 3
DILUPBiCG:  Solving for Ux, Initial residual = 0.00369575, Final residual = 1.89824e-06, No Iterations 2
DILUPBiCG:  Solving for Uy, Initial residual = 0.000641182, Final residual = 6.73476e-06, No Iterations 1
DILUPBiCG:  Solving for Uz, Initial residual = 0.00722716, Final residual = 3.14839e-06, No Iterations 2
GAMG:  Solving for p, Initial residual = 0.0402828, Final residual = 0.00034125, No Iterations 5
GAMG:  Solving for p, Initial residual = 0.00907111, Final residual = 7.95269e-05, No Iterations 13
GAMG:  Solving for p, Initial residual = 0.00435902, Final residual = 3.70716e-05, No Iterations 10
time step continuity errors : sum local = 5.16116e-07, global = -1.34152e-07, cumulative = 3.5872e-08
GAMG:  Solving for p, Initial residual = 0.00244906, Final residual = 2.42785e-05, No Iterations 18
GAMG:  Solving for p, Initial residual = 0.00135725, Final residual = 1.29818e-05, No Iterations 4
GAMG:  Solving for p, Initial residual = 0.000543621, Final residual = 9.60795e-07, No Iterations 36
time step continuity errors : sum local = 1.33162e-08, global = 3.91763e-09, cumulative = 3.97896e-08
DILUPBiCG:  Solving for omega, Initial residual = 0.000519639, Final residual = 6.07451e-07, No Iterations 1
DILUPBiCG:  Solving for k, Initial residual = 0.00454784, Final residual = 1.67792e-06, No Iterations 2
ExecutionTime = 17.87 s  ClockTime = 18 s

Courant Number mean: 0.206039 max: 0.45653
Time = 0.473

GAMG:  Solving for cellDisplacementx, Initial residual = 0, Final residual = 0, No Iterations 0
GAMG:  Solving for cellDisplacementy, Initial residual = 0, Final residual = 0, No Iterations 0
GAMG:  Solving for cellDisplacementz, Initial residual = 0, Final residual = 0, No Iterations 0
PIMPLE: iteration 1
DILUPBiCG:  Solving for Ux, Initial residual = 0.0534421, Final residual = 0.000220871, No Iterations 1
DILUPBiCG:  Solving for Uy, Initial residual = 0.00883384, Final residual = 2.03519e-05, No Iterations 1
DILUPBiCG:  Solving for Uz, Initial residual = 0.0110055, Final residual = 2.56658e-05, No Iterations 1
GAMG:  Solving for p, Initial residual = 0.118482, Final residual = 0.000975435, No Iterations 6
GAMG:  Solving for p, Initial residual = 0.012916, Final residual = 0.000122315, No Iterations 20
GAMG:  Solving for p, Initial residual = 0.00576493, Final residual = 4.90361e-05, No Iterations 12
time step continuity errors : sum local = 7.28862e-07, global = 2.19139e-07, cumulative = 2.58929e-07
GAMG:  Solving for p, Initial residual = 0.0502742, Final residual = 0.000329251, No Iterations 6
GAMG:  Solving for p, Initial residual = 0.0065705, Final residual = 5.89444e-05, No Iterations 18
GAMG:  Solving for p, Initial residual = 0.00299512, Final residual = 2.91621e-05, No Iterations 10
time step continuity errors : sum local = 4.33124e-07, global = 1.14327e-07, cumulative = 3.73255e-07
PIMPLE: iteration 2
DILUPBiCG:  Solving for Ux, Initial residual = 0.0154419, Final residual = 9.09393e-05, No Iterations 1
DILUPBiCG:  Solving for Uy, Initial residual = 0.00269479, Final residual = 6.14052e-06, No Iterations 1
DILUPBiCG:  Solving for Uz, Initial residual = 0.00350085, Final residual = 1.24115e-05, No Iterations 1
GAMG:  Solving for p, Initial residual = 0.0501486, Final residual = 0.00047647, No Iterations 4
GAMG:  Solving for p, Initial residual = 0.00783672, Final residual = 7.30545e-05, No Iterations 18
GAMG:  Solving for p, Initial residual = 0.00363095, Final residual = 3.38639e-05, No Iterations 8
time step continuity errors : sum local = 4.28369e-07, global = -1.42755e-07, cumulative = 2.305e-07
GAMG:  Solving for p, Initial residual = 0.0257999, Final residual = 0.000207334, No Iterations 4
GAMG:  Solving for p, Initial residual = 0.00386539, Final residual = 3.33468e-05, No Iterations 16
GAMG:  Solving for p, Initial residual = 0.00166956, Final residual = 1.60456e-05, No Iterations 8
time step continuity errors : sum local = 2.0416e-07, global = -6.09053e-08, cumulative = 1.69595e-07
PIMPLE: iteration 3
DILUPBiCG:  Solving for Ux, Initial residual = 0.00378603, Final residual = 2.04956e-06, No Iterations 2
DILUPBiCG:  Solving for Uy, Initial residual = 0.000661006, Final residual = 6.62365e-06, No Iterations 1
DILUPBiCG:  Solving for Uz, Initial residual = 0.0072058, Final residual = 3.27083e-06, No Iterations 2
GAMG:  Solving for p, Initial residual = 0.0395904, Final residual = 0.000345539, No Iterations 5
GAMG:  Solving for p, Initial residual = 0.00892917, Final residual = 7.6187e-05, No Iterations 13
GAMG:  Solving for p, Initial residual = 0.0042945, Final residual = 3.47218e-05, No Iterations 10
time step continuity errors : sum local = 4.9355e-07, global = -1.27847e-07, cumulative = 4.17481e-08
GAMG:  Solving for p, Initial residual = 0.00237829, Final residual = 2.13455e-05, No Iterations 20
GAMG:  Solving for p, Initial residual = 0.00132967, Final residual = 1.15638e-05, No Iterations 4
GAMG:  Solving for p, Initial residual = 0.000530607, Final residual = 8.57443e-07, No Iterations 34
time step continuity errors : sum local = 1.21329e-08, global = 3.56249e-09, cumulative = 4.53106e-08
DILUPBiCG:  Solving for omega, Initial residual = 0.000543889, Final residual = 6.07583e-07, No Iterations 1
DILUPBiCG:  Solving for k, Initial residual = 0.0044643, Final residual = 1.6455e-06, No Iterations 2
ExecutionTime = 32.8 s  ClockTime = 33 s

End

