/*---------------------------------------------------------------------------*\
| =========                 |                                                 |
| \\      /  F ield         | OpenFOAM: The Open Source CFD Toolbox           |
|  \\    /   O peration     | Version:  2.3.1                                 |
|   \\  /    A nd           | Web:      www.OpenFOAM.org                      |
|    \\/     M anipulation  |                                                 |
\*---------------------------------------------------------------------------*/
Build  : 2.3.1-262087cdf8db
Exec   : pimpleDyMFoam
Date   : Jun 06 2023
Time   : 10:31:52
Host   : "jcosson-VirtualBox"
PID    : 4243
Case   : /home/jcosson/workspace/henersj_shootingdata/calcs/moderate_deformed/primal/28_intervals_05-06-23/sweep2/interval13
nProcs : 1
sigFpe : Enabling floating point exception trapping (FOAM_SIGFPE).
fileModificationChecking : Monitoring run-time modified files using timeStampMaster
allowSystemOperations : Allowing user-supplied system call operations

// * * * * * * * * * * * * * * * * * * * * * * * * * * * * * * * * * * * * * //
Create time

Create mesh for time = 0.443

Selecting dynamicFvMesh dynamicMotionSolverFvMesh
Selecting motion solver: displacementLaplacian
Selecting motion diffusion: quadratic
Selecting motion diffusion: quadratic
Selecting motion diffusion: inverseDistance

PIMPLE: no residual control data found. Calculations will employ 3 corrector loops

Reading field p

Reading field U

Reading/calculating face flux field phi

Selecting incompressible transport model Newtonian
Selecting turbulence model type RASModel
Selecting RAS turbulence model kOmegaSST
kOmegaSSTCoeffs
{
    alphaK1         0.85034;
    alphaK2         1;
    alphaOmega1     0.5;
    alphaOmega2     0.85616;
    gamma1          0.5532;
    gamma2          0.4403;
    beta1           0.075;
    beta2           0.0828;
    betaStar        0.09;
    a1              0.31;
    c1              10;
    Cmu             0.09;
    b1              1;
    F3              false;
}

Reading/calculating face velocity Uf

No finite volume options present

Courant Number mean: 0.270622 max: 0.606124

Starting time loop

Courant Number mean: 0.270622 max: 0.606124
Time = 0.444

GAMG:  Solving for cellDisplacementx, Initial residual = 0, Final residual = 0, No Iterations 0
GAMG:  Solving for cellDisplacementy, Initial residual = 0, Final residual = 0, No Iterations 0
GAMG:  Solving for cellDisplacementz, Initial residual = 0, Final residual = 0, No Iterations 0
PIMPLE: iteration 1
DILUPBiCG:  Solving for Ux, Initial residual = 0.0194423, Final residual = 6.98312e-05, No Iterations 1
DILUPBiCG:  Solving for Uy, Initial residual = 0.00311608, Final residual = 9.56969e-06, No Iterations 1
DILUPBiCG:  Solving for Uz, Initial residual = 0.0217651, Final residual = 4.95576e-05, No Iterations 1
GAMG:  Solving for p, Initial residual = 0.148748, Final residual = 0.000707505, No Iterations 4
GAMG:  Solving for p, Initial residual = 0.0235807, Final residual = 0.000223939, No Iterations 12
GAMG:  Solving for p, Initial residual = 0.010207, Final residual = 9.85532e-05, No Iterations 4
time step continuity errors : sum local = 6.10945e-07, global = -2.2399e-07, cumulative = -2.2399e-07
GAMG:  Solving for p, Initial residual = 0.0675463, Final residual = 0.00031198, No Iterations 4
GAMG:  Solving for p, Initial residual = 0.0115398, Final residual = 9.56276e-05, No Iterations 12
GAMG:  Solving for p, Initial residual = 0.00516669, Final residual = 4.30864e-05, No Iterations 4
time step continuity errors : sum local = 2.68925e-07, global = -9.52063e-08, cumulative = -3.19197e-07
PIMPLE: iteration 2
DILUPBiCG:  Solving for Ux, Initial residual = 0.00535196, Final residual = 2.28233e-05, No Iterations 1
DILUPBiCG:  Solving for Uy, Initial residual = 0.000875824, Final residual = 6.16805e-06, No Iterations 1
DILUPBiCG:  Solving for Uz, Initial residual = 0.00434362, Final residual = 1.3627e-05, No Iterations 1
GAMG:  Solving for p, Initial residual = 0.0700958, Final residual = 0.00062333, No Iterations 5
GAMG:  Solving for p, Initial residual = 0.0172681, Final residual = 0.000145472, No Iterations 11
GAMG:  Solving for p, Initial residual = 0.00698329, Final residual = 6.54677e-05, No Iterations 10
time step continuity errors : sum local = 3.43504e-07, global = 8.71188e-08, cumulative = -2.32078e-07
GAMG:  Solving for p, Initial residual = 0.0370644, Final residual = 0.0003214, No Iterations 4
GAMG:  Solving for p, Initial residual = 0.00834534, Final residual = 6.95804e-05, No Iterations 12
GAMG:  Solving for p, Initial residual = 0.00338492, Final residual = 2.78838e-05, No Iterations 10
time step continuity errors : sum local = 1.47495e-07, global = 3.73353e-08, cumulative = -1.94742e-07
PIMPLE: iteration 3
DILUPBiCG:  Solving for Ux, Initial residual = 0.00111338, Final residual = 8.04614e-06, No Iterations 1
DILUPBiCG:  Solving for Uy, Initial residual = 0.000185197, Final residual = 8.44192e-06, No Iterations 1
DILUPBiCG:  Solving for Uz, Initial residual = 0.00600918, Final residual = 1.07736e-06, No Iterations 2
GAMG:  Solving for p, Initial residual = 0.0478347, Final residual = 0.000420917, No Iterations 5
GAMG:  Solving for p, Initial residual = 0.012711, Final residual = 0.000110269, No Iterations 10
GAMG:  Solving for p, Initial residual = 0.00524709, Final residual = 5.18396e-05, No Iterations 8
time step continuity errors : sum local = 3.0643e-07, global = 6.62803e-08, cumulative = -1.28462e-07
GAMG:  Solving for p, Initial residual = 0.00383889, Final residual = 3.43023e-05, No Iterations 18
GAMG:  Solving for p, Initial residual = 0.00222224, Final residual = 2.10944e-05, No Iterations 4
GAMG:  Solving for p, Initial residual = 0.000757545, Final residual = 9.63975e-07, No Iterations 42
time step continuity errors : sum local = 5.71376e-09, global = -1.69804e-09, cumulative = -1.3016e-07
DILUPBiCG:  Solving for omega, Initial residual = 0.00167575, Final residual = 2.2247e-06, No Iterations 1
DILUPBiCG:  Solving for k, Initial residual = 0.00653558, Final residual = 1.13483e-06, No Iterations 2
ExecutionTime = 17.05 s  ClockTime = 17 s

Courant Number mean: 0.272943 max: 0.611295
Time = 0.445

GAMG:  Solving for cellDisplacementx, Initial residual = 0, Final residual = 0, No Iterations 0
GAMG:  Solving for cellDisplacementy, Initial residual = 0, Final residual = 0, No Iterations 0
GAMG:  Solving for cellDisplacementz, Initial residual = 0, Final residual = 0, No Iterations 0
PIMPLE: iteration 1
DILUPBiCG:  Solving for Ux, Initial residual = 0.0170723, Final residual = 6.31458e-05, No Iterations 1
DILUPBiCG:  Solving for Uy, Initial residual = 0.00268299, Final residual = 8.70263e-06, No Iterations 1
DILUPBiCG:  Solving for Uz, Initial residual = 0.0167081, Final residual = 3.66452e-05, No Iterations 1
GAMG:  Solving for p, Initial residual = 0.112853, Final residual = 0.000549137, No Iterations 4
GAMG:  Solving for p, Initial residual = 0.016558, Final residual = 0.000151583, No Iterations 12
GAMG:  Solving for p, Initial residual = 0.00726151, Final residual = 6.5532e-05, No Iterations 4
time step continuity errors : sum local = 3.65607e-07, global = -1.3538e-07, cumulative = -2.6554e-07
GAMG:  Solving for p, Initial residual = 0.0515347, Final residual = 0.000232214, No Iterations 4
GAMG:  Solving for p, Initial residual = 0.00806239, Final residual = 7.01336e-05, No Iterations 10
GAMG:  Solving for p, Initial residual = 0.0035904, Final residual = 3.31077e-05, No Iterations 4
time step continuity errors : sum local = 1.8519e-07, global = -7.03381e-08, cumulative = -3.35878e-07
PIMPLE: iteration 2
DILUPBiCG:  Solving for Ux, Initial residual = 0.00459038, Final residual = 2.05271e-05, No Iterations 1
DILUPBiCG:  Solving for Uy, Initial residual = 0.000747376, Final residual = 6.38612e-06, No Iterations 1
DILUPBiCG:  Solving for Uz, Initial residual = 0.00401026, Final residual = 1.34021e-05, No Iterations 1
GAMG:  Solving for p, Initial residual = 0.052277, Final residual = 0.000424451, No Iterations 6
GAMG:  Solving for p, Initial residual = 0.0139306, Final residual = 0.000124732, No Iterations 14
GAMG:  Solving for p, Initial residual = 0.00513235, Final residual = 5.06029e-05, No Iterations 12
time step continuity errors : sum local = 2.38014e-07, global = 7.08672e-08, cumulative = -2.65011e-07
GAMG:  Solving for p, Initial residual = 0.0277278, Final residual = 0.000270104, No Iterations 5
GAMG:  Solving for p, Initial residual = 0.00670023, Final residual = 5.97585e-05, No Iterations 11
GAMG:  Solving for p, Initial residual = 0.00244076, Final residual = 2.08411e-05, No Iterations 14
time step continuity errors : sum local = 9.88674e-08, global = 3.07106e-08, cumulative = -2.343e-07
PIMPLE: iteration 3
DILUPBiCG:  Solving for Ux, Initial residual = 0.000886182, Final residual = 6.8302e-06, No Iterations 1
DILUPBiCG:  Solving for Uy, Initial residual = 0.000151691, Final residual = 6.74992e-06, No Iterations 1
DILUPBiCG:  Solving for Uz, Initial residual = 0.00397152, Final residual = 5.44291e-07, No Iterations 2
GAMG:  Solving for p, Initial residual = 0.0466796, Final residual = 0.000444835, No Iterations 5
GAMG:  Solving for p, Initial residual = 0.0131057, Final residual = 0.000119669, No Iterations 12
GAMG:  Solving for p, Initial residual = 0.00555141, Final residual = 5.30743e-05, No Iterations 8
time step continuity errors : sum local = 2.80558e-07, global = 5.97527e-08, cumulative = -1.74548e-07
GAMG:  Solving for p, Initial residual = 0.00397799, Final residual = 3.73837e-05, No Iterations 16
GAMG:  Solving for p, Initial residual = 0.00234882, Final residual = 2.10725e-05, No Iterations 4
GAMG:  Solving for p, Initial residual = 0.000780617, Final residual = 9.84588e-07, No Iterations 42
time step continuity errors : sum local = 5.20584e-09, global = -1.54495e-09, cumulative = -1.76093e-07
DILUPBiCG:  Solving for omega, Initial residual = 0.00159574, Final residual = 2.1395e-06, No Iterations 1
DILUPBiCG:  Solving for k, Initial residual = 0.00638743, Final residual = 1.02441e-06, No Iterations 2
ExecutionTime = 31.65 s  ClockTime = 32 s

Courant Number mean: 0.274922 max: 0.615599
Time = 0.446

GAMG:  Solving for cellDisplacementx, Initial residual = 0, Final residual = 0, No Iterations 0
GAMG:  Solving for cellDisplacementy, Initial residual = 0, Final residual = 0, No Iterations 0
GAMG:  Solving for cellDisplacementz, Initial residual = 0, Final residual = 0, No Iterations 0
PIMPLE: iteration 1
DILUPBiCG:  Solving for Ux, Initial residual = 0.0144025, Final residual = 5.55789e-05, No Iterations 1
DILUPBiCG:  Solving for Uy, Initial residual = 0.00226483, Final residual = 7.95897e-06, No Iterations 1
DILUPBiCG:  Solving for Uz, Initial residual = 0.0127689, Final residual = 2.68348e-05, No Iterations 1
GAMG:  Solving for p, Initial residual = 0.106792, Final residual = 0.000448408, No Iterations 4
GAMG:  Solving for p, Initial residual = 0.0154301, Final residual = 0.00014455, No Iterations 14
GAMG:  Solving for p, Initial residual = 0.00738851, Final residual = 6.67972e-05, No Iterations 4
time step continuity errors : sum local = 3.28006e-07, global = -1.14501e-07, cumulative = -2.90594e-07
GAMG:  Solving for p, Initial residual = 0.0493887, Final residual = 0.000488069, No Iterations 3
GAMG:  Solving for p, Initial residual = 0.00754653, Final residual = 6.80855e-05, No Iterations 13
GAMG:  Solving for p, Initial residual = 0.00368251, Final residual = 3.47197e-05, No Iterations 4
time step continuity errors : sum local = 1.71577e-07, global = -6.01821e-08, cumulative = -3.50776e-07
PIMPLE: iteration 2
DILUPBiCG:  Solving for Ux, Initial residual = 0.00382664, Final residual = 1.87898e-05, No Iterations 1
DILUPBiCG:  Solving for Uy, Initial residual = 0.000621332, Final residual = 6.74705e-06, No Iterations 1
DILUPBiCG:  Solving for Uz, Initial residual = 0.00415267, Final residual = 1.19138e-05, No Iterations 1
GAMG:  Solving for p, Initial residual = 0.049264, Final residual = 0.000422888, No Iterations 6
GAMG:  Solving for p, Initial residual = 0.0144251, Final residual = 0.000130233, No Iterations 14
GAMG:  Solving for p, Initial residual = 0.00515339, Final residual = 4.39552e-05, No Iterations 14
time step continuity errors : sum local = 1.8396e-07, global = 5.79054e-08, cumulative = -2.92871e-07
GAMG:  Solving for p, Initial residual = 0.0262402, Final residual = 0.000261114, No Iterations 5
GAMG:  Solving for p, Initial residual = 0.00683817, Final residual = 6.18373e-05, No Iterations 11
GAMG:  Solving for p, Initial residual = 0.00238619, Final residual = 2.21215e-05, No Iterations 14
time step continuity errors : sum local = 9.34721e-08, global = 2.90131e-08, cumulative = -2.63858e-07
PIMPLE: iteration 3
DILUPBiCG:  Solving for Ux, Initial residual = 0.000713481, Final residual = 6.2663e-06, No Iterations 1
DILUPBiCG:  Solving for Uy, Initial residual = 0.00012161, Final residual = 5.02475e-06, No Iterations 1
DILUPBiCG:  Solving for Uz, Initial residual = 0.00429608, Final residual = 5.44358e-07, No Iterations 2
GAMG:  Solving for p, Initial residual = 0.049555, Final residual = 0.000443469, No Iterations 5
GAMG:  Solving for p, Initial residual = 0.014012, Final residual = 0.000125167, No Iterations 12
GAMG:  Solving for p, Initial residual = 0.00590894, Final residual = 5.60591e-05, No Iterations 8
time step continuity errors : sum local = 2.62611e-07, global = 5.61151e-08, cumulative = -2.07742e-07
GAMG:  Solving for p, Initial residual = 0.00426123, Final residual = 3.72194e-05, No Iterations 12
GAMG:  Solving for p, Initial residual = 0.00251021, Final residual = 2.42741e-05, No Iterations 4
GAMG:  Solving for p, Initial residual = 0.000821377, Final residual = 9.19647e-07, No Iterations 42
time step continuity errors : sum local = 4.30801e-09, global = -1.27883e-09, cumulative = -2.09021e-07
DILUPBiCG:  Solving for omega, Initial residual = 0.00152236, Final residual = 2.05887e-06, No Iterations 1
DILUPBiCG:  Solving for k, Initial residual = 0.00623043, Final residual = 9.45803e-07, No Iterations 2
ExecutionTime = 46.76 s  ClockTime = 47 s

End

