/*---------------------------------------------------------------------------*\
| =========                 |                                                 |
| \\      /  F ield         | OpenFOAM: The Open Source CFD Toolbox           |
|  \\    /   O peration     | Version:  2.3.1                                 |
|   \\  /    A nd           | Web:      www.OpenFOAM.org                      |
|    \\/     M anipulation  |                                                 |
\*---------------------------------------------------------------------------*/
Build  : 2.3.1-262087cdf8db
Exec   : pimpleDyMFoam
Date   : Jun 05 2023
Time   : 18:23:41
Host   : "jcosson-VirtualBox"
PID    : 15748
Case   : /home/jcosson/workspace/henersj_shootingdata/calcs/moderate_deformed/primal/56_intervals_05-06-23/sweep12/interval47
nProcs : 1
sigFpe : Enabling floating point exception trapping (FOAM_SIGFPE).
fileModificationChecking : Monitoring run-time modified files using timeStampMaster
allowSystemOperations : Allowing user-supplied system call operations

// * * * * * * * * * * * * * * * * * * * * * * * * * * * * * * * * * * * * * //
Create time

Create mesh for time = 0.482

Selecting dynamicFvMesh dynamicMotionSolverFvMesh
Selecting motion solver: displacementLaplacian
Selecting motion diffusion: quadratic
Selecting motion diffusion: quadratic
Selecting motion diffusion: inverseDistance

PIMPLE: no residual control data found. Calculations will employ 3 corrector loops

Reading field p

Reading field U

Reading/calculating face flux field phi

Selecting incompressible transport model Newtonian
Selecting turbulence model type RASModel
Selecting RAS turbulence model kOmegaSST
bounding k, min: 0 max: 0.000757566 average: 0.00016489
kOmegaSSTCoeffs
{
    alphaK1         0.85034;
    alphaK2         1;
    alphaOmega1     0.5;
    alphaOmega2     0.85616;
    gamma1          0.5532;
    gamma2          0.4403;
    beta1           0.075;
    beta2           0.0828;
    betaStar        0.09;
    a1              0.31;
    c1              10;
    Cmu             0.09;
    b1              1;
    F3              false;
}

Reading/calculating face velocity Uf

No finite volume options present

Courant Number mean: 0.150375 max: 0.339194

Starting time loop

Courant Number mean: 0.150375 max: 0.339194
Time = 0.483

GAMG:  Solving for cellDisplacementx, Initial residual = 0, Final residual = 0, No Iterations 0
GAMG:  Solving for cellDisplacementy, Initial residual = 0, Final residual = 0, No Iterations 0
GAMG:  Solving for cellDisplacementz, Initial residual = 0, Final residual = 0, No Iterations 0
PIMPLE: iteration 1
DILUPBiCG:  Solving for Ux, Initial residual = 0.0642658, Final residual = 0.000247, No Iterations 1
DILUPBiCG:  Solving for Uy, Initial residual = 0.0118048, Final residual = 2.52505e-05, No Iterations 1
DILUPBiCG:  Solving for Uz, Initial residual = 0.0181965, Final residual = 2.37011e-05, No Iterations 1
GAMG:  Solving for p, Initial residual = 0.121752, Final residual = 0.00111808, No Iterations 4
GAMG:  Solving for p, Initial residual = 0.01587, Final residual = 0.00013557, No Iterations 20
GAMG:  Solving for p, Initial residual = 0.00745402, Final residual = 6.3682e-05, No Iterations 4
time step continuity errors : sum local = 9.21423e-07, global = 3.33222e-07, cumulative = 3.33222e-07
GAMG:  Solving for p, Initial residual = 0.0533799, Final residual = 0.000451849, No Iterations 4
GAMG:  Solving for p, Initial residual = 0.00789801, Final residual = 6.80972e-05, No Iterations 18
GAMG:  Solving for p, Initial residual = 0.00377019, Final residual = 3.48296e-05, No Iterations 4
time step continuity errors : sum local = 5.06063e-07, global = 1.87105e-07, cumulative = 5.20327e-07
PIMPLE: iteration 2
DILUPBiCG:  Solving for Ux, Initial residual = 0.0173945, Final residual = 0.000104018, No Iterations 1
DILUPBiCG:  Solving for Uy, Initial residual = 0.00333255, Final residual = 7.12479e-06, No Iterations 1
DILUPBiCG:  Solving for Uz, Initial residual = 0.00324022, Final residual = 1.10723e-05, No Iterations 1
GAMG:  Solving for p, Initial residual = 0.0528002, Final residual = 0.000474198, No Iterations 4
GAMG:  Solving for p, Initial residual = 0.00954696, Final residual = 8.66635e-05, No Iterations 16
GAMG:  Solving for p, Initial residual = 0.00437591, Final residual = 4.14508e-05, No Iterations 8
time step continuity errors : sum local = 5.20859e-07, global = -1.35838e-07, cumulative = 3.84488e-07
GAMG:  Solving for p, Initial residual = 0.0273166, Final residual = 0.00021525, No Iterations 4
GAMG:  Solving for p, Initial residual = 0.0048346, Final residual = 4.2391e-05, No Iterations 14
GAMG:  Solving for p, Initial residual = 0.00210121, Final residual = 2.03407e-05, No Iterations 8
time step continuity errors : sum local = 2.56723e-07, global = -6.03477e-08, cumulative = 3.24141e-07
PIMPLE: iteration 3
DILUPBiCG:  Solving for Ux, Initial residual = 0.00397408, Final residual = 2.94464e-06, No Iterations 2
DILUPBiCG:  Solving for Uy, Initial residual = 0.000798112, Final residual = 5.17814e-06, No Iterations 1
DILUPBiCG:  Solving for Uz, Initial residual = 0.00739653, Final residual = 2.96561e-06, No Iterations 2
GAMG:  Solving for p, Initial residual = 0.042205, Final residual = 0.000352108, No Iterations 5
GAMG:  Solving for p, Initial residual = 0.00967382, Final residual = 9.02132e-05, No Iterations 10
GAMG:  Solving for p, Initial residual = 0.00461803, Final residual = 4.12585e-05, No Iterations 10
time step continuity errors : sum local = 5.82193e-07, global = -1.51318e-07, cumulative = 1.72823e-07
GAMG:  Solving for p, Initial residual = 0.00240811, Final residual = 2.06589e-05, No Iterations 12
GAMG:  Solving for p, Initial residual = 0.0013075, Final residual = 1.18992e-05, No Iterations 4
GAMG:  Solving for p, Initial residual = 0.000539637, Final residual = 9.43727e-07, No Iterations 30
time step continuity errors : sum local = 1.32067e-08, global = 3.95496e-09, cumulative = 1.76778e-07
DILUPBiCG:  Solving for omega, Initial residual = 0.00110143, Final residual = 8.51728e-07, No Iterations 1
DILUPBiCG:  Solving for k, Initial residual = 0.0041073, Final residual = 7.11467e-07, No Iterations 2
bounding k, min: 0 max: 0.000745353 average: 0.000163731
ExecutionTime = 15.37 s  ClockTime = 15 s

Courant Number mean: 0.145322 max: 0.328215
Time = 0.484

GAMG:  Solving for cellDisplacementx, Initial residual = 0, Final residual = 0, No Iterations 0
GAMG:  Solving for cellDisplacementy, Initial residual = 0, Final residual = 0, No Iterations 0
GAMG:  Solving for cellDisplacementz, Initial residual = 0, Final residual = 0, No Iterations 0
PIMPLE: iteration 1
DILUPBiCG:  Solving for Ux, Initial residual = 0.0642131, Final residual = 0.000244903, No Iterations 1
DILUPBiCG:  Solving for Uy, Initial residual = 0.0118787, Final residual = 2.50721e-05, No Iterations 1
DILUPBiCG:  Solving for Uz, Initial residual = 0.0169078, Final residual = 1.89379e-05, No Iterations 1
GAMG:  Solving for p, Initial residual = 0.112995, Final residual = 0.000974008, No Iterations 4
GAMG:  Solving for p, Initial residual = 0.0138381, Final residual = 0.000121424, No Iterations 20
GAMG:  Solving for p, Initial residual = 0.00674585, Final residual = 5.20561e-05, No Iterations 5
time step continuity errors : sum local = 7.35199e-07, global = -1.23534e-07, cumulative = 5.32439e-08
GAMG:  Solving for p, Initial residual = 0.0496749, Final residual = 0.000377781, No Iterations 4
GAMG:  Solving for p, Initial residual = 0.00687069, Final residual = 6.85587e-05, No Iterations 16
GAMG:  Solving for p, Initial residual = 0.00336175, Final residual = 2.7967e-05, No Iterations 4
time step continuity errors : sum local = 3.95838e-07, global = 1.3609e-07, cumulative = 1.89334e-07
PIMPLE: iteration 2
DILUPBiCG:  Solving for Ux, Initial residual = 0.0172003, Final residual = 0.000102556, No Iterations 1
DILUPBiCG:  Solving for Uy, Initial residual = 0.00332986, Final residual = 7.05943e-06, No Iterations 1
DILUPBiCG:  Solving for Uz, Initial residual = 0.00290317, Final residual = 1.03574e-05, No Iterations 1
GAMG:  Solving for p, Initial residual = 0.048577, Final residual = 0.000469709, No Iterations 5
GAMG:  Solving for p, Initial residual = 0.00872022, Final residual = 7.36461e-05, No Iterations 11
GAMG:  Solving for p, Initial residual = 0.00378856, Final residual = 3.73258e-05, No Iterations 4
time step continuity errors : sum local = 4.56488e-07, global = -1.80326e-07, cumulative = 9.00814e-09
GAMG:  Solving for p, Initial residual = 0.0253457, Final residual = 0.000227514, No Iterations 4
GAMG:  Solving for p, Initial residual = 0.00450135, Final residual = 4.40473e-05, No Iterations 14
GAMG:  Solving for p, Initial residual = 0.00185857, Final residual = 1.78982e-05, No Iterations 4
time step continuity errors : sum local = 2.19637e-07, global = -8.29137e-08, cumulative = -7.39055e-08
PIMPLE: iteration 3
DILUPBiCG:  Solving for Ux, Initial residual = 0.00385393, Final residual = 2.89681e-06, No Iterations 2
DILUPBiCG:  Solving for Uy, Initial residual = 0.00078617, Final residual = 4.99254e-06, No Iterations 1
DILUPBiCG:  Solving for Uz, Initial residual = 0.00560625, Final residual = 2.36836e-06, No Iterations 2
GAMG:  Solving for p, Initial residual = 0.0417603, Final residual = 0.000338735, No Iterations 5
GAMG:  Solving for p, Initial residual = 0.00963191, Final residual = 9.05642e-05, No Iterations 14
GAMG:  Solving for p, Initial residual = 0.00480264, Final residual = 4.70976e-05, No Iterations 10
time step continuity errors : sum local = 6.47438e-07, global = -1.69179e-07, cumulative = -2.43085e-07
GAMG:  Solving for p, Initial residual = 0.00241002, Final residual = 1.90628e-05, No Iterations 7
GAMG:  Solving for p, Initial residual = 0.00129784, Final residual = 1.1757e-05, No Iterations 4
GAMG:  Solving for p, Initial residual = 0.000517842, Final residual = 9.80633e-07, No Iterations 28
time step continuity errors : sum local = 1.33553e-08, global = 3.98263e-09, cumulative = -2.39102e-07
DILUPBiCG:  Solving for omega, Initial residual = 0.00113665, Final residual = 8.45173e-07, No Iterations 1
DILUPBiCG:  Solving for k, Initial residual = 0.00405426, Final residual = 6.84711e-07, No Iterations 2
bounding k, min: 0 max: 0.000732051 average: 0.000162589
ExecutionTime = 28.05 s  ClockTime = 28 s

End

