/*---------------------------------------------------------------------------*\
| =========                 |                                                 |
| \\      /  F ield         | OpenFOAM: The Open Source CFD Toolbox           |
|  \\    /   O peration     | Version:  2.3.1                                 |
|   \\  /    A nd           | Web:      www.OpenFOAM.org                      |
|    \\/     M anipulation  |                                                 |
\*---------------------------------------------------------------------------*/
Build  : 2.3.1-262087cdf8db
Exec   : pimpleDyMFoam
Date   : Jun 05 2023
Time   : 18:23:33
Host   : "jcosson-VirtualBox"
PID    : 15736
Case   : /home/jcosson/workspace/henersj_shootingdata/calcs/moderate_deformed/primal/56_intervals_05-06-23/sweep12/interval41
nProcs : 1
sigFpe : Enabling floating point exception trapping (FOAM_SIGFPE).
fileModificationChecking : Monitoring run-time modified files using timeStampMaster
allowSystemOperations : Allowing user-supplied system call operations

// * * * * * * * * * * * * * * * * * * * * * * * * * * * * * * * * * * * * * //
Create time

Create mesh for time = 0.471

Selecting dynamicFvMesh dynamicMotionSolverFvMesh
Selecting motion solver: displacementLaplacian
Selecting motion diffusion: quadratic
Selecting motion diffusion: quadratic
Selecting motion diffusion: inverseDistance

PIMPLE: no residual control data found. Calculations will employ 3 corrector loops

Reading field p

Reading field U

Reading/calculating face flux field phi

Selecting incompressible transport model Newtonian
Selecting turbulence model type RASModel
Selecting RAS turbulence model kOmegaSST
kOmegaSSTCoeffs
{
    alphaK1         0.85034;
    alphaK2         1;
    alphaOmega1     0.5;
    alphaOmega2     0.85616;
    gamma1          0.5532;
    gamma2          0.4403;
    beta1           0.075;
    beta2           0.0828;
    betaStar        0.09;
    a1              0.31;
    c1              10;
    Cmu             0.09;
    b1              1;
    F3              false;
}

Reading/calculating face velocity Uf

No finite volume options present

Courant Number mean: 0.211661 max: 0.472531

Starting time loop

Courant Number mean: 0.211661 max: 0.472531
Time = 0.472

GAMG:  Solving for cellDisplacementx, Initial residual = 0, Final residual = 0, No Iterations 0
GAMG:  Solving for cellDisplacementy, Initial residual = 0, Final residual = 0, No Iterations 0
GAMG:  Solving for cellDisplacementz, Initial residual = 0, Final residual = 0, No Iterations 0
PIMPLE: iteration 1
DILUPBiCG:  Solving for Ux, Initial residual = 0.0511907, Final residual = 0.000211186, No Iterations 1
DILUPBiCG:  Solving for Uy, Initial residual = 0.00844523, Final residual = 1.93572e-05, No Iterations 1
DILUPBiCG:  Solving for Uz, Initial residual = 0.013034, Final residual = 3.17404e-05, No Iterations 1
GAMG:  Solving for p, Initial residual = 0.128442, Final residual = 0.00100091, No Iterations 6
GAMG:  Solving for p, Initial residual = 0.0150877, Final residual = 0.000147633, No Iterations 18
GAMG:  Solving for p, Initial residual = 0.00659515, Final residual = 5.82786e-05, No Iterations 12
time step continuity errors : sum local = 8.48183e-07, global = 2.55454e-07, cumulative = 2.55454e-07
GAMG:  Solving for p, Initial residual = 0.0543679, Final residual = 0.00033812, No Iterations 6
GAMG:  Solving for p, Initial residual = 0.0076028, Final residual = 7.0779e-05, No Iterations 16
GAMG:  Solving for p, Initial residual = 0.00341917, Final residual = 2.90441e-05, No Iterations 12
time step continuity errors : sum local = 4.22573e-07, global = 1.26355e-07, cumulative = 3.81809e-07
PIMPLE: iteration 2
DILUPBiCG:  Solving for Ux, Initial residual = 0.0149011, Final residual = 8.83803e-05, No Iterations 1
DILUPBiCG:  Solving for Uy, Initial residual = 0.00259151, Final residual = 5.94005e-06, No Iterations 1
DILUPBiCG:  Solving for Uz, Initial residual = 0.00340466, Final residual = 1.25439e-05, No Iterations 1
GAMG:  Solving for p, Initial residual = 0.0547094, Final residual = 0.000474173, No Iterations 4
GAMG:  Solving for p, Initial residual = 0.00899238, Final residual = 8.67327e-05, No Iterations 16
GAMG:  Solving for p, Initial residual = 0.00410004, Final residual = 4.06925e-05, No Iterations 8
time step continuity errors : sum local = 5.0466e-07, global = -1.52424e-07, cumulative = 2.29385e-07
GAMG:  Solving for p, Initial residual = 0.0281026, Final residual = 0.000206809, No Iterations 4
GAMG:  Solving for p, Initial residual = 0.0044513, Final residual = 4.01141e-05, No Iterations 14
GAMG:  Solving for p, Initial residual = 0.00192698, Final residual = 1.73027e-05, No Iterations 10
time step continuity errors : sum local = 2.15767e-07, global = -5.71186e-08, cumulative = 1.72266e-07
PIMPLE: iteration 3
DILUPBiCG:  Solving for Ux, Initial residual = 0.00368361, Final residual = 1.93395e-06, No Iterations 2
DILUPBiCG:  Solving for Uy, Initial residual = 0.000642666, Final residual = 6.829e-06, No Iterations 1
DILUPBiCG:  Solving for Uz, Initial residual = 0.00745642, Final residual = 3.19428e-06, No Iterations 2
GAMG:  Solving for p, Initial residual = 0.0402593, Final residual = 0.000362549, No Iterations 5
GAMG:  Solving for p, Initial residual = 0.00926828, Final residual = 8.17302e-05, No Iterations 11
GAMG:  Solving for p, Initial residual = 0.00439166, Final residual = 3.89716e-05, No Iterations 10
time step continuity errors : sum local = 5.42226e-07, global = -1.40675e-07, cumulative = 3.15908e-08
GAMG:  Solving for p, Initial residual = 0.00247756, Final residual = 2.37834e-05, No Iterations 18
GAMG:  Solving for p, Initial residual = 0.00137101, Final residual = 1.24352e-05, No Iterations 4
GAMG:  Solving for p, Initial residual = 0.000549737, Final residual = 8.73775e-07, No Iterations 36
time step continuity errors : sum local = 1.21029e-08, global = 3.55713e-09, cumulative = 3.51479e-08
DILUPBiCG:  Solving for omega, Initial residual = 0.000621136, Final residual = 7.69282e-07, No Iterations 1
DILUPBiCG:  Solving for k, Initial residual = 0.00447072, Final residual = 1.23238e-06, No Iterations 2
ExecutionTime = 15.98 s  ClockTime = 16 s

Courant Number mean: 0.206114 max: 0.460501
Time = 0.473

GAMG:  Solving for cellDisplacementx, Initial residual = 0, Final residual = 0, No Iterations 0
GAMG:  Solving for cellDisplacementy, Initial residual = 0, Final residual = 0, No Iterations 0
GAMG:  Solving for cellDisplacementz, Initial residual = 0, Final residual = 0, No Iterations 0
PIMPLE: iteration 1
DILUPBiCG:  Solving for Ux, Initial residual = 0.0532686, Final residual = 0.000218693, No Iterations 1
DILUPBiCG:  Solving for Uy, Initial residual = 0.00882528, Final residual = 2.00443e-05, No Iterations 1
DILUPBiCG:  Solving for Uz, Initial residual = 0.011443, Final residual = 2.75854e-05, No Iterations 1
GAMG:  Solving for p, Initial residual = 0.118945, Final residual = 0.000974605, No Iterations 6
GAMG:  Solving for p, Initial residual = 0.0132654, Final residual = 0.0001232, No Iterations 20
GAMG:  Solving for p, Initial residual = 0.00590245, Final residual = 4.91184e-05, No Iterations 12
time step continuity errors : sum local = 7.29378e-07, global = 2.19522e-07, cumulative = 2.5467e-07
GAMG:  Solving for p, Initial residual = 0.0504548, Final residual = 0.000327864, No Iterations 6
GAMG:  Solving for p, Initial residual = 0.00671669, Final residual = 5.90522e-05, No Iterations 18
GAMG:  Solving for p, Initial residual = 0.00305279, Final residual = 2.91928e-05, No Iterations 10
time step continuity errors : sum local = 4.33129e-07, global = 1.14612e-07, cumulative = 3.69281e-07
PIMPLE: iteration 2
DILUPBiCG:  Solving for Ux, Initial residual = 0.0153866, Final residual = 9.17655e-05, No Iterations 1
DILUPBiCG:  Solving for Uy, Initial residual = 0.00269235, Final residual = 6.1146e-06, No Iterations 1
DILUPBiCG:  Solving for Uz, Initial residual = 0.00332465, Final residual = 1.24568e-05, No Iterations 1
GAMG:  Solving for p, Initial residual = 0.0502675, Final residual = 0.000471304, No Iterations 4
GAMG:  Solving for p, Initial residual = 0.00796234, Final residual = 7.28515e-05, No Iterations 18
GAMG:  Solving for p, Initial residual = 0.00367963, Final residual = 3.38426e-05, No Iterations 8
time step continuity errors : sum local = 4.27741e-07, global = -1.38335e-07, cumulative = 2.30947e-07
GAMG:  Solving for p, Initial residual = 0.0258522, Final residual = 0.000205382, No Iterations 4
GAMG:  Solving for p, Initial residual = 0.00391171, Final residual = 3.89194e-05, No Iterations 14
GAMG:  Solving for p, Initial residual = 0.00167619, Final residual = 1.43295e-05, No Iterations 12
time step continuity errors : sum local = 1.82233e-07, global = -5.11285e-08, cumulative = 1.79818e-07
PIMPLE: iteration 3
DILUPBiCG:  Solving for Ux, Initial residual = 0.00376573, Final residual = 2.10875e-06, No Iterations 2
DILUPBiCG:  Solving for Uy, Initial residual = 0.000662046, Final residual = 6.69893e-06, No Iterations 1
DILUPBiCG:  Solving for Uz, Initial residual = 0.00716842, Final residual = 3.51728e-06, No Iterations 2
GAMG:  Solving for p, Initial residual = 0.0395342, Final residual = 0.000368942, No Iterations 5
GAMG:  Solving for p, Initial residual = 0.00923466, Final residual = 7.8153e-05, No Iterations 9
GAMG:  Solving for p, Initial residual = 0.00429517, Final residual = 4.29441e-05, No Iterations 8
time step continuity errors : sum local = 6.09223e-07, global = -1.34323e-07, cumulative = 4.54948e-08
GAMG:  Solving for p, Initial residual = 0.00241965, Final residual = 2.31312e-05, No Iterations 18
GAMG:  Solving for p, Initial residual = 0.00134577, Final residual = 1.21253e-05, No Iterations 4
GAMG:  Solving for p, Initial residual = 0.000539688, Final residual = 9.72615e-07, No Iterations 34
time step continuity errors : sum local = 1.37402e-08, global = 4.03242e-09, cumulative = 4.95272e-08
DILUPBiCG:  Solving for omega, Initial residual = 0.000649405, Final residual = 7.51548e-07, No Iterations 1
DILUPBiCG:  Solving for k, Initial residual = 0.00441822, Final residual = 1.20884e-06, No Iterations 2
ExecutionTime = 30.5 s  ClockTime = 31 s

End

