/*---------------------------------------------------------------------------*\
| =========                 |                                                 |
| \\      /  F ield         | OpenFOAM: The Open Source CFD Toolbox           |
|  \\    /   O peration     | Version:  2.3.1                                 |
|   \\  /    A nd           | Web:      www.OpenFOAM.org                      |
|    \\/     M anipulation  |                                                 |
\*---------------------------------------------------------------------------*/
Build  : 2.3.1-262087cdf8db
Exec   : pimpleDyMFoam
Date   : Jun 05 2023
Time   : 18:22:48
Host   : "jcosson-VirtualBox"
PID    : 15701
Case   : /home/jcosson/workspace/henersj_shootingdata/calcs/moderate_deformed/primal/56_intervals_05-06-23/sweep12/interval23
nProcs : 1
sigFpe : Enabling floating point exception trapping (FOAM_SIGFPE).
fileModificationChecking : Monitoring run-time modified files using timeStampMaster
allowSystemOperations : Allowing user-supplied system call operations

// * * * * * * * * * * * * * * * * * * * * * * * * * * * * * * * * * * * * * //
Create time

Create mesh for time = 0.439

Selecting dynamicFvMesh dynamicMotionSolverFvMesh
Selecting motion solver: displacementLaplacian
Selecting motion diffusion: quadratic
Selecting motion diffusion: quadratic
Selecting motion diffusion: inverseDistance

PIMPLE: no residual control data found. Calculations will employ 3 corrector loops

Reading field p

Reading field U

Reading/calculating face flux field phi

Selecting incompressible transport model Newtonian
Selecting turbulence model type RASModel
Selecting RAS turbulence model kOmegaSST
kOmegaSSTCoeffs
{
    alphaK1         0.85034;
    alphaK2         1;
    alphaOmega1     0.5;
    alphaOmega2     0.85616;
    gamma1          0.5532;
    gamma2          0.4403;
    beta1           0.075;
    beta2           0.0828;
    betaStar        0.09;
    a1              0.31;
    c1              10;
    Cmu             0.09;
    b1              1;
    F3              false;
}

Reading/calculating face velocity Uf

No finite volume options present

Courant Number mean: 0.25863 max: 0.567184

Starting time loop

Courant Number mean: 0.25863 max: 0.567184
Time = 0.44

GAMG:  Solving for cellDisplacementx, Initial residual = 0, Final residual = 0, No Iterations 0
GAMG:  Solving for cellDisplacementy, Initial residual = 0, Final residual = 0, No Iterations 0
GAMG:  Solving for cellDisplacementz, Initial residual = 0, Final residual = 0, No Iterations 0
PIMPLE: iteration 1
DILUPBiCG:  Solving for Ux, Initial residual = 0.0299021, Final residual = 9.96474e-05, No Iterations 1
DILUPBiCG:  Solving for Uy, Initial residual = 0.00467211, Final residual = 1.2429e-05, No Iterations 1
DILUPBiCG:  Solving for Uz, Initial residual = 0.0130347, Final residual = 2.18228e-05, No Iterations 1
GAMG:  Solving for p, Initial residual = 0.117982, Final residual = 0.000876018, No Iterations 4
GAMG:  Solving for p, Initial residual = 0.0161412, Final residual = 0.000155111, No Iterations 14
GAMG:  Solving for p, Initial residual = 0.00698797, Final residual = 5.92961e-05, No Iterations 12
time step continuity errors : sum local = 6.08549e-07, global = -1.82668e-07, cumulative = -1.82668e-07
GAMG:  Solving for p, Initial residual = 0.0524513, Final residual = 0.000336903, No Iterations 4
GAMG:  Solving for p, Initial residual = 0.00789164, Final residual = 7.77098e-05, No Iterations 12
GAMG:  Solving for p, Initial residual = 0.00348756, Final residual = 3.0297e-05, No Iterations 12
time step continuity errors : sum local = 3.11354e-07, global = -9.31162e-08, cumulative = -2.75784e-07
PIMPLE: iteration 2
DILUPBiCG:  Solving for Ux, Initial residual = 0.00838288, Final residual = 3.25966e-05, No Iterations 1
DILUPBiCG:  Solving for Uy, Initial residual = 0.00134469, Final residual = 6.24693e-06, No Iterations 1
DILUPBiCG:  Solving for Uz, Initial residual = 0.00296945, Final residual = 8.57334e-06, No Iterations 1
GAMG:  Solving for p, Initial residual = 0.0524195, Final residual = 0.000512675, No Iterations 5
GAMG:  Solving for p, Initial residual = 0.0121174, Final residual = 0.000105475, No Iterations 13
GAMG:  Solving for p, Initial residual = 0.00458889, Final residual = 4.14108e-05, No Iterations 12
time step continuity errors : sum local = 3.6071e-07, global = 1.03544e-07, cumulative = -1.72241e-07
GAMG:  Solving for p, Initial residual = 0.0275705, Final residual = 0.000257398, No Iterations 4
GAMG:  Solving for p, Initial residual = 0.00577973, Final residual = 5.5443e-05, No Iterations 12
GAMG:  Solving for p, Initial residual = 0.00213674, Final residual = 1.81829e-05, No Iterations 14
time step continuity errors : sum local = 1.5953e-07, global = 4.86025e-08, cumulative = -1.23638e-07
PIMPLE: iteration 3
DILUPBiCG:  Solving for Ux, Initial residual = 0.00185295, Final residual = 6.76396e-07, No Iterations 2
DILUPBiCG:  Solving for Uy, Initial residual = 0.000302864, Final residual = 9.5128e-06, No Iterations 1
DILUPBiCG:  Solving for Uz, Initial residual = 0.00533032, Final residual = 6.86793e-08, No Iterations 3
GAMG:  Solving for p, Initial residual = 0.0462196, Final residual = 0.000382312, No Iterations 5
GAMG:  Solving for p, Initial residual = 0.0123377, Final residual = 0.000120001, No Iterations 10
GAMG:  Solving for p, Initial residual = 0.00529422, Final residual = 4.82611e-05, No Iterations 12
time step continuity errors : sum local = 4.69607e-07, global = 1.38493e-07, cumulative = 1.48545e-08
GAMG:  Solving for p, Initial residual = 0.00325548, Final residual = 3.08988e-05, No Iterations 16
GAMG:  Solving for p, Initial residual = 0.00192742, Final residual = 1.67304e-05, No Iterations 4
GAMG:  Solving for p, Initial residual = 0.000659847, Final residual = 9.6343e-07, No Iterations 40
time step continuity errors : sum local = 9.34315e-09, global = -2.76722e-09, cumulative = 1.20873e-08
DILUPBiCG:  Solving for omega, Initial residual = 0.0011283, Final residual = 1.35824e-06, No Iterations 1
DILUPBiCG:  Solving for k, Initial residual = 0.00638733, Final residual = 1.34431e-06, No Iterations 2
ExecutionTime = 17.25 s  ClockTime = 17 s

Courant Number mean: 0.262185 max: 0.575083
Time = 0.441

GAMG:  Solving for cellDisplacementx, Initial residual = 0, Final residual = 0, No Iterations 0
GAMG:  Solving for cellDisplacementy, Initial residual = 0, Final residual = 0, No Iterations 0
GAMG:  Solving for cellDisplacementz, Initial residual = 0, Final residual = 0, No Iterations 0
PIMPLE: iteration 1
DILUPBiCG:  Solving for Ux, Initial residual = 0.0273704, Final residual = 9.21039e-05, No Iterations 1
DILUPBiCG:  Solving for Uy, Initial residual = 0.00425194, Final residual = 1.16049e-05, No Iterations 1
DILUPBiCG:  Solving for Uz, Initial residual = 0.0107214, Final residual = 1.95831e-05, No Iterations 1
GAMG:  Solving for p, Initial residual = 0.103187, Final residual = 0.000875301, No Iterations 4
GAMG:  Solving for p, Initial residual = 0.0138083, Final residual = 0.000118684, No Iterations 18
GAMG:  Solving for p, Initial residual = 0.00629899, Final residual = 5.18782e-05, No Iterations 10
time step continuity errors : sum local = 4.99279e-07, global = -1.30027e-07, cumulative = -1.1794e-07
GAMG:  Solving for p, Initial residual = 0.0461589, Final residual = 0.000331181, No Iterations 4
GAMG:  Solving for p, Initial residual = 0.00673343, Final residual = 5.84371e-05, No Iterations 16
GAMG:  Solving for p, Initial residual = 0.0031262, Final residual = 2.81912e-05, No Iterations 10
time step continuity errors : sum local = 2.71466e-07, global = -7.16563e-08, cumulative = -1.89596e-07
PIMPLE: iteration 2
DILUPBiCG:  Solving for Ux, Initial residual = 0.00764856, Final residual = 2.99262e-05, No Iterations 1
DILUPBiCG:  Solving for Uy, Initial residual = 0.00122627, Final residual = 6.18302e-06, No Iterations 1
DILUPBiCG:  Solving for Uz, Initial residual = 0.00310084, Final residual = 9.04244e-06, No Iterations 1
GAMG:  Solving for p, Initial residual = 0.0451209, Final residual = 0.000338818, No Iterations 6
GAMG:  Solving for p, Initial residual = 0.0109214, Final residual = 9.74751e-05, No Iterations 14
GAMG:  Solving for p, Initial residual = 0.0038376, Final residual = 3.8277e-05, No Iterations 12
time step continuity errors : sum local = 3.12829e-07, global = 9.06729e-08, cumulative = -9.89231e-08
GAMG:  Solving for p, Initial residual = 0.0236203, Final residual = 0.00022622, No Iterations 5
GAMG:  Solving for p, Initial residual = 0.00518445, Final residual = 4.8755e-05, No Iterations 11
GAMG:  Solving for p, Initial residual = 0.00176467, Final residual = 1.65842e-05, No Iterations 14
time step continuity errors : sum local = 1.36616e-07, global = 4.21599e-08, cumulative = -5.67632e-08
PIMPLE: iteration 3
DILUPBiCG:  Solving for Ux, Initial residual = 0.00166849, Final residual = 5.47421e-07, No Iterations 2
DILUPBiCG:  Solving for Uy, Initial residual = 0.000274651, Final residual = 8.70232e-06, No Iterations 1
DILUPBiCG:  Solving for Uz, Initial residual = 0.00550036, Final residual = 6.15222e-06, No Iterations 2
GAMG:  Solving for p, Initial residual = 0.0460998, Final residual = 0.000380848, No Iterations 5
GAMG:  Solving for p, Initial residual = 0.0124365, Final residual = 0.000119574, No Iterations 10
GAMG:  Solving for p, Initial residual = 0.00536995, Final residual = 4.74947e-05, No Iterations 12
time step continuity errors : sum local = 4.32893e-07, global = 1.27791e-07, cumulative = 7.10278e-08
GAMG:  Solving for p, Initial residual = 0.0032715, Final residual = 3.14526e-05, No Iterations 16
GAMG:  Solving for p, Initial residual = 0.00196852, Final residual = 1.6133e-05, No Iterations 4
GAMG:  Solving for p, Initial residual = 0.000672898, Final residual = 9.15154e-07, No Iterations 40
time step continuity errors : sum local = 8.31283e-09, global = -2.46196e-09, cumulative = 6.85659e-08
DILUPBiCG:  Solving for omega, Initial residual = 0.0011503, Final residual = 1.40553e-06, No Iterations 1
DILUPBiCG:  Solving for k, Initial residual = 0.0063986, Final residual = 1.27413e-06, No Iterations 2
ExecutionTime = 32.58 s  ClockTime = 32 s

End

