/*---------------------------------------------------------------------------*\
| =========                 |                                                 |
| \\      /  F ield         | OpenFOAM: The Open Source CFD Toolbox           |
|  \\    /   O peration     | Version:  2.3.1                                 |
|   \\  /    A nd           | Web:      www.OpenFOAM.org                      |
|    \\/     M anipulation  |                                                 |
\*---------------------------------------------------------------------------*/
Build  : 2.3.1-262087cdf8db
Exec   : pimpleDyMFoam
Date   : Jun 05 2023
Time   : 18:23:20
Host   : "jcosson-VirtualBox"
PID    : 15721
Case   : /home/jcosson/workspace/henersj_shootingdata/calcs/moderate_deformed/primal/56_intervals_05-06-23/sweep12/interval34
nProcs : 1
sigFpe : Enabling floating point exception trapping (FOAM_SIGFPE).
fileModificationChecking : Monitoring run-time modified files using timeStampMaster
allowSystemOperations : Allowing user-supplied system call operations

// * * * * * * * * * * * * * * * * * * * * * * * * * * * * * * * * * * * * * //
Create time

Create mesh for time = 0.459

Selecting dynamicFvMesh dynamicMotionSolverFvMesh
Selecting motion solver: displacementLaplacian
Selecting motion diffusion: quadratic
Selecting motion diffusion: quadratic
Selecting motion diffusion: inverseDistance

PIMPLE: no residual control data found. Calculations will employ 3 corrector loops

Reading field p

Reading field U

Reading/calculating face flux field phi

Selecting incompressible transport model Newtonian
Selecting turbulence model type RASModel
Selecting RAS turbulence model kOmegaSST
kOmegaSSTCoeffs
{
    alphaK1         0.85034;
    alphaK2         1;
    alphaOmega1     0.5;
    alphaOmega2     0.85616;
    gamma1          0.5532;
    gamma2          0.4403;
    beta1           0.075;
    beta2           0.0828;
    betaStar        0.09;
    a1              0.31;
    c1              10;
    Cmu             0.09;
    b1              1;
    F3              false;
}

Reading/calculating face velocity Uf

No finite volume options present

Courant Number mean: 0.265618 max: 0.587825

Starting time loop

Courant Number mean: 0.265618 max: 0.587825
Time = 0.46

GAMG:  Solving for cellDisplacementx, Initial residual = 0, Final residual = 0, No Iterations 0
GAMG:  Solving for cellDisplacementy, Initial residual = 0, Final residual = 0, No Iterations 0
GAMG:  Solving for cellDisplacementz, Initial residual = 0, Final residual = 0, No Iterations 0
PIMPLE: iteration 1
DILUPBiCG:  Solving for Ux, Initial residual = 0.0221277, Final residual = 8.79253e-05, No Iterations 1
DILUPBiCG:  Solving for Uy, Initial residual = 0.00352192, Final residual = 8.28982e-06, No Iterations 1
DILUPBiCG:  Solving for Uz, Initial residual = 0.0151839, Final residual = 4.16528e-05, No Iterations 1
GAMG:  Solving for p, Initial residual = 0.16479, Final residual = 0.00142851, No Iterations 6
GAMG:  Solving for p, Initial residual = 0.0205676, Final residual = 0.000189293, No Iterations 18
GAMG:  Solving for p, Initial residual = 0.0083388, Final residual = 7.36613e-05, No Iterations 12
time step continuity errors : sum local = 5.82998e-07, global = 1.75789e-07, cumulative = 1.75789e-07
GAMG:  Solving for p, Initial residual = 0.0663246, Final residual = 0.000451165, No Iterations 6
GAMG:  Solving for p, Initial residual = 0.0102183, Final residual = 8.88941e-05, No Iterations 16
GAMG:  Solving for p, Initial residual = 0.00434281, Final residual = 4.33428e-05, No Iterations 10
time step continuity errors : sum local = 3.4096e-07, global = 8.99814e-08, cumulative = 2.6577e-07
PIMPLE: iteration 2
DILUPBiCG:  Solving for Ux, Initial residual = 0.00706684, Final residual = 3.15074e-05, No Iterations 1
DILUPBiCG:  Solving for Uy, Initial residual = 0.00117853, Final residual = 3.5825e-06, No Iterations 1
DILUPBiCG:  Solving for Uz, Initial residual = 0.00410463, Final residual = 1.29931e-05, No Iterations 1
GAMG:  Solving for p, Initial residual = 0.0684312, Final residual = 0.000380821, No Iterations 4
GAMG:  Solving for p, Initial residual = 0.0113773, Final residual = 0.000112474, No Iterations 12
GAMG:  Solving for p, Initial residual = 0.00522166, Final residual = 4.90169e-05, No Iterations 8
time step continuity errors : sum local = 3.26438e-07, global = -1.02904e-07, cumulative = 1.62867e-07
GAMG:  Solving for p, Initial residual = 0.0344041, Final residual = 0.00016259, No Iterations 4
GAMG:  Solving for p, Initial residual = 0.00557767, Final residual = 5.21195e-05, No Iterations 10
GAMG:  Solving for p, Initial residual = 0.00249999, Final residual = 2.22635e-05, No Iterations 8
time step continuity errors : sum local = 1.48892e-07, global = -4.66904e-08, cumulative = 1.16176e-07
PIMPLE: iteration 3
DILUPBiCG:  Solving for Ux, Initial residual = 0.00198433, Final residual = 4.281e-07, No Iterations 2
DILUPBiCG:  Solving for Uy, Initial residual = 0.000327961, Final residual = 6.48233e-06, No Iterations 1
DILUPBiCG:  Solving for Uz, Initial residual = 0.00504542, Final residual = 1.3048e-06, No Iterations 2
GAMG:  Solving for p, Initial residual = 0.0441236, Final residual = 0.000339352, No Iterations 5
GAMG:  Solving for p, Initial residual = 0.0101173, Final residual = 9.68817e-05, No Iterations 13
GAMG:  Solving for p, Initial residual = 0.00464407, Final residual = 4.54079e-05, No Iterations 10
time step continuity errors : sum local = 3.36094e-07, global = -8.80265e-08, cumulative = 2.81496e-08
GAMG:  Solving for p, Initial residual = 0.00317022, Final residual = 3.07668e-05, No Iterations 6
GAMG:  Solving for p, Initial residual = 0.0017434, Final residual = 1.57767e-05, No Iterations 12
GAMG:  Solving for p, Initial residual = 0.000672437, Final residual = 9.68868e-07, No Iterations 34
time step continuity errors : sum local = 7.16759e-09, global = 2.11002e-09, cumulative = 3.02596e-08
DILUPBiCG:  Solving for omega, Initial residual = 0.000715352, Final residual = 1.25167e-06, No Iterations 1
DILUPBiCG:  Solving for k, Initial residual = 0.00478252, Final residual = 1.35387e-06, No Iterations 2
ExecutionTime = 16.34 s  ClockTime = 17 s

Courant Number mean: 0.26243 max: 0.580243
Time = 0.461

GAMG:  Solving for cellDisplacementx, Initial residual = 0, Final residual = 0, No Iterations 0
GAMG:  Solving for cellDisplacementy, Initial residual = 0, Final residual = 0, No Iterations 0
GAMG:  Solving for cellDisplacementz, Initial residual = 0, Final residual = 0, No Iterations 0
PIMPLE: iteration 1
DILUPBiCG:  Solving for Ux, Initial residual = 0.0247283, Final residual = 9.97838e-05, No Iterations 1
DILUPBiCG:  Solving for Uy, Initial residual = 0.00392023, Final residual = 9.16047e-06, No Iterations 1
DILUPBiCG:  Solving for Uz, Initial residual = 0.0136672, Final residual = 3.83652e-05, No Iterations 1
GAMG:  Solving for p, Initial residual = 0.137316, Final residual = 0.00121511, No Iterations 8
GAMG:  Solving for p, Initial residual = 0.0162019, Final residual = 0.000155429, No Iterations 18
GAMG:  Solving for p, Initial residual = 0.00647357, Final residual = 6.32096e-05, No Iterations 12
time step continuity errors : sum local = 5.46071e-07, global = 1.64366e-07, cumulative = 1.94626e-07
GAMG:  Solving for p, Initial residual = 0.055231, Final residual = 0.000438252, No Iterations 6
GAMG:  Solving for p, Initial residual = 0.00805772, Final residual = 7.40014e-05, No Iterations 18
GAMG:  Solving for p, Initial residual = 0.0034746, Final residual = 3.47386e-05, No Iterations 10
time step continuity errors : sum local = 2.98295e-07, global = 7.83815e-08, cumulative = 2.73007e-07
PIMPLE: iteration 2
DILUPBiCG:  Solving for Ux, Initial residual = 0.00781182, Final residual = 3.64396e-05, No Iterations 1
DILUPBiCG:  Solving for Uy, Initial residual = 0.00130365, Final residual = 3.73286e-06, No Iterations 1
DILUPBiCG:  Solving for Uz, Initial residual = 0.00401311, Final residual = 1.27189e-05, No Iterations 1
GAMG:  Solving for p, Initial residual = 0.0565903, Final residual = 0.00040557, No Iterations 4
GAMG:  Solving for p, Initial residual = 0.00900703, Final residual = 8.02121e-05, No Iterations 16
GAMG:  Solving for p, Initial residual = 0.00429774, Final residual = 3.92626e-05, No Iterations 8
time step continuity errors : sum local = 2.84494e-07, global = -1.03497e-07, cumulative = 1.6951e-07
GAMG:  Solving for p, Initial residual = 0.028517, Final residual = 0.00016915, No Iterations 4
GAMG:  Solving for p, Initial residual = 0.00431179, Final residual = 3.61561e-05, No Iterations 14
GAMG:  Solving for p, Initial residual = 0.00198027, Final residual = 1.70084e-05, No Iterations 8
time step continuity errors : sum local = 1.23917e-07, global = -4.16764e-08, cumulative = 1.27834e-07
PIMPLE: iteration 3
DILUPBiCG:  Solving for Ux, Initial residual = 0.00215464, Final residual = 6.22283e-07, No Iterations 2
DILUPBiCG:  Solving for Uy, Initial residual = 0.000356054, Final residual = 6.78682e-06, No Iterations 1
DILUPBiCG:  Solving for Uz, Initial residual = 0.00539396, Final residual = 1.39044e-06, No Iterations 2
GAMG:  Solving for p, Initial residual = 0.0408194, Final residual = 0.000338357, No Iterations 5
GAMG:  Solving for p, Initial residual = 0.00938896, Final residual = 8.33972e-05, No Iterations 15
GAMG:  Solving for p, Initial residual = 0.00437332, Final residual = 3.61885e-05, No Iterations 10
time step continuity errors : sum local = 2.92175e-07, global = -7.61694e-08, cumulative = 5.16643e-08
GAMG:  Solving for p, Initial residual = 0.00288325, Final residual = 2.52192e-05, No Iterations 20
GAMG:  Solving for p, Initial residual = 0.00167627, Final residual = 1.43244e-05, No Iterations 4
GAMG:  Solving for p, Initial residual = 0.000621015, Final residual = 9.97017e-07, No Iterations 36
time step continuity errors : sum local = 8.0481e-09, global = 2.3742e-09, cumulative = 5.40385e-08
DILUPBiCG:  Solving for omega, Initial residual = 0.000672144, Final residual = 1.25696e-06, No Iterations 1
DILUPBiCG:  Solving for k, Initial residual = 0.00481696, Final residual = 1.25467e-06, No Iterations 2
ExecutionTime = 32.35 s  ClockTime = 33 s

End

