/*---------------------------------------------------------------------------*\
| =========                 |                                                 |
| \\      /  F ield         | OpenFOAM: The Open Source CFD Toolbox           |
|  \\    /   O peration     | Version:  2.3.1                                 |
|   \\  /    A nd           | Web:      www.OpenFOAM.org                      |
|    \\/     M anipulation  |                                                 |
\*---------------------------------------------------------------------------*/
Build  : 2.3.1-262087cdf8db
Exec   : pimpleDyMFoam
Date   : Jun 06 2023
Time   : 10:59:04
Host   : "jcosson-VirtualBox"
PID    : 9630
Case   : /home/jcosson/workspace/henersj_shootingdata/calcs/moderate_deformed/primal/28_intervals_05-06-23/sweep12/interval23
nProcs : 1
sigFpe : Enabling floating point exception trapping (FOAM_SIGFPE).
fileModificationChecking : Monitoring run-time modified files using timeStampMaster
allowSystemOperations : Allowing user-supplied system call operations

// * * * * * * * * * * * * * * * * * * * * * * * * * * * * * * * * * * * * * //
Create time

Create mesh for time = 0.479

Selecting dynamicFvMesh dynamicMotionSolverFvMesh
Selecting motion solver: displacementLaplacian
Selecting motion diffusion: quadratic
Selecting motion diffusion: quadratic
Selecting motion diffusion: inverseDistance

PIMPLE: no residual control data found. Calculations will employ 3 corrector loops

Reading field p

Reading field U

Reading/calculating face flux field phi

Selecting incompressible transport model Newtonian
Selecting turbulence model type RASModel
Selecting RAS turbulence model kOmegaSST
bounding k, min: 0 max: 0.000750246 average: 0.000161947
kOmegaSSTCoeffs
{
    alphaK1         0.85034;
    alphaK2         1;
    alphaOmega1     0.5;
    alphaOmega2     0.85616;
    gamma1          0.5532;
    gamma2          0.4403;
    beta1           0.075;
    beta2           0.0828;
    betaStar        0.09;
    a1              0.31;
    c1              10;
    Cmu             0.09;
    b1              1;
    F3              false;
}

Reading/calculating face velocity Uf

No finite volume options present

Courant Number mean: 0.166684 max: 0.367646

Starting time loop

Courant Number mean: 0.166684 max: 0.367646
Time = 0.48

GAMG:  Solving for cellDisplacementx, Initial residual = 0, Final residual = 0, No Iterations 0
GAMG:  Solving for cellDisplacementy, Initial residual = 0, Final residual = 0, No Iterations 0
GAMG:  Solving for cellDisplacementz, Initial residual = 0, Final residual = 0, No Iterations 0
PIMPLE: iteration 1
DILUPBiCG:  Solving for Ux, Initial residual = 0.0634395, Final residual = 0.000250701, No Iterations 1
DILUPBiCG:  Solving for Uy, Initial residual = 0.0111486, Final residual = 2.38684e-05, No Iterations 1
DILUPBiCG:  Solving for Uz, Initial residual = 0.0105831, Final residual = 1.93666e-05, No Iterations 1
GAMG:  Solving for p, Initial residual = 0.12082, Final residual = 0.00120136, No Iterations 4
GAMG:  Solving for p, Initial residual = 0.0145579, Final residual = 0.000131812, No Iterations 20
GAMG:  Solving for p, Initial residual = 0.00674641, Final residual = 6.20527e-05, No Iterations 10
time step continuity errors : sum local = 9.45631e-07, global = 2.54468e-07, cumulative = 2.54468e-07
GAMG:  Solving for p, Initial residual = 0.0524716, Final residual = 0.000463777, No Iterations 4
GAMG:  Solving for p, Initial residual = 0.0073038, Final residual = 6.37891e-05, No Iterations 18
GAMG:  Solving for p, Initial residual = 0.00343772, Final residual = 3.13214e-05, No Iterations 10
time step continuity errors : sum local = 4.78418e-07, global = 1.28335e-07, cumulative = 3.82803e-07
PIMPLE: iteration 2
DILUPBiCG:  Solving for Ux, Initial residual = 0.0175001, Final residual = 0.000104999, No Iterations 1
DILUPBiCG:  Solving for Uy, Initial residual = 0.00323824, Final residual = 6.83914e-06, No Iterations 1
DILUPBiCG:  Solving for Uz, Initial residual = 0.00292024, Final residual = 1.11803e-05, No Iterations 1
GAMG:  Solving for p, Initial residual = 0.052164, Final residual = 0.000478796, No Iterations 4
GAMG:  Solving for p, Initial residual = 0.00888436, Final residual = 8.46108e-05, No Iterations 16
GAMG:  Solving for p, Initial residual = 0.00394439, Final residual = 3.60888e-05, No Iterations 10
time step continuity errors : sum local = 4.7466e-07, global = -1.24152e-07, cumulative = 2.58652e-07
GAMG:  Solving for p, Initial residual = 0.0269834, Final residual = 0.000214177, No Iterations 4
GAMG:  Solving for p, Initial residual = 0.00446371, Final residual = 4.02723e-05, No Iterations 14
GAMG:  Solving for p, Initial residual = 0.00187177, Final residual = 1.76711e-05, No Iterations 10
time step continuity errors : sum local = 2.33508e-07, global = -6.00624e-08, cumulative = 1.98589e-07
PIMPLE: iteration 3
DILUPBiCG:  Solving for Ux, Initial residual = 0.00406192, Final residual = 3.05036e-06, No Iterations 2
DILUPBiCG:  Solving for Uy, Initial residual = 0.000765694, Final residual = 5.5994e-06, No Iterations 1
DILUPBiCG:  Solving for Uz, Initial residual = 0.00648, Final residual = 4.04635e-06, No Iterations 2
GAMG:  Solving for p, Initial residual = 0.0413371, Final residual = 0.00036011, No Iterations 5
GAMG:  Solving for p, Initial residual = 0.00954392, Final residual = 8.18664e-05, No Iterations 4
GAMG:  Solving for p, Initial residual = 0.00443031, Final residual = 4.00581e-05, No Iterations 12
time step continuity errors : sum local = 5.9383e-07, global = -1.74463e-07, cumulative = 2.41265e-08
GAMG:  Solving for p, Initial residual = 0.00242115, Final residual = 2.40753e-05, No Iterations 12
GAMG:  Solving for p, Initial residual = 0.00129688, Final residual = 1.21588e-05, No Iterations 6
GAMG:  Solving for p, Initial residual = 0.000535506, Final residual = 9.49471e-07, No Iterations 32
time step continuity errors : sum local = 1.39236e-08, global = 4.11985e-09, cumulative = 2.82463e-08
DILUPBiCG:  Solving for omega, Initial residual = 0.000825492, Final residual = 7.26437e-07, No Iterations 1
DILUPBiCG:  Solving for k, Initial residual = 0.00403991, Final residual = 8.13617e-07, No Iterations 2
bounding k, min: 0 max: 0.000740442 average: 0.000160853
ExecutionTime = 18.14 s  ClockTime = 18 s

Courant Number mean: 0.161225 max: 0.356102
Time = 0.481

GAMG:  Solving for cellDisplacementx, Initial residual = 0, Final residual = 0, No Iterations 0
GAMG:  Solving for cellDisplacementy, Initial residual = 0, Final residual = 0, No Iterations 0
GAMG:  Solving for cellDisplacementz, Initial residual = 0, Final residual = 0, No Iterations 0
PIMPLE: iteration 1
DILUPBiCG:  Solving for Ux, Initial residual = 0.0640481, Final residual = 0.000251363, No Iterations 1
DILUPBiCG:  Solving for Uy, Initial residual = 0.0113719, Final residual = 2.41029e-05, No Iterations 1
DILUPBiCG:  Solving for Uz, Initial residual = 0.00924186, Final residual = 1.64447e-05, No Iterations 1
GAMG:  Solving for p, Initial residual = 0.11241, Final residual = 0.000788455, No Iterations 6
GAMG:  Solving for p, Initial residual = 0.0126536, Final residual = 0.00012409, No Iterations 18
GAMG:  Solving for p, Initial residual = 0.00580249, Final residual = 4.88386e-05, No Iterations 12
time step continuity errors : sum local = 7.36195e-07, global = 2.20187e-07, cumulative = 2.48433e-07
GAMG:  Solving for p, Initial residual = 0.0488819, Final residual = 0.000443093, No Iterations 4
GAMG:  Solving for p, Initial residual = 0.0064034, Final residual = 6.26486e-05, No Iterations 18
GAMG:  Solving for p, Initial residual = 0.00309515, Final residual = 3.0358e-05, No Iterations 10
time step continuity errors : sum local = 4.58828e-07, global = 1.22165e-07, cumulative = 3.70598e-07
PIMPLE: iteration 2
DILUPBiCG:  Solving for Ux, Initial residual = 0.0175529, Final residual = 0.000104913, No Iterations 1
DILUPBiCG:  Solving for Uy, Initial residual = 0.00327953, Final residual = 6.85815e-06, No Iterations 1
DILUPBiCG:  Solving for Uz, Initial residual = 0.00280497, Final residual = 1.08227e-05, No Iterations 1
GAMG:  Solving for p, Initial residual = 0.0479843, Final residual = 0.000476823, No Iterations 4
GAMG:  Solving for p, Initial residual = 0.00794737, Final residual = 7.26529e-05, No Iterations 18
GAMG:  Solving for p, Initial residual = 0.00354921, Final residual = 3.36127e-05, No Iterations 8
time step continuity errors : sum local = 4.37527e-07, global = -1.27435e-07, cumulative = 2.43163e-07
GAMG:  Solving for p, Initial residual = 0.0248523, Final residual = 0.000214771, No Iterations 4
GAMG:  Solving for p, Initial residual = 0.00401402, Final residual = 3.44113e-05, No Iterations 16
GAMG:  Solving for p, Initial residual = 0.00164238, Final residual = 1.46274e-05, No Iterations 10
time step continuity errors : sum local = 1.91339e-07, global = -5.01046e-08, cumulative = 1.93058e-07
PIMPLE: iteration 3
DILUPBiCG:  Solving for Ux, Initial residual = 0.00403764, Final residual = 3.06468e-06, No Iterations 2
DILUPBiCG:  Solving for Uy, Initial residual = 0.00076789, Final residual = 5.46489e-06, No Iterations 1
DILUPBiCG:  Solving for Uz, Initial residual = 0.00620416, Final residual = 3.77139e-06, No Iterations 2
GAMG:  Solving for p, Initial residual = 0.0409725, Final residual = 0.000357251, No Iterations 5
GAMG:  Solving for p, Initial residual = 0.00937462, Final residual = 8.20635e-05, No Iterations 12
GAMG:  Solving for p, Initial residual = 0.00448723, Final residual = 3.85761e-05, No Iterations 10
time step continuity errors : sum local = 5.64422e-07, global = -1.46127e-07, cumulative = 4.69313e-08
GAMG:  Solving for p, Initial residual = 0.0023601, Final residual = 2.31002e-05, No Iterations 14
GAMG:  Solving for p, Initial residual = 0.0012823, Final residual = 1.18288e-05, No Iterations 4
GAMG:  Solving for p, Initial residual = 0.000523897, Final residual = 9.67705e-07, No Iterations 30
time step continuity errors : sum local = 1.40486e-08, global = 4.18322e-09, cumulative = 5.11145e-08
DILUPBiCG:  Solving for omega, Initial residual = 0.00086653, Final residual = 7.35596e-07, No Iterations 1
DILUPBiCG:  Solving for k, Initial residual = 0.00399021, Final residual = 7.44419e-07, No Iterations 2
bounding k, min: 0 max: 0.000729797 average: 0.000159772
ExecutionTime = 34.7 s  ClockTime = 34 s

Courant Number mean: 0.155873 max: 0.344786
Time = 0.482

GAMG:  Solving for cellDisplacementx, Initial residual = 0, Final residual = 0, No Iterations 0
GAMG:  Solving for cellDisplacementy, Initial residual = 0, Final residual = 0, No Iterations 0
GAMG:  Solving for cellDisplacementz, Initial residual = 0, Final residual = 0, No Iterations 0
PIMPLE: iteration 1
DILUPBiCG:  Solving for Ux, Initial residual = 0.0644073, Final residual = 0.00025094, No Iterations 1
DILUPBiCG:  Solving for Uy, Initial residual = 0.011565, Final residual = 2.43053e-05, No Iterations 1
DILUPBiCG:  Solving for Uz, Initial residual = 0.00931588, Final residual = 1.56849e-05, No Iterations 1
GAMG:  Solving for p, Initial residual = 0.111499, Final residual = 0.000749932, No Iterations 6
GAMG:  Solving for p, Initial residual = 0.0126796, Final residual = 0.000121763, No Iterations 18
GAMG:  Solving for p, Initial residual = 0.00587071, Final residual = 4.82881e-05, No Iterations 12
time step continuity errors : sum local = 7.16571e-07, global = 2.14397e-07, cumulative = 2.65512e-07
GAMG:  Solving for p, Initial residual = 0.0486937, Final residual = 0.000439621, No Iterations 4
GAMG:  Solving for p, Initial residual = 0.00642013, Final residual = 6.20372e-05, No Iterations 18
GAMG:  Solving for p, Initial residual = 0.00311156, Final residual = 3.03497e-05, No Iterations 10
time step continuity errors : sum local = 4.51682e-07, global = 1.19952e-07, cumulative = 3.85464e-07
PIMPLE: iteration 2
DILUPBiCG:  Solving for Ux, Initial residual = 0.0175269, Final residual = 0.000104259, No Iterations 1
DILUPBiCG:  Solving for Uy, Initial residual = 0.00331053, Final residual = 6.86805e-06, No Iterations 1
DILUPBiCG:  Solving for Uz, Initial residual = 0.00280461, Final residual = 1.05099e-05, No Iterations 1
GAMG:  Solving for p, Initial residual = 0.0476977, Final residual = 0.000303325, No Iterations 6
GAMG:  Solving for p, Initial residual = 0.0080072, Final residual = 7.50462e-05, No Iterations 16
GAMG:  Solving for p, Initial residual = 0.00329166, Final residual = 3.15231e-05, No Iterations 10
time step continuity errors : sum local = 4.04711e-07, global = -1.09488e-07, cumulative = 2.75976e-07
GAMG:  Solving for p, Initial residual = 0.0246916, Final residual = 0.000215716, No Iterations 4
GAMG:  Solving for p, Initial residual = 0.00398843, Final residual = 3.4583e-05, No Iterations 16
GAMG:  Solving for p, Initial residual = 0.00166643, Final residual = 1.49988e-05, No Iterations 10
time step continuity errors : sum local = 1.9351e-07, global = -5.07222e-08, cumulative = 2.25254e-07
PIMPLE: iteration 3
DILUPBiCG:  Solving for Ux, Initial residual = 0.00399686, Final residual = 3.06219e-06, No Iterations 2
DILUPBiCG:  Solving for Uy, Initial residual = 0.000775272, Final residual = 5.31675e-06, No Iterations 1
DILUPBiCG:  Solving for Uz, Initial residual = 0.00615274, Final residual = 3.78044e-06, No Iterations 2
GAMG:  Solving for p, Initial residual = 0.0413337, Final residual = 0.000354114, No Iterations 5
GAMG:  Solving for p, Initial residual = 0.00941746, Final residual = 8.19472e-05, No Iterations 12
GAMG:  Solving for p, Initial residual = 0.00453984, Final residual = 3.81729e-05, No Iterations 10
time step continuity errors : sum local = 5.50742e-07, global = -1.42764e-07, cumulative = 8.24899e-08
GAMG:  Solving for p, Initial residual = 0.00235658, Final residual = 2.23468e-05, No Iterations 14
GAMG:  Solving for p, Initial residual = 0.00128224, Final residual = 1.13857e-05, No Iterations 4
GAMG:  Solving for p, Initial residual = 0.000529119, Final residual = 8.88761e-07, No Iterations 30
time step continuity errors : sum local = 1.2718e-08, global = 3.78456e-09, cumulative = 8.62744e-08
DILUPBiCG:  Solving for omega, Initial residual = 0.000907758, Final residual = 7.42553e-07, No Iterations 1
DILUPBiCG:  Solving for k, Initial residual = 0.00393723, Final residual = 7.06722e-07, No Iterations 2
bounding k, min: 0 max: 0.000718377 average: 0.000158707
ExecutionTime = 50.97 s  ClockTime = 51 s

End

