/*---------------------------------------------------------------------------*\
| =========                 |                                                 |
| \\      /  F ield         | OpenFOAM: The Open Source CFD Toolbox           |
|  \\    /   O peration     | Version:  2.3.1                                 |
|   \\  /    A nd           | Web:      www.OpenFOAM.org                      |
|    \\/     M anipulation  |                                                 |
\*---------------------------------------------------------------------------*/
Build  : 2.3.1-262087cdf8db
Exec   : pimpleDyMFoam
Date   : Jun 05 2023
Time   : 18:58:28
Host   : "jcosson-VirtualBox"
PID    : 27894
Case   : /home/jcosson/workspace/henersj_shootingdata/calcs/moderate_deformed/primal/56_intervals_05-06-23/sweep26/interval30
nProcs : 1
sigFpe : Enabling floating point exception trapping (FOAM_SIGFPE).
fileModificationChecking : Monitoring run-time modified files using timeStampMaster
allowSystemOperations : Allowing user-supplied system call operations

// * * * * * * * * * * * * * * * * * * * * * * * * * * * * * * * * * * * * * //
Create time

Create mesh for time = 0.452

Selecting dynamicFvMesh dynamicMotionSolverFvMesh
Selecting motion solver: displacementLaplacian
Selecting motion diffusion: quadratic
Selecting motion diffusion: quadratic
Selecting motion diffusion: inverseDistance

PIMPLE: no residual control data found. Calculations will employ 3 corrector loops

Reading field p

Reading field U

Reading/calculating face flux field phi

Selecting incompressible transport model Newtonian
Selecting turbulence model type RASModel
Selecting RAS turbulence model kOmegaSST
kOmegaSSTCoeffs
{
    alphaK1         0.85034;
    alphaK2         1;
    alphaOmega1     0.5;
    alphaOmega2     0.85616;
    gamma1          0.5532;
    gamma2          0.4403;
    beta1           0.075;
    beta2           0.0828;
    betaStar        0.09;
    a1              0.31;
    c1              10;
    Cmu             0.09;
    b1              1;
    F3              false;
}

Reading/calculating face velocity Uf

No finite volume options present

Courant Number mean: 0.279325 max: 0.620113

Starting time loop

Courant Number mean: 0.279325 max: 0.620113
Time = 0.453

GAMG:  Solving for cellDisplacementx, Initial residual = 0, Final residual = 0, No Iterations 0
GAMG:  Solving for cellDisplacementy, Initial residual = 0, Final residual = 0, No Iterations 0
GAMG:  Solving for cellDisplacementz, Initial residual = 0, Final residual = 0, No Iterations 0
PIMPLE: iteration 1
DILUPBiCG:  Solving for Ux, Initial residual = 0.00377797, Final residual = 1.50264e-05, No Iterations 1
DILUPBiCG:  Solving for Uy, Initial residual = 0.000730682, Final residual = 4.91375e-06, No Iterations 1
DILUPBiCG:  Solving for Uz, Initial residual = 0.0134398, Final residual = 3.27642e-05, No Iterations 1
GAMG:  Solving for p, Initial residual = 0.258285, Final residual = 0.00189491, No Iterations 6
GAMG:  Solving for p, Initial residual = 0.0390527, Final residual = 0.000338584, No Iterations 14
GAMG:  Solving for p, Initial residual = 0.0154461, Final residual = 0.000129889, No Iterations 12
time step continuity errors : sum local = 4.15103e-07, global = 1.23529e-07, cumulative = 1.23529e-07
GAMG:  Solving for p, Initial residual = 0.101256, Final residual = 0.000887268, No Iterations 4
GAMG:  Solving for p, Initial residual = 0.0199594, Final residual = 0.000178077, No Iterations 12
GAMG:  Solving for p, Initial residual = 0.00799565, Final residual = 6.61274e-05, No Iterations 12
time step continuity errors : sum local = 2.10588e-07, global = 6.25035e-08, cumulative = 1.86033e-07
PIMPLE: iteration 2
DILUPBiCG:  Solving for Ux, Initial residual = 0.00163931, Final residual = 1.35348e-05, No Iterations 1
DILUPBiCG:  Solving for Uy, Initial residual = 0.000301023, Final residual = 2.21689e-06, No Iterations 1
DILUPBiCG:  Solving for Uz, Initial residual = 0.00425483, Final residual = 1.30218e-05, No Iterations 1
GAMG:  Solving for p, Initial residual = 0.104705, Final residual = 0.000641787, No Iterations 3
GAMG:  Solving for p, Initial residual = 0.0197087, Final residual = 0.000190639, No Iterations 6
GAMG:  Solving for p, Initial residual = 0.00790548, Final residual = 5.58385e-05, No Iterations 5
time step continuity errors : sum local = 1.60177e-07, global = 4.51826e-08, cumulative = 2.31215e-07
GAMG:  Solving for p, Initial residual = 0.0496451, Final residual = 0.000267491, No Iterations 3
GAMG:  Solving for p, Initial residual = 0.00961513, Final residual = 8.73751e-05, No Iterations 5
GAMG:  Solving for p, Initial residual = 0.00397951, Final residual = 3.1695e-05, No Iterations 10
time step continuity errors : sum local = 9.13374e-08, global = 2.30445e-08, cumulative = 2.5426e-07
PIMPLE: iteration 3
DILUPBiCG:  Solving for Ux, Initial residual = 0.000663421, Final residual = 1.23514e-07, No Iterations 2
DILUPBiCG:  Solving for Uy, Initial residual = 0.000119246, Final residual = 1.93367e-06, No Iterations 1
DILUPBiCG:  Solving for Uz, Initial residual = 0.00140282, Final residual = 7.9747e-06, No Iterations 1
GAMG:  Solving for p, Initial residual = 0.0804624, Final residual = 0.000344562, No Iterations 4
GAMG:  Solving for p, Initial residual = 0.017613, Final residual = 0.000146646, No Iterations 4
GAMG:  Solving for p, Initial residual = 0.00810779, Final residual = 7.59457e-05, No Iterations 4
time step continuity errors : sum local = 2.2437e-07, global = -4.02484e-08, cumulative = 2.14012e-07
GAMG:  Solving for p, Initial residual = 0.00586175, Final residual = 3.3028e-05, No Iterations 5
GAMG:  Solving for p, Initial residual = 0.00307799, Final residual = 2.47477e-05, No Iterations 4
GAMG:  Solving for p, Initial residual = 0.00108568, Final residual = 9.87662e-07, No Iterations 26
time step continuity errors : sum local = 2.89906e-09, global = 9.18505e-10, cumulative = 2.1493e-07
DILUPBiCG:  Solving for omega, Initial residual = 0.000957104, Final residual = 1.37758e-06, No Iterations 1
DILUPBiCG:  Solving for k, Initial residual = 0.00484303, Final residual = 1.09857e-06, No Iterations 2
ExecutionTime = 16.01 s  ClockTime = 16 s

Courant Number mean: 0.278434 max: 0.618421
Time = 0.454

GAMG:  Solving for cellDisplacementx, Initial residual = 0, Final residual = 0, No Iterations 0
GAMG:  Solving for cellDisplacementy, Initial residual = 0, Final residual = 0, No Iterations 0
GAMG:  Solving for cellDisplacementz, Initial residual = 0, Final residual = 0, No Iterations 0
PIMPLE: iteration 1
DILUPBiCG:  Solving for Ux, Initial residual = 0.00636672, Final residual = 2.36497e-05, No Iterations 1
DILUPBiCG:  Solving for Uy, Initial residual = 0.00109965, Final residual = 4.12308e-06, No Iterations 1
DILUPBiCG:  Solving for Uz, Initial residual = 0.0137277, Final residual = 3.42804e-05, No Iterations 1
GAMG:  Solving for p, Initial residual = 0.167492, Final residual = 0.00158231, No Iterations 8
GAMG:  Solving for p, Initial residual = 0.029506, Final residual = 0.000258816, No Iterations 14
GAMG:  Solving for p, Initial residual = 0.0109085, Final residual = 9.99672e-05, No Iterations 12
time step continuity errors : sum local = 3.89436e-07, global = 1.16464e-07, cumulative = 3.31394e-07
GAMG:  Solving for p, Initial residual = 0.064151, Final residual = 0.000541424, No Iterations 6
GAMG:  Solving for p, Initial residual = 0.0142665, Final residual = 0.000121095, No Iterations 14
GAMG:  Solving for p, Initial residual = 0.00556387, Final residual = 5.3506e-05, No Iterations 10
time step continuity errors : sum local = 2.07381e-07, global = 5.36161e-08, cumulative = 3.8501e-07
PIMPLE: iteration 2
DILUPBiCG:  Solving for Ux, Initial residual = 0.00242509, Final residual = 1.96939e-05, No Iterations 1
DILUPBiCG:  Solving for Uy, Initial residual = 0.000425804, Final residual = 2.66774e-06, No Iterations 1
DILUPBiCG:  Solving for Uz, Initial residual = 0.00434787, Final residual = 1.31246e-05, No Iterations 1
GAMG:  Solving for p, Initial residual = 0.0645386, Final residual = 0.000549618, No Iterations 3
GAMG:  Solving for p, Initial residual = 0.0139054, Final residual = 0.000112893, No Iterations 5
GAMG:  Solving for p, Initial residual = 0.00558864, Final residual = 5.28754e-05, No Iterations 4
time step continuity errors : sum local = 1.80584e-07, global = 4.92461e-08, cumulative = 4.34256e-07
GAMG:  Solving for p, Initial residual = 0.0316127, Final residual = 0.000285033, No Iterations 3
GAMG:  Solving for p, Initial residual = 0.00655687, Final residual = 4.71273e-05, No Iterations 5
GAMG:  Solving for p, Initial residual = 0.00274359, Final residual = 2.02114e-05, No Iterations 4
time step continuity errors : sum local = 6.95088e-08, global = 2.09038e-08, cumulative = 4.5516e-07
PIMPLE: iteration 3
DILUPBiCG:  Solving for Ux, Initial residual = 0.000863515, Final residual = 1.63755e-07, No Iterations 2
DILUPBiCG:  Solving for Uy, Initial residual = 0.000149605, Final residual = 2.69467e-06, No Iterations 1
DILUPBiCG:  Solving for Uz, Initial residual = 0.00172689, Final residual = 6.96125e-07, No Iterations 2
GAMG:  Solving for p, Initial residual = 0.0613425, Final residual = 0.000408498, No Iterations 4
GAMG:  Solving for p, Initial residual = 0.0143793, Final residual = 0.000120924, No Iterations 8
GAMG:  Solving for p, Initial residual = 0.00668771, Final residual = 6.13677e-05, No Iterations 8
time step continuity errors : sum local = 2.21389e-07, global = -4.91888e-08, cumulative = 4.05971e-07
GAMG:  Solving for p, Initial residual = 0.00463348, Final residual = 4.19704e-05, No Iterations 7
GAMG:  Solving for p, Initial residual = 0.00253875, Final residual = 2.11324e-05, No Iterations 6
GAMG:  Solving for p, Initial residual = 0.000884979, Final residual = 9.92394e-07, No Iterations 36
time step continuity errors : sum local = 3.55605e-09, global = 1.05558e-09, cumulative = 4.07026e-07
DILUPBiCG:  Solving for omega, Initial residual = 0.000911779, Final residual = 1.33174e-06, No Iterations 1
DILUPBiCG:  Solving for k, Initial residual = 0.00471107, Final residual = 1.13534e-06, No Iterations 2
ExecutionTime = 29.24 s  ClockTime = 30 s

End

