/*---------------------------------------------------------------------------*\
| =========                 |                                                 |
| \\      /  F ield         | OpenFOAM: The Open Source CFD Toolbox           |
|  \\    /   O peration     | Version:  2.3.1                                 |
|   \\  /    A nd           | Web:      www.OpenFOAM.org                      |
|    \\/     M anipulation  |                                                 |
\*---------------------------------------------------------------------------*/
Build  : 2.3.1-262087cdf8db
Exec   : pimpleDyMFoam
Date   : Jun 05 2023
Time   : 18:58:28
Host   : "jcosson-VirtualBox"
PID    : 27895
Case   : /home/jcosson/workspace/henersj_shootingdata/calcs/moderate_deformed/primal/56_intervals_05-06-23/sweep26/interval35
nProcs : 1
sigFpe : Enabling floating point exception trapping (FOAM_SIGFPE).
fileModificationChecking : Monitoring run-time modified files using timeStampMaster
allowSystemOperations : Allowing user-supplied system call operations

// * * * * * * * * * * * * * * * * * * * * * * * * * * * * * * * * * * * * * //
Create time

Create mesh for time = 0.461

Selecting dynamicFvMesh dynamicMotionSolverFvMesh
Selecting motion solver: displacementLaplacian
Selecting motion diffusion: quadratic
Selecting motion diffusion: quadratic
Selecting motion diffusion: inverseDistance

PIMPLE: no residual control data found. Calculations will employ 3 corrector loops

Reading field p

Reading field U

Reading/calculating face flux field phi

Selecting incompressible transport model Newtonian
Selecting turbulence model type RASModel
Selecting RAS turbulence model kOmegaSST
kOmegaSSTCoeffs
{
    alphaK1         0.85034;
    alphaK2         1;
    alphaOmega1     0.5;
    alphaOmega2     0.85616;
    gamma1          0.5532;
    gamma2          0.4403;
    beta1           0.075;
    beta2           0.0828;
    betaStar        0.09;
    a1              0.31;
    c1              10;
    Cmu             0.09;
    b1              1;
    F3              false;
}

Reading/calculating face velocity Uf

No finite volume options present

Courant Number mean: 0.259067 max: 0.575895

Starting time loop

Courant Number mean: 0.259067 max: 0.575895
Time = 0.462

GAMG:  Solving for cellDisplacementx, Initial residual = 0, Final residual = 0, No Iterations 0
GAMG:  Solving for cellDisplacementy, Initial residual = 0, Final residual = 0, No Iterations 0
GAMG:  Solving for cellDisplacementz, Initial residual = 0, Final residual = 0, No Iterations 0
PIMPLE: iteration 1
DILUPBiCG:  Solving for Ux, Initial residual = 0.0273617, Final residual = 0.000111159, No Iterations 1
DILUPBiCG:  Solving for Uy, Initial residual = 0.00436412, Final residual = 1.03326e-05, No Iterations 1
DILUPBiCG:  Solving for Uz, Initial residual = 0.0141689, Final residual = 3.43374e-05, No Iterations 1
GAMG:  Solving for p, Initial residual = 0.152054, Final residual = 0.00130721, No Iterations 6
GAMG:  Solving for p, Initial residual = 0.0187281, Final residual = 0.000177204, No Iterations 18
GAMG:  Solving for p, Initial residual = 0.00770553, Final residual = 6.90506e-05, No Iterations 12
time step continuity errors : sum local = 6.52453e-07, global = 1.96038e-07, cumulative = 1.96038e-07
GAMG:  Solving for p, Initial residual = 0.0619714, Final residual = 0.000419585, No Iterations 6
GAMG:  Solving for p, Initial residual = 0.00933942, Final residual = 8.39115e-05, No Iterations 16
GAMG:  Solving for p, Initial residual = 0.00400952, Final residual = 3.33038e-05, No Iterations 12
time step continuity errors : sum local = 3.13165e-07, global = 9.31942e-08, cumulative = 2.89232e-07
PIMPLE: iteration 2
DILUPBiCG:  Solving for Ux, Initial residual = 0.00855903, Final residual = 4.15937e-05, No Iterations 1
DILUPBiCG:  Solving for Uy, Initial residual = 0.00143284, Final residual = 3.90323e-06, No Iterations 1
DILUPBiCG:  Solving for Uz, Initial residual = 0.0038965, Final residual = 1.12197e-05, No Iterations 1
GAMG:  Solving for p, Initial residual = 0.0635815, Final residual = 0.000415043, No Iterations 4
GAMG:  Solving for p, Initial residual = 0.0105903, Final residual = 9.36292e-05, No Iterations 14
GAMG:  Solving for p, Initial residual = 0.00486041, Final residual = 4.27652e-05, No Iterations 8
time step continuity errors : sum local = 3.40534e-07, global = -1.08422e-07, cumulative = 1.8081e-07
GAMG:  Solving for p, Initial residual = 0.0321466, Final residual = 0.000175184, No Iterations 4
GAMG:  Solving for p, Initial residual = 0.00515057, Final residual = 5.1442e-05, No Iterations 11
GAMG:  Solving for p, Initial residual = 0.00229505, Final residual = 1.98042e-05, No Iterations 6
time step continuity errors : sum local = 1.58459e-07, global = 4.89405e-08, cumulative = 2.29751e-07
PIMPLE: iteration 3
DILUPBiCG:  Solving for Ux, Initial residual = 0.00232594, Final residual = 6.81794e-06, No Iterations 2
DILUPBiCG:  Solving for Uy, Initial residual = 0.000386761, Final residual = 6.7134e-06, No Iterations 1
DILUPBiCG:  Solving for Uz, Initial residual = 0.00528407, Final residual = 1.24866e-06, No Iterations 2
GAMG:  Solving for p, Initial residual = 0.0426529, Final residual = 0.000342045, No Iterations 5
GAMG:  Solving for p, Initial residual = 0.0098213, Final residual = 8.56897e-05, No Iterations 15
GAMG:  Solving for p, Initial residual = 0.00459319, Final residual = 4.4752e-05, No Iterations 8
time step continuity errors : sum local = 3.9668e-07, global = -8.90945e-08, cumulative = 1.40656e-07
GAMG:  Solving for p, Initial residual = 0.00293119, Final residual = 2.58446e-05, No Iterations 18
GAMG:  Solving for p, Initial residual = 0.00166061, Final residual = 1.37987e-05, No Iterations 4
GAMG:  Solving for p, Initial residual = 0.000630105, Final residual = 9.02039e-07, No Iterations 38
time step continuity errors : sum local = 7.98554e-09, global = 2.36718e-09, cumulative = 1.43023e-07
DILUPBiCG:  Solving for omega, Initial residual = 0.000589851, Final residual = 1.20468e-06, No Iterations 1
DILUPBiCG:  Solving for k, Initial residual = 0.00493771, Final residual = 1.24613e-06, No Iterations 2
ExecutionTime = 17.56 s  ClockTime = 18 s

Courant Number mean: 0.255277 max: 0.5675
Time = 0.463

GAMG:  Solving for cellDisplacementx, Initial residual = 0, Final residual = 0, No Iterations 0
GAMG:  Solving for cellDisplacementy, Initial residual = 0, Final residual = 0, No Iterations 0
GAMG:  Solving for cellDisplacementz, Initial residual = 0, Final residual = 0, No Iterations 0
PIMPLE: iteration 1
DILUPBiCG:  Solving for Ux, Initial residual = 0.029936, Final residual = 0.000122579, No Iterations 1
DILUPBiCG:  Solving for Uy, Initial residual = 0.00476693, Final residual = 1.12613e-05, No Iterations 1
DILUPBiCG:  Solving for Uz, Initial residual = 0.012963, Final residual = 3.24724e-05, No Iterations 1
GAMG:  Solving for p, Initial residual = 0.131626, Final residual = 0.00128144, No Iterations 6
GAMG:  Solving for p, Initial residual = 0.0153058, Final residual = 0.000147017, No Iterations 20
GAMG:  Solving for p, Initial residual = 0.00644947, Final residual = 5.70825e-05, No Iterations 12
time step continuity errors : sum local = 5.77614e-07, global = 1.7328e-07, cumulative = 3.16303e-07
GAMG:  Solving for p, Initial residual = 0.0537192, Final residual = 0.000408846, No Iterations 6
GAMG:  Solving for p, Initial residual = 0.00766412, Final residual = 7.0052e-05, No Iterations 18
GAMG:  Solving for p, Initial residual = 0.00334867, Final residual = 3.24837e-05, No Iterations 10
time step continuity errors : sum local = 3.2701e-07, global = 8.55012e-08, cumulative = 4.01805e-07
PIMPLE: iteration 2
DILUPBiCG:  Solving for Ux, Initial residual = 0.00928026, Final residual = 4.67695e-05, No Iterations 1
DILUPBiCG:  Solving for Uy, Initial residual = 0.00155555, Final residual = 4.08876e-06, No Iterations 1
DILUPBiCG:  Solving for Uz, Initial residual = 0.00384459, Final residual = 1.13389e-05, No Iterations 1
GAMG:  Solving for p, Initial residual = 0.0546757, Final residual = 0.000429739, No Iterations 4
GAMG:  Solving for p, Initial residual = 0.00872197, Final residual = 8.06661e-05, No Iterations 16
GAMG:  Solving for p, Initial residual = 0.00412089, Final residual = 3.82338e-05, No Iterations 8
time step continuity errors : sum local = 3.25268e-07, global = -1.12698e-07, cumulative = 2.89107e-07
GAMG:  Solving for p, Initial residual = 0.0277143, Final residual = 0.000180474, No Iterations 4
GAMG:  Solving for p, Initial residual = 0.00417246, Final residual = 3.63531e-05, No Iterations 14
GAMG:  Solving for p, Initial residual = 0.00189452, Final residual = 1.69945e-05, No Iterations 8
time step continuity errors : sum local = 1.45397e-07, global = -4.58703e-08, cumulative = 2.43236e-07
PIMPLE: iteration 3
DILUPBiCG:  Solving for Ux, Initial residual = 0.00249082, Final residual = 1.39902e-06, No Iterations 2
DILUPBiCG:  Solving for Uy, Initial residual = 0.000414418, Final residual = 6.90101e-06, No Iterations 1
DILUPBiCG:  Solving for Uz, Initial residual = 0.00560505, Final residual = 1.39651e-06, No Iterations 2
GAMG:  Solving for p, Initial residual = 0.0404144, Final residual = 0.000338631, No Iterations 5
GAMG:  Solving for p, Initial residual = 0.00932462, Final residual = 8.55819e-05, No Iterations 15
GAMG:  Solving for p, Initial residual = 0.00440462, Final residual = 3.65914e-05, No Iterations 10
time step continuity errors : sum local = 3.47413e-07, global = -9.02132e-08, cumulative = 1.53023e-07
GAMG:  Solving for p, Initial residual = 0.00274204, Final residual = 2.4938e-05, No Iterations 20
GAMG:  Solving for p, Initial residual = 0.0015863, Final residual = 1.36014e-05, No Iterations 4
GAMG:  Solving for p, Initial residual = 0.000598847, Final residual = 8.78206e-07, No Iterations 38
time step continuity errors : sum local = 8.32669e-09, global = 2.46746e-09, cumulative = 1.55491e-07
DILUPBiCG:  Solving for omega, Initial residual = 0.00055799, Final residual = 1.25322e-06, No Iterations 1
DILUPBiCG:  Solving for k, Initial residual = 0.00494771, Final residual = 1.36339e-06, No Iterations 2
ExecutionTime = 31.84 s  ClockTime = 33 s

End

