/*---------------------------------------------------------------------------*\
| =========                 |                                                 |
| \\      /  F ield         | OpenFOAM: The Open Source CFD Toolbox           |
|  \\    /   O peration     | Version:  2.3.1                                 |
|   \\  /    A nd           | Web:      www.OpenFOAM.org                      |
|    \\/     M anipulation  |                                                 |
\*---------------------------------------------------------------------------*/
Build  : 2.3.1-262087cdf8db
Exec   : pimpleDyMFoam
Date   : Jun 06 2023
Time   : 10:50:20
Host   : "jcosson-VirtualBox"
PID    : 7720
Case   : /home/jcosson/workspace/henersj_shootingdata/calcs/moderate_deformed/primal/28_intervals_05-06-23/sweep8/interval28
nProcs : 1
sigFpe : Enabling floating point exception trapping (FOAM_SIGFPE).
fileModificationChecking : Monitoring run-time modified files using timeStampMaster
allowSystemOperations : Allowing user-supplied system call operations

// * * * * * * * * * * * * * * * * * * * * * * * * * * * * * * * * * * * * * //
Create time

Create mesh for time = 0.496

Selecting dynamicFvMesh dynamicMotionSolverFvMesh
Selecting motion solver: displacementLaplacian
Selecting motion diffusion: quadratic
Selecting motion diffusion: quadratic
Selecting motion diffusion: inverseDistance

PIMPLE: no residual control data found. Calculations will employ 3 corrector loops

Reading field p

Reading field U

Reading/calculating face flux field phi

Selecting incompressible transport model Newtonian
Selecting turbulence model type RASModel
Selecting RAS turbulence model kOmegaSST
bounding k, min: 0 max: 0.000642664 average: 0.000152435
kOmegaSSTCoeffs
{
    alphaK1         0.85034;
    alphaK2         1;
    alphaOmega1     0.5;
    alphaOmega2     0.85616;
    gamma1          0.5532;
    gamma2          0.4403;
    beta1           0.075;
    beta2           0.0828;
    betaStar        0.09;
    a1              0.31;
    c1              10;
    Cmu             0.09;
    b1              1;
    F3              false;
}

Reading/calculating face velocity Uf

No finite volume options present

Courant Number mean: 0.101044 max: 0.228235

Starting time loop

Courant Number mean: 0.101044 max: 0.228235
Time = 0.497

GAMG:  Solving for cellDisplacementx, Initial residual = 0, Final residual = 0, No Iterations 0
GAMG:  Solving for cellDisplacementy, Initial residual = 0, Final residual = 0, No Iterations 0
GAMG:  Solving for cellDisplacementz, Initial residual = 0, Final residual = 0, No Iterations 0
PIMPLE: iteration 1
DILUPBiCG:  Solving for Ux, Initial residual = 0.0256911, Final residual = 9.3693e-05, No Iterations 1
DILUPBiCG:  Solving for Uy, Initial residual = 0.00560488, Final residual = 1.122e-05, No Iterations 1
DILUPBiCG:  Solving for Uz, Initial residual = 0.01006, Final residual = 1.18893e-05, No Iterations 1
GAMG:  Solving for p, Initial residual = 0.100922, Final residual = 0.000717019, No Iterations 3
GAMG:  Solving for p, Initial residual = 0.0151631, Final residual = 0.000127376, No Iterations 4
GAMG:  Solving for p, Initial residual = 0.00724787, Final residual = 6.48631e-05, No Iterations 7
time step continuity errors : sum local = 3.14596e-07, global = 7.2996e-08, cumulative = 7.2996e-08
GAMG:  Solving for p, Initial residual = 0.049042, Final residual = 0.000341777, No Iterations 3
GAMG:  Solving for p, Initial residual = 0.00735643, Final residual = 5.33033e-05, No Iterations 5
GAMG:  Solving for p, Initial residual = 0.00366142, Final residual = 2.75906e-05, No Iterations 4
time step continuity errors : sum local = 1.3482e-07, global = 5.07244e-08, cumulative = 1.2372e-07
PIMPLE: iteration 2
DILUPBiCG:  Solving for Ux, Initial residual = 0.00595724, Final residual = 3.45067e-05, No Iterations 1
DILUPBiCG:  Solving for Uy, Initial residual = 0.00132255, Final residual = 2.74434e-06, No Iterations 1
DILUPBiCG:  Solving for Uz, Initial residual = 0.00316313, Final residual = 2.78886e-05, No Iterations 1
GAMG:  Solving for p, Initial residual = 0.0465353, Final residual = 0.000374678, No Iterations 6
GAMG:  Solving for p, Initial residual = 0.0170517, Final residual = 0.000146947, No Iterations 10
GAMG:  Solving for p, Initial residual = 0.00509524, Final residual = 4.93334e-05, No Iterations 14
time step continuity errors : sum local = 2.10474e-07, global = -6.35026e-08, cumulative = 6.02179e-08
GAMG:  Solving for p, Initial residual = 0.0251045, Final residual = 0.000173503, No Iterations 6
GAMG:  Solving for p, Initial residual = 0.00907521, Final residual = 7.87939e-05, No Iterations 8
GAMG:  Solving for p, Initial residual = 0.00238104, Final residual = 2.15125e-05, No Iterations 16
time step continuity errors : sum local = 9.17844e-08, global = -2.68222e-08, cumulative = 3.33957e-08
PIMPLE: iteration 3
DILUPBiCG:  Solving for Ux, Initial residual = 0.000925737, Final residual = 8.4039e-07, No Iterations 2
DILUPBiCG:  Solving for Uy, Initial residual = 0.000237011, Final residual = 8.40292e-06, No Iterations 1
DILUPBiCG:  Solving for Uz, Initial residual = 0.00270208, Final residual = 1.18911e-07, No Iterations 3
GAMG:  Solving for p, Initial residual = 0.0607614, Final residual = 0.000419047, No Iterations 5
GAMG:  Solving for p, Initial residual = 0.0127318, Final residual = 0.000110462, No Iterations 16
GAMG:  Solving for p, Initial residual = 0.00754601, Final residual = 7.02682e-05, No Iterations 8
time step continuity errors : sum local = 3.28671e-07, global = -7.51501e-08, cumulative = -4.17544e-08
GAMG:  Solving for p, Initial residual = 0.00299411, Final residual = 2.99361e-05, No Iterations 7
GAMG:  Solving for p, Initial residual = 0.00158068, Final residual = 1.23311e-05, No Iterations 6
GAMG:  Solving for p, Initial residual = 0.000620073, Final residual = 9.2077e-07, No Iterations 30
time step continuity errors : sum local = 4.24709e-09, global = 1.31016e-09, cumulative = -4.04442e-08
DILUPBiCG:  Solving for omega, Initial residual = 0.00144696, Final residual = 7.14241e-07, No Iterations 1
DILUPBiCG:  Solving for k, Initial residual = 0.00358651, Final residual = 6.16703e-07, No Iterations 2
bounding k, min: 0 max: 0.000631096 average: 0.000151551
ExecutionTime = 13.63 s  ClockTime = 13 s

Courant Number mean: 0.0998048 max: 0.225373
Time = 0.498

GAMG:  Solving for cellDisplacementx, Initial residual = 0, Final residual = 0, No Iterations 0
GAMG:  Solving for cellDisplacementy, Initial residual = 0, Final residual = 0, No Iterations 0
GAMG:  Solving for cellDisplacementz, Initial residual = 0, Final residual = 0, No Iterations 0
PIMPLE: iteration 1
DILUPBiCG:  Solving for Ux, Initial residual = 0.0203549, Final residual = 7.42118e-05, No Iterations 1
DILUPBiCG:  Solving for Uy, Initial residual = 0.0044578, Final residual = 8.93702e-06, No Iterations 1
DILUPBiCG:  Solving for Uz, Initial residual = 0.01055, Final residual = 2.02669e-05, No Iterations 1
GAMG:  Solving for p, Initial residual = 0.0886787, Final residual = 0.00036362, No Iterations 4
GAMG:  Solving for p, Initial residual = 0.0129535, Final residual = 0.000124009, No Iterations 8
GAMG:  Solving for p, Initial residual = 0.00572423, Final residual = 5.62921e-05, No Iterations 8
time step continuity errors : sum local = 2.19684e-07, global = -5.08972e-08, cumulative = -9.13415e-08
GAMG:  Solving for p, Initial residual = 0.044017, Final residual = 0.000186245, No Iterations 4
GAMG:  Solving for p, Initial residual = 0.00666537, Final residual = 6.32114e-05, No Iterations 8
GAMG:  Solving for p, Initial residual = 0.0028174, Final residual = 2.56931e-05, No Iterations 10
time step continuity errors : sum local = 1.00157e-07, global = -2.52844e-08, cumulative = -1.16626e-07
PIMPLE: iteration 2
DILUPBiCG:  Solving for Ux, Initial residual = 0.00452018, Final residual = 2.68061e-05, No Iterations 1
DILUPBiCG:  Solving for Uy, Initial residual = 0.00101526, Final residual = 2.20502e-06, No Iterations 1
DILUPBiCG:  Solving for Uz, Initial residual = 0.00323539, Final residual = 2.65499e-05, No Iterations 1
GAMG:  Solving for p, Initial residual = 0.0404837, Final residual = 0.000400447, No Iterations 6
GAMG:  Solving for p, Initial residual = 0.021494, Final residual = 0.000211719, No Iterations 7
GAMG:  Solving for p, Initial residual = 0.00464564, Final residual = 4.6216e-05, No Iterations 19
time step continuity errors : sum local = 1.56074e-07, global = -4.39732e-08, cumulative = -1.60599e-07
GAMG:  Solving for p, Initial residual = 0.0216315, Final residual = 0.000187637, No Iterations 6
GAMG:  Solving for p, Initial residual = 0.010801, Final residual = 0.00010452, No Iterations 6
GAMG:  Solving for p, Initial residual = 0.00216349, Final residual = 1.97118e-05, No Iterations 20
time step continuity errors : sum local = 6.64551e-08, global = -1.8819e-08, cumulative = -1.79418e-07
PIMPLE: iteration 3
DILUPBiCG:  Solving for Ux, Initial residual = 0.000565552, Final residual = 7.27102e-06, No Iterations 1
DILUPBiCG:  Solving for Uy, Initial residual = 0.000149243, Final residual = 1.72734e-06, No Iterations 1
DILUPBiCG:  Solving for Uz, Initial residual = 0.00182352, Final residual = 1.12398e-06, No Iterations 2
GAMG:  Solving for p, Initial residual = 0.0674317, Final residual = 0.000466259, No Iterations 5
GAMG:  Solving for p, Initial residual = 0.0137633, Final residual = 0.00012598, No Iterations 16
GAMG:  Solving for p, Initial residual = 0.00891511, Final residual = 7.88747e-05, No Iterations 8
time step continuity errors : sum local = 2.88318e-07, global = -6.87313e-08, cumulative = -2.48149e-07
GAMG:  Solving for p, Initial residual = 0.00321249, Final residual = 3.20034e-05, No Iterations 7
GAMG:  Solving for p, Initial residual = 0.0017033, Final residual = 1.59681e-05, No Iterations 5
GAMG:  Solving for p, Initial residual = 0.000620295, Final residual = 9.31028e-07, No Iterations 31
time step continuity errors : sum local = 3.35006e-09, global = 1.01572e-09, cumulative = -2.47134e-07
DILUPBiCG:  Solving for omega, Initial residual = 0.00144276, Final residual = 7.07271e-07, No Iterations 1
DILUPBiCG:  Solving for k, Initial residual = 0.00354917, Final residual = 6.37937e-07, No Iterations 2
bounding k, min: 0 max: 0.000619164 average: 0.000150693
ExecutionTime = 20.1 s  ClockTime = 20 s

Courant Number mean: 0.0989113 max: 0.223252
Time = 0.499

GAMG:  Solving for cellDisplacementx, Initial residual = 0, Final residual = 0, No Iterations 0
GAMG:  Solving for cellDisplacementy, Initial residual = 0, Final residual = 0, No Iterations 0
GAMG:  Solving for cellDisplacementz, Initial residual = 0, Final residual = 0, No Iterations 0
PIMPLE: iteration 1
DILUPBiCG:  Solving for Ux, Initial residual = 0.014755, Final residual = 5.41737e-05, No Iterations 1
DILUPBiCG:  Solving for Uy, Initial residual = 0.00328531, Final residual = 6.67778e-06, No Iterations 1
DILUPBiCG:  Solving for Uz, Initial residual = 0.00872965, Final residual = 1.49832e-05, No Iterations 1
GAMG:  Solving for p, Initial residual = 0.0830228, Final residual = 0.000603741, No Iterations 4
GAMG:  Solving for p, Initial residual = 0.0202144, Final residual = 0.000199888, No Iterations 8
GAMG:  Solving for p, Initial residual = 0.00732355, Final residual = 6.95017e-05, No Iterations 12
time step continuity errors : sum local = 1.971e-07, global = -5.50809e-08, cumulative = -3.02214e-07
GAMG:  Solving for p, Initial residual = 0.0427748, Final residual = 0.000283197, No Iterations 4
GAMG:  Solving for p, Initial residual = 0.0103999, Final residual = 9.81329e-05, No Iterations 8
GAMG:  Solving for p, Initial residual = 0.00349393, Final residual = 3.47833e-05, No Iterations 12
time step continuity errors : sum local = 9.8534e-08, global = -2.75345e-08, cumulative = -3.29749e-07
PIMPLE: iteration 2
DILUPBiCG:  Solving for Ux, Initial residual = 0.00302536, Final residual = 2.0125e-05, No Iterations 1
DILUPBiCG:  Solving for Uy, Initial residual = 0.00069626, Final residual = 1.85981e-06, No Iterations 1
DILUPBiCG:  Solving for Uz, Initial residual = 0.00322535, Final residual = 3.54354e-05, No Iterations 1
GAMG:  Solving for p, Initial residual = 0.0396275, Final residual = 0.000371541, No Iterations 8
GAMG:  Solving for p, Initial residual = 0.0280326, Final residual = 0.000254911, No Iterations 5
GAMG:  Solving for p, Initial residual = 0.00482485, Final residual = 4.36241e-05, No Iterations 21
time step continuity errors : sum local = 1.07449e-07, global = -3.08865e-08, cumulative = -3.60636e-07
GAMG:  Solving for p, Initial residual = 0.0214805, Final residual = 0.00017601, No Iterations 8
GAMG:  Solving for p, Initial residual = 0.0137133, Final residual = 0.000118556, No Iterations 5
GAMG:  Solving for p, Initial residual = 0.00235589, Final residual = 2.24617e-05, No Iterations 19
time step continuity errors : sum local = 5.52788e-08, global = -1.56083e-08, cumulative = -3.76244e-07
PIMPLE: iteration 3
DILUPBiCG:  Solving for Ux, Initial residual = 0.000230559, Final residual = 1.84486e-06, No Iterations 1
DILUPBiCG:  Solving for Uy, Initial residual = 8.16215e-05, Final residual = 6.51615e-07, No Iterations 1
DILUPBiCG:  Solving for Uz, Initial residual = 0.00170565, Final residual = 9.41114e-07, No Iterations 2
GAMG:  Solving for p, Initial residual = 0.0817559, Final residual = 0.000779551, No Iterations 3
GAMG:  Solving for p, Initial residual = 0.0140042, Final residual = 0.000127468, No Iterations 20
GAMG:  Solving for p, Initial residual = 0.0133793, Final residual = 0.000126864, No Iterations 4
time step continuity errors : sum local = 3.32035e-07, global = -5.74867e-08, cumulative = -4.3373e-07
GAMG:  Solving for p, Initial residual = 0.00366203, Final residual = 3.10252e-05, No Iterations 8
GAMG:  Solving for p, Initial residual = 0.00194883, Final residual = 1.89568e-05, No Iterations 4
GAMG:  Solving for p, Initial residual = 0.000673744, Final residual = 8.43154e-07, No Iterations 29
time step continuity errors : sum local = 2.16883e-09, global = 7.29179e-10, cumulative = -4.33001e-07
DILUPBiCG:  Solving for omega, Initial residual = 0.00143518, Final residual = 7.01833e-07, No Iterations 1
DILUPBiCG:  Solving for k, Initial residual = 0.00351129, Final residual = 6.55593e-07, No Iterations 2
bounding k, min: 0 max: 0.00060696 average: 0.000149862
ExecutionTime = 26.08 s  ClockTime = 26 s

Courant Number mean: 0.0983712 max: 0.221879
Time = 0.5

GAMG:  Solving for cellDisplacementx, Initial residual = 0, Final residual = 0, No Iterations 0
GAMG:  Solving for cellDisplacementy, Initial residual = 0, Final residual = 0, No Iterations 0
GAMG:  Solving for cellDisplacementz, Initial residual = 0, Final residual = 0, No Iterations 0
PIMPLE: iteration 1
DILUPBiCG:  Solving for Ux, Initial residual = 0.0092007, Final residual = 3.39565e-05, No Iterations 1
DILUPBiCG:  Solving for Uy, Initial residual = 0.00212127, Final residual = 4.48098e-06, No Iterations 1
DILUPBiCG:  Solving for Uz, Initial residual = 0.0103212, Final residual = 2.22675e-05, No Iterations 1
GAMG:  Solving for p, Initial residual = 0.0796681, Final residual = 0.00073448, No Iterations 6
GAMG:  Solving for p, Initial residual = 0.0483356, Final residual = 0.000446249, No Iterations 4
GAMG:  Solving for p, Initial residual = 0.00825919, Final residual = 8.15099e-05, No Iterations 21
time step continuity errors : sum local = 1.43026e-07, global = -4.11044e-08, cumulative = -4.74106e-07
GAMG:  Solving for p, Initial residual = 0.0435918, Final residual = 0.000422668, No Iterations 5
GAMG:  Solving for p, Initial residual = 0.0234205, Final residual = 0.000191858, No Iterations 4
GAMG:  Solving for p, Initial residual = 0.00432334, Final residual = 3.66494e-05, No Iterations 12
time step continuity errors : sum local = 6.34901e-08, global = -1.84836e-08, cumulative = -4.92589e-07
PIMPLE: iteration 2
DILUPBiCG:  Solving for Ux, Initial residual = 0.00152059, Final residual = 2.94093e-05, No Iterations 1
DILUPBiCG:  Solving for Uy, Initial residual = 0.000379656, Final residual = 5.19597e-06, No Iterations 1
DILUPBiCG:  Solving for Uz, Initial residual = 0.00322437, Final residual = 3.13158e-05, No Iterations 1
GAMG:  Solving for p, Initial residual = 0.0412694, Final residual = 0.000367988, No Iterations 13
GAMG:  Solving for p, Initial residual = 0.0371833, Final residual = 0.000350328, No Iterations 5
GAMG:  Solving for p, Initial residual = 0.00684507, Final residual = 6.52913e-05, No Iterations 19
time step continuity errors : sum local = 1.00865e-07, global = -2.85185e-08, cumulative = -5.21108e-07
GAMG:  Solving for p, Initial residual = 0.02305, Final residual = 0.000220831, No Iterations 9
GAMG:  Solving for p, Initial residual = 0.0169359, Final residual = 0.000168746, No Iterations 6
GAMG:  Solving for p, Initial residual = 0.00338022, Final residual = 3.22424e-05, No Iterations 20
time step continuity errors : sum local = 4.9884e-08, global = -1.41731e-08, cumulative = -5.35281e-07
PIMPLE: iteration 3
DILUPBiCG:  Solving for Ux, Initial residual = 0.000191201, Final residual = 1.76753e-06, No Iterations 1
DILUPBiCG:  Solving for Uy, Initial residual = 7.08317e-05, Final residual = 6.08191e-07, No Iterations 1
DILUPBiCG:  Solving for Uz, Initial residual = 0.00122731, Final residual = 9.38306e-06, No Iterations 1
GAMG:  Solving for p, Initial residual = 0.113058, Final residual = 0.00102161, No Iterations 3
GAMG:  Solving for p, Initial residual = 0.0166448, Final residual = 0.00016115, No Iterations 20
GAMG:  Solving for p, Initial residual = 0.0182644, Final residual = 0.000180922, No Iterations 4
time step continuity errors : sum local = 2.80934e-07, global = -4.52229e-08, cumulative = -5.80504e-07
GAMG:  Solving for p, Initial residual = 0.00482946, Final residual = 4.06846e-05, No Iterations 8
GAMG:  Solving for p, Initial residual = 0.00243075, Final residual = 2.36644e-05, No Iterations 4
GAMG:  Solving for p, Initial residual = 0.000807507, Final residual = 9.31944e-07, No Iterations 24
time step continuity errors : sum local = 1.41311e-09, global = -3.14004e-10, cumulative = -5.80818e-07
DILUPBiCG:  Solving for omega, Initial residual = 0.00142432, Final residual = 6.98087e-07, No Iterations 1
DILUPBiCG:  Solving for k, Initial residual = 0.00347278, Final residual = 6.78022e-07, No Iterations 2
bounding k, min: 0 max: 0.000594578 average: 0.000149061
ExecutionTime = 29.4 s  ClockTime = 29 s

End

