/*---------------------------------------------------------------------------*\
| =========                 |                                                 |
| \\      /  F ield         | OpenFOAM: The Open Source CFD Toolbox           |
|  \\    /   O peration     | Version:  2.3.1                                 |
|   \\  /    A nd           | Web:      www.OpenFOAM.org                      |
|    \\/     M anipulation  |                                                 |
\*---------------------------------------------------------------------------*/
Build  : 2.3.1-262087cdf8db
Exec   : pimpleDyMFoam
Date   : Jun 06 2023
Time   : 02:50:47
Host   : "jcosson-VirtualBox"
PID    : 11165
Case   : /home/jcosson/workspace/henersj_shootingdata/calcs/moderate_deformed/primal/100_intervals_05-06-23/sweep77/interval89
nProcs : 1
sigFpe : Enabling floating point exception trapping (FOAM_SIGFPE).
fileModificationChecking : Monitoring run-time modified files using timeStampMaster
allowSystemOperations : Allowing user-supplied system call operations

// * * * * * * * * * * * * * * * * * * * * * * * * * * * * * * * * * * * * * //
Create time

Create mesh for time = 0.488

Selecting dynamicFvMesh dynamicMotionSolverFvMesh
Selecting motion solver: displacementLaplacian
Selecting motion diffusion: quadratic
Selecting motion diffusion: quadratic
Selecting motion diffusion: inverseDistance

PIMPLE: no residual control data found. Calculations will employ 3 corrector loops

Reading field p

Reading field U

Reading/calculating face flux field phi

Selecting incompressible transport model Newtonian
Selecting turbulence model type RASModel
Selecting RAS turbulence model kOmegaSST
bounding k, min: 0 max: 0.000606383 average: 0.000150005
kOmegaSSTCoeffs
{
    alphaK1         0.85034;
    alphaK2         1;
    alphaOmega1     0.5;
    alphaOmega2     0.85616;
    gamma1          0.5532;
    gamma2          0.4403;
    beta1           0.075;
    beta2           0.0828;
    betaStar        0.09;
    a1              0.31;
    c1              10;
    Cmu             0.09;
    b1              1;
    F3              false;
}

Reading/calculating face velocity Uf

No finite volume options present

Courant Number mean: 0.122855 max: 0.265752

Starting time loop

Courant Number mean: 0.122855 max: 0.265752
Time = 0.489

GAMG:  Solving for cellDisplacementx, Initial residual = 0, Final residual = 0, No Iterations 0
GAMG:  Solving for cellDisplacementy, Initial residual = 0, Final residual = 0, No Iterations 0
GAMG:  Solving for cellDisplacementz, Initial residual = 0, Final residual = 0, No Iterations 0
PIMPLE: iteration 1
DILUPBiCG:  Solving for Ux, Initial residual = 0.0575508, Final residual = 0.000225964, No Iterations 1
DILUPBiCG:  Solving for Uy, Initial residual = 0.0112948, Final residual = 2.35812e-05, No Iterations 1
DILUPBiCG:  Solving for Uz, Initial residual = 0.0122914, Final residual = 1.2177e-05, No Iterations 1
GAMG:  Solving for p, Initial residual = 0.114936, Final residual = 0.00078981, No Iterations 4
GAMG:  Solving for p, Initial residual = 0.0152262, Final residual = 0.000148577, No Iterations 16
GAMG:  Solving for p, Initial residual = 0.00720096, Final residual = 6.09793e-05, No Iterations 10
time step continuity errors : sum local = 7.10927e-07, global = 1.84273e-07, cumulative = 1.84273e-07
GAMG:  Solving for p, Initial residual = 0.0517187, Final residual = 0.000327748, No Iterations 4
GAMG:  Solving for p, Initial residual = 0.00750288, Final residual = 7.47115e-05, No Iterations 14
GAMG:  Solving for p, Initial residual = 0.00360398, Final residual = 3.32033e-05, No Iterations 10
time step continuity errors : sum local = 3.89334e-07, global = 1.01037e-07, cumulative = 2.8531e-07
PIMPLE: iteration 2
DILUPBiCG:  Solving for Ux, Initial residual = 0.0149415, Final residual = 9.26716e-05, No Iterations 1
DILUPBiCG:  Solving for Uy, Initial residual = 0.00305104, Final residual = 6.3262e-06, No Iterations 1
DILUPBiCG:  Solving for Uz, Initial residual = 0.00278293, Final residual = 8.93299e-06, No Iterations 1
GAMG:  Solving for p, Initial residual = 0.0507046, Final residual = 0.000494412, No Iterations 4
GAMG:  Solving for p, Initial residual = 0.0101984, Final residual = 0.000101895, No Iterations 14
GAMG:  Solving for p, Initial residual = 0.00430723, Final residual = 4.25185e-05, No Iterations 10
time step continuity errors : sum local = 4.34507e-07, global = -1.08659e-07, cumulative = 1.76651e-07
GAMG:  Solving for p, Initial residual = 0.0265515, Final residual = 0.000230268, No Iterations 4
GAMG:  Solving for p, Initial residual = 0.00528213, Final residual = 5.24772e-05, No Iterations 12
GAMG:  Solving for p, Initial residual = 0.00204091, Final residual = 1.83962e-05, No Iterations 12
time step continuity errors : sum local = 1.88473e-07, global = -5.43696e-08, cumulative = 1.22281e-07
PIMPLE: iteration 3
DILUPBiCG:  Solving for Ux, Initial residual = 0.00316561, Final residual = 2.99195e-06, No Iterations 2
DILUPBiCG:  Solving for Uy, Initial residual = 0.000684131, Final residual = 4.97676e-06, No Iterations 1
DILUPBiCG:  Solving for Uz, Initial residual = 0.00478351, Final residual = 2.70325e-06, No Iterations 2
GAMG:  Solving for p, Initial residual = 0.04524, Final residual = 0.000331538, No Iterations 5
GAMG:  Solving for p, Initial residual = 0.0102339, Final residual = 9.46437e-05, No Iterations 14
GAMG:  Solving for p, Initial residual = 0.00517625, Final residual = 4.98337e-05, No Iterations 10
time step continuity errors : sum local = 5.70067e-07, global = -1.50168e-07, cumulative = -2.7887e-08
GAMG:  Solving for p, Initial residual = 0.00250694, Final residual = 1.92065e-05, No Iterations 8
GAMG:  Solving for p, Initial residual = 0.00134303, Final residual = 1.335e-05, No Iterations 4
GAMG:  Solving for p, Initial residual = 0.000544952, Final residual = 8.12643e-07, No Iterations 8
time step continuity errors : sum local = 9.19141e-09, global = -3.33834e-09, cumulative = -3.12254e-08
DILUPBiCG:  Solving for omega, Initial residual = 0.00112971, Final residual = 7.12206e-07, No Iterations 1
DILUPBiCG:  Solving for k, Initial residual = 0.00342335, Final residual = 6.85157e-07, No Iterations 2
bounding k, min: 0 max: 0.000593443 average: 0.000149168
ExecutionTime = 16.47 s  ClockTime = 16 s

End

