/*---------------------------------------------------------------------------*\
| =========                 |                                                 |
| \\      /  F ield         | OpenFOAM: The Open Source CFD Toolbox           |
|  \\    /   O peration     | Version:  2.3.1                                 |
|   \\  /    A nd           | Web:      www.OpenFOAM.org                      |
|    \\/     M anipulation  |                                                 |
\*---------------------------------------------------------------------------*/
Build  : 2.3.1-262087cdf8db
Exec   : pimpleDyMFoam
Date   : Jun 06 2023
Time   : 02:51:03
Host   : "jcosson-VirtualBox"
PID    : 11175
Case   : /home/jcosson/workspace/henersj_shootingdata/calcs/moderate_deformed/primal/100_intervals_05-06-23/sweep77/interval91
nProcs : 1
sigFpe : Enabling floating point exception trapping (FOAM_SIGFPE).
fileModificationChecking : Monitoring run-time modified files using timeStampMaster
allowSystemOperations : Allowing user-supplied system call operations

// * * * * * * * * * * * * * * * * * * * * * * * * * * * * * * * * * * * * * //
Create time

Create mesh for time = 0.49

Selecting dynamicFvMesh dynamicMotionSolverFvMesh
Selecting motion solver: displacementLaplacian
Selecting motion diffusion: quadratic
Selecting motion diffusion: quadratic
Selecting motion diffusion: inverseDistance

PIMPLE: no residual control data found. Calculations will employ 3 corrector loops

Reading field p

Reading field U

Reading/calculating face flux field phi

Selecting incompressible transport model Newtonian
Selecting turbulence model type RASModel
Selecting RAS turbulence model kOmegaSST
bounding k, min: 0 max: 0.000581684 average: 0.000148464
kOmegaSSTCoeffs
{
    alphaK1         0.85034;
    alphaK2         1;
    alphaOmega1     0.5;
    alphaOmega2     0.85616;
    gamma1          0.5532;
    gamma2          0.4403;
    beta1           0.075;
    beta2           0.0828;
    betaStar        0.09;
    a1              0.31;
    c1              10;
    Cmu             0.09;
    b1              1;
    F3              false;
}

Reading/calculating face velocity Uf

No finite volume options present

Courant Number mean: 0.115623 max: 0.249829

Starting time loop

Courant Number mean: 0.115623 max: 0.249829
Time = 0.491

GAMG:  Solving for cellDisplacementx, Initial residual = 0, Final residual = 0, No Iterations 0
GAMG:  Solving for cellDisplacementy, Initial residual = 0, Final residual = 0, No Iterations 0
GAMG:  Solving for cellDisplacementz, Initial residual = 0, Final residual = 0, No Iterations 0
PIMPLE: iteration 1
DILUPBiCG:  Solving for Ux, Initial residual = 0.0519377, Final residual = 0.00020338, No Iterations 1
DILUPBiCG:  Solving for Uy, Initial residual = 0.010481, Final residual = 2.16868e-05, No Iterations 1
DILUPBiCG:  Solving for Uz, Initial residual = 0.0126979, Final residual = 1.10044e-05, No Iterations 1
GAMG:  Solving for p, Initial residual = 0.112552, Final residual = 0.000688642, No Iterations 4
GAMG:  Solving for p, Initial residual = 0.0156106, Final residual = 0.000141657, No Iterations 16
GAMG:  Solving for p, Initial residual = 0.0074401, Final residual = 6.01179e-05, No Iterations 4
time step continuity errors : sum local = 6.16061e-07, global = 1.99931e-07, cumulative = 1.99931e-07
GAMG:  Solving for p, Initial residual = 0.0512934, Final residual = 0.000297069, No Iterations 4
GAMG:  Solving for p, Initial residual = 0.00765783, Final residual = 7.28994e-05, No Iterations 14
GAMG:  Solving for p, Initial residual = 0.00371459, Final residual = 3.15749e-05, No Iterations 4
time step continuity errors : sum local = 3.25651e-07, global = 1.13785e-07, cumulative = 3.13715e-07
PIMPLE: iteration 2
DILUPBiCG:  Solving for Ux, Initial residual = 0.0132495, Final residual = 8.23057e-05, No Iterations 1
DILUPBiCG:  Solving for Uy, Initial residual = 0.00276643, Final residual = 5.68408e-06, No Iterations 1
DILUPBiCG:  Solving for Uz, Initial residual = 0.00277845, Final residual = 9.27536e-06, No Iterations 1
GAMG:  Solving for p, Initial residual = 0.0499958, Final residual = 0.000499013, No Iterations 4
GAMG:  Solving for p, Initial residual = 0.0107824, Final residual = 0.000103521, No Iterations 14
GAMG:  Solving for p, Initial residual = 0.00448323, Final residual = 4.12295e-05, No Iterations 10
time step continuity errors : sum local = 3.71372e-07, global = -9.37276e-08, cumulative = 2.19988e-07
GAMG:  Solving for p, Initial residual = 0.02629, Final residual = 0.000233902, No Iterations 4
GAMG:  Solving for p, Initial residual = 0.00557534, Final residual = 5.40875e-05, No Iterations 12
GAMG:  Solving for p, Initial residual = 0.00213, Final residual = 1.82459e-05, No Iterations 12
time step continuity errors : sum local = 1.64694e-07, global = -4.81463e-08, cumulative = 1.71841e-07
PIMPLE: iteration 3
DILUPBiCG:  Solving for Ux, Initial residual = 0.0027267, Final residual = 2.9408e-06, No Iterations 2
DILUPBiCG:  Solving for Uy, Initial residual = 0.000611141, Final residual = 5.16594e-06, No Iterations 1
DILUPBiCG:  Solving for Uz, Initial residual = 0.00437231, Final residual = 2.40109e-06, No Iterations 2
GAMG:  Solving for p, Initial residual = 0.0471732, Final residual = 0.000337357, No Iterations 5
GAMG:  Solving for p, Initial residual = 0.0105881, Final residual = 9.89292e-05, No Iterations 14
GAMG:  Solving for p, Initial residual = 0.00550055, Final residual = 5.20166e-05, No Iterations 10
time step continuity errors : sum local = 5.23096e-07, global = -1.38667e-07, cumulative = 3.3174e-08
GAMG:  Solving for p, Initial residual = 0.00259836, Final residual = 2.54888e-05, No Iterations 7
GAMG:  Solving for p, Initial residual = 0.0013797, Final residual = 1.37579e-05, No Iterations 5
GAMG:  Solving for p, Initial residual = 0.000566536, Final residual = 9.62376e-07, No Iterations 27
time step continuity errors : sum local = 9.55627e-09, global = 2.87632e-09, cumulative = 3.60503e-08
DILUPBiCG:  Solving for omega, Initial residual = 0.00118763, Final residual = 7.01532e-07, No Iterations 1
DILUPBiCG:  Solving for k, Initial residual = 0.00331936, Final residual = 6.67057e-07, No Iterations 2
bounding k, min: 0 max: 0.000566894 average: 0.00014768
ExecutionTime = 10.55 s  ClockTime = 11 s

End

