/*---------------------------------------------------------------------------*\
| =========                 |                                                 |
| \\      /  F ield         | OpenFOAM: The Open Source CFD Toolbox           |
|  \\    /   O peration     | Version:  2.3.1                                 |
|   \\  /    A nd           | Web:      www.OpenFOAM.org                      |
|    \\/     M anipulation  |                                                 |
\*---------------------------------------------------------------------------*/
Build  : 2.3.1-262087cdf8db
Exec   : pimpleDyMFoam
Date   : Jun 06 2023
Time   : 00:18:33
Host   : "jcosson-VirtualBox"
PID    : 30844
Case   : /home/jcosson/workspace/henersj_shootingdata/calcs/moderate_deformed/primal/100_intervals_05-06-23/sweep15/interval54
nProcs : 1
sigFpe : Enabling floating point exception trapping (FOAM_SIGFPE).
fileModificationChecking : Monitoring run-time modified files using timeStampMaster
allowSystemOperations : Allowing user-supplied system call operations

// * * * * * * * * * * * * * * * * * * * * * * * * * * * * * * * * * * * * * //
Create time

Create mesh for time = 0.453

Selecting dynamicFvMesh dynamicMotionSolverFvMesh
Selecting motion solver: displacementLaplacian
Selecting motion diffusion: quadratic
Selecting motion diffusion: quadratic
Selecting motion diffusion: inverseDistance

PIMPLE: no residual control data found. Calculations will employ 3 corrector loops

Reading field p

Reading field U

Reading/calculating face flux field phi

Selecting incompressible transport model Newtonian
Selecting turbulence model type RASModel
Selecting RAS turbulence model kOmegaSST
kOmegaSSTCoeffs
{
    alphaK1         0.85034;
    alphaK2         1;
    alphaOmega1     0.5;
    alphaOmega2     0.85616;
    gamma1          0.5532;
    gamma2          0.4403;
    beta1           0.075;
    beta2           0.0828;
    betaStar        0.09;
    a1              0.31;
    c1              10;
    Cmu             0.09;
    b1              1;
    F3              false;
}

Reading/calculating face velocity Uf

No finite volume options present

Courant Number mean: 0.27805 max: 0.619264

Starting time loop

Courant Number mean: 0.27805 max: 0.619264
Time = 0.454

GAMG:  Solving for cellDisplacementx, Initial residual = 0, Final residual = 0, No Iterations 0
GAMG:  Solving for cellDisplacementy, Initial residual = 0, Final residual = 0, No Iterations 0
GAMG:  Solving for cellDisplacementz, Initial residual = 0, Final residual = 0, No Iterations 0
PIMPLE: iteration 1
DILUPBiCG:  Solving for Ux, Initial residual = 0.00637036, Final residual = 3.52409e-05, No Iterations 1
DILUPBiCG:  Solving for Uy, Initial residual = 0.00109473, Final residual = 4.2351e-06, No Iterations 1
DILUPBiCG:  Solving for Uz, Initial residual = 0.0177041, Final residual = 4.84845e-05, No Iterations 1
GAMG:  Solving for p, Initial residual = 0.247006, Final residual = 0.0019467, No Iterations 6
GAMG:  Solving for p, Initial residual = 0.0348398, Final residual = 0.000333485, No Iterations 14
GAMG:  Solving for p, Initial residual = 0.013347, Final residual = 0.000128384, No Iterations 12
time step continuity errors : sum local = 4.58278e-07, global = 1.3823e-07, cumulative = 1.3823e-07
GAMG:  Solving for p, Initial residual = 0.0959483, Final residual = 0.000945279, No Iterations 4
GAMG:  Solving for p, Initial residual = 0.0173021, Final residual = 0.000156525, No Iterations 14
GAMG:  Solving for p, Initial residual = 0.00720488, Final residual = 7.20106e-05, No Iterations 10
time step continuity errors : sum local = 2.55453e-07, global = 6.77037e-08, cumulative = 2.05934e-07
PIMPLE: iteration 2
DILUPBiCG:  Solving for Ux, Initial residual = 0.0024305, Final residual = 3.6588e-05, No Iterations 1
DILUPBiCG:  Solving for Uy, Initial residual = 0.000420247, Final residual = 2.784e-06, No Iterations 1
DILUPBiCG:  Solving for Uz, Initial residual = 0.00506042, Final residual = 1.72282e-05, No Iterations 1
GAMG:  Solving for p, Initial residual = 0.0999146, Final residual = 0.000633666, No Iterations 3
GAMG:  Solving for p, Initial residual = 0.017573, Final residual = 0.00013954, No Iterations 5
GAMG:  Solving for p, Initial residual = 0.00732349, Final residual = 7.07752e-05, No Iterations 4
time step continuity errors : sum local = 2.18636e-07, global = 5.87704e-08, cumulative = 2.64704e-07
GAMG:  Solving for p, Initial residual = 0.0483826, Final residual = 0.000355965, No Iterations 3
GAMG:  Solving for p, Initial residual = 0.00870882, Final residual = 6.22602e-05, No Iterations 5
GAMG:  Solving for p, Initial residual = 0.00371926, Final residual = 3.21903e-05, No Iterations 4
time step continuity errors : sum local = 1.00168e-07, global = 2.78093e-08, cumulative = 2.92513e-07
PIMPLE: iteration 3
DILUPBiCG:  Solving for Ux, Initial residual = 0.000868006, Final residual = 5.27969e-07, No Iterations 2
DILUPBiCG:  Solving for Uy, Initial residual = 0.000148563, Final residual = 3.00591e-06, No Iterations 1
DILUPBiCG:  Solving for Uz, Initial residual = 0.00217805, Final residual = 1.69464e-06, No Iterations 2
GAMG:  Solving for p, Initial residual = 0.0646154, Final residual = 0.000437168, No Iterations 4
GAMG:  Solving for p, Initial residual = 0.0149828, Final residual = 0.000146676, No Iterations 5
GAMG:  Solving for p, Initial residual = 0.00646301, Final residual = 5.75463e-05, No Iterations 5
time step continuity errors : sum local = 1.9161e-07, global = -4.3637e-08, cumulative = 2.48876e-07
GAMG:  Solving for p, Initial residual = 0.0051767, Final residual = 4.6924e-05, No Iterations 7
GAMG:  Solving for p, Initial residual = 0.00262088, Final residual = 2.38369e-05, No Iterations 6
GAMG:  Solving for p, Initial residual = 0.0009647, Final residual = 9.29524e-07, No Iterations 38
time step continuity errors : sum local = 3.08569e-09, global = 9.17621e-10, cumulative = 2.49794e-07
DILUPBiCG:  Solving for omega, Initial residual = 0.0010247, Final residual = 1.49369e-06, No Iterations 1
DILUPBiCG:  Solving for k, Initial residual = 0.00464797, Final residual = 2.23352e-06, No Iterations 2
ExecutionTime = 14.69 s  ClockTime = 15 s

End

