/*---------------------------------------------------------------------------*\
| =========                 |                                                 |
| \\      /  F ield         | OpenFOAM: The Open Source CFD Toolbox           |
|  \\    /   O peration     | Version:  2.3.1                                 |
|   \\  /    A nd           | Web:      www.OpenFOAM.org                      |
|    \\/     M anipulation  |                                                 |
\*---------------------------------------------------------------------------*/
Build  : 2.3.1-262087cdf8db
Exec   : pimpleDyMFoam
Date   : Jun 06 2023
Time   : 00:18:46
Host   : "jcosson-VirtualBox"
PID    : 30857
Case   : /home/jcosson/workspace/henersj_shootingdata/calcs/moderate_deformed/primal/100_intervals_05-06-23/sweep15/interval60
nProcs : 1
sigFpe : Enabling floating point exception trapping (FOAM_SIGFPE).
fileModificationChecking : Monitoring run-time modified files using timeStampMaster
allowSystemOperations : Allowing user-supplied system call operations

// * * * * * * * * * * * * * * * * * * * * * * * * * * * * * * * * * * * * * //
Create time

Create mesh for time = 0.459

Selecting dynamicFvMesh dynamicMotionSolverFvMesh
Selecting motion solver: displacementLaplacian
Selecting motion diffusion: quadratic
Selecting motion diffusion: quadratic
Selecting motion diffusion: inverseDistance

PIMPLE: no residual control data found. Calculations will employ 3 corrector loops

Reading field p

Reading field U

Reading/calculating face flux field phi

Selecting incompressible transport model Newtonian
Selecting turbulence model type RASModel
Selecting RAS turbulence model kOmegaSST
kOmegaSSTCoeffs
{
    alphaK1         0.85034;
    alphaK2         1;
    alphaOmega1     0.5;
    alphaOmega2     0.85616;
    gamma1          0.5532;
    gamma2          0.4403;
    beta1           0.075;
    beta2           0.0828;
    betaStar        0.09;
    a1              0.31;
    c1              10;
    Cmu             0.09;
    b1              1;
    F3              false;
}

Reading/calculating face velocity Uf

No finite volume options present

Courant Number mean: 0.265585 max: 0.592639

Starting time loop

Courant Number mean: 0.265585 max: 0.592639
Time = 0.46

GAMG:  Solving for cellDisplacementx, Initial residual = 0, Final residual = 0, No Iterations 0
GAMG:  Solving for cellDisplacementy, Initial residual = 0, Final residual = 0, No Iterations 0
GAMG:  Solving for cellDisplacementz, Initial residual = 0, Final residual = 0, No Iterations 0
PIMPLE: iteration 1
DILUPBiCG:  Solving for Ux, Initial residual = 0.0221094, Final residual = 8.7218e-05, No Iterations 1
DILUPBiCG:  Solving for Uy, Initial residual = 0.00352094, Final residual = 8.42261e-06, No Iterations 1
DILUPBiCG:  Solving for Uz, Initial residual = 0.015108, Final residual = 4.34525e-05, No Iterations 1
GAMG:  Solving for p, Initial residual = 0.163909, Final residual = 0.00142016, No Iterations 6
GAMG:  Solving for p, Initial residual = 0.0205322, Final residual = 0.000188576, No Iterations 18
GAMG:  Solving for p, Initial residual = 0.00834163, Final residual = 7.34508e-05, No Iterations 12
time step continuity errors : sum local = 5.85032e-07, global = 1.76735e-07, cumulative = 1.76735e-07
GAMG:  Solving for p, Initial residual = 0.0660196, Final residual = 0.000448138, No Iterations 6
GAMG:  Solving for p, Initial residual = 0.0102133, Final residual = 8.84207e-05, No Iterations 16
GAMG:  Solving for p, Initial residual = 0.00434511, Final residual = 4.34397e-05, No Iterations 10
time step continuity errors : sum local = 3.44002e-07, global = 9.13986e-08, cumulative = 2.68134e-07
PIMPLE: iteration 2
DILUPBiCG:  Solving for Ux, Initial residual = 0.00706602, Final residual = 3.16657e-05, No Iterations 1
DILUPBiCG:  Solving for Uy, Initial residual = 0.00117837, Final residual = 3.59735e-06, No Iterations 1
DILUPBiCG:  Solving for Uz, Initial residual = 0.00408629, Final residual = 1.41124e-05, No Iterations 1
GAMG:  Solving for p, Initial residual = 0.0680356, Final residual = 0.000377389, No Iterations 4
GAMG:  Solving for p, Initial residual = 0.0112967, Final residual = 0.000112462, No Iterations 12
GAMG:  Solving for p, Initial residual = 0.00520567, Final residual = 4.92652e-05, No Iterations 8
time step continuity errors : sum local = 3.30715e-07, global = -1.04535e-07, cumulative = 1.63598e-07
GAMG:  Solving for p, Initial residual = 0.0341924, Final residual = 0.000161295, No Iterations 4
GAMG:  Solving for p, Initial residual = 0.00554515, Final residual = 5.22696e-05, No Iterations 10
GAMG:  Solving for p, Initial residual = 0.00248155, Final residual = 2.24762e-05, No Iterations 8
time step continuity errors : sum local = 1.51524e-07, global = -4.76908e-08, cumulative = 1.15907e-07
PIMPLE: iteration 3
DILUPBiCG:  Solving for Ux, Initial residual = 0.00198573, Final residual = 1.03461e-06, No Iterations 2
DILUPBiCG:  Solving for Uy, Initial residual = 0.000328062, Final residual = 6.5187e-06, No Iterations 1
DILUPBiCG:  Solving for Uz, Initial residual = 0.00511187, Final residual = 1.55068e-06, No Iterations 2
GAMG:  Solving for p, Initial residual = 0.0439304, Final residual = 0.00034189, No Iterations 5
GAMG:  Solving for p, Initial residual = 0.0102057, Final residual = 8.54487e-05, No Iterations 13
GAMG:  Solving for p, Initial residual = 0.0046566, Final residual = 3.87434e-05, No Iterations 10
time step continuity errors : sum local = 2.88629e-07, global = -7.55157e-08, cumulative = 4.03917e-08
GAMG:  Solving for p, Initial residual = 0.00319955, Final residual = 2.83995e-05, No Iterations 16
GAMG:  Solving for p, Initial residual = 0.0017896, Final residual = 1.48522e-05, No Iterations 4
GAMG:  Solving for p, Initial residual = 0.000666964, Final residual = 9.15576e-07, No Iterations 38
time step continuity errors : sum local = 6.81638e-09, global = 2.01944e-09, cumulative = 4.24111e-08
DILUPBiCG:  Solving for omega, Initial residual = 0.000789681, Final residual = 1.33229e-06, No Iterations 1
DILUPBiCG:  Solving for k, Initial residual = 0.00479767, Final residual = 1.94829e-06, No Iterations 2
ExecutionTime = 16.77 s  ClockTime = 17 s

End

