/*---------------------------------------------------------------------------*\
| =========                 |                                                 |
| \\      /  F ield         | OpenFOAM: The Open Source CFD Toolbox           |
|  \\    /   O peration     | Version:  2.3.1                                 |
|   \\  /    A nd           | Web:      www.OpenFOAM.org                      |
|    \\/     M anipulation  |                                                 |
\*---------------------------------------------------------------------------*/
Build  : 2.3.1-262087cdf8db
Exec   : pimpleDyMFoam
Date   : Jun 06 2023
Time   : 00:19:10
Host   : "jcosson-VirtualBox"
PID    : 30909
Case   : /home/jcosson/workspace/henersj_shootingdata/calcs/moderate_deformed/primal/100_intervals_05-06-23/sweep15/interval86
nProcs : 1
sigFpe : Enabling floating point exception trapping (FOAM_SIGFPE).
fileModificationChecking : Monitoring run-time modified files using timeStampMaster
allowSystemOperations : Allowing user-supplied system call operations

// * * * * * * * * * * * * * * * * * * * * * * * * * * * * * * * * * * * * * //
Create time

Create mesh for time = 0.485

Selecting dynamicFvMesh dynamicMotionSolverFvMesh
Selecting motion solver: displacementLaplacian
Selecting motion diffusion: quadratic
Selecting motion diffusion: quadratic
Selecting motion diffusion: inverseDistance

PIMPLE: no residual control data found. Calculations will employ 3 corrector loops

Reading field p

Reading field U

Reading/calculating face flux field phi

Selecting incompressible transport model Newtonian
Selecting turbulence model type RASModel
Selecting RAS turbulence model kOmegaSST
bounding k, min: 0 max: 0.000761624 average: 0.00016358
kOmegaSSTCoeffs
{
    alphaK1         0.85034;
    alphaK2         1;
    alphaOmega1     0.5;
    alphaOmega2     0.85616;
    gamma1          0.5532;
    gamma2          0.4403;
    beta1           0.075;
    beta2           0.0828;
    betaStar        0.09;
    a1              0.31;
    c1              10;
    Cmu             0.09;
    b1              1;
    F3              false;
}

Reading/calculating face velocity Uf

No finite volume options present

Courant Number mean: 0.135424 max: 0.303449

Starting time loop

Courant Number mean: 0.135424 max: 0.303449
Time = 0.486

GAMG:  Solving for cellDisplacementx, Initial residual = 0, Final residual = 0, No Iterations 0
GAMG:  Solving for cellDisplacementy, Initial residual = 0, Final residual = 0, No Iterations 0
GAMG:  Solving for cellDisplacementz, Initial residual = 0, Final residual = 0, No Iterations 0
PIMPLE: iteration 1
DILUPBiCG:  Solving for Ux, Initial residual = 0.0629376, Final residual = 0.000234684, No Iterations 1
DILUPBiCG:  Solving for Uy, Initial residual = 0.0118816, Final residual = 2.50505e-05, No Iterations 1
DILUPBiCG:  Solving for Uz, Initial residual = 0.0203542, Final residual = 2.17455e-05, No Iterations 1
GAMG:  Solving for p, Initial residual = 0.121338, Final residual = 0.000893057, No Iterations 4
GAMG:  Solving for p, Initial residual = 0.0160397, Final residual = 0.000152355, No Iterations 16
GAMG:  Solving for p, Initial residual = 0.00737195, Final residual = 5.95582e-05, No Iterations 4
time step continuity errors : sum local = 7.76657e-07, global = 2.88528e-07, cumulative = 2.88528e-07
GAMG:  Solving for p, Initial residual = 0.053938, Final residual = 0.000369943, No Iterations 4
GAMG:  Solving for p, Initial residual = 0.00799868, Final residual = 7.36789e-05, No Iterations 14
GAMG:  Solving for p, Initial residual = 0.00370363, Final residual = 3.07826e-05, No Iterations 4
time step continuity errors : sum local = 4.02908e-07, global = 1.50069e-07, cumulative = 4.38597e-07
PIMPLE: iteration 2
DILUPBiCG:  Solving for Ux, Initial residual = 0.0165806, Final residual = 9.65517e-05, No Iterations 1
DILUPBiCG:  Solving for Uy, Initial residual = 0.00328914, Final residual = 6.9625e-06, No Iterations 1
DILUPBiCG:  Solving for Uz, Initial residual = 0.00309003, Final residual = 1.03711e-05, No Iterations 1
GAMG:  Solving for p, Initial residual = 0.0533676, Final residual = 0.000497445, No Iterations 4
GAMG:  Solving for p, Initial residual = 0.0100197, Final residual = 8.827e-05, No Iterations 16
GAMG:  Solving for p, Initial residual = 0.0044394, Final residual = 4.32429e-05, No Iterations 4
time step continuity errors : sum local = 4.89515e-07, global = -1.92483e-07, cumulative = 2.46114e-07
GAMG:  Solving for p, Initial residual = 0.0278676, Final residual = 0.000238067, No Iterations 4
GAMG:  Solving for p, Initial residual = 0.00525097, Final residual = 4.48671e-05, No Iterations 14
GAMG:  Solving for p, Initial residual = 0.00213255, Final residual = 1.81866e-05, No Iterations 10
time step continuity errors : sum local = 2.06413e-07, global = -5.22958e-08, cumulative = 1.93818e-07
PIMPLE: iteration 3
DILUPBiCG:  Solving for Ux, Initial residual = 0.00360114, Final residual = 2.66474e-06, No Iterations 2
DILUPBiCG:  Solving for Uy, Initial residual = 0.000762451, Final residual = 4.87822e-06, No Iterations 1
DILUPBiCG:  Solving for Uz, Initial residual = 0.0050819, Final residual = 2.52054e-06, No Iterations 2
GAMG:  Solving for p, Initial residual = 0.0429788, Final residual = 0.000331936, No Iterations 5
GAMG:  Solving for p, Initial residual = 0.00980701, Final residual = 9.54706e-05, No Iterations 14
GAMG:  Solving for p, Initial residual = 0.00496315, Final residual = 4.943e-05, No Iterations 10
time step continuity errors : sum local = 6.292e-07, global = -1.63742e-07, cumulative = 3.00759e-08
GAMG:  Solving for p, Initial residual = 0.00246569, Final residual = 2.18709e-05, No Iterations 8
GAMG:  Solving for p, Initial residual = 0.00130137, Final residual = 1.01257e-05, No Iterations 5
GAMG:  Solving for p, Initial residual = 0.000528311, Final residual = 9.63092e-07, No Iterations 28
time step continuity errors : sum local = 1.21294e-08, global = 3.64527e-09, cumulative = 3.37211e-08
DILUPBiCG:  Solving for omega, Initial residual = 0.00124955, Final residual = 8.70891e-07, No Iterations 1
DILUPBiCG:  Solving for k, Initial residual = 0.00405469, Final residual = 6.24861e-07, No Iterations 2
bounding k, min: 0 max: 0.00075087 average: 0.000162476
ExecutionTime = 13.89 s  ClockTime = 14 s

End

