/*---------------------------------------------------------------------------*\
| =========                 |                                                 |
| \\      /  F ield         | OpenFOAM: The Open Source CFD Toolbox           |
|  \\    /   O peration     | Version:  2.3.1                                 |
|   \\  /    A nd           | Web:      www.OpenFOAM.org                      |
|    \\/     M anipulation  |                                                 |
\*---------------------------------------------------------------------------*/
Build  : 2.3.1-262087cdf8db
Exec   : pimpleDyMFoam
Date   : Jun 06 2023
Time   : 00:18:16
Host   : "jcosson-VirtualBox"
PID    : 30812
Case   : /home/jcosson/workspace/henersj_shootingdata/calcs/moderate_deformed/primal/100_intervals_05-06-23/sweep15/interval38
nProcs : 1
sigFpe : Enabling floating point exception trapping (FOAM_SIGFPE).
fileModificationChecking : Monitoring run-time modified files using timeStampMaster
allowSystemOperations : Allowing user-supplied system call operations

// * * * * * * * * * * * * * * * * * * * * * * * * * * * * * * * * * * * * * //
Create time

Create mesh for time = 0.437

Selecting dynamicFvMesh dynamicMotionSolverFvMesh
Selecting motion solver: displacementLaplacian
Selecting motion diffusion: quadratic
Selecting motion diffusion: quadratic
Selecting motion diffusion: inverseDistance

PIMPLE: no residual control data found. Calculations will employ 3 corrector loops

Reading field p

Reading field U

Reading/calculating face flux field phi

Selecting incompressible transport model Newtonian
Selecting turbulence model type RASModel
Selecting RAS turbulence model kOmegaSST
kOmegaSSTCoeffs
{
    alphaK1         0.85034;
    alphaK2         1;
    alphaOmega1     0.5;
    alphaOmega2     0.85616;
    gamma1          0.5532;
    gamma2          0.4403;
    beta1           0.075;
    beta2           0.0828;
    betaStar        0.09;
    a1              0.31;
    c1              10;
    Cmu             0.09;
    b1              1;
    F3              false;
}

Reading/calculating face velocity Uf

No finite volume options present

Courant Number mean: 0.250608 max: 0.551115

Starting time loop

Courant Number mean: 0.250608 max: 0.551115
Time = 0.438

GAMG:  Solving for cellDisplacementx, Initial residual = 0, Final residual = 0, No Iterations 0
GAMG:  Solving for cellDisplacementy, Initial residual = 0, Final residual = 0, No Iterations 0
GAMG:  Solving for cellDisplacementz, Initial residual = 0, Final residual = 0, No Iterations 0
PIMPLE: iteration 1
DILUPBiCG:  Solving for Ux, Initial residual = 0.0347556, Final residual = 0.000114506, No Iterations 1
DILUPBiCG:  Solving for Uy, Initial residual = 0.0054688, Final residual = 1.3819e-05, No Iterations 1
DILUPBiCG:  Solving for Uz, Initial residual = 0.0143134, Final residual = 2.448e-05, No Iterations 1
GAMG:  Solving for p, Initial residual = 0.11983, Final residual = 0.00105474, No Iterations 4
GAMG:  Solving for p, Initial residual = 0.0159226, Final residual = 0.000137637, No Iterations 18
GAMG:  Solving for p, Initial residual = 0.00705044, Final residual = 6.41571e-05, No Iterations 10
time step continuity errors : sum local = 7.28737e-07, global = -1.88938e-07, cumulative = -1.88938e-07
GAMG:  Solving for p, Initial residual = 0.0527602, Final residual = 0.000396488, No Iterations 4
GAMG:  Solving for p, Initial residual = 0.0078281, Final residual = 6.79753e-05, No Iterations 16
GAMG:  Solving for p, Initial residual = 0.00355948, Final residual = 3.37288e-05, No Iterations 10
time step continuity errors : sum local = 3.8334e-07, global = -1.00633e-07, cumulative = -2.89571e-07
PIMPLE: iteration 2
DILUPBiCG:  Solving for Ux, Initial residual = 0.00980904, Final residual = 3.84018e-05, No Iterations 1
DILUPBiCG:  Solving for Uy, Initial residual = 0.00157779, Final residual = 6.3881e-06, No Iterations 1
DILUPBiCG:  Solving for Uz, Initial residual = 0.00335151, Final residual = 8.95795e-06, No Iterations 1
GAMG:  Solving for p, Initial residual = 0.0528924, Final residual = 0.000528887, No Iterations 5
GAMG:  Solving for p, Initial residual = 0.0113963, Final residual = 0.000103755, No Iterations 13
GAMG:  Solving for p, Initial residual = 0.00437923, Final residual = 3.99774e-05, No Iterations 12
time step continuity errors : sum local = 3.84238e-07, global = 1.0969e-07, cumulative = -1.79881e-07
GAMG:  Solving for p, Initial residual = 0.0275955, Final residual = 0.000252128, No Iterations 4
GAMG:  Solving for p, Initial residual = 0.00540139, Final residual = 5.2774e-05, No Iterations 12
GAMG:  Solving for p, Initial residual = 0.00208663, Final residual = 1.98928e-05, No Iterations 12
time step continuity errors : sum local = 1.9264e-07, global = 5.5173e-08, cumulative = -1.24708e-07
PIMPLE: iteration 3
DILUPBiCG:  Solving for Ux, Initial residual = 0.00223225, Final residual = 8.52681e-07, No Iterations 2
DILUPBiCG:  Solving for Uy, Initial residual = 0.000363162, Final residual = 9.19729e-06, No Iterations 1
DILUPBiCG:  Solving for Uz, Initial residual = 0.0071574, Final residual = 2.15484e-06, No Iterations 2
GAMG:  Solving for p, Initial residual = 0.0442952, Final residual = 0.000369641, No Iterations 5
GAMG:  Solving for p, Initial residual = 0.011558, Final residual = 0.000105568, No Iterations 8
GAMG:  Solving for p, Initial residual = 0.00489968, Final residual = 4.70391e-05, No Iterations 10
time step continuity errors : sum local = 5.06307e-07, global = 1.30667e-07, cumulative = 5.95887e-09
GAMG:  Solving for p, Initial residual = 0.00298762, Final residual = 2.69127e-05, No Iterations 18
GAMG:  Solving for p, Initial residual = 0.00179526, Final residual = 1.3835e-05, No Iterations 4
GAMG:  Solving for p, Initial residual = 0.000625318, Final residual = 8.99752e-07, No Iterations 38
time step continuity errors : sum local = 9.6689e-09, global = -2.85514e-09, cumulative = 3.10373e-09
DILUPBiCG:  Solving for omega, Initial residual = 0.0011113, Final residual = 1.30414e-06, No Iterations 1
DILUPBiCG:  Solving for k, Initial residual = 0.00630356, Final residual = 1.4113e-06, No Iterations 2
ExecutionTime = 17.12 s  ClockTime = 17 s

End

