/*---------------------------------------------------------------------------*\
| =========                 |                                                 |
| \\      /  F ield         | OpenFOAM: The Open Source CFD Toolbox           |
|  \\    /   O peration     | Version:  2.3.1                                 |
|   \\  /    A nd           | Web:      www.OpenFOAM.org                      |
|    \\/     M anipulation  |                                                 |
\*---------------------------------------------------------------------------*/
Build  : 2.3.1-262087cdf8db
Exec   : pimpleDyMFoam
Date   : Jun 06 2023
Time   : 01:12:34
Host   : "jcosson-VirtualBox"
PID    : 25568
Case   : /home/jcosson/workspace/henersj_shootingdata/calcs/moderate_deformed/primal/100_intervals_05-06-23/sweep31/interval84
nProcs : 1
sigFpe : Enabling floating point exception trapping (FOAM_SIGFPE).
fileModificationChecking : Monitoring run-time modified files using timeStampMaster
allowSystemOperations : Allowing user-supplied system call operations

// * * * * * * * * * * * * * * * * * * * * * * * * * * * * * * * * * * * * * //
Create time

Create mesh for time = 0.483

Selecting dynamicFvMesh dynamicMotionSolverFvMesh
Selecting motion solver: displacementLaplacian
Selecting motion diffusion: quadratic
Selecting motion diffusion: quadratic
Selecting motion diffusion: inverseDistance

PIMPLE: no residual control data found. Calculations will employ 3 corrector loops

Reading field p

Reading field U

Reading/calculating face flux field phi

Selecting incompressible transport model Newtonian
Selecting turbulence model type RASModel
Selecting RAS turbulence model kOmegaSST
bounding k, min: 0 max: 0.000718846 average: 0.000160815
kOmegaSSTCoeffs
{
    alphaK1         0.85034;
    alphaK2         1;
    alphaOmega1     0.5;
    alphaOmega2     0.85616;
    gamma1          0.5532;
    gamma2          0.4403;
    beta1           0.075;
    beta2           0.0828;
    betaStar        0.09;
    a1              0.31;
    c1              10;
    Cmu             0.09;
    b1              1;
    F3              false;
}

Reading/calculating face velocity Uf

No finite volume options present

Courant Number mean: 0.145567 max: 0.328297

Starting time loop

Courant Number mean: 0.145567 max: 0.328297
Time = 0.484

GAMG:  Solving for cellDisplacementx, Initial residual = 0, Final residual = 0, No Iterations 0
GAMG:  Solving for cellDisplacementy, Initial residual = 0, Final residual = 0, No Iterations 0
GAMG:  Solving for cellDisplacementz, Initial residual = 0, Final residual = 0, No Iterations 0
PIMPLE: iteration 1
DILUPBiCG:  Solving for Ux, Initial residual = 0.0640271, Final residual = 0.000243219, No Iterations 1
DILUPBiCG:  Solving for Uy, Initial residual = 0.0119018, Final residual = 2.47213e-05, No Iterations 1
DILUPBiCG:  Solving for Uz, Initial residual = 0.0151819, Final residual = 1.66889e-05, No Iterations 1
GAMG:  Solving for p, Initial residual = 0.12101, Final residual = 0.000994487, No Iterations 4
GAMG:  Solving for p, Initial residual = 0.015842, Final residual = 0.00014456, No Iterations 18
GAMG:  Solving for p, Initial residual = 0.00739756, Final residual = 5.80001e-05, No Iterations 4
time step continuity errors : sum local = 8.22001e-07, global = 2.75638e-07, cumulative = 2.75638e-07
GAMG:  Solving for p, Initial residual = 0.0532649, Final residual = 0.000403427, No Iterations 4
GAMG:  Solving for p, Initial residual = 0.00786736, Final residual = 7.05711e-05, No Iterations 16
GAMG:  Solving for p, Initial residual = 0.00371391, Final residual = 3.06367e-05, No Iterations 4
time step continuity errors : sum local = 4.36002e-07, global = 1.45662e-07, cumulative = 4.213e-07
PIMPLE: iteration 2
DILUPBiCG:  Solving for Ux, Initial residual = 0.0171869, Final residual = 9.97312e-05, No Iterations 1
DILUPBiCG:  Solving for Uy, Initial residual = 0.00332602, Final residual = 6.86308e-06, No Iterations 1
DILUPBiCG:  Solving for Uz, Initial residual = 0.00272345, Final residual = 9.90688e-06, No Iterations 1
GAMG:  Solving for p, Initial residual = 0.0526936, Final residual = 0.000476418, No Iterations 4
GAMG:  Solving for p, Initial residual = 0.00982143, Final residual = 8.62481e-05, No Iterations 16
GAMG:  Solving for p, Initial residual = 0.00454994, Final residual = 3.965e-05, No Iterations 4
time step continuity errors : sum local = 4.87944e-07, global = -1.88953e-07, cumulative = 2.32347e-07
GAMG:  Solving for p, Initial residual = 0.0275231, Final residual = 0.000221881, No Iterations 4
GAMG:  Solving for p, Initial residual = 0.00515141, Final residual = 4.28575e-05, No Iterations 14
GAMG:  Solving for p, Initial residual = 0.00215557, Final residual = 1.68228e-05, No Iterations 4
time step continuity errors : sum local = 2.07703e-07, global = -7.63796e-08, cumulative = 1.55967e-07
PIMPLE: iteration 3
DILUPBiCG:  Solving for Ux, Initial residual = 0.00387026, Final residual = 2.74068e-06, No Iterations 2
DILUPBiCG:  Solving for Uy, Initial residual = 0.000783849, Final residual = 4.96403e-06, No Iterations 1
DILUPBiCG:  Solving for Uz, Initial residual = 0.00567693, Final residual = 2.0392e-06, No Iterations 2
GAMG:  Solving for p, Initial residual = 0.0424901, Final residual = 0.000336989, No Iterations 5
GAMG:  Solving for p, Initial residual = 0.00977387, Final residual = 8.8856e-05, No Iterations 14
GAMG:  Solving for p, Initial residual = 0.00484068, Final residual = 4.58247e-05, No Iterations 10
time step continuity errors : sum local = 6.33509e-07, global = -1.65954e-07, cumulative = -9.98651e-09
GAMG:  Solving for p, Initial residual = 0.00244463, Final residual = 2.20449e-05, No Iterations 6
GAMG:  Solving for p, Initial residual = 0.00127446, Final residual = 1.26518e-05, No Iterations 8
GAMG:  Solving for p, Initial residual = 0.000535865, Final residual = 8.84276e-07, No Iterations 32
time step continuity errors : sum local = 1.21099e-08, global = 3.59369e-09, cumulative = -6.39282e-09
DILUPBiCG:  Solving for omega, Initial residual = 0.00105883, Final residual = 7.94095e-07, No Iterations 1
DILUPBiCG:  Solving for k, Initial residual = 0.00393316, Final residual = 6.96229e-07, No Iterations 2
bounding k, min: 0 max: 0.000707649 average: 0.00015972
ExecutionTime = 17.27 s  ClockTime = 18 s

End

