/*---------------------------------------------------------------------------*\
| =========                 |                                                 |
| \\      /  F ield         | OpenFOAM: The Open Source CFD Toolbox           |
|  \\    /   O peration     | Version:  2.3.1                                 |
|   \\  /    A nd           | Web:      www.OpenFOAM.org                      |
|    \\/     M anipulation  |                                                 |
\*---------------------------------------------------------------------------*/
Build  : 2.3.1-262087cdf8db
Exec   : pimpleDyMFoam
Date   : Jun 06 2023
Time   : 01:11:59
Host   : "jcosson-VirtualBox"
PID    : 25506
Case   : /home/jcosson/workspace/henersj_shootingdata/calcs/moderate_deformed/primal/100_intervals_05-06-23/sweep31/interval53
nProcs : 1
sigFpe : Enabling floating point exception trapping (FOAM_SIGFPE).
fileModificationChecking : Monitoring run-time modified files using timeStampMaster
allowSystemOperations : Allowing user-supplied system call operations

// * * * * * * * * * * * * * * * * * * * * * * * * * * * * * * * * * * * * * //
Create time

Create mesh for time = 0.452

Selecting dynamicFvMesh dynamicMotionSolverFvMesh
Selecting motion solver: displacementLaplacian
Selecting motion diffusion: quadratic
Selecting motion diffusion: quadratic
Selecting motion diffusion: inverseDistance

PIMPLE: no residual control data found. Calculations will employ 3 corrector loops

Reading field p

Reading field U

Reading/calculating face flux field phi

Selecting incompressible transport model Newtonian
Selecting turbulence model type RASModel
Selecting RAS turbulence model kOmegaSST
kOmegaSSTCoeffs
{
    alphaK1         0.85034;
    alphaK2         1;
    alphaOmega1     0.5;
    alphaOmega2     0.85616;
    gamma1          0.5532;
    gamma2          0.4403;
    beta1           0.075;
    beta2           0.0828;
    betaStar        0.09;
    a1              0.31;
    c1              10;
    Cmu             0.09;
    b1              1;
    F3              false;
}

Reading/calculating face velocity Uf

No finite volume options present

Courant Number mean: 0.27919 max: 0.617544

Starting time loop

Courant Number mean: 0.27919 max: 0.617544
Time = 0.453

GAMG:  Solving for cellDisplacementx, Initial residual = 0, Final residual = 0, No Iterations 0
GAMG:  Solving for cellDisplacementy, Initial residual = 0, Final residual = 0, No Iterations 0
GAMG:  Solving for cellDisplacementz, Initial residual = 0, Final residual = 0, No Iterations 0
PIMPLE: iteration 1
DILUPBiCG:  Solving for Ux, Initial residual = 0.00377424, Final residual = 1.59819e-05, No Iterations 1
DILUPBiCG:  Solving for Uy, Initial residual = 0.00072281, Final residual = 5.11525e-06, No Iterations 1
DILUPBiCG:  Solving for Uz, Initial residual = 0.0144382, Final residual = 3.56924e-05, No Iterations 1
GAMG:  Solving for p, Initial residual = 0.259897, Final residual = 0.00193741, No Iterations 6
GAMG:  Solving for p, Initial residual = 0.0395409, Final residual = 0.00034407, No Iterations 14
GAMG:  Solving for p, Initial residual = 0.015408, Final residual = 0.000131684, No Iterations 12
time step continuity errors : sum local = 4.15119e-07, global = 1.23595e-07, cumulative = 1.23595e-07
GAMG:  Solving for p, Initial residual = 0.101635, Final residual = 0.000901406, No Iterations 4
GAMG:  Solving for p, Initial residual = 0.0201073, Final residual = 0.000181027, No Iterations 12
GAMG:  Solving for p, Initial residual = 0.00804123, Final residual = 6.72005e-05, No Iterations 12
time step continuity errors : sum local = 2.1101e-07, global = 6.27023e-08, cumulative = 1.86297e-07
PIMPLE: iteration 2
DILUPBiCG:  Solving for Ux, Initial residual = 0.00164052, Final residual = 1.41408e-05, No Iterations 1
DILUPBiCG:  Solving for Uy, Initial residual = 0.000298706, Final residual = 2.26966e-06, No Iterations 1
DILUPBiCG:  Solving for Uz, Initial residual = 0.0045265, Final residual = 1.34868e-05, No Iterations 1
GAMG:  Solving for p, Initial residual = 0.105204, Final residual = 0.000665901, No Iterations 3
GAMG:  Solving for p, Initial residual = 0.01992, Final residual = 0.000159855, No Iterations 7
GAMG:  Solving for p, Initial residual = 0.00798528, Final residual = 7.49386e-05, No Iterations 4
time step continuity errors : sum local = 2.11417e-07, global = 7.81431e-08, cumulative = 2.6444e-07
GAMG:  Solving for p, Initial residual = 0.0500252, Final residual = 0.000309389, No Iterations 3
GAMG:  Solving for p, Initial residual = 0.00979921, Final residual = 8.14049e-05, No Iterations 7
GAMG:  Solving for p, Initial residual = 0.00399595, Final residual = 3.18685e-05, No Iterations 10
time step continuity errors : sum local = 9.04792e-08, global = 2.30507e-08, cumulative = 2.87491e-07
PIMPLE: iteration 3
DILUPBiCG:  Solving for Ux, Initial residual = 0.000672683, Final residual = 1.28335e-07, No Iterations 2
DILUPBiCG:  Solving for Uy, Initial residual = 0.000120154, Final residual = 1.99482e-06, No Iterations 1
DILUPBiCG:  Solving for Uz, Initial residual = 0.00149218, Final residual = 7.34782e-07, No Iterations 2
GAMG:  Solving for p, Initial residual = 0.0792482, Final residual = 0.000352847, No Iterations 4
GAMG:  Solving for p, Initial residual = 0.0175616, Final residual = 0.000145616, No Iterations 4
GAMG:  Solving for p, Initial residual = 0.00796324, Final residual = 7.48852e-05, No Iterations 4
time step continuity errors : sum local = 2.18591e-07, global = -3.53364e-08, cumulative = 2.52154e-07
GAMG:  Solving for p, Initial residual = 0.00588846, Final residual = 3.49955e-05, No Iterations 5
GAMG:  Solving for p, Initial residual = 0.00308026, Final residual = 2.80009e-05, No Iterations 4
GAMG:  Solving for p, Initial residual = 0.00109463, Final residual = 9.25916e-07, No Iterations 34
time step continuity errors : sum local = 2.68654e-09, global = 8.04408e-10, cumulative = 2.52959e-07
DILUPBiCG:  Solving for omega, Initial residual = 0.000973327, Final residual = 1.40132e-06, No Iterations 1
DILUPBiCG:  Solving for k, Initial residual = 0.00482114, Final residual = 1.32731e-06, No Iterations 2
ExecutionTime = 15.55 s  ClockTime = 16 s

End

