/*---------------------------------------------------------------------------*\
| =========                 |                                                 |
| \\      /  F ield         | OpenFOAM: The Open Source CFD Toolbox           |
|  \\    /   O peration     | Version:  2.3.1                                 |
|   \\  /    A nd           | Web:      www.OpenFOAM.org                      |
|    \\/     M anipulation  |                                                 |
\*---------------------------------------------------------------------------*/
Build  : 2.3.1-262087cdf8db
Exec   : pimpleDyMFoam
Date   : Jun 06 2023
Time   : 01:12:51
Host   : "jcosson-VirtualBox"
PID    : 25587
Case   : /home/jcosson/workspace/henersj_shootingdata/calcs/moderate_deformed/primal/100_intervals_05-06-23/sweep31/interval93
nProcs : 1
sigFpe : Enabling floating point exception trapping (FOAM_SIGFPE).
fileModificationChecking : Monitoring run-time modified files using timeStampMaster
allowSystemOperations : Allowing user-supplied system call operations

// * * * * * * * * * * * * * * * * * * * * * * * * * * * * * * * * * * * * * //
Create time

Create mesh for time = 0.492

Selecting dynamicFvMesh dynamicMotionSolverFvMesh
Selecting motion solver: displacementLaplacian
Selecting motion diffusion: quadratic
Selecting motion diffusion: quadratic
Selecting motion diffusion: inverseDistance

PIMPLE: no residual control data found. Calculations will employ 3 corrector loops

Reading field p

Reading field U

Reading/calculating face flux field phi

Selecting incompressible transport model Newtonian
Selecting turbulence model type RASModel
Selecting RAS turbulence model kOmegaSST
bounding k, min: 0 max: 0.000633647 average: 0.000154002
kOmegaSSTCoeffs
{
    alphaK1         0.85034;
    alphaK2         1;
    alphaOmega1     0.5;
    alphaOmega2     0.85616;
    gamma1          0.5532;
    gamma2          0.4403;
    beta1           0.075;
    beta2           0.0828;
    betaStar        0.09;
    a1              0.31;
    c1              10;
    Cmu             0.09;
    b1              1;
    F3              false;
}

Reading/calculating face velocity Uf

No finite volume options present

Courant Number mean: 0.109738 max: 0.250124

Starting time loop

Courant Number mean: 0.109738 max: 0.250124
Time = 0.493

GAMG:  Solving for cellDisplacementx, Initial residual = 0, Final residual = 0, No Iterations 0
GAMG:  Solving for cellDisplacementy, Initial residual = 0, Final residual = 0, No Iterations 0
GAMG:  Solving for cellDisplacementz, Initial residual = 0, Final residual = 0, No Iterations 0
PIMPLE: iteration 1
DILUPBiCG:  Solving for Ux, Initial residual = 0.0443533, Final residual = 0.000162599, No Iterations 1
DILUPBiCG:  Solving for Uy, Initial residual = 0.00928847, Final residual = 1.84709e-05, No Iterations 1
DILUPBiCG:  Solving for Uz, Initial residual = 0.0149767, Final residual = 1.55453e-05, No Iterations 1
GAMG:  Solving for p, Initial residual = 0.111665, Final residual = 0.00052091, No Iterations 4
GAMG:  Solving for p, Initial residual = 0.0157597, Final residual = 0.00014241, No Iterations 16
GAMG:  Solving for p, Initial residual = 0.00798893, Final residual = 5.81792e-05, No Iterations 5
time step continuity errors : sum local = 4.97086e-07, global = 8.15845e-08, cumulative = 8.15845e-08
GAMG:  Solving for p, Initial residual = 0.0515374, Final residual = 0.000231632, No Iterations 4
GAMG:  Solving for p, Initial residual = 0.00765853, Final residual = 6.56329e-05, No Iterations 16
GAMG:  Solving for p, Initial residual = 0.0040475, Final residual = 3.14152e-05, No Iterations 5
time step continuity errors : sum local = 2.70372e-07, global = 5.01098e-08, cumulative = 1.31694e-07
PIMPLE: iteration 2
DILUPBiCG:  Solving for Ux, Initial residual = 0.0111031, Final residual = 6.34592e-05, No Iterations 1
DILUPBiCG:  Solving for Uy, Initial residual = 0.00237777, Final residual = 4.75565e-06, No Iterations 1
DILUPBiCG:  Solving for Uz, Initial residual = 0.002624, Final residual = 9.1941e-06, No Iterations 1
GAMG:  Solving for p, Initial residual = 0.0500246, Final residual = 0.000475293, No Iterations 5
GAMG:  Solving for p, Initial residual = 0.0124188, Final residual = 0.000123125, No Iterations 6
GAMG:  Solving for p, Initial residual = 0.00490838, Final residual = 4.68946e-05, No Iterations 5
time step continuity errors : sum local = 3.51163e-07, global = -1.00921e-07, cumulative = 3.07734e-08
GAMG:  Solving for p, Initial residual = 0.026828, Final residual = 0.000261698, No Iterations 4
GAMG:  Solving for p, Initial residual = 0.00676069, Final residual = 6.1792e-05, No Iterations 12
GAMG:  Solving for p, Initial residual = 0.00247619, Final residual = 2.46474e-05, No Iterations 11
time step continuity errors : sum local = 1.84796e-07, global = 8.25257e-08, cumulative = 1.13299e-07
PIMPLE: iteration 3
DILUPBiCG:  Solving for Ux, Initial residual = 0.00217376, Final residual = 3.01154e-06, No Iterations 2
DILUPBiCG:  Solving for Uy, Initial residual = 0.000504978, Final residual = 5.73661e-06, No Iterations 1
DILUPBiCG:  Solving for Uz, Initial residual = 0.00352488, Final residual = 1.35741e-06, No Iterations 2
GAMG:  Solving for p, Initial residual = 0.0488922, Final residual = 0.000364916, No Iterations 5
GAMG:  Solving for p, Initial residual = 0.0114086, Final residual = 0.000107551, No Iterations 14
GAMG:  Solving for p, Initial residual = 0.00600108, Final residual = 5.65666e-05, No Iterations 10
time step continuity errors : sum local = 4.72422e-07, global = -1.27018e-07, cumulative = -1.37191e-08
GAMG:  Solving for p, Initial residual = 0.00274429, Final residual = 2.13816e-05, No Iterations 8
GAMG:  Solving for p, Initial residual = 0.00140327, Final residual = 1.29218e-05, No Iterations 4
GAMG:  Solving for p, Initial residual = 0.000548458, Final residual = 9.79353e-07, No Iterations 21
time step continuity errors : sum local = 8.06914e-09, global = 2.45238e-09, cumulative = -1.12667e-08
DILUPBiCG:  Solving for omega, Initial residual = 0.00136946, Final residual = 7.38543e-07, No Iterations 1
DILUPBiCG:  Solving for k, Initial residual = 0.00360008, Final residual = 5.87889e-07, No Iterations 2
bounding k, min: 0 max: 0.000624716 average: 0.000153078
ExecutionTime = 14.13 s  ClockTime = 14 s

End

