/*---------------------------------------------------------------------------*\
| =========                 |                                                 |
| \\      /  F ield         | OpenFOAM: The Open Source CFD Toolbox           |
|  \\    /   O peration     | Version:  2.3.1                                 |
|   \\  /    A nd           | Web:      www.OpenFOAM.org                      |
|    \\/     M anipulation  |                                                 |
\*---------------------------------------------------------------------------*/
Build  : 2.3.1-262087cdf8db
Exec   : pimpleDyMFoam
Date   : Jun 06 2023
Time   : 01:12:52
Host   : "jcosson-VirtualBox"
PID    : 25597
Case   : /home/jcosson/workspace/henersj_shootingdata/calcs/moderate_deformed/primal/100_intervals_05-06-23/sweep31/interval98
nProcs : 1
sigFpe : Enabling floating point exception trapping (FOAM_SIGFPE).
fileModificationChecking : Monitoring run-time modified files using timeStampMaster
allowSystemOperations : Allowing user-supplied system call operations

// * * * * * * * * * * * * * * * * * * * * * * * * * * * * * * * * * * * * * //
Create time

Create mesh for time = 0.497

Selecting dynamicFvMesh dynamicMotionSolverFvMesh
Selecting motion solver: displacementLaplacian
Selecting motion diffusion: quadratic
Selecting motion diffusion: quadratic
Selecting motion diffusion: inverseDistance

PIMPLE: no residual control data found. Calculations will employ 3 corrector loops

Reading field p

Reading field U

Reading/calculating face flux field phi

Selecting incompressible transport model Newtonian
Selecting turbulence model type RASModel
Selecting RAS turbulence model kOmegaSST
bounding k, min: 0 max: 0.000612215 average: 0.000150706
kOmegaSSTCoeffs
{
    alphaK1         0.85034;
    alphaK2         1;
    alphaOmega1     0.5;
    alphaOmega2     0.85616;
    gamma1          0.5532;
    gamma2          0.4403;
    beta1           0.075;
    beta2           0.0828;
    betaStar        0.09;
    a1              0.31;
    c1              10;
    Cmu             0.09;
    b1              1;
    F3              false;
}

Reading/calculating face velocity Uf

No finite volume options present

Courant Number mean: 0.0999848 max: 0.227311

Starting time loop

Courant Number mean: 0.0999848 max: 0.227311
Time = 0.498

GAMG:  Solving for cellDisplacementx, Initial residual = 0, Final residual = 0, No Iterations 0
GAMG:  Solving for cellDisplacementy, Initial residual = 0, Final residual = 0, No Iterations 0
GAMG:  Solving for cellDisplacementz, Initial residual = 0, Final residual = 0, No Iterations 0
PIMPLE: iteration 1
DILUPBiCG:  Solving for Ux, Initial residual = 0.0203082, Final residual = 7.42832e-05, No Iterations 1
DILUPBiCG:  Solving for Uy, Initial residual = 0.00447078, Final residual = 8.90531e-06, No Iterations 1
DILUPBiCG:  Solving for Uz, Initial residual = 0.00996633, Final residual = 1.89658e-05, No Iterations 1
GAMG:  Solving for p, Initial residual = 0.0973752, Final residual = 0.000968997, No Iterations 3
GAMG:  Solving for p, Initial residual = 0.0147352, Final residual = 9.43594e-05, No Iterations 5
GAMG:  Solving for p, Initial residual = 0.00667389, Final residual = 4.10125e-05, No Iterations 4
time step continuity errors : sum local = 1.60543e-07, global = -2.07882e-08, cumulative = -2.07882e-08
GAMG:  Solving for p, Initial residual = 0.0483823, Final residual = 0.000177577, No Iterations 4
GAMG:  Solving for p, Initial residual = 0.00742508, Final residual = 6.56806e-05, No Iterations 6
GAMG:  Solving for p, Initial residual = 0.00305206, Final residual = 2.79268e-05, No Iterations 10
time step continuity errors : sum local = 1.09586e-07, global = -2.76033e-08, cumulative = -4.83915e-08
PIMPLE: iteration 2
DILUPBiCG:  Solving for Ux, Initial residual = 0.00451647, Final residual = 2.69436e-05, No Iterations 1
DILUPBiCG:  Solving for Uy, Initial residual = 0.00101768, Final residual = 2.19032e-06, No Iterations 1
DILUPBiCG:  Solving for Uz, Initial residual = 0.00314473, Final residual = 5.02126e-05, No Iterations 1
GAMG:  Solving for p, Initial residual = 0.0456207, Final residual = 0.000397486, No Iterations 6
GAMG:  Solving for p, Initial residual = 0.0222348, Final residual = 0.000209869, No Iterations 7
GAMG:  Solving for p, Initial residual = 0.00492424, Final residual = 4.55454e-05, No Iterations 19
time step continuity errors : sum local = 1.5485e-07, global = -4.3603e-08, cumulative = -9.19945e-08
GAMG:  Solving for p, Initial residual = 0.0243829, Final residual = 0.000186032, No Iterations 6
GAMG:  Solving for p, Initial residual = 0.0111184, Final residual = 0.000103269, No Iterations 6
GAMG:  Solving for p, Initial residual = 0.00230044, Final residual = 2.29248e-05, No Iterations 18
time step continuity errors : sum local = 7.78274e-08, global = -2.18716e-08, cumulative = -1.13866e-07
PIMPLE: iteration 3
DILUPBiCG:  Solving for Ux, Initial residual = 0.000567389, Final residual = 7.1939e-06, No Iterations 1
DILUPBiCG:  Solving for Uy, Initial residual = 0.000149891, Final residual = 1.64768e-06, No Iterations 1
DILUPBiCG:  Solving for Uz, Initial residual = 0.00178018, Final residual = 9.44511e-07, No Iterations 2
GAMG:  Solving for p, Initial residual = 0.0687476, Final residual = 0.000463467, No Iterations 5
GAMG:  Solving for p, Initial residual = 0.0137944, Final residual = 0.000126261, No Iterations 16
GAMG:  Solving for p, Initial residual = 0.00903732, Final residual = 7.84773e-05, No Iterations 8
time step continuity errors : sum local = 2.88488e-07, global = -6.94178e-08, cumulative = -1.83284e-07
GAMG:  Solving for p, Initial residual = 0.00322061, Final residual = 3.09413e-05, No Iterations 7
GAMG:  Solving for p, Initial residual = 0.00171039, Final residual = 1.50488e-05, No Iterations 5
GAMG:  Solving for p, Initial residual = 0.000619987, Final residual = 8.911e-07, No Iterations 31
time step continuity errors : sum local = 3.22505e-09, global = 9.75748e-10, cumulative = -1.82308e-07
DILUPBiCG:  Solving for omega, Initial residual = 0.00142114, Final residual = 7.01974e-07, No Iterations 1
DILUPBiCG:  Solving for k, Initial residual = 0.0034826, Final residual = 6.38339e-07, No Iterations 2
bounding k, min: 0 max: 0.00060087 average: 0.000149876
ExecutionTime = 13.17 s  ClockTime = 13 s

End

