/*---------------------------------------------------------------------------*\
| =========                 |                                                 |
| \\      /  F ield         | OpenFOAM: The Open Source CFD Toolbox           |
|  \\    /   O peration     | Version:  2.3.1                                 |
|   \\  /    A nd           | Web:      www.OpenFOAM.org                      |
|    \\/     M anipulation  |                                                 |
\*---------------------------------------------------------------------------*/
Build  : 2.3.1-262087cdf8db
Exec   : pimpleDyMFoam
Date   : Jun 06 2023
Time   : 01:12:51
Host   : "jcosson-VirtualBox"
PID    : 25585
Case   : /home/jcosson/workspace/henersj_shootingdata/calcs/moderate_deformed/primal/100_intervals_05-06-23/sweep31/interval92
nProcs : 1
sigFpe : Enabling floating point exception trapping (FOAM_SIGFPE).
fileModificationChecking : Monitoring run-time modified files using timeStampMaster
allowSystemOperations : Allowing user-supplied system call operations

// * * * * * * * * * * * * * * * * * * * * * * * * * * * * * * * * * * * * * //
Create time

Create mesh for time = 0.491

Selecting dynamicFvMesh dynamicMotionSolverFvMesh
Selecting motion solver: displacementLaplacian
Selecting motion diffusion: quadratic
Selecting motion diffusion: quadratic
Selecting motion diffusion: inverseDistance

PIMPLE: no residual control data found. Calculations will employ 3 corrector loops

Reading field p

Reading field U

Reading/calculating face flux field phi

Selecting incompressible transport model Newtonian
Selecting turbulence model type RASModel
Selecting RAS turbulence model kOmegaSST
bounding k, min: 0 max: 0.000635179 average: 0.0001547
kOmegaSSTCoeffs
{
    alphaK1         0.85034;
    alphaK2         1;
    alphaOmega1     0.5;
    alphaOmega2     0.85616;
    gamma1          0.5532;
    gamma2          0.4403;
    beta1           0.075;
    beta2           0.0828;
    betaStar        0.09;
    a1              0.31;
    c1              10;
    Cmu             0.09;
    b1              1;
    F3              false;
}

Reading/calculating face velocity Uf

No finite volume options present

Courant Number mean: 0.112653 max: 0.256696

Starting time loop

Courant Number mean: 0.112653 max: 0.256696
Time = 0.492

GAMG:  Solving for cellDisplacementx, Initial residual = 0, Final residual = 0, No Iterations 0
GAMG:  Solving for cellDisplacementy, Initial residual = 0, Final residual = 0, No Iterations 0
GAMG:  Solving for cellDisplacementz, Initial residual = 0, Final residual = 0, No Iterations 0
PIMPLE: iteration 1
DILUPBiCG:  Solving for Ux, Initial residual = 0.0481581, Final residual = 0.000176826, No Iterations 1
DILUPBiCG:  Solving for Uy, Initial residual = 0.00995933, Final residual = 1.98579e-05, No Iterations 1
DILUPBiCG:  Solving for Uz, Initial residual = 0.0157265, Final residual = 1.52937e-05, No Iterations 1
GAMG:  Solving for p, Initial residual = 0.112943, Final residual = 0.000562668, No Iterations 4
GAMG:  Solving for p, Initial residual = 0.0159014, Final residual = 0.000148006, No Iterations 16
GAMG:  Solving for p, Initial residual = 0.00795145, Final residual = 5.89608e-05, No Iterations 5
time step continuity errors : sum local = 5.51728e-07, global = 1.91183e-08, cumulative = 1.91183e-08
GAMG:  Solving for p, Initial residual = 0.0517159, Final residual = 0.000233498, No Iterations 4
GAMG:  Solving for p, Initial residual = 0.00774769, Final residual = 6.70049e-05, No Iterations 16
GAMG:  Solving for p, Initial residual = 0.0040107, Final residual = 3.15171e-05, No Iterations 5
time step continuity errors : sum local = 2.97032e-07, global = 5.73878e-08, cumulative = 7.65061e-08
PIMPLE: iteration 2
DILUPBiCG:  Solving for Ux, Initial residual = 0.0121752, Final residual = 6.95407e-05, No Iterations 1
DILUPBiCG:  Solving for Uy, Initial residual = 0.0025808, Final residual = 5.16906e-06, No Iterations 1
DILUPBiCG:  Solving for Uz, Initial residual = 0.00257962, Final residual = 6.19548e-06, No Iterations 1
GAMG:  Solving for p, Initial residual = 0.0504139, Final residual = 0.000468459, No Iterations 5
GAMG:  Solving for p, Initial residual = 0.0118411, Final residual = 0.000106156, No Iterations 6
GAMG:  Solving for p, Initial residual = 0.00493278, Final residual = 2.96476e-05, No Iterations 5
time step continuity errors : sum local = 2.42805e-07, global = -4.59442e-08, cumulative = 3.05618e-08
GAMG:  Solving for p, Initial residual = 0.0269744, Final residual = 0.00025149, No Iterations 4
GAMG:  Solving for p, Initial residual = 0.00637739, Final residual = 5.99747e-05, No Iterations 12
GAMG:  Solving for p, Initial residual = 0.00244991, Final residual = 2.17244e-05, No Iterations 10
time step continuity errors : sum local = 1.78362e-07, global = -4.53452e-08, cumulative = -1.47834e-08
PIMPLE: iteration 3
DILUPBiCG:  Solving for Ux, Initial residual = 0.00244957, Final residual = 2.55315e-06, No Iterations 2
DILUPBiCG:  Solving for Uy, Initial residual = 0.000561872, Final residual = 5.17156e-06, No Iterations 1
DILUPBiCG:  Solving for Uz, Initial residual = 0.00384143, Final residual = 1.30447e-06, No Iterations 2
GAMG:  Solving for p, Initial residual = 0.0477069, Final residual = 0.000358667, No Iterations 5
GAMG:  Solving for p, Initial residual = 0.0111378, Final residual = 0.000105052, No Iterations 14
GAMG:  Solving for p, Initial residual = 0.00580519, Final residual = 5.52866e-05, No Iterations 10
time step continuity errors : sum local = 5.06423e-07, global = -1.35568e-07, cumulative = -1.50352e-07
GAMG:  Solving for p, Initial residual = 0.00269072, Final residual = 2.5046e-05, No Iterations 7
GAMG:  Solving for p, Initial residual = 0.00138428, Final residual = 1.31517e-05, No Iterations 5
GAMG:  Solving for p, Initial residual = 0.000542293, Final residual = 9.65762e-07, No Iterations 27
time step continuity errors : sum local = 8.72956e-09, global = 2.62597e-09, cumulative = -1.47726e-07
DILUPBiCG:  Solving for omega, Initial residual = 0.00134743, Final residual = 7.47989e-07, No Iterations 1
DILUPBiCG:  Solving for k, Initial residual = 0.00362837, Final residual = 5.88774e-07, No Iterations 2
bounding k, min: 0 max: 0.00062664 average: 0.000153757
ExecutionTime = 13.97 s  ClockTime = 14 s

End

