/*---------------------------------------------------------------------------*\
| =========                 |                                                 |
| \\      /  F ield         | OpenFOAM: The Open Source CFD Toolbox           |
|  \\    /   O peration     | Version:  2.3.1                                 |
|   \\  /    A nd           | Web:      www.OpenFOAM.org                      |
|    \\/     M anipulation  |                                                 |
\*---------------------------------------------------------------------------*/
Build  : 2.3.1-262087cdf8db
Exec   : pimpleDyMFoam
Date   : Jun 06 2023
Time   : 02:33:00
Host   : "jcosson-VirtualBox"
PID    : 1849
Case   : /home/jcosson/workspace/henersj_shootingdata/calcs/moderate_deformed/primal/100_intervals_05-06-23/sweep65/interval99
nProcs : 1
sigFpe : Enabling floating point exception trapping (FOAM_SIGFPE).
fileModificationChecking : Monitoring run-time modified files using timeStampMaster
allowSystemOperations : Allowing user-supplied system call operations

// * * * * * * * * * * * * * * * * * * * * * * * * * * * * * * * * * * * * * //
Create time

Create mesh for time = 0.498

Selecting dynamicFvMesh dynamicMotionSolverFvMesh
Selecting motion solver: displacementLaplacian
Selecting motion diffusion: quadratic
Selecting motion diffusion: quadratic
Selecting motion diffusion: inverseDistance

PIMPLE: no residual control data found. Calculations will employ 3 corrector loops

Reading field p

Reading field U

Reading/calculating face flux field phi

Selecting incompressible transport model Newtonian
Selecting turbulence model type RASModel
Selecting RAS turbulence model kOmegaSST
bounding k, min: 0 max: 0.000504966 average: 0.000144539
kOmegaSSTCoeffs
{
    alphaK1         0.85034;
    alphaK2         1;
    alphaOmega1     0.5;
    alphaOmega2     0.85616;
    gamma1          0.5532;
    gamma2          0.4403;
    beta1           0.075;
    beta2           0.0828;
    betaStar        0.09;
    a1              0.31;
    c1              10;
    Cmu             0.09;
    b1              1;
    F3              false;
}

Reading/calculating face velocity Uf

No finite volume options present

Courant Number mean: 0.0993984 max: 0.221244

Starting time loop

Courant Number mean: 0.0993984 max: 0.221244
Time = 0.499

GAMG:  Solving for cellDisplacementx, Initial residual = 0, Final residual = 0, No Iterations 0
GAMG:  Solving for cellDisplacementy, Initial residual = 0, Final residual = 0, No Iterations 0
GAMG:  Solving for cellDisplacementz, Initial residual = 0, Final residual = 0, No Iterations 0
PIMPLE: iteration 1
DILUPBiCG:  Solving for Ux, Initial residual = 0.014721, Final residual = 5.73597e-05, No Iterations 1
DILUPBiCG:  Solving for Uy, Initial residual = 0.00328945, Final residual = 6.46074e-06, No Iterations 1
DILUPBiCG:  Solving for Uz, Initial residual = 0.00891699, Final residual = 1.64498e-05, No Iterations 1
GAMG:  Solving for p, Initial residual = 0.0924202, Final residual = 0.000598798, No Iterations 4
GAMG:  Solving for p, Initial residual = 0.0213151, Final residual = 0.000203109, No Iterations 8
GAMG:  Solving for p, Initial residual = 0.00689941, Final residual = 6.17735e-05, No Iterations 14
time step continuity errors : sum local = 1.80596e-07, global = -5.36312e-08, cumulative = -5.36312e-08
GAMG:  Solving for p, Initial residual = 0.0472943, Final residual = 0.000281008, No Iterations 4
GAMG:  Solving for p, Initial residual = 0.0106136, Final residual = 0.000100267, No Iterations 8
GAMG:  Solving for p, Initial residual = 0.00331332, Final residual = 3.0703e-05, No Iterations 14
time step continuity errors : sum local = 8.95504e-08, global = -2.64735e-08, cumulative = -8.01047e-08
PIMPLE: iteration 2
DILUPBiCG:  Solving for Ux, Initial residual = 0.00301698, Final residual = 2.20896e-05, No Iterations 1
DILUPBiCG:  Solving for Uy, Initial residual = 0.000694678, Final residual = 1.76996e-06, No Iterations 1
DILUPBiCG:  Solving for Uz, Initial residual = 0.00298373, Final residual = 0.000164113, No Iterations 1
GAMG:  Solving for p, Initial residual = 0.0446903, Final residual = 0.00035965, No Iterations 8
GAMG:  Solving for p, Initial residual = 0.0279032, Final residual = 0.000241807, No Iterations 5
GAMG:  Solving for p, Initial residual = 0.00488458, Final residual = 4.3066e-05, No Iterations 21
time step continuity errors : sum local = 1.09532e-07, global = -3.12189e-08, cumulative = -1.11324e-07
GAMG:  Solving for p, Initial residual = 0.0240613, Final residual = 0.000214478, No Iterations 6
GAMG:  Solving for p, Initial residual = 0.013189, Final residual = 0.000124807, No Iterations 6
GAMG:  Solving for p, Initial residual = 0.00245963, Final residual = 2.38791e-05, No Iterations 20
time step continuity errors : sum local = 6.08273e-08, global = -1.72308e-08, cumulative = -1.28554e-07
PIMPLE: iteration 3
DILUPBiCG:  Solving for Ux, Initial residual = 0.000226539, Final residual = 1.95035e-06, No Iterations 1
DILUPBiCG:  Solving for Uy, Initial residual = 7.88233e-05, Final residual = 4.6998e-07, No Iterations 1
DILUPBiCG:  Solving for Uz, Initial residual = 0.00140734, Final residual = 5.97163e-07, No Iterations 2
GAMG:  Solving for p, Initial residual = 0.084347, Final residual = 0.000774379, No Iterations 3
GAMG:  Solving for p, Initial residual = 0.013976, Final residual = 0.000127049, No Iterations 20
GAMG:  Solving for p, Initial residual = 0.0137019, Final residual = 0.000131875, No Iterations 4
time step continuity errors : sum local = 3.5439e-07, global = -5.84113e-08, cumulative = -1.86966e-07
GAMG:  Solving for p, Initial residual = 0.00368909, Final residual = 3.21526e-05, No Iterations 8
GAMG:  Solving for p, Initial residual = 0.00194941, Final residual = 1.885e-05, No Iterations 4
GAMG:  Solving for p, Initial residual = 0.000659006, Final residual = 9.98566e-07, No Iterations 27
time step continuity errors : sum local = 2.63576e-09, global = 9.17183e-10, cumulative = -1.86049e-07
DILUPBiCG:  Solving for omega, Initial residual = 0.00129652, Final residual = 6.64142e-07, No Iterations 1
DILUPBiCG:  Solving for k, Initial residual = 0.00306733, Final residual = 7.7354e-07, No Iterations 2
bounding k, min: 0 max: 0.00049785 average: 0.000143921
ExecutionTime = 8.16 s  ClockTime = 9 s

End

