/*---------------------------------------------------------------------------*\
| =========                 |                                                 |
| \\      /  F ield         | OpenFOAM: The Open Source CFD Toolbox           |
|  \\    /   O peration     | Version:  2.3.1                                 |
|   \\  /    A nd           | Web:      www.OpenFOAM.org                      |
|    \\/     M anipulation  |                                                 |
\*---------------------------------------------------------------------------*/
Build  : 2.3.1-262087cdf8db
Exec   : pimpleDyMFoam
Date   : Jun 06 2023
Time   : 03:02:02
Host   : "jcosson-VirtualBox"
PID    : 16670
Case   : /home/jcosson/workspace/henersj_shootingdata/calcs/moderate_deformed/primal/100_intervals_05-06-23/sweep87/interval88
nProcs : 1
sigFpe : Enabling floating point exception trapping (FOAM_SIGFPE).
fileModificationChecking : Monitoring run-time modified files using timeStampMaster
allowSystemOperations : Allowing user-supplied system call operations

// * * * * * * * * * * * * * * * * * * * * * * * * * * * * * * * * * * * * * //
Create time

Create mesh for time = 0.487

Selecting dynamicFvMesh dynamicMotionSolverFvMesh
Selecting motion solver: displacementLaplacian
Selecting motion diffusion: quadratic
Selecting motion diffusion: quadratic
Selecting motion diffusion: inverseDistance

PIMPLE: no residual control data found. Calculations will employ 3 corrector loops

Reading field p

Reading field U

Reading/calculating face flux field phi

Selecting incompressible transport model Newtonian
Selecting turbulence model type RASModel
Selecting RAS turbulence model kOmegaSST
bounding k, min: 0 max: 0.000608106 average: 0.00015042
kOmegaSSTCoeffs
{
    alphaK1         0.85034;
    alphaK2         1;
    alphaOmega1     0.5;
    alphaOmega2     0.85616;
    gamma1          0.5532;
    gamma2          0.4403;
    beta1           0.075;
    beta2           0.0828;
    betaStar        0.09;
    a1              0.31;
    c1              10;
    Cmu             0.09;
    b1              1;
    F3              false;
}

Reading/calculating face velocity Uf

No finite volume options present

Courant Number mean: 0.126833 max: 0.2751

Starting time loop

Courant Number mean: 0.126833 max: 0.2751
Time = 0.488

GAMG:  Solving for cellDisplacementx, Initial residual = 0, Final residual = 0, No Iterations 0
GAMG:  Solving for cellDisplacementy, Initial residual = 0, Final residual = 0, No Iterations 0
GAMG:  Solving for cellDisplacementz, Initial residual = 0, Final residual = 0, No Iterations 0
PIMPLE: iteration 1
DILUPBiCG:  Solving for Ux, Initial residual = 0.0596656, Final residual = 0.000235541, No Iterations 1
DILUPBiCG:  Solving for Uy, Initial residual = 0.0115725, Final residual = 2.4364e-05, No Iterations 1
DILUPBiCG:  Solving for Uz, Initial residual = 0.0108736, Final residual = 1.278e-05, No Iterations 1
GAMG:  Solving for p, Initial residual = 0.115129, Final residual = 0.000846874, No Iterations 4
GAMG:  Solving for p, Initial residual = 0.0147617, Final residual = 0.000126827, No Iterations 18
GAMG:  Solving for p, Initial residual = 0.00699251, Final residual = 5.6933e-05, No Iterations 10
time step continuity errors : sum local = 7.02057e-07, global = 1.8579e-07, cumulative = 1.8579e-07
GAMG:  Solving for p, Initial residual = 0.0514381, Final residual = 0.00034591, No Iterations 4
GAMG:  Solving for p, Initial residual = 0.00733688, Final residual = 6.33166e-05, No Iterations 16
GAMG:  Solving for p, Initial residual = 0.00350728, Final residual = 3.0454e-05, No Iterations 10
time step continuity errors : sum local = 3.77483e-07, global = 1.00571e-07, cumulative = 2.86361e-07
PIMPLE: iteration 2
DILUPBiCG:  Solving for Ux, Initial residual = 0.0156357, Final residual = 9.73119e-05, No Iterations 1
DILUPBiCG:  Solving for Uy, Initial residual = 0.00315065, Final residual = 6.59388e-06, No Iterations 1
DILUPBiCG:  Solving for Uz, Initial residual = 0.00286029, Final residual = 9.44534e-06, No Iterations 1
GAMG:  Solving for p, Initial residual = 0.0505692, Final residual = 0.000491123, No Iterations 4
GAMG:  Solving for p, Initial residual = 0.00985714, Final residual = 8.68047e-05, No Iterations 16
GAMG:  Solving for p, Initial residual = 0.00418871, Final residual = 3.59415e-05, No Iterations 10
time step continuity errors : sum local = 3.87345e-07, global = -9.73482e-08, cumulative = 1.89013e-07
GAMG:  Solving for p, Initial residual = 0.0264391, Final residual = 0.000226583, No Iterations 4
GAMG:  Solving for p, Initial residual = 0.00507417, Final residual = 4.32979e-05, No Iterations 14
GAMG:  Solving for p, Initial residual = 0.0019712, Final residual = 1.81351e-05, No Iterations 10
time step continuity errors : sum local = 1.96119e-07, global = -4.91243e-08, cumulative = 1.39888e-07
PIMPLE: iteration 3
DILUPBiCG:  Solving for Ux, Initial residual = 0.0033721, Final residual = 3.02986e-06, No Iterations 2
DILUPBiCG:  Solving for Uy, Initial residual = 0.000701384, Final residual = 4.99627e-06, No Iterations 1
DILUPBiCG:  Solving for Uz, Initial residual = 0.00530077, Final residual = 3.06265e-06, No Iterations 2
GAMG:  Solving for p, Initial residual = 0.0446598, Final residual = 0.000330434, No Iterations 5
GAMG:  Solving for p, Initial residual = 0.00997259, Final residual = 9.2671e-05, No Iterations 14
GAMG:  Solving for p, Initial residual = 0.00504439, Final residual = 4.91038e-05, No Iterations 10
time step continuity errors : sum local = 5.93619e-07, global = -1.56579e-07, cumulative = -1.66909e-08
GAMG:  Solving for p, Initial residual = 0.00245046, Final residual = 2.0117e-05, No Iterations 8
GAMG:  Solving for p, Initial residual = 0.00131834, Final residual = 9.97578e-06, No Iterations 5
GAMG:  Solving for p, Initial residual = 0.000542479, Final residual = 9.53153e-07, No Iterations 28
time step continuity errors : sum local = 1.13995e-08, global = 3.42649e-09, cumulative = -1.32644e-08
DILUPBiCG:  Solving for omega, Initial residual = 0.00109369, Final residual = 7.09307e-07, No Iterations 1
DILUPBiCG:  Solving for k, Initial residual = 0.00345944, Final residual = 6.87469e-07, No Iterations 2
bounding k, min: 0 max: 0.000596495 average: 0.000149567
ExecutionTime = 17.45 s  ClockTime = 18 s

End

