/*---------------------------------------------------------------------------*\
| =========                 |                                                 |
| \\      /  F ield         | OpenFOAM: The Open Source CFD Toolbox           |
|  \\    /   O peration     | Version:  2.3.1                                 |
|   \\  /    A nd           | Web:      www.OpenFOAM.org                      |
|    \\/     M anipulation  |                                                 |
\*---------------------------------------------------------------------------*/
Build  : 2.3.1-262087cdf8db
Exec   : pimpleDyMFoam
Date   : Jun 05 2023
Time   : 23:31:05
Host   : "jcosson-VirtualBox"
PID    : 7458
Case   : /home/jcosson/workspace/henersj_shootingdata/calcs/moderate_deformed/primal/100_intervals_05-06-23/sweep3/interval3
nProcs : 1
sigFpe : Enabling floating point exception trapping (FOAM_SIGFPE).
fileModificationChecking : Monitoring run-time modified files using timeStampMaster
allowSystemOperations : Allowing user-supplied system call operations

// * * * * * * * * * * * * * * * * * * * * * * * * * * * * * * * * * * * * * //
Create time

Create mesh for time = 0.402

Selecting dynamicFvMesh dynamicMotionSolverFvMesh
Selecting motion solver: displacementLaplacian
Selecting motion diffusion: quadratic
Selecting motion diffusion: quadratic
Selecting motion diffusion: inverseDistance

PIMPLE: no residual control data found. Calculations will employ 3 corrector loops

Reading field p

Reading field U

Reading/calculating face flux field phi

Selecting incompressible transport model Newtonian
Selecting turbulence model type RASModel
Selecting RAS turbulence model kOmegaSST
kOmegaSSTCoeffs
{
    alphaK1         0.85034;
    alphaK2         1;
    alphaOmega1     0.5;
    alphaOmega2     0.85616;
    gamma1          0.5532;
    gamma2          0.4403;
    beta1           0.075;
    beta2           0.0828;
    betaStar        0.09;
    a1              0.31;
    c1              10;
    Cmu             0.09;
    b1              1;
    F3              false;
}

Reading/calculating face velocity Uf

No finite volume options present

Courant Number mean: 0.0967292 max: 0.214646

Starting time loop

Courant Number mean: 0.0967292 max: 0.214646
Time = 0.403

GAMG:  Solving for cellDisplacementx, Initial residual = 0, Final residual = 0, No Iterations 0
GAMG:  Solving for cellDisplacementy, Initial residual = 0, Final residual = 0, No Iterations 0
GAMG:  Solving for cellDisplacementz, Initial residual = 0, Final residual = 0, No Iterations 0
PIMPLE: iteration 1
DILUPBiCG:  Solving for Ux, Initial residual = 0.00778289, Final residual = 3.19013e-05, No Iterations 1
DILUPBiCG:  Solving for Uy, Initial residual = 0.00251053, Final residual = 5.49094e-06, No Iterations 1
DILUPBiCG:  Solving for Uz, Initial residual = 0.0618081, Final residual = 0.000115134, No Iterations 1
GAMG:  Solving for p, Initial residual = 0.42258, Final residual = 0.00300549, No Iterations 4
GAMG:  Solving for p, Initial residual = 0.0560727, Final residual = 0.000540844, No Iterations 20
GAMG:  Solving for p, Initial residual = 0.0211226, Final residual = 0.000204562, No Iterations 8
time step continuity errors : sum local = 5.03653e-07, global = -1.07739e-07, cumulative = -1.07739e-07
GAMG:  Solving for p, Initial residual = 0.167523, Final residual = 0.0011326, No Iterations 4
GAMG:  Solving for p, Initial residual = 0.0346652, Final residual = 0.000296701, No Iterations 16
GAMG:  Solving for p, Initial residual = 0.0139687, Final residual = 0.000110969, No Iterations 4
time step continuity errors : sum local = 2.7274e-07, global = -1.08368e-07, cumulative = -2.16108e-07
PIMPLE: iteration 2
DILUPBiCG:  Solving for Ux, Initial residual = 0.00305739, Final residual = 3.04405e-05, No Iterations 1
DILUPBiCG:  Solving for Uy, Initial residual = 0.000790284, Final residual = 2.78184e-06, No Iterations 1
DILUPBiCG:  Solving for Uz, Initial residual = 0.0106118, Final residual = 2.69235e-05, No Iterations 1
GAMG:  Solving for p, Initial residual = 0.191135, Final residual = 0.000898221, No Iterations 4
GAMG:  Solving for p, Initial residual = 0.0417285, Final residual = 0.000384895, No Iterations 10
GAMG:  Solving for p, Initial residual = 0.0158411, Final residual = 0.000146275, No Iterations 4
time step continuity errors : sum local = 3.1744e-07, global = -1.1932e-07, cumulative = -3.35428e-07
GAMG:  Solving for p, Initial residual = 0.0871877, Final residual = 0.000492075, No Iterations 4
GAMG:  Solving for p, Initial residual = 0.024725, Final residual = 0.000199932, No Iterations 10
GAMG:  Solving for p, Initial residual = 0.00949862, Final residual = 7.71816e-05, No Iterations 4
time step continuity errors : sum local = 1.69266e-07, global = -6.00793e-08, cumulative = -3.95507e-07
PIMPLE: iteration 3
DILUPBiCG:  Solving for Ux, Initial residual = 0.00125748, Final residual = 2.69644e-06, No Iterations 2
DILUPBiCG:  Solving for Uy, Initial residual = 0.000310939, Final residual = 3.32708e-06, No Iterations 1
DILUPBiCG:  Solving for Uz, Initial residual = 0.00265644, Final residual = 8.79618e-07, No Iterations 2
GAMG:  Solving for p, Initial residual = 0.0997825, Final residual = 0.000867149, No Iterations 3
GAMG:  Solving for p, Initial residual = 0.0230054, Final residual = 0.000128963, No Iterations 4
GAMG:  Solving for p, Initial residual = 0.0099778, Final residual = 4.34571e-05, No Iterations 4
time step continuity errors : sum local = 1.0278e-07, global = 2.01335e-09, cumulative = -3.93494e-07
GAMG:  Solving for p, Initial residual = 0.00612381, Final residual = 4.51955e-05, No Iterations 4
GAMG:  Solving for p, Initial residual = 0.00306638, Final residual = 1.65403e-05, No Iterations 4
GAMG:  Solving for p, Initial residual = 0.00126745, Final residual = 8.04605e-07, No Iterations 7
time step continuity errors : sum local = 1.89538e-09, global = 3.37004e-10, cumulative = -3.93157e-07
DILUPBiCG:  Solving for omega, Initial residual = 0.00147312, Final residual = 9.18682e-07, No Iterations 1
DILUPBiCG:  Solving for k, Initial residual = 0.00370771, Final residual = 7.27966e-07, No Iterations 2
ExecutionTime = 13.92 s  ClockTime = 14 s

End

