/*---------------------------------------------------------------------------*\
| =========                 |                                                 |
| \\      /  F ield         | OpenFOAM: The Open Source CFD Toolbox           |
|  \\    /   O peration     | Version:  2.3.1                                 |
|   \\  /    A nd           | Web:      www.OpenFOAM.org                      |
|    \\/     M anipulation  |                                                 |
\*---------------------------------------------------------------------------*/
Build  : 2.3.1-262087cdf8db
Exec   : pimpleDyMFoam
Date   : Jun 05 2023
Time   : 23:44:06
Host   : "jcosson-VirtualBox"
PID    : 13641
Case   : /home/jcosson/workspace/henersj_shootingdata/calcs/moderate_deformed/primal/100_intervals_05-06-23/sweep6/interval57
nProcs : 1
sigFpe : Enabling floating point exception trapping (FOAM_SIGFPE).
fileModificationChecking : Monitoring run-time modified files using timeStampMaster
allowSystemOperations : Allowing user-supplied system call operations

// * * * * * * * * * * * * * * * * * * * * * * * * * * * * * * * * * * * * * //
Create time

Create mesh for time = 0.456

Selecting dynamicFvMesh dynamicMotionSolverFvMesh
Selecting motion solver: displacementLaplacian
Selecting motion diffusion: quadratic
Selecting motion diffusion: quadratic
Selecting motion diffusion: inverseDistance

PIMPLE: no residual control data found. Calculations will employ 3 corrector loops

Reading field p

Reading field U

Reading/calculating face flux field phi

Selecting incompressible transport model Newtonian
Selecting turbulence model type RASModel
Selecting RAS turbulence model kOmegaSST
kOmegaSSTCoeffs
{
    alphaK1         0.85034;
    alphaK2         1;
    alphaOmega1     0.5;
    alphaOmega2     0.85616;
    gamma1          0.5532;
    gamma2          0.4403;
    beta1           0.075;
    beta2           0.0828;
    betaStar        0.09;
    a1              0.31;
    c1              10;
    Cmu             0.09;
    b1              1;
    F3              false;
}

Reading/calculating face velocity Uf

No finite volume options present

Courant Number mean: 0.273237 max: 0.614122

Starting time loop

Courant Number mean: 0.273237 max: 0.614122
Time = 0.457

GAMG:  Solving for cellDisplacementx, Initial residual = 0, Final residual = 0, No Iterations 0
GAMG:  Solving for cellDisplacementy, Initial residual = 0, Final residual = 0, No Iterations 0
GAMG:  Solving for cellDisplacementz, Initial residual = 0, Final residual = 0, No Iterations 0
PIMPLE: iteration 1
DILUPBiCG:  Solving for Ux, Initial residual = 0.0143342, Final residual = 5.39785e-05, No Iterations 1
DILUPBiCG:  Solving for Uy, Initial residual = 0.00229066, Final residual = 6.19586e-06, No Iterations 1
DILUPBiCG:  Solving for Uz, Initial residual = 0.0175191, Final residual = 5.08915e-05, No Iterations 1
GAMG:  Solving for p, Initial residual = 0.186741, Final residual = 0.00157635, No Iterations 6
GAMG:  Solving for p, Initial residual = 0.0255494, Final residual = 0.000241081, No Iterations 16
GAMG:  Solving for p, Initial residual = 0.0101864, Final residual = 9.32557e-05, No Iterations 12
time step continuity errors : sum local = 5.51976e-07, global = 1.66389e-07, cumulative = 1.66389e-07
GAMG:  Solving for p, Initial residual = 0.073997, Final residual = 0.000492334, No Iterations 6
GAMG:  Solving for p, Initial residual = 0.0126268, Final residual = 0.000112359, No Iterations 14
GAMG:  Solving for p, Initial residual = 0.00525952, Final residual = 4.51923e-05, No Iterations 12
time step continuity errors : sum local = 2.66029e-07, global = 7.97994e-08, cumulative = 2.46188e-07
PIMPLE: iteration 2
DILUPBiCG:  Solving for Ux, Initial residual = 0.0048133, Final residual = 4.00029e-05, No Iterations 1
DILUPBiCG:  Solving for Uy, Initial residual = 0.000797397, Final residual = 3.30651e-06, No Iterations 1
DILUPBiCG:  Solving for Uz, Initial residual = 0.00434758, Final residual = 1.56124e-05, No Iterations 1
GAMG:  Solving for p, Initial residual = 0.0767925, Final residual = 0.000333286, No Iterations 4
GAMG:  Solving for p, Initial residual = 0.0134578, Final residual = 0.000129639, No Iterations 10
GAMG:  Solving for p, Initial residual = 0.00612651, Final residual = 5.63337e-05, No Iterations 8
time step continuity errors : sum local = 2.8461e-07, global = -1.01963e-07, cumulative = 1.44225e-07
GAMG:  Solving for p, Initial residual = 0.0380355, Final residual = 0.000314766, No Iterations 3
GAMG:  Solving for p, Initial residual = 0.00654829, Final residual = 5.1805e-05, No Iterations 6
GAMG:  Solving for p, Initial residual = 0.00302878, Final residual = 2.79035e-05, No Iterations 4
time step continuity errors : sum local = 1.41296e-07, global = 5.69692e-08, cumulative = 2.01194e-07
PIMPLE: iteration 3
DILUPBiCG:  Solving for Ux, Initial residual = 0.00145339, Final residual = 1.0287e-06, No Iterations 2
DILUPBiCG:  Solving for Uy, Initial residual = 0.000239641, Final residual = 5.19209e-06, No Iterations 1
DILUPBiCG:  Solving for Uz, Initial residual = 0.00402184, Final residual = 1.13059e-06, No Iterations 2
GAMG:  Solving for p, Initial residual = 0.04975, Final residual = 0.000354308, No Iterations 5
GAMG:  Solving for p, Initial residual = 0.0119943, Final residual = 7.07426e-05, No Iterations 5
GAMG:  Solving for p, Initial residual = 0.00520572, Final residual = 5.06803e-05, No Iterations 4
time step continuity errors : sum local = 2.80272e-07, global = -7.23088e-08, cumulative = 1.28885e-07
GAMG:  Solving for p, Initial residual = 0.00378548, Final residual = 2.44831e-05, No Iterations 6
GAMG:  Solving for p, Initial residual = 0.00203157, Final residual = 1.75029e-05, No Iterations 5
GAMG:  Solving for p, Initial residual = 0.000767938, Final residual = 9.8332e-07, No Iterations 32
time step continuity errors : sum local = 5.42749e-09, global = 1.60249e-09, cumulative = 1.30488e-07
DILUPBiCG:  Solving for omega, Initial residual = 0.00140325, Final residual = 2.15652e-06, No Iterations 1
DILUPBiCG:  Solving for k, Initial residual = 0.00503418, Final residual = 1.11849e-06, No Iterations 2
ExecutionTime = 15.74 s  ClockTime = 16 s

End

