/*---------------------------------------------------------------------------*\
| =========                 |                                                 |
| \\      /  F ield         | OpenFOAM: The Open Source CFD Toolbox           |
|  \\    /   O peration     | Version:  2.3.1                                 |
|   \\  /    A nd           | Web:      www.OpenFOAM.org                      |
|    \\/     M anipulation  |                                                 |
\*---------------------------------------------------------------------------*/
Build  : 2.3.1-262087cdf8db
Exec   : pimpleDyMFoam
Date   : Jun 05 2023
Time   : 23:44:55
Host   : "jcosson-VirtualBox"
PID    : 13722
Case   : /home/jcosson/workspace/henersj_shootingdata/calcs/moderate_deformed/primal/100_intervals_05-06-23/sweep6/interval97
nProcs : 1
sigFpe : Enabling floating point exception trapping (FOAM_SIGFPE).
fileModificationChecking : Monitoring run-time modified files using timeStampMaster
allowSystemOperations : Allowing user-supplied system call operations

// * * * * * * * * * * * * * * * * * * * * * * * * * * * * * * * * * * * * * //
Create time

Create mesh for time = 0.496

Selecting dynamicFvMesh dynamicMotionSolverFvMesh
Selecting motion solver: displacementLaplacian
Selecting motion diffusion: quadratic
Selecting motion diffusion: quadratic
Selecting motion diffusion: inverseDistance

PIMPLE: no residual control data found. Calculations will employ 3 corrector loops

Reading field p

Reading field U

Reading/calculating face flux field phi

Selecting incompressible transport model Newtonian
Selecting turbulence model type RASModel
Selecting RAS turbulence model kOmegaSST
bounding k, min: 0 max: 0.000676078 average: 0.00015533
kOmegaSSTCoeffs
{
    alphaK1         0.85034;
    alphaK2         1;
    alphaOmega1     0.5;
    alphaOmega2     0.85616;
    gamma1          0.5532;
    gamma2          0.4403;
    beta1           0.075;
    beta2           0.0828;
    betaStar        0.09;
    a1              0.31;
    c1              10;
    Cmu             0.09;
    b1              1;
    F3              false;
}

Reading/calculating face velocity Uf

No finite volume options present

Courant Number mean: 0.100253 max: 0.219127

Starting time loop

Courant Number mean: 0.100253 max: 0.219127
Time = 0.497

GAMG:  Solving for cellDisplacementx, Initial residual = 0, Final residual = 0, No Iterations 0
GAMG:  Solving for cellDisplacementy, Initial residual = 0, Final residual = 0, No Iterations 0
GAMG:  Solving for cellDisplacementz, Initial residual = 0, Final residual = 0, No Iterations 0
PIMPLE: iteration 1
DILUPBiCG:  Solving for Ux, Initial residual = 0.0254755, Final residual = 9.40841e-05, No Iterations 1
DILUPBiCG:  Solving for Uy, Initial residual = 0.00563342, Final residual = 1.17547e-05, No Iterations 1
DILUPBiCG:  Solving for Uz, Initial residual = 0.0163984, Final residual = 2.6886e-05, No Iterations 1
GAMG:  Solving for p, Initial residual = 0.120499, Final residual = 0.00058331, No Iterations 4
GAMG:  Solving for p, Initial residual = 0.0220329, Final residual = 0.000114534, No Iterations 5
GAMG:  Solving for p, Initial residual = 0.0106526, Final residual = 6.40689e-05, No Iterations 5
time step continuity errors : sum local = 2.60662e-07, global = 7.78784e-08, cumulative = 7.78784e-08
GAMG:  Solving for p, Initial residual = 0.0576058, Final residual = 0.000560988, No Iterations 3
GAMG:  Solving for p, Initial residual = 0.0110305, Final residual = 7.55951e-05, No Iterations 5
GAMG:  Solving for p, Initial residual = 0.0054924, Final residual = 5.33657e-05, No Iterations 5
time step continuity errors : sum local = 2.18761e-07, global = 3.93041e-08, cumulative = 1.17182e-07
PIMPLE: iteration 2
DILUPBiCG:  Solving for Ux, Initial residual = 0.00602396, Final residual = 3.5047e-05, No Iterations 1
DILUPBiCG:  Solving for Uy, Initial residual = 0.00129719, Final residual = 2.77596e-06, No Iterations 1
DILUPBiCG:  Solving for Uz, Initial residual = 0.00331215, Final residual = 1.30776e-05, No Iterations 1
GAMG:  Solving for p, Initial residual = 0.0575989, Final residual = 0.000448411, No Iterations 6
GAMG:  Solving for p, Initial residual = 0.0185775, Final residual = 0.000166108, No Iterations 12
GAMG:  Solving for p, Initial residual = 0.00740053, Final residual = 7.23503e-05, No Iterations 6
time step continuity errors : sum local = 2.56099e-07, global = -6.04146e-08, cumulative = 5.67679e-08
GAMG:  Solving for p, Initial residual = 0.0318164, Final residual = 0.000205208, No Iterations 6
GAMG:  Solving for p, Initial residual = 0.0100143, Final residual = 9.15585e-05, No Iterations 10
GAMG:  Solving for p, Initial residual = 0.00366055, Final residual = 3.38647e-05, No Iterations 10
time step continuity errors : sum local = 1.20363e-07, global = -3.02754e-08, cumulative = 2.64926e-08
PIMPLE: iteration 3
DILUPBiCG:  Solving for Ux, Initial residual = 0.00100337, Final residual = 1.11552e-06, No Iterations 2
DILUPBiCG:  Solving for Uy, Initial residual = 0.000230835, Final residual = 4.24227e-07, No Iterations 2
DILUPBiCG:  Solving for Uz, Initial residual = 0.00473443, Final residual = 1.70658e-06, No Iterations 2
GAMG:  Solving for p, Initial residual = 0.0517636, Final residual = 0.00043266, No Iterations 5
GAMG:  Solving for p, Initial residual = 0.0127248, Final residual = 0.000120302, No Iterations 14
GAMG:  Solving for p, Initial residual = 0.00596021, Final residual = 5.8811e-05, No Iterations 10
time step continuity errors : sum local = 2.34518e-07, global = -6.0155e-08, cumulative = -3.36624e-08
GAMG:  Solving for p, Initial residual = 0.00285474, Final residual = 2.61683e-05, No Iterations 12
GAMG:  Solving for p, Initial residual = 0.00165659, Final residual = 1.05085e-05, No Iterations 5
GAMG:  Solving for p, Initial residual = 0.00063115, Final residual = 9.92961e-07, No Iterations 28
time step continuity errors : sum local = 3.92271e-09, global = 1.18699e-09, cumulative = -3.24754e-08
DILUPBiCG:  Solving for omega, Initial residual = 0.0013978, Final residual = 8.73442e-07, No Iterations 1
DILUPBiCG:  Solving for k, Initial residual = 0.00397722, Final residual = 6.55087e-07, No Iterations 2
bounding k, min: 0 max: 0.000664325 average: 0.000154464
ExecutionTime = 8.57 s  ClockTime = 9 s

End

