/*---------------------------------------------------------------------------*\
| =========                 |                                                 |
| \\      /  F ield         | OpenFOAM: The Open Source CFD Toolbox           |
|  \\    /   O peration     | Version:  2.3.1                                 |
|   \\  /    A nd           | Web:      www.OpenFOAM.org                      |
|    \\/     M anipulation  |                                                 |
\*---------------------------------------------------------------------------*/
Build  : 2.3.1-262087cdf8db
Exec   : pimpleDyMFoam
Date   : Jun 05 2023
Time   : 23:43:30
Host   : "jcosson-VirtualBox"
PID    : 13568
Case   : /home/jcosson/workspace/henersj_shootingdata/calcs/moderate_deformed/primal/100_intervals_05-06-23/sweep6/interval21
nProcs : 1
sigFpe : Enabling floating point exception trapping (FOAM_SIGFPE).
fileModificationChecking : Monitoring run-time modified files using timeStampMaster
allowSystemOperations : Allowing user-supplied system call operations

// * * * * * * * * * * * * * * * * * * * * * * * * * * * * * * * * * * * * * //
Create time

Create mesh for time = 0.42

Selecting dynamicFvMesh dynamicMotionSolverFvMesh
Selecting motion solver: displacementLaplacian
Selecting motion diffusion: quadratic
Selecting motion diffusion: quadratic
Selecting motion diffusion: inverseDistance

PIMPLE: no residual control data found. Calculations will employ 3 corrector loops

Reading field p

Reading field U

Reading/calculating face flux field phi

Selecting incompressible transport model Newtonian
Selecting turbulence model type RASModel
Selecting RAS turbulence model kOmegaSST
kOmegaSSTCoeffs
{
    alphaK1         0.85034;
    alphaK2         1;
    alphaOmega1     0.5;
    alphaOmega2     0.85616;
    gamma1          0.5532;
    gamma2          0.4403;
    beta1           0.075;
    beta2           0.0828;
    betaStar        0.09;
    a1              0.31;
    c1              10;
    Cmu             0.09;
    b1              1;
    F3              false;
}

Reading/calculating face velocity Uf

No finite volume options present

Courant Number mean: 0.159187 max: 0.344455

Starting time loop

Courant Number mean: 0.159187 max: 0.344455
Time = 0.421

GAMG:  Solving for cellDisplacementx, Initial residual = 0, Final residual = 0, No Iterations 0
GAMG:  Solving for cellDisplacementy, Initial residual = 0, Final residual = 0, No Iterations 0
GAMG:  Solving for cellDisplacementz, Initial residual = 0, Final residual = 0, No Iterations 0
PIMPLE: iteration 1
DILUPBiCG:  Solving for Ux, Initial residual = 0.0634642, Final residual = 0.000224333, No Iterations 1
DILUPBiCG:  Solving for Uy, Initial residual = 0.0110585, Final residual = 2.093e-05, No Iterations 1
DILUPBiCG:  Solving for Uz, Initial residual = 0.0308468, Final residual = 4.18288e-05, No Iterations 1
GAMG:  Solving for p, Initial residual = 0.140867, Final residual = 0.000969917, No Iterations 6
GAMG:  Solving for p, Initial residual = 0.0171089, Final residual = 0.000157798, No Iterations 16
GAMG:  Solving for p, Initial residual = 0.00741682, Final residual = 6.29728e-05, No Iterations 10
time step continuity errors : sum local = 8.70422e-07, global = -2.26521e-07, cumulative = -2.26521e-07
GAMG:  Solving for p, Initial residual = 0.0596343, Final residual = 0.000556233, No Iterations 4
GAMG:  Solving for p, Initial residual = 0.00860204, Final residual = 7.8042e-05, No Iterations 16
GAMG:  Solving for p, Initial residual = 0.00388402, Final residual = 3.34758e-05, No Iterations 10
time step continuity errors : sum local = 4.63185e-07, global = -1.21225e-07, cumulative = -3.47745e-07
PIMPLE: iteration 2
DILUPBiCG:  Solving for Ux, Initial residual = 0.0176156, Final residual = 9.27312e-05, No Iterations 1
DILUPBiCG:  Solving for Uy, Initial residual = 0.00306361, Final residual = 7.31737e-06, No Iterations 1
DILUPBiCG:  Solving for Uz, Initial residual = 0.00531806, Final residual = 2.27123e-05, No Iterations 1
GAMG:  Solving for p, Initial residual = 0.0614891, Final residual = 0.000446849, No Iterations 4
GAMG:  Solving for p, Initial residual = 0.00997058, Final residual = 9.52665e-05, No Iterations 14
GAMG:  Solving for p, Initial residual = 0.00457481, Final residual = 4.50834e-05, No Iterations 8
time step continuity errors : sum local = 5.31347e-07, global = 1.18401e-07, cumulative = -2.29344e-07
GAMG:  Solving for p, Initial residual = 0.0314878, Final residual = 0.000201162, No Iterations 4
GAMG:  Solving for p, Initial residual = 0.00505507, Final residual = 4.78949e-05, No Iterations 12
GAMG:  Solving for p, Initial residual = 0.00225771, Final residual = 1.87187e-05, No Iterations 10
time step continuity errors : sum local = 2.21466e-07, global = 5.50688e-08, cumulative = -1.74275e-07
PIMPLE: iteration 3
DILUPBiCG:  Solving for Ux, Initial residual = 0.00426031, Final residual = 1.50882e-06, No Iterations 2
DILUPBiCG:  Solving for Uy, Initial residual = 0.00076393, Final residual = 7.66821e-06, No Iterations 1
DILUPBiCG:  Solving for Uz, Initial residual = 0.00720619, Final residual = 2.46849e-06, No Iterations 2
GAMG:  Solving for p, Initial residual = 0.0376553, Final residual = 0.000349538, No Iterations 5
GAMG:  Solving for p, Initial residual = 0.00803986, Final residual = 7.46155e-05, No Iterations 17
GAMG:  Solving for p, Initial residual = 0.00389924, Final residual = 3.70493e-05, No Iterations 8
time step continuity errors : sum local = 4.94586e-07, global = 1.04546e-07, cumulative = -6.97291e-08
GAMG:  Solving for p, Initial residual = 0.00212176, Final residual = 1.97653e-05, No Iterations 16
GAMG:  Solving for p, Initial residual = 0.00116866, Final residual = 9.88606e-06, No Iterations 4
GAMG:  Solving for p, Initial residual = 0.000467735, Final residual = 9.66878e-07, No Iterations 26
time step continuity errors : sum local = 1.28387e-08, global = -3.75959e-09, cumulative = -7.34887e-08
DILUPBiCG:  Solving for omega, Initial residual = 0.00102495, Final residual = 1.0002e-06, No Iterations 1
DILUPBiCG:  Solving for k, Initial residual = 0.00426264, Final residual = 1.22685e-06, No Iterations 2
ExecutionTime = 16.06 s  ClockTime = 16 s

End

