/*---------------------------------------------------------------------------*\
| =========                 |                                                 |
| \\      /  F ield         | OpenFOAM: The Open Source CFD Toolbox           |
|  \\    /   O peration     | Version:  2.3.1                                 |
|   \\  /    A nd           | Web:      www.OpenFOAM.org                      |
|    \\/     M anipulation  |                                                 |
\*---------------------------------------------------------------------------*/
Build  : 2.3.1-262087cdf8db
Exec   : pimpleDyMFoam
Date   : Jun 05 2023
Time   : 23:44:56
Host   : "jcosson-VirtualBox"
PID    : 13728
Case   : /home/jcosson/workspace/henersj_shootingdata/calcs/moderate_deformed/primal/100_intervals_05-06-23/sweep6/interval100
nProcs : 1
sigFpe : Enabling floating point exception trapping (FOAM_SIGFPE).
fileModificationChecking : Monitoring run-time modified files using timeStampMaster
allowSystemOperations : Allowing user-supplied system call operations

// * * * * * * * * * * * * * * * * * * * * * * * * * * * * * * * * * * * * * //
Create time

Create mesh for time = 0.499

Selecting dynamicFvMesh dynamicMotionSolverFvMesh
Selecting motion solver: displacementLaplacian
Selecting motion diffusion: quadratic
Selecting motion diffusion: quadratic
Selecting motion diffusion: inverseDistance

PIMPLE: no residual control data found. Calculations will employ 3 corrector loops

Reading field p

Reading field U

Reading/calculating face flux field phi

Selecting incompressible transport model Newtonian
Selecting turbulence model type RASModel
Selecting RAS turbulence model kOmegaSST
kOmegaSSTCoeffs
{
    alphaK1         0.85034;
    alphaK2         1;
    alphaOmega1     0.5;
    alphaOmega2     0.85616;
    gamma1          0.5532;
    gamma2          0.4403;
    beta1           0.075;
    beta2           0.0828;
    betaStar        0.09;
    a1              0.31;
    c1              10;
    Cmu             0.09;
    b1              1;
    F3              false;
}

Reading/calculating face velocity Uf

No finite volume options present

Courant Number mean: 0.097535 max: 0.21316

Starting time loop

Courant Number mean: 0.097535 max: 0.21316
Time = 0.5

GAMG:  Solving for cellDisplacementx, Initial residual = 0, Final residual = 0, No Iterations 0
GAMG:  Solving for cellDisplacementy, Initial residual = 0, Final residual = 0, No Iterations 0
GAMG:  Solving for cellDisplacementz, Initial residual = 0, Final residual = 0, No Iterations 0
PIMPLE: iteration 1
DILUPBiCG:  Solving for Ux, Initial residual = 0.00919686, Final residual = 3.4183e-05, No Iterations 1
DILUPBiCG:  Solving for Uy, Initial residual = 0.00205492, Final residual = 4.47338e-06, No Iterations 1
DILUPBiCG:  Solving for Uz, Initial residual = 0.00845342, Final residual = 1.36512e-05, No Iterations 1
GAMG:  Solving for p, Initial residual = 0.0962091, Final residual = 0.0008986, No Iterations 7
GAMG:  Solving for p, Initial residual = 0.0525705, Final residual = 0.000519335, No Iterations 6
GAMG:  Solving for p, Initial residual = 0.0131848, Final residual = 0.000121367, No Iterations 20
time step continuity errors : sum local = 1.50095e-07, global = -4.35623e-08, cumulative = -4.35623e-08
GAMG:  Solving for p, Initial residual = 0.0580888, Final residual = 0.000541848, No Iterations 6
GAMG:  Solving for p, Initial residual = 0.0275139, Final residual = 0.000184004, No Iterations 5
GAMG:  Solving for p, Initial residual = 0.00737263, Final residual = 7.22172e-05, No Iterations 12
time step continuity errors : sum local = 8.81812e-08, global = -2.47513e-08, cumulative = -6.83136e-08
PIMPLE: iteration 2
DILUPBiCG:  Solving for Ux, Initial residual = 0.00155764, Final residual = 3.87867e-05, No Iterations 1
DILUPBiCG:  Solving for Uy, Initial residual = 0.00034432, Final residual = 3.01184e-06, No Iterations 1
DILUPBiCG:  Solving for Uz, Initial residual = 0.00280377, Final residual = 1.15956e-05, No Iterations 1
GAMG:  Solving for p, Initial residual = 0.0614672, Final residual = 0.000582824, No Iterations 11
GAMG:  Solving for p, Initial residual = 0.0435211, Final residual = 0.000423841, No Iterations 8
GAMG:  Solving for p, Initial residual = 0.0103214, Final residual = 8.78391e-05, No Iterations 20
time step continuity errors : sum local = 9.2494e-08, global = -2.67726e-08, cumulative = -9.50862e-08
GAMG:  Solving for p, Initial residual = 0.0375501, Final residual = 0.000328641, No Iterations 9
GAMG:  Solving for p, Initial residual = 0.0213826, Final residual = 0.000179326, No Iterations 10
GAMG:  Solving for p, Initial residual = 0.00542914, Final residual = 5.2452e-05, No Iterations 16
time step continuity errors : sum local = 5.50426e-08, global = -1.57961e-08, cumulative = -1.10882e-07
PIMPLE: iteration 3
DILUPBiCG:  Solving for Ux, Initial residual = 0.000166125, Final residual = 1.58218e-06, No Iterations 1
DILUPBiCG:  Solving for Uy, Initial residual = 7.39166e-05, Final residual = 2.65421e-06, No Iterations 1
DILUPBiCG:  Solving for Uz, Initial residual = 0.00172317, Final residual = 6.00736e-07, No Iterations 2
GAMG:  Solving for p, Initial residual = 0.0948551, Final residual = 0.000745036, No Iterations 7
GAMG:  Solving for p, Initial residual = 0.0235019, Final residual = 0.000221522, No Iterations 16
GAMG:  Solving for p, Initial residual = 0.0113654, Final residual = 9.40037e-05, No Iterations 12
time step continuity errors : sum local = 1.043e-07, global = -3.09055e-08, cumulative = -1.41788e-07
GAMG:  Solving for p, Initial residual = 0.00527027, Final residual = 4.99402e-05, No Iterations 8
GAMG:  Solving for p, Initial residual = 0.00290583, Final residual = 2.06787e-05, No Iterations 5
GAMG:  Solving for p, Initial residual = 0.000940504, Final residual = 9.76435e-07, No Iterations 36
time step continuity errors : sum local = 1.06637e-09, global = 3.16563e-10, cumulative = -1.41471e-07
DILUPBiCG:  Solving for omega, Initial residual = 0.00137024, Final residual = 8.43522e-07, No Iterations 1
DILUPBiCG:  Solving for k, Initial residual = 0.0038843, Final residual = 7.01619e-07, No Iterations 2
ExecutionTime = 8.88 s  ClockTime = 9 s

End

