/*---------------------------------------------------------------------------*\
| =========                 |                                                 |
| \\      /  F ield         | OpenFOAM: The Open Source CFD Toolbox           |
|  \\    /   O peration     | Version:  2.3.1                                 |
|   \\  /    A nd           | Web:      www.OpenFOAM.org                      |
|    \\/     M anipulation  |                                                 |
\*---------------------------------------------------------------------------*/
Build  : 2.3.1-262087cdf8db
Exec   : pimpleDyMFoam
Date   : Jun 05 2023
Time   : 23:43:49
Host   : "jcosson-VirtualBox"
PID    : 13607
Case   : /home/jcosson/workspace/henersj_shootingdata/calcs/moderate_deformed/primal/100_intervals_05-06-23/sweep6/interval40
nProcs : 1
sigFpe : Enabling floating point exception trapping (FOAM_SIGFPE).
fileModificationChecking : Monitoring run-time modified files using timeStampMaster
allowSystemOperations : Allowing user-supplied system call operations

// * * * * * * * * * * * * * * * * * * * * * * * * * * * * * * * * * * * * * //
Create time

Create mesh for time = 0.439

Selecting dynamicFvMesh dynamicMotionSolverFvMesh
Selecting motion solver: displacementLaplacian
Selecting motion diffusion: quadratic
Selecting motion diffusion: quadratic
Selecting motion diffusion: inverseDistance

PIMPLE: no residual control data found. Calculations will employ 3 corrector loops

Reading field p

Reading field U

Reading/calculating face flux field phi

Selecting incompressible transport model Newtonian
Selecting turbulence model type RASModel
Selecting RAS turbulence model kOmegaSST
kOmegaSSTCoeffs
{
    alphaK1         0.85034;
    alphaK2         1;
    alphaOmega1     0.5;
    alphaOmega2     0.85616;
    gamma1          0.5532;
    gamma2          0.4403;
    beta1           0.075;
    beta2           0.0828;
    betaStar        0.09;
    a1              0.31;
    c1              10;
    Cmu             0.09;
    b1              1;
    F3              false;
}

Reading/calculating face velocity Uf

No finite volume options present

Courant Number mean: 0.258269 max: 0.575453

Starting time loop

Courant Number mean: 0.258269 max: 0.575453
Time = 0.44

GAMG:  Solving for cellDisplacementx, Initial residual = 0, Final residual = 0, No Iterations 0
GAMG:  Solving for cellDisplacementy, Initial residual = 0, Final residual = 0, No Iterations 0
GAMG:  Solving for cellDisplacementz, Initial residual = 0, Final residual = 0, No Iterations 0
PIMPLE: iteration 1
DILUPBiCG:  Solving for Ux, Initial residual = 0.0298916, Final residual = 0.000101631, No Iterations 1
DILUPBiCG:  Solving for Uy, Initial residual = 0.00469269, Final residual = 1.24015e-05, No Iterations 1
DILUPBiCG:  Solving for Uz, Initial residual = 0.0232547, Final residual = 4.49471e-05, No Iterations 1
GAMG:  Solving for p, Initial residual = 0.134424, Final residual = 0.000979835, No Iterations 4
GAMG:  Solving for p, Initial residual = 0.0185289, Final residual = 0.000167794, No Iterations 14
GAMG:  Solving for p, Initial residual = 0.00787526, Final residual = 7.07583e-05, No Iterations 10
time step continuity errors : sum local = 6.45625e-07, global = -1.65069e-07, cumulative = -1.65069e-07
GAMG:  Solving for p, Initial residual = 0.0593958, Final residual = 0.000371927, No Iterations 4
GAMG:  Solving for p, Initial residual = 0.00909235, Final residual = 8.08187e-05, No Iterations 12
GAMG:  Solving for p, Initial residual = 0.00394149, Final residual = 3.59817e-05, No Iterations 10
time step continuity errors : sum local = 3.28109e-07, global = -8.40135e-08, cumulative = -2.49083e-07
PIMPLE: iteration 2
DILUPBiCG:  Solving for Ux, Initial residual = 0.00833444, Final residual = 3.3466e-05, No Iterations 1
DILUPBiCG:  Solving for Uy, Initial residual = 0.00135421, Final residual = 6.23849e-06, No Iterations 1
DILUPBiCG:  Solving for Uz, Initial residual = 0.0042281, Final residual = 1.11665e-05, No Iterations 1
GAMG:  Solving for p, Initial residual = 0.0609118, Final residual = 0.000581476, No Iterations 5
GAMG:  Solving for p, Initial residual = 0.0128724, Final residual = 0.000118441, No Iterations 13
GAMG:  Solving for p, Initial residual = 0.00512963, Final residual = 4.76102e-05, No Iterations 12
time step continuity errors : sum local = 3.62844e-07, global = 1.05075e-07, cumulative = -1.44007e-07
GAMG:  Solving for p, Initial residual = 0.0320151, Final residual = 0.000296661, No Iterations 4
GAMG:  Solving for p, Initial residual = 0.00622441, Final residual = 5.24032e-05, No Iterations 14
GAMG:  Solving for p, Initial residual = 0.00252057, Final residual = 2.51677e-05, No Iterations 10
time step continuity errors : sum local = 1.93111e-07, global = 4.9555e-08, cumulative = -9.44522e-08
PIMPLE: iteration 3
DILUPBiCG:  Solving for Ux, Initial residual = 0.00181712, Final residual = 5.72065e-07, No Iterations 2
DILUPBiCG:  Solving for Uy, Initial residual = 0.000306464, Final residual = 1.53487e-08, No Iterations 2
DILUPBiCG:  Solving for Uz, Initial residual = 0.00539962, Final residual = 1.49232e-06, No Iterations 2
GAMG:  Solving for p, Initial residual = 0.0429246, Final residual = 0.000405843, No Iterations 5
GAMG:  Solving for p, Initial residual = 0.0113314, Final residual = 0.000102114, No Iterations 8
GAMG:  Solving for p, Initial residual = 0.00466353, Final residual = 3.86212e-05, No Iterations 10
time step continuity errors : sum local = 3.32362e-07, global = 8.39463e-08, cumulative = -1.05059e-08
GAMG:  Solving for p, Initial residual = 0.00318312, Final residual = 2.83835e-05, No Iterations 20
GAMG:  Solving for p, Initial residual = 0.00189505, Final residual = 1.5777e-05, No Iterations 4
GAMG:  Solving for p, Initial residual = 0.000654292, Final residual = 8.88365e-07, No Iterations 40
time step continuity errors : sum local = 7.65581e-09, global = -2.26966e-09, cumulative = -1.27755e-08
DILUPBiCG:  Solving for omega, Initial residual = 0.00148565, Final residual = 1.87448e-06, No Iterations 1
DILUPBiCG:  Solving for k, Initial residual = 0.00660839, Final residual = 1.48643e-06, No Iterations 2
ExecutionTime = 16.95 s  ClockTime = 17 s

End

