/*---------------------------------------------------------------------------*\
| =========                 |                                                 |
| \\      /  F ield         | OpenFOAM: The Open Source CFD Toolbox           |
|  \\    /   O peration     | Version:  2.3.1                                 |
|   \\  /    A nd           | Web:      www.OpenFOAM.org                      |
|    \\/     M anipulation  |                                                 |
\*---------------------------------------------------------------------------*/
Build  : 2.3.1-262087cdf8db
Exec   : pimpleDyMFoam
Date   : Jun 05 2023
Time   : 23:43:47
Host   : "jcosson-VirtualBox"
PID    : 13599
Case   : /home/jcosson/workspace/henersj_shootingdata/calcs/moderate_deformed/primal/100_intervals_05-06-23/sweep6/interval36
nProcs : 1
sigFpe : Enabling floating point exception trapping (FOAM_SIGFPE).
fileModificationChecking : Monitoring run-time modified files using timeStampMaster
allowSystemOperations : Allowing user-supplied system call operations

// * * * * * * * * * * * * * * * * * * * * * * * * * * * * * * * * * * * * * //
Create time

Create mesh for time = 0.435

Selecting dynamicFvMesh dynamicMotionSolverFvMesh
Selecting motion solver: displacementLaplacian
Selecting motion diffusion: quadratic
Selecting motion diffusion: quadratic
Selecting motion diffusion: inverseDistance

PIMPLE: no residual control data found. Calculations will employ 3 corrector loops

Reading field p

Reading field U

Reading/calculating face flux field phi

Selecting incompressible transport model Newtonian
Selecting turbulence model type RASModel
Selecting RAS turbulence model kOmegaSST
kOmegaSSTCoeffs
{
    alphaK1         0.85034;
    alphaK2         1;
    alphaOmega1     0.5;
    alphaOmega2     0.85616;
    gamma1          0.5532;
    gamma2          0.4403;
    beta1           0.075;
    beta2           0.0828;
    betaStar        0.09;
    a1              0.31;
    c1              10;
    Cmu             0.09;
    b1              1;
    F3              false;
}

Reading/calculating face velocity Uf

No finite volume options present

Courant Number mean: 0.24147 max: 0.535193

Starting time loop

Courant Number mean: 0.24147 max: 0.535193
Time = 0.436

GAMG:  Solving for cellDisplacementx, Initial residual = 0, Final residual = 0, No Iterations 0
GAMG:  Solving for cellDisplacementy, Initial residual = 0, Final residual = 0, No Iterations 0
GAMG:  Solving for cellDisplacementz, Initial residual = 0, Final residual = 0, No Iterations 0
PIMPLE: iteration 1
DILUPBiCG:  Solving for Ux, Initial residual = 0.0396728, Final residual = 0.000132275, No Iterations 1
DILUPBiCG:  Solving for Uy, Initial residual = 0.00627337, Final residual = 1.5078e-05, No Iterations 1
DILUPBiCG:  Solving for Uz, Initial residual = 0.0263284, Final residual = 4.79285e-05, No Iterations 1
GAMG:  Solving for p, Initial residual = 0.132886, Final residual = 0.0011565, No Iterations 4
GAMG:  Solving for p, Initial residual = 0.0173726, Final residual = 0.000156412, No Iterations 16
GAMG:  Solving for p, Initial residual = 0.00747582, Final residual = 6.58978e-05, No Iterations 10
time step continuity errors : sum local = 7.5625e-07, global = -1.94105e-07, cumulative = -1.94105e-07
GAMG:  Solving for p, Initial residual = 0.0577934, Final residual = 0.000432069, No Iterations 4
GAMG:  Solving for p, Initial residual = 0.00855595, Final residual = 7.32986e-05, No Iterations 14
GAMG:  Solving for p, Initial residual = 0.00375283, Final residual = 3.39587e-05, No Iterations 10
time step continuity errors : sum local = 3.89057e-07, global = -1.0143e-07, cumulative = -2.95535e-07
PIMPLE: iteration 2
DILUPBiCG:  Solving for Ux, Initial residual = 0.0111352, Final residual = 4.54705e-05, No Iterations 1
DILUPBiCG:  Solving for Uy, Initial residual = 0.00181566, Final residual = 6.60809e-06, No Iterations 1
DILUPBiCG:  Solving for Uz, Initial residual = 0.00456204, Final residual = 1.35976e-05, No Iterations 1
GAMG:  Solving for p, Initial residual = 0.0592817, Final residual = 0.000559434, No Iterations 5
GAMG:  Solving for p, Initial residual = 0.0114783, Final residual = 0.000109935, No Iterations 13
GAMG:  Solving for p, Initial residual = 0.00471361, Final residual = 4.30596e-05, No Iterations 12
time step continuity errors : sum local = 4.12606e-07, global = 1.17927e-07, cumulative = -1.77608e-07
GAMG:  Solving for p, Initial residual = 0.0309326, Final residual = 0.000273779, No Iterations 4
GAMG:  Solving for p, Initial residual = 0.00559513, Final residual = 4.87745e-05, No Iterations 14
GAMG:  Solving for p, Initial residual = 0.00232103, Final residual = 2.30843e-05, No Iterations 10
time step continuity errors : sum local = 2.2257e-07, global = 5.63509e-08, cumulative = -1.21257e-07
PIMPLE: iteration 3
DILUPBiCG:  Solving for Ux, Initial residual = 0.00252505, Final residual = 8.98337e-07, No Iterations 2
DILUPBiCG:  Solving for Uy, Initial residual = 0.000425113, Final residual = 2.48719e-08, No Iterations 2
DILUPBiCG:  Solving for Uz, Initial residual = 0.00630068, Final residual = 2.0753e-06, No Iterations 2
GAMG:  Solving for p, Initial residual = 0.0404312, Final residual = 0.000351311, No Iterations 5
GAMG:  Solving for p, Initial residual = 0.0102722, Final residual = 9.44138e-05, No Iterations 7
GAMG:  Solving for p, Initial residual = 0.00429953, Final residual = 3.5471e-05, No Iterations 10
time step continuity errors : sum local = 3.84227e-07, global = 9.64322e-08, cumulative = -2.4825e-08
GAMG:  Solving for p, Initial residual = 0.00278295, Final residual = 2.59499e-05, No Iterations 20
GAMG:  Solving for p, Initial residual = 0.00166114, Final residual = 1.39158e-05, No Iterations 4
GAMG:  Solving for p, Initial residual = 0.000590475, Final residual = 9.17286e-07, No Iterations 38
time step continuity errors : sum local = 9.94561e-09, global = -2.93822e-09, cumulative = -2.77632e-08
DILUPBiCG:  Solving for omega, Initial residual = 0.00133357, Final residual = 1.57452e-06, No Iterations 1
DILUPBiCG:  Solving for k, Initial residual = 0.0063294, Final residual = 1.44299e-06, No Iterations 2
ExecutionTime = 12.47 s  ClockTime = 12 s

End

