/*---------------------------------------------------------------------------*\
| =========                 |                                                 |
| \\      /  F ield         | OpenFOAM: The Open Source CFD Toolbox           |
|  \\    /   O peration     | Version:  2.3.1                                 |
|   \\  /    A nd           | Web:      www.OpenFOAM.org                      |
|    \\/     M anipulation  |                                                 |
\*---------------------------------------------------------------------------*/
Build  : 2.3.1-262087cdf8db
Exec   : pimpleDyMFoam
Date   : Jun 05 2023
Time   : 23:22:47
Host   : "jcosson-VirtualBox"
PID    : 3001
Case   : /home/jcosson/workspace/henersj_shootingdata/calcs/moderate_deformed/primal/100_intervals_05-06-23/sweep1/interval41
nProcs : 1
sigFpe : Enabling floating point exception trapping (FOAM_SIGFPE).
fileModificationChecking : Monitoring run-time modified files using timeStampMaster
allowSystemOperations : Allowing user-supplied system call operations

// * * * * * * * * * * * * * * * * * * * * * * * * * * * * * * * * * * * * * //
Create time

Create mesh for time = 0.44

Selecting dynamicFvMesh dynamicMotionSolverFvMesh
Selecting motion solver: displacementLaplacian
Selecting motion diffusion: quadratic
Selecting motion diffusion: quadratic
Selecting motion diffusion: inverseDistance

PIMPLE: no residual control data found. Calculations will employ 3 corrector loops

Reading field p

Reading field U

Reading/calculating face flux field phi

Selecting incompressible transport model Newtonian
Selecting turbulence model type RASModel
Selecting RAS turbulence model kOmegaSST
kOmegaSSTCoeffs
{
    alphaK1         0.85034;
    alphaK2         1;
    alphaOmega1     0.5;
    alphaOmega2     0.85616;
    gamma1          0.5532;
    gamma2          0.4403;
    beta1           0.075;
    beta2           0.0828;
    betaStar        0.09;
    a1              0.31;
    c1              10;
    Cmu             0.09;
    b1              1;
    F3              false;
}

Reading/calculating face velocity Uf

No finite volume options present

Courant Number mean: 0.263314 max: 0.599235

Starting time loop

Courant Number mean: 0.263314 max: 0.599235
Time = 0.441

GAMG:  Solving for cellDisplacementx, Initial residual = 0, Final residual = 0, No Iterations 0
GAMG:  Solving for cellDisplacementy, Initial residual = 0, Final residual = 0, No Iterations 0
GAMG:  Solving for cellDisplacementz, Initial residual = 0, Final residual = 0, No Iterations 0
PIMPLE: iteration 1
DILUPBiCG:  Solving for Ux, Initial residual = 0.0277731, Final residual = 0.000101254, No Iterations 1
DILUPBiCG:  Solving for Uy, Initial residual = 0.00433385, Final residual = 1.37201e-05, No Iterations 1
DILUPBiCG:  Solving for Uz, Initial residual = 0.185732, Final residual = 0.000566947, No Iterations 1
GAMG:  Solving for p, Initial residual = 0.34797, Final residual = 0.00302269, No Iterations 15
GAMG:  Solving for p, Initial residual = 0.130233, Final residual = 0.00125783, No Iterations 5
GAMG:  Solving for p, Initial residual = 0.0442284, Final residual = 0.000402661, No Iterations 10
time step continuity errors : sum local = 2.5263e-06, global = -6.99093e-07, cumulative = -6.99093e-07
GAMG:  Solving for p, Initial residual = 0.170618, Final residual = 0.00165513, No Iterations 13
GAMG:  Solving for p, Initial residual = 0.0609604, Final residual = 0.00056544, No Iterations 6
GAMG:  Solving for p, Initial residual = 0.0211351, Final residual = 0.000183433, No Iterations 10
time step continuity errors : sum local = 1.17658e-06, global = 3.68986e-07, cumulative = -3.30108e-07
PIMPLE: iteration 2
DILUPBiCG:  Solving for Ux, Initial residual = 0.00608104, Final residual = 2.47282e-05, No Iterations 1
DILUPBiCG:  Solving for Uy, Initial residual = 0.00545105, Final residual = 2.38369e-05, No Iterations 1
DILUPBiCG:  Solving for Uz, Initial residual = 0.0369119, Final residual = 0.00011022, No Iterations 1
GAMG:  Solving for p, Initial residual = 0.159685, Final residual = 0.00147291, No Iterations 11
GAMG:  Solving for p, Initial residual = 0.0671656, Final residual = 0.00051931, No Iterations 8
GAMG:  Solving for p, Initial residual = 0.025362, Final residual = 0.000248652, No Iterations 6
time step continuity errors : sum local = 1.29917e-06, global = 2.31311e-07, cumulative = -9.87967e-08
GAMG:  Solving for p, Initial residual = 0.086037, Final residual = 0.000710626, No Iterations 11
GAMG:  Solving for p, Initial residual = 0.0323037, Final residual = 0.000285296, No Iterations 4
GAMG:  Solving for p, Initial residual = 0.0111067, Final residual = 0.000102161, No Iterations 8
time step continuity errors : sum local = 5.40309e-07, global = 1.16942e-07, cumulative = 1.81449e-08
PIMPLE: iteration 3
DILUPBiCG:  Solving for Ux, Initial residual = 0.0023193, Final residual = 6.77068e-07, No Iterations 2
DILUPBiCG:  Solving for Uy, Initial residual = 0.00342326, Final residual = 2.32282e-06, No Iterations 2
DILUPBiCG:  Solving for Uz, Initial residual = 0.0278163, Final residual = 5.02185e-06, No Iterations 2
GAMG:  Solving for p, Initial residual = 0.0600826, Final residual = 0.00048336, No Iterations 9
GAMG:  Solving for p, Initial residual = 0.0190136, Final residual = 0.000175845, No Iterations 10
GAMG:  Solving for p, Initial residual = 0.00602723, Final residual = 5.80053e-05, No Iterations 14
time step continuity errors : sum local = 3.48348e-07, global = 1.09953e-07, cumulative = 1.28098e-07
GAMG:  Solving for p, Initial residual = 0.00638935, Final residual = 5.83023e-05, No Iterations 9
GAMG:  Solving for p, Initial residual = 0.00473057, Final residual = 4.34165e-05, No Iterations 4
GAMG:  Solving for p, Initial residual = 0.00145195, Final residual = 9.90162e-07, No Iterations 34
time step continuity errors : sum local = 6.06806e-09, global = -1.81967e-09, cumulative = 1.26278e-07
DILUPBiCG:  Solving for omega, Initial residual = 0.00232875, Final residual = 3.00398e-06, No Iterations 1
DILUPBiCG:  Solving for k, Initial residual = 0.00704463, Final residual = 1.60956e-06, No Iterations 2
ExecutionTime = 17.79 s  ClockTime = 17 s

End

