/*---------------------------------------------------------------------------*\
| =========                 |                                                 |
| \\      /  F ield         | OpenFOAM: The Open Source CFD Toolbox           |
|  \\    /   O peration     | Version:  2.3.1                                 |
|   \\  /    A nd           | Web:      www.OpenFOAM.org                      |
|    \\/     M anipulation  |                                                 |
\*---------------------------------------------------------------------------*/
Build  : 2.3.1-262087cdf8db
Exec   : pimpleDyMFoam
Date   : Jun 05 2023
Time   : 23:22:27
Host   : "jcosson-VirtualBox"
PID    : 2911
Case   : /home/jcosson/workspace/henersj_shootingdata/calcs/moderate_deformed/primal/100_intervals_05-06-23/sweep1/interval17
nProcs : 1
sigFpe : Enabling floating point exception trapping (FOAM_SIGFPE).
fileModificationChecking : Monitoring run-time modified files using timeStampMaster
allowSystemOperations : Allowing user-supplied system call operations

// * * * * * * * * * * * * * * * * * * * * * * * * * * * * * * * * * * * * * //
Create time

Create mesh for time = 0.416

Selecting dynamicFvMesh dynamicMotionSolverFvMesh
Selecting motion solver: displacementLaplacian
Selecting motion diffusion: quadratic
Selecting motion diffusion: quadratic
Selecting motion diffusion: inverseDistance

PIMPLE: no residual control data found. Calculations will employ 3 corrector loops

Reading field p

Reading field U

Reading/calculating face flux field phi

Selecting incompressible transport model Newtonian
Selecting turbulence model type RASModel
Selecting RAS turbulence model kOmegaSST
kOmegaSSTCoeffs
{
    alphaK1         0.85034;
    alphaK2         1;
    alphaOmega1     0.5;
    alphaOmega2     0.85616;
    gamma1          0.5532;
    gamma2          0.4403;
    beta1           0.075;
    beta2           0.0828;
    betaStar        0.09;
    a1              0.31;
    c1              10;
    Cmu             0.09;
    b1              1;
    F3              false;
}

Reading/calculating face velocity Uf

No finite volume options present

Courant Number mean: 0.139412 max: 0.310898

Starting time loop

Courant Number mean: 0.139412 max: 0.310898
Time = 0.417

GAMG:  Solving for cellDisplacementx, Initial residual = 0, Final residual = 0, No Iterations 0
GAMG:  Solving for cellDisplacementy, Initial residual = 0, Final residual = 0, No Iterations 0
GAMG:  Solving for cellDisplacementz, Initial residual = 0, Final residual = 0, No Iterations 0
PIMPLE: iteration 1
DILUPBiCG:  Solving for Ux, Initial residual = 0.0610879, Final residual = 0.000230762, No Iterations 1
DILUPBiCG:  Solving for Uy, Initial residual = 0.0111709, Final residual = 2.43717e-05, No Iterations 1
DILUPBiCG:  Solving for Uz, Initial residual = 0.230626, Final residual = 0.000654306, No Iterations 1
GAMG:  Solving for p, Initial residual = 0.28773, Final residual = 0.00234467, No Iterations 11
GAMG:  Solving for p, Initial residual = 0.0622774, Final residual = 0.000531395, No Iterations 11
GAMG:  Solving for p, Initial residual = 0.0205776, Final residual = 0.000202713, No Iterations 13
time step continuity errors : sum local = 2.0609e-06, global = 8.8213e-07, cumulative = 8.8213e-07
GAMG:  Solving for p, Initial residual = 0.121624, Final residual = 0.00108824, No Iterations 9
GAMG:  Solving for p, Initial residual = 0.0299015, Final residual = 0.000251269, No Iterations 11
GAMG:  Solving for p, Initial residual = 0.0109375, Final residual = 9.88722e-05, No Iterations 10
time step continuity errors : sum local = 1.01389e-06, global = -2.63666e-07, cumulative = 6.18464e-07
PIMPLE: iteration 2
DILUPBiCG:  Solving for Ux, Initial residual = 0.0150593, Final residual = 9.33578e-05, No Iterations 1
DILUPBiCG:  Solving for Uy, Initial residual = 0.00656638, Final residual = 2.64431e-05, No Iterations 1
DILUPBiCG:  Solving for Uz, Initial residual = 0.0415261, Final residual = 0.000106004, No Iterations 1
GAMG:  Solving for p, Initial residual = 0.116613, Final residual = 0.00100016, No Iterations 6
GAMG:  Solving for p, Initial residual = 0.0325653, Final residual = 0.00031674, No Iterations 6
GAMG:  Solving for p, Initial residual = 0.0122312, Final residual = 0.000115774, No Iterations 10
time step continuity errors : sum local = 9.96024e-07, global = 2.42329e-07, cumulative = 8.60793e-07
GAMG:  Solving for p, Initial residual = 0.0595634, Final residual = 0.000519254, No Iterations 6
GAMG:  Solving for p, Initial residual = 0.0161931, Final residual = 0.000126231, No Iterations 8
GAMG:  Solving for p, Initial residual = 0.0060675, Final residual = 5.65971e-05, No Iterations 10
time step continuity errors : sum local = 4.86978e-07, global = 1.14478e-07, cumulative = 9.75271e-07
PIMPLE: iteration 3
DILUPBiCG:  Solving for Ux, Initial residual = 0.00253196, Final residual = 1.2471e-06, No Iterations 2
DILUPBiCG:  Solving for Uy, Initial residual = 0.00353949, Final residual = 1.95699e-06, No Iterations 2
DILUPBiCG:  Solving for Uz, Initial residual = 0.0207223, Final residual = 5.98641e-06, No Iterations 2
GAMG:  Solving for p, Initial residual = 0.0456391, Final residual = 0.000422194, No Iterations 8
GAMG:  Solving for p, Initial residual = 0.0110085, Final residual = 9.69528e-05, No Iterations 14
GAMG:  Solving for p, Initial residual = 0.00391075, Final residual = 3.73178e-05, No Iterations 14
time step continuity errors : sum local = 3.70764e-07, global = 1.13288e-07, cumulative = 1.08856e-06
GAMG:  Solving for p, Initial residual = 0.00314568, Final residual = 2.961e-05, No Iterations 13
GAMG:  Solving for p, Initial residual = 0.00224906, Final residual = 2.20399e-05, No Iterations 4
GAMG:  Solving for p, Initial residual = 0.000814739, Final residual = 9.44244e-07, No Iterations 34
time step continuity errors : sum local = 9.39995e-09, global = -2.80459e-09, cumulative = 1.08576e-06
DILUPBiCG:  Solving for omega, Initial residual = 0.00143739, Final residual = 1.24414e-06, No Iterations 1
DILUPBiCG:  Solving for k, Initial residual = 0.00399874, Final residual = 1.17668e-06, No Iterations 2
ExecutionTime = 18.32 s  ClockTime = 18 s

End

