/*---------------------------------------------------------------------------*\
| =========                 |                                                 |
| \\      /  F ield         | OpenFOAM: The Open Source CFD Toolbox           |
|  \\    /   O peration     | Version:  2.3.1                                 |
|   \\  /    A nd           | Web:      www.OpenFOAM.org                      |
|    \\/     M anipulation  |                                                 |
\*---------------------------------------------------------------------------*/
Build  : 2.3.1-262087cdf8db
Exec   : pimpleDyMFoam
Date   : Jun 05 2023
Time   : 23:22:46
Host   : "jcosson-VirtualBox"
PID    : 2991
Case   : /home/jcosson/workspace/henersj_shootingdata/calcs/moderate_deformed/primal/100_intervals_05-06-23/sweep1/interval36
nProcs : 1
sigFpe : Enabling floating point exception trapping (FOAM_SIGFPE).
fileModificationChecking : Monitoring run-time modified files using timeStampMaster
allowSystemOperations : Allowing user-supplied system call operations

// * * * * * * * * * * * * * * * * * * * * * * * * * * * * * * * * * * * * * //
Create time

Create mesh for time = 0.435

Selecting dynamicFvMesh dynamicMotionSolverFvMesh
Selecting motion solver: displacementLaplacian
Selecting motion diffusion: quadratic
Selecting motion diffusion: quadratic
Selecting motion diffusion: inverseDistance

PIMPLE: no residual control data found. Calculations will employ 3 corrector loops

Reading field p

Reading field U

Reading/calculating face flux field phi

Selecting incompressible transport model Newtonian
Selecting turbulence model type RASModel
Selecting RAS turbulence model kOmegaSST
kOmegaSSTCoeffs
{
    alphaK1         0.85034;
    alphaK2         1;
    alphaOmega1     0.5;
    alphaOmega2     0.85616;
    gamma1          0.5532;
    gamma2          0.4403;
    beta1           0.075;
    beta2           0.0828;
    betaStar        0.09;
    a1              0.31;
    c1              10;
    Cmu             0.09;
    b1              1;
    F3              false;
}

Reading/calculating face velocity Uf

No finite volume options present

Courant Number mean: 0.242865 max: 0.548485

Starting time loop

Courant Number mean: 0.242865 max: 0.548485
Time = 0.436

GAMG:  Solving for cellDisplacementx, Initial residual = 0, Final residual = 0, No Iterations 0
GAMG:  Solving for cellDisplacementy, Initial residual = 0, Final residual = 0, No Iterations 0
GAMG:  Solving for cellDisplacementz, Initial residual = 0, Final residual = 0, No Iterations 0
PIMPLE: iteration 1
DILUPBiCG:  Solving for Ux, Initial residual = 0.0395971, Final residual = 0.000141182, No Iterations 1
DILUPBiCG:  Solving for Uy, Initial residual = 0.00626911, Final residual = 1.76671e-05, No Iterations 1
DILUPBiCG:  Solving for Uz, Initial residual = 0.229764, Final residual = 0.000684476, No Iterations 1
GAMG:  Solving for p, Initial residual = 0.302204, Final residual = 0.00282798, No Iterations 14
GAMG:  Solving for p, Initial residual = 0.0933692, Final residual = 0.000725452, No Iterations 6
GAMG:  Solving for p, Initial residual = 0.0309245, Final residual = 0.000283161, No Iterations 10
time step continuity errors : sum local = 2.40281e-06, global = -6.3521e-07, cumulative = -6.3521e-07
GAMG:  Solving for p, Initial residual = 0.141213, Final residual = 0.00118987, No Iterations 13
GAMG:  Solving for p, Initial residual = 0.0446116, Final residual = 0.000420588, No Iterations 6
GAMG:  Solving for p, Initial residual = 0.0158314, Final residual = 0.000150507, No Iterations 10
time step continuity errors : sum local = 1.31197e-06, global = 4.33012e-07, cumulative = -2.02198e-07
PIMPLE: iteration 2
DILUPBiCG:  Solving for Ux, Initial residual = 0.0092344, Final residual = 3.7901e-05, No Iterations 1
DILUPBiCG:  Solving for Uy, Initial residual = 0.00584609, Final residual = 2.45151e-05, No Iterations 1
DILUPBiCG:  Solving for Uz, Initial residual = 0.0399932, Final residual = 0.000117275, No Iterations 1
GAMG:  Solving for p, Initial residual = 0.133234, Final residual = 0.00117573, No Iterations 9
GAMG:  Solving for p, Initial residual = 0.0505276, Final residual = 0.000455409, No Iterations 8
GAMG:  Solving for p, Initial residual = 0.0200652, Final residual = 0.000185031, No Iterations 10
time step continuity errors : sum local = 1.29718e-06, global = 3.06818e-07, cumulative = 1.0462e-07
GAMG:  Solving for p, Initial residual = 0.0717205, Final residual = 0.000674697, No Iterations 5
GAMG:  Solving for p, Initial residual = 0.0229523, Final residual = 0.000194673, No Iterations 10
GAMG:  Solving for p, Initial residual = 0.0094051, Final residual = 9.24985e-05, No Iterations 10
time step continuity errors : sum local = 6.54584e-07, global = 1.52097e-07, cumulative = 2.56717e-07
PIMPLE: iteration 3
DILUPBiCG:  Solving for Ux, Initial residual = 0.0022378, Final residual = 8.60161e-07, No Iterations 2
DILUPBiCG:  Solving for Uy, Initial residual = 0.00348941, Final residual = 2.30661e-06, No Iterations 2
DILUPBiCG:  Solving for Uz, Initial residual = 0.0282925, Final residual = 6.17716e-06, No Iterations 2
GAMG:  Solving for p, Initial residual = 0.0534851, Final residual = 0.000437104, No Iterations 8
GAMG:  Solving for p, Initial residual = 0.0144569, Final residual = 0.000127652, No Iterations 14
GAMG:  Solving for p, Initial residual = 0.00493832, Final residual = 4.84062e-05, No Iterations 14
time step continuity errors : sum local = 3.96403e-07, global = 1.17867e-07, cumulative = 3.74584e-07
GAMG:  Solving for p, Initial residual = 0.00480851, Final residual = 3.96704e-05, No Iterations 12
GAMG:  Solving for p, Initial residual = 0.00377458, Final residual = 3.65884e-05, No Iterations 4
GAMG:  Solving for p, Initial residual = 0.001168, Final residual = 9.98991e-07, No Iterations 38
time step continuity errors : sum local = 8.30288e-09, global = -2.44049e-09, cumulative = 3.72143e-07
DILUPBiCG:  Solving for omega, Initial residual = 0.00190528, Final residual = 2.25391e-06, No Iterations 1
DILUPBiCG:  Solving for k, Initial residual = 0.00669319, Final residual = 1.57995e-06, No Iterations 2
ExecutionTime = 18.39 s  ClockTime = 19 s

End

