/*---------------------------------------------------------------------------*\
| =========                 |                                                 |
| \\      /  F ield         | OpenFOAM: The Open Source CFD Toolbox           |
|  \\    /   O peration     | Version:  2.3.1                                 |
|   \\  /    A nd           | Web:      www.OpenFOAM.org                      |
|    \\/     M anipulation  |                                                 |
\*---------------------------------------------------------------------------*/
Build  : 2.3.1-262087cdf8db
Exec   : pimpleDyMFoam
Date   : Jun 05 2023
Time   : 23:23:40
Host   : "jcosson-VirtualBox"
PID    : 3460
Case   : /home/jcosson/workspace/henersj_shootingdata/calcs/moderate_deformed/primal/100_intervals_05-06-23/sweep1/interval83
nProcs : 1
sigFpe : Enabling floating point exception trapping (FOAM_SIGFPE).
fileModificationChecking : Monitoring run-time modified files using timeStampMaster
allowSystemOperations : Allowing user-supplied system call operations

// * * * * * * * * * * * * * * * * * * * * * * * * * * * * * * * * * * * * * //
Create time

Create mesh for time = 0.482

Selecting dynamicFvMesh dynamicMotionSolverFvMesh
Selecting motion solver: displacementLaplacian
Selecting motion diffusion: quadratic
Selecting motion diffusion: quadratic
Selecting motion diffusion: inverseDistance

PIMPLE: no residual control data found. Calculations will employ 3 corrector loops

Reading field p

Reading field U

Reading/calculating face flux field phi

Selecting incompressible transport model Newtonian
Selecting turbulence model type RASModel
Selecting RAS turbulence model kOmegaSST
kOmegaSSTCoeffs
{
    alphaK1         0.85034;
    alphaK2         1;
    alphaOmega1     0.5;
    alphaOmega2     0.85616;
    gamma1          0.5532;
    gamma2          0.4403;
    beta1           0.075;
    beta2           0.0828;
    betaStar        0.09;
    a1              0.31;
    c1              10;
    Cmu             0.09;
    b1              1;
    F3              false;
}

Reading/calculating face velocity Uf

No finite volume options present

Courant Number mean: 0.150908 max: 0.340337

Starting time loop

Courant Number mean: 0.150908 max: 0.340337
Time = 0.483

GAMG:  Solving for cellDisplacementx, Initial residual = 0, Final residual = 0, No Iterations 0
GAMG:  Solving for cellDisplacementy, Initial residual = 0, Final residual = 0, No Iterations 0
GAMG:  Solving for cellDisplacementz, Initial residual = 0, Final residual = 0, No Iterations 0
PIMPLE: iteration 1
DILUPBiCG:  Solving for Ux, Initial residual = 0.0646775, Final residual = 0.000275381, No Iterations 1
DILUPBiCG:  Solving for Uy, Initial residual = 0.0119575, Final residual = 3.17901e-05, No Iterations 1
DILUPBiCG:  Solving for Uz, Initial residual = 0.210028, Final residual = 0.000693495, No Iterations 1
GAMG:  Solving for p, Initial residual = 0.287985, Final residual = 0.00272925, No Iterations 8
GAMG:  Solving for p, Initial residual = 0.0492818, Final residual = 0.000404167, No Iterations 8
GAMG:  Solving for p, Initial residual = 0.0174615, Final residual = 0.000160695, No Iterations 10
time step continuity errors : sum local = 2.20323e-06, global = 5.09367e-07, cumulative = 5.09367e-07
GAMG:  Solving for p, Initial residual = 0.107888, Final residual = 0.000923566, No Iterations 8
GAMG:  Solving for p, Initial residual = 0.0215898, Final residual = 0.000193069, No Iterations 8
GAMG:  Solving for p, Initial residual = 0.00831397, Final residual = 7.82986e-05, No Iterations 10
time step continuity errors : sum local = 1.07591e-06, global = 2.52754e-07, cumulative = 7.62122e-07
PIMPLE: iteration 2
DILUPBiCG:  Solving for Ux, Initial residual = 0.0193574, Final residual = 0.000113748, No Iterations 1
DILUPBiCG:  Solving for Uy, Initial residual = 0.00374085, Final residual = 2.59738e-05, No Iterations 1
DILUPBiCG:  Solving for Uz, Initial residual = 0.0531233, Final residual = 0.000181547, No Iterations 1
GAMG:  Solving for p, Initial residual = 0.104803, Final residual = 0.000911012, No Iterations 5
GAMG:  Solving for p, Initial residual = 0.0238848, Final residual = 0.000232946, No Iterations 14
GAMG:  Solving for p, Initial residual = 0.0105006, Final residual = 8.71068e-05, No Iterations 10
time step continuity errors : sum local = 1.03575e-06, global = -3.54819e-07, cumulative = 4.07303e-07
GAMG:  Solving for p, Initial residual = 0.050013, Final residual = 0.000360957, No Iterations 5
GAMG:  Solving for p, Initial residual = 0.0114418, Final residual = 0.000105746, No Iterations 12
GAMG:  Solving for p, Initial residual = 0.00484558, Final residual = 4.61569e-05, No Iterations 9
time step continuity errors : sum local = 5.49903e-07, global = 1.98627e-07, cumulative = 6.05929e-07
PIMPLE: iteration 3
DILUPBiCG:  Solving for Ux, Initial residual = 0.00546772, Final residual = 3.08459e-06, No Iterations 2
DILUPBiCG:  Solving for Uy, Initial residual = 0.00238086, Final residual = 2.19684e-06, No Iterations 2
DILUPBiCG:  Solving for Uz, Initial residual = 0.0136424, Final residual = 5.08418e-06, No Iterations 2
GAMG:  Solving for p, Initial residual = 0.0375772, Final residual = 0.000147465, No Iterations 6
GAMG:  Solving for p, Initial residual = 0.00837191, Final residual = 6.13804e-05, No Iterations 5
GAMG:  Solving for p, Initial residual = 0.00297942, Final residual = 2.96848e-05, No Iterations 4
time step continuity errors : sum local = 3.98547e-07, global = -1.14299e-07, cumulative = 4.91631e-07
GAMG:  Solving for p, Initial residual = 0.00244809, Final residual = 2.18201e-05, No Iterations 10
GAMG:  Solving for p, Initial residual = 0.00139935, Final residual = 1.22984e-05, No Iterations 7
GAMG:  Solving for p, Initial residual = 0.000509202, Final residual = 8.90552e-07, No Iterations 30
time step continuity errors : sum local = 1.19895e-08, global = 3.60525e-09, cumulative = 4.95236e-07
DILUPBiCG:  Solving for omega, Initial residual = 0.0019635, Final residual = 1.98414e-06, No Iterations 1
DILUPBiCG:  Solving for k, Initial residual = 0.00493139, Final residual = 9.33502e-07, No Iterations 2
ExecutionTime = 16.56 s  ClockTime = 16 s

End

