/*---------------------------------------------------------------------------*\
| =========                 |                                                 |
| \\      /  F ield         | OpenFOAM: The Open Source CFD Toolbox           |
|  \\    /   O peration     | Version:  2.3.1                                 |
|   \\  /    A nd           | Web:      www.OpenFOAM.org                      |
|    \\/     M anipulation  |                                                 |
\*---------------------------------------------------------------------------*/
Build  : 2.3.1-262087cdf8db
Exec   : pimpleDyMFoam
Date   : Jun 05 2023
Time   : 23:23:56
Host   : "jcosson-VirtualBox"
PID    : 3488
Case   : /home/jcosson/workspace/henersj_shootingdata/calcs/moderate_deformed/primal/100_intervals_05-06-23/sweep1/interval92
nProcs : 1
sigFpe : Enabling floating point exception trapping (FOAM_SIGFPE).
fileModificationChecking : Monitoring run-time modified files using timeStampMaster
allowSystemOperations : Allowing user-supplied system call operations

// * * * * * * * * * * * * * * * * * * * * * * * * * * * * * * * * * * * * * //
Create time

Create mesh for time = 0.491

Selecting dynamicFvMesh dynamicMotionSolverFvMesh
Selecting motion solver: displacementLaplacian
Selecting motion diffusion: quadratic
Selecting motion diffusion: quadratic
Selecting motion diffusion: inverseDistance

PIMPLE: no residual control data found. Calculations will employ 3 corrector loops

Reading field p

Reading field U

Reading/calculating face flux field phi

Selecting incompressible transport model Newtonian
Selecting turbulence model type RASModel
Selecting RAS turbulence model kOmegaSST
kOmegaSSTCoeffs
{
    alphaK1         0.85034;
    alphaK2         1;
    alphaOmega1     0.5;
    alphaOmega2     0.85616;
    gamma1          0.5532;
    gamma2          0.4403;
    beta1           0.075;
    beta2           0.0828;
    betaStar        0.09;
    a1              0.31;
    c1              10;
    Cmu             0.09;
    b1              1;
    F3              false;
}

Reading/calculating face velocity Uf

No finite volume options present

Courant Number mean: 0.11258 max: 0.252179

Starting time loop

Courant Number mean: 0.11258 max: 0.252179
Time = 0.492

GAMG:  Solving for cellDisplacementx, Initial residual = 0, Final residual = 0, No Iterations 0
GAMG:  Solving for cellDisplacementy, Initial residual = 0, Final residual = 0, No Iterations 0
GAMG:  Solving for cellDisplacementz, Initial residual = 0, Final residual = 0, No Iterations 0
PIMPLE: iteration 1
DILUPBiCG:  Solving for Ux, Initial residual = 0.0486214, Final residual = 0.000192197, No Iterations 1
DILUPBiCG:  Solving for Uy, Initial residual = 0.0100912, Final residual = 2.43346e-05, No Iterations 1
DILUPBiCG:  Solving for Uz, Initial residual = 0.137161, Final residual = 0.000409254, No Iterations 1
GAMG:  Solving for p, Initial residual = 0.33687, Final residual = 0.0029838, No Iterations 8
GAMG:  Solving for p, Initial residual = 0.0546069, Final residual = 0.000409798, No Iterations 8
GAMG:  Solving for p, Initial residual = 0.0194665, Final residual = 0.000159368, No Iterations 8
time step continuity errors : sum local = 1.49624e-06, global = 2.74524e-07, cumulative = 2.74524e-07
GAMG:  Solving for p, Initial residual = 0.126662, Final residual = 0.00102131, No Iterations 8
GAMG:  Solving for p, Initial residual = 0.0238773, Final residual = 0.000174588, No Iterations 8
GAMG:  Solving for p, Initial residual = 0.00911426, Final residual = 7.45667e-05, No Iterations 8
time step continuity errors : sum local = 6.99761e-07, global = 1.32099e-07, cumulative = 4.06623e-07
PIMPLE: iteration 2
DILUPBiCG:  Solving for Ux, Initial residual = 0.0139947, Final residual = 7.25723e-05, No Iterations 1
DILUPBiCG:  Solving for Uy, Initial residual = 0.00325153, Final residual = 2.24115e-05, No Iterations 1
DILUPBiCG:  Solving for Uz, Initial residual = 0.0395402, Final residual = 0.000110062, No Iterations 1
GAMG:  Solving for p, Initial residual = 0.119189, Final residual = 0.000975428, No Iterations 7
GAMG:  Solving for p, Initial residual = 0.0255041, Final residual = 0.000230939, No Iterations 16
GAMG:  Solving for p, Initial residual = 0.0107968, Final residual = 9.37645e-05, No Iterations 10
time step continuity errors : sum local = 7.70274e-07, global = -2.35541e-07, cumulative = 1.71083e-07
GAMG:  Solving for p, Initial residual = 0.0561863, Final residual = 0.000516683, No Iterations 5
GAMG:  Solving for p, Initial residual = 0.0119652, Final residual = 0.0001156, No Iterations 16
GAMG:  Solving for p, Initial residual = 0.00520337, Final residual = 4.78925e-05, No Iterations 10
time step continuity errors : sum local = 3.94042e-07, global = -1.13094e-07, cumulative = 5.7989e-08
PIMPLE: iteration 3
DILUPBiCG:  Solving for Ux, Initial residual = 0.00391228, Final residual = 1.77778e-06, No Iterations 2
DILUPBiCG:  Solving for Uy, Initial residual = 0.00252955, Final residual = 1.78763e-06, No Iterations 2
DILUPBiCG:  Solving for Uz, Initial residual = 0.0122222, Final residual = 3.17179e-06, No Iterations 2
GAMG:  Solving for p, Initial residual = 0.0386821, Final residual = 0.000296203, No Iterations 7
GAMG:  Solving for p, Initial residual = 0.008426, Final residual = 8.06077e-05, No Iterations 16
GAMG:  Solving for p, Initial residual = 0.00328887, Final residual = 2.92732e-05, No Iterations 12
time step continuity errors : sum local = 2.70995e-07, global = -8.32782e-08, cumulative = -2.52893e-08
GAMG:  Solving for p, Initial residual = 0.00269298, Final residual = 2.64105e-05, No Iterations 12
GAMG:  Solving for p, Initial residual = 0.00137635, Final residual = 1.30827e-05, No Iterations 7
GAMG:  Solving for p, Initial residual = 0.000512879, Final residual = 8.80098e-07, No Iterations 30
time step continuity errors : sum local = 8.13665e-09, global = 2.4589e-09, cumulative = -2.28304e-08
DILUPBiCG:  Solving for omega, Initial residual = 0.00181536, Final residual = 1.31879e-06, No Iterations 1
DILUPBiCG:  Solving for k, Initial residual = 0.00435853, Final residual = 7.76581e-07, No Iterations 2
ExecutionTime = 15.7 s  ClockTime = 16 s

End

