/*---------------------------------------------------------------------------*\
| =========                 |                                                 |
| \\      /  F ield         | OpenFOAM: The Open Source CFD Toolbox           |
|  \\    /   O peration     | Version:  2.3.1                                 |
|   \\  /    A nd           | Web:      www.OpenFOAM.org                      |
|    \\/     M anipulation  |                                                 |
\*---------------------------------------------------------------------------*/
Build  : 2.3.1-262087cdf8db
Exec   : pimpleDyMFoam
Date   : Jun 05 2023
Time   : 23:22:46
Host   : "jcosson-VirtualBox"
PID    : 2989
Case   : /home/jcosson/workspace/henersj_shootingdata/calcs/moderate_deformed/primal/100_intervals_05-06-23/sweep1/interval35
nProcs : 1
sigFpe : Enabling floating point exception trapping (FOAM_SIGFPE).
fileModificationChecking : Monitoring run-time modified files using timeStampMaster
allowSystemOperations : Allowing user-supplied system call operations

// * * * * * * * * * * * * * * * * * * * * * * * * * * * * * * * * * * * * * //
Create time

Create mesh for time = 0.434

Selecting dynamicFvMesh dynamicMotionSolverFvMesh
Selecting motion solver: displacementLaplacian
Selecting motion diffusion: quadratic
Selecting motion diffusion: quadratic
Selecting motion diffusion: inverseDistance

PIMPLE: no residual control data found. Calculations will employ 3 corrector loops

Reading field p

Reading field U

Reading/calculating face flux field phi

Selecting incompressible transport model Newtonian
Selecting turbulence model type RASModel
Selecting RAS turbulence model kOmegaSST
kOmegaSSTCoeffs
{
    alphaK1         0.85034;
    alphaK2         1;
    alphaOmega1     0.5;
    alphaOmega2     0.85616;
    gamma1          0.5532;
    gamma2          0.4403;
    beta1           0.075;
    beta2           0.0828;
    betaStar        0.09;
    a1              0.31;
    c1              10;
    Cmu             0.09;
    b1              1;
    F3              false;
}

Reading/calculating face velocity Uf

No finite volume options present

Courant Number mean: 0.238068 max: 0.536689

Starting time loop

Courant Number mean: 0.238068 max: 0.536689
Time = 0.435

GAMG:  Solving for cellDisplacementx, Initial residual = 0, Final residual = 0, No Iterations 0
GAMG:  Solving for cellDisplacementy, Initial residual = 0, Final residual = 0, No Iterations 0
GAMG:  Solving for cellDisplacementz, Initial residual = 0, Final residual = 0, No Iterations 0
PIMPLE: iteration 1
DILUPBiCG:  Solving for Ux, Initial residual = 0.0418508, Final residual = 0.000149068, No Iterations 1
DILUPBiCG:  Solving for Uy, Initial residual = 0.00665206, Final residual = 1.8409e-05, No Iterations 1
DILUPBiCG:  Solving for Uz, Initial residual = 0.236685, Final residual = 0.000702043, No Iterations 1
GAMG:  Solving for p, Initial residual = 0.296478, Final residual = 0.00269494, No Iterations 14
GAMG:  Solving for p, Initial residual = 0.0890423, Final residual = 0.000705343, No Iterations 6
GAMG:  Solving for p, Initial residual = 0.029075, Final residual = 0.000288102, No Iterations 10
time step continuity errors : sum local = 2.56419e-06, global = -6.80078e-07, cumulative = -6.80078e-07
GAMG:  Solving for p, Initial residual = 0.137097, Final residual = 0.00135828, No Iterations 12
GAMG:  Solving for p, Initial residual = 0.0431776, Final residual = 0.000341203, No Iterations 6
GAMG:  Solving for p, Initial residual = 0.0154446, Final residual = 0.000142132, No Iterations 10
time step continuity errors : sum local = 1.28969e-06, global = -3.49441e-07, cumulative = -1.02952e-06
PIMPLE: iteration 2
DILUPBiCG:  Solving for Ux, Initial residual = 0.00985911, Final residual = 4.10111e-05, No Iterations 1
DILUPBiCG:  Solving for Uy, Initial residual = 0.00592184, Final residual = 2.46724e-05, No Iterations 1
DILUPBiCG:  Solving for Uz, Initial residual = 0.0409825, Final residual = 0.000119093, No Iterations 1
GAMG:  Solving for p, Initial residual = 0.129781, Final residual = 0.000998614, No Iterations 9
GAMG:  Solving for p, Initial residual = 0.0491033, Final residual = 0.000487146, No Iterations 6
GAMG:  Solving for p, Initial residual = 0.0188728, Final residual = 0.000179366, No Iterations 10
time step continuity errors : sum local = 1.31797e-06, global = 3.13862e-07, cumulative = -7.15658e-07
GAMG:  Solving for p, Initial residual = 0.0696596, Final residual = 0.000629013, No Iterations 5
GAMG:  Solving for p, Initial residual = 0.0225618, Final residual = 0.000213551, No Iterations 8
GAMG:  Solving for p, Initial residual = 0.00857673, Final residual = 7.19909e-05, No Iterations 12
time step continuity errors : sum local = 5.33558e-07, global = 1.41377e-07, cumulative = -5.7428e-07
PIMPLE: iteration 3
DILUPBiCG:  Solving for Ux, Initial residual = 0.00221654, Final residual = 8.94782e-07, No Iterations 2
DILUPBiCG:  Solving for Uy, Initial residual = 0.00349889, Final residual = 2.29344e-06, No Iterations 2
DILUPBiCG:  Solving for Uz, Initial residual = 0.0282455, Final residual = 6.34568e-06, No Iterations 2
GAMG:  Solving for p, Initial residual = 0.0524002, Final residual = 0.000461072, No Iterations 8
GAMG:  Solving for p, Initial residual = 0.0140216, Final residual = 0.00013025, No Iterations 14
GAMG:  Solving for p, Initial residual = 0.00481493, Final residual = 4.15148e-05, No Iterations 16
time step continuity errors : sum local = 3.56202e-07, global = 1.04544e-07, cumulative = -4.69736e-07
GAMG:  Solving for p, Initial residual = 0.00461267, Final residual = 3.9697e-05, No Iterations 12
GAMG:  Solving for p, Initial residual = 0.00364491, Final residual = 3.48916e-05, No Iterations 4
GAMG:  Solving for p, Initial residual = 0.00113617, Final residual = 8.8848e-07, No Iterations 38
time step continuity errors : sum local = 7.72947e-09, global = -2.27566e-09, cumulative = -4.72012e-07
DILUPBiCG:  Solving for omega, Initial residual = 0.00184385, Final residual = 2.13597e-06, No Iterations 1
DILUPBiCG:  Solving for k, Initial residual = 0.00656499, Final residual = 1.52304e-06, No Iterations 2
ExecutionTime = 18.11 s  ClockTime = 19 s

End

