/*---------------------------------------------------------------------------*\
| =========                 |                                                 |
| \\      /  F ield         | OpenFOAM: The Open Source CFD Toolbox           |
|  \\    /   O peration     | Version:  2.3.1                                 |
|   \\  /    A nd           | Web:      www.OpenFOAM.org                      |
|    \\/     M anipulation  |                                                 |
\*---------------------------------------------------------------------------*/
Build  : 2.3.1-262087cdf8db
Exec   : pimpleDyMFoam
Date   : Jun 06 2023
Time   : 02:45:17
Host   : "jcosson-VirtualBox"
PID    : 8422
Case   : /home/jcosson/workspace/henersj_shootingdata/calcs/moderate_deformed/primal/100_intervals_05-06-23/sweep73/interval81
nProcs : 1
sigFpe : Enabling floating point exception trapping (FOAM_SIGFPE).
fileModificationChecking : Monitoring run-time modified files using timeStampMaster
allowSystemOperations : Allowing user-supplied system call operations

// * * * * * * * * * * * * * * * * * * * * * * * * * * * * * * * * * * * * * //
Create time

Create mesh for time = 0.48

Selecting dynamicFvMesh dynamicMotionSolverFvMesh
Selecting motion solver: displacementLaplacian
Selecting motion diffusion: quadratic
Selecting motion diffusion: quadratic
Selecting motion diffusion: inverseDistance

PIMPLE: no residual control data found. Calculations will employ 3 corrector loops

Reading field p

Reading field U

Reading/calculating face flux field phi

Selecting incompressible transport model Newtonian
Selecting turbulence model type RASModel
Selecting RAS turbulence model kOmegaSST
bounding k, min: 0 max: 0.00068207 average: 0.000157411
kOmegaSSTCoeffs
{
    alphaK1         0.85034;
    alphaK2         1;
    alphaOmega1     0.5;
    alphaOmega2     0.85616;
    gamma1          0.5532;
    gamma2          0.4403;
    beta1           0.075;
    beta2           0.0828;
    betaStar        0.09;
    a1              0.31;
    c1              10;
    Cmu             0.09;
    b1              1;
    F3              false;
}

Reading/calculating face velocity Uf

No finite volume options present

Courant Number mean: 0.16093 max: 0.353808

Starting time loop

Courant Number mean: 0.16093 max: 0.353808
Time = 0.481

GAMG:  Solving for cellDisplacementx, Initial residual = 0, Final residual = 0, No Iterations 0
GAMG:  Solving for cellDisplacementy, Initial residual = 0, Final residual = 0, No Iterations 0
GAMG:  Solving for cellDisplacementz, Initial residual = 0, Final residual = 0, No Iterations 0
PIMPLE: iteration 1
DILUPBiCG:  Solving for Ux, Initial residual = 0.0642961, Final residual = 0.000258479, No Iterations 1
DILUPBiCG:  Solving for Uy, Initial residual = 0.0113777, Final residual = 2.49732e-05, No Iterations 1
DILUPBiCG:  Solving for Uz, Initial residual = 0.0105253, Final residual = 1.86656e-05, No Iterations 1
GAMG:  Solving for p, Initial residual = 0.119565, Final residual = 0.00114396, No Iterations 4
GAMG:  Solving for p, Initial residual = 0.0143347, Final residual = 0.000128449, No Iterations 20
GAMG:  Solving for p, Initial residual = 0.00664759, Final residual = 6.12705e-05, No Iterations 10
time step continuity errors : sum local = 9.27517e-07, global = 2.51599e-07, cumulative = 2.51599e-07
GAMG:  Solving for p, Initial residual = 0.0521127, Final residual = 0.000445134, No Iterations 4
GAMG:  Solving for p, Initial residual = 0.00719877, Final residual = 6.20738e-05, No Iterations 18
GAMG:  Solving for p, Initial residual = 0.00337206, Final residual = 3.08415e-05, No Iterations 10
time step continuity errors : sum local = 4.68075e-07, global = 1.26436e-07, cumulative = 3.78034e-07
PIMPLE: iteration 2
DILUPBiCG:  Solving for Ux, Initial residual = 0.0176337, Final residual = 0.000108283, No Iterations 1
DILUPBiCG:  Solving for Uy, Initial residual = 0.0032876, Final residual = 7.14126e-06, No Iterations 1
DILUPBiCG:  Solving for Uz, Initial residual = 0.00312071, Final residual = 1.15324e-05, No Iterations 1
GAMG:  Solving for p, Initial residual = 0.0517624, Final residual = 0.000475032, No Iterations 4
GAMG:  Solving for p, Initial residual = 0.0088856, Final residual = 8.28722e-05, No Iterations 16
GAMG:  Solving for p, Initial residual = 0.00388334, Final residual = 3.52557e-05, No Iterations 10
time step continuity errors : sum local = 4.61316e-07, global = -1.20122e-07, cumulative = 2.57912e-07
GAMG:  Solving for p, Initial residual = 0.0268122, Final residual = 0.000213723, No Iterations 4
GAMG:  Solving for p, Initial residual = 0.00449338, Final residual = 3.9432e-05, No Iterations 14
GAMG:  Solving for p, Initial residual = 0.00183364, Final residual = 1.73433e-05, No Iterations 10
time step continuity errors : sum local = 2.27953e-07, global = -5.89036e-08, cumulative = 1.99009e-07
PIMPLE: iteration 3
DILUPBiCG:  Solving for Ux, Initial residual = 0.00406024, Final residual = 2.94683e-06, No Iterations 2
DILUPBiCG:  Solving for Uy, Initial residual = 0.000766624, Final residual = 5.54455e-06, No Iterations 1
DILUPBiCG:  Solving for Uz, Initial residual = 0.00647791, Final residual = 4.124e-06, No Iterations 2
GAMG:  Solving for p, Initial residual = 0.0415381, Final residual = 0.000359743, No Iterations 5
GAMG:  Solving for p, Initial residual = 0.00945202, Final residual = 9.07338e-05, No Iterations 10
GAMG:  Solving for p, Initial residual = 0.00447378, Final residual = 4.3637e-05, No Iterations 10
time step continuity errors : sum local = 6.41487e-07, global = -1.66807e-07, cumulative = 3.22013e-08
GAMG:  Solving for p, Initial residual = 0.00237272, Final residual = 2.19005e-05, No Iterations 12
GAMG:  Solving for p, Initial residual = 0.0012914, Final residual = 1.24999e-05, No Iterations 4
GAMG:  Solving for p, Initial residual = 0.000527964, Final residual = 9.16775e-07, No Iterations 32
time step continuity errors : sum local = 1.33718e-08, global = 3.95364e-09, cumulative = 3.6155e-08
DILUPBiCG:  Solving for omega, Initial residual = 0.000828665, Final residual = 6.96482e-07, No Iterations 1
DILUPBiCG:  Solving for k, Initial residual = 0.00391432, Final residual = 1.04679e-06, No Iterations 2
bounding k, min: 0 max: 0.000672789 average: 0.000156386
ExecutionTime = 18.18 s  ClockTime = 19 s

End

