/*---------------------------------------------------------------------------*\
| =========                 |                                                 |
| \\      /  F ield         | OpenFOAM: The Open Source CFD Toolbox           |
|  \\    /   O peration     | Version:  2.3.1                                 |
|   \\  /    A nd           | Web:      www.OpenFOAM.org                      |
|    \\/     M anipulation  |                                                 |
\*---------------------------------------------------------------------------*/
Build  : 2.3.1-262087cdf8db
Exec   : pimpleDyMFoam
Date   : Jun 06 2023
Time   : 02:45:17
Host   : "jcosson-VirtualBox"
PID    : 8429
Case   : /home/jcosson/workspace/henersj_shootingdata/calcs/moderate_deformed/primal/100_intervals_05-06-23/sweep73/interval86
nProcs : 1
sigFpe : Enabling floating point exception trapping (FOAM_SIGFPE).
fileModificationChecking : Monitoring run-time modified files using timeStampMaster
allowSystemOperations : Allowing user-supplied system call operations

// * * * * * * * * * * * * * * * * * * * * * * * * * * * * * * * * * * * * * //
Create time

Create mesh for time = 0.485

Selecting dynamicFvMesh dynamicMotionSolverFvMesh
Selecting motion solver: displacementLaplacian
Selecting motion diffusion: quadratic
Selecting motion diffusion: quadratic
Selecting motion diffusion: inverseDistance

PIMPLE: no residual control data found. Calculations will employ 3 corrector loops

Reading field p

Reading field U

Reading/calculating face flux field phi

Selecting incompressible transport model Newtonian
Selecting turbulence model type RASModel
Selecting RAS turbulence model kOmegaSST
bounding k, min: 0 max: 0.000641766 average: 0.000152738
kOmegaSSTCoeffs
{
    alphaK1         0.85034;
    alphaK2         1;
    alphaOmega1     0.5;
    alphaOmega2     0.85616;
    gamma1          0.5532;
    gamma2          0.4403;
    beta1           0.075;
    beta2           0.0828;
    betaStar        0.09;
    a1              0.31;
    c1              10;
    Cmu             0.09;
    b1              1;
    F3              false;
}

Reading/calculating face velocity Uf

No finite volume options present

Courant Number mean: 0.135658 max: 0.295415

Starting time loop

Courant Number mean: 0.135658 max: 0.295415
Time = 0.486

GAMG:  Solving for cellDisplacementx, Initial residual = 0, Final residual = 0, No Iterations 0
GAMG:  Solving for cellDisplacementy, Initial residual = 0, Final residual = 0, No Iterations 0
GAMG:  Solving for cellDisplacementz, Initial residual = 0, Final residual = 0, No Iterations 0
PIMPLE: iteration 1
DILUPBiCG:  Solving for Ux, Initial residual = 0.0627935, Final residual = 0.00024836, No Iterations 1
DILUPBiCG:  Solving for Uy, Initial residual = 0.0118867, Final residual = 2.52176e-05, No Iterations 1
DILUPBiCG:  Solving for Uz, Initial residual = 0.0123621, Final residual = 1.44805e-05, No Iterations 1
GAMG:  Solving for p, Initial residual = 0.117842, Final residual = 0.00094319, No Iterations 4
GAMG:  Solving for p, Initial residual = 0.0151608, Final residual = 0.000135148, No Iterations 18
GAMG:  Solving for p, Initial residual = 0.0070518, Final residual = 6.19492e-05, No Iterations 10
time step continuity errors : sum local = 8.30158e-07, global = 2.17682e-07, cumulative = 2.17682e-07
GAMG:  Solving for p, Initial residual = 0.0521826, Final residual = 0.000380082, No Iterations 4
GAMG:  Solving for p, Initial residual = 0.00753882, Final residual = 6.63079e-05, No Iterations 16
GAMG:  Solving for p, Initial residual = 0.00355108, Final residual = 3.23351e-05, No Iterations 10
time step continuity errors : sum local = 4.35306e-07, global = 1.14905e-07, cumulative = 3.32586e-07
PIMPLE: iteration 2
DILUPBiCG:  Solving for Ux, Initial residual = 0.0166739, Final residual = 0.000103343, No Iterations 1
DILUPBiCG:  Solving for Uy, Initial residual = 0.00328411, Final residual = 6.89956e-06, No Iterations 1
DILUPBiCG:  Solving for Uz, Initial residual = 0.00293311, Final residual = 9.99194e-06, No Iterations 1
GAMG:  Solving for p, Initial residual = 0.0514901, Final residual = 0.000479704, No Iterations 4
GAMG:  Solving for p, Initial residual = 0.00971689, Final residual = 8.42219e-05, No Iterations 16
GAMG:  Solving for p, Initial residual = 0.0042839, Final residual = 4.06003e-05, No Iterations 8
time step continuity errors : sum local = 4.7406e-07, global = -1.10013e-07, cumulative = 2.22573e-07
GAMG:  Solving for p, Initial residual = 0.0268597, Final residual = 0.000220625, No Iterations 4
GAMG:  Solving for p, Initial residual = 0.00502616, Final residual = 4.97662e-05, No Iterations 12
GAMG:  Solving for p, Initial residual = 0.0020042, Final residual = 1.69596e-05, No Iterations 12
time step continuity errors : sum local = 1.98816e-07, global = -5.7098e-08, cumulative = 1.65475e-07
PIMPLE: iteration 3
DILUPBiCG:  Solving for Ux, Initial residual = 0.00367142, Final residual = 3.12612e-06, No Iterations 2
DILUPBiCG:  Solving for Uy, Initial residual = 0.000750706, Final residual = 5.05645e-06, No Iterations 1
DILUPBiCG:  Solving for Uz, Initial residual = 0.00589291, Final residual = 3.07963e-06, No Iterations 2
GAMG:  Solving for p, Initial residual = 0.0434602, Final residual = 0.000330645, No Iterations 5
GAMG:  Solving for p, Initial residual = 0.0097457, Final residual = 8.90252e-05, No Iterations 14
GAMG:  Solving for p, Initial residual = 0.00489204, Final residual = 4.59929e-05, No Iterations 10
time step continuity errors : sum local = 6.03078e-07, global = -1.58278e-07, cumulative = 7.19715e-09
GAMG:  Solving for p, Initial residual = 0.00242654, Final residual = 2.42256e-05, No Iterations 7
GAMG:  Solving for p, Initial residual = 0.00129549, Final residual = 1.12791e-05, No Iterations 6
GAMG:  Solving for p, Initial residual = 0.000527303, Final residual = 9.45108e-07, No Iterations 30
time step continuity errors : sum local = 1.22677e-08, global = 3.69504e-09, cumulative = 1.08922e-08
DILUPBiCG:  Solving for omega, Initial residual = 0.00102872, Final residual = 7.23317e-07, No Iterations 1
DILUPBiCG:  Solving for k, Initial residual = 0.00360674, Final residual = 6.76956e-07, No Iterations 2
bounding k, min: 0 max: 0.000631071 average: 0.000151817
ExecutionTime = 18.05 s  ClockTime = 19 s

End

