/*---------------------------------------------------------------------------*\
| =========                 |                                                 |
| \\      /  F ield         | OpenFOAM: The Open Source CFD Toolbox           |
|  \\    /   O peration     | Version:  2.3.1                                 |
|   \\  /    A nd           | Web:      www.OpenFOAM.org                      |
|    \\/     M anipulation  |                                                 |
\*---------------------------------------------------------------------------*/
Build  : 2.3.1-262087cdf8db
Exec   : pimpleDyMFoam
Date   : Jun 05 2023
Time   : 18:04:51
Host   : "jcosson-VirtualBox"
PID    : 9388
Case   : /home/jcosson/workspace/henersj_shootingdata/calcs/moderate_deformed/primal/56_intervals_05-06-23/sweep6/interval46
nProcs : 1
sigFpe : Enabling floating point exception trapping (FOAM_SIGFPE).
fileModificationChecking : Monitoring run-time modified files using timeStampMaster
allowSystemOperations : Allowing user-supplied system call operations

// * * * * * * * * * * * * * * * * * * * * * * * * * * * * * * * * * * * * * //
Create time

Create mesh for time = 0.48

Selecting dynamicFvMesh dynamicMotionSolverFvMesh
Selecting motion solver: displacementLaplacian
Selecting motion diffusion: quadratic
Selecting motion diffusion: quadratic
Selecting motion diffusion: inverseDistance

PIMPLE: no residual control data found. Calculations will employ 3 corrector loops

Reading field p

Reading field U

Reading/calculating face flux field phi

Selecting incompressible transport model Newtonian
Selecting turbulence model type RASModel
Selecting RAS turbulence model kOmegaSST
bounding k, min: 0 max: 0.000829513 average: 0.000169214
kOmegaSSTCoeffs
{
    alphaK1         0.85034;
    alphaK2         1;
    alphaOmega1     0.5;
    alphaOmega2     0.85616;
    gamma1          0.5532;
    gamma2          0.4403;
    beta1           0.075;
    beta2           0.0828;
    betaStar        0.09;
    a1              0.31;
    c1              10;
    Cmu             0.09;
    b1              1;
    F3              false;
}

Reading/calculating face velocity Uf

No finite volume options present

Courant Number mean: 0.160626 max: 0.357217

Starting time loop

Courant Number mean: 0.160626 max: 0.357217
Time = 0.481

GAMG:  Solving for cellDisplacementx, Initial residual = 0, Final residual = 0, No Iterations 0
GAMG:  Solving for cellDisplacementy, Initial residual = 0, Final residual = 0, No Iterations 0
GAMG:  Solving for cellDisplacementz, Initial residual = 0, Final residual = 0, No Iterations 0
PIMPLE: iteration 1
DILUPBiCG:  Solving for Ux, Initial residual = 0.0636688, Final residual = 0.000247329, No Iterations 1
DILUPBiCG:  Solving for Uy, Initial residual = 0.0114985, Final residual = 2.5704e-05, No Iterations 1
DILUPBiCG:  Solving for Uz, Initial residual = 0.0235398, Final residual = 3.89336e-05, No Iterations 1
GAMG:  Solving for p, Initial residual = 0.126422, Final residual = 0.00123236, No Iterations 4
GAMG:  Solving for p, Initial residual = 0.0161212, Final residual = 0.000152197, No Iterations 20
GAMG:  Solving for p, Initial residual = 0.00752882, Final residual = 6.49849e-05, No Iterations 10
time step continuity errors : sum local = 9.51822e-07, global = 2.49138e-07, cumulative = 2.49138e-07
GAMG:  Solving for p, Initial residual = 0.0545706, Final residual = 0.000472236, No Iterations 4
GAMG:  Solving for p, Initial residual = 0.00797391, Final residual = 7.58321e-05, No Iterations 18
GAMG:  Solving for p, Initial residual = 0.00382388, Final residual = 3.45664e-05, No Iterations 10
time step continuity errors : sum local = 5.08652e-07, global = 1.3289e-07, cumulative = 3.82028e-07
PIMPLE: iteration 2
DILUPBiCG:  Solving for Ux, Initial residual = 0.0175705, Final residual = 0.000104962, No Iterations 1
DILUPBiCG:  Solving for Uy, Initial residual = 0.00328946, Final residual = 7.24037e-06, No Iterations 1
DILUPBiCG:  Solving for Uz, Initial residual = 0.00391225, Final residual = 1.31936e-05, No Iterations 1
GAMG:  Solving for p, Initial residual = 0.0544197, Final residual = 0.000498858, No Iterations 4
GAMG:  Solving for p, Initial residual = 0.00970936, Final residual = 9.37961e-05, No Iterations 16
GAMG:  Solving for p, Initial residual = 0.0045058, Final residual = 4.27402e-05, No Iterations 8
time step continuity errors : sum local = 5.4102e-07, global = -1.81794e-07, cumulative = 2.00234e-07
GAMG:  Solving for p, Initial residual = 0.0281299, Final residual = 0.000224608, No Iterations 4
GAMG:  Solving for p, Initial residual = 0.00491754, Final residual = 4.571e-05, No Iterations 14
GAMG:  Solving for p, Initial residual = 0.00216096, Final residual = 2.05712e-05, No Iterations 8
time step continuity errors : sum local = 2.6176e-07, global = -7.95159e-08, cumulative = 1.20718e-07
PIMPLE: iteration 3
DILUPBiCG:  Solving for Ux, Initial residual = 0.00410984, Final residual = 2.87086e-06, No Iterations 2
DILUPBiCG:  Solving for Uy, Initial residual = 0.000783391, Final residual = 5.47996e-06, No Iterations 1
DILUPBiCG:  Solving for Uz, Initial residual = 0.00939017, Final residual = 3.7488e-06, No Iterations 2
GAMG:  Solving for p, Initial residual = 0.040627, Final residual = 0.000345863, No Iterations 5
GAMG:  Solving for p, Initial residual = 0.00923502, Final residual = 7.16451e-05, No Iterations 9
GAMG:  Solving for p, Initial residual = 0.0042793, Final residual = 3.98731e-05, No Iterations 4
time step continuity errors : sum local = 5.68435e-07, global = -1.88294e-07, cumulative = -6.75755e-08
GAMG:  Solving for p, Initial residual = 0.00230334, Final residual = 2.12945e-05, No Iterations 14
GAMG:  Solving for p, Initial residual = 0.00123512, Final residual = 1.20119e-05, No Iterations 4
GAMG:  Solving for p, Initial residual = 0.000515582, Final residual = 8.98345e-07, No Iterations 28
time step continuity errors : sum local = 1.27374e-08, global = 3.84229e-09, cumulative = -6.37332e-08
DILUPBiCG:  Solving for omega, Initial residual = 0.00111983, Final residual = 1.05689e-06, No Iterations 1
DILUPBiCG:  Solving for k, Initial residual = 0.00434103, Final residual = 8.73335e-07, No Iterations 2
bounding k, min: 0 max: 0.000817156 average: 0.000168086
ExecutionTime = 17.23 s  ClockTime = 18 s

Courant Number mean: 0.155284 max: 0.345895
Time = 0.482

GAMG:  Solving for cellDisplacementx, Initial residual = 0, Final residual = 0, No Iterations 0
GAMG:  Solving for cellDisplacementy, Initial residual = 0, Final residual = 0, No Iterations 0
GAMG:  Solving for cellDisplacementz, Initial residual = 0, Final residual = 0, No Iterations 0
PIMPLE: iteration 1
DILUPBiCG:  Solving for Ux, Initial residual = 0.0647861, Final residual = 0.000248732, No Iterations 1
DILUPBiCG:  Solving for Uy, Initial residual = 0.0115828, Final residual = 2.53051e-05, No Iterations 1
DILUPBiCG:  Solving for Uz, Initial residual = 0.0208578, Final residual = 2.47173e-05, No Iterations 1
GAMG:  Solving for p, Initial residual = 0.11617, Final residual = 0.00108129, No Iterations 4
GAMG:  Solving for p, Initial residual = 0.0138741, Final residual = 0.000122236, No Iterations 20
GAMG:  Solving for p, Initial residual = 0.00651423, Final residual = 5.34606e-05, No Iterations 4
time step continuity errors : sum local = 7.71544e-07, global = 3.02131e-07, cumulative = 2.38398e-07
GAMG:  Solving for p, Initial residual = 0.0507732, Final residual = 0.000427152, No Iterations 4
GAMG:  Solving for p, Initial residual = 0.00694477, Final residual = 6.73856e-05, No Iterations 16
GAMG:  Solving for p, Initial residual = 0.0032513, Final residual = 3.02134e-05, No Iterations 10
time step continuity errors : sum local = 4.36207e-07, global = 1.12621e-07, cumulative = 3.51019e-07
PIMPLE: iteration 2
DILUPBiCG:  Solving for Ux, Initial residual = 0.0175451, Final residual = 0.000104526, No Iterations 1
DILUPBiCG:  Solving for Uy, Initial residual = 0.00332812, Final residual = 7.30987e-06, No Iterations 1
DILUPBiCG:  Solving for Uz, Initial residual = 0.00357129, Final residual = 1.42459e-05, No Iterations 1
GAMG:  Solving for p, Initial residual = 0.0500794, Final residual = 0.000500608, No Iterations 4
GAMG:  Solving for p, Initial residual = 0.00836842, Final residual = 7.45211e-05, No Iterations 18
GAMG:  Solving for p, Initial residual = 0.00376535, Final residual = 3.72706e-05, No Iterations 8
time step continuity errors : sum local = 4.62171e-07, global = -1.01731e-07, cumulative = 2.49287e-07
GAMG:  Solving for p, Initial residual = 0.0260033, Final residual = 0.000228818, No Iterations 4
GAMG:  Solving for p, Initial residual = 0.00425341, Final residual = 4.2369e-05, No Iterations 14
GAMG:  Solving for p, Initial residual = 0.00176794, Final residual = 1.55309e-05, No Iterations 12
time step continuity errors : sum local = 1.93435e-07, global = -5.6451e-08, cumulative = 1.92836e-07
PIMPLE: iteration 3
DILUPBiCG:  Solving for Ux, Initial residual = 0.00394495, Final residual = 2.86277e-06, No Iterations 2
DILUPBiCG:  Solving for Uy, Initial residual = 0.000790359, Final residual = 5.35951e-06, No Iterations 1
DILUPBiCG:  Solving for Uz, Initial residual = 0.00555601, Final residual = 3.58146e-06, No Iterations 2
GAMG:  Solving for p, Initial residual = 0.0404381, Final residual = 0.000365907, No Iterations 5
GAMG:  Solving for p, Initial residual = 0.00928861, Final residual = 8.56946e-05, No Iterations 12
GAMG:  Solving for p, Initial residual = 0.00448643, Final residual = 3.78037e-05, No Iterations 10
time step continuity errors : sum local = 5.2829e-07, global = -1.36094e-07, cumulative = 5.67419e-08
GAMG:  Solving for p, Initial residual = 0.00236705, Final residual = 2.35951e-05, No Iterations 13
GAMG:  Solving for p, Initial residual = 0.00127932, Final residual = 9.29504e-06, No Iterations 5
GAMG:  Solving for p, Initial residual = 0.000517103, Final residual = 9.4117e-07, No Iterations 28
time step continuity errors : sum local = 1.30499e-08, global = 3.91832e-09, cumulative = 6.06602e-08
DILUPBiCG:  Solving for omega, Initial residual = 0.00114079, Final residual = 9.92457e-07, No Iterations 1
DILUPBiCG:  Solving for k, Initial residual = 0.00428841, Final residual = 7.45717e-07, No Iterations 2
bounding k, min: 0 max: 0.000803195 average: 0.000166954
ExecutionTime = 31.93 s  ClockTime = 32 s

End

