/*---------------------------------------------------------------------------*\
| =========                 |                                                 |
| \\      /  F ield         | OpenFOAM: The Open Source CFD Toolbox           |
|  \\    /   O peration     | Version:  2.3.1                                 |
|   \\  /    A nd           | Web:      www.OpenFOAM.org                      |
|    \\/     M anipulation  |                                                 |
\*---------------------------------------------------------------------------*/
Build  : 2.3.1-262087cdf8db
Exec   : pimpleDyMFoam
Date   : Jun 06 2023
Time   : 00:07:59
Host   : "jcosson-VirtualBox"
PID    : 25320
Case   : /home/jcosson/workspace/henersj_shootingdata/calcs/moderate_deformed/primal/100_intervals_05-06-23/sweep12/interval75
nProcs : 1
sigFpe : Enabling floating point exception trapping (FOAM_SIGFPE).
fileModificationChecking : Monitoring run-time modified files using timeStampMaster
allowSystemOperations : Allowing user-supplied system call operations

// * * * * * * * * * * * * * * * * * * * * * * * * * * * * * * * * * * * * * //
Create time

Create mesh for time = 0.474

Selecting dynamicFvMesh dynamicMotionSolverFvMesh
Selecting motion solver: displacementLaplacian
Selecting motion diffusion: quadratic
Selecting motion diffusion: quadratic
Selecting motion diffusion: inverseDistance

PIMPLE: no residual control data found. Calculations will employ 3 corrector loops

Reading field p

Reading field U

Reading/calculating face flux field phi

Selecting incompressible transport model Newtonian
Selecting turbulence model type RASModel
Selecting RAS turbulence model kOmegaSST
kOmegaSSTCoeffs
{
    alphaK1         0.85034;
    alphaK2         1;
    alphaOmega1     0.5;
    alphaOmega2     0.85616;
    gamma1          0.5532;
    gamma2          0.4403;
    beta1           0.075;
    beta2           0.0828;
    betaStar        0.09;
    a1              0.31;
    c1              10;
    Cmu             0.09;
    b1              1;
    F3              false;
}

Reading/calculating face velocity Uf

No finite volume options present

Courant Number mean: 0.194576 max: 0.433932

Starting time loop

Courant Number mean: 0.194576 max: 0.433932
Time = 0.475

GAMG:  Solving for cellDisplacementx, Initial residual = 0, Final residual = 0, No Iterations 0
GAMG:  Solving for cellDisplacementy, Initial residual = 0, Final residual = 0, No Iterations 0
GAMG:  Solving for cellDisplacementz, Initial residual = 0, Final residual = 0, No Iterations 0
PIMPLE: iteration 1
DILUPBiCG:  Solving for Ux, Initial residual = 0.056779, Final residual = 0.000229065, No Iterations 1
DILUPBiCG:  Solving for Uy, Initial residual = 0.00963604, Final residual = 2.22618e-05, No Iterations 1
DILUPBiCG:  Solving for Uz, Initial residual = 0.0188651, Final residual = 3.81996e-05, No Iterations 1
GAMG:  Solving for p, Initial residual = 0.128097, Final residual = 0.000958668, No Iterations 6
GAMG:  Solving for p, Initial residual = 0.0153787, Final residual = 0.000148799, No Iterations 18
GAMG:  Solving for p, Initial residual = 0.00688178, Final residual = 5.83702e-05, No Iterations 12
time step continuity errors : sum local = 8.80243e-07, global = 2.60804e-07, cumulative = 2.60804e-07
GAMG:  Solving for p, Initial residual = 0.0545113, Final residual = 0.000533836, No Iterations 4
GAMG:  Solving for p, Initial residual = 0.00774201, Final residual = 7.56177e-05, No Iterations 18
GAMG:  Solving for p, Initial residual = 0.00364864, Final residual = 2.99365e-05, No Iterations 12
time step continuity errors : sum local = 4.52319e-07, global = 1.33827e-07, cumulative = 3.94631e-07
PIMPLE: iteration 2
DILUPBiCG:  Solving for Ux, Initial residual = 0.0162503, Final residual = 9.63572e-05, No Iterations 1
DILUPBiCG:  Solving for Uy, Initial residual = 0.00288598, Final residual = 6.59438e-06, No Iterations 1
DILUPBiCG:  Solving for Uz, Initial residual = 0.00372298, Final residual = 1.3267e-05, No Iterations 1
GAMG:  Solving for p, Initial residual = 0.0546332, Final residual = 0.000483239, No Iterations 4
GAMG:  Solving for p, Initial residual = 0.00921114, Final residual = 8.96605e-05, No Iterations 16
GAMG:  Solving for p, Initial residual = 0.00426102, Final residual = 4.14247e-05, No Iterations 8
time step continuity errors : sum local = 5.35095e-07, global = -1.72324e-07, cumulative = 2.22307e-07
GAMG:  Solving for p, Initial residual = 0.0281108, Final residual = 0.000212766, No Iterations 4
GAMG:  Solving for p, Initial residual = 0.00460011, Final residual = 4.21412e-05, No Iterations 14
GAMG:  Solving for p, Initial residual = 0.00202012, Final residual = 1.98109e-05, No Iterations 8
time step continuity errors : sum local = 2.57321e-07, global = -7.57059e-08, cumulative = 1.46601e-07
PIMPLE: iteration 3
DILUPBiCG:  Solving for Ux, Initial residual = 0.00395078, Final residual = 2.30307e-06, No Iterations 2
DILUPBiCG:  Solving for Uy, Initial residual = 0.000707875, Final residual = 6.36425e-06, No Iterations 1
DILUPBiCG:  Solving for Uz, Initial residual = 0.0087741, Final residual = 3.2154e-06, No Iterations 2
GAMG:  Solving for p, Initial residual = 0.0400233, Final residual = 0.000351345, No Iterations 5
GAMG:  Solving for p, Initial residual = 0.00911791, Final residual = 8.30125e-05, No Iterations 11
GAMG:  Solving for p, Initial residual = 0.00433493, Final residual = 4.00554e-05, No Iterations 10
time step continuity errors : sum local = 5.81887e-07, global = -1.50991e-07, cumulative = -4.38996e-09
GAMG:  Solving for p, Initial residual = 0.00239872, Final residual = 2.38308e-05, No Iterations 16
GAMG:  Solving for p, Initial residual = 0.00131578, Final residual = 1.22682e-05, No Iterations 4
GAMG:  Solving for p, Initial residual = 0.000533376, Final residual = 9.27915e-07, No Iterations 34
time step continuity errors : sum local = 1.34103e-08, global = 3.93931e-09, cumulative = -4.50648e-10
DILUPBiCG:  Solving for omega, Initial residual = 0.00086, Final residual = 1.04178e-06, No Iterations 1
DILUPBiCG:  Solving for k, Initial residual = 0.0044401, Final residual = 1.43802e-06, No Iterations 2
ExecutionTime = 17.36 s  ClockTime = 17 s

End

