/*---------------------------------------------------------------------------*\
| =========                 |                                                 |
| \\      /  F ield         | OpenFOAM: The Open Source CFD Toolbox           |
|  \\    /   O peration     | Version:  2.3.1                                 |
|   \\  /    A nd           | Web:      www.OpenFOAM.org                      |
|    \\/     M anipulation  |                                                 |
\*---------------------------------------------------------------------------*/
Build  : 2.3.1-262087cdf8db
Exec   : pimpleDyMFoam
Date   : Jun 06 2023
Time   : 00:07:42
Host   : "jcosson-VirtualBox"
PID    : 25300
Case   : /home/jcosson/workspace/henersj_shootingdata/calcs/moderate_deformed/primal/100_intervals_05-06-23/sweep12/interval65
nProcs : 1
sigFpe : Enabling floating point exception trapping (FOAM_SIGFPE).
fileModificationChecking : Monitoring run-time modified files using timeStampMaster
allowSystemOperations : Allowing user-supplied system call operations

// * * * * * * * * * * * * * * * * * * * * * * * * * * * * * * * * * * * * * //
Create time

Create mesh for time = 0.464

Selecting dynamicFvMesh dynamicMotionSolverFvMesh
Selecting motion solver: displacementLaplacian
Selecting motion diffusion: quadratic
Selecting motion diffusion: quadratic
Selecting motion diffusion: inverseDistance

PIMPLE: no residual control data found. Calculations will employ 3 corrector loops

Reading field p

Reading field U

Reading/calculating face flux field phi

Selecting incompressible transport model Newtonian
Selecting turbulence model type RASModel
Selecting RAS turbulence model kOmegaSST
kOmegaSSTCoeffs
{
    alphaK1         0.85034;
    alphaK2         1;
    alphaOmega1     0.5;
    alphaOmega2     0.85616;
    gamma1          0.5532;
    gamma2          0.4403;
    beta1           0.075;
    beta2           0.0828;
    betaStar        0.09;
    a1              0.31;
    c1              10;
    Cmu             0.09;
    b1              1;
    F3              false;
}

Reading/calculating face velocity Uf

No finite volume options present

Courant Number mean: 0.246818 max: 0.553075

Starting time loop

Courant Number mean: 0.246818 max: 0.553075
Time = 0.465

GAMG:  Solving for cellDisplacementx, Initial residual = 0, Final residual = 0, No Iterations 0
GAMG:  Solving for cellDisplacementy, Initial residual = 0, Final residual = 0, No Iterations 0
GAMG:  Solving for cellDisplacementz, Initial residual = 0, Final residual = 0, No Iterations 0
PIMPLE: iteration 1
DILUPBiCG:  Solving for Ux, Initial residual = 0.0348813, Final residual = 0.000144762, No Iterations 1
DILUPBiCG:  Solving for Uy, Initial residual = 0.00559165, Final residual = 1.33832e-05, No Iterations 1
DILUPBiCG:  Solving for Uz, Initial residual = 0.015054, Final residual = 4.05513e-05, No Iterations 1
GAMG:  Solving for p, Initial residual = 0.141962, Final residual = 0.00120522, No Iterations 6
GAMG:  Solving for p, Initial residual = 0.016956, Final residual = 0.000167397, No Iterations 18
GAMG:  Solving for p, Initial residual = 0.0071716, Final residual = 6.54361e-05, No Iterations 12
time step continuity errors : sum local = 7.43062e-07, global = 2.24351e-07, cumulative = 2.24351e-07
GAMG:  Solving for p, Initial residual = 0.0585653, Final residual = 0.000392314, No Iterations 6
GAMG:  Solving for p, Initial residual = 0.0085286, Final residual = 7.93761e-05, No Iterations 16
GAMG:  Solving for p, Initial residual = 0.00373511, Final residual = 3.22108e-05, No Iterations 12
time step continuity errors : sum local = 3.64666e-07, global = 1.09108e-07, cumulative = 3.33459e-07
PIMPLE: iteration 2
DILUPBiCG:  Solving for Ux, Initial residual = 0.0106582, Final residual = 5.79835e-05, No Iterations 1
DILUPBiCG:  Solving for Uy, Initial residual = 0.00179708, Final residual = 4.5304e-06, No Iterations 1
DILUPBiCG:  Solving for Uz, Initial residual = 0.00390112, Final residual = 1.339e-05, No Iterations 1
GAMG:  Solving for p, Initial residual = 0.05967, Final residual = 0.000447294, No Iterations 4
GAMG:  Solving for p, Initial residual = 0.00981106, Final residual = 8.46282e-05, No Iterations 16
GAMG:  Solving for p, Initial residual = 0.00454091, Final residual = 3.99795e-05, No Iterations 8
time step continuity errors : sum local = 3.83163e-07, global = -1.30657e-07, cumulative = 2.02801e-07
GAMG:  Solving for p, Initial residual = 0.0303743, Final residual = 0.000189494, No Iterations 4
GAMG:  Solving for p, Initial residual = 0.00479215, Final residual = 4.59855e-05, No Iterations 12
GAMG:  Solving for p, Initial residual = 0.00211947, Final residual = 2.11922e-05, No Iterations 8
time step continuity errors : sum local = 2.04364e-07, global = -5.97611e-08, cumulative = 1.4304e-07
PIMPLE: iteration 3
DILUPBiCG:  Solving for Ux, Initial residual = 0.00280593, Final residual = 9.29243e-07, No Iterations 2
DILUPBiCG:  Solving for Uy, Initial residual = 0.000470462, Final residual = 7.22026e-06, No Iterations 1
DILUPBiCG:  Solving for Uz, Initial residual = 0.00687739, Final residual = 2.06524e-06, No Iterations 2
GAMG:  Solving for p, Initial residual = 0.0409178, Final residual = 0.000342098, No Iterations 5
GAMG:  Solving for p, Initial residual = 0.00950325, Final residual = 8.47008e-05, No Iterations 13
GAMG:  Solving for p, Initial residual = 0.0044713, Final residual = 4.11954e-05, No Iterations 10
time step continuity errors : sum local = 4.4139e-07, global = -1.15507e-07, cumulative = 2.75333e-08
GAMG:  Solving for p, Initial residual = 0.00274934, Final residual = 2.72502e-05, No Iterations 18
GAMG:  Solving for p, Initial residual = 0.0015341, Final residual = 1.46906e-05, No Iterations 4
GAMG:  Solving for p, Initial residual = 0.000595283, Final residual = 9.71071e-07, No Iterations 38
time step continuity errors : sum local = 1.03801e-08, global = 3.07538e-09, cumulative = 3.06087e-08
DILUPBiCG:  Solving for omega, Initial residual = 0.000759341, Final residual = 1.43741e-06, No Iterations 1
DILUPBiCG:  Solving for k, Initial residual = 0.00488497, Final residual = 1.17349e-06, No Iterations 2
ExecutionTime = 17.12 s  ClockTime = 17 s

End

