/*---------------------------------------------------------------------------*\
| =========                 |                                                 |
| \\      /  F ield         | OpenFOAM: The Open Source CFD Toolbox           |
|  \\    /   O peration     | Version:  2.3.1                                 |
|   \\  /    A nd           | Web:      www.OpenFOAM.org                      |
|    \\/     M anipulation  |                                                 |
\*---------------------------------------------------------------------------*/
Build  : 2.3.1-262087cdf8db
Exec   : pimpleDyMFoam
Date   : Jun 06 2023
Time   : 00:07:08
Host   : "jcosson-VirtualBox"
PID    : 25245
Case   : /home/jcosson/workspace/henersj_shootingdata/calcs/moderate_deformed/primal/100_intervals_05-06-23/sweep12/interval38
nProcs : 1
sigFpe : Enabling floating point exception trapping (FOAM_SIGFPE).
fileModificationChecking : Monitoring run-time modified files using timeStampMaster
allowSystemOperations : Allowing user-supplied system call operations

// * * * * * * * * * * * * * * * * * * * * * * * * * * * * * * * * * * * * * //
Create time

Create mesh for time = 0.437

Selecting dynamicFvMesh dynamicMotionSolverFvMesh
Selecting motion solver: displacementLaplacian
Selecting motion diffusion: quadratic
Selecting motion diffusion: quadratic
Selecting motion diffusion: inverseDistance

PIMPLE: no residual control data found. Calculations will employ 3 corrector loops

Reading field p

Reading field U

Reading/calculating face flux field phi

Selecting incompressible transport model Newtonian
Selecting turbulence model type RASModel
Selecting RAS turbulence model kOmegaSST
kOmegaSSTCoeffs
{
    alphaK1         0.85034;
    alphaK2         1;
    alphaOmega1     0.5;
    alphaOmega2     0.85616;
    gamma1          0.5532;
    gamma2          0.4403;
    beta1           0.075;
    beta2           0.0828;
    betaStar        0.09;
    a1              0.31;
    c1              10;
    Cmu             0.09;
    b1              1;
    F3              false;
}

Reading/calculating face velocity Uf

No finite volume options present

Courant Number mean: 0.250531 max: 0.552832

Starting time loop

Courant Number mean: 0.250531 max: 0.552832
Time = 0.438

GAMG:  Solving for cellDisplacementx, Initial residual = 0, Final residual = 0, No Iterations 0
GAMG:  Solving for cellDisplacementy, Initial residual = 0, Final residual = 0, No Iterations 0
GAMG:  Solving for cellDisplacementz, Initial residual = 0, Final residual = 0, No Iterations 0
PIMPLE: iteration 1
DILUPBiCG:  Solving for Ux, Initial residual = 0.0348275, Final residual = 0.000115113, No Iterations 1
DILUPBiCG:  Solving for Uy, Initial residual = 0.00545516, Final residual = 1.37249e-05, No Iterations 1
DILUPBiCG:  Solving for Uz, Initial residual = 0.0163112, Final residual = 2.58789e-05, No Iterations 1
GAMG:  Solving for p, Initial residual = 0.121672, Final residual = 0.00101573, No Iterations 4
GAMG:  Solving for p, Initial residual = 0.0158411, Final residual = 0.000141199, No Iterations 16
GAMG:  Solving for p, Initial residual = 0.00684705, Final residual = 6.50199e-05, No Iterations 10
time step continuity errors : sum local = 7.23591e-07, global = -1.94034e-07, cumulative = -1.94034e-07
GAMG:  Solving for p, Initial residual = 0.0535436, Final residual = 0.000384752, No Iterations 4
GAMG:  Solving for p, Initial residual = 0.00780485, Final residual = 6.8146e-05, No Iterations 14
GAMG:  Solving for p, Initial residual = 0.00344095, Final residual = 3.27364e-05, No Iterations 10
time step continuity errors : sum local = 3.64103e-07, global = -9.92345e-08, cumulative = -2.93268e-07
PIMPLE: iteration 2
DILUPBiCG:  Solving for Ux, Initial residual = 0.00979341, Final residual = 3.85852e-05, No Iterations 1
DILUPBiCG:  Solving for Uy, Initial residual = 0.00157955, Final residual = 6.39596e-06, No Iterations 1
DILUPBiCG:  Solving for Uz, Initial residual = 0.00341775, Final residual = 9.68366e-06, No Iterations 1
GAMG:  Solving for p, Initial residual = 0.0538919, Final residual = 0.000531462, No Iterations 5
GAMG:  Solving for p, Initial residual = 0.0112023, Final residual = 0.000108058, No Iterations 13
GAMG:  Solving for p, Initial residual = 0.00432832, Final residual = 4.28343e-05, No Iterations 12
time step continuity errors : sum local = 4.01623e-07, global = 1.14031e-07, cumulative = -1.79237e-07
GAMG:  Solving for p, Initial residual = 0.0281724, Final residual = 0.000260351, No Iterations 4
GAMG:  Solving for p, Initial residual = 0.00536711, Final residual = 4.63369e-05, No Iterations 14
GAMG:  Solving for p, Initial residual = 0.00207856, Final residual = 1.85816e-05, No Iterations 12
time step continuity errors : sum local = 1.75332e-07, global = 5.04425e-08, cumulative = -1.28794e-07
PIMPLE: iteration 3
DILUPBiCG:  Solving for Ux, Initial residual = 0.00220489, Final residual = 8.19615e-07, No Iterations 2
DILUPBiCG:  Solving for Uy, Initial residual = 0.000361144, Final residual = 9.91484e-06, No Iterations 1
DILUPBiCG:  Solving for Uz, Initial residual = 0.0061046, Final residual = 3.48443e-06, No Iterations 2
GAMG:  Solving for p, Initial residual = 0.0438322, Final residual = 0.000387302, No Iterations 5
GAMG:  Solving for p, Initial residual = 0.0114761, Final residual = 9.83101e-05, No Iterations 10
GAMG:  Solving for p, Initial residual = 0.00489587, Final residual = 4.10875e-05, No Iterations 10
time step continuity errors : sum local = 4.31909e-07, global = 1.10786e-07, cumulative = -1.80087e-08
GAMG:  Solving for p, Initial residual = 0.00300976, Final residual = 2.88976e-05, No Iterations 18
GAMG:  Solving for p, Initial residual = 0.00180525, Final residual = 1.57378e-05, No Iterations 4
GAMG:  Solving for p, Initial residual = 0.00062642, Final residual = 9.05842e-07, No Iterations 40
time step continuity errors : sum local = 9.50874e-09, global = -2.81701e-09, cumulative = -2.08257e-08
DILUPBiCG:  Solving for omega, Initial residual = 0.00116735, Final residual = 1.383e-06, No Iterations 1
DILUPBiCG:  Solving for k, Initial residual = 0.00634301, Final residual = 1.43856e-06, No Iterations 2
ExecutionTime = 17.75 s  ClockTime = 18 s

End

