/*---------------------------------------------------------------------------*\
| =========                 |                                                 |
| \\      /  F ield         | OpenFOAM: The Open Source CFD Toolbox           |
|  \\    /   O peration     | Version:  2.3.1                                 |
|   \\  /    A nd           | Web:      www.OpenFOAM.org                      |
|    \\/     M anipulation  |                                                 |
\*---------------------------------------------------------------------------*/
Build  : 2.3.1-262087cdf8db
Exec   : pimpleDyMFoam
Date   : Jun 05 2023
Time   : 18:54:12
Host   : "jcosson-VirtualBox"
PID    : 26395
Case   : /home/jcosson/workspace/henersj_shootingdata/calcs/moderate_deformed/primal/56_intervals_05-06-23/sweep24/interval38
nProcs : 1
sigFpe : Enabling floating point exception trapping (FOAM_SIGFPE).
fileModificationChecking : Monitoring run-time modified files using timeStampMaster
allowSystemOperations : Allowing user-supplied system call operations

// * * * * * * * * * * * * * * * * * * * * * * * * * * * * * * * * * * * * * //
Create time

Create mesh for time = 0.466

Selecting dynamicFvMesh dynamicMotionSolverFvMesh
Selecting motion solver: displacementLaplacian
Selecting motion diffusion: quadratic
Selecting motion diffusion: quadratic
Selecting motion diffusion: inverseDistance

PIMPLE: no residual control data found. Calculations will employ 3 corrector loops

Reading field p

Reading field U

Reading/calculating face flux field phi

Selecting incompressible transport model Newtonian
Selecting turbulence model type RASModel
Selecting RAS turbulence model kOmegaSST
kOmegaSSTCoeffs
{
    alphaK1         0.85034;
    alphaK2         1;
    alphaOmega1     0.5;
    alphaOmega2     0.85616;
    gamma1          0.5532;
    gamma2          0.4403;
    beta1           0.075;
    beta2           0.0828;
    betaStar        0.09;
    a1              0.31;
    c1              10;
    Cmu             0.09;
    b1              1;
    F3              false;
}

Reading/calculating face velocity Uf

No finite volume options present

Courant Number mean: 0.2377 max: 0.527045

Starting time loop

Courant Number mean: 0.2377 max: 0.527045
Time = 0.467

GAMG:  Solving for cellDisplacementx, Initial residual = 0, Final residual = 0, No Iterations 0
GAMG:  Solving for cellDisplacementy, Initial residual = 0, Final residual = 0, No Iterations 0
GAMG:  Solving for cellDisplacementz, Initial residual = 0, Final residual = 0, No Iterations 0
PIMPLE: iteration 1
DILUPBiCG:  Solving for Ux, Initial residual = 0.0399506, Final residual = 0.000166548, No Iterations 1
DILUPBiCG:  Solving for Uy, Initial residual = 0.00642603, Final residual = 1.5088e-05, No Iterations 1
DILUPBiCG:  Solving for Uz, Initial residual = 0.0136095, Final residual = 3.33783e-05, No Iterations 1
GAMG:  Solving for p, Initial residual = 0.13756, Final residual = 0.00114052, No Iterations 6
GAMG:  Solving for p, Initial residual = 0.0161228, Final residual = 0.000160868, No Iterations 18
GAMG:  Solving for p, Initial residual = 0.0068503, Final residual = 6.33159e-05, No Iterations 12
time step continuity errors : sum local = 7.87093e-07, global = 2.37149e-07, cumulative = 2.37149e-07
GAMG:  Solving for p, Initial residual = 0.0571732, Final residual = 0.000374704, No Iterations 6
GAMG:  Solving for p, Initial residual = 0.00811385, Final residual = 7.64384e-05, No Iterations 16
GAMG:  Solving for p, Initial residual = 0.00356718, Final residual = 3.11602e-05, No Iterations 12
time step continuity errors : sum local = 3.86368e-07, global = 1.15564e-07, cumulative = 3.52713e-07
PIMPLE: iteration 2
DILUPBiCG:  Solving for Ux, Initial residual = 0.0120174, Final residual = 6.70809e-05, No Iterations 1
DILUPBiCG:  Solving for Uy, Initial residual = 0.00203633, Final residual = 4.89815e-06, No Iterations 1
DILUPBiCG:  Solving for Uz, Initial residual = 0.0038136, Final residual = 1.25076e-05, No Iterations 1
GAMG:  Solving for p, Initial residual = 0.0581026, Final residual = 0.000462095, No Iterations 4
GAMG:  Solving for p, Initial residual = 0.0094645, Final residual = 8.4359e-05, No Iterations 16
GAMG:  Solving for p, Initial residual = 0.00436277, Final residual = 3.9392e-05, No Iterations 8
time step continuity errors : sum local = 4.13478e-07, global = -1.32964e-07, cumulative = 2.19749e-07
GAMG:  Solving for p, Initial residual = 0.0296795, Final residual = 0.00019751, No Iterations 4
GAMG:  Solving for p, Initial residual = 0.0046433, Final residual = 4.58366e-05, No Iterations 12
GAMG:  Solving for p, Initial residual = 0.00202525, Final residual = 1.92223e-05, No Iterations 10
time step continuity errors : sum local = 2.02996e-07, global = -5.28117e-08, cumulative = 1.66938e-07
PIMPLE: iteration 3
DILUPBiCG:  Solving for Ux, Initial residual = 0.00309542, Final residual = 1.1659e-06, No Iterations 2
DILUPBiCG:  Solving for Uy, Initial residual = 0.00052215, Final residual = 7.14267e-06, No Iterations 1
DILUPBiCG:  Solving for Uz, Initial residual = 0.00678165, Final residual = 2.22425e-06, No Iterations 2
GAMG:  Solving for p, Initial residual = 0.0406567, Final residual = 0.000328745, No Iterations 5
GAMG:  Solving for p, Initial residual = 0.00919216, Final residual = 8.30629e-05, No Iterations 15
GAMG:  Solving for p, Initial residual = 0.004405, Final residual = 3.7835e-05, No Iterations 10
time step continuity errors : sum local = 4.44907e-07, global = -1.16009e-07, cumulative = 5.09286e-08
GAMG:  Solving for p, Initial residual = 0.00260412, Final residual = 2.34861e-05, No Iterations 20
GAMG:  Solving for p, Initial residual = 0.00146916, Final residual = 1.27706e-05, No Iterations 4
GAMG:  Solving for p, Initial residual = 0.000571808, Final residual = 9.50639e-07, No Iterations 36
time step continuity errors : sum local = 1.1151e-08, global = 3.28538e-09, cumulative = 5.42139e-08
DILUPBiCG:  Solving for omega, Initial residual = 0.000476676, Final residual = 1.02231e-06, No Iterations 1
DILUPBiCG:  Solving for k, Initial residual = 0.00485241, Final residual = 1.74267e-06, No Iterations 2
ExecutionTime = 17.45 s  ClockTime = 18 s

Courant Number mean: 0.232794 max: 0.516032
Time = 0.468

GAMG:  Solving for cellDisplacementx, Initial residual = 0, Final residual = 0, No Iterations 0
GAMG:  Solving for cellDisplacementy, Initial residual = 0, Final residual = 0, No Iterations 0
GAMG:  Solving for cellDisplacementz, Initial residual = 0, Final residual = 0, No Iterations 0
PIMPLE: iteration 1
DILUPBiCG:  Solving for Ux, Initial residual = 0.0423639, Final residual = 0.000176747, No Iterations 1
DILUPBiCG:  Solving for Uy, Initial residual = 0.00682786, Final residual = 1.59568e-05, No Iterations 1
DILUPBiCG:  Solving for Uz, Initial residual = 0.0121961, Final residual = 3.09691e-05, No Iterations 1
GAMG:  Solving for p, Initial residual = 0.124394, Final residual = 0.001116, No Iterations 6
GAMG:  Solving for p, Initial residual = 0.0137725, Final residual = 0.000134007, No Iterations 20
GAMG:  Solving for p, Initial residual = 0.00599441, Final residual = 5.3316e-05, No Iterations 12
time step continuity errors : sum local = 6.90727e-07, global = 2.07804e-07, cumulative = 2.62018e-07
GAMG:  Solving for p, Initial residual = 0.051858, Final residual = 0.000365731, No Iterations 6
GAMG:  Solving for p, Initial residual = 0.00696814, Final residual = 6.41075e-05, No Iterations 18
GAMG:  Solving for p, Initial residual = 0.00311794, Final residual = 2.55455e-05, No Iterations 12
time step continuity errors : sum local = 3.30011e-07, global = 9.80098e-08, cumulative = 3.60027e-07
PIMPLE: iteration 2
DILUPBiCG:  Solving for Ux, Initial residual = 0.0126558, Final residual = 7.16851e-05, No Iterations 1
DILUPBiCG:  Solving for Uy, Initial residual = 0.00215258, Final residual = 5.1077e-06, No Iterations 1
DILUPBiCG:  Solving for Uz, Initial residual = 0.00373142, Final residual = 1.25621e-05, No Iterations 1
GAMG:  Solving for p, Initial residual = 0.0522403, Final residual = 0.00046765, No Iterations 4
GAMG:  Solving for p, Initial residual = 0.00816275, Final residual = 7.28076e-05, No Iterations 18
GAMG:  Solving for p, Initial residual = 0.00382469, Final residual = 3.45589e-05, No Iterations 8
time step continuity errors : sum local = 3.77731e-07, global = -1.34935e-07, cumulative = 2.25093e-07
GAMG:  Solving for p, Initial residual = 0.0267126, Final residual = 0.000199258, No Iterations 4
GAMG:  Solving for p, Initial residual = 0.00395551, Final residual = 3.81661e-05, No Iterations 14
GAMG:  Solving for p, Initial residual = 0.00174213, Final residual = 1.63491e-05, No Iterations 10
time step continuity errors : sum local = 1.79873e-07, global = -4.8438e-08, cumulative = 1.76655e-07
PIMPLE: iteration 3
DILUPBiCG:  Solving for Ux, Initial residual = 0.00322837, Final residual = 1.32939e-06, No Iterations 2
DILUPBiCG:  Solving for Uy, Initial residual = 0.000546501, Final residual = 7.12295e-06, No Iterations 1
DILUPBiCG:  Solving for Uz, Initial residual = 0.00691355, Final residual = 2.47961e-06, No Iterations 2
GAMG:  Solving for p, Initial residual = 0.0394553, Final residual = 0.000327374, No Iterations 5
GAMG:  Solving for p, Initial residual = 0.00891948, Final residual = 8.21185e-05, No Iterations 15
GAMG:  Solving for p, Initial residual = 0.00430087, Final residual = 3.75215e-05, No Iterations 10
time step continuity errors : sum local = 4.60119e-07, global = -1.2004e-07, cumulative = 5.66148e-08
GAMG:  Solving for p, Initial residual = 0.00249357, Final residual = 2.31505e-05, No Iterations 20
GAMG:  Solving for p, Initial residual = 0.00141616, Final residual = 1.24852e-05, No Iterations 4
GAMG:  Solving for p, Initial residual = 0.000552572, Final residual = 9.20469e-07, No Iterations 36
time step continuity errors : sum local = 1.12554e-08, global = 3.31438e-09, cumulative = 5.99291e-08
DILUPBiCG:  Solving for omega, Initial residual = 0.000473959, Final residual = 8.14181e-07, No Iterations 1
DILUPBiCG:  Solving for k, Initial residual = 0.00479912, Final residual = 1.76762e-06, No Iterations 2
ExecutionTime = 32.28 s  ClockTime = 33 s

End

