/*---------------------------------------------------------------------------*\
| =========                 |                                                 |
| \\      /  F ield         | OpenFOAM: The Open Source CFD Toolbox           |
|  \\    /   O peration     | Version:  2.3.1                                 |
|   \\  /    A nd           | Web:      www.OpenFOAM.org                      |
|    \\/     M anipulation  |                                                 |
\*---------------------------------------------------------------------------*/
Build  : 2.3.1-262087cdf8db
Exec   : pimpleDyMFoam
Date   : Jun 06 2023
Time   : 01:35:29
Host   : "jcosson-VirtualBox"
PID    : 5020
Case   : /home/jcosson/workspace/henersj_shootingdata/calcs/moderate_deformed/primal/100_intervals_05-06-23/sweep39/interval88
nProcs : 1
sigFpe : Enabling floating point exception trapping (FOAM_SIGFPE).
fileModificationChecking : Monitoring run-time modified files using timeStampMaster
allowSystemOperations : Allowing user-supplied system call operations

// * * * * * * * * * * * * * * * * * * * * * * * * * * * * * * * * * * * * * //
Create time

Create mesh for time = 0.487

Selecting dynamicFvMesh dynamicMotionSolverFvMesh
Selecting motion solver: displacementLaplacian
Selecting motion diffusion: quadratic
Selecting motion diffusion: quadratic
Selecting motion diffusion: inverseDistance

PIMPLE: no residual control data found. Calculations will employ 3 corrector loops

Reading field p

Reading field U

Reading/calculating face flux field phi

Selecting incompressible transport model Newtonian
Selecting turbulence model type RASModel
Selecting RAS turbulence model kOmegaSST
bounding k, min: 0 max: 0.000664323 average: 0.000155614
kOmegaSSTCoeffs
{
    alphaK1         0.85034;
    alphaK2         1;
    alphaOmega1     0.5;
    alphaOmega2     0.85616;
    gamma1          0.5532;
    gamma2          0.4403;
    beta1           0.075;
    beta2           0.0828;
    betaStar        0.09;
    a1              0.31;
    c1              10;
    Cmu             0.09;
    b1              1;
    F3              false;
}

Reading/calculating face velocity Uf

No finite volume options present

Courant Number mean: 0.127285 max: 0.288755

Starting time loop

Courant Number mean: 0.127285 max: 0.288755
Time = 0.488

GAMG:  Solving for cellDisplacementx, Initial residual = 0, Final residual = 0, No Iterations 0
GAMG:  Solving for cellDisplacementy, Initial residual = 0, Final residual = 0, No Iterations 0
GAMG:  Solving for cellDisplacementz, Initial residual = 0, Final residual = 0, No Iterations 0
PIMPLE: iteration 1
DILUPBiCG:  Solving for Ux, Initial residual = 0.0593776, Final residual = 0.000220219, No Iterations 1
DILUPBiCG:  Solving for Uy, Initial residual = 0.0115893, Final residual = 2.32912e-05, No Iterations 1
DILUPBiCG:  Solving for Uz, Initial residual = 0.012348, Final residual = 1.2221e-05, No Iterations 1
GAMG:  Solving for p, Initial residual = 0.116661, Final residual = 0.000841137, No Iterations 4
GAMG:  Solving for p, Initial residual = 0.0154493, Final residual = 0.000149956, No Iterations 16
GAMG:  Solving for p, Initial residual = 0.00714324, Final residual = 6.29935e-05, No Iterations 10
time step continuity errors : sum local = 7.68738e-07, global = 1.95353e-07, cumulative = 1.95353e-07
GAMG:  Solving for p, Initial residual = 0.0521542, Final residual = 0.000345343, No Iterations 4
GAMG:  Solving for p, Initial residual = 0.00767486, Final residual = 7.51615e-05, No Iterations 14
GAMG:  Solving for p, Initial residual = 0.00359212, Final residual = 3.34864e-05, No Iterations 10
time step continuity errors : sum local = 4.10788e-07, global = 1.04011e-07, cumulative = 2.99364e-07
PIMPLE: iteration 2
DILUPBiCG:  Solving for Ux, Initial residual = 0.0154872, Final residual = 8.75827e-05, No Iterations 1
DILUPBiCG:  Solving for Uy, Initial residual = 0.00314078, Final residual = 6.26168e-06, No Iterations 1
DILUPBiCG:  Solving for Uz, Initial residual = 0.00252966, Final residual = 9.192e-06, No Iterations 1
GAMG:  Solving for p, Initial residual = 0.0512849, Final residual = 0.000490859, No Iterations 4
GAMG:  Solving for p, Initial residual = 0.0101068, Final residual = 9.92867e-05, No Iterations 14
GAMG:  Solving for p, Initial residual = 0.00454863, Final residual = 3.91187e-05, No Iterations 10
time step continuity errors : sum local = 4.17353e-07, global = -1.06447e-07, cumulative = 1.92917e-07
GAMG:  Solving for p, Initial residual = 0.0268765, Final residual = 0.000227847, No Iterations 4
GAMG:  Solving for p, Initial residual = 0.00526898, Final residual = 5.05832e-05, No Iterations 12
GAMG:  Solving for p, Initial residual = 0.00217296, Final residual = 1.9748e-05, No Iterations 10
time step continuity errors : sum local = 2.11195e-07, global = -5.34712e-08, cumulative = 1.39446e-07
PIMPLE: iteration 3
DILUPBiCG:  Solving for Ux, Initial residual = 0.00331451, Final residual = 2.52798e-06, No Iterations 2
DILUPBiCG:  Solving for Uy, Initial residual = 0.000711234, Final residual = 4.71293e-06, No Iterations 1
DILUPBiCG:  Solving for Uz, Initial residual = 0.00496503, Final residual = 2.19451e-06, No Iterations 2
GAMG:  Solving for p, Initial residual = 0.0444686, Final residual = 0.000335995, No Iterations 5
GAMG:  Solving for p, Initial residual = 0.0100518, Final residual = 9.57878e-05, No Iterations 14
GAMG:  Solving for p, Initial residual = 0.00520167, Final residual = 4.97661e-05, No Iterations 10
time step continuity errors : sum local = 5.95158e-07, global = -1.58145e-07, cumulative = -1.86993e-08
GAMG:  Solving for p, Initial residual = 0.002516, Final residual = 2.46173e-05, No Iterations 7
GAMG:  Solving for p, Initial residual = 0.00130553, Final residual = 1.02213e-05, No Iterations 6
GAMG:  Solving for p, Initial residual = 0.000531138, Final residual = 8.6621e-07, No Iterations 30
time step continuity errors : sum local = 1.0238e-08, global = 3.09224e-09, cumulative = -1.5607e-08
DILUPBiCG:  Solving for omega, Initial residual = 0.00117231, Final residual = 7.56304e-07, No Iterations 1
DILUPBiCG:  Solving for k, Initial residual = 0.00365935, Final residual = 6.18613e-07, No Iterations 2
bounding k, min: 0 max: 0.000650589 average: 0.000154649
ExecutionTime = 16.09 s  ClockTime = 16 s

End

