/*---------------------------------------------------------------------------*\
| =========                 |                                                 |
| \\      /  F ield         | OpenFOAM: The Open Source CFD Toolbox           |
|  \\    /   O peration     | Version:  2.3.1                                 |
|   \\  /    A nd           | Web:      www.OpenFOAM.org                      |
|    \\/     M anipulation  |                                                 |
\*---------------------------------------------------------------------------*/
Build  : 2.3.1-262087cdf8db
Exec   : pimpleDyMFoam
Date   : Jun 06 2023
Time   : 01:35:29
Host   : "jcosson-VirtualBox"
PID    : 5026
Case   : /home/jcosson/workspace/henersj_shootingdata/calcs/moderate_deformed/primal/100_intervals_05-06-23/sweep39/interval91
nProcs : 1
sigFpe : Enabling floating point exception trapping (FOAM_SIGFPE).
fileModificationChecking : Monitoring run-time modified files using timeStampMaster
allowSystemOperations : Allowing user-supplied system call operations

// * * * * * * * * * * * * * * * * * * * * * * * * * * * * * * * * * * * * * //
Create time

Create mesh for time = 0.49

Selecting dynamicFvMesh dynamicMotionSolverFvMesh
Selecting motion solver: displacementLaplacian
Selecting motion diffusion: quadratic
Selecting motion diffusion: quadratic
Selecting motion diffusion: inverseDistance

PIMPLE: no residual control data found. Calculations will employ 3 corrector loops

Reading field p

Reading field U

Reading/calculating face flux field phi

Selecting incompressible transport model Newtonian
Selecting turbulence model type RASModel
Selecting RAS turbulence model kOmegaSST
bounding k, min: 0 max: 0.000621513 average: 0.000153456
kOmegaSSTCoeffs
{
    alphaK1         0.85034;
    alphaK2         1;
    alphaOmega1     0.5;
    alphaOmega2     0.85616;
    gamma1          0.5532;
    gamma2          0.4403;
    beta1           0.075;
    beta2           0.0828;
    betaStar        0.09;
    a1              0.31;
    c1              10;
    Cmu             0.09;
    b1              1;
    F3              false;
}

Reading/calculating face velocity Uf

No finite volume options present

Courant Number mean: 0.11603 max: 0.265369

Starting time loop

Courant Number mean: 0.11603 max: 0.265369
Time = 0.491

GAMG:  Solving for cellDisplacementx, Initial residual = 0, Final residual = 0, No Iterations 0
GAMG:  Solving for cellDisplacementy, Initial residual = 0, Final residual = 0, No Iterations 0
GAMG:  Solving for cellDisplacementz, Initial residual = 0, Final residual = 0, No Iterations 0
PIMPLE: iteration 1
DILUPBiCG:  Solving for Ux, Initial residual = 0.0514602, Final residual = 0.000189733, No Iterations 1
DILUPBiCG:  Solving for Uy, Initial residual = 0.0105442, Final residual = 2.09177e-05, No Iterations 1
DILUPBiCG:  Solving for Uz, Initial residual = 0.0136985, Final residual = 1.2814e-05, No Iterations 1
GAMG:  Solving for p, Initial residual = 0.11478, Final residual = 0.00063752, No Iterations 4
GAMG:  Solving for p, Initial residual = 0.0160074, Final residual = 0.000146548, No Iterations 16
GAMG:  Solving for p, Initial residual = 0.00766728, Final residual = 6.58546e-05, No Iterations 4
time step continuity errors : sum local = 6.6946e-07, global = 2.37183e-07, cumulative = 2.37183e-07
GAMG:  Solving for p, Initial residual = 0.0522056, Final residual = 0.00027122, No Iterations 4
GAMG:  Solving for p, Initial residual = 0.00783656, Final residual = 7.66332e-05, No Iterations 14
GAMG:  Solving for p, Initial residual = 0.00384895, Final residual = 3.29754e-05, No Iterations 4
time step continuity errors : sum local = 3.37433e-07, global = 1.06379e-07, cumulative = 3.43561e-07
PIMPLE: iteration 2
DILUPBiCG:  Solving for Ux, Initial residual = 0.0131408, Final residual = 7.41448e-05, No Iterations 1
DILUPBiCG:  Solving for Uy, Initial residual = 0.0027584, Final residual = 5.44315e-06, No Iterations 1
DILUPBiCG:  Solving for Uz, Initial residual = 0.00251848, Final residual = 7.22245e-06, No Iterations 1
GAMG:  Solving for p, Initial residual = 0.0509849, Final residual = 0.000479819, No Iterations 5
GAMG:  Solving for p, Initial residual = 0.0114516, Final residual = 9.78438e-05, No Iterations 6
GAMG:  Solving for p, Initial residual = 0.00492104, Final residual = 4.27082e-05, No Iterations 4
time step continuity errors : sum local = 3.79804e-07, global = -1.55302e-07, cumulative = 1.8826e-07
GAMG:  Solving for p, Initial residual = 0.0271813, Final residual = 0.000242244, No Iterations 4
GAMG:  Solving for p, Initial residual = 0.00621618, Final residual = 5.68762e-05, No Iterations 12
GAMG:  Solving for p, Initial residual = 0.00242576, Final residual = 2.22005e-05, No Iterations 4
time step continuity errors : sum local = 1.98035e-07, global = -7.37959e-08, cumulative = 1.14464e-07
PIMPLE: iteration 3
DILUPBiCG:  Solving for Ux, Initial residual = 0.00272491, Final residual = 2.37495e-06, No Iterations 2
DILUPBiCG:  Solving for Uy, Initial residual = 0.000613551, Final residual = 4.7987e-06, No Iterations 1
DILUPBiCG:  Solving for Uz, Initial residual = 0.00409185, Final residual = 1.28166e-06, No Iterations 2
GAMG:  Solving for p, Initial residual = 0.0464813, Final residual = 0.000354991, No Iterations 5
GAMG:  Solving for p, Initial residual = 0.0108294, Final residual = 0.000102145, No Iterations 14
GAMG:  Solving for p, Initial residual = 0.00559591, Final residual = 5.31041e-05, No Iterations 10
time step continuity errors : sum local = 5.29108e-07, global = -1.40328e-07, cumulative = -2.5864e-08
GAMG:  Solving for p, Initial residual = 0.00262283, Final residual = 2.35397e-05, No Iterations 7
GAMG:  Solving for p, Initial residual = 0.001347, Final residual = 1.27778e-05, No Iterations 5
GAMG:  Solving for p, Initial residual = 0.00053019, Final residual = 9.07497e-07, No Iterations 27
time step continuity errors : sum local = 8.92926e-09, global = 2.66868e-09, cumulative = -2.31953e-08
DILUPBiCG:  Solving for omega, Initial residual = 0.00126974, Final residual = 7.35665e-07, No Iterations 1
DILUPBiCG:  Solving for k, Initial residual = 0.00354065, Final residual = 5.9993e-07, No Iterations 2
bounding k, min: 0 max: 0.000604659 average: 0.000152553
ExecutionTime = 14.84 s  ClockTime = 15 s

End

