/*---------------------------------------------------------------------------*\
| =========                 |                                                 |
| \\      /  F ield         | OpenFOAM: The Open Source CFD Toolbox           |
|  \\    /   O peration     | Version:  2.3.1                                 |
|   \\  /    A nd           | Web:      www.OpenFOAM.org                      |
|    \\/     M anipulation  |                                                 |
\*---------------------------------------------------------------------------*/
Build  : 2.3.1-262087cdf8db
Exec   : pimpleDyMFoam
Date   : Jun 06 2023
Time   : 02:28:51
Host   : "jcosson-VirtualBox"
PID    : 32354
Case   : /home/jcosson/workspace/henersj_shootingdata/calcs/moderate_deformed/primal/100_intervals_05-06-23/sweep63/interval65
nProcs : 1
sigFpe : Enabling floating point exception trapping (FOAM_SIGFPE).
fileModificationChecking : Monitoring run-time modified files using timeStampMaster
allowSystemOperations : Allowing user-supplied system call operations

// * * * * * * * * * * * * * * * * * * * * * * * * * * * * * * * * * * * * * //
Create time

Create mesh for time = 0.464

Selecting dynamicFvMesh dynamicMotionSolverFvMesh
Selecting motion solver: displacementLaplacian
Selecting motion diffusion: quadratic
Selecting motion diffusion: quadratic
Selecting motion diffusion: inverseDistance

PIMPLE: no residual control data found. Calculations will employ 3 corrector loops

Reading field p

Reading field U

Reading/calculating face flux field phi

Selecting incompressible transport model Newtonian
Selecting turbulence model type RASModel
Selecting RAS turbulence model kOmegaSST
kOmegaSSTCoeffs
{
    alphaK1         0.85034;
    alphaK2         1;
    alphaOmega1     0.5;
    alphaOmega2     0.85616;
    gamma1          0.5532;
    gamma2          0.4403;
    beta1           0.075;
    beta2           0.0828;
    betaStar        0.09;
    a1              0.31;
    c1              10;
    Cmu             0.09;
    b1              1;
    F3              false;
}

Reading/calculating face velocity Uf

No finite volume options present

Courant Number mean: 0.246958 max: 0.54959

Starting time loop

Courant Number mean: 0.246958 max: 0.54959
Time = 0.465

GAMG:  Solving for cellDisplacementx, Initial residual = 0, Final residual = 0, No Iterations 0
GAMG:  Solving for cellDisplacementy, Initial residual = 0, Final residual = 0, No Iterations 0
GAMG:  Solving for cellDisplacementz, Initial residual = 0, Final residual = 0, No Iterations 0
PIMPLE: iteration 1
DILUPBiCG:  Solving for Ux, Initial residual = 0.0350291, Final residual = 0.000143468, No Iterations 1
DILUPBiCG:  Solving for Uy, Initial residual = 0.00561118, Final residual = 1.33382e-05, No Iterations 1
DILUPBiCG:  Solving for Uz, Initial residual = 0.0136865, Final residual = 3.19107e-05, No Iterations 1
GAMG:  Solving for p, Initial residual = 0.141836, Final residual = 0.00119099, No Iterations 6
GAMG:  Solving for p, Initial residual = 0.0169432, Final residual = 0.000165811, No Iterations 18
GAMG:  Solving for p, Initial residual = 0.00710498, Final residual = 6.52312e-05, No Iterations 12
time step continuity errors : sum local = 7.42135e-07, global = 2.23263e-07, cumulative = 2.23263e-07
GAMG:  Solving for p, Initial residual = 0.0585384, Final residual = 0.000388389, No Iterations 6
GAMG:  Solving for p, Initial residual = 0.00851004, Final residual = 7.88017e-05, No Iterations 16
GAMG:  Solving for p, Initial residual = 0.00369919, Final residual = 3.19102e-05, No Iterations 12
time step continuity errors : sum local = 3.61806e-07, global = 1.07971e-07, cumulative = 3.31234e-07
PIMPLE: iteration 2
DILUPBiCG:  Solving for Ux, Initial residual = 0.0106852, Final residual = 5.57948e-05, No Iterations 1
DILUPBiCG:  Solving for Uy, Initial residual = 0.00180128, Final residual = 4.49993e-06, No Iterations 1
DILUPBiCG:  Solving for Uz, Initial residual = 0.00381136, Final residual = 1.1227e-05, No Iterations 1
GAMG:  Solving for p, Initial residual = 0.0596975, Final residual = 0.000447013, No Iterations 4
GAMG:  Solving for p, Initial residual = 0.00979328, Final residual = 9.67885e-05, No Iterations 14
GAMG:  Solving for p, Initial residual = 0.00447871, Final residual = 4.46329e-05, No Iterations 8
time step continuity errors : sum local = 4.28664e-07, global = -1.2752e-07, cumulative = 2.03714e-07
GAMG:  Solving for p, Initial residual = 0.0303887, Final residual = 0.000190797, No Iterations 4
GAMG:  Solving for p, Initial residual = 0.00478012, Final residual = 4.47227e-05, No Iterations 12
GAMG:  Solving for p, Initial residual = 0.00210451, Final residual = 2.05968e-05, No Iterations 8
time step continuity errors : sum local = 1.98847e-07, global = -5.68728e-08, cumulative = 1.46841e-07
PIMPLE: iteration 3
DILUPBiCG:  Solving for Ux, Initial residual = 0.00280541, Final residual = 8.80636e-07, No Iterations 2
DILUPBiCG:  Solving for Uy, Initial residual = 0.000470421, Final residual = 7.04401e-06, No Iterations 1
DILUPBiCG:  Solving for Uz, Initial residual = 0.00607352, Final residual = 1.64823e-06, No Iterations 2
GAMG:  Solving for p, Initial residual = 0.0412073, Final residual = 0.000331615, No Iterations 5
GAMG:  Solving for p, Initial residual = 0.00939664, Final residual = 8.44562e-05, No Iterations 15
GAMG:  Solving for p, Initial residual = 0.00448173, Final residual = 3.73157e-05, No Iterations 10
time step continuity errors : sum local = 4.00371e-07, global = -1.04215e-07, cumulative = 4.26255e-08
GAMG:  Solving for p, Initial residual = 0.00271256, Final residual = 2.41739e-05, No Iterations 20
GAMG:  Solving for p, Initial residual = 0.00153689, Final residual = 1.34072e-05, No Iterations 4
GAMG:  Solving for p, Initial residual = 0.000590003, Final residual = 8.77058e-07, No Iterations 38
time step continuity errors : sum local = 9.39121e-09, global = 2.78186e-09, cumulative = 4.54074e-08
DILUPBiCG:  Solving for omega, Initial residual = 0.00050263, Final residual = 1.18552e-06, No Iterations 1
DILUPBiCG:  Solving for k, Initial residual = 0.00498128, Final residual = 1.45578e-06, No Iterations 2
ExecutionTime = 17.69 s  ClockTime = 18 s

End

