/*---------------------------------------------------------------------------*\
| =========                 |                                                 |
| \\      /  F ield         | OpenFOAM: The Open Source CFD Toolbox           |
|  \\    /   O peration     | Version:  2.3.1                                 |
|   \\  /    A nd           | Web:      www.OpenFOAM.org                      |
|    \\/     M anipulation  |                                                 |
\*---------------------------------------------------------------------------*/
Build  : 2.3.1-262087cdf8db
Exec   : pimpleDyMFoam
Date   : Jun 05 2023
Time   : 19:28:19
Host   : "jcosson-VirtualBox"
PID    : 5968
Case   : /home/jcosson/workspace/henersj_shootingdata/calcs/moderate_deformed/primal/56_intervals_05-06-23/sweep44/interval45
nProcs : 1
sigFpe : Enabling floating point exception trapping (FOAM_SIGFPE).
fileModificationChecking : Monitoring run-time modified files using timeStampMaster
allowSystemOperations : Allowing user-supplied system call operations

// * * * * * * * * * * * * * * * * * * * * * * * * * * * * * * * * * * * * * //
Create time

Create mesh for time = 0.479

Selecting dynamicFvMesh dynamicMotionSolverFvMesh
Selecting motion solver: displacementLaplacian
Selecting motion diffusion: quadratic
Selecting motion diffusion: quadratic
Selecting motion diffusion: inverseDistance

PIMPLE: no residual control data found. Calculations will employ 3 corrector loops

Reading field p

Reading field U

Reading/calculating face flux field phi

Selecting incompressible transport model Newtonian
Selecting turbulence model type RASModel
Selecting RAS turbulence model kOmegaSST
bounding k, min: 0 max: 0.000681471 average: 0.000158171
kOmegaSSTCoeffs
{
    alphaK1         0.85034;
    alphaK2         1;
    alphaOmega1     0.5;
    alphaOmega2     0.85616;
    gamma1          0.5532;
    gamma2          0.4403;
    beta1           0.075;
    beta2           0.0828;
    betaStar        0.09;
    a1              0.31;
    c1              10;
    Cmu             0.09;
    b1              1;
    F3              false;
}

Reading/calculating face velocity Uf

No finite volume options present

Courant Number mean: 0.166395 max: 0.366432

Starting time loop

Courant Number mean: 0.166395 max: 0.366432
Time = 0.48

GAMG:  Solving for cellDisplacementx, Initial residual = 0, Final residual = 0, No Iterations 0
GAMG:  Solving for cellDisplacementy, Initial residual = 0, Final residual = 0, No Iterations 0
GAMG:  Solving for cellDisplacementz, Initial residual = 0, Final residual = 0, No Iterations 0
PIMPLE: iteration 1
DILUPBiCG:  Solving for Ux, Initial residual = 0.0636112, Final residual = 0.000256378, No Iterations 1
DILUPBiCG:  Solving for Uy, Initial residual = 0.0111525, Final residual = 2.46889e-05, No Iterations 1
DILUPBiCG:  Solving for Uz, Initial residual = 0.0111743, Final residual = 1.94494e-05, No Iterations 1
GAMG:  Solving for p, Initial residual = 0.120198, Final residual = 0.00119321, No Iterations 4
GAMG:  Solving for p, Initial residual = 0.0143421, Final residual = 0.000131583, No Iterations 20
GAMG:  Solving for p, Initial residual = 0.00669791, Final residual = 6.15629e-05, No Iterations 10
time step continuity errors : sum local = 9.42857e-07, global = 2.53536e-07, cumulative = 2.53536e-07
GAMG:  Solving for p, Initial residual = 0.0522368, Final residual = 0.000460359, No Iterations 4
GAMG:  Solving for p, Initial residual = 0.00720317, Final residual = 6.37456e-05, No Iterations 18
GAMG:  Solving for p, Initial residual = 0.0034069, Final residual = 3.10856e-05, No Iterations 10
time step continuity errors : sum local = 4.77234e-07, global = 1.27739e-07, cumulative = 3.81275e-07
PIMPLE: iteration 2
DILUPBiCG:  Solving for Ux, Initial residual = 0.0175742, Final residual = 0.000107003, No Iterations 1
DILUPBiCG:  Solving for Uy, Initial residual = 0.00324499, Final residual = 7.10508e-06, No Iterations 1
DILUPBiCG:  Solving for Uz, Initial residual = 0.00323563, Final residual = 1.1628e-05, No Iterations 1
GAMG:  Solving for p, Initial residual = 0.0519485, Final residual = 0.000476859, No Iterations 4
GAMG:  Solving for p, Initial residual = 0.00883913, Final residual = 8.48675e-05, No Iterations 16
GAMG:  Solving for p, Initial residual = 0.00389256, Final residual = 3.61521e-05, No Iterations 10
time step continuity errors : sum local = 4.78112e-07, global = -1.25938e-07, cumulative = 2.55337e-07
GAMG:  Solving for p, Initial residual = 0.026862, Final residual = 0.000213478, No Iterations 4
GAMG:  Solving for p, Initial residual = 0.00444428, Final residual = 4.04801e-05, No Iterations 14
GAMG:  Solving for p, Initial residual = 0.00184576, Final residual = 1.77808e-05, No Iterations 10
time step continuity errors : sum local = 2.36241e-07, global = -6.11515e-08, cumulative = 1.94185e-07
PIMPLE: iteration 3
DILUPBiCG:  Solving for Ux, Initial residual = 0.00408731, Final residual = 2.80246e-06, No Iterations 2
DILUPBiCG:  Solving for Uy, Initial residual = 0.000765483, Final residual = 5.67423e-06, No Iterations 1
DILUPBiCG:  Solving for Uz, Initial residual = 0.0067774, Final residual = 3.56138e-06, No Iterations 2
GAMG:  Solving for p, Initial residual = 0.0414285, Final residual = 0.000353912, No Iterations 5
GAMG:  Solving for p, Initial residual = 0.00953068, Final residual = 8.05386e-05, No Iterations 4
GAMG:  Solving for p, Initial residual = 0.00440853, Final residual = 4.20371e-05, No Iterations 4
time step continuity errors : sum local = 6.24997e-07, global = -2.02565e-07, cumulative = -8.37957e-09
GAMG:  Solving for p, Initial residual = 0.00236384, Final residual = 2.25714e-05, No Iterations 16
GAMG:  Solving for p, Initial residual = 0.0012802, Final residual = 1.15744e-05, No Iterations 4
GAMG:  Solving for p, Initial residual = 0.000533124, Final residual = 9.39254e-07, No Iterations 28
time step continuity errors : sum local = 1.38465e-08, global = 4.13477e-09, cumulative = -4.2448e-09
DILUPBiCG:  Solving for omega, Initial residual = 0.000785228, Final residual = 6.80829e-07, No Iterations 1
DILUPBiCG:  Solving for k, Initial residual = 0.00396044, Final residual = 1.13089e-06, No Iterations 2
bounding k, min: 0 max: 0.000673411 average: 0.00015714
ExecutionTime = 15.67 s  ClockTime = 15 s

End

