/*---------------------------------------------------------------------------*\
| =========                 |                                                 |
| \\      /  F ield         | OpenFOAM: The Open Source CFD Toolbox           |
|  \\    /   O peration     | Version:  2.3.1                                 |
|   \\  /    A nd           | Web:      www.OpenFOAM.org                      |
|    \\/     M anipulation  |                                                 |
\*---------------------------------------------------------------------------*/
Build  : 2.3.1-262087cdf8db
Exec   : pimpleDyMFoam
Date   : Jun 05 2023
Time   : 19:30:19
Host   : "jcosson-VirtualBox"
PID    : 6728
Case   : /home/jcosson/workspace/henersj_shootingdata/calcs/moderate_deformed/primal/56_intervals_05-06-23/sweep46/interval50
nProcs : 1
sigFpe : Enabling floating point exception trapping (FOAM_SIGFPE).
fileModificationChecking : Monitoring run-time modified files using timeStampMaster
allowSystemOperations : Allowing user-supplied system call operations

// * * * * * * * * * * * * * * * * * * * * * * * * * * * * * * * * * * * * * //
Create time

Create mesh for time = 0.488

Selecting dynamicFvMesh dynamicMotionSolverFvMesh
Selecting motion solver: displacementLaplacian
Selecting motion diffusion: quadratic
Selecting motion diffusion: quadratic
Selecting motion diffusion: inverseDistance

PIMPLE: no residual control data found. Calculations will employ 3 corrector loops

Reading field p

Reading field U

Reading/calculating face flux field phi

Selecting incompressible transport model Newtonian
Selecting turbulence model type RASModel
Selecting RAS turbulence model kOmegaSST
bounding k, min: 0 max: 0.000601219 average: 0.000149775
kOmegaSSTCoeffs
{
    alphaK1         0.85034;
    alphaK2         1;
    alphaOmega1     0.5;
    alphaOmega2     0.85616;
    gamma1          0.5532;
    gamma2          0.4403;
    beta1           0.075;
    beta2           0.0828;
    betaStar        0.09;
    a1              0.31;
    c1              10;
    Cmu             0.09;
    b1              1;
    F3              false;
}

Reading/calculating face velocity Uf

No finite volume options present

Courant Number mean: 0.122824 max: 0.265768

Starting time loop

Courant Number mean: 0.122824 max: 0.265768
Time = 0.489

GAMG:  Solving for cellDisplacementx, Initial residual = 0, Final residual = 0, No Iterations 0
GAMG:  Solving for cellDisplacementy, Initial residual = 0, Final residual = 0, No Iterations 0
GAMG:  Solving for cellDisplacementz, Initial residual = 0, Final residual = 0, No Iterations 0
PIMPLE: iteration 1
DILUPBiCG:  Solving for Ux, Initial residual = 0.0574728, Final residual = 0.000226433, No Iterations 1
DILUPBiCG:  Solving for Uy, Initial residual = 0.0113679, Final residual = 2.38334e-05, No Iterations 1
DILUPBiCG:  Solving for Uz, Initial residual = 0.0132532, Final residual = 1.26377e-05, No Iterations 1
GAMG:  Solving for p, Initial residual = 0.115491, Final residual = 0.000773442, No Iterations 4
GAMG:  Solving for p, Initial residual = 0.0153994, Final residual = 0.000150685, No Iterations 16
GAMG:  Solving for p, Initial residual = 0.00727493, Final residual = 6.52608e-05, No Iterations 4
time step continuity errors : sum local = 7.62221e-07, global = 2.63564e-07, cumulative = 2.63564e-07
GAMG:  Solving for p, Initial residual = 0.0518874, Final residual = 0.000334108, No Iterations 4
GAMG:  Solving for p, Initial residual = 0.00762338, Final residual = 6.51946e-05, No Iterations 16
GAMG:  Solving for p, Initial residual = 0.00367321, Final residual = 2.9706e-05, No Iterations 4
time step continuity errors : sum local = 3.49381e-07, global = 1.15716e-07, cumulative = 3.79281e-07
PIMPLE: iteration 2
DILUPBiCG:  Solving for Ux, Initial residual = 0.0149544, Final residual = 9.30419e-05, No Iterations 1
DILUPBiCG:  Solving for Uy, Initial residual = 0.0030503, Final residual = 6.34443e-06, No Iterations 1
DILUPBiCG:  Solving for Uz, Initial residual = 0.00280241, Final residual = 9.00564e-06, No Iterations 1
GAMG:  Solving for p, Initial residual = 0.0508543, Final residual = 0.000485454, No Iterations 4
GAMG:  Solving for p, Initial residual = 0.0105355, Final residual = 0.000101226, No Iterations 14
GAMG:  Solving for p, Initial residual = 0.00479213, Final residual = 4.08491e-05, No Iterations 4
time step continuity errors : sum local = 4.17554e-07, global = -1.58664e-07, cumulative = 2.20617e-07
GAMG:  Solving for p, Initial residual = 0.0268574, Final residual = 0.00023173, No Iterations 4
GAMG:  Solving for p, Initial residual = 0.00579558, Final residual = 5.20752e-05, No Iterations 12
GAMG:  Solving for p, Initial residual = 0.00226184, Final residual = 2.03781e-05, No Iterations 4
time step continuity errors : sum local = 2.08682e-07, global = -7.94949e-08, cumulative = 1.41122e-07
PIMPLE: iteration 3
DILUPBiCG:  Solving for Ux, Initial residual = 0.00319853, Final residual = 2.96829e-06, No Iterations 2
DILUPBiCG:  Solving for Uy, Initial residual = 0.000686167, Final residual = 4.95551e-06, No Iterations 1
DILUPBiCG:  Solving for Uz, Initial residual = 0.00508957, Final residual = 2.3476e-06, No Iterations 2
GAMG:  Solving for p, Initial residual = 0.0449412, Final residual = 0.000342485, No Iterations 5
GAMG:  Solving for p, Initial residual = 0.0102586, Final residual = 9.60225e-05, No Iterations 14
GAMG:  Solving for p, Initial residual = 0.00520935, Final residual = 5.01049e-05, No Iterations 10
time step continuity errors : sum local = 5.74071e-07, global = -1.5154e-07, cumulative = -1.04184e-08
GAMG:  Solving for p, Initial residual = 0.00250504, Final residual = 1.93205e-05, No Iterations 8
GAMG:  Solving for p, Initial residual = 0.00130103, Final residual = 9.04207e-06, No Iterations 5
GAMG:  Solving for p, Initial residual = 0.000514443, Final residual = 8.87565e-07, No Iterations 28
time step continuity errors : sum local = 1.00581e-08, global = 3.03091e-09, cumulative = -7.38746e-09
DILUPBiCG:  Solving for omega, Initial residual = 0.0011275, Final residual = 7.08689e-07, No Iterations 1
DILUPBiCG:  Solving for k, Initial residual = 0.00341118, Final residual = 6.9012e-07, No Iterations 2
bounding k, min: 0 max: 0.000588502 average: 0.000148943
ExecutionTime = 12.25 s  ClockTime = 13 s

End

