/*---------------------------------------------------------------------------*\
| =========                 |                                                 |
| \\      /  F ield         | OpenFOAM: The Open Source CFD Toolbox           |
|  \\    /   O peration     | Version:  2.3.1                                 |
|   \\  /    A nd           | Web:      www.OpenFOAM.org                      |
|    \\/     M anipulation  |                                                 |
\*---------------------------------------------------------------------------*/
Build  : 2.3.1-262087cdf8db
Exec   : pimpleDyMFoam
Date   : Jun 06 2023
Time   : 01:50:20
Host   : "jcosson-VirtualBox"
PID    : 12844
Case   : /home/jcosson/workspace/henersj_shootingdata/calcs/moderate_deformed/primal/100_intervals_05-06-23/sweep45/interval65
nProcs : 1
sigFpe : Enabling floating point exception trapping (FOAM_SIGFPE).
fileModificationChecking : Monitoring run-time modified files using timeStampMaster
allowSystemOperations : Allowing user-supplied system call operations

// * * * * * * * * * * * * * * * * * * * * * * * * * * * * * * * * * * * * * //
Create time

Create mesh for time = 0.464

Selecting dynamicFvMesh dynamicMotionSolverFvMesh
Selecting motion solver: displacementLaplacian
Selecting motion diffusion: quadratic
Selecting motion diffusion: quadratic
Selecting motion diffusion: inverseDistance

PIMPLE: no residual control data found. Calculations will employ 3 corrector loops

Reading field p

Reading field U

Reading/calculating face flux field phi

Selecting incompressible transport model Newtonian
Selecting turbulence model type RASModel
Selecting RAS turbulence model kOmegaSST
kOmegaSSTCoeffs
{
    alphaK1         0.85034;
    alphaK2         1;
    alphaOmega1     0.5;
    alphaOmega2     0.85616;
    gamma1          0.5532;
    gamma2          0.4403;
    beta1           0.075;
    beta2           0.0828;
    betaStar        0.09;
    a1              0.31;
    c1              10;
    Cmu             0.09;
    b1              1;
    F3              false;
}

Reading/calculating face velocity Uf

No finite volume options present

Courant Number mean: 0.246927 max: 0.548455

Starting time loop

Courant Number mean: 0.246927 max: 0.548455
Time = 0.465

GAMG:  Solving for cellDisplacementx, Initial residual = 0, Final residual = 0, No Iterations 0
GAMG:  Solving for cellDisplacementy, Initial residual = 0, Final residual = 0, No Iterations 0
GAMG:  Solving for cellDisplacementz, Initial residual = 0, Final residual = 0, No Iterations 0
PIMPLE: iteration 1
DILUPBiCG:  Solving for Ux, Initial residual = 0.0350124, Final residual = 0.000145022, No Iterations 1
DILUPBiCG:  Solving for Uy, Initial residual = 0.00560363, Final residual = 1.32422e-05, No Iterations 1
DILUPBiCG:  Solving for Uz, Initial residual = 0.013908, Final residual = 3.40623e-05, No Iterations 1
GAMG:  Solving for p, Initial residual = 0.142648, Final residual = 0.00119939, No Iterations 6
GAMG:  Solving for p, Initial residual = 0.0169129, Final residual = 0.000166733, No Iterations 18
GAMG:  Solving for p, Initial residual = 0.00711899, Final residual = 6.54938e-05, No Iterations 12
time step continuity errors : sum local = 7.42069e-07, global = 2.23305e-07, cumulative = 2.23305e-07
GAMG:  Solving for p, Initial residual = 0.0588399, Final residual = 0.000390337, No Iterations 6
GAMG:  Solving for p, Initial residual = 0.00850077, Final residual = 7.91345e-05, No Iterations 16
GAMG:  Solving for p, Initial residual = 0.00371115, Final residual = 3.20507e-05, No Iterations 12
time step continuity errors : sum local = 3.61881e-07, global = 1.08054e-07, cumulative = 3.31358e-07
PIMPLE: iteration 2
DILUPBiCG:  Solving for Ux, Initial residual = 0.0106844, Final residual = 5.71123e-05, No Iterations 1
DILUPBiCG:  Solving for Uy, Initial residual = 0.00179938, Final residual = 4.48912e-06, No Iterations 1
DILUPBiCG:  Solving for Uz, Initial residual = 0.00387311, Final residual = 1.19827e-05, No Iterations 1
GAMG:  Solving for p, Initial residual = 0.0600385, Final residual = 0.00044864, No Iterations 4
GAMG:  Solving for p, Initial residual = 0.00986351, Final residual = 9.76691e-05, No Iterations 14
GAMG:  Solving for p, Initial residual = 0.0045156, Final residual = 4.49937e-05, No Iterations 8
time step continuity errors : sum local = 4.29971e-07, global = -1.27595e-07, cumulative = 2.03763e-07
GAMG:  Solving for p, Initial residual = 0.0305531, Final residual = 0.000191479, No Iterations 4
GAMG:  Solving for p, Initial residual = 0.00480634, Final residual = 4.50893e-05, No Iterations 12
GAMG:  Solving for p, Initial residual = 0.00212561, Final residual = 2.07395e-05, No Iterations 8
time step continuity errors : sum local = 1.99218e-07, global = -5.68534e-08, cumulative = 1.4691e-07
PIMPLE: iteration 3
DILUPBiCG:  Solving for Ux, Initial residual = 0.00280604, Final residual = 9.28335e-07, No Iterations 2
DILUPBiCG:  Solving for Uy, Initial residual = 0.000469901, Final residual = 7.0855e-06, No Iterations 1
DILUPBiCG:  Solving for Uz, Initial residual = 0.00628841, Final residual = 1.76415e-06, No Iterations 2
GAMG:  Solving for p, Initial residual = 0.0411345, Final residual = 0.000334149, No Iterations 5
GAMG:  Solving for p, Initial residual = 0.00936079, Final residual = 8.51613e-05, No Iterations 15
GAMG:  Solving for p, Initial residual = 0.00445179, Final residual = 3.80329e-05, No Iterations 10
time step continuity errors : sum local = 4.06201e-07, global = -1.05913e-07, cumulative = 4.09966e-08
GAMG:  Solving for p, Initial residual = 0.0027028, Final residual = 2.41212e-05, No Iterations 20
GAMG:  Solving for p, Initial residual = 0.00153094, Final residual = 1.34375e-05, No Iterations 4
GAMG:  Solving for p, Initial residual = 0.000588003, Final residual = 8.71075e-07, No Iterations 38
time step continuity errors : sum local = 9.28568e-09, global = 2.75042e-09, cumulative = 4.3747e-08
DILUPBiCG:  Solving for omega, Initial residual = 0.000504183, Final residual = 1.37766e-06, No Iterations 1
DILUPBiCG:  Solving for k, Initial residual = 0.00493088, Final residual = 1.60031e-06, No Iterations 2
ExecutionTime = 18.07 s  ClockTime = 19 s

End

