/*---------------------------------------------------------------------------*\
| =========                 |                                                 |
| \\      /  F ield         | OpenFOAM: The Open Source CFD Toolbox           |
|  \\    /   O peration     | Version:  2.3.1                                 |
|   \\  /    A nd           | Web:      www.OpenFOAM.org                      |
|    \\/     M anipulation  |                                                 |
\*---------------------------------------------------------------------------*/
Build  : 2.3.1-262087cdf8db
Exec   : pimpleDyMFoam
Date   : Jun 06 2023
Time   : 01:50:37
Host   : "jcosson-VirtualBox"
PID    : 12862
Case   : /home/jcosson/workspace/henersj_shootingdata/calcs/moderate_deformed/primal/100_intervals_05-06-23/sweep45/interval74
nProcs : 1
sigFpe : Enabling floating point exception trapping (FOAM_SIGFPE).
fileModificationChecking : Monitoring run-time modified files using timeStampMaster
allowSystemOperations : Allowing user-supplied system call operations

// * * * * * * * * * * * * * * * * * * * * * * * * * * * * * * * * * * * * * //
Create time

Create mesh for time = 0.473

Selecting dynamicFvMesh dynamicMotionSolverFvMesh
Selecting motion solver: displacementLaplacian
Selecting motion diffusion: quadratic
Selecting motion diffusion: quadratic
Selecting motion diffusion: inverseDistance

PIMPLE: no residual control data found. Calculations will employ 3 corrector loops

Reading field p

Reading field U

Reading/calculating face flux field phi

Selecting incompressible transport model Newtonian
Selecting turbulence model type RASModel
Selecting RAS turbulence model kOmegaSST
kOmegaSSTCoeffs
{
    alphaK1         0.85034;
    alphaK2         1;
    alphaOmega1     0.5;
    alphaOmega2     0.85616;
    gamma1          0.5532;
    gamma2          0.4403;
    beta1           0.075;
    beta2           0.0828;
    betaStar        0.09;
    a1              0.31;
    c1              10;
    Cmu             0.09;
    b1              1;
    F3              false;
}

Reading/calculating face velocity Uf

No finite volume options present

Courant Number mean: 0.200489 max: 0.442443

Starting time loop

Courant Number mean: 0.200489 max: 0.442443
Time = 0.474

GAMG:  Solving for cellDisplacementx, Initial residual = 0, Final residual = 0, No Iterations 0
GAMG:  Solving for cellDisplacementy, Initial residual = 0, Final residual = 0, No Iterations 0
GAMG:  Solving for cellDisplacementz, Initial residual = 0, Final residual = 0, No Iterations 0
PIMPLE: iteration 1
DILUPBiCG:  Solving for Ux, Initial residual = 0.0553091, Final residual = 0.000228196, No Iterations 1
DILUPBiCG:  Solving for Uy, Initial residual = 0.00921174, Final residual = 2.08714e-05, No Iterations 1
DILUPBiCG:  Solving for Uz, Initial residual = 0.0116913, Final residual = 2.67055e-05, No Iterations 1
GAMG:  Solving for p, Initial residual = 0.125756, Final residual = 0.000947457, No Iterations 6
GAMG:  Solving for p, Initial residual = 0.0145639, Final residual = 0.000142379, No Iterations 18
GAMG:  Solving for p, Initial residual = 0.00638284, Final residual = 5.67208e-05, No Iterations 12
time step continuity errors : sum local = 8.52974e-07, global = 2.57122e-07, cumulative = 2.57122e-07
GAMG:  Solving for p, Initial residual = 0.0535996, Final residual = 0.000530733, No Iterations 4
GAMG:  Solving for p, Initial residual = 0.00738321, Final residual = 7.09214e-05, No Iterations 18
GAMG:  Solving for p, Initial residual = 0.00341586, Final residual = 2.8594e-05, No Iterations 12
time step continuity errors : sum local = 4.30189e-07, global = 1.29074e-07, cumulative = 3.86196e-07
PIMPLE: iteration 2
DILUPBiCG:  Solving for Ux, Initial residual = 0.0158838, Final residual = 9.53705e-05, No Iterations 1
DILUPBiCG:  Solving for Uy, Initial residual = 0.00279006, Final residual = 6.23625e-06, No Iterations 1
DILUPBiCG:  Solving for Uz, Initial residual = 0.00335428, Final residual = 1.26415e-05, No Iterations 1
GAMG:  Solving for p, Initial residual = 0.0537882, Final residual = 0.000475864, No Iterations 4
GAMG:  Solving for p, Initial residual = 0.00877745, Final residual = 8.50637e-05, No Iterations 16
GAMG:  Solving for p, Initial residual = 0.00398714, Final residual = 3.56574e-05, No Iterations 10
time step continuity errors : sum local = 4.58016e-07, global = -1.23883e-07, cumulative = 2.62313e-07
GAMG:  Solving for p, Initial residual = 0.0276873, Final residual = 0.000207816, No Iterations 4
GAMG:  Solving for p, Initial residual = 0.00436131, Final residual = 3.9352e-05, No Iterations 14
GAMG:  Solving for p, Initial residual = 0.00187114, Final residual = 1.71442e-05, No Iterations 10
time step continuity errors : sum local = 2.21385e-07, global = -5.82248e-08, cumulative = 2.04088e-07
PIMPLE: iteration 3
DILUPBiCG:  Solving for Ux, Initial residual = 0.00386454, Final residual = 2.36141e-06, No Iterations 2
DILUPBiCG:  Solving for Uy, Initial residual = 0.000680653, Final residual = 6.51527e-06, No Iterations 1
DILUPBiCG:  Solving for Uz, Initial residual = 0.00720148, Final residual = 3.87251e-06, No Iterations 2
GAMG:  Solving for p, Initial residual = 0.0404091, Final residual = 0.000362496, No Iterations 5
GAMG:  Solving for p, Initial residual = 0.00917871, Final residual = 7.91893e-05, No Iterations 11
GAMG:  Solving for p, Initial residual = 0.00435148, Final residual = 3.6307e-05, No Iterations 10
time step continuity errors : sum local = 5.23723e-07, global = -1.35419e-07, cumulative = 6.86693e-08
GAMG:  Solving for p, Initial residual = 0.00242449, Final residual = 2.31781e-05, No Iterations 18
GAMG:  Solving for p, Initial residual = 0.00133705, Final residual = 1.21688e-05, No Iterations 4
GAMG:  Solving for p, Initial residual = 0.000537782, Final residual = 9.40771e-07, No Iterations 34
time step continuity errors : sum local = 1.35034e-08, global = 3.96349e-09, cumulative = 7.26328e-08
DILUPBiCG:  Solving for omega, Initial residual = 0.00057974, Final residual = 6.31163e-07, No Iterations 1
DILUPBiCG:  Solving for k, Initial residual = 0.0043665, Final residual = 1.61443e-06, No Iterations 2
ExecutionTime = 16.62 s  ClockTime = 17 s

End

