/*---------------------------------------------------------------------------*\
| =========                 |                                                 |
| \\      /  F ield         | OpenFOAM: The Open Source CFD Toolbox           |
|  \\    /   O peration     | Version:  2.3.1                                 |
|   \\  /    A nd           | Web:      www.OpenFOAM.org                      |
|    \\/     M anipulation  |                                                 |
\*---------------------------------------------------------------------------*/
Build  : 2.3.1-262087cdf8db
Exec   : pimpleDyMFoam
Date   : Jun 06 2023
Time   : 01:45:04
Host   : "jcosson-VirtualBox"
PID    : 10271
Case   : /home/jcosson/workspace/henersj_shootingdata/calcs/moderate_deformed/primal/100_intervals_05-06-23/sweep43/interval53
nProcs : 1
sigFpe : Enabling floating point exception trapping (FOAM_SIGFPE).
fileModificationChecking : Monitoring run-time modified files using timeStampMaster
allowSystemOperations : Allowing user-supplied system call operations

// * * * * * * * * * * * * * * * * * * * * * * * * * * * * * * * * * * * * * //
Create time

Create mesh for time = 0.452

Selecting dynamicFvMesh dynamicMotionSolverFvMesh
Selecting motion solver: displacementLaplacian
Selecting motion diffusion: quadratic
Selecting motion diffusion: quadratic
Selecting motion diffusion: inverseDistance

PIMPLE: no residual control data found. Calculations will employ 3 corrector loops

Reading field p

Reading field U

Reading/calculating face flux field phi

Selecting incompressible transport model Newtonian
Selecting turbulence model type RASModel
Selecting RAS turbulence model kOmegaSST
kOmegaSSTCoeffs
{
    alphaK1         0.85034;
    alphaK2         1;
    alphaOmega1     0.5;
    alphaOmega2     0.85616;
    gamma1          0.5532;
    gamma2          0.4403;
    beta1           0.075;
    beta2           0.0828;
    betaStar        0.09;
    a1              0.31;
    c1              10;
    Cmu             0.09;
    b1              1;
    F3              false;
}

Reading/calculating face velocity Uf

No finite volume options present

Courant Number mean: 0.279308 max: 0.619831

Starting time loop

Courant Number mean: 0.279308 max: 0.619831
Time = 0.453

GAMG:  Solving for cellDisplacementx, Initial residual = 0, Final residual = 0, No Iterations 0
GAMG:  Solving for cellDisplacementy, Initial residual = 0, Final residual = 0, No Iterations 0
GAMG:  Solving for cellDisplacementz, Initial residual = 0, Final residual = 0, No Iterations 0
PIMPLE: iteration 1
DILUPBiCG:  Solving for Ux, Initial residual = 0.00377834, Final residual = 1.51078e-05, No Iterations 1
DILUPBiCG:  Solving for Uy, Initial residual = 0.000729661, Final residual = 4.95111e-06, No Iterations 1
DILUPBiCG:  Solving for Uz, Initial residual = 0.0135379, Final residual = 3.32268e-05, No Iterations 1
GAMG:  Solving for p, Initial residual = 0.25718, Final residual = 0.00190001, No Iterations 6
GAMG:  Solving for p, Initial residual = 0.0389819, Final residual = 0.000340287, No Iterations 14
GAMG:  Solving for p, Initial residual = 0.0154178, Final residual = 0.00013044, No Iterations 12
time step continuity errors : sum local = 4.16401e-07, global = 1.23861e-07, cumulative = 1.23861e-07
GAMG:  Solving for p, Initial residual = 0.100864, Final residual = 0.000888475, No Iterations 4
GAMG:  Solving for p, Initial residual = 0.0198997, Final residual = 0.000179208, No Iterations 12
GAMG:  Solving for p, Initial residual = 0.00797474, Final residual = 6.65691e-05, No Iterations 12
time step continuity errors : sum local = 2.11766e-07, global = 6.28284e-08, cumulative = 1.86689e-07
PIMPLE: iteration 2
DILUPBiCG:  Solving for Ux, Initial residual = 0.00163966, Final residual = 1.35746e-05, No Iterations 1
DILUPBiCG:  Solving for Uy, Initial residual = 0.000300757, Final residual = 2.22296e-06, No Iterations 1
DILUPBiCG:  Solving for Uz, Initial residual = 0.00428092, Final residual = 1.3033e-05, No Iterations 1
GAMG:  Solving for p, Initial residual = 0.10437, Final residual = 0.000637754, No Iterations 3
GAMG:  Solving for p, Initial residual = 0.0196874, Final residual = 0.000190721, No Iterations 6
GAMG:  Solving for p, Initial residual = 0.00789242, Final residual = 5.69788e-05, No Iterations 5
time step continuity errors : sum local = 1.63235e-07, global = 4.62507e-08, cumulative = 2.3294e-07
GAMG:  Solving for p, Initial residual = 0.0495586, Final residual = 0.000265966, No Iterations 3
GAMG:  Solving for p, Initial residual = 0.00960562, Final residual = 8.77787e-05, No Iterations 5
GAMG:  Solving for p, Initial residual = 0.0039843, Final residual = 3.17824e-05, No Iterations 10
time step continuity errors : sum local = 9.14713e-08, global = 2.30692e-08, cumulative = 2.56009e-07
PIMPLE: iteration 3
DILUPBiCG:  Solving for Ux, Initial residual = 0.00066365, Final residual = 1.23952e-07, No Iterations 2
DILUPBiCG:  Solving for Uy, Initial residual = 0.000119194, Final residual = 1.93786e-06, No Iterations 1
DILUPBiCG:  Solving for Uz, Initial residual = 0.00141375, Final residual = 8.23651e-06, No Iterations 1
GAMG:  Solving for p, Initial residual = 0.080416, Final residual = 0.000345511, No Iterations 4
GAMG:  Solving for p, Initial residual = 0.0176911, Final residual = 0.00014592, No Iterations 4
GAMG:  Solving for p, Initial residual = 0.0081258, Final residual = 7.58899e-05, No Iterations 4
time step continuity errors : sum local = 2.24016e-07, global = -3.91037e-08, cumulative = 2.16906e-07
GAMG:  Solving for p, Initial residual = 0.00588662, Final residual = 3.33913e-05, No Iterations 5
GAMG:  Solving for p, Initial residual = 0.00309229, Final residual = 2.53775e-05, No Iterations 4
GAMG:  Solving for p, Initial residual = 0.0010939, Final residual = 9.65875e-07, No Iterations 28
time step continuity errors : sum local = 2.83268e-09, global = 8.6211e-10, cumulative = 2.17768e-07
DILUPBiCG:  Solving for omega, Initial residual = 0.000959401, Final residual = 1.38171e-06, No Iterations 1
DILUPBiCG:  Solving for k, Initial residual = 0.00483852, Final residual = 1.12028e-06, No Iterations 2
ExecutionTime = 15.97 s  ClockTime = 16 s

End

