/*---------------------------------------------------------------------------*\
| =========                 |                                                 |
| \\      /  F ield         | OpenFOAM: The Open Source CFD Toolbox           |
|  \\    /   O peration     | Version:  2.3.1                                 |
|   \\  /    A nd           | Web:      www.OpenFOAM.org                      |
|    \\/     M anipulation  |                                                 |
\*---------------------------------------------------------------------------*/
Build  : 2.3.1-262087cdf8db
Exec   : pimpleDyMFoam
Date   : Jun 06 2023
Time   : 01:45:25
Host   : "jcosson-VirtualBox"
PID    : 10310
Case   : /home/jcosson/workspace/henersj_shootingdata/calcs/moderate_deformed/primal/100_intervals_05-06-23/sweep43/interval71
nProcs : 1
sigFpe : Enabling floating point exception trapping (FOAM_SIGFPE).
fileModificationChecking : Monitoring run-time modified files using timeStampMaster
allowSystemOperations : Allowing user-supplied system call operations

// * * * * * * * * * * * * * * * * * * * * * * * * * * * * * * * * * * * * * //
Create time

Create mesh for time = 0.47

Selecting dynamicFvMesh dynamicMotionSolverFvMesh
Selecting motion solver: displacementLaplacian
Selecting motion diffusion: quadratic
Selecting motion diffusion: quadratic
Selecting motion diffusion: inverseDistance

PIMPLE: no residual control data found. Calculations will employ 3 corrector loops

Reading field p

Reading field U

Reading/calculating face flux field phi

Selecting incompressible transport model Newtonian
Selecting turbulence model type RASModel
Selecting RAS turbulence model kOmegaSST
kOmegaSSTCoeffs
{
    alphaK1         0.85034;
    alphaK2         1;
    alphaOmega1     0.5;
    alphaOmega2     0.85616;
    gamma1          0.5532;
    gamma2          0.4403;
    beta1           0.075;
    beta2           0.0828;
    betaStar        0.09;
    a1              0.31;
    c1              10;
    Cmu             0.09;
    b1              1;
    F3              false;
}

Reading/calculating face velocity Uf

No finite volume options present

Courant Number mean: 0.21714 max: 0.480267

Starting time loop

Courant Number mean: 0.21714 max: 0.480267
Time = 0.471

GAMG:  Solving for cellDisplacementx, Initial residual = 0, Final residual = 0, No Iterations 0
GAMG:  Solving for cellDisplacementy, Initial residual = 0, Final residual = 0, No Iterations 0
GAMG:  Solving for cellDisplacementz, Initial residual = 0, Final residual = 0, No Iterations 0
PIMPLE: iteration 1
DILUPBiCG:  Solving for Ux, Initial residual = 0.0492182, Final residual = 0.000204966, No Iterations 1
DILUPBiCG:  Solving for Uy, Initial residual = 0.00805115, Final residual = 1.85838e-05, No Iterations 1
DILUPBiCG:  Solving for Uz, Initial residual = 0.0124285, Final residual = 3.00445e-05, No Iterations 1
GAMG:  Solving for p, Initial residual = 0.130356, Final residual = 0.00102631, No Iterations 6
GAMG:  Solving for p, Initial residual = 0.0150339, Final residual = 0.000149894, No Iterations 18
GAMG:  Solving for p, Initial residual = 0.00650638, Final residual = 5.94543e-05, No Iterations 12
time step continuity errors : sum local = 8.4411e-07, global = 2.54106e-07, cumulative = 2.54106e-07
GAMG:  Solving for p, Initial residual = 0.0549818, Final residual = 0.000343952, No Iterations 6
GAMG:  Solving for p, Initial residual = 0.00759488, Final residual = 7.15401e-05, No Iterations 16
GAMG:  Solving for p, Initial residual = 0.00338503, Final residual = 2.9507e-05, No Iterations 12
time step continuity errors : sum local = 4.18546e-07, global = 1.25265e-07, cumulative = 3.7937e-07
PIMPLE: iteration 2
DILUPBiCG:  Solving for Ux, Initial residual = 0.0144124, Final residual = 8.46119e-05, No Iterations 1
DILUPBiCG:  Solving for Uy, Initial residual = 0.00248637, Final residual = 5.70926e-06, No Iterations 1
DILUPBiCG:  Solving for Uz, Initial residual = 0.0035722, Final residual = 1.28309e-05, No Iterations 1
GAMG:  Solving for p, Initial residual = 0.0554702, Final residual = 0.00047345, No Iterations 4
GAMG:  Solving for p, Initial residual = 0.00898729, Final residual = 8.51746e-05, No Iterations 16
GAMG:  Solving for p, Initial residual = 0.00410793, Final residual = 3.98214e-05, No Iterations 8
time step continuity errors : sum local = 4.80397e-07, global = -1.44211e-07, cumulative = 2.35159e-07
GAMG:  Solving for p, Initial residual = 0.0284668, Final residual = 0.000205718, No Iterations 4
GAMG:  Solving for p, Initial residual = 0.00444572, Final residual = 3.90579e-05, No Iterations 14
GAMG:  Solving for p, Initial residual = 0.00192554, Final residual = 1.893e-05, No Iterations 8
time step continuity errors : sum local = 2.29633e-07, global = -6.40337e-08, cumulative = 1.71125e-07
PIMPLE: iteration 3
DILUPBiCG:  Solving for Ux, Initial residual = 0.00359068, Final residual = 1.87569e-06, No Iterations 2
DILUPBiCG:  Solving for Uy, Initial residual = 0.000618782, Final residual = 6.88033e-06, No Iterations 1
DILUPBiCG:  Solving for Uz, Initial residual = 0.00717057, Final residual = 3.23595e-06, No Iterations 2
GAMG:  Solving for p, Initial residual = 0.0402003, Final residual = 0.000330877, No Iterations 5
GAMG:  Solving for p, Initial residual = 0.00906041, Final residual = 8.65984e-05, No Iterations 13
GAMG:  Solving for p, Initial residual = 0.0043581, Final residual = 4.29102e-05, No Iterations 10
time step continuity errors : sum local = 5.81224e-07, global = -1.515e-07, cumulative = 1.96248e-08
GAMG:  Solving for p, Initial residual = 0.00247135, Final residual = 2.15732e-05, No Iterations 18
GAMG:  Solving for p, Initial residual = 0.00136742, Final residual = 1.13947e-05, No Iterations 4
GAMG:  Solving for p, Initial residual = 0.000547324, Final residual = 8.69021e-07, No Iterations 34
time step continuity errors : sum local = 1.17196e-08, global = 3.44159e-09, cumulative = 2.30664e-08
DILUPBiCG:  Solving for omega, Initial residual = 0.000503447, Final residual = 6.32776e-07, No Iterations 1
DILUPBiCG:  Solving for k, Initial residual = 0.0045881, Final residual = 1.76252e-06, No Iterations 2
ExecutionTime = 15 s  ClockTime = 15 s

End

