/*---------------------------------------------------------------------------*\
| =========                 |                                                 |
| \\      /  F ield         | OpenFOAM: The Open Source CFD Toolbox           |
|  \\    /   O peration     | Version:  2.3.1                                 |
|   \\  /    A nd           | Web:      www.OpenFOAM.org                      |
|    \\/     M anipulation  |                                                 |
\*---------------------------------------------------------------------------*/
Build  : 2.3.1-262087cdf8db
Exec   : pimpleDyMFoam
Date   : Jun 06 2023
Time   : 01:45:04
Host   : "jcosson-VirtualBox"
PID    : 10267
Case   : /home/jcosson/workspace/henersj_shootingdata/calcs/moderate_deformed/primal/100_intervals_05-06-23/sweep43/interval45
nProcs : 1
sigFpe : Enabling floating point exception trapping (FOAM_SIGFPE).
fileModificationChecking : Monitoring run-time modified files using timeStampMaster
allowSystemOperations : Allowing user-supplied system call operations

// * * * * * * * * * * * * * * * * * * * * * * * * * * * * * * * * * * * * * //
Create time

Create mesh for time = 0.444

Selecting dynamicFvMesh dynamicMotionSolverFvMesh
Selecting motion solver: displacementLaplacian
Selecting motion diffusion: quadratic
Selecting motion diffusion: quadratic
Selecting motion diffusion: inverseDistance

PIMPLE: no residual control data found. Calculations will employ 3 corrector loops

Reading field p

Reading field U

Reading/calculating face flux field phi

Selecting incompressible transport model Newtonian
Selecting turbulence model type RASModel
Selecting RAS turbulence model kOmegaSST
kOmegaSSTCoeffs
{
    alphaK1         0.85034;
    alphaK2         1;
    alphaOmega1     0.5;
    alphaOmega2     0.85616;
    gamma1          0.5532;
    gamma2          0.4403;
    beta1           0.075;
    beta2           0.0828;
    betaStar        0.09;
    a1              0.31;
    c1              10;
    Cmu             0.09;
    b1              1;
    F3              false;
}

Reading/calculating face velocity Uf

No finite volume options present

Courant Number mean: 0.273546 max: 0.604422

Starting time loop

Courant Number mean: 0.273546 max: 0.604422
Time = 0.445

GAMG:  Solving for cellDisplacementx, Initial residual = 0, Final residual = 0, No Iterations 0
GAMG:  Solving for cellDisplacementy, Initial residual = 0, Final residual = 0, No Iterations 0
GAMG:  Solving for cellDisplacementz, Initial residual = 0, Final residual = 0, No Iterations 0
PIMPLE: iteration 1
DILUPBiCG:  Solving for Ux, Initial residual = 0.0171596, Final residual = 6.20208e-05, No Iterations 1
DILUPBiCG:  Solving for Uy, Initial residual = 0.00268128, Final residual = 8.87292e-06, No Iterations 1
DILUPBiCG:  Solving for Uz, Initial residual = 0.010428, Final residual = 2.2863e-05, No Iterations 1
GAMG:  Solving for p, Initial residual = 0.120449, Final residual = 0.00120337, No Iterations 3
GAMG:  Solving for p, Initial residual = 0.0177135, Final residual = 0.000163117, No Iterations 11
GAMG:  Solving for p, Initial residual = 0.00770969, Final residual = 7.53486e-05, No Iterations 10
time step continuity errors : sum local = 5.07211e-07, global = -1.37465e-07, cumulative = -1.37465e-07
GAMG:  Solving for p, Initial residual = 0.0557447, Final residual = 0.000492602, No Iterations 3
GAMG:  Solving for p, Initial residual = 0.00862297, Final residual = 7.13085e-05, No Iterations 11
GAMG:  Solving for p, Initial residual = 0.00387673, Final residual = 3.3487e-05, No Iterations 10
time step continuity errors : sum local = 2.26666e-07, global = -6.1725e-08, cumulative = -1.9919e-07
PIMPLE: iteration 2
DILUPBiCG:  Solving for Ux, Initial residual = 0.00463307, Final residual = 2.01813e-05, No Iterations 1
DILUPBiCG:  Solving for Uy, Initial residual = 0.000746278, Final residual = 6.26991e-06, No Iterations 1
DILUPBiCG:  Solving for Uz, Initial residual = 0.00330783, Final residual = 1.3166e-05, No Iterations 1
GAMG:  Solving for p, Initial residual = 0.0556922, Final residual = 0.000509991, No Iterations 5
GAMG:  Solving for p, Initial residual = 0.0162503, Final residual = 0.000159039, No Iterations 9
GAMG:  Solving for p, Initial residual = 0.00516498, Final residual = 4.46522e-05, No Iterations 16
time step continuity errors : sum local = 2.5968e-07, global = 7.67339e-08, cumulative = -1.22456e-07
GAMG:  Solving for p, Initial residual = 0.0295326, Final residual = 0.000271333, No Iterations 4
GAMG:  Solving for p, Initial residual = 0.00762109, Final residual = 6.96767e-05, No Iterations 10
GAMG:  Solving for p, Initial residual = 0.00248319, Final residual = 2.22739e-05, No Iterations 14
time step continuity errors : sum local = 1.30244e-07, global = 3.88567e-08, cumulative = -8.35998e-08
PIMPLE: iteration 3
DILUPBiCG:  Solving for Ux, Initial residual = 0.000902475, Final residual = 6.9124e-06, No Iterations 1
DILUPBiCG:  Solving for Uy, Initial residual = 0.000152439, Final residual = 4.9871e-06, No Iterations 1
DILUPBiCG:  Solving for Uz, Initial residual = 0.00330071, Final residual = 9.59903e-07, No Iterations 2
GAMG:  Solving for p, Initial residual = 0.0550269, Final residual = 0.000396955, No Iterations 5
GAMG:  Solving for p, Initial residual = 0.0148649, Final residual = 0.000129291, No Iterations 12
GAMG:  Solving for p, Initial residual = 0.00661169, Final residual = 6.48155e-05, No Iterations 10
time step continuity errors : sum local = 4.14636e-07, global = 1.11474e-07, cumulative = 2.78742e-08
GAMG:  Solving for p, Initial residual = 0.00411737, Final residual = 2.31974e-05, No Iterations 6
GAMG:  Solving for p, Initial residual = 0.00247586, Final residual = 1.96847e-05, No Iterations 4
GAMG:  Solving for p, Initial residual = 0.000794327, Final residual = 8.74529e-07, No Iterations 33
time step continuity errors : sum local = 5.57164e-09, global = -1.63042e-09, cumulative = 2.62438e-08
DILUPBiCG:  Solving for omega, Initial residual = 0.00117558, Final residual = 1.53058e-06, No Iterations 1
DILUPBiCG:  Solving for k, Initial residual = 0.0062006, Final residual = 9.48634e-07, No Iterations 2
ExecutionTime = 16.47 s  ClockTime = 17 s

End

