/*---------------------------------------------------------------------------*\
| =========                 |                                                 |
| \\      /  F ield         | OpenFOAM: The Open Source CFD Toolbox           |
|  \\    /   O peration     | Version:  2.3.1                                 |
|   \\  /    A nd           | Web:      www.OpenFOAM.org                      |
|    \\/     M anipulation  |                                                 |
\*---------------------------------------------------------------------------*/
Build  : 2.3.1-262087cdf8db
Exec   : pimpleDyMFoam
Date   : Jun 06 2023
Time   : 01:45:19
Host   : "jcosson-VirtualBox"
PID    : 10286
Case   : /home/jcosson/workspace/henersj_shootingdata/calcs/moderate_deformed/primal/100_intervals_05-06-23/sweep43/interval59
nProcs : 1
sigFpe : Enabling floating point exception trapping (FOAM_SIGFPE).
fileModificationChecking : Monitoring run-time modified files using timeStampMaster
allowSystemOperations : Allowing user-supplied system call operations

// * * * * * * * * * * * * * * * * * * * * * * * * * * * * * * * * * * * * * //
Create time

Create mesh for time = 0.458

Selecting dynamicFvMesh dynamicMotionSolverFvMesh
Selecting motion solver: displacementLaplacian
Selecting motion diffusion: quadratic
Selecting motion diffusion: quadratic
Selecting motion diffusion: inverseDistance

PIMPLE: no residual control data found. Calculations will employ 3 corrector loops

Reading field p

Reading field U

Reading/calculating face flux field phi

Selecting incompressible transport model Newtonian
Selecting turbulence model type RASModel
Selecting RAS turbulence model kOmegaSST
kOmegaSSTCoeffs
{
    alphaK1         0.85034;
    alphaK2         1;
    alphaOmega1     0.5;
    alphaOmega2     0.85616;
    gamma1          0.5532;
    gamma2          0.4403;
    beta1           0.075;
    beta2           0.0828;
    betaStar        0.09;
    a1              0.31;
    c1              10;
    Cmu             0.09;
    b1              1;
    F3              false;
}

Reading/calculating face velocity Uf

No finite volume options present

Courant Number mean: 0.268726 max: 0.597054

Starting time loop

Courant Number mean: 0.268726 max: 0.597054
Time = 0.459

GAMG:  Solving for cellDisplacementx, Initial residual = 0, Final residual = 0, No Iterations 0
GAMG:  Solving for cellDisplacementy, Initial residual = 0, Final residual = 0, No Iterations 0
GAMG:  Solving for cellDisplacementz, Initial residual = 0, Final residual = 0, No Iterations 0
PIMPLE: iteration 1
DILUPBiCG:  Solving for Ux, Initial residual = 0.0195289, Final residual = 7.61778e-05, No Iterations 1
DILUPBiCG:  Solving for Uy, Initial residual = 0.00312813, Final residual = 7.42909e-06, No Iterations 1
DILUPBiCG:  Solving for Uz, Initial residual = 0.0144889, Final residual = 3.49357e-05, No Iterations 1
GAMG:  Solving for p, Initial residual = 0.167041, Final residual = 0.00143059, No Iterations 6
GAMG:  Solving for p, Initial residual = 0.021791, Final residual = 0.00018942, No Iterations 18
GAMG:  Solving for p, Initial residual = 0.00878161, Final residual = 7.24859e-05, No Iterations 12
time step continuity errors : sum local = 5.36343e-07, global = 1.60969e-07, cumulative = 1.60969e-07
GAMG:  Solving for p, Initial residual = 0.0671601, Final residual = 0.000452683, No Iterations 6
GAMG:  Solving for p, Initial residual = 0.0108163, Final residual = 0.000104176, No Iterations 14
GAMG:  Solving for p, Initial residual = 0.00453541, Final residual = 4.17225e-05, No Iterations 12
time step continuity errors : sum local = 3.06492e-07, global = 9.14539e-08, cumulative = 2.52423e-07
PIMPLE: iteration 2
DILUPBiCG:  Solving for Ux, Initial residual = 0.00631698, Final residual = 2.72749e-05, No Iterations 1
DILUPBiCG:  Solving for Uy, Initial residual = 0.00105648, Final residual = 3.431e-06, No Iterations 1
DILUPBiCG:  Solving for Uz, Initial residual = 0.00397004, Final residual = 1.09977e-05, No Iterations 1
GAMG:  Solving for p, Initial residual = 0.0692652, Final residual = 0.000337773, No Iterations 4
GAMG:  Solving for p, Initial residual = 0.0117741, Final residual = 0.00010517, No Iterations 12
GAMG:  Solving for p, Initial residual = 0.00539711, Final residual = 4.54474e-05, No Iterations 8
time step continuity errors : sum local = 2.84648e-07, global = -9.46463e-08, cumulative = 1.57776e-07
GAMG:  Solving for p, Initial residual = 0.0346916, Final residual = 0.000145378, No Iterations 4
GAMG:  Solving for p, Initial residual = 0.00574993, Final residual = 4.8423e-05, No Iterations 10
GAMG:  Solving for p, Initial residual = 0.00258207, Final residual = 2.54231e-05, No Iterations 6
time step continuity errors : sum local = 1.59864e-07, global = -6.08181e-08, cumulative = 9.69582e-08
PIMPLE: iteration 3
DILUPBiCG:  Solving for Ux, Initial residual = 0.00181117, Final residual = 3.48863e-07, No Iterations 2
DILUPBiCG:  Solving for Uy, Initial residual = 0.000301067, Final residual = 5.79074e-06, No Iterations 1
DILUPBiCG:  Solving for Uz, Initial residual = 0.00404961, Final residual = 8.74706e-07, No Iterations 2
GAMG:  Solving for p, Initial residual = 0.0460237, Final residual = 0.000341718, No Iterations 5
GAMG:  Solving for p, Initial residual = 0.0108795, Final residual = 9.5264e-05, No Iterations 13
GAMG:  Solving for p, Initial residual = 0.00500906, Final residual = 4.94266e-05, No Iterations 4
time step continuity errors : sum local = 3.4167e-07, global = -1.24887e-07, cumulative = -2.79285e-08
GAMG:  Solving for p, Initial residual = 0.00332783, Final residual = 1.97147e-05, No Iterations 6
GAMG:  Solving for p, Initial residual = 0.00182547, Final residual = 1.55337e-05, No Iterations 5
GAMG:  Solving for p, Initial residual = 0.000690757, Final residual = 9.80441e-07, No Iterations 32
time step continuity errors : sum local = 6.76454e-09, global = 1.99635e-09, cumulative = -2.59321e-08
DILUPBiCG:  Solving for omega, Initial residual = 0.000697131, Final residual = 1.18223e-06, No Iterations 1
DILUPBiCG:  Solving for k, Initial residual = 0.00481648, Final residual = 1.0154e-06, No Iterations 2
ExecutionTime = 16.17 s  ClockTime = 17 s

End

