/*---------------------------------------------------------------------------*\
| =========                 |                                                 |
| \\      /  F ield         | OpenFOAM: The Open Source CFD Toolbox           |
|  \\    /   O peration     | Version:  2.3.1                                 |
|   \\  /    A nd           | Web:      www.OpenFOAM.org                      |
|    \\/     M anipulation  |                                                 |
\*---------------------------------------------------------------------------*/
Build  : 2.3.1-262087cdf8db
Exec   : pimpleDyMFoam
Date   : Jun 06 2023
Time   : 01:45:40
Host   : "jcosson-VirtualBox"
PID    : 10338
Case   : /home/jcosson/workspace/henersj_shootingdata/calcs/moderate_deformed/primal/100_intervals_05-06-23/sweep43/interval85
nProcs : 1
sigFpe : Enabling floating point exception trapping (FOAM_SIGFPE).
fileModificationChecking : Monitoring run-time modified files using timeStampMaster
allowSystemOperations : Allowing user-supplied system call operations

// * * * * * * * * * * * * * * * * * * * * * * * * * * * * * * * * * * * * * //
Create time

Create mesh for time = 0.484

Selecting dynamicFvMesh dynamicMotionSolverFvMesh
Selecting motion solver: displacementLaplacian
Selecting motion diffusion: quadratic
Selecting motion diffusion: quadratic
Selecting motion diffusion: inverseDistance

PIMPLE: no residual control data found. Calculations will employ 3 corrector loops

Reading field p

Reading field U

Reading/calculating face flux field phi

Selecting incompressible transport model Newtonian
Selecting turbulence model type RASModel
Selecting RAS turbulence model kOmegaSST
bounding k, min: 0 max: 0.000695082 average: 0.00015716
kOmegaSSTCoeffs
{
    alphaK1         0.85034;
    alphaK2         1;
    alphaOmega1     0.5;
    alphaOmega2     0.85616;
    gamma1          0.5532;
    gamma2          0.4403;
    beta1           0.075;
    beta2           0.0828;
    betaStar        0.09;
    a1              0.31;
    c1              10;
    Cmu             0.09;
    b1              1;
    F3              false;
}

Reading/calculating face velocity Uf

No finite volume options present

Courant Number mean: 0.140723 max: 0.31443

Starting time loop

Courant Number mean: 0.140723 max: 0.31443
Time = 0.485

GAMG:  Solving for cellDisplacementx, Initial residual = 0, Final residual = 0, No Iterations 0
GAMG:  Solving for cellDisplacementy, Initial residual = 0, Final residual = 0, No Iterations 0
GAMG:  Solving for cellDisplacementz, Initial residual = 0, Final residual = 0, No Iterations 0
PIMPLE: iteration 1
DILUPBiCG:  Solving for Ux, Initial residual = 0.0634661, Final residual = 0.000241491, No Iterations 1
DILUPBiCG:  Solving for Uy, Initial residual = 0.0118841, Final residual = 2.44105e-05, No Iterations 1
DILUPBiCG:  Solving for Uz, Initial residual = 0.0110949, Final residual = 1.43161e-05, No Iterations 1
GAMG:  Solving for p, Initial residual = 0.118645, Final residual = 0.000969475, No Iterations 4
GAMG:  Solving for p, Initial residual = 0.0151542, Final residual = 0.000139102, No Iterations 18
GAMG:  Solving for p, Initial residual = 0.00709325, Final residual = 5.91556e-05, No Iterations 10
time step continuity errors : sum local = 8.16056e-07, global = 2.14735e-07, cumulative = 2.14735e-07
GAMG:  Solving for p, Initial residual = 0.0523978, Final residual = 0.000387674, No Iterations 4
GAMG:  Solving for p, Initial residual = 0.00756105, Final residual = 6.8223e-05, No Iterations 16
GAMG:  Solving for p, Initial residual = 0.0035865, Final residual = 3.14747e-05, No Iterations 10
time step continuity errors : sum local = 4.36143e-07, global = 1.15107e-07, cumulative = 3.29842e-07
PIMPLE: iteration 2
DILUPBiCG:  Solving for Ux, Initial residual = 0.0169404, Final residual = 9.8209e-05, No Iterations 1
DILUPBiCG:  Solving for Uy, Initial residual = 0.00331197, Final residual = 6.715e-06, No Iterations 1
DILUPBiCG:  Solving for Uz, Initial residual = 0.00264072, Final residual = 9.83788e-06, No Iterations 1
GAMG:  Solving for p, Initial residual = 0.0517917, Final residual = 0.000483981, No Iterations 4
GAMG:  Solving for p, Initial residual = 0.00960391, Final residual = 8.63023e-05, No Iterations 16
GAMG:  Solving for p, Initial residual = 0.0042101, Final residual = 4.01179e-05, No Iterations 8
time step continuity errors : sum local = 4.81676e-07, global = -1.15138e-07, cumulative = 2.14704e-07
GAMG:  Solving for p, Initial residual = 0.0269917, Final residual = 0.000222441, No Iterations 4
GAMG:  Solving for p, Initial residual = 0.00493122, Final residual = 4.27743e-05, No Iterations 14
GAMG:  Solving for p, Initial residual = 0.00199259, Final residual = 1.7206e-05, No Iterations 10
time step continuity errors : sum local = 2.07381e-07, global = -5.20776e-08, cumulative = 1.62626e-07
PIMPLE: iteration 3
DILUPBiCG:  Solving for Ux, Initial residual = 0.00376311, Final residual = 2.84883e-06, No Iterations 2
DILUPBiCG:  Solving for Uy, Initial residual = 0.000759306, Final residual = 4.95353e-06, No Iterations 1
DILUPBiCG:  Solving for Uz, Initial residual = 0.00550129, Final residual = 2.56159e-06, No Iterations 2
GAMG:  Solving for p, Initial residual = 0.0430132, Final residual = 0.00033369, No Iterations 5
GAMG:  Solving for p, Initial residual = 0.00976631, Final residual = 8.7127e-05, No Iterations 14
GAMG:  Solving for p, Initial residual = 0.00485453, Final residual = 4.51602e-05, No Iterations 10
time step continuity errors : sum local = 6.08845e-07, global = -1.59628e-07, cumulative = 2.99815e-09
GAMG:  Solving for p, Initial residual = 0.00242936, Final residual = 2.1553e-05, No Iterations 6
GAMG:  Solving for p, Initial residual = 0.00127638, Final residual = 1.21305e-05, No Iterations 4
GAMG:  Solving for p, Initial residual = 0.000530979, Final residual = 9.83245e-07, No Iterations 34
time step continuity errors : sum local = 1.31201e-08, global = 3.84752e-09, cumulative = 6.84567e-09
DILUPBiCG:  Solving for omega, Initial residual = 0.00103602, Final residual = 7.54907e-07, No Iterations 1
DILUPBiCG:  Solving for k, Initial residual = 0.00377496, Final residual = 6.96623e-07, No Iterations 2
bounding k, min: 0 max: 0.000681739 average: 0.000156151
ExecutionTime = 16.6 s  ClockTime = 17 s

End

