/*---------------------------------------------------------------------------*\
| =========                 |                                                 |
| \\      /  F ield         | OpenFOAM: The Open Source CFD Toolbox           |
|  \\    /   O peration     | Version:  2.3.1                                 |
|   \\  /    A nd           | Web:      www.OpenFOAM.org                      |
|    \\/     M anipulation  |                                                 |
\*---------------------------------------------------------------------------*/
Build  : 2.3.1-262087cdf8db
Exec   : pimpleDyMFoam
Date   : Jun 06 2023
Time   : 02:46:44
Host   : "jcosson-VirtualBox"
PID    : 9135
Case   : /home/jcosson/workspace/henersj_shootingdata/calcs/moderate_deformed/primal/100_intervals_05-06-23/sweep74/interval80
nProcs : 1
sigFpe : Enabling floating point exception trapping (FOAM_SIGFPE).
fileModificationChecking : Monitoring run-time modified files using timeStampMaster
allowSystemOperations : Allowing user-supplied system call operations

// * * * * * * * * * * * * * * * * * * * * * * * * * * * * * * * * * * * * * //
Create time

Create mesh for time = 0.479

Selecting dynamicFvMesh dynamicMotionSolverFvMesh
Selecting motion solver: displacementLaplacian
Selecting motion diffusion: quadratic
Selecting motion diffusion: quadratic
Selecting motion diffusion: inverseDistance

PIMPLE: no residual control data found. Calculations will employ 3 corrector loops

Reading field p

Reading field U

Reading/calculating face flux field phi

Selecting incompressible transport model Newtonian
Selecting turbulence model type RASModel
Selecting RAS turbulence model kOmegaSST
bounding k, min: 0 max: 0.000687189 average: 0.000158349
kOmegaSSTCoeffs
{
    alphaK1         0.85034;
    alphaK2         1;
    alphaOmega1     0.5;
    alphaOmega2     0.85616;
    gamma1          0.5532;
    gamma2          0.4403;
    beta1           0.075;
    beta2           0.0828;
    betaStar        0.09;
    a1              0.31;
    c1              10;
    Cmu             0.09;
    b1              1;
    F3              false;
}

Reading/calculating face velocity Uf

No finite volume options present

Courant Number mean: 0.166401 max: 0.366404

Starting time loop

Courant Number mean: 0.166401 max: 0.366404
Time = 0.48

GAMG:  Solving for cellDisplacementx, Initial residual = 0, Final residual = 0, No Iterations 0
GAMG:  Solving for cellDisplacementy, Initial residual = 0, Final residual = 0, No Iterations 0
GAMG:  Solving for cellDisplacementz, Initial residual = 0, Final residual = 0, No Iterations 0
PIMPLE: iteration 1
DILUPBiCG:  Solving for Ux, Initial residual = 0.0636491, Final residual = 0.000256688, No Iterations 1
DILUPBiCG:  Solving for Uy, Initial residual = 0.0111502, Final residual = 2.46624e-05, No Iterations 1
DILUPBiCG:  Solving for Uz, Initial residual = 0.0108149, Final residual = 1.96753e-05, No Iterations 1
GAMG:  Solving for p, Initial residual = 0.119986, Final residual = 0.00118477, No Iterations 4
GAMG:  Solving for p, Initial residual = 0.0142421, Final residual = 0.000130648, No Iterations 20
GAMG:  Solving for p, Initial residual = 0.00661704, Final residual = 6.15901e-05, No Iterations 10
time step continuity errors : sum local = 9.4309e-07, global = 2.57618e-07, cumulative = 2.57618e-07
GAMG:  Solving for p, Initial residual = 0.0521326, Final residual = 0.000457725, No Iterations 4
GAMG:  Solving for p, Initial residual = 0.00716086, Final residual = 6.29762e-05, No Iterations 18
GAMG:  Solving for p, Initial residual = 0.00336385, Final residual = 3.1002e-05, No Iterations 10
time step continuity errors : sum local = 4.75801e-07, global = 1.2886e-07, cumulative = 3.86478e-07
PIMPLE: iteration 2
DILUPBiCG:  Solving for Ux, Initial residual = 0.0175762, Final residual = 0.000107293, No Iterations 1
DILUPBiCG:  Solving for Uy, Initial residual = 0.00324412, Final residual = 7.09695e-06, No Iterations 1
DILUPBiCG:  Solving for Uz, Initial residual = 0.00316866, Final residual = 1.16582e-05, No Iterations 1
GAMG:  Solving for p, Initial residual = 0.0518549, Final residual = 0.000475256, No Iterations 4
GAMG:  Solving for p, Initial residual = 0.00881302, Final residual = 8.37102e-05, No Iterations 16
GAMG:  Solving for p, Initial residual = 0.00388095, Final residual = 3.55105e-05, No Iterations 10
time step continuity errors : sum local = 4.69293e-07, global = -1.22354e-07, cumulative = 2.64124e-07
GAMG:  Solving for p, Initial residual = 0.0268364, Final residual = 0.000212873, No Iterations 4
GAMG:  Solving for p, Initial residual = 0.00445237, Final residual = 3.97406e-05, No Iterations 14
GAMG:  Solving for p, Initial residual = 0.00182984, Final residual = 1.74337e-05, No Iterations 10
time step continuity errors : sum local = 2.3146e-07, global = -5.95834e-08, cumulative = 2.04541e-07
PIMPLE: iteration 3
DILUPBiCG:  Solving for Ux, Initial residual = 0.00408301, Final residual = 2.83111e-06, No Iterations 2
DILUPBiCG:  Solving for Uy, Initial residual = 0.000760788, Final residual = 5.66933e-06, No Iterations 1
DILUPBiCG:  Solving for Uz, Initial residual = 0.00669942, Final residual = 3.9098e-06, No Iterations 2
GAMG:  Solving for p, Initial residual = 0.0413461, Final residual = 0.000360858, No Iterations 5
GAMG:  Solving for p, Initial residual = 0.00949218, Final residual = 8.46434e-05, No Iterations 4
GAMG:  Solving for p, Initial residual = 0.0043773, Final residual = 4.31319e-05, No Iterations 12
time step continuity errors : sum local = 6.43012e-07, global = -1.91893e-07, cumulative = 1.26484e-08
GAMG:  Solving for p, Initial residual = 0.00241294, Final residual = 2.37406e-05, No Iterations 10
GAMG:  Solving for p, Initial residual = 0.00128631, Final residual = 1.27573e-05, No Iterations 6
GAMG:  Solving for p, Initial residual = 0.000527513, Final residual = 9.96902e-07, No Iterations 32
time step continuity errors : sum local = 1.46929e-08, global = 4.355e-09, cumulative = 1.70034e-08
DILUPBiCG:  Solving for omega, Initial residual = 0.000786915, Final residual = 6.84407e-07, No Iterations 1
DILUPBiCG:  Solving for k, Initial residual = 0.00396957, Final residual = 1.13822e-06, No Iterations 2
bounding k, min: 0 max: 0.000678835 average: 0.000157313
ExecutionTime = 18.48 s  ClockTime = 19 s

End

