/*---------------------------------------------------------------------------*\
| =========                 |                                                 |
| \\      /  F ield         | OpenFOAM: The Open Source CFD Toolbox           |
|  \\    /   O peration     | Version:  2.3.1                                 |
|   \\  /    A nd           | Web:      www.OpenFOAM.org                      |
|    \\/     M anipulation  |                                                 |
\*---------------------------------------------------------------------------*/
Build  : 2.3.1-262087cdf8db
Exec   : pimpleDyMFoam
Date   : Jun 06 2023
Time   : 02:47:02
Host   : "jcosson-VirtualBox"
PID    : 9154
Case   : /home/jcosson/workspace/henersj_shootingdata/calcs/moderate_deformed/primal/100_intervals_05-06-23/sweep74/interval91
nProcs : 1
sigFpe : Enabling floating point exception trapping (FOAM_SIGFPE).
fileModificationChecking : Monitoring run-time modified files using timeStampMaster
allowSystemOperations : Allowing user-supplied system call operations

// * * * * * * * * * * * * * * * * * * * * * * * * * * * * * * * * * * * * * //
Create time

Create mesh for time = 0.49

Selecting dynamicFvMesh dynamicMotionSolverFvMesh
Selecting motion solver: displacementLaplacian
Selecting motion diffusion: quadratic
Selecting motion diffusion: quadratic
Selecting motion diffusion: inverseDistance

PIMPLE: no residual control data found. Calculations will employ 3 corrector loops

Reading field p

Reading field U

Reading/calculating face flux field phi

Selecting incompressible transport model Newtonian
Selecting turbulence model type RASModel
Selecting RAS turbulence model kOmegaSST
bounding k, min: 0 max: 0.00058515 average: 0.000148647
kOmegaSSTCoeffs
{
    alphaK1         0.85034;
    alphaK2         1;
    alphaOmega1     0.5;
    alphaOmega2     0.85616;
    gamma1          0.5532;
    gamma2          0.4403;
    beta1           0.075;
    beta2           0.0828;
    betaStar        0.09;
    a1              0.31;
    c1              10;
    Cmu             0.09;
    b1              1;
    F3              false;
}

Reading/calculating face velocity Uf

No finite volume options present

Courant Number mean: 0.115658 max: 0.249796

Starting time loop

Courant Number mean: 0.115658 max: 0.249796
Time = 0.491

GAMG:  Solving for cellDisplacementx, Initial residual = 0, Final residual = 0, No Iterations 0
GAMG:  Solving for cellDisplacementy, Initial residual = 0, Final residual = 0, No Iterations 0
GAMG:  Solving for cellDisplacementz, Initial residual = 0, Final residual = 0, No Iterations 0
PIMPLE: iteration 1
DILUPBiCG:  Solving for Ux, Initial residual = 0.0518935, Final residual = 0.000202822, No Iterations 1
DILUPBiCG:  Solving for Uy, Initial residual = 0.0104893, Final residual = 2.16375e-05, No Iterations 1
DILUPBiCG:  Solving for Uz, Initial residual = 0.0127676, Final residual = 1.11982e-05, No Iterations 1
GAMG:  Solving for p, Initial residual = 0.112631, Final residual = 0.000693284, No Iterations 4
GAMG:  Solving for p, Initial residual = 0.0155943, Final residual = 0.000142282, No Iterations 16
GAMG:  Solving for p, Initial residual = 0.00745015, Final residual = 6.09982e-05, No Iterations 4
time step continuity errors : sum local = 6.24521e-07, global = 2.04639e-07, cumulative = 2.04639e-07
GAMG:  Solving for p, Initial residual = 0.0513088, Final residual = 0.000298693, No Iterations 4
GAMG:  Solving for p, Initial residual = 0.00764493, Final residual = 7.35806e-05, No Iterations 14
GAMG:  Solving for p, Initial residual = 0.00372836, Final residual = 3.21323e-05, No Iterations 4
time step continuity errors : sum local = 3.31188e-07, global = 1.18109e-07, cumulative = 3.22749e-07
PIMPLE: iteration 2
DILUPBiCG:  Solving for Ux, Initial residual = 0.0132421, Final residual = 8.19218e-05, No Iterations 1
DILUPBiCG:  Solving for Uy, Initial residual = 0.00276499, Final residual = 5.66229e-06, No Iterations 1
DILUPBiCG:  Solving for Uz, Initial residual = 0.00276925, Final residual = 8.99736e-06, No Iterations 1
GAMG:  Solving for p, Initial residual = 0.0500134, Final residual = 0.000497867, No Iterations 4
GAMG:  Solving for p, Initial residual = 0.0107986, Final residual = 0.000104922, No Iterations 14
GAMG:  Solving for p, Initial residual = 0.00450013, Final residual = 4.12035e-05, No Iterations 10
time step continuity errors : sum local = 3.70942e-07, global = -9.35041e-08, cumulative = 2.29245e-07
GAMG:  Solving for p, Initial residual = 0.0263125, Final residual = 0.000233275, No Iterations 4
GAMG:  Solving for p, Initial residual = 0.00558677, Final residual = 5.50299e-05, No Iterations 12
GAMG:  Solving for p, Initial residual = 0.00214813, Final residual = 1.83076e-05, No Iterations 12
time step continuity errors : sum local = 1.65176e-07, global = -4.82334e-08, cumulative = 1.81011e-07
PIMPLE: iteration 3
DILUPBiCG:  Solving for Ux, Initial residual = 0.00272996, Final residual = 2.9125e-06, No Iterations 2
DILUPBiCG:  Solving for Uy, Initial residual = 0.000611568, Final residual = 5.12519e-06, No Iterations 1
DILUPBiCG:  Solving for Uz, Initial residual = 0.00438123, Final residual = 2.23409e-06, No Iterations 2
GAMG:  Solving for p, Initial residual = 0.047202, Final residual = 0.000337489, No Iterations 5
GAMG:  Solving for p, Initial residual = 0.0106189, Final residual = 9.90522e-05, No Iterations 14
GAMG:  Solving for p, Initial residual = 0.00549863, Final residual = 5.2157e-05, No Iterations 10
time step continuity errors : sum local = 5.24196e-07, global = -1.38707e-07, cumulative = 4.23044e-08
GAMG:  Solving for p, Initial residual = 0.0026012, Final residual = 2.56835e-05, No Iterations 7
GAMG:  Solving for p, Initial residual = 0.00138165, Final residual = 1.06788e-05, No Iterations 6
GAMG:  Solving for p, Initial residual = 0.000564308, Final residual = 9.76998e-07, No Iterations 28
time step continuity errors : sum local = 9.69579e-09, global = 2.95194e-09, cumulative = 4.52563e-08
DILUPBiCG:  Solving for omega, Initial residual = 0.00118935, Final residual = 7.03379e-07, No Iterations 1
DILUPBiCG:  Solving for k, Initial residual = 0.00332811, Final residual = 6.61372e-07, No Iterations 2
bounding k, min: 0 max: 0.00057026 average: 0.000147859
ExecutionTime = 14.64 s  ClockTime = 15 s

End

