/*---------------------------------------------------------------------------*\
| =========                 |                                                 |
| \\      /  F ield         | OpenFOAM: The Open Source CFD Toolbox           |
|  \\    /   O peration     | Version:  2.3.1                                 |
|   \\  /    A nd           | Web:      www.OpenFOAM.org                      |
|    \\/     M anipulation  |                                                 |
\*---------------------------------------------------------------------------*/
Build  : 2.3.1-262087cdf8db
Exec   : pimpleDyMFoam
Date   : Jun 06 2023
Time   : 02:47:03
Host   : "jcosson-VirtualBox"
PID    : 9170
Case   : /home/jcosson/workspace/henersj_shootingdata/calcs/moderate_deformed/primal/100_intervals_05-06-23/sweep74/interval99
nProcs : 1
sigFpe : Enabling floating point exception trapping (FOAM_SIGFPE).
fileModificationChecking : Monitoring run-time modified files using timeStampMaster
allowSystemOperations : Allowing user-supplied system call operations

// * * * * * * * * * * * * * * * * * * * * * * * * * * * * * * * * * * * * * //
Create time

Create mesh for time = 0.498

Selecting dynamicFvMesh dynamicMotionSolverFvMesh
Selecting motion solver: displacementLaplacian
Selecting motion diffusion: quadratic
Selecting motion diffusion: quadratic
Selecting motion diffusion: inverseDistance

PIMPLE: no residual control data found. Calculations will employ 3 corrector loops

Reading field p

Reading field U

Reading/calculating face flux field phi

Selecting incompressible transport model Newtonian
Selecting turbulence model type RASModel
Selecting RAS turbulence model kOmegaSST
bounding k, min: 0 max: 0.000507513 average: 0.000143629
kOmegaSSTCoeffs
{
    alphaK1         0.85034;
    alphaK2         1;
    alphaOmega1     0.5;
    alphaOmega2     0.85616;
    gamma1          0.5532;
    gamma2          0.4403;
    beta1           0.075;
    beta2           0.0828;
    betaStar        0.09;
    a1              0.31;
    c1              10;
    Cmu             0.09;
    b1              1;
    F3              false;
}

Reading/calculating face velocity Uf

No finite volume options present

Courant Number mean: 0.0992164 max: 0.216199

Starting time loop

Courant Number mean: 0.0992164 max: 0.216199
Time = 0.499

GAMG:  Solving for cellDisplacementx, Initial residual = 0, Final residual = 0, No Iterations 0
GAMG:  Solving for cellDisplacementy, Initial residual = 0, Final residual = 0, No Iterations 0
GAMG:  Solving for cellDisplacementz, Initial residual = 0, Final residual = 0, No Iterations 0
PIMPLE: iteration 1
DILUPBiCG:  Solving for Ux, Initial residual = 0.0147418, Final residual = 5.8462e-05, No Iterations 1
DILUPBiCG:  Solving for Uy, Initial residual = 0.0032943, Final residual = 6.60341e-06, No Iterations 1
DILUPBiCG:  Solving for Uz, Initial residual = 0.00852354, Final residual = 1.7942e-05, No Iterations 1
GAMG:  Solving for p, Initial residual = 0.0921995, Final residual = 0.000576539, No Iterations 4
GAMG:  Solving for p, Initial residual = 0.0214525, Final residual = 0.000199385, No Iterations 8
GAMG:  Solving for p, Initial residual = 0.0071175, Final residual = 7.06186e-05, No Iterations 12
time step continuity errors : sum local = 2.0741e-07, global = -5.77305e-08, cumulative = -5.77305e-08
GAMG:  Solving for p, Initial residual = 0.0471993, Final residual = 0.000272796, No Iterations 4
GAMG:  Solving for p, Initial residual = 0.0107341, Final residual = 9.85837e-05, No Iterations 8
GAMG:  Solving for p, Initial residual = 0.00343589, Final residual = 2.94638e-05, No Iterations 14
time step continuity errors : sum local = 8.63918e-08, global = -2.58312e-08, cumulative = -8.35617e-08
PIMPLE: iteration 2
DILUPBiCG:  Solving for Ux, Initial residual = 0.00302498, Final residual = 2.25843e-05, No Iterations 1
DILUPBiCG:  Solving for Uy, Initial residual = 0.000693832, Final residual = 1.7831e-06, No Iterations 1
DILUPBiCG:  Solving for Uz, Initial residual = 0.00301759, Final residual = 0.000276251, No Iterations 1
GAMG:  Solving for p, Initial residual = 0.0446756, Final residual = 0.000359143, No Iterations 8
GAMG:  Solving for p, Initial residual = 0.0279938, Final residual = 0.000239026, No Iterations 5
GAMG:  Solving for p, Initial residual = 0.00476865, Final residual = 4.20579e-05, No Iterations 21
time step continuity errors : sum local = 1.0763e-07, global = -3.0812e-08, cumulative = -1.14374e-07
GAMG:  Solving for p, Initial residual = 0.0240379, Final residual = 0.000211894, No Iterations 6
GAMG:  Solving for p, Initial residual = 0.0132696, Final residual = 0.000122328, No Iterations 6
GAMG:  Solving for p, Initial residual = 0.0024043, Final residual = 2.33311e-05, No Iterations 20
time step continuity errors : sum local = 5.982e-08, global = -1.69447e-08, cumulative = -1.31318e-07
PIMPLE: iteration 3
DILUPBiCG:  Solving for Ux, Initial residual = 0.000229629, Final residual = 2.05303e-06, No Iterations 1
DILUPBiCG:  Solving for Uy, Initial residual = 7.93896e-05, Final residual = 4.73022e-07, No Iterations 1
DILUPBiCG:  Solving for Uz, Initial residual = 0.00151339, Final residual = 6.71054e-07, No Iterations 2
GAMG:  Solving for p, Initial residual = 0.08442, Final residual = 0.000767922, No Iterations 3
GAMG:  Solving for p, Initial residual = 0.0137988, Final residual = 0.000125832, No Iterations 20
GAMG:  Solving for p, Initial residual = 0.0135554, Final residual = 0.000128801, No Iterations 4
time step continuity errors : sum local = 3.48462e-07, global = -5.84318e-08, cumulative = -1.8975e-07
GAMG:  Solving for p, Initial residual = 0.00359746, Final residual = 3.1358e-05, No Iterations 8
GAMG:  Solving for p, Initial residual = 0.00194467, Final residual = 1.87234e-05, No Iterations 4
GAMG:  Solving for p, Initial residual = 0.000670118, Final residual = 9.96545e-07, No Iterations 27
time step continuity errors : sum local = 2.64973e-09, global = 9.19444e-10, cumulative = -1.88831e-07
DILUPBiCG:  Solving for omega, Initial residual = 0.00128818, Final residual = 6.63505e-07, No Iterations 1
DILUPBiCG:  Solving for k, Initial residual = 0.00302943, Final residual = 7.65628e-07, No Iterations 2
bounding k, min: 0 max: 0.000501073 average: 0.000143028
ExecutionTime = 14.43 s  ClockTime = 14 s

End

