/*---------------------------------------------------------------------------*\
| =========                 |                                                 |
| \\      /  F ield         | OpenFOAM: The Open Source CFD Toolbox           |
|  \\    /   O peration     | Version:  2.3.1                                 |
|   \\  /    A nd           | Web:      www.OpenFOAM.org                      |
|    \\/     M anipulation  |                                                 |
\*---------------------------------------------------------------------------*/
Build  : 2.3.1-262087cdf8db
Exec   : pimpleDyMFoam
Date   : Jun 06 2023
Time   : 01:24:40
Host   : "jcosson-VirtualBox"
PID    : 31528
Case   : /home/jcosson/workspace/henersj_shootingdata/calcs/moderate_deformed/primal/100_intervals_05-06-23/sweep35/interval96
nProcs : 1
sigFpe : Enabling floating point exception trapping (FOAM_SIGFPE).
fileModificationChecking : Monitoring run-time modified files using timeStampMaster
allowSystemOperations : Allowing user-supplied system call operations

// * * * * * * * * * * * * * * * * * * * * * * * * * * * * * * * * * * * * * //
Create time

Create mesh for time = 0.495

Selecting dynamicFvMesh dynamicMotionSolverFvMesh
Selecting motion solver: displacementLaplacian
Selecting motion diffusion: quadratic
Selecting motion diffusion: quadratic
Selecting motion diffusion: inverseDistance

PIMPLE: no residual control data found. Calculations will employ 3 corrector loops

Reading field p

Reading field U

Reading/calculating face flux field phi

Selecting incompressible transport model Newtonian
Selecting turbulence model type RASModel
Selecting RAS turbulence model kOmegaSST
bounding k, min: 0 max: 0.000599328 average: 0.000151084
kOmegaSSTCoeffs
{
    alphaK1         0.85034;
    alphaK2         1;
    alphaOmega1     0.5;
    alphaOmega2     0.85616;
    gamma1          0.5532;
    gamma2          0.4403;
    beta1           0.075;
    beta2           0.0828;
    betaStar        0.09;
    a1              0.31;
    c1              10;
    Cmu             0.09;
    b1              1;
    F3              false;
}

Reading/calculating face velocity Uf

No finite volume options present

Courant Number mean: 0.10303 max: 0.236468

Starting time loop

Courant Number mean: 0.10303 max: 0.236468
Time = 0.496

GAMG:  Solving for cellDisplacementx, Initial residual = 0, Final residual = 0, No Iterations 0
GAMG:  Solving for cellDisplacementy, Initial residual = 0, Final residual = 0, No Iterations 0
GAMG:  Solving for cellDisplacementz, Initial residual = 0, Final residual = 0, No Iterations 0
PIMPLE: iteration 1
DILUPBiCG:  Solving for Ux, Initial residual = 0.0307436, Final residual = 0.000112617, No Iterations 1
DILUPBiCG:  Solving for Uy, Initial residual = 0.00663858, Final residual = 1.30321e-05, No Iterations 1
DILUPBiCG:  Solving for Uz, Initial residual = 0.0107354, Final residual = 1.57218e-05, No Iterations 1
GAMG:  Solving for p, Initial residual = 0.104662, Final residual = 0.000454768, No Iterations 4
GAMG:  Solving for p, Initial residual = 0.0143398, Final residual = 0.000123163, No Iterations 4
GAMG:  Solving for p, Initial residual = 0.00652693, Final residual = 5.8657e-05, No Iterations 12
time step continuity errors : sum local = 3.42952e-07, global = 1.04574e-07, cumulative = 1.04574e-07
GAMG:  Solving for p, Initial residual = 0.0503111, Final residual = 0.000222545, No Iterations 4
GAMG:  Solving for p, Initial residual = 0.00695256, Final residual = 5.42299e-05, No Iterations 4
GAMG:  Solving for p, Initial residual = 0.00331185, Final residual = 2.71265e-05, No Iterations 10
time step continuity errors : sum local = 1.60304e-07, global = 4.35428e-08, cumulative = 1.48117e-07
PIMPLE: iteration 2
DILUPBiCG:  Solving for Ux, Initial residual = 0.00734295, Final residual = 4.22331e-05, No Iterations 1
DILUPBiCG:  Solving for Uy, Initial residual = 0.00161685, Final residual = 3.22571e-06, No Iterations 1
DILUPBiCG:  Solving for Uz, Initial residual = 0.00284487, Final residual = 8.96536e-05, No Iterations 1
GAMG:  Solving for p, Initial residual = 0.0479028, Final residual = 0.000337079, No Iterations 6
GAMG:  Solving for p, Initial residual = 0.0157287, Final residual = 0.000147005, No Iterations 10
GAMG:  Solving for p, Initial residual = 0.00457716, Final residual = 4.17663e-05, No Iterations 16
time step continuity errors : sum local = 2.15762e-07, global = -6.33789e-08, cumulative = 8.47383e-08
GAMG:  Solving for p, Initial residual = 0.0256473, Final residual = 0.000234527, No Iterations 5
GAMG:  Solving for p, Initial residual = 0.0084097, Final residual = 7.26814e-05, No Iterations 9
GAMG:  Solving for p, Initial residual = 0.00223116, Final residual = 2.01443e-05, No Iterations 16
time step continuity errors : sum local = 1.03971e-07, global = -2.96591e-08, cumulative = 5.50791e-08
PIMPLE: iteration 3
DILUPBiCG:  Solving for Ux, Initial residual = 0.0012471, Final residual = 1.76301e-06, No Iterations 2
DILUPBiCG:  Solving for Uy, Initial residual = 0.000300484, Final residual = 1.22257e-07, No Iterations 2
DILUPBiCG:  Solving for Uz, Initial residual = 0.00238541, Final residual = 2.26983e-06, No Iterations 2
GAMG:  Solving for p, Initial residual = 0.0561316, Final residual = 0.000403413, No Iterations 5
GAMG:  Solving for p, Initial residual = 0.0124316, Final residual = 0.000122498, No Iterations 14
GAMG:  Solving for p, Initial residual = 0.00704719, Final residual = 6.42606e-05, No Iterations 10
time step continuity errors : sum local = 3.65808e-07, global = -1.01487e-07, cumulative = -4.64084e-08
GAMG:  Solving for p, Initial residual = 0.00295502, Final residual = 2.86993e-05, No Iterations 7
GAMG:  Solving for p, Initial residual = 0.00153358, Final residual = 1.52831e-05, No Iterations 5
GAMG:  Solving for p, Initial residual = 0.000585855, Final residual = 8.8119e-07, No Iterations 31
time step continuity errors : sum local = 4.93913e-09, global = 1.47782e-09, cumulative = -4.49306e-08
DILUPBiCG:  Solving for omega, Initial residual = 0.00138784, Final residual = 7.06281e-07, No Iterations 1
DILUPBiCG:  Solving for k, Initial residual = 0.00346024, Final residual = 6.09839e-07, No Iterations 2
bounding k, min: 0 max: 0.000589507 average: 0.000150246
ExecutionTime = 9.74 s  ClockTime = 10 s

End

