/*---------------------------------------------------------------------------*\
| =========                 |                                                 |
| \\      /  F ield         | OpenFOAM: The Open Source CFD Toolbox           |
|  \\    /   O peration     | Version:  2.3.1                                 |
|   \\  /    A nd           | Web:      www.OpenFOAM.org                      |
|    \\/     M anipulation  |                                                 |
\*---------------------------------------------------------------------------*/
Build  : 2.3.1-262087cdf8db
Exec   : pimpleDyMFoam
Date   : Jun 06 2023
Time   : 02:36:09
Host   : "jcosson-VirtualBox"
PID    : 3771
Case   : /home/jcosson/workspace/henersj_shootingdata/calcs/moderate_deformed/primal/100_intervals_05-06-23/sweep67/interval90
nProcs : 1
sigFpe : Enabling floating point exception trapping (FOAM_SIGFPE).
fileModificationChecking : Monitoring run-time modified files using timeStampMaster
allowSystemOperations : Allowing user-supplied system call operations

// * * * * * * * * * * * * * * * * * * * * * * * * * * * * * * * * * * * * * //
Create time

Create mesh for time = 0.489

Selecting dynamicFvMesh dynamicMotionSolverFvMesh
Selecting motion solver: displacementLaplacian
Selecting motion diffusion: quadratic
Selecting motion diffusion: quadratic
Selecting motion diffusion: inverseDistance

PIMPLE: no residual control data found. Calculations will employ 3 corrector loops

Reading field p

Reading field U

Reading/calculating face flux field phi

Selecting incompressible transport model Newtonian
Selecting turbulence model type RASModel
Selecting RAS turbulence model kOmegaSST
bounding k, min: 0 max: 0.000606816 average: 0.000149946
kOmegaSSTCoeffs
{
    alphaK1         0.85034;
    alphaK2         1;
    alphaOmega1     0.5;
    alphaOmega2     0.85616;
    gamma1          0.5532;
    gamma2          0.4403;
    beta1           0.075;
    beta2           0.0828;
    betaStar        0.09;
    a1              0.31;
    c1              10;
    Cmu             0.09;
    b1              1;
    F3              false;
}

Reading/calculating face velocity Uf

No finite volume options present

Courant Number mean: 0.119231 max: 0.25769

Starting time loop

Courant Number mean: 0.119231 max: 0.25769
Time = 0.49

GAMG:  Solving for cellDisplacementx, Initial residual = 0, Final residual = 0, No Iterations 0
GAMG:  Solving for cellDisplacementy, Initial residual = 0, Final residual = 0, No Iterations 0
GAMG:  Solving for cellDisplacementz, Initial residual = 0, Final residual = 0, No Iterations 0
PIMPLE: iteration 1
DILUPBiCG:  Solving for Ux, Initial residual = 0.0548334, Final residual = 0.000212951, No Iterations 1
DILUPBiCG:  Solving for Uy, Initial residual = 0.010985, Final residual = 2.25831e-05, No Iterations 1
DILUPBiCG:  Solving for Uz, Initial residual = 0.0125392, Final residual = 1.13472e-05, No Iterations 1
GAMG:  Solving for p, Initial residual = 0.114237, Final residual = 0.000714442, No Iterations 4
GAMG:  Solving for p, Initial residual = 0.0154241, Final residual = 0.00014326, No Iterations 16
GAMG:  Solving for p, Initial residual = 0.00723706, Final residual = 6.23725e-05, No Iterations 4
time step continuity errors : sum local = 6.83714e-07, global = 2.35503e-07, cumulative = 2.35503e-07
GAMG:  Solving for p, Initial residual = 0.0516197, Final residual = 0.000309647, No Iterations 4
GAMG:  Solving for p, Initial residual = 0.00761296, Final residual = 7.28189e-05, No Iterations 14
GAMG:  Solving for p, Initial residual = 0.00362806, Final residual = 3.31071e-05, No Iterations 4
time step continuity errors : sum local = 3.65075e-07, global = 1.25194e-07, cumulative = 3.60697e-07
PIMPLE: iteration 2
DILUPBiCG:  Solving for Ux, Initial residual = 0.014116, Final residual = 8.6133e-05, No Iterations 1
DILUPBiCG:  Solving for Uy, Initial residual = 0.00291615, Final residual = 5.93686e-06, No Iterations 1
DILUPBiCG:  Solving for Uz, Initial residual = 0.00268665, Final residual = 8.16658e-06, No Iterations 1
GAMG:  Solving for p, Initial residual = 0.0504942, Final residual = 0.000495737, No Iterations 4
GAMG:  Solving for p, Initial residual = 0.0106553, Final residual = 0.000101327, No Iterations 14
GAMG:  Solving for p, Initial residual = 0.00484357, Final residual = 4.57499e-05, No Iterations 4
time step continuity errors : sum local = 4.39174e-07, global = -1.70058e-07, cumulative = 1.90638e-07
GAMG:  Solving for p, Initial residual = 0.0266577, Final residual = 0.00023969, No Iterations 4
GAMG:  Solving for p, Initial residual = 0.0058337, Final residual = 5.28001e-05, No Iterations 12
GAMG:  Solving for p, Initial residual = 0.00229527, Final residual = 1.96503e-05, No Iterations 10
time step continuity errors : sum local = 1.88917e-07, global = -4.8093e-08, cumulative = 1.42545e-07
PIMPLE: iteration 3
DILUPBiCG:  Solving for Ux, Initial residual = 0.00294894, Final residual = 2.86406e-06, No Iterations 2
DILUPBiCG:  Solving for Uy, Initial residual = 0.000643867, Final residual = 5.03357e-06, No Iterations 1
DILUPBiCG:  Solving for Uz, Initial residual = 0.00467342, Final residual = 2.32119e-06, No Iterations 2
GAMG:  Solving for p, Initial residual = 0.0457599, Final residual = 0.000340756, No Iterations 5
GAMG:  Solving for p, Initial residual = 0.010325, Final residual = 9.85769e-05, No Iterations 14
GAMG:  Solving for p, Initial residual = 0.00540985, Final residual = 5.15922e-05, No Iterations 10
time step continuity errors : sum local = 5.54415e-07, global = -1.47678e-07, cumulative = -5.13253e-09
GAMG:  Solving for p, Initial residual = 0.002547, Final residual = 2.00696e-05, No Iterations 8
GAMG:  Solving for p, Initial residual = 0.00130213, Final residual = 9.99359e-06, No Iterations 5
GAMG:  Solving for p, Initial residual = 0.000522241, Final residual = 8.98367e-07, No Iterations 28
time step continuity errors : sum local = 9.53859e-09, global = 2.87347e-09, cumulative = -2.25906e-09
DILUPBiCG:  Solving for omega, Initial residual = 0.00116696, Final residual = 7.13558e-07, No Iterations 1
DILUPBiCG:  Solving for k, Initial residual = 0.00340072, Final residual = 6.58154e-07, No Iterations 2
bounding k, min: 0 max: 0.000592528 average: 0.000149123
ExecutionTime = 16.53 s  ClockTime = 16 s

End

