/*---------------------------------------------------------------------------*\
| =========                 |                                                 |
| \\      /  F ield         | OpenFOAM: The Open Source CFD Toolbox           |
|  \\    /   O peration     | Version:  2.3.1                                 |
|   \\  /    A nd           | Web:      www.OpenFOAM.org                      |
|    \\/     M anipulation  |                                                 |
\*---------------------------------------------------------------------------*/
Build  : 2.3.1-262087cdf8db
Exec   : pimpleDyMFoam
Date   : Jun 06 2023
Time   : 02:36:08
Host   : "jcosson-VirtualBox"
PID    : 3762
Case   : /home/jcosson/workspace/henersj_shootingdata/calcs/moderate_deformed/primal/100_intervals_05-06-23/sweep67/interval86
nProcs : 1
sigFpe : Enabling floating point exception trapping (FOAM_SIGFPE).
fileModificationChecking : Monitoring run-time modified files using timeStampMaster
allowSystemOperations : Allowing user-supplied system call operations

// * * * * * * * * * * * * * * * * * * * * * * * * * * * * * * * * * * * * * //
Create time

Create mesh for time = 0.485

Selecting dynamicFvMesh dynamicMotionSolverFvMesh
Selecting motion solver: displacementLaplacian
Selecting motion diffusion: quadratic
Selecting motion diffusion: quadratic
Selecting motion diffusion: inverseDistance

PIMPLE: no residual control data found. Calculations will employ 3 corrector loops

Reading field p

Reading field U

Reading/calculating face flux field phi

Selecting incompressible transport model Newtonian
Selecting turbulence model type RASModel
Selecting RAS turbulence model kOmegaSST
bounding k, min: 0 max: 0.000649731 average: 0.000153151
kOmegaSSTCoeffs
{
    alphaK1         0.85034;
    alphaK2         1;
    alphaOmega1     0.5;
    alphaOmega2     0.85616;
    gamma1          0.5532;
    gamma2          0.4403;
    beta1           0.075;
    beta2           0.0828;
    betaStar        0.09;
    a1              0.31;
    c1              10;
    Cmu             0.09;
    b1              1;
    F3              false;
}

Reading/calculating face velocity Uf

No finite volume options present

Courant Number mean: 0.135718 max: 0.295327

Starting time loop

Courant Number mean: 0.135718 max: 0.295327
Time = 0.486

GAMG:  Solving for cellDisplacementx, Initial residual = 0, Final residual = 0, No Iterations 0
GAMG:  Solving for cellDisplacementy, Initial residual = 0, Final residual = 0, No Iterations 0
GAMG:  Solving for cellDisplacementz, Initial residual = 0, Final residual = 0, No Iterations 0
PIMPLE: iteration 1
DILUPBiCG:  Solving for Ux, Initial residual = 0.0627673, Final residual = 0.000247216, No Iterations 1
DILUPBiCG:  Solving for Uy, Initial residual = 0.0119069, Final residual = 2.51209e-05, No Iterations 1
DILUPBiCG:  Solving for Uz, Initial residual = 0.0137842, Final residual = 1.46433e-05, No Iterations 1
GAMG:  Solving for p, Initial residual = 0.1192, Final residual = 0.000926712, No Iterations 4
GAMG:  Solving for p, Initial residual = 0.0155866, Final residual = 0.000136772, No Iterations 18
GAMG:  Solving for p, Initial residual = 0.00724635, Final residual = 6.28089e-05, No Iterations 4
time step continuity errors : sum local = 8.40696e-07, global = 3.06984e-07, cumulative = 3.06984e-07
GAMG:  Solving for p, Initial residual = 0.0528195, Final residual = 0.000387481, No Iterations 4
GAMG:  Solving for p, Initial residual = 0.00775257, Final residual = 6.76837e-05, No Iterations 16
GAMG:  Solving for p, Initial residual = 0.00364939, Final residual = 3.44593e-05, No Iterations 4
time step continuity errors : sum local = 4.63398e-07, global = 1.68712e-07, cumulative = 4.75696e-07
PIMPLE: iteration 2
DILUPBiCG:  Solving for Ux, Initial residual = 0.0166435, Final residual = 0.000102584, No Iterations 1
DILUPBiCG:  Solving for Uy, Initial residual = 0.00327951, Final residual = 6.84038e-06, No Iterations 1
DILUPBiCG:  Solving for Uz, Initial residual = 0.00288984, Final residual = 9.82151e-06, No Iterations 1
GAMG:  Solving for p, Initial residual = 0.0521068, Final residual = 0.000472785, No Iterations 4
GAMG:  Solving for p, Initial residual = 0.00994214, Final residual = 9.88734e-05, No Iterations 14
GAMG:  Solving for p, Initial residual = 0.00451098, Final residual = 4.44238e-05, No Iterations 8
time step continuity errors : sum local = 5.18318e-07, global = -1.09392e-07, cumulative = 3.66304e-07
GAMG:  Solving for p, Initial residual = 0.0271909, Final residual = 0.00021794, No Iterations 4
GAMG:  Solving for p, Initial residual = 0.00520442, Final residual = 4.99434e-05, No Iterations 12
GAMG:  Solving for p, Initial residual = 0.00214513, Final residual = 1.81273e-05, No Iterations 10
time step continuity errors : sum local = 2.12058e-07, global = -5.36528e-08, cumulative = 3.12651e-07
PIMPLE: iteration 3
DILUPBiCG:  Solving for Ux, Initial residual = 0.00367897, Final residual = 3.11309e-06, No Iterations 2
DILUPBiCG:  Solving for Uy, Initial residual = 0.000756039, Final residual = 4.99853e-06, No Iterations 1
DILUPBiCG:  Solving for Uz, Initial residual = 0.00583818, Final residual = 2.68442e-06, No Iterations 2
GAMG:  Solving for p, Initial residual = 0.0434118, Final residual = 0.000330242, No Iterations 5
GAMG:  Solving for p, Initial residual = 0.00975883, Final residual = 9.02503e-05, No Iterations 14
GAMG:  Solving for p, Initial residual = 0.00493021, Final residual = 4.65295e-05, No Iterations 10
time step continuity errors : sum local = 6.09103e-07, global = -1.59846e-07, cumulative = 1.52805e-07
GAMG:  Solving for p, Initial residual = 0.00243853, Final residual = 2.17505e-05, No Iterations 8
GAMG:  Solving for p, Initial residual = 0.00128352, Final residual = 8.98338e-06, No Iterations 5
GAMG:  Solving for p, Initial residual = 0.000521377, Final residual = 9.08098e-07, No Iterations 28
time step continuity errors : sum local = 1.17698e-08, global = 3.53739e-09, cumulative = 1.56343e-07
DILUPBiCG:  Solving for omega, Initial residual = 0.00103316, Final residual = 7.28711e-07, No Iterations 1
DILUPBiCG:  Solving for k, Initial residual = 0.00362286, Final residual = 6.72156e-07, No Iterations 2
bounding k, min: 0 max: 0.000638842 average: 0.000152223
ExecutionTime = 17.06 s  ClockTime = 18 s

End

