/*---------------------------------------------------------------------------*\
| =========                 |                                                 |
| \\      /  F ield         | OpenFOAM: The Open Source CFD Toolbox           |
|  \\    /   O peration     | Version:  2.3.1                                 |
|   \\  /    A nd           | Web:      www.OpenFOAM.org                      |
|    \\/     M anipulation  |                                                 |
\*---------------------------------------------------------------------------*/
Build  : 2.3.1-262087cdf8db
Exec   : pimpleDyMFoam
Date   : Jun 06 2023
Time   : 02:35:50
Host   : "jcosson-VirtualBox"
PID    : 3749
Case   : /home/jcosson/workspace/henersj_shootingdata/calcs/moderate_deformed/primal/100_intervals_05-06-23/sweep67/interval69
nProcs : 1
sigFpe : Enabling floating point exception trapping (FOAM_SIGFPE).
fileModificationChecking : Monitoring run-time modified files using timeStampMaster
allowSystemOperations : Allowing user-supplied system call operations

// * * * * * * * * * * * * * * * * * * * * * * * * * * * * * * * * * * * * * //
Create time

Create mesh for time = 0.468

Selecting dynamicFvMesh dynamicMotionSolverFvMesh
Selecting motion solver: displacementLaplacian
Selecting motion diffusion: quadratic
Selecting motion diffusion: quadratic
Selecting motion diffusion: inverseDistance

PIMPLE: no residual control data found. Calculations will employ 3 corrector loops

Reading field p

Reading field U

Reading/calculating face flux field phi

Selecting incompressible transport model Newtonian
Selecting turbulence model type RASModel
Selecting RAS turbulence model kOmegaSST
kOmegaSSTCoeffs
{
    alphaK1         0.85034;
    alphaK2         1;
    alphaOmega1     0.5;
    alphaOmega2     0.85616;
    gamma1          0.5532;
    gamma2          0.4403;
    beta1           0.075;
    beta2           0.0828;
    betaStar        0.09;
    a1              0.31;
    c1              10;
    Cmu             0.09;
    b1              1;
    F3              false;
}

Reading/calculating face velocity Uf

No finite volume options present

Courant Number mean: 0.227688 max: 0.50612

Starting time loop

Courant Number mean: 0.227688 max: 0.50612
Time = 0.469

GAMG:  Solving for cellDisplacementx, Initial residual = 0, Final residual = 0, No Iterations 0
GAMG:  Solving for cellDisplacementy, Initial residual = 0, Final residual = 0, No Iterations 0
GAMG:  Solving for cellDisplacementz, Initial residual = 0, Final residual = 0, No Iterations 0
PIMPLE: iteration 1
DILUPBiCG:  Solving for Ux, Initial residual = 0.0447539, Final residual = 0.000184453, No Iterations 1
DILUPBiCG:  Solving for Uy, Initial residual = 0.00725826, Final residual = 1.71279e-05, No Iterations 1
DILUPBiCG:  Solving for Uz, Initial residual = 0.0131677, Final residual = 2.99753e-05, No Iterations 1
GAMG:  Solving for p, Initial residual = 0.132837, Final residual = 0.0010719, No Iterations 6
GAMG:  Solving for p, Initial residual = 0.0154454, Final residual = 0.000154196, No Iterations 18
GAMG:  Solving for p, Initial residual = 0.00662393, Final residual = 6.11177e-05, No Iterations 12
time step continuity errors : sum local = 8.23133e-07, global = 2.4766e-07, cumulative = 2.4766e-07
GAMG:  Solving for p, Initial residual = 0.0556853, Final residual = 0.000356847, No Iterations 6
GAMG:  Solving for p, Initial residual = 0.00780135, Final residual = 7.36683e-05, No Iterations 16
GAMG:  Solving for p, Initial residual = 0.00345598, Final residual = 3.02869e-05, No Iterations 12
time step continuity errors : sum local = 4.07204e-07, global = 1.21759e-07, cumulative = 3.69419e-07
PIMPLE: iteration 2
DILUPBiCG:  Solving for Ux, Initial residual = 0.0132739, Final residual = 7.38589e-05, No Iterations 1
DILUPBiCG:  Solving for Uy, Initial residual = 0.00226956, Final residual = 5.36175e-06, No Iterations 1
DILUPBiCG:  Solving for Uz, Initial residual = 0.0037275, Final residual = 1.17788e-05, No Iterations 1
GAMG:  Solving for p, Initial residual = 0.0563478, Final residual = 0.000467151, No Iterations 4
GAMG:  Solving for p, Initial residual = 0.00915962, Final residual = 8.39678e-05, No Iterations 16
GAMG:  Solving for p, Initial residual = 0.00419291, Final residual = 3.91979e-05, No Iterations 8
time step continuity errors : sum local = 4.47384e-07, global = -1.39254e-07, cumulative = 2.30165e-07
GAMG:  Solving for p, Initial residual = 0.0288708, Final residual = 0.000201254, No Iterations 4
GAMG:  Solving for p, Initial residual = 0.00449822, Final residual = 3.83059e-05, No Iterations 14
GAMG:  Solving for p, Initial residual = 0.00196317, Final residual = 1.84119e-05, No Iterations 8
time step continuity errors : sum local = 2.11333e-07, global = -6.04782e-08, cumulative = 1.69687e-07
PIMPLE: iteration 3
DILUPBiCG:  Solving for Ux, Initial residual = 0.00335984, Final residual = 1.33135e-06, No Iterations 2
DILUPBiCG:  Solving for Uy, Initial residual = 0.000572901, Final residual = 7.00184e-06, No Iterations 1
DILUPBiCG:  Solving for Uz, Initial residual = 0.00688888, Final residual = 2.36216e-06, No Iterations 2
GAMG:  Solving for p, Initial residual = 0.0403898, Final residual = 0.000325388, No Iterations 5
GAMG:  Solving for p, Initial residual = 0.00910847, Final residual = 7.99536e-05, No Iterations 15
GAMG:  Solving for p, Initial residual = 0.00439893, Final residual = 3.62054e-05, No Iterations 10
time step continuity errors : sum local = 4.63266e-07, global = -1.20606e-07, cumulative = 4.90809e-08
GAMG:  Solving for p, Initial residual = 0.00252521, Final residual = 2.28609e-05, No Iterations 20
GAMG:  Solving for p, Initial residual = 0.00141498, Final residual = 1.25483e-05, No Iterations 4
GAMG:  Solving for p, Initial residual = 0.000555976, Final residual = 9.40413e-07, No Iterations 36
time step continuity errors : sum local = 1.19941e-08, global = 3.53196e-09, cumulative = 5.26129e-08
DILUPBiCG:  Solving for omega, Initial residual = 0.000474414, Final residual = 6.69424e-07, No Iterations 1
DILUPBiCG:  Solving for k, Initial residual = 0.00481138, Final residual = 1.59983e-06, No Iterations 2
ExecutionTime = 18.71 s  ClockTime = 19 s

End

