/*---------------------------------------------------------------------------*\
| =========                 |                                                 |
| \\      /  F ield         | OpenFOAM: The Open Source CFD Toolbox           |
|  \\    /   O peration     | Version:  2.3.1                                 |
|   \\  /    A nd           | Web:      www.OpenFOAM.org                      |
|    \\/     M anipulation  |                                                 |
\*---------------------------------------------------------------------------*/
Build  : 2.3.1-262087cdf8db
Exec   : pimpleDyMFoam
Date   : Jun 05 2023
Time   : 19:02:42
Host   : "jcosson-VirtualBox"
PID    : 29317
Case   : /home/jcosson/workspace/henersj_shootingdata/calcs/moderate_deformed/primal/56_intervals_05-06-23/sweep28/interval28
nProcs : 1
sigFpe : Enabling floating point exception trapping (FOAM_SIGFPE).
fileModificationChecking : Monitoring run-time modified files using timeStampMaster
allowSystemOperations : Allowing user-supplied system call operations

// * * * * * * * * * * * * * * * * * * * * * * * * * * * * * * * * * * * * * //
Create time

Create mesh for time = 0.448

Selecting dynamicFvMesh dynamicMotionSolverFvMesh
Selecting motion solver: displacementLaplacian
Selecting motion diffusion: quadratic
Selecting motion diffusion: quadratic
Selecting motion diffusion: inverseDistance

PIMPLE: no residual control data found. Calculations will employ 3 corrector loops

Reading field p

Reading field U

Reading/calculating face flux field phi

Selecting incompressible transport model Newtonian
Selecting turbulence model type RASModel
Selecting RAS turbulence model kOmegaSST
kOmegaSSTCoeffs
{
    alphaK1         0.85034;
    alphaK2         1;
    alphaOmega1     0.5;
    alphaOmega2     0.85616;
    gamma1          0.5532;
    gamma2          0.4403;
    beta1           0.075;
    beta2           0.0828;
    betaStar        0.09;
    a1              0.31;
    c1              10;
    Cmu             0.09;
    b1              1;
    F3              false;
}

Reading/calculating face velocity Uf

No finite volume options present

Courant Number mean: 0.279313 max: 0.61897

Starting time loop

Courant Number mean: 0.279313 max: 0.61897
Time = 0.449

GAMG:  Solving for cellDisplacementx, Initial residual = 0, Final residual = 0, No Iterations 0
GAMG:  Solving for cellDisplacementy, Initial residual = 0, Final residual = 0, No Iterations 0
GAMG:  Solving for cellDisplacementz, Initial residual = 0, Final residual = 0, No Iterations 0
PIMPLE: iteration 1
DILUPBiCG:  Solving for Ux, Initial residual = 0.00678309, Final residual = 3.57081e-05, No Iterations 1
DILUPBiCG:  Solving for Uy, Initial residual = 0.00111831, Final residual = 7.04313e-06, No Iterations 1
DILUPBiCG:  Solving for Uz, Initial residual = 0.0112218, Final residual = 2.63997e-05, No Iterations 1
GAMG:  Solving for p, Initial residual = 0.142074, Final residual = 0.00109429, No Iterations 3
GAMG:  Solving for p, Initial residual = 0.0268415, Final residual = 0.000239955, No Iterations 5
GAMG:  Solving for p, Initial residual = 0.0105333, Final residual = 9.66523e-05, No Iterations 10
time step continuity errors : sum local = 3.20144e-07, global = 8.31358e-08, cumulative = 8.31358e-08
GAMG:  Solving for p, Initial residual = 0.0724422, Final residual = 0.000498533, No Iterations 3
GAMG:  Solving for p, Initial residual = 0.0130259, Final residual = 0.000106785, No Iterations 5
GAMG:  Solving for p, Initial residual = 0.00519416, Final residual = 5.18591e-05, No Iterations 8
time step continuity errors : sum local = 1.71808e-07, global = 3.91354e-08, cumulative = 1.22271e-07
PIMPLE: iteration 2
DILUPBiCG:  Solving for Ux, Initial residual = 0.00152738, Final residual = 1.50942e-05, No Iterations 1
DILUPBiCG:  Solving for Uy, Initial residual = 0.000260124, Final residual = 7.83872e-06, No Iterations 1
DILUPBiCG:  Solving for Uz, Initial residual = 0.0036246, Final residual = 2.64256e-05, No Iterations 1
GAMG:  Solving for p, Initial residual = 0.0735707, Final residual = 0.000457872, No Iterations 5
GAMG:  Solving for p, Initial residual = 0.0266798, Final residual = 0.000256873, No Iterations 5
GAMG:  Solving for p, Initial residual = 0.0065066, Final residual = 5.79129e-05, No Iterations 18
time step continuity errors : sum local = 1.7066e-07, global = 4.85346e-08, cumulative = 1.70806e-07
GAMG:  Solving for p, Initial residual = 0.0394142, Final residual = 0.000322963, No Iterations 4
GAMG:  Solving for p, Initial residual = 0.0122551, Final residual = 0.000104879, No Iterations 8
GAMG:  Solving for p, Initial residual = 0.00337041, Final residual = 3.18358e-05, No Iterations 14
time step continuity errors : sum local = 9.40002e-08, global = 2.75513e-08, cumulative = 1.98357e-07
PIMPLE: iteration 3
DILUPBiCG:  Solving for Ux, Initial residual = 0.000135184, Final residual = 1.93479e-06, No Iterations 1
DILUPBiCG:  Solving for Uy, Initial residual = 3.68677e-05, Final residual = 2.98146e-07, No Iterations 1
DILUPBiCG:  Solving for Uz, Initial residual = 0.00192581, Final residual = 9.90254e-06, No Iterations 1
GAMG:  Solving for p, Initial residual = 0.0813578, Final residual = 0.000752356, No Iterations 3
GAMG:  Solving for p, Initial residual = 0.0178567, Final residual = 0.000170012, No Iterations 14
GAMG:  Solving for p, Initial residual = 0.012548, Final residual = 0.000124676, No Iterations 6
time step continuity errors : sum local = 3.89005e-07, global = 8.08687e-08, cumulative = 2.79226e-07
GAMG:  Solving for p, Initial residual = 0.00633047, Final residual = 6.29664e-05, No Iterations 5
GAMG:  Solving for p, Initial residual = 0.00347032, Final residual = 3.22168e-05, No Iterations 4
GAMG:  Solving for p, Initial residual = 0.00114261, Final residual = 9.54342e-07, No Iterations 38
time step continuity errors : sum local = 2.94022e-09, global = -8.70761e-10, cumulative = 2.78355e-07
DILUPBiCG:  Solving for omega, Initial residual = 0.0011073, Final residual = 1.51854e-06, No Iterations 1
DILUPBiCG:  Solving for k, Initial residual = 0.00561254, Final residual = 8.80589e-07, No Iterations 2
ExecutionTime = 16.61 s  ClockTime = 17 s

Courant Number mean: 0.279864 max: 0.620592
Time = 0.45

GAMG:  Solving for cellDisplacementx, Initial residual = 0, Final residual = 0, No Iterations 0
GAMG:  Solving for cellDisplacementy, Initial residual = 0, Final residual = 0, No Iterations 0
GAMG:  Solving for cellDisplacementz, Initial residual = 0, Final residual = 0, No Iterations 0
PIMPLE: iteration 1
DILUPBiCG:  Solving for Ux, Initial residual = 0.00422527, Final residual = 3.25672e-05, No Iterations 1
DILUPBiCG:  Solving for Uy, Initial residual = 0.00072506, Final residual = 8.53012e-06, No Iterations 1
DILUPBiCG:  Solving for Uz, Initial residual = 0.0105484, Final residual = 2.57096e-05, No Iterations 1
GAMG:  Solving for p, Initial residual = 0.0878738, Final residual = 0.00086122, No Iterations 5
GAMG:  Solving for p, Initial residual = 0.0379077, Final residual = 0.000356587, No Iterations 8
GAMG:  Solving for p, Initial residual = 0.0103807, Final residual = 9.92514e-05, No Iterations 16
time step continuity errors : sum local = 2.37011e-07, global = 7.26442e-08, cumulative = 3.50999e-07
GAMG:  Solving for p, Initial residual = 0.046081, Final residual = 0.000366311, No Iterations 5
GAMG:  Solving for p, Initial residual = 0.0179432, Final residual = 0.00015654, No Iterations 6
GAMG:  Solving for p, Initial residual = 0.00479294, Final residual = 4.19946e-05, No Iterations 16
time step continuity errors : sum local = 1.0079e-07, global = 3.06562e-08, cumulative = 3.81655e-07
PIMPLE: iteration 2
DILUPBiCG:  Solving for Ux, Initial residual = 0.000755926, Final residual = 1.02762e-05, No Iterations 1
DILUPBiCG:  Solving for Uy, Initial residual = 0.000142864, Final residual = 4.95986e-06, No Iterations 1
DILUPBiCG:  Solving for Uz, Initial residual = 0.00362526, Final residual = 0.000180951, No Iterations 1
GAMG:  Solving for p, Initial residual = 0.0436029, Final residual = 0.000429919, No Iterations 9
GAMG:  Solving for p, Initial residual = 0.0261522, Final residual = 0.000216892, No Iterations 10
GAMG:  Solving for p, Initial residual = 0.00706343, Final residual = 6.30101e-05, No Iterations 16
time step continuity errors : sum local = 1.39403e-07, global = 4.12734e-08, cumulative = 4.22929e-07
GAMG:  Solving for p, Initial residual = 0.0234768, Final residual = 0.000222002, No Iterations 7
GAMG:  Solving for p, Initial residual = 0.0119507, Final residual = 0.000102383, No Iterations 10
GAMG:  Solving for p, Initial residual = 0.00339714, Final residual = 3.38464e-05, No Iterations 14
time step continuity errors : sum local = 7.52433e-08, global = 2.28039e-08, cumulative = 4.45733e-07
PIMPLE: iteration 3
DILUPBiCG:  Solving for Ux, Initial residual = 0.000105848, Final residual = 1.3209e-06, No Iterations 1
DILUPBiCG:  Solving for Uy, Initial residual = 3.45067e-05, Final residual = 1.73693e-07, No Iterations 1
DILUPBiCG:  Solving for Uz, Initial residual = 0.00164881, Final residual = 8.19695e-06, No Iterations 1
GAMG:  Solving for p, Initial residual = 0.0927457, Final residual = 0.000593816, No Iterations 4
GAMG:  Solving for p, Initial residual = 0.0212135, Final residual = 0.000194038, No Iterations 11
GAMG:  Solving for p, Initial residual = 0.0129708, Final residual = 0.000109424, No Iterations 8
time step continuity errors : sum local = 2.48815e-07, global = 5.92557e-08, cumulative = 5.04989e-07
GAMG:  Solving for p, Initial residual = 0.00744068, Final residual = 4.95329e-05, No Iterations 5
GAMG:  Solving for p, Initial residual = 0.0041573, Final residual = 3.38071e-05, No Iterations 4
GAMG:  Solving for p, Initial residual = 0.00144008, Final residual = 9.79755e-07, No Iterations 26
time step continuity errors : sum local = 2.19795e-09, global = -6.5165e-10, cumulative = 5.04337e-07
DILUPBiCG:  Solving for omega, Initial residual = 0.00107446, Final residual = 1.49082e-06, No Iterations 1
DILUPBiCG:  Solving for k, Initial residual = 0.0054238, Final residual = 8.84449e-07, No Iterations 2
ExecutionTime = 30.84 s  ClockTime = 31 s

End

