/*---------------------------------------------------------------------------*\
| =========                 |                                                 |
| \\      /  F ield         | OpenFOAM: The Open Source CFD Toolbox           |
|  \\    /   O peration     | Version:  2.3.1                                 |
|   \\  /    A nd           | Web:      www.OpenFOAM.org                      |
|    \\/     M anipulation  |                                                 |
\*---------------------------------------------------------------------------*/
Build  : 2.3.1-262087cdf8db
Exec   : pimpleDyMFoam
Date   : Jun 06 2023
Time   : 00:52:42
Host   : "jcosson-VirtualBox"
PID    : 16001
Case   : /home/jcosson/workspace/henersj_shootingdata/calcs/moderate_deformed/primal/100_intervals_05-06-23/sweep25/interval34
nProcs : 1
sigFpe : Enabling floating point exception trapping (FOAM_SIGFPE).
fileModificationChecking : Monitoring run-time modified files using timeStampMaster
allowSystemOperations : Allowing user-supplied system call operations

// * * * * * * * * * * * * * * * * * * * * * * * * * * * * * * * * * * * * * //
Create time

Create mesh for time = 0.433

Selecting dynamicFvMesh dynamicMotionSolverFvMesh
Selecting motion solver: displacementLaplacian
Selecting motion diffusion: quadratic
Selecting motion diffusion: quadratic
Selecting motion diffusion: inverseDistance

PIMPLE: no residual control data found. Calculations will employ 3 corrector loops

Reading field p

Reading field U

Reading/calculating face flux field phi

Selecting incompressible transport model Newtonian
Selecting turbulence model type RASModel
Selecting RAS turbulence model kOmegaSST
kOmegaSSTCoeffs
{
    alphaK1         0.85034;
    alphaK2         1;
    alphaOmega1     0.5;
    alphaOmega2     0.85616;
    gamma1          0.5532;
    gamma2          0.4403;
    beta1           0.075;
    beta2           0.0828;
    betaStar        0.09;
    a1              0.31;
    c1              10;
    Cmu             0.09;
    b1              1;
    F3              false;
}

Reading/calculating face velocity Uf

No finite volume options present

Courant Number mean: 0.23219 max: 0.505969

Starting time loop

Courant Number mean: 0.23219 max: 0.505969
Time = 0.434

GAMG:  Solving for cellDisplacementx, Initial residual = 0, Final residual = 0, No Iterations 0
GAMG:  Solving for cellDisplacementy, Initial residual = 0, Final residual = 0, No Iterations 0
GAMG:  Solving for cellDisplacementz, Initial residual = 0, Final residual = 0, No Iterations 0
PIMPLE: iteration 1
DILUPBiCG:  Solving for Ux, Initial residual = 0.0442404, Final residual = 0.000143172, No Iterations 1
DILUPBiCG:  Solving for Uy, Initial residual = 0.00706091, Final residual = 1.65075e-05, No Iterations 1
DILUPBiCG:  Solving for Uz, Initial residual = 0.014396, Final residual = 2.16698e-05, No Iterations 1
GAMG:  Solving for p, Initial residual = 0.119286, Final residual = 0.00116219, No Iterations 4
GAMG:  Solving for p, Initial residual = 0.0156839, Final residual = 0.000144558, No Iterations 18
GAMG:  Solving for p, Initial residual = 0.00693899, Final residual = 6.63243e-05, No Iterations 10
time step continuity errors : sum local = 9.09909e-07, global = -2.37185e-07, cumulative = -2.37185e-07
GAMG:  Solving for p, Initial residual = 0.0519632, Final residual = 0.000436003, No Iterations 4
GAMG:  Solving for p, Initial residual = 0.007707, Final residual = 7.11932e-05, No Iterations 16
GAMG:  Solving for p, Initial residual = 0.00349451, Final residual = 3.49437e-05, No Iterations 10
time step continuity errors : sum local = 4.79699e-07, global = -1.26519e-07, cumulative = -3.63704e-07
PIMPLE: iteration 2
DILUPBiCG:  Solving for Ux, Initial residual = 0.0125129, Final residual = 4.99402e-05, No Iterations 1
DILUPBiCG:  Solving for Uy, Initial residual = 0.00201983, Final residual = 6.7722e-06, No Iterations 1
DILUPBiCG:  Solving for Uz, Initial residual = 0.00285011, Final residual = 8.27584e-06, No Iterations 1
GAMG:  Solving for p, Initial residual = 0.052106, Final residual = 0.000499107, No Iterations 5
GAMG:  Solving for p, Initial residual = 0.0104943, Final residual = 9.39902e-05, No Iterations 13
GAMG:  Solving for p, Initial residual = 0.00427576, Final residual = 4.11816e-05, No Iterations 10
time step continuity errors : sum local = 4.7983e-07, global = 1.2494e-07, cumulative = -2.38764e-07
GAMG:  Solving for p, Initial residual = 0.027113, Final residual = 0.000232021, No Iterations 4
GAMG:  Solving for p, Initial residual = 0.00507617, Final residual = 4.95439e-05, No Iterations 12
GAMG:  Solving for p, Initial residual = 0.00202937, Final residual = 1.78698e-05, No Iterations 12
time step continuity errors : sum local = 2.09629e-07, global = 5.99371e-08, cumulative = -1.78827e-07
PIMPLE: iteration 3
DILUPBiCG:  Solving for Ux, Initial residual = 0.0029299, Final residual = 1.21589e-06, No Iterations 2
DILUPBiCG:  Solving for Uy, Initial residual = 0.000477432, Final residual = 9.0732e-06, No Iterations 1
DILUPBiCG:  Solving for Uz, Initial residual = 0.00736207, Final residual = 2.93063e-06, No Iterations 2
GAMG:  Solving for p, Initial residual = 0.0427378, Final residual = 0.000358895, No Iterations 5
GAMG:  Solving for p, Initial residual = 0.0109229, Final residual = 9.91295e-05, No Iterations 8
GAMG:  Solving for p, Initial residual = 0.00469273, Final residual = 4.56367e-05, No Iterations 10
time step continuity errors : sum local = 5.95727e-07, global = 1.54705e-07, cumulative = -2.41219e-08
GAMG:  Solving for p, Initial residual = 0.00274842, Final residual = 2.43117e-05, No Iterations 18
GAMG:  Solving for p, Initial residual = 0.00162906, Final residual = 1.2024e-05, No Iterations 4
GAMG:  Solving for p, Initial residual = 0.000582398, Final residual = 8.67779e-07, No Iterations 36
time step continuity errors : sum local = 1.12955e-08, global = -3.31304e-09, cumulative = -2.74349e-08
DILUPBiCG:  Solving for omega, Initial residual = 0.000873224, Final residual = 9.73061e-07, No Iterations 1
DILUPBiCG:  Solving for k, Initial residual = 0.00580348, Final residual = 1.23454e-06, No Iterations 2
ExecutionTime = 18.69 s  ClockTime = 19 s

End

