/*---------------------------------------------------------------------------*\
| =========                 |                                                 |
| \\      /  F ield         | OpenFOAM: The Open Source CFD Toolbox           |
|  \\    /   O peration     | Version:  2.3.1                                 |
|   \\  /    A nd           | Web:      www.OpenFOAM.org                      |
|    \\/     M anipulation  |                                                 |
\*---------------------------------------------------------------------------*/
Build  : 2.3.1-262087cdf8db
Exec   : pimpleDyMFoam
Date   : Jun 06 2023
Time   : 00:52:43
Host   : "jcosson-VirtualBox"
PID    : 15997
Case   : /home/jcosson/workspace/henersj_shootingdata/calcs/moderate_deformed/primal/100_intervals_05-06-23/sweep25/interval36
nProcs : 1
sigFpe : Enabling floating point exception trapping (FOAM_SIGFPE).
fileModificationChecking : Monitoring run-time modified files using timeStampMaster
allowSystemOperations : Allowing user-supplied system call operations

// * * * * * * * * * * * * * * * * * * * * * * * * * * * * * * * * * * * * * //
Create time

Create mesh for time = 0.435

Selecting dynamicFvMesh dynamicMotionSolverFvMesh
Selecting motion solver: displacementLaplacian
Selecting motion diffusion: quadratic
Selecting motion diffusion: quadratic
Selecting motion diffusion: inverseDistance

PIMPLE: no residual control data found. Calculations will employ 3 corrector loops

Reading field p

Reading field U

Reading/calculating face flux field phi

Selecting incompressible transport model Newtonian
Selecting turbulence model type RASModel
Selecting RAS turbulence model kOmegaSST
kOmegaSSTCoeffs
{
    alphaK1         0.85034;
    alphaK2         1;
    alphaOmega1     0.5;
    alphaOmega2     0.85616;
    gamma1          0.5532;
    gamma2          0.4403;
    beta1           0.075;
    beta2           0.0828;
    betaStar        0.09;
    a1              0.31;
    c1              10;
    Cmu             0.09;
    b1              1;
    F3              false;
}

Reading/calculating face velocity Uf

No finite volume options present

Courant Number mean: 0.241937 max: 0.528333

Starting time loop

Courant Number mean: 0.241937 max: 0.528333
Time = 0.436

GAMG:  Solving for cellDisplacementx, Initial residual = 0, Final residual = 0, No Iterations 0
GAMG:  Solving for cellDisplacementy, Initial residual = 0, Final residual = 0, No Iterations 0
GAMG:  Solving for cellDisplacementz, Initial residual = 0, Final residual = 0, No Iterations 0
PIMPLE: iteration 1
DILUPBiCG:  Solving for Ux, Initial residual = 0.0396426, Final residual = 0.000128595, No Iterations 1
DILUPBiCG:  Solving for Uy, Initial residual = 0.00626531, Final residual = 1.52196e-05, No Iterations 1
DILUPBiCG:  Solving for Uz, Initial residual = 0.0131051, Final residual = 2.06166e-05, No Iterations 1
GAMG:  Solving for p, Initial residual = 0.118361, Final residual = 0.00110213, No Iterations 4
GAMG:  Solving for p, Initial residual = 0.0158229, Final residual = 0.000137466, No Iterations 18
GAMG:  Solving for p, Initial residual = 0.00697987, Final residual = 6.40888e-05, No Iterations 10
time step continuity errors : sum local = 8.19376e-07, global = -2.14971e-07, cumulative = -2.14971e-07
GAMG:  Solving for p, Initial residual = 0.0518831, Final residual = 0.00041395, No Iterations 4
GAMG:  Solving for p, Initial residual = 0.00777515, Final residual = 6.7739e-05, No Iterations 16
GAMG:  Solving for p, Initial residual = 0.00351896, Final residual = 3.34351e-05, No Iterations 10
time step continuity errors : sum local = 4.27668e-07, global = -1.13976e-07, cumulative = -3.28947e-07
PIMPLE: iteration 2
DILUPBiCG:  Solving for Ux, Initial residual = 0.0112047, Final residual = 4.37938e-05, No Iterations 1
DILUPBiCG:  Solving for Uy, Initial residual = 0.00180266, Final residual = 6.5921e-06, No Iterations 1
DILUPBiCG:  Solving for Uz, Initial residual = 0.00283081, Final residual = 8.10215e-06, No Iterations 1
GAMG:  Solving for p, Initial residual = 0.0519313, Final residual = 0.000506754, No Iterations 5
GAMG:  Solving for p, Initial residual = 0.0109038, Final residual = 9.78169e-05, No Iterations 13
GAMG:  Solving for p, Initial residual = 0.00426436, Final residual = 3.73374e-05, No Iterations 12
time step continuity errors : sum local = 4.05296e-07, global = 1.15069e-07, cumulative = -2.13878e-07
GAMG:  Solving for p, Initial residual = 0.0270659, Final residual = 0.000237516, No Iterations 4
GAMG:  Solving for p, Initial residual = 0.00519973, Final residual = 5.0187e-05, No Iterations 12
GAMG:  Solving for p, Initial residual = 0.00203146, Final residual = 1.87234e-05, No Iterations 12
time step continuity errors : sum local = 2.04674e-07, global = 5.8424e-08, cumulative = -1.55454e-07
PIMPLE: iteration 3
DILUPBiCG:  Solving for Ux, Initial residual = 0.0025897, Final residual = 1.099e-06, No Iterations 2
DILUPBiCG:  Solving for Uy, Initial residual = 0.000421354, Final residual = 9.16099e-06, No Iterations 1
DILUPBiCG:  Solving for Uz, Initial residual = 0.00685919, Final residual = 3.92557e-06, No Iterations 2
GAMG:  Solving for p, Initial residual = 0.043607, Final residual = 0.000365713, No Iterations 5
GAMG:  Solving for p, Initial residual = 0.0112965, Final residual = 9.13386e-05, No Iterations 10
GAMG:  Solving for p, Initial residual = 0.00485295, Final residual = 4.1084e-05, No Iterations 10
time step continuity errors : sum local = 4.98692e-07, global = 1.29145e-07, cumulative = -2.63086e-08
GAMG:  Solving for p, Initial residual = 0.00287339, Final residual = 2.65354e-05, No Iterations 18
GAMG:  Solving for p, Initial residual = 0.00172317, Final residual = 1.31868e-05, No Iterations 4
GAMG:  Solving for p, Initial residual = 0.000608393, Final residual = 8.60829e-07, No Iterations 38
time step continuity errors : sum local = 1.04244e-08, global = -3.07359e-09, cumulative = -2.93822e-08
DILUPBiCG:  Solving for omega, Initial residual = 0.000954724, Final residual = 1.08414e-06, No Iterations 1
DILUPBiCG:  Solving for k, Initial residual = 0.00606368, Final residual = 1.30387e-06, No Iterations 2
ExecutionTime = 18.37 s  ClockTime = 18 s

End

