/*---------------------------------------------------------------------------*\
| =========                 |                                                 |
| \\      /  F ield         | OpenFOAM: The Open Source CFD Toolbox           |
|  \\    /   O peration     | Version:  2.3.1                                 |
|   \\  /    A nd           | Web:      www.OpenFOAM.org                      |
|    \\/     M anipulation  |                                                 |
\*---------------------------------------------------------------------------*/
Build  : 2.3.1-262087cdf8db
Exec   : pimpleDyMFoam
Date   : Jun 06 2023
Time   : 00:52:42
Host   : "jcosson-VirtualBox"
PID    : 15980
Case   : /home/jcosson/workspace/henersj_shootingdata/calcs/moderate_deformed/primal/100_intervals_05-06-23/sweep25/interval26
nProcs : 1
sigFpe : Enabling floating point exception trapping (FOAM_SIGFPE).
fileModificationChecking : Monitoring run-time modified files using timeStampMaster
allowSystemOperations : Allowing user-supplied system call operations

// * * * * * * * * * * * * * * * * * * * * * * * * * * * * * * * * * * * * * //
Create time

Create mesh for time = 0.425

Selecting dynamicFvMesh dynamicMotionSolverFvMesh
Selecting motion solver: displacementLaplacian
Selecting motion diffusion: quadratic
Selecting motion diffusion: quadratic
Selecting motion diffusion: inverseDistance

PIMPLE: no residual control data found. Calculations will employ 3 corrector loops

Reading field p

Reading field U

Reading/calculating face flux field phi

Selecting incompressible transport model Newtonian
Selecting turbulence model type RASModel
Selecting RAS turbulence model kOmegaSST
kOmegaSSTCoeffs
{
    alphaK1         0.85034;
    alphaK2         1;
    alphaOmega1     0.5;
    alphaOmega2     0.85616;
    gamma1          0.5532;
    gamma2          0.4403;
    beta1           0.075;
    beta2           0.0828;
    betaStar        0.09;
    a1              0.31;
    c1              10;
    Cmu             0.09;
    b1              1;
    F3              false;
}

Reading/calculating face velocity Uf

No finite volume options present

Courant Number mean: 0.187859 max: 0.405084

Starting time loop

Courant Number mean: 0.187859 max: 0.405084
Time = 0.426

GAMG:  Solving for cellDisplacementx, Initial residual = 0, Final residual = 0, No Iterations 0
GAMG:  Solving for cellDisplacementy, Initial residual = 0, Final residual = 0, No Iterations 0
GAMG:  Solving for cellDisplacementz, Initial residual = 0, Final residual = 0, No Iterations 0
PIMPLE: iteration 1
DILUPBiCG:  Solving for Ux, Initial residual = 0.0593075, Final residual = 0.000198707, No Iterations 1
DILUPBiCG:  Solving for Uy, Initial residual = 0.00994012, Final residual = 2.03846e-05, No Iterations 1
DILUPBiCG:  Solving for Uz, Initial residual = 0.0201406, Final residual = 2.47906e-05, No Iterations 1
GAMG:  Solving for p, Initial residual = 0.125237, Final residual = 0.000828434, No Iterations 6
GAMG:  Solving for p, Initial residual = 0.0154542, Final residual = 0.00015026, No Iterations 16
GAMG:  Solving for p, Initial residual = 0.00678015, Final residual = 6.31319e-05, No Iterations 10
time step continuity errors : sum local = 9.69597e-07, global = -2.5005e-07, cumulative = -2.5005e-07
GAMG:  Solving for p, Initial residual = 0.0538575, Final residual = 0.000501262, No Iterations 4
GAMG:  Solving for p, Initial residual = 0.00767672, Final residual = 7.67186e-05, No Iterations 16
GAMG:  Solving for p, Initial residual = 0.00353945, Final residual = 3.4991e-05, No Iterations 10
time step continuity errors : sum local = 5.3825e-07, global = -1.39247e-07, cumulative = -3.89297e-07
PIMPLE: iteration 2
DILUPBiCG:  Solving for Ux, Initial residual = 0.0166165, Final residual = 7.68934e-05, No Iterations 1
DILUPBiCG:  Solving for Uy, Initial residual = 0.00276587, Final residual = 7.27769e-06, No Iterations 1
DILUPBiCG:  Solving for Uz, Initial residual = 0.00341257, Final residual = 1.86426e-05, No Iterations 1
GAMG:  Solving for p, Initial residual = 0.0544456, Final residual = 0.000476987, No Iterations 4
GAMG:  Solving for p, Initial residual = 0.00936626, Final residual = 8.34076e-05, No Iterations 16
GAMG:  Solving for p, Initial residual = 0.00424547, Final residual = 3.96992e-05, No Iterations 8
time step continuity errors : sum local = 5.21655e-07, global = 1.39163e-07, cumulative = -2.50134e-07
GAMG:  Solving for p, Initial residual = 0.0279502, Final residual = 0.000209889, No Iterations 4
GAMG:  Solving for p, Initial residual = 0.0046708, Final residual = 4.08177e-05, No Iterations 14
GAMG:  Solving for p, Initial residual = 0.00201467, Final residual = 1.98215e-05, No Iterations 8
time step continuity errors : sum local = 2.61785e-07, global = 6.17929e-08, cumulative = -1.88341e-07
PIMPLE: iteration 3
DILUPBiCG:  Solving for Ux, Initial residual = 0.00400201, Final residual = 1.40451e-06, No Iterations 2
DILUPBiCG:  Solving for Uy, Initial residual = 0.000688378, Final residual = 8.56917e-06, No Iterations 1
DILUPBiCG:  Solving for Uz, Initial residual = 0.00812878, Final residual = 2.78675e-06, No Iterations 2
GAMG:  Solving for p, Initial residual = 0.0407349, Final residual = 0.000310311, No Iterations 5
GAMG:  Solving for p, Initial residual = 0.00968738, Final residual = 8.53867e-05, No Iterations 7
GAMG:  Solving for p, Initial residual = 0.00435493, Final residual = 4.05601e-05, No Iterations 8
time step continuity errors : sum local = 5.97944e-07, global = 1.29835e-07, cumulative = -5.85067e-08
GAMG:  Solving for p, Initial residual = 0.00240612, Final residual = 2.20587e-05, No Iterations 18
GAMG:  Solving for p, Initial residual = 0.00137094, Final residual = 1.12852e-05, No Iterations 4
GAMG:  Solving for p, Initial residual = 0.000533107, Final residual = 9.73163e-07, No Iterations 32
time step continuity errors : sum local = 1.4284e-08, global = -4.19701e-09, cumulative = -6.27037e-08
DILUPBiCG:  Solving for omega, Initial residual = 0.000642223, Final residual = 7.32593e-07, No Iterations 1
DILUPBiCG:  Solving for k, Initial residual = 0.00468998, Final residual = 1.18847e-06, No Iterations 2
ExecutionTime = 17.73 s  ClockTime = 18 s

End

