/*---------------------------------------------------------------------------*\
| =========                 |                                                 |
| \\      /  F ield         | OpenFOAM: The Open Source CFD Toolbox           |
|  \\    /   O peration     | Version:  2.3.1                                 |
|   \\  /    A nd           | Web:      www.OpenFOAM.org                      |
|    \\/     M anipulation  |                                                 |
\*---------------------------------------------------------------------------*/
Build  : 2.3.1-262087cdf8db
Exec   : pimpleDyMFoam
Date   : Jun 06 2023
Time   : 10:45:00
Host   : "jcosson-VirtualBox"
PID    : 6647
Case   : /home/jcosson/workspace/henersj_shootingdata/calcs/moderate_deformed/primal/28_intervals_05-06-23/sweep6/interval28
nProcs : 1
sigFpe : Enabling floating point exception trapping (FOAM_SIGFPE).
fileModificationChecking : Monitoring run-time modified files using timeStampMaster
allowSystemOperations : Allowing user-supplied system call operations

// * * * * * * * * * * * * * * * * * * * * * * * * * * * * * * * * * * * * * //
Create time

Create mesh for time = 0.496

Selecting dynamicFvMesh dynamicMotionSolverFvMesh
Selecting motion solver: displacementLaplacian
Selecting motion diffusion: quadratic
Selecting motion diffusion: quadratic
Selecting motion diffusion: inverseDistance

PIMPLE: no residual control data found. Calculations will employ 3 corrector loops

Reading field p

Reading field U

Reading/calculating face flux field phi

Selecting incompressible transport model Newtonian
Selecting turbulence model type RASModel
Selecting RAS turbulence model kOmegaSST
bounding k, min: 0 max: 0.000663357 average: 0.000153932
kOmegaSSTCoeffs
{
    alphaK1         0.85034;
    alphaK2         1;
    alphaOmega1     0.5;
    alphaOmega2     0.85616;
    gamma1          0.5532;
    gamma2          0.4403;
    beta1           0.075;
    beta2           0.0828;
    betaStar        0.09;
    a1              0.31;
    c1              10;
    Cmu             0.09;
    b1              1;
    F3              false;
}

Reading/calculating face velocity Uf

No finite volume options present

Courant Number mean: 0.100663 max: 0.22339

Starting time loop

Courant Number mean: 0.100663 max: 0.22339
Time = 0.497

GAMG:  Solving for cellDisplacementx, Initial residual = 0, Final residual = 0, No Iterations 0
GAMG:  Solving for cellDisplacementy, Initial residual = 0, Final residual = 0, No Iterations 0
GAMG:  Solving for cellDisplacementz, Initial residual = 0, Final residual = 0, No Iterations 0
PIMPLE: iteration 1
DILUPBiCG:  Solving for Ux, Initial residual = 0.0257167, Final residual = 9.32622e-05, No Iterations 1
DILUPBiCG:  Solving for Uy, Initial residual = 0.00564496, Final residual = 1.14645e-05, No Iterations 1
DILUPBiCG:  Solving for Uz, Initial residual = 0.0113387, Final residual = 1.31378e-05, No Iterations 1
GAMG:  Solving for p, Initial residual = 0.103457, Final residual = 0.000758651, No Iterations 3
GAMG:  Solving for p, Initial residual = 0.0162107, Final residual = 0.000138517, No Iterations 4
GAMG:  Solving for p, Initial residual = 0.00786453, Final residual = 7.19836e-05, No Iterations 7
time step continuity errors : sum local = 3.38431e-07, global = 7.29041e-08, cumulative = 7.29041e-08
GAMG:  Solving for p, Initial residual = 0.0502867, Final residual = 0.000358889, No Iterations 3
GAMG:  Solving for p, Initial residual = 0.00791517, Final residual = 5.74772e-05, No Iterations 5
GAMG:  Solving for p, Initial residual = 0.00398512, Final residual = 3.23408e-05, No Iterations 4
time step continuity errors : sum local = 1.53411e-07, global = 5.13597e-08, cumulative = 1.24264e-07
PIMPLE: iteration 2
DILUPBiCG:  Solving for Ux, Initial residual = 0.0059752, Final residual = 3.39711e-05, No Iterations 1
DILUPBiCG:  Solving for Uy, Initial residual = 0.00132279, Final residual = 2.7722e-06, No Iterations 1
DILUPBiCG:  Solving for Uz, Initial residual = 0.00335626, Final residual = 1.67546e-05, No Iterations 1
GAMG:  Solving for p, Initial residual = 0.0479367, Final residual = 0.000383078, No Iterations 6
GAMG:  Solving for p, Initial residual = 0.0170008, Final residual = 0.000159408, No Iterations 10
GAMG:  Solving for p, Initial residual = 0.00548838, Final residual = 5.10066e-05, No Iterations 14
time step continuity errors : sum local = 2.10988e-07, global = -6.47925e-08, cumulative = 5.94712e-08
GAMG:  Solving for p, Initial residual = 0.0260625, Final residual = 0.000176407, No Iterations 6
GAMG:  Solving for p, Initial residual = 0.00913667, Final residual = 8.50061e-05, No Iterations 8
GAMG:  Solving for p, Initial residual = 0.0026025, Final residual = 2.26926e-05, No Iterations 16
time step continuity errors : sum local = 9.39052e-08, global = -2.79674e-08, cumulative = 3.15039e-08
PIMPLE: iteration 3
DILUPBiCG:  Solving for Ux, Initial residual = 0.000939365, Final residual = 8.72116e-07, No Iterations 2
DILUPBiCG:  Solving for Uy, Initial residual = 0.000239282, Final residual = 4.73998e-07, No Iterations 2
DILUPBiCG:  Solving for Uz, Initial residual = 0.00323886, Final residual = 1.62529e-06, No Iterations 2
GAMG:  Solving for p, Initial residual = 0.0587628, Final residual = 0.000425583, No Iterations 5
GAMG:  Solving for p, Initial residual = 0.0129042, Final residual = 0.000127055, No Iterations 14
GAMG:  Solving for p, Initial residual = 0.00702677, Final residual = 6.62849e-05, No Iterations 10
time step continuity errors : sum local = 3.02257e-07, global = -8.20415e-08, cumulative = -5.05377e-08
GAMG:  Solving for p, Initial residual = 0.00304259, Final residual = 2.96241e-05, No Iterations 8
GAMG:  Solving for p, Initial residual = 0.00158269, Final residual = 1.24195e-05, No Iterations 6
GAMG:  Solving for p, Initial residual = 0.000630428, Final residual = 8.7339e-07, No Iterations 29
time step continuity errors : sum local = 3.92689e-09, global = 1.17429e-09, cumulative = -4.93634e-08
DILUPBiCG:  Solving for omega, Initial residual = 0.00147036, Final residual = 7.24503e-07, No Iterations 1
DILUPBiCG:  Solving for k, Initial residual = 0.00369096, Final residual = 5.97784e-07, No Iterations 2
bounding k, min: 0 max: 0.000651242 average: 0.000153019
ExecutionTime = 13 s  ClockTime = 13 s

Courant Number mean: 0.0994234 max: 0.220594
Time = 0.498

GAMG:  Solving for cellDisplacementx, Initial residual = 0, Final residual = 0, No Iterations 0
GAMG:  Solving for cellDisplacementy, Initial residual = 0, Final residual = 0, No Iterations 0
GAMG:  Solving for cellDisplacementz, Initial residual = 0, Final residual = 0, No Iterations 0
PIMPLE: iteration 1
DILUPBiCG:  Solving for Ux, Initial residual = 0.0204746, Final residual = 7.41031e-05, No Iterations 1
DILUPBiCG:  Solving for Uy, Initial residual = 0.00446955, Final residual = 9.06448e-06, No Iterations 1
DILUPBiCG:  Solving for Uz, Initial residual = 0.0127062, Final residual = 2.25185e-05, No Iterations 1
GAMG:  Solving for p, Initial residual = 0.0901737, Final residual = 0.000365364, No Iterations 4
GAMG:  Solving for p, Initial residual = 0.0138313, Final residual = 0.000126749, No Iterations 8
GAMG:  Solving for p, Initial residual = 0.0063624, Final residual = 6.17825e-05, No Iterations 6
time step continuity errors : sum local = 2.33844e-07, global = -5.76695e-08, cumulative = -1.07033e-07
GAMG:  Solving for p, Initial residual = 0.0450561, Final residual = 0.00019226, No Iterations 4
GAMG:  Solving for p, Initial residual = 0.00710805, Final residual = 6.795e-05, No Iterations 8
GAMG:  Solving for p, Initial residual = 0.00318662, Final residual = 3.18261e-05, No Iterations 8
time step continuity errors : sum local = 1.20292e-07, global = -2.6345e-08, cumulative = -1.33378e-07
PIMPLE: iteration 2
DILUPBiCG:  Solving for Ux, Initial residual = 0.0045377, Final residual = 2.62069e-05, No Iterations 1
DILUPBiCG:  Solving for Uy, Initial residual = 0.00101381, Final residual = 2.22906e-06, No Iterations 1
DILUPBiCG:  Solving for Uz, Initial residual = 0.00343812, Final residual = 1.4339e-05, No Iterations 1
GAMG:  Solving for p, Initial residual = 0.0416852, Final residual = 0.0003497, No Iterations 8
GAMG:  Solving for p, Initial residual = 0.0216495, Final residual = 0.000206296, No Iterations 6
GAMG:  Solving for p, Initial residual = 0.00455447, Final residual = 3.99758e-05, No Iterations 20
time step continuity errors : sum local = 1.30395e-07, global = -3.69733e-08, cumulative = -1.70351e-07
GAMG:  Solving for p, Initial residual = 0.0225177, Final residual = 0.000196232, No Iterations 6
GAMG:  Solving for p, Initial residual = 0.0107122, Final residual = 9.83948e-05, No Iterations 7
GAMG:  Solving for p, Initial residual = 0.00242713, Final residual = 2.12352e-05, No Iterations 19
time step continuity errors : sum local = 6.91371e-08, global = -1.94391e-08, cumulative = -1.8979e-07
PIMPLE: iteration 3
DILUPBiCG:  Solving for Ux, Initial residual = 0.000563624, Final residual = 7.23313e-06, No Iterations 1
DILUPBiCG:  Solving for Uy, Initial residual = 0.000152393, Final residual = 2.07307e-06, No Iterations 1
DILUPBiCG:  Solving for Uz, Initial residual = 0.00192422, Final residual = 3.73911e-06, No Iterations 2
GAMG:  Solving for p, Initial residual = 0.0649988, Final residual = 0.000480217, No Iterations 5
GAMG:  Solving for p, Initial residual = 0.0141171, Final residual = 0.000128672, No Iterations 16
GAMG:  Solving for p, Initial residual = 0.00867818, Final residual = 8.24697e-05, No Iterations 8
time step continuity errors : sum local = 2.92764e-07, global = -6.72054e-08, cumulative = -2.56996e-07
GAMG:  Solving for p, Initial residual = 0.00329846, Final residual = 2.9767e-05, No Iterations 8
GAMG:  Solving for p, Initial residual = 0.0017355, Final residual = 1.44441e-05, No Iterations 6
GAMG:  Solving for p, Initial residual = 0.000626136, Final residual = 9.77063e-07, No Iterations 29
time step continuity errors : sum local = 3.4126e-09, global = 1.05475e-09, cumulative = -2.55941e-07
DILUPBiCG:  Solving for omega, Initial residual = 0.00146987, Final residual = 7.16493e-07, No Iterations 1
DILUPBiCG:  Solving for k, Initial residual = 0.0036597, Final residual = 6.19889e-07, No Iterations 2
bounding k, min: 0 max: 0.000638816 average: 0.000152127
ExecutionTime = 20.32 s  ClockTime = 20 s

Courant Number mean: 0.0985288 max: 0.218539
Time = 0.499

GAMG:  Solving for cellDisplacementx, Initial residual = 0, Final residual = 0, No Iterations 0
GAMG:  Solving for cellDisplacementy, Initial residual = 0, Final residual = 0, No Iterations 0
GAMG:  Solving for cellDisplacementz, Initial residual = 0, Final residual = 0, No Iterations 0
PIMPLE: iteration 1
DILUPBiCG:  Solving for Ux, Initial residual = 0.0147957, Final residual = 5.39021e-05, No Iterations 1
DILUPBiCG:  Solving for Uy, Initial residual = 0.00329229, Final residual = 6.76503e-06, No Iterations 1
DILUPBiCG:  Solving for Uz, Initial residual = 0.00914476, Final residual = 1.46919e-05, No Iterations 1
GAMG:  Solving for p, Initial residual = 0.0832852, Final residual = 0.000646487, No Iterations 4
GAMG:  Solving for p, Initial residual = 0.0205362, Final residual = 0.000202001, No Iterations 8
GAMG:  Solving for p, Initial residual = 0.00793506, Final residual = 6.60012e-05, No Iterations 12
time step continuity errors : sum local = 1.80806e-07, global = -5.15238e-08, cumulative = -3.07465e-07
GAMG:  Solving for p, Initial residual = 0.0433002, Final residual = 0.000302995, No Iterations 4
GAMG:  Solving for p, Initial residual = 0.0106149, Final residual = 9.82643e-05, No Iterations 8
GAMG:  Solving for p, Initial residual = 0.00384613, Final residual = 3.33065e-05, No Iterations 12
time step continuity errors : sum local = 9.12493e-08, global = -2.59786e-08, cumulative = -3.33443e-07
PIMPLE: iteration 2
DILUPBiCG:  Solving for Ux, Initial residual = 0.00303719, Final residual = 1.94212e-05, No Iterations 1
DILUPBiCG:  Solving for Uy, Initial residual = 0.000694162, Final residual = 1.87343e-06, No Iterations 1
DILUPBiCG:  Solving for Uz, Initial residual = 0.00340384, Final residual = 1.96303e-05, No Iterations 1
GAMG:  Solving for p, Initial residual = 0.0403995, Final residual = 0.000382647, No Iterations 8
GAMG:  Solving for p, Initial residual = 0.0279891, Final residual = 0.000236008, No Iterations 6
GAMG:  Solving for p, Initial residual = 0.00504668, Final residual = 4.75782e-05, No Iterations 20
time step continuity errors : sum local = 1.13164e-07, global = -3.22261e-08, cumulative = -3.65669e-07
GAMG:  Solving for p, Initial residual = 0.0221806, Final residual = 0.000182364, No Iterations 8
GAMG:  Solving for p, Initial residual = 0.0139707, Final residual = 0.000107709, No Iterations 6
GAMG:  Solving for p, Initial residual = 0.00246545, Final residual = 2.11853e-05, No Iterations 20
time step continuity errors : sum local = 5.02983e-08, global = -1.42567e-08, cumulative = -3.79926e-07
PIMPLE: iteration 3
DILUPBiCG:  Solving for Ux, Initial residual = 0.000233633, Final residual = 1.83123e-06, No Iterations 1
DILUPBiCG:  Solving for Uy, Initial residual = 8.19699e-05, Final residual = 7.20011e-07, No Iterations 1
DILUPBiCG:  Solving for Uz, Initial residual = 0.00193919, Final residual = 2.98099e-06, No Iterations 2
GAMG:  Solving for p, Initial residual = 0.0785071, Final residual = 0.000540822, No Iterations 5
GAMG:  Solving for p, Initial residual = 0.0152946, Final residual = 0.000147749, No Iterations 16
GAMG:  Solving for p, Initial residual = 0.0102222, Final residual = 8.97444e-05, No Iterations 8
time step continuity errors : sum local = 2.27857e-07, global = -5.50656e-08, cumulative = -4.34992e-07
GAMG:  Solving for p, Initial residual = 0.00354788, Final residual = 2.85211e-05, No Iterations 8
GAMG:  Solving for p, Initial residual = 0.00190854, Final residual = 1.81408e-05, No Iterations 4
GAMG:  Solving for p, Initial residual = 0.000666881, Final residual = 8.93357e-07, No Iterations 33
time step continuity errors : sum local = 2.23273e-09, global = 6.81227e-10, cumulative = -4.3431e-07
DILUPBiCG:  Solving for omega, Initial residual = 0.00146481, Final residual = 7.10361e-07, No Iterations 1
DILUPBiCG:  Solving for k, Initial residual = 0.00362725, Final residual = 6.40506e-07, No Iterations 2
bounding k, min: 0 max: 0.000626164 average: 0.000151258
ExecutionTime = 27.52 s  ClockTime = 27 s

Courant Number mean: 0.0979888 max: 0.217228
Time = 0.5

GAMG:  Solving for cellDisplacementx, Initial residual = 0, Final residual = 0, No Iterations 0
GAMG:  Solving for cellDisplacementy, Initial residual = 0, Final residual = 0, No Iterations 0
GAMG:  Solving for cellDisplacementz, Initial residual = 0, Final residual = 0, No Iterations 0
PIMPLE: iteration 1
DILUPBiCG:  Solving for Ux, Initial residual = 0.00925922, Final residual = 3.38289e-05, No Iterations 1
DILUPBiCG:  Solving for Uy, Initial residual = 0.00211322, Final residual = 4.50412e-06, No Iterations 1
DILUPBiCG:  Solving for Uz, Initial residual = 0.0112175, Final residual = 2.37179e-05, No Iterations 1
GAMG:  Solving for p, Initial residual = 0.0776045, Final residual = 0.000642691, No Iterations 7
GAMG:  Solving for p, Initial residual = 0.0477774, Final residual = 0.000477053, No Iterations 5
GAMG:  Solving for p, Initial residual = 0.00873358, Final residual = 7.91111e-05, No Iterations 21
time step continuity errors : sum local = 1.31585e-07, global = -3.8211e-08, cumulative = -4.72521e-07
GAMG:  Solving for p, Initial residual = 0.0431007, Final residual = 0.000304679, No Iterations 6
GAMG:  Solving for p, Initial residual = 0.0236083, Final residual = 0.000184841, No Iterations 4
GAMG:  Solving for p, Initial residual = 0.004481, Final residual = 4.23203e-05, No Iterations 17
time step continuity errors : sum local = 7.04707e-08, global = -1.95887e-08, cumulative = -4.9211e-07
PIMPLE: iteration 2
DILUPBiCG:  Solving for Ux, Initial residual = 0.00153205, Final residual = 3.40773e-05, No Iterations 1
DILUPBiCG:  Solving for Uy, Initial residual = 0.000376454, Final residual = 4.34421e-06, No Iterations 1
DILUPBiCG:  Solving for Uz, Initial residual = 0.00346232, Final residual = 1.73421e-05, No Iterations 1
GAMG:  Solving for p, Initial residual = 0.040787, Final residual = 0.000390414, No Iterations 13
GAMG:  Solving for p, Initial residual = 0.0377926, Final residual = 0.00029872, No Iterations 6
GAMG:  Solving for p, Initial residual = 0.00722685, Final residual = 7.09905e-05, No Iterations 18
time step continuity errors : sum local = 1.04425e-07, global = -2.93857e-08, cumulative = -5.21496e-07
GAMG:  Solving for p, Initial residual = 0.0231223, Final residual = 0.000207869, No Iterations 11
GAMG:  Solving for p, Initial residual = 0.0175954, Final residual = 0.000164776, No Iterations 6
GAMG:  Solving for p, Initial residual = 0.00362923, Final residual = 3.10482e-05, No Iterations 20
time step continuity errors : sum local = 4.55639e-08, global = -1.29857e-08, cumulative = -5.34481e-07
PIMPLE: iteration 3
DILUPBiCG:  Solving for Ux, Initial residual = 0.000193403, Final residual = 1.7549e-06, No Iterations 1
DILUPBiCG:  Solving for Uy, Initial residual = 6.99163e-05, Final residual = 6.71515e-07, No Iterations 1
DILUPBiCG:  Solving for Uz, Initial residual = 0.00126851, Final residual = 4.84536e-07, No Iterations 2
GAMG:  Solving for p, Initial residual = 0.109116, Final residual = 0.00100471, No Iterations 3
GAMG:  Solving for p, Initial residual = 0.0168343, Final residual = 0.00016642, No Iterations 20
GAMG:  Solving for p, Initial residual = 0.0183749, Final residual = 0.00014079, No Iterations 5
time step continuity errors : sum local = 2.09894e-07, global = 9.33932e-08, cumulative = -4.41088e-07
GAMG:  Solving for p, Initial residual = 0.00502933, Final residual = 4.76385e-05, No Iterations 9
GAMG:  Solving for p, Initial residual = 0.00251581, Final residual = 2.05727e-05, No Iterations 6
GAMG:  Solving for p, Initial residual = 0.000817865, Final residual = 8.78517e-07, No Iterations 29
time step continuity errors : sum local = 1.27779e-09, global = 4.34928e-10, cumulative = -4.40653e-07
DILUPBiCG:  Solving for omega, Initial residual = 0.00145523, Final residual = 7.06313e-07, No Iterations 1
DILUPBiCG:  Solving for k, Initial residual = 0.00359304, Final residual = 6.62284e-07, No Iterations 2
bounding k, min: 0 max: 0.000613363 average: 0.000150415
ExecutionTime = 31.37 s  ClockTime = 31 s

End

