/*---------------------------------------------------------------------------*\
| =========                 |                                                 |
| \\      /  F ield         | OpenFOAM: The Open Source CFD Toolbox           |
|  \\    /   O peration     | Version:  2.3.1                                 |
|   \\  /    A nd           | Web:      www.OpenFOAM.org                      |
|    \\/     M anipulation  |                                                 |
\*---------------------------------------------------------------------------*/
Build  : 2.3.1-262087cdf8db
Exec   : pimpleDyMFoam
Date   : Jun 06 2023
Time   : 00:44:10
Host   : "jcosson-VirtualBox"
PID    : 11132
Case   : /home/jcosson/workspace/henersj_shootingdata/calcs/moderate_deformed/primal/100_intervals_05-06-23/sweep22/interval98
nProcs : 1
sigFpe : Enabling floating point exception trapping (FOAM_SIGFPE).
fileModificationChecking : Monitoring run-time modified files using timeStampMaster
allowSystemOperations : Allowing user-supplied system call operations

// * * * * * * * * * * * * * * * * * * * * * * * * * * * * * * * * * * * * * //
Create time

Create mesh for time = 0.497

Selecting dynamicFvMesh dynamicMotionSolverFvMesh
Selecting motion solver: displacementLaplacian
Selecting motion diffusion: quadratic
Selecting motion diffusion: quadratic
Selecting motion diffusion: inverseDistance

PIMPLE: no residual control data found. Calculations will employ 3 corrector loops

Reading field p

Reading field U

Reading/calculating face flux field phi

Selecting incompressible transport model Newtonian
Selecting turbulence model type RASModel
Selecting RAS turbulence model kOmegaSST
bounding k, min: 0 max: 0.000648182 average: 0.000152512
kOmegaSSTCoeffs
{
    alphaK1         0.85034;
    alphaK2         1;
    alphaOmega1     0.5;
    alphaOmega2     0.85616;
    gamma1          0.5532;
    gamma2          0.4403;
    beta1           0.075;
    beta2           0.0828;
    betaStar        0.09;
    a1              0.31;
    c1              10;
    Cmu             0.09;
    b1              1;
    F3              false;
}

Reading/calculating face velocity Uf

No finite volume options present

Courant Number mean: 0.0995634 max: 0.222511

Starting time loop

Courant Number mean: 0.0995634 max: 0.222511
Time = 0.498

GAMG:  Solving for cellDisplacementx, Initial residual = 0, Final residual = 0, No Iterations 0
GAMG:  Solving for cellDisplacementy, Initial residual = 0, Final residual = 0, No Iterations 0
GAMG:  Solving for cellDisplacementz, Initial residual = 0, Final residual = 0, No Iterations 0
PIMPLE: iteration 1
DILUPBiCG:  Solving for Ux, Initial residual = 0.0203357, Final residual = 7.39513e-05, No Iterations 1
DILUPBiCG:  Solving for Uy, Initial residual = 0.00448733, Final residual = 9.09208e-06, No Iterations 1
DILUPBiCG:  Solving for Uz, Initial residual = 0.00964596, Final residual = 1.29717e-05, No Iterations 1
GAMG:  Solving for p, Initial residual = 0.0977946, Final residual = 0.000379754, No Iterations 4
GAMG:  Solving for p, Initial residual = 0.016072, Final residual = 0.000157058, No Iterations 6
GAMG:  Solving for p, Initial residual = 0.00745502, Final residual = 7.20869e-05, No Iterations 6
time step continuity errors : sum local = 2.76834e-07, global = -8.76212e-08, cumulative = -8.76212e-08
GAMG:  Solving for p, Initial residual = 0.0484608, Final residual = 0.000192628, No Iterations 4
GAMG:  Solving for p, Initial residual = 0.007968, Final residual = 6.84507e-05, No Iterations 8
GAMG:  Solving for p, Initial residual = 0.00379904, Final residual = 3.18667e-05, No Iterations 6
time step continuity errors : sum local = 1.22412e-07, global = -3.82256e-08, cumulative = -1.25847e-07
PIMPLE: iteration 2
DILUPBiCG:  Solving for Ux, Initial residual = 0.00452972, Final residual = 2.63557e-05, No Iterations 1
DILUPBiCG:  Solving for Uy, Initial residual = 0.00101678, Final residual = 2.23433e-06, No Iterations 1
DILUPBiCG:  Solving for Uz, Initial residual = 0.00331422, Final residual = 2.18782e-05, No Iterations 1
GAMG:  Solving for p, Initial residual = 0.04613, Final residual = 0.000414485, No Iterations 6
GAMG:  Solving for p, Initial residual = 0.0213786, Final residual = 0.00019804, No Iterations 8
GAMG:  Solving for p, Initial residual = 0.00535159, Final residual = 4.76185e-05, No Iterations 18
time step continuity errors : sum local = 1.5848e-07, global = -4.52817e-08, cumulative = -1.71128e-07
GAMG:  Solving for p, Initial residual = 0.025061, Final residual = 0.000193507, No Iterations 6
GAMG:  Solving for p, Initial residual = 0.0111345, Final residual = 0.000109261, No Iterations 6
GAMG:  Solving for p, Initial residual = 0.00249741, Final residual = 2.41888e-05, No Iterations 18
time step continuity errors : sum local = 8.04328e-08, global = -2.27744e-08, cumulative = -1.93903e-07
PIMPLE: iteration 3
DILUPBiCG:  Solving for Ux, Initial residual = 0.000575666, Final residual = 7.29345e-06, No Iterations 1
DILUPBiCG:  Solving for Uy, Initial residual = 0.000156594, Final residual = 2.1432e-06, No Iterations 1
DILUPBiCG:  Solving for Uz, Initial residual = 0.0024166, Final residual = 1.15658e-07, No Iterations 3
GAMG:  Solving for p, Initial residual = 0.0670398, Final residual = 0.000468585, No Iterations 5
GAMG:  Solving for p, Initial residual = 0.0137177, Final residual = 0.000124226, No Iterations 16
GAMG:  Solving for p, Initial residual = 0.00839317, Final residual = 7.79977e-05, No Iterations 8
time step continuity errors : sum local = 2.82068e-07, global = -6.55937e-08, cumulative = -2.59497e-07
GAMG:  Solving for p, Initial residual = 0.00315901, Final residual = 2.63121e-05, No Iterations 8
GAMG:  Solving for p, Initial residual = 0.00168069, Final residual = 1.27084e-05, No Iterations 6
GAMG:  Solving for p, Initial residual = 0.000628456, Final residual = 9.6344e-07, No Iterations 29
time step continuity errors : sum local = 3.4356e-09, global = 1.03957e-09, cumulative = -2.58457e-07
DILUPBiCG:  Solving for omega, Initial residual = 0.00146492, Final residual = 7.12619e-07, No Iterations 1
DILUPBiCG:  Solving for k, Initial residual = 0.00362313, Final residual = 6.23967e-07, No Iterations 2
bounding k, min: 0 max: 0.000635873 average: 0.000151628
ExecutionTime = 7.77 s  ClockTime = 8 s

End

