/*---------------------------------------------------------------------------*\
| =========                 |                                                 |
| \\      /  F ield         | OpenFOAM: The Open Source CFD Toolbox           |
|  \\    /   O peration     | Version:  2.3.1                                 |
|   \\  /    A nd           | Web:      www.OpenFOAM.org                      |
|    \\/     M anipulation  |                                                 |
\*---------------------------------------------------------------------------*/
Build  : 2.3.1-262087cdf8db
Exec   : pimpleDyMFoam
Date   : Jun 06 2023
Time   : 00:43:37
Host   : "jcosson-VirtualBox"
PID    : 11083
Case   : /home/jcosson/workspace/henersj_shootingdata/calcs/moderate_deformed/primal/100_intervals_05-06-23/sweep22/interval74
nProcs : 1
sigFpe : Enabling floating point exception trapping (FOAM_SIGFPE).
fileModificationChecking : Monitoring run-time modified files using timeStampMaster
allowSystemOperations : Allowing user-supplied system call operations

// * * * * * * * * * * * * * * * * * * * * * * * * * * * * * * * * * * * * * //
Create time

Create mesh for time = 0.473

Selecting dynamicFvMesh dynamicMotionSolverFvMesh
Selecting motion solver: displacementLaplacian
Selecting motion diffusion: quadratic
Selecting motion diffusion: quadratic
Selecting motion diffusion: inverseDistance

PIMPLE: no residual control data found. Calculations will employ 3 corrector loops

Reading field p

Reading field U

Reading/calculating face flux field phi

Selecting incompressible transport model Newtonian
Selecting turbulence model type RASModel
Selecting RAS turbulence model kOmegaSST
kOmegaSSTCoeffs
{
    alphaK1         0.85034;
    alphaK2         1;
    alphaOmega1     0.5;
    alphaOmega2     0.85616;
    gamma1          0.5532;
    gamma2          0.4403;
    beta1           0.075;
    beta2           0.0828;
    betaStar        0.09;
    a1              0.31;
    c1              10;
    Cmu             0.09;
    b1              1;
    F3              false;
}

Reading/calculating face velocity Uf

No finite volume options present

Courant Number mean: 0.200495 max: 0.448298

Starting time loop

Courant Number mean: 0.200495 max: 0.448298
Time = 0.474

GAMG:  Solving for cellDisplacementx, Initial residual = 0, Final residual = 0, No Iterations 0
GAMG:  Solving for cellDisplacementy, Initial residual = 0, Final residual = 0, No Iterations 0
GAMG:  Solving for cellDisplacementz, Initial residual = 0, Final residual = 0, No Iterations 0
PIMPLE: iteration 1
DILUPBiCG:  Solving for Ux, Initial residual = 0.055144, Final residual = 0.000225392, No Iterations 1
DILUPBiCG:  Solving for Uy, Initial residual = 0.0092196, Final residual = 2.08323e-05, No Iterations 1
DILUPBiCG:  Solving for Uz, Initial residual = 0.012809, Final residual = 2.89777e-05, No Iterations 1
GAMG:  Solving for p, Initial residual = 0.126231, Final residual = 0.000951936, No Iterations 6
GAMG:  Solving for p, Initial residual = 0.0148895, Final residual = 0.000142967, No Iterations 18
GAMG:  Solving for p, Initial residual = 0.00655983, Final residual = 5.65199e-05, No Iterations 12
time step continuity errors : sum local = 8.50553e-07, global = 2.55353e-07, cumulative = 2.55353e-07
GAMG:  Solving for p, Initial residual = 0.0537661, Final residual = 0.000529941, No Iterations 4
GAMG:  Solving for p, Initial residual = 0.00752483, Final residual = 7.16313e-05, No Iterations 18
GAMG:  Solving for p, Initial residual = 0.00350094, Final residual = 3.4838e-05, No Iterations 10
time step continuity errors : sum local = 5.24608e-07, global = 1.39731e-07, cumulative = 3.95084e-07
PIMPLE: iteration 2
DILUPBiCG:  Solving for Ux, Initial residual = 0.0158376, Final residual = 9.48574e-05, No Iterations 1
DILUPBiCG:  Solving for Uy, Initial residual = 0.00278878, Final residual = 6.27219e-06, No Iterations 1
DILUPBiCG:  Solving for Uz, Initial residual = 0.00328387, Final residual = 1.20592e-05, No Iterations 1
GAMG:  Solving for p, Initial residual = 0.0539036, Final residual = 0.000475799, No Iterations 4
GAMG:  Solving for p, Initial residual = 0.00889156, Final residual = 8.67161e-05, No Iterations 16
GAMG:  Solving for p, Initial residual = 0.00403578, Final residual = 3.63594e-05, No Iterations 10
time step continuity errors : sum local = 4.6787e-07, global = -1.27334e-07, cumulative = 2.6775e-07
GAMG:  Solving for p, Initial residual = 0.0277174, Final residual = 0.000207689, No Iterations 4
GAMG:  Solving for p, Initial residual = 0.00441521, Final residual = 4.03932e-05, No Iterations 14
GAMG:  Solving for p, Initial residual = 0.00190642, Final residual = 1.75229e-05, No Iterations 10
time step continuity errors : sum local = 2.2669e-07, global = -5.9542e-08, cumulative = 2.08208e-07
PIMPLE: iteration 3
DILUPBiCG:  Solving for Ux, Initial residual = 0.00385801, Final residual = 2.27716e-06, No Iterations 2
DILUPBiCG:  Solving for Uy, Initial residual = 0.000686595, Final residual = 6.53818e-06, No Iterations 1
DILUPBiCG:  Solving for Uz, Initial residual = 0.00732317, Final residual = 3.42143e-06, No Iterations 2
GAMG:  Solving for p, Initial residual = 0.0403471, Final residual = 0.000367644, No Iterations 5
GAMG:  Solving for p, Initial residual = 0.00934259, Final residual = 8.44831e-05, No Iterations 9
GAMG:  Solving for p, Initial residual = 0.00438707, Final residual = 3.91973e-05, No Iterations 10
time step continuity errors : sum local = 5.65966e-07, global = -1.45903e-07, cumulative = 6.23051e-08
GAMG:  Solving for p, Initial residual = 0.00244798, Final residual = 2.19427e-05, No Iterations 18
GAMG:  Solving for p, Initial residual = 0.0013512, Final residual = 1.15536e-05, No Iterations 4
GAMG:  Solving for p, Initial residual = 0.000545215, Final residual = 9.3804e-07, No Iterations 32
time step continuity errors : sum local = 1.34786e-08, global = 3.97294e-09, cumulative = 6.6278e-08
DILUPBiCG:  Solving for omega, Initial residual = 0.000680058, Final residual = 7.48684e-07, No Iterations 1
DILUPBiCG:  Solving for k, Initial residual = 0.00437154, Final residual = 1.16843e-06, No Iterations 2
ExecutionTime = 16.77 s  ClockTime = 17 s

End

