/*---------------------------------------------------------------------------*\
| =========                 |                                                 |
| \\      /  F ield         | OpenFOAM: The Open Source CFD Toolbox           |
|  \\    /   O peration     | Version:  2.3.1                                 |
|   \\  /    A nd           | Web:      www.OpenFOAM.org                      |
|    \\/     M anipulation  |                                                 |
\*---------------------------------------------------------------------------*/
Build  : 2.3.1-262087cdf8db
Exec   : pimpleDyMFoam
Date   : Jun 06 2023
Time   : 00:44:03
Host   : "jcosson-VirtualBox"
PID    : 11122
Case   : /home/jcosson/workspace/henersj_shootingdata/calcs/moderate_deformed/primal/100_intervals_05-06-23/sweep22/interval93
nProcs : 1
sigFpe : Enabling floating point exception trapping (FOAM_SIGFPE).
fileModificationChecking : Monitoring run-time modified files using timeStampMaster
allowSystemOperations : Allowing user-supplied system call operations

// * * * * * * * * * * * * * * * * * * * * * * * * * * * * * * * * * * * * * //
Create time

Create mesh for time = 0.492

Selecting dynamicFvMesh dynamicMotionSolverFvMesh
Selecting motion solver: displacementLaplacian
Selecting motion diffusion: quadratic
Selecting motion diffusion: quadratic
Selecting motion diffusion: inverseDistance

PIMPLE: no residual control data found. Calculations will employ 3 corrector loops

Reading field p

Reading field U

Reading/calculating face flux field phi

Selecting incompressible transport model Newtonian
Selecting turbulence model type RASModel
Selecting RAS turbulence model kOmegaSST
bounding k, min: 0 max: 0.00068612 average: 0.00015621
kOmegaSSTCoeffs
{
    alphaK1         0.85034;
    alphaK2         1;
    alphaOmega1     0.5;
    alphaOmega2     0.85616;
    gamma1          0.5532;
    gamma2          0.4403;
    beta1           0.075;
    beta2           0.0828;
    betaStar        0.09;
    a1              0.31;
    c1              10;
    Cmu             0.09;
    b1              1;
    F3              false;
}

Reading/calculating face velocity Uf

No finite volume options present

Courant Number mean: 0.109371 max: 0.246843

Starting time loop

Courant Number mean: 0.109371 max: 0.246843
Time = 0.493

GAMG:  Solving for cellDisplacementx, Initial residual = 0, Final residual = 0, No Iterations 0
GAMG:  Solving for cellDisplacementy, Initial residual = 0, Final residual = 0, No Iterations 0
GAMG:  Solving for cellDisplacementz, Initial residual = 0, Final residual = 0, No Iterations 0
PIMPLE: iteration 1
DILUPBiCG:  Solving for Ux, Initial residual = 0.0444339, Final residual = 0.000161691, No Iterations 1
DILUPBiCG:  Solving for Uy, Initial residual = 0.00933687, Final residual = 1.89047e-05, No Iterations 1
DILUPBiCG:  Solving for Uz, Initial residual = 0.0160646, Final residual = 1.52153e-05, No Iterations 1
GAMG:  Solving for p, Initial residual = 0.112257, Final residual = 0.000559067, No Iterations 4
GAMG:  Solving for p, Initial residual = 0.0164615, Final residual = 0.000149964, No Iterations 16
GAMG:  Solving for p, Initial residual = 0.00825237, Final residual = 7.49391e-05, No Iterations 4
time step continuity errors : sum local = 6.33374e-07, global = 2.2052e-07, cumulative = 2.2052e-07
GAMG:  Solving for p, Initial residual = 0.051625, Final residual = 0.000244384, No Iterations 4
GAMG:  Solving for p, Initial residual = 0.00801334, Final residual = 6.89425e-05, No Iterations 16
GAMG:  Solving for p, Initial residual = 0.0041503, Final residual = 3.56954e-05, No Iterations 4
time step continuity errors : sum local = 3.04552e-07, global = 1.05675e-07, cumulative = 3.26195e-07
PIMPLE: iteration 2
DILUPBiCG:  Solving for Ux, Initial residual = 0.011131, Final residual = 6.3253e-05, No Iterations 1
DILUPBiCG:  Solving for Uy, Initial residual = 0.00238613, Final residual = 4.85454e-06, No Iterations 1
DILUPBiCG:  Solving for Uz, Initial residual = 0.00302311, Final residual = 1.11247e-05, No Iterations 1
GAMG:  Solving for p, Initial residual = 0.0499926, Final residual = 0.000339025, No Iterations 6
GAMG:  Solving for p, Initial residual = 0.0119853, Final residual = 0.000115296, No Iterations 12
GAMG:  Solving for p, Initial residual = 0.00487235, Final residual = 3.94378e-05, No Iterations 10
time step continuity errors : sum local = 2.93465e-07, global = -7.51646e-08, cumulative = 2.5103e-07
GAMG:  Solving for p, Initial residual = 0.0265561, Final residual = 0.000248687, No Iterations 4
GAMG:  Solving for p, Initial residual = 0.00615491, Final residual = 5.73748e-05, No Iterations 12
GAMG:  Solving for p, Initial residual = 0.00264217, Final residual = 2.29025e-05, No Iterations 4
time step continuity errors : sum local = 1.70838e-07, global = -6.38784e-08, cumulative = 1.87152e-07
PIMPLE: iteration 3
DILUPBiCG:  Solving for Ux, Initial residual = 0.00221646, Final residual = 2.4618e-06, No Iterations 2
DILUPBiCG:  Solving for Uy, Initial residual = 0.000524891, Final residual = 5.75794e-06, No Iterations 1
DILUPBiCG:  Solving for Uz, Initial residual = 0.00491827, Final residual = 1.8387e-06, No Iterations 2
GAMG:  Solving for p, Initial residual = 0.0486411, Final residual = 0.000356573, No Iterations 5
GAMG:  Solving for p, Initial residual = 0.0110453, Final residual = 0.000103093, No Iterations 14
GAMG:  Solving for p, Initial residual = 0.0057738, Final residual = 5.25093e-05, No Iterations 10
time step continuity errors : sum local = 4.35975e-07, global = -1.15396e-07, cumulative = 7.17553e-08
GAMG:  Solving for p, Initial residual = 0.00269786, Final residual = 2.21416e-05, No Iterations 8
GAMG:  Solving for p, Initial residual = 0.00140582, Final residual = 1.39584e-05, No Iterations 4
GAMG:  Solving for p, Initial residual = 0.000582451, Final residual = 9.3326e-07, No Iterations 23
time step continuity errors : sum local = 7.65169e-09, global = 2.42052e-09, cumulative = 7.41758e-08
DILUPBiCG:  Solving for omega, Initial residual = 0.00142566, Final residual = 7.57445e-07, No Iterations 1
DILUPBiCG:  Solving for k, Initial residual = 0.00373401, Final residual = 5.87672e-07, No Iterations 2
bounding k, min: 0 max: 0.000675781 average: 0.000155233
ExecutionTime = 11.22 s  ClockTime = 11 s

End

