/*---------------------------------------------------------------------------*\
| =========                 |                                                 |
| \\      /  F ield         | OpenFOAM: The Open Source CFD Toolbox           |
|  \\    /   O peration     | Version:  2.3.1                                 |
|   \\  /    A nd           | Web:      www.OpenFOAM.org                      |
|    \\/     M anipulation  |                                                 |
\*---------------------------------------------------------------------------*/
Build  : 2.3.1-262087cdf8db
Exec   : pimpleDyMFoam
Date   : Jun 06 2023
Time   : 00:43:36
Host   : "jcosson-VirtualBox"
PID    : 11075
Case   : /home/jcosson/workspace/henersj_shootingdata/calcs/moderate_deformed/primal/100_intervals_05-06-23/sweep22/interval70
nProcs : 1
sigFpe : Enabling floating point exception trapping (FOAM_SIGFPE).
fileModificationChecking : Monitoring run-time modified files using timeStampMaster
allowSystemOperations : Allowing user-supplied system call operations

// * * * * * * * * * * * * * * * * * * * * * * * * * * * * * * * * * * * * * //
Create time

Create mesh for time = 0.469

Selecting dynamicFvMesh dynamicMotionSolverFvMesh
Selecting motion solver: displacementLaplacian
Selecting motion diffusion: quadratic
Selecting motion diffusion: quadratic
Selecting motion diffusion: inverseDistance

PIMPLE: no residual control data found. Calculations will employ 3 corrector loops

Reading field p

Reading field U

Reading/calculating face flux field phi

Selecting incompressible transport model Newtonian
Selecting turbulence model type RASModel
Selecting RAS turbulence model kOmegaSST
kOmegaSSTCoeffs
{
    alphaK1         0.85034;
    alphaK2         1;
    alphaOmega1     0.5;
    alphaOmega2     0.85616;
    gamma1          0.5532;
    gamma2          0.4403;
    beta1           0.075;
    beta2           0.0828;
    betaStar        0.09;
    a1              0.31;
    c1              10;
    Cmu             0.09;
    b1              1;
    F3              false;
}

Reading/calculating face velocity Uf

No finite volume options present

Courant Number mean: 0.222517 max: 0.495008

Starting time loop

Courant Number mean: 0.222517 max: 0.495008
Time = 0.47

GAMG:  Solving for cellDisplacementx, Initial residual = 0, Final residual = 0, No Iterations 0
GAMG:  Solving for cellDisplacementy, Initial residual = 0, Final residual = 0, No Iterations 0
GAMG:  Solving for cellDisplacementz, Initial residual = 0, Final residual = 0, No Iterations 0
PIMPLE: iteration 1
DILUPBiCG:  Solving for Ux, Initial residual = 0.0468881, Final residual = 0.000194567, No Iterations 1
DILUPBiCG:  Solving for Uy, Initial residual = 0.00763901, Final residual = 1.76096e-05, No Iterations 1
DILUPBiCG:  Solving for Uz, Initial residual = 0.0125295, Final residual = 3.28147e-05, No Iterations 1
GAMG:  Solving for p, Initial residual = 0.130911, Final residual = 0.00105183, No Iterations 6
GAMG:  Solving for p, Initial residual = 0.0152496, Final residual = 0.000152288, No Iterations 18
GAMG:  Solving for p, Initial residual = 0.00658224, Final residual = 6.00399e-05, No Iterations 12
time step continuity errors : sum local = 8.31579e-07, global = 2.51186e-07, cumulative = 2.51186e-07
GAMG:  Solving for p, Initial residual = 0.0550534, Final residual = 0.000350868, No Iterations 6
GAMG:  Solving for p, Initial residual = 0.00770058, Final residual = 7.25183e-05, No Iterations 16
GAMG:  Solving for p, Initial residual = 0.00342008, Final residual = 2.98561e-05, No Iterations 12
time step continuity errors : sum local = 4.13031e-07, global = 1.23908e-07, cumulative = 3.75094e-07
PIMPLE: iteration 2
DILUPBiCG:  Solving for Ux, Initial residual = 0.0138231, Final residual = 8.06177e-05, No Iterations 1
DILUPBiCG:  Solving for Uy, Initial residual = 0.00237609, Final residual = 5.51366e-06, No Iterations 1
DILUPBiCG:  Solving for Uz, Initial residual = 0.00347205, Final residual = 1.26394e-05, No Iterations 1
GAMG:  Solving for p, Initial residual = 0.0555957, Final residual = 0.000468992, No Iterations 4
GAMG:  Solving for p, Initial residual = 0.00908417, Final residual = 8.55623e-05, No Iterations 16
GAMG:  Solving for p, Initial residual = 0.00414787, Final residual = 4.00376e-05, No Iterations 8
time step continuity errors : sum local = 4.70851e-07, global = -1.44435e-07, cumulative = 2.30659e-07
GAMG:  Solving for p, Initial residual = 0.0285014, Final residual = 0.000202976, No Iterations 4
GAMG:  Solving for p, Initial residual = 0.00447925, Final residual = 3.91198e-05, No Iterations 14
GAMG:  Solving for p, Initial residual = 0.00194159, Final residual = 1.89178e-05, No Iterations 8
time step continuity errors : sum local = 2.23734e-07, global = -6.35266e-08, cumulative = 1.67132e-07
PIMPLE: iteration 3
DILUPBiCG:  Solving for Ux, Initial residual = 0.00347197, Final residual = 1.63306e-06, No Iterations 2
DILUPBiCG:  Solving for Uy, Initial residual = 0.00059556, Final residual = 7.05111e-06, No Iterations 1
DILUPBiCG:  Solving for Uz, Initial residual = 0.00723264, Final residual = 3.06601e-06, No Iterations 2
GAMG:  Solving for p, Initial residual = 0.0402145, Final residual = 0.000354799, No Iterations 5
GAMG:  Solving for p, Initial residual = 0.00921845, Final residual = 9.07302e-05, No Iterations 11
GAMG:  Solving for p, Initial residual = 0.00436999, Final residual = 3.67862e-05, No Iterations 12
time step continuity errors : sum local = 4.85271e-07, global = -1.41419e-07, cumulative = 2.57129e-08
GAMG:  Solving for p, Initial residual = 0.00252441, Final residual = 2.51608e-05, No Iterations 18
GAMG:  Solving for p, Initial residual = 0.00139931, Final residual = 1.33212e-05, No Iterations 4
GAMG:  Solving for p, Initial residual = 0.000556738, Final residual = 8.65063e-07, No Iterations 38
time step continuity errors : sum local = 1.13624e-08, global = 3.35762e-09, cumulative = 2.90705e-08
DILUPBiCG:  Solving for omega, Initial residual = 0.000539438, Final residual = 7.75756e-07, No Iterations 1
DILUPBiCG:  Solving for k, Initial residual = 0.00457053, Final residual = 1.23524e-06, No Iterations 2
ExecutionTime = 17.93 s  ClockTime = 19 s

End

