/*---------------------------------------------------------------------------*\
| =========                 |                                                 |
| \\      /  F ield         | OpenFOAM: The Open Source CFD Toolbox           |
|  \\    /   O peration     | Version:  2.3.1                                 |
|   \\  /    A nd           | Web:      www.OpenFOAM.org                      |
|    \\/     M anipulation  |                                                 |
\*---------------------------------------------------------------------------*/
Build  : 2.3.1-262087cdf8db
Exec   : pimpleDyMFoam
Date   : Jun 06 2023
Time   : 00:43:34
Host   : "jcosson-VirtualBox"
PID    : 11067
Case   : /home/jcosson/workspace/henersj_shootingdata/calcs/moderate_deformed/primal/100_intervals_05-06-23/sweep22/interval66
nProcs : 1
sigFpe : Enabling floating point exception trapping (FOAM_SIGFPE).
fileModificationChecking : Monitoring run-time modified files using timeStampMaster
allowSystemOperations : Allowing user-supplied system call operations

// * * * * * * * * * * * * * * * * * * * * * * * * * * * * * * * * * * * * * //
Create time

Create mesh for time = 0.465

Selecting dynamicFvMesh dynamicMotionSolverFvMesh
Selecting motion solver: displacementLaplacian
Selecting motion diffusion: quadratic
Selecting motion diffusion: quadratic
Selecting motion diffusion: inverseDistance

PIMPLE: no residual control data found. Calculations will employ 3 corrector loops

Reading field p

Reading field U

Reading/calculating face flux field phi

Selecting incompressible transport model Newtonian
Selecting turbulence model type RASModel
Selecting RAS turbulence model kOmegaSST
kOmegaSSTCoeffs
{
    alphaK1         0.85034;
    alphaK2         1;
    alphaOmega1     0.5;
    alphaOmega2     0.85616;
    gamma1          0.5532;
    gamma2          0.4403;
    beta1           0.075;
    beta2           0.0828;
    betaStar        0.09;
    a1              0.31;
    c1              10;
    Cmu             0.09;
    b1              1;
    F3              false;
}

Reading/calculating face velocity Uf

No finite volume options present

Courant Number mean: 0.242417 max: 0.536798

Starting time loop

Courant Number mean: 0.242417 max: 0.536798
Time = 0.466

GAMG:  Solving for cellDisplacementx, Initial residual = 0, Final residual = 0, No Iterations 0
GAMG:  Solving for cellDisplacementy, Initial residual = 0, Final residual = 0, No Iterations 0
GAMG:  Solving for cellDisplacementz, Initial residual = 0, Final residual = 0, No Iterations 0
PIMPLE: iteration 1
DILUPBiCG:  Solving for Ux, Initial residual = 0.0374164, Final residual = 0.000155914, No Iterations 1
DILUPBiCG:  Solving for Uy, Initial residual = 0.00599831, Final residual = 1.39991e-05, No Iterations 1
DILUPBiCG:  Solving for Uz, Initial residual = 0.0136194, Final residual = 3.66708e-05, No Iterations 1
GAMG:  Solving for p, Initial residual = 0.13959, Final residual = 0.00117301, No Iterations 6
GAMG:  Solving for p, Initial residual = 0.0164291, Final residual = 0.00013958, No Iterations 20
GAMG:  Solving for p, Initial residual = 0.00696663, Final residual = 6.71503e-05, No Iterations 10
time step continuity errors : sum local = 7.99182e-07, global = 2.14235e-07, cumulative = 2.14235e-07
GAMG:  Solving for p, Initial residual = 0.057799, Final residual = 0.000382915, No Iterations 6
GAMG:  Solving for p, Initial residual = 0.00826336, Final residual = 7.78509e-05, No Iterations 16
GAMG:  Solving for p, Initial residual = 0.0036226, Final residual = 3.18239e-05, No Iterations 12
time step continuity errors : sum local = 3.77178e-07, global = 1.13035e-07, cumulative = 3.2727e-07
PIMPLE: iteration 2
DILUPBiCG:  Solving for Ux, Initial residual = 0.0113378, Final residual = 6.29479e-05, No Iterations 1
DILUPBiCG:  Solving for Uy, Initial residual = 0.00191555, Final residual = 4.6787e-06, No Iterations 1
DILUPBiCG:  Solving for Uz, Initial residual = 0.00373678, Final residual = 1.28205e-05, No Iterations 1
GAMG:  Solving for p, Initial residual = 0.0588412, Final residual = 0.000454334, No Iterations 4
GAMG:  Solving for p, Initial residual = 0.00959595, Final residual = 8.454e-05, No Iterations 16
GAMG:  Solving for p, Initial residual = 0.00443672, Final residual = 3.96874e-05, No Iterations 8
time step continuity errors : sum local = 3.98088e-07, global = -1.30414e-07, cumulative = 1.96856e-07
GAMG:  Solving for p, Initial residual = 0.030003, Final residual = 0.000193496, No Iterations 4
GAMG:  Solving for p, Initial residual = 0.00470146, Final residual = 4.57616e-05, No Iterations 12
GAMG:  Solving for p, Initial residual = 0.00206833, Final residual = 1.92007e-05, No Iterations 10
time step continuity errors : sum local = 1.93776e-07, global = -5.08122e-08, cumulative = 1.46044e-07
PIMPLE: iteration 3
DILUPBiCG:  Solving for Ux, Initial residual = 0.00294793, Final residual = 1.01782e-06, No Iterations 2
DILUPBiCG:  Solving for Uy, Initial residual = 0.000495117, Final residual = 7.29678e-06, No Iterations 1
DILUPBiCG:  Solving for Uz, Initial residual = 0.00677028, Final residual = 2.23943e-06, No Iterations 2
GAMG:  Solving for p, Initial residual = 0.0406536, Final residual = 0.000330234, No Iterations 5
GAMG:  Solving for p, Initial residual = 0.0093026, Final residual = 7.99247e-05, No Iterations 15
GAMG:  Solving for p, Initial residual = 0.004432, Final residual = 3.67508e-05, No Iterations 10
time step continuity errors : sum local = 4.12522e-07, global = -1.07852e-07, cumulative = 3.81924e-08
GAMG:  Solving for p, Initial residual = 0.00267359, Final residual = 2.46636e-05, No Iterations 20
GAMG:  Solving for p, Initial residual = 0.00150811, Final residual = 1.30563e-05, No Iterations 4
GAMG:  Solving for p, Initial residual = 0.000584525, Final residual = 9.75743e-07, No Iterations 36
time step continuity errors : sum local = 1.09296e-08, global = 3.22e-09, cumulative = 4.14124e-08
DILUPBiCG:  Solving for omega, Initial residual = 0.000516725, Final residual = 1.59201e-06, No Iterations 1
DILUPBiCG:  Solving for k, Initial residual = 0.00477775, Final residual = 1.29317e-06, No Iterations 2
ExecutionTime = 15.86 s  ClockTime = 16 s

End

