/*---------------------------------------------------------------------------*\
| =========                 |                                                 |
| \\      /  F ield         | OpenFOAM: The Open Source CFD Toolbox           |
|  \\    /   O peration     | Version:  2.3.1                                 |
|   \\  /    A nd           | Web:      www.OpenFOAM.org                      |
|    \\/     M anipulation  |                                                 |
\*---------------------------------------------------------------------------*/
Build  : 2.3.1-262087cdf8db
Exec   : pimpleDyMFoam
Date   : Jun 06 2023
Time   : 00:43:37
Host   : "jcosson-VirtualBox"
PID    : 11077
Case   : /home/jcosson/workspace/henersj_shootingdata/calcs/moderate_deformed/primal/100_intervals_05-06-23/sweep22/interval71
nProcs : 1
sigFpe : Enabling floating point exception trapping (FOAM_SIGFPE).
fileModificationChecking : Monitoring run-time modified files using timeStampMaster
allowSystemOperations : Allowing user-supplied system call operations

// * * * * * * * * * * * * * * * * * * * * * * * * * * * * * * * * * * * * * //
Create time

Create mesh for time = 0.47

Selecting dynamicFvMesh dynamicMotionSolverFvMesh
Selecting motion solver: displacementLaplacian
Selecting motion diffusion: quadratic
Selecting motion diffusion: quadratic
Selecting motion diffusion: inverseDistance

PIMPLE: no residual control data found. Calculations will employ 3 corrector loops

Reading field p

Reading field U

Reading/calculating face flux field phi

Selecting incompressible transport model Newtonian
Selecting turbulence model type RASModel
Selecting RAS turbulence model kOmegaSST
kOmegaSSTCoeffs
{
    alphaK1         0.85034;
    alphaK2         1;
    alphaOmega1     0.5;
    alphaOmega2     0.85616;
    gamma1          0.5532;
    gamma2          0.4403;
    beta1           0.075;
    beta2           0.0828;
    betaStar        0.09;
    a1              0.31;
    c1              10;
    Cmu             0.09;
    b1              1;
    F3              false;
}

Reading/calculating face velocity Uf

No finite volume options present

Courant Number mean: 0.217158 max: 0.483699

Starting time loop

Courant Number mean: 0.217158 max: 0.483699
Time = 0.471

GAMG:  Solving for cellDisplacementx, Initial residual = 0, Final residual = 0, No Iterations 0
GAMG:  Solving for cellDisplacementy, Initial residual = 0, Final residual = 0, No Iterations 0
GAMG:  Solving for cellDisplacementz, Initial residual = 0, Final residual = 0, No Iterations 0
PIMPLE: iteration 1
DILUPBiCG:  Solving for Ux, Initial residual = 0.0490969, Final residual = 0.000203109, No Iterations 1
DILUPBiCG:  Solving for Uy, Initial residual = 0.00803894, Final residual = 1.84488e-05, No Iterations 1
DILUPBiCG:  Solving for Uz, Initial residual = 0.0121186, Final residual = 3.1537e-05, No Iterations 1
GAMG:  Solving for p, Initial residual = 0.129602, Final residual = 0.00102609, No Iterations 6
GAMG:  Solving for p, Initial residual = 0.0150057, Final residual = 0.000149983, No Iterations 18
GAMG:  Solving for p, Initial residual = 0.00651765, Final residual = 5.93159e-05, No Iterations 12
time step continuity errors : sum local = 8.43863e-07, global = 2.54434e-07, cumulative = 2.54434e-07
GAMG:  Solving for p, Initial residual = 0.0546989, Final residual = 0.000344152, No Iterations 6
GAMG:  Solving for p, Initial residual = 0.00758727, Final residual = 7.15186e-05, No Iterations 16
GAMG:  Solving for p, Initial residual = 0.00338849, Final residual = 2.95086e-05, No Iterations 12
time step continuity errors : sum local = 4.1947e-07, global = 1.25706e-07, cumulative = 3.8014e-07
PIMPLE: iteration 2
DILUPBiCG:  Solving for Ux, Initial residual = 0.0143786, Final residual = 8.44953e-05, No Iterations 1
DILUPBiCG:  Solving for Uy, Initial residual = 0.00248503, Final residual = 5.71601e-06, No Iterations 1
DILUPBiCG:  Solving for Uz, Initial residual = 0.00341528, Final residual = 1.25472e-05, No Iterations 1
GAMG:  Solving for p, Initial residual = 0.0551537, Final residual = 0.000470623, No Iterations 4
GAMG:  Solving for p, Initial residual = 0.00894585, Final residual = 8.54782e-05, No Iterations 16
GAMG:  Solving for p, Initial residual = 0.00410257, Final residual = 4.00833e-05, No Iterations 8
time step continuity errors : sum local = 4.84975e-07, global = -1.46782e-07, cumulative = 2.33358e-07
GAMG:  Solving for p, Initial residual = 0.0283285, Final residual = 0.00020463, No Iterations 4
GAMG:  Solving for p, Initial residual = 0.00444085, Final residual = 3.92089e-05, No Iterations 14
GAMG:  Solving for p, Initial residual = 0.00192226, Final residual = 1.90407e-05, No Iterations 8
time step continuity errors : sum local = 2.31662e-07, global = -6.50396e-08, cumulative = 1.68318e-07
PIMPLE: iteration 3
DILUPBiCG:  Solving for Ux, Initial residual = 0.00358264, Final residual = 1.79221e-06, No Iterations 2
DILUPBiCG:  Solving for Uy, Initial residual = 0.000618112, Final residual = 6.93568e-06, No Iterations 1
DILUPBiCG:  Solving for Uz, Initial residual = 0.0072453, Final residual = 3.25259e-06, No Iterations 2
GAMG:  Solving for p, Initial residual = 0.0401577, Final residual = 0.000363616, No Iterations 5
GAMG:  Solving for p, Initial residual = 0.00927033, Final residual = 8.35451e-05, No Iterations 11
GAMG:  Solving for p, Initial residual = 0.00436345, Final residual = 3.98717e-05, No Iterations 10
time step continuity errors : sum local = 5.41089e-07, global = -1.40437e-07, cumulative = 2.78817e-08
GAMG:  Solving for p, Initial residual = 0.00250007, Final residual = 2.41726e-05, No Iterations 18
GAMG:  Solving for p, Initial residual = 0.00138171, Final residual = 1.26443e-05, No Iterations 4
GAMG:  Solving for p, Initial residual = 0.000553467, Final residual = 9.21142e-07, No Iterations 36
time step continuity errors : sum local = 1.24479e-08, global = 3.66044e-09, cumulative = 3.15421e-08
DILUPBiCG:  Solving for omega, Initial residual = 0.000566443, Final residual = 7.44777e-07, No Iterations 1
DILUPBiCG:  Solving for k, Initial residual = 0.00451558, Final residual = 1.22683e-06, No Iterations 2
ExecutionTime = 17.34 s  ClockTime = 17 s

End

