/*---------------------------------------------------------------------------*\
| =========                 |                                                 |
| \\      /  F ield         | OpenFOAM: The Open Source CFD Toolbox           |
|  \\    /   O peration     | Version:  2.3.1                                 |
|   \\  /    A nd           | Web:      www.OpenFOAM.org                      |
|    \\/     M anipulation  |                                                 |
\*---------------------------------------------------------------------------*/
Build  : 2.3.1-262087cdf8db
Exec   : pimpleDyMFoam
Date   : Jun 06 2023
Time   : 02:34:39
Host   : "jcosson-VirtualBox"
PID    : 2926
Case   : /home/jcosson/workspace/henersj_shootingdata/calcs/moderate_deformed/primal/100_intervals_05-06-23/sweep66/interval94
nProcs : 1
sigFpe : Enabling floating point exception trapping (FOAM_SIGFPE).
fileModificationChecking : Monitoring run-time modified files using timeStampMaster
allowSystemOperations : Allowing user-supplied system call operations

// * * * * * * * * * * * * * * * * * * * * * * * * * * * * * * * * * * * * * //
Create time

Create mesh for time = 0.493

Selecting dynamicFvMesh dynamicMotionSolverFvMesh
Selecting motion solver: displacementLaplacian
Selecting motion diffusion: quadratic
Selecting motion diffusion: quadratic
Selecting motion diffusion: inverseDistance

PIMPLE: no residual control data found. Calculations will employ 3 corrector loops

Reading field p

Reading field U

Reading/calculating face flux field phi

Selecting incompressible transport model Newtonian
Selecting turbulence model type RASModel
Selecting RAS turbulence model kOmegaSST
bounding k, min: 0 max: 0.000551871 average: 0.000147304
kOmegaSSTCoeffs
{
    alphaK1         0.85034;
    alphaK2         1;
    alphaOmega1     0.5;
    alphaOmega2     0.85616;
    gamma1          0.5532;
    gamma2          0.4403;
    beta1           0.075;
    beta2           0.0828;
    betaStar        0.09;
    a1              0.31;
    c1              10;
    Cmu             0.09;
    b1              1;
    F3              false;
}

Reading/calculating face velocity Uf

No finite volume options present

Courant Number mean: 0.107178 max: 0.234777

Starting time loop

Courant Number mean: 0.107178 max: 0.234777
Time = 0.494

GAMG:  Solving for cellDisplacementx, Initial residual = 0, Final residual = 0, No Iterations 0
GAMG:  Solving for cellDisplacementy, Initial residual = 0, Final residual = 0, No Iterations 0
GAMG:  Solving for cellDisplacementz, Initial residual = 0, Final residual = 0, No Iterations 0
PIMPLE: iteration 1
DILUPBiCG:  Solving for Ux, Initial residual = 0.0402858, Final residual = 0.000155707, No Iterations 1
DILUPBiCG:  Solving for Uy, Initial residual = 0.0084965, Final residual = 1.70843e-05, No Iterations 1
DILUPBiCG:  Solving for Uz, Initial residual = 0.0103306, Final residual = 1.01218e-05, No Iterations 1
GAMG:  Solving for p, Initial residual = 0.107634, Final residual = 0.000455475, No Iterations 4
GAMG:  Solving for p, Initial residual = 0.0146856, Final residual = 0.000140082, No Iterations 14
GAMG:  Solving for p, Initial residual = 0.00718453, Final residual = 6.40689e-05, No Iterations 4
time step continuity errors : sum local = 4.98391e-07, global = 1.7418e-07, cumulative = 1.7418e-07
GAMG:  Solving for p, Initial residual = 0.0500463, Final residual = 0.000209246, No Iterations 4
GAMG:  Solving for p, Initial residual = 0.00717148, Final residual = 6.42418e-05, No Iterations 14
GAMG:  Solving for p, Initial residual = 0.00364578, Final residual = 3.04108e-05, No Iterations 4
time step continuity errors : sum local = 2.38437e-07, global = 7.84084e-08, cumulative = 2.52588e-07
PIMPLE: iteration 2
DILUPBiCG:  Solving for Ux, Initial residual = 0.0099702, Final residual = 6.08323e-05, No Iterations 1
DILUPBiCG:  Solving for Uy, Initial residual = 0.00214978, Final residual = 4.29707e-06, No Iterations 1
DILUPBiCG:  Solving for Uz, Initial residual = 0.00271532, Final residual = 8.50597e-05, No Iterations 1
GAMG:  Solving for p, Initial residual = 0.0482242, Final residual = 0.000328147, No Iterations 6
GAMG:  Solving for p, Initial residual = 0.0127012, Final residual = 0.000111162, No Iterations 12
GAMG:  Solving for p, Initial residual = 0.0046882, Final residual = 4.66859e-05, No Iterations 10
time step continuity errors : sum local = 3.19396e-07, global = -8.16116e-08, cumulative = 1.70977e-07
GAMG:  Solving for p, Initial residual = 0.0256808, Final residual = 0.000256183, No Iterations 4
GAMG:  Solving for p, Initial residual = 0.00674505, Final residual = 6.70122e-05, No Iterations 10
GAMG:  Solving for p, Initial residual = 0.00244422, Final residual = 2.38307e-05, No Iterations 12
time step continuity errors : sum local = 1.63285e-07, global = -4.70145e-08, cumulative = 1.23962e-07
PIMPLE: iteration 3
DILUPBiCG:  Solving for Ux, Initial residual = 0.00189639, Final residual = 5.50153e-06, No Iterations 2
DILUPBiCG:  Solving for Uy, Initial residual = 0.000442744, Final residual = 6.97898e-06, No Iterations 1
DILUPBiCG:  Solving for Uz, Initial residual = 0.00341724, Final residual = 2.77552e-07, No Iterations 3
GAMG:  Solving for p, Initial residual = 0.0508866, Final residual = 0.000372024, No Iterations 5
GAMG:  Solving for p, Initial residual = 0.0113244, Final residual = 0.000110222, No Iterations 14
GAMG:  Solving for p, Initial residual = 0.00630726, Final residual = 5.79247e-05, No Iterations 10
time step continuity errors : sum local = 4.40495e-07, global = -1.20475e-07, cumulative = 3.48686e-09
GAMG:  Solving for p, Initial residual = 0.00278039, Final residual = 2.26851e-05, No Iterations 8
GAMG:  Solving for p, Initial residual = 0.00139738, Final residual = 1.37773e-05, No Iterations 4
GAMG:  Solving for p, Initial residual = 0.00054802, Final residual = 9.74522e-07, No Iterations 23
time step continuity errors : sum local = 7.30612e-09, global = 2.39093e-09, cumulative = 5.87779e-09
DILUPBiCG:  Solving for omega, Initial residual = 0.0012597, Final residual = 6.86926e-07, No Iterations 1
DILUPBiCG:  Solving for k, Initial residual = 0.00322781, Final residual = 6.28283e-07, No Iterations 2
bounding k, min: 0 max: 0.000535615 average: 0.000146576
ExecutionTime = 8.27 s  ClockTime = 9 s

End

