/*---------------------------------------------------------------------------*\
| =========                 |                                                 |
| \\      /  F ield         | OpenFOAM: The Open Source CFD Toolbox           |
|  \\    /   O peration     | Version:  2.3.1                                 |
|   \\  /    A nd           | Web:      www.OpenFOAM.org                      |
|    \\/     M anipulation  |                                                 |
\*---------------------------------------------------------------------------*/
Build  : 2.3.1-262087cdf8db
Exec   : pimpleDyMFoam
Date   : Jun 06 2023
Time   : 02:34:08
Host   : "jcosson-VirtualBox"
PID    : 2876
Case   : /home/jcosson/workspace/henersj_shootingdata/calcs/moderate_deformed/primal/100_intervals_05-06-23/sweep66/interval69
nProcs : 1
sigFpe : Enabling floating point exception trapping (FOAM_SIGFPE).
fileModificationChecking : Monitoring run-time modified files using timeStampMaster
allowSystemOperations : Allowing user-supplied system call operations

// * * * * * * * * * * * * * * * * * * * * * * * * * * * * * * * * * * * * * //
Create time

Create mesh for time = 0.468

Selecting dynamicFvMesh dynamicMotionSolverFvMesh
Selecting motion solver: displacementLaplacian
Selecting motion diffusion: quadratic
Selecting motion diffusion: quadratic
Selecting motion diffusion: inverseDistance

PIMPLE: no residual control data found. Calculations will employ 3 corrector loops

Reading field p

Reading field U

Reading/calculating face flux field phi

Selecting incompressible transport model Newtonian
Selecting turbulence model type RASModel
Selecting RAS turbulence model kOmegaSST
kOmegaSSTCoeffs
{
    alphaK1         0.85034;
    alphaK2         1;
    alphaOmega1     0.5;
    alphaOmega2     0.85616;
    gamma1          0.5532;
    gamma2          0.4403;
    beta1           0.075;
    beta2           0.0828;
    betaStar        0.09;
    a1              0.31;
    c1              10;
    Cmu             0.09;
    b1              1;
    F3              false;
}

Reading/calculating face velocity Uf

No finite volume options present

Courant Number mean: 0.227687 max: 0.506105

Starting time loop

Courant Number mean: 0.227687 max: 0.506105
Time = 0.469

GAMG:  Solving for cellDisplacementx, Initial residual = 0, Final residual = 0, No Iterations 0
GAMG:  Solving for cellDisplacementy, Initial residual = 0, Final residual = 0, No Iterations 0
GAMG:  Solving for cellDisplacementz, Initial residual = 0, Final residual = 0, No Iterations 0
PIMPLE: iteration 1
DILUPBiCG:  Solving for Ux, Initial residual = 0.0447509, Final residual = 0.000184539, No Iterations 1
DILUPBiCG:  Solving for Uy, Initial residual = 0.00725849, Final residual = 1.71272e-05, No Iterations 1
DILUPBiCG:  Solving for Uz, Initial residual = 0.0131935, Final residual = 3.01369e-05, No Iterations 1
GAMG:  Solving for p, Initial residual = 0.132897, Final residual = 0.00107113, No Iterations 6
GAMG:  Solving for p, Initial residual = 0.0154598, Final residual = 0.000154332, No Iterations 18
GAMG:  Solving for p, Initial residual = 0.00663825, Final residual = 6.11326e-05, No Iterations 12
time step continuity errors : sum local = 8.23302e-07, global = 2.47856e-07, cumulative = 2.47856e-07
GAMG:  Solving for p, Initial residual = 0.0557173, Final residual = 0.000356608, No Iterations 6
GAMG:  Solving for p, Initial residual = 0.00781502, Final residual = 7.37563e-05, No Iterations 16
GAMG:  Solving for p, Initial residual = 0.00345789, Final residual = 3.02777e-05, No Iterations 12
time step continuity errors : sum local = 4.07069e-07, global = 1.21721e-07, cumulative = 3.69577e-07
PIMPLE: iteration 2
DILUPBiCG:  Solving for Ux, Initial residual = 0.0132743, Final residual = 7.39345e-05, No Iterations 1
DILUPBiCG:  Solving for Uy, Initial residual = 0.00226954, Final residual = 5.36186e-06, No Iterations 1
DILUPBiCG:  Solving for Uz, Initial residual = 0.0037265, Final residual = 1.18121e-05, No Iterations 1
GAMG:  Solving for p, Initial residual = 0.0564084, Final residual = 0.000466996, No Iterations 4
GAMG:  Solving for p, Initial residual = 0.00917153, Final residual = 8.40245e-05, No Iterations 16
GAMG:  Solving for p, Initial residual = 0.00420001, Final residual = 3.91946e-05, No Iterations 8
time step continuity errors : sum local = 4.47335e-07, global = -1.3962e-07, cumulative = 2.29957e-07
GAMG:  Solving for p, Initial residual = 0.0289002, Final residual = 0.000201251, No Iterations 4
GAMG:  Solving for p, Initial residual = 0.00451641, Final residual = 3.83457e-05, No Iterations 14
GAMG:  Solving for p, Initial residual = 0.00196575, Final residual = 1.84103e-05, No Iterations 8
time step continuity errors : sum local = 2.11308e-07, global = -6.05948e-08, cumulative = 1.69362e-07
PIMPLE: iteration 3
DILUPBiCG:  Solving for Ux, Initial residual = 0.00336044, Final residual = 1.33545e-06, No Iterations 2
DILUPBiCG:  Solving for Uy, Initial residual = 0.000572934, Final residual = 7.00088e-06, No Iterations 1
DILUPBiCG:  Solving for Uz, Initial residual = 0.00690905, Final residual = 2.36407e-06, No Iterations 2
GAMG:  Solving for p, Initial residual = 0.04045, Final residual = 0.000324766, No Iterations 5
GAMG:  Solving for p, Initial residual = 0.00911555, Final residual = 8.02647e-05, No Iterations 15
GAMG:  Solving for p, Initial residual = 0.00439963, Final residual = 3.66769e-05, No Iterations 10
time step continuity errors : sum local = 4.69294e-07, global = -1.22262e-07, cumulative = 4.71006e-08
GAMG:  Solving for p, Initial residual = 0.00252851, Final residual = 2.27353e-05, No Iterations 20
GAMG:  Solving for p, Initial residual = 0.00141155, Final residual = 1.24932e-05, No Iterations 4
GAMG:  Solving for p, Initial residual = 0.000556167, Final residual = 9.34085e-07, No Iterations 36
time step continuity errors : sum local = 1.1913e-08, global = 3.50789e-09, cumulative = 5.06085e-08
DILUPBiCG:  Solving for omega, Initial residual = 0.000474483, Final residual = 6.70357e-07, No Iterations 1
DILUPBiCG:  Solving for k, Initial residual = 0.00480889, Final residual = 1.60426e-06, No Iterations 2
ExecutionTime = 18.84 s  ClockTime = 19 s

End

