/*---------------------------------------------------------------------------*\
| =========                 |                                                 |
| \\      /  F ield         | OpenFOAM: The Open Source CFD Toolbox           |
|  \\    /   O peration     | Version:  2.3.1                                 |
|   \\  /    A nd           | Web:      www.OpenFOAM.org                      |
|    \\/     M anipulation  |                                                 |
\*---------------------------------------------------------------------------*/
Build  : 2.3.1-262087cdf8db
Exec   : pimpleDyMFoam
Date   : Jun 06 2023
Time   : 02:57:06
Host   : "jcosson-VirtualBox"
PID    : 14179
Case   : /home/jcosson/workspace/henersj_shootingdata/calcs/moderate_deformed/primal/100_intervals_05-06-23/sweep82/interval99
nProcs : 1
sigFpe : Enabling floating point exception trapping (FOAM_SIGFPE).
fileModificationChecking : Monitoring run-time modified files using timeStampMaster
allowSystemOperations : Allowing user-supplied system call operations

// * * * * * * * * * * * * * * * * * * * * * * * * * * * * * * * * * * * * * //
Create time

Create mesh for time = 0.498

Selecting dynamicFvMesh dynamicMotionSolverFvMesh
Selecting motion solver: displacementLaplacian
Selecting motion diffusion: quadratic
Selecting motion diffusion: quadratic
Selecting motion diffusion: inverseDistance

PIMPLE: no residual control data found. Calculations will employ 3 corrector loops

Reading field p

Reading field U

Reading/calculating face flux field phi

Selecting incompressible transport model Newtonian
Selecting turbulence model type RASModel
Selecting RAS turbulence model kOmegaSST
bounding k, min: 0 max: 0.000508877 average: 0.000143044
kOmegaSSTCoeffs
{
    alphaK1         0.85034;
    alphaK2         1;
    alphaOmega1     0.5;
    alphaOmega2     0.85616;
    gamma1          0.5532;
    gamma2          0.4403;
    beta1           0.075;
    beta2           0.0828;
    betaStar        0.09;
    a1              0.31;
    c1              10;
    Cmu             0.09;
    b1              1;
    F3              false;
}

Reading/calculating face velocity Uf

No finite volume options present

Courant Number mean: 0.0990748 max: 0.214162

Starting time loop

Courant Number mean: 0.0990748 max: 0.214162
Time = 0.499

GAMG:  Solving for cellDisplacementx, Initial residual = 0, Final residual = 0, No Iterations 0
GAMG:  Solving for cellDisplacementy, Initial residual = 0, Final residual = 0, No Iterations 0
GAMG:  Solving for cellDisplacementz, Initial residual = 0, Final residual = 0, No Iterations 0
PIMPLE: iteration 1
DILUPBiCG:  Solving for Ux, Initial residual = 0.0147731, Final residual = 5.9169e-05, No Iterations 1
DILUPBiCG:  Solving for Uy, Initial residual = 0.00329246, Final residual = 6.66737e-06, No Iterations 1
DILUPBiCG:  Solving for Uz, Initial residual = 0.00879567, Final residual = 1.75926e-05, No Iterations 1
GAMG:  Solving for p, Initial residual = 0.0919717, Final residual = 0.00056342, No Iterations 4
GAMG:  Solving for p, Initial residual = 0.0213593, Final residual = 0.000199733, No Iterations 8
GAMG:  Solving for p, Initial residual = 0.00704574, Final residual = 5.96239e-05, No Iterations 14
time step continuity errors : sum local = 1.7589e-07, global = -5.26629e-08, cumulative = -5.26629e-08
GAMG:  Solving for p, Initial residual = 0.0470329, Final residual = 0.000264592, No Iterations 4
GAMG:  Solving for p, Initial residual = 0.0106056, Final residual = 9.859e-05, No Iterations 8
GAMG:  Solving for p, Initial residual = 0.00339563, Final residual = 2.98874e-05, No Iterations 14
time step continuity errors : sum local = 8.79997e-08, global = -2.62163e-08, cumulative = -7.88792e-08
PIMPLE: iteration 2
DILUPBiCG:  Solving for Ux, Initial residual = 0.00303281, Final residual = 2.28605e-05, No Iterations 1
DILUPBiCG:  Solving for Uy, Initial residual = 0.000694229, Final residual = 1.79634e-06, No Iterations 1
DILUPBiCG:  Solving for Uz, Initial residual = 0.00309364, Final residual = 1.7582e-06, No Iterations 2
GAMG:  Solving for p, Initial residual = 0.0445047, Final residual = 0.000357937, No Iterations 8
GAMG:  Solving for p, Initial residual = 0.0279505, Final residual = 0.000234357, No Iterations 5
GAMG:  Solving for p, Initial residual = 0.00474855, Final residual = 4.15602e-05, No Iterations 21
time step continuity errors : sum local = 1.06805e-07, global = -3.05566e-08, cumulative = -1.09436e-07
GAMG:  Solving for p, Initial residual = 0.0239395, Final residual = 0.000209813, No Iterations 6
GAMG:  Solving for p, Initial residual = 0.0132396, Final residual = 0.000121218, No Iterations 6
GAMG:  Solving for p, Initial residual = 0.00240501, Final residual = 2.31534e-05, No Iterations 20
time step continuity errors : sum local = 5.96174e-08, global = -1.68838e-08, cumulative = -1.2632e-07
PIMPLE: iteration 3
DILUPBiCG:  Solving for Ux, Initial residual = 0.000229937, Final residual = 2.10301e-06, No Iterations 1
DILUPBiCG:  Solving for Uy, Initial residual = 7.88726e-05, Final residual = 4.84836e-07, No Iterations 1
DILUPBiCG:  Solving for Uz, Initial residual = 0.0015374, Final residual = 7.33114e-07, No Iterations 2
GAMG:  Solving for p, Initial residual = 0.0844966, Final residual = 0.000765253, No Iterations 3
GAMG:  Solving for p, Initial residual = 0.0136868, Final residual = 0.000125309, No Iterations 20
GAMG:  Solving for p, Initial residual = 0.0135054, Final residual = 0.000128329, No Iterations 4
time step continuity errors : sum local = 3.48773e-07, global = -5.82767e-08, cumulative = -1.84596e-07
GAMG:  Solving for p, Initial residual = 0.00356312, Final residual = 3.13762e-05, No Iterations 8
GAMG:  Solving for p, Initial residual = 0.00192769, Final residual = 1.85418e-05, No Iterations 4
GAMG:  Solving for p, Initial residual = 0.000657605, Final residual = 8.52152e-07, No Iterations 29
time step continuity errors : sum local = 2.2763e-09, global = 7.60351e-10, cumulative = -1.83836e-07
DILUPBiCG:  Solving for omega, Initial residual = 0.00128405, Final residual = 6.6208e-07, No Iterations 1
DILUPBiCG:  Solving for k, Initial residual = 0.00300395, Final residual = 7.68123e-07, No Iterations 2
bounding k, min: 0 max: 0.000502684 average: 0.000142452
ExecutionTime = 6.1 s  ClockTime = 6 s

End

