/*---------------------------------------------------------------------------*\
| =========                 |                                                 |
| \\      /  F ield         | OpenFOAM: The Open Source CFD Toolbox           |
|  \\    /   O peration     | Version:  2.3.1                                 |
|   \\  /    A nd           | Web:      www.OpenFOAM.org                      |
|    \\/     M anipulation  |                                                 |
\*---------------------------------------------------------------------------*/
Build  : 2.3.1-262087cdf8db
Exec   : pimpleDyMFoam
Date   : Jun 06 2023
Time   : 02:56:48
Host   : "jcosson-VirtualBox"
PID    : 14168
Case   : /home/jcosson/workspace/henersj_shootingdata/calcs/moderate_deformed/primal/100_intervals_05-06-23/sweep82/interval89
nProcs : 1
sigFpe : Enabling floating point exception trapping (FOAM_SIGFPE).
fileModificationChecking : Monitoring run-time modified files using timeStampMaster
allowSystemOperations : Allowing user-supplied system call operations

// * * * * * * * * * * * * * * * * * * * * * * * * * * * * * * * * * * * * * //
Create time

Create mesh for time = 0.488

Selecting dynamicFvMesh dynamicMotionSolverFvMesh
Selecting motion solver: displacementLaplacian
Selecting motion diffusion: quadratic
Selecting motion diffusion: quadratic
Selecting motion diffusion: inverseDistance

PIMPLE: no residual control data found. Calculations will employ 3 corrector loops

Reading field p

Reading field U

Reading/calculating face flux field phi

Selecting incompressible transport model Newtonian
Selecting turbulence model type RASModel
Selecting RAS turbulence model kOmegaSST
bounding k, min: 0 max: 0.000601231 average: 0.000149775
kOmegaSSTCoeffs
{
    alphaK1         0.85034;
    alphaK2         1;
    alphaOmega1     0.5;
    alphaOmega2     0.85616;
    gamma1          0.5532;
    gamma2          0.4403;
    beta1           0.075;
    beta2           0.0828;
    betaStar        0.09;
    a1              0.31;
    c1              10;
    Cmu             0.09;
    b1              1;
    F3              false;
}

Reading/calculating face velocity Uf

No finite volume options present

Courant Number mean: 0.122824 max: 0.265774

Starting time loop

Courant Number mean: 0.122824 max: 0.265774
Time = 0.489

GAMG:  Solving for cellDisplacementx, Initial residual = 0, Final residual = 0, No Iterations 0
GAMG:  Solving for cellDisplacementy, Initial residual = 0, Final residual = 0, No Iterations 0
GAMG:  Solving for cellDisplacementz, Initial residual = 0, Final residual = 0, No Iterations 0
PIMPLE: iteration 1
DILUPBiCG:  Solving for Ux, Initial residual = 0.0576008, Final residual = 0.000226439, No Iterations 1
DILUPBiCG:  Solving for Uy, Initial residual = 0.0112573, Final residual = 2.35283e-05, No Iterations 1
DILUPBiCG:  Solving for Uz, Initial residual = 0.0107395, Final residual = 1.19164e-05, No Iterations 1
GAMG:  Solving for p, Initial residual = 0.114145, Final residual = 0.000798115, No Iterations 4
GAMG:  Solving for p, Initial residual = 0.0149088, Final residual = 0.000143903, No Iterations 16
GAMG:  Solving for p, Initial residual = 0.00698804, Final residual = 6.72077e-05, No Iterations 10
time step continuity errors : sum local = 7.84687e-07, global = 2.03487e-07, cumulative = 2.03487e-07
GAMG:  Solving for p, Initial residual = 0.0513552, Final residual = 0.000332459, No Iterations 4
GAMG:  Solving for p, Initial residual = 0.00743335, Final residual = 7.17859e-05, No Iterations 14
GAMG:  Solving for p, Initial residual = 0.00350972, Final residual = 2.88924e-05, No Iterations 12
time step continuity errors : sum local = 3.39178e-07, global = 1.00459e-07, cumulative = 3.03946e-07
PIMPLE: iteration 2
DILUPBiCG:  Solving for Ux, Initial residual = 0.0149512, Final residual = 9.30282e-05, No Iterations 1
DILUPBiCG:  Solving for Uy, Initial residual = 0.00305216, Final residual = 6.34982e-06, No Iterations 1
DILUPBiCG:  Solving for Uz, Initial residual = 0.0027764, Final residual = 9.12232e-06, No Iterations 1
GAMG:  Solving for p, Initial residual = 0.050335, Final residual = 0.000491485, No Iterations 4
GAMG:  Solving for p, Initial residual = 0.0100764, Final residual = 9.8229e-05, No Iterations 14
GAMG:  Solving for p, Initial residual = 0.00418964, Final residual = 3.53807e-05, No Iterations 12
time step continuity errors : sum local = 3.61944e-07, global = -1.04687e-07, cumulative = 1.99259e-07
GAMG:  Solving for p, Initial residual = 0.0263103, Final residual = 0.000228385, No Iterations 4
GAMG:  Solving for p, Initial residual = 0.00516508, Final residual = 4.9734e-05, No Iterations 12
GAMG:  Solving for p, Initial residual = 0.00198547, Final residual = 1.78534e-05, No Iterations 12
time step continuity errors : sum local = 1.83133e-07, global = -5.26782e-08, cumulative = 1.4658e-07
PIMPLE: iteration 3
DILUPBiCG:  Solving for Ux, Initial residual = 0.0031642, Final residual = 3.01269e-06, No Iterations 2
DILUPBiCG:  Solving for Uy, Initial residual = 0.000676159, Final residual = 5.00536e-06, No Iterations 1
DILUPBiCG:  Solving for Uz, Initial residual = 0.0047825, Final residual = 3.70587e-06, No Iterations 2
GAMG:  Solving for p, Initial residual = 0.0452698, Final residual = 0.000333269, No Iterations 5
GAMG:  Solving for p, Initial residual = 0.0101092, Final residual = 9.49841e-05, No Iterations 14
GAMG:  Solving for p, Initial residual = 0.00515282, Final residual = 5.0082e-05, No Iterations 10
time step continuity errors : sum local = 5.73645e-07, global = -1.51731e-07, cumulative = -5.15077e-09
GAMG:  Solving for p, Initial residual = 0.00248032, Final residual = 1.96677e-05, No Iterations 8
GAMG:  Solving for p, Initial residual = 0.00133021, Final residual = 1.01075e-05, No Iterations 5
GAMG:  Solving for p, Initial residual = 0.000544335, Final residual = 9.3645e-07, No Iterations 28
time step continuity errors : sum local = 1.06035e-08, global = 3.19801e-09, cumulative = -1.95276e-09
DILUPBiCG:  Solving for omega, Initial residual = 0.00112754, Final residual = 7.08633e-07, No Iterations 1
DILUPBiCG:  Solving for k, Initial residual = 0.00341133, Final residual = 6.90021e-07, No Iterations 2
bounding k, min: 0 max: 0.000588517 average: 0.000148944
ExecutionTime = 17.82 s  ClockTime = 18 s

End

