/*---------------------------------------------------------------------------*\
| =========                 |                                                 |
| \\      /  F ield         | OpenFOAM: The Open Source CFD Toolbox           |
|  \\    /   O peration     | Version:  2.3.1                                 |
|   \\  /    A nd           | Web:      www.OpenFOAM.org                      |
|    \\/     M anipulation  |                                                 |
\*---------------------------------------------------------------------------*/
Build  : 2.3.1-262087cdf8db
Exec   : pimpleDyMFoam
Date   : Jun 06 2023
Time   : 02:56:48
Host   : "jcosson-VirtualBox"
PID    : 14158
Case   : /home/jcosson/workspace/henersj_shootingdata/calcs/moderate_deformed/primal/100_intervals_05-06-23/sweep82/interval86
nProcs : 1
sigFpe : Enabling floating point exception trapping (FOAM_SIGFPE).
fileModificationChecking : Monitoring run-time modified files using timeStampMaster
allowSystemOperations : Allowing user-supplied system call operations

// * * * * * * * * * * * * * * * * * * * * * * * * * * * * * * * * * * * * * //
Create time

Create mesh for time = 0.485

Selecting dynamicFvMesh dynamicMotionSolverFvMesh
Selecting motion solver: displacementLaplacian
Selecting motion diffusion: quadratic
Selecting motion diffusion: quadratic
Selecting motion diffusion: inverseDistance

PIMPLE: no residual control data found. Calculations will employ 3 corrector loops

Reading field p

Reading field U

Reading/calculating face flux field phi

Selecting incompressible transport model Newtonian
Selecting turbulence model type RASModel
Selecting RAS turbulence model kOmegaSST
bounding k, min: 0 max: 0.000631826 average: 0.000152313
kOmegaSSTCoeffs
{
    alphaK1         0.85034;
    alphaK2         1;
    alphaOmega1     0.5;
    alphaOmega2     0.85616;
    gamma1          0.5532;
    gamma2          0.4403;
    beta1           0.075;
    beta2           0.0828;
    betaStar        0.09;
    a1              0.31;
    c1              10;
    Cmu             0.09;
    b1              1;
    F3              false;
}

Reading/calculating face velocity Uf

No finite volume options present

Courant Number mean: 0.135614 max: 0.295448

Starting time loop

Courant Number mean: 0.135614 max: 0.295448
Time = 0.486

GAMG:  Solving for cellDisplacementx, Initial residual = 0, Final residual = 0, No Iterations 0
GAMG:  Solving for cellDisplacementy, Initial residual = 0, Final residual = 0, No Iterations 0
GAMG:  Solving for cellDisplacementz, Initial residual = 0, Final residual = 0, No Iterations 0
PIMPLE: iteration 1
DILUPBiCG:  Solving for Ux, Initial residual = 0.0628069, Final residual = 0.000248906, No Iterations 1
DILUPBiCG:  Solving for Uy, Initial residual = 0.0118721, Final residual = 2.5277e-05, No Iterations 1
DILUPBiCG:  Solving for Uz, Initial residual = 0.0117491, Final residual = 1.44991e-05, No Iterations 1
GAMG:  Solving for p, Initial residual = 0.117458, Final residual = 0.000933513, No Iterations 4
GAMG:  Solving for p, Initial residual = 0.0149187, Final residual = 0.000134768, No Iterations 18
GAMG:  Solving for p, Initial residual = 0.0070015, Final residual = 6.01029e-05, No Iterations 10
time step continuity errors : sum local = 8.06553e-07, global = 2.13546e-07, cumulative = 2.13546e-07
GAMG:  Solving for p, Initial residual = 0.0520183, Final residual = 0.000376612, No Iterations 4
GAMG:  Solving for p, Initial residual = 0.00741877, Final residual = 6.62183e-05, No Iterations 16
GAMG:  Solving for p, Initial residual = 0.00352941, Final residual = 3.14993e-05, No Iterations 10
time step continuity errors : sum local = 4.24671e-07, global = 1.1278e-07, cumulative = 3.26326e-07
PIMPLE: iteration 2
DILUPBiCG:  Solving for Ux, Initial residual = 0.0166855, Final residual = 0.000103629, No Iterations 1
DILUPBiCG:  Solving for Uy, Initial residual = 0.00328428, Final residual = 6.9365e-06, No Iterations 1
DILUPBiCG:  Solving for Uz, Initial residual = 0.00291284, Final residual = 1.00614e-05, No Iterations 1
GAMG:  Solving for p, Initial residual = 0.051339, Final residual = 0.000479259, No Iterations 4
GAMG:  Solving for p, Initial residual = 0.00969727, Final residual = 8.46833e-05, No Iterations 16
GAMG:  Solving for p, Initial residual = 0.0042117, Final residual = 4.15153e-05, No Iterations 6
time step continuity errors : sum local = 4.8544e-07, global = -1.32699e-07, cumulative = 1.93626e-07
GAMG:  Solving for p, Initial residual = 0.0267832, Final residual = 0.000222875, No Iterations 4
GAMG:  Solving for p, Initial residual = 0.00502633, Final residual = 4.19587e-05, No Iterations 14
GAMG:  Solving for p, Initial residual = 0.00198573, Final residual = 1.66146e-05, No Iterations 10
time step continuity errors : sum local = 1.94968e-07, global = -4.90137e-08, cumulative = 1.44613e-07
PIMPLE: iteration 3
DILUPBiCG:  Solving for Ux, Initial residual = 0.00367156, Final residual = 3.10594e-06, No Iterations 2
DILUPBiCG:  Solving for Uy, Initial residual = 0.000742582, Final residual = 5.08226e-06, No Iterations 1
DILUPBiCG:  Solving for Uz, Initial residual = 0.00577814, Final residual = 3.03823e-06, No Iterations 2
GAMG:  Solving for p, Initial residual = 0.0435207, Final residual = 0.000331144, No Iterations 5
GAMG:  Solving for p, Initial residual = 0.00979505, Final residual = 8.92462e-05, No Iterations 14
GAMG:  Solving for p, Initial residual = 0.00488345, Final residual = 4.62749e-05, No Iterations 10
time step continuity errors : sum local = 6.07663e-07, global = -1.58567e-07, cumulative = -1.39542e-08
GAMG:  Solving for p, Initial residual = 0.00241992, Final residual = 2.18396e-05, No Iterations 8
GAMG:  Solving for p, Initial residual = 0.00129447, Final residual = 8.88645e-06, No Iterations 5
GAMG:  Solving for p, Initial residual = 0.000529224, Final residual = 9.20826e-07, No Iterations 28
time step continuity errors : sum local = 1.19737e-08, global = 3.60026e-09, cumulative = -1.03539e-08
DILUPBiCG:  Solving for omega, Initial residual = 0.00102397, Final residual = 7.15718e-07, No Iterations 1
DILUPBiCG:  Solving for k, Initial residual = 0.00358654, Final residual = 6.78683e-07, No Iterations 2
bounding k, min: 0 max: 0.000621486 average: 0.000151402
ExecutionTime = 17.84 s  ClockTime = 18 s

End

