/*---------------------------------------------------------------------------*\
| =========                 |                                                 |
| \\      /  F ield         | OpenFOAM: The Open Source CFD Toolbox           |
|  \\    /   O peration     | Version:  2.3.1                                 |
|   \\  /    A nd           | Web:      www.OpenFOAM.org                      |
|    \\/     M anipulation  |                                                 |
\*---------------------------------------------------------------------------*/
Build  : 2.3.1-262087cdf8db
Exec   : pimpleDyMFoam
Date   : Jun 05 2023
Time   : 19:26:14
Host   : "jcosson-VirtualBox"
PID    : 5164
Case   : /home/jcosson/workspace/henersj_shootingdata/calcs/moderate_deformed/primal/56_intervals_05-06-23/sweep42/interval56
nProcs : 1
sigFpe : Enabling floating point exception trapping (FOAM_SIGFPE).
fileModificationChecking : Monitoring run-time modified files using timeStampMaster
allowSystemOperations : Allowing user-supplied system call operations

// * * * * * * * * * * * * * * * * * * * * * * * * * * * * * * * * * * * * * //
Create time

Create mesh for time = 0.498

Selecting dynamicFvMesh dynamicMotionSolverFvMesh
Selecting motion solver: displacementLaplacian
Selecting motion diffusion: quadratic
Selecting motion diffusion: quadratic
Selecting motion diffusion: inverseDistance

PIMPLE: no residual control data found. Calculations will employ 3 corrector loops

Reading field p

Reading field U

Reading/calculating face flux field phi

Selecting incompressible transport model Newtonian
Selecting turbulence model type RASModel
Selecting RAS turbulence model kOmegaSST
bounding k, min: 0 max: 0.000507515 average: 0.000143628
kOmegaSSTCoeffs
{
    alphaK1         0.85034;
    alphaK2         1;
    alphaOmega1     0.5;
    alphaOmega2     0.85616;
    gamma1          0.5532;
    gamma2          0.4403;
    beta1           0.075;
    beta2           0.0828;
    betaStar        0.09;
    a1              0.31;
    c1              10;
    Cmu             0.09;
    b1              1;
    F3              false;
}

Reading/calculating face velocity Uf

No finite volume options present

Courant Number mean: 0.0992163 max: 0.216198

Starting time loop

Courant Number mean: 0.0992163 max: 0.216198
Time = 0.499

GAMG:  Solving for cellDisplacementx, Initial residual = 0, Final residual = 0, No Iterations 0
GAMG:  Solving for cellDisplacementy, Initial residual = 0, Final residual = 0, No Iterations 0
GAMG:  Solving for cellDisplacementz, Initial residual = 0, Final residual = 0, No Iterations 0
PIMPLE: iteration 1
DILUPBiCG:  Solving for Ux, Initial residual = 0.0147353, Final residual = 5.84244e-05, No Iterations 1
DILUPBiCG:  Solving for Uy, Initial residual = 0.00329439, Final residual = 6.60525e-06, No Iterations 1
DILUPBiCG:  Solving for Uz, Initial residual = 0.00835922, Final residual = 1.69235e-05, No Iterations 1
GAMG:  Solving for p, Initial residual = 0.0922059, Final residual = 0.000574089, No Iterations 4
GAMG:  Solving for p, Initial residual = 0.0214468, Final residual = 0.000198266, No Iterations 8
GAMG:  Solving for p, Initial residual = 0.00717566, Final residual = 6.97998e-05, No Iterations 12
time step continuity errors : sum local = 2.05013e-07, global = -5.70577e-08, cumulative = -5.70577e-08
GAMG:  Solving for p, Initial residual = 0.0472001, Final residual = 0.000270679, No Iterations 4
GAMG:  Solving for p, Initial residual = 0.0107658, Final residual = 9.80803e-05, No Iterations 8
GAMG:  Solving for p, Initial residual = 0.00345699, Final residual = 2.91595e-05, No Iterations 14
time step continuity errors : sum local = 8.55123e-08, global = -2.55852e-08, cumulative = -8.26429e-08
PIMPLE: iteration 2
DILUPBiCG:  Solving for Ux, Initial residual = 0.00302492, Final residual = 2.25914e-05, No Iterations 1
DILUPBiCG:  Solving for Uy, Initial residual = 0.000693804, Final residual = 1.783e-06, No Iterations 1
DILUPBiCG:  Solving for Uz, Initial residual = 0.00301451, Final residual = 0.00026855, No Iterations 1
GAMG:  Solving for p, Initial residual = 0.0446214, Final residual = 0.000358878, No Iterations 8
GAMG:  Solving for p, Initial residual = 0.0281362, Final residual = 0.000234441, No Iterations 5
GAMG:  Solving for p, Initial residual = 0.00477253, Final residual = 4.14066e-05, No Iterations 21
time step continuity errors : sum local = 1.05954e-07, global = -3.03485e-08, cumulative = -1.12991e-07
GAMG:  Solving for p, Initial residual = 0.0240183, Final residual = 0.000211476, No Iterations 6
GAMG:  Solving for p, Initial residual = 0.0133566, Final residual = 0.000120987, No Iterations 6
GAMG:  Solving for p, Initial residual = 0.00241504, Final residual = 2.31023e-05, No Iterations 20
time step continuity errors : sum local = 5.92366e-08, global = -1.67766e-08, cumulative = -1.29768e-07
PIMPLE: iteration 3
DILUPBiCG:  Solving for Ux, Initial residual = 0.000230463, Final residual = 2.06386e-06, No Iterations 1
DILUPBiCG:  Solving for Uy, Initial residual = 7.93194e-05, Final residual = 4.73728e-07, No Iterations 1
DILUPBiCG:  Solving for Uz, Initial residual = 0.00154022, Final residual = 7.00504e-07, No Iterations 2
GAMG:  Solving for p, Initial residual = 0.0842787, Final residual = 0.000766758, No Iterations 3
GAMG:  Solving for p, Initial residual = 0.0138084, Final residual = 0.000125611, No Iterations 20
GAMG:  Solving for p, Initial residual = 0.0135477, Final residual = 0.000128398, No Iterations 4
time step continuity errors : sum local = 3.47479e-07, global = -5.81929e-08, cumulative = -1.87961e-07
GAMG:  Solving for p, Initial residual = 0.00359542, Final residual = 3.12837e-05, No Iterations 8
GAMG:  Solving for p, Initial residual = 0.00194607, Final residual = 1.85855e-05, No Iterations 4
GAMG:  Solving for p, Initial residual = 0.000668481, Final residual = 8.50518e-07, No Iterations 29
time step continuity errors : sum local = 2.26225e-09, global = 7.55225e-10, cumulative = -1.87206e-07
DILUPBiCG:  Solving for omega, Initial residual = 0.00128817, Final residual = 6.63483e-07, No Iterations 1
DILUPBiCG:  Solving for k, Initial residual = 0.00302941, Final residual = 7.65497e-07, No Iterations 2
bounding k, min: 0 max: 0.000501075 average: 0.000143027
ExecutionTime = 13.95 s  ClockTime = 14 s

Courant Number mean: 0.0986748 max: 0.214986
Time = 0.5

GAMG:  Solving for cellDisplacementx, Initial residual = 0, Final residual = 0, No Iterations 0
GAMG:  Solving for cellDisplacementy, Initial residual = 0, Final residual = 0, No Iterations 0
GAMG:  Solving for cellDisplacementz, Initial residual = 0, Final residual = 0, No Iterations 0
PIMPLE: iteration 1
DILUPBiCG:  Solving for Ux, Initial residual = 0.00915268, Final residual = 3.6737e-05, No Iterations 1
DILUPBiCG:  Solving for Uy, Initial residual = 0.00211088, Final residual = 4.25178e-06, No Iterations 1
DILUPBiCG:  Solving for Uz, Initial residual = 0.00945258, Final residual = 1.99278e-05, No Iterations 1
GAMG:  Solving for p, Initial residual = 0.0811142, Final residual = 0.000676076, No Iterations 6
GAMG:  Solving for p, Initial residual = 0.0466237, Final residual = 0.000373097, No Iterations 4
GAMG:  Solving for p, Initial residual = 0.008046, Final residual = 6.97675e-05, No Iterations 21
time step continuity errors : sum local = 1.2882e-07, global = -3.68396e-08, cumulative = -2.24045e-07
GAMG:  Solving for p, Initial residual = 0.0438999, Final residual = 0.000386829, No Iterations 5
GAMG:  Solving for p, Initial residual = 0.0224439, Final residual = 0.000147934, No Iterations 4
GAMG:  Solving for p, Initial residual = 0.00402013, Final residual = 3.40215e-05, No Iterations 12
time step continuity errors : sum local = 6.21319e-08, global = -1.81607e-08, cumulative = -2.42206e-07
PIMPLE: iteration 2
DILUPBiCG:  Solving for Ux, Initial residual = 0.0015132, Final residual = 2.72335e-05, No Iterations 1
DILUPBiCG:  Solving for Uy, Initial residual = 0.000376698, Final residual = 4.18433e-06, No Iterations 1
DILUPBiCG:  Solving for Uz, Initial residual = 0.00299047, Final residual = 0.000267563, No Iterations 1
GAMG:  Solving for p, Initial residual = 0.0413924, Final residual = 0.000398977, No Iterations 11
GAMG:  Solving for p, Initial residual = 0.0346558, Final residual = 0.00029578, No Iterations 6
GAMG:  Solving for p, Initial residual = 0.00625539, Final residual = 6.06896e-05, No Iterations 20
time step continuity errors : sum local = 9.97481e-08, global = -2.8259e-08, cumulative = -2.70465e-07
GAMG:  Solving for p, Initial residual = 0.0228128, Final residual = 0.000210373, No Iterations 9
GAMG:  Solving for p, Initial residual = 0.0160846, Final residual = 0.000158292, No Iterations 6
GAMG:  Solving for p, Initial residual = 0.00315392, Final residual = 3.04486e-05, No Iterations 20
time step continuity errors : sum local = 4.98898e-08, global = -1.41328e-08, cumulative = -2.84598e-07
PIMPLE: iteration 3
DILUPBiCG:  Solving for Ux, Initial residual = 0.000191978, Final residual = 1.97078e-06, No Iterations 1
DILUPBiCG:  Solving for Uy, Initial residual = 7.07634e-05, Final residual = 9.55232e-07, No Iterations 1
DILUPBiCG:  Solving for Uz, Initial residual = 0.00115738, Final residual = 7.47768e-06, No Iterations 1
GAMG:  Solving for p, Initial residual = 0.114838, Final residual = 0.00101516, No Iterations 3
GAMG:  Solving for p, Initial residual = 0.0160742, Final residual = 0.000154435, No Iterations 20
GAMG:  Solving for p, Initial residual = 0.0175423, Final residual = 0.000172048, No Iterations 4
time step continuity errors : sum local = 2.81153e-07, global = -4.395e-08, cumulative = -3.28548e-07
GAMG:  Solving for p, Initial residual = 0.00462529, Final residual = 3.65579e-05, No Iterations 8
GAMG:  Solving for p, Initial residual = 0.00232245, Final residual = 1.79059e-05, No Iterations 6
GAMG:  Solving for p, Initial residual = 0.000768016, Final residual = 9.67201e-07, No Iterations 23
time step continuity errors : sum local = 1.54491e-09, global = 5.53829e-10, cumulative = -3.27994e-07
DILUPBiCG:  Solving for omega, Initial residual = 0.00128389, Final residual = 6.6208e-07, No Iterations 1
DILUPBiCG:  Solving for k, Initial residual = 0.00299684, Final residual = 8.07636e-07, No Iterations 2
bounding k, min: 0 max: 0.000494358 average: 0.000142451
ExecutionTime = 16.62 s  ClockTime = 16 s

End

