/*---------------------------------------------------------------------------*\
| =========                 |                                                 |
| \\      /  F ield         | OpenFOAM: The Open Source CFD Toolbox           |
|  \\    /   O peration     | Version:  2.3.1                                 |
|   \\  /    A nd           | Web:      www.OpenFOAM.org                      |
|    \\/     M anipulation  |                                                 |
\*---------------------------------------------------------------------------*/
Build  : 2.3.1-262087cdf8db
Exec   : pimpleDyMFoam
Date   : Jun 05 2023
Time   : 18:34:35
Host   : "jcosson-VirtualBox"
PID    : 19589
Case   : /home/jcosson/workspace/henersj_shootingdata/calcs/moderate_deformed/primal/56_intervals_05-06-23/sweep16/interval40
nProcs : 1
sigFpe : Enabling floating point exception trapping (FOAM_SIGFPE).
fileModificationChecking : Monitoring run-time modified files using timeStampMaster
allowSystemOperations : Allowing user-supplied system call operations

// * * * * * * * * * * * * * * * * * * * * * * * * * * * * * * * * * * * * * //
Create time

Create mesh for time = 0.47

Selecting dynamicFvMesh dynamicMotionSolverFvMesh
Selecting motion solver: displacementLaplacian
Selecting motion diffusion: quadratic
Selecting motion diffusion: quadratic
Selecting motion diffusion: inverseDistance

PIMPLE: no residual control data found. Calculations will employ 3 corrector loops

Reading field p

Reading field U

Reading/calculating face flux field phi

Selecting incompressible transport model Newtonian
Selecting turbulence model type RASModel
Selecting RAS turbulence model kOmegaSST
kOmegaSSTCoeffs
{
    alphaK1         0.85034;
    alphaK2         1;
    alphaOmega1     0.5;
    alphaOmega2     0.85616;
    gamma1          0.5532;
    gamma2          0.4403;
    beta1           0.075;
    beta2           0.0828;
    betaStar        0.09;
    a1              0.31;
    c1              10;
    Cmu             0.09;
    b1              1;
    F3              false;
}

Reading/calculating face velocity Uf

No finite volume options present

Courant Number mean: 0.217193 max: 0.480493

Starting time loop

Courant Number mean: 0.217193 max: 0.480493
Time = 0.471

GAMG:  Solving for cellDisplacementx, Initial residual = 0, Final residual = 0, No Iterations 0
GAMG:  Solving for cellDisplacementy, Initial residual = 0, Final residual = 0, No Iterations 0
GAMG:  Solving for cellDisplacementz, Initial residual = 0, Final residual = 0, No Iterations 0
PIMPLE: iteration 1
DILUPBiCG:  Solving for Ux, Initial residual = 0.0491305, Final residual = 0.000203945, No Iterations 1
DILUPBiCG:  Solving for Uy, Initial residual = 0.0080393, Final residual = 1.83983e-05, No Iterations 1
DILUPBiCG:  Solving for Uz, Initial residual = 0.0120318, Final residual = 3.08086e-05, No Iterations 1
GAMG:  Solving for p, Initial residual = 0.129635, Final residual = 0.0010262, No Iterations 6
GAMG:  Solving for p, Initial residual = 0.0150118, Final residual = 0.000127524, No Iterations 20
GAMG:  Solving for p, Initial residual = 0.00653312, Final residual = 6.20417e-05, No Iterations 10
time step continuity errors : sum local = 8.8242e-07, global = 2.36994e-07, cumulative = 2.36994e-07
GAMG:  Solving for p, Initial residual = 0.0546929, Final residual = 0.00034403, No Iterations 6
GAMG:  Solving for p, Initial residual = 0.00758506, Final residual = 7.15681e-05, No Iterations 16
GAMG:  Solving for p, Initial residual = 0.00338256, Final residual = 2.95831e-05, No Iterations 12
time step continuity errors : sum local = 4.19891e-07, global = 1.25826e-07, cumulative = 3.6282e-07
PIMPLE: iteration 2
DILUPBiCG:  Solving for Ux, Initial residual = 0.0143864, Final residual = 8.48821e-05, No Iterations 1
DILUPBiCG:  Solving for Uy, Initial residual = 0.00248414, Final residual = 5.68277e-06, No Iterations 1
DILUPBiCG:  Solving for Uz, Initial residual = 0.00341165, Final residual = 1.26707e-05, No Iterations 1
GAMG:  Solving for p, Initial residual = 0.0551692, Final residual = 0.000471402, No Iterations 4
GAMG:  Solving for p, Initial residual = 0.00896514, Final residual = 8.54026e-05, No Iterations 16
GAMG:  Solving for p, Initial residual = 0.00411364, Final residual = 4.00579e-05, No Iterations 8
time step continuity errors : sum local = 4.83747e-07, global = -1.45515e-07, cumulative = 2.17304e-07
GAMG:  Solving for p, Initial residual = 0.0283259, Final residual = 0.000205015, No Iterations 4
GAMG:  Solving for p, Initial residual = 0.00444065, Final residual = 3.9138e-05, No Iterations 14
GAMG:  Solving for p, Initial residual = 0.00192652, Final residual = 1.90363e-05, No Iterations 8
time step continuity errors : sum local = 2.31161e-07, global = -6.48331e-08, cumulative = 1.52471e-07
PIMPLE: iteration 3
DILUPBiCG:  Solving for Ux, Initial residual = 0.00358408, Final residual = 1.90896e-06, No Iterations 2
DILUPBiCG:  Solving for Uy, Initial residual = 0.000618037, Final residual = 6.96025e-06, No Iterations 1
DILUPBiCG:  Solving for Uz, Initial residual = 0.00717419, Final residual = 3.45007e-06, No Iterations 2
GAMG:  Solving for p, Initial residual = 0.0401549, Final residual = 0.000351136, No Iterations 5
GAMG:  Solving for p, Initial residual = 0.00916083, Final residual = 7.65222e-05, No Iterations 13
GAMG:  Solving for p, Initial residual = 0.00436726, Final residual = 4.35518e-05, No Iterations 8
time step continuity errors : sum local = 5.89948e-07, global = -1.3251e-07, cumulative = 1.99619e-08
GAMG:  Solving for p, Initial residual = 0.00248748, Final residual = 2.39289e-05, No Iterations 18
GAMG:  Solving for p, Initial residual = 0.00137775, Final residual = 1.23774e-05, No Iterations 4
GAMG:  Solving for p, Initial residual = 0.000552728, Final residual = 8.74933e-07, No Iterations 36
time step continuity errors : sum local = 1.18046e-08, global = 3.47047e-09, cumulative = 2.34323e-08
DILUPBiCG:  Solving for omega, Initial residual = 0.00052699, Final residual = 6.76739e-07, No Iterations 1
DILUPBiCG:  Solving for k, Initial residual = 0.0045218, Final residual = 1.42826e-06, No Iterations 2
ExecutionTime = 16.83 s  ClockTime = 17 s

End

