/*---------------------------------------------------------------------------*\
| =========                 |                                                 |
| \\      /  F ield         | OpenFOAM: The Open Source CFD Toolbox           |
|  \\    /   O peration     | Version:  2.3.1                                 |
|   \\  /    A nd           | Web:      www.OpenFOAM.org                      |
|    \\/     M anipulation  |                                                 |
\*---------------------------------------------------------------------------*/
Build  : 2.3.1-262087cdf8db
Exec   : pimpleDyMFoam
Date   : Jun 05 2023
Time   : 18:34:33
Host   : "jcosson-VirtualBox"
PID    : 19583
Case   : /home/jcosson/workspace/henersj_shootingdata/calcs/moderate_deformed/primal/56_intervals_05-06-23/sweep16/interval37
nProcs : 1
sigFpe : Enabling floating point exception trapping (FOAM_SIGFPE).
fileModificationChecking : Monitoring run-time modified files using timeStampMaster
allowSystemOperations : Allowing user-supplied system call operations

// * * * * * * * * * * * * * * * * * * * * * * * * * * * * * * * * * * * * * //
Create time

Create mesh for time = 0.464

Selecting dynamicFvMesh dynamicMotionSolverFvMesh
Selecting motion solver: displacementLaplacian
Selecting motion diffusion: quadratic
Selecting motion diffusion: quadratic
Selecting motion diffusion: inverseDistance

PIMPLE: no residual control data found. Calculations will employ 3 corrector loops

Reading field p

Reading field U

Reading/calculating face flux field phi

Selecting incompressible transport model Newtonian
Selecting turbulence model type RASModel
Selecting RAS turbulence model kOmegaSST
kOmegaSSTCoeffs
{
    alphaK1         0.85034;
    alphaK2         1;
    alphaOmega1     0.5;
    alphaOmega2     0.85616;
    gamma1          0.5532;
    gamma2          0.4403;
    beta1           0.075;
    beta2           0.0828;
    betaStar        0.09;
    a1              0.31;
    c1              10;
    Cmu             0.09;
    b1              1;
    F3              false;
}

Reading/calculating face velocity Uf

No finite volume options present

Courant Number mean: 0.246921 max: 0.543884

Starting time loop

Courant Number mean: 0.246921 max: 0.543884
Time = 0.465

GAMG:  Solving for cellDisplacementx, Initial residual = 0, Final residual = 0, No Iterations 0
GAMG:  Solving for cellDisplacementy, Initial residual = 0, Final residual = 0, No Iterations 0
GAMG:  Solving for cellDisplacementz, Initial residual = 0, Final residual = 0, No Iterations 0
PIMPLE: iteration 1
DILUPBiCG:  Solving for Ux, Initial residual = 0.0349588, Final residual = 0.000145433, No Iterations 1
DILUPBiCG:  Solving for Uy, Initial residual = 0.00558764, Final residual = 1.30592e-05, No Iterations 1
DILUPBiCG:  Solving for Uz, Initial residual = 0.0139055, Final residual = 3.68283e-05, No Iterations 1
GAMG:  Solving for p, Initial residual = 0.143162, Final residual = 0.00121123, No Iterations 6
GAMG:  Solving for p, Initial residual = 0.0169092, Final residual = 0.000168188, No Iterations 18
GAMG:  Solving for p, Initial residual = 0.0071171, Final residual = 6.60276e-05, No Iterations 12
time step continuity errors : sum local = 7.43887e-07, global = 2.24299e-07, cumulative = 2.24299e-07
GAMG:  Solving for p, Initial residual = 0.0589828, Final residual = 0.00039278, No Iterations 6
GAMG:  Solving for p, Initial residual = 0.00850187, Final residual = 7.94962e-05, No Iterations 16
GAMG:  Solving for p, Initial residual = 0.00370855, Final residual = 3.23873e-05, No Iterations 12
time step continuity errors : sum local = 3.63655e-07, global = 1.08869e-07, cumulative = 3.33168e-07
PIMPLE: iteration 2
DILUPBiCG:  Solving for Ux, Initial residual = 0.0106693, Final residual = 5.79163e-05, No Iterations 1
DILUPBiCG:  Solving for Uy, Initial residual = 0.00179608, Final residual = 4.46755e-06, No Iterations 1
DILUPBiCG:  Solving for Uz, Initial residual = 0.00384707, Final residual = 1.26337e-05, No Iterations 1
GAMG:  Solving for p, Initial residual = 0.0601918, Final residual = 0.000450105, No Iterations 4
GAMG:  Solving for p, Initial residual = 0.00981182, Final residual = 8.39947e-05, No Iterations 16
GAMG:  Solving for p, Initial residual = 0.0045467, Final residual = 3.94963e-05, No Iterations 8
time step continuity errors : sum local = 3.74788e-07, global = -1.24652e-07, cumulative = 2.08515e-07
GAMG:  Solving for p, Initial residual = 0.0306311, Final residual = 0.00019101, No Iterations 4
GAMG:  Solving for p, Initial residual = 0.0047903, Final residual = 4.53928e-05, No Iterations 12
GAMG:  Solving for p, Initial residual = 0.00212443, Final residual = 2.10778e-05, No Iterations 8
time step continuity errors : sum local = 2.01236e-07, global = -5.76777e-08, cumulative = 1.50838e-07
PIMPLE: iteration 3
DILUPBiCG:  Solving for Ux, Initial residual = 0.00280406, Final residual = 9.39588e-07, No Iterations 2
DILUPBiCG:  Solving for Uy, Initial residual = 0.000469471, Final residual = 7.24115e-06, No Iterations 1
DILUPBiCG:  Solving for Uz, Initial residual = 0.00649849, Final residual = 1.95235e-06, No Iterations 2
GAMG:  Solving for p, Initial residual = 0.0410232, Final residual = 0.000333501, No Iterations 5
GAMG:  Solving for p, Initial residual = 0.00933001, Final residual = 8.40171e-05, No Iterations 15
GAMG:  Solving for p, Initial residual = 0.00443237, Final residual = 3.8623e-05, No Iterations 10
time step continuity errors : sum local = 4.10031e-07, global = -1.07251e-07, cumulative = 4.35866e-08
GAMG:  Solving for p, Initial residual = 0.00271418, Final residual = 2.43742e-05, No Iterations 20
GAMG:  Solving for p, Initial residual = 0.00153753, Final residual = 1.30842e-05, No Iterations 4
GAMG:  Solving for p, Initial residual = 0.00059098, Final residual = 9.75674e-07, No Iterations 36
time step continuity errors : sum local = 1.03407e-08, global = 3.04794e-09, cumulative = 4.66346e-08
DILUPBiCG:  Solving for omega, Initial residual = 0.000517854, Final residual = 1.6846e-06, No Iterations 1
DILUPBiCG:  Solving for k, Initial residual = 0.00483064, Final residual = 1.52775e-06, No Iterations 2
ExecutionTime = 18.09 s  ClockTime = 18 s

Courant Number mean: 0.242429 max: 0.53398
Time = 0.466

GAMG:  Solving for cellDisplacementx, Initial residual = 0, Final residual = 0, No Iterations 0
GAMG:  Solving for cellDisplacementy, Initial residual = 0, Final residual = 0, No Iterations 0
GAMG:  Solving for cellDisplacementz, Initial residual = 0, Final residual = 0, No Iterations 0
PIMPLE: iteration 1
DILUPBiCG:  Solving for Ux, Initial residual = 0.0374437, Final residual = 0.000156198, No Iterations 1
DILUPBiCG:  Solving for Uy, Initial residual = 0.00599057, Final residual = 1.39417e-05, No Iterations 1
DILUPBiCG:  Solving for Uz, Initial residual = 0.0125414, Final residual = 3.41015e-05, No Iterations 1
GAMG:  Solving for p, Initial residual = 0.12726, Final residual = 0.00118694, No Iterations 6
GAMG:  Solving for p, Initial residual = 0.0142687, Final residual = 0.000139789, No Iterations 20
GAMG:  Solving for p, Initial residual = 0.00614283, Final residual = 5.52071e-05, No Iterations 12
time step continuity errors : sum local = 6.55356e-07, global = 1.97433e-07, cumulative = 2.44068e-07
GAMG:  Solving for p, Initial residual = 0.0525884, Final residual = 0.000383959, No Iterations 6
GAMG:  Solving for p, Initial residual = 0.00719278, Final residual = 6.65554e-05, No Iterations 18
GAMG:  Solving for p, Initial residual = 0.00319678, Final residual = 2.62665e-05, No Iterations 12
time step continuity errors : sum local = 3.10679e-07, global = 9.22269e-08, cumulative = 3.36295e-07
PIMPLE: iteration 2
DILUPBiCG:  Solving for Ux, Initial residual = 0.0113468, Final residual = 6.29198e-05, No Iterations 1
DILUPBiCG:  Solving for Uy, Initial residual = 0.00191597, Final residual = 4.66953e-06, No Iterations 1
DILUPBiCG:  Solving for Uz, Initial residual = 0.0037293, Final residual = 1.25716e-05, No Iterations 1
GAMG:  Solving for p, Initial residual = 0.0532036, Final residual = 0.000458839, No Iterations 4
GAMG:  Solving for p, Initial residual = 0.00833548, Final residual = 7.31074e-05, No Iterations 18
GAMG:  Solving for p, Initial residual = 0.00395193, Final residual = 3.83133e-05, No Iterations 7
time step continuity errors : sum local = 3.82683e-07, global = 1.37732e-07, cumulative = 4.74027e-07
GAMG:  Solving for p, Initial residual = 0.0271271, Final residual = 0.000192375, No Iterations 4
GAMG:  Solving for p, Initial residual = 0.00400948, Final residual = 3.81704e-05, No Iterations 14
GAMG:  Solving for p, Initial residual = 0.00180361, Final residual = 1.62983e-05, No Iterations 10
time step continuity errors : sum local = 1.63878e-07, global = -4.49004e-08, cumulative = 4.29127e-07
PIMPLE: iteration 3
DILUPBiCG:  Solving for Ux, Initial residual = 0.00294847, Final residual = 1.02541e-06, No Iterations 2
DILUPBiCG:  Solving for Uy, Initial residual = 0.000494231, Final residual = 7.30964e-06, No Iterations 1
DILUPBiCG:  Solving for Uz, Initial residual = 0.00673395, Final residual = 2.16218e-06, No Iterations 2
GAMG:  Solving for p, Initial residual = 0.0395172, Final residual = 0.000330745, No Iterations 5
GAMG:  Solving for p, Initial residual = 0.00900207, Final residual = 8.26701e-05, No Iterations 15
GAMG:  Solving for p, Initial residual = 0.00431016, Final residual = 3.81301e-05, No Iterations 10
time step continuity errors : sum local = 4.26783e-07, global = -1.11553e-07, cumulative = 3.17574e-07
GAMG:  Solving for p, Initial residual = 0.00257418, Final residual = 2.41291e-05, No Iterations 20
GAMG:  Solving for p, Initial residual = 0.00147452, Final residual = 1.29341e-05, No Iterations 4
GAMG:  Solving for p, Initial residual = 0.000569193, Final residual = 9.60956e-07, No Iterations 36
time step continuity errors : sum local = 1.07335e-08, global = 3.16243e-09, cumulative = 3.20736e-07
DILUPBiCG:  Solving for omega, Initial residual = 0.000494218, Final residual = 1.62627e-06, No Iterations 1
DILUPBiCG:  Solving for k, Initial residual = 0.00480868, Final residual = 1.57946e-06, No Iterations 2
ExecutionTime = 33.98 s  ClockTime = 34 s

End

