/*---------------------------------------------------------------------------*\
| =========                 |                                                 |
| \\      /  F ield         | OpenFOAM: The Open Source CFD Toolbox           |
|  \\    /   O peration     | Version:  2.3.1                                 |
|   \\  /    A nd           | Web:      www.OpenFOAM.org                      |
|    \\/     M anipulation  |                                                 |
\*---------------------------------------------------------------------------*/
Build  : 2.3.1-262087cdf8db
Exec   : pimpleDyMFoam
Date   : Jun 05 2023
Time   : 18:34:20
Host   : "jcosson-VirtualBox"
PID    : 19571
Case   : /home/jcosson/workspace/henersj_shootingdata/calcs/moderate_deformed/primal/56_intervals_05-06-23/sweep16/interval32
nProcs : 1
sigFpe : Enabling floating point exception trapping (FOAM_SIGFPE).
fileModificationChecking : Monitoring run-time modified files using timeStampMaster
allowSystemOperations : Allowing user-supplied system call operations

// * * * * * * * * * * * * * * * * * * * * * * * * * * * * * * * * * * * * * //
Create time

Create mesh for time = 0.455

Selecting dynamicFvMesh dynamicMotionSolverFvMesh
Selecting motion solver: displacementLaplacian
Selecting motion diffusion: quadratic
Selecting motion diffusion: quadratic
Selecting motion diffusion: inverseDistance

PIMPLE: no residual control data found. Calculations will employ 3 corrector loops

Reading field p

Reading field U

Reading/calculating face flux field phi

Selecting incompressible transport model Newtonian
Selecting turbulence model type RASModel
Selecting RAS turbulence model kOmegaSST
kOmegaSSTCoeffs
{
    alphaK1         0.85034;
    alphaK2         1;
    alphaOmega1     0.5;
    alphaOmega2     0.85616;
    gamma1          0.5532;
    gamma2          0.4403;
    beta1           0.075;
    beta2           0.0828;
    betaStar        0.09;
    a1              0.31;
    c1              10;
    Cmu             0.09;
    b1              1;
    F3              false;
}

Reading/calculating face velocity Uf

No finite volume options present

Courant Number mean: 0.2754 max: 0.608347

Starting time loop

Courant Number mean: 0.2754 max: 0.608347
Time = 0.456

GAMG:  Solving for cellDisplacementx, Initial residual = 0, Final residual = 0, No Iterations 0
GAMG:  Solving for cellDisplacementy, Initial residual = 0, Final residual = 0, No Iterations 0
GAMG:  Solving for cellDisplacementz, Initial residual = 0, Final residual = 0, No Iterations 0
PIMPLE: iteration 1
DILUPBiCG:  Solving for Ux, Initial residual = 0.0116396, Final residual = 4.27667e-05, No Iterations 1
DILUPBiCG:  Solving for Uy, Initial residual = 0.00190046, Final residual = 4.89385e-06, No Iterations 1
DILUPBiCG:  Solving for Uz, Initial residual = 0.0160214, Final residual = 4.12829e-05, No Iterations 1
GAMG:  Solving for p, Initial residual = 0.198084, Final residual = 0.00162737, No Iterations 6
GAMG:  Solving for p, Initial residual = 0.0277082, Final residual = 0.00024588, No Iterations 16
GAMG:  Solving for p, Initial residual = 0.0108209, Final residual = 9.41598e-05, No Iterations 12
time step continuity errors : sum local = 4.87426e-07, global = 1.4644e-07, cumulative = 1.4644e-07
GAMG:  Solving for p, Initial residual = 0.0783746, Final residual = 0.00050515, No Iterations 6
GAMG:  Solving for p, Initial residual = 0.0136681, Final residual = 0.000135753, No Iterations 12
GAMG:  Solving for p, Initial residual = 0.00556855, Final residual = 5.33415e-05, No Iterations 12
time step continuity errors : sum local = 2.73969e-07, global = 8.17753e-08, cumulative = 2.28215e-07
PIMPLE: iteration 2
DILUPBiCG:  Solving for Ux, Initial residual = 0.00400056, Final residual = 2.55397e-05, No Iterations 1
DILUPBiCG:  Solving for Uy, Initial residual = 0.000675271, Final residual = 3.14345e-06, No Iterations 1
DILUPBiCG:  Solving for Uz, Initial residual = 0.00441971, Final residual = 1.34144e-05, No Iterations 1
GAMG:  Solving for p, Initial residual = 0.0812555, Final residual = 0.000327444, No Iterations 4
GAMG:  Solving for p, Initial residual = 0.0142866, Final residual = 0.000128937, No Iterations 5
GAMG:  Solving for p, Initial residual = 0.00614378, Final residual = 5.46038e-05, No Iterations 6
time step continuity errors : sum local = 2.42409e-07, global = 6.15068e-08, cumulative = 2.89722e-07
GAMG:  Solving for p, Initial residual = 0.0400963, Final residual = 0.000335888, No Iterations 3
GAMG:  Solving for p, Initial residual = 0.00696695, Final residual = 6.45425e-05, No Iterations 4
GAMG:  Solving for p, Initial residual = 0.00315669, Final residual = 2.36146e-05, No Iterations 4
time step continuity errors : sum local = 1.05005e-07, global = 6.45134e-09, cumulative = 2.96173e-07
PIMPLE: iteration 3
DILUPBiCG:  Solving for Ux, Initial residual = 0.00125032, Final residual = 3.14024e-07, No Iterations 2
DILUPBiCG:  Solving for Uy, Initial residual = 0.000208323, Final residual = 4.36546e-06, No Iterations 1
DILUPBiCG:  Solving for Uz, Initial residual = 0.00296232, Final residual = 1.02762e-06, No Iterations 2
GAMG:  Solving for p, Initial residual = 0.0532565, Final residual = 0.000391947, No Iterations 4
GAMG:  Solving for p, Initial residual = 0.0125163, Final residual = 0.000105818, No Iterations 12
GAMG:  Solving for p, Initial residual = 0.00575301, Final residual = 5.20785e-05, No Iterations 4
time step continuity errors : sum local = 2.51317e-07, global = -9.44238e-08, cumulative = 2.01749e-07
GAMG:  Solving for p, Initial residual = 0.00407764, Final residual = 3.39224e-05, No Iterations 8
GAMG:  Solving for p, Initial residual = 0.0021636, Final residual = 1.96951e-05, No Iterations 5
GAMG:  Solving for p, Initial residual = 0.000804703, Final residual = 9.72358e-07, No Iterations 36
time step continuity errors : sum local = 4.67526e-09, global = 1.38241e-09, cumulative = 2.03132e-07
DILUPBiCG:  Solving for omega, Initial residual = 0.000849741, Final residual = 1.29644e-06, No Iterations 1
DILUPBiCG:  Solving for k, Initial residual = 0.00462287, Final residual = 1.85521e-06, No Iterations 2
ExecutionTime = 15.02 s  ClockTime = 15 s

Courant Number mean: 0.273474 max: 0.604353
Time = 0.457

GAMG:  Solving for cellDisplacementx, Initial residual = 0, Final residual = 0, No Iterations 0
GAMG:  Solving for cellDisplacementy, Initial residual = 0, Final residual = 0, No Iterations 0
GAMG:  Solving for cellDisplacementz, Initial residual = 0, Final residual = 0, No Iterations 0
PIMPLE: iteration 1
DILUPBiCG:  Solving for Ux, Initial residual = 0.014269, Final residual = 5.34886e-05, No Iterations 1
DILUPBiCG:  Solving for Uy, Initial residual = 0.0022887, Final residual = 5.56677e-06, No Iterations 1
DILUPBiCG:  Solving for Uz, Initial residual = 0.0144782, Final residual = 3.80304e-05, No Iterations 1
GAMG:  Solving for p, Initial residual = 0.148349, Final residual = 0.0013937, No Iterations 8
GAMG:  Solving for p, Initial residual = 0.0201922, Final residual = 0.000200323, No Iterations 16
GAMG:  Solving for p, Initial residual = 0.00774533, Final residual = 6.66721e-05, No Iterations 14
time step continuity errors : sum local = 3.92346e-07, global = 1.22916e-07, cumulative = 3.26048e-07
GAMG:  Solving for p, Initial residual = 0.0582254, Final residual = 0.000490913, No Iterations 6
GAMG:  Solving for p, Initial residual = 0.00978936, Final residual = 9.50949e-05, No Iterations 16
GAMG:  Solving for p, Initial residual = 0.00406957, Final residual = 3.58228e-05, No Iterations 12
time step continuity errors : sum local = 2.09296e-07, global = 6.20197e-08, cumulative = 3.88067e-07
PIMPLE: iteration 2
DILUPBiCG:  Solving for Ux, Initial residual = 0.00478082, Final residual = 2.39025e-05, No Iterations 1
DILUPBiCG:  Solving for Uy, Initial residual = 0.000801878, Final residual = 3.23243e-06, No Iterations 1
DILUPBiCG:  Solving for Uz, Initial residual = 0.00424253, Final residual = 1.28017e-05, No Iterations 1
GAMG:  Solving for p, Initial residual = 0.0598287, Final residual = 0.000288411, No Iterations 4
GAMG:  Solving for p, Initial residual = 0.0100851, Final residual = 9.92881e-05, No Iterations 13
GAMG:  Solving for p, Initial residual = 0.00482328, Final residual = 4.21116e-05, No Iterations 5
time step continuity errors : sum local = 2.1049e-07, global = -7.24463e-08, cumulative = 3.15621e-07
GAMG:  Solving for p, Initial residual = 0.0296965, Final residual = 0.000287385, No Iterations 3
GAMG:  Solving for p, Initial residual = 0.0048274, Final residual = 4.24693e-05, No Iterations 6
GAMG:  Solving for p, Initial residual = 0.00230242, Final residual = 1.53907e-05, No Iterations 5
time step continuity errors : sum local = 7.7247e-08, global = -1.95766e-08, cumulative = 2.96044e-07
PIMPLE: iteration 3
DILUPBiCG:  Solving for Ux, Initial residual = 0.00143987, Final residual = 3.41546e-07, No Iterations 2
DILUPBiCG:  Solving for Uy, Initial residual = 0.000238956, Final residual = 5.02458e-06, No Iterations 1
DILUPBiCG:  Solving for Uz, Initial residual = 0.00342761, Final residual = 8.75521e-07, No Iterations 2
GAMG:  Solving for p, Initial residual = 0.0459349, Final residual = 0.000442431, No Iterations 4
GAMG:  Solving for p, Initial residual = 0.0109052, Final residual = 9.32731e-05, No Iterations 14
GAMG:  Solving for p, Initial residual = 0.00504896, Final residual = 4.68677e-05, No Iterations 4
time step continuity errors : sum local = 2.56892e-07, global = -9.08157e-08, cumulative = 2.05229e-07
GAMG:  Solving for p, Initial residual = 0.00347514, Final residual = 2.49652e-05, No Iterations 6
GAMG:  Solving for p, Initial residual = 0.001962, Final residual = 1.76549e-05, No Iterations 4
GAMG:  Solving for p, Initial residual = 0.000720134, Final residual = 8.97409e-07, No Iterations 31
time step continuity errors : sum local = 4.90974e-09, global = 1.4513e-09, cumulative = 2.0668e-07
DILUPBiCG:  Solving for omega, Initial residual = 0.000803237, Final residual = 1.26217e-06, No Iterations 1
DILUPBiCG:  Solving for k, Initial residual = 0.004676, Final residual = 1.57348e-06, No Iterations 2
ExecutionTime = 29.47 s  ClockTime = 30 s

End

