/*---------------------------------------------------------------------------*\
| =========                 |                                                 |
| \\      /  F ield         | OpenFOAM: The Open Source CFD Toolbox           |
|  \\    /   O peration     | Version:  2.3.1                                 |
|   \\  /    A nd           | Web:      www.OpenFOAM.org                      |
|    \\/     M anipulation  |                                                 |
\*---------------------------------------------------------------------------*/
Build  : 2.3.1-262087cdf8db
Exec   : pimpleDyMFoam
Date   : Jun 05 2023
Time   : 23:47:34
Host   : "jcosson-VirtualBox"
PID    : 15557
Case   : /home/jcosson/workspace/henersj_shootingdata/calcs/moderate_deformed/primal/100_intervals_05-06-23/sweep7/interval22
nProcs : 1
sigFpe : Enabling floating point exception trapping (FOAM_SIGFPE).
fileModificationChecking : Monitoring run-time modified files using timeStampMaster
allowSystemOperations : Allowing user-supplied system call operations

// * * * * * * * * * * * * * * * * * * * * * * * * * * * * * * * * * * * * * //
Create time

Create mesh for time = 0.421

Selecting dynamicFvMesh dynamicMotionSolverFvMesh
Selecting motion solver: displacementLaplacian
Selecting motion diffusion: quadratic
Selecting motion diffusion: quadratic
Selecting motion diffusion: inverseDistance

PIMPLE: no residual control data found. Calculations will employ 3 corrector loops

Reading field p

Reading field U

Reading/calculating face flux field phi

Selecting incompressible transport model Newtonian
Selecting turbulence model type RASModel
Selecting RAS turbulence model kOmegaSST
kOmegaSSTCoeffs
{
    alphaK1         0.85034;
    alphaK2         1;
    alphaOmega1     0.5;
    alphaOmega2     0.85616;
    gamma1          0.5532;
    gamma2          0.4403;
    beta1           0.075;
    beta2           0.0828;
    betaStar        0.09;
    a1              0.31;
    c1              10;
    Cmu             0.09;
    b1              1;
    F3              false;
}

Reading/calculating face velocity Uf

No finite volume options present

Courant Number mean: 0.164729 max: 0.355736

Starting time loop

Courant Number mean: 0.164729 max: 0.355736
Time = 0.422

GAMG:  Solving for cellDisplacementx, Initial residual = 0, Final residual = 0, No Iterations 0
GAMG:  Solving for cellDisplacementy, Initial residual = 0, Final residual = 0, No Iterations 0
GAMG:  Solving for cellDisplacementz, Initial residual = 0, Final residual = 0, No Iterations 0
PIMPLE: iteration 1
DILUPBiCG:  Solving for Ux, Initial residual = 0.0625408, Final residual = 0.000218135, No Iterations 1
DILUPBiCG:  Solving for Uy, Initial residual = 0.0109816, Final residual = 2.15644e-05, No Iterations 1
DILUPBiCG:  Solving for Uz, Initial residual = 0.0306103, Final residual = 5.52909e-05, No Iterations 1
GAMG:  Solving for p, Initial residual = 0.137, Final residual = 0.00100336, No Iterations 6
GAMG:  Solving for p, Initial residual = 0.0163341, Final residual = 0.000160208, No Iterations 18
GAMG:  Solving for p, Initial residual = 0.00719412, Final residual = 6.61656e-05, No Iterations 10
time step continuity errors : sum local = 9.41778e-07, global = -2.40622e-07, cumulative = -2.40622e-07
GAMG:  Solving for p, Initial residual = 0.0578802, Final residual = 0.000570412, No Iterations 4
GAMG:  Solving for p, Initial residual = 0.0082032, Final residual = 7.01141e-05, No Iterations 20
GAMG:  Solving for p, Initial residual = 0.00381147, Final residual = 3.64248e-05, No Iterations 4
time step continuity errors : sum local = 5.20637e-07, global = -1.71291e-07, cumulative = -4.11913e-07
PIMPLE: iteration 2
DILUPBiCG:  Solving for Ux, Initial residual = 0.0175333, Final residual = 9.05942e-05, No Iterations 1
DILUPBiCG:  Solving for Uy, Initial residual = 0.00300945, Final residual = 7.1955e-06, No Iterations 1
DILUPBiCG:  Solving for Uz, Initial residual = 0.00471182, Final residual = 1.49441e-05, No Iterations 1
GAMG:  Solving for p, Initial residual = 0.0593775, Final residual = 0.000458172, No Iterations 4
GAMG:  Solving for p, Initial residual = 0.00983025, Final residual = 9.73619e-05, No Iterations 14
GAMG:  Solving for p, Initial residual = 0.00463976, Final residual = 4.29164e-05, No Iterations 8
time step continuity errors : sum local = 5.22968e-07, global = 1.73351e-07, cumulative = -2.38562e-07
GAMG:  Solving for p, Initial residual = 0.0303779, Final residual = 0.000203167, No Iterations 4
GAMG:  Solving for p, Initial residual = 0.00499335, Final residual = 4.82591e-05, No Iterations 12
GAMG:  Solving for p, Initial residual = 0.00225706, Final residual = 2.02015e-05, No Iterations 8
time step continuity errors : sum local = 2.47377e-07, global = 7.51725e-08, cumulative = -1.6339e-07
PIMPLE: iteration 3
DILUPBiCG:  Solving for Ux, Initial residual = 0.00435436, Final residual = 1.51639e-06, No Iterations 2
DILUPBiCG:  Solving for Uy, Initial residual = 0.000742501, Final residual = 7.49377e-06, No Iterations 1
DILUPBiCG:  Solving for Uz, Initial residual = 0.0110359, Final residual = 3.47467e-06, No Iterations 2
GAMG:  Solving for p, Initial residual = 0.0381942, Final residual = 0.000305268, No Iterations 5
GAMG:  Solving for p, Initial residual = 0.00816476, Final residual = 7.98361e-05, No Iterations 15
GAMG:  Solving for p, Initial residual = 0.00387479, Final residual = 3.52595e-05, No Iterations 10
time step continuity errors : sum local = 4.86125e-07, global = 1.26249e-07, cumulative = -3.71407e-08
GAMG:  Solving for p, Initial residual = 0.00209565, Final residual = 1.94997e-05, No Iterations 16
GAMG:  Solving for p, Initial residual = 0.00117737, Final residual = 9.92871e-06, No Iterations 4
GAMG:  Solving for p, Initial residual = 0.000471694, Final residual = 8.56151e-07, No Iterations 26
time step continuity errors : sum local = 1.17452e-08, global = -3.4495e-09, cumulative = -4.05902e-08
DILUPBiCG:  Solving for omega, Initial residual = 0.000968417, Final residual = 9.61696e-07, No Iterations 1
DILUPBiCG:  Solving for k, Initial residual = 0.00435993, Final residual = 1.22771e-06, No Iterations 2
ExecutionTime = 17.04 s  ClockTime = 17 s

End

