/*---------------------------------------------------------------------------*\
| =========                 |                                                 |
| \\      /  F ield         | OpenFOAM: The Open Source CFD Toolbox           |
|  \\    /   O peration     | Version:  2.3.1                                 |
|   \\  /    A nd           | Web:      www.OpenFOAM.org                      |
|    \\/     M anipulation  |                                                 |
\*---------------------------------------------------------------------------*/
Build  : 2.3.1-262087cdf8db
Exec   : pimpleDyMFoam
Date   : Jun 05 2023
Time   : 23:48:44
Host   : "jcosson-VirtualBox"
PID    : 15687
Case   : /home/jcosson/workspace/henersj_shootingdata/calcs/moderate_deformed/primal/100_intervals_05-06-23/sweep7/interval86
nProcs : 1
sigFpe : Enabling floating point exception trapping (FOAM_SIGFPE).
fileModificationChecking : Monitoring run-time modified files using timeStampMaster
allowSystemOperations : Allowing user-supplied system call operations

// * * * * * * * * * * * * * * * * * * * * * * * * * * * * * * * * * * * * * //
Create time

Create mesh for time = 0.485

Selecting dynamicFvMesh dynamicMotionSolverFvMesh
Selecting motion solver: displacementLaplacian
Selecting motion diffusion: quadratic
Selecting motion diffusion: quadratic
Selecting motion diffusion: inverseDistance

PIMPLE: no residual control data found. Calculations will employ 3 corrector loops

Reading field p

Reading field U

Reading/calculating face flux field phi

Selecting incompressible transport model Newtonian
Selecting turbulence model type RASModel
Selecting RAS turbulence model kOmegaSST
bounding k, min: 0 max: 0.000809535 average: 0.000164863
kOmegaSSTCoeffs
{
    alphaK1         0.85034;
    alphaK2         1;
    alphaOmega1     0.5;
    alphaOmega2     0.85616;
    gamma1          0.5532;
    gamma2          0.4403;
    beta1           0.075;
    beta2           0.0828;
    betaStar        0.09;
    a1              0.31;
    c1              10;
    Cmu             0.09;
    b1              1;
    F3              false;
}

Reading/calculating face velocity Uf

No finite volume options present

Courant Number mean: 0.135074 max: 0.297802

Starting time loop

Courant Number mean: 0.135074 max: 0.297802
Time = 0.486

GAMG:  Solving for cellDisplacementx, Initial residual = 0, Final residual = 0, No Iterations 0
GAMG:  Solving for cellDisplacementy, Initial residual = 0, Final residual = 0, No Iterations 0
GAMG:  Solving for cellDisplacementz, Initial residual = 0, Final residual = 0, No Iterations 0
PIMPLE: iteration 1
DILUPBiCG:  Solving for Ux, Initial residual = 0.0636861, Final residual = 0.000239622, No Iterations 1
DILUPBiCG:  Solving for Uy, Initial residual = 0.0118839, Final residual = 2.54395e-05, No Iterations 1
DILUPBiCG:  Solving for Uz, Initial residual = 0.0342732, Final residual = 4.1143e-05, No Iterations 1
GAMG:  Solving for p, Initial residual = 0.130291, Final residual = 0.000944083, No Iterations 4
GAMG:  Solving for p, Initial residual = 0.0183063, Final residual = 0.00016478, No Iterations 16
GAMG:  Solving for p, Initial residual = 0.00831308, Final residual = 7.26267e-05, No Iterations 4
time step continuity errors : sum local = 8.95893e-07, global = 3.39152e-07, cumulative = 3.39152e-07
GAMG:  Solving for p, Initial residual = 0.0579452, Final residual = 0.000383531, No Iterations 4
GAMG:  Solving for p, Initial residual = 0.00908433, Final residual = 7.65218e-05, No Iterations 14
GAMG:  Solving for p, Initial residual = 0.00415141, Final residual = 3.19559e-05, No Iterations 4
time step continuity errors : sum local = 3.94982e-07, global = 1.44433e-07, cumulative = 4.83586e-07
PIMPLE: iteration 2
DILUPBiCG:  Solving for Ux, Initial residual = 0.016648, Final residual = 9.82622e-05, No Iterations 1
DILUPBiCG:  Solving for Uy, Initial residual = 0.00329427, Final residual = 7.15317e-06, No Iterations 1
DILUPBiCG:  Solving for Uz, Initial residual = 0.00386609, Final residual = 1.67159e-05, No Iterations 1
GAMG:  Solving for p, Initial residual = 0.0580374, Final residual = 0.000543879, No Iterations 4
GAMG:  Solving for p, Initial residual = 0.010841, Final residual = 9.62322e-05, No Iterations 16
GAMG:  Solving for p, Initial residual = 0.00500252, Final residual = 4.78723e-05, No Iterations 4
time step continuity errors : sum local = 5.08829e-07, global = -1.87616e-07, cumulative = 2.9597e-07
GAMG:  Solving for p, Initial residual = 0.0303121, Final residual = 0.00026436, No Iterations 4
GAMG:  Solving for p, Initial residual = 0.00561428, Final residual = 5.051e-05, No Iterations 14
GAMG:  Solving for p, Initial residual = 0.00248362, Final residual = 2.09647e-05, No Iterations 10
time step continuity errors : sum local = 2.23224e-07, global = -5.7348e-08, cumulative = 2.38622e-07
PIMPLE: iteration 3
DILUPBiCG:  Solving for Ux, Initial residual = 0.00352961, Final residual = 2.56835e-06, No Iterations 2
DILUPBiCG:  Solving for Uy, Initial residual = 0.000778423, Final residual = 5.1054e-06, No Iterations 1
DILUPBiCG:  Solving for Uz, Initial residual = 0.00488487, Final residual = 2.28362e-06, No Iterations 2
GAMG:  Solving for p, Initial residual = 0.0412214, Final residual = 0.00034824, No Iterations 5
GAMG:  Solving for p, Initial residual = 0.00940556, Final residual = 8.31772e-05, No Iterations 14
GAMG:  Solving for p, Initial residual = 0.00473659, Final residual = 4.0599e-05, No Iterations 8
time step continuity errors : sum local = 4.87229e-07, global = -1.00136e-07, cumulative = 1.38486e-07
GAMG:  Solving for p, Initial residual = 0.00246222, Final residual = 2.28851e-05, No Iterations 6
GAMG:  Solving for p, Initial residual = 0.00126081, Final residual = 1.07833e-05, No Iterations 10
GAMG:  Solving for p, Initial residual = 0.000524867, Final residual = 8.79954e-07, No Iterations 30
time step continuity errors : sum local = 1.04607e-08, global = 3.14111e-09, cumulative = 1.41627e-07
DILUPBiCG:  Solving for omega, Initial residual = 0.00128521, Final residual = 1.12755e-06, No Iterations 1
DILUPBiCG:  Solving for k, Initial residual = 0.0042796, Final residual = 8.79001e-07, No Iterations 2
bounding k, min: 0 max: 0.000798073 average: 0.000163819
ExecutionTime = 15.39 s  ClockTime = 15 s

End

