/*---------------------------------------------------------------------------*\
| =========                 |                                                 |
| \\      /  F ield         | OpenFOAM: The Open Source CFD Toolbox           |
|  \\    /   O peration     | Version:  2.3.1                                 |
|   \\  /    A nd           | Web:      www.OpenFOAM.org                      |
|    \\/     M anipulation  |                                                 |
\*---------------------------------------------------------------------------*/
Build  : 2.3.1-262087cdf8db
Exec   : pimpleDyMFoam
Date   : Jun 05 2023
Time   : 23:47:17
Host   : "jcosson-VirtualBox"
PID    : 15544
Case   : /home/jcosson/workspace/henersj_shootingdata/calcs/moderate_deformed/primal/100_intervals_05-06-23/sweep7/interval14
nProcs : 1
sigFpe : Enabling floating point exception trapping (FOAM_SIGFPE).
fileModificationChecking : Monitoring run-time modified files using timeStampMaster
allowSystemOperations : Allowing user-supplied system call operations

// * * * * * * * * * * * * * * * * * * * * * * * * * * * * * * * * * * * * * //
Create time

Create mesh for time = 0.413

Selecting dynamicFvMesh dynamicMotionSolverFvMesh
Selecting motion solver: displacementLaplacian
Selecting motion diffusion: quadratic
Selecting motion diffusion: quadratic
Selecting motion diffusion: inverseDistance

PIMPLE: no residual control data found. Calculations will employ 3 corrector loops

Reading field p

Reading field U

Reading/calculating face flux field phi

Selecting incompressible transport model Newtonian
Selecting turbulence model type RASModel
Selecting RAS turbulence model kOmegaSST
kOmegaSSTCoeffs
{
    alphaK1         0.85034;
    alphaK2         1;
    alphaOmega1     0.5;
    alphaOmega2     0.85616;
    gamma1          0.5532;
    gamma2          0.4403;
    beta1           0.075;
    beta2           0.0828;
    betaStar        0.09;
    a1              0.31;
    c1              10;
    Cmu             0.09;
    b1              1;
    F3              false;
}

Reading/calculating face velocity Uf

No finite volume options present

Courant Number mean: 0.12479 max: 0.271952

Starting time loop

Courant Number mean: 0.12479 max: 0.271952
Time = 0.414

GAMG:  Solving for cellDisplacementx, Initial residual = 0, Final residual = 0, No Iterations 0
GAMG:  Solving for cellDisplacementy, Initial residual = 0, Final residual = 0, No Iterations 0
GAMG:  Solving for cellDisplacementz, Initial residual = 0, Final residual = 0, No Iterations 0
PIMPLE: iteration 1
DILUPBiCG:  Solving for Ux, Initial residual = 0.0563286, Final residual = 0.000208617, No Iterations 1
DILUPBiCG:  Solving for Uy, Initial residual = 0.0108432, Final residual = 1.99262e-05, No Iterations 1
DILUPBiCG:  Solving for Uz, Initial residual = 0.0288391, Final residual = 5.04232e-05, No Iterations 1
GAMG:  Solving for p, Initial residual = 0.152013, Final residual = 0.00118567, No Iterations 6
GAMG:  Solving for p, Initial residual = 0.0183916, Final residual = 0.000179542, No Iterations 18
GAMG:  Solving for p, Initial residual = 0.00803687, Final residual = 6.97238e-05, No Iterations 10
time step continuity errors : sum local = 7.59952e-07, global = -1.96856e-07, cumulative = -1.96856e-07
GAMG:  Solving for p, Initial residual = 0.063128, Final residual = 0.000421901, No Iterations 6
GAMG:  Solving for p, Initial residual = 0.00921435, Final residual = 9.16717e-05, No Iterations 16
GAMG:  Solving for p, Initial residual = 0.00422082, Final residual = 3.79935e-05, No Iterations 10
time step continuity errors : sum local = 4.16397e-07, global = -1.0779e-07, cumulative = -3.04645e-07
PIMPLE: iteration 2
DILUPBiCG:  Solving for Ux, Initial residual = 0.0158792, Final residual = 9.5755e-05, No Iterations 1
DILUPBiCG:  Solving for Uy, Initial residual = 0.00295308, Final residual = 6.43815e-06, No Iterations 1
DILUPBiCG:  Solving for Uz, Initial residual = 0.00430564, Final residual = 1.68517e-05, No Iterations 1
GAMG:  Solving for p, Initial residual = 0.0650354, Final residual = 0.000343271, No Iterations 4
GAMG:  Solving for p, Initial residual = 0.0106916, Final residual = 9.25326e-05, No Iterations 14
GAMG:  Solving for p, Initial residual = 0.00523133, Final residual = 5.00686e-05, No Iterations 5
time step continuity errors : sum local = 4.73446e-07, global = -1.75545e-07, cumulative = -4.8019e-07
GAMG:  Solving for p, Initial residual = 0.0329755, Final residual = 0.000153284, No Iterations 4
GAMG:  Solving for p, Initial residual = 0.00550943, Final residual = 4.92059e-05, No Iterations 12
GAMG:  Solving for p, Initial residual = 0.00261627, Final residual = 2.16325e-05, No Iterations 7
time step continuity errors : sum local = 2.05493e-07, global = -6.75265e-08, cumulative = -5.47717e-07
PIMPLE: iteration 3
DILUPBiCG:  Solving for Ux, Initial residual = 0.00410613, Final residual = 1.67855e-06, No Iterations 2
DILUPBiCG:  Solving for Uy, Initial residual = 0.000758766, Final residual = 6.11264e-06, No Iterations 1
DILUPBiCG:  Solving for Uz, Initial residual = 0.00905568, Final residual = 2.98201e-06, No Iterations 2
GAMG:  Solving for p, Initial residual = 0.0381381, Final residual = 0.000328057, No Iterations 5
GAMG:  Solving for p, Initial residual = 0.0078727, Final residual = 6.77734e-05, No Iterations 17
GAMG:  Solving for p, Initial residual = 0.00380008, Final residual = 3.70563e-05, No Iterations 4
time step continuity errors : sum local = 3.96329e-07, global = 1.35585e-07, cumulative = -4.12131e-07
GAMG:  Solving for p, Initial residual = 0.00200256, Final residual = 1.19741e-05, No Iterations 6
GAMG:  Solving for p, Initial residual = 0.0010659, Final residual = 9.80989e-06, No Iterations 4
GAMG:  Solving for p, Initial residual = 0.000451605, Final residual = 9.22008e-07, No Iterations 23
time step continuity errors : sum local = 9.79781e-09, global = -2.79982e-09, cumulative = -4.14931e-07
DILUPBiCG:  Solving for omega, Initial residual = 0.00107145, Final residual = 9.10688e-07, No Iterations 1
DILUPBiCG:  Solving for k, Initial residual = 0.00372119, Final residual = 1.09488e-06, No Iterations 2
ExecutionTime = 16.92 s  ClockTime = 17 s

End

