/*---------------------------------------------------------------------------*\
| =========                 |                                                 |
| \\      /  F ield         | OpenFOAM: The Open Source CFD Toolbox           |
|  \\    /   O peration     | Version:  2.3.1                                 |
|   \\  /    A nd           | Web:      www.OpenFOAM.org                      |
|    \\/     M anipulation  |                                                 |
\*---------------------------------------------------------------------------*/
Build  : 2.3.1-262087cdf8db
Exec   : pimpleDyMFoam
Date   : Jun 05 2023
Time   : 23:48:23
Host   : "jcosson-VirtualBox"
PID    : 15646
Case   : /home/jcosson/workspace/henersj_shootingdata/calcs/moderate_deformed/primal/100_intervals_05-06-23/sweep7/interval66
nProcs : 1
sigFpe : Enabling floating point exception trapping (FOAM_SIGFPE).
fileModificationChecking : Monitoring run-time modified files using timeStampMaster
allowSystemOperations : Allowing user-supplied system call operations

// * * * * * * * * * * * * * * * * * * * * * * * * * * * * * * * * * * * * * //
Create time

Create mesh for time = 0.465

Selecting dynamicFvMesh dynamicMotionSolverFvMesh
Selecting motion solver: displacementLaplacian
Selecting motion diffusion: quadratic
Selecting motion diffusion: quadratic
Selecting motion diffusion: inverseDistance

PIMPLE: no residual control data found. Calculations will employ 3 corrector loops

Reading field p

Reading field U

Reading/calculating face flux field phi

Selecting incompressible transport model Newtonian
Selecting turbulence model type RASModel
Selecting RAS turbulence model kOmegaSST
kOmegaSSTCoeffs
{
    alphaK1         0.85034;
    alphaK2         1;
    alphaOmega1     0.5;
    alphaOmega2     0.85616;
    gamma1          0.5532;
    gamma2          0.4403;
    beta1           0.075;
    beta2           0.0828;
    betaStar        0.09;
    a1              0.31;
    c1              10;
    Cmu             0.09;
    b1              1;
    F3              false;
}

Reading/calculating face velocity Uf

No finite volume options present

Courant Number mean: 0.242217 max: 0.543557

Starting time loop

Courant Number mean: 0.242217 max: 0.543557
Time = 0.466

GAMG:  Solving for cellDisplacementx, Initial residual = 0, Final residual = 0, No Iterations 0
GAMG:  Solving for cellDisplacementy, Initial residual = 0, Final residual = 0, No Iterations 0
GAMG:  Solving for cellDisplacementz, Initial residual = 0, Final residual = 0, No Iterations 0
PIMPLE: iteration 1
DILUPBiCG:  Solving for Ux, Initial residual = 0.037569, Final residual = 0.000155647, No Iterations 1
DILUPBiCG:  Solving for Uy, Initial residual = 0.00601132, Final residual = 1.4657e-05, No Iterations 1
DILUPBiCG:  Solving for Uz, Initial residual = 0.018106, Final residual = 3.64758e-05, No Iterations 1
GAMG:  Solving for p, Initial residual = 0.142865, Final residual = 0.00116766, No Iterations 6
GAMG:  Solving for p, Initial residual = 0.0177277, Final residual = 0.000161272, No Iterations 18
GAMG:  Solving for p, Initial residual = 0.00743389, Final residual = 6.35546e-05, No Iterations 12
time step continuity errors : sum local = 7.49804e-07, global = 2.23803e-07, cumulative = 2.23803e-07
GAMG:  Solving for p, Initial residual = 0.0592582, Final residual = 0.00037658, No Iterations 6
GAMG:  Solving for p, Initial residual = 0.00884476, Final residual = 8.68842e-05, No Iterations 14
GAMG:  Solving for p, Initial residual = 0.00379428, Final residual = 3.56442e-05, No Iterations 12
time step continuity errors : sum local = 4.1843e-07, global = 1.25799e-07, cumulative = 3.49602e-07
PIMPLE: iteration 2
DILUPBiCG:  Solving for Ux, Initial residual = 0.011325, Final residual = 6.29154e-05, No Iterations 1
DILUPBiCG:  Solving for Uy, Initial residual = 0.00191687, Final residual = 4.81129e-06, No Iterations 1
DILUPBiCG:  Solving for Uz, Initial residual = 0.00455384, Final residual = 1.6682e-05, No Iterations 1
GAMG:  Solving for p, Initial residual = 0.0604765, Final residual = 0.00045319, No Iterations 4
GAMG:  Solving for p, Initial residual = 0.0101351, Final residual = 9.46934e-05, No Iterations 14
GAMG:  Solving for p, Initial residual = 0.00452963, Final residual = 4.0812e-05, No Iterations 10
time step continuity errors : sum local = 4.05374e-07, global = -1.04118e-07, cumulative = 2.45484e-07
GAMG:  Solving for p, Initial residual = 0.0308242, Final residual = 0.000193758, No Iterations 4
GAMG:  Solving for p, Initial residual = 0.00495148, Final residual = 4.35518e-05, No Iterations 12
GAMG:  Solving for p, Initial residual = 0.00214662, Final residual = 1.89016e-05, No Iterations 10
time step continuity errors : sum local = 1.88659e-07, global = -4.80499e-08, cumulative = 1.97434e-07
PIMPLE: iteration 3
DILUPBiCG:  Solving for Ux, Initial residual = 0.00291844, Final residual = 1.11285e-06, No Iterations 2
DILUPBiCG:  Solving for Uy, Initial residual = 0.000502051, Final residual = 7.26486e-06, No Iterations 1
DILUPBiCG:  Solving for Uz, Initial residual = 0.00588224, Final residual = 2.27583e-06, No Iterations 2
GAMG:  Solving for p, Initial residual = 0.0405104, Final residual = 0.000339051, No Iterations 5
GAMG:  Solving for p, Initial residual = 0.00928125, Final residual = 8.32561e-05, No Iterations 15
GAMG:  Solving for p, Initial residual = 0.00446705, Final residual = 3.65627e-05, No Iterations 10
time step continuity errors : sum local = 4.06643e-07, global = -1.0598e-07, cumulative = 9.14542e-08
GAMG:  Solving for p, Initial residual = 0.00269502, Final residual = 2.50285e-05, No Iterations 20
GAMG:  Solving for p, Initial residual = 0.00152302, Final residual = 1.32081e-05, No Iterations 4
GAMG:  Solving for p, Initial residual = 0.000584912, Final residual = 8.747e-07, No Iterations 38
time step continuity errors : sum local = 9.70536e-09, global = 2.87324e-09, cumulative = 9.43275e-08
DILUPBiCG:  Solving for omega, Initial residual = 0.00111672, Final residual = 1.86365e-06, No Iterations 1
DILUPBiCG:  Solving for k, Initial residual = 0.00512124, Final residual = 1.80315e-06, No Iterations 2
ExecutionTime = 15.93 s  ClockTime = 16 s

End

