/*---------------------------------------------------------------------------*\
| =========                 |                                                 |
| \\      /  F ield         | OpenFOAM: The Open Source CFD Toolbox           |
|  \\    /   O peration     | Version:  2.3.1                                 |
|   \\  /    A nd           | Web:      www.OpenFOAM.org                      |
|    \\/     M anipulation  |                                                 |
\*---------------------------------------------------------------------------*/
Build  : 2.3.1-262087cdf8db
Exec   : pimpleDyMFoam
Date   : Jun 06 2023
Time   : 02:30:58
Host   : "jcosson-VirtualBox"
PID    : 846
Case   : /home/jcosson/workspace/henersj_shootingdata/calcs/moderate_deformed/primal/100_intervals_05-06-23/sweep64/interval86
nProcs : 1
sigFpe : Enabling floating point exception trapping (FOAM_SIGFPE).
fileModificationChecking : Monitoring run-time modified files using timeStampMaster
allowSystemOperations : Allowing user-supplied system call operations

// * * * * * * * * * * * * * * * * * * * * * * * * * * * * * * * * * * * * * //
Create time

Create mesh for time = 0.485

Selecting dynamicFvMesh dynamicMotionSolverFvMesh
Selecting motion solver: displacementLaplacian
Selecting motion diffusion: quadratic
Selecting motion diffusion: quadratic
Selecting motion diffusion: inverseDistance

PIMPLE: no residual control data found. Calculations will employ 3 corrector loops

Reading field p

Reading field U

Reading/calculating face flux field phi

Selecting incompressible transport model Newtonian
Selecting turbulence model type RASModel
Selecting RAS turbulence model kOmegaSST
bounding k, min: 0 max: 0.000653852 average: 0.000153417
kOmegaSSTCoeffs
{
    alphaK1         0.85034;
    alphaK2         1;
    alphaOmega1     0.5;
    alphaOmega2     0.85616;
    gamma1          0.5532;
    gamma2          0.4403;
    beta1           0.075;
    beta2           0.0828;
    betaStar        0.09;
    a1              0.31;
    c1              10;
    Cmu             0.09;
    b1              1;
    F3              false;
}

Reading/calculating face velocity Uf

No finite volume options present

Courant Number mean: 0.135756 max: 0.295229

Starting time loop

Courant Number mean: 0.135756 max: 0.295229
Time = 0.486

GAMG:  Solving for cellDisplacementx, Initial residual = 0, Final residual = 0, No Iterations 0
GAMG:  Solving for cellDisplacementy, Initial residual = 0, Final residual = 0, No Iterations 0
GAMG:  Solving for cellDisplacementz, Initial residual = 0, Final residual = 0, No Iterations 0
PIMPLE: iteration 1
DILUPBiCG:  Solving for Ux, Initial residual = 0.0627626, Final residual = 0.000246308, No Iterations 1
DILUPBiCG:  Solving for Uy, Initial residual = 0.0118886, Final residual = 2.4968e-05, No Iterations 1
DILUPBiCG:  Solving for Uz, Initial residual = 0.01275, Final residual = 1.41835e-05, No Iterations 1
GAMG:  Solving for p, Initial residual = 0.118483, Final residual = 0.000926449, No Iterations 4
GAMG:  Solving for p, Initial residual = 0.0153632, Final residual = 0.000135999, No Iterations 18
GAMG:  Solving for p, Initial residual = 0.00715669, Final residual = 6.60351e-05, No Iterations 4
time step continuity errors : sum local = 8.83099e-07, global = 3.27874e-07, cumulative = 3.27874e-07
GAMG:  Solving for p, Initial residual = 0.0525449, Final residual = 0.000388615, No Iterations 4
GAMG:  Solving for p, Initial residual = 0.00766531, Final residual = 6.72989e-05, No Iterations 16
GAMG:  Solving for p, Initial residual = 0.00360171, Final residual = 2.94479e-05, No Iterations 10
time step continuity errors : sum local = 3.95622e-07, global = 1.02003e-07, cumulative = 4.29876e-07
PIMPLE: iteration 2
DILUPBiCG:  Solving for Ux, Initial residual = 0.0166734, Final residual = 0.000102065, No Iterations 1
DILUPBiCG:  Solving for Uy, Initial residual = 0.00328898, Final residual = 6.8289e-06, No Iterations 1
DILUPBiCG:  Solving for Uz, Initial residual = 0.00280777, Final residual = 9.6539e-06, No Iterations 1
GAMG:  Solving for p, Initial residual = 0.0517859, Final residual = 0.000483016, No Iterations 4
GAMG:  Solving for p, Initial residual = 0.00982688, Final residual = 8.38968e-05, No Iterations 16
GAMG:  Solving for p, Initial residual = 0.00444966, Final residual = 4.2175e-05, No Iterations 4
time step continuity errors : sum local = 4.91058e-07, global = -1.86786e-07, cumulative = 2.43091e-07
GAMG:  Solving for p, Initial residual = 0.027053, Final residual = 0.000227282, No Iterations 4
GAMG:  Solving for p, Initial residual = 0.00515621, Final residual = 5.00998e-05, No Iterations 12
GAMG:  Solving for p, Initial residual = 0.0020914, Final residual = 1.87353e-05, No Iterations 10
time step continuity errors : sum local = 2.18944e-07, global = -5.52107e-08, cumulative = 1.8788e-07
PIMPLE: iteration 3
DILUPBiCG:  Solving for Ux, Initial residual = 0.00365732, Final residual = 3.11438e-06, No Iterations 2
DILUPBiCG:  Solving for Uy, Initial residual = 0.000749579, Final residual = 5.01877e-06, No Iterations 1
DILUPBiCG:  Solving for Uz, Initial residual = 0.00573175, Final residual = 2.83364e-06, No Iterations 2
GAMG:  Solving for p, Initial residual = 0.0434364, Final residual = 0.000332321, No Iterations 5
GAMG:  Solving for p, Initial residual = 0.00979287, Final residual = 8.9782e-05, No Iterations 14
GAMG:  Solving for p, Initial residual = 0.00492941, Final residual = 4.62706e-05, No Iterations 10
time step continuity errors : sum local = 6.05075e-07, global = -1.59146e-07, cumulative = 2.87336e-08
GAMG:  Solving for p, Initial residual = 0.00244228, Final residual = 2.16779e-05, No Iterations 8
GAMG:  Solving for p, Initial residual = 0.00128905, Final residual = 8.5192e-06, No Iterations 5
GAMG:  Solving for p, Initial residual = 0.000525066, Final residual = 8.76287e-07, No Iterations 28
time step continuity errors : sum local = 1.13456e-08, global = 3.41748e-09, cumulative = 3.2151e-08
DILUPBiCG:  Solving for omega, Initial residual = 0.00103585, Final residual = 7.31274e-07, No Iterations 1
DILUPBiCG:  Solving for k, Initial residual = 0.00363211, Final residual = 6.69805e-07, No Iterations 2
bounding k, min: 0 max: 0.000642876 average: 0.000152485
ExecutionTime = 17.18 s  ClockTime = 17 s

End

