/*---------------------------------------------------------------------------*\
| =========                 |                                                 |
| \\      /  F ield         | OpenFOAM: The Open Source CFD Toolbox           |
|  \\    /   O peration     | Version:  2.3.1                                 |
|   \\  /    A nd           | Web:      www.OpenFOAM.org                      |
|    \\/     M anipulation  |                                                 |
\*---------------------------------------------------------------------------*/
Build  : 2.3.1-262087cdf8db
Exec   : pimpleDyMFoam
Date   : Jun 06 2023
Time   : 02:30:39
Host   : "jcosson-VirtualBox"
PID    : 817
Case   : /home/jcosson/workspace/henersj_shootingdata/calcs/moderate_deformed/primal/100_intervals_05-06-23/sweep64/interval71
nProcs : 1
sigFpe : Enabling floating point exception trapping (FOAM_SIGFPE).
fileModificationChecking : Monitoring run-time modified files using timeStampMaster
allowSystemOperations : Allowing user-supplied system call operations

// * * * * * * * * * * * * * * * * * * * * * * * * * * * * * * * * * * * * * //
Create time

Create mesh for time = 0.47

Selecting dynamicFvMesh dynamicMotionSolverFvMesh
Selecting motion solver: displacementLaplacian
Selecting motion diffusion: quadratic
Selecting motion diffusion: quadratic
Selecting motion diffusion: inverseDistance

PIMPLE: no residual control data found. Calculations will employ 3 corrector loops

Reading field p

Reading field U

Reading/calculating face flux field phi

Selecting incompressible transport model Newtonian
Selecting turbulence model type RASModel
Selecting RAS turbulence model kOmegaSST
kOmegaSSTCoeffs
{
    alphaK1         0.85034;
    alphaK2         1;
    alphaOmega1     0.5;
    alphaOmega2     0.85616;
    gamma1          0.5532;
    gamma2          0.4403;
    beta1           0.075;
    beta2           0.0828;
    betaStar        0.09;
    a1              0.31;
    c1              10;
    Cmu             0.09;
    b1              1;
    F3              false;
}

Reading/calculating face velocity Uf

No finite volume options present

Courant Number mean: 0.217073 max: 0.481961

Starting time loop

Courant Number mean: 0.217073 max: 0.481961
Time = 0.471

GAMG:  Solving for cellDisplacementx, Initial residual = 0, Final residual = 0, No Iterations 0
GAMG:  Solving for cellDisplacementy, Initial residual = 0, Final residual = 0, No Iterations 0
GAMG:  Solving for cellDisplacementz, Initial residual = 0, Final residual = 0, No Iterations 0
PIMPLE: iteration 1
DILUPBiCG:  Solving for Ux, Initial residual = 0.0492674, Final residual = 0.000203412, No Iterations 1
DILUPBiCG:  Solving for Uy, Initial residual = 0.00806323, Final residual = 1.88737e-05, No Iterations 1
DILUPBiCG:  Solving for Uz, Initial residual = 0.0127968, Final residual = 2.8682e-05, No Iterations 1
GAMG:  Solving for p, Initial residual = 0.129694, Final residual = 0.00101793, No Iterations 6
GAMG:  Solving for p, Initial residual = 0.0150045, Final residual = 0.000149028, No Iterations 18
GAMG:  Solving for p, Initial residual = 0.00651793, Final residual = 5.92399e-05, No Iterations 12
time step continuity errors : sum local = 8.44679e-07, global = 2.54304e-07, cumulative = 2.54304e-07
GAMG:  Solving for p, Initial residual = 0.0547305, Final residual = 0.000342159, No Iterations 6
GAMG:  Solving for p, Initial residual = 0.00758516, Final residual = 7.13602e-05, No Iterations 16
GAMG:  Solving for p, Initial residual = 0.00339124, Final residual = 2.94628e-05, No Iterations 12
time step continuity errors : sum local = 4.19713e-07, global = 1.2563e-07, cumulative = 3.79934e-07
PIMPLE: iteration 2
DILUPBiCG:  Solving for Ux, Initial residual = 0.0144237, Final residual = 8.24573e-05, No Iterations 1
DILUPBiCG:  Solving for Uy, Initial residual = 0.00248949, Final residual = 5.77825e-06, No Iterations 1
DILUPBiCG:  Solving for Uz, Initial residual = 0.00364857, Final residual = 1.20548e-05, No Iterations 1
GAMG:  Solving for p, Initial residual = 0.0552205, Final residual = 0.000471931, No Iterations 4
GAMG:  Solving for p, Initial residual = 0.00898667, Final residual = 8.44805e-05, No Iterations 16
GAMG:  Solving for p, Initial residual = 0.00409749, Final residual = 3.94732e-05, No Iterations 8
time step continuity errors : sum local = 4.7846e-07, global = -1.4461e-07, cumulative = 2.35324e-07
GAMG:  Solving for p, Initial residual = 0.0283544, Final residual = 0.000205, No Iterations 4
GAMG:  Solving for p, Initial residual = 0.00443961, Final residual = 3.87789e-05, No Iterations 14
GAMG:  Solving for p, Initial residual = 0.00191779, Final residual = 1.87743e-05, No Iterations 8
time step continuity errors : sum local = 2.28823e-07, global = -6.42611e-08, cumulative = 1.71063e-07
PIMPLE: iteration 3
DILUPBiCG:  Solving for Ux, Initial residual = 0.00359319, Final residual = 1.66196e-06, No Iterations 2
DILUPBiCG:  Solving for Uy, Initial residual = 0.000619628, Final residual = 6.83909e-06, No Iterations 1
DILUPBiCG:  Solving for Uz, Initial residual = 0.00712473, Final residual = 2.77389e-06, No Iterations 2
GAMG:  Solving for p, Initial residual = 0.0402743, Final residual = 0.000327814, No Iterations 5
GAMG:  Solving for p, Initial residual = 0.00905627, Final residual = 8.76092e-05, No Iterations 13
GAMG:  Solving for p, Initial residual = 0.00436457, Final residual = 4.35248e-05, No Iterations 10
time step continuity errors : sum local = 5.92324e-07, global = -1.54218e-07, cumulative = 1.68445e-08
GAMG:  Solving for p, Initial residual = 0.00247592, Final residual = 2.13383e-05, No Iterations 18
GAMG:  Solving for p, Initial residual = 0.00136395, Final residual = 1.14866e-05, No Iterations 4
GAMG:  Solving for p, Initial residual = 0.000546711, Final residual = 9.43928e-07, No Iterations 34
time step continuity errors : sum local = 1.27875e-08, global = 3.7561e-09, cumulative = 2.06006e-08
DILUPBiCG:  Solving for omega, Initial residual = 0.000497667, Final residual = 6.09775e-07, No Iterations 1
DILUPBiCG:  Solving for k, Initial residual = 0.00465083, Final residual = 1.62695e-06, No Iterations 2
ExecutionTime = 19.03 s  ClockTime = 19 s

End

