/*---------------------------------------------------------------------------*\
| =========                 |                                                 |
| \\      /  F ield         | OpenFOAM: The Open Source CFD Toolbox           |
|  \\    /   O peration     | Version:  2.3.1                                 |
|   \\  /    A nd           | Web:      www.OpenFOAM.org                      |
|    \\/     M anipulation  |                                                 |
\*---------------------------------------------------------------------------*/
Build  : 2.3.1-262087cdf8db
Exec   : pimpleDyMFoam
Date   : Jun 06 2023
Time   : 03:09:57
Host   : "jcosson-VirtualBox"
PID    : 20537
Case   : /home/jcosson/workspace/henersj_shootingdata/calcs/moderate_deformed/primal/100_intervals_05-06-23/sweep98/interval98
nProcs : 1
sigFpe : Enabling floating point exception trapping (FOAM_SIGFPE).
fileModificationChecking : Monitoring run-time modified files using timeStampMaster
allowSystemOperations : Allowing user-supplied system call operations

// * * * * * * * * * * * * * * * * * * * * * * * * * * * * * * * * * * * * * //
Create time

Create mesh for time = 0.497

Selecting dynamicFvMesh dynamicMotionSolverFvMesh
Selecting motion solver: displacementLaplacian
Selecting motion diffusion: quadratic
Selecting motion diffusion: quadratic
Selecting motion diffusion: inverseDistance

PIMPLE: no residual control data found. Calculations will employ 3 corrector loops

Reading field p

Reading field U

Reading/calculating face flux field phi

Selecting incompressible transport model Newtonian
Selecting turbulence model type RASModel
Selecting RAS turbulence model kOmegaSST
bounding k, min: 0 max: 0.000514576 average: 0.000143041
kOmegaSSTCoeffs
{
    alphaK1         0.85034;
    alphaK2         1;
    alphaOmega1     0.5;
    alphaOmega2     0.85616;
    gamma1          0.5532;
    gamma2          0.4403;
    beta1           0.075;
    beta2           0.0828;
    betaStar        0.09;
    a1              0.31;
    c1              10;
    Cmu             0.09;
    b1              1;
    F3              false;
}

Reading/calculating face velocity Uf

No finite volume options present

Courant Number mean: 0.0998488 max: 0.21706

Starting time loop

Courant Number mean: 0.0998488 max: 0.21706
Time = 0.498

GAMG:  Solving for cellDisplacementx, Initial residual = 0, Final residual = 0, No Iterations 0
GAMG:  Solving for cellDisplacementy, Initial residual = 0, Final residual = 0, No Iterations 0
GAMG:  Solving for cellDisplacementz, Initial residual = 0, Final residual = 0, No Iterations 0
PIMPLE: iteration 1
DILUPBiCG:  Solving for Ux, Initial residual = 0.0203818, Final residual = 8.17126e-05, No Iterations 1
DILUPBiCG:  Solving for Uy, Initial residual = 0.00444885, Final residual = 9.03221e-06, No Iterations 1
DILUPBiCG:  Solving for Uz, Initial residual = 0.00866662, Final residual = 1.6453e-05, No Iterations 1
GAMG:  Solving for p, Initial residual = 0.095276, Final residual = 0.000899495, No Iterations 3
GAMG:  Solving for p, Initial residual = 0.0137545, Final residual = 7.65627e-05, No Iterations 5
GAMG:  Solving for p, Initial residual = 0.00636513, Final residual = 5.22754e-05, No Iterations 4
time step continuity errors : sum local = 2.10616e-07, global = -4.84675e-08, cumulative = -4.84675e-08
GAMG:  Solving for p, Initial residual = 0.0470622, Final residual = 0.000451491, No Iterations 3
GAMG:  Solving for p, Initial residual = 0.00693274, Final residual = 3.40605e-05, No Iterations 5
GAMG:  Solving for p, Initial residual = 0.00318073, Final residual = 2.38405e-05, No Iterations 4
time step continuity errors : sum local = 9.60649e-08, global = -2.0466e-08, cumulative = -6.89335e-08
PIMPLE: iteration 2
DILUPBiCG:  Solving for Ux, Initial residual = 0.0045429, Final residual = 3.04017e-05, No Iterations 1
DILUPBiCG:  Solving for Uy, Initial residual = 0.00101362, Final residual = 2.20576e-06, No Iterations 1
DILUPBiCG:  Solving for Uz, Initial residual = 0.00312239, Final residual = 0.000188975, No Iterations 1
GAMG:  Solving for p, Initial residual = 0.044429, Final residual = 0.000391552, No Iterations 6
GAMG:  Solving for p, Initial residual = 0.0215644, Final residual = 0.000197613, No Iterations 7
GAMG:  Solving for p, Initial residual = 0.00468166, Final residual = 4.26543e-05, No Iterations 19
time step continuity errors : sum local = 1.49747e-07, global = -4.22301e-08, cumulative = -1.11164e-07
GAMG:  Solving for p, Initial residual = 0.0236091, Final residual = 0.000182073, No Iterations 6
GAMG:  Solving for p, Initial residual = 0.0107454, Final residual = 9.86488e-05, No Iterations 6
GAMG:  Solving for p, Initial residual = 0.00215044, Final residual = 1.88908e-05, No Iterations 20
time step continuity errors : sum local = 6.62743e-08, global = -1.87571e-08, cumulative = -1.29921e-07
PIMPLE: iteration 3
DILUPBiCG:  Solving for Ux, Initial residual = 0.000572548, Final residual = 7.92517e-06, No Iterations 1
DILUPBiCG:  Solving for Uy, Initial residual = 0.000149815, Final residual = 1.71062e-06, No Iterations 1
DILUPBiCG:  Solving for Uz, Initial residual = 0.00193215, Final residual = 1.18099e-06, No Iterations 2
GAMG:  Solving for p, Initial residual = 0.0702898, Final residual = 0.000444529, No Iterations 5
GAMG:  Solving for p, Initial residual = 0.0131088, Final residual = 0.000123101, No Iterations 16
GAMG:  Solving for p, Initial residual = 0.00894621, Final residual = 7.6028e-05, No Iterations 8
time step continuity errors : sum local = 2.88202e-07, global = -7.08751e-08, cumulative = -2.00796e-07
GAMG:  Solving for p, Initial residual = 0.00302231, Final residual = 2.33972e-05, No Iterations 8
GAMG:  Solving for p, Initial residual = 0.0016351, Final residual = 1.56249e-05, No Iterations 4
GAMG:  Solving for p, Initial residual = 0.0005731, Final residual = 9.29273e-07, No Iterations 31
time step continuity errors : sum local = 3.47227e-09, global = 1.04896e-09, cumulative = -1.99747e-07
DILUPBiCG:  Solving for omega, Initial residual = 0.00128133, Final residual = 6.58642e-07, No Iterations 1
DILUPBiCG:  Solving for k, Initial residual = 0.00300298, Final residual = 7.39708e-07, No Iterations 2
bounding k, min: 0 max: 0.00050886 average: 0.000142438
ExecutionTime = 4.42 s  ClockTime = 5 s

End

