/*---------------------------------------------------------------------------*\
| =========                 |                                                 |
| \\      /  F ield         | OpenFOAM: The Open Source CFD Toolbox           |
|  \\    /   O peration     | Version:  2.3.1                                 |
|   \\  /    A nd           | Web:      www.OpenFOAM.org                      |
|    \\/     M anipulation  |                                                 |
\*---------------------------------------------------------------------------*/
Build  : 2.3.1-262087cdf8db
Exec   : pimpleDyMFoam
Date   : Jun 06 2023
Time   : 01:54:58
Host   : "jcosson-VirtualBox"
PID    : 15291
Case   : /home/jcosson/workspace/henersj_shootingdata/calcs/moderate_deformed/primal/100_intervals_05-06-23/sweep47/interval47
nProcs : 1
sigFpe : Enabling floating point exception trapping (FOAM_SIGFPE).
fileModificationChecking : Monitoring run-time modified files using timeStampMaster
allowSystemOperations : Allowing user-supplied system call operations

// * * * * * * * * * * * * * * * * * * * * * * * * * * * * * * * * * * * * * //
Create time

Create mesh for time = 0.446

Selecting dynamicFvMesh dynamicMotionSolverFvMesh
Selecting motion solver: displacementLaplacian
Selecting motion diffusion: quadratic
Selecting motion diffusion: quadratic
Selecting motion diffusion: inverseDistance

PIMPLE: no residual control data found. Calculations will employ 3 corrector loops

Reading field p

Reading field U

Reading/calculating face flux field phi

Selecting incompressible transport model Newtonian
Selecting turbulence model type RASModel
Selecting RAS turbulence model kOmegaSST
kOmegaSSTCoeffs
{
    alphaK1         0.85034;
    alphaK2         1;
    alphaOmega1     0.5;
    alphaOmega2     0.85616;
    gamma1          0.5532;
    gamma2          0.4403;
    beta1           0.075;
    beta2           0.0828;
    betaStar        0.09;
    a1              0.31;
    c1              10;
    Cmu             0.09;
    b1              1;
    F3              false;
}

Reading/calculating face velocity Uf

No finite volume options present

Courant Number mean: 0.277133 max: 0.613354

Starting time loop

Courant Number mean: 0.277133 max: 0.613354
Time = 0.447

GAMG:  Solving for cellDisplacementx, Initial residual = 0, Final residual = 0, No Iterations 0
GAMG:  Solving for cellDisplacementy, Initial residual = 0, Final residual = 0, No Iterations 0
GAMG:  Solving for cellDisplacementz, Initial residual = 0, Final residual = 0, No Iterations 0
PIMPLE: iteration 1
DILUPBiCG:  Solving for Ux, Initial residual = 0.0119595, Final residual = 4.7558e-05, No Iterations 1
DILUPBiCG:  Solving for Uy, Initial residual = 0.00188819, Final residual = 7.56776e-06, No Iterations 1
DILUPBiCG:  Solving for Uz, Initial residual = 0.0106288, Final residual = 2.46059e-05, No Iterations 1
GAMG:  Solving for p, Initial residual = 0.126843, Final residual = 0.00103414, No Iterations 3
GAMG:  Solving for p, Initial residual = 0.0191044, Final residual = 0.000162053, No Iterations 4
GAMG:  Solving for p, Initial residual = 0.0077744, Final residual = 7.68366e-05, No Iterations 6
time step continuity errors : sum local = 3.87373e-07, global = 1.71818e-07, cumulative = 1.71818e-07
GAMG:  Solving for p, Initial residual = 0.0606915, Final residual = 0.000531412, No Iterations 3
GAMG:  Solving for p, Initial residual = 0.0092857, Final residual = 6.38894e-05, No Iterations 4
GAMG:  Solving for p, Initial residual = 0.00387085, Final residual = 3.56558e-05, No Iterations 5
time step continuity errors : sum local = 1.81043e-07, global = -4.0586e-08, cumulative = 1.31232e-07
PIMPLE: iteration 2
DILUPBiCG:  Solving for Ux, Initial residual = 0.00307828, Final residual = 1.70458e-05, No Iterations 1
DILUPBiCG:  Solving for Uy, Initial residual = 0.000501445, Final residual = 6.73679e-06, No Iterations 1
DILUPBiCG:  Solving for Uz, Initial residual = 0.00351725, Final residual = 1.67637e-05, No Iterations 1
GAMG:  Solving for p, Initial residual = 0.06096, Final residual = 0.000509958, No Iterations 5
GAMG:  Solving for p, Initial residual = 0.0200072, Final residual = 0.000168, No Iterations 9
GAMG:  Solving for p, Initial residual = 0.00580232, Final residual = 5.47685e-05, No Iterations 14
time step continuity errors : sum local = 2.41233e-07, global = 7.15852e-08, cumulative = 2.02817e-07
GAMG:  Solving for p, Initial residual = 0.0323119, Final residual = 0.000288488, No Iterations 4
GAMG:  Solving for p, Initial residual = 0.0092372, Final residual = 9.14438e-05, No Iterations 8
GAMG:  Solving for p, Initial residual = 0.00276786, Final residual = 2.76353e-05, No Iterations 14
time step continuity errors : sum local = 1.22428e-07, global = 3.55422e-08, cumulative = 2.38359e-07
PIMPLE: iteration 3
DILUPBiCG:  Solving for Ux, Initial residual = 0.000514159, Final residual = 5.39487e-06, No Iterations 1
DILUPBiCG:  Solving for Uy, Initial residual = 9.30123e-05, Final residual = 2.09289e-06, No Iterations 1
DILUPBiCG:  Solving for Uz, Initial residual = 0.0025699, Final residual = 4.39789e-06, No Iterations 2
GAMG:  Solving for p, Initial residual = 0.0632977, Final residual = 0.00041186, No Iterations 5
GAMG:  Solving for p, Initial residual = 0.0162951, Final residual = 0.000150247, No Iterations 12
GAMG:  Solving for p, Initial residual = 0.00777525, Final residual = 7.42267e-05, No Iterations 10
time step continuity errors : sum local = 3.55809e-07, global = 9.62174e-08, cumulative = 3.34576e-07
GAMG:  Solving for p, Initial residual = 0.0048161, Final residual = 4.63149e-05, No Iterations 8
GAMG:  Solving for p, Initial residual = 0.00282669, Final residual = 2.62106e-05, No Iterations 5
GAMG:  Solving for p, Initial residual = 0.000887111, Final residual = 9.3725e-07, No Iterations 40
time step continuity errors : sum local = 4.46612e-09, global = -1.32287e-09, cumulative = 3.33253e-07
DILUPBiCG:  Solving for omega, Initial residual = 0.00115568, Final residual = 1.54573e-06, No Iterations 1
DILUPBiCG:  Solving for k, Initial residual = 0.00595214, Final residual = 9.0099e-07, No Iterations 2
ExecutionTime = 16.58 s  ClockTime = 16 s

End

