/*---------------------------------------------------------------------------*\
| =========                 |                                                 |
| \\      /  F ield         | OpenFOAM: The Open Source CFD Toolbox           |
|  \\    /   O peration     | Version:  2.3.1                                 |
|   \\  /    A nd           | Web:      www.OpenFOAM.org                      |
|    \\/     M anipulation  |                                                 |
\*---------------------------------------------------------------------------*/
Build  : 2.3.1-262087cdf8db
Exec   : pimpleDyMFoam
Date   : Jun 06 2023
Time   : 02:23:30
Host   : "jcosson-VirtualBox"
PID    : 29559
Case   : /home/jcosson/workspace/henersj_shootingdata/calcs/moderate_deformed/primal/100_intervals_05-06-23/sweep60/interval82
nProcs : 1
sigFpe : Enabling floating point exception trapping (FOAM_SIGFPE).
fileModificationChecking : Monitoring run-time modified files using timeStampMaster
allowSystemOperations : Allowing user-supplied system call operations

// * * * * * * * * * * * * * * * * * * * * * * * * * * * * * * * * * * * * * //
Create time

Create mesh for time = 0.481

Selecting dynamicFvMesh dynamicMotionSolverFvMesh
Selecting motion solver: displacementLaplacian
Selecting motion diffusion: quadratic
Selecting motion diffusion: quadratic
Selecting motion diffusion: inverseDistance

PIMPLE: no residual control data found. Calculations will employ 3 corrector loops

Reading field p

Reading field U

Reading/calculating face flux field phi

Selecting incompressible transport model Newtonian
Selecting turbulence model type RASModel
Selecting RAS turbulence model kOmegaSST
bounding k, min: 0 max: 0.000701542 average: 0.000157391
kOmegaSSTCoeffs
{
    alphaK1         0.85034;
    alphaK2         1;
    alphaOmega1     0.5;
    alphaOmega2     0.85616;
    gamma1          0.5532;
    gamma2          0.4403;
    beta1           0.075;
    beta2           0.0828;
    betaStar        0.09;
    a1              0.31;
    c1              10;
    Cmu             0.09;
    b1              1;
    F3              false;
}

Reading/calculating face velocity Uf

No finite volume options present

Courant Number mean: 0.155668 max: 0.341108

Starting time loop

Courant Number mean: 0.155668 max: 0.341108
Time = 0.482

GAMG:  Solving for cellDisplacementx, Initial residual = 0, Final residual = 0, No Iterations 0
GAMG:  Solving for cellDisplacementy, Initial residual = 0, Final residual = 0, No Iterations 0
GAMG:  Solving for cellDisplacementz, Initial residual = 0, Final residual = 0, No Iterations 0
PIMPLE: iteration 1
DILUPBiCG:  Solving for Ux, Initial residual = 0.0645866, Final residual = 0.000257845, No Iterations 1
DILUPBiCG:  Solving for Uy, Initial residual = 0.0116, Final residual = 2.50066e-05, No Iterations 1
DILUPBiCG:  Solving for Uz, Initial residual = 0.0118137, Final residual = 1.77936e-05, No Iterations 1
GAMG:  Solving for p, Initial residual = 0.119629, Final residual = 0.00110444, No Iterations 4
GAMG:  Solving for p, Initial residual = 0.014753, Final residual = 0.000125666, No Iterations 20
GAMG:  Solving for p, Initial residual = 0.00683085, Final residual = 5.82142e-05, No Iterations 10
time step continuity errors : sum local = 8.66284e-07, global = 2.27449e-07, cumulative = 2.27449e-07
GAMG:  Solving for p, Initial residual = 0.0522859, Final residual = 0.000431713, No Iterations 4
GAMG:  Solving for p, Initial residual = 0.00737929, Final residual = 7.1029e-05, No Iterations 16
GAMG:  Solving for p, Initial residual = 0.00343875, Final residual = 2.90157e-05, No Iterations 12
time step continuity errors : sum local = 4.32699e-07, global = 1.28906e-07, cumulative = 3.56355e-07
PIMPLE: iteration 2
DILUPBiCG:  Solving for Ux, Initial residual = 0.0175933, Final residual = 0.000108343, No Iterations 1
DILUPBiCG:  Solving for Uy, Initial residual = 0.00331502, Final residual = 7.05575e-06, No Iterations 1
DILUPBiCG:  Solving for Uz, Initial residual = 0.00301604, Final residual = 1.13032e-05, No Iterations 1
GAMG:  Solving for p, Initial residual = 0.0518606, Final residual = 0.000474726, No Iterations 4
GAMG:  Solving for p, Initial residual = 0.00914885, Final residual = 8.30388e-05, No Iterations 16
GAMG:  Solving for p, Initial residual = 0.00404515, Final residual = 4.00038e-05, No Iterations 8
time step continuity errors : sum local = 5.15091e-07, global = -1.26087e-07, cumulative = 2.30267e-07
GAMG:  Solving for p, Initial residual = 0.0269055, Final residual = 0.000215497, No Iterations 4
GAMG:  Solving for p, Initial residual = 0.00463967, Final residual = 3.98644e-05, No Iterations 14
GAMG:  Solving for p, Initial residual = 0.00191159, Final residual = 1.68618e-05, No Iterations 10
time step continuity errors : sum local = 2.18029e-07, global = -5.51393e-08, cumulative = 1.75128e-07
PIMPLE: iteration 3
DILUPBiCG:  Solving for Ux, Initial residual = 0.00401213, Final residual = 3.14603e-06, No Iterations 2
DILUPBiCG:  Solving for Uy, Initial residual = 0.000772875, Final residual = 5.39745e-06, No Iterations 1
DILUPBiCG:  Solving for Uz, Initial residual = 0.0063566, Final residual = 3.71823e-06, No Iterations 2
GAMG:  Solving for p, Initial residual = 0.0419535, Final residual = 0.000352636, No Iterations 5
GAMG:  Solving for p, Initial residual = 0.00950774, Final residual = 8.83466e-05, No Iterations 12
GAMG:  Solving for p, Initial residual = 0.00458377, Final residual = 4.3176e-05, No Iterations 10
time step continuity errors : sum local = 6.24682e-07, global = -1.62398e-07, cumulative = 1.27304e-08
GAMG:  Solving for p, Initial residual = 0.00239414, Final residual = 2.10099e-05, No Iterations 12
GAMG:  Solving for p, Initial residual = 0.00129149, Final residual = 1.21592e-05, No Iterations 4
GAMG:  Solving for p, Initial residual = 0.000526706, Final residual = 9.67209e-07, No Iterations 30
time step continuity errors : sum local = 1.38758e-08, global = 4.14782e-09, cumulative = 1.68782e-08
DILUPBiCG:  Solving for omega, Initial residual = 0.000880196, Final residual = 7.20122e-07, No Iterations 1
DILUPBiCG:  Solving for k, Initial residual = 0.003886, Final residual = 8.97854e-07, No Iterations 2
bounding k, min: 0 max: 0.000690495 average: 0.000156365
ExecutionTime = 17.64 s  ClockTime = 18 s

End

