/*---------------------------------------------------------------------------*\
| =========                 |                                                 |
| \\      /  F ield         | OpenFOAM: The Open Source CFD Toolbox           |
|  \\    /   O peration     | Version:  2.3.1                                 |
|   \\  /    A nd           | Web:      www.OpenFOAM.org                      |
|    \\/     M anipulation  |                                                 |
\*---------------------------------------------------------------------------*/
Build  : 2.3.1-262087cdf8db
Exec   : pimpleDyMFoam
Date   : Jun 06 2023
Time   : 02:23:29
Host   : "jcosson-VirtualBox"
PID    : 29544
Case   : /home/jcosson/workspace/henersj_shootingdata/calcs/moderate_deformed/primal/100_intervals_05-06-23/sweep60/interval75
nProcs : 1
sigFpe : Enabling floating point exception trapping (FOAM_SIGFPE).
fileModificationChecking : Monitoring run-time modified files using timeStampMaster
allowSystemOperations : Allowing user-supplied system call operations

// * * * * * * * * * * * * * * * * * * * * * * * * * * * * * * * * * * * * * //
Create time

Create mesh for time = 0.474

Selecting dynamicFvMesh dynamicMotionSolverFvMesh
Selecting motion solver: displacementLaplacian
Selecting motion diffusion: quadratic
Selecting motion diffusion: quadratic
Selecting motion diffusion: inverseDistance

PIMPLE: no residual control data found. Calculations will employ 3 corrector loops

Reading field p

Reading field U

Reading/calculating face flux field phi

Selecting incompressible transport model Newtonian
Selecting turbulence model type RASModel
Selecting RAS turbulence model kOmegaSST
kOmegaSSTCoeffs
{
    alphaK1         0.85034;
    alphaK2         1;
    alphaOmega1     0.5;
    alphaOmega2     0.85616;
    gamma1          0.5532;
    gamma2          0.4403;
    beta1           0.075;
    beta2           0.0828;
    betaStar        0.09;
    a1              0.31;
    c1              10;
    Cmu             0.09;
    b1              1;
    F3              false;
}

Reading/calculating face velocity Uf

No finite volume options present

Courant Number mean: 0.19472 max: 0.430839

Starting time loop

Courant Number mean: 0.19472 max: 0.430839
Time = 0.475

GAMG:  Solving for cellDisplacementx, Initial residual = 0, Final residual = 0, No Iterations 0
GAMG:  Solving for cellDisplacementy, Initial residual = 0, Final residual = 0, No Iterations 0
GAMG:  Solving for cellDisplacementz, Initial residual = 0, Final residual = 0, No Iterations 0
PIMPLE: iteration 1
DILUPBiCG:  Solving for Ux, Initial residual = 0.0571697, Final residual = 0.000234874, No Iterations 1
DILUPBiCG:  Solving for Uy, Initial residual = 0.00959302, Final residual = 2.18944e-05, No Iterations 1
DILUPBiCG:  Solving for Uz, Initial residual = 0.0119058, Final residual = 2.53221e-05, No Iterations 1
GAMG:  Solving for p, Initial residual = 0.124327, Final residual = 0.000922296, No Iterations 6
GAMG:  Solving for p, Initial residual = 0.0144981, Final residual = 0.000139083, No Iterations 18
GAMG:  Solving for p, Initial residual = 0.00635924, Final residual = 5.54089e-05, No Iterations 12
time step continuity errors : sum local = 8.45088e-07, global = 2.54437e-07, cumulative = 2.54437e-07
GAMG:  Solving for p, Initial residual = 0.0531831, Final residual = 0.000516618, No Iterations 4
GAMG:  Solving for p, Initial residual = 0.00734722, Final residual = 6.9644e-05, No Iterations 18
GAMG:  Solving for p, Initial residual = 0.00340645, Final residual = 2.80022e-05, No Iterations 12
time step continuity errors : sum local = 4.27444e-07, global = 1.28087e-07, cumulative = 3.82525e-07
PIMPLE: iteration 2
DILUPBiCG:  Solving for Ux, Initial residual = 0.016313, Final residual = 9.73905e-05, No Iterations 1
DILUPBiCG:  Solving for Uy, Initial residual = 0.00288531, Final residual = 6.48105e-06, No Iterations 1
DILUPBiCG:  Solving for Uz, Initial residual = 0.00343583, Final residual = 1.2275e-05, No Iterations 1
GAMG:  Solving for p, Initial residual = 0.0532597, Final residual = 0.00047721, No Iterations 4
GAMG:  Solving for p, Initial residual = 0.00879134, Final residual = 8.5156e-05, No Iterations 16
GAMG:  Solving for p, Initial residual = 0.00395998, Final residual = 3.56446e-05, No Iterations 10
time step continuity errors : sum local = 4.65332e-07, global = -1.25387e-07, cumulative = 2.57138e-07
GAMG:  Solving for p, Initial residual = 0.0274448, Final residual = 0.000209155, No Iterations 4
GAMG:  Solving for p, Initial residual = 0.0043797, Final residual = 3.96624e-05, No Iterations 14
GAMG:  Solving for p, Initial residual = 0.00186181, Final residual = 1.72353e-05, No Iterations 10
time step continuity errors : sum local = 2.26174e-07, global = -5.91904e-08, cumulative = 1.97947e-07
PIMPLE: iteration 3
DILUPBiCG:  Solving for Ux, Initial residual = 0.00393904, Final residual = 2.31295e-06, No Iterations 2
DILUPBiCG:  Solving for Uy, Initial residual = 0.000699739, Final residual = 6.36039e-06, No Iterations 1
DILUPBiCG:  Solving for Uz, Initial residual = 0.00720483, Final residual = 3.43573e-06, No Iterations 2
GAMG:  Solving for p, Initial residual = 0.0405405, Final residual = 0.000363433, No Iterations 5
GAMG:  Solving for p, Initial residual = 0.00920253, Final residual = 7.45649e-05, No Iterations 11
GAMG:  Solving for p, Initial residual = 0.00435619, Final residual = 4.30655e-05, No Iterations 4
time step continuity errors : sum local = 6.31235e-07, global = -2.15197e-07, cumulative = -1.72497e-08
GAMG:  Solving for p, Initial residual = 0.002392, Final residual = 2.24049e-05, No Iterations 16
GAMG:  Solving for p, Initial residual = 0.00128978, Final residual = 1.11469e-05, No Iterations 4
GAMG:  Solving for p, Initial residual = 0.000531922, Final residual = 8.54666e-07, No Iterations 30
time step continuity errors : sum local = 1.2461e-08, global = 3.69801e-09, cumulative = -1.35517e-08
DILUPBiCG:  Solving for omega, Initial residual = 0.000603127, Final residual = 6.26801e-07, No Iterations 1
DILUPBiCG:  Solving for k, Initial residual = 0.00431687, Final residual = 1.54368e-06, No Iterations 2
ExecutionTime = 17.77 s  ClockTime = 18 s

End

