/*---------------------------------------------------------------------------*\
| =========                 |                                                 |
| \\      /  F ield         | OpenFOAM: The Open Source CFD Toolbox           |
|  \\    /   O peration     | Version:  2.3.1                                 |
|   \\  /    A nd           | Web:      www.OpenFOAM.org                      |
|    \\/     M anipulation  |                                                 |
\*---------------------------------------------------------------------------*/
Build  : 2.3.1-262087cdf8db
Exec   : pimpleDyMFoam
Date   : Jun 06 2023
Time   : 02:23:11
Host   : "jcosson-VirtualBox"
PID    : 29535
Case   : /home/jcosson/workspace/henersj_shootingdata/calcs/moderate_deformed/primal/100_intervals_05-06-23/sweep60/interval73
nProcs : 1
sigFpe : Enabling floating point exception trapping (FOAM_SIGFPE).
fileModificationChecking : Monitoring run-time modified files using timeStampMaster
allowSystemOperations : Allowing user-supplied system call operations

// * * * * * * * * * * * * * * * * * * * * * * * * * * * * * * * * * * * * * //
Create time

Create mesh for time = 0.472

Selecting dynamicFvMesh dynamicMotionSolverFvMesh
Selecting motion solver: displacementLaplacian
Selecting motion diffusion: quadratic
Selecting motion diffusion: quadratic
Selecting motion diffusion: inverseDistance

PIMPLE: no residual control data found. Calculations will employ 3 corrector loops

Reading field p

Reading field U

Reading/calculating face flux field phi

Selecting incompressible transport model Newtonian
Selecting turbulence model type RASModel
Selecting RAS turbulence model kOmegaSST
kOmegaSSTCoeffs
{
    alphaK1         0.85034;
    alphaK2         1;
    alphaOmega1     0.5;
    alphaOmega2     0.85616;
    gamma1          0.5532;
    gamma2          0.4403;
    beta1           0.075;
    beta2           0.0828;
    betaStar        0.09;
    a1              0.31;
    c1              10;
    Cmu             0.09;
    b1              1;
    F3              false;
}

Reading/calculating face velocity Uf

No finite volume options present

Courant Number mean: 0.206029 max: 0.456659

Starting time loop

Courant Number mean: 0.206029 max: 0.456659
Time = 0.473

GAMG:  Solving for cellDisplacementx, Initial residual = 0, Final residual = 0, No Iterations 0
GAMG:  Solving for cellDisplacementy, Initial residual = 0, Final residual = 0, No Iterations 0
GAMG:  Solving for cellDisplacementz, Initial residual = 0, Final residual = 0, No Iterations 0
PIMPLE: iteration 1
DILUPBiCG:  Solving for Ux, Initial residual = 0.0534503, Final residual = 0.000220571, No Iterations 1
DILUPBiCG:  Solving for Uy, Initial residual = 0.008846, Final residual = 2.04594e-05, No Iterations 1
DILUPBiCG:  Solving for Uz, Initial residual = 0.0122427, Final residual = 2.70614e-05, No Iterations 1
GAMG:  Solving for p, Initial residual = 0.126824, Final residual = 0.000968483, No Iterations 6
GAMG:  Solving for p, Initial residual = 0.0146574, Final residual = 0.000143949, No Iterations 18
GAMG:  Solving for p, Initial residual = 0.00640991, Final residual = 5.73395e-05, No Iterations 12
time step continuity errors : sum local = 8.51729e-07, global = 2.56442e-07, cumulative = 2.56442e-07
GAMG:  Solving for p, Initial residual = 0.0538963, Final residual = 0.000328815, No Iterations 6
GAMG:  Solving for p, Initial residual = 0.00741343, Final residual = 6.90075e-05, No Iterations 16
GAMG:  Solving for p, Initial residual = 0.00332078, Final residual = 2.85549e-05, No Iterations 12
time step continuity errors : sum local = 4.24096e-07, global = 1.26939e-07, cumulative = 3.83382e-07
PIMPLE: iteration 2
DILUPBiCG:  Solving for Ux, Initial residual = 0.0154455, Final residual = 9.05898e-05, No Iterations 1
DILUPBiCG:  Solving for Uy, Initial residual = 0.00269614, Final residual = 6.15483e-06, No Iterations 1
DILUPBiCG:  Solving for Uz, Initial residual = 0.00354672, Final residual = 1.23469e-05, No Iterations 1
GAMG:  Solving for p, Initial residual = 0.0541742, Final residual = 0.000475247, No Iterations 4
GAMG:  Solving for p, Initial residual = 0.00885831, Final residual = 8.47428e-05, No Iterations 16
GAMG:  Solving for p, Initial residual = 0.00402667, Final residual = 3.97842e-05, No Iterations 8
time step continuity errors : sum local = 5.03999e-07, global = -1.47874e-07, cumulative = 2.35508e-07
GAMG:  Solving for p, Initial residual = 0.0278677, Final residual = 0.000208183, No Iterations 4
GAMG:  Solving for p, Initial residual = 0.00440979, Final residual = 3.91967e-05, No Iterations 14
GAMG:  Solving for p, Initial residual = 0.00188823, Final residual = 1.69737e-05, No Iterations 10
time step continuity errors : sum local = 2.16181e-07, global = -5.68903e-08, cumulative = 1.78617e-07
PIMPLE: iteration 3
DILUPBiCG:  Solving for Ux, Initial residual = 0.00378402, Final residual = 2.02171e-06, No Iterations 2
DILUPBiCG:  Solving for Uy, Initial residual = 0.000660912, Final residual = 6.63087e-06, No Iterations 1
DILUPBiCG:  Solving for Uz, Initial residual = 0.00722081, Final residual = 3.20252e-06, No Iterations 2
GAMG:  Solving for p, Initial residual = 0.0403952, Final residual = 0.000342912, No Iterations 5
GAMG:  Solving for p, Initial residual = 0.00910621, Final residual = 7.74174e-05, No Iterations 13
GAMG:  Solving for p, Initial residual = 0.00437501, Final residual = 3.58973e-05, No Iterations 10
time step continuity errors : sum local = 5.10618e-07, global = -1.32512e-07, cumulative = 4.61052e-08
GAMG:  Solving for p, Initial residual = 0.00243238, Final residual = 2.3993e-05, No Iterations 18
GAMG:  Solving for p, Initial residual = 0.00134275, Final residual = 1.28401e-05, No Iterations 4
GAMG:  Solving for p, Initial residual = 0.000538897, Final residual = 9.33421e-07, No Iterations 36
time step continuity errors : sum local = 1.32136e-08, global = 3.88553e-09, cumulative = 4.99907e-08
DILUPBiCG:  Solving for omega, Initial residual = 0.000542723, Final residual = 6.04338e-07, No Iterations 1
DILUPBiCG:  Solving for k, Initial residual = 0.00446743, Final residual = 1.62558e-06, No Iterations 2
ExecutionTime = 18.78 s  ClockTime = 19 s

End

