/*---------------------------------------------------------------------------*\
| =========                 |                                                 |
| \\      /  F ield         | OpenFOAM: The Open Source CFD Toolbox           |
|  \\    /   O peration     | Version:  2.3.1                                 |
|   \\  /    A nd           | Web:      www.OpenFOAM.org                      |
|    \\/     M anipulation  |                                                 |
\*---------------------------------------------------------------------------*/
Build  : 2.3.1-262087cdf8db
Exec   : pimpleDyMFoam
Date   : Jun 06 2023
Time   : 03:00:03
Host   : "jcosson-VirtualBox"
PID    : 15740
Case   : /home/jcosson/workspace/henersj_shootingdata/calcs/moderate_deformed/primal/100_intervals_05-06-23/sweep85/interval96
nProcs : 1
sigFpe : Enabling floating point exception trapping (FOAM_SIGFPE).
fileModificationChecking : Monitoring run-time modified files using timeStampMaster
allowSystemOperations : Allowing user-supplied system call operations

// * * * * * * * * * * * * * * * * * * * * * * * * * * * * * * * * * * * * * //
Create time

Create mesh for time = 0.495

Selecting dynamicFvMesh dynamicMotionSolverFvMesh
Selecting motion solver: displacementLaplacian
Selecting motion diffusion: quadratic
Selecting motion diffusion: quadratic
Selecting motion diffusion: inverseDistance

PIMPLE: no residual control data found. Calculations will employ 3 corrector loops

Reading field p

Reading field U

Reading/calculating face flux field phi

Selecting incompressible transport model Newtonian
Selecting turbulence model type RASModel
Selecting RAS turbulence model kOmegaSST
bounding k, min: 0 max: 0.000525556 average: 0.000144656
kOmegaSSTCoeffs
{
    alphaK1         0.85034;
    alphaK2         1;
    alphaOmega1     0.5;
    alphaOmega2     0.85616;
    gamma1          0.5532;
    gamma2          0.4403;
    beta1           0.075;
    beta2           0.0828;
    betaStar        0.09;
    a1              0.31;
    c1              10;
    Cmu             0.09;
    b1              1;
    F3              false;
}

Reading/calculating face velocity Uf

No finite volume options present

Courant Number mean: 0.102734 max: 0.222484

Starting time loop

Courant Number mean: 0.102734 max: 0.222484
Time = 0.496

GAMG:  Solving for cellDisplacementx, Initial residual = 0, Final residual = 0, No Iterations 0
GAMG:  Solving for cellDisplacementy, Initial residual = 0, Final residual = 0, No Iterations 0
GAMG:  Solving for cellDisplacementz, Initial residual = 0, Final residual = 0, No Iterations 0
PIMPLE: iteration 1
DILUPBiCG:  Solving for Ux, Initial residual = 0.0309217, Final residual = 0.000122702, No Iterations 1
DILUPBiCG:  Solving for Uy, Initial residual = 0.00664114, Final residual = 1.35399e-05, No Iterations 1
DILUPBiCG:  Solving for Uz, Initial residual = 0.0087786, Final residual = 1.2638e-05, No Iterations 1
GAMG:  Solving for p, Initial residual = 0.10262, Final residual = 0.000434568, No Iterations 4
GAMG:  Solving for p, Initial residual = 0.0136064, Final residual = 0.000113819, No Iterations 10
GAMG:  Solving for p, Initial residual = 0.00662031, Final residual = 5.89127e-05, No Iterations 4
time step continuity errors : sum local = 3.53068e-07, global = 1.28658e-07, cumulative = 1.28658e-07
GAMG:  Solving for p, Initial residual = 0.0488344, Final residual = 0.000209618, No Iterations 4
GAMG:  Solving for p, Initial residual = 0.0065998, Final residual = 6.4993e-05, No Iterations 10
GAMG:  Solving for p, Initial residual = 0.00332295, Final residual = 2.88974e-05, No Iterations 10
time step continuity errors : sum local = 1.74393e-07, global = 4.51253e-08, cumulative = 1.73783e-07
PIMPLE: iteration 2
DILUPBiCG:  Solving for Ux, Initial residual = 0.00741243, Final residual = 4.73192e-05, No Iterations 1
DILUPBiCG:  Solving for Uy, Initial residual = 0.00161999, Final residual = 3.32733e-06, No Iterations 1
DILUPBiCG:  Solving for Uz, Initial residual = 0.00295115, Final residual = 1.22821e-06, No Iterations 2
GAMG:  Solving for p, Initial residual = 0.0464984, Final residual = 0.000346755, No Iterations 6
GAMG:  Solving for p, Initial residual = 0.0151922, Final residual = 0.000132976, No Iterations 10
GAMG:  Solving for p, Initial residual = 0.00453107, Final residual = 4.42035e-05, No Iterations 14
time step continuity errors : sum local = 2.33074e-07, global = -6.98893e-08, cumulative = 1.03894e-07
GAMG:  Solving for p, Initial residual = 0.0248333, Final residual = 0.000246547, No Iterations 5
GAMG:  Solving for p, Initial residual = 0.00805299, Final residual = 7.69005e-05, No Iterations 7
GAMG:  Solving for p, Initial residual = 0.00218363, Final residual = 2.05239e-05, No Iterations 16
time step continuity errors : sum local = 1.08255e-07, global = -3.12093e-08, cumulative = 7.26846e-08
PIMPLE: iteration 3
DILUPBiCG:  Solving for Ux, Initial residual = 0.00126687, Final residual = 2.22758e-06, No Iterations 2
DILUPBiCG:  Solving for Uy, Initial residual = 0.000300416, Final residual = 9.72255e-08, No Iterations 2
DILUPBiCG:  Solving for Uz, Initial residual = 0.00277686, Final residual = 3.11529e-06, No Iterations 2
GAMG:  Solving for p, Initial residual = 0.0566617, Final residual = 0.000394552, No Iterations 5
GAMG:  Solving for p, Initial residual = 0.0119286, Final residual = 0.000119188, No Iterations 14
GAMG:  Solving for p, Initial residual = 0.0068883, Final residual = 6.2865e-05, No Iterations 10
time step continuity errors : sum local = 3.65481e-07, global = -1.01208e-07, cumulative = -2.85232e-08
GAMG:  Solving for p, Initial residual = 0.002837, Final residual = 2.35764e-05, No Iterations 8
GAMG:  Solving for p, Initial residual = 0.00148591, Final residual = 1.45077e-05, No Iterations 4
GAMG:  Solving for p, Initial residual = 0.000560431, Final residual = 9.12634e-07, No Iterations 27
time step continuity errors : sum local = 5.23004e-09, global = 1.61065e-09, cumulative = -2.69125e-08
DILUPBiCG:  Solving for omega, Initial residual = 0.00127302, Final residual = 6.70034e-07, No Iterations 1
DILUPBiCG:  Solving for k, Initial residual = 0.00309348, Final residual = 6.75676e-07, No Iterations 2
bounding k, min: 0 max: 0.000520311 average: 0.000143998
ExecutionTime = 17.16 s  ClockTime = 17 s

End

