/*---------------------------------------------------------------------------*\
| =========                 |                                                 |
| \\      /  F ield         | OpenFOAM: The Open Source CFD Toolbox           |
|  \\    /   O peration     | Version:  2.3.1                                 |
|   \\  /    A nd           | Web:      www.OpenFOAM.org                      |
|    \\/     M anipulation  |                                                 |
\*---------------------------------------------------------------------------*/
Build  : 2.3.1-262087cdf8db
Exec   : pimpleDyMFoam
Date   : Jun 06 2023
Time   : 02:26:59
Host   : "jcosson-VirtualBox"
PID    : 31435
Case   : /home/jcosson/workspace/henersj_shootingdata/calcs/moderate_deformed/primal/100_intervals_05-06-23/sweep62/interval70
nProcs : 1
sigFpe : Enabling floating point exception trapping (FOAM_SIGFPE).
fileModificationChecking : Monitoring run-time modified files using timeStampMaster
allowSystemOperations : Allowing user-supplied system call operations

// * * * * * * * * * * * * * * * * * * * * * * * * * * * * * * * * * * * * * //
Create time

Create mesh for time = 0.469

Selecting dynamicFvMesh dynamicMotionSolverFvMesh
Selecting motion solver: displacementLaplacian
Selecting motion diffusion: quadratic
Selecting motion diffusion: quadratic
Selecting motion diffusion: inverseDistance

PIMPLE: no residual control data found. Calculations will employ 3 corrector loops

Reading field p

Reading field U

Reading/calculating face flux field phi

Selecting incompressible transport model Newtonian
Selecting turbulence model type RASModel
Selecting RAS turbulence model kOmegaSST
kOmegaSSTCoeffs
{
    alphaK1         0.85034;
    alphaK2         1;
    alphaOmega1     0.5;
    alphaOmega2     0.85616;
    gamma1          0.5532;
    gamma2          0.4403;
    beta1           0.075;
    beta2           0.0828;
    betaStar        0.09;
    a1              0.31;
    c1              10;
    Cmu             0.09;
    b1              1;
    F3              false;
}

Reading/calculating face velocity Uf

No finite volume options present

Courant Number mean: 0.222446 max: 0.494117

Starting time loop

Courant Number mean: 0.222446 max: 0.494117
Time = 0.47

GAMG:  Solving for cellDisplacementx, Initial residual = 0, Final residual = 0, No Iterations 0
GAMG:  Solving for cellDisplacementy, Initial residual = 0, Final residual = 0, No Iterations 0
GAMG:  Solving for cellDisplacementz, Initial residual = 0, Final residual = 0, No Iterations 0
PIMPLE: iteration 1
DILUPBiCG:  Solving for Ux, Initial residual = 0.0470481, Final residual = 0.000194511, No Iterations 1
DILUPBiCG:  Solving for Uy, Initial residual = 0.00766271, Final residual = 1.8006e-05, No Iterations 1
DILUPBiCG:  Solving for Uz, Initial residual = 0.012997, Final residual = 2.94025e-05, No Iterations 1
GAMG:  Solving for p, Initial residual = 0.131303, Final residual = 0.0010453, No Iterations 6
GAMG:  Solving for p, Initial residual = 0.0152166, Final residual = 0.000151499, No Iterations 18
GAMG:  Solving for p, Initial residual = 0.00657251, Final residual = 6.0014e-05, No Iterations 12
time step continuity errors : sum local = 8.33001e-07, global = 2.50945e-07, cumulative = 2.50945e-07
GAMG:  Solving for p, Initial residual = 0.0552165, Final residual = 0.00034964, No Iterations 6
GAMG:  Solving for p, Initial residual = 0.00768772, Final residual = 7.24171e-05, No Iterations 16
GAMG:  Solving for p, Initial residual = 0.00342053, Final residual = 2.97967e-05, No Iterations 12
time step continuity errors : sum local = 4.13045e-07, global = 1.23614e-07, cumulative = 3.74559e-07
PIMPLE: iteration 2
DILUPBiCG:  Solving for Ux, Initial residual = 0.0138642, Final residual = 7.85462e-05, No Iterations 1
DILUPBiCG:  Solving for Uy, Initial residual = 0.00238083, Final residual = 5.571e-06, No Iterations 1
DILUPBiCG:  Solving for Uz, Initial residual = 0.00369258, Final residual = 1.2035e-05, No Iterations 1
GAMG:  Solving for p, Initial residual = 0.0557995, Final residual = 0.000470097, No Iterations 4
GAMG:  Solving for p, Initial residual = 0.00910306, Final residual = 8.43744e-05, No Iterations 16
GAMG:  Solving for p, Initial residual = 0.00416085, Final residual = 3.93665e-05, No Iterations 8
time step continuity errors : sum local = 4.63734e-07, global = -1.42101e-07, cumulative = 2.32457e-07
GAMG:  Solving for p, Initial residual = 0.0286266, Final residual = 0.000203348, No Iterations 4
GAMG:  Solving for p, Initial residual = 0.00448959, Final residual = 3.86118e-05, No Iterations 14
GAMG:  Solving for p, Initial residual = 0.00195122, Final residual = 1.86151e-05, No Iterations 8
time step continuity errors : sum local = 2.20515e-07, global = -6.24603e-08, cumulative = 1.69997e-07
PIMPLE: iteration 3
DILUPBiCG:  Solving for Ux, Initial residual = 0.00348106, Final residual = 1.51886e-06, No Iterations 2
DILUPBiCG:  Solving for Uy, Initial residual = 0.000596592, Final residual = 6.92654e-06, No Iterations 1
DILUPBiCG:  Solving for Uz, Initial residual = 0.00704012, Final residual = 2.60275e-06, No Iterations 2
GAMG:  Solving for p, Initial residual = 0.0403411, Final residual = 0.000325083, No Iterations 5
GAMG:  Solving for p, Initial residual = 0.00907601, Final residual = 7.74023e-05, No Iterations 15
GAMG:  Solving for p, Initial residual = 0.00438514, Final residual = 4.32128e-05, No Iterations 8
time step continuity errors : sum local = 5.70908e-07, global = -1.285e-07, cumulative = 4.14975e-08
GAMG:  Solving for p, Initial residual = 0.00249172, Final residual = 2.45696e-05, No Iterations 18
GAMG:  Solving for p, Initial residual = 0.00138194, Final residual = 1.34709e-05, No Iterations 4
GAMG:  Solving for p, Initial residual = 0.000549241, Final residual = 8.83638e-07, No Iterations 38
time step continuity errors : sum local = 1.16319e-08, global = 3.44032e-09, cumulative = 4.49378e-08
DILUPBiCG:  Solving for omega, Initial residual = 0.000483688, Final residual = 6.33661e-07, No Iterations 1
DILUPBiCG:  Solving for k, Initial residual = 0.00472872, Final residual = 1.63966e-06, No Iterations 2
ExecutionTime = 18.85 s  ClockTime = 19 s

End

