/*---------------------------------------------------------------------------*\
| =========                 |                                                 |
| \\      /  F ield         | OpenFOAM: The Open Source CFD Toolbox           |
|  \\    /   O peration     | Version:  2.3.1                                 |
|   \\  /    A nd           | Web:      www.OpenFOAM.org                      |
|    \\/     M anipulation  |                                                 |
\*---------------------------------------------------------------------------*/
Build  : 2.3.1-262087cdf8db
Exec   : pimpleDyMFoam
Date   : Jun 06 2023
Time   : 10:35:03
Host   : "jcosson-VirtualBox"
PID    : 4868
Case   : /home/jcosson/workspace/henersj_shootingdata/calcs/moderate_deformed/primal/28_intervals_05-06-23/sweep3/interval5
nProcs : 1
sigFpe : Enabling floating point exception trapping (FOAM_SIGFPE).
fileModificationChecking : Monitoring run-time modified files using timeStampMaster
allowSystemOperations : Allowing user-supplied system call operations

// * * * * * * * * * * * * * * * * * * * * * * * * * * * * * * * * * * * * * //
Create time

Create mesh for time = 0.414

Selecting dynamicFvMesh dynamicMotionSolverFvMesh
Selecting motion solver: displacementLaplacian
Selecting motion diffusion: quadratic
Selecting motion diffusion: quadratic
Selecting motion diffusion: inverseDistance

PIMPLE: no residual control data found. Calculations will employ 3 corrector loops

Reading field p

Reading field U

Reading/calculating face flux field phi

Selecting incompressible transport model Newtonian
Selecting turbulence model type RASModel
Selecting RAS turbulence model kOmegaSST
kOmegaSSTCoeffs
{
    alphaK1         0.85034;
    alphaK2         1;
    alphaOmega1     0.5;
    alphaOmega2     0.85616;
    gamma1          0.5532;
    gamma2          0.4403;
    beta1           0.075;
    beta2           0.0828;
    betaStar        0.09;
    a1              0.31;
    c1              10;
    Cmu             0.09;
    b1              1;
    F3              false;
}

Reading/calculating face velocity Uf

No finite volume options present

Courant Number mean: 0.129124 max: 0.280727

Starting time loop

Courant Number mean: 0.129124 max: 0.280727
Time = 0.415

GAMG:  Solving for cellDisplacementx, Initial residual = 0, Final residual = 0, No Iterations 0
GAMG:  Solving for cellDisplacementy, Initial residual = 0, Final residual = 0, No Iterations 0
GAMG:  Solving for cellDisplacementz, Initial residual = 0, Final residual = 0, No Iterations 0
PIMPLE: iteration 1
DILUPBiCG:  Solving for Ux, Initial residual = 0.0589537, Final residual = 0.000216837, No Iterations 1
DILUPBiCG:  Solving for Uy, Initial residual = 0.0110344, Final residual = 2.00068e-05, No Iterations 1
DILUPBiCG:  Solving for Uz, Initial residual = 0.0237682, Final residual = 2.76445e-05, No Iterations 1
GAMG:  Solving for p, Initial residual = 0.147257, Final residual = 0.00106279, No Iterations 6
GAMG:  Solving for p, Initial residual = 0.0177189, Final residual = 0.000175294, No Iterations 16
GAMG:  Solving for p, Initial residual = 0.00768134, Final residual = 6.37943e-05, No Iterations 12
time step continuity errors : sum local = 7.35934e-07, global = -2.19065e-07, cumulative = -2.19065e-07
GAMG:  Solving for p, Initial residual = 0.0617823, Final residual = 0.000609628, No Iterations 4
GAMG:  Solving for p, Initial residual = 0.00895723, Final residual = 8.75028e-05, No Iterations 16
GAMG:  Solving for p, Initial residual = 0.00405729, Final residual = 3.98673e-05, No Iterations 10
time step continuity errors : sum local = 4.61286e-07, global = -1.18848e-07, cumulative = -3.37913e-07
PIMPLE: iteration 2
DILUPBiCG:  Solving for Ux, Initial residual = 0.0164074, Final residual = 9.68905e-05, No Iterations 1
DILUPBiCG:  Solving for Uy, Initial residual = 0.00301917, Final residual = 6.70725e-06, No Iterations 1
DILUPBiCG:  Solving for Uz, Initial residual = 0.00463964, Final residual = 2.1225e-05, No Iterations 1
GAMG:  Solving for p, Initial residual = 0.0635062, Final residual = 0.000358958, No Iterations 4
GAMG:  Solving for p, Initial residual = 0.0100088, Final residual = 9.97724e-05, No Iterations 12
GAMG:  Solving for p, Initial residual = 0.00466818, Final residual = 4.47381e-05, No Iterations 8
time step continuity errors : sum local = 4.45985e-07, global = 1.06696e-07, cumulative = -2.31218e-07
GAMG:  Solving for p, Initial residual = 0.0322465, Final residual = 0.000164889, No Iterations 4
GAMG:  Solving for p, Initial residual = 0.00511871, Final residual = 5.09386e-05, No Iterations 11
GAMG:  Solving for p, Initial residual = 0.00233886, Final residual = 1.17747e-05, No Iterations 5
time step continuity errors : sum local = 1.17662e-07, global = 2.80558e-08, cumulative = -2.03162e-07
PIMPLE: iteration 3
DILUPBiCG:  Solving for Ux, Initial residual = 0.00410294, Final residual = 1.64486e-06, No Iterations 2
DILUPBiCG:  Solving for Uy, Initial residual = 0.000773133, Final residual = 6.53382e-06, No Iterations 1
DILUPBiCG:  Solving for Uz, Initial residual = 0.0065647, Final residual = 2.48565e-06, No Iterations 2
GAMG:  Solving for p, Initial residual = 0.0382504, Final residual = 0.000374873, No Iterations 5
GAMG:  Solving for p, Initial residual = 0.00808153, Final residual = 6.93422e-05, No Iterations 17
GAMG:  Solving for p, Initial residual = 0.00395266, Final residual = 3.48929e-05, No Iterations 8
time step continuity errors : sum local = 3.92564e-07, global = 8.15223e-08, cumulative = -1.2164e-07
GAMG:  Solving for p, Initial residual = 0.00208053, Final residual = 1.93208e-05, No Iterations 7
GAMG:  Solving for p, Initial residual = 0.00111157, Final residual = 1.05507e-05, No Iterations 4
GAMG:  Solving for p, Initial residual = 0.000460212, Final residual = 9.1077e-07, No Iterations 26
time step continuity errors : sum local = 1.01713e-08, global = -3.02707e-09, cumulative = -1.24667e-07
DILUPBiCG:  Solving for omega, Initial residual = 0.0010142, Final residual = 8.88118e-07, No Iterations 1
DILUPBiCG:  Solving for k, Initial residual = 0.00377284, Final residual = 1.13116e-06, No Iterations 2
ExecutionTime = 17.27 s  ClockTime = 17 s

Courant Number mean: 0.13368 max: 0.289997
Time = 0.416

GAMG:  Solving for cellDisplacementx, Initial residual = 0, Final residual = 0, No Iterations 0
GAMG:  Solving for cellDisplacementy, Initial residual = 0, Final residual = 0, No Iterations 0
GAMG:  Solving for cellDisplacementz, Initial residual = 0, Final residual = 0, No Iterations 0
PIMPLE: iteration 1
DILUPBiCG:  Solving for Ux, Initial residual = 0.0601381, Final residual = 0.000219752, No Iterations 1
DILUPBiCG:  Solving for Uy, Initial residual = 0.0112344, Final residual = 2.0812e-05, No Iterations 1
DILUPBiCG:  Solving for Uz, Initial residual = 0.0253934, Final residual = 4.02209e-05, No Iterations 1
GAMG:  Solving for p, Initial residual = 0.132414, Final residual = 0.00111457, No Iterations 6
GAMG:  Solving for p, Initial residual = 0.0147149, Final residual = 0.000143144, No Iterations 20
GAMG:  Solving for p, Initial residual = 0.006633, Final residual = 6.4059e-05, No Iterations 8
time step continuity errors : sum local = 7.82225e-07, global = -1.71127e-07, cumulative = -2.95794e-07
GAMG:  Solving for p, Initial residual = 0.0551083, Final residual = 0.000394645, No Iterations 6
GAMG:  Solving for p, Initial residual = 0.00738079, Final residual = 7.32179e-05, No Iterations 18
GAMG:  Solving for p, Initial residual = 0.00346304, Final residual = 2.80289e-05, No Iterations 10
time step continuity errors : sum local = 3.43626e-07, global = -8.76843e-08, cumulative = -3.83478e-07
PIMPLE: iteration 2
DILUPBiCG:  Solving for Ux, Initial residual = 0.0168825, Final residual = 9.78753e-05, No Iterations 1
DILUPBiCG:  Solving for Uy, Initial residual = 0.00306158, Final residual = 6.78535e-06, No Iterations 1
DILUPBiCG:  Solving for Uz, Initial residual = 0.00419759, Final residual = 1.71936e-05, No Iterations 1
GAMG:  Solving for p, Initial residual = 0.0565095, Final residual = 0.000378639, No Iterations 4
GAMG:  Solving for p, Initial residual = 0.00851394, Final residual = 7.75763e-05, No Iterations 16
GAMG:  Solving for p, Initial residual = 0.00424865, Final residual = 4.22912e-05, No Iterations 5
time step continuity errors : sum local = 4.45839e-07, global = -1.66296e-07, cumulative = -5.49775e-07
GAMG:  Solving for p, Initial residual = 0.0286929, Final residual = 0.000167215, No Iterations 4
GAMG:  Solving for p, Initial residual = 0.00434053, Final residual = 3.96693e-05, No Iterations 14
GAMG:  Solving for p, Initial residual = 0.00208316, Final residual = 1.8006e-05, No Iterations 7
time step continuity errors : sum local = 1.90743e-07, global = -6.34629e-08, cumulative = -6.13237e-07
PIMPLE: iteration 3
DILUPBiCG:  Solving for Ux, Initial residual = 0.00428728, Final residual = 1.67813e-06, No Iterations 2
DILUPBiCG:  Solving for Uy, Initial residual = 0.000775161, Final residual = 6.48219e-06, No Iterations 1
DILUPBiCG:  Solving for Uz, Initial residual = 0.00930338, Final residual = 2.962e-06, No Iterations 2
GAMG:  Solving for p, Initial residual = 0.0371788, Final residual = 0.000317952, No Iterations 5
GAMG:  Solving for p, Initial residual = 0.00777222, Final residual = 6.78744e-05, No Iterations 17
GAMG:  Solving for p, Initial residual = 0.00378694, Final residual = 3.7188e-05, No Iterations 4
time step continuity errors : sum local = 4.43044e-07, global = 1.49292e-07, cumulative = -4.63945e-07
GAMG:  Solving for p, Initial residual = 0.00198064, Final residual = 1.89731e-05, No Iterations 8
GAMG:  Solving for p, Initial residual = 0.00106716, Final residual = 1.00779e-05, No Iterations 4
GAMG:  Solving for p, Initial residual = 0.000447341, Final residual = 8.60299e-07, No Iterations 24
time step continuity errors : sum local = 1.01812e-08, global = -2.92655e-09, cumulative = -4.66872e-07
DILUPBiCG:  Solving for omega, Initial residual = 0.000960621, Final residual = 8.65161e-07, No Iterations 1
DILUPBiCG:  Solving for k, Initial residual = 0.00383102, Final residual = 1.16618e-06, No Iterations 2
ExecutionTime = 32.54 s  ClockTime = 33 s

Courant Number mean: 0.138466 max: 0.29972
Time = 0.417

GAMG:  Solving for cellDisplacementx, Initial residual = 0, Final residual = 0, No Iterations 0
GAMG:  Solving for cellDisplacementy, Initial residual = 0, Final residual = 0, No Iterations 0
GAMG:  Solving for cellDisplacementz, Initial residual = 0, Final residual = 0, No Iterations 0
PIMPLE: iteration 1
DILUPBiCG:  Solving for Ux, Initial residual = 0.0618568, Final residual = 0.000223558, No Iterations 1
DILUPBiCG:  Solving for Uy, Initial residual = 0.0112738, Final residual = 2.07499e-05, No Iterations 1
DILUPBiCG:  Solving for Uz, Initial residual = 0.0222125, Final residual = 2.53345e-05, No Iterations 1
GAMG:  Solving for p, Initial residual = 0.129522, Final residual = 0.0010092, No Iterations 6
GAMG:  Solving for p, Initial residual = 0.0143826, Final residual = 0.000142996, No Iterations 18
GAMG:  Solving for p, Initial residual = 0.00640768, Final residual = 5.40154e-05, No Iterations 10
time step continuity errors : sum local = 6.88405e-07, global = -1.77104e-07, cumulative = -6.43976e-07
GAMG:  Solving for p, Initial residual = 0.0544745, Final residual = 0.000348254, No Iterations 6
GAMG:  Solving for p, Initial residual = 0.00722203, Final residual = 6.97602e-05, No Iterations 16
GAMG:  Solving for p, Initial residual = 0.00330056, Final residual = 2.96664e-05, No Iterations 10
time step continuity errors : sum local = 3.78687e-07, global = -9.78142e-08, cumulative = -7.4179e-07
PIMPLE: iteration 2
DILUPBiCG:  Solving for Ux, Initial residual = 0.0171991, Final residual = 9.74197e-05, No Iterations 1
DILUPBiCG:  Solving for Uy, Initial residual = 0.00309071, Final residual = 6.97847e-06, No Iterations 1
DILUPBiCG:  Solving for Uz, Initial residual = 0.00448915, Final residual = 2.03295e-05, No Iterations 1
GAMG:  Solving for p, Initial residual = 0.0557721, Final residual = 0.000386352, No Iterations 4
GAMG:  Solving for p, Initial residual = 0.00814801, Final residual = 7.31688e-05, No Iterations 16
GAMG:  Solving for p, Initial residual = 0.00391614, Final residual = 3.37171e-05, No Iterations 8
time step continuity errors : sum local = 3.69545e-07, global = 1.07558e-07, cumulative = -6.34232e-07
GAMG:  Solving for p, Initial residual = 0.028339, Final residual = 0.000174243, No Iterations 4
GAMG:  Solving for p, Initial residual = 0.00413769, Final residual = 3.60303e-05, No Iterations 14
GAMG:  Solving for p, Initial residual = 0.00190824, Final residual = 1.87202e-05, No Iterations 6
time step continuity errors : sum local = 2.05984e-07, global = 5.63185e-08, cumulative = -5.77914e-07
PIMPLE: iteration 3
DILUPBiCG:  Solving for Ux, Initial residual = 0.00426651, Final residual = 1.63906e-06, No Iterations 2
DILUPBiCG:  Solving for Uy, Initial residual = 0.00078618, Final residual = 6.89167e-06, No Iterations 1
DILUPBiCG:  Solving for Uz, Initial residual = 0.00713441, Final residual = 2.70254e-06, No Iterations 2
GAMG:  Solving for p, Initial residual = 0.037602, Final residual = 0.000340416, No Iterations 5
GAMG:  Solving for p, Initial residual = 0.00805228, Final residual = 6.95509e-05, No Iterations 17
GAMG:  Solving for p, Initial residual = 0.0039721, Final residual = 3.44045e-05, No Iterations 8
time step continuity errors : sum local = 4.25572e-07, global = 8.85601e-08, cumulative = -4.89354e-07
GAMG:  Solving for p, Initial residual = 0.00206336, Final residual = 1.96662e-05, No Iterations 13
GAMG:  Solving for p, Initial residual = 0.00112621, Final residual = 8.09336e-06, No Iterations 5
GAMG:  Solving for p, Initial residual = 0.000461015, Final residual = 9.18236e-07, No Iterations 26
time step continuity errors : sum local = 1.12807e-08, global = -3.36098e-09, cumulative = -4.92715e-07
DILUPBiCG:  Solving for omega, Initial residual = 0.000910136, Final residual = 8.40701e-07, No Iterations 1
DILUPBiCG:  Solving for k, Initial residual = 0.00389404, Final residual = 1.19504e-06, No Iterations 2
ExecutionTime = 48.22 s  ClockTime = 49 s

Courant Number mean: 0.143434 max: 0.309857
Time = 0.418

GAMG:  Solving for cellDisplacementx, Initial residual = 0, Final residual = 0, No Iterations 0
GAMG:  Solving for cellDisplacementy, Initial residual = 0, Final residual = 0, No Iterations 0
GAMG:  Solving for cellDisplacementz, Initial residual = 0, Final residual = 0, No Iterations 0
PIMPLE: iteration 1
DILUPBiCG:  Solving for Ux, Initial residual = 0.062369, Final residual = 0.000223897, No Iterations 1
DILUPBiCG:  Solving for Uy, Initial residual = 0.0113626, Final residual = 2.13385e-05, No Iterations 1
DILUPBiCG:  Solving for Uz, Initial residual = 0.0246902, Final residual = 3.58219e-05, No Iterations 1
GAMG:  Solving for p, Initial residual = 0.129053, Final residual = 0.00105159, No Iterations 6
GAMG:  Solving for p, Initial residual = 0.0145434, Final residual = 0.000137136, No Iterations 20
GAMG:  Solving for p, Initial residual = 0.00657383, Final residual = 6.07815e-05, No Iterations 8
time step continuity errors : sum local = 8.08455e-07, global = -1.74431e-07, cumulative = -6.67146e-07
GAMG:  Solving for p, Initial residual = 0.0541067, Final residual = 0.000374052, No Iterations 6
GAMG:  Solving for p, Initial residual = 0.0072758, Final residual = 6.99975e-05, No Iterations 18
GAMG:  Solving for p, Initial residual = 0.00340565, Final residual = 3.34389e-05, No Iterations 8
time step continuity errors : sum local = 4.46271e-07, global = -9.83414e-08, cumulative = -7.65487e-07
PIMPLE: iteration 2
DILUPBiCG:  Solving for Ux, Initial residual = 0.0174699, Final residual = 9.68699e-05, No Iterations 1
DILUPBiCG:  Solving for Uy, Initial residual = 0.00309782, Final residual = 7.01273e-06, No Iterations 1
DILUPBiCG:  Solving for Uz, Initial residual = 0.00415153, Final residual = 1.69868e-05, No Iterations 1
GAMG:  Solving for p, Initial residual = 0.0552386, Final residual = 0.000402805, No Iterations 4
GAMG:  Solving for p, Initial residual = 0.00839839, Final residual = 7.78521e-05, No Iterations 16
GAMG:  Solving for p, Initial residual = 0.00413681, Final residual = 3.52097e-05, No Iterations 7
time step continuity errors : sum local = 4.0339e-07, global = -1.27073e-07, cumulative = -8.9256e-07
GAMG:  Solving for p, Initial residual = 0.0281205, Final residual = 0.000176966, No Iterations 4
GAMG:  Solving for p, Initial residual = 0.00425186, Final residual = 3.91925e-05, No Iterations 14
GAMG:  Solving for p, Initial residual = 0.0020103, Final residual = 1.88234e-05, No Iterations 7
time step continuity errors : sum local = 2.16695e-07, global = -7.95945e-08, cumulative = -9.72155e-07
PIMPLE: iteration 3
DILUPBiCG:  Solving for Ux, Initial residual = 0.00438524, Final residual = 1.63758e-06, No Iterations 2
DILUPBiCG:  Solving for Uy, Initial residual = 0.000779697, Final residual = 6.85607e-06, No Iterations 1
DILUPBiCG:  Solving for Uz, Initial residual = 0.00951804, Final residual = 2.9397e-06, No Iterations 2
GAMG:  Solving for p, Initial residual = 0.0377598, Final residual = 0.00030477, No Iterations 5
GAMG:  Solving for p, Initial residual = 0.00802017, Final residual = 7.81578e-05, No Iterations 15
GAMG:  Solving for p, Initial residual = 0.00390131, Final residual = 3.54226e-05, No Iterations 10
time step continuity errors : sum local = 4.58365e-07, global = 1.18623e-07, cumulative = -8.53532e-07
GAMG:  Solving for p, Initial residual = 0.00204335, Final residual = 1.9937e-05, No Iterations 7
GAMG:  Solving for p, Initial residual = 0.00113055, Final residual = 1.01458e-05, No Iterations 5
GAMG:  Solving for p, Initial residual = 0.000464181, Final residual = 9.5854e-07, No Iterations 28
time step continuity errors : sum local = 1.23214e-08, global = -3.70006e-09, cumulative = -8.57232e-07
DILUPBiCG:  Solving for omega, Initial residual = 0.000862989, Final residual = 8.1517e-07, No Iterations 1
DILUPBiCG:  Solving for k, Initial residual = 0.00396213, Final residual = 1.21837e-06, No Iterations 2
ExecutionTime = 62.19 s  ClockTime = 63 s

End

