/*---------------------------------------------------------------------------*\
| =========                 |                                                 |
| \\      /  F ield         | OpenFOAM: The Open Source CFD Toolbox           |
|  \\    /   O peration     | Version:  2.3.1                                 |
|   \\  /    A nd           | Web:      www.OpenFOAM.org                      |
|    \\/     M anipulation  |                                                 |
\*---------------------------------------------------------------------------*/
Build  : 2.3.1-262087cdf8db
Exec   : pimpleDyMFoam
Date   : Jun 06 2023
Time   : 10:35:52
Host   : "jcosson-VirtualBox"
PID    : 4880
Case   : /home/jcosson/workspace/henersj_shootingdata/calcs/moderate_deformed/primal/28_intervals_05-06-23/sweep3/interval21
nProcs : 1
sigFpe : Enabling floating point exception trapping (FOAM_SIGFPE).
fileModificationChecking : Monitoring run-time modified files using timeStampMaster
allowSystemOperations : Allowing user-supplied system call operations

// * * * * * * * * * * * * * * * * * * * * * * * * * * * * * * * * * * * * * //
Create time

Create mesh for time = 0.471

Selecting dynamicFvMesh dynamicMotionSolverFvMesh
Selecting motion solver: displacementLaplacian
Selecting motion diffusion: quadratic
Selecting motion diffusion: quadratic
Selecting motion diffusion: inverseDistance

PIMPLE: no residual control data found. Calculations will employ 3 corrector loops

Reading field p

Reading field U

Reading/calculating face flux field phi

Selecting incompressible transport model Newtonian
Selecting turbulence model type RASModel
Selecting RAS turbulence model kOmegaSST
kOmegaSSTCoeffs
{
    alphaK1         0.85034;
    alphaK2         1;
    alphaOmega1     0.5;
    alphaOmega2     0.85616;
    gamma1          0.5532;
    gamma2          0.4403;
    beta1           0.075;
    beta2           0.0828;
    betaStar        0.09;
    a1              0.31;
    c1              10;
    Cmu             0.09;
    b1              1;
    F3              false;
}

Reading/calculating face velocity Uf

No finite volume options present

Courant Number mean: 0.211375 max: 0.47234

Starting time loop

Courant Number mean: 0.211375 max: 0.47234
Time = 0.472

GAMG:  Solving for cellDisplacementx, Initial residual = 0, Final residual = 0, No Iterations 0
GAMG:  Solving for cellDisplacementy, Initial residual = 0, Final residual = 0, No Iterations 0
GAMG:  Solving for cellDisplacementz, Initial residual = 0, Final residual = 0, No Iterations 0
PIMPLE: iteration 1
DILUPBiCG:  Solving for Ux, Initial residual = 0.0509397, Final residual = 0.000208614, No Iterations 1
DILUPBiCG:  Solving for Uy, Initial residual = 0.00850874, Final residual = 2.03153e-05, No Iterations 1
DILUPBiCG:  Solving for Uz, Initial residual = 0.0244141, Final residual = 5.47806e-05, No Iterations 1
GAMG:  Solving for p, Initial residual = 0.134205, Final residual = 0.0010738, No Iterations 6
GAMG:  Solving for p, Initial residual = 0.0162594, Final residual = 0.000139617, No Iterations 20
GAMG:  Solving for p, Initial residual = 0.00719434, Final residual = 5.89204e-05, No Iterations 10
time step continuity errors : sum local = 8.42518e-07, global = 2.21174e-07, cumulative = 2.21174e-07
GAMG:  Solving for p, Initial residual = 0.0562711, Final residual = 0.000369103, No Iterations 6
GAMG:  Solving for p, Initial residual = 0.00814132, Final residual = 8.07192e-05, No Iterations 16
GAMG:  Solving for p, Initial residual = 0.00371327, Final residual = 3.14571e-05, No Iterations 12
time step continuity errors : sum local = 4.49722e-07, global = 1.3082e-07, cumulative = 3.51995e-07
PIMPLE: iteration 2
DILUPBiCG:  Solving for Ux, Initial residual = 0.0149057, Final residual = 8.74854e-05, No Iterations 1
DILUPBiCG:  Solving for Uy, Initial residual = 0.00259175, Final residual = 6.10213e-06, No Iterations 1
DILUPBiCG:  Solving for Uz, Initial residual = 0.00412378, Final residual = 1.41934e-05, No Iterations 1
GAMG:  Solving for p, Initial residual = 0.0568503, Final residual = 0.000489122, No Iterations 4
GAMG:  Solving for p, Initial residual = 0.00967744, Final residual = 9.40386e-05, No Iterations 16
GAMG:  Solving for p, Initial residual = 0.00458043, Final residual = 4.40016e-05, No Iterations 8
time step continuity errors : sum local = 5.35391e-07, global = -1.90673e-07, cumulative = 1.61322e-07
GAMG:  Solving for p, Initial residual = 0.0291676, Final residual = 0.000212572, No Iterations 4
GAMG:  Solving for p, Initial residual = 0.00479559, Final residual = 4.40366e-05, No Iterations 14
GAMG:  Solving for p, Initial residual = 0.0021574, Final residual = 2.00277e-05, No Iterations 8
time step continuity errors : sum local = 2.45152e-07, global = -7.94796e-08, cumulative = 8.1842e-08
PIMPLE: iteration 3
DILUPBiCG:  Solving for Ux, Initial residual = 0.00372923, Final residual = 2.02127e-06, No Iterations 2
DILUPBiCG:  Solving for Uy, Initial residual = 0.000648228, Final residual = 6.7958e-06, No Iterations 1
DILUPBiCG:  Solving for Uz, Initial residual = 0.00977735, Final residual = 3.28073e-06, No Iterations 2
GAMG:  Solving for p, Initial residual = 0.0395497, Final residual = 0.000322476, No Iterations 5
GAMG:  Solving for p, Initial residual = 0.00883656, Final residual = 8.22025e-05, No Iterations 15
GAMG:  Solving for p, Initial residual = 0.00427527, Final residual = 4.07444e-05, No Iterations 10
time step continuity errors : sum local = 5.57914e-07, global = -1.4565e-07, cumulative = -6.38078e-08
GAMG:  Solving for p, Initial residual = 0.00241395, Final residual = 2.17892e-05, No Iterations 18
GAMG:  Solving for p, Initial residual = 0.00134584, Final residual = 1.20045e-05, No Iterations 4
GAMG:  Solving for p, Initial residual = 0.000535456, Final residual = 8.68655e-07, No Iterations 34
time step continuity errors : sum local = 1.1853e-08, global = 3.48628e-09, cumulative = -6.03215e-08
DILUPBiCG:  Solving for omega, Initial residual = 0.000926715, Final residual = 1.57568e-06, No Iterations 1
DILUPBiCG:  Solving for k, Initial residual = 0.00474113, Final residual = 1.75785e-06, No Iterations 2
ExecutionTime = 17.15 s  ClockTime = 18 s

Courant Number mean: 0.205828 max: 0.459613
Time = 0.473

GAMG:  Solving for cellDisplacementx, Initial residual = 0, Final residual = 0, No Iterations 0
GAMG:  Solving for cellDisplacementy, Initial residual = 0, Final residual = 0, No Iterations 0
GAMG:  Solving for cellDisplacementz, Initial residual = 0, Final residual = 0, No Iterations 0
PIMPLE: iteration 1
DILUPBiCG:  Solving for Ux, Initial residual = 0.0534841, Final residual = 0.000217477, No Iterations 1
DILUPBiCG:  Solving for Uy, Initial residual = 0.00883826, Final residual = 2.0741e-05, No Iterations 1
DILUPBiCG:  Solving for Uz, Initial residual = 0.0182757, Final residual = 3.06155e-05, No Iterations 1
GAMG:  Solving for p, Initial residual = 0.122551, Final residual = 0.000988065, No Iterations 6
GAMG:  Solving for p, Initial residual = 0.0141576, Final residual = 0.000121015, No Iterations 20
GAMG:  Solving for p, Initial residual = 0.00621699, Final residual = 5.64499e-05, No Iterations 10
time step continuity errors : sum local = 8.23133e-07, global = 2.15539e-07, cumulative = 1.55218e-07
GAMG:  Solving for p, Initial residual = 0.0519677, Final residual = 0.000327924, No Iterations 6
GAMG:  Solving for p, Initial residual = 0.00709406, Final residual = 6.6491e-05, No Iterations 16
GAMG:  Solving for p, Initial residual = 0.00316288, Final residual = 2.72612e-05, No Iterations 12
time step continuity errors : sum local = 3.96408e-07, global = 1.19152e-07, cumulative = 2.7437e-07
PIMPLE: iteration 2
DILUPBiCG:  Solving for Ux, Initial residual = 0.0153815, Final residual = 9.07477e-05, No Iterations 1
DILUPBiCG:  Solving for Uy, Initial residual = 0.00269875, Final residual = 6.32282e-06, No Iterations 1
DILUPBiCG:  Solving for Uz, Initial residual = 0.00420685, Final residual = 1.6629e-05, No Iterations 1
GAMG:  Solving for p, Initial residual = 0.0520913, Final residual = 0.000484539, No Iterations 4
GAMG:  Solving for p, Initial residual = 0.00830072, Final residual = 7.28109e-05, No Iterations 18
GAMG:  Solving for p, Initial residual = 0.0037838, Final residual = 3.51139e-05, No Iterations 8
time step continuity errors : sum local = 4.33858e-07, global = -1.11683e-07, cumulative = 1.62687e-07
GAMG:  Solving for p, Initial residual = 0.0267863, Final residual = 0.000212758, No Iterations 4
GAMG:  Solving for p, Initial residual = 0.0040863, Final residual = 3.92029e-05, No Iterations 14
GAMG:  Solving for p, Initial residual = 0.00175433, Final residual = 1.7443e-05, No Iterations 10
time step continuity errors : sum local = 2.16772e-07, global = -5.56037e-08, cumulative = 1.07083e-07
PIMPLE: iteration 3
DILUPBiCG:  Solving for Ux, Initial residual = 0.00373138, Final residual = 2.12424e-06, No Iterations 2
DILUPBiCG:  Solving for Uy, Initial residual = 0.000672566, Final residual = 6.62598e-06, No Iterations 1
DILUPBiCG:  Solving for Uz, Initial residual = 0.00639731, Final residual = 3.57569e-06, No Iterations 2
GAMG:  Solving for p, Initial residual = 0.0389967, Final residual = 0.000363908, No Iterations 5
GAMG:  Solving for p, Initial residual = 0.00894151, Final residual = 7.67103e-05, No Iterations 13
GAMG:  Solving for p, Initial residual = 0.00429022, Final residual = 4.09738e-05, No Iterations 8
time step continuity errors : sum local = 5.69822e-07, global = -1.27978e-07, cumulative = -2.08944e-08
GAMG:  Solving for p, Initial residual = 0.00241385, Final residual = 2.39711e-05, No Iterations 18
GAMG:  Solving for p, Initial residual = 0.00133875, Final residual = 1.25354e-05, No Iterations 4
GAMG:  Solving for p, Initial residual = 0.000531831, Final residual = 9.33987e-07, No Iterations 36
time step continuity errors : sum local = 1.29282e-08, global = 3.80304e-09, cumulative = -1.70914e-08
DILUPBiCG:  Solving for omega, Initial residual = 0.000869369, Final residual = 1.40791e-06, No Iterations 1
DILUPBiCG:  Solving for k, Initial residual = 0.00461923, Final residual = 1.67178e-06, No Iterations 2
ExecutionTime = 29.43 s  ClockTime = 30 s

Courant Number mean: 0.200206 max: 0.446562
Time = 0.474

GAMG:  Solving for cellDisplacementx, Initial residual = 0, Final residual = 0, No Iterations 0
GAMG:  Solving for cellDisplacementy, Initial residual = 0, Final residual = 0, No Iterations 0
GAMG:  Solving for cellDisplacementz, Initial residual = 0, Final residual = 0, No Iterations 0
PIMPLE: iteration 1
DILUPBiCG:  Solving for Ux, Initial residual = 0.0549412, Final residual = 0.000222743, No Iterations 1
DILUPBiCG:  Solving for Uy, Initial residual = 0.00926421, Final residual = 2.16592e-05, No Iterations 1
DILUPBiCG:  Solving for Uz, Initial residual = 0.0200842, Final residual = 4.28345e-05, No Iterations 1
GAMG:  Solving for p, Initial residual = 0.121589, Final residual = 0.0010052, No Iterations 6
GAMG:  Solving for p, Initial residual = 0.0139255, Final residual = 0.000131098, No Iterations 20
GAMG:  Solving for p, Initial residual = 0.0063192, Final residual = 5.85118e-05, No Iterations 10
time step continuity errors : sum local = 8.69672e-07, global = 2.27622e-07, cumulative = 2.10531e-07
GAMG:  Solving for p, Initial residual = 0.0514331, Final residual = 0.000346871, No Iterations 6
GAMG:  Solving for p, Initial residual = 0.00700015, Final residual = 6.48173e-05, No Iterations 18
GAMG:  Solving for p, Initial residual = 0.00327248, Final residual = 2.94332e-05, No Iterations 10
time step continuity errors : sum local = 4.37848e-07, global = 1.1451e-07, cumulative = 3.25041e-07
PIMPLE: iteration 2
DILUPBiCG:  Solving for Ux, Initial residual = 0.0158436, Final residual = 9.36047e-05, No Iterations 1
DILUPBiCG:  Solving for Uy, Initial residual = 0.00279336, Final residual = 6.45824e-06, No Iterations 1
DILUPBiCG:  Solving for Uz, Initial residual = 0.00386228, Final residual = 1.38502e-05, No Iterations 1
GAMG:  Solving for p, Initial residual = 0.0513388, Final residual = 0.000487867, No Iterations 4
GAMG:  Solving for p, Initial residual = 0.00836809, Final residual = 7.88259e-05, No Iterations 18
GAMG:  Solving for p, Initial residual = 0.00398141, Final residual = 3.82278e-05, No Iterations 8
time step continuity errors : sum local = 4.84646e-07, global = -1.82628e-07, cumulative = 1.42413e-07
GAMG:  Solving for p, Initial residual = 0.0263839, Final residual = 0.000212259, No Iterations 4
GAMG:  Solving for p, Initial residual = 0.00413471, Final residual = 3.63268e-05, No Iterations 16
GAMG:  Solving for p, Initial residual = 0.00185, Final residual = 1.71933e-05, No Iterations 8
time step continuity errors : sum local = 2.19339e-07, global = -7.51248e-08, cumulative = 6.72879e-08
PIMPLE: iteration 3
DILUPBiCG:  Solving for Ux, Initial residual = 0.00388978, Final residual = 2.226e-06, No Iterations 2
DILUPBiCG:  Solving for Uy, Initial residual = 0.000688401, Final residual = 6.51598e-06, No Iterations 1
DILUPBiCG:  Solving for Uz, Initial residual = 0.00925297, Final residual = 3.29219e-06, No Iterations 2
GAMG:  Solving for p, Initial residual = 0.0390808, Final residual = 0.000324202, No Iterations 5
GAMG:  Solving for p, Initial residual = 0.00877676, Final residual = 8.44285e-05, No Iterations 13
GAMG:  Solving for p, Initial residual = 0.00424891, Final residual = 3.49547e-05, No Iterations 12
time step continuity errors : sum local = 4.99242e-07, global = -1.46346e-07, cumulative = -7.90582e-08
GAMG:  Solving for p, Initial residual = 0.00234941, Final residual = 2.24854e-05, No Iterations 18
GAMG:  Solving for p, Initial residual = 0.00130682, Final residual = 1.22326e-05, No Iterations 4
GAMG:  Solving for p, Initial residual = 0.000523759, Final residual = 9.22453e-07, No Iterations 34
time step continuity errors : sum local = 1.31109e-08, global = 3.85401e-09, cumulative = -7.52042e-08
DILUPBiCG:  Solving for omega, Initial residual = 0.000855974, Final residual = 1.24342e-06, No Iterations 1
DILUPBiCG:  Solving for k, Initial residual = 0.00452853, Final residual = 1.57537e-06, No Iterations 2
ExecutionTime = 41.93 s  ClockTime = 42 s

Courant Number mean: 0.194548 max: 0.433436
Time = 0.475

GAMG:  Solving for cellDisplacementx, Initial residual = 0, Final residual = 0, No Iterations 0
GAMG:  Solving for cellDisplacementy, Initial residual = 0, Final residual = 0, No Iterations 0
GAMG:  Solving for cellDisplacementz, Initial residual = 0, Final residual = 0, No Iterations 0
PIMPLE: iteration 1
DILUPBiCG:  Solving for Ux, Initial residual = 0.0571606, Final residual = 0.000229945, No Iterations 1
DILUPBiCG:  Solving for Uy, Initial residual = 0.00958718, Final residual = 2.20879e-05, No Iterations 1
DILUPBiCG:  Solving for Uz, Initial residual = 0.0166639, Final residual = 2.80867e-05, No Iterations 1
GAMG:  Solving for p, Initial residual = 0.11978, Final residual = 0.000934753, No Iterations 6
GAMG:  Solving for p, Initial residual = 0.0137197, Final residual = 0.000116589, No Iterations 20
GAMG:  Solving for p, Initial residual = 0.00608176, Final residual = 5.33701e-05, No Iterations 10
time step continuity errors : sum local = 8.02436e-07, global = 2.10194e-07, cumulative = 1.3499e-07
GAMG:  Solving for p, Initial residual = 0.0511276, Final residual = 0.000503643, No Iterations 4
GAMG:  Solving for p, Initial residual = 0.00689087, Final residual = 6.64135e-05, No Iterations 18
GAMG:  Solving for p, Initial residual = 0.00322366, Final residual = 3.17754e-05, No Iterations 10
time step continuity errors : sum local = 4.76969e-07, global = 1.26536e-07, cumulative = 2.61527e-07
PIMPLE: iteration 2
DILUPBiCG:  Solving for Ux, Initial residual = 0.0162368, Final residual = 9.64602e-05, No Iterations 1
DILUPBiCG:  Solving for Uy, Initial residual = 0.00288742, Final residual = 6.63141e-06, No Iterations 1
DILUPBiCG:  Solving for Uz, Initial residual = 0.00387079, Final residual = 1.4795e-05, No Iterations 1
GAMG:  Solving for p, Initial residual = 0.0509614, Final residual = 0.000483113, No Iterations 4
GAMG:  Solving for p, Initial residual = 0.00812877, Final residual = 7.29914e-05, No Iterations 18
GAMG:  Solving for p, Initial residual = 0.00368829, Final residual = 3.48258e-05, No Iterations 8
time step continuity errors : sum local = 4.45649e-07, global = -1.15158e-07, cumulative = 1.46369e-07
GAMG:  Solving for p, Initial residual = 0.0262603, Final residual = 0.000213713, No Iterations 4
GAMG:  Solving for p, Initial residual = 0.00403686, Final residual = 3.96414e-05, No Iterations 14
GAMG:  Solving for p, Initial residual = 0.00170814, Final residual = 1.46151e-05, No Iterations 12
time step continuity errors : sum local = 1.88077e-07, global = -5.39948e-08, cumulative = 9.23742e-08
PIMPLE: iteration 3
DILUPBiCG:  Solving for Ux, Initial residual = 0.00388364, Final residual = 2.33176e-06, No Iterations 2
DILUPBiCG:  Solving for Uy, Initial residual = 0.000708981, Final residual = 6.33955e-06, No Iterations 1
DILUPBiCG:  Solving for Uz, Initial residual = 0.00649037, Final residual = 3.67996e-06, No Iterations 2
GAMG:  Solving for p, Initial residual = 0.0393869, Final residual = 0.000372773, No Iterations 5
GAMG:  Solving for p, Initial residual = 0.00918892, Final residual = 8.01786e-05, No Iterations 9
GAMG:  Solving for p, Initial residual = 0.00427287, Final residual = 3.44387e-05, No Iterations 10
time step continuity errors : sum local = 4.95642e-07, global = -1.26998e-07, cumulative = -3.46234e-08
GAMG:  Solving for p, Initial residual = 0.00239864, Final residual = 2.37773e-05, No Iterations 18
GAMG:  Solving for p, Initial residual = 0.00132548, Final residual = 1.2714e-05, No Iterations 4
GAMG:  Solving for p, Initial residual = 0.000528691, Final residual = 9.187e-07, No Iterations 36
time step continuity errors : sum local = 1.31565e-08, global = 3.86711e-09, cumulative = -3.07563e-08
DILUPBiCG:  Solving for omega, Initial residual = 0.000874846, Final residual = 1.11521e-06, No Iterations 1
DILUPBiCG:  Solving for k, Initial residual = 0.00446022, Final residual = 1.48564e-06, No Iterations 2
ExecutionTime = 50.83 s  ClockTime = 51 s

End

