/*---------------------------------------------------------------------------*\
| =========                 |                                                 |
| \\      /  F ield         | OpenFOAM: The Open Source CFD Toolbox           |
|  \\    /   O peration     | Version:  2.3.1                                 |
|   \\  /    A nd           | Web:      www.OpenFOAM.org                      |
|    \\/     M anipulation  |                                                 |
\*---------------------------------------------------------------------------*/
Build  : 2.3.1-262087cdf8db
Exec   : pimpleDyMFoam
Date   : Jun 06 2023
Time   : 00:50:53
Host   : "jcosson-VirtualBox"
PID    : 14481
Case   : /home/jcosson/workspace/henersj_shootingdata/calcs/moderate_deformed/primal/100_intervals_05-06-23/sweep24/interval99
nProcs : 1
sigFpe : Enabling floating point exception trapping (FOAM_SIGFPE).
fileModificationChecking : Monitoring run-time modified files using timeStampMaster
allowSystemOperations : Allowing user-supplied system call operations

// * * * * * * * * * * * * * * * * * * * * * * * * * * * * * * * * * * * * * //
Create time

Create mesh for time = 0.498

Selecting dynamicFvMesh dynamicMotionSolverFvMesh
Selecting motion solver: displacementLaplacian
Selecting motion diffusion: quadratic
Selecting motion diffusion: quadratic
Selecting motion diffusion: inverseDistance

PIMPLE: no residual control data found. Calculations will employ 3 corrector loops

Reading field p

Reading field U

Reading/calculating face flux field phi

Selecting incompressible transport model Newtonian
Selecting turbulence model type RASModel
Selecting RAS turbulence model kOmegaSST
bounding k, min: 0 max: 0.000633797 average: 0.000151452
kOmegaSSTCoeffs
{
    alphaK1         0.85034;
    alphaK2         1;
    alphaOmega1     0.5;
    alphaOmega2     0.85616;
    gamma1          0.5532;
    gamma2          0.4403;
    beta1           0.075;
    beta2           0.0828;
    betaStar        0.09;
    a1              0.31;
    c1              10;
    Cmu             0.09;
    b1              1;
    F3              false;
}

Reading/calculating face velocity Uf

No finite volume options present

Courant Number mean: 0.098719 max: 0.221041

Starting time loop

Courant Number mean: 0.098719 max: 0.221041
Time = 0.499

GAMG:  Solving for cellDisplacementx, Initial residual = 0, Final residual = 0, No Iterations 0
GAMG:  Solving for cellDisplacementy, Initial residual = 0, Final residual = 0, No Iterations 0
GAMG:  Solving for cellDisplacementz, Initial residual = 0, Final residual = 0, No Iterations 0
PIMPLE: iteration 1
DILUPBiCG:  Solving for Ux, Initial residual = 0.014777, Final residual = 5.40553e-05, No Iterations 1
DILUPBiCG:  Solving for Uy, Initial residual = 0.00330141, Final residual = 6.76491e-06, No Iterations 1
DILUPBiCG:  Solving for Uz, Initial residual = 0.00908552, Final residual = 1.47446e-05, No Iterations 1
GAMG:  Solving for p, Initial residual = 0.0918199, Final residual = 0.000617274, No Iterations 4
GAMG:  Solving for p, Initial residual = 0.0218344, Final residual = 0.000198951, No Iterations 8
GAMG:  Solving for p, Initial residual = 0.0081019, Final residual = 6.72547e-05, No Iterations 12
time step continuity errors : sum local = 1.88248e-07, global = -5.29654e-08, cumulative = -5.29654e-08
GAMG:  Solving for p, Initial residual = 0.0475504, Final residual = 0.000288721, No Iterations 4
GAMG:  Solving for p, Initial residual = 0.0111181, Final residual = 9.75206e-05, No Iterations 8
GAMG:  Solving for p, Initial residual = 0.00390544, Final residual = 3.38424e-05, No Iterations 12
time step continuity errors : sum local = 9.46922e-08, global = -2.66631e-08, cumulative = -7.96285e-08
PIMPLE: iteration 2
DILUPBiCG:  Solving for Ux, Initial residual = 0.00303115, Final residual = 1.9801e-05, No Iterations 1
DILUPBiCG:  Solving for Uy, Initial residual = 0.000696266, Final residual = 1.87056e-06, No Iterations 1
DILUPBiCG:  Solving for Uz, Initial residual = 0.00332351, Final residual = 2.4825e-05, No Iterations 1
GAMG:  Solving for p, Initial residual = 0.0452419, Final residual = 0.000375669, No Iterations 8
GAMG:  Solving for p, Initial residual = 0.0283826, Final residual = 0.000270455, No Iterations 5
GAMG:  Solving for p, Initial residual = 0.00521298, Final residual = 4.46247e-05, No Iterations 21
time step continuity errors : sum local = 1.08453e-07, global = -3.13122e-08, cumulative = -1.10941e-07
GAMG:  Solving for p, Initial residual = 0.0246863, Final residual = 0.000224908, No Iterations 6
GAMG:  Solving for p, Initial residual = 0.0137573, Final residual = 0.000129751, No Iterations 6
GAMG:  Solving for p, Initial residual = 0.00265411, Final residual = 2.42598e-05, No Iterations 20
time step continuity errors : sum local = 5.90578e-08, global = -1.68017e-08, cumulative = -1.27742e-07
PIMPLE: iteration 3
DILUPBiCG:  Solving for Ux, Initial residual = 0.000232756, Final residual = 1.83279e-06, No Iterations 1
DILUPBiCG:  Solving for Uy, Initial residual = 8.25198e-05, Final residual = 6.97327e-07, No Iterations 1
DILUPBiCG:  Solving for Uz, Initial residual = 0.00181651, Final residual = 1.31751e-06, No Iterations 2
GAMG:  Solving for p, Initial residual = 0.0810892, Final residual = 0.00078678, No Iterations 3
GAMG:  Solving for p, Initial residual = 0.0141508, Final residual = 0.000127218, No Iterations 20
GAMG:  Solving for p, Initial residual = 0.0131492, Final residual = 0.000123972, No Iterations 4
time step continuity errors : sum local = 3.21129e-07, global = -5.75921e-08, cumulative = -1.85335e-07
GAMG:  Solving for p, Initial residual = 0.00367421, Final residual = 3.15151e-05, No Iterations 8
GAMG:  Solving for p, Initial residual = 0.00195326, Final residual = 1.92724e-05, No Iterations 4
GAMG:  Solving for p, Initial residual = 0.0006787, Final residual = 9.13282e-07, No Iterations 27
time step continuity errors : sum local = 2.32599e-09, global = 8.29633e-10, cumulative = -1.84505e-07
DILUPBiCG:  Solving for omega, Initial residual = 0.00145378, Final residual = 7.0614e-07, No Iterations 1
DILUPBiCG:  Solving for k, Initial residual = 0.00357331, Final residual = 6.49073e-07, No Iterations 2
bounding k, min: 0 max: 0.000621268 average: 0.000150599
ExecutionTime = 5.56 s  ClockTime = 5 s

End

