/*---------------------------------------------------------------------------*\
| =========                 |                                                 |
| \\      /  F ield         | OpenFOAM: The Open Source CFD Toolbox           |
|  \\    /   O peration     | Version:  2.3.1                                 |
|   \\  /    A nd           | Web:      www.OpenFOAM.org                      |
|    \\/     M anipulation  |                                                 |
\*---------------------------------------------------------------------------*/
Build  : 2.3.1-262087cdf8db
Exec   : pimpleDyMFoam
Date   : Jun 06 2023
Time   : 00:49:27
Host   : "jcosson-VirtualBox"
PID    : 14352
Case   : /home/jcosson/workspace/henersj_shootingdata/calcs/moderate_deformed/primal/100_intervals_05-06-23/sweep24/interval37
nProcs : 1
sigFpe : Enabling floating point exception trapping (FOAM_SIGFPE).
fileModificationChecking : Monitoring run-time modified files using timeStampMaster
allowSystemOperations : Allowing user-supplied system call operations

// * * * * * * * * * * * * * * * * * * * * * * * * * * * * * * * * * * * * * //
Create time

Create mesh for time = 0.436

Selecting dynamicFvMesh dynamicMotionSolverFvMesh
Selecting motion solver: displacementLaplacian
Selecting motion diffusion: quadratic
Selecting motion diffusion: quadratic
Selecting motion diffusion: inverseDistance

PIMPLE: no residual control data found. Calculations will employ 3 corrector loops

Reading field p

Reading field U

Reading/calculating face flux field phi

Selecting incompressible transport model Newtonian
Selecting turbulence model type RASModel
Selecting RAS turbulence model kOmegaSST
kOmegaSSTCoeffs
{
    alphaK1         0.85034;
    alphaK2         1;
    alphaOmega1     0.5;
    alphaOmega2     0.85616;
    gamma1          0.5532;
    gamma2          0.4403;
    beta1           0.075;
    beta2           0.0828;
    betaStar        0.09;
    a1              0.31;
    c1              10;
    Cmu             0.09;
    b1              1;
    F3              false;
}

Reading/calculating face velocity Uf

No finite volume options present

Courant Number mean: 0.246487 max: 0.538566

Starting time loop

Courant Number mean: 0.246487 max: 0.538566
Time = 0.437

GAMG:  Solving for cellDisplacementx, Initial residual = 0, Final residual = 0, No Iterations 0
GAMG:  Solving for cellDisplacementy, Initial residual = 0, Final residual = 0, No Iterations 0
GAMG:  Solving for cellDisplacementz, Initial residual = 0, Final residual = 0, No Iterations 0
PIMPLE: iteration 1
DILUPBiCG:  Solving for Ux, Initial residual = 0.0373062, Final residual = 0.000121514, No Iterations 1
DILUPBiCG:  Solving for Uy, Initial residual = 0.00586539, Final residual = 1.45228e-05, No Iterations 1
DILUPBiCG:  Solving for Uz, Initial residual = 0.013149, Final residual = 1.96523e-05, No Iterations 1
GAMG:  Solving for p, Initial residual = 0.117401, Final residual = 0.00100588, No Iterations 4
GAMG:  Solving for p, Initial residual = 0.0156505, Final residual = 0.000144975, No Iterations 16
GAMG:  Solving for p, Initial residual = 0.00683312, Final residual = 6.49863e-05, No Iterations 10
time step continuity errors : sum local = 7.93923e-07, global = -2.09369e-07, cumulative = -2.09369e-07
GAMG:  Solving for p, Initial residual = 0.0516684, Final residual = 0.000382173, No Iterations 4
GAMG:  Solving for p, Initial residual = 0.00767329, Final residual = 7.11185e-05, No Iterations 14
GAMG:  Solving for p, Initial residual = 0.00341937, Final residual = 3.39994e-05, No Iterations 10
time step continuity errors : sum local = 4.15538e-07, global = -1.10684e-07, cumulative = -3.20054e-07
PIMPLE: iteration 2
DILUPBiCG:  Solving for Ux, Initial residual = 0.0105202, Final residual = 4.08493e-05, No Iterations 1
DILUPBiCG:  Solving for Uy, Initial residual = 0.00169132, Final residual = 6.50924e-06, No Iterations 1
DILUPBiCG:  Solving for Uz, Initial residual = 0.00275516, Final residual = 8.25752e-06, No Iterations 1
GAMG:  Solving for p, Initial residual = 0.0516917, Final residual = 0.000500566, No Iterations 5
GAMG:  Solving for p, Initial residual = 0.0109304, Final residual = 9.86435e-05, No Iterations 13
GAMG:  Solving for p, Initial residual = 0.00426809, Final residual = 3.69685e-05, No Iterations 12
time step continuity errors : sum local = 3.8323e-07, global = 1.09796e-07, cumulative = -2.10258e-07
GAMG:  Solving for p, Initial residual = 0.0270345, Final residual = 0.000243986, No Iterations 4
GAMG:  Solving for p, Initial residual = 0.00526013, Final residual = 4.40507e-05, No Iterations 14
GAMG:  Solving for p, Initial residual = 0.00202689, Final residual = 2.02494e-05, No Iterations 10
time step continuity errors : sum local = 2.11276e-07, global = 5.34405e-08, cumulative = -1.56818e-07
PIMPLE: iteration 3
DILUPBiCG:  Solving for Ux, Initial residual = 0.00240378, Final residual = 1.01803e-06, No Iterations 2
DILUPBiCG:  Solving for Uy, Initial residual = 0.000392064, Final residual = 9.74892e-06, No Iterations 1
DILUPBiCG:  Solving for Uz, Initial residual = 0.00591241, Final residual = 8.23597e-08, No Iterations 3
GAMG:  Solving for p, Initial residual = 0.0442604, Final residual = 0.000373921, No Iterations 5
GAMG:  Solving for p, Initial residual = 0.0115979, Final residual = 0.000106078, No Iterations 10
GAMG:  Solving for p, Initial residual = 0.00502722, Final residual = 4.24856e-05, No Iterations 12
time step continuity errors : sum local = 4.92538e-07, global = 1.4461e-07, cumulative = -1.22078e-08
GAMG:  Solving for p, Initial residual = 0.00298341, Final residual = 2.62987e-05, No Iterations 18
GAMG:  Solving for p, Initial residual = 0.00177037, Final residual = 1.35787e-05, No Iterations 4
GAMG:  Solving for p, Initial residual = 0.000623563, Final residual = 8.81158e-07, No Iterations 38
time step continuity errors : sum local = 1.01828e-08, global = -3.00216e-09, cumulative = -1.521e-08
DILUPBiCG:  Solving for omega, Initial residual = 0.000999156, Final residual = 1.1491e-06, No Iterations 1
DILUPBiCG:  Solving for k, Initial residual = 0.0061702, Final residual = 1.33723e-06, No Iterations 2
ExecutionTime = 18.29 s  ClockTime = 18 s

End

