/*---------------------------------------------------------------------------*\
| =========                 |                                                 |
| \\      /  F ield         | OpenFOAM: The Open Source CFD Toolbox           |
|  \\    /   O peration     | Version:  2.3.1                                 |
|   \\  /    A nd           | Web:      www.OpenFOAM.org                      |
|    \\/     M anipulation  |                                                 |
\*---------------------------------------------------------------------------*/
Build  : 2.3.1-262087cdf8db
Exec   : pimpleDyMFoam
Date   : Jun 06 2023
Time   : 00:50:37
Host   : "jcosson-VirtualBox"
PID    : 14460
Case   : /home/jcosson/workspace/henersj_shootingdata/calcs/moderate_deformed/primal/100_intervals_05-06-23/sweep24/interval89
nProcs : 1
sigFpe : Enabling floating point exception trapping (FOAM_SIGFPE).
fileModificationChecking : Monitoring run-time modified files using timeStampMaster
allowSystemOperations : Allowing user-supplied system call operations

// * * * * * * * * * * * * * * * * * * * * * * * * * * * * * * * * * * * * * //
Create time

Create mesh for time = 0.488

Selecting dynamicFvMesh dynamicMotionSolverFvMesh
Selecting motion solver: displacementLaplacian
Selecting motion diffusion: quadratic
Selecting motion diffusion: quadratic
Selecting motion diffusion: inverseDistance

PIMPLE: no residual control data found. Calculations will employ 3 corrector loops

Reading field p

Reading field U

Reading/calculating face flux field phi

Selecting incompressible transport model Newtonian
Selecting turbulence model type RASModel
Selecting RAS turbulence model kOmegaSST
bounding k, min: 0 max: 0.000686793 average: 0.00015877
kOmegaSSTCoeffs
{
    alphaK1         0.85034;
    alphaK2         1;
    alphaOmega1     0.5;
    alphaOmega2     0.85616;
    gamma1          0.5532;
    gamma2          0.4403;
    beta1           0.075;
    beta2           0.0828;
    betaStar        0.09;
    a1              0.31;
    c1              10;
    Cmu             0.09;
    b1              1;
    F3              false;
}

Reading/calculating face velocity Uf

No finite volume options present

Courant Number mean: 0.122916 max: 0.278823

Starting time loop

Courant Number mean: 0.122916 max: 0.278823
Time = 0.489

GAMG:  Solving for cellDisplacementx, Initial residual = 0, Final residual = 0, No Iterations 0
GAMG:  Solving for cellDisplacementy, Initial residual = 0, Final residual = 0, No Iterations 0
GAMG:  Solving for cellDisplacementz, Initial residual = 0, Final residual = 0, No Iterations 0
PIMPLE: iteration 1
DILUPBiCG:  Solving for Ux, Initial residual = 0.0571833, Final residual = 0.000211451, No Iterations 1
DILUPBiCG:  Solving for Uy, Initial residual = 0.0113839, Final residual = 2.32755e-05, No Iterations 1
DILUPBiCG:  Solving for Uz, Initial residual = 0.0183805, Final residual = 1.73356e-05, No Iterations 1
GAMG:  Solving for p, Initial residual = 0.117613, Final residual = 0.000836011, No Iterations 4
GAMG:  Solving for p, Initial residual = 0.0165123, Final residual = 0.000147362, No Iterations 18
GAMG:  Solving for p, Initial residual = 0.0079423, Final residual = 7.324e-05, No Iterations 4
time step continuity errors : sum local = 8.42642e-07, global = 2.97091e-07, cumulative = 2.97091e-07
GAMG:  Solving for p, Initial residual = 0.0528099, Final residual = 0.000350315, No Iterations 4
GAMG:  Solving for p, Initial residual = 0.00814613, Final residual = 7.5301e-05, No Iterations 16
GAMG:  Solving for p, Initial residual = 0.00398501, Final residual = 3.71677e-05, No Iterations 4
time step continuity errors : sum local = 4.3043e-07, global = 1.42837e-07, cumulative = 4.39928e-07
PIMPLE: iteration 2
DILUPBiCG:  Solving for Ux, Initial residual = 0.0148334, Final residual = 8.58465e-05, No Iterations 1
DILUPBiCG:  Solving for Uy, Initial residual = 0.00304798, Final residual = 6.25881e-06, No Iterations 1
DILUPBiCG:  Solving for Uz, Initial residual = 0.00298104, Final residual = 8.38628e-06, No Iterations 1
GAMG:  Solving for p, Initial residual = 0.0517545, Final residual = 0.000490832, No Iterations 4
GAMG:  Solving for p, Initial residual = 0.0105102, Final residual = 0.00010454, No Iterations 14
GAMG:  Solving for p, Initial residual = 0.00480904, Final residual = 4.80148e-05, No Iterations 4
time step continuity errors : sum local = 4.84578e-07, global = -1.81189e-07, cumulative = 2.58739e-07
GAMG:  Solving for p, Initial residual = 0.0270834, Final residual = 0.000234732, No Iterations 4
GAMG:  Solving for p, Initial residual = 0.00543274, Final residual = 5.41891e-05, No Iterations 12
GAMG:  Solving for p, Initial residual = 0.00238032, Final residual = 2.14979e-05, No Iterations 4
time step continuity errors : sum local = 2.17524e-07, global = -8.0701e-08, cumulative = 1.78038e-07
PIMPLE: iteration 3
DILUPBiCG:  Solving for Ux, Initial residual = 0.00317161, Final residual = 2.55173e-06, No Iterations 2
DILUPBiCG:  Solving for Uy, Initial residual = 0.000705774, Final residual = 4.83353e-06, No Iterations 1
DILUPBiCG:  Solving for Uz, Initial residual = 0.00611914, Final residual = 2.14291e-06, No Iterations 2
GAMG:  Solving for p, Initial residual = 0.0451035, Final residual = 0.000330026, No Iterations 5
GAMG:  Solving for p, Initial residual = 0.0102344, Final residual = 9.29635e-05, No Iterations 14
GAMG:  Solving for p, Initial residual = 0.00521321, Final residual = 4.44912e-05, No Iterations 10
time step continuity errors : sum local = 5.0275e-07, global = -1.31549e-07, cumulative = 4.64889e-08
GAMG:  Solving for p, Initial residual = 0.00253706, Final residual = 1.58255e-05, No Iterations 6
GAMG:  Solving for p, Initial residual = 0.0013505, Final residual = 1.17161e-05, No Iterations 4
GAMG:  Solving for p, Initial residual = 0.000561261, Final residual = 9.94227e-07, No Iterations 23
time step continuity errors : sum local = 1.11095e-08, global = 3.2722e-09, cumulative = 4.97611e-08
DILUPBiCG:  Solving for omega, Initial residual = 0.00131179, Final residual = 7.99184e-07, No Iterations 1
DILUPBiCG:  Solving for k, Initial residual = 0.00382509, Final residual = 6.30602e-07, No Iterations 2
bounding k, min: 0 max: 0.000678844 average: 0.000157728
ExecutionTime = 15.65 s  ClockTime = 16 s

End

