/*---------------------------------------------------------------------------*\
| =========                 |                                                 |
| \\      /  F ield         | OpenFOAM: The Open Source CFD Toolbox           |
|  \\    /   O peration     | Version:  2.3.1                                 |
|   \\  /    A nd           | Web:      www.OpenFOAM.org                      |
|    \\/     M anipulation  |                                                 |
\*---------------------------------------------------------------------------*/
Build  : 2.3.1-262087cdf8db
Exec   : pimpleDyMFoam
Date   : Jun 06 2023
Time   : 00:50:34
Host   : "jcosson-VirtualBox"
PID    : 14448
Case   : /home/jcosson/workspace/henersj_shootingdata/calcs/moderate_deformed/primal/100_intervals_05-06-23/sweep24/interval83
nProcs : 1
sigFpe : Enabling floating point exception trapping (FOAM_SIGFPE).
fileModificationChecking : Monitoring run-time modified files using timeStampMaster
allowSystemOperations : Allowing user-supplied system call operations

// * * * * * * * * * * * * * * * * * * * * * * * * * * * * * * * * * * * * * //
Create time

Create mesh for time = 0.482

Selecting dynamicFvMesh dynamicMotionSolverFvMesh
Selecting motion solver: displacementLaplacian
Selecting motion diffusion: quadratic
Selecting motion diffusion: quadratic
Selecting motion diffusion: inverseDistance

PIMPLE: no residual control data found. Calculations will employ 3 corrector loops

Reading field p

Reading field U

Reading/calculating face flux field phi

Selecting incompressible transport model Newtonian
Selecting turbulence model type RASModel
Selecting RAS turbulence model kOmegaSST
bounding k, min: 0 max: 0.000744402 average: 0.000163706
kOmegaSSTCoeffs
{
    alphaK1         0.85034;
    alphaK2         1;
    alphaOmega1     0.5;
    alphaOmega2     0.85616;
    gamma1          0.5532;
    gamma2          0.4403;
    beta1           0.075;
    beta2           0.0828;
    betaStar        0.09;
    a1              0.31;
    c1              10;
    Cmu             0.09;
    b1              1;
    F3              false;
}

Reading/calculating face velocity Uf

No finite volume options present

Courant Number mean: 0.150496 max: 0.340082

Starting time loop

Courant Number mean: 0.150496 max: 0.340082
Time = 0.483

GAMG:  Solving for cellDisplacementx, Initial residual = 0, Final residual = 0, No Iterations 0
GAMG:  Solving for cellDisplacementy, Initial residual = 0, Final residual = 0, No Iterations 0
GAMG:  Solving for cellDisplacementz, Initial residual = 0, Final residual = 0, No Iterations 0
PIMPLE: iteration 1
DILUPBiCG:  Solving for Ux, Initial residual = 0.0643145, Final residual = 0.000247067, No Iterations 1
DILUPBiCG:  Solving for Uy, Initial residual = 0.0117871, Final residual = 2.49673e-05, No Iterations 1
DILUPBiCG:  Solving for Uz, Initial residual = 0.0171383, Final residual = 2.13046e-05, No Iterations 1
GAMG:  Solving for p, Initial residual = 0.12151, Final residual = 0.00111248, No Iterations 4
GAMG:  Solving for p, Initial residual = 0.015839, Final residual = 0.000157317, No Iterations 18
GAMG:  Solving for p, Initial residual = 0.007438, Final residual = 7.38923e-05, No Iterations 4
time step continuity errors : sum local = 1.07038e-06, global = 4.10662e-07, cumulative = 4.10662e-07
GAMG:  Solving for p, Initial residual = 0.0533778, Final residual = 0.00045598, No Iterations 4
GAMG:  Solving for p, Initial residual = 0.00789301, Final residual = 7.8406e-05, No Iterations 16
GAMG:  Solving for p, Initial residual = 0.00375006, Final residual = 3.45009e-05, No Iterations 10
time step continuity errors : sum local = 5.02002e-07, global = 1.28498e-07, cumulative = 5.3916e-07
PIMPLE: iteration 2
DILUPBiCG:  Solving for Ux, Initial residual = 0.017428, Final residual = 0.000103573, No Iterations 1
DILUPBiCG:  Solving for Uy, Initial residual = 0.00334089, Final residual = 7.07561e-06, No Iterations 1
DILUPBiCG:  Solving for Uz, Initial residual = 0.00305316, Final residual = 1.06604e-05, No Iterations 1
GAMG:  Solving for p, Initial residual = 0.0527191, Final residual = 0.000480441, No Iterations 4
GAMG:  Solving for p, Initial residual = 0.00957165, Final residual = 8.64678e-05, No Iterations 16
GAMG:  Solving for p, Initial residual = 0.00436593, Final residual = 4.17918e-05, No Iterations 8
time step continuity errors : sum local = 5.26222e-07, global = -1.30014e-07, cumulative = 4.09146e-07
GAMG:  Solving for p, Initial residual = 0.0273054, Final residual = 0.000218364, No Iterations 4
GAMG:  Solving for p, Initial residual = 0.00483918, Final residual = 4.23535e-05, No Iterations 14
GAMG:  Solving for p, Initial residual = 0.00209295, Final residual = 2.04081e-05, No Iterations 8
time step continuity errors : sum local = 2.58079e-07, global = -5.79209e-08, cumulative = 3.51225e-07
PIMPLE: iteration 3
DILUPBiCG:  Solving for Ux, Initial residual = 0.0039515, Final residual = 2.93315e-06, No Iterations 2
DILUPBiCG:  Solving for Uy, Initial residual = 0.000796239, Final residual = 5.16064e-06, No Iterations 1
DILUPBiCG:  Solving for Uz, Initial residual = 0.00702235, Final residual = 2.7769e-06, No Iterations 2
GAMG:  Solving for p, Initial residual = 0.0422557, Final residual = 0.000352123, No Iterations 5
GAMG:  Solving for p, Initial residual = 0.00974101, Final residual = 9.72856e-05, No Iterations 10
GAMG:  Solving for p, Initial residual = 0.00466041, Final residual = 4.60811e-05, No Iterations 10
time step continuity errors : sum local = 6.51685e-07, global = -1.69798e-07, cumulative = 1.81428e-07
GAMG:  Solving for p, Initial residual = 0.00243039, Final residual = 1.79196e-05, No Iterations 6
GAMG:  Solving for p, Initial residual = 0.0013065, Final residual = 1.13704e-05, No Iterations 4
GAMG:  Solving for p, Initial residual = 0.000548965, Final residual = 9.86907e-07, No Iterations 22
time step continuity errors : sum local = 1.38361e-08, global = 3.91684e-09, cumulative = 1.85344e-07
DILUPBiCG:  Solving for omega, Initial residual = 0.00106871, Final residual = 8.27458e-07, No Iterations 1
DILUPBiCG:  Solving for k, Initial residual = 0.00406056, Final residual = 7.26623e-07, No Iterations 2
bounding k, min: 0 max: 0.000732927 average: 0.000162558
ExecutionTime = 12.3 s  ClockTime = 13 s

End

