/*---------------------------------------------------------------------------*\
| =========                 |                                                 |
| \\      /  F ield         | OpenFOAM: The Open Source CFD Toolbox           |
|  \\    /   O peration     | Version:  2.3.1                                 |
|   \\  /    A nd           | Web:      www.OpenFOAM.org                      |
|    \\/     M anipulation  |                                                 |
\*---------------------------------------------------------------------------*/
Build  : 2.3.1-262087cdf8db
Exec   : pimpleDyMFoam
Date   : Jun 06 2023
Time   : 00:50:37
Host   : "jcosson-VirtualBox"
PID    : 14456
Case   : /home/jcosson/workspace/henersj_shootingdata/calcs/moderate_deformed/primal/100_intervals_05-06-23/sweep24/interval87
nProcs : 1
sigFpe : Enabling floating point exception trapping (FOAM_SIGFPE).
fileModificationChecking : Monitoring run-time modified files using timeStampMaster
allowSystemOperations : Allowing user-supplied system call operations

// * * * * * * * * * * * * * * * * * * * * * * * * * * * * * * * * * * * * * //
Create time

Create mesh for time = 0.486

Selecting dynamicFvMesh dynamicMotionSolverFvMesh
Selecting motion solver: displacementLaplacian
Selecting motion diffusion: quadratic
Selecting motion diffusion: quadratic
Selecting motion diffusion: inverseDistance

PIMPLE: no residual control data found. Calculations will employ 3 corrector loops

Reading field p

Reading field U

Reading/calculating face flux field phi

Selecting incompressible transport model Newtonian
Selecting turbulence model type RASModel
Selecting RAS turbulence model kOmegaSST
bounding k, min: 0 max: 0.000702338 average: 0.000160363
kOmegaSSTCoeffs
{
    alphaK1         0.85034;
    alphaK2         1;
    alphaOmega1     0.5;
    alphaOmega2     0.85616;
    gamma1          0.5532;
    gamma2          0.4403;
    beta1           0.075;
    beta2           0.0828;
    betaStar        0.09;
    a1              0.31;
    c1              10;
    Cmu             0.09;
    b1              1;
    F3              false;
}

Reading/calculating face velocity Uf

No finite volume options present

Courant Number mean: 0.131251 max: 0.297557

Starting time loop

Courant Number mean: 0.131251 max: 0.297557
Time = 0.487

GAMG:  Solving for cellDisplacementx, Initial residual = 0, Final residual = 0, No Iterations 0
GAMG:  Solving for cellDisplacementy, Initial residual = 0, Final residual = 0, No Iterations 0
GAMG:  Solving for cellDisplacementz, Initial residual = 0, Final residual = 0, No Iterations 0
PIMPLE: iteration 1
DILUPBiCG:  Solving for Ux, Initial residual = 0.0610936, Final residual = 0.000228462, No Iterations 1
DILUPBiCG:  Solving for Uy, Initial residual = 0.0118238, Final residual = 2.44183e-05, No Iterations 1
DILUPBiCG:  Solving for Uz, Initial residual = 0.0185388, Final residual = 1.84769e-05, No Iterations 1
GAMG:  Solving for p, Initial residual = 0.11977, Final residual = 0.000940633, No Iterations 4
GAMG:  Solving for p, Initial residual = 0.0163959, Final residual = 0.000151185, No Iterations 18
GAMG:  Solving for p, Initial residual = 0.00779512, Final residual = 7.10174e-05, No Iterations 4
time step continuity errors : sum local = 9.03425e-07, global = 3.07674e-07, cumulative = 3.07674e-07
GAMG:  Solving for p, Initial residual = 0.0533243, Final residual = 0.000389654, No Iterations 4
GAMG:  Solving for p, Initial residual = 0.00810623, Final residual = 7.65075e-05, No Iterations 16
GAMG:  Solving for p, Initial residual = 0.00391695, Final residual = 3.67195e-05, No Iterations 4
time step continuity errors : sum local = 4.69844e-07, global = 1.60149e-07, cumulative = 4.67822e-07
PIMPLE: iteration 2
DILUPBiCG:  Solving for Ux, Initial residual = 0.0160745, Final residual = 9.39659e-05, No Iterations 1
DILUPBiCG:  Solving for Uy, Initial residual = 0.00322629, Final residual = 6.68193e-06, No Iterations 1
DILUPBiCG:  Solving for Uz, Initial residual = 0.00303209, Final residual = 9.27237e-06, No Iterations 1
GAMG:  Solving for p, Initial residual = 0.052474, Final residual = 0.000481008, No Iterations 4
GAMG:  Solving for p, Initial residual = 0.0101246, Final residual = 8.7469e-05, No Iterations 16
GAMG:  Solving for p, Initial residual = 0.00464225, Final residual = 4.46559e-05, No Iterations 6
time step continuity errors : sum local = 4.96717e-07, global = -1.22012e-07, cumulative = 3.45811e-07
GAMG:  Solving for p, Initial residual = 0.0273131, Final residual = 0.000223252, No Iterations 4
GAMG:  Solving for p, Initial residual = 0.00516969, Final residual = 4.39493e-05, No Iterations 14
GAMG:  Solving for p, Initial residual = 0.00227533, Final residual = 1.94044e-05, No Iterations 4
time step continuity errors : sum local = 2.16618e-07, global = -8.00686e-08, cumulative = 2.65742e-07
PIMPLE: iteration 3
DILUPBiCG:  Solving for Ux, Initial residual = 0.00352789, Final residual = 2.70076e-06, No Iterations 2
DILUPBiCG:  Solving for Uy, Initial residual = 0.000760284, Final residual = 4.8165e-06, No Iterations 1
DILUPBiCG:  Solving for Uz, Initial residual = 0.00652912, Final residual = 2.32028e-06, No Iterations 2
GAMG:  Solving for p, Initial residual = 0.0439665, Final residual = 0.00032777, No Iterations 5
GAMG:  Solving for p, Initial residual = 0.00998184, Final residual = 8.7311e-05, No Iterations 14
GAMG:  Solving for p, Initial residual = 0.00500468, Final residual = 4.00321e-05, No Iterations 10
time step continuity errors : sum local = 4.99467e-07, global = -1.30126e-07, cumulative = 1.35616e-07
GAMG:  Solving for p, Initial residual = 0.00248464, Final residual = 2.43301e-05, No Iterations 6
GAMG:  Solving for p, Initial residual = 0.00131507, Final residual = 1.25846e-05, No Iterations 11
GAMG:  Solving for p, Initial residual = 0.000570464, Final residual = 8.98974e-07, No Iterations 23
time step continuity errors : sum local = 1.11022e-08, global = 3.28886e-09, cumulative = 1.38905e-07
DILUPBiCG:  Solving for omega, Initial residual = 0.00123924, Final residual = 8.17338e-07, No Iterations 1
DILUPBiCG:  Solving for k, Initial residual = 0.0038975, Final residual = 6.48977e-07, No Iterations 2
bounding k, min: 0 max: 0.000685573 average: 0.000159283
ExecutionTime = 16.51 s  ClockTime = 17 s

End

