/*---------------------------------------------------------------------------*\
| =========                 |                                                 |
| \\      /  F ield         | OpenFOAM: The Open Source CFD Toolbox           |
|  \\    /   O peration     | Version:  2.3.1                                 |
|   \\  /    A nd           | Web:      www.OpenFOAM.org                      |
|    \\/     M anipulation  |                                                 |
\*---------------------------------------------------------------------------*/
Build  : 2.3.1-262087cdf8db
Exec   : pimpleDyMFoam
Date   : Jun 06 2023
Time   : 00:49:45
Host   : "jcosson-VirtualBox"
PID    : 14364
Case   : /home/jcosson/workspace/henersj_shootingdata/calcs/moderate_deformed/primal/100_intervals_05-06-23/sweep24/interval41
nProcs : 1
sigFpe : Enabling floating point exception trapping (FOAM_SIGFPE).
fileModificationChecking : Monitoring run-time modified files using timeStampMaster
allowSystemOperations : Allowing user-supplied system call operations

// * * * * * * * * * * * * * * * * * * * * * * * * * * * * * * * * * * * * * //
Create time

Create mesh for time = 0.44

Selecting dynamicFvMesh dynamicMotionSolverFvMesh
Selecting motion solver: displacementLaplacian
Selecting motion diffusion: quadratic
Selecting motion diffusion: quadratic
Selecting motion diffusion: inverseDistance

PIMPLE: no residual control data found. Calculations will employ 3 corrector loops

Reading field p

Reading field U

Reading/calculating face flux field phi

Selecting incompressible transport model Newtonian
Selecting turbulence model type RASModel
Selecting RAS turbulence model kOmegaSST
kOmegaSSTCoeffs
{
    alphaK1         0.85034;
    alphaK2         1;
    alphaOmega1     0.5;
    alphaOmega2     0.85616;
    gamma1          0.5532;
    gamma2          0.4403;
    beta1           0.075;
    beta2           0.0828;
    betaStar        0.09;
    a1              0.31;
    c1              10;
    Cmu             0.09;
    b1              1;
    F3              false;
}

Reading/calculating face velocity Uf

No finite volume options present

Courant Number mean: 0.262248 max: 0.574963

Starting time loop

Courant Number mean: 0.262248 max: 0.574963
Time = 0.441

GAMG:  Solving for cellDisplacementx, Initial residual = 0, Final residual = 0, No Iterations 0
GAMG:  Solving for cellDisplacementy, Initial residual = 0, Final residual = 0, No Iterations 0
GAMG:  Solving for cellDisplacementz, Initial residual = 0, Final residual = 0, No Iterations 0
PIMPLE: iteration 1
DILUPBiCG:  Solving for Ux, Initial residual = 0.027395, Final residual = 9.21368e-05, No Iterations 1
DILUPBiCG:  Solving for Uy, Initial residual = 0.00427418, Final residual = 1.17314e-05, No Iterations 1
DILUPBiCG:  Solving for Uz, Initial residual = 0.012381, Final residual = 2.16247e-05, No Iterations 1
GAMG:  Solving for p, Initial residual = 0.117519, Final residual = 0.000808696, No Iterations 4
GAMG:  Solving for p, Initial residual = 0.0164679, Final residual = 0.000150172, No Iterations 14
GAMG:  Solving for p, Initial residual = 0.00712033, Final residual = 6.93889e-05, No Iterations 10
time step continuity errors : sum local = 6.71079e-07, global = -1.78658e-07, cumulative = -1.78658e-07
GAMG:  Solving for p, Initial residual = 0.0525549, Final residual = 0.000315092, No Iterations 4
GAMG:  Solving for p, Initial residual = 0.00803627, Final residual = 7.58369e-05, No Iterations 12
GAMG:  Solving for p, Initial residual = 0.00353822, Final residual = 2.95438e-05, No Iterations 12
time step continuity errors : sum local = 2.86246e-07, global = -8.54337e-08, cumulative = -2.64092e-07
PIMPLE: iteration 2
DILUPBiCG:  Solving for Ux, Initial residual = 0.00765527, Final residual = 2.98566e-05, No Iterations 1
DILUPBiCG:  Solving for Uy, Initial residual = 0.00122734, Final residual = 6.19529e-06, No Iterations 1
DILUPBiCG:  Solving for Uz, Initial residual = 0.00296247, Final residual = 8.87503e-06, No Iterations 1
GAMG:  Solving for p, Initial residual = 0.0524704, Final residual = 0.000509984, No Iterations 5
GAMG:  Solving for p, Initial residual = 0.0126225, Final residual = 0.000124078, No Iterations 11
GAMG:  Solving for p, Initial residual = 0.004649, Final residual = 4.16729e-05, No Iterations 14
time step continuity errors : sum local = 3.43289e-07, global = 1.05691e-07, cumulative = -1.58401e-07
GAMG:  Solving for p, Initial residual = 0.0276764, Final residual = 0.000259472, No Iterations 4
GAMG:  Solving for p, Initial residual = 0.00603136, Final residual = 5.57602e-05, No Iterations 12
GAMG:  Solving for p, Initial residual = 0.00219725, Final residual = 2.19118e-05, No Iterations 12
time step continuity errors : sum local = 1.81608e-07, global = 5.25496e-08, cumulative = -1.05851e-07
PIMPLE: iteration 3
DILUPBiCG:  Solving for Ux, Initial residual = 0.00166982, Final residual = 5.60845e-07, No Iterations 2
DILUPBiCG:  Solving for Uy, Initial residual = 0.000273713, Final residual = 9.08208e-06, No Iterations 1
DILUPBiCG:  Solving for Uz, Initial residual = 0.00486121, Final residual = 3.95248e-06, No Iterations 2
GAMG:  Solving for p, Initial residual = 0.0473779, Final residual = 0.000382912, No Iterations 5
GAMG:  Solving for p, Initial residual = 0.0127706, Final residual = 0.000126126, No Iterations 10
GAMG:  Solving for p, Initial residual = 0.00548885, Final residual = 5.11917e-05, No Iterations 12
time step continuity errors : sum local = 4.69704e-07, global = 1.39196e-07, cumulative = 3.33451e-08
GAMG:  Solving for p, Initial residual = 0.00338421, Final residual = 3.02617e-05, No Iterations 16
GAMG:  Solving for p, Initial residual = 0.0020028, Final residual = 1.57939e-05, No Iterations 4
GAMG:  Solving for p, Initial residual = 0.000679838, Final residual = 8.84285e-07, No Iterations 40
time step continuity errors : sum local = 8.0833e-09, global = -2.39236e-09, cumulative = 3.09528e-08
DILUPBiCG:  Solving for omega, Initial residual = 0.00113549, Final residual = 1.38749e-06, No Iterations 1
DILUPBiCG:  Solving for k, Initial residual = 0.0063951, Final residual = 1.25502e-06, No Iterations 2
ExecutionTime = 17.17 s  ClockTime = 17 s

End

