/*---------------------------------------------------------------------------*\
| =========                 |                                                 |
| \\      /  F ield         | OpenFOAM: The Open Source CFD Toolbox           |
|  \\    /   O peration     | Version:  2.3.1                                 |
|   \\  /    A nd           | Web:      www.OpenFOAM.org                      |
|    \\/     M anipulation  |                                                 |
\*---------------------------------------------------------------------------*/
Build  : 2.3.1-262087cdf8db
Exec   : pimpleDyMFoam
Date   : Jun 06 2023
Time   : 00:50:32
Host   : "jcosson-VirtualBox"
PID    : 14446
Case   : /home/jcosson/workspace/henersj_shootingdata/calcs/moderate_deformed/primal/100_intervals_05-06-23/sweep24/interval82
nProcs : 1
sigFpe : Enabling floating point exception trapping (FOAM_SIGFPE).
fileModificationChecking : Monitoring run-time modified files using timeStampMaster
allowSystemOperations : Allowing user-supplied system call operations

// * * * * * * * * * * * * * * * * * * * * * * * * * * * * * * * * * * * * * //
Create time

Create mesh for time = 0.481

Selecting dynamicFvMesh dynamicMotionSolverFvMesh
Selecting motion solver: displacementLaplacian
Selecting motion diffusion: quadratic
Selecting motion diffusion: quadratic
Selecting motion diffusion: inverseDistance

PIMPLE: no residual control data found. Calculations will employ 3 corrector loops

Reading field p

Reading field U

Reading/calculating face flux field phi

Selecting incompressible transport model Newtonian
Selecting turbulence model type RASModel
Selecting RAS turbulence model kOmegaSST
bounding k, min: 0 max: 0.000751645 average: 0.000164566
kOmegaSSTCoeffs
{
    alphaK1         0.85034;
    alphaK2         1;
    alphaOmega1     0.5;
    alphaOmega2     0.85616;
    gamma1          0.5532;
    gamma2          0.4403;
    beta1           0.075;
    beta2           0.0828;
    betaStar        0.09;
    a1              0.31;
    c1              10;
    Cmu             0.09;
    b1              1;
    F3              false;
}

Reading/calculating face velocity Uf

No finite volume options present

Courant Number mean: 0.155734 max: 0.351525

Starting time loop

Courant Number mean: 0.155734 max: 0.351525
Time = 0.482

GAMG:  Solving for cellDisplacementx, Initial residual = 0, Final residual = 0, No Iterations 0
GAMG:  Solving for cellDisplacementy, Initial residual = 0, Final residual = 0, No Iterations 0
GAMG:  Solving for cellDisplacementz, Initial residual = 0, Final residual = 0, No Iterations 0
PIMPLE: iteration 1
DILUPBiCG:  Solving for Ux, Initial residual = 0.0642676, Final residual = 0.000248662, No Iterations 1
DILUPBiCG:  Solving for Uy, Initial residual = 0.0116322, Final residual = 2.48076e-05, No Iterations 1
DILUPBiCG:  Solving for Uz, Initial residual = 0.0165384, Final residual = 2.19083e-05, No Iterations 1
GAMG:  Solving for p, Initial residual = 0.121531, Final residual = 0.00114904, No Iterations 4
GAMG:  Solving for p, Initial residual = 0.0156554, Final residual = 0.000135045, No Iterations 20
GAMG:  Solving for p, Initial residual = 0.00731967, Final residual = 6.16748e-05, No Iterations 4
time step continuity errors : sum local = 9.12823e-07, global = 3.29766e-07, cumulative = 3.29766e-07
GAMG:  Solving for p, Initial residual = 0.0531595, Final residual = 0.000460493, No Iterations 4
GAMG:  Solving for p, Initial residual = 0.00780264, Final residual = 6.71649e-05, No Iterations 18
GAMG:  Solving for p, Initial residual = 0.00370673, Final residual = 3.34277e-05, No Iterations 4
time step continuity errors : sum local = 4.96477e-07, global = 1.85978e-07, cumulative = 5.15744e-07
PIMPLE: iteration 2
DILUPBiCG:  Solving for Ux, Initial residual = 0.0174882, Final residual = 0.000104466, No Iterations 1
DILUPBiCG:  Solving for Uy, Initial residual = 0.00331385, Final residual = 7.05785e-06, No Iterations 1
DILUPBiCG:  Solving for Uz, Initial residual = 0.00309921, Final residual = 1.08795e-05, No Iterations 1
GAMG:  Solving for p, Initial residual = 0.0526124, Final residual = 0.000472185, No Iterations 4
GAMG:  Solving for p, Initial residual = 0.00935958, Final residual = 8.59431e-05, No Iterations 16
GAMG:  Solving for p, Initial residual = 0.00426656, Final residual = 4.15881e-05, No Iterations 8
time step continuity errors : sum local = 5.33672e-07, global = -1.34078e-07, cumulative = 3.81665e-07
GAMG:  Solving for p, Initial residual = 0.0271917, Final residual = 0.00021384, No Iterations 4
GAMG:  Solving for p, Initial residual = 0.00472993, Final residual = 4.18621e-05, No Iterations 14
GAMG:  Solving for p, Initial residual = 0.00204363, Final residual = 2.0389e-05, No Iterations 8
time step continuity errors : sum local = 2.62786e-07, global = -6.00735e-08, cumulative = 3.21592e-07
PIMPLE: iteration 3
DILUPBiCG:  Solving for Ux, Initial residual = 0.00401644, Final residual = 2.92983e-06, No Iterations 2
DILUPBiCG:  Solving for Uy, Initial residual = 0.000796507, Final residual = 5.27889e-06, No Iterations 1
DILUPBiCG:  Solving for Uz, Initial residual = 0.00704249, Final residual = 2.88027e-06, No Iterations 2
GAMG:  Solving for p, Initial residual = 0.0419964, Final residual = 0.000353685, No Iterations 5
GAMG:  Solving for p, Initial residual = 0.00963699, Final residual = 9.08558e-05, No Iterations 10
GAMG:  Solving for p, Initial residual = 0.00461136, Final residual = 4.18438e-05, No Iterations 10
time step continuity errors : sum local = 6.02812e-07, global = -1.56622e-07, cumulative = 1.6497e-07
GAMG:  Solving for p, Initial residual = 0.00241153, Final residual = 2.19463e-05, No Iterations 12
GAMG:  Solving for p, Initial residual = 0.00131275, Final residual = 1.2112e-05, No Iterations 4
GAMG:  Solving for p, Initial residual = 0.000542164, Final residual = 8.64267e-07, No Iterations 32
time step continuity errors : sum local = 1.2348e-08, global = 3.64973e-09, cumulative = 1.6862e-07
DILUPBiCG:  Solving for omega, Initial residual = 0.00102257, Final residual = 8.23482e-07, No Iterations 1
DILUPBiCG:  Solving for k, Initial residual = 0.00409936, Final residual = 7.59618e-07, No Iterations 2
bounding k, min: 0 max: 0.000741485 average: 0.000163407
ExecutionTime = 12.13 s  ClockTime = 12 s

End

