/*---------------------------------------------------------------------------*\
| =========                 |                                                 |
| \\      /  F ield         | OpenFOAM: The Open Source CFD Toolbox           |
|  \\    /   O peration     | Version:  2.3.1                                 |
|   \\  /    A nd           | Web:      www.OpenFOAM.org                      |
|    \\/     M anipulation  |                                                 |
\*---------------------------------------------------------------------------*/
Build  : 2.3.1-262087cdf8db
Exec   : pimpleDyMFoam
Date   : Jun 06 2023
Time   : 10:52:00
Host   : "jcosson-VirtualBox"
PID    : 8202
Case   : /home/jcosson/workspace/henersj_shootingdata/calcs/moderate_deformed/primal/28_intervals_05-06-23/sweep9/interval13
nProcs : 1
sigFpe : Enabling floating point exception trapping (FOAM_SIGFPE).
fileModificationChecking : Monitoring run-time modified files using timeStampMaster
allowSystemOperations : Allowing user-supplied system call operations

// * * * * * * * * * * * * * * * * * * * * * * * * * * * * * * * * * * * * * //
Create time

Create mesh for time = 0.443

Selecting dynamicFvMesh dynamicMotionSolverFvMesh
Selecting motion solver: displacementLaplacian
Selecting motion diffusion: quadratic
Selecting motion diffusion: quadratic
Selecting motion diffusion: inverseDistance

PIMPLE: no residual control data found. Calculations will employ 3 corrector loops

Reading field p

Reading field U

Reading/calculating face flux field phi

Selecting incompressible transport model Newtonian
Selecting turbulence model type RASModel
Selecting RAS turbulence model kOmegaSST
kOmegaSSTCoeffs
{
    alphaK1         0.85034;
    alphaK2         1;
    alphaOmega1     0.5;
    alphaOmega2     0.85616;
    gamma1          0.5532;
    gamma2          0.4403;
    beta1           0.075;
    beta2           0.0828;
    betaStar        0.09;
    a1              0.31;
    c1              10;
    Cmu             0.09;
    b1              1;
    F3              false;
}

Reading/calculating face velocity Uf

No finite volume options present

Courant Number mean: 0.271145 max: 0.59719

Starting time loop

Courant Number mean: 0.271145 max: 0.59719
Time = 0.444

GAMG:  Solving for cellDisplacementx, Initial residual = 0, Final residual = 0, No Iterations 0
GAMG:  Solving for cellDisplacementy, Initial residual = 0, Final residual = 0, No Iterations 0
GAMG:  Solving for cellDisplacementz, Initial residual = 0, Final residual = 0, No Iterations 0
PIMPLE: iteration 1
DILUPBiCG:  Solving for Ux, Initial residual = 0.0197337, Final residual = 6.96751e-05, No Iterations 1
DILUPBiCG:  Solving for Uy, Initial residual = 0.00307466, Final residual = 9.54918e-06, No Iterations 1
DILUPBiCG:  Solving for Uz, Initial residual = 0.0114403, Final residual = 2.31661e-05, No Iterations 1
GAMG:  Solving for p, Initial residual = 0.118961, Final residual = 0.000572298, No Iterations 4
GAMG:  Solving for p, Initial residual = 0.0172901, Final residual = 0.000152823, No Iterations 12
GAMG:  Solving for p, Initial residual = 0.00754029, Final residual = 7.07113e-05, No Iterations 10
time step continuity errors : sum local = 5.29371e-07, global = -1.41624e-07, cumulative = -1.41624e-07
GAMG:  Solving for p, Initial residual = 0.0544434, Final residual = 0.00023746, No Iterations 4
GAMG:  Solving for p, Initial residual = 0.00842368, Final residual = 8.05913e-05, No Iterations 10
GAMG:  Solving for p, Initial residual = 0.00375716, Final residual = 3.69372e-05, No Iterations 10
time step continuity errors : sum local = 2.7759e-07, global = -7.46752e-08, cumulative = -2.16299e-07
PIMPLE: iteration 2
DILUPBiCG:  Solving for Ux, Initial residual = 0.0053955, Final residual = 2.23751e-05, No Iterations 1
DILUPBiCG:  Solving for Uy, Initial residual = 0.000866506, Final residual = 6.18381e-06, No Iterations 1
DILUPBiCG:  Solving for Uz, Initial residual = 0.00323421, Final residual = 1.11815e-05, No Iterations 1
GAMG:  Solving for p, Initial residual = 0.0543735, Final residual = 0.000509034, No Iterations 5
GAMG:  Solving for p, Initial residual = 0.0148268, Final residual = 0.000131234, No Iterations 11
GAMG:  Solving for p, Initial residual = 0.00504732, Final residual = 4.49584e-05, No Iterations 14
time step continuity errors : sum local = 2.89072e-07, global = 8.81013e-08, cumulative = -1.28198e-07
GAMG:  Solving for p, Initial residual = 0.0288694, Final residual = 0.000269939, No Iterations 4
GAMG:  Solving for p, Initial residual = 0.00704346, Final residual = 6.95041e-05, No Iterations 10
GAMG:  Solving for p, Initial residual = 0.00237481, Final residual = 2.2374e-05, No Iterations 14
time step continuity errors : sum local = 1.44838e-07, global = 4.3266e-08, cumulative = -8.49321e-08
PIMPLE: iteration 3
DILUPBiCG:  Solving for Ux, Initial residual = 0.00109604, Final residual = 7.71305e-06, No Iterations 1
DILUPBiCG:  Solving for Uy, Initial residual = 0.000182448, Final residual = 6.61042e-06, No Iterations 1
DILUPBiCG:  Solving for Uz, Initial residual = 0.00369789, Final residual = 1.06568e-06, No Iterations 2
GAMG:  Solving for p, Initial residual = 0.0521971, Final residual = 0.000392126, No Iterations 5
GAMG:  Solving for p, Initial residual = 0.0141973, Final residual = 0.000120756, No Iterations 12
GAMG:  Solving for p, Initial residual = 0.00620306, Final residual = 6.06129e-05, No Iterations 10
time step continuity errors : sum local = 4.30918e-07, global = 1.14719e-07, cumulative = 2.97867e-08
GAMG:  Solving for p, Initial residual = 0.00386891, Final residual = 3.71611e-05, No Iterations 10
GAMG:  Solving for p, Initial residual = 0.00228744, Final residual = 2.09175e-05, No Iterations 4
GAMG:  Solving for p, Initial residual = 0.000751907, Final residual = 9.59165e-07, No Iterations 42
time step continuity errors : sum local = 6.78966e-09, global = -2.01e-09, cumulative = 2.77767e-08
DILUPBiCG:  Solving for omega, Initial residual = 0.00117504, Final residual = 1.50452e-06, No Iterations 1
DILUPBiCG:  Solving for k, Initial residual = 0.00628847, Final residual = 1.01955e-06, No Iterations 2
ExecutionTime = 17.67 s  ClockTime = 17 s

Courant Number mean: 0.273449 max: 0.602853
Time = 0.445

GAMG:  Solving for cellDisplacementx, Initial residual = 0, Final residual = 0, No Iterations 0
GAMG:  Solving for cellDisplacementy, Initial residual = 0, Final residual = 0, No Iterations 0
GAMG:  Solving for cellDisplacementz, Initial residual = 0, Final residual = 0, No Iterations 0
PIMPLE: iteration 1
DILUPBiCG:  Solving for Ux, Initial residual = 0.0171488, Final residual = 6.22742e-05, No Iterations 1
DILUPBiCG:  Solving for Uy, Initial residual = 0.0026558, Final residual = 8.70448e-06, No Iterations 1
DILUPBiCG:  Solving for Uz, Initial residual = 0.0095284, Final residual = 2.18677e-05, No Iterations 1
GAMG:  Solving for p, Initial residual = 0.0958697, Final residual = 0.000507599, No Iterations 4
GAMG:  Solving for p, Initial residual = 0.0132121, Final residual = 0.000119279, No Iterations 14
GAMG:  Solving for p, Initial residual = 0.00628407, Final residual = 5.55157e-05, No Iterations 10
time step continuity errors : sum local = 3.71864e-07, global = -9.86266e-08, cumulative = -7.08499e-08
GAMG:  Solving for p, Initial residual = 0.0442939, Final residual = 0.000206163, No Iterations 4
GAMG:  Solving for p, Initial residual = 0.00637439, Final residual = 6.22373e-05, No Iterations 12
GAMG:  Solving for p, Initial residual = 0.0031092, Final residual = 2.95793e-05, No Iterations 10
time step continuity errors : sum local = 1.9888e-07, global = -5.36819e-08, cumulative = -1.24532e-07
PIMPLE: iteration 2
DILUPBiCG:  Solving for Ux, Initial residual = 0.00462848, Final residual = 2.02888e-05, No Iterations 1
DILUPBiCG:  Solving for Uy, Initial residual = 0.000744213, Final residual = 6.29166e-06, No Iterations 1
DILUPBiCG:  Solving for Uz, Initial residual = 0.00336973, Final residual = 1.22918e-05, No Iterations 1
GAMG:  Solving for p, Initial residual = 0.0423566, Final residual = 0.000350963, No Iterations 6
GAMG:  Solving for p, Initial residual = 0.01369, Final residual = 0.000120502, No Iterations 12
GAMG:  Solving for p, Initial residual = 0.00416082, Final residual = 4.14573e-05, No Iterations 14
time step continuity errors : sum local = 2.38988e-07, global = 7.30307e-08, cumulative = -5.15011e-08
GAMG:  Solving for p, Initial residual = 0.0225037, Final residual = 0.000148163, No Iterations 6
GAMG:  Solving for p, Initial residual = 0.00646501, Final residual = 5.91722e-05, No Iterations 10
GAMG:  Solving for p, Initial residual = 0.00178505, Final residual = 1.66412e-05, No Iterations 16
time step continuity errors : sum local = 9.6618e-08, global = 2.8593e-08, cumulative = -2.29081e-08
PIMPLE: iteration 3
DILUPBiCG:  Solving for Ux, Initial residual = 0.000899092, Final residual = 6.95455e-06, No Iterations 1
DILUPBiCG:  Solving for Uy, Initial residual = 0.000151795, Final residual = 5.06413e-06, No Iterations 1
DILUPBiCG:  Solving for Uz, Initial residual = 0.0035667, Final residual = 1.00793e-06, No Iterations 2
GAMG:  Solving for p, Initial residual = 0.0527991, Final residual = 0.000396047, No Iterations 5
GAMG:  Solving for p, Initial residual = 0.0144565, Final residual = 0.000128176, No Iterations 12
GAMG:  Solving for p, Initial residual = 0.00642434, Final residual = 6.40231e-05, No Iterations 10
time step continuity errors : sum local = 4.07192e-07, global = 1.0902e-07, cumulative = 8.61123e-08
GAMG:  Solving for p, Initial residual = 0.00394563, Final residual = 2.5136e-05, No Iterations 6
GAMG:  Solving for p, Initial residual = 0.00241557, Final residual = 2.04975e-05, No Iterations 4
GAMG:  Solving for p, Initial residual = 0.000779098, Final residual = 9.66173e-07, No Iterations 33
time step continuity errors : sum local = 6.11958e-09, global = -1.79406e-09, cumulative = 8.43183e-08
DILUPBiCG:  Solving for omega, Initial residual = 0.00117819, Final residual = 1.53075e-06, No Iterations 1
DILUPBiCG:  Solving for k, Initial residual = 0.00619332, Final residual = 9.73318e-07, No Iterations 2
ExecutionTime = 33.07 s  ClockTime = 33 s

Courant Number mean: 0.275418 max: 0.60775
Time = 0.446

GAMG:  Solving for cellDisplacementx, Initial residual = 0, Final residual = 0, No Iterations 0
GAMG:  Solving for cellDisplacementy, Initial residual = 0, Final residual = 0, No Iterations 0
GAMG:  Solving for cellDisplacementz, Initial residual = 0, Final residual = 0, No Iterations 0
PIMPLE: iteration 1
DILUPBiCG:  Solving for Ux, Initial residual = 0.0145552, Final residual = 5.50202e-05, No Iterations 1
DILUPBiCG:  Solving for Uy, Initial residual = 0.00226283, Final residual = 8.04275e-06, No Iterations 1
DILUPBiCG:  Solving for Uz, Initial residual = 0.0100678, Final residual = 2.33965e-05, No Iterations 1
GAMG:  Solving for p, Initial residual = 0.0942233, Final residual = 0.000368713, No Iterations 4
GAMG:  Solving for p, Initial residual = 0.0125598, Final residual = 0.000109549, No Iterations 14
GAMG:  Solving for p, Initial residual = 0.00636308, Final residual = 5.60797e-05, No Iterations 4
time step continuity errors : sum local = 3.29206e-07, global = -1.17788e-07, cumulative = -3.34699e-08
GAMG:  Solving for p, Initial residual = 0.0440191, Final residual = 0.00043128, No Iterations 3
GAMG:  Solving for p, Initial residual = 0.00613565, Final residual = 5.52791e-05, No Iterations 13
GAMG:  Solving for p, Initial residual = 0.00317296, Final residual = 3.15691e-05, No Iterations 8
time step continuity errors : sum local = 1.86203e-07, global = -4.15379e-08, cumulative = -7.50077e-08
PIMPLE: iteration 2
DILUPBiCG:  Solving for Ux, Initial residual = 0.00386023, Final residual = 1.85455e-05, No Iterations 1
DILUPBiCG:  Solving for Uy, Initial residual = 0.000623035, Final residual = 6.52609e-06, No Iterations 1
DILUPBiCG:  Solving for Uz, Initial residual = 0.00341251, Final residual = 1.29011e-05, No Iterations 1
GAMG:  Solving for p, Initial residual = 0.0418473, Final residual = 0.000353233, No Iterations 6
GAMG:  Solving for p, Initial residual = 0.0155054, Final residual = 0.000147917, No Iterations 10
GAMG:  Solving for p, Initial residual = 0.00426415, Final residual = 4.1862e-05, No Iterations 16
time step continuity errors : sum local = 2.12536e-07, global = 6.2185e-08, cumulative = -1.28227e-08
GAMG:  Solving for p, Initial residual = 0.0221502, Final residual = 0.00014901, No Iterations 6
GAMG:  Solving for p, Initial residual = 0.00723648, Final residual = 5.96961e-05, No Iterations 10
GAMG:  Solving for p, Initial residual = 0.00187636, Final residual = 1.68492e-05, No Iterations 16
time step continuity errors : sum local = 8.6022e-08, global = 2.49086e-08, cumulative = 1.20858e-08
PIMPLE: iteration 3
DILUPBiCG:  Solving for Ux, Initial residual = 0.000705136, Final residual = 6.25113e-06, No Iterations 1
DILUPBiCG:  Solving for Uy, Initial residual = 0.00012101, Final residual = 3.51195e-06, No Iterations 1
DILUPBiCG:  Solving for Uz, Initial residual = 0.00295096, Final residual = 9.32018e-07, No Iterations 2
GAMG:  Solving for p, Initial residual = 0.0557243, Final residual = 0.000404443, No Iterations 5
GAMG:  Solving for p, Initial residual = 0.0152409, Final residual = 0.00013742, No Iterations 12
GAMG:  Solving for p, Initial residual = 0.00693332, Final residual = 6.85635e-05, No Iterations 10
time step continuity errors : sum local = 3.81898e-07, global = 1.02561e-07, cumulative = 1.14647e-07
GAMG:  Solving for p, Initial residual = 0.00423298, Final residual = 3.77792e-05, No Iterations 6
GAMG:  Solving for p, Initial residual = 0.00259275, Final residual = 2.55917e-05, No Iterations 4
GAMG:  Solving for p, Initial residual = 0.000815581, Final residual = 8.83552e-07, No Iterations 35
time step continuity errors : sum local = 4.89721e-09, global = -1.45583e-09, cumulative = 1.13191e-07
DILUPBiCG:  Solving for omega, Initial residual = 0.00117388, Final residual = 1.54668e-06, No Iterations 1
DILUPBiCG:  Solving for k, Initial residual = 0.00608051, Final residual = 9.44559e-07, No Iterations 2
ExecutionTime = 47.96 s  ClockTime = 48 s

End

