/*---------------------------------------------------------------------------*\
| =========                 |                                                 |
| \\      /  F ield         | OpenFOAM: The Open Source CFD Toolbox           |
|  \\    /   O peration     | Version:  2.3.1                                 |
|   \\  /    A nd           | Web:      www.OpenFOAM.org                      |
|    \\/     M anipulation  |                                                 |
\*---------------------------------------------------------------------------*/
Build  : 2.3.1-262087cdf8db
Exec   : pimpleDyMFoam
Date   : Jun 06 2023
Time   : 10:52:00
Host   : "jcosson-VirtualBox"
PID    : 8212
Case   : /home/jcosson/workspace/henersj_shootingdata/calcs/moderate_deformed/primal/28_intervals_05-06-23/sweep9/interval17
nProcs : 1
sigFpe : Enabling floating point exception trapping (FOAM_SIGFPE).
fileModificationChecking : Monitoring run-time modified files using timeStampMaster
allowSystemOperations : Allowing user-supplied system call operations

// * * * * * * * * * * * * * * * * * * * * * * * * * * * * * * * * * * * * * //
Create time

Create mesh for time = 0.457

Selecting dynamicFvMesh dynamicMotionSolverFvMesh
Selecting motion solver: displacementLaplacian
Selecting motion diffusion: quadratic
Selecting motion diffusion: quadratic
Selecting motion diffusion: inverseDistance

PIMPLE: no residual control data found. Calculations will employ 3 corrector loops

Reading field p

Reading field U

Reading/calculating face flux field phi

Selecting incompressible transport model Newtonian
Selecting turbulence model type RASModel
Selecting RAS turbulence model kOmegaSST
kOmegaSSTCoeffs
{
    alphaK1         0.85034;
    alphaK2         1;
    alphaOmega1     0.5;
    alphaOmega2     0.85616;
    gamma1          0.5532;
    gamma2          0.4403;
    beta1           0.075;
    beta2           0.0828;
    betaStar        0.09;
    a1              0.31;
    c1              10;
    Cmu             0.09;
    b1              1;
    F3              false;
}

Reading/calculating face velocity Uf

No finite volume options present

Courant Number mean: 0.27121 max: 0.599603

Starting time loop

Courant Number mean: 0.27121 max: 0.599603
Time = 0.458

GAMG:  Solving for cellDisplacementx, Initial residual = 0, Final residual = 0, No Iterations 0
GAMG:  Solving for cellDisplacementy, Initial residual = 0, Final residual = 0, No Iterations 0
GAMG:  Solving for cellDisplacementz, Initial residual = 0, Final residual = 0, No Iterations 0
PIMPLE: iteration 1
DILUPBiCG:  Solving for Ux, Initial residual = 0.0169022, Final residual = 6.47847e-05, No Iterations 1
DILUPBiCG:  Solving for Uy, Initial residual = 0.00271037, Final residual = 6.46954e-06, No Iterations 1
DILUPBiCG:  Solving for Uz, Initial residual = 0.0153202, Final residual = 3.92455e-05, No Iterations 1
GAMG:  Solving for p, Initial residual = 0.176786, Final residual = 0.00150983, No Iterations 6
GAMG:  Solving for p, Initial residual = 0.0234004, Final residual = 0.000231203, No Iterations 16
GAMG:  Solving for p, Initial residual = 0.0093003, Final residual = 8.94188e-05, No Iterations 12
time step continuity errors : sum local = 5.88318e-07, global = 1.77158e-07, cumulative = 1.77158e-07
GAMG:  Solving for p, Initial residual = 0.0706341, Final residual = 0.000473921, No Iterations 6
GAMG:  Solving for p, Initial residual = 0.0115671, Final residual = 0.000108042, No Iterations 14
GAMG:  Solving for p, Initial residual = 0.00481781, Final residual = 4.32533e-05, No Iterations 12
time step continuity errors : sum local = 2.82874e-07, global = 8.45984e-08, cumulative = 2.61757e-07
PIMPLE: iteration 2
DILUPBiCG:  Solving for Ux, Initial residual = 0.00555353, Final residual = 2.44926e-05, No Iterations 1
DILUPBiCG:  Solving for Uy, Initial residual = 0.000928837, Final residual = 3.32503e-06, No Iterations 1
DILUPBiCG:  Solving for Uz, Initial residual = 0.00418632, Final residual = 1.24404e-05, No Iterations 1
GAMG:  Solving for p, Initial residual = 0.0729922, Final residual = 0.000301402, No Iterations 4
GAMG:  Solving for p, Initial residual = 0.0124636, Final residual = 0.000123016, No Iterations 11
GAMG:  Solving for p, Initial residual = 0.00571446, Final residual = 5.02928e-05, No Iterations 5
time step continuity errors : sum local = 2.80493e-07, global = -8.27643e-08, cumulative = 1.78992e-07
GAMG:  Solving for p, Initial residual = 0.0364455, Final residual = 0.000324189, No Iterations 3
GAMG:  Solving for p, Initial residual = 0.00612079, Final residual = 5.95954e-05, No Iterations 6
GAMG:  Solving for p, Initial residual = 0.00275151, Final residual = 2.41084e-05, No Iterations 6
time step continuity errors : sum local = 1.35065e-07, global = 3.8322e-08, cumulative = 2.17314e-07
PIMPLE: iteration 3
DILUPBiCG:  Solving for Ux, Initial residual = 0.00162995, Final residual = 3.45452e-07, No Iterations 2
DILUPBiCG:  Solving for Uy, Initial residual = 0.000270984, Final residual = 5.51127e-06, No Iterations 1
DILUPBiCG:  Solving for Uz, Initial residual = 0.00391252, Final residual = 9.02599e-07, No Iterations 2
GAMG:  Solving for p, Initial residual = 0.0474946, Final residual = 0.000469758, No Iterations 4
GAMG:  Solving for p, Initial residual = 0.0110241, Final residual = 9.79571e-05, No Iterations 14
GAMG:  Solving for p, Initial residual = 0.0050945, Final residual = 4.94536e-05, No Iterations 4
time step continuity errors : sum local = 3.04077e-07, global = -1.10204e-07, cumulative = 1.0711e-07
GAMG:  Solving for p, Initial residual = 0.00349329, Final residual = 2.36868e-05, No Iterations 6
GAMG:  Solving for p, Initial residual = 0.00192693, Final residual = 1.64969e-05, No Iterations 4
GAMG:  Solving for p, Initial residual = 0.000718817, Final residual = 9.54171e-07, No Iterations 29
time step continuity errors : sum local = 5.85721e-09, global = 1.74273e-09, cumulative = 1.08853e-07
DILUPBiCG:  Solving for omega, Initial residual = 0.000758841, Final residual = 1.23591e-06, No Iterations 1
DILUPBiCG:  Solving for k, Initial residual = 0.00473449, Final residual = 1.36226e-06, No Iterations 2
ExecutionTime = 17.19 s  ClockTime = 17 s

Courant Number mean: 0.268618 max: 0.594136
Time = 0.459

GAMG:  Solving for cellDisplacementx, Initial residual = 0, Final residual = 0, No Iterations 0
GAMG:  Solving for cellDisplacementy, Initial residual = 0, Final residual = 0, No Iterations 0
GAMG:  Solving for cellDisplacementz, Initial residual = 0, Final residual = 0, No Iterations 0
PIMPLE: iteration 1
DILUPBiCG:  Solving for Ux, Initial residual = 0.0195201, Final residual = 7.64107e-05, No Iterations 1
DILUPBiCG:  Solving for Uy, Initial residual = 0.00310412, Final residual = 7.29796e-06, No Iterations 1
DILUPBiCG:  Solving for Uz, Initial residual = 0.0139036, Final residual = 3.66436e-05, No Iterations 1
GAMG:  Solving for p, Initial residual = 0.141362, Final residual = 0.00128903, No Iterations 8
GAMG:  Solving for p, Initial residual = 0.0177352, Final residual = 0.000161763, No Iterations 18
GAMG:  Solving for p, Initial residual = 0.00696105, Final residual = 6.44035e-05, No Iterations 12
time step continuity errors : sum local = 4.70505e-07, global = 1.41048e-07, cumulative = 2.499e-07
GAMG:  Solving for p, Initial residual = 0.0563032, Final residual = 0.000460695, No Iterations 6
GAMG:  Solving for p, Initial residual = 0.00870289, Final residual = 7.69256e-05, No Iterations 18
GAMG:  Solving for p, Initial residual = 0.00370223, Final residual = 3.36978e-05, No Iterations 10
time step continuity errors : sum local = 2.44418e-07, global = 6.38726e-08, cumulative = 3.13773e-07
PIMPLE: iteration 2
DILUPBiCG:  Solving for Ux, Initial residual = 0.00631687, Final residual = 2.74936e-05, No Iterations 1
DILUPBiCG:  Solving for Uy, Initial residual = 0.00105448, Final residual = 3.43923e-06, No Iterations 1
DILUPBiCG:  Solving for Uz, Initial residual = 0.00407526, Final residual = 1.21224e-05, No Iterations 1
GAMG:  Solving for p, Initial residual = 0.0578165, Final residual = 0.000348644, No Iterations 4
GAMG:  Solving for p, Initial residual = 0.00940595, Final residual = 8.93383e-05, No Iterations 14
GAMG:  Solving for p, Initial residual = 0.00450812, Final residual = 4.15343e-05, No Iterations 8
time step continuity errors : sum local = 2.5556e-07, global = -9.02767e-08, cumulative = 2.23496e-07
GAMG:  Solving for p, Initial residual = 0.0289458, Final residual = 0.000147681, No Iterations 4
GAMG:  Solving for p, Initial residual = 0.00450988, Final residual = 4.12581e-05, No Iterations 12
GAMG:  Solving for p, Initial residual = 0.00209314, Final residual = 1.81669e-05, No Iterations 8
time step continuity errors : sum local = 1.12274e-07, global = -3.81414e-08, cumulative = 1.85355e-07
PIMPLE: iteration 3
DILUPBiCG:  Solving for Ux, Initial residual = 0.00180682, Final residual = 3.54049e-07, No Iterations 2
DILUPBiCG:  Solving for Uy, Initial residual = 0.000298625, Final residual = 5.99952e-06, No Iterations 1
DILUPBiCG:  Solving for Uz, Initial residual = 0.00434876, Final residual = 9.81278e-07, No Iterations 2
GAMG:  Solving for p, Initial residual = 0.0427839, Final residual = 0.000347501, No Iterations 5
GAMG:  Solving for p, Initial residual = 0.0100353, Final residual = 9.66107e-05, No Iterations 13
GAMG:  Solving for p, Initial residual = 0.00461972, Final residual = 4.16869e-05, No Iterations 10
time step continuity errors : sum local = 2.84057e-07, global = -7.39747e-08, cumulative = 1.1138e-07
GAMG:  Solving for p, Initial residual = 0.00311273, Final residual = 2.61972e-05, No Iterations 12
GAMG:  Solving for p, Initial residual = 0.00180377, Final residual = 1.6987e-05, No Iterations 4
GAMG:  Solving for p, Initial residual = 0.000656527, Final residual = 9.7229e-07, No Iterations 36
time step continuity errors : sum local = 6.61761e-09, global = 1.95082e-09, cumulative = 1.13331e-07
DILUPBiCG:  Solving for omega, Initial residual = 0.000716585, Final residual = 1.21891e-06, No Iterations 1
DILUPBiCG:  Solving for k, Initial residual = 0.00477881, Final residual = 1.25258e-06, No Iterations 2
ExecutionTime = 33.17 s  ClockTime = 33 s

Courant Number mean: 0.26571 max: 0.587924
Time = 0.46

GAMG:  Solving for cellDisplacementx, Initial residual = 0, Final residual = 0, No Iterations 0
GAMG:  Solving for cellDisplacementy, Initial residual = 0, Final residual = 0, No Iterations 0
GAMG:  Solving for cellDisplacementz, Initial residual = 0, Final residual = 0, No Iterations 0
PIMPLE: iteration 1
DILUPBiCG:  Solving for Ux, Initial residual = 0.0221509, Final residual = 8.81989e-05, No Iterations 1
DILUPBiCG:  Solving for Uy, Initial residual = 0.00351817, Final residual = 8.24563e-06, No Iterations 1
DILUPBiCG:  Solving for Uz, Initial residual = 0.0138863, Final residual = 3.67222e-05, No Iterations 1
GAMG:  Solving for p, Initial residual = 0.138751, Final residual = 0.00124286, No Iterations 8
GAMG:  Solving for p, Initial residual = 0.0168983, Final residual = 0.000158063, No Iterations 18
GAMG:  Solving for p, Initial residual = 0.00670662, Final residual = 6.34386e-05, No Iterations 12
time step continuity errors : sum local = 5.07931e-07, global = 1.52326e-07, cumulative = 2.65657e-07
GAMG:  Solving for p, Initial residual = 0.0556097, Final residual = 0.000447003, No Iterations 6
GAMG:  Solving for p, Initial residual = 0.00834831, Final residual = 7.5264e-05, No Iterations 18
GAMG:  Solving for p, Initial residual = 0.00358245, Final residual = 3.36817e-05, No Iterations 10
time step continuity errors : sum local = 2.67892e-07, global = 7.00069e-08, cumulative = 3.35664e-07
PIMPLE: iteration 2
DILUPBiCG:  Solving for Ux, Initial residual = 0.00707389, Final residual = 3.17722e-05, No Iterations 1
DILUPBiCG:  Solving for Uy, Initial residual = 0.00118045, Final residual = 3.57397e-06, No Iterations 1
DILUPBiCG:  Solving for Uz, Initial residual = 0.00402, Final residual = 1.19804e-05, No Iterations 1
GAMG:  Solving for p, Initial residual = 0.0570246, Final residual = 0.000381222, No Iterations 4
GAMG:  Solving for p, Initial residual = 0.00921505, Final residual = 9.16871e-05, No Iterations 14
GAMG:  Solving for p, Initial residual = 0.00438505, Final residual = 4.21567e-05, No Iterations 8
time step continuity errors : sum local = 2.83812e-07, global = -9.6482e-08, cumulative = 2.39182e-07
GAMG:  Solving for p, Initial residual = 0.0286429, Final residual = 0.000160302, No Iterations 4
GAMG:  Solving for p, Initial residual = 0.00441095, Final residual = 4.2264e-05, No Iterations 12
GAMG:  Solving for p, Initial residual = 0.00202743, Final residual = 1.86746e-05, No Iterations 8
time step continuity errors : sum local = 1.26315e-07, global = -4.10066e-08, cumulative = 1.98176e-07
PIMPLE: iteration 3
DILUPBiCG:  Solving for Ux, Initial residual = 0.00198329, Final residual = 4.77349e-07, No Iterations 2
DILUPBiCG:  Solving for Uy, Initial residual = 0.000327681, Final residual = 6.35774e-06, No Iterations 1
DILUPBiCG:  Solving for Uz, Initial residual = 0.00482178, Final residual = 1.09025e-06, No Iterations 2
GAMG:  Solving for p, Initial residual = 0.0418318, Final residual = 0.000344946, No Iterations 5
GAMG:  Solving for p, Initial residual = 0.00973442, Final residual = 8.41612e-05, No Iterations 15
GAMG:  Solving for p, Initial residual = 0.00451457, Final residual = 4.5054e-05, No Iterations 4
time step continuity errors : sum local = 3.3671e-07, global = -1.17516e-07, cumulative = 8.06597e-08
GAMG:  Solving for p, Initial residual = 0.00296595, Final residual = 2.58965e-05, No Iterations 14
GAMG:  Solving for p, Initial residual = 0.00167816, Final residual = 1.38626e-05, No Iterations 4
GAMG:  Solving for p, Initial residual = 0.000631249, Final residual = 8.97815e-07, No Iterations 36
time step continuity errors : sum local = 6.70462e-09, global = 1.97727e-09, cumulative = 8.2637e-08
DILUPBiCG:  Solving for omega, Initial residual = 0.000676544, Final residual = 1.21337e-06, No Iterations 1
DILUPBiCG:  Solving for k, Initial residual = 0.00482208, Final residual = 1.23863e-06, No Iterations 2
ExecutionTime = 48.8 s  ClockTime = 49 s

Courant Number mean: 0.262498 max: 0.580992
Time = 0.461

GAMG:  Solving for cellDisplacementx, Initial residual = 0, Final residual = 0, No Iterations 0
GAMG:  Solving for cellDisplacementy, Initial residual = 0, Final residual = 0, No Iterations 0
GAMG:  Solving for cellDisplacementz, Initial residual = 0, Final residual = 0, No Iterations 0
PIMPLE: iteration 1
DILUPBiCG:  Solving for Ux, Initial residual = 0.0247406, Final residual = 9.99461e-05, No Iterations 1
DILUPBiCG:  Solving for Uy, Initial residual = 0.00392658, Final residual = 9.19478e-06, No Iterations 1
DILUPBiCG:  Solving for Uz, Initial residual = 0.0134153, Final residual = 3.55447e-05, No Iterations 1
GAMG:  Solving for p, Initial residual = 0.136471, Final residual = 0.00120233, No Iterations 8
GAMG:  Solving for p, Initial residual = 0.0162454, Final residual = 0.000154079, No Iterations 18
GAMG:  Solving for p, Initial residual = 0.00647928, Final residual = 6.22148e-05, No Iterations 12
time step continuity errors : sum local = 5.41199e-07, global = 1.62476e-07, cumulative = 2.45113e-07
GAMG:  Solving for p, Initial residual = 0.0550108, Final residual = 0.000434649, No Iterations 6
GAMG:  Solving for p, Initial residual = 0.00806599, Final residual = 7.34726e-05, No Iterations 18
GAMG:  Solving for p, Initial residual = 0.00347299, Final residual = 3.35138e-05, No Iterations 10
time step continuity errors : sum local = 2.89727e-07, global = 7.57318e-08, cumulative = 3.20845e-07
PIMPLE: iteration 2
DILUPBiCG:  Solving for Ux, Initial residual = 0.00781665, Final residual = 3.67367e-05, No Iterations 1
DILUPBiCG:  Solving for Uy, Initial residual = 0.00130511, Final residual = 3.72731e-06, No Iterations 1
DILUPBiCG:  Solving for Uz, Initial residual = 0.0039857, Final residual = 1.19675e-05, No Iterations 1
GAMG:  Solving for p, Initial residual = 0.0563056, Final residual = 0.00040132, No Iterations 4
GAMG:  Solving for p, Initial residual = 0.00900548, Final residual = 7.88008e-05, No Iterations 16
GAMG:  Solving for p, Initial residual = 0.00428126, Final residual = 3.84355e-05, No Iterations 8
time step continuity errors : sum local = 2.80682e-07, global = -1.01665e-07, cumulative = 2.19181e-07
GAMG:  Solving for p, Initial residual = 0.0283764, Final residual = 0.000167353, No Iterations 4
GAMG:  Solving for p, Initial residual = 0.00430998, Final residual = 4.27467e-05, No Iterations 12
GAMG:  Solving for p, Initial residual = 0.00196588, Final residual = 1.90834e-05, No Iterations 8
time step continuity errors : sum local = 1.40152e-07, global = -4.3575e-08, cumulative = 1.75606e-07
PIMPLE: iteration 3
DILUPBiCG:  Solving for Ux, Initial residual = 0.00215844, Final residual = 1.58572e-06, No Iterations 2
DILUPBiCG:  Solving for Uy, Initial residual = 0.000357481, Final residual = 6.62917e-06, No Iterations 1
DILUPBiCG:  Solving for Uz, Initial residual = 0.00515247, Final residual = 1.2006e-06, No Iterations 2
GAMG:  Solving for p, Initial residual = 0.0411447, Final residual = 0.000342659, No Iterations 5
GAMG:  Solving for p, Initial residual = 0.00952022, Final residual = 8.49691e-05, No Iterations 15
GAMG:  Solving for p, Initial residual = 0.00444153, Final residual = 4.40472e-05, No Iterations 8
time step continuity errors : sum local = 3.58134e-07, global = -8.01347e-08, cumulative = 9.5471e-08
GAMG:  Solving for p, Initial residual = 0.00287526, Final residual = 2.62852e-05, No Iterations 18
GAMG:  Solving for p, Initial residual = 0.00166364, Final residual = 1.41344e-05, No Iterations 4
GAMG:  Solving for p, Initial residual = 0.000620858, Final residual = 8.97973e-07, No Iterations 38
time step continuity errors : sum local = 7.29641e-09, global = 2.16301e-09, cumulative = 9.7634e-08
DILUPBiCG:  Solving for omega, Initial residual = 0.000638777, Final residual = 1.22586e-06, No Iterations 1
DILUPBiCG:  Solving for k, Initial residual = 0.00486354, Final residual = 1.29458e-06, No Iterations 2
ExecutionTime = 62.27 s  ClockTime = 62 s

End

