/*---------------------------------------------------------------------------*\
| =========                 |                                                 |
| \\      /  F ield         | OpenFOAM: The Open Source CFD Toolbox           |
|  \\    /   O peration     | Version:  2.3.1                                 |
|   \\  /    A nd           | Web:      www.OpenFOAM.org                      |
|    \\/     M anipulation  |                                                 |
\*---------------------------------------------------------------------------*/
Build  : 2.3.1-262087cdf8db
Exec   : pimpleDyMFoam
Date   : Jun 06 2023
Time   : 10:52:51
Host   : "jcosson-VirtualBox"
PID    : 8226
Case   : /home/jcosson/workspace/henersj_shootingdata/calcs/moderate_deformed/primal/28_intervals_05-06-23/sweep9/interval27
nProcs : 1
sigFpe : Enabling floating point exception trapping (FOAM_SIGFPE).
fileModificationChecking : Monitoring run-time modified files using timeStampMaster
allowSystemOperations : Allowing user-supplied system call operations

// * * * * * * * * * * * * * * * * * * * * * * * * * * * * * * * * * * * * * //
Create time

Create mesh for time = 0.493

Selecting dynamicFvMesh dynamicMotionSolverFvMesh
Selecting motion solver: displacementLaplacian
Selecting motion diffusion: quadratic
Selecting motion diffusion: quadratic
Selecting motion diffusion: inverseDistance

PIMPLE: no residual control data found. Calculations will employ 3 corrector loops

Reading field p

Reading field U

Reading/calculating face flux field phi

Selecting incompressible transport model Newtonian
Selecting turbulence model type RASModel
Selecting RAS turbulence model kOmegaSST
bounding k, min: 0 max: 0.00063763 average: 0.000153559
kOmegaSSTCoeffs
{
    alphaK1         0.85034;
    alphaK2         1;
    alphaOmega1     0.5;
    alphaOmega2     0.85616;
    gamma1          0.5532;
    gamma2          0.4403;
    beta1           0.075;
    beta2           0.0828;
    betaStar        0.09;
    a1              0.31;
    c1              10;
    Cmu             0.09;
    b1              1;
    F3              false;
}

Reading/calculating face velocity Uf

No finite volume options present

Courant Number mean: 0.107095 max: 0.243962

Starting time loop

Courant Number mean: 0.107095 max: 0.243962
Time = 0.494

GAMG:  Solving for cellDisplacementx, Initial residual = 0, Final residual = 0, No Iterations 0
GAMG:  Solving for cellDisplacementy, Initial residual = 0, Final residual = 0, No Iterations 0
GAMG:  Solving for cellDisplacementz, Initial residual = 0, Final residual = 0, No Iterations 0
PIMPLE: iteration 1
DILUPBiCG:  Solving for Ux, Initial residual = 0.0402092, Final residual = 0.00014696, No Iterations 1
DILUPBiCG:  Solving for Uy, Initial residual = 0.00850825, Final residual = 1.6903e-05, No Iterations 1
DILUPBiCG:  Solving for Uz, Initial residual = 0.0132444, Final residual = 1.19009e-05, No Iterations 1
GAMG:  Solving for p, Initial residual = 0.109232, Final residual = 0.000476455, No Iterations 4
GAMG:  Solving for p, Initial residual = 0.0157323, Final residual = 0.000148485, No Iterations 14
GAMG:  Solving for p, Initial residual = 0.00792864, Final residual = 7.2832e-05, No Iterations 4
time step continuity errors : sum local = 5.58745e-07, global = 1.94683e-07, cumulative = 1.94683e-07
GAMG:  Solving for p, Initial residual = 0.0507246, Final residual = 0.000210463, No Iterations 4
GAMG:  Solving for p, Initial residual = 0.00769206, Final residual = 6.78053e-05, No Iterations 14
GAMG:  Solving for p, Initial residual = 0.00399252, Final residual = 3.4436e-05, No Iterations 4
time step continuity errors : sum local = 2.66627e-07, global = 9.27922e-08, cumulative = 2.87475e-07
PIMPLE: iteration 2
DILUPBiCG:  Solving for Ux, Initial residual = 0.00993434, Final residual = 5.68947e-05, No Iterations 1
DILUPBiCG:  Solving for Uy, Initial residual = 0.00215063, Final residual = 4.31948e-06, No Iterations 1
DILUPBiCG:  Solving for Uz, Initial residual = 0.00282349, Final residual = 2.90915e-05, No Iterations 1
GAMG:  Solving for p, Initial residual = 0.0488774, Final residual = 0.000343728, No Iterations 6
GAMG:  Solving for p, Initial residual = 0.012459, Final residual = 0.000115918, No Iterations 12
GAMG:  Solving for p, Initial residual = 0.00484487, Final residual = 4.19031e-05, No Iterations 10
time step continuity errors : sum local = 2.83304e-07, global = -7.22301e-08, cumulative = 2.15245e-07
GAMG:  Solving for p, Initial residual = 0.0260923, Final residual = 0.000253781, No Iterations 4
GAMG:  Solving for p, Initial residual = 0.0064962, Final residual = 5.77576e-05, No Iterations 12
GAMG:  Solving for p, Initial residual = 0.00263118, Final residual = 2.53496e-05, No Iterations 4
time step continuity errors : sum local = 1.71678e-07, global = -6.49237e-08, cumulative = 1.50321e-07
PIMPLE: iteration 3
DILUPBiCG:  Solving for Ux, Initial residual = 0.00190588, Final residual = 4.26751e-06, No Iterations 2
DILUPBiCG:  Solving for Uy, Initial residual = 0.00045829, Final residual = 6.59094e-06, No Iterations 1
DILUPBiCG:  Solving for Uz, Initial residual = 0.00385247, Final residual = 2.00837e-06, No Iterations 2
GAMG:  Solving for p, Initial residual = 0.050775, Final residual = 0.000371284, No Iterations 5
GAMG:  Solving for p, Initial residual = 0.0114796, Final residual = 0.000110056, No Iterations 14
GAMG:  Solving for p, Initial residual = 0.00620459, Final residual = 5.76711e-05, No Iterations 10
time step continuity errors : sum local = 4.33443e-07, global = -1.16904e-07, cumulative = 3.34176e-08
GAMG:  Solving for p, Initial residual = 0.00282261, Final residual = 2.78233e-05, No Iterations 7
GAMG:  Solving for p, Initial residual = 0.00145004, Final residual = 1.19038e-05, No Iterations 6
GAMG:  Solving for p, Initial residual = 0.000599446, Final residual = 9.53026e-07, No Iterations 30
time step continuity errors : sum local = 7.06078e-09, global = 2.16415e-09, cumulative = 3.55817e-08
DILUPBiCG:  Solving for omega, Initial residual = 0.00139444, Final residual = 7.31588e-07, No Iterations 1
DILUPBiCG:  Solving for k, Initial residual = 0.00359029, Final residual = 5.89352e-07, No Iterations 2
bounding k, min: 0 max: 0.000628157 average: 0.000152646
ExecutionTime = 13.92 s  ClockTime = 14 s

Courant Number mean: 0.104847 max: 0.238969
Time = 0.495

GAMG:  Solving for cellDisplacementx, Initial residual = 0, Final residual = 0, No Iterations 0
GAMG:  Solving for cellDisplacementy, Initial residual = 0, Final residual = 0, No Iterations 0
GAMG:  Solving for cellDisplacementz, Initial residual = 0, Final residual = 0, No Iterations 0
PIMPLE: iteration 1
DILUPBiCG:  Solving for Ux, Initial residual = 0.0356437, Final residual = 0.000130397, No Iterations 1
DILUPBiCG:  Solving for Uy, Initial residual = 0.00759978, Final residual = 1.50132e-05, No Iterations 1
DILUPBiCG:  Solving for Uz, Initial residual = 0.0125119, Final residual = 1.61113e-05, No Iterations 1
GAMG:  Solving for p, Initial residual = 0.0997428, Final residual = 0.0005743, No Iterations 4
GAMG:  Solving for p, Initial residual = 0.0128739, Final residual = 0.000114568, No Iterations 16
GAMG:  Solving for p, Initial residual = 0.00677207, Final residual = 5.7077e-05, No Iterations 5
time step continuity errors : sum local = 3.88435e-07, global = 6.20796e-08, cumulative = 9.76613e-08
GAMG:  Solving for p, Initial residual = 0.0471164, Final residual = 0.000276246, No Iterations 4
GAMG:  Solving for p, Initial residual = 0.00622887, Final residual = 6.05622e-05, No Iterations 14
GAMG:  Solving for p, Initial residual = 0.00332081, Final residual = 2.53927e-05, No Iterations 5
time step continuity errors : sum local = 1.73943e-07, global = 2.39753e-08, cumulative = 1.21637e-07
PIMPLE: iteration 2
DILUPBiCG:  Solving for Ux, Initial residual = 0.00868765, Final residual = 4.98232e-05, No Iterations 1
DILUPBiCG:  Solving for Uy, Initial residual = 0.00189379, Final residual = 3.79038e-06, No Iterations 1
DILUPBiCG:  Solving for Uz, Initial residual = 0.0027723, Final residual = 7.27292e-07, No Iterations 2
GAMG:  Solving for p, Initial residual = 0.0444097, Final residual = 0.000324738, No Iterations 6
GAMG:  Solving for p, Initial residual = 0.0132882, Final residual = 0.000125601, No Iterations 12
GAMG:  Solving for p, Initial residual = 0.00433589, Final residual = 4.02127e-05, No Iterations 14
time step continuity errors : sum local = 2.39761e-07, global = -7.40953e-08, cumulative = 4.75413e-08
GAMG:  Solving for p, Initial residual = 0.0238955, Final residual = 0.000227826, No Iterations 5
GAMG:  Solving for p, Initial residual = 0.00738365, Final residual = 6.55214e-05, No Iterations 9
GAMG:  Solving for p, Initial residual = 0.00209131, Final residual = 1.828e-05, No Iterations 16
time step continuity errors : sum local = 1.09011e-07, global = -3.21042e-08, cumulative = 1.54371e-08
PIMPLE: iteration 3
DILUPBiCG:  Solving for Ux, Initial residual = 0.00156778, Final residual = 5.77279e-08, No Iterations 3
DILUPBiCG:  Solving for Uy, Initial residual = 0.000372294, Final residual = 1.53045e-07, No Iterations 2
DILUPBiCG:  Solving for Uz, Initial residual = 0.0028206, Final residual = 5.07113e-06, No Iterations 2
GAMG:  Solving for p, Initial residual = 0.0522739, Final residual = 0.000388087, No Iterations 5
GAMG:  Solving for p, Initial residual = 0.011954, Final residual = 0.000115964, No Iterations 14
GAMG:  Solving for p, Initial residual = 0.00652435, Final residual = 6.10534e-05, No Iterations 10
time step continuity errors : sum local = 4.0359e-07, global = -1.10142e-07, cumulative = -9.47054e-08
GAMG:  Solving for p, Initial residual = 0.00284712, Final residual = 2.82286e-05, No Iterations 7
GAMG:  Solving for p, Initial residual = 0.00146714, Final residual = 1.22031e-05, No Iterations 6
GAMG:  Solving for p, Initial residual = 0.000561022, Final residual = 8.6467e-07, No Iterations 30
time step continuity errors : sum local = 5.63115e-09, global = 1.73142e-09, cumulative = -9.2974e-08
DILUPBiCG:  Solving for omega, Initial residual = 0.00140193, Final residual = 7.21165e-07, No Iterations 1
DILUPBiCG:  Solving for k, Initial residual = 0.00354984, Final residual = 5.95057e-07, No Iterations 2
bounding k, min: 0 max: 0.000618207 average: 0.000151759
ExecutionTime = 19.73 s  ClockTime = 20 s

Courant Number mean: 0.102926 max: 0.234971
Time = 0.496

GAMG:  Solving for cellDisplacementx, Initial residual = 0, Final residual = 0, No Iterations 0
GAMG:  Solving for cellDisplacementy, Initial residual = 0, Final residual = 0, No Iterations 0
GAMG:  Solving for cellDisplacementz, Initial residual = 0, Final residual = 0, No Iterations 0
PIMPLE: iteration 1
DILUPBiCG:  Solving for Ux, Initial residual = 0.0307909, Final residual = 0.000112633, No Iterations 1
DILUPBiCG:  Solving for Uy, Initial residual = 0.00661219, Final residual = 1.30152e-05, No Iterations 1
DILUPBiCG:  Solving for Uz, Initial residual = 0.00998618, Final residual = 1.08045e-05, No Iterations 1
GAMG:  Solving for p, Initial residual = 0.0954234, Final residual = 0.000434161, No Iterations 4
GAMG:  Solving for p, Initial residual = 0.0128296, Final residual = 0.000125207, No Iterations 8
GAMG:  Solving for p, Initial residual = 0.00664309, Final residual = 5.85367e-05, No Iterations 4
time step continuity errors : sum local = 3.43594e-07, global = 1.21838e-07, cumulative = 2.88643e-08
GAMG:  Solving for p, Initial residual = 0.0455265, Final residual = 0.000205558, No Iterations 4
GAMG:  Solving for p, Initial residual = 0.00618767, Final residual = 5.61066e-05, No Iterations 10
GAMG:  Solving for p, Initial residual = 0.00337393, Final residual = 2.6219e-05, No Iterations 4
time step continuity errors : sum local = 1.55144e-07, global = 5.59982e-08, cumulative = 8.48625e-08
PIMPLE: iteration 2
DILUPBiCG:  Solving for Ux, Initial residual = 0.00734839, Final residual = 4.23443e-05, No Iterations 1
DILUPBiCG:  Solving for Uy, Initial residual = 0.00161735, Final residual = 3.25971e-06, No Iterations 1
DILUPBiCG:  Solving for Uz, Initial residual = 0.00292637, Final residual = 0.00014593, No Iterations 1
GAMG:  Solving for p, Initial residual = 0.0423687, Final residual = 0.00035731, No Iterations 6
GAMG:  Solving for p, Initial residual = 0.0138508, Final residual = 0.000117613, No Iterations 12
GAMG:  Solving for p, Initial residual = 0.00450086, Final residual = 3.76944e-05, No Iterations 14
time step continuity errors : sum local = 1.94439e-07, global = -5.98698e-08, cumulative = 2.49927e-08
GAMG:  Solving for p, Initial residual = 0.022812, Final residual = 0.000164076, No Iterations 6
GAMG:  Solving for p, Initial residual = 0.00744018, Final residual = 6.19762e-05, No Iterations 10
GAMG:  Solving for p, Initial residual = 0.00209605, Final residual = 1.99458e-05, No Iterations 14
time step continuity errors : sum local = 1.02979e-07, global = -3.11177e-08, cumulative = -6.12501e-09
PIMPLE: iteration 3
DILUPBiCG:  Solving for Ux, Initial residual = 0.00125359, Final residual = 1.92408e-06, No Iterations 2
DILUPBiCG:  Solving for Uy, Initial residual = 0.000309881, Final residual = 1.98416e-07, No Iterations 2
DILUPBiCG:  Solving for Uz, Initial residual = 0.00288369, Final residual = 9.66816e-06, No Iterations 2
GAMG:  Solving for p, Initial residual = 0.0560453, Final residual = 0.000395806, No Iterations 5
GAMG:  Solving for p, Initial residual = 0.0120485, Final residual = 0.000103724, No Iterations 16
GAMG:  Solving for p, Initial residual = 0.00701924, Final residual = 6.64342e-05, No Iterations 8
time step continuity errors : sum local = 3.77904e-07, global = -8.5618e-08, cumulative = -9.1743e-08
GAMG:  Solving for p, Initial residual = 0.00288761, Final residual = 2.81878e-05, No Iterations 7
GAMG:  Solving for p, Initial residual = 0.00152055, Final residual = 1.17206e-05, No Iterations 6
GAMG:  Solving for p, Initial residual = 0.000606672, Final residual = 9.96468e-07, No Iterations 28
time step continuity errors : sum local = 5.58865e-09, global = 1.71478e-09, cumulative = -9.00283e-08
DILUPBiCG:  Solving for omega, Initial residual = 0.00140621, Final residual = 7.11816e-07, No Iterations 1
DILUPBiCG:  Solving for k, Initial residual = 0.00350993, Final residual = 6.05886e-07, No Iterations 2
bounding k, min: 0 max: 0.00060787 average: 0.000150898
ExecutionTime = 24.85 s  ClockTime = 25 s

End

