/*---------------------------------------------------------------------------*\
| =========                 |                                                 |
| \\      /  F ield         | OpenFOAM: The Open Source CFD Toolbox           |
|  \\    /   O peration     | Version:  2.3.1                                 |
|   \\  /    A nd           | Web:      www.OpenFOAM.org                      |
|    \\/     M anipulation  |                                                 |
\*---------------------------------------------------------------------------*/
Build  : 2.3.1-262087cdf8db
Exec   : pimpleDyMFoam
Date   : Jun 06 2023
Time   : 10:52:00
Host   : "jcosson-VirtualBox"
PID    : 8209
Case   : /home/jcosson/workspace/henersj_shootingdata/calcs/moderate_deformed/primal/28_intervals_05-06-23/sweep9/interval19
nProcs : 1
sigFpe : Enabling floating point exception trapping (FOAM_SIGFPE).
fileModificationChecking : Monitoring run-time modified files using timeStampMaster
allowSystemOperations : Allowing user-supplied system call operations

// * * * * * * * * * * * * * * * * * * * * * * * * * * * * * * * * * * * * * //
Create time

Create mesh for time = 0.464

Selecting dynamicFvMesh dynamicMotionSolverFvMesh
Selecting motion solver: displacementLaplacian
Selecting motion diffusion: quadratic
Selecting motion diffusion: quadratic
Selecting motion diffusion: inverseDistance

PIMPLE: no residual control data found. Calculations will employ 3 corrector loops

Reading field p

Reading field U

Reading/calculating face flux field phi

Selecting incompressible transport model Newtonian
Selecting turbulence model type RASModel
Selecting RAS turbulence model kOmegaSST
kOmegaSSTCoeffs
{
    alphaK1         0.85034;
    alphaK2         1;
    alphaOmega1     0.5;
    alphaOmega2     0.85616;
    gamma1          0.5532;
    gamma2          0.4403;
    beta1           0.075;
    beta2           0.0828;
    betaStar        0.09;
    a1              0.31;
    c1              10;
    Cmu             0.09;
    b1              1;
    F3              false;
}

Reading/calculating face velocity Uf

No finite volume options present

Courant Number mean: 0.246922 max: 0.544628

Starting time loop

Courant Number mean: 0.246922 max: 0.544628
Time = 0.465

GAMG:  Solving for cellDisplacementx, Initial residual = 0, Final residual = 0, No Iterations 0
GAMG:  Solving for cellDisplacementy, Initial residual = 0, Final residual = 0, No Iterations 0
GAMG:  Solving for cellDisplacementz, Initial residual = 0, Final residual = 0, No Iterations 0
PIMPLE: iteration 1
DILUPBiCG:  Solving for Ux, Initial residual = 0.0349671, Final residual = 0.000145457, No Iterations 1
DILUPBiCG:  Solving for Uy, Initial residual = 0.00558923, Final residual = 1.30737e-05, No Iterations 1
DILUPBiCG:  Solving for Uz, Initial residual = 0.0139576, Final residual = 3.65243e-05, No Iterations 1
GAMG:  Solving for p, Initial residual = 0.143315, Final residual = 0.00121254, No Iterations 6
GAMG:  Solving for p, Initial residual = 0.016967, Final residual = 0.00016808, No Iterations 18
GAMG:  Solving for p, Initial residual = 0.00715354, Final residual = 6.5969e-05, No Iterations 12
time step continuity errors : sum local = 7.43135e-07, global = 2.24125e-07, cumulative = 2.24125e-07
GAMG:  Solving for p, Initial residual = 0.0590494, Final residual = 0.000393242, No Iterations 6
GAMG:  Solving for p, Initial residual = 0.00852754, Final residual = 7.94761e-05, No Iterations 16
GAMG:  Solving for p, Initial residual = 0.00372169, Final residual = 3.23572e-05, No Iterations 12
time step continuity errors : sum local = 3.6327e-07, global = 1.08746e-07, cumulative = 3.32871e-07
PIMPLE: iteration 2
DILUPBiCG:  Solving for Ux, Initial residual = 0.0106716, Final residual = 5.78772e-05, No Iterations 1
DILUPBiCG:  Solving for Uy, Initial residual = 0.0017963, Final residual = 4.46773e-06, No Iterations 1
DILUPBiCG:  Solving for Uz, Initial residual = 0.00385996, Final residual = 1.25764e-05, No Iterations 1
GAMG:  Solving for p, Initial residual = 0.0602704, Final residual = 0.000450592, No Iterations 4
GAMG:  Solving for p, Initial residual = 0.00985968, Final residual = 8.39418e-05, No Iterations 16
GAMG:  Solving for p, Initial residual = 0.00455616, Final residual = 3.94573e-05, No Iterations 8
time step continuity errors : sum local = 3.7433e-07, global = -1.24696e-07, cumulative = 2.08175e-07
GAMG:  Solving for p, Initial residual = 0.0306793, Final residual = 0.000191158, No Iterations 4
GAMG:  Solving for p, Initial residual = 0.00480447, Final residual = 4.53903e-05, No Iterations 12
GAMG:  Solving for p, Initial residual = 0.00212919, Final residual = 2.10401e-05, No Iterations 8
time step continuity errors : sum local = 2.00829e-07, global = -5.75566e-08, cumulative = 1.50619e-07
PIMPLE: iteration 3
DILUPBiCG:  Solving for Ux, Initial residual = 0.0028047, Final residual = 9.40313e-07, No Iterations 2
DILUPBiCG:  Solving for Uy, Initial residual = 0.000469549, Final residual = 7.22326e-06, No Iterations 1
DILUPBiCG:  Solving for Uz, Initial residual = 0.00649096, Final residual = 1.92557e-06, No Iterations 2
GAMG:  Solving for p, Initial residual = 0.0410074, Final residual = 0.000333563, No Iterations 5
GAMG:  Solving for p, Initial residual = 0.00931488, Final residual = 8.42215e-05, No Iterations 15
GAMG:  Solving for p, Initial residual = 0.0044249, Final residual = 3.84396e-05, No Iterations 10
time step continuity errors : sum local = 4.08011e-07, global = -1.06682e-07, cumulative = 4.39366e-08
GAMG:  Solving for p, Initial residual = 0.00270972, Final residual = 2.43995e-05, No Iterations 20
GAMG:  Solving for p, Initial residual = 0.00153655, Final residual = 1.31658e-05, No Iterations 4
GAMG:  Solving for p, Initial residual = 0.00059008, Final residual = 9.84363e-07, No Iterations 36
time step continuity errors : sum local = 1.04311e-08, global = 3.07503e-09, cumulative = 4.70117e-08
DILUPBiCG:  Solving for omega, Initial residual = 0.000514299, Final residual = 1.6659e-06, No Iterations 1
DILUPBiCG:  Solving for k, Initial residual = 0.00484318, Final residual = 1.58817e-06, No Iterations 2
ExecutionTime = 18.11 s  ClockTime = 18 s

Courant Number mean: 0.242429 max: 0.534704
Time = 0.466

GAMG:  Solving for cellDisplacementx, Initial residual = 0, Final residual = 0, No Iterations 0
GAMG:  Solving for cellDisplacementy, Initial residual = 0, Final residual = 0, No Iterations 0
GAMG:  Solving for cellDisplacementz, Initial residual = 0, Final residual = 0, No Iterations 0
PIMPLE: iteration 1
DILUPBiCG:  Solving for Ux, Initial residual = 0.0374541, Final residual = 0.000156238, No Iterations 1
DILUPBiCG:  Solving for Uy, Initial residual = 0.0059923, Final residual = 1.39578e-05, No Iterations 1
DILUPBiCG:  Solving for Uz, Initial residual = 0.0125488, Final residual = 3.38495e-05, No Iterations 1
GAMG:  Solving for p, Initial residual = 0.12733, Final residual = 0.00118682, No Iterations 6
GAMG:  Solving for p, Initial residual = 0.0142675, Final residual = 0.000139764, No Iterations 20
GAMG:  Solving for p, Initial residual = 0.00613828, Final residual = 5.52103e-05, No Iterations 12
time step continuity errors : sum local = 6.55277e-07, global = 1.97334e-07, cumulative = 2.44345e-07
GAMG:  Solving for p, Initial residual = 0.0526135, Final residual = 0.000383919, No Iterations 6
GAMG:  Solving for p, Initial residual = 0.00719146, Final residual = 6.65555e-05, No Iterations 18
GAMG:  Solving for p, Initial residual = 0.00319442, Final residual = 2.62532e-05, No Iterations 12
time step continuity errors : sum local = 3.10456e-07, global = 9.21466e-08, cumulative = 3.36492e-07
PIMPLE: iteration 2
DILUPBiCG:  Solving for Ux, Initial residual = 0.0113492, Final residual = 6.28713e-05, No Iterations 1
DILUPBiCG:  Solving for Uy, Initial residual = 0.00191622, Final residual = 4.67e-06, No Iterations 1
DILUPBiCG:  Solving for Uz, Initial residual = 0.0037512, Final residual = 1.25586e-05, No Iterations 1
GAMG:  Solving for p, Initial residual = 0.0532349, Final residual = 0.000459057, No Iterations 4
GAMG:  Solving for p, Initial residual = 0.00833579, Final residual = 7.297e-05, No Iterations 18
GAMG:  Solving for p, Initial residual = 0.00395115, Final residual = 3.82433e-05, No Iterations 7
time step continuity errors : sum local = 3.81856e-07, global = 1.37673e-07, cumulative = 4.74165e-07
GAMG:  Solving for p, Initial residual = 0.0271429, Final residual = 0.000192479, No Iterations 4
GAMG:  Solving for p, Initial residual = 0.00400868, Final residual = 3.80943e-05, No Iterations 14
GAMG:  Solving for p, Initial residual = 0.00180298, Final residual = 1.62591e-05, No Iterations 10
time step continuity errors : sum local = 1.63426e-07, global = -4.47246e-08, cumulative = 4.29441e-07
PIMPLE: iteration 3
DILUPBiCG:  Solving for Ux, Initial residual = 0.00294885, Final residual = 1.02957e-06, No Iterations 2
DILUPBiCG:  Solving for Uy, Initial residual = 0.000494278, Final residual = 7.29042e-06, No Iterations 1
DILUPBiCG:  Solving for Uz, Initial residual = 0.00671081, Final residual = 2.13933e-06, No Iterations 2
GAMG:  Solving for p, Initial residual = 0.0395332, Final residual = 0.000331326, No Iterations 5
GAMG:  Solving for p, Initial residual = 0.00899475, Final residual = 8.33009e-05, No Iterations 15
GAMG:  Solving for p, Initial residual = 0.00430664, Final residual = 3.83177e-05, No Iterations 10
time step continuity errors : sum local = 4.28766e-07, global = -1.1204e-07, cumulative = 3.17401e-07
GAMG:  Solving for p, Initial residual = 0.00257167, Final residual = 2.40149e-05, No Iterations 20
GAMG:  Solving for p, Initial residual = 0.00147358, Final residual = 1.29142e-05, No Iterations 4
GAMG:  Solving for p, Initial residual = 0.000568792, Final residual = 9.59619e-07, No Iterations 36
time step continuity errors : sum local = 1.07157e-08, global = 3.15736e-09, cumulative = 3.20559e-07
DILUPBiCG:  Solving for omega, Initial residual = 0.000491648, Final residual = 1.58171e-06, No Iterations 1
DILUPBiCG:  Solving for k, Initial residual = 0.00482159, Final residual = 1.63966e-06, No Iterations 2
ExecutionTime = 35.12 s  ClockTime = 35 s

Courant Number mean: 0.237725 max: 0.524271
Time = 0.467

GAMG:  Solving for cellDisplacementx, Initial residual = 0, Final residual = 0, No Iterations 0
GAMG:  Solving for cellDisplacementy, Initial residual = 0, Final residual = 0, No Iterations 0
GAMG:  Solving for cellDisplacementz, Initial residual = 0, Final residual = 0, No Iterations 0
PIMPLE: iteration 1
DILUPBiCG:  Solving for Ux, Initial residual = 0.039908, Final residual = 0.000166703, No Iterations 1
DILUPBiCG:  Solving for Uy, Initial residual = 0.00640612, Final residual = 1.48915e-05, No Iterations 1
DILUPBiCG:  Solving for Uz, Initial residual = 0.0121923, Final residual = 3.28736e-05, No Iterations 1
GAMG:  Solving for p, Initial residual = 0.125784, Final residual = 0.00115291, No Iterations 6
GAMG:  Solving for p, Initial residual = 0.0140005, Final residual = 0.000136896, No Iterations 20
GAMG:  Solving for p, Initial residual = 0.00606274, Final residual = 5.42583e-05, No Iterations 12
time step continuity errors : sum local = 6.73857e-07, global = 2.02925e-07, cumulative = 5.23484e-07
GAMG:  Solving for p, Initial residual = 0.0522097, Final residual = 0.000375109, No Iterations 6
GAMG:  Solving for p, Initial residual = 0.00707144, Final residual = 6.52583e-05, No Iterations 18
GAMG:  Solving for p, Initial residual = 0.00315129, Final residual = 2.58855e-05, No Iterations 12
time step continuity errors : sum local = 3.20448e-07, global = 9.51604e-08, cumulative = 6.18644e-07
PIMPLE: iteration 2
DILUPBiCG:  Solving for Ux, Initial residual = 0.0120067, Final residual = 6.76793e-05, No Iterations 1
DILUPBiCG:  Solving for Uy, Initial residual = 0.00203436, Final residual = 4.87543e-06, No Iterations 1
DILUPBiCG:  Solving for Uz, Initial residual = 0.00369824, Final residual = 1.26388e-05, No Iterations 1
GAMG:  Solving for p, Initial residual = 0.0527074, Final residual = 0.000463988, No Iterations 4
GAMG:  Solving for p, Initial residual = 0.00823542, Final residual = 7.32498e-05, No Iterations 18
GAMG:  Solving for p, Initial residual = 0.00389142, Final residual = 3.87067e-05, No Iterations 7
time step continuity errors : sum local = 4.04963e-07, global = 1.48815e-07, cumulative = 7.67459e-07
GAMG:  Solving for p, Initial residual = 0.0269226, Final residual = 0.000195473, No Iterations 4
GAMG:  Solving for p, Initial residual = 0.00397722, Final residual = 3.83161e-05, No Iterations 14
GAMG:  Solving for p, Initial residual = 0.00177397, Final residual = 1.6427e-05, No Iterations 10
time step continuity errors : sum local = 1.73007e-07, global = -4.69712e-08, cumulative = 7.20488e-07
PIMPLE: iteration 3
DILUPBiCG:  Solving for Ux, Initial residual = 0.00309053, Final residual = 1.1786e-06, No Iterations 2
DILUPBiCG:  Solving for Uy, Initial residual = 0.000520273, Final residual = 7.2709e-06, No Iterations 1
DILUPBiCG:  Solving for Uz, Initial residual = 0.00685344, Final residual = 2.38419e-06, No Iterations 2
GAMG:  Solving for p, Initial residual = 0.0394428, Final residual = 0.000328205, No Iterations 5
GAMG:  Solving for p, Initial residual = 0.00896242, Final residual = 8.15259e-05, No Iterations 15
GAMG:  Solving for p, Initial residual = 0.00430212, Final residual = 3.73299e-05, No Iterations 10
time step continuity errors : sum local = 4.37922e-07, global = -1.14287e-07, cumulative = 6.06201e-07
GAMG:  Solving for p, Initial residual = 0.00253568, Final residual = 2.39483e-05, No Iterations 20
GAMG:  Solving for p, Initial residual = 0.00144716, Final residual = 1.28042e-05, No Iterations 4
GAMG:  Solving for p, Initial residual = 0.000562732, Final residual = 9.46528e-07, No Iterations 36
time step continuity errors : sum local = 1.10772e-08, global = 3.26253e-09, cumulative = 6.09463e-07
DILUPBiCG:  Solving for omega, Initial residual = 0.000479231, Final residual = 1.20407e-06, No Iterations 1
DILUPBiCG:  Solving for k, Initial residual = 0.00478387, Final residual = 1.67217e-06, No Iterations 2
ExecutionTime = 51.29 s  ClockTime = 51 s

Courant Number mean: 0.232829 max: 0.513379
Time = 0.468

GAMG:  Solving for cellDisplacementx, Initial residual = 0, Final residual = 0, No Iterations 0
GAMG:  Solving for cellDisplacementy, Initial residual = 0, Final residual = 0, No Iterations 0
GAMG:  Solving for cellDisplacementz, Initial residual = 0, Final residual = 0, No Iterations 0
PIMPLE: iteration 1
DILUPBiCG:  Solving for Ux, Initial residual = 0.0423137, Final residual = 0.000176838, No Iterations 1
DILUPBiCG:  Solving for Uy, Initial residual = 0.00681736, Final residual = 1.58024e-05, No Iterations 1
DILUPBiCG:  Solving for Uz, Initial residual = 0.0119959, Final residual = 3.1965e-05, No Iterations 1
GAMG:  Solving for p, Initial residual = 0.124369, Final residual = 0.00112071, No Iterations 6
GAMG:  Solving for p, Initial residual = 0.0137637, Final residual = 0.000134504, No Iterations 20
GAMG:  Solving for p, Initial residual = 0.00599814, Final residual = 5.33844e-05, No Iterations 12
time step continuity errors : sum local = 6.90342e-07, global = 2.07948e-07, cumulative = 8.17411e-07
GAMG:  Solving for p, Initial residual = 0.0518359, Final residual = 0.000366886, No Iterations 6
GAMG:  Solving for p, Initial residual = 0.00696688, Final residual = 6.42693e-05, No Iterations 18
GAMG:  Solving for p, Initial residual = 0.00312296, Final residual = 2.56211e-05, No Iterations 12
time step continuity errors : sum local = 3.30406e-07, global = 9.81899e-08, cumulative = 9.15601e-07
PIMPLE: iteration 2
DILUPBiCG:  Solving for Ux, Initial residual = 0.0126435, Final residual = 7.2316e-05, No Iterations 1
DILUPBiCG:  Solving for Uy, Initial residual = 0.0021507, Final residual = 5.08152e-06, No Iterations 1
DILUPBiCG:  Solving for Uz, Initial residual = 0.00362981, Final residual = 1.26975e-05, No Iterations 1
GAMG:  Solving for p, Initial residual = 0.0522152, Final residual = 0.000467998, No Iterations 4
GAMG:  Solving for p, Initial residual = 0.00816145, Final residual = 7.35344e-05, No Iterations 18
GAMG:  Solving for p, Initial residual = 0.00383733, Final residual = 3.49621e-05, No Iterations 8
time step continuity errors : sum local = 3.81474e-07, global = -1.36717e-07, cumulative = 7.78885e-07
GAMG:  Solving for p, Initial residual = 0.0266982, Final residual = 0.000199463, No Iterations 4
GAMG:  Solving for p, Initial residual = 0.00395946, Final residual = 3.85446e-05, No Iterations 14
GAMG:  Solving for p, Initial residual = 0.00174638, Final residual = 1.65245e-05, No Iterations 10
time step continuity errors : sum local = 1.81491e-07, global = -4.89438e-08, cumulative = 7.29941e-07
PIMPLE: iteration 3
DILUPBiCG:  Solving for Ux, Initial residual = 0.00322611, Final residual = 1.36707e-06, No Iterations 2
DILUPBiCG:  Solving for Uy, Initial residual = 0.000545963, Final residual = 7.21527e-06, No Iterations 1
DILUPBiCG:  Solving for Uz, Initial residual = 0.00700221, Final residual = 2.62335e-06, No Iterations 2
GAMG:  Solving for p, Initial residual = 0.0393865, Final residual = 0.000328628, No Iterations 5
GAMG:  Solving for p, Initial residual = 0.00892919, Final residual = 8.08249e-05, No Iterations 15
GAMG:  Solving for p, Initial residual = 0.00430041, Final residual = 3.73005e-05, No Iterations 10
time step continuity errors : sum local = 4.56576e-07, global = -1.19177e-07, cumulative = 6.10763e-07
GAMG:  Solving for p, Initial residual = 0.00249793, Final residual = 2.34426e-05, No Iterations 20
GAMG:  Solving for p, Initial residual = 0.00142117, Final residual = 1.24579e-05, No Iterations 4
GAMG:  Solving for p, Initial residual = 0.000554557, Final residual = 9.01912e-07, No Iterations 36
time step continuity errors : sum local = 1.10094e-08, global = 3.24064e-09, cumulative = 6.14004e-07
DILUPBiCG:  Solving for omega, Initial residual = 0.000476059, Final residual = 8.93449e-07, No Iterations 1
DILUPBiCG:  Solving for k, Initial residual = 0.00473115, Final residual = 1.69349e-06, No Iterations 2
ExecutionTime = 65.42 s  ClockTime = 66 s

End

