/*---------------------------------------------------------------------------*\
| =========                 |                                                 |
| \\      /  F ield         | OpenFOAM: The Open Source CFD Toolbox           |
|  \\    /   O peration     | Version:  2.3.1                                 |
|   \\  /    A nd           | Web:      www.OpenFOAM.org                      |
|    \\/     M anipulation  |                                                 |
\*---------------------------------------------------------------------------*/
Build  : 2.3.1-262087cdf8db
Exec   : pimpleDyMFoam
Date   : Jun 05 2023
Time   : 23:26:59
Host   : "jcosson-VirtualBox"
PID    : 5429
Case   : /home/jcosson/workspace/henersj_shootingdata/calcs/moderate_deformed/primal/100_intervals_05-06-23/sweep2/interval22
nProcs : 1
sigFpe : Enabling floating point exception trapping (FOAM_SIGFPE).
fileModificationChecking : Monitoring run-time modified files using timeStampMaster
allowSystemOperations : Allowing user-supplied system call operations

// * * * * * * * * * * * * * * * * * * * * * * * * * * * * * * * * * * * * * //
Create time

Create mesh for time = 0.421

Selecting dynamicFvMesh dynamicMotionSolverFvMesh
Selecting motion solver: displacementLaplacian
Selecting motion diffusion: quadratic
Selecting motion diffusion: quadratic
Selecting motion diffusion: inverseDistance

PIMPLE: no residual control data found. Calculations will employ 3 corrector loops

Reading field p

Reading field U

Reading/calculating face flux field phi

Selecting incompressible transport model Newtonian
Selecting turbulence model type RASModel
Selecting RAS turbulence model kOmegaSST
kOmegaSSTCoeffs
{
    alphaK1         0.85034;
    alphaK2         1;
    alphaOmega1     0.5;
    alphaOmega2     0.85616;
    gamma1          0.5532;
    gamma2          0.4403;
    beta1           0.075;
    beta2           0.0828;
    betaStar        0.09;
    a1              0.31;
    c1              10;
    Cmu             0.09;
    b1              1;
    F3              false;
}

Reading/calculating face velocity Uf

No finite volume options present

Courant Number mean: 0.164696 max: 0.358187

Starting time loop

Courant Number mean: 0.164696 max: 0.358187
Time = 0.422

GAMG:  Solving for cellDisplacementx, Initial residual = 0, Final residual = 0, No Iterations 0
GAMG:  Solving for cellDisplacementy, Initial residual = 0, Final residual = 0, No Iterations 0
GAMG:  Solving for cellDisplacementz, Initial residual = 0, Final residual = 0, No Iterations 0
PIMPLE: iteration 1
DILUPBiCG:  Solving for Ux, Initial residual = 0.047898, Final residual = 0.000206886, No Iterations 1
DILUPBiCG:  Solving for Uy, Initial residual = 0.03042, Final residual = 8.94181e-05, No Iterations 1
DILUPBiCG:  Solving for Uz, Initial residual = 0.142085, Final residual = 0.000281779, No Iterations 1
GAMG:  Solving for p, Initial residual = 0.288511, Final residual = 0.00224592, No Iterations 10
GAMG:  Solving for p, Initial residual = 0.044128, Final residual = 0.000355816, No Iterations 10
GAMG:  Solving for p, Initial residual = 0.0181675, Final residual = 0.000132848, No Iterations 4
time step continuity errors : sum local = 1.61681e-06, global = -5.52244e-07, cumulative = -5.52244e-07
GAMG:  Solving for p, Initial residual = 0.112221, Final residual = 0.000807938, No Iterations 10
GAMG:  Solving for p, Initial residual = 0.0250668, Final residual = 0.000239304, No Iterations 8
GAMG:  Solving for p, Initial residual = 0.0119343, Final residual = 0.000102194, No Iterations 4
time step continuity errors : sum local = 1.24038e-06, global = -3.45938e-07, cumulative = -8.98182e-07
PIMPLE: iteration 2
DILUPBiCG:  Solving for Ux, Initial residual = 0.0156123, Final residual = 8.91534e-05, No Iterations 1
DILUPBiCG:  Solving for Uy, Initial residual = 0.00474461, Final residual = 1.2232e-05, No Iterations 1
DILUPBiCG:  Solving for Uz, Initial residual = 0.0288711, Final residual = 0.000108754, No Iterations 1
GAMG:  Solving for p, Initial residual = 0.126474, Final residual = 0.00124974, No Iterations 9
GAMG:  Solving for p, Initial residual = 0.0323722, Final residual = 0.000282527, No Iterations 12
GAMG:  Solving for p, Initial residual = 0.0159052, Final residual = 0.000139652, No Iterations 6
time step continuity errors : sum local = 1.46534e-06, global = 5.45565e-07, cumulative = -3.52617e-07
GAMG:  Solving for p, Initial residual = 0.0618565, Final residual = 0.000607947, No Iterations 8
GAMG:  Solving for p, Initial residual = 0.0199481, Final residual = 0.000172594, No Iterations 8
GAMG:  Solving for p, Initial residual = 0.00902994, Final residual = 7.15699e-05, No Iterations 6
time step continuity errors : sum local = 7.47081e-07, global = -2.09069e-07, cumulative = -5.61686e-07
PIMPLE: iteration 3
DILUPBiCG:  Solving for Ux, Initial residual = 0.00502304, Final residual = 1.59485e-06, No Iterations 2
DILUPBiCG:  Solving for Uy, Initial residual = 0.00107798, Final residual = 5.15087e-07, No Iterations 2
DILUPBiCG:  Solving for Uz, Initial residual = 0.0195062, Final residual = 4.02664e-06, No Iterations 2
GAMG:  Solving for p, Initial residual = 0.0528321, Final residual = 0.000490806, No Iterations 7
GAMG:  Solving for p, Initial residual = 0.0150782, Final residual = 0.00014858, No Iterations 16
GAMG:  Solving for p, Initial residual = 0.00717651, Final residual = 6.34096e-05, No Iterations 12
time step continuity errors : sum local = 7.43485e-07, global = 2.22666e-07, cumulative = -3.3902e-07
GAMG:  Solving for p, Initial residual = 0.0052661, Final residual = 5.15456e-05, No Iterations 11
GAMG:  Solving for p, Initial residual = 0.00346157, Final residual = 3.14228e-05, No Iterations 4
GAMG:  Solving for p, Initial residual = 0.0013365, Final residual = 8.60263e-07, No Iterations 46
time step continuity errors : sum local = 1.00148e-08, global = -2.96418e-09, cumulative = -3.41984e-07
DILUPBiCG:  Solving for omega, Initial residual = 0.00132435, Final residual = 1.27292e-06, No Iterations 1
DILUPBiCG:  Solving for k, Initial residual = 0.00445493, Final residual = 1.21298e-06, No Iterations 2
ExecutionTime = 17.25 s  ClockTime = 18 s

End

