/*---------------------------------------------------------------------------*\
| =========                 |                                                 |
| \\      /  F ield         | OpenFOAM: The Open Source CFD Toolbox           |
|  \\    /   O peration     | Version:  2.3.1                                 |
|   \\  /    A nd           | Web:      www.OpenFOAM.org                      |
|    \\/     M anipulation  |                                                 |
\*---------------------------------------------------------------------------*/
Build  : 2.3.1-262087cdf8db
Exec   : pimpleDyMFoam
Date   : Jun 05 2023
Time   : 23:27:52
Host   : "jcosson-VirtualBox"
PID    : 5528
Case   : /home/jcosson/workspace/henersj_shootingdata/calcs/moderate_deformed/primal/100_intervals_05-06-23/sweep2/interval71
nProcs : 1
sigFpe : Enabling floating point exception trapping (FOAM_SIGFPE).
fileModificationChecking : Monitoring run-time modified files using timeStampMaster
allowSystemOperations : Allowing user-supplied system call operations

// * * * * * * * * * * * * * * * * * * * * * * * * * * * * * * * * * * * * * //
Create time

Create mesh for time = 0.47

Selecting dynamicFvMesh dynamicMotionSolverFvMesh
Selecting motion solver: displacementLaplacian
Selecting motion diffusion: quadratic
Selecting motion diffusion: quadratic
Selecting motion diffusion: inverseDistance

PIMPLE: no residual control data found. Calculations will employ 3 corrector loops

Reading field p

Reading field U

Reading/calculating face flux field phi

Selecting incompressible transport model Newtonian
Selecting turbulence model type RASModel
Selecting RAS turbulence model kOmegaSST
kOmegaSSTCoeffs
{
    alphaK1         0.85034;
    alphaK2         1;
    alphaOmega1     0.5;
    alphaOmega2     0.85616;
    gamma1          0.5532;
    gamma2          0.4403;
    beta1           0.075;
    beta2           0.0828;
    betaStar        0.09;
    a1              0.31;
    c1              10;
    Cmu             0.09;
    b1              1;
    F3              false;
}

Reading/calculating face velocity Uf

No finite volume options present

Courant Number mean: 0.216755 max: 0.483675

Starting time loop

Courant Number mean: 0.216755 max: 0.483675
Time = 0.471

GAMG:  Solving for cellDisplacementx, Initial residual = 0, Final residual = 0, No Iterations 0
GAMG:  Solving for cellDisplacementy, Initial residual = 0, Final residual = 0, No Iterations 0
GAMG:  Solving for cellDisplacementz, Initial residual = 0, Final residual = 0, No Iterations 0
PIMPLE: iteration 1
DILUPBiCG:  Solving for Ux, Initial residual = 0.0629848, Final residual = 0.000201456, No Iterations 1
DILUPBiCG:  Solving for Uy, Initial residual = 0.0150306, Final residual = 7.7571e-05, No Iterations 1
DILUPBiCG:  Solving for Uz, Initial residual = 0.194285, Final residual = 0.000459308, No Iterations 1
GAMG:  Solving for p, Initial residual = 0.246111, Final residual = 0.00227695, No Iterations 11
GAMG:  Solving for p, Initial residual = 0.0626178, Final residual = 0.000614665, No Iterations 13
GAMG:  Solving for p, Initial residual = 0.023135, Final residual = 0.000190226, No Iterations 10
time step continuity errors : sum local = 2.61764e-06, global = 6.82796e-07, cumulative = 6.82796e-07
GAMG:  Solving for p, Initial residual = 0.109217, Final residual = 0.00104969, No Iterations 7
GAMG:  Solving for p, Initial residual = 0.0328818, Final residual = 0.000309403, No Iterations 11
GAMG:  Solving for p, Initial residual = 0.0134334, Final residual = 0.000124181, No Iterations 10
time step continuity errors : sum local = 1.73992e-06, global = 4.59919e-07, cumulative = 1.14272e-06
PIMPLE: iteration 2
DILUPBiCG:  Solving for Ux, Initial residual = 0.0162515, Final residual = 8.01658e-05, No Iterations 1
DILUPBiCG:  Solving for Uy, Initial residual = 0.00249305, Final residual = 9.83588e-06, No Iterations 1
DILUPBiCG:  Solving for Uz, Initial residual = 0.0152837, Final residual = 4.31792e-05, No Iterations 1
GAMG:  Solving for p, Initial residual = 0.120269, Final residual = 0.0010593, No Iterations 5
GAMG:  Solving for p, Initial residual = 0.0409888, Final residual = 0.000380605, No Iterations 4
GAMG:  Solving for p, Initial residual = 0.0174817, Final residual = 0.000130967, No Iterations 8
time step continuity errors : sum local = 1.56745e-06, global = -2.97292e-07, cumulative = 8.45423e-07
GAMG:  Solving for p, Initial residual = 0.0665437, Final residual = 0.000443435, No Iterations 5
GAMG:  Solving for p, Initial residual = 0.0251485, Final residual = 0.00019849, No Iterations 4
GAMG:  Solving for p, Initial residual = 0.00959037, Final residual = 7.96749e-05, No Iterations 6
time step continuity errors : sum local = 9.46564e-07, global = -1.98513e-07, cumulative = 6.4691e-07
PIMPLE: iteration 3
DILUPBiCG:  Solving for Ux, Initial residual = 0.00315274, Final residual = 3.48726e-06, No Iterations 2
DILUPBiCG:  Solving for Uy, Initial residual = 0.00207103, Final residual = 8.88243e-07, No Iterations 2
DILUPBiCG:  Solving for Uz, Initial residual = 0.0402785, Final residual = 8.42086e-06, No Iterations 2
GAMG:  Solving for p, Initial residual = 0.0524242, Final residual = 0.000462041, No Iterations 6
GAMG:  Solving for p, Initial residual = 0.0187821, Final residual = 0.000160132, No Iterations 8
GAMG:  Solving for p, Initial residual = 0.0073696, Final residual = 6.98216e-05, No Iterations 10
time step continuity errors : sum local = 9.49938e-07, global = -2.39522e-07, cumulative = 4.07389e-07
GAMG:  Solving for p, Initial residual = 0.00618916, Final residual = 5.03671e-05, No Iterations 9
GAMG:  Solving for p, Initial residual = 0.00497916, Final residual = 4.17779e-05, No Iterations 4
GAMG:  Solving for p, Initial residual = 0.00179107, Final residual = 9.06269e-07, No Iterations 24
time step continuity errors : sum local = 1.2332e-08, global = 3.4511e-09, cumulative = 4.1084e-07
DILUPBiCG:  Solving for omega, Initial residual = 0.00193118, Final residual = 2.62753e-06, No Iterations 1
DILUPBiCG:  Solving for k, Initial residual = 0.00571714, Final residual = 1.61261e-06, No Iterations 2
ExecutionTime = 15.56 s  ClockTime = 16 s

End

