/*---------------------------------------------------------------------------*\
| =========                 |                                                 |
| \\      /  F ield         | OpenFOAM: The Open Source CFD Toolbox           |
|  \\    /   O peration     | Version:  2.3.1                                 |
|   \\  /    A nd           | Web:      www.OpenFOAM.org                      |
|    \\/     M anipulation  |                                                 |
\*---------------------------------------------------------------------------*/
Build  : 2.3.1-262087cdf8db
Exec   : pimpleDyMFoam
Date   : Jun 05 2023
Time   : 23:28:24
Host   : "jcosson-VirtualBox"
PID    : 5580
Case   : /home/jcosson/workspace/henersj_shootingdata/calcs/moderate_deformed/primal/100_intervals_05-06-23/sweep2/interval97
nProcs : 1
sigFpe : Enabling floating point exception trapping (FOAM_SIGFPE).
fileModificationChecking : Monitoring run-time modified files using timeStampMaster
allowSystemOperations : Allowing user-supplied system call operations

// * * * * * * * * * * * * * * * * * * * * * * * * * * * * * * * * * * * * * //
Create time

Create mesh for time = 0.496

Selecting dynamicFvMesh dynamicMotionSolverFvMesh
Selecting motion solver: displacementLaplacian
Selecting motion diffusion: quadratic
Selecting motion diffusion: quadratic
Selecting motion diffusion: inverseDistance

PIMPLE: no residual control data found. Calculations will employ 3 corrector loops

Reading field p

Reading field U

Reading/calculating face flux field phi

Selecting incompressible transport model Newtonian
Selecting turbulence model type RASModel
Selecting RAS turbulence model kOmegaSST
kOmegaSSTCoeffs
{
    alphaK1         0.85034;
    alphaK2         1;
    alphaOmega1     0.5;
    alphaOmega2     0.85616;
    gamma1          0.5532;
    gamma2          0.4403;
    beta1           0.075;
    beta2           0.0828;
    betaStar        0.09;
    a1              0.31;
    c1              10;
    Cmu             0.09;
    b1              1;
    F3              false;
}

Reading/calculating face velocity Uf

No finite volume options present

Courant Number mean: 0.100269 max: 0.219865

Starting time loop

Courant Number mean: 0.100269 max: 0.219865
Time = 0.497

GAMG:  Solving for cellDisplacementx, Initial residual = 0, Final residual = 0, No Iterations 0
GAMG:  Solving for cellDisplacementy, Initial residual = 0, Final residual = 0, No Iterations 0
GAMG:  Solving for cellDisplacementz, Initial residual = 0, Final residual = 0, No Iterations 0
PIMPLE: iteration 1
DILUPBiCG:  Solving for Ux, Initial residual = 0.0385604, Final residual = 0.000103627, No Iterations 1
DILUPBiCG:  Solving for Uy, Initial residual = 0.018539, Final residual = 7.44571e-05, No Iterations 1
DILUPBiCG:  Solving for Uz, Initial residual = 0.134591, Final residual = 0.000211288, No Iterations 1
GAMG:  Solving for p, Initial residual = 0.297372, Final residual = 0.0025295, No Iterations 9
GAMG:  Solving for p, Initial residual = 0.0847883, Final residual = 0.000760446, No Iterations 7
GAMG:  Solving for p, Initial residual = 0.0302761, Final residual = 0.000267206, No Iterations 8
time step continuity errors : sum local = 1.15349e-06, global = 2.35662e-07, cumulative = 2.35662e-07
GAMG:  Solving for p, Initial residual = 0.160425, Final residual = 0.00114327, No Iterations 9
GAMG:  Solving for p, Initial residual = 0.0478851, Final residual = 0.0003903, No Iterations 5
GAMG:  Solving for p, Initial residual = 0.0186759, Final residual = 0.000146805, No Iterations 4
time step continuity errors : sum local = 6.51132e-07, global = 2.15701e-07, cumulative = 4.51363e-07
PIMPLE: iteration 2
DILUPBiCG:  Solving for Ux, Initial residual = 0.00744131, Final residual = 3.47946e-05, No Iterations 1
DILUPBiCG:  Solving for Uy, Initial residual = 0.00180459, Final residual = 7.75633e-06, No Iterations 1
DILUPBiCG:  Solving for Uz, Initial residual = 0.00935167, Final residual = 2.33627e-05, No Iterations 1
GAMG:  Solving for p, Initial residual = 0.184714, Final residual = 0.00143563, No Iterations 9
GAMG:  Solving for p, Initial residual = 0.0623165, Final residual = 0.000450731, No Iterations 5
GAMG:  Solving for p, Initial residual = 0.0241649, Final residual = 0.000228398, No Iterations 4
time step continuity errors : sum local = 8.71688e-07, global = -1.02919e-07, cumulative = 3.48444e-07
GAMG:  Solving for p, Initial residual = 0.108661, Final residual = 0.000685448, No Iterations 9
GAMG:  Solving for p, Initial residual = 0.0410939, Final residual = 0.000222794, No Iterations 5
GAMG:  Solving for p, Initial residual = 0.0158442, Final residual = 0.00014433, No Iterations 4
time step continuity errors : sum local = 5.51987e-07, global = -7.60638e-08, cumulative = 2.72381e-07
PIMPLE: iteration 3
DILUPBiCG:  Solving for Ux, Initial residual = 0.000709843, Final residual = 7.66252e-07, No Iterations 2
DILUPBiCG:  Solving for Uy, Initial residual = 0.00158885, Final residual = 7.81284e-07, No Iterations 2
DILUPBiCG:  Solving for Uz, Initial residual = 0.0170975, Final residual = 4.0693e-06, No Iterations 2
GAMG:  Solving for p, Initial residual = 0.0872556, Final residual = 0.00063522, No Iterations 5
GAMG:  Solving for p, Initial residual = 0.0289333, Final residual = 0.000271696, No Iterations 4
GAMG:  Solving for p, Initial residual = 0.0128955, Final residual = 0.000123713, No Iterations 4
time step continuity errors : sum local = 5.5633e-07, global = -1.40514e-07, cumulative = 1.31867e-07
GAMG:  Solving for p, Initial residual = 0.00924611, Final residual = 5.15115e-05, No Iterations 5
GAMG:  Solving for p, Initial residual = 0.00619267, Final residual = 4.10621e-05, No Iterations 4
GAMG:  Solving for p, Initial residual = 0.0021833, Final residual = 8.50048e-07, No Iterations 17
time step continuity errors : sum local = 3.72889e-09, global = -1.11128e-09, cumulative = 1.30756e-07
DILUPBiCG:  Solving for omega, Initial residual = 0.00160437, Final residual = 1.04334e-06, No Iterations 1
DILUPBiCG:  Solving for k, Initial residual = 0.0041219, Final residual = 6.74017e-07, No Iterations 2
ExecutionTime = 10.23 s  ClockTime = 10 s

End

