/*---------------------------------------------------------------------------*\
| =========                 |                                                 |
| \\      /  F ield         | OpenFOAM: The Open Source CFD Toolbox           |
|  \\    /   O peration     | Version:  2.3.1                                 |
|   \\  /    A nd           | Web:      www.OpenFOAM.org                      |
|    \\/     M anipulation  |                                                 |
\*---------------------------------------------------------------------------*/
Build  : 2.3.1-262087cdf8db
Exec   : pimpleDyMFoam
Date   : Jun 05 2023
Time   : 23:28:06
Host   : "jcosson-VirtualBox"
PID    : 5540
Case   : /home/jcosson/workspace/henersj_shootingdata/calcs/moderate_deformed/primal/100_intervals_05-06-23/sweep2/interval77
nProcs : 1
sigFpe : Enabling floating point exception trapping (FOAM_SIGFPE).
fileModificationChecking : Monitoring run-time modified files using timeStampMaster
allowSystemOperations : Allowing user-supplied system call operations

// * * * * * * * * * * * * * * * * * * * * * * * * * * * * * * * * * * * * * //
Create time

Create mesh for time = 0.476

Selecting dynamicFvMesh dynamicMotionSolverFvMesh
Selecting motion solver: displacementLaplacian
Selecting motion diffusion: quadratic
Selecting motion diffusion: quadratic
Selecting motion diffusion: inverseDistance

PIMPLE: no residual control data found. Calculations will employ 3 corrector loops

Reading field p

Reading field U

Reading/calculating face flux field phi

Selecting incompressible transport model Newtonian
Selecting turbulence model type RASModel
Selecting RAS turbulence model kOmegaSST
kOmegaSSTCoeffs
{
    alphaK1         0.85034;
    alphaK2         1;
    alphaOmega1     0.5;
    alphaOmega2     0.85616;
    gamma1          0.5532;
    gamma2          0.4403;
    beta1           0.075;
    beta2           0.0828;
    betaStar        0.09;
    a1              0.31;
    c1              10;
    Cmu             0.09;
    b1              1;
    F3              false;
}

Reading/calculating face velocity Uf

No finite volume options present

Courant Number mean: 0.182833 max: 0.40439

Starting time loop

Courant Number mean: 0.182833 max: 0.40439
Time = 0.477

GAMG:  Solving for cellDisplacementx, Initial residual = 0, Final residual = 0, No Iterations 0
GAMG:  Solving for cellDisplacementy, Initial residual = 0, Final residual = 0, No Iterations 0
GAMG:  Solving for cellDisplacementz, Initial residual = 0, Final residual = 0, No Iterations 0
PIMPLE: iteration 1
DILUPBiCG:  Solving for Ux, Initial residual = 0.073042, Final residual = 0.000239819, No Iterations 1
DILUPBiCG:  Solving for Uy, Initial residual = 0.0153743, Final residual = 7.78829e-05, No Iterations 1
DILUPBiCG:  Solving for Uz, Initial residual = 0.193007, Final residual = 0.000421958, No Iterations 1
GAMG:  Solving for p, Initial residual = 0.241559, Final residual = 0.00230745, No Iterations 9
GAMG:  Solving for p, Initial residual = 0.0580564, Final residual = 0.000533275, No Iterations 15
GAMG:  Solving for p, Initial residual = 0.0221677, Final residual = 0.000213683, No Iterations 8
time step continuity errors : sum local = 3.04548e-06, global = 6.5084e-07, cumulative = 6.5084e-07
GAMG:  Solving for p, Initial residual = 0.105632, Final residual = 0.00085153, No Iterations 7
GAMG:  Solving for p, Initial residual = 0.0308, Final residual = 0.000268638, No Iterations 11
GAMG:  Solving for p, Initial residual = 0.0128185, Final residual = 0.000125706, No Iterations 4
time step continuity errors : sum local = 1.82531e-06, global = 6.06925e-07, cumulative = 1.25776e-06
PIMPLE: iteration 2
DILUPBiCG:  Solving for Ux, Initial residual = 0.0186216, Final residual = 9.87241e-05, No Iterations 1
DILUPBiCG:  Solving for Uy, Initial residual = 0.00293857, Final residual = 1.07358e-05, No Iterations 1
DILUPBiCG:  Solving for Uz, Initial residual = 0.0141944, Final residual = 3.98396e-05, No Iterations 1
GAMG:  Solving for p, Initial residual = 0.116378, Final residual = 0.000870204, No Iterations 5
GAMG:  Solving for p, Initial residual = 0.0391052, Final residual = 0.000293292, No Iterations 4
GAMG:  Solving for p, Initial residual = 0.0161928, Final residual = 0.00011436, No Iterations 4
time step continuity errors : sum local = 1.40296e-06, global = -1.85694e-07, cumulative = 1.07207e-06
GAMG:  Solving for p, Initial residual = 0.0642295, Final residual = 0.000635045, No Iterations 5
GAMG:  Solving for p, Initial residual = 0.023466, Final residual = 0.000162696, No Iterations 4
GAMG:  Solving for p, Initial residual = 0.00903937, Final residual = 7.41766e-05, No Iterations 4
time step continuity errors : sum local = 9.18469e-07, global = -1.19263e-07, cumulative = 9.52808e-07
PIMPLE: iteration 3
DILUPBiCG:  Solving for Ux, Initial residual = 0.00376502, Final residual = 3.46774e-06, No Iterations 2
DILUPBiCG:  Solving for Uy, Initial residual = 0.00215699, Final residual = 9.85486e-07, No Iterations 2
DILUPBiCG:  Solving for Uz, Initial residual = 0.0379187, Final residual = 9.93937e-06, No Iterations 2
GAMG:  Solving for p, Initial residual = 0.0504841, Final residual = 0.000460576, No Iterations 6
GAMG:  Solving for p, Initial residual = 0.0169853, Final residual = 0.000166236, No Iterations 8
GAMG:  Solving for p, Initial residual = 0.00673104, Final residual = 5.93584e-05, No Iterations 12
time step continuity errors : sum local = 8.44519e-07, global = -2.44214e-07, cumulative = 7.08593e-07
GAMG:  Solving for p, Initial residual = 0.00531155, Final residual = 4.02277e-05, No Iterations 9
GAMG:  Solving for p, Initial residual = 0.00417997, Final residual = 3.98776e-05, No Iterations 4
GAMG:  Solving for p, Initial residual = 0.00149799, Final residual = 9.18723e-07, No Iterations 19
time step continuity errors : sum local = 1.3053e-08, global = 3.57921e-09, cumulative = 7.12172e-07
DILUPBiCG:  Solving for omega, Initial residual = 0.00181883, Final residual = 2.24079e-06, No Iterations 1
DILUPBiCG:  Solving for k, Initial residual = 0.00523814, Final residual = 1.27475e-06, No Iterations 2
ExecutionTime = 13.34 s  ClockTime = 14 s

End

