/*---------------------------------------------------------------------------*\
| =========                 |                                                 |
| \\      /  F ield         | OpenFOAM: The Open Source CFD Toolbox           |
|  \\    /   O peration     | Version:  2.3.1                                 |
|   \\  /    A nd           | Web:      www.OpenFOAM.org                      |
|    \\/     M anipulation  |                                                 |
\*---------------------------------------------------------------------------*/
Build  : 2.3.1-262087cdf8db
Exec   : pimpleDyMFoam
Date   : Jun 05 2023
Time   : 23:27:23
Host   : "jcosson-VirtualBox"
PID    : 5473
Case   : /home/jcosson/workspace/henersj_shootingdata/calcs/moderate_deformed/primal/100_intervals_05-06-23/sweep2/interval44
nProcs : 1
sigFpe : Enabling floating point exception trapping (FOAM_SIGFPE).
fileModificationChecking : Monitoring run-time modified files using timeStampMaster
allowSystemOperations : Allowing user-supplied system call operations

// * * * * * * * * * * * * * * * * * * * * * * * * * * * * * * * * * * * * * //
Create time

Create mesh for time = 0.443

Selecting dynamicFvMesh dynamicMotionSolverFvMesh
Selecting motion solver: displacementLaplacian
Selecting motion diffusion: quadratic
Selecting motion diffusion: quadratic
Selecting motion diffusion: inverseDistance

PIMPLE: no residual control data found. Calculations will employ 3 corrector loops

Reading field p

Reading field U

Reading/calculating face flux field phi

Selecting incompressible transport model Newtonian
Selecting turbulence model type RASModel
Selecting RAS turbulence model kOmegaSST
kOmegaSSTCoeffs
{
    alphaK1         0.85034;
    alphaK2         1;
    alphaOmega1     0.5;
    alphaOmega2     0.85616;
    gamma1          0.5532;
    gamma2          0.4403;
    beta1           0.075;
    beta2           0.0828;
    betaStar        0.09;
    a1              0.31;
    c1              10;
    Cmu             0.09;
    b1              1;
    F3              false;
}

Reading/calculating face velocity Uf

No finite volume options present

Courant Number mean: 0.270693 max: 0.606276

Starting time loop

Courant Number mean: 0.270693 max: 0.606276
Time = 0.444

GAMG:  Solving for cellDisplacementx, Initial residual = 0, Final residual = 0, No Iterations 0
GAMG:  Solving for cellDisplacementy, Initial residual = 0, Final residual = 0, No Iterations 0
GAMG:  Solving for cellDisplacementz, Initial residual = 0, Final residual = 0, No Iterations 0
PIMPLE: iteration 1
DILUPBiCG:  Solving for Ux, Initial residual = 0.012594, Final residual = 4.93606e-05, No Iterations 1
DILUPBiCG:  Solving for Uy, Initial residual = 0.0231479, Final residual = 8.11947e-05, No Iterations 1
DILUPBiCG:  Solving for Uz, Initial residual = 0.157323, Final residual = 0.000403087, No Iterations 1
GAMG:  Solving for p, Initial residual = 0.491081, Final residual = 0.00458223, No Iterations 12
GAMG:  Solving for p, Initial residual = 0.114952, Final residual = 0.000786812, No Iterations 5
GAMG:  Solving for p, Initial residual = 0.0455781, Final residual = 0.00018947, No Iterations 5
time step continuity errors : sum local = 1.19241e-06, global = -2.82576e-07, cumulative = -2.82576e-07
GAMG:  Solving for p, Initial residual = 0.19772, Final residual = 0.00142261, No Iterations 12
GAMG:  Solving for p, Initial residual = 0.0663163, Final residual = 0.000552726, No Iterations 4
GAMG:  Solving for p, Initial residual = 0.0288124, Final residual = 0.000251391, No Iterations 4
time step continuity errors : sum local = 1.51897e-06, global = -1.28925e-07, cumulative = -4.115e-07
PIMPLE: iteration 2
DILUPBiCG:  Solving for Ux, Initial residual = 0.00341837, Final residual = 1.54014e-05, No Iterations 1
DILUPBiCG:  Solving for Uy, Initial residual = 0.00288545, Final residual = 1.32885e-05, No Iterations 1
DILUPBiCG:  Solving for Uz, Initial residual = 0.0212095, Final residual = 7.28993e-05, No Iterations 1
GAMG:  Solving for p, Initial residual = 0.230733, Final residual = 0.00209549, No Iterations 14
GAMG:  Solving for p, Initial residual = 0.0839699, Final residual = 0.000292881, No Iterations 6
GAMG:  Solving for p, Initial residual = 0.038871, Final residual = 0.000161103, No Iterations 5
time step continuity errors : sum local = 8.51625e-07, global = 7.16548e-08, cumulative = -3.39845e-07
GAMG:  Solving for p, Initial residual = 0.112264, Final residual = 0.00103895, No Iterations 12
GAMG:  Solving for p, Initial residual = 0.0468864, Final residual = 0.00037351, No Iterations 5
GAMG:  Solving for p, Initial residual = 0.0191599, Final residual = 0.000123047, No Iterations 5
time step continuity errors : sum local = 6.49991e-07, global = 4.4481e-08, cumulative = -2.95364e-07
PIMPLE: iteration 3
DILUPBiCG:  Solving for Ux, Initial residual = 0.00197277, Final residual = 3.75629e-07, No Iterations 2
DILUPBiCG:  Solving for Uy, Initial residual = 0.00130994, Final residual = 1.18926e-06, No Iterations 2
DILUPBiCG:  Solving for Uz, Initial residual = 0.0300313, Final residual = 3.13347e-06, No Iterations 2
GAMG:  Solving for p, Initial residual = 0.0963452, Final residual = 0.000941505, No Iterations 11
GAMG:  Solving for p, Initial residual = 0.0379113, Final residual = 0.00027438, No Iterations 6
GAMG:  Solving for p, Initial residual = 0.016221, Final residual = 0.000157247, No Iterations 4
time step continuity errors : sum local = 8.97272e-07, global = 3.48603e-07, cumulative = 5.32383e-08
GAMG:  Solving for p, Initial residual = 0.0150293, Final residual = 0.000136868, No Iterations 8
GAMG:  Solving for p, Initial residual = 0.010628, Final residual = 7.6979e-05, No Iterations 4
GAMG:  Solving for p, Initial residual = 0.00415498, Final residual = 9.34342e-07, No Iterations 41
time step continuity errors : sum local = 5.22669e-09, global = -1.57165e-09, cumulative = 5.16667e-08
DILUPBiCG:  Solving for omega, Initial residual = 0.00218125, Final residual = 2.89538e-06, No Iterations 1
DILUPBiCG:  Solving for k, Initial residual = 0.00678223, Final residual = 9.71379e-07, No Iterations 2
ExecutionTime = 13.96 s  ClockTime = 14 s

End

