/*---------------------------------------------------------------------------*\
| =========                 |                                                 |
| \\      /  F ield         | OpenFOAM: The Open Source CFD Toolbox           |
|  \\    /   O peration     | Version:  2.3.1                                 |
|   \\  /    A nd           | Web:      www.OpenFOAM.org                      |
|    \\/     M anipulation  |                                                 |
\*---------------------------------------------------------------------------*/
Build  : 2.3.1-262087cdf8db
Exec   : pimpleDyMFoam
Date   : Jun 05 2023
Time   : 23:28:13
Host   : "jcosson-VirtualBox"
PID    : 5564
Case   : /home/jcosson/workspace/henersj_shootingdata/calcs/moderate_deformed/primal/100_intervals_05-06-23/sweep2/interval89
nProcs : 1
sigFpe : Enabling floating point exception trapping (FOAM_SIGFPE).
fileModificationChecking : Monitoring run-time modified files using timeStampMaster
allowSystemOperations : Allowing user-supplied system call operations

// * * * * * * * * * * * * * * * * * * * * * * * * * * * * * * * * * * * * * //
Create time

Create mesh for time = 0.488

Selecting dynamicFvMesh dynamicMotionSolverFvMesh
Selecting motion solver: displacementLaplacian
Selecting motion diffusion: quadratic
Selecting motion diffusion: quadratic
Selecting motion diffusion: inverseDistance

PIMPLE: no residual control data found. Calculations will employ 3 corrector loops

Reading field p

Reading field U

Reading/calculating face flux field phi

Selecting incompressible transport model Newtonian
Selecting turbulence model type RASModel
Selecting RAS turbulence model kOmegaSST
kOmegaSSTCoeffs
{
    alphaK1         0.85034;
    alphaK2         1;
    alphaOmega1     0.5;
    alphaOmega2     0.85616;
    gamma1          0.5532;
    gamma2          0.4403;
    beta1           0.075;
    beta2           0.0828;
    betaStar        0.09;
    a1              0.31;
    c1              10;
    Cmu             0.09;
    b1              1;
    F3              false;
}

Reading/calculating face velocity Uf

No finite volume options present

Courant Number mean: 0.12208 max: 0.267272

Starting time loop

Courant Number mean: 0.12208 max: 0.267272
Time = 0.489

GAMG:  Solving for cellDisplacementx, Initial residual = 0, Final residual = 0, No Iterations 0
GAMG:  Solving for cellDisplacementy, Initial residual = 0, Final residual = 0, No Iterations 0
GAMG:  Solving for cellDisplacementz, Initial residual = 0, Final residual = 0, No Iterations 0
PIMPLE: iteration 1
DILUPBiCG:  Solving for Ux, Initial residual = 0.0691342, Final residual = 0.000218887, No Iterations 1
DILUPBiCG:  Solving for Uy, Initial residual = 0.0163545, Final residual = 7.37501e-05, No Iterations 1
DILUPBiCG:  Solving for Uz, Initial residual = 0.170314, Final residual = 0.000309389, No Iterations 1
GAMG:  Solving for p, Initial residual = 0.251848, Final residual = 0.00234692, No Iterations 7
GAMG:  Solving for p, Initial residual = 0.059394, Final residual = 0.000587953, No Iterations 13
GAMG:  Solving for p, Initial residual = 0.0237387, Final residual = 0.000213766, No Iterations 8
time step continuity errors : sum local = 2.14205e-06, global = 4.44889e-07, cumulative = 4.44889e-07
GAMG:  Solving for p, Initial residual = 0.114356, Final residual = 0.000917011, No Iterations 5
GAMG:  Solving for p, Initial residual = 0.0326752, Final residual = 0.00031024, No Iterations 7
GAMG:  Solving for p, Initial residual = 0.0141762, Final residual = 0.000128726, No Iterations 4
time step continuity errors : sum local = 1.32591e-06, global = 4.35323e-07, cumulative = 8.80212e-07
PIMPLE: iteration 2
DILUPBiCG:  Solving for Ux, Initial residual = 0.0164023, Final residual = 8.79774e-05, No Iterations 1
DILUPBiCG:  Solving for Uy, Initial residual = 0.00297066, Final residual = 1.02115e-05, No Iterations 1
DILUPBiCG:  Solving for Uz, Initial residual = 0.0113404, Final residual = 2.98419e-05, No Iterations 1
GAMG:  Solving for p, Initial residual = 0.127265, Final residual = 0.000861408, No Iterations 5
GAMG:  Solving for p, Initial residual = 0.0413541, Final residual = 0.00031469, No Iterations 4
GAMG:  Solving for p, Initial residual = 0.017406, Final residual = 0.000129588, No Iterations 4
time step continuity errors : sum local = 1.14309e-06, global = -1.61849e-07, cumulative = 7.18363e-07
GAMG:  Solving for p, Initial residual = 0.0706193, Final residual = 0.000640845, No Iterations 5
GAMG:  Solving for p, Initial residual = 0.026042, Final residual = 0.000178184, No Iterations 4
GAMG:  Solving for p, Initial residual = 0.0103259, Final residual = 8.15452e-05, No Iterations 4
time step continuity errors : sum local = 7.24195e-07, global = -1.06286e-07, cumulative = 6.12077e-07
PIMPLE: iteration 3
DILUPBiCG:  Solving for Ux, Initial residual = 0.00299344, Final residual = 2.98437e-06, No Iterations 2
DILUPBiCG:  Solving for Uy, Initial residual = 0.00204623, Final residual = 9.55735e-07, No Iterations 2
DILUPBiCG:  Solving for Uz, Initial residual = 0.0274521, Final residual = 7.72672e-06, No Iterations 2
GAMG:  Solving for p, Initial residual = 0.0565169, Final residual = 0.000414833, No Iterations 6
GAMG:  Solving for p, Initial residual = 0.0185991, Final residual = 0.000185063, No Iterations 4
GAMG:  Solving for p, Initial residual = 0.007305, Final residual = 6.39333e-05, No Iterations 14
time step continuity errors : sum local = 6.58958e-07, global = -1.99503e-07, cumulative = 4.12573e-07
GAMG:  Solving for p, Initial residual = 0.00539556, Final residual = 4.6307e-05, No Iterations 7
GAMG:  Solving for p, Initial residual = 0.00383451, Final residual = 2.27861e-05, No Iterations 4
GAMG:  Solving for p, Initial residual = 0.001387, Final residual = 9.5415e-07, No Iterations 18
time step continuity errors : sum local = 9.74283e-09, global = 2.9318e-09, cumulative = 4.15505e-07
DILUPBiCG:  Solving for omega, Initial residual = 0.00168826, Final residual = 1.38894e-06, No Iterations 1
DILUPBiCG:  Solving for k, Initial residual = 0.00439607, Final residual = 9.20612e-07, No Iterations 2
ExecutionTime = 12.46 s  ClockTime = 13 s

End

