/*---------------------------------------------------------------------------*\
| =========                 |                                                 |
| \\      /  F ield         | OpenFOAM: The Open Source CFD Toolbox           |
|  \\    /   O peration     | Version:  2.3.1                                 |
|   \\  /    A nd           | Web:      www.OpenFOAM.org                      |
|    \\/     M anipulation  |                                                 |
\*---------------------------------------------------------------------------*/
Build  : 2.3.1-262087cdf8db
Exec   : pimpleDyMFoam
Date   : Jun 06 2023
Time   : 09:45:01
Host   : "jcosson-VirtualBox"
PID    : 4440
Case   : /home/jcosson/workspace/henersj_shootingdata/calcs/moderate_deformed/primal/14_intervals_05-06-23/sweep4/interval11
nProcs : 1
sigFpe : Enabling floating point exception trapping (FOAM_SIGFPE).
fileModificationChecking : Monitoring run-time modified files using timeStampMaster
allowSystemOperations : Allowing user-supplied system call operations

// * * * * * * * * * * * * * * * * * * * * * * * * * * * * * * * * * * * * * //
Create time

Create mesh for time = 0.471

Selecting dynamicFvMesh dynamicMotionSolverFvMesh
Selecting motion solver: displacementLaplacian
Selecting motion diffusion: quadratic
Selecting motion diffusion: quadratic
Selecting motion diffusion: inverseDistance

PIMPLE: no residual control data found. Calculations will employ 3 corrector loops

Reading field p

Reading field U

Reading/calculating face flux field phi

Selecting incompressible transport model Newtonian
Selecting turbulence model type RASModel
Selecting RAS turbulence model kOmegaSST
kOmegaSSTCoeffs
{
    alphaK1         0.85034;
    alphaK2         1;
    alphaOmega1     0.5;
    alphaOmega2     0.85616;
    gamma1          0.5532;
    gamma2          0.4403;
    beta1           0.075;
    beta2           0.0828;
    betaStar        0.09;
    a1              0.31;
    c1              10;
    Cmu             0.09;
    b1              1;
    F3              false;
}

Reading/calculating face velocity Uf

No finite volume options present

Courant Number mean: 0.211687 max: 0.472113

Starting time loop

Courant Number mean: 0.211687 max: 0.472113
Time = 0.472

GAMG:  Solving for cellDisplacementx, Initial residual = 0, Final residual = 0, No Iterations 0
GAMG:  Solving for cellDisplacementy, Initial residual = 0, Final residual = 0, No Iterations 0
GAMG:  Solving for cellDisplacementz, Initial residual = 0, Final residual = 0, No Iterations 0
PIMPLE: iteration 1
DILUPBiCG:  Solving for Ux, Initial residual = 0.0512106, Final residual = 0.000211146, No Iterations 1
DILUPBiCG:  Solving for Uy, Initial residual = 0.00843872, Final residual = 1.92777e-05, No Iterations 1
DILUPBiCG:  Solving for Uz, Initial residual = 0.012272, Final residual = 3.07682e-05, No Iterations 1
GAMG:  Solving for p, Initial residual = 0.128152, Final residual = 0.00100089, No Iterations 6
GAMG:  Solving for p, Initial residual = 0.0149424, Final residual = 0.000147093, No Iterations 18
GAMG:  Solving for p, Initial residual = 0.00651102, Final residual = 5.79901e-05, No Iterations 12
time step continuity errors : sum local = 8.43995e-07, global = 2.54685e-07, cumulative = 2.54685e-07
GAMG:  Solving for p, Initial residual = 0.0542638, Final residual = 0.000337743, No Iterations 6
GAMG:  Solving for p, Initial residual = 0.00754331, Final residual = 7.03611e-05, No Iterations 16
GAMG:  Solving for p, Initial residual = 0.00338089, Final residual = 2.88655e-05, No Iterations 12
time step continuity errors : sum local = 4.19946e-07, global = 1.25796e-07, cumulative = 3.80482e-07
PIMPLE: iteration 2
DILUPBiCG:  Solving for Ux, Initial residual = 0.0149026, Final residual = 8.82001e-05, No Iterations 1
DILUPBiCG:  Solving for Uy, Initial residual = 0.00259066, Final residual = 5.91335e-06, No Iterations 1
DILUPBiCG:  Solving for Uz, Initial residual = 0.00336295, Final residual = 1.2442e-05, No Iterations 1
GAMG:  Solving for p, Initial residual = 0.0546082, Final residual = 0.000473751, No Iterations 4
GAMG:  Solving for p, Initial residual = 0.00893474, Final residual = 8.64049e-05, No Iterations 16
GAMG:  Solving for p, Initial residual = 0.00406847, Final residual = 4.05077e-05, No Iterations 8
time step continuity errors : sum local = 5.02268e-07, global = -1.51103e-07, cumulative = 2.29379e-07
GAMG:  Solving for p, Initial residual = 0.0280566, Final residual = 0.000206753, No Iterations 4
GAMG:  Solving for p, Initial residual = 0.00443205, Final residual = 3.99344e-05, No Iterations 14
GAMG:  Solving for p, Initial residual = 0.00190879, Final residual = 1.7236e-05, No Iterations 10
time step continuity errors : sum local = 2.14886e-07, global = -5.67898e-08, cumulative = 1.72589e-07
PIMPLE: iteration 3
DILUPBiCG:  Solving for Ux, Initial residual = 0.00368216, Final residual = 1.96143e-06, No Iterations 2
DILUPBiCG:  Solving for Uy, Initial residual = 0.000640271, Final residual = 6.83546e-06, No Iterations 1
DILUPBiCG:  Solving for Uz, Initial residual = 0.00732042, Final residual = 3.32267e-06, No Iterations 2
GAMG:  Solving for p, Initial residual = 0.0402241, Final residual = 0.000367471, No Iterations 5
GAMG:  Solving for p, Initial residual = 0.00927973, Final residual = 7.79158e-05, No Iterations 11
GAMG:  Solving for p, Initial residual = 0.00438183, Final residual = 3.58331e-05, No Iterations 10
time step continuity errors : sum local = 4.98326e-07, global = -1.28915e-07, cumulative = 4.3674e-08
GAMG:  Solving for p, Initial residual = 0.00247741, Final residual = 2.19772e-05, No Iterations 20
GAMG:  Solving for p, Initial residual = 0.00138122, Final residual = 1.17183e-05, No Iterations 4
GAMG:  Solving for p, Initial residual = 0.000550829, Final residual = 8.6385e-07, No Iterations 34
time step continuity errors : sum local = 1.19643e-08, global = 3.5122e-09, cumulative = 4.71862e-08
DILUPBiCG:  Solving for omega, Initial residual = 0.000600018, Final residual = 7.33527e-07, No Iterations 1
DILUPBiCG:  Solving for k, Initial residual = 0.0044624, Final residual = 1.21467e-06, No Iterations 2
ExecutionTime = 12.67 s  ClockTime = 12 s

Courant Number mean: 0.206139 max: 0.460022
Time = 0.473

GAMG:  Solving for cellDisplacementx, Initial residual = 0, Final residual = 0, No Iterations 0
GAMG:  Solving for cellDisplacementy, Initial residual = 0, Final residual = 0, No Iterations 0
GAMG:  Solving for cellDisplacementz, Initial residual = 0, Final residual = 0, No Iterations 0
PIMPLE: iteration 1
DILUPBiCG:  Solving for Ux, Initial residual = 0.0532725, Final residual = 0.000218547, No Iterations 1
DILUPBiCG:  Solving for Uy, Initial residual = 0.00881581, Final residual = 1.99559e-05, No Iterations 1
DILUPBiCG:  Solving for Uz, Initial residual = 0.0109745, Final residual = 2.73118e-05, No Iterations 1
GAMG:  Solving for p, Initial residual = 0.118545, Final residual = 0.000972424, No Iterations 6
GAMG:  Solving for p, Initial residual = 0.0131204, Final residual = 0.000123363, No Iterations 20
GAMG:  Solving for p, Initial residual = 0.00584574, Final residual = 4.98125e-05, No Iterations 12
time step continuity errors : sum local = 7.39664e-07, global = 2.22703e-07, cumulative = 2.6989e-07
GAMG:  Solving for p, Initial residual = 0.0503046, Final residual = 0.000327481, No Iterations 6
GAMG:  Solving for p, Initial residual = 0.00665794, Final residual = 5.92159e-05, No Iterations 18
GAMG:  Solving for p, Initial residual = 0.00303297, Final residual = 2.97312e-05, No Iterations 10
time step continuity errors : sum local = 4.41135e-07, global = 1.16945e-07, cumulative = 3.86834e-07
PIMPLE: iteration 2
DILUPBiCG:  Solving for Ux, Initial residual = 0.0153879, Final residual = 9.15259e-05, No Iterations 1
DILUPBiCG:  Solving for Uy, Initial residual = 0.00269131, Final residual = 6.08591e-06, No Iterations 1
DILUPBiCG:  Solving for Uz, Initial residual = 0.0032656, Final residual = 1.22952e-05, No Iterations 1
GAMG:  Solving for p, Initial residual = 0.0501274, Final residual = 0.000471763, No Iterations 4
GAMG:  Solving for p, Initial residual = 0.00790435, Final residual = 7.28231e-05, No Iterations 18
GAMG:  Solving for p, Initial residual = 0.00365851, Final residual = 3.3859e-05, No Iterations 8
time step continuity errors : sum local = 4.28002e-07, global = -1.39984e-07, cumulative = 2.4685e-07
GAMG:  Solving for p, Initial residual = 0.0257804, Final residual = 0.000205493, No Iterations 4
GAMG:  Solving for p, Initial residual = 0.00388023, Final residual = 3.31534e-05, No Iterations 16
GAMG:  Solving for p, Initial residual = 0.00168264, Final residual = 1.60488e-05, No Iterations 8
time step continuity errors : sum local = 2.04058e-07, global = -5.98157e-08, cumulative = 1.87035e-07
PIMPLE: iteration 3
DILUPBiCG:  Solving for Ux, Initial residual = 0.00377052, Final residual = 2.14537e-06, No Iterations 2
DILUPBiCG:  Solving for Uy, Initial residual = 0.000661141, Final residual = 6.6883e-06, No Iterations 1
DILUPBiCG:  Solving for Uz, Initial residual = 0.00720373, Final residual = 3.69926e-06, No Iterations 2
GAMG:  Solving for p, Initial residual = 0.0395207, Final residual = 0.000371804, No Iterations 5
GAMG:  Solving for p, Initial residual = 0.00917858, Final residual = 8.38639e-05, No Iterations 9
GAMG:  Solving for p, Initial residual = 0.00429535, Final residual = 3.82267e-05, No Iterations 10
time step continuity errors : sum local = 5.42593e-07, global = -1.3988e-07, cumulative = 4.71544e-08
GAMG:  Solving for p, Initial residual = 0.00241649, Final residual = 2.35449e-05, No Iterations 18
GAMG:  Solving for p, Initial residual = 0.00134287, Final residual = 1.22306e-05, No Iterations 4
GAMG:  Solving for p, Initial residual = 0.000539178, Final residual = 9.88068e-07, No Iterations 34
time step continuity errors : sum local = 1.39608e-08, global = 4.09733e-09, cumulative = 5.12518e-08
DILUPBiCG:  Solving for omega, Initial residual = 0.000629036, Final residual = 7.23828e-07, No Iterations 1
DILUPBiCG:  Solving for k, Initial residual = 0.0044094, Final residual = 1.18927e-06, No Iterations 2
ExecutionTime = 23.72 s  ClockTime = 23 s

Courant Number mean: 0.200522 max: 0.447758
Time = 0.474

GAMG:  Solving for cellDisplacementx, Initial residual = 0, Final residual = 0, No Iterations 0
GAMG:  Solving for cellDisplacementy, Initial residual = 0, Final residual = 0, No Iterations 0
GAMG:  Solving for cellDisplacementz, Initial residual = 0, Final residual = 0, No Iterations 0
PIMPLE: iteration 1
DILUPBiCG:  Solving for Ux, Initial residual = 0.0551593, Final residual = 0.000225205, No Iterations 1
DILUPBiCG:  Solving for Uy, Initial residual = 0.00919853, Final residual = 2.06742e-05, No Iterations 1
DILUPBiCG:  Solving for Uz, Initial residual = 0.0106937, Final residual = 2.63251e-05, No Iterations 1
GAMG:  Solving for p, Initial residual = 0.117568, Final residual = 0.000957034, No Iterations 6
GAMG:  Solving for p, Initial residual = 0.0130071, Final residual = 0.000120691, No Iterations 20
GAMG:  Solving for p, Initial residual = 0.00584951, Final residual = 5.76522e-05, No Iterations 10
time step continuity errors : sum local = 8.68774e-07, global = 2.31591e-07, cumulative = 2.82843e-07
GAMG:  Solving for p, Initial residual = 0.0500607, Final residual = 0.000325551, No Iterations 6
GAMG:  Solving for p, Initial residual = 0.00660988, Final residual = 5.83438e-05, No Iterations 18
GAMG:  Solving for p, Initial residual = 0.00303656, Final residual = 2.80544e-05, No Iterations 10
time step continuity errors : sum local = 4.22675e-07, global = 1.11343e-07, cumulative = 3.94186e-07
PIMPLE: iteration 2
DILUPBiCG:  Solving for Ux, Initial residual = 0.0158419, Final residual = 9.45484e-05, No Iterations 1
DILUPBiCG:  Solving for Uy, Initial residual = 0.00278956, Final residual = 6.25154e-06, No Iterations 1
DILUPBiCG:  Solving for Uz, Initial residual = 0.00320528, Final residual = 1.21069e-05, No Iterations 1
GAMG:  Solving for p, Initial residual = 0.0497769, Final residual = 0.000477723, No Iterations 4
GAMG:  Solving for p, Initial residual = 0.00786913, Final residual = 7.46328e-05, No Iterations 18
GAMG:  Solving for p, Initial residual = 0.00362451, Final residual = 3.47458e-05, No Iterations 8
time step continuity errors : sum local = 4.4669e-07, global = -1.49055e-07, cumulative = 2.45131e-07
GAMG:  Solving for p, Initial residual = 0.0256159, Final residual = 0.000208814, No Iterations 4
GAMG:  Solving for p, Initial residual = 0.00388743, Final residual = 3.43388e-05, No Iterations 16
GAMG:  Solving for p, Initial residual = 0.00167658, Final residual = 1.65707e-05, No Iterations 8
time step continuity errors : sum local = 2.14273e-07, global = -6.38127e-08, cumulative = 1.81318e-07
PIMPLE: iteration 3
DILUPBiCG:  Solving for Ux, Initial residual = 0.00385682, Final residual = 2.32263e-06, No Iterations 2
DILUPBiCG:  Solving for Uy, Initial residual = 0.000682235, Final residual = 6.54465e-06, No Iterations 1
DILUPBiCG:  Solving for Uz, Initial residual = 0.00722551, Final residual = 3.58639e-06, No Iterations 2
GAMG:  Solving for p, Initial residual = 0.039662, Final residual = 0.0003664, No Iterations 5
GAMG:  Solving for p, Initial residual = 0.00921163, Final residual = 7.97581e-05, No Iterations 9
GAMG:  Solving for p, Initial residual = 0.00430447, Final residual = 3.59314e-05, No Iterations 10
time step continuity errors : sum local = 5.18631e-07, global = -1.33418e-07, cumulative = 4.79003e-08
GAMG:  Solving for p, Initial residual = 0.00239692, Final residual = 2.38553e-05, No Iterations 18
GAMG:  Solving for p, Initial residual = 0.00133579, Final residual = 1.25892e-05, No Iterations 4
GAMG:  Solving for p, Initial residual = 0.000536864, Final residual = 9.94827e-07, No Iterations 34
time step continuity errors : sum local = 1.4293e-08, global = 4.19484e-09, cumulative = 5.20951e-08
DILUPBiCG:  Solving for omega, Initial residual = 0.00066044, Final residual = 7.25205e-07, No Iterations 1
DILUPBiCG:  Solving for k, Initial residual = 0.00436141, Final residual = 1.14811e-06, No Iterations 2
ExecutionTime = 34.58 s  ClockTime = 34 s

Courant Number mean: 0.194862 max: 0.435373
Time = 0.475

GAMG:  Solving for cellDisplacementx, Initial residual = 0, Final residual = 0, No Iterations 0
GAMG:  Solving for cellDisplacementy, Initial residual = 0, Final residual = 0, No Iterations 0
GAMG:  Solving for cellDisplacementz, Initial residual = 0, Final residual = 0, No Iterations 0
PIMPLE: iteration 1
DILUPBiCG:  Solving for Ux, Initial residual = 0.056988, Final residual = 0.000231185, No Iterations 1
DILUPBiCG:  Solving for Uy, Initial residual = 0.00956777, Final residual = 2.13367e-05, No Iterations 1
DILUPBiCG:  Solving for Uz, Initial residual = 0.0108317, Final residual = 2.4611e-05, No Iterations 1
GAMG:  Solving for p, Initial residual = 0.116963, Final residual = 0.00092178, No Iterations 6
GAMG:  Solving for p, Initial residual = 0.0130034, Final residual = 0.000119232, No Iterations 20
GAMG:  Solving for p, Initial residual = 0.00583818, Final residual = 4.80952e-05, No Iterations 12
time step continuity errors : sum local = 7.33161e-07, global = 2.20427e-07, cumulative = 2.72522e-07
GAMG:  Solving for p, Initial residual = 0.0499352, Final residual = 0.000313805, No Iterations 6
GAMG:  Solving for p, Initial residual = 0.00659505, Final residual = 5.73993e-05, No Iterations 18
GAMG:  Solving for p, Initial residual = 0.00302054, Final residual = 2.87843e-05, No Iterations 10
time step continuity errors : sum local = 4.38768e-07, global = 1.16307e-07, cumulative = 3.8883e-07
PIMPLE: iteration 2
DILUPBiCG:  Solving for Ux, Initial residual = 0.0162435, Final residual = 9.7218e-05, No Iterations 1
DILUPBiCG:  Solving for Uy, Initial residual = 0.00288089, Final residual = 6.39944e-06, No Iterations 1
DILUPBiCG:  Solving for Uz, Initial residual = 0.00313889, Final residual = 1.19908e-05, No Iterations 1
GAMG:  Solving for p, Initial residual = 0.0495681, Final residual = 0.000472449, No Iterations 4
GAMG:  Solving for p, Initial residual = 0.00789461, Final residual = 7.24466e-05, No Iterations 18
GAMG:  Solving for p, Initial residual = 0.00362461, Final residual = 3.36234e-05, No Iterations 8
time step continuity errors : sum local = 4.3779e-07, global = -1.37955e-07, cumulative = 2.50875e-07
GAMG:  Solving for p, Initial residual = 0.0255353, Final residual = 0.000207489, No Iterations 4
GAMG:  Solving for p, Initial residual = 0.00390371, Final residual = 3.89681e-05, No Iterations 14
GAMG:  Solving for p, Initial residual = 0.00165699, Final residual = 1.44138e-05, No Iterations 12
time step continuity errors : sum local = 1.88802e-07, global = -5.29373e-08, cumulative = 1.97938e-07
PIMPLE: iteration 3
DILUPBiCG:  Solving for Ux, Initial residual = 0.003915, Final residual = 2.50056e-06, No Iterations 2
DILUPBiCG:  Solving for Uy, Initial residual = 0.000698594, Final residual = 6.40367e-06, No Iterations 1
DILUPBiCG:  Solving for Uz, Initial residual = 0.00708887, Final residual = 3.95853e-06, No Iterations 2
GAMG:  Solving for p, Initial residual = 0.0397499, Final residual = 0.000353331, No Iterations 5
GAMG:  Solving for p, Initial residual = 0.0093006, Final residual = 9.27995e-05, No Iterations 7
GAMG:  Solving for p, Initial residual = 0.0042831, Final residual = 4.02323e-05, No Iterations 10
time step continuity errors : sum local = 5.88435e-07, global = -1.50758e-07, cumulative = 4.71794e-08
GAMG:  Solving for p, Initial residual = 0.00239489, Final residual = 2.04743e-05, No Iterations 18
GAMG:  Solving for p, Initial residual = 0.00132495, Final residual = 1.09847e-05, No Iterations 4
GAMG:  Solving for p, Initial residual = 0.000533805, Final residual = 9.29692e-07, No Iterations 30
time step continuity errors : sum local = 1.35283e-08, global = 4.01071e-09, cumulative = 5.11902e-08
DILUPBiCG:  Solving for omega, Initial residual = 0.000693148, Final residual = 7.30789e-07, No Iterations 1
DILUPBiCG:  Solving for k, Initial residual = 0.00431705, Final residual = 1.09185e-06, No Iterations 2
ExecutionTime = 46.24 s  ClockTime = 46 s

Courant Number mean: 0.189177 max: 0.422925
Time = 0.476

GAMG:  Solving for cellDisplacementx, Initial residual = 0, Final residual = 0, No Iterations 0
GAMG:  Solving for cellDisplacementy, Initial residual = 0, Final residual = 0, No Iterations 0
GAMG:  Solving for cellDisplacementz, Initial residual = 0, Final residual = 0, No Iterations 0
PIMPLE: iteration 1
DILUPBiCG:  Solving for Ux, Initial residual = 0.058593, Final residual = 0.000236216, No Iterations 1
DILUPBiCG:  Solving for Uy, Initial residual = 0.00992591, Final residual = 2.19593e-05, No Iterations 1
DILUPBiCG:  Solving for Uz, Initial residual = 0.0105488, Final residual = 2.36845e-05, No Iterations 1
GAMG:  Solving for p, Initial residual = 0.116001, Final residual = 0.000909544, No Iterations 6
GAMG:  Solving for p, Initial residual = 0.0129177, Final residual = 0.000116598, No Iterations 20
GAMG:  Solving for p, Initial residual = 0.00586725, Final residual = 5.46327e-05, No Iterations 10
time step continuity errors : sum local = 8.38771e-07, global = 2.21902e-07, cumulative = 2.73092e-07
GAMG:  Solving for p, Initial residual = 0.0496974, Final residual = 0.000313234, No Iterations 6
GAMG:  Solving for p, Initial residual = 0.00654415, Final residual = 5.65868e-05, No Iterations 18
GAMG:  Solving for p, Initial residual = 0.00303466, Final residual = 2.68349e-05, No Iterations 10
time step continuity errors : sum local = 4.1222e-07, global = 1.08523e-07, cumulative = 3.81615e-07
PIMPLE: iteration 2
DILUPBiCG:  Solving for Ux, Initial residual = 0.0166064, Final residual = 9.93942e-05, No Iterations 1
DILUPBiCG:  Solving for Uy, Initial residual = 0.0029685, Final residual = 6.53372e-06, No Iterations 1
DILUPBiCG:  Solving for Uz, Initial residual = 0.00309873, Final residual = 1.17411e-05, No Iterations 1
GAMG:  Solving for p, Initial residual = 0.0492296, Final residual = 0.0004801, No Iterations 4
GAMG:  Solving for p, Initial residual = 0.00784368, Final residual = 7.47373e-05, No Iterations 18
GAMG:  Solving for p, Initial residual = 0.00358946, Final residual = 3.48126e-05, No Iterations 8
time step continuity errors : sum local = 4.57574e-07, global = -1.48414e-07, cumulative = 2.33201e-07
GAMG:  Solving for p, Initial residual = 0.0253724, Final residual = 0.000211594, No Iterations 4
GAMG:  Solving for p, Initial residual = 0.00390275, Final residual = 3.47473e-05, No Iterations 16
GAMG:  Solving for p, Initial residual = 0.00167227, Final residual = 1.48733e-05, No Iterations 10
time step continuity errors : sum local = 1.96592e-07, global = -5.38571e-08, cumulative = 1.79344e-07
PIMPLE: iteration 3
DILUPBiCG:  Solving for Ux, Initial residual = 0.00397754, Final residual = 2.63202e-06, No Iterations 2
DILUPBiCG:  Solving for Uy, Initial residual = 0.000717872, Final residual = 6.24978e-06, No Iterations 1
DILUPBiCG:  Solving for Uz, Initial residual = 0.00705535, Final residual = 3.63945e-06, No Iterations 2
GAMG:  Solving for p, Initial residual = 0.0399622, Final residual = 0.000347472, No Iterations 5
GAMG:  Solving for p, Initial residual = 0.00934145, Final residual = 9.18002e-05, No Iterations 7
GAMG:  Solving for p, Initial residual = 0.0043121, Final residual = 3.99757e-05, No Iterations 10
time step continuity errors : sum local = 5.90168e-07, global = -1.51198e-07, cumulative = 2.8146e-08
GAMG:  Solving for p, Initial residual = 0.00237842, Final residual = 2.3236e-05, No Iterations 16
GAMG:  Solving for p, Initial residual = 0.00131632, Final residual = 1.19149e-05, No Iterations 4
GAMG:  Solving for p, Initial residual = 0.000534988, Final residual = 9.34408e-07, No Iterations 32
time step continuity errors : sum local = 1.37192e-08, global = 4.04242e-09, cumulative = 3.21884e-08
DILUPBiCG:  Solving for omega, Initial residual = 0.000727968, Final residual = 7.37888e-07, No Iterations 1
DILUPBiCG:  Solving for k, Initial residual = 0.0042745, Final residual = 1.02333e-06, No Iterations 2
bounding k, min: 0 max: 0.000782168 average: 0.000167931
ExecutionTime = 57.75 s  ClockTime = 57 s

Courant Number mean: 0.183497 max: 0.410466
Time = 0.477

GAMG:  Solving for cellDisplacementx, Initial residual = 0, Final residual = 0, No Iterations 0
GAMG:  Solving for cellDisplacementy, Initial residual = 0, Final residual = 0, No Iterations 0
GAMG:  Solving for cellDisplacementz, Initial residual = 0, Final residual = 0, No Iterations 0
PIMPLE: iteration 1
DILUPBiCG:  Solving for Ux, Initial residual = 0.0601179, Final residual = 0.000240427, No Iterations 1
DILUPBiCG:  Solving for Uy, Initial residual = 0.0102688, Final residual = 2.25251e-05, No Iterations 1
DILUPBiCG:  Solving for Uz, Initial residual = 0.0109067, Final residual = 2.18618e-05, No Iterations 1
GAMG:  Solving for p, Initial residual = 0.115629, Final residual = 0.00087332, No Iterations 6
GAMG:  Solving for p, Initial residual = 0.012976, Final residual = 0.000115065, No Iterations 20
GAMG:  Solving for p, Initial residual = 0.00586854, Final residual = 5.56946e-05, No Iterations 10
time step continuity errors : sum local = 8.58853e-07, global = 2.28085e-07, cumulative = 2.60273e-07
GAMG:  Solving for p, Initial residual = 0.0496523, Final residual = 0.000492488, No Iterations 4
GAMG:  Solving for p, Initial residual = 0.00657258, Final residual = 5.72252e-05, No Iterations 20
GAMG:  Solving for p, Initial residual = 0.00313596, Final residual = 2.76232e-05, No Iterations 10
time step continuity errors : sum local = 4.26324e-07, global = 1.12894e-07, cumulative = 3.73167e-07
PIMPLE: iteration 2
DILUPBiCG:  Solving for Ux, Initial residual = 0.0169142, Final residual = 0.000101084, No Iterations 1
DILUPBiCG:  Solving for Uy, Initial residual = 0.00304796, Final residual = 6.64136e-06, No Iterations 1
DILUPBiCG:  Solving for Uz, Initial residual = 0.00302034, Final residual = 1.1406e-05, No Iterations 1
GAMG:  Solving for p, Initial residual = 0.0490864, Final residual = 0.000472581, No Iterations 4
GAMG:  Solving for p, Initial residual = 0.00791879, Final residual = 7.21673e-05, No Iterations 18
GAMG:  Solving for p, Initial residual = 0.00362447, Final residual = 3.34909e-05, No Iterations 8
time step continuity errors : sum local = 4.4257e-07, global = -1.33416e-07, cumulative = 2.39751e-07
GAMG:  Solving for p, Initial residual = 0.0253336, Final residual = 0.000209289, No Iterations 4
GAMG:  Solving for p, Initial residual = 0.00394713, Final residual = 3.923e-05, No Iterations 14
GAMG:  Solving for p, Initial residual = 0.00166034, Final residual = 1.4354e-05, No Iterations 12
time step continuity errors : sum local = 1.90776e-07, global = -5.37982e-08, cumulative = 1.85953e-07
PIMPLE: iteration 3
DILUPBiCG:  Solving for Ux, Initial residual = 0.00401147, Final residual = 2.72385e-06, No Iterations 2
DILUPBiCG:  Solving for Uy, Initial residual = 0.00073194, Final residual = 6.08282e-06, No Iterations 1
DILUPBiCG:  Solving for Uz, Initial residual = 0.0068816, Final residual = 3.81692e-06, No Iterations 2
GAMG:  Solving for p, Initial residual = 0.0400435, Final residual = 0.000345871, No Iterations 5
GAMG:  Solving for p, Initial residual = 0.00938731, Final residual = 8.13919e-05, No Iterations 7
GAMG:  Solving for p, Initial residual = 0.00430255, Final residual = 3.55461e-05, No Iterations 10
time step continuity errors : sum local = 5.27714e-07, global = -1.35721e-07, cumulative = 5.02319e-08
GAMG:  Solving for p, Initial residual = 0.00237791, Final residual = 2.13104e-05, No Iterations 18
GAMG:  Solving for p, Initial residual = 0.0013103, Final residual = 1.13184e-05, No Iterations 4
GAMG:  Solving for p, Initial residual = 0.00052828, Final residual = 9.94227e-07, No Iterations 30
time step continuity errors : sum local = 1.46763e-08, global = 4.3563e-09, cumulative = 5.45882e-08
DILUPBiCG:  Solving for omega, Initial residual = 0.000764036, Final residual = 7.45364e-07, No Iterations 1
DILUPBiCG:  Solving for k, Initial residual = 0.00423092, Final residual = 9.53377e-07, No Iterations 2
bounding k, min: 0 max: 0.000774624 average: 0.000166785
ExecutionTime = 70.22 s  ClockTime = 70 s

Courant Number mean: 0.177835 max: 0.398049
Time = 0.478

GAMG:  Solving for cellDisplacementx, Initial residual = 0, Final residual = 0, No Iterations 0
GAMG:  Solving for cellDisplacementy, Initial residual = 0, Final residual = 0, No Iterations 0
GAMG:  Solving for cellDisplacementz, Initial residual = 0, Final residual = 0, No Iterations 0
PIMPLE: iteration 1
DILUPBiCG:  Solving for Ux, Initial residual = 0.0613762, Final residual = 0.000243671, No Iterations 1
DILUPBiCG:  Solving for Uy, Initial residual = 0.0105903, Final residual = 2.30359e-05, No Iterations 1
DILUPBiCG:  Solving for Uz, Initial residual = 0.0107341, Final residual = 2.13095e-05, No Iterations 1
GAMG:  Solving for p, Initial residual = 0.114637, Final residual = 0.000862999, No Iterations 6
GAMG:  Solving for p, Initial residual = 0.0129084, Final residual = 0.000112787, No Iterations 20
GAMG:  Solving for p, Initial residual = 0.00592273, Final residual = 5.03954e-05, No Iterations 10
time step continuity errors : sum local = 7.76716e-07, global = 2.03725e-07, cumulative = 2.58313e-07
GAMG:  Solving for p, Initial residual = 0.04942, Final residual = 0.000481321, No Iterations 4
GAMG:  Solving for p, Initial residual = 0.00653577, Final residual = 5.6979e-05, No Iterations 20
GAMG:  Solving for p, Initial residual = 0.00316351, Final residual = 2.58459e-05, No Iterations 10
time step continuity errors : sum local = 3.98904e-07, global = 1.04683e-07, cumulative = 3.62996e-07
PIMPLE: iteration 2
DILUPBiCG:  Solving for Ux, Initial residual = 0.0171655, Final residual = 0.000102264, No Iterations 1
DILUPBiCG:  Solving for Uy, Initial residual = 0.003121, Final residual = 6.73717e-06, No Iterations 1
DILUPBiCG:  Solving for Uz, Initial residual = 0.00300564, Final residual = 1.1167e-05, No Iterations 1
GAMG:  Solving for p, Initial residual = 0.0487538, Final residual = 0.000482375, No Iterations 4
GAMG:  Solving for p, Initial residual = 0.00785643, Final residual = 7.48738e-05, No Iterations 18
GAMG:  Solving for p, Initial residual = 0.00358187, Final residual = 3.49667e-05, No Iterations 8
time step continuity errors : sum local = 4.62983e-07, global = -1.44069e-07, cumulative = 2.18927e-07
GAMG:  Solving for p, Initial residual = 0.0251597, Final residual = 0.000214363, No Iterations 4
GAMG:  Solving for p, Initial residual = 0.00392237, Final residual = 3.52167e-05, No Iterations 16
GAMG:  Solving for p, Initial residual = 0.00167167, Final residual = 1.51069e-05, No Iterations 10
time step continuity errors : sum local = 2.01101e-07, global = -5.40782e-08, cumulative = 1.64848e-07
PIMPLE: iteration 3
DILUPBiCG:  Solving for Ux, Initial residual = 0.00404505, Final residual = 2.79289e-06, No Iterations 2
DILUPBiCG:  Solving for Uy, Initial residual = 0.000749001, Final residual = 5.92351e-06, No Iterations 1
DILUPBiCG:  Solving for Uz, Initial residual = 0.0067868, Final residual = 3.37997e-06, No Iterations 2
GAMG:  Solving for p, Initial residual = 0.0403419, Final residual = 0.000336567, No Iterations 5
GAMG:  Solving for p, Initial residual = 0.00944423, Final residual = 8.71686e-05, No Iterations 7
GAMG:  Solving for p, Initial residual = 0.00435171, Final residual = 3.90157e-05, No Iterations 10
time step continuity errors : sum local = 5.8031e-07, global = -1.49168e-07, cumulative = 1.56807e-08
GAMG:  Solving for p, Initial residual = 0.00236774, Final residual = 2.17527e-05, No Iterations 16
GAMG:  Solving for p, Initial residual = 0.00130628, Final residual = 1.13677e-05, No Iterations 4
GAMG:  Solving for p, Initial residual = 0.000534271, Final residual = 8.95799e-07, No Iterations 30
time step continuity errors : sum local = 1.32408e-08, global = 3.9298e-09, cumulative = 1.96105e-08
DILUPBiCG:  Solving for omega, Initial residual = 0.000801737, Final residual = 7.52785e-07, No Iterations 1
DILUPBiCG:  Solving for k, Initial residual = 0.00418859, Final residual = 8.86063e-07, No Iterations 2
bounding k, min: 0 max: 0.000766111 average: 0.000165634
ExecutionTime = 79.96 s  ClockTime = 80 s

Courant Number mean: 0.172223 max: 0.385719
Time = 0.479

GAMG:  Solving for cellDisplacementx, Initial residual = 0, Final residual = 0, No Iterations 0
GAMG:  Solving for cellDisplacementy, Initial residual = 0, Final residual = 0, No Iterations 0
GAMG:  Solving for cellDisplacementz, Initial residual = 0, Final residual = 0, No Iterations 0
PIMPLE: iteration 1
DILUPBiCG:  Solving for Ux, Initial residual = 0.0625115, Final residual = 0.00024611, No Iterations 1
DILUPBiCG:  Solving for Uy, Initial residual = 0.0108976, Final residual = 2.34956e-05, No Iterations 1
DILUPBiCG:  Solving for Uz, Initial residual = 0.0112305, Final residual = 1.93635e-05, No Iterations 1
GAMG:  Solving for p, Initial residual = 0.114512, Final residual = 0.000827138, No Iterations 6
GAMG:  Solving for p, Initial residual = 0.0130292, Final residual = 0.000110923, No Iterations 20
GAMG:  Solving for p, Initial residual = 0.00593163, Final residual = 5.07781e-05, No Iterations 10
time step continuity errors : sum local = 7.80489e-07, global = 2.04747e-07, cumulative = 2.24358e-07
GAMG:  Solving for p, Initial residual = 0.0494453, Final residual = 0.000467841, No Iterations 4
GAMG:  Solving for p, Initial residual = 0.00657047, Final residual = 6.50802e-05, No Iterations 18
GAMG:  Solving for p, Initial residual = 0.00314636, Final residual = 2.59183e-05, No Iterations 12
time step continuity errors : sum local = 3.98753e-07, global = 1.19255e-07, cumulative = 3.43612e-07
PIMPLE: iteration 2
DILUPBiCG:  Solving for Ux, Initial residual = 0.0173523, Final residual = 0.000102956, No Iterations 1
DILUPBiCG:  Solving for Uy, Initial residual = 0.00318369, Final residual = 6.81014e-06, No Iterations 1
DILUPBiCG:  Solving for Uz, Initial residual = 0.00291825, Final residual = 1.08667e-05, No Iterations 1
GAMG:  Solving for p, Initial residual = 0.0487053, Final residual = 0.000472438, No Iterations 4
GAMG:  Solving for p, Initial residual = 0.00801167, Final residual = 7.20109e-05, No Iterations 18
GAMG:  Solving for p, Initial residual = 0.00366817, Final residual = 3.32922e-05, No Iterations 8
time step continuity errors : sum local = 4.39905e-07, global = -1.2662e-07, cumulative = 2.16993e-07
GAMG:  Solving for p, Initial residual = 0.0251965, Final residual = 0.000210868, No Iterations 4
GAMG:  Solving for p, Initial residual = 0.0040208, Final residual = 3.96205e-05, No Iterations 14
GAMG:  Solving for p, Initial residual = 0.00168187, Final residual = 1.41428e-05, No Iterations 12
time step continuity errors : sum local = 1.87895e-07, global = -5.34389e-08, cumulative = 1.63554e-07
PIMPLE: iteration 3
DILUPBiCG:  Solving for Ux, Initial residual = 0.00405015, Final residual = 2.83163e-06, No Iterations 2
DILUPBiCG:  Solving for Uy, Initial residual = 0.000758024, Final residual = 5.74803e-06, No Iterations 1
DILUPBiCG:  Solving for Uz, Initial residual = 0.00666645, Final residual = 3.39768e-06, No Iterations 2
GAMG:  Solving for p, Initial residual = 0.0404, Final residual = 0.000365444, No Iterations 5
GAMG:  Solving for p, Initial residual = 0.00935145, Final residual = 8.00872e-05, No Iterations 10
GAMG:  Solving for p, Initial residual = 0.00440801, Final residual = 3.53671e-05, No Iterations 10
time step continuity errors : sum local = 5.25197e-07, global = -1.35454e-07, cumulative = 2.80996e-08
GAMG:  Solving for p, Initial residual = 0.00236856, Final residual = 2.32134e-05, No Iterations 16
GAMG:  Solving for p, Initial residual = 0.00129202, Final residual = 1.17887e-05, No Iterations 4
GAMG:  Solving for p, Initial residual = 0.000523625, Final residual = 9.42432e-07, No Iterations 32
time step continuity errors : sum local = 1.3902e-08, global = 4.09722e-09, cumulative = 3.21968e-08
DILUPBiCG:  Solving for omega, Initial residual = 0.000840258, Final residual = 7.60996e-07, No Iterations 1
DILUPBiCG:  Solving for k, Initial residual = 0.00414733, Final residual = 8.26678e-07, No Iterations 2
bounding k, min: 0 max: 0.000756674 average: 0.000164485
ExecutionTime = 84.22 s  ClockTime = 84 s

End

