/*---------------------------------------------------------------------------*\
| =========                 |                                                 |
| \\      /  F ield         | OpenFOAM: The Open Source CFD Toolbox           |
|  \\    /   O peration     | Version:  2.3.1                                 |
|   \\  /    A nd           | Web:      www.OpenFOAM.org                      |
|    \\/     M anipulation  |                                                 |
\*---------------------------------------------------------------------------*/
Build  : 2.3.1-262087cdf8db
Exec   : pimpleDyMFoam
Date   : Jun 06 2023
Time   : 09:45:01
Host   : "jcosson-VirtualBox"
PID    : 4435
Case   : /home/jcosson/workspace/henersj_shootingdata/calcs/moderate_deformed/primal/14_intervals_05-06-23/sweep4/interval13
nProcs : 1
sigFpe : Enabling floating point exception trapping (FOAM_SIGFPE).
fileModificationChecking : Monitoring run-time modified files using timeStampMaster
allowSystemOperations : Allowing user-supplied system call operations

// * * * * * * * * * * * * * * * * * * * * * * * * * * * * * * * * * * * * * //
Create time

Create mesh for time = 0.486

Selecting dynamicFvMesh dynamicMotionSolverFvMesh
Selecting motion solver: displacementLaplacian
Selecting motion diffusion: quadratic
Selecting motion diffusion: quadratic
Selecting motion diffusion: inverseDistance

PIMPLE: no residual control data found. Calculations will employ 3 corrector loops

Reading field p

Reading field U

Reading/calculating face flux field phi

Selecting incompressible transport model Newtonian
Selecting turbulence model type RASModel
Selecting RAS turbulence model kOmegaSST
bounding k, min: 0 max: 0.00070517 average: 0.000160643
kOmegaSSTCoeffs
{
    alphaK1         0.85034;
    alphaK2         1;
    alphaOmega1     0.5;
    alphaOmega2     0.85616;
    gamma1          0.5532;
    gamma2          0.4403;
    beta1           0.075;
    beta2           0.0828;
    betaStar        0.09;
    a1              0.31;
    c1              10;
    Cmu             0.09;
    b1              1;
    F3              false;
}

Reading/calculating face velocity Uf

No finite volume options present

Courant Number mean: 0.131223 max: 0.297256

Starting time loop

Courant Number mean: 0.131223 max: 0.297256
Time = 0.487

GAMG:  Solving for cellDisplacementx, Initial residual = 0, Final residual = 0, No Iterations 0
GAMG:  Solving for cellDisplacementy, Initial residual = 0, Final residual = 0, No Iterations 0
GAMG:  Solving for cellDisplacementz, Initial residual = 0, Final residual = 0, No Iterations 0
PIMPLE: iteration 1
DILUPBiCG:  Solving for Ux, Initial residual = 0.061216, Final residual = 0.000228927, No Iterations 1
DILUPBiCG:  Solving for Uy, Initial residual = 0.0118148, Final residual = 2.4409e-05, No Iterations 1
DILUPBiCG:  Solving for Uz, Initial residual = 0.0189084, Final residual = 1.84194e-05, No Iterations 1
GAMG:  Solving for p, Initial residual = 0.120004, Final residual = 0.000832062, No Iterations 4
GAMG:  Solving for p, Initial residual = 0.016264, Final residual = 0.000159549, No Iterations 16
GAMG:  Solving for p, Initial residual = 0.00771472, Final residual = 6.28797e-05, No Iterations 4
time step continuity errors : sum local = 7.98213e-07, global = 2.92023e-07, cumulative = 2.92023e-07
GAMG:  Solving for p, Initial residual = 0.0535513, Final residual = 0.000342079, No Iterations 4
GAMG:  Solving for p, Initial residual = 0.00806862, Final residual = 7.90322e-05, No Iterations 14
GAMG:  Solving for p, Initial residual = 0.00386377, Final residual = 3.15895e-05, No Iterations 4
time step continuity errors : sum local = 4.0305e-07, global = 1.37346e-07, cumulative = 4.29369e-07
PIMPLE: iteration 2
DILUPBiCG:  Solving for Ux, Initial residual = 0.0160881, Final residual = 9.41579e-05, No Iterations 1
DILUPBiCG:  Solving for Uy, Initial residual = 0.00322671, Final residual = 6.69506e-06, No Iterations 1
DILUPBiCG:  Solving for Uz, Initial residual = 0.00274738, Final residual = 9.35617e-06, No Iterations 1
GAMG:  Solving for p, Initial residual = 0.0528005, Final residual = 0.000498529, No Iterations 4
GAMG:  Solving for p, Initial residual = 0.0103795, Final residual = 8.83713e-05, No Iterations 16
GAMG:  Solving for p, Initial residual = 0.00479326, Final residual = 3.54446e-05, No Iterations 4
time step continuity errors : sum local = 3.92015e-07, global = -1.45612e-07, cumulative = 2.83757e-07
GAMG:  Solving for p, Initial residual = 0.0277715, Final residual = 0.000234859, No Iterations 4
GAMG:  Solving for p, Initial residual = 0.00554913, Final residual = 5.36457e-05, No Iterations 12
GAMG:  Solving for p, Initial residual = 0.00228596, Final residual = 2.02568e-05, No Iterations 4
time step continuity errors : sum local = 2.24647e-07, global = -8.07865e-08, cumulative = 2.02971e-07
PIMPLE: iteration 3
DILUPBiCG:  Solving for Ux, Initial residual = 0.00350299, Final residual = 2.6888e-06, No Iterations 2
DILUPBiCG:  Solving for Uy, Initial residual = 0.000752101, Final residual = 4.68375e-06, No Iterations 1
DILUPBiCG:  Solving for Uz, Initial residual = 0.00511102, Final residual = 1.86887e-06, No Iterations 2
GAMG:  Solving for p, Initial residual = 0.0438178, Final residual = 0.000338016, No Iterations 5
GAMG:  Solving for p, Initial residual = 0.0101823, Final residual = 9.64263e-05, No Iterations 14
GAMG:  Solving for p, Initial residual = 0.00513561, Final residual = 5.10538e-05, No Iterations 10
time step continuity errors : sum local = 6.34054e-07, global = -1.66965e-07, cumulative = 3.60055e-08
GAMG:  Solving for p, Initial residual = 0.00251627, Final residual = 2.01837e-05, No Iterations 8
GAMG:  Solving for p, Initial residual = 0.00131622, Final residual = 9.63235e-06, No Iterations 5
GAMG:  Solving for p, Initial residual = 0.000529351, Final residual = 9.25993e-07, No Iterations 28
time step continuity errors : sum local = 1.13759e-08, global = 3.41721e-09, cumulative = 3.94227e-08
DILUPBiCG:  Solving for omega, Initial residual = 0.00124592, Final residual = 8.21829e-07, No Iterations 1
DILUPBiCG:  Solving for k, Initial residual = 0.00390937, Final residual = 6.49811e-07, No Iterations 2
bounding k, min: 0 max: 0.000688127 average: 0.00015956
ExecutionTime = 11.06 s  ClockTime = 11 s

Courant Number mean: 0.126962 max: 0.287949
Time = 0.488

GAMG:  Solving for cellDisplacementx, Initial residual = 0, Final residual = 0, No Iterations 0
GAMG:  Solving for cellDisplacementy, Initial residual = 0, Final residual = 0, No Iterations 0
GAMG:  Solving for cellDisplacementz, Initial residual = 0, Final residual = 0, No Iterations 0
PIMPLE: iteration 1
DILUPBiCG:  Solving for Ux, Initial residual = 0.0593392, Final residual = 0.000220607, No Iterations 1
DILUPBiCG:  Solving for Uy, Initial residual = 0.0116333, Final residual = 2.38713e-05, No Iterations 1
DILUPBiCG:  Solving for Uz, Initial residual = 0.0176214, Final residual = 1.71085e-05, No Iterations 1
GAMG:  Solving for p, Initial residual = 0.110173, Final residual = 0.000895166, No Iterations 4
GAMG:  Solving for p, Initial residual = 0.0143072, Final residual = 0.000128204, No Iterations 20
GAMG:  Solving for p, Initial residual = 0.00718472, Final residual = 6.83178e-05, No Iterations 4
time step continuity errors : sum local = 8.30537e-07, global = 2.725e-07, cumulative = 3.11922e-07
GAMG:  Solving for p, Initial residual = 0.0492236, Final residual = 0.000366788, No Iterations 4
GAMG:  Solving for p, Initial residual = 0.00708284, Final residual = 6.55626e-05, No Iterations 18
GAMG:  Solving for p, Initial residual = 0.00360093, Final residual = 3.44185e-05, No Iterations 4
time step continuity errors : sum local = 4.20707e-07, global = 1.48064e-07, cumulative = 4.59987e-07
PIMPLE: iteration 2
DILUPBiCG:  Solving for Ux, Initial residual = 0.0155116, Final residual = 9.01901e-05, No Iterations 1
DILUPBiCG:  Solving for Uy, Initial residual = 0.00314999, Final residual = 6.49367e-06, No Iterations 1
DILUPBiCG:  Solving for Uz, Initial residual = 0.00295962, Final residual = 8.72778e-06, No Iterations 1
GAMG:  Solving for p, Initial residual = 0.0475803, Final residual = 0.000324047, No Iterations 6
GAMG:  Solving for p, Initial residual = 0.00927246, Final residual = 9.15441e-05, No Iterations 14
GAMG:  Solving for p, Initial residual = 0.00389666, Final residual = 3.39855e-05, No Iterations 10
time step continuity errors : sum local = 3.61009e-07, global = -9.39763e-08, cumulative = 3.6601e-07
GAMG:  Solving for p, Initial residual = 0.0248435, Final residual = 0.000224395, No Iterations 4
GAMG:  Solving for p, Initial residual = 0.00464704, Final residual = 4.44516e-05, No Iterations 14
GAMG:  Solving for p, Initial residual = 0.00207105, Final residual = 1.89545e-05, No Iterations 4
time step continuity errors : sum local = 2.02111e-07, global = -7.41044e-08, cumulative = 2.91906e-07
PIMPLE: iteration 3
DILUPBiCG:  Solving for Ux, Initial residual = 0.00336303, Final residual = 2.62857e-06, No Iterations 2
DILUPBiCG:  Solving for Uy, Initial residual = 0.000737136, Final residual = 4.80327e-06, No Iterations 1
DILUPBiCG:  Solving for Uz, Initial residual = 0.00634184, Final residual = 2.21527e-06, No Iterations 2
GAMG:  Solving for p, Initial residual = 0.0437983, Final residual = 0.000328069, No Iterations 5
GAMG:  Solving for p, Initial residual = 0.00994342, Final residual = 8.998e-05, No Iterations 14
GAMG:  Solving for p, Initial residual = 0.00503894, Final residual = 4.22552e-05, No Iterations 10
time step continuity errors : sum local = 5.03508e-07, global = -1.31471e-07, cumulative = 1.60435e-07
GAMG:  Solving for p, Initial residual = 0.00246904, Final residual = 2.06779e-05, No Iterations 6
GAMG:  Solving for p, Initial residual = 0.0013124, Final residual = 1.17085e-05, No Iterations 4
GAMG:  Solving for p, Initial residual = 0.000550995, Final residual = 9.71194e-07, No Iterations 32
time step continuity errors : sum local = 1.14426e-08, global = 3.37574e-09, cumulative = 1.63811e-07
DILUPBiCG:  Solving for omega, Initial residual = 0.00127713, Final residual = 8.09118e-07, No Iterations 1
DILUPBiCG:  Solving for k, Initial residual = 0.00386043, Final residual = 6.3953e-07, No Iterations 2
bounding k, min: 0 max: 0.000680325 average: 0.000158499
ExecutionTime = 22.32 s  ClockTime = 22 s

Courant Number mean: 0.122959 max: 0.279148
Time = 0.489

GAMG:  Solving for cellDisplacementx, Initial residual = 0, Final residual = 0, No Iterations 0
GAMG:  Solving for cellDisplacementy, Initial residual = 0, Final residual = 0, No Iterations 0
GAMG:  Solving for cellDisplacementz, Initial residual = 0, Final residual = 0, No Iterations 0
PIMPLE: iteration 1
DILUPBiCG:  Solving for Ux, Initial residual = 0.0572893, Final residual = 0.00021207, No Iterations 1
DILUPBiCG:  Solving for Uy, Initial residual = 0.0113641, Final residual = 2.31353e-05, No Iterations 1
DILUPBiCG:  Solving for Uz, Initial residual = 0.0178457, Final residual = 1.66352e-05, No Iterations 1
GAMG:  Solving for p, Initial residual = 0.109524, Final residual = 0.000729424, No Iterations 4
GAMG:  Solving for p, Initial residual = 0.0141799, Final residual = 0.000134768, No Iterations 18
GAMG:  Solving for p, Initial residual = 0.0072199, Final residual = 3.86819e-05, No Iterations 5
time step continuity errors : sum local = 4.45582e-07, global = 1.78367e-07, cumulative = 3.42178e-07
GAMG:  Solving for p, Initial residual = 0.049329, Final residual = 0.000299171, No Iterations 4
GAMG:  Solving for p, Initial residual = 0.00704693, Final residual = 6.76346e-05, No Iterations 16
GAMG:  Solving for p, Initial residual = 0.00359101, Final residual = 2.42628e-05, No Iterations 5
time step continuity errors : sum local = 2.80824e-07, global = 6.52081e-08, cumulative = 4.07386e-07
PIMPLE: iteration 2
DILUPBiCG:  Solving for Ux, Initial residual = 0.0148484, Final residual = 8.58917e-05, No Iterations 1
DILUPBiCG:  Solving for Uy, Initial residual = 0.00304703, Final residual = 6.23754e-06, No Iterations 1
DILUPBiCG:  Solving for Uz, Initial residual = 0.00260156, Final residual = 8.42303e-06, No Iterations 1
GAMG:  Solving for p, Initial residual = 0.0477015, Final residual = 0.000463978, No Iterations 5
GAMG:  Solving for p, Initial residual = 0.00977992, Final residual = 9.0643e-05, No Iterations 6
GAMG:  Solving for p, Initial residual = 0.004397, Final residual = 4.004e-05, No Iterations 4
time step continuity errors : sum local = 4.01398e-07, global = -1.57437e-07, cumulative = 2.49949e-07
GAMG:  Solving for p, Initial residual = 0.0253126, Final residual = 0.000243553, No Iterations 4
GAMG:  Solving for p, Initial residual = 0.00532, Final residual = 4.53071e-05, No Iterations 14
GAMG:  Solving for p, Initial residual = 0.0021694, Final residual = 1.75748e-05, No Iterations 4
time step continuity errors : sum local = 1.76734e-07, global = -5.71675e-08, cumulative = 1.92782e-07
PIMPLE: iteration 3
DILUPBiCG:  Solving for Ux, Initial residual = 0.00313691, Final residual = 2.54389e-06, No Iterations 2
DILUPBiCG:  Solving for Uy, Initial residual = 0.000693436, Final residual = 4.69831e-06, No Iterations 1
DILUPBiCG:  Solving for Uz, Initial residual = 0.00474535, Final residual = 1.59078e-06, No Iterations 2
GAMG:  Solving for p, Initial residual = 0.0442878, Final residual = 0.000344477, No Iterations 5
GAMG:  Solving for p, Initial residual = 0.0103697, Final residual = 9.95277e-05, No Iterations 14
GAMG:  Solving for p, Initial residual = 0.00532948, Final residual = 5.26803e-05, No Iterations 10
time step continuity errors : sum local = 5.93258e-07, global = -1.57104e-07, cumulative = 3.56781e-08
GAMG:  Solving for p, Initial residual = 0.00253948, Final residual = 2.03575e-05, No Iterations 8
GAMG:  Solving for p, Initial residual = 0.0013232, Final residual = 9.82464e-06, No Iterations 5
GAMG:  Solving for p, Initial residual = 0.000527288, Final residual = 9.04148e-07, No Iterations 28
time step continuity errors : sum local = 1.00627e-08, global = 3.02797e-09, cumulative = 3.87061e-08
DILUPBiCG:  Solving for omega, Initial residual = 0.00130474, Final residual = 7.95899e-07, No Iterations 1
DILUPBiCG:  Solving for k, Initial residual = 0.00381098, Final residual = 6.27625e-07, No Iterations 2
bounding k, min: 0 max: 0.000672458 average: 0.000157462
ExecutionTime = 32.17 s  ClockTime = 32 s

Courant Number mean: 0.119205 max: 0.270897
Time = 0.49

GAMG:  Solving for cellDisplacementx, Initial residual = 0, Final residual = 0, No Iterations 0
GAMG:  Solving for cellDisplacementy, Initial residual = 0, Final residual = 0, No Iterations 0
GAMG:  Solving for cellDisplacementz, Initial residual = 0, Final residual = 0, No Iterations 0
PIMPLE: iteration 1
DILUPBiCG:  Solving for Ux, Initial residual = 0.054609, Final residual = 0.000201196, No Iterations 1
DILUPBiCG:  Solving for Uy, Initial residual = 0.0109976, Final residual = 2.22702e-05, No Iterations 1
DILUPBiCG:  Solving for Uz, Initial residual = 0.016999, Final residual = 1.52321e-05, No Iterations 1
GAMG:  Solving for p, Initial residual = 0.108179, Final residual = 0.00077948, No Iterations 4
GAMG:  Solving for p, Initial residual = 0.0143586, Final residual = 0.000142263, No Iterations 18
GAMG:  Solving for p, Initial residual = 0.00730204, Final residual = 5.46886e-05, No Iterations 6
time step continuity errors : sum local = 5.92872e-07, global = 1.57204e-07, cumulative = 1.9591e-07
GAMG:  Solving for p, Initial residual = 0.0488509, Final residual = 0.000322133, No Iterations 4
GAMG:  Solving for p, Initial residual = 0.00708394, Final residual = 6.29362e-05, No Iterations 18
GAMG:  Solving for p, Initial residual = 0.0036718, Final residual = 3.48927e-05, No Iterations 4
time step continuity errors : sum local = 3.81002e-07, global = 1.22881e-07, cumulative = 3.18791e-07
PIMPLE: iteration 2
DILUPBiCG:  Solving for Ux, Initial residual = 0.0140532, Final residual = 8.09684e-05, No Iterations 1
DILUPBiCG:  Solving for Uy, Initial residual = 0.0029199, Final residual = 5.94978e-06, No Iterations 1
DILUPBiCG:  Solving for Uz, Initial residual = 0.00285454, Final residual = 7.97346e-06, No Iterations 1
GAMG:  Solving for p, Initial residual = 0.0469528, Final residual = 0.000330099, No Iterations 6
GAMG:  Solving for p, Initial residual = 0.00972202, Final residual = 9.22626e-05, No Iterations 14
GAMG:  Solving for p, Initial residual = 0.0040846, Final residual = 3.98357e-05, No Iterations 8
time step continuity errors : sum local = 3.78554e-07, global = -8.22734e-08, cumulative = 2.36518e-07
GAMG:  Solving for p, Initial residual = 0.024688, Final residual = 0.000231266, No Iterations 4
GAMG:  Solving for p, Initial residual = 0.00492421, Final residual = 4.55363e-05, No Iterations 14
GAMG:  Solving for p, Initial residual = 0.00222472, Final residual = 1.79254e-05, No Iterations 4
time step continuity errors : sum local = 1.70907e-07, global = -6.06886e-08, cumulative = 1.75829e-07
PIMPLE: iteration 3
DILUPBiCG:  Solving for Ux, Initial residual = 0.002955, Final residual = 2.48854e-06, No Iterations 2
DILUPBiCG:  Solving for Uy, Initial residual = 0.000668965, Final residual = 4.89544e-06, No Iterations 1
DILUPBiCG:  Solving for Uz, Initial residual = 0.00566513, Final residual = 1.96284e-06, No Iterations 2
GAMG:  Solving for p, Initial residual = 0.0452808, Final residual = 0.000332036, No Iterations 5
GAMG:  Solving for p, Initial residual = 0.0102668, Final residual = 9.62435e-05, No Iterations 14
GAMG:  Solving for p, Initial residual = 0.00532889, Final residual = 4.71703e-05, No Iterations 10
time step continuity errors : sum local = 5.02154e-07, global = -1.31813e-07, cumulative = 4.40161e-08
GAMG:  Solving for p, Initial residual = 0.00255065, Final residual = 2.27579e-05, No Iterations 7
GAMG:  Solving for p, Initial residual = 0.00135822, Final residual = 1.28972e-05, No Iterations 4
GAMG:  Solving for p, Initial residual = 0.000558427, Final residual = 8.5251e-07, No Iterations 30
time step continuity errors : sum local = 8.96673e-09, global = 2.71994e-09, cumulative = 4.67361e-08
DILUPBiCG:  Solving for omega, Initial residual = 0.00132936, Final residual = 7.81987e-07, No Iterations 1
DILUPBiCG:  Solving for k, Initial residual = 0.00376424, Final residual = 6.13405e-07, No Iterations 2
bounding k, min: 0 max: 0.000664235 average: 0.000156449
ExecutionTime = 43.67 s  ClockTime = 43 s

Courant Number mean: 0.115737 max: 0.263219
Time = 0.491

GAMG:  Solving for cellDisplacementx, Initial residual = 0, Final residual = 0, No Iterations 0
GAMG:  Solving for cellDisplacementy, Initial residual = 0, Final residual = 0, No Iterations 0
GAMG:  Solving for cellDisplacementz, Initial residual = 0, Final residual = 0, No Iterations 0
PIMPLE: iteration 1
DILUPBiCG:  Solving for Ux, Initial residual = 0.0516593, Final residual = 0.000189931, No Iterations 1
DILUPBiCG:  Solving for Uy, Initial residual = 0.0105297, Final residual = 2.11882e-05, No Iterations 1
DILUPBiCG:  Solving for Uz, Initial residual = 0.0170013, Final residual = 1.62111e-05, No Iterations 1
GAMG:  Solving for p, Initial residual = 0.107313, Final residual = 0.000617254, No Iterations 4
GAMG:  Solving for p, Initial residual = 0.0140789, Final residual = 0.000131083, No Iterations 18
GAMG:  Solving for p, Initial residual = 0.00736762, Final residual = 5.07277e-05, No Iterations 5
time step continuity errors : sum local = 5.13485e-07, global = 1.55729e-07, cumulative = 2.02465e-07
GAMG:  Solving for p, Initial residual = 0.0489167, Final residual = 0.00025958, No Iterations 4
GAMG:  Solving for p, Initial residual = 0.00697432, Final residual = 6.77668e-05, No Iterations 16
GAMG:  Solving for p, Initial residual = 0.00367516, Final residual = 3.05347e-05, No Iterations 5
time step continuity errors : sum local = 3.10729e-07, global = 6.19513e-08, cumulative = 2.64416e-07
PIMPLE: iteration 2
DILUPBiCG:  Solving for Ux, Initial residual = 0.0131824, Final residual = 7.57064e-05, No Iterations 1
DILUPBiCG:  Solving for Uy, Initial residual = 0.00276542, Final residual = 5.60029e-06, No Iterations 1
DILUPBiCG:  Solving for Uz, Initial residual = 0.00256636, Final residual = 6.81628e-06, No Iterations 1
GAMG:  Solving for p, Initial residual = 0.0470376, Final residual = 0.000467495, No Iterations 5
GAMG:  Solving for p, Initial residual = 0.010429, Final residual = 9.6361e-05, No Iterations 6
GAMG:  Solving for p, Initial residual = 0.00456114, Final residual = 4.36766e-05, No Iterations 4
time step continuity errors : sum local = 3.85559e-07, global = -1.52382e-07, cumulative = 1.12033e-07
GAMG:  Solving for p, Initial residual = 0.0251403, Final residual = 0.000209918, No Iterations 5
GAMG:  Solving for p, Initial residual = 0.00583606, Final residual = 5.60702e-05, No Iterations 5
GAMG:  Solving for p, Initial residual = 0.00221687, Final residual = 1.84872e-05, No Iterations 4
time step continuity errors : sum local = 1.63498e-07, global = -6.09899e-08, cumulative = 5.10435e-08
PIMPLE: iteration 3
DILUPBiCG:  Solving for Ux, Initial residual = 0.00270441, Final residual = 2.46232e-06, No Iterations 2
DILUPBiCG:  Solving for Uy, Initial residual = 0.000615269, Final residual = 4.87667e-06, No Iterations 1
DILUPBiCG:  Solving for Uz, Initial residual = 0.00421071, Final residual = 1.39525e-06, No Iterations 2
GAMG:  Solving for p, Initial residual = 0.0459392, Final residual = 0.000354079, No Iterations 5
GAMG:  Solving for p, Initial residual = 0.0107984, Final residual = 0.000103106, No Iterations 14
GAMG:  Solving for p, Initial residual = 0.00560442, Final residual = 5.43487e-05, No Iterations 10
time step continuity errors : sum local = 5.37751e-07, global = -1.43109e-07, cumulative = -9.20659e-08
GAMG:  Solving for p, Initial residual = 0.00261639, Final residual = 1.97953e-05, No Iterations 8
GAMG:  Solving for p, Initial residual = 0.00135467, Final residual = 1.29831e-05, No Iterations 4
GAMG:  Solving for p, Initial residual = 0.000531278, Final residual = 9.97208e-07, No Iterations 19
time step continuity errors : sum local = 9.74356e-09, global = 2.87735e-09, cumulative = -8.91885e-08
DILUPBiCG:  Solving for omega, Initial residual = 0.00135054, Final residual = 7.68678e-07, No Iterations 1
DILUPBiCG:  Solving for k, Initial residual = 0.00371872, Final residual = 6.01487e-07, No Iterations 2
bounding k, min: 0 max: 0.00065568 average: 0.000155461
ExecutionTime = 52.31 s  ClockTime = 52 s

Courant Number mean: 0.112549 max: 0.256156
Time = 0.492

GAMG:  Solving for cellDisplacementx, Initial residual = 0, Final residual = 0, No Iterations 0
GAMG:  Solving for cellDisplacementy, Initial residual = 0, Final residual = 0, No Iterations 0
GAMG:  Solving for cellDisplacementz, Initial residual = 0, Final residual = 0, No Iterations 0
PIMPLE: iteration 1
DILUPBiCG:  Solving for Ux, Initial residual = 0.0482089, Final residual = 0.000176597, No Iterations 1
DILUPBiCG:  Solving for Uy, Initial residual = 0.00995353, Final residual = 1.99284e-05, No Iterations 1
DILUPBiCG:  Solving for Uz, Initial residual = 0.0154366, Final residual = 1.34397e-05, No Iterations 1
GAMG:  Solving for p, Initial residual = 0.105379, Final residual = 0.000641654, No Iterations 4
GAMG:  Solving for p, Initial residual = 0.0141788, Final residual = 0.000129299, No Iterations 18
GAMG:  Solving for p, Initial residual = 0.00736629, Final residual = 5.21465e-05, No Iterations 6
time step continuity errors : sum local = 4.8765e-07, global = 1.20915e-07, cumulative = 3.1726e-08
GAMG:  Solving for p, Initial residual = 0.048183, Final residual = 0.000267178, No Iterations 4
GAMG:  Solving for p, Initial residual = 0.00696108, Final residual = 6.63998e-05, No Iterations 16
GAMG:  Solving for p, Initial residual = 0.00369059, Final residual = 3.68515e-05, No Iterations 4
time step continuity errors : sum local = 3.47007e-07, global = 1.21997e-07, cumulative = 1.53723e-07
PIMPLE: iteration 2
DILUPBiCG:  Solving for Ux, Initial residual = 0.012181, Final residual = 6.984e-05, No Iterations 1
DILUPBiCG:  Solving for Uy, Initial residual = 0.0025849, Final residual = 5.21912e-06, No Iterations 1
DILUPBiCG:  Solving for Uz, Initial residual = 0.00279994, Final residual = 9.90711e-06, No Iterations 1
GAMG:  Solving for p, Initial residual = 0.0460226, Final residual = 0.00033665, No Iterations 6
GAMG:  Solving for p, Initial residual = 0.0103328, Final residual = 9.39734e-05, No Iterations 14
GAMG:  Solving for p, Initial residual = 0.00429839, Final residual = 4.04086e-05, No Iterations 4
time step continuity errors : sum local = 3.31682e-07, global = -1.2077e-07, cumulative = 3.29528e-08
GAMG:  Solving for p, Initial residual = 0.0244294, Final residual = 0.000153237, No Iterations 6
GAMG:  Solving for p, Initial residual = 0.00548687, Final residual = 4.90382e-05, No Iterations 12
GAMG:  Solving for p, Initial residual = 0.0021272, Final residual = 1.93948e-05, No Iterations 4
time step continuity errors : sum local = 1.59578e-07, global = -5.75963e-08, cumulative = -2.46434e-08
PIMPLE: iteration 3
DILUPBiCG:  Solving for Ux, Initial residual = 0.0024595, Final residual = 2.54373e-06, No Iterations 2
DILUPBiCG:  Solving for Uy, Initial residual = 0.000572937, Final residual = 5.31856e-06, No Iterations 1
DILUPBiCG:  Solving for Uz, Initial residual = 0.00484039, Final residual = 1.82306e-06, No Iterations 2
GAMG:  Solving for p, Initial residual = 0.0473154, Final residual = 0.000345793, No Iterations 5
GAMG:  Solving for p, Initial residual = 0.0106948, Final residual = 0.000102478, No Iterations 14
GAMG:  Solving for p, Initial residual = 0.00568563, Final residual = 5.22855e-05, No Iterations 10
time step continuity errors : sum local = 4.79591e-07, global = -1.27299e-07, cumulative = -1.51942e-07
GAMG:  Solving for p, Initial residual = 0.00265267, Final residual = 2.53244e-05, No Iterations 7
GAMG:  Solving for p, Initial residual = 0.001392, Final residual = 1.36979e-05, No Iterations 5
GAMG:  Solving for p, Initial residual = 0.000575295, Final residual = 9.92105e-07, No Iterations 27
time step continuity errors : sum local = 8.98181e-09, global = 2.71279e-09, cumulative = -1.4923e-07
DILUPBiCG:  Solving for omega, Initial residual = 0.00136869, Final residual = 7.55469e-07, No Iterations 1
DILUPBiCG:  Solving for k, Initial residual = 0.00367498, Final residual = 5.92445e-07, No Iterations 2
bounding k, min: 0 max: 0.000646805 average: 0.000154497
ExecutionTime = 62.32 s  ClockTime = 62 s

Courant Number mean: 0.109669 max: 0.249726
Time = 0.493

GAMG:  Solving for cellDisplacementx, Initial residual = 0, Final residual = 0, No Iterations 0
GAMG:  Solving for cellDisplacementy, Initial residual = 0, Final residual = 0, No Iterations 0
GAMG:  Solving for cellDisplacementz, Initial residual = 0, Final residual = 0, No Iterations 0
PIMPLE: iteration 1
DILUPBiCG:  Solving for Ux, Initial residual = 0.0443997, Final residual = 0.000162607, No Iterations 1
DILUPBiCG:  Solving for Uy, Initial residual = 0.0092732, Final residual = 1.84722e-05, No Iterations 1
DILUPBiCG:  Solving for Uz, Initial residual = 0.0151462, Final residual = 1.60181e-05, No Iterations 1
GAMG:  Solving for p, Initial residual = 0.104215, Final residual = 0.000519248, No Iterations 4
GAMG:  Solving for p, Initial residual = 0.0136769, Final residual = 0.000122997, No Iterations 18
GAMG:  Solving for p, Initial residual = 0.00738771, Final residual = 6.15176e-05, No Iterations 5
time step continuity errors : sum local = 5.25777e-07, global = 1.23368e-07, cumulative = -2.58612e-08
GAMG:  Solving for p, Initial residual = 0.048197, Final residual = 0.000228822, No Iterations 4
GAMG:  Solving for p, Initial residual = 0.00666592, Final residual = 6.5804e-05, No Iterations 16
GAMG:  Solving for p, Initial residual = 0.0037029, Final residual = 3.16672e-05, No Iterations 5
time step continuity errors : sum local = 2.72202e-07, global = 4.93094e-08, cumulative = 2.34482e-08
PIMPLE: iteration 2
DILUPBiCG:  Solving for Ux, Initial residual = 0.0111175, Final residual = 6.36228e-05, No Iterations 1
DILUPBiCG:  Solving for Uy, Initial residual = 0.00237981, Final residual = 4.77934e-06, No Iterations 1
DILUPBiCG:  Solving for Uz, Initial residual = 0.00262241, Final residual = 9.10893e-06, No Iterations 1
GAMG:  Solving for p, Initial residual = 0.0459899, Final residual = 0.000308119, No Iterations 6
GAMG:  Solving for p, Initial residual = 0.0113705, Final residual = 0.000102346, No Iterations 14
GAMG:  Solving for p, Initial residual = 0.00445803, Final residual = 4.25648e-05, No Iterations 4
time step continuity errors : sum local = 3.18051e-07, global = -1.19796e-07, cumulative = -9.63478e-08
GAMG:  Solving for p, Initial residual = 0.0247719, Final residual = 0.000218268, No Iterations 5
GAMG:  Solving for p, Initial residual = 0.00650997, Final residual = 6.13801e-05, No Iterations 6
GAMG:  Solving for p, Initial residual = 0.00216349, Final residual = 1.59767e-05, No Iterations 5
time step continuity errors : sum local = 1.19479e-07, global = -3.1746e-08, cumulative = -1.28094e-07
PIMPLE: iteration 3
DILUPBiCG:  Solving for Ux, Initial residual = 0.00215963, Final residual = 2.96272e-06, No Iterations 2
DILUPBiCG:  Solving for Uy, Initial residual = 0.000501482, Final residual = 5.82375e-06, No Iterations 1
DILUPBiCG:  Solving for Uz, Initial residual = 0.00359085, Final residual = 1.3692e-06, No Iterations 2
GAMG:  Solving for p, Initial residual = 0.0483925, Final residual = 0.000364361, No Iterations 5
GAMG:  Solving for p, Initial residual = 0.0112821, Final residual = 0.000107681, No Iterations 14
GAMG:  Solving for p, Initial residual = 0.00597898, Final residual = 5.6697e-05, No Iterations 10
time step continuity errors : sum local = 4.7283e-07, global = -1.27033e-07, cumulative = -2.55127e-07
GAMG:  Solving for p, Initial residual = 0.00271433, Final residual = 2.64867e-05, No Iterations 7
GAMG:  Solving for p, Initial residual = 0.00139221, Final residual = 1.11932e-05, No Iterations 6
GAMG:  Solving for p, Initial residual = 0.000541531, Final residual = 9.48496e-07, No Iterations 28
time step continuity errors : sum local = 7.80094e-09, global = 2.38366e-09, cumulative = -2.52743e-07
DILUPBiCG:  Solving for omega, Initial residual = 0.00138315, Final residual = 7.43139e-07, No Iterations 1
DILUPBiCG:  Solving for k, Initial residual = 0.00363177, Final residual = 5.88156e-07, No Iterations 2
bounding k, min: 0 max: 0.000637632 average: 0.000153559
ExecutionTime = 72.28 s  ClockTime = 72 s

End

