/*---------------------------------------------------------------------------*\
| =========                 |                                                 |
| \\      /  F ield         | OpenFOAM: The Open Source CFD Toolbox           |
|  \\    /   O peration     | Version:  2.3.1                                 |
|   \\  /    A nd           | Web:      www.OpenFOAM.org                      |
|    \\/     M anipulation  |                                                 |
\*---------------------------------------------------------------------------*/
Build  : 2.3.1-262087cdf8db
Exec   : pimpleDyMFoam
Date   : Jun 06 2023
Time   : 01:26:40
Host   : "jcosson-VirtualBox"
PID    : 412
Case   : /home/jcosson/workspace/henersj_shootingdata/calcs/moderate_deformed/primal/100_intervals_05-06-23/sweep36/interval51
nProcs : 1
sigFpe : Enabling floating point exception trapping (FOAM_SIGFPE).
fileModificationChecking : Monitoring run-time modified files using timeStampMaster
allowSystemOperations : Allowing user-supplied system call operations

// * * * * * * * * * * * * * * * * * * * * * * * * * * * * * * * * * * * * * //
Create time

Create mesh for time = 0.45

Selecting dynamicFvMesh dynamicMotionSolverFvMesh
Selecting motion solver: displacementLaplacian
Selecting motion diffusion: quadratic
Selecting motion diffusion: quadratic
Selecting motion diffusion: inverseDistance

PIMPLE: no residual control data found. Calculations will employ 3 corrector loops

Reading field p

Reading field U

Reading/calculating face flux field phi

Selecting incompressible transport model Newtonian
Selecting turbulence model type RASModel
Selecting RAS turbulence model kOmegaSST
kOmegaSSTCoeffs
{
    alphaK1         0.85034;
    alphaK2         1;
    alphaOmega1     0.5;
    alphaOmega2     0.85616;
    gamma1          0.5532;
    gamma2          0.4403;
    beta1           0.075;
    beta2           0.0828;
    betaStar        0.09;
    a1              0.31;
    c1              10;
    Cmu             0.09;
    b1              1;
    F3              false;
}

Reading/calculating face velocity Uf

No finite volume options present

Courant Number mean: 0.279968 max: 0.619887

Starting time loop

Courant Number mean: 0.279968 max: 0.619887
Time = 0.451

GAMG:  Solving for cellDisplacementx, Initial residual = 0, Final residual = 0, No Iterations 0
GAMG:  Solving for cellDisplacementy, Initial residual = 0, Final residual = 0, No Iterations 0
GAMG:  Solving for cellDisplacementz, Initial residual = 0, Final residual = 0, No Iterations 0
PIMPLE: iteration 1
DILUPBiCG:  Solving for Ux, Initial residual = 0.00172818, Final residual = 2.86928e-05, No Iterations 1
DILUPBiCG:  Solving for Uy, Initial residual = 0.000395141, Final residual = 6.75556e-06, No Iterations 1
DILUPBiCG:  Solving for Uz, Initial residual = 0.0123386, Final residual = 2.95858e-05, No Iterations 1
GAMG:  Solving for p, Initial residual = 0.207524, Final residual = 0.00138045, No Iterations 4
GAMG:  Solving for p, Initial residual = 0.0438851, Final residual = 0.000390703, No Iterations 20
GAMG:  Solving for p, Initial residual = 0.0312624, Final residual = 0.000303376, No Iterations 4
time step continuity errors : sum local = 6.21522e-07, global = 1.3922e-07, cumulative = 1.3922e-07
GAMG:  Solving for p, Initial residual = 0.12321, Final residual = 0.000742212, No Iterations 4
GAMG:  Solving for p, Initial residual = 0.021729, Final residual = 0.000202984, No Iterations 18
GAMG:  Solving for p, Initial residual = 0.0148264, Final residual = 0.000140761, No Iterations 4
time step continuity errors : sum local = 2.85981e-07, global = 7.05762e-08, cumulative = 2.09796e-07
PIMPLE: iteration 2
DILUPBiCG:  Solving for Ux, Initial residual = 0.000181891, Final residual = 1.99921e-06, No Iterations 1
DILUPBiCG:  Solving for Uy, Initial residual = 6.90926e-05, Final residual = 1.95231e-07, No Iterations 1
DILUPBiCG:  Solving for Uz, Initial residual = 0.00371765, Final residual = 1.04852e-05, No Iterations 1
GAMG:  Solving for p, Initial residual = 0.125682, Final residual = 0.00071246, No Iterations 4
GAMG:  Solving for p, Initial residual = 0.0222354, Final residual = 0.000198447, No Iterations 18
GAMG:  Solving for p, Initial residual = 0.014602, Final residual = 0.00013923, No Iterations 4
time step continuity errors : sum local = 2.76503e-07, global = 6.62756e-08, cumulative = 2.76072e-07
GAMG:  Solving for p, Initial residual = 0.0615184, Final residual = 0.000330406, No Iterations 4
GAMG:  Solving for p, Initial residual = 0.0116557, Final residual = 0.000104481, No Iterations 14
GAMG:  Solving for p, Initial residual = 0.00662103, Final residual = 5.65011e-05, No Iterations 4
time step continuity errors : sum local = 1.11759e-07, global = 3.86794e-08, cumulative = 3.14751e-07
PIMPLE: iteration 3
DILUPBiCG:  Solving for Ux, Initial residual = 0.000284287, Final residual = 2.22209e-06, No Iterations 1
DILUPBiCG:  Solving for Uy, Initial residual = 6.0858e-05, Final residual = 6.63944e-07, No Iterations 1
DILUPBiCG:  Solving for Uz, Initial residual = 0.00150735, Final residual = 8.81583e-06, No Iterations 1
GAMG:  Solving for p, Initial residual = 0.125302, Final residual = 0.000423828, No Iterations 4
GAMG:  Solving for p, Initial residual = 0.0268282, Final residual = 0.000234215, No Iterations 4
GAMG:  Solving for p, Initial residual = 0.0110849, Final residual = 8.98933e-05, No Iterations 10
time step continuity errors : sum local = 1.65558e-07, global = 4.4006e-08, cumulative = 3.58757e-07
GAMG:  Solving for p, Initial residual = 0.00959886, Final residual = 3.4061e-05, No Iterations 5
GAMG:  Solving for p, Initial residual = 0.00471495, Final residual = 2.49277e-05, No Iterations 4
GAMG:  Solving for p, Initial residual = 0.00157092, Final residual = 8.70458e-07, No Iterations 11
time step continuity errors : sum local = 1.61606e-09, global = -4.71156e-10, cumulative = 3.58286e-07
DILUPBiCG:  Solving for omega, Initial residual = 0.00104856, Final residual = 1.4719e-06, No Iterations 1
DILUPBiCG:  Solving for k, Initial residual = 0.00521074, Final residual = 9.60701e-07, No Iterations 2
ExecutionTime = 15.07 s  ClockTime = 15 s

End

