/*---------------------------------------------------------------------------*\
| =========                 |                                                 |
| \\      /  F ield         | OpenFOAM: The Open Source CFD Toolbox           |
|  \\    /   O peration     | Version:  2.3.1                                 |
|   \\  /    A nd           | Web:      www.OpenFOAM.org                      |
|    \\/     M anipulation  |                                                 |
\*---------------------------------------------------------------------------*/
Build  : 2.3.1-262087cdf8db
Exec   : pimpleDyMFoam
Date   : Jun 06 2023
Time   : 01:27:28
Host   : "jcosson-VirtualBox"
PID    : 503
Case   : /home/jcosson/workspace/henersj_shootingdata/calcs/moderate_deformed/primal/100_intervals_05-06-23/sweep36/interval95
nProcs : 1
sigFpe : Enabling floating point exception trapping (FOAM_SIGFPE).
fileModificationChecking : Monitoring run-time modified files using timeStampMaster
allowSystemOperations : Allowing user-supplied system call operations

// * * * * * * * * * * * * * * * * * * * * * * * * * * * * * * * * * * * * * //
Create time

Create mesh for time = 0.494

Selecting dynamicFvMesh dynamicMotionSolverFvMesh
Selecting motion solver: displacementLaplacian
Selecting motion diffusion: quadratic
Selecting motion diffusion: quadratic
Selecting motion diffusion: inverseDistance

PIMPLE: no residual control data found. Calculations will employ 3 corrector loops

Reading field p

Reading field U

Reading/calculating face flux field phi

Selecting incompressible transport model Newtonian
Selecting turbulence model type RASModel
Selecting RAS turbulence model kOmegaSST
bounding k, min: 0 max: 0.000594611 average: 0.000151497
kOmegaSSTCoeffs
{
    alphaK1         0.85034;
    alphaK2         1;
    alphaOmega1     0.5;
    alphaOmega2     0.85616;
    gamma1          0.5532;
    gamma2          0.4403;
    beta1           0.075;
    beta2           0.0828;
    betaStar        0.09;
    a1              0.31;
    c1              10;
    Cmu             0.09;
    b1              1;
    F3              false;
}

Reading/calculating face velocity Uf

No finite volume options present

Courant Number mean: 0.105007 max: 0.24129

Starting time loop

Courant Number mean: 0.105007 max: 0.24129
Time = 0.495

GAMG:  Solving for cellDisplacementx, Initial residual = 0, Final residual = 0, No Iterations 0
GAMG:  Solving for cellDisplacementy, Initial residual = 0, Final residual = 0, No Iterations 0
GAMG:  Solving for cellDisplacementz, Initial residual = 0, Final residual = 0, No Iterations 0
PIMPLE: iteration 1
DILUPBiCG:  Solving for Ux, Initial residual = 0.0356285, Final residual = 0.000130391, No Iterations 1
DILUPBiCG:  Solving for Uy, Initial residual = 0.00759247, Final residual = 1.48773e-05, No Iterations 1
DILUPBiCG:  Solving for Uz, Initial residual = 0.0106417, Final residual = 1.0401e-05, No Iterations 1
GAMG:  Solving for p, Initial residual = 0.106014, Final residual = 0.00042337, No Iterations 4
GAMG:  Solving for p, Initial residual = 0.0150246, Final residual = 0.000149611, No Iterations 13
GAMG:  Solving for p, Initial residual = 0.00763394, Final residual = 7.30886e-05, No Iterations 7
time step continuity errors : sum local = 4.97937e-07, global = 1.46607e-07, cumulative = 1.46607e-07
GAMG:  Solving for p, Initial residual = 0.0497214, Final residual = 0.000194071, No Iterations 4
GAMG:  Solving for p, Initial residual = 0.00733641, Final residual = 7.08027e-05, No Iterations 12
GAMG:  Solving for p, Initial residual = 0.00379165, Final residual = 3.20571e-05, No Iterations 4
time step continuity errors : sum local = 2.20035e-07, global = 8.22728e-08, cumulative = 2.2888e-07
PIMPLE: iteration 2
DILUPBiCG:  Solving for Ux, Initial residual = 0.00865516, Final residual = 4.94546e-05, No Iterations 1
DILUPBiCG:  Solving for Uy, Initial residual = 0.00189022, Final residual = 3.75477e-06, No Iterations 1
DILUPBiCG:  Solving for Uz, Initial residual = 0.00280871, Final residual = 0.000114893, No Iterations 1
GAMG:  Solving for p, Initial residual = 0.0476698, Final residual = 0.000344457, No Iterations 6
GAMG:  Solving for p, Initial residual = 0.0131988, Final residual = 0.00011467, No Iterations 12
GAMG:  Solving for p, Initial residual = 0.00472629, Final residual = 3.99884e-05, No Iterations 12
time step continuity errors : sum local = 2.39753e-07, global = -7.0248e-08, cumulative = 1.58631e-07
GAMG:  Solving for p, Initial residual = 0.0255195, Final residual = 0.000157566, No Iterations 6
GAMG:  Solving for p, Initial residual = 0.00703403, Final residual = 6.06713e-05, No Iterations 10
GAMG:  Solving for p, Initial residual = 0.00225731, Final residual = 2.19511e-05, No Iterations 12
time step continuity errors : sum local = 1.31762e-07, global = -3.79296e-08, cumulative = 1.20702e-07
PIMPLE: iteration 3
DILUPBiCG:  Solving for Ux, Initial residual = 0.00157489, Final residual = 8.53084e-06, No Iterations 2
DILUPBiCG:  Solving for Uy, Initial residual = 0.000382202, Final residual = 9.91797e-06, No Iterations 1
DILUPBiCG:  Solving for Uz, Initial residual = 0.00315333, Final residual = 1.50475e-07, No Iterations 3
GAMG:  Solving for p, Initial residual = 0.053506, Final residual = 0.000378254, No Iterations 5
GAMG:  Solving for p, Initial residual = 0.0117805, Final residual = 0.000115157, No Iterations 14
GAMG:  Solving for p, Initial residual = 0.00658347, Final residual = 6.09668e-05, No Iterations 10
time step continuity errors : sum local = 4.04941e-07, global = -1.10974e-07, cumulative = 9.72752e-09
GAMG:  Solving for p, Initial residual = 0.00289107, Final residual = 2.80374e-05, No Iterations 7
GAMG:  Solving for p, Initial residual = 0.00148895, Final residual = 1.19527e-05, No Iterations 6
GAMG:  Solving for p, Initial residual = 0.000608464, Final residual = 8.85503e-07, No Iterations 30
time step continuity errors : sum local = 5.79291e-09, global = 1.78224e-09, cumulative = 1.15098e-08
DILUPBiCG:  Solving for omega, Initial residual = 0.00137076, Final residual = 7.11006e-07, No Iterations 1
DILUPBiCG:  Solving for k, Initial residual = 0.00346857, Final residual = 6.02952e-07, No Iterations 2
bounding k, min: 0 max: 0.0005855 average: 0.000150647
ExecutionTime = 9.38 s  ClockTime = 9 s

End

