/*---------------------------------------------------------------------------*\
| =========                 |                                                 |
| \\      /  F ield         | OpenFOAM: The Open Source CFD Toolbox           |
|  \\    /   O peration     | Version:  2.3.1                                 |
|   \\  /    A nd           | Web:      www.OpenFOAM.org                      |
|    \\/     M anipulation  |                                                 |
\*---------------------------------------------------------------------------*/
Build  : 2.3.1-262087cdf8db
Exec   : pimpleDyMFoam
Date   : Jun 06 2023
Time   : 01:26:55
Host   : "jcosson-VirtualBox"
PID    : 446
Case   : /home/jcosson/workspace/henersj_shootingdata/calcs/moderate_deformed/primal/100_intervals_05-06-23/sweep36/interval67
nProcs : 1
sigFpe : Enabling floating point exception trapping (FOAM_SIGFPE).
fileModificationChecking : Monitoring run-time modified files using timeStampMaster
allowSystemOperations : Allowing user-supplied system call operations

// * * * * * * * * * * * * * * * * * * * * * * * * * * * * * * * * * * * * * //
Create time

Create mesh for time = 0.466

Selecting dynamicFvMesh dynamicMotionSolverFvMesh
Selecting motion solver: displacementLaplacian
Selecting motion diffusion: quadratic
Selecting motion diffusion: quadratic
Selecting motion diffusion: inverseDistance

PIMPLE: no residual control data found. Calculations will employ 3 corrector loops

Reading field p

Reading field U

Reading/calculating face flux field phi

Selecting incompressible transport model Newtonian
Selecting turbulence model type RASModel
Selecting RAS turbulence model kOmegaSST
kOmegaSSTCoeffs
{
    alphaK1         0.85034;
    alphaK2         1;
    alphaOmega1     0.5;
    alphaOmega2     0.85616;
    gamma1          0.5532;
    gamma2          0.4403;
    beta1           0.075;
    beta2           0.0828;
    betaStar        0.09;
    a1              0.31;
    c1              10;
    Cmu             0.09;
    b1              1;
    F3              false;
}

Reading/calculating face velocity Uf

No finite volume options present

Courant Number mean: 0.237714 max: 0.525756

Starting time loop

Courant Number mean: 0.237714 max: 0.525756
Time = 0.467

GAMG:  Solving for cellDisplacementx, Initial residual = 0, Final residual = 0, No Iterations 0
GAMG:  Solving for cellDisplacementy, Initial residual = 0, Final residual = 0, No Iterations 0
GAMG:  Solving for cellDisplacementz, Initial residual = 0, Final residual = 0, No Iterations 0
PIMPLE: iteration 1
DILUPBiCG:  Solving for Ux, Initial residual = 0.0399316, Final residual = 0.000166722, No Iterations 1
DILUPBiCG:  Solving for Uy, Initial residual = 0.00642094, Final residual = 1.50085e-05, No Iterations 1
DILUPBiCG:  Solving for Uz, Initial residual = 0.0134922, Final residual = 3.4148e-05, No Iterations 1
GAMG:  Solving for p, Initial residual = 0.137736, Final residual = 0.00114254, No Iterations 6
GAMG:  Solving for p, Initial residual = 0.0160947, Final residual = 0.000136723, No Iterations 20
GAMG:  Solving for p, Initial residual = 0.00685388, Final residual = 6.57011e-05, No Iterations 10
time step continuity errors : sum local = 8.16345e-07, global = 2.17262e-07, cumulative = 2.17262e-07
GAMG:  Solving for p, Initial residual = 0.057238, Final residual = 0.000375202, No Iterations 6
GAMG:  Solving for p, Initial residual = 0.00810573, Final residual = 7.64762e-05, No Iterations 16
GAMG:  Solving for p, Initial residual = 0.00356342, Final residual = 3.12012e-05, No Iterations 12
time step continuity errors : sum local = 3.86191e-07, global = 1.15513e-07, cumulative = 3.32774e-07
PIMPLE: iteration 2
DILUPBiCG:  Solving for Ux, Initial residual = 0.0120112, Final residual = 6.74691e-05, No Iterations 1
DILUPBiCG:  Solving for Uy, Initial residual = 0.00203498, Final residual = 4.88333e-06, No Iterations 1
DILUPBiCG:  Solving for Uz, Initial residual = 0.00378309, Final residual = 1.26632e-05, No Iterations 1
GAMG:  Solving for p, Initial residual = 0.0582046, Final residual = 0.000462145, No Iterations 4
GAMG:  Solving for p, Initial residual = 0.00948647, Final residual = 8.46349e-05, No Iterations 16
GAMG:  Solving for p, Initial residual = 0.00436821, Final residual = 3.95873e-05, No Iterations 8
time step continuity errors : sum local = 4.14723e-07, global = -1.33067e-07, cumulative = 1.99708e-07
GAMG:  Solving for p, Initial residual = 0.0297288, Final residual = 0.000197587, No Iterations 4
GAMG:  Solving for p, Initial residual = 0.00465707, Final residual = 4.59363e-05, No Iterations 12
GAMG:  Solving for p, Initial residual = 0.00203321, Final residual = 1.93002e-05, No Iterations 10
time step continuity errors : sum local = 2.03422e-07, global = -5.29809e-08, cumulative = 1.46727e-07
PIMPLE: iteration 3
DILUPBiCG:  Solving for Ux, Initial residual = 0.00309354, Final residual = 1.18784e-06, No Iterations 2
DILUPBiCG:  Solving for Uy, Initial residual = 0.00052166, Final residual = 7.19661e-06, No Iterations 1
DILUPBiCG:  Solving for Uz, Initial residual = 0.00681755, Final residual = 2.31661e-06, No Iterations 2
GAMG:  Solving for p, Initial residual = 0.040634, Final residual = 0.000330576, No Iterations 5
GAMG:  Solving for p, Initial residual = 0.00919615, Final residual = 8.37555e-05, No Iterations 15
GAMG:  Solving for p, Initial residual = 0.00440558, Final residual = 3.87996e-05, No Iterations 10
time step continuity errors : sum local = 4.55409e-07, global = -1.18898e-07, cumulative = 2.78289e-08
GAMG:  Solving for p, Initial residual = 0.00260832, Final residual = 2.32379e-05, No Iterations 20
GAMG:  Solving for p, Initial residual = 0.00147044, Final residual = 1.25216e-05, No Iterations 4
GAMG:  Solving for p, Initial residual = 0.000572504, Final residual = 9.17295e-07, No Iterations 36
time step continuity errors : sum local = 1.074e-08, global = 3.16312e-09, cumulative = 3.0992e-08
DILUPBiCG:  Solving for omega, Initial residual = 0.000477368, Final residual = 1.10915e-06, No Iterations 1
DILUPBiCG:  Solving for k, Initial residual = 0.00481734, Final residual = 1.74843e-06, No Iterations 2
ExecutionTime = 16.58 s  ClockTime = 17 s

End

