/*---------------------------------------------------------------------------*\
| =========                 |                                                 |
| \\      /  F ield         | OpenFOAM: The Open Source CFD Toolbox           |
|  \\    /   O peration     | Version:  2.3.1                                 |
|   \\  /    A nd           | Web:      www.OpenFOAM.org                      |
|    \\/     M anipulation  |                                                 |
\*---------------------------------------------------------------------------*/
Build  : 2.3.1-262087cdf8db
Exec   : pimpleDyMFoam
Date   : Jun 06 2023
Time   : 01:26:40
Host   : "jcosson-VirtualBox"
PID    : 423
Case   : /home/jcosson/workspace/henersj_shootingdata/calcs/moderate_deformed/primal/100_intervals_05-06-23/sweep36/interval56
nProcs : 1
sigFpe : Enabling floating point exception trapping (FOAM_SIGFPE).
fileModificationChecking : Monitoring run-time modified files using timeStampMaster
allowSystemOperations : Allowing user-supplied system call operations

// * * * * * * * * * * * * * * * * * * * * * * * * * * * * * * * * * * * * * //
Create time

Create mesh for time = 0.455

Selecting dynamicFvMesh dynamicMotionSolverFvMesh
Selecting motion solver: displacementLaplacian
Selecting motion diffusion: quadratic
Selecting motion diffusion: quadratic
Selecting motion diffusion: inverseDistance

PIMPLE: no residual control data found. Calculations will employ 3 corrector loops

Reading field p

Reading field U

Reading/calculating face flux field phi

Selecting incompressible transport model Newtonian
Selecting turbulence model type RASModel
Selecting RAS turbulence model kOmegaSST
kOmegaSSTCoeffs
{
    alphaK1         0.85034;
    alphaK2         1;
    alphaOmega1     0.5;
    alphaOmega2     0.85616;
    gamma1          0.5532;
    gamma2          0.4403;
    beta1           0.075;
    beta2           0.0828;
    betaStar        0.09;
    a1              0.31;
    c1              10;
    Cmu             0.09;
    b1              1;
    F3              false;
}

Reading/calculating face velocity Uf

No finite volume options present

Courant Number mean: 0.275502 max: 0.610819

Starting time loop

Courant Number mean: 0.275502 max: 0.610819
Time = 0.456

GAMG:  Solving for cellDisplacementx, Initial residual = 0, Final residual = 0, No Iterations 0
GAMG:  Solving for cellDisplacementy, Initial residual = 0, Final residual = 0, No Iterations 0
GAMG:  Solving for cellDisplacementz, Initial residual = 0, Final residual = 0, No Iterations 0
PIMPLE: iteration 1
DILUPBiCG:  Solving for Ux, Initial residual = 0.0116289, Final residual = 4.25818e-05, No Iterations 1
DILUPBiCG:  Solving for Uy, Initial residual = 0.0019075, Final residual = 4.92342e-06, No Iterations 1
DILUPBiCG:  Solving for Uz, Initial residual = 0.0153181, Final residual = 3.79935e-05, No Iterations 1
GAMG:  Solving for p, Initial residual = 0.194901, Final residual = 0.00159538, No Iterations 6
GAMG:  Solving for p, Initial residual = 0.0278297, Final residual = 0.000242362, No Iterations 16
GAMG:  Solving for p, Initial residual = 0.0109856, Final residual = 9.23065e-05, No Iterations 12
time step continuity errors : sum local = 4.86213e-07, global = 1.45975e-07, cumulative = 1.45975e-07
GAMG:  Solving for p, Initial residual = 0.0772514, Final residual = 0.000495947, No Iterations 6
GAMG:  Solving for p, Initial residual = 0.0137117, Final residual = 0.000134337, No Iterations 12
GAMG:  Solving for p, Initial residual = 0.00561556, Final residual = 5.23886e-05, No Iterations 12
time step continuity errors : sum local = 2.73965e-07, global = 8.16761e-08, cumulative = 2.27651e-07
PIMPLE: iteration 2
DILUPBiCG:  Solving for Ux, Initial residual = 0.00399862, Final residual = 2.36973e-05, No Iterations 1
DILUPBiCG:  Solving for Uy, Initial residual = 0.00067696, Final residual = 3.12216e-06, No Iterations 1
DILUPBiCG:  Solving for Uz, Initial residual = 0.00427612, Final residual = 1.22488e-05, No Iterations 1
GAMG:  Solving for p, Initial residual = 0.0798708, Final residual = 0.000320627, No Iterations 4
GAMG:  Solving for p, Initial residual = 0.0142527, Final residual = 0.000123375, No Iterations 5
GAMG:  Solving for p, Initial residual = 0.00613793, Final residual = 4.94433e-05, No Iterations 6
time step continuity errors : sum local = 2.2404e-07, global = 5.76377e-08, cumulative = 2.85289e-07
GAMG:  Solving for p, Initial residual = 0.0394185, Final residual = 0.000333654, No Iterations 3
GAMG:  Solving for p, Initial residual = 0.00693933, Final residual = 5.80713e-05, No Iterations 4
GAMG:  Solving for p, Initial residual = 0.00314215, Final residual = 2.48798e-05, No Iterations 4
time step continuity errors : sum local = 1.12975e-07, global = -5.16013e-09, cumulative = 2.80129e-07
PIMPLE: iteration 3
DILUPBiCG:  Solving for Ux, Initial residual = 0.00125085, Final residual = 2.66783e-07, No Iterations 2
DILUPBiCG:  Solving for Uy, Initial residual = 0.00020943, Final residual = 4.24716e-06, No Iterations 1
DILUPBiCG:  Solving for Uz, Initial residual = 0.00276034, Final residual = 7.72648e-07, No Iterations 2
GAMG:  Solving for p, Initial residual = 0.0538418, Final residual = 0.000385092, No Iterations 4
GAMG:  Solving for p, Initial residual = 0.0127747, Final residual = 0.00012575, No Iterations 10
GAMG:  Solving for p, Initial residual = 0.00586652, Final residual = 5.36027e-05, No Iterations 10
time step continuity errors : sum local = 2.63312e-07, global = -6.83481e-08, cumulative = 2.11781e-07
GAMG:  Solving for p, Initial residual = 0.00413318, Final residual = 4.10158e-05, No Iterations 10
GAMG:  Solving for p, Initial residual = 0.0022206, Final residual = 1.90533e-05, No Iterations 7
GAMG:  Solving for p, Initial residual = 0.000821242, Final residual = 9.72246e-07, No Iterations 36
time step continuity errors : sum local = 4.75476e-09, global = 1.40385e-09, cumulative = 2.13184e-07
DILUPBiCG:  Solving for omega, Initial residual = 0.000831175, Final residual = 1.27129e-06, No Iterations 1
DILUPBiCG:  Solving for k, Initial residual = 0.00464912, Final residual = 1.2175e-06, No Iterations 2
ExecutionTime = 16.01 s  ClockTime = 17 s

End

