/*---------------------------------------------------------------------------*\
| =========                 |                                                 |
| \\      /  F ield         | OpenFOAM: The Open Source CFD Toolbox           |
|  \\    /   O peration     | Version:  2.3.1                                 |
|   \\  /    A nd           | Web:      www.OpenFOAM.org                      |
|    \\/     M anipulation  |                                                 |
\*---------------------------------------------------------------------------*/
Build  : 2.3.1-262087cdf8db
Exec   : pimpleDyMFoam
Date   : Jun 06 2023
Time   : 01:26:40
Host   : "jcosson-VirtualBox"
PID    : 415
Case   : /home/jcosson/workspace/henersj_shootingdata/calcs/moderate_deformed/primal/100_intervals_05-06-23/sweep36/interval52
nProcs : 1
sigFpe : Enabling floating point exception trapping (FOAM_SIGFPE).
fileModificationChecking : Monitoring run-time modified files using timeStampMaster
allowSystemOperations : Allowing user-supplied system call operations

// * * * * * * * * * * * * * * * * * * * * * * * * * * * * * * * * * * * * * //
Create time

Create mesh for time = 0.451

Selecting dynamicFvMesh dynamicMotionSolverFvMesh
Selecting motion solver: displacementLaplacian
Selecting motion diffusion: quadratic
Selecting motion diffusion: quadratic
Selecting motion diffusion: inverseDistance

PIMPLE: no residual control data found. Calculations will employ 3 corrector loops

Reading field p

Reading field U

Reading/calculating face flux field phi

Selecting incompressible transport model Newtonian
Selecting turbulence model type RASModel
Selecting RAS turbulence model kOmegaSST
kOmegaSSTCoeffs
{
    alphaK1         0.85034;
    alphaK2         1;
    alphaOmega1     0.5;
    alphaOmega2     0.85616;
    gamma1          0.5532;
    gamma2          0.4403;
    beta1           0.075;
    beta2           0.0828;
    betaStar        0.09;
    a1              0.31;
    c1              10;
    Cmu             0.09;
    b1              1;
    F3              false;
}

Reading/calculating face velocity Uf

No finite volume options present

Courant Number mean: 0.279788 max: 0.619683

Starting time loop

Courant Number mean: 0.279788 max: 0.619683
Time = 0.452

GAMG:  Solving for cellDisplacementx, Initial residual = 0, Final residual = 0, No Iterations 0
GAMG:  Solving for cellDisplacementy, Initial residual = 0, Final residual = 0, No Iterations 0
GAMG:  Solving for cellDisplacementz, Initial residual = 0, Final residual = 0, No Iterations 0
PIMPLE: iteration 1
DILUPBiCG:  Solving for Ux, Initial residual = 0.00128247, Final residual = 7.74871e-06, No Iterations 1
DILUPBiCG:  Solving for Uy, Initial residual = 0.000365494, Final residual = 5.43374e-06, No Iterations 1
DILUPBiCG:  Solving for Uz, Initial residual = 0.012401, Final residual = 3.01165e-05, No Iterations 1
GAMG:  Solving for p, Initial residual = 0.282523, Final residual = 0.00252443, No Iterations 4
GAMG:  Solving for p, Initial residual = 0.0429637, Final residual = 0.000401692, No Iterations 16
GAMG:  Solving for p, Initial residual = 0.021293, Final residual = 0.0001894, No Iterations 4
time step continuity errors : sum local = 4.84095e-07, global = 1.78799e-07, cumulative = 1.78799e-07
GAMG:  Solving for p, Initial residual = 0.114668, Final residual = 0.000941703, No Iterations 4
GAMG:  Solving for p, Initial residual = 0.0224164, Final residual = 0.000202501, No Iterations 12
GAMG:  Solving for p, Initial residual = 0.00950109, Final residual = 8.86174e-05, No Iterations 10
time step continuity errors : sum local = 2.2573e-07, global = 5.79042e-08, cumulative = 2.36703e-07
PIMPLE: iteration 2
DILUPBiCG:  Solving for Ux, Initial residual = 0.000871424, Final residual = 3.6808e-06, No Iterations 1
DILUPBiCG:  Solving for Uy, Initial residual = 0.000178821, Final residual = 1.52439e-06, No Iterations 1
DILUPBiCG:  Solving for Uz, Initial residual = 0.00405038, Final residual = 1.19505e-05, No Iterations 1
GAMG:  Solving for p, Initial residual = 0.11796, Final residual = 0.000484785, No Iterations 4
GAMG:  Solving for p, Initial residual = 0.0215176, Final residual = 0.000196284, No Iterations 8
GAMG:  Solving for p, Initial residual = 0.0082466, Final residual = 7.78587e-05, No Iterations 10
time step continuity errors : sum local = 1.84425e-07, global = 4.66942e-08, cumulative = 2.83397e-07
GAMG:  Solving for p, Initial residual = 0.055306, Final residual = 0.000546987, No Iterations 3
GAMG:  Solving for p, Initial residual = 0.011163, Final residual = 0.000104969, No Iterations 7
GAMG:  Solving for p, Initial residual = 0.00417647, Final residual = 3.52288e-05, No Iterations 12
time step continuity errors : sum local = 8.35988e-08, global = 2.3989e-08, cumulative = 3.07386e-07
PIMPLE: iteration 3
DILUPBiCG:  Solving for Ux, Initial residual = 0.000472196, Final residual = 8.74672e-06, No Iterations 1
DILUPBiCG:  Solving for Uy, Initial residual = 8.96587e-05, Final residual = 1.19287e-06, No Iterations 1
DILUPBiCG:  Solving for Uz, Initial residual = 0.00144114, Final residual = 7.96601e-06, No Iterations 1
GAMG:  Solving for p, Initial residual = 0.10008, Final residual = 0.000716081, No Iterations 3
GAMG:  Solving for p, Initial residual = 0.0220697, Final residual = 0.000153786, No Iterations 4
GAMG:  Solving for p, Initial residual = 0.00965792, Final residual = 6.64914e-05, No Iterations 4
time step continuity errors : sum local = 1.56668e-07, global = -3.78925e-08, cumulative = 2.69494e-07
GAMG:  Solving for p, Initial residual = 0.00732377, Final residual = 6.31258e-05, No Iterations 4
GAMG:  Solving for p, Initial residual = 0.00375347, Final residual = 2.11059e-05, No Iterations 4
GAMG:  Solving for p, Initial residual = 0.00129923, Final residual = 8.16853e-07, No Iterations 11
time step continuity errors : sum local = 1.91492e-09, global = 3.91061e-10, cumulative = 2.69885e-07
DILUPBiCG:  Solving for omega, Initial residual = 0.00100882, Final residual = 1.43404e-06, No Iterations 1
DILUPBiCG:  Solving for k, Initial residual = 0.0050061, Final residual = 1.06651e-06, No Iterations 2
ExecutionTime = 14.58 s  ClockTime = 14 s

End

