/*---------------------------------------------------------------------------*\
| =========                 |                                                 |
| \\      /  F ield         | OpenFOAM: The Open Source CFD Toolbox           |
|  \\    /   O peration     | Version:  2.3.1                                 |
|   \\  /    A nd           | Web:      www.OpenFOAM.org                      |
|    \\/     M anipulation  |                                                 |
\*---------------------------------------------------------------------------*/
Build  : 2.3.1-262087cdf8db
Exec   : pimpleDyMFoam
Date   : Jun 05 2023
Time   : 19:12:30
Host   : "jcosson-VirtualBox"
PID    : 32604
Case   : /home/jcosson/workspace/henersj_shootingdata/calcs/moderate_deformed/primal/56_intervals_05-06-23/sweep33/interval49
nProcs : 1
sigFpe : Enabling floating point exception trapping (FOAM_SIGFPE).
fileModificationChecking : Monitoring run-time modified files using timeStampMaster
allowSystemOperations : Allowing user-supplied system call operations

// * * * * * * * * * * * * * * * * * * * * * * * * * * * * * * * * * * * * * //
Create time

Create mesh for time = 0.486

Selecting dynamicFvMesh dynamicMotionSolverFvMesh
Selecting motion solver: displacementLaplacian
Selecting motion diffusion: quadratic
Selecting motion diffusion: quadratic
Selecting motion diffusion: inverseDistance

PIMPLE: no residual control data found. Calculations will employ 3 corrector loops

Reading field p

Reading field U

Reading/calculating face flux field phi

Selecting incompressible transport model Newtonian
Selecting turbulence model type RASModel
Selecting RAS turbulence model kOmegaSST
bounding k, min: 0 max: 0.000653237 average: 0.00015326
kOmegaSSTCoeffs
{
    alphaK1         0.85034;
    alphaK2         1;
    alphaOmega1     0.5;
    alphaOmega2     0.85616;
    gamma1          0.5532;
    gamma2          0.4403;
    beta1           0.075;
    beta2           0.0828;
    betaStar        0.09;
    a1              0.31;
    c1              10;
    Cmu             0.09;
    b1              1;
    F3              false;
}

Reading/calculating face velocity Uf

No finite volume options present

Courant Number mean: 0.131371 max: 0.286587

Starting time loop

Courant Number mean: 0.131371 max: 0.286587
Time = 0.487

GAMG:  Solving for cellDisplacementx, Initial residual = 0, Final residual = 0, No Iterations 0
GAMG:  Solving for cellDisplacementy, Initial residual = 0, Final residual = 0, No Iterations 0
GAMG:  Solving for cellDisplacementz, Initial residual = 0, Final residual = 0, No Iterations 0
PIMPLE: iteration 1
DILUPBiCG:  Solving for Ux, Initial residual = 0.061328, Final residual = 0.000237155, No Iterations 1
DILUPBiCG:  Solving for Uy, Initial residual = 0.0117446, Final residual = 2.4215e-05, No Iterations 1
DILUPBiCG:  Solving for Uz, Initial residual = 0.0118538, Final residual = 1.325e-05, No Iterations 1
GAMG:  Solving for p, Initial residual = 0.11718, Final residual = 0.000886716, No Iterations 4
GAMG:  Solving for p, Initial residual = 0.01513, Final residual = 0.000133128, No Iterations 18
GAMG:  Solving for p, Initial residual = 0.00714873, Final residual = 6.52208e-05, No Iterations 4
time step continuity errors : sum local = 8.3636e-07, global = 3.09481e-07, cumulative = 3.09481e-07
GAMG:  Solving for p, Initial residual = 0.0522719, Final residual = 0.000374791, No Iterations 4
GAMG:  Solving for p, Initial residual = 0.00756846, Final residual = 6.6655e-05, No Iterations 16
GAMG:  Solving for p, Initial residual = 0.00360237, Final residual = 2.9683e-05, No Iterations 10
time step continuity errors : sum local = 3.82483e-07, global = 9.89247e-08, cumulative = 4.08406e-07
PIMPLE: iteration 2
DILUPBiCG:  Solving for Ux, Initial residual = 0.016165, Final residual = 9.70656e-05, No Iterations 1
DILUPBiCG:  Solving for Uy, Initial residual = 0.00323207, Final residual = 6.59071e-06, No Iterations 1
DILUPBiCG:  Solving for Uz, Initial residual = 0.00267933, Final residual = 8.98195e-06, No Iterations 1
GAMG:  Solving for p, Initial residual = 0.0514185, Final residual = 0.000495546, No Iterations 4
GAMG:  Solving for p, Initial residual = 0.00974266, Final residual = 8.72135e-05, No Iterations 16
GAMG:  Solving for p, Initial residual = 0.00420082, Final residual = 3.53881e-05, No Iterations 10
time step continuity errors : sum local = 3.96072e-07, global = -1.00247e-07, cumulative = 3.08159e-07
GAMG:  Solving for p, Initial residual = 0.0268038, Final residual = 0.000228074, No Iterations 4
GAMG:  Solving for p, Initial residual = 0.00497289, Final residual = 4.36254e-05, No Iterations 14
GAMG:  Solving for p, Initial residual = 0.0019898, Final residual = 1.79985e-05, No Iterations 10
time step continuity errors : sum local = 2.0217e-07, global = -5.09923e-08, cumulative = 2.57166e-07
PIMPLE: iteration 3
DILUPBiCG:  Solving for Ux, Initial residual = 0.00351196, Final residual = 2.9843e-06, No Iterations 2
DILUPBiCG:  Solving for Uy, Initial residual = 0.0007338, Final residual = 4.85259e-06, No Iterations 1
DILUPBiCG:  Solving for Uz, Initial residual = 0.00506743, Final residual = 2.61224e-06, No Iterations 2
GAMG:  Solving for p, Initial residual = 0.0440993, Final residual = 0.000328441, No Iterations 5
GAMG:  Solving for p, Initial residual = 0.00994885, Final residual = 8.99667e-05, No Iterations 14
GAMG:  Solving for p, Initial residual = 0.00498775, Final residual = 4.67531e-05, No Iterations 10
time step continuity errors : sum local = 5.86817e-07, global = -1.54153e-07, cumulative = 1.03014e-07
GAMG:  Solving for p, Initial residual = 0.00245978, Final residual = 1.98426e-05, No Iterations 8
GAMG:  Solving for p, Initial residual = 0.00132385, Final residual = 9.5396e-06, No Iterations 5
GAMG:  Solving for p, Initial residual = 0.000546487, Final residual = 9.45956e-07, No Iterations 28
time step continuity errors : sum local = 1.1749e-08, global = 3.53739e-09, cumulative = 1.06551e-07
DILUPBiCG:  Solving for omega, Initial residual = 0.00107916, Final residual = 7.33693e-07, No Iterations 1
DILUPBiCG:  Solving for k, Initial residual = 0.00359665, Final residual = 6.73759e-07, No Iterations 2
bounding k, min: 0 max: 0.000640461 average: 0.000152342
ExecutionTime = 16.16 s  ClockTime = 16 s

Courant Number mean: 0.127107 max: 0.277581
Time = 0.488

GAMG:  Solving for cellDisplacementx, Initial residual = 0, Final residual = 0, No Iterations 0
GAMG:  Solving for cellDisplacementy, Initial residual = 0, Final residual = 0, No Iterations 0
GAMG:  Solving for cellDisplacementz, Initial residual = 0, Final residual = 0, No Iterations 0
PIMPLE: iteration 1
DILUPBiCG:  Solving for Ux, Initial residual = 0.0595171, Final residual = 0.000229611, No Iterations 1
DILUPBiCG:  Solving for Uy, Initial residual = 0.0115606, Final residual = 2.36812e-05, No Iterations 1
DILUPBiCG:  Solving for Uz, Initial residual = 0.0108334, Final residual = 1.13711e-05, No Iterations 1
GAMG:  Solving for p, Initial residual = 0.10768, Final residual = 0.0008604, No Iterations 4
GAMG:  Solving for p, Initial residual = 0.0129665, Final residual = 0.000111058, No Iterations 20
GAMG:  Solving for p, Initial residual = 0.00640446, Final residual = 5.1268e-05, No Iterations 4
time step continuity errors : sum local = 6.2966e-07, global = 2.25456e-07, cumulative = 3.32007e-07
GAMG:  Solving for p, Initial residual = 0.0480076, Final residual = 0.00035889, No Iterations 4
GAMG:  Solving for p, Initial residual = 0.00649384, Final residual = 5.59113e-05, No Iterations 18
GAMG:  Solving for p, Initial residual = 0.00321339, Final residual = 2.78391e-05, No Iterations 4
time step continuity errors : sum local = 3.43488e-07, global = 1.23193e-07, cumulative = 4.552e-07
PIMPLE: iteration 2
DILUPBiCG:  Solving for Ux, Initial residual = 0.0155576, Final residual = 9.33478e-05, No Iterations 1
DILUPBiCG:  Solving for Uy, Initial residual = 0.003144, Final residual = 6.37807e-06, No Iterations 1
DILUPBiCG:  Solving for Uz, Initial residual = 0.00269061, Final residual = 8.51409e-06, No Iterations 1
GAMG:  Solving for p, Initial residual = 0.0464121, Final residual = 0.000303366, No Iterations 6
GAMG:  Solving for p, Initial residual = 0.00892124, Final residual = 8.82506e-05, No Iterations 14
GAMG:  Solving for p, Initial residual = 0.00363519, Final residual = 3.46984e-05, No Iterations 10
time step continuity errors : sum local = 3.71534e-07, global = -9.38016e-08, cumulative = 3.61398e-07
GAMG:  Solving for p, Initial residual = 0.0243137, Final residual = 0.000221021, No Iterations 4
GAMG:  Solving for p, Initial residual = 0.00464214, Final residual = 4.17675e-05, No Iterations 14
GAMG:  Solving for p, Initial residual = 0.00187174, Final residual = 1.64181e-05, No Iterations 10
time step continuity errors : sum local = 1.76364e-07, global = -4.46836e-08, cumulative = 3.16715e-07
PIMPLE: iteration 3
DILUPBiCG:  Solving for Ux, Initial residual = 0.00335534, Final residual = 2.90549e-06, No Iterations 2
DILUPBiCG:  Solving for Uy, Initial residual = 0.000707812, Final residual = 4.88762e-06, No Iterations 1
DILUPBiCG:  Solving for Uz, Initial residual = 0.00528408, Final residual = 2.51489e-06, No Iterations 2
GAMG:  Solving for p, Initial residual = 0.0438105, Final residual = 0.000335258, No Iterations 5
GAMG:  Solving for p, Initial residual = 0.00983001, Final residual = 9.423e-05, No Iterations 14
GAMG:  Solving for p, Initial residual = 0.00503175, Final residual = 4.92612e-05, No Iterations 10
time step continuity errors : sum local = 5.91942e-07, global = -1.56076e-07, cumulative = 1.60639e-07
GAMG:  Solving for p, Initial residual = 0.00243253, Final residual = 1.96709e-05, No Iterations 8
GAMG:  Solving for p, Initial residual = 0.00128061, Final residual = 9.78116e-06, No Iterations 5
GAMG:  Solving for p, Initial residual = 0.000520347, Final residual = 9.32429e-07, No Iterations 28
time step continuity errors : sum local = 1.10826e-08, global = 3.33163e-09, cumulative = 1.63971e-07
DILUPBiCG:  Solving for omega, Initial residual = 0.0011126, Final residual = 7.29052e-07, No Iterations 1
DILUPBiCG:  Solving for k, Initial residual = 0.00353718, Final residual = 6.69276e-07, No Iterations 2
bounding k, min: 0 max: 0.000627905 average: 0.000151452
ExecutionTime = 25.43 s  ClockTime = 26 s

End

