/*---------------------------------------------------------------------------*\
| =========                 |                                                 |
| \\      /  F ield         | OpenFOAM: The Open Source CFD Toolbox           |
|  \\    /   O peration     | Version:  2.3.1                                 |
|   \\  /    A nd           | Web:      www.OpenFOAM.org                      |
|    \\/     M anipulation  |                                                 |
\*---------------------------------------------------------------------------*/
Build  : 2.3.1-262087cdf8db
Exec   : pimpleDyMFoam
Date   : Jun 06 2023
Time   : 00:29:05
Host   : "jcosson-VirtualBox"
PID    : 4096
Case   : /home/jcosson/workspace/henersj_shootingdata/calcs/moderate_deformed/primal/100_intervals_05-06-23/sweep18/interval42
nProcs : 1
sigFpe : Enabling floating point exception trapping (FOAM_SIGFPE).
fileModificationChecking : Monitoring run-time modified files using timeStampMaster
allowSystemOperations : Allowing user-supplied system call operations

// * * * * * * * * * * * * * * * * * * * * * * * * * * * * * * * * * * * * * //
Create time

Create mesh for time = 0.441

Selecting dynamicFvMesh dynamicMotionSolverFvMesh
Selecting motion solver: displacementLaplacian
Selecting motion diffusion: quadratic
Selecting motion diffusion: quadratic
Selecting motion diffusion: inverseDistance

PIMPLE: no residual control data found. Calculations will employ 3 corrector loops

Reading field p

Reading field U

Reading/calculating face flux field phi

Selecting incompressible transport model Newtonian
Selecting turbulence model type RASModel
Selecting RAS turbulence model kOmegaSST
kOmegaSSTCoeffs
{
    alphaK1         0.85034;
    alphaK2         1;
    alphaOmega1     0.5;
    alphaOmega2     0.85616;
    gamma1          0.5532;
    gamma2          0.4403;
    beta1           0.075;
    beta2           0.0828;
    betaStar        0.09;
    a1              0.31;
    c1              10;
    Cmu             0.09;
    b1              1;
    F3              false;
}

Reading/calculating face velocity Uf

No finite volume options present

Courant Number mean: 0.265363 max: 0.584384

Starting time loop

Courant Number mean: 0.265363 max: 0.584384
Time = 0.442

GAMG:  Solving for cellDisplacementx, Initial residual = 0, Final residual = 0, No Iterations 0
GAMG:  Solving for cellDisplacementy, Initial residual = 0, Final residual = 0, No Iterations 0
GAMG:  Solving for cellDisplacementz, Initial residual = 0, Final residual = 0, No Iterations 0
PIMPLE: iteration 1
DILUPBiCG:  Solving for Ux, Initial residual = 0.0248418, Final residual = 8.49342e-05, No Iterations 1
DILUPBiCG:  Solving for Uy, Initial residual = 0.00386611, Final residual = 1.09332e-05, No Iterations 1
DILUPBiCG:  Solving for Uz, Initial residual = 0.0128563, Final residual = 2.38837e-05, No Iterations 1
GAMG:  Solving for p, Initial residual = 0.119474, Final residual = 0.000755686, No Iterations 4
GAMG:  Solving for p, Initial residual = 0.0167294, Final residual = 0.000141198, No Iterations 14
GAMG:  Solving for p, Initial residual = 0.00718636, Final residual = 6.56944e-05, No Iterations 10
time step continuity errors : sum local = 5.76562e-07, global = -1.54136e-07, cumulative = -1.54136e-07
GAMG:  Solving for p, Initial residual = 0.0536981, Final residual = 0.000296094, No Iterations 4
GAMG:  Solving for p, Initial residual = 0.00817552, Final residual = 7.09956e-05, No Iterations 12
GAMG:  Solving for p, Initial residual = 0.00358513, Final residual = 3.35815e-05, No Iterations 10
time step continuity errors : sum local = 2.95197e-07, global = -7.95929e-08, cumulative = -2.33729e-07
PIMPLE: iteration 2
DILUPBiCG:  Solving for Ux, Initial residual = 0.00689881, Final residual = 2.74129e-05, No Iterations 1
DILUPBiCG:  Solving for Uy, Initial residual = 0.00110648, Final residual = 6.14621e-06, No Iterations 1
DILUPBiCG:  Solving for Uz, Initial residual = 0.00315752, Final residual = 9.20268e-06, No Iterations 1
GAMG:  Solving for p, Initial residual = 0.0537447, Final residual = 0.000524173, No Iterations 5
GAMG:  Solving for p, Initial residual = 0.0130961, Final residual = 0.000111483, No Iterations 13
GAMG:  Solving for p, Initial residual = 0.00477724, Final residual = 4.55743e-05, No Iterations 12
time step continuity errors : sum local = 3.39793e-07, global = 9.8037e-08, cumulative = -1.35692e-07
GAMG:  Solving for p, Initial residual = 0.0283805, Final residual = 0.000268736, No Iterations 4
GAMG:  Solving for p, Initial residual = 0.00621293, Final residual = 5.75106e-05, No Iterations 12
GAMG:  Solving for p, Initial residual = 0.00224537, Final residual = 1.91404e-05, No Iterations 14
time step continuity errors : sum local = 1.4377e-07, global = 4.36162e-08, cumulative = -9.20754e-08
PIMPLE: iteration 3
DILUPBiCG:  Solving for Ux, Initial residual = 0.00147286, Final residual = 9.76288e-06, No Iterations 1
DILUPBiCG:  Solving for Uy, Initial residual = 0.000241801, Final residual = 8.86394e-06, No Iterations 1
DILUPBiCG:  Solving for Uz, Initial residual = 0.00475439, Final residual = 8.27579e-06, No Iterations 2
GAMG:  Solving for p, Initial residual = 0.0483086, Final residual = 0.000390574, No Iterations 5
GAMG:  Solving for p, Initial residual = 0.0129421, Final residual = 0.000108163, No Iterations 12
GAMG:  Solving for p, Initial residual = 0.00563361, Final residual = 5.15462e-05, No Iterations 10
time step continuity errors : sum local = 4.28233e-07, global = 1.11575e-07, cumulative = 1.94997e-08
GAMG:  Solving for p, Initial residual = 0.00348375, Final residual = 3.2207e-05, No Iterations 16
GAMG:  Solving for p, Initial residual = 0.00207276, Final residual = 1.71447e-05, No Iterations 4
GAMG:  Solving for p, Initial residual = 0.000697857, Final residual = 9.67617e-07, No Iterations 40
time step continuity errors : sum local = 8.01774e-09, global = -2.37513e-09, cumulative = 1.71246e-08
DILUPBiCG:  Solving for omega, Initial residual = 0.00119706, Final residual = 1.48681e-06, No Iterations 1
DILUPBiCG:  Solving for k, Initial residual = 0.00640073, Final residual = 1.21409e-06, No Iterations 2
ExecutionTime = 17.83 s  ClockTime = 18 s

End

