/*---------------------------------------------------------------------------*\
| =========                 |                                                 |
| \\      /  F ield         | OpenFOAM: The Open Source CFD Toolbox           |
|  \\    /   O peration     | Version:  2.3.1                                 |
|   \\  /    A nd           | Web:      www.OpenFOAM.org                      |
|    \\/     M anipulation  |                                                 |
\*---------------------------------------------------------------------------*/
Build  : 2.3.1-262087cdf8db
Exec   : pimpleDyMFoam
Date   : Jun 06 2023
Time   : 00:29:23
Host   : "jcosson-VirtualBox"
PID    : 4126
Case   : /home/jcosson/workspace/henersj_shootingdata/calcs/moderate_deformed/primal/100_intervals_05-06-23/sweep18/interval57
nProcs : 1
sigFpe : Enabling floating point exception trapping (FOAM_SIGFPE).
fileModificationChecking : Monitoring run-time modified files using timeStampMaster
allowSystemOperations : Allowing user-supplied system call operations

// * * * * * * * * * * * * * * * * * * * * * * * * * * * * * * * * * * * * * //
Create time

Create mesh for time = 0.456

Selecting dynamicFvMesh dynamicMotionSolverFvMesh
Selecting motion solver: displacementLaplacian
Selecting motion diffusion: quadratic
Selecting motion diffusion: quadratic
Selecting motion diffusion: inverseDistance

PIMPLE: no residual control data found. Calculations will employ 3 corrector loops

Reading field p

Reading field U

Reading/calculating face flux field phi

Selecting incompressible transport model Newtonian
Selecting turbulence model type RASModel
Selecting RAS turbulence model kOmegaSST
kOmegaSSTCoeffs
{
    alphaK1         0.85034;
    alphaK2         1;
    alphaOmega1     0.5;
    alphaOmega2     0.85616;
    gamma1          0.5532;
    gamma2          0.4403;
    beta1           0.075;
    beta2           0.0828;
    betaStar        0.09;
    a1              0.31;
    c1              10;
    Cmu             0.09;
    b1              1;
    F3              false;
}

Reading/calculating face velocity Uf

No finite volume options present

Courant Number mean: 0.273338 max: 0.606708

Starting time loop

Courant Number mean: 0.273338 max: 0.606708
Time = 0.457

GAMG:  Solving for cellDisplacementx, Initial residual = 0, Final residual = 0, No Iterations 0
GAMG:  Solving for cellDisplacementy, Initial residual = 0, Final residual = 0, No Iterations 0
GAMG:  Solving for cellDisplacementz, Initial residual = 0, Final residual = 0, No Iterations 0
PIMPLE: iteration 1
DILUPBiCG:  Solving for Ux, Initial residual = 0.0142591, Final residual = 5.35393e-05, No Iterations 1
DILUPBiCG:  Solving for Uy, Initial residual = 0.00229572, Final residual = 5.69394e-06, No Iterations 1
DILUPBiCG:  Solving for Uz, Initial residual = 0.01596, Final residual = 4.46824e-05, No Iterations 1
GAMG:  Solving for p, Initial residual = 0.191041, Final residual = 0.00162319, No Iterations 6
GAMG:  Solving for p, Initial residual = 0.0252697, Final residual = 0.000245725, No Iterations 16
GAMG:  Solving for p, Initial residual = 0.00994241, Final residual = 9.5049e-05, No Iterations 12
time step continuity errors : sum local = 5.43219e-07, global = 1.63728e-07, cumulative = 1.63728e-07
GAMG:  Solving for p, Initial residual = 0.0757594, Final residual = 0.000504386, No Iterations 6
GAMG:  Solving for p, Initial residual = 0.0124702, Final residual = 0.000114316, No Iterations 14
GAMG:  Solving for p, Initial residual = 0.00514533, Final residual = 4.59704e-05, No Iterations 12
time step continuity errors : sum local = 2.60868e-07, global = 7.82613e-08, cumulative = 2.41989e-07
PIMPLE: iteration 2
DILUPBiCG:  Solving for Ux, Initial residual = 0.00478115, Final residual = 3.34969e-05, No Iterations 1
DILUPBiCG:  Solving for Uy, Initial residual = 0.000800694, Final residual = 3.25373e-06, No Iterations 1
DILUPBiCG:  Solving for Uz, Initial residual = 0.00439408, Final residual = 1.45564e-05, No Iterations 1
GAMG:  Solving for p, Initial residual = 0.0786845, Final residual = 0.000303001, No Iterations 4
GAMG:  Solving for p, Initial residual = 0.0132774, Final residual = 0.000128577, No Iterations 10
GAMG:  Solving for p, Initial residual = 0.00606815, Final residual = 5.40048e-05, No Iterations 8
time step continuity errors : sum local = 2.61921e-07, global = -9.23375e-08, cumulative = 1.49652e-07
GAMG:  Solving for p, Initial residual = 0.0390599, Final residual = 0.000304357, No Iterations 3
GAMG:  Solving for p, Initial residual = 0.00654826, Final residual = 5.09586e-05, No Iterations 6
GAMG:  Solving for p, Initial residual = 0.00299315, Final residual = 2.63002e-05, No Iterations 4
time step continuity errors : sum local = 1.27847e-07, global = 5.08239e-08, cumulative = 2.00476e-07
PIMPLE: iteration 3
DILUPBiCG:  Solving for Ux, Initial residual = 0.00144001, Final residual = 9.05042e-07, No Iterations 2
DILUPBiCG:  Solving for Uy, Initial residual = 0.000238859, Final residual = 5.15219e-06, No Iterations 1
DILUPBiCG:  Solving for Uz, Initial residual = 0.00370459, Final residual = 1.10933e-06, No Iterations 2
GAMG:  Solving for p, Initial residual = 0.049711, Final residual = 0.000492046, No Iterations 4
GAMG:  Solving for p, Initial residual = 0.0113596, Final residual = 0.000112435, No Iterations 12
GAMG:  Solving for p, Initial residual = 0.00515462, Final residual = 4.99951e-05, No Iterations 10
time step continuity errors : sum local = 2.66906e-07, global = -6.97171e-08, cumulative = 1.30758e-07
GAMG:  Solving for p, Initial residual = 0.00378054, Final residual = 3.59516e-05, No Iterations 10
GAMG:  Solving for p, Initial residual = 0.00206535, Final residual = 1.83324e-05, No Iterations 7
GAMG:  Solving for p, Initial residual = 0.00075801, Final residual = 9.45383e-07, No Iterations 36
time step continuity errors : sum local = 5.04039e-09, global = 1.48811e-09, cumulative = 1.32247e-07
DILUPBiCG:  Solving for omega, Initial residual = 0.000859392, Final residual = 1.33141e-06, No Iterations 1
DILUPBiCG:  Solving for k, Initial residual = 0.004661, Final residual = 3.22976e-06, No Iterations 2
ExecutionTime = 15.73 s  ClockTime = 16 s

End

