/*---------------------------------------------------------------------------*\
| =========                 |                                                 |
| \\      /  F ield         | OpenFOAM: The Open Source CFD Toolbox           |
|  \\    /   O peration     | Version:  2.3.1                                 |
|   \\  /    A nd           | Web:      www.OpenFOAM.org                      |
|    \\/     M anipulation  |                                                 |
\*---------------------------------------------------------------------------*/
Build  : 2.3.1-262087cdf8db
Exec   : pimpleDyMFoam
Date   : Jun 06 2023
Time   : 00:29:23
Host   : "jcosson-VirtualBox"
PID    : 4122
Case   : /home/jcosson/workspace/henersj_shootingdata/calcs/moderate_deformed/primal/100_intervals_05-06-23/sweep18/interval55
nProcs : 1
sigFpe : Enabling floating point exception trapping (FOAM_SIGFPE).
fileModificationChecking : Monitoring run-time modified files using timeStampMaster
allowSystemOperations : Allowing user-supplied system call operations

// * * * * * * * * * * * * * * * * * * * * * * * * * * * * * * * * * * * * * //
Create time

Create mesh for time = 0.454

Selecting dynamicFvMesh dynamicMotionSolverFvMesh
Selecting motion solver: displacementLaplacian
Selecting motion diffusion: quadratic
Selecting motion diffusion: quadratic
Selecting motion diffusion: inverseDistance

PIMPLE: no residual control data found. Calculations will employ 3 corrector loops

Reading field p

Reading field U

Reading/calculating face flux field phi

Selecting incompressible transport model Newtonian
Selecting turbulence model type RASModel
Selecting RAS turbulence model kOmegaSST
kOmegaSSTCoeffs
{
    alphaK1         0.85034;
    alphaK2         1;
    alphaOmega1     0.5;
    alphaOmega2     0.85616;
    gamma1          0.5532;
    gamma2          0.4403;
    beta1           0.075;
    beta2           0.0828;
    betaStar        0.09;
    a1              0.31;
    c1              10;
    Cmu             0.09;
    b1              1;
    F3              false;
}

Reading/calculating face velocity Uf

No finite volume options present

Courant Number mean: 0.27686 max: 0.614393

Starting time loop

Courant Number mean: 0.27686 max: 0.614393
Time = 0.455

GAMG:  Solving for cellDisplacementx, Initial residual = 0, Final residual = 0, No Iterations 0
GAMG:  Solving for cellDisplacementy, Initial residual = 0, Final residual = 0, No Iterations 0
GAMG:  Solving for cellDisplacementz, Initial residual = 0, Final residual = 0, No Iterations 0
PIMPLE: iteration 1
DILUPBiCG:  Solving for Ux, Initial residual = 0.00900444, Final residual = 3.50621e-05, No Iterations 1
DILUPBiCG:  Solving for Uy, Initial residual = 0.00149316, Final residual = 4.35713e-06, No Iterations 1
DILUPBiCG:  Solving for Uz, Initial residual = 0.0171562, Final residual = 4.72444e-05, No Iterations 1
GAMG:  Solving for p, Initial residual = 0.21986, Final residual = 0.00178921, No Iterations 6
GAMG:  Solving for p, Initial residual = 0.0306541, Final residual = 0.000266068, No Iterations 16
GAMG:  Solving for p, Initial residual = 0.0119055, Final residual = 0.000101421, No Iterations 12
time step continuity errors : sum local = 4.38846e-07, global = 1.32223e-07, cumulative = 1.32223e-07
GAMG:  Solving for p, Initial residual = 0.0861918, Final residual = 0.000548222, No Iterations 6
GAMG:  Solving for p, Initial residual = 0.0151204, Final residual = 0.000145677, No Iterations 12
GAMG:  Solving for p, Initial residual = 0.00612273, Final residual = 5.71038e-05, No Iterations 12
time step continuity errors : sum local = 2.4485e-07, global = 7.3343e-08, cumulative = 2.05566e-07
PIMPLE: iteration 2
DILUPBiCG:  Solving for Ux, Initial residual = 0.00321773, Final residual = 3.34666e-05, No Iterations 1
DILUPBiCG:  Solving for Uy, Initial residual = 0.000547255, Final residual = 3.01783e-06, No Iterations 1
DILUPBiCG:  Solving for Uz, Initial residual = 0.00477568, Final residual = 1.57103e-05, No Iterations 1
GAMG:  Solving for p, Initial residual = 0.0896692, Final residual = 0.000783119, No Iterations 3
GAMG:  Solving for p, Initial residual = 0.015839, Final residual = 0.0001052, No Iterations 4
GAMG:  Solving for p, Initial residual = 0.0067135, Final residual = 5.43912e-05, No Iterations 5
time step continuity errors : sum local = 2.01735e-07, global = 3.39897e-08, cumulative = 2.39556e-07
GAMG:  Solving for p, Initial residual = 0.0439382, Final residual = 0.000325342, No Iterations 3
GAMG:  Solving for p, Initial residual = 0.00778609, Final residual = 5.58972e-05, No Iterations 4
GAMG:  Solving for p, Initial residual = 0.00335452, Final residual = 2.75196e-05, No Iterations 5
time step continuity errors : sum local = 1.02511e-07, global = 1.67804e-08, cumulative = 2.56336e-07
PIMPLE: iteration 3
DILUPBiCG:  Solving for Ux, Initial residual = 0.00106317, Final residual = 5.20173e-07, No Iterations 2
DILUPBiCG:  Solving for Uy, Initial residual = 0.000179363, Final residual = 3.78618e-06, No Iterations 1
DILUPBiCG:  Solving for Uz, Initial residual = 0.00265536, Final residual = 1.30097e-06, No Iterations 2
GAMG:  Solving for p, Initial residual = 0.0576005, Final residual = 0.000403051, No Iterations 4
GAMG:  Solving for p, Initial residual = 0.0132918, Final residual = 0.000114487, No Iterations 4
GAMG:  Solving for p, Initial residual = 0.00585554, Final residual = 5.33691e-05, No Iterations 12
time step continuity errors : sum local = 2.16608e-07, global = -6.68089e-08, cumulative = 1.89527e-07
GAMG:  Solving for p, Initial residual = 0.00460115, Final residual = 4.3104e-05, No Iterations 10
GAMG:  Solving for p, Initial residual = 0.00238771, Final residual = 2.17477e-05, No Iterations 5
GAMG:  Solving for p, Initial residual = 0.000876954, Final residual = 9.07554e-07, No Iterations 38
time step continuity errors : sum local = 3.64645e-09, global = 1.08201e-09, cumulative = 1.90609e-07
DILUPBiCG:  Solving for omega, Initial residual = 0.000944409, Final residual = 1.39866e-06, No Iterations 1
DILUPBiCG:  Solving for k, Initial residual = 0.00458834, Final residual = 3.25866e-06, No Iterations 2
ExecutionTime = 15.78 s  ClockTime = 16 s

End

