/*---------------------------------------------------------------------------*\
| =========                 |                                                 |
| \\      /  F ield         | OpenFOAM: The Open Source CFD Toolbox           |
|  \\    /   O peration     | Version:  2.3.1                                 |
|   \\  /    A nd           | Web:      www.OpenFOAM.org                      |
|    \\/     M anipulation  |                                                 |
\*---------------------------------------------------------------------------*/
Build  : 2.3.1-262087cdf8db
Exec   : pimpleDyMFoam
Date   : Jun 06 2023
Time   : 00:29:39
Host   : "jcosson-VirtualBox"
PID    : 4144
Case   : /home/jcosson/workspace/henersj_shootingdata/calcs/moderate_deformed/primal/100_intervals_05-06-23/sweep18/interval66
nProcs : 1
sigFpe : Enabling floating point exception trapping (FOAM_SIGFPE).
fileModificationChecking : Monitoring run-time modified files using timeStampMaster
allowSystemOperations : Allowing user-supplied system call operations

// * * * * * * * * * * * * * * * * * * * * * * * * * * * * * * * * * * * * * //
Create time

Create mesh for time = 0.465

Selecting dynamicFvMesh dynamicMotionSolverFvMesh
Selecting motion solver: displacementLaplacian
Selecting motion diffusion: quadratic
Selecting motion diffusion: quadratic
Selecting motion diffusion: inverseDistance

PIMPLE: no residual control data found. Calculations will employ 3 corrector loops

Reading field p

Reading field U

Reading/calculating face flux field phi

Selecting incompressible transport model Newtonian
Selecting turbulence model type RASModel
Selecting RAS turbulence model kOmegaSST
kOmegaSSTCoeffs
{
    alphaK1         0.85034;
    alphaK2         1;
    alphaOmega1     0.5;
    alphaOmega2     0.85616;
    gamma1          0.5532;
    gamma2          0.4403;
    beta1           0.075;
    beta2           0.0828;
    betaStar        0.09;
    a1              0.31;
    c1              10;
    Cmu             0.09;
    b1              1;
    F3              false;
}

Reading/calculating face velocity Uf

No finite volume options present

Courant Number mean: 0.242391 max: 0.539783

Starting time loop

Courant Number mean: 0.242391 max: 0.539783
Time = 0.466

GAMG:  Solving for cellDisplacementx, Initial residual = 0, Final residual = 0, No Iterations 0
GAMG:  Solving for cellDisplacementy, Initial residual = 0, Final residual = 0, No Iterations 0
GAMG:  Solving for cellDisplacementz, Initial residual = 0, Final residual = 0, No Iterations 0
PIMPLE: iteration 1
DILUPBiCG:  Solving for Ux, Initial residual = 0.0374004, Final residual = 0.000155719, No Iterations 1
DILUPBiCG:  Solving for Uy, Initial residual = 0.00599875, Final residual = 1.40775e-05, No Iterations 1
DILUPBiCG:  Solving for Uz, Initial residual = 0.0137146, Final residual = 3.74532e-05, No Iterations 1
GAMG:  Solving for p, Initial residual = 0.138438, Final residual = 0.00116648, No Iterations 6
GAMG:  Solving for p, Initial residual = 0.0163851, Final residual = 0.000163711, No Iterations 18
GAMG:  Solving for p, Initial residual = 0.00693938, Final residual = 6.4297e-05, No Iterations 12
time step continuity errors : sum local = 7.66369e-07, global = 2.31438e-07, cumulative = 2.31438e-07
GAMG:  Solving for p, Initial residual = 0.0573908, Final residual = 0.000381041, No Iterations 6
GAMG:  Solving for p, Initial residual = 0.00823621, Final residual = 7.74439e-05, No Iterations 16
GAMG:  Solving for p, Initial residual = 0.00361193, Final residual = 3.16808e-05, No Iterations 12
time step continuity errors : sum local = 3.76538e-07, global = 1.12863e-07, cumulative = 3.44302e-07
PIMPLE: iteration 2
DILUPBiCG:  Solving for Ux, Initial residual = 0.0113357, Final residual = 6.29802e-05, No Iterations 1
DILUPBiCG:  Solving for Uy, Initial residual = 0.00191611, Final residual = 4.69749e-06, No Iterations 1
DILUPBiCG:  Solving for Uz, Initial residual = 0.00376011, Final residual = 1.31244e-05, No Iterations 1
GAMG:  Solving for p, Initial residual = 0.0584027, Final residual = 0.000452964, No Iterations 4
GAMG:  Solving for p, Initial residual = 0.0095765, Final residual = 8.45064e-05, No Iterations 16
GAMG:  Solving for p, Initial residual = 0.0044301, Final residual = 3.97221e-05, No Iterations 8
time step continuity errors : sum local = 3.99737e-07, global = -1.31149e-07, cumulative = 2.13153e-07
GAMG:  Solving for p, Initial residual = 0.0297811, Final residual = 0.000192968, No Iterations 4
GAMG:  Solving for p, Initial residual = 0.00469557, Final residual = 4.57429e-05, No Iterations 12
GAMG:  Solving for p, Initial residual = 0.00206405, Final residual = 1.92193e-05, No Iterations 10
time step continuity errors : sum local = 1.94597e-07, global = -5.11558e-08, cumulative = 1.61997e-07
PIMPLE: iteration 3
DILUPBiCG:  Solving for Ux, Initial residual = 0.00294805, Final residual = 1.02316e-06, No Iterations 2
DILUPBiCG:  Solving for Uy, Initial residual = 0.000495356, Final residual = 7.28539e-06, No Iterations 1
DILUPBiCG:  Solving for Uz, Initial residual = 0.00682261, Final residual = 2.32406e-06, No Iterations 2
GAMG:  Solving for p, Initial residual = 0.040795, Final residual = 0.000333714, No Iterations 5
GAMG:  Solving for p, Initial residual = 0.00938081, Final residual = 8.98833e-05, No Iterations 13
GAMG:  Solving for p, Initial residual = 0.00445051, Final residual = 3.69187e-05, No Iterations 12
time step continuity errors : sum local = 4.15884e-07, global = -1.21816e-07, cumulative = 4.01805e-08
GAMG:  Solving for p, Initial residual = 0.00269651, Final residual = 2.3749e-05, No Iterations 20
GAMG:  Solving for p, Initial residual = 0.00150934, Final residual = 1.25517e-05, No Iterations 4
GAMG:  Solving for p, Initial residual = 0.000587564, Final residual = 9.20165e-07, No Iterations 36
time step continuity errors : sum local = 1.0336e-08, global = 3.0438e-09, cumulative = 4.32243e-08
DILUPBiCG:  Solving for omega, Initial residual = 0.000562101, Final residual = 1.40984e-06, No Iterations 1
DILUPBiCG:  Solving for k, Initial residual = 0.00477436, Final residual = 1.12163e-06, No Iterations 2
ExecutionTime = 18.43 s  ClockTime = 18 s

End

