/*---------------------------------------------------------------------------*\
| =========                 |                                                 |
| \\      /  F ield         | OpenFOAM: The Open Source CFD Toolbox           |
|  \\    /   O peration     | Version:  2.3.1                                 |
|   \\  /    A nd           | Web:      www.OpenFOAM.org                      |
|    \\/     M anipulation  |                                                 |
\*---------------------------------------------------------------------------*/
Build  : 2.3.1-262087cdf8db
Exec   : pimpleDyMFoam
Date   : Jun 06 2023
Time   : 00:28:47
Host   : "jcosson-VirtualBox"
PID    : 4059
Case   : /home/jcosson/workspace/henersj_shootingdata/calcs/moderate_deformed/primal/100_intervals_05-06-23/sweep18/interval20
nProcs : 1
sigFpe : Enabling floating point exception trapping (FOAM_SIGFPE).
fileModificationChecking : Monitoring run-time modified files using timeStampMaster
allowSystemOperations : Allowing user-supplied system call operations

// * * * * * * * * * * * * * * * * * * * * * * * * * * * * * * * * * * * * * //
Create time

Create mesh for time = 0.419

Selecting dynamicFvMesh dynamicMotionSolverFvMesh
Selecting motion solver: displacementLaplacian
Selecting motion diffusion: quadratic
Selecting motion diffusion: quadratic
Selecting motion diffusion: inverseDistance

PIMPLE: no residual control data found. Calculations will employ 3 corrector loops

Reading field p

Reading field U

Reading/calculating face flux field phi

Selecting incompressible transport model Newtonian
Selecting turbulence model type RASModel
Selecting RAS turbulence model kOmegaSST
kOmegaSSTCoeffs
{
    alphaK1         0.85034;
    alphaK2         1;
    alphaOmega1     0.5;
    alphaOmega2     0.85616;
    gamma1          0.5532;
    gamma2          0.4403;
    beta1           0.075;
    beta2           0.0828;
    betaStar        0.09;
    a1              0.31;
    c1              10;
    Cmu             0.09;
    b1              1;
    F3              false;
}

Reading/calculating face velocity Uf

No finite volume options present

Courant Number mean: 0.153945 max: 0.330512

Starting time loop

Courant Number mean: 0.153945 max: 0.330512
Time = 0.42

GAMG:  Solving for cellDisplacementx, Initial residual = 0, Final residual = 0, No Iterations 0
GAMG:  Solving for cellDisplacementy, Initial residual = 0, Final residual = 0, No Iterations 0
GAMG:  Solving for cellDisplacementz, Initial residual = 0, Final residual = 0, No Iterations 0
PIMPLE: iteration 1
DILUPBiCG:  Solving for Ux, Initial residual = 0.0635107, Final residual = 0.000222902, No Iterations 1
DILUPBiCG:  Solving for Uy, Initial residual = 0.0112346, Final residual = 2.1436e-05, No Iterations 1
DILUPBiCG:  Solving for Uz, Initial residual = 0.0221958, Final residual = 2.69674e-05, No Iterations 1
GAMG:  Solving for p, Initial residual = 0.133248, Final residual = 0.000923564, No Iterations 6
GAMG:  Solving for p, Initial residual = 0.0159703, Final residual = 0.000141423, No Iterations 18
GAMG:  Solving for p, Initial residual = 0.00706849, Final residual = 6.75934e-05, No Iterations 4
time step continuity errors : sum local = 9.6094e-07, global = -3.63089e-07, cumulative = -3.63089e-07
GAMG:  Solving for p, Initial residual = 0.0567648, Final residual = 0.000566599, No Iterations 4
GAMG:  Solving for p, Initial residual = 0.00806888, Final residual = 7.25267e-05, No Iterations 18
GAMG:  Solving for p, Initial residual = 0.00373275, Final residual = 3.61539e-05, No Iterations 4
time step continuity errors : sum local = 5.1514e-07, global = -1.95033e-07, cumulative = -5.58121e-07
PIMPLE: iteration 2
DILUPBiCG:  Solving for Ux, Initial residual = 0.0176826, Final residual = 9.35468e-05, No Iterations 1
DILUPBiCG:  Solving for Uy, Initial residual = 0.00307476, Final residual = 7.17636e-06, No Iterations 1
DILUPBiCG:  Solving for Uz, Initial residual = 0.0039491, Final residual = 1.8003e-05, No Iterations 1
GAMG:  Solving for p, Initial residual = 0.0577475, Final residual = 0.000402582, No Iterations 4
GAMG:  Solving for p, Initial residual = 0.00923198, Final residual = 8.78432e-05, No Iterations 14
GAMG:  Solving for p, Initial residual = 0.00428148, Final residual = 3.97553e-05, No Iterations 8
time step continuity errors : sum local = 4.86381e-07, global = 1.27248e-07, cumulative = -4.30873e-07
GAMG:  Solving for p, Initial residual = 0.029456, Final residual = 0.000180309, No Iterations 4
GAMG:  Solving for p, Initial residual = 0.00467354, Final residual = 4.41277e-05, No Iterations 12
GAMG:  Solving for p, Initial residual = 0.00208846, Final residual = 1.95556e-05, No Iterations 8
time step continuity errors : sum local = 2.40184e-07, global = 5.74216e-08, cumulative = -3.73452e-07
PIMPLE: iteration 3
DILUPBiCG:  Solving for Ux, Initial residual = 0.00436613, Final residual = 1.57494e-06, No Iterations 2
DILUPBiCG:  Solving for Uy, Initial residual = 0.000777353, Final residual = 7.43834e-06, No Iterations 1
DILUPBiCG:  Solving for Uz, Initial residual = 0.00815068, Final residual = 2.93683e-06, No Iterations 2
GAMG:  Solving for p, Initial residual = 0.0394289, Final residual = 0.000316662, No Iterations 5
GAMG:  Solving for p, Initial residual = 0.00867506, Final residual = 7.4967e-05, No Iterations 13
GAMG:  Solving for p, Initial residual = 0.00419171, Final residual = 3.89522e-05, No Iterations 8
time step continuity errors : sum local = 5.36161e-07, global = 1.19428e-07, cumulative = -2.54024e-07
GAMG:  Solving for p, Initial residual = 0.00222037, Final residual = 2.13522e-05, No Iterations 14
GAMG:  Solving for p, Initial residual = 0.00120112, Final residual = 1.00208e-05, No Iterations 4
GAMG:  Solving for p, Initial residual = 0.000489285, Final residual = 9.04391e-07, No Iterations 26
time step continuity errors : sum local = 1.23594e-08, global = -3.61826e-09, cumulative = -2.57642e-07
DILUPBiCG:  Solving for omega, Initial residual = 0.000736396, Final residual = 7.01431e-07, No Iterations 1
DILUPBiCG:  Solving for k, Initial residual = 0.00408922, Final residual = 1.25e-06, No Iterations 2
ExecutionTime = 17.38 s  ClockTime = 18 s

End

