/*---------------------------------------------------------------------------*\
| =========                 |                                                 |
| \\      /  F ield         | OpenFOAM: The Open Source CFD Toolbox           |
|  \\    /   O peration     | Version:  2.3.1                                 |
|   \\  /    A nd           | Web:      www.OpenFOAM.org                      |
|    \\/     M anipulation  |                                                 |
\*---------------------------------------------------------------------------*/
Build  : 2.3.1-262087cdf8db
Exec   : pimpleDyMFoam
Date   : Jun 06 2023
Time   : 00:28:47
Host   : "jcosson-VirtualBox"
PID    : 4049
Case   : /home/jcosson/workspace/henersj_shootingdata/calcs/moderate_deformed/primal/100_intervals_05-06-23/sweep18/interval19
nProcs : 1
sigFpe : Enabling floating point exception trapping (FOAM_SIGFPE).
fileModificationChecking : Monitoring run-time modified files using timeStampMaster
allowSystemOperations : Allowing user-supplied system call operations

// * * * * * * * * * * * * * * * * * * * * * * * * * * * * * * * * * * * * * //
Create time

Create mesh for time = 0.418

Selecting dynamicFvMesh dynamicMotionSolverFvMesh
Selecting motion solver: displacementLaplacian
Selecting motion diffusion: quadratic
Selecting motion diffusion: quadratic
Selecting motion diffusion: inverseDistance

PIMPLE: no residual control data found. Calculations will employ 3 corrector loops

Reading field p

Reading field U

Reading/calculating face flux field phi

Selecting incompressible transport model Newtonian
Selecting turbulence model type RASModel
Selecting RAS turbulence model kOmegaSST
kOmegaSSTCoeffs
{
    alphaK1         0.85034;
    alphaK2         1;
    alphaOmega1     0.5;
    alphaOmega2     0.85616;
    gamma1          0.5532;
    gamma2          0.4403;
    beta1           0.075;
    beta2           0.0828;
    betaStar        0.09;
    a1              0.31;
    c1              10;
    Cmu             0.09;
    b1              1;
    F3              false;
}

Reading/calculating face velocity Uf

No finite volume options present

Courant Number mean: 0.148637 max: 0.319564

Starting time loop

Courant Number mean: 0.148637 max: 0.319564
Time = 0.419

GAMG:  Solving for cellDisplacementx, Initial residual = 0, Final residual = 0, No Iterations 0
GAMG:  Solving for cellDisplacementy, Initial residual = 0, Final residual = 0, No Iterations 0
GAMG:  Solving for cellDisplacementz, Initial residual = 0, Final residual = 0, No Iterations 0
PIMPLE: iteration 1
DILUPBiCG:  Solving for Ux, Initial residual = 0.06318, Final residual = 0.00022409, No Iterations 1
DILUPBiCG:  Solving for Uy, Initial residual = 0.0113115, Final residual = 2.14042e-05, No Iterations 1
DILUPBiCG:  Solving for Uz, Initial residual = 0.0206153, Final residual = 2.81442e-05, No Iterations 1
GAMG:  Solving for p, Initial residual = 0.135185, Final residual = 0.000970086, No Iterations 6
GAMG:  Solving for p, Initial residual = 0.0160518, Final residual = 0.000147406, No Iterations 18
GAMG:  Solving for p, Initial residual = 0.00703711, Final residual = 5.92344e-05, No Iterations 10
time step continuity errors : sum local = 8.19791e-07, global = -2.10319e-07, cumulative = -2.10319e-07
GAMG:  Solving for p, Initial residual = 0.0572121, Final residual = 0.000560321, No Iterations 4
GAMG:  Solving for p, Initial residual = 0.00807855, Final residual = 7.55325e-05, No Iterations 18
GAMG:  Solving for p, Initial residual = 0.00372564, Final residual = 3.12074e-05, No Iterations 10
time step continuity errors : sum local = 4.33203e-07, global = -1.11365e-07, cumulative = -3.21684e-07
PIMPLE: iteration 2
DILUPBiCG:  Solving for Ux, Initial residual = 0.0176375, Final residual = 9.5354e-05, No Iterations 1
DILUPBiCG:  Solving for Uy, Initial residual = 0.00309331, Final residual = 7.1055e-06, No Iterations 1
DILUPBiCG:  Solving for Uz, Initial residual = 0.00394858, Final residual = 1.72355e-05, No Iterations 1
GAMG:  Solving for p, Initial residual = 0.0583373, Final residual = 0.000402803, No Iterations 4
GAMG:  Solving for p, Initial residual = 0.00932908, Final residual = 8.71138e-05, No Iterations 14
GAMG:  Solving for p, Initial residual = 0.00430895, Final residual = 3.80317e-05, No Iterations 8
time step continuity errors : sum local = 4.53574e-07, global = 1.37811e-07, cumulative = -1.83873e-07
GAMG:  Solving for p, Initial residual = 0.0297659, Final residual = 0.000180587, No Iterations 4
GAMG:  Solving for p, Initial residual = 0.00471704, Final residual = 4.35092e-05, No Iterations 12
GAMG:  Solving for p, Initial residual = 0.00209756, Final residual = 2.0531e-05, No Iterations 6
time step continuity errors : sum local = 2.45859e-07, global = 7.52475e-08, cumulative = -1.08626e-07
PIMPLE: iteration 3
DILUPBiCG:  Solving for Ux, Initial residual = 0.00437595, Final residual = 1.6083e-06, No Iterations 2
DILUPBiCG:  Solving for Uy, Initial residual = 0.000777886, Final residual = 7.0589e-06, No Iterations 1
DILUPBiCG:  Solving for Uz, Initial residual = 0.00833203, Final residual = 2.86922e-06, No Iterations 2
GAMG:  Solving for p, Initial residual = 0.0390888, Final residual = 0.000300457, No Iterations 5
GAMG:  Solving for p, Initial residual = 0.00846351, Final residual = 8.0645e-05, No Iterations 13
GAMG:  Solving for p, Initial residual = 0.00409481, Final residual = 3.78596e-05, No Iterations 10
time step continuity errors : sum local = 5.08843e-07, global = 1.31656e-07, cumulative = 2.30306e-08
GAMG:  Solving for p, Initial residual = 0.00217039, Final residual = 2.05909e-05, No Iterations 12
GAMG:  Solving for p, Initial residual = 0.0011727, Final residual = 1.11083e-05, No Iterations 4
GAMG:  Solving for p, Initial residual = 0.000478304, Final residual = 9.5082e-07, No Iterations 28
time step continuity errors : sum local = 1.2684e-08, global = -3.78938e-09, cumulative = 1.92412e-08
DILUPBiCG:  Solving for omega, Initial residual = 0.000777017, Final residual = 7.15272e-07, No Iterations 1
DILUPBiCG:  Solving for k, Initial residual = 0.00400436, Final residual = 1.25e-06, No Iterations 2
ExecutionTime = 17.12 s  ClockTime = 17 s

End

