/*---------------------------------------------------------------------------*\
| =========                 |                                                 |
| \\      /  F ield         | OpenFOAM: The Open Source CFD Toolbox           |
|  \\    /   O peration     | Version:  2.3.1                                 |
|   \\  /    A nd           | Web:      www.OpenFOAM.org                      |
|    \\/     M anipulation  |                                                 |
\*---------------------------------------------------------------------------*/
Build  : 2.3.1-262087cdf8db
Exec   : pimpleDyMFoam
Date   : Jun 06 2023
Time   : 02:58:59
Host   : "jcosson-VirtualBox"
PID    : 15234
Case   : /home/jcosson/workspace/henersj_shootingdata/calcs/moderate_deformed/primal/100_intervals_05-06-23/sweep84/interval96
nProcs : 1
sigFpe : Enabling floating point exception trapping (FOAM_SIGFPE).
fileModificationChecking : Monitoring run-time modified files using timeStampMaster
allowSystemOperations : Allowing user-supplied system call operations

// * * * * * * * * * * * * * * * * * * * * * * * * * * * * * * * * * * * * * //
Create time

Create mesh for time = 0.495

Selecting dynamicFvMesh dynamicMotionSolverFvMesh
Selecting motion solver: displacementLaplacian
Selecting motion diffusion: quadratic
Selecting motion diffusion: quadratic
Selecting motion diffusion: inverseDistance

PIMPLE: no residual control data found. Calculations will employ 3 corrector loops

Reading field p

Reading field U

Reading/calculating face flux field phi

Selecting incompressible transport model Newtonian
Selecting turbulence model type RASModel
Selecting RAS turbulence model kOmegaSST
bounding k, min: 0 max: 0.000525609 average: 0.0001447
kOmegaSSTCoeffs
{
    alphaK1         0.85034;
    alphaK2         1;
    alphaOmega1     0.5;
    alphaOmega2     0.85616;
    gamma1          0.5532;
    gamma2          0.4403;
    beta1           0.075;
    beta2           0.0828;
    betaStar        0.09;
    a1              0.31;
    c1              10;
    Cmu             0.09;
    b1              1;
    F3              false;
}

Reading/calculating face velocity Uf

No finite volume options present

Courant Number mean: 0.102743 max: 0.22241

Starting time loop

Courant Number mean: 0.102743 max: 0.22241
Time = 0.496

GAMG:  Solving for cellDisplacementx, Initial residual = 0, Final residual = 0, No Iterations 0
GAMG:  Solving for cellDisplacementy, Initial residual = 0, Final residual = 0, No Iterations 0
GAMG:  Solving for cellDisplacementz, Initial residual = 0, Final residual = 0, No Iterations 0
PIMPLE: iteration 1
DILUPBiCG:  Solving for Ux, Initial residual = 0.030928, Final residual = 0.0001226, No Iterations 1
DILUPBiCG:  Solving for Uy, Initial residual = 0.00664207, Final residual = 1.35341e-05, No Iterations 1
DILUPBiCG:  Solving for Uz, Initial residual = 0.00898412, Final residual = 1.25709e-05, No Iterations 1
GAMG:  Solving for p, Initial residual = 0.102908, Final residual = 0.00043271, No Iterations 4
GAMG:  Solving for p, Initial residual = 0.0136887, Final residual = 0.000112326, No Iterations 10
GAMG:  Solving for p, Initial residual = 0.00660925, Final residual = 5.66023e-05, No Iterations 4
time step continuity errors : sum local = 3.39231e-07, global = 1.26148e-07, cumulative = 1.26148e-07
GAMG:  Solving for p, Initial residual = 0.0489746, Final residual = 0.000207744, No Iterations 4
GAMG:  Solving for p, Initial residual = 0.00664119, Final residual = 6.40599e-05, No Iterations 10
GAMG:  Solving for p, Initial residual = 0.00331049, Final residual = 2.79249e-05, No Iterations 10
time step continuity errors : sum local = 1.68484e-07, global = 4.32287e-08, cumulative = 1.69377e-07
PIMPLE: iteration 2
DILUPBiCG:  Solving for Ux, Initial residual = 0.00741164, Final residual = 4.72718e-05, No Iterations 1
DILUPBiCG:  Solving for Uy, Initial residual = 0.0016201, Final residual = 3.32497e-06, No Iterations 1
DILUPBiCG:  Solving for Uz, Initial residual = 0.00294481, Final residual = 1.16756e-06, No Iterations 2
GAMG:  Solving for p, Initial residual = 0.0466807, Final residual = 0.000347383, No Iterations 6
GAMG:  Solving for p, Initial residual = 0.0152603, Final residual = 0.000132553, No Iterations 10
GAMG:  Solving for p, Initial residual = 0.00459065, Final residual = 4.39618e-05, No Iterations 14
time step continuity errors : sum local = 2.31711e-07, global = -6.94858e-08, cumulative = 9.9891e-08
GAMG:  Solving for p, Initial residual = 0.0249225, Final residual = 0.000245848, No Iterations 5
GAMG:  Solving for p, Initial residual = 0.00809509, Final residual = 7.76633e-05, No Iterations 7
GAMG:  Solving for p, Initial residual = 0.00220984, Final residual = 2.05957e-05, No Iterations 16
time step continuity errors : sum local = 1.08577e-07, global = -3.12072e-08, cumulative = 6.86838e-08
PIMPLE: iteration 3
DILUPBiCG:  Solving for Ux, Initial residual = 0.0012651, Final residual = 2.21366e-06, No Iterations 2
DILUPBiCG:  Solving for Uy, Initial residual = 0.000300315, Final residual = 9.55266e-08, No Iterations 2
DILUPBiCG:  Solving for Uz, Initial residual = 0.00275321, Final residual = 3.07236e-06, No Iterations 2
GAMG:  Solving for p, Initial residual = 0.0566308, Final residual = 0.00039514, No Iterations 5
GAMG:  Solving for p, Initial residual = 0.0119925, Final residual = 0.000119478, No Iterations 14
GAMG:  Solving for p, Initial residual = 0.00696057, Final residual = 6.29948e-05, No Iterations 10
time step continuity errors : sum local = 3.66014e-07, global = -1.01541e-07, cumulative = -3.28577e-08
GAMG:  Solving for p, Initial residual = 0.00286221, Final residual = 2.37046e-05, No Iterations 8
GAMG:  Solving for p, Initial residual = 0.001492, Final residual = 1.45913e-05, No Iterations 4
GAMG:  Solving for p, Initial residual = 0.000559459, Final residual = 9.23828e-07, No Iterations 27
time step continuity errors : sum local = 5.28963e-09, global = 1.6319e-09, cumulative = -3.12258e-08
DILUPBiCG:  Solving for omega, Initial residual = 0.00127332, Final residual = 6.70467e-07, No Iterations 1
DILUPBiCG:  Solving for k, Initial residual = 0.00309593, Final residual = 6.74914e-07, No Iterations 2
bounding k, min: 0 max: 0.000520352 average: 0.000144041
ExecutionTime = 17.21 s  ClockTime = 18 s

End

