/*---------------------------------------------------------------------------*\
| =========                 |                                                 |
| \\      /  F ield         | OpenFOAM: The Open Source CFD Toolbox           |
|  \\    /   O peration     | Version:  2.3.1                                 |
|   \\  /    A nd           | Web:      www.OpenFOAM.org                      |
|    \\/     M anipulation  |                                                 |
\*---------------------------------------------------------------------------*/
Build  : 2.3.1-262087cdf8db
Exec   : pimpleDyMFoam
Date   : Jun 06 2023
Time   : 02:58:59
Host   : "jcosson-VirtualBox"
PID    : 15232
Case   : /home/jcosson/workspace/henersj_shootingdata/calcs/moderate_deformed/primal/100_intervals_05-06-23/sweep84/interval94
nProcs : 1
sigFpe : Enabling floating point exception trapping (FOAM_SIGFPE).
fileModificationChecking : Monitoring run-time modified files using timeStampMaster
allowSystemOperations : Allowing user-supplied system call operations

// * * * * * * * * * * * * * * * * * * * * * * * * * * * * * * * * * * * * * //
Create time

Create mesh for time = 0.493

Selecting dynamicFvMesh dynamicMotionSolverFvMesh
Selecting motion solver: displacementLaplacian
Selecting motion diffusion: quadratic
Selecting motion diffusion: quadratic
Selecting motion diffusion: inverseDistance

PIMPLE: no residual control data found. Calculations will employ 3 corrector loops

Reading field p

Reading field U

Reading/calculating face flux field phi

Selecting incompressible transport model Newtonian
Selecting turbulence model type RASModel
Selecting RAS turbulence model kOmegaSST
bounding k, min: 0 max: 0.000539154 average: 0.000146
kOmegaSSTCoeffs
{
    alphaK1         0.85034;
    alphaK2         1;
    alphaOmega1     0.5;
    alphaOmega2     0.85616;
    gamma1          0.5532;
    gamma2          0.4403;
    beta1           0.075;
    beta2           0.0828;
    betaStar        0.09;
    a1              0.31;
    c1              10;
    Cmu             0.09;
    b1              1;
    F3              false;
}

Reading/calculating face velocity Uf

No finite volume options present

Courant Number mean: 0.106912 max: 0.231233

Starting time loop

Courant Number mean: 0.106912 max: 0.231233
Time = 0.494

GAMG:  Solving for cellDisplacementx, Initial residual = 0, Final residual = 0, No Iterations 0
GAMG:  Solving for cellDisplacementy, Initial residual = 0, Final residual = 0, No Iterations 0
GAMG:  Solving for cellDisplacementz, Initial residual = 0, Final residual = 0, No Iterations 0
PIMPLE: iteration 1
DILUPBiCG:  Solving for Ux, Initial residual = 0.0403832, Final residual = 0.000159502, No Iterations 1
DILUPBiCG:  Solving for Uy, Initial residual = 0.00848955, Final residual = 1.74299e-05, No Iterations 1
DILUPBiCG:  Solving for Uz, Initial residual = 0.00958558, Final residual = 1.14065e-05, No Iterations 1
GAMG:  Solving for p, Initial residual = 0.106407, Final residual = 0.000465735, No Iterations 4
GAMG:  Solving for p, Initial residual = 0.0144544, Final residual = 0.00013989, No Iterations 14
GAMG:  Solving for p, Initial residual = 0.00730077, Final residual = 6.53305e-05, No Iterations 10
time step continuity errors : sum local = 5.10471e-07, global = 1.33036e-07, cumulative = 1.33036e-07
GAMG:  Solving for p, Initial residual = 0.0494399, Final residual = 0.000202875, No Iterations 4
GAMG:  Solving for p, Initial residual = 0.00702645, Final residual = 6.44339e-05, No Iterations 14
GAMG:  Solving for p, Initial residual = 0.00366792, Final residual = 3.04059e-05, No Iterations 10
time step continuity errors : sum local = 2.39703e-07, global = 6.23457e-08, cumulative = 1.95382e-07
PIMPLE: iteration 2
DILUPBiCG:  Solving for Ux, Initial residual = 0.0100156, Final residual = 6.31372e-05, No Iterations 1
DILUPBiCG:  Solving for Uy, Initial residual = 0.00215194, Final residual = 4.40903e-06, No Iterations 1
DILUPBiCG:  Solving for Uz, Initial residual = 0.00286285, Final residual = 3.03779e-05, No Iterations 1
GAMG:  Solving for p, Initial residual = 0.0476077, Final residual = 0.000327067, No Iterations 6
GAMG:  Solving for p, Initial residual = 0.0122986, Final residual = 0.000112172, No Iterations 12
GAMG:  Solving for p, Initial residual = 0.00423733, Final residual = 4.23461e-05, No Iterations 12
time step continuity errors : sum local = 2.91867e-07, global = -8.41459e-08, cumulative = 1.11236e-07
GAMG:  Solving for p, Initial residual = 0.0253239, Final residual = 0.000239597, No Iterations 5
GAMG:  Solving for p, Initial residual = 0.00646714, Final residual = 6.45495e-05, No Iterations 8
GAMG:  Solving for p, Initial residual = 0.00205361, Final residual = 1.93888e-05, No Iterations 9
time step continuity errors : sum local = 1.33845e-07, global = -5.1209e-08, cumulative = 6.0027e-08
PIMPLE: iteration 3
DILUPBiCG:  Solving for Ux, Initial residual = 0.00190946, Final residual = 5.3753e-06, No Iterations 2
DILUPBiCG:  Solving for Uy, Initial residual = 0.000442969, Final residual = 6.91933e-06, No Iterations 1
DILUPBiCG:  Solving for Uz, Initial residual = 0.00362083, Final residual = 8.09758e-06, No Iterations 2
GAMG:  Solving for p, Initial residual = 0.0511055, Final residual = 0.000365183, No Iterations 5
GAMG:  Solving for p, Initial residual = 0.0112439, Final residual = 0.000107416, No Iterations 14
GAMG:  Solving for p, Initial residual = 0.00606541, Final residual = 5.707e-05, No Iterations 10
time step continuity errors : sum local = 4.3723e-07, global = -1.1833e-07, cumulative = -5.83031e-08
GAMG:  Solving for p, Initial residual = 0.00271142, Final residual = 2.24483e-05, No Iterations 8
GAMG:  Solving for p, Initial residual = 0.00143199, Final residual = 1.35375e-05, No Iterations 4
GAMG:  Solving for p, Initial residual = 0.000577088, Final residual = 9.22255e-07, No Iterations 23
time step continuity errors : sum local = 6.97212e-09, global = 2.24155e-09, cumulative = -5.60616e-08
DILUPBiCG:  Solving for omega, Initial residual = 0.00124869, Final residual = 6.80103e-07, No Iterations 1
DILUPBiCG:  Solving for k, Initial residual = 0.00316918, Final residual = 6.56013e-07, No Iterations 2
bounding k, min: 0 max: 0.000532209 average: 0.000145295
ExecutionTime = 17.27 s  ClockTime = 18 s

End

