/*---------------------------------------------------------------------------*\
| =========                 |                                                 |
| \\      /  F ield         | OpenFOAM: The Open Source CFD Toolbox           |
|  \\    /   O peration     | Version:  2.3.1                                 |
|   \\  /    A nd           | Web:      www.OpenFOAM.org                      |
|    \\/     M anipulation  |                                                 |
\*---------------------------------------------------------------------------*/
Build  : 2.3.1-262087cdf8db
Exec   : pimpleDyMFoam
Date   : Jun 05 2023
Time   : 17:49:42
Host   : "jcosson-VirtualBox"
PID    : 4679
Case   : /home/jcosson/workspace/henersj_shootingdata/calcs/moderate_deformed/primal/56_intervals_05-06-23/sweep2/interval2
nProcs : 1
sigFpe : Enabling floating point exception trapping (FOAM_SIGFPE).
fileModificationChecking : Monitoring run-time modified files using timeStampMaster
allowSystemOperations : Allowing user-supplied system call operations

// * * * * * * * * * * * * * * * * * * * * * * * * * * * * * * * * * * * * * //
Create time

Create mesh for time = 0.402

Selecting dynamicFvMesh dynamicMotionSolverFvMesh
Selecting motion solver: displacementLaplacian
Selecting motion diffusion: quadratic
Selecting motion diffusion: quadratic
Selecting motion diffusion: inverseDistance

PIMPLE: no residual control data found. Calculations will employ 3 corrector loops

Reading field p

Reading field U

Reading/calculating face flux field phi

Selecting incompressible transport model Newtonian
Selecting turbulence model type RASModel
Selecting RAS turbulence model kOmegaSST
kOmegaSSTCoeffs
{
    alphaK1         0.85034;
    alphaK2         1;
    alphaOmega1     0.5;
    alphaOmega2     0.85616;
    gamma1          0.5532;
    gamma2          0.4403;
    beta1           0.075;
    beta2           0.0828;
    betaStar        0.09;
    a1              0.31;
    c1              10;
    Cmu             0.09;
    b1              1;
    F3              false;
}

Reading/calculating face velocity Uf

No finite volume options present

Courant Number mean: 0.0967292 max: 0.214645

Starting time loop

Courant Number mean: 0.0967292 max: 0.214645
Time = 0.403

GAMG:  Solving for cellDisplacementx, Initial residual = 0, Final residual = 0, No Iterations 0
GAMG:  Solving for cellDisplacementy, Initial residual = 0, Final residual = 0, No Iterations 0
GAMG:  Solving for cellDisplacementz, Initial residual = 0, Final residual = 0, No Iterations 0
PIMPLE: iteration 1
DILUPBiCG:  Solving for Ux, Initial residual = 0.00778288, Final residual = 3.19013e-05, No Iterations 1
DILUPBiCG:  Solving for Uy, Initial residual = 0.00251059, Final residual = 5.49161e-06, No Iterations 1
DILUPBiCG:  Solving for Uz, Initial residual = 0.0618102, Final residual = 0.00011515, No Iterations 1
GAMG:  Solving for p, Initial residual = 0.42259, Final residual = 0.00300547, No Iterations 4
GAMG:  Solving for p, Initial residual = 0.0560691, Final residual = 0.000540941, No Iterations 20
GAMG:  Solving for p, Initial residual = 0.0211223, Final residual = 0.000204624, No Iterations 8
time step continuity errors : sum local = 5.03806e-07, global = -1.07785e-07, cumulative = -1.07785e-07
GAMG:  Solving for p, Initial residual = 0.167528, Final residual = 0.00113262, No Iterations 4
GAMG:  Solving for p, Initial residual = 0.0346639, Final residual = 0.000296757, No Iterations 16
GAMG:  Solving for p, Initial residual = 0.0139684, Final residual = 0.000111013, No Iterations 4
time step continuity errors : sum local = 2.72849e-07, global = -1.08409e-07, cumulative = -2.16194e-07
PIMPLE: iteration 2
DILUPBiCG:  Solving for Ux, Initial residual = 0.00305739, Final residual = 3.04408e-05, No Iterations 1
DILUPBiCG:  Solving for Uy, Initial residual = 0.000790282, Final residual = 2.78197e-06, No Iterations 1
DILUPBiCG:  Solving for Uz, Initial residual = 0.010612, Final residual = 2.69255e-05, No Iterations 1
GAMG:  Solving for p, Initial residual = 0.191135, Final residual = 0.000898275, No Iterations 4
GAMG:  Solving for p, Initial residual = 0.0417287, Final residual = 0.000384933, No Iterations 10
GAMG:  Solving for p, Initial residual = 0.0158415, Final residual = 0.000146299, No Iterations 4
time step continuity errors : sum local = 3.17494e-07, global = -1.19339e-07, cumulative = -3.35533e-07
GAMG:  Solving for p, Initial residual = 0.0871897, Final residual = 0.000492123, No Iterations 4
GAMG:  Solving for p, Initial residual = 0.0247273, Final residual = 0.000199942, No Iterations 10
GAMG:  Solving for p, Initial residual = 0.00950029, Final residual = 7.7185e-05, No Iterations 4
time step continuity errors : sum local = 1.69274e-07, global = -6.00791e-08, cumulative = -3.95612e-07
PIMPLE: iteration 3
DILUPBiCG:  Solving for Ux, Initial residual = 0.00125749, Final residual = 2.69631e-06, No Iterations 2
DILUPBiCG:  Solving for Uy, Initial residual = 0.000310944, Final residual = 3.32714e-06, No Iterations 1
DILUPBiCG:  Solving for Uz, Initial residual = 0.0026564, Final residual = 8.79596e-07, No Iterations 2
GAMG:  Solving for p, Initial residual = 0.0997729, Final residual = 0.000867118, No Iterations 3
GAMG:  Solving for p, Initial residual = 0.0230063, Final residual = 0.000128971, No Iterations 4
GAMG:  Solving for p, Initial residual = 0.00997593, Final residual = 4.34779e-05, No Iterations 4
time step continuity errors : sum local = 1.02829e-07, global = 1.96264e-09, cumulative = -3.93649e-07
GAMG:  Solving for p, Initial residual = 0.00612374, Final residual = 4.51498e-05, No Iterations 4
GAMG:  Solving for p, Initial residual = 0.00306636, Final residual = 1.6535e-05, No Iterations 4
GAMG:  Solving for p, Initial residual = 0.00126758, Final residual = 8.08004e-07, No Iterations 7
time step continuity errors : sum local = 1.90339e-09, global = 3.38948e-10, cumulative = -3.9331e-07
DILUPBiCG:  Solving for omega, Initial residual = 0.00147312, Final residual = 9.18683e-07, No Iterations 1
DILUPBiCG:  Solving for k, Initial residual = 0.00370771, Final residual = 7.27947e-07, No Iterations 2
ExecutionTime = 13.44 s  ClockTime = 13 s

Courant Number mean: 0.097606 max: 0.21621
Time = 0.404

GAMG:  Solving for cellDisplacementx, Initial residual = 0, Final residual = 0, No Iterations 0
GAMG:  Solving for cellDisplacementy, Initial residual = 0, Final residual = 0, No Iterations 0
GAMG:  Solving for cellDisplacementz, Initial residual = 0, Final residual = 0, No Iterations 0
PIMPLE: iteration 1
DILUPBiCG:  Solving for Ux, Initial residual = 0.0140177, Final residual = 5.5227e-05, No Iterations 1
DILUPBiCG:  Solving for Uy, Initial residual = 0.00337282, Final residual = 6.57026e-06, No Iterations 1
DILUPBiCG:  Solving for Uz, Initial residual = 0.0302644, Final residual = 5.11796e-05, No Iterations 1
GAMG:  Solving for p, Initial residual = 0.223362, Final residual = 0.00205102, No Iterations 8
GAMG:  Solving for p, Initial residual = 0.0273995, Final residual = 0.000234796, No Iterations 18
GAMG:  Solving for p, Initial residual = 0.0109542, Final residual = 8.62049e-05, No Iterations 8
time step continuity errors : sum local = 2.75e-07, global = -6.02616e-08, cumulative = -4.53572e-07
GAMG:  Solving for p, Initial residual = 0.0780934, Final residual = 0.000723218, No Iterations 6
GAMG:  Solving for p, Initial residual = 0.0141045, Final residual = 0.000136929, No Iterations 16
GAMG:  Solving for p, Initial residual = 0.00595824, Final residual = 4.84038e-05, No Iterations 10
time step continuity errors : sum local = 1.55463e-07, global = -4.03174e-08, cumulative = -4.93889e-07
PIMPLE: iteration 2
DILUPBiCG:  Solving for Ux, Initial residual = 0.0047099, Final residual = 3.59562e-05, No Iterations 1
DILUPBiCG:  Solving for Uy, Initial residual = 0.0010691, Final residual = 3.01907e-06, No Iterations 1
DILUPBiCG:  Solving for Uz, Initial residual = 0.00603413, Final residual = 1.76342e-05, No Iterations 1
GAMG:  Solving for p, Initial residual = 0.0864971, Final residual = 0.000384075, No Iterations 4
GAMG:  Solving for p, Initial residual = 0.0177805, Final residual = 0.000155075, No Iterations 5
GAMG:  Solving for p, Initial residual = 0.00781105, Final residual = 6.99492e-05, No Iterations 9
time step continuity errors : sum local = 1.96215e-07, global = -4.89532e-08, cumulative = -5.42843e-07
GAMG:  Solving for p, Initial residual = 0.0409476, Final residual = 0.000205887, No Iterations 4
GAMG:  Solving for p, Initial residual = 0.00905794, Final residual = 7.82053e-05, No Iterations 6
GAMG:  Solving for p, Initial residual = 0.00408579, Final residual = 4.00007e-05, No Iterations 4
time step continuity errors : sum local = 1.13616e-07, global = -3.26507e-08, cumulative = -5.75493e-07
PIMPLE: iteration 3
DILUPBiCG:  Solving for Ux, Initial residual = 0.00161821, Final residual = 9.54463e-07, No Iterations 2
DILUPBiCG:  Solving for Uy, Initial residual = 0.000350766, Final residual = 3.72269e-06, No Iterations 1
DILUPBiCG:  Solving for Uz, Initial residual = 0.00255602, Final residual = 8.16448e-07, No Iterations 2
GAMG:  Solving for p, Initial residual = 0.0496587, Final residual = 0.000280427, No Iterations 4
GAMG:  Solving for p, Initial residual = 0.00894284, Final residual = 7.30971e-05, No Iterations 4
GAMG:  Solving for p, Initial residual = 0.00430464, Final residual = 3.64116e-05, No Iterations 10
time step continuity errors : sum local = 1.14814e-07, global = 3.13443e-08, cumulative = -5.44149e-07
GAMG:  Solving for p, Initial residual = 0.00238962, Final residual = 2.10522e-05, No Iterations 8
GAMG:  Solving for p, Initial residual = 0.00112645, Final residual = 1.08084e-05, No Iterations 4
GAMG:  Solving for p, Initial residual = 0.000480055, Final residual = 9.90818e-07, No Iterations 16
time step continuity errors : sum local = 3.09276e-09, global = 1.04275e-09, cumulative = -5.43106e-07
DILUPBiCG:  Solving for omega, Initial residual = 0.00139625, Final residual = 8.85468e-07, No Iterations 1
DILUPBiCG:  Solving for k, Initial residual = 0.00365527, Final residual = 7.56056e-07, No Iterations 2
ExecutionTime = 25.01 s  ClockTime = 25 s

End

