/*---------------------------------------------------------------------------*\
| =========                 |                                                 |
| \\      /  F ield         | OpenFOAM: The Open Source CFD Toolbox           |
|  \\    /   O peration     | Version:  2.3.1                                 |
|   \\  /    A nd           | Web:      www.OpenFOAM.org                      |
|    \\/     M anipulation  |                                                 |
\*---------------------------------------------------------------------------*/
Build  : 2.3.1-262087cdf8db
Exec   : pimpleDyMFoam
Date   : Jun 05 2023
Time   : 19:24:37
Host   : "jcosson-VirtualBox"
PID    : 4716
Case   : /home/jcosson/workspace/henersj_shootingdata/calcs/moderate_deformed/primal/56_intervals_05-06-23/sweep41/interval49
nProcs : 1
sigFpe : Enabling floating point exception trapping (FOAM_SIGFPE).
fileModificationChecking : Monitoring run-time modified files using timeStampMaster
allowSystemOperations : Allowing user-supplied system call operations

// * * * * * * * * * * * * * * * * * * * * * * * * * * * * * * * * * * * * * //
Create time

Create mesh for time = 0.486

Selecting dynamicFvMesh dynamicMotionSolverFvMesh
Selecting motion solver: displacementLaplacian
Selecting motion diffusion: quadratic
Selecting motion diffusion: quadratic
Selecting motion diffusion: inverseDistance

PIMPLE: no residual control data found. Calculations will employ 3 corrector loops

Reading field p

Reading field U

Reading/calculating face flux field phi

Selecting incompressible transport model Newtonian
Selecting turbulence model type RASModel
Selecting RAS turbulence model kOmegaSST
bounding k, min: 0 max: 0.000632338 average: 0.000151876
kOmegaSSTCoeffs
{
    alphaK1         0.85034;
    alphaK2         1;
    alphaOmega1     0.5;
    alphaOmega2     0.85616;
    gamma1          0.5532;
    gamma2          0.4403;
    beta1           0.075;
    beta2           0.0828;
    betaStar        0.09;
    a1              0.31;
    c1              10;
    Cmu             0.09;
    b1              1;
    F3              false;
}

Reading/calculating face velocity Uf

No finite volume options present

Courant Number mean: 0.131167 max: 0.28498

Starting time loop

Courant Number mean: 0.131167 max: 0.28498
Time = 0.487

GAMG:  Solving for cellDisplacementx, Initial residual = 0, Final residual = 0, No Iterations 0
GAMG:  Solving for cellDisplacementy, Initial residual = 0, Final residual = 0, No Iterations 0
GAMG:  Solving for cellDisplacementz, Initial residual = 0, Final residual = 0, No Iterations 0
PIMPLE: iteration 1
DILUPBiCG:  Solving for Ux, Initial residual = 0.0614625, Final residual = 0.000242155, No Iterations 1
DILUPBiCG:  Solving for Uy, Initial residual = 0.0117489, Final residual = 2.47317e-05, No Iterations 1
DILUPBiCG:  Solving for Uz, Initial residual = 0.0118204, Final residual = 1.34818e-05, No Iterations 1
GAMG:  Solving for p, Initial residual = 0.116444, Final residual = 0.000880123, No Iterations 4
GAMG:  Solving for p, Initial residual = 0.01492, Final residual = 0.000132219, No Iterations 18
GAMG:  Solving for p, Initial residual = 0.00700404, Final residual = 5.81081e-05, No Iterations 10
time step continuity errors : sum local = 7.47974e-07, global = 1.96089e-07, cumulative = 1.96089e-07
GAMG:  Solving for p, Initial residual = 0.0518952, Final residual = 0.000358562, No Iterations 4
GAMG:  Solving for p, Initial residual = 0.00741037, Final residual = 6.53085e-05, No Iterations 16
GAMG:  Solving for p, Initial residual = 0.00352032, Final residual = 3.08829e-05, No Iterations 10
time step continuity errors : sum local = 3.99374e-07, global = 1.05185e-07, cumulative = 3.01273e-07
PIMPLE: iteration 2
DILUPBiCG:  Solving for Ux, Initial residual = 0.0161969, Final residual = 0.000100277, No Iterations 1
DILUPBiCG:  Solving for Uy, Initial residual = 0.00323025, Final residual = 6.74493e-06, No Iterations 1
DILUPBiCG:  Solving for Uz, Initial residual = 0.00280932, Final residual = 9.53627e-06, No Iterations 1
GAMG:  Solving for p, Initial residual = 0.0511399, Final residual = 0.000489632, No Iterations 4
GAMG:  Solving for p, Initial residual = 0.00974681, Final residual = 8.57796e-05, No Iterations 16
GAMG:  Solving for p, Initial residual = 0.00419758, Final residual = 4.17182e-05, No Iterations 8
time step continuity errors : sum local = 4.68482e-07, global = -1.0617e-07, cumulative = 1.95103e-07
GAMG:  Solving for p, Initial residual = 0.0266883, Final residual = 0.000226298, No Iterations 4
GAMG:  Solving for p, Initial residual = 0.00502766, Final residual = 4.27006e-05, No Iterations 14
GAMG:  Solving for p, Initial residual = 0.00198496, Final residual = 1.80064e-05, No Iterations 10
time step continuity errors : sum local = 2.02902e-07, global = -5.09663e-08, cumulative = 1.44137e-07
PIMPLE: iteration 3
DILUPBiCG:  Solving for Ux, Initial residual = 0.00352106, Final residual = 3.08365e-06, No Iterations 2
DILUPBiCG:  Solving for Uy, Initial residual = 0.000729466, Final residual = 4.98788e-06, No Iterations 1
DILUPBiCG:  Solving for Uz, Initial residual = 0.00521671, Final residual = 3.10223e-06, No Iterations 2
GAMG:  Solving for p, Initial residual = 0.0441573, Final residual = 0.000328774, No Iterations 5
GAMG:  Solving for p, Initial residual = 0.00994351, Final residual = 9.05054e-05, No Iterations 14
GAMG:  Solving for p, Initial residual = 0.00497239, Final residual = 4.75224e-05, No Iterations 10
time step continuity errors : sum local = 5.98781e-07, global = -1.57448e-07, cumulative = -1.33112e-08
GAMG:  Solving for p, Initial residual = 0.00244829, Final residual = 1.94251e-05, No Iterations 8
GAMG:  Solving for p, Initial residual = 0.00131628, Final residual = 9.59526e-06, No Iterations 5
GAMG:  Solving for p, Initial residual = 0.000538093, Final residual = 9.48373e-07, No Iterations 28
time step continuity errors : sum local = 1.1826e-08, global = 3.55935e-09, cumulative = -9.75181e-09
DILUPBiCG:  Solving for omega, Initial residual = 0.00106519, Final residual = 7.22175e-07, No Iterations 1
DILUPBiCG:  Solving for k, Initial residual = 0.00354746, Final residual = 6.76122e-07, No Iterations 2
bounding k, min: 0 max: 0.000620864 average: 0.000150981
ExecutionTime = 17.63 s  ClockTime = 18 s

Courant Number mean: 0.126895 max: 0.275072
Time = 0.488

GAMG:  Solving for cellDisplacementx, Initial residual = 0, Final residual = 0, No Iterations 0
GAMG:  Solving for cellDisplacementy, Initial residual = 0, Final residual = 0, No Iterations 0
GAMG:  Solving for cellDisplacementz, Initial residual = 0, Final residual = 0, No Iterations 0
PIMPLE: iteration 1
DILUPBiCG:  Solving for Ux, Initial residual = 0.0596726, Final residual = 0.000234594, No Iterations 1
DILUPBiCG:  Solving for Uy, Initial residual = 0.0115595, Final residual = 2.41793e-05, No Iterations 1
DILUPBiCG:  Solving for Uz, Initial residual = 0.0106858, Final residual = 1.19446e-05, No Iterations 1
GAMG:  Solving for p, Initial residual = 0.107085, Final residual = 0.000861306, No Iterations 4
GAMG:  Solving for p, Initial residual = 0.012789, Final residual = 0.000109914, No Iterations 20
GAMG:  Solving for p, Initial residual = 0.00637229, Final residual = 5.57981e-05, No Iterations 4
time step continuity errors : sum local = 6.87387e-07, global = 2.5171e-07, cumulative = 2.41958e-07
GAMG:  Solving for p, Initial residual = 0.0478013, Final residual = 0.000361065, No Iterations 4
GAMG:  Solving for p, Initial residual = 0.00643922, Final residual = 5.5485e-05, No Iterations 18
GAMG:  Solving for p, Initial residual = 0.00319679, Final residual = 3.13774e-05, No Iterations 8
time step continuity errors : sum local = 3.88312e-07, global = 8.37243e-08, cumulative = 3.25682e-07
PIMPLE: iteration 2
DILUPBiCG:  Solving for Ux, Initial residual = 0.0156345, Final residual = 9.67131e-05, No Iterations 1
DILUPBiCG:  Solving for Uy, Initial residual = 0.00315447, Final residual = 6.55636e-06, No Iterations 1
DILUPBiCG:  Solving for Uz, Initial residual = 0.00280573, Final residual = 9.10208e-06, No Iterations 1
GAMG:  Solving for p, Initial residual = 0.0461878, Final residual = 0.000305232, No Iterations 6
GAMG:  Solving for p, Initial residual = 0.00882838, Final residual = 7.50704e-05, No Iterations 16
GAMG:  Solving for p, Initial residual = 0.00345516, Final residual = 3.1139e-05, No Iterations 10
time step continuity errors : sum local = 3.34449e-07, global = -8.65741e-08, cumulative = 2.39108e-07
GAMG:  Solving for p, Initial residual = 0.0241419, Final residual = 0.000223845, No Iterations 4
GAMG:  Solving for p, Initial residual = 0.00450562, Final residual = 4.1894e-05, No Iterations 14
GAMG:  Solving for p, Initial residual = 0.00175323, Final residual = 1.45954e-05, No Iterations 12
time step continuity errors : sum local = 1.57438e-07, global = -4.59823e-08, cumulative = 1.93126e-07
PIMPLE: iteration 3
DILUPBiCG:  Solving for Ux, Initial residual = 0.00336263, Final residual = 3.03996e-06, No Iterations 2
DILUPBiCG:  Solving for Uy, Initial residual = 0.000709616, Final residual = 4.98811e-06, No Iterations 1
DILUPBiCG:  Solving for Uz, Initial residual = 0.00540835, Final residual = 2.99835e-06, No Iterations 2
GAMG:  Solving for p, Initial residual = 0.0439359, Final residual = 0.00032956, No Iterations 5
GAMG:  Solving for p, Initial residual = 0.00982526, Final residual = 9.28649e-05, No Iterations 14
GAMG:  Solving for p, Initial residual = 0.00501645, Final residual = 4.86954e-05, No Iterations 10
time step continuity errors : sum local = 5.87217e-07, global = -1.54941e-07, cumulative = 3.81852e-08
GAMG:  Solving for p, Initial residual = 0.00242511, Final residual = 1.97293e-05, No Iterations 8
GAMG:  Solving for p, Initial residual = 0.00130391, Final residual = 1.00419e-05, No Iterations 5
GAMG:  Solving for p, Initial residual = 0.000534864, Final residual = 9.42664e-07, No Iterations 28
time step continuity errors : sum local = 1.12444e-08, global = 3.3821e-09, cumulative = 4.15673e-08
DILUPBiCG:  Solving for omega, Initial residual = 0.00109908, Final residual = 7.18549e-07, No Iterations 1
DILUPBiCG:  Solving for k, Initial residual = 0.00348732, Final residual = 6.81551e-07, No Iterations 2
bounding k, min: 0 max: 0.000608731 average: 0.000150114
ExecutionTime = 29.76 s  ClockTime = 30 s

End

