/*---------------------------------------------------------------------------*\
| =========                 |                                                 |
| \\      /  F ield         | OpenFOAM: The Open Source CFD Toolbox           |
|  \\    /   O peration     | Version:  2.3.1                                 |
|   \\  /    A nd           | Web:      www.OpenFOAM.org                      |
|    \\/     M anipulation  |                                                 |
\*---------------------------------------------------------------------------*/
Build  : 2.3.1-262087cdf8db
Exec   : pimpleDyMFoam
Date   : Jun 06 2023
Time   : 09:47:28
Host   : "jcosson-VirtualBox"
PID    : 4738
Case   : /home/jcosson/workspace/henersj_shootingdata/calcs/moderate_deformed/primal/14_intervals_05-06-23/sweep5/interval12
nProcs : 1
sigFpe : Enabling floating point exception trapping (FOAM_SIGFPE).
fileModificationChecking : Monitoring run-time modified files using timeStampMaster
allowSystemOperations : Allowing user-supplied system call operations

// * * * * * * * * * * * * * * * * * * * * * * * * * * * * * * * * * * * * * //
Create time

Create mesh for time = 0.479

Selecting dynamicFvMesh dynamicMotionSolverFvMesh
Selecting motion solver: displacementLaplacian
Selecting motion diffusion: quadratic
Selecting motion diffusion: quadratic
Selecting motion diffusion: inverseDistance

PIMPLE: no residual control data found. Calculations will employ 3 corrector loops

Reading field p

Reading field U

Reading/calculating face flux field phi

Selecting incompressible transport model Newtonian
Selecting turbulence model type RASModel
Selecting RAS turbulence model kOmegaSST
bounding k, min: 0 max: 0.000756674 average: 0.000164485
kOmegaSSTCoeffs
{
    alphaK1         0.85034;
    alphaK2         1;
    alphaOmega1     0.5;
    alphaOmega2     0.85616;
    gamma1          0.5532;
    gamma2          0.4403;
    beta1           0.075;
    beta2           0.0828;
    betaStar        0.09;
    a1              0.31;
    c1              10;
    Cmu             0.09;
    b1              1;
    F3              false;
}

Reading/calculating face velocity Uf

No finite volume options present

Courant Number mean: 0.166674 max: 0.373522

Starting time loop

Courant Number mean: 0.166674 max: 0.373522
Time = 0.48

GAMG:  Solving for cellDisplacementx, Initial residual = 0, Final residual = 0, No Iterations 0
GAMG:  Solving for cellDisplacementy, Initial residual = 0, Final residual = 0, No Iterations 0
GAMG:  Solving for cellDisplacementz, Initial residual = 0, Final residual = 0, No Iterations 0
PIMPLE: iteration 1
DILUPBiCG:  Solving for Ux, Initial residual = 0.0633435, Final residual = 0.000247404, No Iterations 1
DILUPBiCG:  Solving for Uy, Initial residual = 0.0111731, Final residual = 2.39316e-05, No Iterations 1
DILUPBiCG:  Solving for Uz, Initial residual = 0.0125419, Final residual = 2.07025e-05, No Iterations 1
GAMG:  Solving for p, Initial residual = 0.121292, Final residual = 0.00119114, No Iterations 4
GAMG:  Solving for p, Initial residual = 0.0148814, Final residual = 0.000133742, No Iterations 20
GAMG:  Solving for p, Initial residual = 0.00695578, Final residual = 5.77689e-05, No Iterations 10
time step continuity errors : sum local = 8.79572e-07, global = 2.28861e-07, cumulative = 2.28861e-07
GAMG:  Solving for p, Initial residual = 0.0526778, Final residual = 0.000458401, No Iterations 4
GAMG:  Solving for p, Initial residual = 0.0074264, Final residual = 6.49591e-05, No Iterations 18
GAMG:  Solving for p, Initial residual = 0.00352131, Final residual = 3.00814e-05, No Iterations 10
time step continuity errors : sum local = 4.59121e-07, global = 1.19982e-07, cumulative = 3.48843e-07
PIMPLE: iteration 2
DILUPBiCG:  Solving for Ux, Initial residual = 0.0174732, Final residual = 0.000103084, No Iterations 1
DILUPBiCG:  Solving for Uy, Initial residual = 0.00323999, Final residual = 6.87524e-06, No Iterations 1
DILUPBiCG:  Solving for Uz, Initial residual = 0.00295892, Final residual = 1.07209e-05, No Iterations 1
GAMG:  Solving for p, Initial residual = 0.0523369, Final residual = 0.000483364, No Iterations 4
GAMG:  Solving for p, Initial residual = 0.00900468, Final residual = 8.7069e-05, No Iterations 16
GAMG:  Solving for p, Initial residual = 0.00401402, Final residual = 3.67472e-05, No Iterations 10
time step continuity errors : sum local = 4.83168e-07, global = -1.26676e-07, cumulative = 2.22167e-07
GAMG:  Solving for p, Initial residual = 0.0270416, Final residual = 0.000216311, No Iterations 4
GAMG:  Solving for p, Initial residual = 0.00451649, Final residual = 4.19499e-05, No Iterations 14
GAMG:  Solving for p, Initial residual = 0.00191396, Final residual = 1.79833e-05, No Iterations 10
time step continuity errors : sum local = 2.37551e-07, global = -6.06173e-08, cumulative = 1.6155e-07
PIMPLE: iteration 3
DILUPBiCG:  Solving for Ux, Initial residual = 0.00405524, Final residual = 2.85466e-06, No Iterations 2
DILUPBiCG:  Solving for Uy, Initial residual = 0.000775423, Final residual = 5.57893e-06, No Iterations 1
DILUPBiCG:  Solving for Uz, Initial residual = 0.0064868, Final residual = 2.96019e-06, No Iterations 2
GAMG:  Solving for p, Initial residual = 0.0414291, Final residual = 0.000358353, No Iterations 5
GAMG:  Solving for p, Initial residual = 0.00964443, Final residual = 8.00107e-05, No Iterations 4
GAMG:  Solving for p, Initial residual = 0.00449253, Final residual = 4.40779e-05, No Iterations 10
time step continuity errors : sum local = 6.52429e-07, global = -1.73696e-07, cumulative = -1.21463e-08
GAMG:  Solving for p, Initial residual = 0.00243366, Final residual = 2.24086e-05, No Iterations 12
GAMG:  Solving for p, Initial residual = 0.00131133, Final residual = 1.25954e-05, No Iterations 4
GAMG:  Solving for p, Initial residual = 0.000541106, Final residual = 9.52331e-07, No Iterations 32
time step continuity errors : sum local = 1.39517e-08, global = 4.12179e-09, cumulative = -8.02446e-09
DILUPBiCG:  Solving for omega, Initial residual = 0.000879808, Final residual = 7.68608e-07, No Iterations 1
DILUPBiCG:  Solving for k, Initial residual = 0.00410621, Final residual = 7.8184e-07, No Iterations 2
bounding k, min: 0 max: 0.000746359 average: 0.000163343
ExecutionTime = 12.65 s  ClockTime = 12 s

Courant Number mean: 0.16122 max: 0.361508
Time = 0.481

GAMG:  Solving for cellDisplacementx, Initial residual = 0, Final residual = 0, No Iterations 0
GAMG:  Solving for cellDisplacementy, Initial residual = 0, Final residual = 0, No Iterations 0
GAMG:  Solving for cellDisplacementz, Initial residual = 0, Final residual = 0, No Iterations 0
PIMPLE: iteration 1
DILUPBiCG:  Solving for Ux, Initial residual = 0.0639781, Final residual = 0.000247885, No Iterations 1
DILUPBiCG:  Solving for Uy, Initial residual = 0.0114169, Final residual = 2.4195e-05, No Iterations 1
DILUPBiCG:  Solving for Uz, Initial residual = 0.0117758, Final residual = 1.71512e-05, No Iterations 1
GAMG:  Solving for p, Initial residual = 0.11362, Final residual = 0.000782994, No Iterations 6
GAMG:  Solving for p, Initial residual = 0.0131857, Final residual = 0.000126087, No Iterations 18
GAMG:  Solving for p, Initial residual = 0.00603542, Final residual = 5.58666e-05, No Iterations 10
time step continuity errors : sum local = 8.41966e-07, global = 2.20732e-07, cumulative = 2.12708e-07
GAMG:  Solving for p, Initial residual = 0.0493573, Final residual = 0.000444425, No Iterations 4
GAMG:  Solving for p, Initial residual = 0.00662459, Final residual = 6.31823e-05, No Iterations 18
GAMG:  Solving for p, Initial residual = 0.00319425, Final residual = 2.88049e-05, No Iterations 10
time step continuity errors : sum local = 4.35273e-07, global = 1.14281e-07, cumulative = 3.26989e-07
PIMPLE: iteration 2
DILUPBiCG:  Solving for Ux, Initial residual = 0.0175273, Final residual = 0.000102784, No Iterations 1
DILUPBiCG:  Solving for Uy, Initial residual = 0.00328092, Final residual = 6.89142e-06, No Iterations 1
DILUPBiCG:  Solving for Uz, Initial residual = 0.00282594, Final residual = 1.03227e-05, No Iterations 1
GAMG:  Solving for p, Initial residual = 0.0484226, Final residual = 0.000472896, No Iterations 4
GAMG:  Solving for p, Initial residual = 0.00818034, Final residual = 7.21714e-05, No Iterations 18
GAMG:  Solving for p, Initial residual = 0.00379562, Final residual = 3.70609e-05, No Iterations 6
time step continuity errors : sum local = 4.82089e-07, global = -1.44917e-07, cumulative = 1.82072e-07
GAMG:  Solving for p, Initial residual = 0.0251351, Final residual = 0.000214069, No Iterations 4
GAMG:  Solving for p, Initial residual = 0.00415705, Final residual = 4.03968e-05, No Iterations 14
GAMG:  Solving for p, Initial residual = 0.00174287, Final residual = 1.64114e-05, No Iterations 10
time step continuity errors : sum local = 2.14561e-07, global = -5.3985e-08, cumulative = 1.28087e-07
PIMPLE: iteration 3
DILUPBiCG:  Solving for Ux, Initial residual = 0.00402564, Final residual = 2.84296e-06, No Iterations 2
DILUPBiCG:  Solving for Uy, Initial residual = 0.000775555, Final residual = 5.42291e-06, No Iterations 1
DILUPBiCG:  Solving for Uz, Initial residual = 0.00642181, Final residual = 2.87735e-06, No Iterations 2
GAMG:  Solving for p, Initial residual = 0.0408426, Final residual = 0.000352606, No Iterations 5
GAMG:  Solving for p, Initial residual = 0.00936706, Final residual = 9.17203e-05, No Iterations 12
GAMG:  Solving for p, Initial residual = 0.00451887, Final residual = 3.72602e-05, No Iterations 12
time step continuity errors : sum local = 5.4531e-07, global = -1.59717e-07, cumulative = -3.16295e-08
GAMG:  Solving for p, Initial residual = 0.00237766, Final residual = 2.23677e-05, No Iterations 14
GAMG:  Solving for p, Initial residual = 0.00127824, Final residual = 1.13275e-05, No Iterations 4
GAMG:  Solving for p, Initial residual = 0.000517002, Final residual = 8.91636e-07, No Iterations 30
time step continuity errors : sum local = 1.29404e-08, global = 3.8471e-09, cumulative = -2.77824e-08
DILUPBiCG:  Solving for omega, Initial residual = 0.000919605, Final residual = 7.75084e-07, No Iterations 1
DILUPBiCG:  Solving for k, Initial residual = 0.00406008, Final residual = 7.51138e-07, No Iterations 2
bounding k, min: 0 max: 0.000735217 average: 0.000162211
ExecutionTime = 25.55 s  ClockTime = 25 s

Courant Number mean: 0.155872 max: 0.349729
Time = 0.482

GAMG:  Solving for cellDisplacementx, Initial residual = 0, Final residual = 0, No Iterations 0
GAMG:  Solving for cellDisplacementy, Initial residual = 0, Final residual = 0, No Iterations 0
GAMG:  Solving for cellDisplacementz, Initial residual = 0, Final residual = 0, No Iterations 0
PIMPLE: iteration 1
DILUPBiCG:  Solving for Ux, Initial residual = 0.0643084, Final residual = 0.000247139, No Iterations 1
DILUPBiCG:  Solving for Uy, Initial residual = 0.0115972, Final residual = 2.43601e-05, No Iterations 1
DILUPBiCG:  Solving for Uz, Initial residual = 0.0118925, Final residual = 1.69899e-05, No Iterations 1
GAMG:  Solving for p, Initial residual = 0.112441, Final residual = 0.00112097, No Iterations 4
GAMG:  Solving for p, Initial residual = 0.0132297, Final residual = 0.000129659, No Iterations 20
GAMG:  Solving for p, Initial residual = 0.00642528, Final residual = 5.81986e-05, No Iterations 4
time step continuity errors : sum local = 8.62483e-07, global = 3.20034e-07, cumulative = 2.92252e-07
GAMG:  Solving for p, Initial residual = 0.0491769, Final residual = 0.000449317, No Iterations 4
GAMG:  Solving for p, Initial residual = 0.00665425, Final residual = 6.41614e-05, No Iterations 18
GAMG:  Solving for p, Initial residual = 0.00323872, Final residual = 2.71163e-05, No Iterations 10
time step continuity errors : sum local = 4.03082e-07, global = 1.04132e-07, cumulative = 3.96383e-07
PIMPLE: iteration 2
DILUPBiCG:  Solving for Ux, Initial residual = 0.0175213, Final residual = 0.000102005, No Iterations 1
DILUPBiCG:  Solving for Uy, Initial residual = 0.00331944, Final residual = 6.91924e-06, No Iterations 1
DILUPBiCG:  Solving for Uz, Initial residual = 0.00282106, Final residual = 1.02654e-05, No Iterations 1
GAMG:  Solving for p, Initial residual = 0.0480737, Final residual = 0.000300987, No Iterations 6
GAMG:  Solving for p, Initial residual = 0.00818448, Final residual = 7.79831e-05, No Iterations 16
GAMG:  Solving for p, Initial residual = 0.00342415, Final residual = 3.21846e-05, No Iterations 10
time step continuity errors : sum local = 4.1282e-07, global = -1.11131e-07, cumulative = 2.85252e-07
GAMG:  Solving for p, Initial residual = 0.0248764, Final residual = 0.000218661, No Iterations 4
GAMG:  Solving for p, Initial residual = 0.00406442, Final residual = 3.63347e-05, No Iterations 16
GAMG:  Solving for p, Initial residual = 0.00172576, Final residual = 1.51859e-05, No Iterations 10
time step continuity errors : sum local = 1.95731e-07, global = -5.0526e-08, cumulative = 2.34726e-07
PIMPLE: iteration 3
DILUPBiCG:  Solving for Ux, Initial residual = 0.00399296, Final residual = 2.82689e-06, No Iterations 2
DILUPBiCG:  Solving for Uy, Initial residual = 0.000789206, Final residual = 5.28548e-06, No Iterations 1
DILUPBiCG:  Solving for Uz, Initial residual = 0.00618986, Final residual = 2.5493e-06, No Iterations 2
GAMG:  Solving for p, Initial residual = 0.0414184, Final residual = 0.000355348, No Iterations 5
GAMG:  Solving for p, Initial residual = 0.00954094, Final residual = 9.49428e-05, No Iterations 10
GAMG:  Solving for p, Initial residual = 0.00458219, Final residual = 4.55659e-05, No Iterations 10
time step continuity errors : sum local = 6.56697e-07, global = -1.7042e-07, cumulative = 6.43061e-08
GAMG:  Solving for p, Initial residual = 0.00239342, Final residual = 2.33382e-05, No Iterations 6
GAMG:  Solving for p, Initial residual = 0.00127822, Final residual = 1.25335e-05, No Iterations 10
GAMG:  Solving for p, Initial residual = 0.00054786, Final residual = 8.72302e-07, No Iterations 32
time step continuity errors : sum local = 1.24661e-08, global = 3.70002e-09, cumulative = 6.80061e-08
DILUPBiCG:  Solving for omega, Initial residual = 0.000959944, Final residual = 7.79319e-07, No Iterations 1
DILUPBiCG:  Solving for k, Initial residual = 0.00401105, Final residual = 7.29175e-07, No Iterations 2
bounding k, min: 0 max: 0.000723312 average: 0.000161095
ExecutionTime = 38.2 s  ClockTime = 38 s

Courant Number mean: 0.150662 max: 0.338223
Time = 0.483

GAMG:  Solving for cellDisplacementx, Initial residual = 0, Final residual = 0, No Iterations 0
GAMG:  Solving for cellDisplacementy, Initial residual = 0, Final residual = 0, No Iterations 0
GAMG:  Solving for cellDisplacementz, Initial residual = 0, Final residual = 0, No Iterations 0
PIMPLE: iteration 1
DILUPBiCG:  Solving for Ux, Initial residual = 0.0643457, Final residual = 0.00024558, No Iterations 1
DILUPBiCG:  Solving for Uy, Initial residual = 0.0117833, Final residual = 2.4559e-05, No Iterations 1
DILUPBiCG:  Solving for Uz, Initial residual = 0.0123926, Final residual = 1.53529e-05, No Iterations 1
GAMG:  Solving for p, Initial residual = 0.11277, Final residual = 0.00106479, No Iterations 4
GAMG:  Solving for p, Initial residual = 0.013449, Final residual = 0.000125438, No Iterations 20
GAMG:  Solving for p, Initial residual = 0.0064732, Final residual = 5.46872e-05, No Iterations 4
time step continuity errors : sum local = 7.9591e-07, global = 2.80057e-07, cumulative = 3.48063e-07
GAMG:  Solving for p, Initial residual = 0.0493335, Final residual = 0.000427714, No Iterations 4
GAMG:  Solving for p, Initial residual = 0.0067324, Final residual = 6.16235e-05, No Iterations 18
GAMG:  Solving for p, Initial residual = 0.00325334, Final residual = 2.97582e-05, No Iterations 4
time step continuity errors : sum local = 4.34528e-07, global = 1.54062e-07, cumulative = 5.02125e-07
PIMPLE: iteration 2
DILUPBiCG:  Solving for Ux, Initial residual = 0.0173805, Final residual = 0.000100681, No Iterations 1
DILUPBiCG:  Solving for Uy, Initial residual = 0.00332478, Final residual = 6.87082e-06, No Iterations 1
DILUPBiCG:  Solving for Uz, Initial residual = 0.00273092, Final residual = 9.96904e-06, No Iterations 1
GAMG:  Solving for p, Initial residual = 0.0482112, Final residual = 0.000468623, No Iterations 4
GAMG:  Solving for p, Initial residual = 0.00838807, Final residual = 7.22877e-05, No Iterations 18
GAMG:  Solving for p, Initial residual = 0.00398931, Final residual = 3.54506e-05, No Iterations 6
time step continuity errors : sum local = 4.46583e-07, global = -1.26181e-07, cumulative = 3.75944e-07
GAMG:  Solving for p, Initial residual = 0.0251317, Final residual = 0.000213465, No Iterations 4
GAMG:  Solving for p, Initial residual = 0.00434453, Final residual = 4.1183e-05, No Iterations 14
GAMG:  Solving for p, Initial residual = 0.00184638, Final residual = 1.5196e-05, No Iterations 10
time step continuity errors : sum local = 1.92301e-07, global = -4.87772e-08, cumulative = 3.27167e-07
PIMPLE: iteration 3
DILUPBiCG:  Solving for Ux, Initial residual = 0.00393899, Final residual = 2.78195e-06, No Iterations 2
DILUPBiCG:  Solving for Uy, Initial residual = 0.000782744, Final residual = 5.1199e-06, No Iterations 1
DILUPBiCG:  Solving for Uz, Initial residual = 0.00609725, Final residual = 2.38505e-06, No Iterations 2
GAMG:  Solving for p, Initial residual = 0.0414247, Final residual = 0.000337434, No Iterations 5
GAMG:  Solving for p, Initial residual = 0.00944679, Final residual = 8.53005e-05, No Iterations 14
GAMG:  Solving for p, Initial residual = 0.00468332, Final residual = 4.25218e-05, No Iterations 10
time step continuity errors : sum local = 6.0241e-07, global = -1.56797e-07, cumulative = 1.70369e-07
GAMG:  Solving for p, Initial residual = 0.00239066, Final residual = 2.13963e-05, No Iterations 12
GAMG:  Solving for p, Initial residual = 0.00127244, Final residual = 1.23399e-05, No Iterations 4
GAMG:  Solving for p, Initial residual = 0.000512019, Final residual = 8.56998e-07, No Iterations 32
time step continuity errors : sum local = 1.20313e-08, global = 3.55685e-09, cumulative = 1.73926e-07
DILUPBiCG:  Solving for omega, Initial residual = 0.000999519, Final residual = 7.81327e-07, No Iterations 1
DILUPBiCG:  Solving for k, Initial residual = 0.00395632, Final residual = 7.12434e-07, No Iterations 2
bounding k, min: 0 max: 0.000713155 average: 0.000159998
ExecutionTime = 48.59 s  ClockTime = 48 s

Courant Number mean: 0.145598 max: 0.32755
Time = 0.484

GAMG:  Solving for cellDisplacementx, Initial residual = 0, Final residual = 0, No Iterations 0
GAMG:  Solving for cellDisplacementy, Initial residual = 0, Final residual = 0, No Iterations 0
GAMG:  Solving for cellDisplacementz, Initial residual = 0, Final residual = 0, No Iterations 0
PIMPLE: iteration 1
DILUPBiCG:  Solving for Ux, Initial residual = 0.0640936, Final residual = 0.000242685, No Iterations 1
DILUPBiCG:  Solving for Uy, Initial residual = 0.0118548, Final residual = 2.44971e-05, No Iterations 1
DILUPBiCG:  Solving for Uz, Initial residual = 0.0125506, Final residual = 1.51848e-05, No Iterations 1
GAMG:  Solving for p, Initial residual = 0.111473, Final residual = 0.00104198, No Iterations 4
GAMG:  Solving for p, Initial residual = 0.0135013, Final residual = 0.000126124, No Iterations 20
GAMG:  Solving for p, Initial residual = 0.00660185, Final residual = 5.52769e-05, No Iterations 4
time step continuity errors : sum local = 7.83628e-07, global = 2.63516e-07, cumulative = 4.37443e-07
GAMG:  Solving for p, Initial residual = 0.0490987, Final residual = 0.000416949, No Iterations 4
GAMG:  Solving for p, Initial residual = 0.00673258, Final residual = 6.27009e-05, No Iterations 18
GAMG:  Solving for p, Initial residual = 0.00331045, Final residual = 2.85405e-05, No Iterations 4
time step continuity errors : sum local = 4.06038e-07, global = 1.40888e-07, cumulative = 5.78331e-07
PIMPLE: iteration 2
DILUPBiCG:  Solving for Ux, Initial residual = 0.0171862, Final residual = 9.89865e-05, No Iterations 1
DILUPBiCG:  Solving for Uy, Initial residual = 0.0033286, Final residual = 6.82219e-06, No Iterations 1
DILUPBiCG:  Solving for Uz, Initial residual = 0.00276183, Final residual = 1.01886e-05, No Iterations 1
GAMG:  Solving for p, Initial residual = 0.0478459, Final residual = 0.000300182, No Iterations 6
GAMG:  Solving for p, Initial residual = 0.00838146, Final residual = 7.76373e-05, No Iterations 16
GAMG:  Solving for p, Initial residual = 0.00347089, Final residual = 3.13728e-05, No Iterations 10
time step continuity errors : sum local = 3.86204e-07, global = -1.01415e-07, cumulative = 4.76916e-07
GAMG:  Solving for p, Initial residual = 0.0247989, Final residual = 0.000218481, No Iterations 4
GAMG:  Solving for p, Initial residual = 0.00416678, Final residual = 3.67911e-05, No Iterations 16
GAMG:  Solving for p, Initial residual = 0.00176095, Final residual = 1.75548e-05, No Iterations 8
time step continuity errors : sum local = 2.17072e-07, global = -4.81255e-08, cumulative = 4.2879e-07
PIMPLE: iteration 3
DILUPBiCG:  Solving for Ux, Initial residual = 0.0038593, Final residual = 2.75111e-06, No Iterations 2
DILUPBiCG:  Solving for Uy, Initial residual = 0.000790146, Final residual = 5.00764e-06, No Iterations 1
DILUPBiCG:  Solving for Uz, Initial residual = 0.00584533, Final residual = 2.19469e-06, No Iterations 2
GAMG:  Solving for p, Initial residual = 0.042164, Final residual = 0.00033782, No Iterations 5
GAMG:  Solving for p, Initial residual = 0.00963142, Final residual = 9.58342e-05, No Iterations 12
GAMG:  Solving for p, Initial residual = 0.00475272, Final residual = 3.91105e-05, No Iterations 12
time step continuity errors : sum local = 5.40796e-07, global = -1.58712e-07, cumulative = 2.70078e-07
GAMG:  Solving for p, Initial residual = 0.00242521, Final residual = 2.05097e-05, No Iterations 12
GAMG:  Solving for p, Initial residual = 0.00130589, Final residual = 1.20115e-05, No Iterations 4
GAMG:  Solving for p, Initial residual = 0.000540004, Final residual = 9.69897e-07, No Iterations 30
time step continuity errors : sum local = 1.32779e-08, global = 3.97801e-09, cumulative = 2.74057e-07
DILUPBiCG:  Solving for omega, Initial residual = 0.00103862, Final residual = 7.80752e-07, No Iterations 1
DILUPBiCG:  Solving for k, Initial residual = 0.00390043, Final residual = 6.94891e-07, No Iterations 2
bounding k, min: 0 max: 0.000702502 average: 0.000158922
ExecutionTime = 58.86 s  ClockTime = 59 s

Courant Number mean: 0.140715 max: 0.317277
Time = 0.485

GAMG:  Solving for cellDisplacementx, Initial residual = 0, Final residual = 0, No Iterations 0
GAMG:  Solving for cellDisplacementy, Initial residual = 0, Final residual = 0, No Iterations 0
GAMG:  Solving for cellDisplacementz, Initial residual = 0, Final residual = 0, No Iterations 0
PIMPLE: iteration 1
DILUPBiCG:  Solving for Ux, Initial residual = 0.0634291, Final residual = 0.000238983, No Iterations 1
DILUPBiCG:  Solving for Uy, Initial residual = 0.0119387, Final residual = 2.44977e-05, No Iterations 1
DILUPBiCG:  Solving for Uz, Initial residual = 0.0129185, Final residual = 1.39401e-05, No Iterations 1
GAMG:  Solving for p, Initial residual = 0.111853, Final residual = 0.000975224, No Iterations 4
GAMG:  Solving for p, Initial residual = 0.0136735, Final residual = 0.000121415, No Iterations 20
GAMG:  Solving for p, Initial residual = 0.00663429, Final residual = 5.4932e-05, No Iterations 4
time step continuity errors : sum local = 7.57956e-07, global = 2.70468e-07, cumulative = 5.44524e-07
GAMG:  Solving for p, Initial residual = 0.0492782, Final residual = 0.000393188, No Iterations 4
GAMG:  Solving for p, Initial residual = 0.00681086, Final residual = 5.9963e-05, No Iterations 18
GAMG:  Solving for p, Initial residual = 0.00333553, Final residual = 2.78003e-05, No Iterations 4
time step continuity errors : sum local = 3.85077e-07, global = 1.32039e-07, cumulative = 6.76563e-07
PIMPLE: iteration 2
DILUPBiCG:  Solving for Ux, Initial residual = 0.0169126, Final residual = 9.68226e-05, No Iterations 1
DILUPBiCG:  Solving for Uy, Initial residual = 0.00331052, Final residual = 6.73536e-06, No Iterations 1
DILUPBiCG:  Solving for Uz, Initial residual = 0.00263558, Final residual = 9.79183e-06, No Iterations 1
GAMG:  Solving for p, Initial residual = 0.0480003, Final residual = 0.000475855, No Iterations 4
GAMG:  Solving for p, Initial residual = 0.00871446, Final residual = 8.50554e-05, No Iterations 16
GAMG:  Solving for p, Initial residual = 0.00420217, Final residual = 4.0511e-05, No Iterations 4
time step continuity errors : sum local = 4.8531e-07, global = -1.845e-07, cumulative = 4.92063e-07
GAMG:  Solving for p, Initial residual = 0.0251613, Final residual = 0.000222118, No Iterations 4
GAMG:  Solving for p, Initial residual = 0.0046629, Final residual = 4.23628e-05, No Iterations 14
GAMG:  Solving for p, Initial residual = 0.00196325, Final residual = 1.72684e-05, No Iterations 4
time step continuity errors : sum local = 2.07524e-07, global = -7.86906e-08, cumulative = 4.13373e-07
PIMPLE: iteration 3
DILUPBiCG:  Solving for Ux, Initial residual = 0.00376618, Final residual = 2.68163e-06, No Iterations 2
DILUPBiCG:  Solving for Uy, Initial residual = 0.000773135, Final residual = 4.87513e-06, No Iterations 1
DILUPBiCG:  Solving for Uz, Initial residual = 0.00574321, Final residual = 1.99927e-06, No Iterations 2
GAMG:  Solving for p, Initial residual = 0.0420868, Final residual = 0.000336687, No Iterations 5
GAMG:  Solving for p, Initial residual = 0.00966188, Final residual = 8.98997e-05, No Iterations 14
GAMG:  Solving for p, Initial residual = 0.00485389, Final residual = 4.62375e-05, No Iterations 10
time step continuity errors : sum local = 6.22389e-07, global = -1.6313e-07, cumulative = 2.50242e-07
GAMG:  Solving for p, Initial residual = 0.00242203, Final residual = 2.12425e-05, No Iterations 6
GAMG:  Solving for p, Initial residual = 0.00125347, Final residual = 1.17021e-05, No Iterations 4
GAMG:  Solving for p, Initial residual = 0.000512934, Final residual = 9.03499e-07, No Iterations 34
time step continuity errors : sum local = 1.20362e-08, global = 3.52646e-09, cumulative = 2.53769e-07
DILUPBiCG:  Solving for omega, Initial residual = 0.00107554, Final residual = 7.78023e-07, No Iterations 1
DILUPBiCG:  Solving for k, Initial residual = 0.00384143, Final residual = 6.76785e-07, No Iterations 2
bounding k, min: 0 max: 0.000690944 average: 0.00015787
ExecutionTime = 69.47 s  ClockTime = 69 s

Courant Number mean: 0.136016 max: 0.307394
Time = 0.486

GAMG:  Solving for cellDisplacementx, Initial residual = 0, Final residual = 0, No Iterations 0
GAMG:  Solving for cellDisplacementy, Initial residual = 0, Final residual = 0, No Iterations 0
GAMG:  Solving for cellDisplacementz, Initial residual = 0, Final residual = 0, No Iterations 0
PIMPLE: iteration 1
DILUPBiCG:  Solving for Ux, Initial residual = 0.0624993, Final residual = 0.000233764, No Iterations 1
DILUPBiCG:  Solving for Uy, Initial residual = 0.0118759, Final residual = 2.41812e-05, No Iterations 1
DILUPBiCG:  Solving for Uz, Initial residual = 0.0130242, Final residual = 1.3668e-05, No Iterations 1
GAMG:  Solving for p, Initial residual = 0.110404, Final residual = 0.00095783, No Iterations 4
GAMG:  Solving for p, Initial residual = 0.0137654, Final residual = 0.000122786, No Iterations 20
GAMG:  Solving for p, Initial residual = 0.00677765, Final residual = 6.45214e-05, No Iterations 4
time step continuity errors : sum local = 8.58281e-07, global = 3.21703e-07, cumulative = 5.75472e-07
GAMG:  Solving for p, Initial residual = 0.0490106, Final residual = 0.00038506, No Iterations 4
GAMG:  Solving for p, Initial residual = 0.00681761, Final residual = 6.14808e-05, No Iterations 18
GAMG:  Solving for p, Initial residual = 0.00339502, Final residual = 2.95638e-05, No Iterations 4
time step continuity errors : sum local = 3.94865e-07, global = 1.39105e-07, cumulative = 7.14578e-07
PIMPLE: iteration 2
DILUPBiCG:  Solving for Ux, Initial residual = 0.0165334, Final residual = 9.42405e-05, No Iterations 1
DILUPBiCG:  Solving for Uy, Initial residual = 0.00327863, Final residual = 6.62264e-06, No Iterations 1
DILUPBiCG:  Solving for Uz, Initial residual = 0.00267596, Final residual = 9.8051e-06, No Iterations 1
GAMG:  Solving for p, Initial residual = 0.0475746, Final residual = 0.000303234, No Iterations 6
GAMG:  Solving for p, Initial residual = 0.0087057, Final residual = 7.79617e-05, No Iterations 16
GAMG:  Solving for p, Initial residual = 0.00356208, Final residual = 3.03123e-05, No Iterations 10
time step continuity errors : sum local = 3.51037e-07, global = -9.10011e-08, cumulative = 6.23577e-07
GAMG:  Solving for p, Initial residual = 0.0247471, Final residual = 0.000223056, No Iterations 4
GAMG:  Solving for p, Initial residual = 0.00435399, Final residual = 3.75479e-05, No Iterations 16
GAMG:  Solving for p, Initial residual = 0.00182729, Final residual = 1.76368e-05, No Iterations 4
time step continuity errors : sum local = 2.05099e-07, global = -7.86102e-08, cumulative = 5.44966e-07
PIMPLE: iteration 3
DILUPBiCG:  Solving for Ux, Initial residual = 0.00364239, Final residual = 2.63742e-06, No Iterations 2
DILUPBiCG:  Solving for Uy, Initial residual = 0.000772959, Final residual = 4.79898e-06, No Iterations 1
DILUPBiCG:  Solving for Uz, Initial residual = 0.00547493, Final residual = 1.91563e-06, No Iterations 2
GAMG:  Solving for p, Initial residual = 0.0430059, Final residual = 0.000329901, No Iterations 5
GAMG:  Solving for p, Initial residual = 0.00982287, Final residual = 8.70397e-05, No Iterations 14
GAMG:  Solving for p, Initial residual = 0.00494236, Final residual = 4.25462e-05, No Iterations 10
time step continuity errors : sum local = 5.52898e-07, global = -1.44425e-07, cumulative = 4.00541e-07
GAMG:  Solving for p, Initial residual = 0.00245704, Final residual = 2.3668e-05, No Iterations 6
GAMG:  Solving for p, Initial residual = 0.0013029, Final residual = 1.26525e-05, No Iterations 10
GAMG:  Solving for p, Initial residual = 0.000560343, Final residual = 8.74777e-07, No Iterations 32
time step continuity errors : sum local = 1.12511e-08, global = 3.3493e-09, cumulative = 4.03891e-07
DILUPBiCG:  Solving for omega, Initial residual = 0.00111194, Final residual = 7.73242e-07, No Iterations 1
DILUPBiCG:  Solving for k, Initial residual = 0.00378455, Final residual = 6.55726e-07, No Iterations 2
bounding k, min: 0 max: 0.000678577 average: 0.000156844
ExecutionTime = 75.46 s  ClockTime = 75 s

End

