/*---------------------------------------------------------------------------*\
| =========                 |                                                 |
| \\      /  F ield         | OpenFOAM: The Open Source CFD Toolbox           |
|  \\    /   O peration     | Version:  2.3.1                                 |
|   \\  /    A nd           | Web:      www.OpenFOAM.org                      |
|    \\/     M anipulation  |                                                 |
\*---------------------------------------------------------------------------*/
Build  : 2.3.1-262087cdf8db
Exec   : pimpleDyMFoam
Date   : Jun 06 2023
Time   : 01:18:18
Host   : "jcosson-VirtualBox"
PID    : 28552
Case   : /home/jcosson/workspace/henersj_shootingdata/calcs/moderate_deformed/primal/100_intervals_05-06-23/sweep33/interval73
nProcs : 1
sigFpe : Enabling floating point exception trapping (FOAM_SIGFPE).
fileModificationChecking : Monitoring run-time modified files using timeStampMaster
allowSystemOperations : Allowing user-supplied system call operations

// * * * * * * * * * * * * * * * * * * * * * * * * * * * * * * * * * * * * * //
Create time

Create mesh for time = 0.472

Selecting dynamicFvMesh dynamicMotionSolverFvMesh
Selecting motion solver: displacementLaplacian
Selecting motion diffusion: quadratic
Selecting motion diffusion: quadratic
Selecting motion diffusion: inverseDistance

PIMPLE: no residual control data found. Calculations will employ 3 corrector loops

Reading field p

Reading field U

Reading/calculating face flux field phi

Selecting incompressible transport model Newtonian
Selecting turbulence model type RASModel
Selecting RAS turbulence model kOmegaSST
kOmegaSSTCoeffs
{
    alphaK1         0.85034;
    alphaK2         1;
    alphaOmega1     0.5;
    alphaOmega2     0.85616;
    gamma1          0.5532;
    gamma2          0.4403;
    beta1           0.075;
    beta2           0.0828;
    betaStar        0.09;
    a1              0.31;
    c1              10;
    Cmu             0.09;
    b1              1;
    F3              false;
}

Reading/calculating face velocity Uf

No finite volume options present

Courant Number mean: 0.206178 max: 0.453845

Starting time loop

Courant Number mean: 0.206178 max: 0.453845
Time = 0.473

GAMG:  Solving for cellDisplacementx, Initial residual = 0, Final residual = 0, No Iterations 0
GAMG:  Solving for cellDisplacementy, Initial residual = 0, Final residual = 0, No Iterations 0
GAMG:  Solving for cellDisplacementz, Initial residual = 0, Final residual = 0, No Iterations 0
PIMPLE: iteration 1
DILUPBiCG:  Solving for Ux, Initial residual = 0.0533151, Final residual = 0.000219991, No Iterations 1
DILUPBiCG:  Solving for Uy, Initial residual = 0.00882421, Final residual = 1.9959e-05, No Iterations 1
DILUPBiCG:  Solving for Uz, Initial residual = 0.0115074, Final residual = 2.8001e-05, No Iterations 1
GAMG:  Solving for p, Initial residual = 0.127023, Final residual = 0.00097524, No Iterations 6
GAMG:  Solving for p, Initial residual = 0.0146833, Final residual = 0.000145077, No Iterations 18
GAMG:  Solving for p, Initial residual = 0.00642038, Final residual = 5.76416e-05, No Iterations 12
time step continuity errors : sum local = 8.53399e-07, global = 2.56943e-07, cumulative = 2.56943e-07
GAMG:  Solving for p, Initial residual = 0.0539563, Final residual = 0.000330338, No Iterations 6
GAMG:  Solving for p, Initial residual = 0.00742559, Final residual = 6.93916e-05, No Iterations 16
GAMG:  Solving for p, Initial residual = 0.00333578, Final residual = 2.8709e-05, No Iterations 12
time step continuity errors : sum local = 4.25015e-07, global = 1.27245e-07, cumulative = 3.84189e-07
PIMPLE: iteration 2
DILUPBiCG:  Solving for Ux, Initial residual = 0.015408, Final residual = 9.22306e-05, No Iterations 1
DILUPBiCG:  Solving for Uy, Initial residual = 0.00269151, Final residual = 6.03962e-06, No Iterations 1
DILUPBiCG:  Solving for Uz, Initial residual = 0.0033042, Final residual = 1.26989e-05, No Iterations 1
GAMG:  Solving for p, Initial residual = 0.0542392, Final residual = 0.000475074, No Iterations 4
GAMG:  Solving for p, Initial residual = 0.00885907, Final residual = 8.55367e-05, No Iterations 16
GAMG:  Solving for p, Initial residual = 0.0040377, Final residual = 4.02022e-05, No Iterations 8
time step continuity errors : sum local = 5.07637e-07, global = -1.49535e-07, cumulative = 2.34654e-07
GAMG:  Solving for p, Initial residual = 0.0279057, Final residual = 0.000208296, No Iterations 4
GAMG:  Solving for p, Initial residual = 0.00439837, Final residual = 3.95184e-05, No Iterations 14
GAMG:  Solving for p, Initial residual = 0.00189229, Final residual = 1.71147e-05, No Iterations 10
time step continuity errors : sum local = 2.17276e-07, global = -5.72828e-08, cumulative = 1.77371e-07
PIMPLE: iteration 3
DILUPBiCG:  Solving for Ux, Initial residual = 0.00377582, Final residual = 2.34255e-06, No Iterations 2
DILUPBiCG:  Solving for Uy, Initial residual = 0.000659484, Final residual = 6.71506e-06, No Iterations 1
DILUPBiCG:  Solving for Uz, Initial residual = 0.0071768, Final residual = 3.88136e-06, No Iterations 2
GAMG:  Solving for p, Initial residual = 0.0402707, Final residual = 0.000361476, No Iterations 5
GAMG:  Solving for p, Initial residual = 0.00919045, Final residual = 8.20965e-05, No Iterations 11
GAMG:  Solving for p, Initial residual = 0.00435002, Final residual = 3.88676e-05, No Iterations 10
time step continuity errors : sum local = 5.51003e-07, global = -1.42806e-07, cumulative = 3.45656e-08
GAMG:  Solving for p, Initial residual = 0.00244794, Final residual = 2.26747e-05, No Iterations 18
GAMG:  Solving for p, Initial residual = 0.00135128, Final residual = 1.18181e-05, No Iterations 4
GAMG:  Solving for p, Initial residual = 0.000543945, Final residual = 8.63225e-07, No Iterations 34
time step continuity errors : sum local = 1.2179e-08, global = 3.57432e-09, cumulative = 3.814e-08
DILUPBiCG:  Solving for omega, Initial residual = 0.000568592, Final residual = 6.4846e-07, No Iterations 1
DILUPBiCG:  Solving for k, Initial residual = 0.00440553, Final residual = 1.47194e-06, No Iterations 2
ExecutionTime = 17.64 s  ClockTime = 18 s

End

