/*---------------------------------------------------------------------------*\
| =========                 |                                                 |
| \\      /  F ield         | OpenFOAM: The Open Source CFD Toolbox           |
|  \\    /   O peration     | Version:  2.3.1                                 |
|   \\  /    A nd           | Web:      www.OpenFOAM.org                      |
|    \\/     M anipulation  |                                                 |
\*---------------------------------------------------------------------------*/
Build  : 2.3.1-262087cdf8db
Exec   : pimpleDyMFoam
Date   : Jun 06 2023
Time   : 01:18:18
Host   : "jcosson-VirtualBox"
PID    : 28546
Case   : /home/jcosson/workspace/henersj_shootingdata/calcs/moderate_deformed/primal/100_intervals_05-06-23/sweep33/interval70
nProcs : 1
sigFpe : Enabling floating point exception trapping (FOAM_SIGFPE).
fileModificationChecking : Monitoring run-time modified files using timeStampMaster
allowSystemOperations : Allowing user-supplied system call operations

// * * * * * * * * * * * * * * * * * * * * * * * * * * * * * * * * * * * * * //
Create time

Create mesh for time = 0.469

Selecting dynamicFvMesh dynamicMotionSolverFvMesh
Selecting motion solver: displacementLaplacian
Selecting motion diffusion: quadratic
Selecting motion diffusion: quadratic
Selecting motion diffusion: inverseDistance

PIMPLE: no residual control data found. Calculations will employ 3 corrector loops

Reading field p

Reading field U

Reading/calculating face flux field phi

Selecting incompressible transport model Newtonian
Selecting turbulence model type RASModel
Selecting RAS turbulence model kOmegaSST
kOmegaSSTCoeffs
{
    alphaK1         0.85034;
    alphaK2         1;
    alphaOmega1     0.5;
    alphaOmega2     0.85616;
    gamma1          0.5532;
    gamma2          0.4403;
    beta1           0.075;
    beta2           0.0828;
    betaStar        0.09;
    a1              0.31;
    c1              10;
    Cmu             0.09;
    b1              1;
    F3              false;
}

Reading/calculating face velocity Uf

No finite volume options present

Courant Number mean: 0.22254 max: 0.490086

Starting time loop

Courant Number mean: 0.22254 max: 0.490086
Time = 0.47

GAMG:  Solving for cellDisplacementx, Initial residual = 0, Final residual = 0, No Iterations 0
GAMG:  Solving for cellDisplacementy, Initial residual = 0, Final residual = 0, No Iterations 0
GAMG:  Solving for cellDisplacementz, Initial residual = 0, Final residual = 0, No Iterations 0
PIMPLE: iteration 1
DILUPBiCG:  Solving for Ux, Initial residual = 0.0469506, Final residual = 0.000195831, No Iterations 1
DILUPBiCG:  Solving for Uy, Initial residual = 0.00764187, Final residual = 1.76098e-05, No Iterations 1
DILUPBiCG:  Solving for Uz, Initial residual = 0.0125414, Final residual = 3.17376e-05, No Iterations 1
GAMG:  Solving for p, Initial residual = 0.131697, Final residual = 0.00105564, No Iterations 6
GAMG:  Solving for p, Initial residual = 0.0152369, Final residual = 0.000130022, No Iterations 20
GAMG:  Solving for p, Initial residual = 0.0065936, Final residual = 6.30365e-05, No Iterations 10
time step continuity errors : sum local = 8.71583e-07, global = 2.33782e-07, cumulative = 2.33782e-07
GAMG:  Solving for p, Initial residual = 0.0553307, Final residual = 0.000352068, No Iterations 6
GAMG:  Solving for p, Initial residual = 0.00769059, Final residual = 7.29534e-05, No Iterations 16
GAMG:  Solving for p, Initial residual = 0.00341736, Final residual = 3.0072e-05, No Iterations 12
time step continuity errors : sum local = 4.1477e-07, global = 1.24303e-07, cumulative = 3.58085e-07
PIMPLE: iteration 2
DILUPBiCG:  Solving for Ux, Initial residual = 0.0138402, Final residual = 8.10163e-05, No Iterations 1
DILUPBiCG:  Solving for Uy, Initial residual = 0.00237593, Final residual = 5.48563e-06, No Iterations 1
DILUPBiCG:  Solving for Uz, Initial residual = 0.00352545, Final residual = 1.28192e-05, No Iterations 1
GAMG:  Solving for p, Initial residual = 0.0559345, Final residual = 0.000471346, No Iterations 4
GAMG:  Solving for p, Initial residual = 0.00909049, Final residual = 8.54879e-05, No Iterations 16
GAMG:  Solving for p, Initial residual = 0.00415535, Final residual = 3.99804e-05, No Iterations 8
time step continuity errors : sum local = 4.68453e-07, global = -1.43515e-07, cumulative = 2.1457e-07
GAMG:  Solving for p, Initial residual = 0.0286794, Final residual = 0.000204038, No Iterations 4
GAMG:  Solving for p, Initial residual = 0.00447849, Final residual = 3.90503e-05, No Iterations 14
GAMG:  Solving for p, Initial residual = 0.00194875, Final residual = 1.8877e-05, No Iterations 8
time step continuity errors : sum local = 2.22429e-07, global = -6.31501e-08, cumulative = 1.5142e-07
PIMPLE: iteration 3
DILUPBiCG:  Solving for Ux, Initial residual = 0.0034763, Final residual = 1.75411e-06, No Iterations 2
DILUPBiCG:  Solving for Uy, Initial residual = 0.000595544, Final residual = 7.04717e-06, No Iterations 1
DILUPBiCG:  Solving for Uz, Initial residual = 0.00717025, Final residual = 3.16052e-06, No Iterations 2
GAMG:  Solving for p, Initial residual = 0.0402248, Final residual = 0.000335632, No Iterations 5
GAMG:  Solving for p, Initial residual = 0.00912524, Final residual = 8.54428e-05, No Iterations 13
GAMG:  Solving for p, Initial residual = 0.00436245, Final residual = 4.18613e-05, No Iterations 10
time step continuity errors : sum local = 5.50417e-07, global = -1.43558e-07, cumulative = 7.86236e-09
GAMG:  Solving for p, Initial residual = 0.00250938, Final residual = 2.32636e-05, No Iterations 18
GAMG:  Solving for p, Initial residual = 0.00139246, Final residual = 1.21503e-05, No Iterations 4
GAMG:  Solving for p, Initial residual = 0.000554656, Final residual = 8.60901e-07, No Iterations 36
time step continuity errors : sum local = 1.12745e-08, global = 3.31581e-09, cumulative = 1.11782e-08
DILUPBiCG:  Solving for omega, Initial residual = 0.000493131, Final residual = 6.79751e-07, No Iterations 1
DILUPBiCG:  Solving for k, Initial residual = 0.00460821, Final residual = 1.67734e-06, No Iterations 2
ExecutionTime = 17.84 s  ClockTime = 18 s

End

