/*---------------------------------------------------------------------------*\
| =========                 |                                                 |
| \\      /  F ield         | OpenFOAM: The Open Source CFD Toolbox           |
|  \\    /   O peration     | Version:  2.3.1                                 |
|   \\  /    A nd           | Web:      www.OpenFOAM.org                      |
|    \\/     M anipulation  |                                                 |
\*---------------------------------------------------------------------------*/
Build  : 2.3.1-262087cdf8db
Exec   : pimpleDyMFoam
Date   : Jun 06 2023
Time   : 01:18:01
Host   : "jcosson-VirtualBox"
PID    : 28524
Case   : /home/jcosson/workspace/henersj_shootingdata/calcs/moderate_deformed/primal/100_intervals_05-06-23/sweep33/interval59
nProcs : 1
sigFpe : Enabling floating point exception trapping (FOAM_SIGFPE).
fileModificationChecking : Monitoring run-time modified files using timeStampMaster
allowSystemOperations : Allowing user-supplied system call operations

// * * * * * * * * * * * * * * * * * * * * * * * * * * * * * * * * * * * * * //
Create time

Create mesh for time = 0.458

Selecting dynamicFvMesh dynamicMotionSolverFvMesh
Selecting motion solver: displacementLaplacian
Selecting motion diffusion: quadratic
Selecting motion diffusion: quadratic
Selecting motion diffusion: inverseDistance

PIMPLE: no residual control data found. Calculations will employ 3 corrector loops

Reading field p

Reading field U

Reading/calculating face flux field phi

Selecting incompressible transport model Newtonian
Selecting turbulence model type RASModel
Selecting RAS turbulence model kOmegaSST
kOmegaSSTCoeffs
{
    alphaK1         0.85034;
    alphaK2         1;
    alphaOmega1     0.5;
    alphaOmega2     0.85616;
    gamma1          0.5532;
    gamma2          0.4403;
    beta1           0.075;
    beta2           0.0828;
    betaStar        0.09;
    a1              0.31;
    c1              10;
    Cmu             0.09;
    b1              1;
    F3              false;
}

Reading/calculating face velocity Uf

No finite volume options present

Courant Number mean: 0.268647 max: 0.595042

Starting time loop

Courant Number mean: 0.268647 max: 0.595042
Time = 0.459

GAMG:  Solving for cellDisplacementx, Initial residual = 0, Final residual = 0, No Iterations 0
GAMG:  Solving for cellDisplacementy, Initial residual = 0, Final residual = 0, No Iterations 0
GAMG:  Solving for cellDisplacementz, Initial residual = 0, Final residual = 0, No Iterations 0
PIMPLE: iteration 1
DILUPBiCG:  Solving for Ux, Initial residual = 0.0195249, Final residual = 7.63974e-05, No Iterations 1
DILUPBiCG:  Solving for Uy, Initial residual = 0.00312039, Final residual = 7.37668e-06, No Iterations 1
DILUPBiCG:  Solving for Uz, Initial residual = 0.0148529, Final residual = 3.72529e-05, No Iterations 1
GAMG:  Solving for p, Initial residual = 0.168426, Final residual = 0.00144938, No Iterations 6
GAMG:  Solving for p, Initial residual = 0.0217226, Final residual = 0.000190846, No Iterations 18
GAMG:  Solving for p, Initial residual = 0.00873053, Final residual = 7.33316e-05, No Iterations 12
time step continuity errors : sum local = 5.37416e-07, global = 1.61546e-07, cumulative = 1.61546e-07
GAMG:  Solving for p, Initial residual = 0.0676595, Final residual = 0.000457148, No Iterations 6
GAMG:  Solving for p, Initial residual = 0.010776, Final residual = 0.00010469, No Iterations 14
GAMG:  Solving for p, Initial residual = 0.00452251, Final residual = 4.2098e-05, No Iterations 12
time step continuity errors : sum local = 3.06203e-07, global = 9.15282e-08, cumulative = 2.53074e-07
PIMPLE: iteration 2
DILUPBiCG:  Solving for Ux, Initial residual = 0.00631536, Final residual = 2.74533e-05, No Iterations 1
DILUPBiCG:  Solving for Uy, Initial residual = 0.00105469, Final residual = 3.43686e-06, No Iterations 1
DILUPBiCG:  Solving for Uz, Initial residual = 0.00407872, Final residual = 1.18393e-05, No Iterations 1
GAMG:  Solving for p, Initial residual = 0.0698512, Final residual = 0.000341189, No Iterations 4
GAMG:  Solving for p, Initial residual = 0.011776, Final residual = 0.000106565, No Iterations 12
GAMG:  Solving for p, Initial residual = 0.00541019, Final residual = 4.61306e-05, No Iterations 8
time step continuity errors : sum local = 2.85587e-07, global = -9.43631e-08, cumulative = 1.58711e-07
GAMG:  Solving for p, Initial residual = 0.0349874, Final residual = 0.000146967, No Iterations 4
GAMG:  Solving for p, Initial residual = 0.00576802, Final residual = 4.9182e-05, No Iterations 10
GAMG:  Solving for p, Initial residual = 0.00259618, Final residual = 2.57959e-05, No Iterations 6
time step continuity errors : sum local = 1.60327e-07, global = -6.09674e-08, cumulative = 9.77432e-08
PIMPLE: iteration 3
DILUPBiCG:  Solving for Ux, Initial residual = 0.0018104, Final residual = 3.52748e-07, No Iterations 2
DILUPBiCG:  Solving for Uy, Initial residual = 0.000300352, Final residual = 5.89537e-06, No Iterations 1
DILUPBiCG:  Solving for Uz, Initial residual = 0.00426224, Final residual = 9.44645e-07, No Iterations 2
GAMG:  Solving for p, Initial residual = 0.045775, Final residual = 0.000346162, No Iterations 5
GAMG:  Solving for p, Initial residual = 0.0106898, Final residual = 9.62799e-05, No Iterations 13
GAMG:  Solving for p, Initial residual = 0.00490473, Final residual = 4.09327e-05, No Iterations 10
time step continuity errors : sum local = 2.8018e-07, global = -7.28547e-08, cumulative = 2.48885e-08
GAMG:  Solving for p, Initial residual = 0.00332337, Final residual = 3.1991e-05, No Iterations 12
GAMG:  Solving for p, Initial residual = 0.00186699, Final residual = 1.76489e-05, No Iterations 4
GAMG:  Solving for p, Initial residual = 0.000689265, Final residual = 8.76163e-07, No Iterations 40
time step continuity errors : sum local = 5.98776e-09, global = 1.7797e-09, cumulative = 2.66682e-08
DILUPBiCG:  Solving for omega, Initial residual = 0.000710014, Final residual = 1.20985e-06, No Iterations 1
DILUPBiCG:  Solving for k, Initial residual = 0.00478962, Final residual = 1.17072e-06, No Iterations 2
ExecutionTime = 16.46 s  ClockTime = 17 s

End

