/*---------------------------------------------------------------------------*\
| =========                 |                                                 |
| \\      /  F ield         | OpenFOAM: The Open Source CFD Toolbox           |
|  \\    /   O peration     | Version:  2.3.1                                 |
|   \\  /    A nd           | Web:      www.OpenFOAM.org                      |
|    \\/     M anipulation  |                                                 |
\*---------------------------------------------------------------------------*/
Build  : 2.3.1-262087cdf8db
Exec   : pimpleDyMFoam
Date   : Jun 05 2023
Time   : 17:57:58
Host   : "jcosson-VirtualBox"
PID    : 7112
Case   : /home/jcosson/workspace/henersj_shootingdata/calcs/moderate_deformed/primal/56_intervals_05-06-23/sweep4/interval44
nProcs : 1
sigFpe : Enabling floating point exception trapping (FOAM_SIGFPE).
fileModificationChecking : Monitoring run-time modified files using timeStampMaster
allowSystemOperations : Allowing user-supplied system call operations

// * * * * * * * * * * * * * * * * * * * * * * * * * * * * * * * * * * * * * //
Create time

Create mesh for time = 0.477

Selecting dynamicFvMesh dynamicMotionSolverFvMesh
Selecting motion solver: displacementLaplacian
Selecting motion diffusion: quadratic
Selecting motion diffusion: quadratic
Selecting motion diffusion: inverseDistance

PIMPLE: no residual control data found. Calculations will employ 3 corrector loops

Reading field p

Reading field U

Reading/calculating face flux field phi

Selecting incompressible transport model Newtonian
Selecting turbulence model type RASModel
Selecting RAS turbulence model kOmegaSST
kOmegaSSTCoeffs
{
    alphaK1         0.85034;
    alphaK2         1;
    alphaOmega1     0.5;
    alphaOmega2     0.85616;
    gamma1          0.5532;
    gamma2          0.4403;
    beta1           0.075;
    beta2           0.0828;
    betaStar        0.09;
    a1              0.31;
    c1              10;
    Cmu             0.09;
    b1              1;
    F3              false;
}

Reading/calculating face velocity Uf

No finite volume options present

Courant Number mean: 0.177259 max: 0.392425

Starting time loop

Courant Number mean: 0.177259 max: 0.392425
Time = 0.478

GAMG:  Solving for cellDisplacementx, Initial residual = 0, Final residual = 0, No Iterations 0
GAMG:  Solving for cellDisplacementy, Initial residual = 0, Final residual = 0, No Iterations 0
GAMG:  Solving for cellDisplacementz, Initial residual = 0, Final residual = 0, No Iterations 0
PIMPLE: iteration 1
DILUPBiCG:  Solving for Ux, Initial residual = 0.062088, Final residual = 0.000246438, No Iterations 1
DILUPBiCG:  Solving for Uy, Initial residual = 0.0106292, Final residual = 2.43177e-05, No Iterations 1
DILUPBiCG:  Solving for Uz, Initial residual = 0.0298921, Final residual = 3.88892e-05, No Iterations 1
GAMG:  Solving for p, Initial residual = 0.131927, Final residual = 0.00124431, No Iterations 4
GAMG:  Solving for p, Initial residual = 0.0172092, Final residual = 0.000159083, No Iterations 18
GAMG:  Solving for p, Initial residual = 0.00770252, Final residual = 7.44937e-05, No Iterations 8
time step continuity errors : sum local = 1.09541e-06, global = 2.3164e-07, cumulative = 2.3164e-07
GAMG:  Solving for p, Initial residual = 0.0569122, Final residual = 0.000470828, No Iterations 4
GAMG:  Solving for p, Initial residual = 0.00850489, Final residual = 8.41776e-05, No Iterations 14
GAMG:  Solving for p, Initial residual = 0.00383728, Final residual = 3.20553e-05, No Iterations 12
time step continuity errors : sum local = 4.70834e-07, global = 1.38671e-07, cumulative = 3.70312e-07
PIMPLE: iteration 2
DILUPBiCG:  Solving for Ux, Initial residual = 0.017191, Final residual = 0.000104356, No Iterations 1
DILUPBiCG:  Solving for Uy, Initial residual = 0.00313153, Final residual = 7.19116e-06, No Iterations 1
DILUPBiCG:  Solving for Uz, Initial residual = 0.00445318, Final residual = 2.03215e-05, No Iterations 1
GAMG:  Solving for p, Initial residual = 0.0573402, Final residual = 0.000510801, No Iterations 4
GAMG:  Solving for p, Initial residual = 0.00988804, Final residual = 8.88913e-05, No Iterations 16
GAMG:  Solving for p, Initial residual = 0.00446692, Final residual = 3.80514e-05, No Iterations 10
time step continuity errors : sum local = 4.77406e-07, global = -1.21845e-07, cumulative = 2.48466e-07
GAMG:  Solving for p, Initial residual = 0.0296484, Final residual = 0.000231135, No Iterations 4
GAMG:  Solving for p, Initial residual = 0.00496125, Final residual = 4.31996e-05, No Iterations 14
GAMG:  Solving for p, Initial residual = 0.00215719, Final residual = 1.90327e-05, No Iterations 10
time step continuity errors : sum local = 2.39701e-07, global = -6.08809e-08, cumulative = 1.87585e-07
PIMPLE: iteration 3
DILUPBiCG:  Solving for Ux, Initial residual = 0.00396531, Final residual = 2.76692e-06, No Iterations 2
DILUPBiCG:  Solving for Uy, Initial residual = 0.000771843, Final residual = 5.99769e-06, No Iterations 1
DILUPBiCG:  Solving for Uz, Initial residual = 0.00558209, Final residual = 3.50967e-06, No Iterations 2
GAMG:  Solving for p, Initial residual = 0.0396115, Final residual = 0.000373392, No Iterations 5
GAMG:  Solving for p, Initial residual = 0.00899084, Final residual = 7.63962e-05, No Iterations 13
GAMG:  Solving for p, Initial residual = 0.00435646, Final residual = 3.80209e-05, No Iterations 8
time step continuity errors : sum local = 5.38242e-07, global = -1.14135e-07, cumulative = 7.34501e-08
GAMG:  Solving for p, Initial residual = 0.00240766, Final residual = 2.38574e-05, No Iterations 16
GAMG:  Solving for p, Initial residual = 0.00129772, Final residual = 1.16892e-05, No Iterations 4
GAMG:  Solving for p, Initial residual = 0.000518587, Final residual = 9.62163e-07, No Iterations 32
time step continuity errors : sum local = 1.35353e-08, global = 3.98937e-09, cumulative = 7.74395e-08
DILUPBiCG:  Solving for omega, Initial residual = 0.00106035, Final residual = 1.46741e-06, No Iterations 1
DILUPBiCG:  Solving for k, Initial residual = 0.00448002, Final residual = 1.31528e-06, No Iterations 2
ExecutionTime = 17.18 s  ClockTime = 17 s

Courant Number mean: 0.171635 max: 0.380428
Time = 0.479

GAMG:  Solving for cellDisplacementx, Initial residual = 0, Final residual = 0, No Iterations 0
GAMG:  Solving for cellDisplacementy, Initial residual = 0, Final residual = 0, No Iterations 0
GAMG:  Solving for cellDisplacementz, Initial residual = 0, Final residual = 0, No Iterations 0
PIMPLE: iteration 1
DILUPBiCG:  Solving for Ux, Initial residual = 0.062067, Final residual = 0.000245194, No Iterations 1
DILUPBiCG:  Solving for Uy, Initial residual = 0.0110049, Final residual = 2.51742e-05, No Iterations 1
DILUPBiCG:  Solving for Uz, Initial residual = 0.0272979, Final residual = 4.99816e-05, No Iterations 1
GAMG:  Solving for p, Initial residual = 0.122003, Final residual = 0.000978704, No Iterations 6
GAMG:  Solving for p, Initial residual = 0.0146078, Final residual = 0.00013665, No Iterations 20
GAMG:  Solving for p, Initial residual = 0.00679533, Final residual = 6.68944e-05, No Iterations 8
time step continuity errors : sum local = 9.91198e-07, global = 2.24438e-07, cumulative = 3.01878e-07
GAMG:  Solving for p, Initial residual = 0.0521011, Final residual = 0.000500955, No Iterations 4
GAMG:  Solving for p, Initial residual = 0.00727656, Final residual = 6.98591e-05, No Iterations 20
GAMG:  Solving for p, Initial residual = 0.00359396, Final residual = 3.51447e-05, No Iterations 8
time step continuity errors : sum local = 5.22977e-07, global = 1.18756e-07, cumulative = 4.20633e-07
PIMPLE: iteration 2
DILUPBiCG:  Solving for Ux, Initial residual = 0.0173956, Final residual = 0.000104977, No Iterations 1
DILUPBiCG:  Solving for Uy, Initial residual = 0.00318857, Final residual = 7.14163e-06, No Iterations 1
DILUPBiCG:  Solving for Uz, Initial residual = 0.00414423, Final residual = 1.41315e-05, No Iterations 1
GAMG:  Solving for p, Initial residual = 0.0518441, Final residual = 0.000505299, No Iterations 4
GAMG:  Solving for p, Initial residual = 0.00884235, Final residual = 8.36147e-05, No Iterations 18
GAMG:  Solving for p, Initial residual = 0.00430486, Final residual = 4.16571e-05, No Iterations 7
time step continuity errors : sum local = 5.30668e-07, global = 1.66209e-07, cumulative = 5.86842e-07
GAMG:  Solving for p, Initial residual = 0.0267372, Final residual = 0.000222059, No Iterations 4
GAMG:  Solving for p, Initial residual = 0.00444025, Final residual = 3.99294e-05, No Iterations 16
GAMG:  Solving for p, Initial residual = 0.00202936, Final residual = 1.90422e-05, No Iterations 8
time step continuity errors : sum local = 2.44086e-07, global = -8.82189e-08, cumulative = 4.98624e-07
PIMPLE: iteration 3
DILUPBiCG:  Solving for Ux, Initial residual = 0.00415043, Final residual = 2.81417e-06, No Iterations 2
DILUPBiCG:  Solving for Uy, Initial residual = 0.000768679, Final residual = 5.77178e-06, No Iterations 1
DILUPBiCG:  Solving for Uz, Initial residual = 0.0104075, Final residual = 4.09542e-06, No Iterations 2
GAMG:  Solving for p, Initial residual = 0.0390316, Final residual = 0.000315785, No Iterations 5
GAMG:  Solving for p, Initial residual = 0.00862651, Final residual = 8.36306e-05, No Iterations 13
GAMG:  Solving for p, Initial residual = 0.00416899, Final residual = 3.47437e-05, No Iterations 12
time step continuity errors : sum local = 5.0034e-07, global = -1.47424e-07, cumulative = 3.512e-07
GAMG:  Solving for p, Initial residual = 0.00224013, Final residual = 2.22236e-05, No Iterations 14
GAMG:  Solving for p, Initial residual = 0.00124658, Final residual = 1.22472e-05, No Iterations 4
GAMG:  Solving for p, Initial residual = 0.000507419, Final residual = 9.8682e-07, No Iterations 28
time step continuity errors : sum local = 1.41296e-08, global = 4.24658e-09, cumulative = 3.55446e-07
DILUPBiCG:  Solving for omega, Initial residual = 0.00106839, Final residual = 1.29029e-06, No Iterations 1
DILUPBiCG:  Solving for k, Initial residual = 0.00442734, Final residual = 1.16983e-06, No Iterations 2
ExecutionTime = 32.07 s  ClockTime = 32 s

End

