/*---------------------------------------------------------------------------*\
| =========                 |                                                 |
| \\      /  F ield         | OpenFOAM: The Open Source CFD Toolbox           |
|  \\    /   O peration     | Version:  2.3.1                                 |
|   \\  /    A nd           | Web:      www.OpenFOAM.org                      |
|    \\/     M anipulation  |                                                 |
\*---------------------------------------------------------------------------*/
Build  : 2.3.1-262087cdf8db
Exec   : pimpleDyMFoam
Date   : Jun 05 2023
Time   : 17:57:45
Host   : "jcosson-VirtualBox"
PID    : 7098
Case   : /home/jcosson/workspace/henersj_shootingdata/calcs/moderate_deformed/primal/56_intervals_05-06-23/sweep4/interval37
nProcs : 1
sigFpe : Enabling floating point exception trapping (FOAM_SIGFPE).
fileModificationChecking : Monitoring run-time modified files using timeStampMaster
allowSystemOperations : Allowing user-supplied system call operations

// * * * * * * * * * * * * * * * * * * * * * * * * * * * * * * * * * * * * * //
Create time

Create mesh for time = 0.464

Selecting dynamicFvMesh dynamicMotionSolverFvMesh
Selecting motion solver: displacementLaplacian
Selecting motion diffusion: quadratic
Selecting motion diffusion: quadratic
Selecting motion diffusion: inverseDistance

PIMPLE: no residual control data found. Calculations will employ 3 corrector loops

Reading field p

Reading field U

Reading/calculating face flux field phi

Selecting incompressible transport model Newtonian
Selecting turbulence model type RASModel
Selecting RAS turbulence model kOmegaSST
kOmegaSSTCoeffs
{
    alphaK1         0.85034;
    alphaK2         1;
    alphaOmega1     0.5;
    alphaOmega2     0.85616;
    gamma1          0.5532;
    gamma2          0.4403;
    beta1           0.075;
    beta2           0.0828;
    betaStar        0.09;
    a1              0.31;
    c1              10;
    Cmu             0.09;
    b1              1;
    F3              false;
}

Reading/calculating face velocity Uf

No finite volume options present

Courant Number mean: 0.246708 max: 0.554148

Starting time loop

Courant Number mean: 0.246708 max: 0.554148
Time = 0.465

GAMG:  Solving for cellDisplacementx, Initial residual = 0, Final residual = 0, No Iterations 0
GAMG:  Solving for cellDisplacementy, Initial residual = 0, Final residual = 0, No Iterations 0
GAMG:  Solving for cellDisplacementz, Initial residual = 0, Final residual = 0, No Iterations 0
PIMPLE: iteration 1
DILUPBiCG:  Solving for Ux, Initial residual = 0.0346867, Final residual = 0.000143692, No Iterations 1
DILUPBiCG:  Solving for Uy, Initial residual = 0.00562056, Final residual = 1.38476e-05, No Iterations 1
DILUPBiCG:  Solving for Uz, Initial residual = 0.0267589, Final residual = 7.30963e-05, No Iterations 1
GAMG:  Solving for p, Initial residual = 0.147796, Final residual = 0.00127429, No Iterations 6
GAMG:  Solving for p, Initial residual = 0.0185648, Final residual = 0.000185012, No Iterations 18
GAMG:  Solving for p, Initial residual = 0.00796188, Final residual = 7.92827e-05, No Iterations 10
time step continuity errors : sum local = 8.91264e-07, global = 2.33762e-07, cumulative = 2.33762e-07
GAMG:  Solving for p, Initial residual = 0.0603962, Final residual = 0.00042321, No Iterations 6
GAMG:  Solving for p, Initial residual = 0.00921286, Final residual = 9.03836e-05, No Iterations 16
GAMG:  Solving for p, Initial residual = 0.00410422, Final residual = 4.02734e-05, No Iterations 10
time step continuity errors : sum local = 4.52035e-07, global = 1.18534e-07, cumulative = 3.52296e-07
PIMPLE: iteration 2
DILUPBiCG:  Solving for Ux, Initial residual = 0.0106666, Final residual = 5.8459e-05, No Iterations 1
DILUPBiCG:  Solving for Uy, Initial residual = 0.00179405, Final residual = 4.5816e-06, No Iterations 1
DILUPBiCG:  Solving for Uz, Initial residual = 0.00431448, Final residual = 1.32866e-05, No Iterations 1
GAMG:  Solving for p, Initial residual = 0.0617972, Final residual = 0.000456266, No Iterations 4
GAMG:  Solving for p, Initial residual = 0.0107421, Final residual = 9.42274e-05, No Iterations 16
GAMG:  Solving for p, Initial residual = 0.00520636, Final residual = 4.80848e-05, No Iterations 7
time step continuity errors : sum local = 4.56678e-07, global = 1.50071e-07, cumulative = 5.02366e-07
GAMG:  Solving for p, Initial residual = 0.0313784, Final residual = 0.000191432, No Iterations 4
GAMG:  Solving for p, Initial residual = 0.00523519, Final residual = 4.42601e-05, No Iterations 14
GAMG:  Solving for p, Initial residual = 0.0024329, Final residual = 2.35429e-05, No Iterations 7
time step continuity errors : sum local = 2.24994e-07, global = 8.38956e-08, cumulative = 5.86262e-07
PIMPLE: iteration 3
DILUPBiCG:  Solving for Ux, Initial residual = 0.00284333, Final residual = 1.03181e-06, No Iterations 2
DILUPBiCG:  Solving for Uy, Initial residual = 0.000473715, Final residual = 7.20431e-06, No Iterations 1
DILUPBiCG:  Solving for Uz, Initial residual = 0.00875576, Final residual = 2.37074e-06, No Iterations 2
GAMG:  Solving for p, Initial residual = 0.040826, Final residual = 0.000344448, No Iterations 5
GAMG:  Solving for p, Initial residual = 0.00926005, Final residual = 8.76832e-05, No Iterations 15
GAMG:  Solving for p, Initial residual = 0.0044113, Final residual = 4.34324e-05, No Iterations 10
time step continuity errors : sum local = 4.62026e-07, global = -1.20839e-07, cumulative = 4.65423e-07
GAMG:  Solving for p, Initial residual = 0.0026813, Final residual = 2.46669e-05, No Iterations 18
GAMG:  Solving for p, Initial residual = 0.00152147, Final residual = 1.37503e-05, No Iterations 4
GAMG:  Solving for p, Initial residual = 0.000581321, Final residual = 8.62321e-07, No Iterations 38
time step continuity errors : sum local = 9.16148e-09, global = 2.71422e-09, cumulative = 4.68137e-07
DILUPBiCG:  Solving for omega, Initial residual = 0.00126261, Final residual = 2.03129e-06, No Iterations 1
DILUPBiCG:  Solving for k, Initial residual = 0.00523314, Final residual = 1.77207e-06, No Iterations 2
ExecutionTime = 16.02 s  ClockTime = 16 s

Courant Number mean: 0.242217 max: 0.543556
Time = 0.466

GAMG:  Solving for cellDisplacementx, Initial residual = 0, Final residual = 0, No Iterations 0
GAMG:  Solving for cellDisplacementy, Initial residual = 0, Final residual = 0, No Iterations 0
GAMG:  Solving for cellDisplacementz, Initial residual = 0, Final residual = 0, No Iterations 0
PIMPLE: iteration 1
DILUPBiCG:  Solving for Ux, Initial residual = 0.0375677, Final residual = 0.000155667, No Iterations 1
DILUPBiCG:  Solving for Uy, Initial residual = 0.00600265, Final residual = 1.46069e-05, No Iterations 1
DILUPBiCG:  Solving for Uz, Initial residual = 0.0170478, Final residual = 3.44534e-05, No Iterations 1
GAMG:  Solving for p, Initial residual = 0.129977, Final residual = 0.00117745, No Iterations 6
GAMG:  Solving for p, Initial residual = 0.0155455, Final residual = 0.000136744, No Iterations 20
GAMG:  Solving for p, Initial residual = 0.00662201, Final residual = 6.53729e-05, No Iterations 10
time step continuity errors : sum local = 7.72268e-07, global = 2.06431e-07, cumulative = 6.74568e-07
GAMG:  Solving for p, Initial residual = 0.053826, Final residual = 0.000377324, No Iterations 6
GAMG:  Solving for p, Initial residual = 0.00775213, Final residual = 7.45339e-05, No Iterations 16
GAMG:  Solving for p, Initial residual = 0.00336172, Final residual = 3.06336e-05, No Iterations 12
time step continuity errors : sum local = 3.59898e-07, global = 1.08429e-07, cumulative = 7.82997e-07
PIMPLE: iteration 2
DILUPBiCG:  Solving for Ux, Initial residual = 0.0113283, Final residual = 6.29377e-05, No Iterations 1
DILUPBiCG:  Solving for Uy, Initial residual = 0.0019177, Final residual = 4.81218e-06, No Iterations 1
DILUPBiCG:  Solving for Uz, Initial residual = 0.00451861, Final residual = 1.66347e-05, No Iterations 1
GAMG:  Solving for p, Initial residual = 0.0546488, Final residual = 0.000455582, No Iterations 4
GAMG:  Solving for p, Initial residual = 0.00885211, Final residual = 8.0897e-05, No Iterations 16
GAMG:  Solving for p, Initial residual = 0.00403725, Final residual = 3.9649e-05, No Iterations 8
time step continuity errors : sum local = 3.93444e-07, global = -1.05324e-07, cumulative = 6.77673e-07
GAMG:  Solving for p, Initial residual = 0.0278265, Final residual = 0.000194929, No Iterations 4
GAMG:  Solving for p, Initial residual = 0.00426685, Final residual = 3.64413e-05, No Iterations 14
GAMG:  Solving for p, Initial residual = 0.0018742, Final residual = 1.86072e-05, No Iterations 8
time step continuity errors : sum local = 1.85644e-07, global = -4.67503e-08, cumulative = 6.30922e-07
PIMPLE: iteration 3
DILUPBiCG:  Solving for Ux, Initial residual = 0.00291756, Final residual = 1.10982e-06, No Iterations 2
DILUPBiCG:  Solving for Uy, Initial residual = 0.000501426, Final residual = 7.27905e-06, No Iterations 1
DILUPBiCG:  Solving for Uz, Initial residual = 0.00588449, Final residual = 2.28369e-06, No Iterations 2
GAMG:  Solving for p, Initial residual = 0.0392192, Final residual = 0.000339368, No Iterations 5
GAMG:  Solving for p, Initial residual = 0.00902516, Final residual = 8.33527e-05, No Iterations 15
GAMG:  Solving for p, Initial residual = 0.00434911, Final residual = 3.66587e-05, No Iterations 10
time step continuity errors : sum local = 4.07703e-07, global = -1.06239e-07, cumulative = 5.24684e-07
GAMG:  Solving for p, Initial residual = 0.00261232, Final residual = 2.5054e-05, No Iterations 20
GAMG:  Solving for p, Initial residual = 0.00149439, Final residual = 1.32248e-05, No Iterations 4
GAMG:  Solving for p, Initial residual = 0.000572193, Final residual = 8.75854e-07, No Iterations 38
time step continuity errors : sum local = 9.71814e-09, global = 2.87705e-09, cumulative = 5.27561e-07
DILUPBiCG:  Solving for omega, Initial residual = 0.00111673, Final residual = 1.86363e-06, No Iterations 1
DILUPBiCG:  Solving for k, Initial residual = 0.00512125, Final residual = 1.80317e-06, No Iterations 2
ExecutionTime = 32.12 s  ClockTime = 32 s

End

