/*---------------------------------------------------------------------------*\
| =========                 |                                                 |
| \\      /  F ield         | OpenFOAM: The Open Source CFD Toolbox           |
|  \\    /   O peration     | Version:  2.3.1                                 |
|   \\  /    A nd           | Web:      www.OpenFOAM.org                      |
|    \\/     M anipulation  |                                                 |
\*---------------------------------------------------------------------------*/
Build  : 2.3.1-262087cdf8db
Exec   : pimpleDyMFoam
Date   : Jun 05 2023
Time   : 17:56:55
Host   : "jcosson-VirtualBox"
PID    : 7051
Case   : /home/jcosson/workspace/henersj_shootingdata/calcs/moderate_deformed/primal/56_intervals_05-06-23/sweep4/interval11
nProcs : 1
sigFpe : Enabling floating point exception trapping (FOAM_SIGFPE).
fileModificationChecking : Monitoring run-time modified files using timeStampMaster
allowSystemOperations : Allowing user-supplied system call operations

// * * * * * * * * * * * * * * * * * * * * * * * * * * * * * * * * * * * * * //
Create time

Create mesh for time = 0.418

Selecting dynamicFvMesh dynamicMotionSolverFvMesh
Selecting motion solver: displacementLaplacian
Selecting motion diffusion: quadratic
Selecting motion diffusion: quadratic
Selecting motion diffusion: inverseDistance

PIMPLE: no residual control data found. Calculations will employ 3 corrector loops

Reading field p

Reading field U

Reading/calculating face flux field phi

Selecting incompressible transport model Newtonian
Selecting turbulence model type RASModel
Selecting RAS turbulence model kOmegaSST
kOmegaSSTCoeffs
{
    alphaK1         0.85034;
    alphaK2         1;
    alphaOmega1     0.5;
    alphaOmega2     0.85616;
    gamma1          0.5532;
    gamma2          0.4403;
    beta1           0.075;
    beta2           0.0828;
    betaStar        0.09;
    a1              0.31;
    c1              10;
    Cmu             0.09;
    b1              1;
    F3              false;
}

Reading/calculating face velocity Uf

No finite volume options present

Courant Number mean: 0.148487 max: 0.321922

Starting time loop

Courant Number mean: 0.148487 max: 0.321922
Time = 0.419

GAMG:  Solving for cellDisplacementx, Initial residual = 0, Final residual = 0, No Iterations 0
GAMG:  Solving for cellDisplacementy, Initial residual = 0, Final residual = 0, No Iterations 0
GAMG:  Solving for cellDisplacementz, Initial residual = 0, Final residual = 0, No Iterations 0
PIMPLE: iteration 1
DILUPBiCG:  Solving for Ux, Initial residual = 0.063334, Final residual = 0.000227135, No Iterations 1
DILUPBiCG:  Solving for Uy, Initial residual = 0.011281, Final residual = 2.09284e-05, No Iterations 1
DILUPBiCG:  Solving for Uz, Initial residual = 0.0301599, Final residual = 3.93635e-05, No Iterations 1
GAMG:  Solving for p, Initial residual = 0.143557, Final residual = 0.00100234, No Iterations 6
GAMG:  Solving for p, Initial residual = 0.0174388, Final residual = 0.00016282, No Iterations 16
GAMG:  Solving for p, Initial residual = 0.00754513, Final residual = 6.56673e-05, No Iterations 10
time step continuity errors : sum local = 8.67972e-07, global = -2.25255e-07, cumulative = -2.25255e-07
GAMG:  Solving for p, Initial residual = 0.0605812, Final residual = 0.000572321, No Iterations 4
GAMG:  Solving for p, Initial residual = 0.00879889, Final residual = 8.0481e-05, No Iterations 16
GAMG:  Solving for p, Initial residual = 0.00396722, Final residual = 3.46212e-05, No Iterations 10
time step continuity errors : sum local = 4.58339e-07, global = -1.19488e-07, cumulative = -3.44743e-07
PIMPLE: iteration 2
DILUPBiCG:  Solving for Ux, Initial residual = 0.0175616, Final residual = 9.61629e-05, No Iterations 1
DILUPBiCG:  Solving for Uy, Initial residual = 0.00310909, Final residual = 7.20761e-06, No Iterations 1
DILUPBiCG:  Solving for Uz, Initial residual = 0.0052754, Final residual = 2.33713e-05, No Iterations 1
GAMG:  Solving for p, Initial residual = 0.06251, Final residual = 0.00042074, No Iterations 4
GAMG:  Solving for p, Initial residual = 0.0100739, Final residual = 9.17048e-05, No Iterations 14
GAMG:  Solving for p, Initial residual = 0.00464171, Final residual = 4.50321e-05, No Iterations 6
time step continuity errors : sum local = 5.09279e-07, global = 1.35601e-07, cumulative = -2.09142e-07
GAMG:  Solving for p, Initial residual = 0.0319274, Final residual = 0.000192847, No Iterations 4
GAMG:  Solving for p, Initial residual = 0.00512964, Final residual = 4.64086e-05, No Iterations 12
GAMG:  Solving for p, Initial residual = 0.00230437, Final residual = 2.24513e-05, No Iterations 6
time step continuity errors : sum local = 2.54828e-07, global = 6.54371e-08, cumulative = -1.43705e-07
PIMPLE: iteration 3
DILUPBiCG:  Solving for Ux, Initial residual = 0.00428846, Final residual = 1.57275e-06, No Iterations 2
DILUPBiCG:  Solving for Uy, Initial residual = 0.000782992, Final residual = 7.34492e-06, No Iterations 1
DILUPBiCG:  Solving for Uz, Initial residual = 0.0068866, Final residual = 2.40928e-06, No Iterations 2
GAMG:  Solving for p, Initial residual = 0.0375693, Final residual = 0.000359068, No Iterations 5
GAMG:  Solving for p, Initial residual = 0.00794507, Final residual = 7.39698e-05, No Iterations 17
GAMG:  Solving for p, Initial residual = 0.0038645, Final residual = 3.70626e-05, No Iterations 8
time step continuity errors : sum local = 4.74753e-07, global = 1.00517e-07, cumulative = -4.31875e-08
GAMG:  Solving for p, Initial residual = 0.00208661, Final residual = 1.87836e-05, No Iterations 14
GAMG:  Solving for p, Initial residual = 0.00113787, Final residual = 9.75962e-06, No Iterations 4
GAMG:  Solving for p, Initial residual = 0.000460082, Final residual = 9.49364e-07, No Iterations 24
time step continuity errors : sum local = 1.20892e-08, global = -3.46749e-09, cumulative = -4.6655e-08
DILUPBiCG:  Solving for omega, Initial residual = 0.00103845, Final residual = 9.85947e-07, No Iterations 1
DILUPBiCG:  Solving for k, Initial residual = 0.00408766, Final residual = 1.21455e-06, No Iterations 2
ExecutionTime = 17.31 s  ClockTime = 17 s

Courant Number mean: 0.153781 max: 0.332688
Time = 0.42

GAMG:  Solving for cellDisplacementx, Initial residual = 0, Final residual = 0, No Iterations 0
GAMG:  Solving for cellDisplacementy, Initial residual = 0, Final residual = 0, No Iterations 0
GAMG:  Solving for cellDisplacementz, Initial residual = 0, Final residual = 0, No Iterations 0
PIMPLE: iteration 1
DILUPBiCG:  Solving for Ux, Initial residual = 0.0629637, Final residual = 0.000222794, No Iterations 1
DILUPBiCG:  Solving for Uy, Initial residual = 0.0112728, Final residual = 2.16589e-05, No Iterations 1
DILUPBiCG:  Solving for Uz, Initial residual = 0.0297856, Final residual = 5.38954e-05, No Iterations 1
GAMG:  Solving for p, Initial residual = 0.130217, Final residual = 0.00104675, No Iterations 6
GAMG:  Solving for p, Initial residual = 0.0146656, Final residual = 0.000139727, No Iterations 20
GAMG:  Solving for p, Initial residual = 0.00661226, Final residual = 6.58639e-05, No Iterations 8
time step continuity errors : sum local = 9.05142e-07, global = -1.95818e-07, cumulative = -2.42473e-07
GAMG:  Solving for p, Initial residual = 0.0546265, Final residual = 0.000373572, No Iterations 6
GAMG:  Solving for p, Initial residual = 0.00733878, Final residual = 7.15614e-05, No Iterations 18
GAMG:  Solving for p, Initial residual = 0.00344582, Final residual = 2.86003e-05, No Iterations 10
time step continuity errors : sum local = 3.94221e-07, global = -1.00268e-07, cumulative = -3.42741e-07
PIMPLE: iteration 2
DILUPBiCG:  Solving for Ux, Initial residual = 0.0176657, Final residual = 9.48459e-05, No Iterations 1
DILUPBiCG:  Solving for Uy, Initial residual = 0.00308312, Final residual = 7.13258e-06, No Iterations 1
DILUPBiCG:  Solving for Uz, Initial residual = 0.0046319, Final residual = 1.57237e-05, No Iterations 1
GAMG:  Solving for p, Initial residual = 0.0561085, Final residual = 0.000442832, No Iterations 4
GAMG:  Solving for p, Initial residual = 0.00885143, Final residual = 8.12962e-05, No Iterations 16
GAMG:  Solving for p, Initial residual = 0.00433748, Final residual = 3.59973e-05, No Iterations 7
time step continuity errors : sum local = 4.23869e-07, global = -1.37843e-07, cumulative = -4.80583e-07
GAMG:  Solving for p, Initial residual = 0.0286365, Final residual = 0.000193306, No Iterations 4
GAMG:  Solving for p, Initial residual = 0.00449085, Final residual = 4.01709e-05, No Iterations 14
GAMG:  Solving for p, Initial residual = 0.00209787, Final residual = 1.91882e-05, No Iterations 7
time step continuity errors : sum local = 2.2716e-07, global = -8.46835e-08, cumulative = -5.65267e-07
PIMPLE: iteration 3
DILUPBiCG:  Solving for Ux, Initial residual = 0.00440471, Final residual = 1.58879e-06, No Iterations 2
DILUPBiCG:  Solving for Uy, Initial residual = 0.000763194, Final residual = 7.13885e-06, No Iterations 1
DILUPBiCG:  Solving for Uz, Initial residual = 0.0108599, Final residual = 3.45906e-06, No Iterations 2
GAMG:  Solving for p, Initial residual = 0.0369627, Final residual = 0.000314463, No Iterations 5
GAMG:  Solving for p, Initial residual = 0.00781486, Final residual = 6.93961e-05, No Iterations 17
GAMG:  Solving for p, Initial residual = 0.00374233, Final residual = 3.38844e-05, No Iterations 8
time step continuity errors : sum local = 4.51693e-07, global = 9.94423e-08, cumulative = -4.65825e-07
GAMG:  Solving for p, Initial residual = 0.00199417, Final residual = 1.83149e-05, No Iterations 16
GAMG:  Solving for p, Initial residual = 0.00112686, Final residual = 9.69684e-06, No Iterations 4
GAMG:  Solving for p, Initial residual = 0.000454596, Final residual = 9.50799e-07, No Iterations 22
time step continuity errors : sum local = 1.26143e-08, global = -3.51851e-09, cumulative = -4.69343e-07
DILUPBiCG:  Solving for omega, Initial residual = 0.000977694, Final residual = 9.46542e-07, No Iterations 1
DILUPBiCG:  Solving for k, Initial residual = 0.0041614, Final residual = 1.22537e-06, No Iterations 2
ExecutionTime = 32.17 s  ClockTime = 32 s

End

