/*---------------------------------------------------------------------------*\
| =========                 |                                                 |
| \\      /  F ield         | OpenFOAM: The Open Source CFD Toolbox           |
|  \\    /   O peration     | Version:  2.3.1                                 |
|   \\  /    A nd           | Web:      www.OpenFOAM.org                      |
|    \\/     M anipulation  |                                                 |
\*---------------------------------------------------------------------------*/
Build  : 2.3.1-262087cdf8db
Exec   : pimpleDyMFoam
Date   : Jun 05 2023
Time   : 17:56:55
Host   : "jcosson-VirtualBox"
PID    : 7038
Case   : /home/jcosson/workspace/henersj_shootingdata/calcs/moderate_deformed/primal/56_intervals_05-06-23/sweep4/interval7
nProcs : 1
sigFpe : Enabling floating point exception trapping (FOAM_SIGFPE).
fileModificationChecking : Monitoring run-time modified files using timeStampMaster
allowSystemOperations : Allowing user-supplied system call operations

// * * * * * * * * * * * * * * * * * * * * * * * * * * * * * * * * * * * * * //
Create time

Create mesh for time = 0.411

Selecting dynamicFvMesh dynamicMotionSolverFvMesh
Selecting motion solver: displacementLaplacian
Selecting motion diffusion: quadratic
Selecting motion diffusion: quadratic
Selecting motion diffusion: inverseDistance

PIMPLE: no residual control data found. Calculations will employ 3 corrector loops

Reading field p

Reading field U

Reading/calculating face flux field phi

Selecting incompressible transport model Newtonian
Selecting turbulence model type RASModel
Selecting RAS turbulence model kOmegaSST
kOmegaSSTCoeffs
{
    alphaK1         0.85034;
    alphaK2         1;
    alphaOmega1     0.5;
    alphaOmega2     0.85616;
    gamma1          0.5532;
    gamma2          0.4403;
    beta1           0.075;
    beta2           0.0828;
    betaStar        0.09;
    a1              0.31;
    c1              10;
    Cmu             0.09;
    b1              1;
    F3              false;
}

Reading/calculating face velocity Uf

No finite volume options present

Courant Number mean: 0.11692 max: 0.255556

Starting time loop

Courant Number mean: 0.11692 max: 0.255556
Time = 0.412

GAMG:  Solving for cellDisplacementx, Initial residual = 0, Final residual = 0, No Iterations 0
GAMG:  Solving for cellDisplacementy, Initial residual = 0, Final residual = 0, No Iterations 0
GAMG:  Solving for cellDisplacementz, Initial residual = 0, Final residual = 0, No Iterations 0
PIMPLE: iteration 1
DILUPBiCG:  Solving for Ux, Initial residual = 0.0510654, Final residual = 0.000190723, No Iterations 1
DILUPBiCG:  Solving for Uy, Initial residual = 0.0100696, Final residual = 1.83035e-05, No Iterations 1
DILUPBiCG:  Solving for Uz, Initial residual = 0.0260911, Final residual = 4.54597e-05, No Iterations 1
GAMG:  Solving for p, Initial residual = 0.158131, Final residual = 0.00125047, No Iterations 6
GAMG:  Solving for p, Initial residual = 0.0191816, Final residual = 0.000183723, No Iterations 18
GAMG:  Solving for p, Initial residual = 0.00828267, Final residual = 7.10719e-05, No Iterations 10
time step continuity errors : sum local = 6.80273e-07, global = -1.77611e-07, cumulative = -1.77611e-07
GAMG:  Solving for p, Initial residual = 0.0653037, Final residual = 0.00044148, No Iterations 6
GAMG:  Solving for p, Initial residual = 0.00966057, Final residual = 9.34546e-05, No Iterations 16
GAMG:  Solving for p, Initial residual = 0.00438786, Final residual = 3.82534e-05, No Iterations 10
time step continuity errors : sum local = 3.68241e-07, global = -9.59714e-08, cumulative = -2.73582e-07
PIMPLE: iteration 2
DILUPBiCG:  Solving for Ux, Initial residual = 0.0144735, Final residual = 8.9593e-05, No Iterations 1
DILUPBiCG:  Solving for Uy, Initial residual = 0.00275921, Final residual = 5.9855e-06, No Iterations 1
DILUPBiCG:  Solving for Uz, Initial residual = 0.00411621, Final residual = 1.67864e-05, No Iterations 1
GAMG:  Solving for p, Initial residual = 0.0674233, Final residual = 0.000312887, No Iterations 4
GAMG:  Solving for p, Initial residual = 0.0111166, Final residual = 0.00010963, No Iterations 12
GAMG:  Solving for p, Initial residual = 0.00542294, Final residual = 4.81615e-05, No Iterations 7
time step continuity errors : sum local = 4.01288e-07, global = -1.26092e-07, cumulative = -3.99674e-07
GAMG:  Solving for p, Initial residual = 0.0340717, Final residual = 0.000139531, No Iterations 4
GAMG:  Solving for p, Initial residual = 0.00573865, Final residual = 4.98583e-05, No Iterations 12
GAMG:  Solving for p, Initial residual = 0.00274357, Final residual = 2.62893e-05, No Iterations 5
time step continuity errors : sum local = 2.19897e-07, global = -7.66723e-08, cumulative = -4.76347e-07
PIMPLE: iteration 3
DILUPBiCG:  Solving for Ux, Initial residual = 0.00380535, Final residual = 1.62298e-06, No Iterations 2
DILUPBiCG:  Solving for Uy, Initial residual = 0.000723009, Final residual = 5.71967e-06, No Iterations 1
DILUPBiCG:  Solving for Uz, Initial residual = 0.00785534, Final residual = 2.66384e-06, No Iterations 2
GAMG:  Solving for p, Initial residual = 0.0385885, Final residual = 0.000380856, No Iterations 4
GAMG:  Solving for p, Initial residual = 0.00783017, Final residual = 7.02039e-05, No Iterations 18
GAMG:  Solving for p, Initial residual = 0.0038585, Final residual = 3.8449e-05, No Iterations 4
time step continuity errors : sum local = 3.61981e-07, global = 1.19609e-07, cumulative = -3.56737e-07
GAMG:  Solving for p, Initial residual = 0.00202145, Final residual = 1.71304e-05, No Iterations 6
GAMG:  Solving for p, Initial residual = 0.00106579, Final residual = 3.52699e-06, No Iterations 5
GAMG:  Solving for p, Initial residual = 0.000454247, Final residual = 3.64772e-07, No Iterations 7
time step continuity errors : sum local = 3.41041e-09, global = -3.89697e-10, cumulative = -3.57127e-07
DILUPBiCG:  Solving for omega, Initial residual = 0.0011214, Final residual = 8.87504e-07, No Iterations 1
DILUPBiCG:  Solving for k, Initial residual = 0.0036142, Final residual = 1.02401e-06, No Iterations 2
ExecutionTime = 14.8 s  ClockTime = 15 s

Courant Number mean: 0.120734 max: 0.263264
Time = 0.413

GAMG:  Solving for cellDisplacementx, Initial residual = 0, Final residual = 0, No Iterations 0
GAMG:  Solving for cellDisplacementy, Initial residual = 0, Final residual = 0, No Iterations 0
GAMG:  Solving for cellDisplacementz, Initial residual = 0, Final residual = 0, No Iterations 0
PIMPLE: iteration 1
DILUPBiCG:  Solving for Ux, Initial residual = 0.054402, Final residual = 0.000202251, No Iterations 1
DILUPBiCG:  Solving for Uy, Initial residual = 0.0104419, Final residual = 1.87261e-05, No Iterations 1
DILUPBiCG:  Solving for Uz, Initial residual = 0.0204273, Final residual = 2.50281e-05, No Iterations 1
GAMG:  Solving for p, Initial residual = 0.136432, Final residual = 0.00114001, No Iterations 6
GAMG:  Solving for p, Initial residual = 0.0148574, Final residual = 0.000134355, No Iterations 20
GAMG:  Solving for p, Initial residual = 0.00657251, Final residual = 6.46149e-05, No Iterations 4
time step continuity errors : sum local = 6.65953e-07, global = -2.60509e-07, cumulative = -6.17635e-07
GAMG:  Solving for p, Initial residual = 0.0565713, Final residual = 0.000394491, No Iterations 6
GAMG:  Solving for p, Initial residual = 0.0075181, Final residual = 6.64212e-05, No Iterations 18
GAMG:  Solving for p, Initial residual = 0.00342061, Final residual = 2.8103e-05, No Iterations 10
time step continuity errors : sum local = 2.90252e-07, global = -7.44064e-08, cumulative = -6.92042e-07
PIMPLE: iteration 2
DILUPBiCG:  Solving for Ux, Initial residual = 0.0152364, Final residual = 9.26784e-05, No Iterations 1
DILUPBiCG:  Solving for Uy, Initial residual = 0.00287189, Final residual = 6.31547e-06, No Iterations 1
DILUPBiCG:  Solving for Uz, Initial residual = 0.00443662, Final residual = 2.16145e-05, No Iterations 1
GAMG:  Solving for p, Initial residual = 0.0582702, Final residual = 0.000331583, No Iterations 4
GAMG:  Solving for p, Initial residual = 0.00834476, Final residual = 7.94739e-05, No Iterations 14
GAMG:  Solving for p, Initial residual = 0.00405999, Final residual = 3.57947e-05, No Iterations 8
time step continuity errors : sum local = 3.18645e-07, global = 9.13467e-08, cumulative = -6.00695e-07
GAMG:  Solving for p, Initial residual = 0.0294292, Final residual = 0.000150878, No Iterations 4
GAMG:  Solving for p, Initial residual = 0.00426462, Final residual = 4.05616e-05, No Iterations 12
GAMG:  Solving for p, Initial residual = 0.00201898, Final residual = 2.00997e-05, No Iterations 6
time step continuity errors : sum local = 1.79545e-07, global = 5.25447e-08, cumulative = -5.4815e-07
PIMPLE: iteration 3
DILUPBiCG:  Solving for Ux, Initial residual = 0.00388548, Final residual = 1.62254e-06, No Iterations 2
DILUPBiCG:  Solving for Uy, Initial residual = 0.000747912, Final residual = 6.11688e-06, No Iterations 1
DILUPBiCG:  Solving for Uz, Initial residual = 0.00620118, Final residual = 2.3508e-06, No Iterations 2
GAMG:  Solving for p, Initial residual = 0.0366695, Final residual = 0.000228847, No Iterations 6
GAMG:  Solving for p, Initial residual = 0.00750824, Final residual = 7.20032e-05, No Iterations 16
GAMG:  Solving for p, Initial residual = 0.00374048, Final residual = 3.35382e-05, No Iterations 8
time step continuity errors : sum local = 3.37305e-07, global = 6.83273e-08, cumulative = -4.79823e-07
GAMG:  Solving for p, Initial residual = 0.00196623, Final residual = 1.51789e-05, No Iterations 8
GAMG:  Solving for p, Initial residual = 0.00104987, Final residual = 7.31334e-06, No Iterations 5
GAMG:  Solving for p, Initial residual = 0.000440325, Final residual = 9.38183e-07, No Iterations 24
time step continuity errors : sum local = 9.35882e-09, global = -2.72179e-09, cumulative = -4.82545e-07
DILUPBiCG:  Solving for omega, Initial residual = 0.00106911, Final residual = 8.71293e-07, No Iterations 1
DILUPBiCG:  Solving for k, Initial residual = 0.00365289, Final residual = 1.0651e-06, No Iterations 2
ExecutionTime = 26.38 s  ClockTime = 26 s

End

