/*---------------------------------------------------------------------------*\
| =========                 |                                                 |
| \\      /  F ield         | OpenFOAM: The Open Source CFD Toolbox           |
|  \\    /   O peration     | Version:  2.3.1                                 |
|   \\  /    A nd           | Web:      www.OpenFOAM.org                      |
|    \\/     M anipulation  |                                                 |
\*---------------------------------------------------------------------------*/
Build  : 2.3.1-262087cdf8db
Exec   : pimpleDyMFoam
Date   : Jun 06 2023
Time   : 03:08:12
Host   : "jcosson-VirtualBox"
PID    : 19709
Case   : /home/jcosson/workspace/henersj_shootingdata/calcs/moderate_deformed/primal/100_intervals_05-06-23/sweep95/interval95
nProcs : 1
sigFpe : Enabling floating point exception trapping (FOAM_SIGFPE).
fileModificationChecking : Monitoring run-time modified files using timeStampMaster
allowSystemOperations : Allowing user-supplied system call operations

// * * * * * * * * * * * * * * * * * * * * * * * * * * * * * * * * * * * * * //
Create time

Create mesh for time = 0.494

Selecting dynamicFvMesh dynamicMotionSolverFvMesh
Selecting motion solver: displacementLaplacian
Selecting motion diffusion: quadratic
Selecting motion diffusion: quadratic
Selecting motion diffusion: inverseDistance

PIMPLE: no residual control data found. Calculations will employ 3 corrector loops

Reading field p

Reading field U

Reading/calculating face flux field phi

Selecting incompressible transport model Newtonian
Selecting turbulence model type RASModel
Selecting RAS turbulence model kOmegaSST
bounding k, min: 0 max: 0.000530846 average: 0.000144987
kOmegaSSTCoeffs
{
    alphaK1         0.85034;
    alphaK2         1;
    alphaOmega1     0.5;
    alphaOmega2     0.85616;
    gamma1          0.5532;
    gamma2          0.4403;
    beta1           0.075;
    beta2           0.0828;
    betaStar        0.09;
    a1              0.31;
    c1              10;
    Cmu             0.09;
    b1              1;
    F3              false;
}

Reading/calculating face velocity Uf

No finite volume options present

Courant Number mean: 0.104614 max: 0.22699

Starting time loop

Courant Number mean: 0.104614 max: 0.22699
Time = 0.495

GAMG:  Solving for cellDisplacementx, Initial residual = 0, Final residual = 0, No Iterations 0
GAMG:  Solving for cellDisplacementy, Initial residual = 0, Final residual = 0, No Iterations 0
GAMG:  Solving for cellDisplacementz, Initial residual = 0, Final residual = 0, No Iterations 0
PIMPLE: iteration 1
DILUPBiCG:  Solving for Ux, Initial residual = 0.0358854, Final residual = 0.00014215, No Iterations 1
DILUPBiCG:  Solving for Uy, Initial residual = 0.00757678, Final residual = 1.55371e-05, No Iterations 1
DILUPBiCG:  Solving for Uz, Initial residual = 0.00963799, Final residual = 1.18005e-05, No Iterations 1
GAMG:  Solving for p, Initial residual = 0.104162, Final residual = 0.0010366, No Iterations 3
GAMG:  Solving for p, Initial residual = 0.0138152, Final residual = 0.000134874, No Iterations 13
GAMG:  Solving for p, Initial residual = 0.00704395, Final residual = 6.2557e-05, No Iterations 10
time step continuity errors : sum local = 4.33376e-07, global = 1.13344e-07, cumulative = 1.13344e-07
GAMG:  Solving for p, Initial residual = 0.0489596, Final residual = 0.000477645, No Iterations 3
GAMG:  Solving for p, Initial residual = 0.00674508, Final residual = 6.15029e-05, No Iterations 13
GAMG:  Solving for p, Initial residual = 0.00354704, Final residual = 3.52721e-05, No Iterations 4
time step continuity errors : sum local = 2.46336e-07, global = 8.9913e-08, cumulative = 2.03257e-07
PIMPLE: iteration 2
DILUPBiCG:  Solving for Ux, Initial residual = 0.00873778, Final residual = 5.57282e-05, No Iterations 1
DILUPBiCG:  Solving for Uy, Initial residual = 0.00188924, Final residual = 3.87711e-06, No Iterations 1
DILUPBiCG:  Solving for Uz, Initial residual = 0.00294391, Final residual = 9.43942e-05, No Iterations 1
GAMG:  Solving for p, Initial residual = 0.046902, Final residual = 0.000321288, No Iterations 6
GAMG:  Solving for p, Initial residual = 0.013465, Final residual = 0.000128796, No Iterations 10
GAMG:  Solving for p, Initial residual = 0.00410762, Final residual = 3.55127e-05, No Iterations 16
time step continuity errors : sum local = 2.16878e-07, global = -6.45614e-08, cumulative = 1.38695e-07
GAMG:  Solving for p, Initial residual = 0.0249298, Final residual = 0.0002302, No Iterations 5
GAMG:  Solving for p, Initial residual = 0.00708931, Final residual = 6.97698e-05, No Iterations 8
GAMG:  Solving for p, Initial residual = 0.00200455, Final residual = 1.86779e-05, No Iterations 13
time step continuity errors : sum local = 1.14044e-07, global = -3.03352e-08, cumulative = 1.0836e-07
PIMPLE: iteration 3
DILUPBiCG:  Solving for Ux, Initial residual = 0.00159583, Final residual = 9.4068e-08, No Iterations 3
DILUPBiCG:  Solving for Uy, Initial residual = 0.000372385, Final residual = 9.41558e-06, No Iterations 1
DILUPBiCG:  Solving for Uz, Initial residual = 0.00296788, Final residual = 7.94406e-06, No Iterations 2
GAMG:  Solving for p, Initial residual = 0.0536938, Final residual = 0.000374464, No Iterations 5
GAMG:  Solving for p, Initial residual = 0.0116273, Final residual = 0.000113044, No Iterations 14
GAMG:  Solving for p, Initial residual = 0.00644851, Final residual = 6.01374e-05, No Iterations 10
time step continuity errors : sum local = 4.06329e-07, global = -1.11371e-07, cumulative = -3.01133e-09
GAMG:  Solving for p, Initial residual = 0.00277324, Final residual = 2.29681e-05, No Iterations 8
GAMG:  Solving for p, Initial residual = 0.001453, Final residual = 1.36158e-05, No Iterations 4
GAMG:  Solving for p, Initial residual = 0.000566349, Final residual = 9.76517e-07, No Iterations 23
time step continuity errors : sum local = 6.50413e-09, global = 2.13613e-09, cumulative = -8.75199e-10
DILUPBiCG:  Solving for omega, Initial residual = 0.00126109, Final residual = 6.70377e-07, No Iterations 1
DILUPBiCG:  Solving for k, Initial residual = 0.00310902, Final residual = 6.68025e-07, No Iterations 2
bounding k, min: 0 max: 0.000525459 average: 0.000144315
ExecutionTime = 7.12 s  ClockTime = 7 s

End

