/*---------------------------------------------------------------------------*\
| =========                 |                                                 |
| \\      /  F ield         | OpenFOAM: The Open Source CFD Toolbox           |
|  \\    /   O peration     | Version:  2.3.1                                 |
|   \\  /    A nd           | Web:      www.OpenFOAM.org                      |
|    \\/     M anipulation  |                                                 |
\*---------------------------------------------------------------------------*/
Build  : 2.3.1-262087cdf8db
Exec   : pimpleDyMFoam
Date   : Jun 06 2023
Time   : 02:52:21
Host   : "jcosson-VirtualBox"
PID    : 11821
Case   : /home/jcosson/workspace/henersj_shootingdata/calcs/moderate_deformed/primal/100_intervals_05-06-23/sweep78/interval96
nProcs : 1
sigFpe : Enabling floating point exception trapping (FOAM_SIGFPE).
fileModificationChecking : Monitoring run-time modified files using timeStampMaster
allowSystemOperations : Allowing user-supplied system call operations

// * * * * * * * * * * * * * * * * * * * * * * * * * * * * * * * * * * * * * //
Create time

Create mesh for time = 0.495

Selecting dynamicFvMesh dynamicMotionSolverFvMesh
Selecting motion solver: displacementLaplacian
Selecting motion diffusion: quadratic
Selecting motion diffusion: quadratic
Selecting motion diffusion: inverseDistance

PIMPLE: no residual control data found. Calculations will employ 3 corrector loops

Reading field p

Reading field U

Reading/calculating face flux field phi

Selecting incompressible transport model Newtonian
Selecting turbulence model type RASModel
Selecting RAS turbulence model kOmegaSST
bounding k, min: 0 max: 0.000525651 average: 0.000145025
kOmegaSSTCoeffs
{
    alphaK1         0.85034;
    alphaK2         1;
    alphaOmega1     0.5;
    alphaOmega2     0.85616;
    gamma1          0.5532;
    gamma2          0.4403;
    beta1           0.075;
    beta2           0.0828;
    betaStar        0.09;
    a1              0.31;
    c1              10;
    Cmu             0.09;
    b1              1;
    F3              false;
}

Reading/calculating face velocity Uf

No finite volume options present

Courant Number mean: 0.102818 max: 0.221806

Starting time loop

Courant Number mean: 0.102818 max: 0.221806
Time = 0.496

GAMG:  Solving for cellDisplacementx, Initial residual = 0, Final residual = 0, No Iterations 0
GAMG:  Solving for cellDisplacementy, Initial residual = 0, Final residual = 0, No Iterations 0
GAMG:  Solving for cellDisplacementz, Initial residual = 0, Final residual = 0, No Iterations 0
PIMPLE: iteration 1
DILUPBiCG:  Solving for Ux, Initial residual = 0.0309285, Final residual = 0.00012193, No Iterations 1
DILUPBiCG:  Solving for Uy, Initial residual = 0.00663813, Final residual = 1.34501e-05, No Iterations 1
DILUPBiCG:  Solving for Uz, Initial residual = 0.00920085, Final residual = 1.23302e-05, No Iterations 1
GAMG:  Solving for p, Initial residual = 0.10277, Final residual = 0.00043843, No Iterations 4
GAMG:  Solving for p, Initial residual = 0.0136836, Final residual = 0.000111327, No Iterations 10
GAMG:  Solving for p, Initial residual = 0.00654022, Final residual = 5.22578e-05, No Iterations 4
time step continuity errors : sum local = 3.12825e-07, global = 1.16872e-07, cumulative = 1.16872e-07
GAMG:  Solving for p, Initial residual = 0.0490585, Final residual = 0.00020979, No Iterations 4
GAMG:  Solving for p, Initial residual = 0.0066317, Final residual = 6.1707e-05, No Iterations 10
GAMG:  Solving for p, Initial residual = 0.00328805, Final residual = 3.20925e-05, No Iterations 4
time step continuity errors : sum local = 1.93293e-07, global = 7.36472e-08, cumulative = 1.90519e-07
PIMPLE: iteration 2
DILUPBiCG:  Solving for Ux, Initial residual = 0.00738789, Final residual = 4.68155e-05, No Iterations 1
DILUPBiCG:  Solving for Uy, Initial residual = 0.00161597, Final residual = 3.2995e-06, No Iterations 1
DILUPBiCG:  Solving for Uz, Initial residual = 0.00292592, Final residual = 0.000164869, No Iterations 1
GAMG:  Solving for p, Initial residual = 0.0467661, Final residual = 0.000340587, No Iterations 6
GAMG:  Solving for p, Initial residual = 0.0151731, Final residual = 0.000131234, No Iterations 10
GAMG:  Solving for p, Initial residual = 0.00454823, Final residual = 4.31401e-05, No Iterations 14
time step continuity errors : sum local = 2.26996e-07, global = -6.7862e-08, cumulative = 1.22657e-07
GAMG:  Solving for p, Initial residual = 0.0249096, Final residual = 0.000240232, No Iterations 5
GAMG:  Solving for p, Initial residual = 0.00801576, Final residual = 6.60318e-05, No Iterations 9
GAMG:  Solving for p, Initial residual = 0.00223394, Final residual = 2.10413e-05, No Iterations 14
time step continuity errors : sum local = 1.10651e-07, global = -3.23295e-08, cumulative = 9.03273e-08
PIMPLE: iteration 3
DILUPBiCG:  Solving for Ux, Initial residual = 0.00126343, Final residual = 2.18385e-06, No Iterations 2
DILUPBiCG:  Solving for Uy, Initial residual = 0.000302369, Final residual = 9.59822e-08, No Iterations 2
DILUPBiCG:  Solving for Uz, Initial residual = 0.00254524, Final residual = 2.42757e-06, No Iterations 2
GAMG:  Solving for p, Initial residual = 0.0566339, Final residual = 0.000394979, No Iterations 5
GAMG:  Solving for p, Initial residual = 0.0120556, Final residual = 0.000119825, No Iterations 14
GAMG:  Solving for p, Initial residual = 0.00705361, Final residual = 6.30087e-05, No Iterations 10
time step continuity errors : sum local = 3.65183e-07, global = -1.0176e-07, cumulative = -1.14328e-08
GAMG:  Solving for p, Initial residual = 0.00289844, Final residual = 2.35277e-05, No Iterations 8
GAMG:  Solving for p, Initial residual = 0.00147894, Final residual = 1.46519e-05, No Iterations 4
GAMG:  Solving for p, Initial residual = 0.000552725, Final residual = 9.64944e-07, No Iterations 27
time step continuity errors : sum local = 5.50856e-09, global = 1.70888e-09, cumulative = -9.72394e-09
DILUPBiCG:  Solving for omega, Initial residual = 0.00127575, Final residual = 6.72802e-07, No Iterations 1
DILUPBiCG:  Solving for k, Initial residual = 0.00311231, Final residual = 6.6951e-07, No Iterations 2
bounding k, min: 0 max: 0.000520302 average: 0.00014436
ExecutionTime = 9.73 s  ClockTime = 10 s

End

