/*---------------------------------------------------------------------------*\
| =========                 |                                                 |
| \\      /  F ield         | OpenFOAM: The Open Source CFD Toolbox           |
|  \\    /   O peration     | Version:  2.3.1                                 |
|   \\  /    A nd           | Web:      www.OpenFOAM.org                      |
|    \\/     M anipulation  |                                                 |
\*---------------------------------------------------------------------------*/
Build  : 2.3.1-262087cdf8db
Exec   : pimpleDyMFoam
Date   : Jun 06 2023
Time   : 02:52:21
Host   : "jcosson-VirtualBox"
PID    : 11819
Case   : /home/jcosson/workspace/henersj_shootingdata/calcs/moderate_deformed/primal/100_intervals_05-06-23/sweep78/interval95
nProcs : 1
sigFpe : Enabling floating point exception trapping (FOAM_SIGFPE).
fileModificationChecking : Monitoring run-time modified files using timeStampMaster
allowSystemOperations : Allowing user-supplied system call operations

// * * * * * * * * * * * * * * * * * * * * * * * * * * * * * * * * * * * * * //
Create time

Create mesh for time = 0.494

Selecting dynamicFvMesh dynamicMotionSolverFvMesh
Selecting motion solver: displacementLaplacian
Selecting motion diffusion: quadratic
Selecting motion diffusion: quadratic
Selecting motion diffusion: inverseDistance

PIMPLE: no residual control data found. Calculations will employ 3 corrector loops

Reading field p

Reading field U

Reading/calculating face flux field phi

Selecting incompressible transport model Newtonian
Selecting turbulence model type RASModel
Selecting RAS turbulence model kOmegaSST
bounding k, min: 0 max: 0.000532346 average: 0.000145649
kOmegaSSTCoeffs
{
    alphaK1         0.85034;
    alphaK2         1;
    alphaOmega1     0.5;
    alphaOmega2     0.85616;
    gamma1          0.5532;
    gamma2          0.4403;
    beta1           0.075;
    beta2           0.0828;
    betaStar        0.09;
    a1              0.31;
    c1              10;
    Cmu             0.09;
    b1              1;
    F3              false;
}

Reading/calculating face velocity Uf

No finite volume options present

Courant Number mean: 0.10473 max: 0.225915

Starting time loop

Courant Number mean: 0.10473 max: 0.225915
Time = 0.495

GAMG:  Solving for cellDisplacementx, Initial residual = 0, Final residual = 0, No Iterations 0
GAMG:  Solving for cellDisplacementy, Initial residual = 0, Final residual = 0, No Iterations 0
GAMG:  Solving for cellDisplacementz, Initial residual = 0, Final residual = 0, No Iterations 0
PIMPLE: iteration 1
DILUPBiCG:  Solving for Ux, Initial residual = 0.0358041, Final residual = 0.000140941, No Iterations 1
DILUPBiCG:  Solving for Uy, Initial residual = 0.00759181, Final residual = 1.54567e-05, No Iterations 1
DILUPBiCG:  Solving for Uz, Initial residual = 0.00976413, Final residual = 1.12153e-05, No Iterations 1
GAMG:  Solving for p, Initial residual = 0.105016, Final residual = 0.000422279, No Iterations 4
GAMG:  Solving for p, Initial residual = 0.0143566, Final residual = 0.000123478, No Iterations 14
GAMG:  Solving for p, Initial residual = 0.00739055, Final residual = 5.67315e-05, No Iterations 4
time step continuity errors : sum local = 3.91813e-07, global = 1.45953e-07, cumulative = 1.45953e-07
GAMG:  Solving for p, Initial residual = 0.0493891, Final residual = 0.000190613, No Iterations 4
GAMG:  Solving for p, Initial residual = 0.00697306, Final residual = 5.89946e-05, No Iterations 14
GAMG:  Solving for p, Initial residual = 0.00370235, Final residual = 2.87027e-05, No Iterations 4
time step continuity errors : sum local = 1.99922e-07, global = 7.40254e-08, cumulative = 2.19979e-07
PIMPLE: iteration 2
DILUPBiCG:  Solving for Ux, Initial residual = 0.00873192, Final residual = 5.49477e-05, No Iterations 1
DILUPBiCG:  Solving for Uy, Initial residual = 0.00189308, Final residual = 3.8512e-06, No Iterations 1
DILUPBiCG:  Solving for Uz, Initial residual = 0.00287329, Final residual = 0.000266453, No Iterations 1
GAMG:  Solving for p, Initial residual = 0.04729, Final residual = 0.000325706, No Iterations 6
GAMG:  Solving for p, Initial residual = 0.0134574, Final residual = 0.000113914, No Iterations 12
GAMG:  Solving for p, Initial residual = 0.00425523, Final residual = 3.73175e-05, No Iterations 14
time step continuity errors : sum local = 2.27139e-07, global = -6.9439e-08, cumulative = 1.5054e-07
GAMG:  Solving for p, Initial residual = 0.0252355, Final residual = 0.000237692, No Iterations 5
GAMG:  Solving for p, Initial residual = 0.00708391, Final residual = 6.7196e-05, No Iterations 7
GAMG:  Solving for p, Initial residual = 0.00206456, Final residual = 1.76548e-05, No Iterations 16
time step continuity errors : sum local = 1.07636e-07, global = -3.22732e-08, cumulative = 1.18266e-07
PIMPLE: iteration 3
DILUPBiCG:  Solving for Ux, Initial residual = 0.00159636, Final residual = 8.94589e-08, No Iterations 3
DILUPBiCG:  Solving for Uy, Initial residual = 0.000377186, Final residual = 9.4847e-06, No Iterations 1
DILUPBiCG:  Solving for Uz, Initial residual = 0.00303679, Final residual = 1.54231e-07, No Iterations 3
GAMG:  Solving for p, Initial residual = 0.0536501, Final residual = 0.000374787, No Iterations 5
GAMG:  Solving for p, Initial residual = 0.0116549, Final residual = 0.000112763, No Iterations 14
GAMG:  Solving for p, Initial residual = 0.00637111, Final residual = 6.01222e-05, No Iterations 10
time step continuity errors : sum local = 4.05263e-07, global = -1.10466e-07, cumulative = 7.80046e-09
GAMG:  Solving for p, Initial residual = 0.00278423, Final residual = 2.27567e-05, No Iterations 8
GAMG:  Solving for p, Initial residual = 0.00146689, Final residual = 1.36313e-05, No Iterations 4
GAMG:  Solving for p, Initial residual = 0.000583882, Final residual = 9.83402e-07, No Iterations 23
time step continuity errors : sum local = 6.53624e-09, global = 2.13987e-09, cumulative = 9.94032e-09
DILUPBiCG:  Solving for omega, Initial residual = 0.0012653, Final residual = 6.77599e-07, No Iterations 1
DILUPBiCG:  Solving for k, Initial residual = 0.00314768, Final residual = 6.54402e-07, No Iterations 2
bounding k, min: 0 max: 0.000525679 average: 0.000144962
ExecutionTime = 10.56 s  ClockTime = 11 s

End

