/*---------------------------------------------------------------------------*\
| =========                 |                                                 |
| \\      /  F ield         | OpenFOAM: The Open Source CFD Toolbox           |
|  \\    /   O peration     | Version:  2.3.1                                 |
|   \\  /    A nd           | Web:      www.OpenFOAM.org                      |
|    \\/     M anipulation  |                                                 |
\*---------------------------------------------------------------------------*/
Build  : 2.3.1-262087cdf8db
Exec   : pimpleDyMFoam
Date   : Jun 06 2023
Time   : 02:39:07
Host   : "jcosson-VirtualBox"
PID    : 5365
Case   : /home/jcosson/workspace/henersj_shootingdata/calcs/moderate_deformed/primal/100_intervals_05-06-23/sweep69/interval70
nProcs : 1
sigFpe : Enabling floating point exception trapping (FOAM_SIGFPE).
fileModificationChecking : Monitoring run-time modified files using timeStampMaster
allowSystemOperations : Allowing user-supplied system call operations

// * * * * * * * * * * * * * * * * * * * * * * * * * * * * * * * * * * * * * //
Create time

Create mesh for time = 0.469

Selecting dynamicFvMesh dynamicMotionSolverFvMesh
Selecting motion solver: displacementLaplacian
Selecting motion diffusion: quadratic
Selecting motion diffusion: quadratic
Selecting motion diffusion: inverseDistance

PIMPLE: no residual control data found. Calculations will employ 3 corrector loops

Reading field p

Reading field U

Reading/calculating face flux field phi

Selecting incompressible transport model Newtonian
Selecting turbulence model type RASModel
Selecting RAS turbulence model kOmegaSST
kOmegaSSTCoeffs
{
    alphaK1         0.85034;
    alphaK2         1;
    alphaOmega1     0.5;
    alphaOmega2     0.85616;
    gamma1          0.5532;
    gamma2          0.4403;
    beta1           0.075;
    beta2           0.0828;
    betaStar        0.09;
    a1              0.31;
    c1              10;
    Cmu             0.09;
    b1              1;
    F3              false;
}

Reading/calculating face velocity Uf

No finite volume options present

Courant Number mean: 0.222445 max: 0.49425

Starting time loop

Courant Number mean: 0.222445 max: 0.49425
Time = 0.47

GAMG:  Solving for cellDisplacementx, Initial residual = 0, Final residual = 0, No Iterations 0
GAMG:  Solving for cellDisplacementy, Initial residual = 0, Final residual = 0, No Iterations 0
GAMG:  Solving for cellDisplacementz, Initial residual = 0, Final residual = 0, No Iterations 0
PIMPLE: iteration 1
DILUPBiCG:  Solving for Ux, Initial residual = 0.0470523, Final residual = 0.00019376, No Iterations 1
DILUPBiCG:  Solving for Uy, Initial residual = 0.00766452, Final residual = 1.80232e-05, No Iterations 1
DILUPBiCG:  Solving for Uz, Initial residual = 0.0129986, Final residual = 2.91756e-05, No Iterations 1
GAMG:  Solving for p, Initial residual = 0.130969, Final residual = 0.0010448, No Iterations 6
GAMG:  Solving for p, Initial residual = 0.0152355, Final residual = 0.000151655, No Iterations 18
GAMG:  Solving for p, Initial residual = 0.00657103, Final residual = 6.01243e-05, No Iterations 12
time step continuity errors : sum local = 8.35174e-07, global = 2.5155e-07, cumulative = 2.5155e-07
GAMG:  Solving for p, Initial residual = 0.055098, Final residual = 0.000349752, No Iterations 6
GAMG:  Solving for p, Initial residual = 0.0076821, Final residual = 7.25323e-05, No Iterations 16
GAMG:  Solving for p, Initial residual = 0.00341664, Final residual = 2.98552e-05, No Iterations 12
time step continuity errors : sum local = 4.14178e-07, global = 1.23961e-07, cumulative = 3.7551e-07
PIMPLE: iteration 2
DILUPBiCG:  Solving for Ux, Initial residual = 0.0138629, Final residual = 7.79088e-05, No Iterations 1
DILUPBiCG:  Solving for Uy, Initial residual = 0.0023812, Final residual = 5.57424e-06, No Iterations 1
DILUPBiCG:  Solving for Uz, Initial residual = 0.00368986, Final residual = 1.18495e-05, No Iterations 1
GAMG:  Solving for p, Initial residual = 0.0556701, Final residual = 0.000469223, No Iterations 4
GAMG:  Solving for p, Initial residual = 0.00906453, Final residual = 8.40132e-05, No Iterations 16
GAMG:  Solving for p, Initial residual = 0.00414927, Final residual = 3.91892e-05, No Iterations 8
time step continuity errors : sum local = 4.62056e-07, global = -1.41871e-07, cumulative = 2.33639e-07
GAMG:  Solving for p, Initial residual = 0.0285596, Final residual = 0.000202934, No Iterations 4
GAMG:  Solving for p, Initial residual = 0.00447684, Final residual = 3.84319e-05, No Iterations 14
GAMG:  Solving for p, Initial residual = 0.00194606, Final residual = 1.85291e-05, No Iterations 8
time step continuity errors : sum local = 2.19693e-07, global = -6.22598e-08, cumulative = 1.7138e-07
PIMPLE: iteration 3
DILUPBiCG:  Solving for Ux, Initial residual = 0.00348023, Final residual = 1.48122e-06, No Iterations 2
DILUPBiCG:  Solving for Uy, Initial residual = 0.000596587, Final residual = 6.93012e-06, No Iterations 1
DILUPBiCG:  Solving for Uz, Initial residual = 0.00701632, Final residual = 2.5264e-06, No Iterations 2
GAMG:  Solving for p, Initial residual = 0.0403751, Final residual = 0.000324428, No Iterations 5
GAMG:  Solving for p, Initial residual = 0.00906873, Final residual = 7.75926e-05, No Iterations 15
GAMG:  Solving for p, Initial residual = 0.00438818, Final residual = 4.34504e-05, No Iterations 8
time step continuity errors : sum local = 5.74555e-07, global = -1.29299e-07, cumulative = 4.20809e-08
GAMG:  Solving for p, Initial residual = 0.00249039, Final residual = 2.44351e-05, No Iterations 18
GAMG:  Solving for p, Initial residual = 0.00138005, Final residual = 1.3461e-05, No Iterations 4
GAMG:  Solving for p, Initial residual = 0.000549176, Final residual = 8.84982e-07, No Iterations 38
time step continuity errors : sum local = 1.16594e-08, global = 3.44862e-09, cumulative = 4.55296e-08
DILUPBiCG:  Solving for omega, Initial residual = 0.000482925, Final residual = 6.28381e-07, No Iterations 1
DILUPBiCG:  Solving for k, Initial residual = 0.00474574, Final residual = 1.60092e-06, No Iterations 2
ExecutionTime = 18.88 s  ClockTime = 19 s

End

