/*---------------------------------------------------------------------------*\
| =========                 |                                                 |
| \\      /  F ield         | OpenFOAM: The Open Source CFD Toolbox           |
|  \\    /   O peration     | Version:  2.3.1                                 |
|   \\  /    A nd           | Web:      www.OpenFOAM.org                      |
|    \\/     M anipulation  |                                                 |
\*---------------------------------------------------------------------------*/
Build  : 2.3.1-262087cdf8db
Exec   : pimpleDyMFoam
Date   : Jun 06 2023
Time   : 01:37:15
Host   : "jcosson-VirtualBox"
PID    : 6286
Case   : /home/jcosson/workspace/henersj_shootingdata/calcs/moderate_deformed/primal/100_intervals_05-06-23/sweep40/interval40
nProcs : 1
sigFpe : Enabling floating point exception trapping (FOAM_SIGFPE).
fileModificationChecking : Monitoring run-time modified files using timeStampMaster
allowSystemOperations : Allowing user-supplied system call operations

// * * * * * * * * * * * * * * * * * * * * * * * * * * * * * * * * * * * * * //
Create time

Create mesh for time = 0.439

Selecting dynamicFvMesh dynamicMotionSolverFvMesh
Selecting motion solver: displacementLaplacian
Selecting motion diffusion: quadratic
Selecting motion diffusion: quadratic
Selecting motion diffusion: inverseDistance

PIMPLE: no residual control data found. Calculations will employ 3 corrector loops

Reading field p

Reading field U

Reading/calculating face flux field phi

Selecting incompressible transport model Newtonian
Selecting turbulence model type RASModel
Selecting RAS turbulence model kOmegaSST
kOmegaSSTCoeffs
{
    alphaK1         0.85034;
    alphaK2         1;
    alphaOmega1     0.5;
    alphaOmega2     0.85616;
    gamma1          0.5532;
    gamma2          0.4403;
    beta1           0.075;
    beta2           0.0828;
    betaStar        0.09;
    a1              0.31;
    c1              10;
    Cmu             0.09;
    b1              1;
    F3              false;
}

Reading/calculating face velocity Uf

No finite volume options present

Courant Number mean: 0.258865 max: 0.569311

Starting time loop

Courant Number mean: 0.258865 max: 0.569311
Time = 0.44

GAMG:  Solving for cellDisplacementx, Initial residual = 0, Final residual = 0, No Iterations 0
GAMG:  Solving for cellDisplacementy, Initial residual = 0, Final residual = 0, No Iterations 0
GAMG:  Solving for cellDisplacementz, Initial residual = 0, Final residual = 0, No Iterations 0
PIMPLE: iteration 1
DILUPBiCG:  Solving for Ux, Initial residual = 0.0299231, Final residual = 9.8972e-05, No Iterations 1
DILUPBiCG:  Solving for Uy, Initial residual = 0.00468282, Final residual = 1.25415e-05, No Iterations 1
DILUPBiCG:  Solving for Uz, Initial residual = 0.0111898, Final residual = 1.9356e-05, No Iterations 1
GAMG:  Solving for p, Initial residual = 0.116269, Final residual = 0.000879268, No Iterations 4
GAMG:  Solving for p, Initial residual = 0.0162956, Final residual = 0.000161416, No Iterations 14
GAMG:  Solving for p, Initial residual = 0.00711013, Final residual = 6.29305e-05, No Iterations 12
time step continuity errors : sum local = 6.5914e-07, global = -1.97237e-07, cumulative = -1.97237e-07
GAMG:  Solving for p, Initial residual = 0.0518126, Final residual = 0.000338525, No Iterations 4
GAMG:  Solving for p, Initial residual = 0.0079646, Final residual = 6.83682e-05, No Iterations 14
GAMG:  Solving for p, Initial residual = 0.00356736, Final residual = 3.3361e-05, No Iterations 10
time step continuity errors : sum local = 3.50403e-07, global = -9.4648e-08, cumulative = -2.91885e-07
PIMPLE: iteration 2
DILUPBiCG:  Solving for Ux, Initial residual = 0.00839711, Final residual = 3.22569e-05, No Iterations 1
DILUPBiCG:  Solving for Uy, Initial residual = 0.001346, Final residual = 6.27053e-06, No Iterations 1
DILUPBiCG:  Solving for Uz, Initial residual = 0.00280721, Final residual = 8.98464e-06, No Iterations 1
GAMG:  Solving for p, Initial residual = 0.0516311, Final residual = 0.000495902, No Iterations 5
GAMG:  Solving for p, Initial residual = 0.0121477, Final residual = 0.000120481, No Iterations 11
GAMG:  Solving for p, Initial residual = 0.00453583, Final residual = 3.99933e-05, No Iterations 14
time step continuity errors : sum local = 3.57464e-07, global = 1.10198e-07, cumulative = -1.81687e-07
GAMG:  Solving for p, Initial residual = 0.0271911, Final residual = 0.000250893, No Iterations 4
GAMG:  Solving for p, Initial residual = 0.00582439, Final residual = 5.34378e-05, No Iterations 12
GAMG:  Solving for p, Initial residual = 0.00214233, Final residual = 2.08099e-05, No Iterations 12
time step continuity errors : sum local = 1.87148e-07, global = 5.42341e-08, cumulative = -1.27453e-07
PIMPLE: iteration 3
DILUPBiCG:  Solving for Ux, Initial residual = 0.00186398, Final residual = 7.28487e-07, No Iterations 2
DILUPBiCG:  Solving for Uy, Initial residual = 0.000304822, Final residual = 8.94154e-06, No Iterations 1
DILUPBiCG:  Solving for Uz, Initial residual = 0.00502132, Final residual = 4.22785e-06, No Iterations 2
GAMG:  Solving for p, Initial residual = 0.0465722, Final residual = 0.000377076, No Iterations 5
GAMG:  Solving for p, Initial residual = 0.0125099, Final residual = 0.000121183, No Iterations 10
GAMG:  Solving for p, Initial residual = 0.00537039, Final residual = 4.9166e-05, No Iterations 12
time step continuity errors : sum local = 4.89425e-07, global = 1.4518e-07, cumulative = 1.77274e-08
GAMG:  Solving for p, Initial residual = 0.00327587, Final residual = 3.01405e-05, No Iterations 16
GAMG:  Solving for p, Initial residual = 0.00194122, Final residual = 1.55431e-05, No Iterations 4
GAMG:  Solving for p, Initial residual = 0.000665308, Final residual = 8.82048e-07, No Iterations 40
time step continuity errors : sum local = 8.74535e-09, global = -2.58702e-09, cumulative = 1.51404e-08
DILUPBiCG:  Solving for omega, Initial residual = 0.0010999, Final residual = 1.32506e-06, No Iterations 1
DILUPBiCG:  Solving for k, Initial residual = 0.00640308, Final residual = 1.28742e-06, No Iterations 2
ExecutionTime = 17.44 s  ClockTime = 18 s

End

