/*---------------------------------------------------------------------------*\
| =========                 |                                                 |
| \\      /  F ield         | OpenFOAM: The Open Source CFD Toolbox           |
|  \\    /   O peration     | Version:  2.3.1                                 |
|   \\  /    A nd           | Web:      www.OpenFOAM.org                      |
|    \\/     M anipulation  |                                                 |
\*---------------------------------------------------------------------------*/
Build  : 2.3.1-262087cdf8db
Exec   : pimpleDyMFoam
Date   : Jun 05 2023
Time   : 18:17:21
Host   : "jcosson-VirtualBox"
PID    : 13680
Case   : /home/jcosson/workspace/henersj_shootingdata/calcs/moderate_deformed/primal/56_intervals_05-06-23/sweep10/interval34
nProcs : 1
sigFpe : Enabling floating point exception trapping (FOAM_SIGFPE).
fileModificationChecking : Monitoring run-time modified files using timeStampMaster
allowSystemOperations : Allowing user-supplied system call operations

// * * * * * * * * * * * * * * * * * * * * * * * * * * * * * * * * * * * * * //
Create time

Create mesh for time = 0.459

Selecting dynamicFvMesh dynamicMotionSolverFvMesh
Selecting motion solver: displacementLaplacian
Selecting motion diffusion: quadratic
Selecting motion diffusion: quadratic
Selecting motion diffusion: inverseDistance

PIMPLE: no residual control data found. Calculations will employ 3 corrector loops

Reading field p

Reading field U

Reading/calculating face flux field phi

Selecting incompressible transport model Newtonian
Selecting turbulence model type RASModel
Selecting RAS turbulence model kOmegaSST
kOmegaSSTCoeffs
{
    alphaK1         0.85034;
    alphaK2         1;
    alphaOmega1     0.5;
    alphaOmega2     0.85616;
    gamma1          0.5532;
    gamma2          0.4403;
    beta1           0.075;
    beta2           0.0828;
    betaStar        0.09;
    a1              0.31;
    c1              10;
    Cmu             0.09;
    b1              1;
    F3              false;
}

Reading/calculating face velocity Uf

No finite volume options present

Courant Number mean: 0.265596 max: 0.591127

Starting time loop

Courant Number mean: 0.265596 max: 0.591127
Time = 0.46

GAMG:  Solving for cellDisplacementx, Initial residual = 0, Final residual = 0, No Iterations 0
GAMG:  Solving for cellDisplacementy, Initial residual = 0, Final residual = 0, No Iterations 0
GAMG:  Solving for cellDisplacementz, Initial residual = 0, Final residual = 0, No Iterations 0
PIMPLE: iteration 1
DILUPBiCG:  Solving for Ux, Initial residual = 0.0221165, Final residual = 8.75461e-05, No Iterations 1
DILUPBiCG:  Solving for Uy, Initial residual = 0.00352104, Final residual = 8.36398e-06, No Iterations 1
DILUPBiCG:  Solving for Uz, Initial residual = 0.0151696, Final residual = 4.2921e-05, No Iterations 1
GAMG:  Solving for p, Initial residual = 0.164337, Final residual = 0.00142735, No Iterations 6
GAMG:  Solving for p, Initial residual = 0.0205225, Final residual = 0.000189532, No Iterations 18
GAMG:  Solving for p, Initial residual = 0.00835613, Final residual = 7.38211e-05, No Iterations 12
time step continuity errors : sum local = 5.85692e-07, global = 1.76796e-07, cumulative = 1.76796e-07
GAMG:  Solving for p, Initial residual = 0.0661305, Final residual = 0.000450452, No Iterations 6
GAMG:  Solving for p, Initial residual = 0.0101945, Final residual = 8.88274e-05, No Iterations 16
GAMG:  Solving for p, Initial residual = 0.00434139, Final residual = 3.56777e-05, No Iterations 12
time step continuity errors : sum local = 2.81406e-07, global = 8.42378e-08, cumulative = 2.61034e-07
PIMPLE: iteration 2
DILUPBiCG:  Solving for Ux, Initial residual = 0.00706856, Final residual = 3.13953e-05, No Iterations 1
DILUPBiCG:  Solving for Uy, Initial residual = 0.00117912, Final residual = 3.59175e-06, No Iterations 1
DILUPBiCG:  Solving for Uz, Initial residual = 0.00410525, Final residual = 1.36762e-05, No Iterations 1
GAMG:  Solving for p, Initial residual = 0.0681891, Final residual = 0.000381977, No Iterations 4
GAMG:  Solving for p, Initial residual = 0.0113558, Final residual = 0.000113001, No Iterations 12
GAMG:  Solving for p, Initial residual = 0.00521843, Final residual = 4.95186e-05, No Iterations 8
time step continuity errors : sum local = 3.30842e-07, global = -1.0466e-07, cumulative = 1.56375e-07
GAMG:  Solving for p, Initial residual = 0.0342765, Final residual = 0.000163212, No Iterations 4
GAMG:  Solving for p, Initial residual = 0.00556092, Final residual = 5.2471e-05, No Iterations 10
GAMG:  Solving for p, Initial residual = 0.00248573, Final residual = 2.25833e-05, No Iterations 8
time step continuity errors : sum local = 1.51529e-07, global = -4.779e-08, cumulative = 1.08585e-07
PIMPLE: iteration 3
DILUPBiCG:  Solving for Ux, Initial residual = 0.00198428, Final residual = 7.70131e-07, No Iterations 2
DILUPBiCG:  Solving for Uy, Initial residual = 0.000327743, Final residual = 6.5157e-06, No Iterations 1
DILUPBiCG:  Solving for Uz, Initial residual = 0.00509738, Final residual = 1.46955e-06, No Iterations 2
GAMG:  Solving for p, Initial residual = 0.0440254, Final residual = 0.000336382, No Iterations 5
GAMG:  Solving for p, Initial residual = 0.0101322, Final residual = 8.98885e-05, No Iterations 13
GAMG:  Solving for p, Initial residual = 0.00462464, Final residual = 4.14992e-05, No Iterations 10
time step continuity errors : sum local = 3.07955e-07, global = -8.07438e-08, cumulative = 2.78409e-08
GAMG:  Solving for p, Initial residual = 0.00317662, Final residual = 3.09731e-05, No Iterations 14
GAMG:  Solving for p, Initial residual = 0.00178048, Final residual = 1.58001e-05, No Iterations 4
GAMG:  Solving for p, Initial residual = 0.000663185, Final residual = 9.84511e-07, No Iterations 38
time step continuity errors : sum local = 7.30004e-09, global = 2.16383e-09, cumulative = 3.00047e-08
DILUPBiCG:  Solving for omega, Initial residual = 0.000754733, Final residual = 1.29041e-06, No Iterations 1
DILUPBiCG:  Solving for k, Initial residual = 0.00478432, Final residual = 1.59545e-06, No Iterations 2
ExecutionTime = 16.69 s  ClockTime = 17 s

Courant Number mean: 0.262411 max: 0.583589
Time = 0.461

GAMG:  Solving for cellDisplacementx, Initial residual = 0, Final residual = 0, No Iterations 0
GAMG:  Solving for cellDisplacementy, Initial residual = 0, Final residual = 0, No Iterations 0
GAMG:  Solving for cellDisplacementz, Initial residual = 0, Final residual = 0, No Iterations 0
PIMPLE: iteration 1
DILUPBiCG:  Solving for Ux, Initial residual = 0.024715, Final residual = 9.95178e-05, No Iterations 1
DILUPBiCG:  Solving for Uy, Initial residual = 0.00391966, Final residual = 9.21882e-06, No Iterations 1
DILUPBiCG:  Solving for Uz, Initial residual = 0.0136603, Final residual = 3.92301e-05, No Iterations 1
GAMG:  Solving for p, Initial residual = 0.136806, Final residual = 0.00121134, No Iterations 8
GAMG:  Solving for p, Initial residual = 0.0161682, Final residual = 0.000155127, No Iterations 18
GAMG:  Solving for p, Initial residual = 0.00647367, Final residual = 6.31974e-05, No Iterations 12
time step continuity errors : sum local = 5.47438e-07, global = 1.64976e-07, cumulative = 1.94981e-07
GAMG:  Solving for p, Initial residual = 0.0550543, Final residual = 0.00043705, No Iterations 6
GAMG:  Solving for p, Initial residual = 0.00804567, Final residual = 7.38298e-05, No Iterations 18
GAMG:  Solving for p, Initial residual = 0.00347593, Final residual = 2.84387e-05, No Iterations 12
time step continuity errors : sum local = 2.44891e-07, global = 7.25417e-08, cumulative = 2.67523e-07
PIMPLE: iteration 2
DILUPBiCG:  Solving for Ux, Initial residual = 0.00781269, Final residual = 3.59679e-05, No Iterations 1
DILUPBiCG:  Solving for Uy, Initial residual = 0.0013042, Final residual = 3.74123e-06, No Iterations 1
DILUPBiCG:  Solving for Uz, Initial residual = 0.00399932, Final residual = 1.32202e-05, No Iterations 1
GAMG:  Solving for p, Initial residual = 0.0563624, Final residual = 0.00040569, No Iterations 4
GAMG:  Solving for p, Initial residual = 0.00897911, Final residual = 8.05877e-05, No Iterations 16
GAMG:  Solving for p, Initial residual = 0.00429314, Final residual = 3.95129e-05, No Iterations 8
time step continuity errors : sum local = 2.87299e-07, global = -1.0463e-07, cumulative = 1.62893e-07
GAMG:  Solving for p, Initial residual = 0.0284143, Final residual = 0.000169117, No Iterations 4
GAMG:  Solving for p, Initial residual = 0.00429664, Final residual = 3.63402e-05, No Iterations 14
GAMG:  Solving for p, Initial residual = 0.0019766, Final residual = 1.71839e-05, No Iterations 8
time step continuity errors : sum local = 1.25635e-07, global = -4.24023e-08, cumulative = 1.20491e-07
PIMPLE: iteration 3
DILUPBiCG:  Solving for Ux, Initial residual = 0.0021544, Final residual = 4.65589e-07, No Iterations 2
DILUPBiCG:  Solving for Uy, Initial residual = 0.000355811, Final residual = 6.83053e-06, No Iterations 1
DILUPBiCG:  Solving for Uz, Initial residual = 0.00545431, Final residual = 1.53329e-06, No Iterations 2
GAMG:  Solving for p, Initial residual = 0.040724, Final residual = 0.000333763, No Iterations 5
GAMG:  Solving for p, Initial residual = 0.00942979, Final residual = 9.37447e-05, No Iterations 13
GAMG:  Solving for p, Initial residual = 0.00437059, Final residual = 3.67045e-05, No Iterations 12
time step continuity errors : sum local = 2.97501e-07, global = -8.70965e-08, cumulative = 3.33941e-08
GAMG:  Solving for p, Initial residual = 0.0029091, Final residual = 2.65937e-05, No Iterations 18
GAMG:  Solving for p, Initial residual = 0.00167628, Final residual = 1.43332e-05, No Iterations 4
GAMG:  Solving for p, Initial residual = 0.00062467, Final residual = 8.9737e-07, No Iterations 38
time step continuity errors : sum local = 7.26466e-09, global = 2.15238e-09, cumulative = 3.55465e-08
DILUPBiCG:  Solving for omega, Initial residual = 0.00070608, Final residual = 1.28106e-06, No Iterations 1
DILUPBiCG:  Solving for k, Initial residual = 0.00481169, Final residual = 1.1767e-06, No Iterations 2
ExecutionTime = 31.81 s  ClockTime = 32 s

End

