/*---------------------------------------------------------------------------*\
| =========                 |                                                 |
| \\      /  F ield         | OpenFOAM: The Open Source CFD Toolbox           |
|  \\    /   O peration     | Version:  2.3.1                                 |
|   \\  /    A nd           | Web:      www.OpenFOAM.org                      |
|    \\/     M anipulation  |                                                 |
\*---------------------------------------------------------------------------*/
Build  : 2.3.1-262087cdf8db
Exec   : pimpleDyMFoam
Date   : Jun 05 2023
Time   : 18:17:37
Host   : "jcosson-VirtualBox"
PID    : 13695
Case   : /home/jcosson/workspace/henersj_shootingdata/calcs/moderate_deformed/primal/56_intervals_05-06-23/sweep10/interval41
nProcs : 1
sigFpe : Enabling floating point exception trapping (FOAM_SIGFPE).
fileModificationChecking : Monitoring run-time modified files using timeStampMaster
allowSystemOperations : Allowing user-supplied system call operations

// * * * * * * * * * * * * * * * * * * * * * * * * * * * * * * * * * * * * * //
Create time

Create mesh for time = 0.471

Selecting dynamicFvMesh dynamicMotionSolverFvMesh
Selecting motion solver: displacementLaplacian
Selecting motion diffusion: quadratic
Selecting motion diffusion: quadratic
Selecting motion diffusion: inverseDistance

PIMPLE: no residual control data found. Calculations will employ 3 corrector loops

Reading field p

Reading field U

Reading/calculating face flux field phi

Selecting incompressible transport model Newtonian
Selecting turbulence model type RASModel
Selecting RAS turbulence model kOmegaSST
kOmegaSSTCoeffs
{
    alphaK1         0.85034;
    alphaK2         1;
    alphaOmega1     0.5;
    alphaOmega2     0.85616;
    gamma1          0.5532;
    gamma2          0.4403;
    beta1           0.075;
    beta2           0.0828;
    betaStar        0.09;
    a1              0.31;
    c1              10;
    Cmu             0.09;
    b1              1;
    F3              false;
}

Reading/calculating face velocity Uf

No finite volume options present

Courant Number mean: 0.211612 max: 0.472571

Starting time loop

Courant Number mean: 0.211612 max: 0.472571
Time = 0.472

GAMG:  Solving for cellDisplacementx, Initial residual = 0, Final residual = 0, No Iterations 0
GAMG:  Solving for cellDisplacementy, Initial residual = 0, Final residual = 0, No Iterations 0
GAMG:  Solving for cellDisplacementz, Initial residual = 0, Final residual = 0, No Iterations 0
PIMPLE: iteration 1
DILUPBiCG:  Solving for Ux, Initial residual = 0.0512484, Final residual = 0.00021102, No Iterations 1
DILUPBiCG:  Solving for Uy, Initial residual = 0.00844675, Final residual = 1.94891e-05, No Iterations 1
DILUPBiCG:  Solving for Uz, Initial residual = 0.0132219, Final residual = 3.11148e-05, No Iterations 1
GAMG:  Solving for p, Initial residual = 0.128674, Final residual = 0.000994804, No Iterations 6
GAMG:  Solving for p, Initial residual = 0.0151664, Final residual = 0.000146766, No Iterations 18
GAMG:  Solving for p, Initial residual = 0.00656402, Final residual = 5.82894e-05, No Iterations 12
time step continuity errors : sum local = 8.47816e-07, global = 2.55158e-07, cumulative = 2.55158e-07
GAMG:  Solving for p, Initial residual = 0.0544744, Final residual = 0.000544512, No Iterations 4
GAMG:  Solving for p, Initial residual = 0.00765771, Final residual = 7.2069e-05, No Iterations 18
GAMG:  Solving for p, Initial residual = 0.00350967, Final residual = 3.50752e-05, No Iterations 10
time step continuity errors : sum local = 5.09858e-07, global = 1.36647e-07, cumulative = 3.91805e-07
PIMPLE: iteration 2
DILUPBiCG:  Solving for Ux, Initial residual = 0.0148944, Final residual = 8.8336e-05, No Iterations 1
DILUPBiCG:  Solving for Uy, Initial residual = 0.00259139, Final residual = 5.97448e-06, No Iterations 1
DILUPBiCG:  Solving for Uz, Initial residual = 0.00353835, Final residual = 1.28084e-05, No Iterations 1
GAMG:  Solving for p, Initial residual = 0.0548036, Final residual = 0.000469375, No Iterations 4
GAMG:  Solving for p, Initial residual = 0.00898798, Final residual = 8.44594e-05, No Iterations 16
GAMG:  Solving for p, Initial residual = 0.00406741, Final residual = 3.99571e-05, No Iterations 8
time step continuity errors : sum local = 4.94713e-07, global = -1.37606e-07, cumulative = 2.54199e-07
GAMG:  Solving for p, Initial residual = 0.0281513, Final residual = 0.000205251, No Iterations 4
GAMG:  Solving for p, Initial residual = 0.00444331, Final residual = 3.88958e-05, No Iterations 14
GAMG:  Solving for p, Initial residual = 0.00190488, Final residual = 1.67909e-05, No Iterations 10
time step continuity errors : sum local = 2.08997e-07, global = -5.42434e-08, cumulative = 1.99956e-07
PIMPLE: iteration 3
DILUPBiCG:  Solving for Ux, Initial residual = 0.00367095, Final residual = 1.8871e-06, No Iterations 2
DILUPBiCG:  Solving for Uy, Initial residual = 0.000643505, Final residual = 6.79329e-06, No Iterations 1
DILUPBiCG:  Solving for Uz, Initial residual = 0.0070566, Final residual = 3.27934e-06, No Iterations 2
GAMG:  Solving for p, Initial residual = 0.0402315, Final residual = 0.000375118, No Iterations 5
GAMG:  Solving for p, Initial residual = 0.00940391, Final residual = 8.44708e-05, No Iterations 9
GAMG:  Solving for p, Initial residual = 0.00438412, Final residual = 3.84941e-05, No Iterations 10
time step continuity errors : sum local = 5.34543e-07, global = -1.37754e-07, cumulative = 6.22021e-08
GAMG:  Solving for p, Initial residual = 0.00250276, Final residual = 2.42941e-05, No Iterations 18
GAMG:  Solving for p, Initial residual = 0.00138275, Final residual = 1.28405e-05, No Iterations 4
GAMG:  Solving for p, Initial residual = 0.0005524, Final residual = 9.51797e-07, No Iterations 36
time step continuity errors : sum local = 1.316e-08, global = 3.86971e-09, cumulative = 6.60718e-08
DILUPBiCG:  Solving for omega, Initial residual = 0.000659156, Final residual = 8.49935e-07, No Iterations 1
DILUPBiCG:  Solving for k, Initial residual = 0.00449239, Final residual = 1.30337e-06, No Iterations 2
ExecutionTime = 17.28 s  ClockTime = 17 s

Courant Number mean: 0.20606 max: 0.460636
Time = 0.473

GAMG:  Solving for cellDisplacementx, Initial residual = 0, Final residual = 0, No Iterations 0
GAMG:  Solving for cellDisplacementy, Initial residual = 0, Final residual = 0, No Iterations 0
GAMG:  Solving for cellDisplacementz, Initial residual = 0, Final residual = 0, No Iterations 0
PIMPLE: iteration 1
DILUPBiCG:  Solving for Ux, Initial residual = 0.0531855, Final residual = 0.000218324, No Iterations 1
DILUPBiCG:  Solving for Uy, Initial residual = 0.00883571, Final residual = 2.02063e-05, No Iterations 1
DILUPBiCG:  Solving for Uz, Initial residual = 0.0130961, Final residual = 3.06615e-05, No Iterations 1
GAMG:  Solving for p, Initial residual = 0.119157, Final residual = 0.000982854, No Iterations 6
GAMG:  Solving for p, Initial residual = 0.0133782, Final residual = 0.000124557, No Iterations 20
GAMG:  Solving for p, Initial residual = 0.006012, Final residual = 5.93751e-05, No Iterations 10
time step continuity errors : sum local = 8.81098e-07, global = 2.32915e-07, cumulative = 2.98987e-07
GAMG:  Solving for p, Initial residual = 0.0505283, Final residual = 0.000333583, No Iterations 6
GAMG:  Solving for p, Initial residual = 0.00676609, Final residual = 6.04499e-05, No Iterations 18
GAMG:  Solving for p, Initial residual = 0.00311901, Final residual = 2.91891e-05, No Iterations 10
time step continuity errors : sum local = 4.33006e-07, global = 1.13944e-07, cumulative = 4.12931e-07
PIMPLE: iteration 2
DILUPBiCG:  Solving for Ux, Initial residual = 0.0153896, Final residual = 9.1675e-05, No Iterations 1
DILUPBiCG:  Solving for Uy, Initial residual = 0.0026942, Final residual = 6.1603e-06, No Iterations 1
DILUPBiCG:  Solving for Uz, Initial residual = 0.00337881, Final residual = 1.25692e-05, No Iterations 1
GAMG:  Solving for p, Initial residual = 0.0503168, Final residual = 0.000476616, No Iterations 4
GAMG:  Solving for p, Initial residual = 0.00800503, Final residual = 7.5148e-05, No Iterations 18
GAMG:  Solving for p, Initial residual = 0.00372485, Final residual = 3.52446e-05, No Iterations 8
time step continuity errors : sum local = 4.45596e-07, global = -1.54395e-07, cumulative = 2.58536e-07
GAMG:  Solving for p, Initial residual = 0.0258551, Final residual = 0.000207177, No Iterations 4
GAMG:  Solving for p, Initial residual = 0.00393179, Final residual = 3.44131e-05, No Iterations 16
GAMG:  Solving for p, Initial residual = 0.00172354, Final residual = 1.65551e-05, No Iterations 8
time step continuity errors : sum local = 2.10563e-07, global = -6.51852e-08, cumulative = 1.93351e-07
PIMPLE: iteration 3
DILUPBiCG:  Solving for Ux, Initial residual = 0.00378206, Final residual = 2.03739e-06, No Iterations 2
DILUPBiCG:  Solving for Uy, Initial residual = 0.000665962, Final residual = 6.67421e-06, No Iterations 1
DILUPBiCG:  Solving for Uz, Initial residual = 0.00773774, Final residual = 3.13705e-06, No Iterations 2
GAMG:  Solving for p, Initial residual = 0.0395388, Final residual = 0.000366364, No Iterations 5
GAMG:  Solving for p, Initial residual = 0.00912744, Final residual = 7.49355e-05, No Iterations 11
GAMG:  Solving for p, Initial residual = 0.00432047, Final residual = 4.21442e-05, No Iterations 8
time step continuity errors : sum local = 5.98304e-07, global = -1.32922e-07, cumulative = 6.04293e-08
GAMG:  Solving for p, Initial residual = 0.00240449, Final residual = 2.34908e-05, No Iterations 18
GAMG:  Solving for p, Initial residual = 0.00133895, Final residual = 1.23541e-05, No Iterations 4
GAMG:  Solving for p, Initial residual = 0.000538637, Final residual = 9.97754e-07, No Iterations 34
time step continuity errors : sum local = 1.41037e-08, global = 4.14125e-09, cumulative = 6.45706e-08
DILUPBiCG:  Solving for omega, Initial residual = 0.000685932, Final residual = 8.11031e-07, No Iterations 1
DILUPBiCG:  Solving for k, Initial residual = 0.00443764, Final residual = 1.26957e-06, No Iterations 2
ExecutionTime = 31.64 s  ClockTime = 31 s

End

