/*---------------------------------------------------------------------------*\
| =========                 |                                                 |
| \\      /  F ield         | OpenFOAM: The Open Source CFD Toolbox           |
|  \\    /   O peration     | Version:  2.3.1                                 |
|   \\  /    A nd           | Web:      www.OpenFOAM.org                      |
|    \\/     M anipulation  |                                                 |
\*---------------------------------------------------------------------------*/
Build  : 2.3.1-262087cdf8db
Exec   : pimpleDyMFoam
Date   : Jun 05 2023
Time   : 18:16:47
Host   : "jcosson-VirtualBox"
PID    : 13638
Case   : /home/jcosson/workspace/henersj_shootingdata/calcs/moderate_deformed/primal/56_intervals_05-06-23/sweep10/interval12
nProcs : 1
sigFpe : Enabling floating point exception trapping (FOAM_SIGFPE).
fileModificationChecking : Monitoring run-time modified files using timeStampMaster
allowSystemOperations : Allowing user-supplied system call operations

// * * * * * * * * * * * * * * * * * * * * * * * * * * * * * * * * * * * * * //
Create time

Create mesh for time = 0.42

Selecting dynamicFvMesh dynamicMotionSolverFvMesh
Selecting motion solver: displacementLaplacian
Selecting motion diffusion: quadratic
Selecting motion diffusion: quadratic
Selecting motion diffusion: inverseDistance

PIMPLE: no residual control data found. Calculations will employ 3 corrector loops

Reading field p

Reading field U

Reading/calculating face flux field phi

Selecting incompressible transport model Newtonian
Selecting turbulence model type RASModel
Selecting RAS turbulence model kOmegaSST
kOmegaSSTCoeffs
{
    alphaK1         0.85034;
    alphaK2         1;
    alphaOmega1     0.5;
    alphaOmega2     0.85616;
    gamma1          0.5532;
    gamma2          0.4403;
    beta1           0.075;
    beta2           0.0828;
    betaStar        0.09;
    a1              0.31;
    c1              10;
    Cmu             0.09;
    b1              1;
    F3              false;
}

Reading/calculating face velocity Uf

No finite volume options present

Courant Number mean: 0.159372 max: 0.34187

Starting time loop

Courant Number mean: 0.159372 max: 0.34187
Time = 0.421

GAMG:  Solving for cellDisplacementx, Initial residual = 0, Final residual = 0, No Iterations 0
GAMG:  Solving for cellDisplacementy, Initial residual = 0, Final residual = 0, No Iterations 0
GAMG:  Solving for cellDisplacementz, Initial residual = 0, Final residual = 0, No Iterations 0
PIMPLE: iteration 1
DILUPBiCG:  Solving for Ux, Initial residual = 0.0632064, Final residual = 0.000220689, No Iterations 1
DILUPBiCG:  Solving for Uy, Initial residual = 0.0111488, Final residual = 2.15286e-05, No Iterations 1
DILUPBiCG:  Solving for Uz, Initial residual = 0.0245641, Final residual = 3.0542e-05, No Iterations 1
GAMG:  Solving for p, Initial residual = 0.133767, Final residual = 0.000970792, No Iterations 6
GAMG:  Solving for p, Initial residual = 0.0164747, Final residual = 0.000151649, No Iterations 18
GAMG:  Solving for p, Initial residual = 0.0072544, Final residual = 7.13795e-05, No Iterations 4
time step continuity errors : sum local = 1.03898e-06, global = -3.46028e-07, cumulative = -3.46028e-07
GAMG:  Solving for p, Initial residual = 0.0568473, Final residual = 0.000565807, No Iterations 4
GAMG:  Solving for p, Initial residual = 0.00824177, Final residual = 7.85301e-05, No Iterations 18
GAMG:  Solving for p, Initial residual = 0.00380624, Final residual = 3.77796e-05, No Iterations 4
time step continuity errors : sum local = 5.51882e-07, global = -1.89918e-07, cumulative = -5.35946e-07
PIMPLE: iteration 2
DILUPBiCG:  Solving for Ux, Initial residual = 0.0176812, Final residual = 9.14695e-05, No Iterations 1
DILUPBiCG:  Solving for Uy, Initial residual = 0.00304447, Final residual = 7.21182e-06, No Iterations 1
DILUPBiCG:  Solving for Uz, Initial residual = 0.00394245, Final residual = 1.69668e-05, No Iterations 1
GAMG:  Solving for p, Initial residual = 0.057712, Final residual = 0.000422736, No Iterations 4
GAMG:  Solving for p, Initial residual = 0.00949669, Final residual = 9.24959e-05, No Iterations 14
GAMG:  Solving for p, Initial residual = 0.00449184, Final residual = 3.97867e-05, No Iterations 8
time step continuity errors : sum local = 4.98467e-07, global = 1.60041e-07, cumulative = -3.75905e-07
GAMG:  Solving for p, Initial residual = 0.0295153, Final residual = 0.000188258, No Iterations 4
GAMG:  Solving for p, Initial residual = 0.00479031, Final residual = 4.66538e-05, No Iterations 12
GAMG:  Solving for p, Initial residual = 0.00219051, Final residual = 2.1473e-05, No Iterations 6
time step continuity errors : sum local = 2.70137e-07, global = 8.81555e-08, cumulative = -2.87749e-07
PIMPLE: iteration 3
DILUPBiCG:  Solving for Ux, Initial residual = 0.0043969, Final residual = 1.54768e-06, No Iterations 2
DILUPBiCG:  Solving for Uy, Initial residual = 0.000769252, Final residual = 7.4797e-06, No Iterations 1
DILUPBiCG:  Solving for Uz, Initial residual = 0.00895067, Final residual = 2.70603e-06, No Iterations 2
GAMG:  Solving for p, Initial residual = 0.039532, Final residual = 0.000321351, No Iterations 5
GAMG:  Solving for p, Initial residual = 0.00873248, Final residual = 7.83948e-05, No Iterations 11
GAMG:  Solving for p, Initial residual = 0.00415157, Final residual = 3.44848e-05, No Iterations 10
time step continuity errors : sum local = 4.86251e-07, global = 1.24882e-07, cumulative = -1.62867e-07
GAMG:  Solving for p, Initial residual = 0.00221363, Final residual = 2.0158e-05, No Iterations 16
GAMG:  Solving for p, Initial residual = 0.00122467, Final residual = 1.00484e-05, No Iterations 4
GAMG:  Solving for p, Initial residual = 0.000489492, Final residual = 9.93717e-07, No Iterations 22
time step continuity errors : sum local = 1.39258e-08, global = -3.89257e-09, cumulative = -1.6676e-07
DILUPBiCG:  Solving for omega, Initial residual = 0.000711754, Final residual = 7.01911e-07, No Iterations 1
DILUPBiCG:  Solving for k, Initial residual = 0.00418445, Final residual = 1.24129e-06, No Iterations 2
ExecutionTime = 16.71 s  ClockTime = 17 s

End

