/*---------------------------------------------------------------------------*\
| =========                 |                                                 |
| \\      /  F ield         | OpenFOAM: The Open Source CFD Toolbox           |
|  \\    /   O peration     | Version:  2.3.1                                 |
|   \\  /    A nd           | Web:      www.OpenFOAM.org                      |
|    \\/     M anipulation  |                                                 |
\*---------------------------------------------------------------------------*/
Build  : 2.3.1-262087cdf8db
Exec   : pimpleDyMFoam
Date   : Jun 06 2023
Time   : 02:58:11
Host   : "jcosson-VirtualBox"
PID    : 14717
Case   : /home/jcosson/workspace/henersj_shootingdata/calcs/moderate_deformed/primal/100_intervals_05-06-23/sweep83/interval98
nProcs : 1
sigFpe : Enabling floating point exception trapping (FOAM_SIGFPE).
fileModificationChecking : Monitoring run-time modified files using timeStampMaster
allowSystemOperations : Allowing user-supplied system call operations

// * * * * * * * * * * * * * * * * * * * * * * * * * * * * * * * * * * * * * //
Create time

Create mesh for time = 0.497

Selecting dynamicFvMesh dynamicMotionSolverFvMesh
Selecting motion solver: displacementLaplacian
Selecting motion diffusion: quadratic
Selecting motion diffusion: quadratic
Selecting motion diffusion: inverseDistance

PIMPLE: no residual control data found. Calculations will employ 3 corrector loops

Reading field p

Reading field U

Reading/calculating face flux field phi

Selecting incompressible transport model Newtonian
Selecting turbulence model type RASModel
Selecting RAS turbulence model kOmegaSST
bounding k, min: 0 max: 0.000514813 average: 0.000143549
kOmegaSSTCoeffs
{
    alphaK1         0.85034;
    alphaK2         1;
    alphaOmega1     0.5;
    alphaOmega2     0.85616;
    gamma1          0.5532;
    gamma2          0.4403;
    beta1           0.075;
    beta2           0.0828;
    betaStar        0.09;
    a1              0.31;
    c1              10;
    Cmu             0.09;
    b1              1;
    F3              false;
}

Reading/calculating face velocity Uf

No finite volume options present

Courant Number mean: 0.0999433 max: 0.216239

Starting time loop

Courant Number mean: 0.0999433 max: 0.216239
Time = 0.498

GAMG:  Solving for cellDisplacementx, Initial residual = 0, Final residual = 0, No Iterations 0
GAMG:  Solving for cellDisplacementy, Initial residual = 0, Final residual = 0, No Iterations 0
GAMG:  Solving for cellDisplacementz, Initial residual = 0, Final residual = 0, No Iterations 0
PIMPLE: iteration 1
DILUPBiCG:  Solving for Ux, Initial residual = 0.0203598, Final residual = 8.11277e-05, No Iterations 1
DILUPBiCG:  Solving for Uy, Initial residual = 0.00446084, Final residual = 9.03008e-06, No Iterations 1
DILUPBiCG:  Solving for Uz, Initial residual = 0.00876325, Final residual = 1.72721e-05, No Iterations 1
GAMG:  Solving for p, Initial residual = 0.0954915, Final residual = 0.000901935, No Iterations 3
GAMG:  Solving for p, Initial residual = 0.0137908, Final residual = 7.21597e-05, No Iterations 5
GAMG:  Solving for p, Initial residual = 0.00634523, Final residual = 5.0205e-05, No Iterations 4
time step continuity errors : sum local = 2.01838e-07, global = -4.00117e-08, cumulative = -4.00117e-08
GAMG:  Solving for p, Initial residual = 0.0472021, Final residual = 0.000455572, No Iterations 3
GAMG:  Solving for p, Initial residual = 0.0069832, Final residual = 3.27748e-05, No Iterations 5
GAMG:  Solving for p, Initial residual = 0.00315039, Final residual = 2.36262e-05, No Iterations 4
time step continuity errors : sum local = 9.49806e-08, global = -1.7787e-08, cumulative = -5.77987e-08
PIMPLE: iteration 2
DILUPBiCG:  Solving for Ux, Initial residual = 0.00453611, Final residual = 3.01132e-05, No Iterations 1
DILUPBiCG:  Solving for Uy, Initial residual = 0.0010139, Final residual = 2.19e-06, No Iterations 1
DILUPBiCG:  Solving for Uz, Initial residual = 0.00307342, Final residual = 1.56268e-06, No Iterations 2
GAMG:  Solving for p, Initial residual = 0.0445214, Final residual = 0.000391432, No Iterations 6
GAMG:  Solving for p, Initial residual = 0.0218074, Final residual = 0.000188547, No Iterations 7
GAMG:  Solving for p, Initial residual = 0.00477986, Final residual = 4.18101e-05, No Iterations 19
time step continuity errors : sum local = 1.46337e-07, global = -4.11784e-08, cumulative = -9.89771e-08
GAMG:  Solving for p, Initial residual = 0.0236632, Final residual = 0.000181956, No Iterations 6
GAMG:  Solving for p, Initial residual = 0.010893, Final residual = 9.61104e-05, No Iterations 6
GAMG:  Solving for p, Initial residual = 0.00221181, Final residual = 2.13454e-05, No Iterations 18
time step continuity errors : sum local = 7.46371e-08, global = -2.10025e-08, cumulative = -1.1998e-07
PIMPLE: iteration 3
DILUPBiCG:  Solving for Ux, Initial residual = 0.000572228, Final residual = 7.87244e-06, No Iterations 1
DILUPBiCG:  Solving for Uy, Initial residual = 0.00014865, Final residual = 1.74135e-06, No Iterations 1
DILUPBiCG:  Solving for Uz, Initial residual = 0.00186997, Final residual = 1.05318e-06, No Iterations 2
GAMG:  Solving for p, Initial residual = 0.0699079, Final residual = 0.000448394, No Iterations 5
GAMG:  Solving for p, Initial residual = 0.0132534, Final residual = 0.000123244, No Iterations 16
GAMG:  Solving for p, Initial residual = 0.00901445, Final residual = 7.59501e-05, No Iterations 8
time step continuity errors : sum local = 2.87101e-07, global = -7.07472e-08, cumulative = -1.90727e-07
GAMG:  Solving for p, Initial residual = 0.00305593, Final residual = 2.32904e-05, No Iterations 8
GAMG:  Solving for p, Initial residual = 0.00164773, Final residual = 1.57197e-05, No Iterations 4
GAMG:  Solving for p, Initial residual = 0.000570241, Final residual = 9.50382e-07, No Iterations 31
time step continuity errors : sum local = 3.54088e-09, global = 1.07024e-09, cumulative = -1.89656e-07
DILUPBiCG:  Solving for omega, Initial residual = 0.00128388, Final residual = 6.63932e-07, No Iterations 1
DILUPBiCG:  Solving for k, Initial residual = 0.00303225, Final residual = 7.31358e-07, No Iterations 2
bounding k, min: 0 max: 0.00050897 average: 0.000142935
ExecutionTime = 5.36 s  ClockTime = 6 s

End

